core file size          (blocks, -c) unlimited
data seg size           (kbytes, -d) unlimited
scheduling priority             (-e) 0
file size               (blocks, -f) unlimited
pending signals                 (-i) 4077086
max locked memory       (kbytes, -l) 64
max memory size         (kbytes, -m) 66060288
open files                      (-n) 4096
pipe size            (512 bytes, -p) 8
POSIX message queues     (bytes, -q) 819200
real-time priority              (-r) 0
stack size              (kbytes, -s) 8192
cpu time               (seconds, -t) unlimited
max user processes              (-u) 4077086
virtual memory          (kbytes, -v) 63000000
file locks                      (-x) unlimited
Options for the verification:
  Generating some trace
  Search order is random depth first
  Using conservative space optimisation
  Seed is 1556912990
  State space representation uses minimal constraint systems
  Using HashMap + Compress integers for discrete state storage

Verifying formula 1 at ../queries/SN_100_170_2.q:1
 -- Formula is satisfied.
(9000 runs)
Learning statistics for best strategy: 
	Number of resets: 0
	Number of iterations in last reset: 13
	Number of iterations in total: 13

 -- States explored : 0 states
 -- CPU user time used : 336830 ms
 -- Virtual memory used : 1984792 KiB
 -- Resident memory used : 1946304 KiB

Verifying formula 2 at ../queries/SN_100_170_2.q:2
 -- Formula is satisfied.
Composer.Done:
[0]: (0,0) (365.3822023391155,1)
[1]: (365.0417848617337,1)
[2]: (365.0736663433164,1)
[3]: (367.2825112844856,1)
[4]: (365.2936296681044,1)
[5]: (365.7082264165681,1)
[6]: (368.0219471211948,1)
[7]: (366.0697791315736,1)
[8]: (365.4729235476536,1)
[9]: (367.3054548503221,1)
[10]: (365.8270777488449,1)
[11]: (365.2449943799318,1)
[12]: (365.0798717611836,1)
[13]: (372.5046177005908,1)
[14]: (366.0804574796834,1)
[15]: (375.096760943495,1)
[16]: (366.6154679548459,1)
[17]: (367.3932321044765,1)
[18]: (365.0939045613376,1)
[19]: (375.303654899704,1)
[20]: (365.4861730268902,1)
[21]: (366.0635895993826,1)
[22]: (365.145161242409,1)
[23]: (365.0327148873141,1)
[24]: (365.016649774441,1)
[25]: (367.4324347392075,1)
[26]: (381.000865829431,1)
[27]: (365.2600470666991,1)
[28]: (378.4087834534437,1)
[29]: (365.2800908234517,1)
[30]: (365.2201315227671,1)
[31]: (365.4243733254992,1)
[32]: (365.6034096961889,1)
[33]: (365.1547931494949,1)
[34]: (366.2734599553649,1)
[35]: (366.0665283190251,1)
[36]: (366.1845637194222,1)
[37]: (365.2646527781898,1)
[38]: (365.2730208388706,1)
[39]: (365.5269247154395,1)
[40]: (365.0172977806843,1)
[41]: (366.2021282350734,1)
[42]: (365.7320754843399,1)
[43]: (365.155605499577,1)
[44]: (367.2592774837758,1)
[45]: (376.3077240879661,1)
[46]: (378.3925574095744,1)
[47]: (367.8223372178697,1)
[48]: (374.4759710822198,1)
[49]: (367.6582636306709,1)
[50]: (365.2276534250731,1)
[51]: (367.4982043563851,1)
[52]: (365.4315972181986,1)
[53]: (365.7901065717782,1)
[54]: (367.1330424390994,1)
[55]: (369.0456819899495,1)
[56]: (365.028293311519,1)
[57]: (376.1040589513925,1)
[58]: (365.7047725831872,1)
[59]: (368.0682952172444,1)
[60]: (365.1326747075287,1)
[61]: (365.6778964115856,1)
[62]: (365.0972511710071,1)
[63]: (365.4216134548718,1)
[64]: (365.1110313669717,1)
[65]: (365.3001564074967,1)
[66]: (365.1431896858014,1)
[67]: (365.0194809935576,1)
[68]: (365.2201999759218,1)
[69]: (366.0347042189052,1)
[70]: (365.2053842599864,1)
[71]: (366.2067566897348,1)
[72]: (365.0014126018712,1)
[73]: (365.5968291452398,1)
[74]: (375.4002207639544,1)
[75]: (365.216341390712,1)
[76]: (365.2754267008485,1)
[77]: (365.0659502354867,1)
[78]: (373.0958709522175,1)
[79]: (365.1038221196,1)
[80]: (367.116074882485,1)
[81]: (365.1550138436256,1)
[82]: (365.092841210206,1)
[83]: (365.4678553240539,1)
[84]: (365.2827201718809,1)
[85]: (368.0935711819748,1)
[86]: (365.3198120733507,1)
[87]: (367.2835061807915,1)
[88]: (365.6607363629468,1)
[89]: (368.4454875219366,1)
[90]: (365.4119631380985,1)
[91]: (365.9098496527513,1)
[92]: (365.2801989642421,1)
[93]: (375.3989319672346,1)
[94]: (366.1571175304474,1)
[95]: (366.0508516542882,1)
[96]: (365.2313571390185,1)
[97]: (365.1020048275007,1)
[98]: (366.254591644947,1)
[99]: (365.5219617063757,1)
[100]: (365.2886910795826,1)
[101]: (369.2996706151925,1)
[102]: (367.1423379997609,1)
[103]: (370.5888442425181,1)
[104]: (365.1049575762661,1)
[105]: (365.2074970930487,1)
[106]: (365.0884875196244,1)
[107]: (365.2171595993474,1)
[108]: (365.1532493079249,1)
[109]: (365.1818373117029,1)
[110]: (365.4830577971184,1)
[111]: (365.2797855854791,1)
[112]: (367.1174500780445,1)
[113]: (366.1957454302714,1)
[114]: (366.792769129695,1)
[115]: (365.1119108183209,1)
[116]: (365.1899455001767,1)
[117]: (366.0342514928246,1)
[118]: (365.0567854576141,1)
[119]: (365.1265128460888,1)
[120]: (374.6044655184932,1)
[121]: (365.3001778258499,1)
[122]: (365.1251708122918,1)
[123]: (365.113401521543,1)
[124]: (365.2872863572974,1)
[125]: (365.0467575039688,1)
[126]: (365.1299856283324,1)
[127]: (366.3861835718559,1)
[128]: (368.0055114460432,1)
[129]: (374.0726405271431,1)
[130]: (372.0475867475419,1)
[131]: (365.1751891416301,1)
[132]: (365.056905143708,1)
[133]: (376.95036286531,1)
[134]: (365.0414429705717,1)
[135]: (373.5035366846518,1)
[136]: (367.002477408615,1)
[137]: (365.2099720146672,1)
[138]: (365.5678557839696,1)
[139]: (365.0328422597004,1)
[140]: (366.5985945640829,1)
[141]: (368.2795751776561,1)
[142]: (365.4605165791318,1)
[143]: (367.5215949397156,1)
[144]: (374.1383526132387,1)
[145]: (365.277978814832,1)
[146]: (365.5760479614117,1)
[147]: (368.2472177518167,1)
[148]: (368.5938891967204,1)
[149]: (365.9253102973889,1)
[150]: (365.334219557737,1)
[151]: (367.0171889141969,1)
[152]: (367.4143035467936,1)
[153]: (373.3023459126798,1)
[154]: (365.0595085176434,1)
[155]: (365.1444583247476,1)
[156]: (365.372790518915,1)
[157]: (365.124702977067,1)
[158]: (365.3119578391144,1)
[159]: (365.0138065476443,1)
[160]: (366.1983189492926,1)
[161]: (365.1311515803113,1)
[162]: (365.4995149402743,1)
[163]: (367.2286362368131,1)
[164]: (367.1368490698035,1)
[165]: (365.0441163920436,1)
[166]: (365.0306893480267,1)
[167]: (365.5673136476159,1)
[168]: (365.1043996560898,1)
[169]: (365.383207143086,1)
[170]: (367.3874090902168,1)
[171]: (365.0203127494527,1)
[172]: (365.0766552858664,1)
[173]: (365.4817586529848,1)
[174]: (365.4675748139495,1)
[175]: (365.3687472006416,1)
[176]: (365.2162532683085,1)
[177]: (365.0855905221651,1)
[178]: (365.1871216945639,1)
[179]: (365.2028264892844,1)
[180]: (365.6893112463432,1)
[181]: (366.5678351470331,1)
[182]: (367.0428317483023,1)
[183]: (365.0702723528213,1)
[184]: (365.2441383712113,1)
[185]: (365.1134116829301,1)
[186]: (369.1356772535214,1)
[187]: (368.00581925451,1)
[188]: (365.1432542564114,1)
[189]: (365.1166074290512,1)
[190]: (366.1017297537256,1)
[191]: (366.1473244787292,1)
[192]: (365.8208398966937,1)
[193]: (365.3688676938044,1)
[194]: (372.0059436169051,1)
[195]: (365.8663391065839,1)
[196]: (366.0664259153529,1)
[197]: (365.7986747411665,1)
[198]: (367.2805250423314,1)
[199]: (365.0443416973263,1)
[200]: (366.1047617072227,1)
[201]: (366.1360821843434,1)
[202]: (365.3891022123145,1)
[203]: (366.5306263554768,1)
[204]: (367.6940711498802,1)
[205]: (366.3299214858118,1)
[206]: (365.0927068600689,1)
[207]: (365.1666572338156,1)
[208]: (365.1077628689183,1)
[209]: (375.3382198723465,1)
[210]: (365.3261069825441,1)
[211]: (365.3578020029963,1)
[212]: (365.1869918523618,1)
[213]: (365.2120745342277,1)
[214]: (370.2759988647916,1)
[215]: (365.327689116149,1)
[216]: (365.1394796737163,1)
[217]: (365.3557949826512,1)
[218]: (365.0091087420079,1)
[219]: (365.0148374985898,1)
[220]: (365.4822097578053,1)
[221]: (366.0796148050459,1)
[222]: (365.1205347020176,1)
[223]: (366.2845012244388,1)
[224]: (365.4970438977962,1)
[225]: (365.7386814979457,1)
[226]: (365.4718591514237,1)
[227]: (374.1007024291899,1)
[228]: (365.0633148066754,1)
[229]: (365.1232360185479,1)
[230]: (367.0698453226134,1)
[231]: (375.3526808190243,1)
[232]: (366.516906379886,1)
[233]: (365.0166023040251,1)
[234]: (365.2072504209612,1)
[235]: (365.3581685514927,1)
[236]: (365.0489602026685,1)
[237]: (365.0705040680603,1)
[238]: (365.0711653807038,1)
[239]: (365.1605415918392,1)
[240]: (365.2891396068943,1)
[241]: (366.0293308774349,1)
[242]: (365.092373428806,1)
[243]: (365.1817883476311,1)
[244]: (365.0788571823279,1)
[245]: (365.1142653876996,1)
[246]: (365.4307084538235,1)
[247]: (366.8076125076108,1)
[248]: (368.0246141027318,1)
[249]: (365.0393103782401,1)
[250]: (365.2839492557835,1)
[251]: (366.1373099294207,1)
[252]: (365.0017517422968,1)
[253]: (367.4856728667236,1)
[254]: (365.6643886566473,1)
[255]: (367.2254465709226,1)
[256]: (365.1519562115239,1)
[257]: (366.2099937273441,1)
[258]: (365.4219677554089,1)
[259]: (367.6748961739264,1)
[260]: (365.2134274424201,1)
[261]: (367.234224890607,1)
[262]: (365.2151872450228,1)
[263]: (365.0296473797141,1)
[264]: (375.1099110137207,1)
[265]: (365.1667972095516,1)
[266]: (366.798379698678,1)
[267]: (365.5093681021033,1)
[268]: (377.1686073696748,1)
[269]: (365.1373349139085,1)
[270]: (365.3427306582519,1)
[271]: (367.2632238037575,1)
[272]: (367.0088336047174,1)
[273]: (365.4024042896629,1)
[274]: (370.0351711820698,1)
[275]: (365.6290128629707,1)
[276]: (365.2814281345363,1)
[277]: (367.1865467438234,1)
[278]: (365.408968715489,1)
[279]: (365.2057257381496,1)
[280]: (366.0950193592693,1)
[281]: (366.2013427085261,1)
[282]: (365.2207511268132,1)
[283]: (370.3140431487688,1)
[284]: (369.5050520654879,1)
[285]: (365.0835590057487,1)
[286]: (376.0127956203547,1)
[287]: (365.2936478743196,1)
[288]: (368.614408896408,1)
[289]: (365.2699909237309,1)
[290]: (365.4786424829545,1)
[291]: (365.0617584411512,1)
[292]: (365.0432380144337,1)
[293]: (366.1569190219222,1)
[294]: (365.4930082075912,1)
[295]: (365.6851636371408,1)
[296]: (366.01584607774,1)
[297]: (365.2081065593061,1)
[298]: (369.0140809790933,1)
[299]: (365.276436361818,1)
[300]: (367.3382972443959,1)
[301]: (365.155140767593,1)
[302]: (366.0589059643942,1)
[303]: (365.0736125505295,1)
[304]: (365.5393187846056,1)
[305]: (366.0404995607222,1)
[306]: (365.0919877700212,1)
[307]: (365.0826765920752,1)
[308]: (365.0796568299003,1)
[309]: (365.3758379511452,1)
[310]: (368.0772887457588,1)
[311]: (365.750342525954,1)
[312]: (365.0928378827589,1)
[313]: (365.3834140114993,1)
[314]: (365.300538723547,1)
[315]: (365.2218170537508,1)
[316]: (365.1360526860425,1)
[317]: (365.0373353944914,1)
[318]: (365.0416747320756,1)
[319]: (365.1946382947809,1)
[320]: (365.0890125450985,1)
[321]: (368.2184836838395,1)
[322]: (365.2156117526537,1)
[323]: (368.1846152538831,1)
[324]: (365.4422931234878,1)
[325]: (365.4492005511969,1)
[326]: (365.3139174653305,1)
[327]: (369.5135889318989,1)
[328]: (366.2698084154346,1)
[329]: (365.5118939005559,1)
[330]: (367.1302418500682,1)
[331]: (367.0392146678514,1)
[332]: (377.1689239700735,1)
[333]: (365.4441969248757,1)
[334]: (366.4800228070543,1)
[335]: (365.006197602612,1)
[336]: (373.1897964788349,1)
[337]: (372.0939864917972,1)
[338]: (367.0748920226594,1)
[339]: (365.0825541144119,1)
[340]: (365.0465691155884,1)
[341]: (366.0684900088641,1)
[342]: (367.0810791117785,1)
[343]: (366.9289099293795,1)
[344]: (365.0081869943326,1)
[345]: (365.1506986696666,1)
[346]: (365.4427150701178,1)
[347]: (367.3150723386589,1)
[348]: (365.0522427556938,1)
[349]: (365.4341019946932,1)
[350]: (365.6323395757824,1)
[351]: (365.0063790931138,1)
[352]: (365.2678168789897,1)
[353]: (365.7846982059697,1)
[354]: (365.0072931969544,1)
[355]: (365.1330245797678,1)
[356]: (365.8655556479544,1)
[357]: (365.6973976187951,1)
[358]: (366.0713198796175,1)
[359]: (365.2785040674481,1)
[360]: (365.129938314576,1)
[361]: (365.1344299364374,1)
[362]: (365.4205986146736,1)
[363]: (365.1507628056503,1)
[364]: (367.8762421143524,1)
[365]: (370.5210032052373,1)
[366]: (365.3591648843401,1)
[367]: (365.1007340113841,1)
[368]: (365.8950562323015,1)
[369]: (366.8549503341503,1)
[370]: (365.0717540348091,1)
[371]: (365.30536379337,1)
[372]: (365.1987493423318,1)
[373]: (366.3986024846321,1)
[374]: (365.4901089780283,1)
[375]: (366.0783380007235,1)
[376]: (365.0915556578159,1)
[377]: (365.135141331323,1)
[378]: (365.1250732185116,1)
[379]: (365.0101392146634,1)
[380]: (365.6521155359105,1)
[381]: (365.0272113370839,1)
[382]: (365.5643762104295,1)
[383]: (366.070259925385,1)
[384]: (365.0216438814815,1)
[385]: (365.4165189906036,1)
[386]: (365.3349356887283,1)
[387]: (365.7787694597515,1)
[388]: (365.2294746427044,1)
[389]: (366.5087060289096,1)
[390]: (366.0555314187926,1)
[391]: (365.1989179358674,1)
[392]: (365.2057047136709,1)
[393]: (365.1583586022382,1)
[394]: (366.3231245866662,1)
[395]: (365.1787667597745,1)
[396]: (365.3123373779172,1)
[397]: (365.3556468329115,1)
[398]: (370.1390477784356,1)
[399]: (366.4907205746343,1)
[400]: (367.368078437052,1)
[401]: (365.5046541540401,1)
[402]: (365.0795906662448,1)
[403]: (367.0286188209361,1)
[404]: (365.0390461748568,1)
[405]: (365.1431786433514,1)
[406]: (366.1348509659258,1)
[407]: (366.0841576369116,1)
[408]: (366.0774894943675,1)
[409]: (366.547989286412,1)
[410]: (365.5371170012652,1)
[411]: (365.9062749172059,1)
[412]: (365.4686121420389,1)
[413]: (366.0436212806386,1)
[414]: (365.0000592870393,1)
[415]: (366.4327022735939,1)
[416]: (365.4968069822899,1)
[417]: (365.0689525719063,1)
[418]: (365.1940430081519,1)
[419]: (365.1506679640202,1)
[420]: (365.0731087168456,1)
[421]: (365.1546874730262,1)
[422]: (367.1954414142411,1)
[423]: (365.6018633627592,1)
[424]: (365.7543168784702,1)
[425]: (365.1418170386594,1)
[426]: (366.2789141144009,1)
[427]: (366.9234766796653,1)
[428]: (365.1250620124221,1)
[429]: (365.6980374918118,1)
[430]: (365.0731803131588,1)
[431]: (366.2122070733828,1)
[432]: (365.0477088379988,1)
[433]: (367.0917435384927,1)
[434]: (365.2099772358334,1)
[435]: (375.3712017540877,1)
[436]: (367.0081874704475,1)
[437]: (367.2194562139916,1)
[438]: (365.018900245998,1)
[439]: (365.0276886352633,1)
[440]: (367.1563419541733,1)
[441]: (367.9825308203714,1)
[442]: (367.2655875833128,1)
[443]: (369.2003067016426,1)
[444]: (365.4360075656126,1)
[445]: (365.0059412302599,1)
[446]: (366.414760447609,1)
[447]: (365.2598373387871,1)
[448]: (366.751233106852,1)
[449]: (366.108024611285,1)
[450]: (365.0259595892034,1)
[451]: (365.3473182387465,1)
[452]: (368.4722829297125,1)
[453]: (365.5156362305355,1)
[454]: (365.7395341429948,1)
[455]: (365.5205973619155,1)
[456]: (365.6394868849533,1)
[457]: (365.0438287200367,1)
[458]: (365.3651621768586,1)
[459]: (365.7610113515585,1)
[460]: (365.2039397155535,1)
[461]: (368.3388194990184,1)
[462]: (365.0370715058654,1)
[463]: (365.0752189322894,1)
[464]: (365.5310736616541,1)
[465]: (370.0809998368504,1)
[466]: (365.6441956923967,1)
[467]: (365.0455821669725,1)
[468]: (368.965529851884,1)
[469]: (365.0975760858582,1)
[470]: (365.0180196221787,1)
[471]: (365.0728646149042,1)
[472]: (377.1988037519428,1)
[473]: (365.0280565337293,1)
[474]: (366.4935855965026,1)
[475]: (367.207371541348,1)
[476]: (365.0057149603526,1)
[477]: (365.1522931132795,1)
[478]: (365.0145727631693,1)
[479]: (365.0580485108646,1)
[480]: (365.3435847080461,1)
[481]: (372.2177717712939,1)
[482]: (365.1413920054805,1)
[483]: (370.2408616311094,1)
[484]: (365.1457368056848,1)
[485]: (365.1648244001842,1)
[486]: (371.2844853147,1)
[487]: (365.3201941148567,1)
[488]: (365.0033785132416,1)
[489]: (368.3331101773399,1)
[490]: (365.000558194805,1)
[491]: (365.1262602566507,1)
[492]: (366.005621876688,1)
[493]: (365.4343078773682,1)
[494]: (365.1022369455439,1)
[495]: (365.6785242428627,1)
[496]: (366.0036538076859,1)
[497]: (371.1101512832145,1)
[498]: (373.0784920093031,1)
[499]: (365.0751282478867,1)
[500]: (367.3403424944564,1)
[501]: (366.2584736715958,1)
[502]: (367.0614107837443,1)
[503]: (366.2304896973393,1)
[504]: (365.3218939504322,1)
[505]: (373.1836040978901,1)
[506]: (365.0655404741828,1)
[507]: (381.192891357534,1)
[508]: (365.6785908910965,1)
[509]: (375.1753684953001,1)
[510]: (366.1749838667188,1)
[511]: (367.0479127335987,1)
[512]: (365.254850956403,1)
[513]: (365.5073445222633,1)
[514]: (365.556447873457,1)
[515]: (366.0820828147544,1)
[516]: (365.5658448561258,1)
[517]: (365.5067338601874,1)
[518]: (365.2265324187295,1)
[519]: (370.0442575952466,1)
[520]: (365.0534628970705,1)
[521]: (369.3219396179663,1)
[522]: (365.0056250857558,1)
[523]: (365.1771040218795,1)
[524]: (365.2867325107733,1)
[525]: (365.7678647218852,1)
[526]: (365.0017444347155,1)
[527]: (365.1895788852858,1)
[528]: (368.1985517756619,1)
[529]: (365.2214743159998,1)
[530]: (365.1339494878812,1)
[531]: (365.356839968748,1)
[532]: (365.9849258481092,1)
[533]: (370.284078817904,1)
[534]: (365.6542159780307,1)
[535]: (365.107246397879,1)
[536]: (365.1208074585759,1)
[537]: (367.3246398595298,1)
[538]: (367.3527519124412,1)
[539]: (368.6263568873973,1)
[540]: (366.6259074577948,1)
[541]: (365.1840137269631,1)
[542]: (365.28923974693,1)
[543]: (367.145060201351,1)
[544]: (367.0398833859724,1)
[545]: (365.4479486351383,1)
[546]: (376.4437311949999,1)
[547]: (365.0324868796041,1)
[548]: (373.3428597602908,1)
[549]: (365.2061841836447,1)
[550]: (366.4690647947204,1)
[551]: (365.9782130871254,1)
[552]: (365.8849800400144,1)
[553]: (366.4264822039098,1)
[554]: (365.3753613025435,1)
[555]: (375.1588445974651,1)
[556]: (365.5130192059098,1)
[557]: (365.0869364664278,1)
[558]: (365.153790467377,1)
[559]: (365.140071233785,1)
[560]: (373.0484246327215,1)
[561]: (365.3731588727157,1)
[562]: (366.0797030082049,1)
[563]: (365.4625863484993,1)
[564]: (366.5574787059543,1)
[565]: (368.4450679176162,1)
[566]: (365.1044909278293,1)
[567]: (365.4030460488731,1)
[568]: (365.0146495282525,1)
[569]: (366.111352586408,1)
[570]: (366.1124058103015,1)
[571]: (365.0726394414344,1)
[572]: (365.1299781344951,1)
[573]: (365.3384131942188,1)
[574]: (365.6498193898504,1)
[575]: (367.2882201881385,1)
[576]: (365.6205142052978,1)
[577]: (365.1067962656529,1)
[578]: (365.1688650682293,1)
[579]: (367.3801287686083,1)
[580]: (365.0420116838122,1)
[581]: (365.2609023077874,1)
[582]: (365.0682733000975,1)
[583]: (370.100954710223,1)
[584]: (365.59853295071,1)
[585]: (366.2198907050891,1)
[586]: (365.1990930713823,1)
[587]: (365.0946104474093,1)
[588]: (365.4316204220176,1)
[589]: (365.0980206642657,1)
[590]: (365.7052006138956,1)
[591]: (365.0155073540175,1)
[592]: (365.1251573373378,1)
[593]: (366.0603616937571,1)
[594]: (367.102412204627,1)
[595]: (365.2709116159953,1)
[596]: (365.1065242406112,1)
[597]: (366.1855107151937,1)
[598]: (365.0056587840352,1)
[599]: (365.0818622920592,1)
[600]: (365.0237122123925,1)
[601]: (365.0076280498035,1)
[602]: (367.5891126388785,1)
[603]: (365.2424746088116,1)
[604]: (370.0825091513311,1)
[605]: (366.0392201295898,1)
[606]: (369.322812299989,1)
[607]: (367.7532966095607,1)
[608]: (365.1997668641635,1)
[609]: (366.5715063400245,1)
[610]: (366.2362674997516,1)
[611]: (367.2886048751712,1)
[612]: (365.2081431740889,1)
[613]: (365.3057213379353,1)
[614]: (365.3577984892509,1)
[615]: (365.582652399977,1)
[616]: (365.3610864123656,1)
[617]: (366.1794242680235,1)
[618]: (365.3809436080126,1)
[619]: (371.08249669581,1)
[620]: (366.4612223446758,1)
[621]: (366.035168657181,1)
[622]: (365.0297575992182,1)
[623]: (365.1188486990011,1)
[624]: (366.3314367011584,1)
[625]: (365.1188346573129,1)
[626]: (365.1803783854118,1)
[627]: (365.3238341705732,1)
[628]: (368.2017879556887,1)
[629]: (365.402342024535,1)
[630]: (378.0085461642914,1)
[631]: (366.2182327388632,1)
[632]: (365.0391287295399,1)
[633]: (365.1499388268385,1)
[634]: (368.283419031678,1)
[635]: (365.087144559147,1)
[636]: (367.4831447560981,1)
[637]: (365.1901911120972,1)
[638]: (365.0627911893205,1)
[639]: (365.1569730320555,1)
[640]: (365.0095719280387,1)
[641]: (365.4187532344219,1)
[642]: (365.0214875896119,1)
[643]: (368.6516537005999,1)
[644]: (365.0446110607778,1)
[645]: (365.6361329187552,1)
[646]: (366.2719387473856,1)
[647]: (365.2558825349439,1)
[648]: (377.1342703794852,1)
[649]: (366.6566724105783,1)
[650]: (365.1209469773496,1)
[651]: (380.2512981770741,1)
[652]: (365.5027533300075,1)
[653]: (365.0001269569332,1)
[654]: (365.1351956574568,1)
[655]: (366.5163360236667,1)
[656]: (365.080407115771,1)
[657]: (365.9459399729645,1)
[658]: (366.2021718261487,1)
[659]: (365.8621096605153,1)
[660]: (365.3104300462221,1)
[661]: (367.6584759587887,1)
[662]: (365.1975164943082,1)
[663]: (365.2192880659514,1)
[664]: (367.0221831139978,1)
[665]: (367.0518153651153,1)
[666]: (365.3958402887611,1)
[667]: (367.2253075495882,1)
[668]: (365.0926216215321,1)
[669]: (365.0437764001747,1)
[670]: (366.0475080402497,1)
[671]: (365.2408280568425,1)
[672]: (365.0556815061016,1)
[673]: (368.3211136266521,1)
[674]: (365.0566154265848,1)
[675]: (367.0352148351424,1)
[676]: (365.0910878873577,1)
[677]: (366.0492863096587,1)
[678]: (365.5306329505249,1)
[679]: (382.2348012958753,1)
[680]: (366.1192377486277,1)
[681]: (365.0231207774596,1)
[682]: (365.2148109328715,1)
[683]: (368.3625428142733,1)
[684]: (365.130420342195,1)
[685]: (365.7986798617572,1)
[686]: (365.1239623903209,1)
[687]: (365.2619539997453,1)
[688]: (365.9203944430673,1)
[689]: (365.0543947039055,1)
[690]: (366.086798031155,1)
[691]: (365.0476742895314,1)
[692]: (365.1599511507657,1)
[693]: (367.6283070022666,1)
[694]: (366.1950162523466,1)
[695]: (365.4182648385896,1)
[696]: (369.2823540886181,1)
[697]: (365.3328878394468,1)
[698]: (366.5818235993455,1)
[699]: (365.4410782452748,1)
[700]: (365.0683712347998,1)
[701]: (365.6438236039129,1)
[702]: (367.0627388367773,1)
[703]: (376.1546154339201,1)
[704]: (366.1154229045514,1)
[705]: (365.7688305408293,1)
[706]: (367.8170279982066,1)
[707]: (375.0389001659705,1)
[708]: (366.378725406922,1)
[709]: (365.4163784739541,1)
[710]: (374.6605240873382,1)
[711]: (366.05181035292,1)
[712]: (365.9830496476995,1)
[713]: (365.5301672698633,1)
[714]: (365.6018184673581,1)
[715]: (365.7223711158059,1)
[716]: (371.0856341839201,1)
[717]: (366.1150014074975,1)
[718]: (365.5278501825748,1)
[719]: (365.396518418949,1)
[720]: (365.0682741691141,1)
[721]: (365.055630244428,1)
[722]: (368.2886066457795,1)
[723]: (366.4901515387817,1)
[724]: (373.3404175210076,1)
[725]: (370.1476980113889,1)
[726]: (365.176985040392,1)
[727]: (370.9626497921032,1)
[728]: (369.1522948019174,1)
[729]: (365.0404090359843,1)
[730]: (365.0209866704857,1)
[731]: (365.7288268436984,1)
[732]: (366.1381446901528,1)
[733]: (365.5604234285348,1)
[734]: (367.3706152822862,1)
[735]: (365.0792707092489,1)
[736]: (366.0771227589811,1)
[737]: (372.8338217560158,1)
[738]: (367.1672518118121,1)
[739]: (366.2035880295623,1)
[740]: (365.3649273070239,1)
[741]: (367.5557012772592,1)
[742]: (365.1722754467269,1)
[743]: (366.0799200714712,1)
[744]: (365.2960346980366,1)
[745]: (365.3351666980565,1)
[746]: (365.9995762897157,1)
[747]: (372.4285216199103,1)
[748]: (365.6881163184708,1)
[749]: (365.5763944795734,1)
[750]: (365.0329033942244,1)
[751]: (365.3207185498347,1)
[752]: (376.2486384071967,1)
[753]: (365.1275818755724,1)
[754]: (365.1976963567396,1)
[755]: (365.0446181871074,1)
[756]: (366.0460879598352,1)
[757]: (365.6827526845027,1)
[758]: (365.8371738936883,1)
[759]: (365.3312619571559,1)
[760]: (365.1378336200065,1)
[761]: (365.2070407617211,1)
[762]: (367.1391152687606,1)
[763]: (365.1865549162889,1)
[764]: (366.2633603910082,1)
[765]: (365.0472939683565,1)
[766]: (365.5942908723821,1)
[767]: (365.0713194273101,1)
[768]: (366.0120539523745,1)
[769]: (365.3838328219896,1)
[770]: (366.0033529367877,1)
[771]: (374.2113927328745,1)
[772]: (365.0695038099822,1)
[773]: (365.2691193272176,1)
[774]: (365.0994348867354,1)
[775]: (368.4202176538094,1)
[776]: (365.0617713293485,1)
[777]: (365.344416935765,1)
[778]: (365.2736971932997,1)
[779]: (365.3905181277129,1)
[780]: (366.1032492752061,1)
[781]: (366.0054808178816,1)
[782]: (365.6300311074447,1)
[783]: (369.2224964607786,1)
[784]: (365.2240067381974,1)
[785]: (365.7638802602132,1)
[786]: (365.6204568765623,1)
[787]: (365.3736690362419,1)
[788]: (377.703758560282,1)
[789]: (368.3064273650454,1)
[790]: (365.2783541131802,1)
[791]: (366.1896200145848,1)
[792]: (365.09968345972,1)
[793]: (366.2496098038708,1)
[794]: (365.4586942041777,1)
[795]: (365.0042252158465,1)
[796]: (365.258166001743,1)
[797]: (365.4730756817318,1)
[798]: (365.0258038335328,1)
[799]: (368.0747415047118,1)
[800]: (365.5674898953872,1)
[801]: (367.1097198215948,1)
[802]: (365.3275942271329,1)
[803]: (366.1069860897744,1)
[804]: (365.2332590780505,1)
[805]: (365.1411978394718,1)
[806]: (365.2063194503969,1)
[807]: (367.0930267297072,1)
[808]: (365.3144164539661,1)
[809]: (366.0381088068718,1)
[810]: (365.3769732811898,1)
[811]: (365.1039316014966,1)
[812]: (366.5667639479385,1)
[813]: (365.1097667599686,1)
[814]: (365.05145257926,1)
[815]: (365.727140763994,1)
[816]: (366.341829081217,1)
[817]: (366.786643226726,1)
[818]: (367.1282395609549,1)
[819]: (365.6383657929213,1)
[820]: (371.3032826086413,1)
[821]: (367.4478633387091,1)
[822]: (365.4713449313667,1)
[823]: (374.8134766028972,1)
[824]: (365.1232340365733,1)
[825]: (365.2326265235707,1)
[826]: (365.0472569927655,1)
[827]: (365.4719324395138,1)
[828]: (365.1543140848567,1)
[829]: (365.0565232849368,1)
[830]: (366.1609456986831,1)
[831]: (365.0230107911473,1)
[832]: (365.0083870230575,1)
[833]: (365.1854772995821,1)
[834]: (365.2573273456385,1)
[835]: (365.115192558308,1)
[836]: (367.4409754170536,1)
[837]: (368.4478805211867,1)
[838]: (365.021973850733,1)
[839]: (372.0586433511083,1)
[840]: (365.0658749262169,1)
[841]: (366.4948649095421,1)
[842]: (365.0377019311404,1)
[843]: (365.3589398401194,1)
[844]: (365.3716042498314,1)
[845]: (365.0322448134932,1)
[846]: (365.1278496888003,1)
[847]: (365.1393526249334,1)
[848]: (365.0206043495319,1)
[849]: (365.0320265048285,1)
[850]: (365.1959441234136,1)
[851]: (366.2497163260076,1)
[852]: (365.2042147429606,1)
[853]: (366.5023865004866,1)
[854]: (365.0010165724048,1)
[855]: (367.0696277184557,1)
[856]: (365.0783414379446,1)
[857]: (365.0329166683414,1)
[858]: (367.6275661133975,1)
[859]: (365.0145197675198,1)
[860]: (365.1589578983628,1)
[861]: (365.2136823613994,1)
[862]: (366.2928144782793,1)
[863]: (365.7718815631771,1)
[864]: (367.3498042570209,1)
[865]: (370.6174865618327,1)
[866]: (365.0037892294328,1)
[867]: (365.071858980458,1)
[868]: (366.1349708769969,1)
[869]: (369.2585092965171,1)
[870]: (365.0518513330435,1)
[871]: (368.1747829932293,1)
[872]: (365.3876624310008,1)
[873]: (365.2402138296449,1)
[874]: (365.0604514480675,1)
[875]: (366.4063713284648,1)
[876]: (366.0357671499812,1)
[877]: (365.1768909021819,1)
[878]: (365.20306756329,1)
[879]: (366.0711050502564,1)
[880]: (365.2523060200868,1)
[881]: (365.2378448479823,1)
[882]: (365.6321562953595,1)
[883]: (365.0262737769842,1)
[884]: (367.5120799320816,1)
[885]: (365.1709213994821,1)
[886]: (367.3000818105666,1)
[887]: (366.2331200822107,1)
[888]: (365.0103725792414,1)
[889]: (365.2982303119982,1)
[890]: (366.2112626886884,1)
[891]: (365.3076658103377,1)
[892]: (365.0868090583443,1)
[893]: (365.0254007580533,1)
[894]: (378.1404625888489,1)
[895]: (367.2885313563772,1)
[896]: (367.0864767625721,1)
[897]: (365.2920721407918,1)
[898]: (365.074053099638,1)
[899]: (365.0047614410283,1)
[900]: (365.2846227985378,1)
[901]: (366.0170463367517,1)
[902]: (365.5646009647018,1)
[903]: (365.9961176734648,1)
[904]: (365.1538590019884,1)
[905]: (365.1083528436545,1)
[906]: (365.0062588007775,1)
[907]: (365.385061398735,1)
[908]: (365.2925824935493,1)
[909]: (365.3375413060569,1)
[910]: (366.9104803079122,1)
[911]: (365.4656959740145,1)
[912]: (365.0991873434014,1)
[913]: (365.2935120400334,1)
[914]: (373.2855169999048,1)
[915]: (365.0735251010071,1)
[916]: (366.1703011929665,1)
[917]: (365.4699066929938,1)
[918]: (365.1622311004585,1)
[919]: (367.1919010755345,1)
[920]: (366.0877250604378,1)
[921]: (365.0006492243181,1)
[922]: (365.0686348384732,1)
[923]: (365.5281605306625,1)
[924]: (365.3421881540923,1)
[925]: (365.5612009414744,1)
[926]: (365.1725439144154,1)
[927]: (372.4146749868602,1)
[928]: (366.0603657006515,1)
[929]: (366.1981287236722,1)
[930]: (365.1578288377613,1)
[931]: (375.2860197386314,1)
[932]: (365.2361543205978,1)
[933]: (365.527618208532,1)
[934]: (375.0406977800967,1)
[935]: (366.2143016664946,1)
[936]: (365.1473431993803,1)
[937]: (367.719423886022,1)
[938]: (368.1464059463151,1)
[939]: (365.2942053113915,1)
[940]: (365.9639664200315,1)
[941]: (365.2491841227751,1)
[942]: (376.1029459285311,1)
[943]: (366.0533120748735,1)
[944]: (367.3879436108597,1)
[945]: (365.2233471998525,1)
[946]: (366.335201560044,1)
[947]: (366.5950374865578,1)
[948]: (365.1848095617471,1)
[949]: (366.4143769136441,1)
[950]: (365.8599540814773,1)
[951]: (366.7559703156367,1)
[952]: (368.679388888701,1)
[953]: (373.3362665605818,1)
[954]: (365.2992134942915,1)
[955]: (377.166758513407,1)
[956]: (365.250642169849,1)
[957]: (365.1321673015741,1)
[958]: (365.3226648836684,1)
[959]: (365.4585138250994,1)
[960]: (366.0539155708457,1)
[961]: (372.2002733395124,1)
[962]: (365.2265404219194,1)
[963]: (365.0515796607112,1)
[964]: (365.2232308938765,1)
[965]: (365.1464051489002,1)
[966]: (365.1405918268403,1)
[967]: (365.2250841901423,1)
[968]: (367.1829076521392,1)
[969]: (365.4544569620547,1)
[970]: (367.0049219626197,1)
[971]: (365.9308587553409,1)
[972]: (365.2574712143119,1)
[973]: (365.1776145015577,1)
[974]: (365.0359030117818,1)
[975]: (365.5251136198709,1)
[976]: (365.0549559357583,1)
[977]: (365.3516416489413,1)
[978]: (365.2824067217452,1)
[979]: (365.0694953450425,1)
[980]: (365.2818206008445,1)
[981]: (374.0089317674608,1)
[982]: (365.7067047412582,1)
[983]: (373.7716592766221,1)
[984]: (365.4493053933327,1)
[985]: (368.0100424787619,1)
[986]: (365.0592448999853,1)
[987]: (366.0610405531231,1)
[988]: (370.6425068659444,1)
[989]: (365.0852603611404,1)
[990]: (365.0449477688447,1)
[991]: (365.1789900712575,1)
[992]: (366.1267353791453,1)
[993]: (365.2003370975365,1)
[994]: (365.0480459674928,1)
[995]: (367.0578024284874,1)
[996]: (365.3590929911229,1)
[997]: (365.0396267037522,1)
[998]: (365.4768034927252,1)
[999]: (368.32484361266,1)
[1000]: (365.1496483025253,1)
[1001]: (370.5789498908665,1)
[1002]: (365.1926102845306,1)
[1003]: (365.4147190485725,1)
[1004]: (365.2469547798622,1)
[1005]: (365.5424520256511,1)
[1006]: (365.0130537124393,1)
[1007]: (365.2743053981599,1)
[1008]: (365.0390184463675,1)
[1009]: (366.0320574342327,1)
[1010]: (365.0115417773913,1)
[1011]: (365.2387056824314,1)
[1012]: (378.3410795304942,1)
[1013]: (365.3131913451486,1)
[1014]: (368.714539160766,1)
[1015]: (365.4885923736074,1)
[1016]: (365.4060339048991,1)
[1017]: (365.3294612593434,1)
[1018]: (365.1746634104963,1)
[1019]: (373.4572428536108,1)
[1020]: (366.5291115082111,1)
[1021]: (365.9066282879289,1)
[1022]: (368.2698433995886,1)
[1023]: (366.0623737899401,1)
[1024]: (365.1071691543829,1)
[1025]: (365.0490611567714,1)
[1026]: (368.4401574114542,1)
[1027]: (365.1394063830421,1)
[1028]: (366.0586311856292,1)
[1029]: (365.3431538302301,1)
[1030]: (365.4632575180497,1)
[1031]: (365.141152290876,1)
[1032]: (366.2643749745847,1)
[1033]: (366.7372066171574,1)
[1034]: (365.3987956003799,1)
[1035]: (365.0659673332445,1)
[1036]: (365.6403088178496,1)
[1037]: (366.0191314849561,1)
[1038]: (366.7492272494374,1)
[1039]: (365.5325155633124,1)
[1040]: (365.6184849088918,1)
[1041]: (368.5022640579297,1)
[1042]: (365.0295263859912,1)
[1043]: (366.2998535717558,1)
[1044]: (365.317651175151,1)
[1045]: (365.3109245411471,1)
[1046]: (373.2891081948172,1)
[1047]: (365.320077602307,1)
[1048]: (365.1310631839776,1)
[1049]: (384.4337500156651,1)
[1050]: (366.0305590767923,1)
[1051]: (366.1151703593808,1)
[1052]: (365.6051614188628,1)
[1053]: (366.3073711815659,1)
[1054]: (372.0518129129903,1)
[1055]: (374.0603730769554,1)
[1056]: (366.8835497776001,1)
[1057]: (365.859213380872,1)
[1058]: (365.610383195518,1)
[1059]: (365.7130271609415,1)
[1060]: (367.2121334212444,1)
[1061]: (365.3663579573667,1)
[1062]: (365.0126714764485,1)
[1063]: (366.4833481945099,1)
[1064]: (365.0441574517806,1)
[1065]: (365.7182370941563,1)
[1066]: (365.3014629544228,1)
[1067]: (367.4059784349643,1)
[1068]: (365.2410058015224,1)
[1069]: (366.3061200708772,1)
[1070]: (366.7383218218546,1)
[1071]: (365.0317824015446,1)
[1072]: (365.5123822944569,1)
[1073]: (365.2270280104422,1)
[1074]: (367.172167956294,1)
[1075]: (365.2209682157142,1)
[1076]: (365.8789763297936,1)
[1077]: (365.4676658731526,1)
[1078]: (365.4642680438586,1)
[1079]: (366.0471435191275,1)
[1080]: (365.1203359540802,1)
[1081]: (365.5613648294831,1)
[1082]: (365.7278247155575,1)
[1083]: (365.5631970493989,1)
[1084]: (365.0448573334109,1)
[1085]: (371.3679539411064,1)
[1086]: (365.168703870056,1)
[1087]: (367.1511493124434,1)
[1088]: (365.9236710975193,1)
[1089]: (367.5385939303802,1)
[1090]: (366.002583387278,1)
[1091]: (365.2953313661114,1)
[1092]: (365.5241317339141,1)
[1093]: (365.3513006766404,1)
[1094]: (365.1337999100151,1)
[1095]: (365.0393594754632,1)
[1096]: (366.049182132097,1)
[1097]: (367.4542720925678,1)
[1098]: (365.121728353434,1)
[1099]: (369.3990031672302,1)
[1100]: (370.0865513249247,1)
[1101]: (368.1904235970403,1)
[1102]: (367.8552143207175,1)
[1103]: (365.4562666063405,1)
[1104]: (365.4423111437606,1)
[1105]: (365.7205894843556,1)
[1106]: (367.2761850570351,1)
[1107]: (365.4817485047273,1)
[1108]: (367.0041910768001,1)
[1109]: (366.2146864486313,1)
[1110]: (366.1312621626823,1)
[1111]: (365.4137320266119,1)
[1112]: (366.5313258642151,1)
[1113]: (365.0201838489425,1)
[1114]: (367.0512877223146,1)
[1115]: (368.4607331066777,1)
[1116]: (366.3603337379176,1)
[1117]: (365.9852850647507,1)
[1118]: (365.0351327080181,1)
[1119]: (365.9023326707883,1)
[1120]: (365.3714047814346,1)
[1121]: (368.3870099514909,1)
[1122]: (367.2266217049909,1)
[1123]: (365.5587519981254,1)
[1124]: (365.0463049234674,1)
[1125]: (365.0100538538472,1)
[1126]: (367.0002828101109,1)
[1127]: (365.0271723900022,1)
[1128]: (365.0504463479747,1)
[1129]: (367.4407414835359,1)
[1130]: (365.4560974279981,1)
[1131]: (365.3449659417749,1)
[1132]: (365.2517710520931,1)
[1133]: (365.0434582405372,1)
[1134]: (367.8195716160367,1)
[1135]: (370.150115009592,1)
[1136]: (366.5811759850266,1)
[1137]: (368.086671761649,1)
[1138]: (366.1898440982409,1)
[1139]: (365.5816872594144,1)
[1140]: (365.4382943433901,1)
[1141]: (365.0239569005147,1)
[1142]: (370.0807312706943,1)
[1143]: (378.8612479281932,1)
[1144]: (365.1554191690514,1)
[1145]: (366.2675093529586,1)
[1146]: (366.0570500292272,1)
[1147]: (365.5956958796579,1)
[1148]: (365.0845100844725,1)
[1149]: (365.005210163841,1)
[1150]: (366.3911049894468,1)
[1151]: (365.0345913719254,1)
[1152]: (365.1689565784185,1)
[1153]: (366.1583441211988,1)
[1154]: (365.339418540853,1)
[1155]: (365.9321401672914,1)
[1156]: (365.1426066972686,1)
[1157]: (365.564265854532,1)
[1158]: (367.3799425618427,1)
[1159]: (365.6890589715548,1)
[1160]: (369.6146779958067,1)
[1161]: (365.0905128977471,1)
[1162]: (365.1757203543378,1)
[1163]: (367.1220293171692,1)
[1164]: (365.2313280311046,1)
[1165]: (367.1117527066963,1)
[1166]: (365.1229859412962,1)
[1167]: (365.1199244617604,1)
[1168]: (367.6892144450555,1)
[1169]: (365.1243811701464,1)
[1170]: (373.0849624334022,1)
[1171]: (365.8510278354545,1)
[1172]: (366.8490879634594,1)
[1173]: (365.1320059967397,1)
[1174]: (365.2769949654587,1)
[1175]: (365.3293724304393,1)
[1176]: (367.5599509350743,1)
[1177]: (365.0295292512615,1)
[1178]: (365.11388250157,1)
[1179]: (365.2682958095403,1)
[1180]: (366.8850816265744,1)
[1181]: (365.4807288105104,1)
[1182]: (365.2816016113873,1)
[1183]: (368.9099374048552,1)
[1184]: (365.0527266086236,1)
[1185]: (365.4374345104428,1)
[1186]: (366.4154053058102,1)
[1187]: (365.3293400032035,1)
[1188]: (365.3811680062208,1)
[1189]: (365.1457853600132,1)
[1190]: (365.1466708889819,1)
[1191]: (367.3807614672178,1)
[1192]: (371.5786766267246,1)
[1193]: (378.8118063005859,1)
[1194]: (368.4373922741506,1)
[1195]: (367.0392336094718,1)
[1196]: (365.2718429618172,1)
[1197]: (365.1259027362653,1)
[1198]: (365.1645276025363,1)
[1199]: (365.1178381473399,1)
[1200]: (365.8210539340704,1)
[1201]: (365.2825555840559,1)
[1202]: (365.4251372487288,1)
[1203]: (367.5321917971931,1)
[1204]: (365.6233356967037,1)
[1205]: (365.2254214676042,1)
[1206]: (365.425028173569,1)
[1207]: (365.0508551737466,1)
[1208]: (366.4894775227688,1)
[1209]: (365.3670822906838,1)
[1210]: (366.4939577241815,1)
[1211]: (366.1448223066848,1)
[1212]: (365.3498477110477,1)
[1213]: (365.1921054907061,1)
[1214]: (365.2062133639805,1)
[1215]: (367.4119950502226,1)
[1216]: (366.0028590381075,1)
[1217]: (365.0479382643564,1)
[1218]: (365.3413839025086,1)
[1219]: (367.5333851663218,1)
[1220]: (368.3692770741857,1)
[1221]: (366.1396068194736,1)
[1222]: (365.0397491751705,1)
[1223]: (365.2078406370063,1)
[1224]: (370.1607878212322,1)
[1225]: (365.0610585511451,1)
[1226]: (365.0451275335678,1)
[1227]: (367.6414196249696,1)
[1228]: (366.0581270040093,1)
[1229]: (365.2256100351878,1)
[1230]: (367.4496494148154,1)
[1231]: (365.0649930756022,1)
[1232]: (365.1640684428221,1)
[1233]: (366.3037671037384,1)
[1234]: (365.4387130989492,1)
[1235]: (366.0816069244536,1)
[1236]: (365.1706794951271,1)
[1237]: (366.2473048367132,1)
[1238]: (365.2540483483121,1)
[1239]: (365.2767192141801,1)
[1240]: (365.6211394396626,1)
[1241]: (365.3778817453144,1)
[1242]: (365.018955879215,1)
[1243]: (366.0757313218921,1)
[1244]: (365.0016261897513,1)
[1245]: (365.121962186822,1)
[1246]: (365.0189773224442,1)
[1247]: (366.2182416865094,1)
[1248]: (365.1984226668771,1)
[1249]: (367.0077195768677,1)
[1250]: (365.4055138861054,1)
[1251]: (365.8083986464691,1)
[1252]: (365.0153114919075,1)
[1253]: (365.3680249748224,1)
[1254]: (367.6436047482623,1)
[1255]: (371.180615870543,1)
[1256]: (365.2761843066244,1)
[1257]: (365.2037784033596,1)
[1258]: (367.113254632803,1)
[1259]: (365.6445053322266,1)
[1260]: (367.0257532238419,1)
[1261]: (365.4669933056457,1)
[1262]: (365.1781765158311,1)
[1263]: (369.2865843361259,1)
[1264]: (370.2958590346919,1)
[1265]: (365.4264941492676,1)
[1266]: (378.1003430024594,1)
[1267]: (365.347883233655,1)
[1268]: (367.1286115650383,1)
[1269]: (377.8844499494708,1)
[1270]: (367.2141615998013,1)
[1271]: (366.1058544440654,1)
[1272]: (365.0795664003148,1)
[1273]: (365.1617332300169,1)
[1274]: (365.3088674192937,1)
[1275]: (366.484408098012,1)
[1276]: (365.1854414522324,1)
[1277]: (366.0659978850734,1)
[1278]: (385.539788564726,1)
[1279]: (366.0727777212338,1)
[1280]: (365.7487570936551,1)
[1281]: (367.0605614450876,1)
[1282]: (365.1613965955505,1)
[1283]: (365.2499017415535,1)
[1284]: (365.0315604743038,1)
[1285]: (365.2221290829229,1)
[1286]: (365.3075142239309,1)
[1287]: (365.2703727337112,1)
[1288]: (365.3676667336089,1)
[1289]: (365.5202108278488,1)
[1290]: (368.2133773815676,1)
[1291]: (367.2950327890492,1)
[1292]: (365.1228846176725,1)
[1293]: (365.2862978087761,1)
[1294]: (365.1576820846591,1)
[1295]: (365.4888599418816,1)
[1296]: (371.0514360631009,1)
[1297]: (365.351209060159,1)
[1298]: (365.3437087397317,1)
[1299]: (367.1870740037266,1)
[1300]: (365.5446257045381,1)
[1301]: (366.2357543060338,1)
[1302]: (365.594430962591,1)
[1303]: (365.4815993564678,1)
[1304]: (366.2660852988366,1)
[1305]: (365.7376814437978,1)
[1306]: (367.0379319100489,1)
[1307]: (365.0229951485358,1)
[1308]: (365.7128112990107,1)
[1309]: (365.0057064200356,1)
[1310]: (367.365122618976,1)
[1311]: (367.035361235926,1)
[1312]: (366.1819829927472,1)
[1313]: (366.6464724245156,1)
[1314]: (365.4108920364242,1)
[1315]: (368.0573741892647,1)
[1316]: (365.548078528787,1)
[1317]: (365.2933434814651,1)
[1318]: (365.1109364502468,1)
[1319]: (365.0590562891139,1)
[1320]: (365.2853170939432,1)
[1321]: (365.4920866073646,1)
[1322]: (367.1351054612148,1)
[1323]: (365.2312161795601,1)
[1324]: (365.2902293291486,1)
[1325]: (365.0480662278073,1)
[1326]: (365.2423842426703,1)
[1327]: (366.0665966285728,1)
[1328]: (366.8413903574331,1)
[1329]: (366.1089357689044,1)
[1330]: (367.8367586270142,1)
[1331]: (370.0903637020887,1)
[1332]: (365.0392730825914,1)
[1333]: (365.4697293706174,1)
[1334]: (367.2510958515552,1)
[1335]: (366.2963614660278,1)
[1336]: (374.4740304921926,1)
[1337]: (366.0379966004533,1)
[1338]: (365.0664123668982,1)
[1339]: (371.1544641031286,1)
[1340]: (367.0377926015681,1)
[1341]: (367.1613762094073,1)
[1342]: (365.05769490485,1)
[1343]: (371.2752663548182,1)
[1344]: (366.346975297236,1)
[1345]: (365.0620642904275,1)
[1346]: (365.6408318934027,1)
[1347]: (365.185857036553,1)
[1348]: (366.1386470598055,1)
[1349]: (365.3577444891758,1)
[1350]: (366.2922794825647,1)
[1351]: (365.0251391128674,1)
[1352]: (365.5608064946464,1)
[1353]: (365.2461006608274,1)
[1354]: (365.4861798221229,1)
[1355]: (368.0917294797009,1)
[1356]: (367.1822702246486,1)
[1357]: (365.0215902416957,1)
[1358]: (368.6268904912384,1)
[1359]: (365.0335357508498,1)
[1360]: (365.1971814961381,1)
[1361]: (365.2848809181838,1)
[1362]: (365.0374642743634,1)
[1363]: (365.8487522004505,1)
[1364]: (365.2341849827154,1)
[1365]: (366.0597208299467,1)
[1366]: (365.0634756196033,1)
[1367]: (365.1614411652247,1)
[1368]: (366.2451525957217,1)
[1369]: (365.0816744237412,1)
[1370]: (365.3947851538732,1)
[1371]: (365.1078502746847,1)
[1372]: (366.1874735544027,1)
[1373]: (365.8247450671759,1)
[1374]: (365.8102098534927,1)
[1375]: (365.2086826721949,1)
[1376]: (365.390224974917,1)
[1377]: (365.1860105946466,1)
[1378]: (373.2676224364365,1)
[1379]: (367.0948978382493,1)
[1380]: (365.2237742768569,1)
[1381]: (365.1353310765576,1)
[1382]: (365.0284655411805,1)
[1383]: (366.2851010270087,1)
[1384]: (365.3788122819921,1)
[1385]: (366.1212948098464,1)
[1386]: (365.5746909909626,1)
[1387]: (366.1211760673945,1)
[1388]: (366.8364637672297,1)
[1389]: (365.5363608638098,1)
[1390]: (366.0496730652811,1)
[1391]: (365.1034438793844,1)
[1392]: (365.4648036789708,1)
[1393]: (365.3782197563553,1)
[1394]: (365.5801908840572,1)
[1395]: (365.3058789352997,1)
[1396]: (366.5237463642451,1)
[1397]: (365.2621824606933,1)
[1398]: (365.3859332151769,1)
[1399]: (369.2966453183977,1)
[1400]: (365.0994647651568,1)
[1401]: (368.4159255790358,1)
[1402]: (365.0388809980323,1)
[1403]: (366.1421605932291,1)
[1404]: (365.037481096458,1)
[1405]: (365.6476186614096,1)
[1406]: (366.4237672269381,1)
[1407]: (366.7705188662355,1)
[1408]: (365.0821107842622,1)
[1409]: (365.3602247775336,1)
[1410]: (368.1459217669965,1)
[1411]: (365.7454818153895,1)
[1412]: (365.0937491069549,1)
[1413]: (369.1410063856973,1)
[1414]: (365.1405329652876,1)
[1415]: (365.0114643376948,1)
[1416]: (373.1392828350965,1)
[1417]: (365.2211786414576,1)
[1418]: (365.4339104157127,1)
[1419]: (365.3383541599865,1)
[1420]: (365.334100831427,1)
[1421]: (365.03298921086,1)
[1422]: (378.1081393440213,1)
[1423]: (365.2263925382481,1)
[1424]: (365.347666873684,1)
[1425]: (365.1758390513639,1)
[1426]: (365.0387878407523,1)
[1427]: (367.0070562148611,1)
[1428]: (365.1434138691472,1)
[1429]: (365.6031803699802,1)
[1430]: (366.2978878234728,1)
[1431]: (365.6207406805875,1)
[1432]: (365.0017880529903,1)
[1433]: (371.8176203056108,1)
[1434]: (365.070001339321,1)
[1435]: (366.5478121460361,1)
[1436]: (365.0923257430408,1)
[1437]: (366.1841281988162,1)
[1438]: (373.0440798672403,1)
[1439]: (365.3824059611143,1)
[1440]: (365.1825776317846,1)
[1441]: (366.5641178732536,1)
[1442]: (365.0043533123987,1)
[1443]: (365.1255288418987,1)
[1444]: (365.0749786320358,1)
[1445]: (365.419855130859,1)
[1446]: (366.2697119841357,1)
[1447]: (365.0121403467729,1)
[1448]: (365.125440921009,1)
[1449]: (365.495996043842,1)
[1450]: (366.023991759106,1)
[1451]: (365.3411743414823,1)
[1452]: (365.0029422347324,1)
[1453]: (365.0572667002722,1)
[1454]: (365.1103606160468,1)
[1455]: (365.9423118708655,1)
[1456]: (365.2848841765475,1)
[1457]: (365.9430088498457,1)
[1458]: (365.0652987328931,1)
[1459]: (367.027324532018,1)
[1460]: (365.2483907703651,1)
[1461]: (365.3635595614113,1)
[1462]: (367.1428077321737,1)
[1463]: (369.6840472305281,1)
[1464]: (365.5172678338253,1)
[1465]: (365.6768925842408,1)
[1466]: (365.0289697121913,1)
[1467]: (365.330161521958,1)
[1468]: (365.2897112286443,1)
[1469]: (365.1896869554989,1)
[1470]: (365.9620431036217,1)
[1471]: (365.3794746608721,1)
[1472]: (365.1117749473742,1)
[1473]: (365.4281493651175,1)
[1474]: (366.0144322199681,1)
[1475]: (365.6189108286547,1)
[1476]: (365.1573452121378,1)
[1477]: (365.2604581643326,1)
[1478]: (369.2566626574489,1)
[1479]: (365.530388697218,1)
[1480]: (365.2553064415163,1)
[1481]: (365.0452050819353,1)
[1482]: (365.4481812466554,1)
[1483]: (366.0895196022606,1)
[1484]: (365.1026228424044,1)
[1485]: (372.1118441379393,1)
[1486]: (365.0641841467067,1)
[1487]: (368.0513459312082,1)
[1488]: (365.17834716994,1)
[1489]: (365.045888983032,1)
[1490]: (367.2401787843118,1)
[1491]: (365.4976348519374,1)
[1492]: (365.1849495961124,1)
[1493]: (367.2364843013193,1)
[1494]: (365.9646029980412,1)
[1495]: (366.3166956177397,1)
[1496]: (365.5299245920802,1)
[1497]: (365.1692526281687,1)
[1498]: (365.8044967658557,1)
[1499]: (365.2063747105527,1)
[1500]: (365.0522536979676,1)
[1501]: (365.2184441498805,1)
[1502]: (365.6287586267759,1)
[1503]: (366.2900212627683,1)
[1504]: (365.0361852994533,1)
[1505]: (366.2749840128282,1)
[1506]: (367.0453166869404,1)
[1507]: (365.6527072783895,1)
[1508]: (365.9828815710268,1)
[1509]: (365.1751683621907,1)
[1510]: (365.2304315552488,1)
[1511]: (365.8724801255293,1)
[1512]: (367.0868873517039,1)
[1513]: (366.1053284492053,1)
[1514]: (365.0551633981437,1)
[1515]: (365.0926984922832,1)
[1516]: (365.0025314460509,1)
[1517]: (369.0848704359629,1)
[1518]: (370.1144039475715,1)
[1519]: (365.533737341874,1)
[1520]: (365.3207746689749,1)
[1521]: (365.8251787684512,1)
[1522]: (365.5423453109527,1)
[1523]: (366.1497119449048,1)
[1524]: (366.133502313964,1)
[1525]: (368.2623275494797,1)
[1526]: (365.1827666733771,1)
[1527]: (375.116517806212,1)
[1528]: (365.2689752949614,1)
[1529]: (365.0244331441164,1)
[1530]: (366.3973658742453,1)
[1531]: (365.3175982571437,1)
[1532]: (365.1626735279794,1)
[1533]: (366.1336732285762,1)
[1534]: (366.0003822317244,1)
[1535]: (366.0805251580184,1)
[1536]: (367.5797334144096,1)
[1537]: (365.483662615464,1)
[1538]: (365.1823846442488,1)
[1539]: (365.0739801763919,1)
[1540]: (365.0077816825657,1)
[1541]: (365.3018836781142,1)
[1542]: (366.3239747267598,1)
[1543]: (366.3413435452491,1)
[1544]: (365.0155776585592,1)
[1545]: (365.2337000335144,1)
[1546]: (365.7095349464339,1)
[1547]: (365.5523002041266,1)
[1548]: (367.430344122351,1)
[1549]: (368.1967792666716,1)
[1550]: (365.7319153201939,1)
[1551]: (365.1239717531292,1)
[1552]: (368.1444493663412,1)
[1553]: (365.0220364846426,1)
[1554]: (368.0307179213468,1)
[1555]: (367.6094277399895,1)
[1556]: (365.3039913229214,1)
[1557]: (365.9217848087204,1)
[1558]: (366.0202829192773,1)
[1559]: (365.1661318275297,1)
[1560]: (365.4539661826024,1)
[1561]: (365.6980087931312,1)
[1562]: (366.0249667813251,1)
[1563]: (368.1143573615587,1)
[1564]: (365.0125632977456,1)
[1565]: (366.2399588507792,1)
[1566]: (366.5216555055634,1)
[1567]: (365.3625970351012,1)
[1568]: (366.1260960274985,1)
[1569]: (367.6304109589989,1)
[1570]: (365.3135961640263,1)
[1571]: (367.2754138459629,1)
[1572]: (365.1585058067801,1)
[1573]: (367.0244386911215,1)
[1574]: (365.087450893043,1)
[1575]: (367.4711374521544,1)
[1576]: (365.2998557445928,1)
[1577]: (367.1422867942791,1)
[1578]: (365.0259726034424,1)
[1579]: (365.0171775215987,1)
[1580]: (365.3973092448855,1)
[1581]: (366.0867772917882,1)
[1582]: (366.0663128463061,1)
[1583]: (365.3960228851687,1)
[1584]: (365.1305118519257,1)
[1585]: (365.3966489764426,1)
[1586]: (367.1591039370945,1)
[1587]: (367.1671460231573,1)
[1588]: (365.2225717692821,1)
[1589]: (365.0303863202096,1)
[1590]: (365.1318328847131,1)
[1591]: (365.4106161517676,1)
[1592]: (372.192610374318,1)
[1593]: (367.1248941931245,1)
[1594]: (366.0887625011191,1)
[1595]: (366.1713681389689,1)
[1596]: (365.1449129806072,1)
[1597]: (365.515424530209,1)
[1598]: (365.6092688071356,1)
[1599]: (365.3128333675111,1)
[1600]: (368.0153011725871,1)
[1601]: (366.0925472133363,1)
[1602]: (367.1754783412475,1)
[1603]: (365.2560401755813,1)
[1604]: (365.641738598347,1)
[1605]: (372.0471627352863,1)
[1606]: (365.2653181207787,1)
[1607]: (365.3007477853195,1)
[1608]: (365.4707015168204,1)
[1609]: (365.0414562411028,1)
[1610]: (378.0127165625738,1)
[1611]: (369.0472719456492,1)
[1612]: (365.5020942237505,1)
[1613]: (365.2437106352543,1)
[1614]: (365.1513581327692,1)
[1615]: (366.6406985397131,1)
[1616]: (365.1247537855031,1)
[1617]: (365.3460919332236,1)
[1618]: (365.186411413588,1)
[1619]: (365.1356863404981,1)
[1620]: (365.0622964050129,1)
[1621]: (369.0462801220093,1)
[1622]: (375.379082830099,1)
[1623]: (365.1224512043146,1)
[1624]: (367.4540620005957,1)
[1625]: (365.0116796286606,1)
[1626]: (365.3880643928198,1)
[1627]: (366.2551526338067,1)
[1628]: (365.4260002510746,1)
[1629]: (365.1993442532393,1)
[1630]: (365.3427128370561,1)
[1631]: (366.2477127946598,1)
[1632]: (365.0172004875398,1)
[1633]: (368.046921287122,1)
[1634]: (367.0114510500723,1)
[1635]: (365.0021169574119,1)
[1636]: (365.0982495930329,1)
[1637]: (365.0803214067665,1)
[1638]: (368.0945158877676,1)
[1639]: (368.0041058016857,1)
[1640]: (371.0177448174055,1)
[1641]: (365.2312658338409,1)
[1642]: (366.0718949395989,1)
[1643]: (365.3260350014306,1)
[1644]: (366.3452790195793,1)
[1645]: (369.1336150045562,1)
[1646]: (369.3545834251092,1)
[1647]: (365.0841025874392,1)
[1648]: (366.0993471524709,1)
[1649]: (365.3173625143289,1)
[1650]: (365.5239201813797,1)
[1651]: (366.0589011830912,1)
[1652]: (365.0155481863335,1)
[1653]: (365.0670437249019,1)
[1654]: (365.278015992778,1)
[1655]: (365.0251057681895,1)
[1656]: (366.028962058647,1)
[1657]: (366.3160942946269,1)
[1658]: (365.5561712496487,1)
[1659]: (365.2381531684475,1)
[1660]: (366.129663571922,1)
[1661]: (365.3715159235903,1)
[1662]: (366.0646026908798,1)
[1663]: (365.0350794221428,1)
[1664]: (367.1266756001681,1)
[1665]: (372.1336651836157,1)
[1666]: (365.0813120361803,1)
[1667]: (365.1138614252679,1)
[1668]: (365.3204288354899,1)
[1669]: (365.5572370457145,1)
[1670]: (365.5080158759185,1)
[1671]: (367.9366207386325,1)
[1672]: (365.2957909462684,1)
[1673]: (366.1528001241271,1)
[1674]: (365.1507679129659,1)
[1675]: (365.514684500818,1)
[1676]: (365.1858436350801,1)
[1677]: (365.1674993059966,1)
[1678]: (365.488880653097,1)
[1679]: (365.1670417064478,1)
[1680]: (367.0368389821995,1)
[1681]: (365.1939771651363,1)
[1682]: (365.3180873140259,1)
[1683]: (365.0354466830118,1)
[1684]: (365.3747318568281,1)
[1685]: (367.0952458691178,1)
[1686]: (365.1695494428175,1)
[1687]: (366.237218751301,1)
[1688]: (365.0128191962422,1)
[1689]: (366.4369882018823,1)
[1690]: (365.1798612654822,1)
[1691]: (365.1542017615596,1)
[1692]: (366.382839625318,1)
[1693]: (365.2279942701602,1)
[1694]: (365.2905611245276,1)
[1695]: (366.3660686676132,1)
[1696]: (365.7069245868283,1)
[1697]: (365.5998594909673,1)
[1698]: (365.6609222795547,1)
[1699]: (365.9533554846449,1)
[1700]: (365.0935815980509,1)
[1701]: (366.1224342699925,1)
[1702]: (366.1238376138687,1)
[1703]: (365.5917956535956,1)
[1704]: (365.181058448649,1)
[1705]: (366.3664524257624,1)
[1706]: (365.1766108583723,1)
[1707]: (366.845047460578,1)
[1708]: (366.4655920403365,1)
[1709]: (365.5842679707611,1)
[1710]: (372.6997182597589,1)
[1711]: (366.0204757364518,1)
[1712]: (365.0571330129926,1)
[1713]: (365.1763890165331,1)
[1714]: (369.1582186405819,1)
[1715]: (365.3571419069629,1)
[1716]: (365.186895752428,1)
[1717]: (365.6461828863051,1)
[1718]: (365.2737315884976,1)
[1719]: (365.0775190578192,1)
[1720]: (365.1329052355634,1)
[1721]: (365.5413542840771,1)
[1722]: (365.0713342730022,1)
[1723]: (366.28418763856,1)
[1724]: (365.328617785146,1)
[1725]: (367.1473311571602,1)
[1726]: (366.6154631726891,1)
[1727]: (367.1307706706568,1)
[1728]: (365.0128327201674,1)
[1729]: (366.2607330991764,1)
[1730]: (365.7382115651278,1)
[1731]: (365.027809664684,1)
[1732]: (366.2917978710852,1)
[1733]: (365.8469951819286,1)
[1734]: (366.2302700718006,1)
[1735]: (366.1563776011641,1)
[1736]: (365.9038962096406,1)
[1737]: (365.0471567732235,1)
[1738]: (365.4405594618718,1)
[1739]: (367.2164096016864,1)
[1740]: (365.6857249837471,1)
[1741]: (365.6469360647079,1)
[1742]: (367.5998176954838,1)
[1743]: (367.0605732858399,1)
[1744]: (365.5389424713305,1)
[1745]: (365.1585087373038,1)
[1746]: (366.058203397637,1)
[1747]: (365.1500819094286,1)
[1748]: (365.0326817247686,1)
[1749]: (372.7454396741397,1)
[1750]: (365.3028131748948,1)
[1751]: (366.2398828955829,1)
[1752]: (365.0820802285958,1)
[1753]: (365.5881173434549,1)
[1754]: (365.4603897222142,1)
[1755]: (367.070871879472,1)
[1756]: (367.5172209885006,1)
[1757]: (365.4408476809577,1)
[1758]: (365.090285825508,1)
[1759]: (365.2100477697633,1)
[1760]: (365.0866812250858,1)
[1761]: (365.3189918310115,1)
[1762]: (365.0604759477791,1)
[1763]: (366.2454283220403,1)
[1764]: (365.0649169633293,1)
[1765]: (366.0412111969364,1)
[1766]: (365.007807627203,1)
[1767]: (365.2784382559092,1)
[1768]: (365.175889324872,1)
[1769]: (368.7990613879211,1)
[1770]: (365.0237955746497,1)
[1771]: (365.5263487961485,1)
[1772]: (367.015833444151,1)
[1773]: (365.1579749438658,1)
[1774]: (367.2469856564147,1)
[1775]: (365.146978433074,1)
[1776]: (366.0897378016483,1)
[1777]: (366.2421583499389,1)
[1778]: (365.0660314111408,1)
[1779]: (365.7195114986966,1)
[1780]: (367.218226529221,1)
[1781]: (365.1786756579178,1)
[1782]: (365.5697958508426,1)
[1783]: (365.1648527077758,1)
[1784]: (367.3117945117811,1)
[1785]: (365.1983142622657,1)
[1786]: (368.6655224986471,1)
[1787]: (365.309674774633,1)
[1788]: (367.1740742046549,1)
[1789]: (365.0702136469313,1)
[1790]: (366.1702688484281,1)
[1791]: (365.205518951634,1)
[1792]: (365.059460681361,1)
[1793]: (367.1900543615257,1)
[1794]: (365.6552412168233,1)
[1795]: (365.5022084147691,1)
[1796]: (367.5445588404992,1)
[1797]: (365.1217228835275,1)
[1798]: (365.4329125906893,1)
[1799]: (365.1039868408237,1)
[1800]: (367.0070283675755,1)
[1801]: (365.9636814446359,1)
[1802]: (365.1011228815077,1)
[1803]: (365.5600865434037,1)
[1804]: (366.0003180389014,1)
[1805]: (367.0834592966037,1)
[1806]: (365.9737324859784,1)
[1807]: (365.0135979692378,1)
[1808]: (365.1931363867351,1)
[1809]: (367.6935000669234,1)
[1810]: (366.1463020673069,1)
[1811]: (365.207572654442,1)
[1812]: (366.183497135763,1)
[1813]: (366.2491709989371,1)
[1814]: (368.1385300283166,1)
[1815]: (366.1472199121206,1)
[1816]: (365.5603407423398,1)
[1817]: (367.1099600149385,1)
[1818]: (367.2009750503328,1)
[1819]: (366.1886318482589,1)
[1820]: (366.4555047922004,1)
[1821]: (370.3637872298063,1)
[1822]: (366.1897687638483,1)
[1823]: (365.5949033846861,1)
[1824]: (365.0105181664159,1)
[1825]: (365.149594381276,1)
[1826]: (365.2275328738316,1)
[1827]: (365.4854737433308,1)
[1828]: (367.1519270299152,1)
[1829]: (365.1593604988642,1)
[1830]: (366.0118589743745,1)
[1831]: (365.3269702077599,1)
[1832]: (375.0143504041114,1)
[1833]: (365.1807972738135,1)
[1834]: (365.3920642914184,1)
[1835]: (366.3140978522849,1)
[1836]: (367.0326722987436,1)
[1837]: (365.3831989403919,1)
[1838]: (365.3696539630963,1)
[1839]: (365.4036830081851,1)
[1840]: (366.5549880517596,1)
[1841]: (365.0728845239457,1)
[1842]: (365.2972009749342,1)
[1843]: (365.8981998012483,1)
[1844]: (367.0699117902383,1)
[1845]: (365.4310277598847,1)
[1846]: (365.3174078612755,1)
[1847]: (367.0754083898238,1)
[1848]: (365.2530874510825,1)
[1849]: (365.4816459565858,1)
[1850]: (365.1777297941347,1)
[1851]: (367.047237046855,1)
[1852]: (365.3557987846951,1)
[1853]: (365.0631573359921,1)
[1854]: (368.3178375462269,1)
[1855]: (366.3378543643136,1)
[1856]: (365.2695576183991,1)
[1857]: (366.1569795552745,1)
[1858]: (368.2572475991137,1)
[1859]: (366.3628812425219,1)
[1860]: (369.5631644540164,1)
[1861]: (365.6509322535163,1)
[1862]: (373.0023185522321,1)
[1863]: (367.2478776594261,1)
[1864]: (365.0722411889621,1)
[1865]: (368.7188270183522,1)
[1866]: (366.0803861253611,1)
[1867]: (365.1342976149691,1)
[1868]: (365.0671583411137,1)
[1869]: (365.1377067656347,1)
[1870]: (365.5141398395287,1)
[1871]: (365.115455838891,1)
[1872]: (365.3524101169353,1)
[1873]: (365.2010849702366,1)
[1874]: (365.7124258073782,1)
[1875]: (365.3158570927656,1)
[1876]: (368.0071456756999,1)
[1877]: (365.1776651275946,1)
[1878]: (368.1508239340158,1)
[1879]: (367.4455917133792,1)
[1880]: (369.4134759663756,1)
[1881]: (365.0395555101706,1)
[1882]: (365.0450970008504,1)
[1883]: (369.1290474097511,1)
[1884]: (365.4218883111307,1)
[1885]: (365.4541298623293,1)
[1886]: (365.688137075453,1)
[1887]: (365.1789069694257,1)
[1888]: (366.1368301525541,1)
[1889]: (365.9108702826696,1)
[1890]: (375.1699835613268,1)
[1891]: (365.263840513626,1)
[1892]: (365.1711421734815,1)
[1893]: (365.4637297845898,1)
[1894]: (365.246633179814,1)
[1895]: (365.4533339933343,1)
[1896]: (365.5002421929047,1)
[1897]: (367.1854066064436,1)
[1898]: (367.8011137348623,1)
[1899]: (365.8271241333615,1)
[1900]: (365.0038012932399,1)
[1901]: (365.0692878610794,1)
[1902]: (365.0508411782369,1)
[1903]: (365.0494407231067,1)
[1904]: (370.0563099142774,1)
[1905]: (373.0452042922842,1)
[1906]: (365.9760824639574,1)
[1907]: (365.3016892626234,1)
[1908]: (365.3903916854745,1)
[1909]: (365.3233978163366,1)
[1910]: (369.3971128585459,1)
[1911]: (366.1951057181627,1)
[1912]: (365.5112843265964,1)
[1913]: (365.1204000413847,1)
[1914]: (366.137961611048,1)
[1915]: (365.5062802876649,1)
[1916]: (366.0700297361507,1)
[1917]: (365.2766127256509,1)
[1918]: (365.0703336102707,1)
[1919]: (365.1243549497398,1)
[1920]: (365.0893346993767,1)
[1921]: (366.3236484814335,1)
[1922]: (365.4960315319468,1)
[1923]: (365.3546284579102,1)
[1924]: (365.060569975458,1)
[1925]: (367.3544205754605,1)
[1926]: (366.4862955142779,1)
[1927]: (365.1693251334409,1)
[1928]: (365.2570802347247,1)
[1929]: (365.7445969631727,1)
[1930]: (366.1651973521642,1)
[1931]: (365.4017571363441,1)
[1932]: (365.0215672650197,1)
[1933]: (365.4738919788391,1)
[1934]: (365.0706752522904,1)
[1935]: (365.0356375391011,1)
[1936]: (370.6199632956273,1)
[1937]: (365.0807839093307,1)
[1938]: (365.4278274912124,1)
[1939]: (365.4522830871518,1)
[1940]: (365.1726278505171,1)
[1941]: (367.1891943491044,1)
[1942]: (368.3218564516981,1)
[1943]: (365.1542324082872,1)
[1944]: (368.2171780697626,1)
[1945]: (368.0112577072812,1)
[1946]: (372.1638080971086,1)
[1947]: (366.1084643978492,1)
[1948]: (366.4018422534778,1)
[1949]: (367.1625338431773,1)
[1950]: (365.1073292788356,1)
[1951]: (365.1113252880267,1)
[1952]: (365.1997983016009,1)
[1953]: (365.7947320134459,1)
[1954]: (377.0857111370154,1)
[1955]: (367.7150303653898,1)
[1956]: (365.1553481192532,1)
[1957]: (365.0483827983168,1)
[1958]: (367.1964976921057,1)
[1959]: (365.247805748955,1)
[1960]: (365.3339610288879,1)
[1961]: (366.2439128157012,1)
[1962]: (365.2771224422786,1)
[1963]: (369.7843022383698,1)
[1964]: (365.007678828486,1)
[1965]: (365.3754906544614,1)
[1966]: (365.7288722138804,1)
[1967]: (373.3300794478661,1)
[1968]: (366.0445555391623,1)
[1969]: (365.4929913531465,1)
[1970]: (368.0429271186026,1)
[1971]: (365.7151999090971,1)
[1972]: (365.1232700384989,1)
[1973]: (365.1864936736018,1)
[1974]: (367.1108462062668,1)
[1975]: (366.1732295293938,1)
[1976]: (367.3746361427965,1)
[1977]: (366.2660217685565,1)
[1978]: (366.2387286406691,1)
[1979]: (365.6716042571012,1)
[1980]: (365.2390568928608,1)
[1981]: (365.1712987211355,1)
[1982]: (365.7286151535439,1)
[1983]: (368.0339082890797,1)
[1984]: (365.2233513431511,1)
[1985]: (367.1431325434276,1)
[1986]: (366.1094361722781,1)
[1987]: (365.3486443479796,1)
[1988]: (365.2819948549686,1)
[1989]: (365.1088514180492,1)
[1990]: (367.1617961208612,1)
[1991]: (367.1605579537284,1)
[1992]: (365.397400215948,1)
[1993]: (365.4575586797274,1)
[1994]: (365.2300417046852,1)
[1995]: (365.3219182439016,1)
[1996]: (365.0942757677285,1)
[1997]: (368.0223080454962,1)
[1998]: (365.5174089654273,1)
[1999]: (366.4754900448041,1)
 -- States explored : 0 states
 -- CPU user time used : 61470 ms
 -- Virtual memory used : 1984792 KiB
 -- Resident memory used : 1946368 KiB
executionTime: 401
