core file size          (blocks, -c) unlimited
data seg size           (kbytes, -d) unlimited
scheduling priority             (-e) 0
file size               (blocks, -f) unlimited
pending signals                 (-i) 4077086
max locked memory       (kbytes, -l) 64
max memory size         (kbytes, -m) 66060288
open files                      (-n) 4096
pipe size            (512 bytes, -p) 8
POSIX message queues     (bytes, -q) 819200
real-time priority              (-r) 0
stack size              (kbytes, -s) 8192
cpu time               (seconds, -t) unlimited
max user processes              (-u) 4077086
virtual memory          (kbytes, -v) 63000000
file locks                      (-x) unlimited
Options for the verification:
  Generating some trace
  Search order is random depth first
  Using conservative space optimisation
  Seed is 1556912443
  State space representation uses minimal constraint systems
  Using HashMap + Compress integers for discrete state storage

Verifying formula 1 at ../queries/SN_100_6_2.q:1
 -- Formula is satisfied.
(9000 runs)
Learning statistics for best strategy: 
	Number of resets: 0
	Number of iterations in last reset: 11
	Number of iterations in total: 11

 -- States explored : 0 states
 -- CPU user time used : 230590 ms
 -- Virtual memory used : 1119016 KiB
 -- Resident memory used : 1080524 KiB

Verifying formula 2 at ../queries/SN_100_6_2.q:2
 -- Formula is satisfied.
Composer.Done:
[0]: (0,0) (570.0917692636818,1)
[1]: (571.6343979993995,1)
[2]: (572.6140807655645,1)
[3]: (572.015597168126,1)
[4]: (570.3562083719853,1)
[5]: (572.0277714158392,1)
[6]: (572.1511832831047,1)
[7]: (575.6160538047136,1)
[8]: (575.1594880368594,1)
[9]: (570.3015162999189,1)
[10]: (571.353915700912,1)
[11]: (574.349790599304,1)
[12]: (574.0812006934372,1)
[13]: (570.058702050596,1)
[14]: (571.2891266550936,1)
[15]: (570.1545945424293,1)
[16]: (571.1885992405578,1)
[17]: (572.0461861484691,1)
[18]: (570.1286710508206,1)
[19]: (572.1164558283762,1)
[20]: (571.052632980575,1)
[21]: (574.4464244195495,1)
[22]: (571.1327044607051,1)
[23]: (571.2429964470925,1)
[24]: (572.1688785504966,1)
[25]: (574.0624883133351,1)
[26]: (572.0226438320359,1)
[27]: (571.1129385062643,1)
[28]: (577.2072471561612,1)
[29]: (571.9245426689944,1)
[30]: (572.0087446089376,1)
[31]: (572.3468523951592,1)
[32]: (573.0356017714026,1)
[33]: (572.1374088091857,1)
[34]: (570.5212342975548,1)
[35]: (573.3680451169233,1)
[36]: (571.8693313315854,1)
[37]: (575.0465185991936,1)
[38]: (571.0163166003911,1)
[39]: (570.2570243547677,1)
[40]: (574.1431456165261,1)
[41]: (573.1152195735084,1)
[42]: (577.5487511211086,1)
[43]: (570.1237445904216,1)
[44]: (571.5312110284439,1)
[45]: (570.2506639351949,1)
[46]: (574.5151721434274,1)
[47]: (570.0494481844154,1)
[48]: (576.6871646163869,1)
[49]: (572.0917098739418,1)
[50]: (574.3655953496864,1)
[51]: (579.1548366275597,1)
[52]: (570.6954380905044,1)
[53]: (572.8879262686862,1)
[54]: (571.2040288674692,1)
[55]: (572.0746626141893,1)
[56]: (571.0085973233895,1)
[57]: (573.1062919193621,1)
[58]: (571.0331088670049,1)
[59]: (573.040264472301,1)
[60]: (577.0697600908942,1)
[61]: (574.1230576167223,1)
[62]: (574.3699381671966,1)
[63]: (580.3420892655255,1)
[64]: (570.1777902604779,1)
[65]: (573.3028460572903,1)
[66]: (570.2328290563432,1)
[67]: (572.2270686291746,1)
[68]: (573.0030371512706,1)
[69]: (571.022956467994,1)
[70]: (573.0432482124115,1)
[71]: (572.3151190570503,1)
[72]: (576.0638039265671,1)
[73]: (572.2911199456104,1)
[74]: (572.3454664039245,1)
[75]: (572.1286351777151,1)
[76]: (574.0109869622449,1)
[77]: (571.0239343149684,1)
[78]: (572.8152701212879,1)
[79]: (571.01310586524,1)
[80]: (580.1739533741098,1)
[81]: (574.3337717523027,1)
[82]: (574.0221870343581,1)
[83]: (571.0200752072715,1)
[84]: (572.2185238825255,1)
[85]: (578.1604668401981,1)
[86]: (575.1902051644101,1)
[87]: (576.1509486006748,1)
[88]: (572.2095374220838,1)
[89]: (570.3508228192427,1)
[90]: (572.0670425997184,1)
[91]: (571.5487275128974,1)
[92]: (572.0480913495937,1)
[93]: (573.7157269473811,1)
[94]: (575.5052607617444,1)
[95]: (573.6622278686621,1)
[96]: (572.1033044051329,1)
[97]: (570.1898347321032,1)
[98]: (577.2534850869525,1)
[99]: (570.031323205924,1)
[100]: (572.1630902896798,1)
[101]: (573.2298617243833,1)
[102]: (571.1722198128083,1)
[103]: (578.6272756916682,1)
[104]: (571.9668644625336,1)
[105]: (570.2911686855841,1)
[106]: (577.3383735434423,1)
[107]: (574.0948885790197,1)
[108]: (571.1977322088283,1)
[109]: (572.2341455465715,1)
[110]: (570.5238912426337,1)
[111]: (575.4098394541913,1)
[112]: (571.1467926428716,1)
[113]: (571.1000537943103,1)
[114]: (578.0806233286157,1)
[115]: (571.4853673988894,1)
[116]: (574.6568037714576,1)
[117]: (574.0141488723826,1)
[118]: (576.1696899183898,1)
[119]: (571.25492138043,1)
[120]: (572.395608218982,1)
[121]: (573.556914154623,1)
[122]: (572.3078441327178,1)
[123]: (573.2427308043102,1)
[124]: (573.1590205588265,1)
[125]: (571.0632951267129,1)
[126]: (575.3237260839468,1)
[127]: (572.4624672195648,1)
[128]: (576.0201702001087,1)
[129]: (572.0080562003704,1)
[130]: (580.1395584730395,1)
[131]: (571.0128733729269,1)
[132]: (573.1414984294046,1)
[133]: (572.5134190086336,1)
[134]: (571.1457841090659,1)
[135]: (573.277604128652,1)
[136]: (573.065256245911,1)
[137]: (573.8515078372043,1)
[138]: (571.2907376013746,1)
[139]: (571.406900831505,1)
[140]: (570.4837004900061,1)
[141]: (571.4373892775106,1)
[142]: (570.0279279099709,1)
[143]: (570.4709887153314,1)
[144]: (572.3667462674143,1)
[145]: (577.1301746113396,1)
[146]: (571.3025361574846,1)
[147]: (573.0497584599369,1)
[148]: (581.0707677656227,1)
[149]: (572.1631811549105,1)
[150]: (572.1852662691814,1)
[151]: (572.2762288966926,1)
[152]: (573.1689407283609,1)
[153]: (572.1906411870103,1)
[154]: (571.0174251842601,1)
[155]: (573.3810055291223,1)
[156]: (571.0361184483237,1)
[157]: (576.5183461814958,1)
[158]: (573.7017444081221,1)
[159]: (572.2732571064194,1)
[160]: (571.6074329740356,1)
[161]: (572.0935775861789,1)
[162]: (570.1988378929684,1)
[163]: (571.2755052078896,1)
[164]: (572.0986811758971,1)
[165]: (570.3723846869135,1)
[166]: (574.5446833007267,1)
[167]: (571.3532869739839,1)
[168]: (574.2515636210019,1)
[169]: (580.0376745197784,1)
[170]: (574.1999053632313,1)
[171]: (578.1598550347542,1)
[172]: (574.3734947275569,1)
[173]: (571.3417030877417,1)
[174]: (570.1859058039544,1)
[175]: (573.0294612220732,1)
[176]: (574.1797043250772,1)
[177]: (572.1472596560936,1)
[178]: (573.2554170543546,1)
[179]: (570.3580647493469,1)
[180]: (572.2373857585292,1)
[181]: (570.3269468759273,1)
[182]: (575.9023292657797,1)
[183]: (577.0811767151384,1)
[184]: (574.0427607958726,1)
[185]: (572.1304674133513,1)
[186]: (575.04912589016,1)
[187]: (574.4060938590045,1)
[188]: (571.2489738184255,1)
[189]: (573.0224963878851,1)
[190]: (574.2169305976819,1)
[191]: (570.5183695794872,1)
[192]: (570.0996710493613,1)
[193]: (572.1860144857316,1)
[194]: (571.2060122741169,1)
[195]: (571.0106209854881,1)
[196]: (572.1763090411689,1)
[197]: (572.1620390884462,1)
[198]: (570.0724755473589,1)
[199]: (577.1681316672906,1)
[200]: (573.107044309001,1)
[201]: (577.083896505007,1)
[202]: (571.3098300049953,1)
[203]: (573.0737284852484,1)
[204]: (571.0265510091333,1)
[205]: (574.2804759041118,1)
[206]: (574.2732214757517,1)
[207]: (570.1005939773946,1)
[208]: (571.4231900270397,1)
[209]: (570.5674621640719,1)
[210]: (572.4837074292525,1)
[211]: (573.0319960129555,1)
[212]: (577.0768404793673,1)
[213]: (573.2205556533493,1)
[214]: (577.1679086611634,1)
[215]: (572.3516904517305,1)
[216]: (572.4066053413645,1)
[217]: (576.0428427977868,1)
[218]: (571.000762366916,1)
[219]: (572.0229956026675,1)
[220]: (574.3026928259762,1)
[221]: (573.0818916862858,1)
[222]: (570.9354271520471,1)
[223]: (572.2155500332633,1)
[224]: (570.0414328733535,1)
[225]: (571.3175220235246,1)
[226]: (570.2871819718213,1)
[227]: (580.3992383331044,1)
[228]: (570.6412506423013,1)
[229]: (570.1555309065418,1)
[230]: (572.0770350817178,1)
[231]: (571.0691836355293,1)
[232]: (572.0878775213514,1)
[233]: (573.0725774726376,1)
[234]: (573.3804504015877,1)
[235]: (571.0569085953225,1)
[236]: (570.8061191618599,1)
[237]: (570.5743748080492,1)
[238]: (572.1334620848369,1)
[239]: (572.3250969869673,1)
[240]: (571.1927964503599,1)
[241]: (573.0073719021862,1)
[242]: (572.6132089690412,1)
[243]: (575.062894063207,1)
[244]: (577.5410971024465,1)
[245]: (571.0480397702503,1)
[246]: (571.2056942665755,1)
[247]: (577.481412219479,1)
[248]: (579.0051276181504,1)
[249]: (570.250377863956,1)
[250]: (576.1497988846096,1)
[251]: (573.7319136600455,1)
[252]: (573.0954813483337,1)
[253]: (573.0925397846246,1)
[254]: (572.1002341883556,1)
[255]: (572.0891260870241,1)
[256]: (572.3767583725158,1)
[257]: (572.5704975403379,1)
[258]: (572.1188934284265,1)
[259]: (572.8778587368029,1)
[260]: (572.3798663642916,1)
[261]: (574.0522358039647,1)
[262]: (571.7329236535841,1)
[263]: (574.1419661764292,1)
[264]: (573.0827441222131,1)
[265]: (571.0298343023189,1)
[266]: (570.2286173414682,1)
[267]: (573.0998160973991,1)
[268]: (571.8467695710731,1)
[269]: (575.1500652842986,1)
[270]: (572.1867305921695,1)
[271]: (570.6418702565182,1)
[272]: (570.2449620957634,1)
[273]: (572.5801191410519,1)
[274]: (574.1533208718366,1)
[275]: (571.1927779093319,1)
[276]: (572.4002213478011,1)
[277]: (571.3839022206467,1)
[278]: (575.1858107926214,1)
[279]: (575.13748703359,1)
[280]: (570.1404711156375,1)
[281]: (571.2607555732891,1)
[282]: (572.1651484141793,1)
[283]: (572.1000401937,1)
[284]: (573.1372899137134,1)
[285]: (570.135771214996,1)
[286]: (571.0440317064199,1)
[287]: (571.0656217219203,1)
[288]: (574.0011321816057,1)
[289]: (571.1231697582542,1)
[290]: (572.0282994253557,1)
[291]: (572.3551121555603,1)
[292]: (572.1546438014261,1)
[293]: (574.3427379821946,1)
[294]: (572.5352154702459,1)
[295]: (573.1937763385667,1)
[296]: (570.0723597547005,1)
[297]: (575.0470193804287,1)
[298]: (572.5342802892222,1)
[299]: (571.2998023694453,1)
[300]: (571.2672835747236,1)
[301]: (573.087922611281,1)
[302]: (570.0517732061799,1)
[303]: (572.0087193797652,1)
[304]: (575.5607739181597,1)
[305]: (575.4057166212878,1)
[306]: (572.4235513232012,1)
[307]: (572.0025212188815,1)
[308]: (571.303870802588,1)
[309]: (575.803850486244,1)
[310]: (572.0702018658337,1)
[311]: (570.8705443356218,1)
[312]: (572.3531438708429,1)
[313]: (574.0984488341514,1)
[314]: (572.2274303193306,1)
[315]: (574.4211885055061,1)
[316]: (571.3773284206342,1)
[317]: (577.2021363966992,1)
[318]: (572.4399848416515,1)
[319]: (571.335740320554,1)
[320]: (572.1174707234256,1)
[321]: (574.2731171012192,1)
[322]: (574.7139716267484,1)
[323]: (571.0123158855496,1)
[324]: (574.4828972630216,1)
[325]: (574.0419305386871,1)
[326]: (572.4569462461702,1)
[327]: (573.0185676548591,1)
[328]: (570.289683661749,1)
[329]: (573.6849448325518,1)
[330]: (572.0481021292157,1)
[331]: (572.9531265302511,1)
[332]: (573.1442364508922,1)
[333]: (571.5586549598055,1)
[334]: (570.025419765775,1)
[335]: (574.0542505455404,1)
[336]: (571.1616604642433,1)
[337]: (571.2877271615737,1)
[338]: (571.660443975548,1)
[339]: (571.0033623859983,1)
[340]: (572.4868102834015,1)
[341]: (572.646709930541,1)
[342]: (572.0038517650754,1)
[343]: (572.040538353169,1)
[344]: (570.6742182830535,1)
[345]: (571.0916944099333,1)
[346]: (577.9217457354043,1)
[347]: (572.5426900018682,1)
[348]: (572.5251719999297,1)
[349]: (576.0999357587152,1)
[350]: (571.0512475680938,1)
[351]: (572.8375068727984,1)
[352]: (576.28706123604,1)
[353]: (571.1668049111959,1)
[354]: (572.4994111843706,1)
[355]: (572.0607118895039,1)
[356]: (571.5862282257733,1)
[357]: (572.3245980499817,1)
[358]: (576.4424769713536,1)
[359]: (574.4796459058568,1)
[360]: (573.1255454077298,1)
[361]: (571.2503395096255,1)
[362]: (573.003626326354,1)
[363]: (573.1038382420999,1)
[364]: (573.5482096685874,1)
[365]: (572.0718703550762,1)
[366]: (571.2247508308742,1)
[367]: (574.2816417355905,1)
[368]: (570.4503700081583,1)
[369]: (571.1231237908007,1)
[370]: (570.0668845774643,1)
[371]: (571.6696395074689,1)
[372]: (578.0316918576635,1)
[373]: (573.3641231039551,1)
[374]: (572.8256179006977,1)
[375]: (573.473315684266,1)
[376]: (570.559633669645,1)
[377]: (570.0926292725522,1)
[378]: (570.341935438103,1)
[379]: (573.2296099176842,1)
[380]: (570.5907312663896,1)
[381]: (571.3505012914648,1)
[382]: (571.0056081626853,1)
[383]: (572.3831718516976,1)
[384]: (571.4388700673331,1)
[385]: (570.1218851273334,1)
[386]: (572.074630586756,1)
[387]: (574.0156745568285,1)
[388]: (572.2765377807634,1)
[389]: (573.0180872820461,1)
[390]: (575.7759799220991,1)
[391]: (574.1512490147645,1)
[392]: (572.2955838848052,1)
[393]: (571.0399271691741,1)
[394]: (571.0420398161685,1)
[395]: (572.0708365276231,1)
[396]: (574.177213654355,1)
[397]: (571.0943995904713,1)
[398]: (577.6212698063164,1)
[399]: (572.0849253516681,1)
[400]: (574.4749808371059,1)
[401]: (572.2961662740072,1)
[402]: (575.0263530763808,1)
[403]: (580.0081028390427,1)
[404]: (577.1441821003518,1)
[405]: (570.0985930281078,1)
[406]: (572.0079383743489,1)
[407]: (571.1939781948777,1)
[408]: (574.5336230784565,1)
[409]: (574.2494477612032,1)
[410]: (572.1288961634442,1)
[411]: (572.6409903823575,1)
[412]: (577.0620878228435,1)
[413]: (572.3425214931028,1)
[414]: (571.1608780467225,1)
[415]: (570.2044136416697,1)
[416]: (577.1839917287758,1)
[417]: (571.0202569584026,1)
[418]: (574.076056900404,1)
[419]: (574.1256447572579,1)
[420]: (572.0571433833637,1)
[421]: (571.8617860923528,1)
[422]: (574.8338057480017,1)
[423]: (574.3118368413999,1)
[424]: (573.4898130853678,1)
[425]: (574.635323486312,1)
[426]: (575.005357297075,1)
[427]: (572.1811537033946,1)
[428]: (572.157023095681,1)
[429]: (570.764861552258,1)
[430]: (574.3732661994433,1)
[431]: (573.4369883881471,1)
[432]: (572.1351684277513,1)
[433]: (571.0688543971381,1)
[434]: (582.3312655513856,1)
[435]: (576.183710229115,1)
[436]: (573.02143323472,1)
[437]: (571.0846204549923,1)
[438]: (572.491776485997,1)
[439]: (572.0546231625145,1)
[440]: (570.293007908095,1)
[441]: (581.1460569158039,1)
[442]: (570.2526484996263,1)
[443]: (571.1683186170139,1)
[444]: (572.7094603030595,1)
[445]: (572.6312470712047,1)
[446]: (573.2111052380004,1)
[447]: (574.0593279135651,1)
[448]: (579.0382544634482,1)
[449]: (571.08730807543,1)
[450]: (571.2582457587196,1)
[451]: (572.5763483177629,1)
[452]: (571.3779605064099,1)
[453]: (571.1648667129286,1)
[454]: (571.1804419579134,1)
[455]: (572.1020901579543,1)
[456]: (578.121225516434,1)
[457]: (571.0808779825785,1)
[458]: (573.5100459971162,1)
[459]: (573.0261879419926,1)
[460]: (571.8388194506647,1)
[461]: (571.3270033056104,1)
[462]: (571.3401376705581,1)
[463]: (572.3456467024885,1)
[464]: (572.0436626175356,1)
[465]: (573.4335815246802,1)
[466]: (583.4227830187365,1)
[467]: (574.0701892231073,1)
[468]: (571.1746992422086,1)
[469]: (571.0006426181794,1)
[470]: (573.6095845048919,1)
[471]: (571.0964692644643,1)
[472]: (575.7923945931036,1)
[473]: (572.2718916772872,1)
[474]: (572.7842238039091,1)
[475]: (572.1281520764379,1)
[476]: (571.4213388655543,1)
[477]: (570.1300954201258,1)
[478]: (570.2093797469338,1)
[479]: (570.1810591041112,1)
[480]: (570.0388606618036,1)
[481]: (574.9334865178896,1)
[482]: (570.4895125118481,1)
[483]: (575.0170987515712,1)
[484]: (574.9454397988238,1)
[485]: (571.3402238739304,1)
[486]: (571.1087548581381,1)
[487]: (572.5728791812847,1)
[488]: (579.0706238275627,1)
[489]: (570.0165975071221,1)
[490]: (570.4116557292483,1)
[491]: (573.0505148014263,1)
[492]: (572.1871947352566,1)
[493]: (577.0664594235625,1)
[494]: (573.0544045747223,1)
[495]: (571.0539269542604,1)
[496]: (578.6059030036045,1)
[497]: (573.0412045715613,1)
[498]: (570.0647819372357,1)
[499]: (572.1618349165279,1)
[500]: (576.0421126292445,1)
[501]: (571.0204526226723,1)
[502]: (573.7526504717322,1)
[503]: (572.1196884641734,1)
[504]: (572.4064228404436,1)
[505]: (571.0575323982829,1)
[506]: (572.0553233489649,1)
[507]: (573.2538027768865,1)
[508]: (571.3593733088511,1)
[509]: (577.0432777619513,1)
[510]: (577.5627986060204,1)
[511]: (570.1166775064684,1)
[512]: (570.1095540612226,1)
[513]: (570.4071266804976,1)
[514]: (578.037280205319,1)
[515]: (572.0153495780041,1)
[516]: (576.6181359747701,1)
[517]: (577.1285529409947,1)
[518]: (573.110017604301,1)
[519]: (572.1468917914851,1)
[520]: (572.5158253951795,1)
[521]: (573.6742150402165,1)
[522]: (578.245749323083,1)
[523]: (575.1026331256878,1)
[524]: (571.1302834752894,1)
[525]: (570.6680882694351,1)
[526]: (571.0557177666158,1)
[527]: (576.0351573817572,1)
[528]: (570.1954814749852,1)
[529]: (571.2939928636494,1)
[530]: (572.4099620633825,1)
[531]: (576.3556008540479,1)
[532]: (577.0510133395294,1)
[533]: (577.0640945116523,1)
[534]: (579.0271248234093,1)
[535]: (574.5772933648141,1)
[536]: (572.0104788683088,1)
[537]: (575.1763457952707,1)
[538]: (573.1526276186374,1)
[539]: (574.8870715934403,1)
[540]: (571.1553668800545,1)
[541]: (574.0210208219862,1)
[542]: (570.3702314340468,1)
[543]: (573.0622436985316,1)
[544]: (573.0273811190151,1)
[545]: (572.201761062141,1)
[546]: (577.4714170973123,1)
[547]: (582.0801053689529,1)
[548]: (571.173716096147,1)
[549]: (570.2387259517913,1)
[550]: (570.2381374877464,1)
[551]: (573.1642724301662,1)
[552]: (573.3536419857603,1)
[553]: (571.0299286118839,1)
[554]: (573.8056921264107,1)
[555]: (575.4060832522624,1)
[556]: (572.0604224615978,1)
[557]: (571.2366061410678,1)
[558]: (572.0062567768899,1)
[559]: (572.1859793212774,1)
[560]: (572.0573847852988,1)
[561]: (570.4290614482654,1)
[562]: (573.3984439997158,1)
[563]: (574.2287215138313,1)
[564]: (575.5686712290591,1)
[565]: (579.5019682252486,1)
[566]: (573.6038732501925,1)
[567]: (582.1721699027473,1)
[568]: (576.126967044952,1)
[569]: (574.9129064940006,1)
[570]: (574.0619874448342,1)
[571]: (571.0159938558287,1)
[572]: (570.4965576682633,1)
[573]: (575.9953832143235,1)
[574]: (571.0299982452916,1)
[575]: (571.0483422645574,1)
[576]: (571.2031088169275,1)
[577]: (570.0379697054685,1)
[578]: (571.3644090615591,1)
[579]: (573.0323045531067,1)
[580]: (574.0958679474851,1)
[581]: (570.0849556560447,1)
[582]: (574.3026367282346,1)
[583]: (579.2598905567684,1)
[584]: (575.2197493244921,1)
[585]: (570.1869262722502,1)
[586]: (570.9298090665004,1)
[587]: (570.0586602220776,1)
[588]: (571.0983075422328,1)
[589]: (574.166448747341,1)
[590]: (573.0166943529321,1)
[591]: (573.0808376633971,1)
[592]: (572.4426277796773,1)
[593]: (571.0055709964282,1)
[594]: (572.2455310204743,1)
[595]: (572.4238890584004,1)
[596]: (572.6099312821665,1)
[597]: (572.1851518441264,1)
[598]: (575.6122310256399,1)
[599]: (576.2667319447925,1)
[600]: (576.2261519802821,1)
[601]: (572.8123837842994,1)
[602]: (573.7212751487776,1)
[603]: (571.0595942818492,1)
[604]: (576.1707636126508,1)
[605]: (573.165774803302,1)
[606]: (577.3129557989568,1)
[607]: (570.1600728395292,1)
[608]: (572.0897951151874,1)
[609]: (573.2956851467078,1)
[610]: (572.2345603123289,1)
[611]: (578.3060078900244,1)
[612]: (577.772790819384,1)
[613]: (573.5166097565134,1)
[614]: (572.1888649508534,1)
[615]: (576.0921124220365,1)
[616]: (570.0871800772574,1)
[617]: (574.0073564813301,1)
[618]: (572.3282716611986,1)
[619]: (570.0772136609174,1)
[620]: (573.651009337898,1)
[621]: (572.7921761990021,1)
[622]: (571.1956735372773,1)
[623]: (582.2729860876289,1)
[624]: (577.034091342547,1)
[625]: (571.1163241234655,1)
[626]: (571.1823873437895,1)
[627]: (573.1626563153252,1)
[628]: (574.0868219403638,1)
[629]: (571.6693920244262,1)
[630]: (573.0552385259409,1)
[631]: (573.0237612138889,1)
[632]: (577.2243588936808,1)
[633]: (575.0082180008229,1)
[634]: (573.4452245312767,1)
[635]: (571.2572794660374,1)
[636]: (570.6169728718878,1)
[637]: (571.5753897467429,1)
[638]: (570.0778156659077,1)
[639]: (572.1217597548355,1)
[640]: (573.5531304462263,1)
[641]: (571.7163185674117,1)
[642]: (572.0239891430713,1)
[643]: (574.2420309045633,1)
[644]: (572.5545372812264,1)
[645]: (573.0102723321251,1)
[646]: (570.687615997901,1)
[647]: (574.3363254148151,1)
[648]: (571.2882718610842,1)
[649]: (571.0539205307776,1)
[650]: (571.0944693417058,1)
[651]: (570.134501474233,1)
[652]: (576.2251002494393,1)
[653]: (571.4358814221,1)
[654]: (572.9262594130884,1)
[655]: (572.3042930259238,1)
[656]: (574.8083880733401,1)
[657]: (576.4283735812586,1)
[658]: (571.0428385978074,1)
[659]: (570.3452775765635,1)
[660]: (574.1535482142131,1)
[661]: (571.218525986532,1)
[662]: (571.0234936953568,1)
[663]: (572.2685643305002,1)
[664]: (570.4504830767168,1)
[665]: (570.1878884671838,1)
[666]: (572.3056769115905,1)
[667]: (574.020139379047,1)
[668]: (574.560063626342,1)
[669]: (574.0848979030961,1)
[670]: (570.5231552678258,1)
[671]: (572.2564159837523,1)
[672]: (576.1205677441947,1)
[673]: (571.0255615168606,1)
[674]: (574.0394861704461,1)
[675]: (571.1253828466611,1)
[676]: (571.4171946345808,1)
[677]: (575.1359042029546,1)
[678]: (572.3143461915796,1)
[679]: (571.7170521844131,1)
[680]: (572.5727061123703,1)
[681]: (572.4366246435071,1)
[682]: (576.6302440471536,1)
[683]: (570.7665496006191,1)
[684]: (573.6779019653842,1)
[685]: (574.4141829814096,1)
[686]: (571.4052996893461,1)
[687]: (573.1163755194711,1)
[688]: (574.2024567866523,1)
[689]: (575.0066251902348,1)
[690]: (573.1703876990964,1)
[691]: (570.1455247029382,1)
[692]: (572.3500964030976,1)
[693]: (574.2611172639598,1)
[694]: (571.7412617207672,1)
[695]: (571.2498512866674,1)
[696]: (573.2038549536258,1)
[697]: (571.220212916193,1)
[698]: (571.2739281636815,1)
[699]: (570.0739403626091,1)
[700]: (570.1396429103618,1)
[701]: (576.2301098586136,1)
[702]: (574.5935768128462,1)
[703]: (573.3193488720329,1)
[704]: (571.1581660035303,1)
[705]: (577.2890055220746,1)
[706]: (571.221764840119,1)
[707]: (575.6589571291664,1)
[708]: (570.1180571294279,1)
[709]: (574.0644373506475,1)
[710]: (573.3494290793502,1)
[711]: (572.1434558894487,1)
[712]: (570.4877227182637,1)
[713]: (573.2687403791324,1)
[714]: (577.2474480441163,1)
[715]: (572.2244190490289,1)
[716]: (572.3891929123369,1)
[717]: (577.0476915435961,1)
[718]: (570.0680076188301,1)
[719]: (572.0005892685492,1)
[720]: (571.6984407358005,1)
[721]: (570.2640028025098,1)
[722]: (571.4508159951805,1)
[723]: (570.7158028800217,1)
[724]: (579.8068264367249,1)
[725]: (570.7533416029647,1)
[726]: (571.0935381499905,1)
[727]: (571.6468089825436,1)
[728]: (573.4081182354531,1)
[729]: (571.06359786516,1)
[730]: (574.2667897123468,1)
[731]: (574.1003647527124,1)
[732]: (571.2932699632415,1)
[733]: (573.6398878968387,1)
[734]: (572.6484247674147,1)
[735]: (574.0374241706104,1)
[736]: (571.0048579682765,1)
[737]: (574.0469296936944,1)
[738]: (572.0056224337505,1)
[739]: (572.1071079495966,1)
[740]: (573.0547795197242,1)
[741]: (572.1190380949726,1)
[742]: (571.0132582859934,1)
[743]: (572.7265639152297,1)
[744]: (570.0526891350356,1)
[745]: (571.9652682266892,1)
[746]: (572.1384991060288,1)
[747]: (574.1358668535942,1)
[748]: (570.3097620823299,1)
[749]: (573.0037670358033,1)
[750]: (573.9814552004686,1)
[751]: (572.0269121580167,1)
[752]: (573.1001890088804,1)
[753]: (572.7883293758479,1)
[754]: (574.5486671037302,1)
[755]: (571.0693132699804,1)
[756]: (572.0836634613413,1)
[757]: (572.5500661791247,1)
[758]: (572.0709270032306,1)
[759]: (572.1144965218009,1)
[760]: (574.0224762423961,1)
[761]: (572.1081436197594,1)
[762]: (572.9780150741938,1)
[763]: (572.1568141578581,1)
[764]: (573.2488098041845,1)
[765]: (575.6478627045409,1)
[766]: (572.4358571991444,1)
[767]: (572.4507691528893,1)
[768]: (571.6303857591089,1)
[769]: (574.2355486588297,1)
[770]: (573.5065842561394,1)
[771]: (576.315437038767,1)
[772]: (574.0583411689291,1)
[773]: (575.0331969270342,1)
[774]: (575.0535544265346,1)
[775]: (570.1440309871539,1)
[776]: (571.2672323534504,1)
[777]: (575.1831863429398,1)
[778]: (573.3150662317391,1)
[779]: (576.063403288244,1)
[780]: (572.2701745617458,1)
[781]: (572.2821714150595,1)
[782]: (570.3536672715659,1)
[783]: (575.0732216415985,1)
[784]: (572.5966616307866,1)
[785]: (571.0319988001687,1)
[786]: (573.2895378190518,1)
[787]: (571.5086966226763,1)
[788]: (575.7534999097445,1)
[789]: (582.0573520915193,1)
[790]: (575.2675844825104,1)
[791]: (574.1442540973147,1)
[792]: (574.4910405729635,1)
[793]: (574.0746553672899,1)
[794]: (573.0734288758786,1)
[795]: (577.0027667732803,1)
[796]: (570.0584826655314,1)
[797]: (574.2132955607839,1)
[798]: (571.507072285807,1)
[799]: (572.2974500520584,1)
[800]: (571.5844443119788,1)
[801]: (580.6249243897321,1)
[802]: (573.5012587892494,1)
[803]: (572.2043895374702,1)
[804]: (570.2047588653093,1)
[805]: (572.3479861315466,1)
[806]: (576.4741712665945,1)
[807]: (572.0365920544122,1)
[808]: (572.1877501255315,1)
[809]: (572.1230268766166,1)
[810]: (575.0536408489947,1)
[811]: (573.2744694127747,1)
[812]: (577.3497322868807,1)
[813]: (577.4684995879156,1)
[814]: (572.6624239094174,1)
[815]: (577.0783493131306,1)
[816]: (571.0761905335294,1)
[817]: (576.1329090078815,1)
[818]: (577.1360965636437,1)
[819]: (575.689905364414,1)
[820]: (573.6552145120419,1)
[821]: (572.3176751106439,1)
[822]: (577.2168993018993,1)
[823]: (570.0096424399208,1)
[824]: (572.0084860593414,1)
[825]: (571.6889676031386,1)
[826]: (579.0384643549608,1)
[827]: (571.0995344710791,1)
[828]: (570.4702649214065,1)
[829]: (572.0916414039389,1)
[830]: (571.3228612439424,1)
[831]: (571.0838548132585,1)
[832]: (572.0304751800945,1)
[833]: (571.0212626555917,1)
[834]: (581.4323657993818,1)
[835]: (571.0285712980625,1)
[836]: (571.9848951122955,1)
[837]: (570.8318484659535,1)
[838]: (570.3170830152962,1)
[839]: (575.74912286084,1)
[840]: (575.2281417524617,1)
[841]: (572.2220290948781,1)
[842]: (575.5976694249575,1)
[843]: (570.1428765885526,1)
[844]: (572.0302892838839,1)
[845]: (578.4370664549264,1)
[846]: (575.1003279943199,1)
[847]: (572.0427308876567,1)
[848]: (570.1096521793032,1)
[849]: (575.3071664452874,1)
[850]: (574.8605849319964,1)
[851]: (577.0922312627996,1)
[852]: (572.3140139002821,1)
[853]: (572.3476129417762,1)
[854]: (572.0231077912528,1)
[855]: (571.0618074634036,1)
[856]: (571.3184961369725,1)
[857]: (571.6283564731146,1)
[858]: (570.2199771656698,1)
[859]: (570.4101804550631,1)
[860]: (574.0593996985907,1)
[861]: (572.0538561882935,1)
[862]: (572.2249900742238,1)
[863]: (573.2203681910355,1)
[864]: (572.0803423903122,1)
[865]: (573.0242170923309,1)
[866]: (572.2475274473259,1)
[867]: (581.1174307342721,1)
[868]: (571.4485142716181,1)
[869]: (574.0491046876405,1)
[870]: (571.1027116726597,1)
[871]: (572.2649154270642,1)
[872]: (571.0777981229926,1)
[873]: (572.1718862516144,1)
[874]: (573.2596391563927,1)
[875]: (577.1529370985563,1)
[876]: (571.2075450337735,1)
[877]: (574.0448336154308,1)
[878]: (576.2045807640911,1)
[879]: (573.2973070246406,1)
[880]: (575.2242943205659,1)
[881]: (572.0429005559678,1)
[882]: (570.0021382380835,1)
[883]: (572.0140849144523,1)
[884]: (572.0133885126378,1)
[885]: (575.3561435816665,1)
[886]: (574.3937932525594,1)
[887]: (573.1320945734873,1)
[888]: (571.0666614740177,1)
[889]: (572.1612550225383,1)
[890]: (574.6069822200451,1)
[891]: (570.1247926235803,1)
[892]: (574.0030795032245,1)
[893]: (572.5668759773589,1)
[894]: (573.181563682365,1)
[895]: (570.0567606501204,1)
[896]: (572.5105834655216,1)
[897]: (577.0562499237859,1)
[898]: (571.0156862111282,1)
[899]: (571.1806066455013,1)
[900]: (571.0190170490853,1)
[901]: (572.1163818400895,1)
[902]: (571.8309847920505,1)
[903]: (573.467657220517,1)
[904]: (573.666304834637,1)
[905]: (574.0648948403158,1)
[906]: (574.4667341650879,1)
[907]: (570.5483571955749,1)
[908]: (570.6730530646519,1)
[909]: (571.0338687626361,1)
[910]: (575.5272759720356,1)
[911]: (571.2334543708307,1)
[912]: (573.0048303047184,1)
[913]: (570.2481357287369,1)
[914]: (572.5530720467449,1)
[915]: (573.3373358761716,1)
[916]: (573.3232775151445,1)
[917]: (570.0221607169052,1)
[918]: (572.4226867455236,1)
[919]: (573.0850249548412,1)
[920]: (572.0540317930746,1)
[921]: (571.0482121913611,1)
[922]: (573.8421811050496,1)
[923]: (572.0514987645192,1)
[924]: (573.1647416742063,1)
[925]: (574.118005411182,1)
[926]: (570.510598465238,1)
[927]: (572.8710391414089,1)
[928]: (572.124516984364,1)
[929]: (572.1795523410101,1)
[930]: (570.3876929489518,1)
[931]: (570.1857840689445,1)
[932]: (571.2611966771532,1)
[933]: (570.9711417001578,1)
[934]: (572.1593980609309,1)
[935]: (573.5694881279047,1)
[936]: (575.1371551765023,1)
[937]: (576.5385719234201,1)
[938]: (572.1176060907601,1)
[939]: (573.7857304695975,1)
[940]: (571.3673363127521,1)
[941]: (570.0716314191086,1)
[942]: (570.0558627051952,1)
[943]: (577.2383928723876,1)
[944]: (571.5877499625218,1)
[945]: (574.4024142120761,1)
[946]: (570.4238438209675,1)
[947]: (571.209697777228,1)
[948]: (571.5581192353342,1)
[949]: (570.0584581565436,1)
[950]: (571.1544144741813,1)
[951]: (572.5567104261489,1)
[952]: (572.3080072627306,1)
[953]: (574.0410078992908,1)
[954]: (571.1217172716263,1)
[955]: (572.2373604267078,1)
[956]: (573.1226826739805,1)
[957]: (570.2244122224721,1)
[958]: (571.3122380583198,1)
[959]: (572.1498726250302,1)
[960]: (574.5699525681198,1)
[961]: (571.5308693998765,1)
[962]: (573.3591676082325,1)
[963]: (572.0613059657876,1)
[964]: (570.5279068224387,1)
[965]: (571.9117176681438,1)
[966]: (571.275011460428,1)
[967]: (571.1351138781099,1)
[968]: (570.3595018786388,1)
[969]: (572.0279375657634,1)
[970]: (573.0671438310003,1)
[971]: (570.4160869783992,1)
[972]: (572.5117706345493,1)
[973]: (572.4897492474588,1)
[974]: (571.0901057981918,1)
[975]: (571.0893925389568,1)
[976]: (573.6490248528096,1)
[977]: (581.3082795820116,1)
[978]: (570.243155291876,1)
[979]: (572.3894603895211,1)
[980]: (571.0130705501599,1)
[981]: (573.332169335237,1)
[982]: (579.7503327863351,1)
[983]: (573.1316613664167,1)
[984]: (574.1689463561555,1)
[985]: (571.0041657269472,1)
[986]: (582.0788618393342,1)
[987]: (572.4664483994901,1)
[988]: (571.0390804119721,1)
[989]: (573.1272902730498,1)
[990]: (570.1444358579342,1)
[991]: (571.1953802202327,1)
[992]: (570.3922732905911,1)
[993]: (572.2766781154528,1)
[994]: (572.2532059426359,1)
[995]: (573.8764941518144,1)
[996]: (572.0105355885172,1)
[997]: (573.3959440483108,1)
[998]: (570.0414800878218,1)
[999]: (571.0428631032462,1)
[1000]: (574.3764248757311,1)
[1001]: (571.0389805263717,1)
[1002]: (571.1759872320155,1)
[1003]: (572.5348366575752,1)
[1004]: (572.1025153085263,1)
[1005]: (571.186193766155,1)
[1006]: (572.126283154978,1)
[1007]: (572.2143580240984,1)
[1008]: (571.0401686702215,1)
[1009]: (571.2863998694538,1)
[1010]: (572.3903350075818,1)
[1011]: (576.5422258459115,1)
[1012]: (574.0220089459682,1)
[1013]: (573.057121602158,1)
[1014]: (576.4485033501394,1)
[1015]: (571.7194462467555,1)
[1016]: (572.2648772442284,1)
[1017]: (581.541590126527,1)
[1018]: (570.2226568176063,1)
[1019]: (571.41411688992,1)
[1020]: (573.4447996715984,1)
[1021]: (574.1370783829295,1)
[1022]: (575.0723101801219,1)
[1023]: (577.59377038872,1)
[1024]: (572.0278954209979,1)
[1025]: (571.3818287467659,1)
[1026]: (570.6763592677905,1)
[1027]: (571.152124716196,1)
[1028]: (577.3012101343326,1)
[1029]: (572.1049748774391,1)
[1030]: (571.1234901021701,1)
[1031]: (571.4549301885903,1)
[1032]: (572.0405933068844,1)
[1033]: (574.847410482122,1)
[1034]: (572.7011627487449,1)
[1035]: (570.212450970021,1)
[1036]: (571.0889034451999,1)
[1037]: (577.930012117091,1)
[1038]: (571.0806356829112,1)
[1039]: (571.1130483934965,1)
[1040]: (574.1400633578102,1)
[1041]: (574.0227919027579,1)
[1042]: (572.476653943095,1)
[1043]: (571.0951063424641,1)
[1044]: (575.2653433765993,1)
[1045]: (571.5204779679269,1)
[1046]: (571.1506598674964,1)
[1047]: (571.3296022282861,1)
[1048]: (573.1187627208348,1)
[1049]: (571.1543376768316,1)
[1050]: (570.5336358453072,1)
[1051]: (578.2637423325449,1)
[1052]: (571.0400125619298,1)
[1053]: (572.3002472518871,1)
[1054]: (571.546035530786,1)
[1055]: (571.3281809466488,1)
[1056]: (575.1715998975607,1)
[1057]: (577.0271447282173,1)
[1058]: (574.6629595708498,1)
[1059]: (577.0452095974144,1)
[1060]: (575.1213410741541,1)
[1061]: (571.2951698076672,1)
[1062]: (575.639959938871,1)
[1063]: (577.2297085955497,1)
[1064]: (571.0487746964509,1)
[1065]: (571.1888057571759,1)
[1066]: (571.5243492117776,1)
[1067]: (574.0589813442608,1)
[1068]: (572.2356000505199,1)
[1069]: (577.1745506708729,1)
[1070]: (574.0986175242299,1)
[1071]: (576.5211575975799,1)
[1072]: (574.1251758102345,1)
[1073]: (574.078858925657,1)
[1074]: (571.3560183127904,1)
[1075]: (571.1409915606757,1)
[1076]: (574.2293966853794,1)
[1077]: (572.7949035230495,1)
[1078]: (574.0991811868696,1)
[1079]: (574.0879770846173,1)
[1080]: (577.5878386695471,1)
[1081]: (576.1411466233474,1)
[1082]: (572.1452859493689,1)
[1083]: (570.2551086444523,1)
[1084]: (576.1369813496218,1)
[1085]: (573.2107681426255,1)
[1086]: (572.5561844338104,1)
[1087]: (577.1864538476201,1)
[1088]: (571.4706737362662,1)
[1089]: (573.0743424612721,1)
[1090]: (571.2098384807664,1)
[1091]: (577.0944148301207,1)
[1092]: (571.3877980057665,1)
[1093]: (570.2319787256813,1)
[1094]: (571.3402698756329,1)
[1095]: (572.3687639607791,1)
[1096]: (570.3911877748213,1)
[1097]: (572.5188622299602,1)
[1098]: (570.0334710476599,1)
[1099]: (572.7921290286911,1)
[1100]: (570.0184433576454,1)
[1101]: (573.0478189138739,1)
[1102]: (572.1500985999461,1)
[1103]: (571.6053457945173,1)
[1104]: (574.6804598138916,1)
[1105]: (570.2128930308802,1)
[1106]: (570.2343477414182,1)
[1107]: (572.2383734790848,1)
[1108]: (577.8370501564415,1)
[1109]: (571.3097805235655,1)
[1110]: (572.1010472495612,1)
[1111]: (572.1812412618082,1)
[1112]: (570.1847525526111,1)
[1113]: (571.480083796559,1)
[1114]: (580.0382002697354,1)
[1115]: (573.319249080797,1)
[1116]: (571.4640724392665,1)
[1117]: (579.3574493416393,1)
[1118]: (570.8578324945113,1)
[1119]: (573.0310132141227,1)
[1120]: (570.1346779670002,1)
[1121]: (573.172092237931,1)
[1122]: (574.5939259793124,1)
[1123]: (575.0053283160971,1)
[1124]: (574.0577424702429,1)
[1125]: (580.0944068651897,1)
[1126]: (573.079211470785,1)
[1127]: (571.021847193127,1)
[1128]: (571.6532930382959,1)
[1129]: (571.0533141071578,1)
[1130]: (575.584564704587,1)
[1131]: (580.6353612491803,1)
[1132]: (571.0230984339829,1)
[1133]: (571.1670037153791,1)
[1134]: (571.7707446071845,1)
[1135]: (572.5849488686684,1)
[1136]: (574.0238590034268,1)
[1137]: (574.3201469321187,1)
[1138]: (571.2798207752763,1)
[1139]: (572.2256300503524,1)
[1140]: (577.9012526214044,1)
[1141]: (572.2804538912382,1)
[1142]: (570.0089943042747,1)
[1143]: (570.3484991143258,1)
[1144]: (570.8320002721473,1)
[1145]: (574.1013472727052,1)
[1146]: (573.4697278678057,1)
[1147]: (573.143420018181,1)
[1148]: (570.0831914257571,1)
[1149]: (572.4671760889138,1)
[1150]: (573.2057582063134,1)
[1151]: (574.1615329614636,1)
[1152]: (570.0825594941771,1)
[1153]: (572.0237801374338,1)
[1154]: (574.4997402477092,1)
[1155]: (573.3239332176998,1)
[1156]: (572.1745416607315,1)
[1157]: (573.0892414910713,1)
[1158]: (574.0502185663969,1)
[1159]: (571.9543506011735,1)
[1160]: (574.1885809903183,1)
[1161]: (572.7121711446798,1)
[1162]: (573.16645985166,1)
[1163]: (570.3594490630203,1)
[1164]: (572.9398586856317,1)
[1165]: (575.3230773343614,1)
[1166]: (571.1970488325015,1)
[1167]: (571.3047626344456,1)
[1168]: (572.0262195725727,1)
[1169]: (570.0779271732979,1)
[1170]: (574.0026328103119,1)
[1171]: (572.4180847305365,1)
[1172]: (572.2023075960204,1)
[1173]: (570.7450573896487,1)
[1174]: (577.192354354519,1)
[1175]: (572.3045499708404,1)
[1176]: (573.2559966986014,1)
[1177]: (575.4839716703293,1)
[1178]: (573.6240437145173,1)
[1179]: (571.3216540073445,1)
[1180]: (572.3397910617756,1)
[1181]: (575.6268969876744,1)
[1182]: (571.1681799440014,1)
[1183]: (573.3655090348187,1)
[1184]: (572.024916168533,1)
[1185]: (574.1334200810451,1)
[1186]: (573.0934227277966,1)
[1187]: (574.0443641067595,1)
[1188]: (571.2748351786912,1)
[1189]: (574.8425749237272,1)
[1190]: (574.5341866278287,1)
[1191]: (570.2104053611087,1)
[1192]: (570.2346218507004,1)
[1193]: (572.0311693191929,1)
[1194]: (572.0438144784075,1)
[1195]: (572.2917862040395,1)
[1196]: (571.1136521933385,1)
[1197]: (577.1860743292739,1)
[1198]: (573.1127185061561,1)
[1199]: (571.1529838755175,1)
[1200]: (574.3234947724252,1)
[1201]: (570.0740441598335,1)
[1202]: (573.0159607751805,1)
[1203]: (572.0720808599669,1)
[1204]: (572.0511546692351,1)
[1205]: (570.0962385272911,1)
[1206]: (571.0929686606441,1)
[1207]: (574.0709360266504,1)
[1208]: (575.3165421058886,1)
[1209]: (573.287190312642,1)
[1210]: (572.1441666896018,1)
[1211]: (576.0014639033695,1)
[1212]: (577.1618972778803,1)
[1213]: (577.618727316156,1)
[1214]: (575.1378041756619,1)
[1215]: (570.284579529225,1)
[1216]: (572.1018145168018,1)
[1217]: (572.0514165867352,1)
[1218]: (574.7775343500543,1)
[1219]: (571.8819695106364,1)
[1220]: (577.4058619389733,1)
[1221]: (571.1094120110797,1)
[1222]: (575.0796838515909,1)
[1223]: (571.0310891391192,1)
[1224]: (575.7993929767254,1)
[1225]: (578.3733677540774,1)
[1226]: (574.0854917475948,1)
[1227]: (577.1965038759774,1)
[1228]: (583.2686848217602,1)
[1229]: (577.4107511981953,1)
[1230]: (571.6438864225067,1)
[1231]: (570.6426368803308,1)
[1232]: (572.0196460412202,1)
[1233]: (572.0724364301906,1)
[1234]: (575.297130408023,1)
[1235]: (575.006351036082,1)
[1236]: (570.3541847986994,1)
[1237]: (572.2885183120698,1)
[1238]: (572.3204659645992,1)
[1239]: (571.4043102013877,1)
[1240]: (570.2480736224564,1)
[1241]: (572.5813878476539,1)
[1242]: (573.6238924509439,1)
[1243]: (572.0931159425626,1)
[1244]: (570.1272420340096,1)
[1245]: (572.0095679543952,1)
[1246]: (570.6167620048675,1)
[1247]: (576.2800881627041,1)
[1248]: (570.0102860266934,1)
[1249]: (570.9004518401038,1)
[1250]: (576.0655661753334,1)
[1251]: (575.0057839634479,1)
[1252]: (571.5591137254977,1)
[1253]: (577.184765150834,1)
[1254]: (570.1351500461535,1)
[1255]: (573.0809606893615,1)
[1256]: (572.616887604265,1)
[1257]: (575.9077062233196,1)
[1258]: (571.092666264329,1)
[1259]: (570.2130246571455,1)
[1260]: (571.8540066630812,1)
[1261]: (572.0098482545626,1)
[1262]: (574.0394122975106,1)
[1263]: (573.0932074297858,1)
[1264]: (573.7332351750233,1)
[1265]: (571.6795123410742,1)
[1266]: (570.6879424934641,1)
[1267]: (575.1287586229075,1)
[1268]: (575.4303120721333,1)
[1269]: (571.1385016725694,1)
[1270]: (570.2862514485294,1)
[1271]: (571.1347469285691,1)
[1272]: (573.2444624198456,1)
[1273]: (570.0283557242294,1)
[1274]: (572.4302573078405,1)
[1275]: (572.0779728731281,1)
[1276]: (577.2760545308432,1)
[1277]: (571.1662516362733,1)
[1278]: (572.0697697396957,1)
[1279]: (574.4022632600692,1)
[1280]: (573.1054312349991,1)
[1281]: (570.6864819988334,1)
[1282]: (571.337662658604,1)
[1283]: (577.0148123181176,1)
[1284]: (571.1182265303793,1)
[1285]: (573.0565524300653,1)
[1286]: (573.561557432448,1)
[1287]: (574.23109475261,1)
[1288]: (572.2060865758742,1)
[1289]: (574.3672687810372,1)
[1290]: (571.0714790490867,1)
[1291]: (572.0019551149899,1)
[1292]: (572.459227442364,1)
[1293]: (571.0572828005027,1)
[1294]: (574.0699754242992,1)
[1295]: (574.32949674284,1)
[1296]: (574.4866852893143,1)
[1297]: (571.0255128790257,1)
[1298]: (574.083283845017,1)
[1299]: (577.3035749141744,1)
[1300]: (571.9299204583134,1)
[1301]: (571.2104265983511,1)
[1302]: (571.2928207048911,1)
[1303]: (572.8029203444554,1)
[1304]: (570.300449953398,1)
[1305]: (570.1044655134679,1)
[1306]: (571.0988043882442,1)
[1307]: (570.1693683142915,1)
[1308]: (570.1120843969693,1)
[1309]: (572.1299285536714,1)
[1310]: (571.1781872728482,1)
[1311]: (572.4474447937615,1)
[1312]: (570.3744343167505,1)
[1313]: (573.2455987889022,1)
[1314]: (573.0064576108902,1)
[1315]: (572.3783202290497,1)
[1316]: (570.0264197696023,1)
[1317]: (576.0745000530377,1)
[1318]: (573.1330920323002,1)
[1319]: (571.4123646227672,1)
[1320]: (572.3007703591285,1)
[1321]: (570.0134156952,1)
[1322]: (572.1788078771613,1)
[1323]: (572.1070376637977,1)
[1324]: (579.3648588867104,1)
[1325]: (572.7534752557783,1)
[1326]: (570.2639022389804,1)
[1327]: (570.4574872621438,1)
[1328]: (573.1303652015512,1)
[1329]: (572.5020780804716,1)
[1330]: (578.0180911764852,1)
[1331]: (570.1517076354399,1)
[1332]: (573.2751625645174,1)
[1333]: (570.141497680614,1)
[1334]: (571.4150820188277,1)
[1335]: (572.2998390651189,1)
[1336]: (573.0014504775229,1)
[1337]: (572.8668839199227,1)
[1338]: (574.4482597106347,1)
[1339]: (573.1580434292996,1)
[1340]: (573.2440476233063,1)
[1341]: (573.1868383877013,1)
[1342]: (570.2485993520301,1)
[1343]: (572.1410286957566,1)
[1344]: (571.0238477994568,1)
[1345]: (577.2020237967496,1)
[1346]: (571.1400146946659,1)
[1347]: (572.0155517508606,1)
[1348]: (571.1658335178757,1)
[1349]: (570.7883531734099,1)
[1350]: (571.0745828121197,1)
[1351]: (575.1989627685192,1)
[1352]: (572.1122493495317,1)
[1353]: (570.4912277550337,1)
[1354]: (577.8128297303465,1)
[1355]: (571.1551948943678,1)
[1356]: (572.0707397281377,1)
[1357]: (572.2853572302997,1)
[1358]: (571.3668057732207,1)
[1359]: (572.0949645525906,1)
[1360]: (573.5837990299335,1)
[1361]: (572.8056072453642,1)
[1362]: (574.3879024712178,1)
[1363]: (573.0295107382011,1)
[1364]: (571.6470638743608,1)
[1365]: (571.7851570476105,1)
[1366]: (574.8307031642511,1)
[1367]: (580.4912689085855,1)
[1368]: (571.2309242520374,1)
[1369]: (570.963630173631,1)
[1370]: (573.001750251482,1)
[1371]: (575.0301175584102,1)
[1372]: (573.2026055034098,1)
[1373]: (571.061550034476,1)
[1374]: (571.0667000665783,1)
[1375]: (574.6286366693344,1)
[1376]: (571.659206785422,1)
[1377]: (571.4831333388604,1)
[1378]: (573.0175323146182,1)
[1379]: (574.3080986821337,1)
[1380]: (576.2306781843923,1)
[1381]: (580.2507340030854,1)
[1382]: (573.3233788970734,1)
[1383]: (570.2934278432261,1)
[1384]: (577.3283124112934,1)
[1385]: (570.2659712690923,1)
[1386]: (574.1567032540358,1)
[1387]: (574.3656322573885,1)
[1388]: (570.6701526978832,1)
[1389]: (570.3833750645889,1)
[1390]: (571.1496734613343,1)
[1391]: (577.3419014357214,1)
[1392]: (574.0900890964527,1)
[1393]: (573.0454486591549,1)
[1394]: (571.1378911754775,1)
[1395]: (577.1875930287046,1)
[1396]: (575.2087231216476,1)
[1397]: (571.630457305483,1)
[1398]: (571.3154298211055,1)
[1399]: (575.5640446400713,1)
[1400]: (572.0881206273586,1)
[1401]: (574.0180237408848,1)
[1402]: (577.0318212817228,1)
[1403]: (572.0939962573727,1)
[1404]: (572.0394889476754,1)
[1405]: (577.7551087247984,1)
[1406]: (572.0748664929763,1)
[1407]: (571.0551409252683,1)
[1408]: (573.2187628436125,1)
[1409]: (572.0281013069888,1)
[1410]: (571.2473437089955,1)
[1411]: (570.9705557089335,1)
[1412]: (572.1742181446886,1)
[1413]: (570.3761000018287,1)
[1414]: (570.1769579849009,1)
[1415]: (573.1562344002581,1)
[1416]: (573.4255767970706,1)
[1417]: (573.0858878207079,1)
[1418]: (572.2635321037806,1)
[1419]: (574.1432388752628,1)
[1420]: (572.5307331762783,1)
[1421]: (570.2234450103167,1)
[1422]: (574.2586874930953,1)
[1423]: (575.6832867887623,1)
[1424]: (577.0541438665846,1)
[1425]: (570.0556704137107,1)
[1426]: (573.3629019118051,1)
[1427]: (572.1732427129507,1)
[1428]: (571.2692169534919,1)
[1429]: (576.2946323550836,1)
[1430]: (574.0495100294469,1)
[1431]: (573.1576398000825,1)
[1432]: (573.6941356011389,1)
[1433]: (570.0812451762429,1)
[1434]: (572.2228864297031,1)
[1435]: (574.053121928327,1)
[1436]: (571.1326027196299,1)
[1437]: (571.219365555914,1)
[1438]: (572.526264609199,1)
[1439]: (573.3115361314616,1)
[1440]: (572.1790702401754,1)
[1441]: (571.0271827253843,1)
[1442]: (572.1859875903194,1)
[1443]: (572.116172308517,1)
[1444]: (572.3689746941681,1)
[1445]: (573.05365315276,1)
[1446]: (570.9468359142055,1)
[1447]: (570.9692325378539,1)
[1448]: (573.3641697893313,1)
[1449]: (573.3305083105435,1)
[1450]: (572.3484251504905,1)
[1451]: (572.0522869290518,1)
[1452]: (572.2621188930061,1)
[1453]: (574.1455849137976,1)
[1454]: (580.0256910300346,1)
[1455]: (570.0264829565264,1)
[1456]: (570.2998835442691,1)
[1457]: (571.3986514285544,1)
[1458]: (570.0320430437724,1)
[1459]: (574.2781134190177,1)
[1460]: (571.065378448803,1)
[1461]: (571.2999393314598,1)
[1462]: (570.6518301614693,1)
[1463]: (574.007298919201,1)
[1464]: (570.0552163695249,1)
[1465]: (576.6825502812612,1)
[1466]: (571.6513589443886,1)
[1467]: (571.1338698801655,1)
[1468]: (574.0792481223164,1)
[1469]: (576.1216785290608,1)
[1470]: (574.2406566409747,1)
[1471]: (570.0762567089827,1)
[1472]: (570.5814960355439,1)
[1473]: (571.4618109284387,1)
[1474]: (574.0776912484068,1)
[1475]: (576.3305918900189,1)
[1476]: (572.1606656945888,1)
[1477]: (572.2156736920871,1)
[1478]: (571.0650280560916,1)
[1479]: (571.5562832597657,1)
[1480]: (573.5070277707615,1)
[1481]: (573.4385928365076,1)
[1482]: (573.1285899150153,1)
[1483]: (570.9438995545229,1)
[1484]: (574.4345074661148,1)
[1485]: (570.0767729394779,1)
[1486]: (572.6327891685074,1)
[1487]: (574.1329473388483,1)
[1488]: (570.0066473932787,1)
[1489]: (570.0852621269249,1)
[1490]: (571.0995947131141,1)
[1491]: (571.3437427174255,1)
[1492]: (577.0561479828174,1)
[1493]: (571.0088151043269,1)
[1494]: (577.0381280947885,1)
[1495]: (572.185430954028,1)
[1496]: (571.8500065864409,1)
[1497]: (577.1596300823072,1)
[1498]: (570.1397080870179,1)
[1499]: (580.0263907481331,1)
[1500]: (574.1319484344441,1)
[1501]: (570.2174884129713,1)
[1502]: (570.0103908534489,1)
[1503]: (571.2638006522021,1)
[1504]: (572.8288717660624,1)
[1505]: (571.0000379795388,1)
[1506]: (575.6895223305231,1)
[1507]: (571.6180657856363,1)
[1508]: (573.0156985067953,1)
[1509]: (583.0075439585731,1)
[1510]: (572.1017245885938,1)
[1511]: (573.0660563670716,1)
[1512]: (571.4602954367751,1)
[1513]: (574.1178911265888,1)
[1514]: (577.1368140159999,1)
[1515]: (570.0747693899174,1)
[1516]: (572.0259425541741,1)
[1517]: (571.8024895402689,1)
[1518]: (571.0761236298746,1)
[1519]: (571.1230278002668,1)
[1520]: (572.0678700037751,1)
[1521]: (576.7846978341943,1)
[1522]: (570.1285391530284,1)
[1523]: (573.4860738587107,1)
[1524]: (574.586684130105,1)
[1525]: (574.5104707833394,1)
[1526]: (571.0601402160171,1)
[1527]: (572.4189322609352,1)
[1528]: (573.411921132766,1)
[1529]: (572.5897657557426,1)
[1530]: (573.0102651199068,1)
[1531]: (573.3581003087087,1)
[1532]: (574.137317973976,1)
[1533]: (570.2355954115228,1)
[1534]: (573.0365494649028,1)
[1535]: (572.1490266225568,1)
[1536]: (572.0995776636676,1)
[1537]: (572.0916209743185,1)
[1538]: (574.0498827627785,1)
[1539]: (573.0086666144624,1)
[1540]: (577.1231661721318,1)
[1541]: (571.2701994727613,1)
[1542]: (574.0085782221257,1)
[1543]: (571.8146329485435,1)
[1544]: (571.2269557044066,1)
[1545]: (570.0230411055885,1)
[1546]: (572.1036640556907,1)
[1547]: (574.4169798508966,1)
[1548]: (574.5324717573249,1)
[1549]: (574.6830726135913,1)
[1550]: (572.0715608614764,1)
[1551]: (574.2675730360875,1)
[1552]: (572.0111718577093,1)
[1553]: (577.0522690235987,1)
[1554]: (574.0405904340278,1)
[1555]: (581.1751616915042,1)
[1556]: (572.1595107961778,1)
[1557]: (570.1428073201782,1)
[1558]: (571.5814384614299,1)
[1559]: (572.2392054103058,1)
[1560]: (572.1093892733426,1)
[1561]: (571.3392256662389,1)
[1562]: (575.5210448224005,1)
[1563]: (570.6348735760612,1)
[1564]: (572.1375191530026,1)
[1565]: (577.6951424934723,1)
[1566]: (570.2002422339757,1)
[1567]: (570.0218923685064,1)
[1568]: (574.8001831760866,1)
[1569]: (574.7027029211829,1)
[1570]: (572.2538352964824,1)
[1571]: (572.1507546232685,1)
[1572]: (573.4144602917266,1)
[1573]: (573.2983319987961,1)
[1574]: (571.0080512832187,1)
[1575]: (574.0874314169192,1)
[1576]: (576.0003591792496,1)
[1577]: (571.2459837404659,1)
[1578]: (574.3696216500902,1)
[1579]: (570.0843168560477,1)
[1580]: (573.5908436895304,1)
[1581]: (572.0061624407175,1)
[1582]: (571.0114457869231,1)
[1583]: (578.4014095465292,1)
[1584]: (572.3131993194464,1)
[1585]: (577.5835321872739,1)
[1586]: (572.2204007625769,1)
[1587]: (573.0187158111275,1)
[1588]: (571.2002539516451,1)
[1589]: (570.1674278822327,1)
[1590]: (572.7010299842799,1)
[1591]: (572.70404172002,1)
[1592]: (571.0427169987896,1)
[1593]: (572.9136583092654,1)
[1594]: (571.8925971493866,1)
[1595]: (576.3549582852729,1)
[1596]: (570.0659598919585,1)
[1597]: (573.0239966078685,1)
[1598]: (570.1260287341272,1)
[1599]: (577.2755000415571,1)
[1600]: (572.504963464507,1)
[1601]: (574.2270363513675,1)
[1602]: (572.7476934271372,1)
[1603]: (571.7620076342946,1)
[1604]: (572.4682120396981,1)
[1605]: (573.7039155000159,1)
[1606]: (572.0624313524679,1)
[1607]: (577.9862151495493,1)
[1608]: (572.4403155296708,1)
[1609]: (570.0616439460506,1)
[1610]: (571.3356681056231,1)
[1611]: (572.2550339416365,1)
[1612]: (576.2106125955321,1)
[1613]: (571.5648577930139,1)
[1614]: (570.0848169960054,1)
[1615]: (570.1301289721927,1)
[1616]: (570.32720808585,1)
[1617]: (572.0557558336614,1)
[1618]: (570.1959118780821,1)
[1619]: (576.0386671960266,1)
[1620]: (577.1564459915072,1)
[1621]: (573.3158609678869,1)
[1622]: (576.0573928558383,1)
[1623]: (573.0877725406484,1)
[1624]: (578.2989514606144,1)
[1625]: (572.1162730999371,1)
[1626]: (572.6218986906387,1)
[1627]: (571.4134543906414,1)
[1628]: (572.7568764650395,1)
[1629]: (572.3595306132664,1)
[1630]: (571.6670388834432,1)
[1631]: (571.0071559688848,1)
[1632]: (572.1044874698734,1)
[1633]: (572.2212568674449,1)
[1634]: (572.0467993108153,1)
[1635]: (576.9136969286674,1)
[1636]: (577.1027913768997,1)
[1637]: (576.4714150683908,1)
[1638]: (573.4605448040172,1)
[1639]: (572.1939948783396,1)
[1640]: (570.2564625914054,1)
[1641]: (571.0185186605411,1)
[1642]: (570.0770703781227,1)
[1643]: (572.1202138370965,1)
[1644]: (572.1663494324112,1)
[1645]: (571.0031035117038,1)
[1646]: (574.0255978094957,1)
[1647]: (573.2342190618313,1)
[1648]: (571.112551521673,1)
[1649]: (571.0866830357756,1)
[1650]: (572.0265858850292,1)
[1651]: (572.0710998436235,1)
[1652]: (571.0453184368871,1)
[1653]: (574.0228067931059,1)
[1654]: (570.0312169617995,1)
[1655]: (571.3437109517535,1)
[1656]: (571.2085472233731,1)
[1657]: (573.0494891936362,1)
[1658]: (571.0600340146717,1)
[1659]: (570.3094291527278,1)
[1660]: (573.0106972034754,1)
[1661]: (581.2207572262839,1)
[1662]: (575.0802076698321,1)
[1663]: (578.5921207626358,1)
[1664]: (571.1977838562029,1)
[1665]: (571.5971024583596,1)
[1666]: (571.021395538458,1)
[1667]: (571.0685520111978,1)
[1668]: (573.2268855453874,1)
[1669]: (572.2105464792877,1)
[1670]: (573.0282281028261,1)
[1671]: (570.0108683769568,1)
[1672]: (576.024245876289,1)
[1673]: (572.3877594827743,1)
[1674]: (574.5047372621873,1)
[1675]: (576.1149666840489,1)
[1676]: (570.2949105266988,1)
[1677]: (574.1016730891323,1)
[1678]: (571.0481868271236,1)
[1679]: (572.0206819010541,1)
[1680]: (572.3013688921493,1)
[1681]: (575.330966831296,1)
[1682]: (570.9878426212808,1)
[1683]: (577.8404621815848,1)
[1684]: (574.4435650174132,1)
[1685]: (574.2232592466935,1)
[1686]: (571.0882588856068,1)
[1687]: (572.2890852962863,1)
[1688]: (571.2090329019463,1)
[1689]: (571.4635943361086,1)
[1690]: (574.0026929920847,1)
[1691]: (571.102056361232,1)
[1692]: (570.6157492956293,1)
[1693]: (572.6666450178067,1)
[1694]: (573.6445661208721,1)
[1695]: (572.0586226331164,1)
[1696]: (572.0448651351907,1)
[1697]: (573.5609171483777,1)
[1698]: (572.3595740586663,1)
[1699]: (573.0286149481908,1)
[1700]: (572.1466691180187,1)
[1701]: (572.0247204811544,1)
[1702]: (570.8901530201604,1)
[1703]: (572.1779000648298,1)
[1704]: (576.3220334130671,1)
[1705]: (574.7957995108936,1)
[1706]: (575.0124675433184,1)
[1707]: (571.2146880433963,1)
[1708]: (575.5887798462916,1)
[1709]: (577.1828793700005,1)
[1710]: (576.0280944686044,1)
[1711]: (571.0437582610839,1)
[1712]: (572.5915788454955,1)
[1713]: (571.0037388193318,1)
[1714]: (572.3162200534013,1)
[1715]: (576.0520241141198,1)
[1716]: (574.116788189044,1)
[1717]: (574.0230818868328,1)
[1718]: (572.0695182281825,1)
[1719]: (574.4517957654733,1)
[1720]: (571.0939730660247,1)
[1721]: (572.1373878539129,1)
[1722]: (576.174873357849,1)
[1723]: (571.0605313178398,1)
[1724]: (571.0617803377196,1)
[1725]: (575.8405938007114,1)
[1726]: (577.4203700687569,1)
[1727]: (570.3257794375943,1)
[1728]: (574.6597832949683,1)
[1729]: (572.2079343266362,1)
[1730]: (573.0364326751388,1)
[1731]: (570.3432643191798,1)
[1732]: (571.0161211412532,1)
[1733]: (571.0563391118941,1)
[1734]: (578.1658564442528,1)
[1735]: (572.2114980639635,1)
[1736]: (576.3872739527869,1)
[1737]: (571.5628916045414,1)
[1738]: (573.2575939798016,1)
[1739]: (575.8881649879146,1)
[1740]: (573.3132772195577,1)
[1741]: (577.3082367507926,1)
[1742]: (572.0548030879628,1)
[1743]: (577.5840573144905,1)
[1744]: (577.5457729258321,1)
[1745]: (571.0593020330099,1)
[1746]: (571.089122739148,1)
[1747]: (571.6262582698805,1)
[1748]: (575.6110752753397,1)
[1749]: (570.4001934509312,1)
[1750]: (576.3328706209104,1)
[1751]: (573.0400705342669,1)
[1752]: (573.173256758418,1)
[1753]: (570.2852761073956,1)
[1754]: (573.0720232581689,1)
[1755]: (573.2202780784768,1)
[1756]: (571.1856140469046,1)
[1757]: (572.0814226657416,1)
[1758]: (571.3398453491343,1)
[1759]: (574.0656099226304,1)
[1760]: (570.0122518535456,1)
[1761]: (572.0305877131934,1)
[1762]: (572.0386287581115,1)
[1763]: (572.194896819774,1)
[1764]: (571.4595563167491,1)
[1765]: (571.1332516547304,1)
[1766]: (570.0706950028749,1)
[1767]: (573.5080869454099,1)
[1768]: (572.168962738546,1)
[1769]: (570.3034431752726,1)
[1770]: (576.4184201354424,1)
[1771]: (571.0171433684585,1)
[1772]: (573.3006872807214,1)
[1773]: (570.2561219766751,1)
[1774]: (571.2252653515552,1)
[1775]: (577.4399521204101,1)
[1776]: (572.2007617491014,1)
[1777]: (571.0724071413556,1)
[1778]: (571.2579942155118,1)
[1779]: (570.0888470720677,1)
[1780]: (577.3275205559141,1)
[1781]: (571.2691222081454,1)
[1782]: (570.2330201319725,1)
[1783]: (572.2233789842312,1)
[1784]: (572.3388947828648,1)
[1785]: (572.3395969442803,1)
[1786]: (575.1435329267315,1)
[1787]: (570.8796499268112,1)
[1788]: (570.0315048906391,1)
[1789]: (571.0632048361621,1)
[1790]: (570.1778325457869,1)
[1791]: (576.4308038923789,1)
[1792]: (572.2933090063449,1)
[1793]: (570.1809807631837,1)
[1794]: (570.0749252303046,1)
[1795]: (572.4612980026963,1)
[1796]: (574.4829471064559,1)
[1797]: (571.1315159201819,1)
[1798]: (570.1213406688918,1)
[1799]: (570.2727205235575,1)
[1800]: (570.4921917562117,1)
[1801]: (573.4825044637437,1)
[1802]: (570.9539029702839,1)
[1803]: (571.1863254268158,1)
[1804]: (574.1606362831434,1)
[1805]: (573.0405721957635,1)
[1806]: (573.0330056220923,1)
[1807]: (573.0675767342611,1)
[1808]: (570.3025377631708,1)
[1809]: (572.0126664819517,1)
[1810]: (573.936782855711,1)
[1811]: (574.0264476356184,1)
[1812]: (572.3801091990997,1)
[1813]: (574.08679315456,1)
[1814]: (571.2052313967615,1)
[1815]: (570.2422749774845,1)
[1816]: (571.0548067537464,1)
[1817]: (572.2160457530846,1)
[1818]: (573.0199092735255,1)
[1819]: (573.4707173316503,1)
[1820]: (579.2378426677762,1)
[1821]: (573.3315908785615,1)
[1822]: (570.97965495039,1)
[1823]: (571.2968602088981,1)
[1824]: (573.6667006062602,1)
[1825]: (572.3654514507894,1)
[1826]: (576.1223243733708,1)
[1827]: (570.2258254797536,1)
[1828]: (571.1474750051781,1)
[1829]: (574.0019986052324,1)
[1830]: (573.3892133661471,1)
[1831]: (573.7190100852328,1)
[1832]: (574.0896709355671,1)
[1833]: (573.5605725906911,1)
[1834]: (570.1217442907782,1)
[1835]: (572.2621115191389,1)
[1836]: (571.2887045804817,1)
[1837]: (571.6207195829196,1)
[1838]: (572.1005748728521,1)
[1839]: (570.2051546616564,1)
[1840]: (572.4329736553344,1)
[1841]: (571.1765056998382,1)
[1842]: (571.456822485063,1)
[1843]: (571.1308623471008,1)
[1844]: (572.2106833112799,1)
[1845]: (570.069055918593,1)
[1846]: (574.0172832031857,1)
[1847]: (570.7189809361101,1)
[1848]: (570.224915450051,1)
[1849]: (571.2034175845108,1)
[1850]: (571.4508392638809,1)
[1851]: (572.7186535996555,1)
[1852]: (572.125029199355,1)
[1853]: (578.0927440629486,1)
[1854]: (570.1166362903996,1)
[1855]: (572.0369024322617,1)
[1856]: (573.2259752675001,1)
[1857]: (572.5497091971303,1)
[1858]: (572.308112072252,1)
[1859]: (571.2361106829337,1)
[1860]: (573.1467756880603,1)
[1861]: (571.5999592840486,1)
[1862]: (576.230497018137,1)
[1863]: (575.1228662079271,1)
[1864]: (577.1430620249438,1)
[1865]: (570.0370357240211,1)
[1866]: (572.2399634172478,1)
[1867]: (574.4647373315285,1)
[1868]: (570.2439448508369,1)
[1869]: (571.2105035808491,1)
[1870]: (572.0022777626118,1)
[1871]: (577.3221925367969,1)
[1872]: (572.2305733001408,1)
[1873]: (573.0656481118067,1)
[1874]: (574.0690313908365,1)
[1875]: (571.7917329970707,1)
[1876]: (570.0190689137636,1)
[1877]: (570.2140918090197,1)
[1878]: (572.399414474679,1)
[1879]: (574.1257939076169,1)
[1880]: (572.138410815588,1)
[1881]: (573.1597907037507,1)
[1882]: (573.3937851657067,1)
[1883]: (577.0996711149288,1)
[1884]: (571.2915568474903,1)
[1885]: (572.694968577388,1)
[1886]: (571.0894174130034,1)
[1887]: (570.1662536274371,1)
[1888]: (570.5597248360696,1)
[1889]: (572.022592569406,1)
[1890]: (571.2131755219162,1)
[1891]: (572.04461362463,1)
[1892]: (571.3552625630999,1)
[1893]: (572.1341066300002,1)
[1894]: (570.4088415954971,1)
[1895]: (577.5535481395247,1)
[1896]: (570.2855217548667,1)
[1897]: (572.362748263507,1)
[1898]: (573.1613503358526,1)
[1899]: (573.1520185365622,1)
[1900]: (575.0566286429794,1)
[1901]: (571.0499851273707,1)
[1902]: (577.0097618752584,1)
[1903]: (572.0467586438227,1)
[1904]: (572.2306835949599,1)
[1905]: (571.3584475730911,1)
[1906]: (571.661048063954,1)
[1907]: (578.5500477579078,1)
[1908]: (571.3154914872398,1)
[1909]: (571.4881226755031,1)
[1910]: (573.0691528898491,1)
[1911]: (577.164473081554,1)
[1912]: (571.4925848447845,1)
[1913]: (574.2293056730171,1)
[1914]: (572.5520236541868,1)
[1915]: (572.0091530095415,1)
[1916]: (572.0119420893114,1)
[1917]: (571.3458042407029,1)
[1918]: (570.2355641677849,1)
[1919]: (571.9809352613036,1)
[1920]: (574.0313255514967,1)
[1921]: (573.3196876776943,1)
[1922]: (573.9646779821118,1)
[1923]: (573.0272341505704,1)
[1924]: (576.2953262645514,1)
[1925]: (572.07549327655,1)
[1926]: (572.1231204258497,1)
[1927]: (571.03080281855,1)
[1928]: (571.5252216812335,1)
[1929]: (571.1533188618588,1)
[1930]: (570.1225998930098,1)
[1931]: (575.1496919067605,1)
[1932]: (574.5714940194936,1)
[1933]: (578.2124236072056,1)
[1934]: (571.187138313819,1)
[1935]: (577.383036507046,1)
[1936]: (576.1485252705604,1)
[1937]: (570.1261787684808,1)
[1938]: (571.6458872265148,1)
[1939]: (572.0109015612185,1)
[1940]: (576.4916661435337,1)
[1941]: (570.7268749675919,1)
[1942]: (572.1841610816384,1)
[1943]: (577.0132083687245,1)
[1944]: (572.6925292731535,1)
[1945]: (574.3885310429029,1)
[1946]: (572.2931795973817,1)
[1947]: (577.4504199872683,1)
[1948]: (574.5339319701955,1)
[1949]: (574.9741939491789,1)
[1950]: (576.5156854102879,1)
[1951]: (571.3451018086726,1)
[1952]: (570.1259196002565,1)
[1953]: (573.0219042490924,1)
[1954]: (572.474703885068,1)
[1955]: (575.0235395565629,1)
[1956]: (574.3325566962236,1)
[1957]: (570.0183366553163,1)
[1958]: (571.5949492517112,1)
[1959]: (571.2103883630099,1)
[1960]: (570.4388936770405,1)
[1961]: (577.1662733720327,1)
[1962]: (573.2369026817413,1)
[1963]: (572.0347965126745,1)
[1964]: (573.0231883338186,1)
[1965]: (576.3345654052848,1)
[1966]: (573.1856146119823,1)
[1967]: (570.4558941421594,1)
[1968]: (576.9276993337967,1)
[1969]: (572.1714181914875,1)
[1970]: (573.2900007517245,1)
[1971]: (575.4061222980688,1)
[1972]: (574.0711382786058,1)
[1973]: (571.6708439884063,1)
[1974]: (577.3875036950855,1)
[1975]: (571.0180618739863,1)
[1976]: (577.868942282682,1)
[1977]: (571.2403427224725,1)
[1978]: (571.3577307876758,1)
[1979]: (578.1441746994878,1)
[1980]: (572.2772306603187,1)
[1981]: (579.8504057732803,1)
[1982]: (570.3650053411836,1)
[1983]: (572.6286659979281,1)
[1984]: (572.5981753466161,1)
[1985]: (572.4191695160295,1)
[1986]: (574.5213446450956,1)
[1987]: (572.0776400479133,1)
[1988]: (574.4902277231932,1)
[1989]: (572.2572766294471,1)
[1990]: (571.2077549291781,1)
[1991]: (574.8994109589471,1)
[1992]: (571.3483487387183,1)
[1993]: (574.4567220189894,1)
[1994]: (574.1579765719659,1)
[1995]: (570.9201113020947,1)
[1996]: (572.1384989567337,1)
[1997]: (577.068551850406,1)
[1998]: (573.0085405258723,1)
[1999]: (571.5463591793307,1)
 -- States explored : 0 states
 -- CPU user time used : 36740 ms
 -- Virtual memory used : 1119016 KiB
 -- Resident memory used : 1080588 KiB
executionTime: 268
