core file size          (blocks, -c) unlimited
data seg size           (kbytes, -d) unlimited
scheduling priority             (-e) 0
file size               (blocks, -f) unlimited
pending signals                 (-i) 4077086
max locked memory       (kbytes, -l) 64
max memory size         (kbytes, -m) 66060288
open files                      (-n) 4096
pipe size            (512 bytes, -p) 8
POSIX message queues     (bytes, -q) 819200
real-time priority              (-r) 0
stack size              (kbytes, -s) 8192
cpu time               (seconds, -t) unlimited
max user processes              (-u) 4077086
virtual memory          (kbytes, -v) 63000000
file locks                      (-x) unlimited
Options for the verification:
  Generating some trace
  Search order is random depth first
  Using conservative space optimisation
  Seed is 1556629682
  State space representation uses minimal constraint systems
  Using HashMap + Compress integers for discrete state storage

Verifying formula 1 at ../queries/SN_100_14_4.q:1
 -- Formula is satisfied.
(9000 runs)
Learning statistics for best strategy: 
	Number of resets: 0
	Number of iterations in last reset: 17
	Number of iterations in total: 17

 -- States explored : 0 states
 -- CPU user time used : 223510 ms
 -- Virtual memory used : 2080780 KiB
 -- Resident memory used : 2042280 KiB

Verifying formula 2 at ../queries/SN_100_14_4.q:2
 -- Formula is satisfied.
Composer.Done:
[0]: (0,0) (138.2784453153837,1)
[1]: (139.3401890522863,1)
[2]: (136.0107022386361,1)
[3]: (138.076869879569,1)
[4]: (133.762322443558,1)
[5]: (135.7118477418061,1)
[6]: (136.3215317451084,1)
[7]: (136.6712199553928,1)
[8]: (134.3150400669162,1)
[9]: (137.567756797928,1)
[10]: (135.6192206225067,1)
[11]: (136.0960182253269,1)
[12]: (135.1681569796694,1)
[13]: (135.624595378977,1)
[14]: (133.2074365679954,1)
[15]: (136.2171560519601,1)
[16]: (137.144212614616,1)
[17]: (140.1267913100271,1)
[18]: (136.0294824738653,1)
[19]: (135.3629112283944,1)
[20]: (137.4790163328509,1)
[21]: (140.0372995133293,1)
[22]: (140.1057347407471,1)
[23]: (136.8497272635152,1)
[24]: (133.4754757220116,1)
[25]: (139.3753418483833,1)
[26]: (136.1690929259353,1)
[27]: (139.0619387650656,1)
[28]: (136.1727457775149,1)
[29]: (136.1547139048957,1)
[30]: (139.0442780534995,1)
[31]: (137.1317454105553,1)
[32]: (135.2634099200576,1)
[33]: (138.3441702532841,1)
[34]: (135.0201216733746,1)
[35]: (138.1921321710479,1)
[36]: (138.5524730601985,1)
[37]: (138.0862651448795,1)
[38]: (136.2838267981339,1)
[39]: (138.5425179270054,1)
[40]: (134.9856694607467,1)
[41]: (135.3041827067456,1)
[42]: (136.411469046914,1)
[43]: (141.6873405151327,1)
[44]: (135.6059882807342,1)
[45]: (137.0960895679056,1)
[46]: (137.0617067886466,1)
[47]: (138.018706521717,1)
[48]: (139.7064804552088,1)
[49]: (137.3827296226312,1)
[50]: (135.1542470509927,1)
[51]: (141.0854136630849,1)
[52]: (140.301886511668,1)
[53]: (138.5502613468769,1)
[54]: (139.1304565603889,1)
[55]: (134.1647836597198,1)
[56]: (140.3882406823232,1)
[57]: (136.0122210010526,1)
[58]: (138.1753486191639,1)
[59]: (138.0767484865457,1)
[60]: (137.2644249001328,1)
[61]: (136.64872707631,1)
[62]: (136.1436610477926,1)
[63]: (136.2412941000242,1)
[64]: (136.5852931853588,1)
[65]: (135.1465403225567,1)
[66]: (137.3462542335992,1)
[67]: (135.3036055019865,1)
[68]: (135.7533421604588,1)
[69]: (140.108026182038,1)
[70]: (134.4354824445701,1)
[71]: (135.5448180878775,1)
[72]: (139.1980536198405,1)
[73]: (140.4633768892112,1)
[74]: (138.6338440677118,1)
[75]: (137.314142235231,1)
[76]: (135.1148875968171,1)
[77]: (135.6197409091713,1)
[78]: (136.2110507620469,1)
[79]: (136.1282716684476,1)
[80]: (139.3374955016598,1)
[81]: (136.0357948854006,1)
[82]: (134.4019998938583,1)
[83]: (140.0370084666913,1)
[84]: (135.4049205809551,1)
[85]: (137.201220722328,1)
[86]: (134.6670428012705,1)
[87]: (134.0857344461663,1)
[88]: (139.7100957906916,1)
[89]: (138.2543795619163,1)
[90]: (135.1787860605535,1)
[91]: (135.1209507589119,1)
[92]: (134.3110217237326,1)
[93]: (135.2027304828922,1)
[94]: (138.0430028385723,1)
[95]: (143.0033796310873,1)
[96]: (137.2569704564923,1)
[97]: (133.3867515532416,1)
[98]: (136.106687446089,1)
[99]: (139.434095059551,1)
[100]: (136.2657010811966,1)
[101]: (135.6017406399057,1)
[102]: (137.1428086649454,1)
[103]: (135.5564359153578,1)
[104]: (138.3632242657465,1)
[105]: (134.7033929226133,1)
[106]: (134.5170252880688,1)
[107]: (139.4138499313601,1)
[108]: (134.1366773339725,1)
[109]: (137.3116729801283,1)
[110]: (137.3927996461827,1)
[111]: (135.2760564766393,1)
[112]: (139.1464467831507,1)
[113]: (134.0065914693223,1)
[114]: (133.353817759537,1)
[115]: (140.126440747302,1)
[116]: (135.464180270004,1)
[117]: (140.8797160291167,1)
[118]: (138.6703965663975,1)
[119]: (138.2888185842156,1)
[120]: (136.8505519734883,1)
[121]: (135.3699069214358,1)
[122]: (136.0376906517111,1)
[123]: (135.2435143468847,1)
[124]: (137.0966590607648,1)
[125]: (136.2836563283886,1)
[126]: (136.1075953320021,1)
[127]: (135.1487111489357,1)
[128]: (135.01617967489,1)
[129]: (135.5437905622731,1)
[130]: (138.5041391920573,1)
[131]: (138.0514183261423,1)
[132]: (136.098210340498,1)
[133]: (133.2421385786665,1)
[134]: (135.1107767916201,1)
[135]: (136.4311398175027,1)
[136]: (142.5562121255079,1)
[137]: (135.5308160251852,1)
[138]: (136.2265254883558,1)
[139]: (134.3156431146967,1)
[140]: (139.3521108648336,1)
[141]: (135.2449610901858,1)
[142]: (137.2894045384041,1)
[143]: (136.0193471844128,1)
[144]: (137.4325706827875,1)
[145]: (135.1369274681191,1)
[146]: (135.1075743688081,1)
[147]: (133.3425234760452,1)
[148]: (134.5177367319703,1)
[149]: (134.168155034482,1)
[150]: (136.0908491787868,1)
[151]: (137.6797652766159,1)
[152]: (137.1433571624035,1)
[153]: (137.0224010383638,1)
[154]: (138.0444778292549,1)
[155]: (135.5858263478567,1)
[156]: (138.1538840807587,1)
[157]: (141.0033822350148,1)
[158]: (140.0121308355827,1)
[159]: (140.0173691721018,1)
[160]: (139.2179551609258,1)
[161]: (139.6760198251488,1)
[162]: (143.0106781237508,1)
[163]: (138.083639611957,1)
[164]: (137.0869217781369,1)
[165]: (139.4982371555154,1)
[166]: (134.1750935978763,1)
[167]: (134.0073673160177,1)
[168]: (135.173654779637,1)
[169]: (138.3671024950371,1)
[170]: (135.267820922986,1)
[171]: (133.2420973012174,1)
[172]: (141.1010550936002,1)
[173]: (135.2552209536338,1)
[174]: (137.6204182445366,1)
[175]: (137.6236157571465,1)
[176]: (138.4770058488589,1)
[177]: (139.1280497133201,1)
[178]: (134.0129395045757,1)
[179]: (139.6242012268813,1)
[180]: (139.7290767373435,1)
[181]: (136.1901871349808,1)
[182]: (139.1237272859478,1)
[183]: (137.7743620598709,1)
[184]: (140.3894417817084,1)
[185]: (137.6872638499281,1)
[186]: (135.0061347646216,1)
[187]: (136.0943755656742,1)
[188]: (134.0453926856665,1)
[189]: (134.5366406160911,1)
[190]: (137.3698713929519,1)
[191]: (133.2127068011208,1)
[192]: (138.6463010007268,1)
[193]: (135.9201723424121,1)
[194]: (138.5386764051656,1)
[195]: (136.4085256599925,1)
[196]: (136.1756531274915,1)
[197]: (135.1955746921836,1)
[198]: (135.4759510509997,1)
[199]: (141.9771136046236,1)
[200]: (134.0169888041569,1)
[201]: (137.1265216339442,1)
[202]: (138.6037424953654,1)
[203]: (134.1270546450111,1)
[204]: (140.0432001790937,1)
[205]: (134.3050677237678,1)
[206]: (135.420272330174,1)
[207]: (137.0465104038715,1)
[208]: (138.2436023979529,1)
[209]: (136.0338509627548,1)
[210]: (136.6547155352283,1)
[211]: (140.2482188259971,1)
[212]: (134.3546916516441,1)
[213]: (135.4290679665921,1)
[214]: (135.3115514216208,1)
[215]: (137.7065160422114,1)
[216]: (137.0071165940521,1)
[217]: (140.332870242934,1)
[218]: (138.4802818243242,1)
[219]: (134.0880212785076,1)
[220]: (138.2702478228581,1)
[221]: (139.0839591754786,1)
[222]: (135.4281593162976,1)
[223]: (136.9907480317817,1)
[224]: (137.0185758046173,1)
[225]: (136.3371130009851,1)
[226]: (134.1487809139521,1)
[227]: (137.0170029989684,1)
[228]: (135.3899688485122,1)
[229]: (136.2383168959275,1)
[230]: (138.7855263329295,1)
[231]: (137.454296033219,1)
[232]: (135.930860145967,1)
[233]: (140.0204626726868,1)
[234]: (135.4245884059209,1)
[235]: (136.0091374875904,1)
[236]: (135.4904513617431,1)
[237]: (136.2031483671313,1)
[238]: (136.1662034225428,1)
[239]: (137.5113018468641,1)
[240]: (138.084213011848,1)
[241]: (135.8032861159669,1)
[242]: (137.3164949728578,1)
[243]: (134.1996592616265,1)
[244]: (137.7797416866684,1)
[245]: (136.4749814043569,1)
[246]: (137.5612075790377,1)
[247]: (134.1161583572754,1)
[248]: (137.2246089659596,1)
[249]: (136.2475739892517,1)
[250]: (134.0851630756949,1)
[251]: (136.0827617085794,1)
[252]: (136.3521914985712,1)
[253]: (136.5338356707562,1)
[254]: (134.148370529954,1)
[255]: (136.1998787410341,1)
[256]: (134.2236388920986,1)
[257]: (139.0982267791453,1)
[258]: (137.4061249046034,1)
[259]: (136.1761289908297,1)
[260]: (138.1017108128639,1)
[261]: (136.3412279093941,1)
[262]: (133.7929357833642,1)
[263]: (136.386616774944,1)
[264]: (136.0519865063804,1)
[265]: (137.4738509269199,1)
[266]: (133.8905474031718,1)
[267]: (136.2181670877911,1)
[268]: (135.0438691965476,1)
[269]: (141.283334897284,1)
[270]: (137.4167188926773,1)
[271]: (139.3248579834137,1)
[272]: (136.0808035528437,1)
[273]: (136.1923411550604,1)
[274]: (141.0970733115789,1)
[275]: (134.6538785667524,1)
[276]: (134.2714411372531,1)
[277]: (139.7275272891467,1)
[278]: (137.0659753976212,1)
[279]: (140.292937901551,1)
[280]: (136.4733434486167,1)
[281]: (137.0914690403884,1)
[282]: (135.2158919086891,1)
[283]: (133.1607760431999,1)
[284]: (136.1098312176769,1)
[285]: (139.1691421048577,1)
[286]: (135.6310632407342,1)
[287]: (139.095350648199,1)
[288]: (134.1536066339075,1)
[289]: (137.0014247314708,1)
[290]: (139.1387091909521,1)
[291]: (135.2680938535968,1)
[292]: (137.1963015036494,1)
[293]: (139.1526152708783,1)
[294]: (138.103934004136,1)
[295]: (134.0665133795548,1)
[296]: (137.034551987739,1)
[297]: (134.1897635688602,1)
[298]: (137.059934459455,1)
[299]: (140.2573388615546,1)
[300]: (135.9825649247968,1)
[301]: (137.481546778573,1)
[302]: (135.3350483436544,1)
[303]: (139.6562817196283,1)
[304]: (135.4376321793128,1)
[305]: (137.5760961447867,1)
[306]: (136.1770793326958,1)
[307]: (143.1665303566928,1)
[308]: (136.4497855353549,1)
[309]: (137.0034200820489,1)
[310]: (138.1175038842703,1)
[311]: (134.535208055173,1)
[312]: (137.1969878942728,1)
[313]: (133.0668384364834,1)
[314]: (135.2660103090941,1)
[315]: (138.0425557545755,1)
[316]: (136.0116954917301,1)
[317]: (137.0658418381514,1)
[318]: (135.129271873947,1)
[319]: (136.3776377559278,1)
[320]: (135.5044025366076,1)
[321]: (134.439536120268,1)
[322]: (136.3687872151809,1)
[323]: (139.3329827670647,1)
[324]: (136.0891711170702,1)
[325]: (137.0088379250677,1)
[326]: (135.123014915313,1)
[327]: (134.500712950996,1)
[328]: (134.4809343318987,1)
[329]: (138.0380862104455,1)
[330]: (135.8684951457539,1)
[331]: (139.2275854883718,1)
[332]: (135.2032483488664,1)
[333]: (138.215654011013,1)
[334]: (137.1636713522376,1)
[335]: (135.1741418647497,1)
[336]: (135.3776374967585,1)
[337]: (137.0983030188481,1)
[338]: (136.1531328821519,1)
[339]: (136.2625714599878,1)
[340]: (138.0853582835181,1)
[341]: (136.4510015383444,1)
[342]: (134.2408152495757,1)
[343]: (138.0026595689532,1)
[344]: (135.4927960297857,1)
[345]: (136.6063188314771,1)
[346]: (141.4028623885879,1)
[347]: (140.9419268074521,1)
[348]: (134.1052678025438,1)
[349]: (136.4986814039366,1)
[350]: (136.2257571854771,1)
[351]: (135.4737314361599,1)
[352]: (141.176467285204,1)
[353]: (136.5702666985388,1)
[354]: (136.5370920573828,1)
[355]: (138.3311256538437,1)
[356]: (134.0153794290856,1)
[357]: (137.2662115768305,1)
[358]: (135.0004423397021,1)
[359]: (138.5766436025955,1)
[360]: (135.4506604960216,1)
[361]: (135.5399786276251,1)
[362]: (137.3088833579173,1)
[363]: (137.2104845645323,1)
[364]: (136.2552722784944,1)
[365]: (134.9633784188393,1)
[366]: (136.2223393398909,1)
[367]: (142.2330412796359,1)
[368]: (138.0603223475183,1)
[369]: (140.1869371746835,1)
[370]: (138.1338680379513,1)
[371]: (138.3318330101481,1)
[372]: (138.1419104221675,1)
[373]: (141.2097370033772,1)
[374]: (137.0219138953341,1)
[375]: (138.4890941480967,1)
[376]: (134.4223969973138,1)
[377]: (135.9833882496356,1)
[378]: (139.247542345142,1)
[379]: (137.4965336185824,1)
[380]: (135.8520363066689,1)
[381]: (134.2278226947112,1)
[382]: (136.3413852466076,1)
[383]: (136.8298198947903,1)
[384]: (138.4916492751097,1)
[385]: (137.5482693482394,1)
[386]: (133.0749162576421,1)
[387]: (135.0882990323539,1)
[388]: (134.1819009974793,1)
[389]: (135.434509956236,1)
[390]: (136.2707659086121,1)
[391]: (139.1638152294978,1)
[392]: (133.555335443513,1)
[393]: (135.0129838495155,1)
[394]: (135.0864377027414,1)
[395]: (135.1044625942874,1)
[396]: (135.1754268041744,1)
[397]: (139.070621181039,1)
[398]: (134.3684027320867,1)
[399]: (135.3261413135717,1)
[400]: (137.3222266130194,1)
[401]: (135.2783420771526,1)
[402]: (136.1188135998858,1)
[403]: (135.0001683703114,1)
[404]: (141.0302287432959,1)
[405]: (136.6095726708775,1)
[406]: (140.356428291617,1)
[407]: (137.2540564013516,1)
[408]: (134.1136278622029,1)
[409]: (138.0524908873145,1)
[410]: (139.135245026199,1)
[411]: (139.190628220915,1)
[412]: (141.0165417529986,1)
[413]: (139.1036816135001,1)
[414]: (133.4160218557713,1)
[415]: (136.2373596341388,1)
[416]: (140.1712036471398,1)
[417]: (139.254821372743,1)
[418]: (137.5420032918977,1)
[419]: (139.9423230573552,1)
[420]: (139.2349608217855,1)
[421]: (136.4636451908936,1)
[422]: (135.0959033249779,1)
[423]: (133.4098033443373,1)
[424]: (134.4254510852998,1)
[425]: (135.2590925798133,1)
[426]: (134.4089541079233,1)
[427]: (135.1229284798989,1)
[428]: (134.0032575141615,1)
[429]: (136.1814572571911,1)
[430]: (138.0065156049675,1)
[431]: (134.5999385441326,1)
[432]: (136.1919038191565,1)
[433]: (139.0050744566042,1)
[434]: (142.4250956910664,1)
[435]: (137.3174215024346,1)
[436]: (135.0434396988246,1)
[437]: (135.1888830087883,1)
[438]: (135.0259531896856,1)
[439]: (137.0067229134296,1)
[440]: (136.2832202108648,1)
[441]: (136.1093499214617,1)
[442]: (137.3677245821698,1)
[443]: (135.7753411842496,1)
[444]: (136.6509848972593,1)
[445]: (136.5114985092835,1)
[446]: (135.3956906842913,1)
[447]: (137.1834578602754,1)
[448]: (139.3610990604255,1)
[449]: (134.0847129707095,1)
[450]: (137.2789757006299,1)
[451]: (136.0542033912142,1)
[452]: (137.3067270992166,1)
[453]: (137.5098181261327,1)
[454]: (135.1892355807138,1)
[455]: (136.307041624428,1)
[456]: (136.0857154950906,1)
[457]: (142.2254670001022,1)
[458]: (134.0633980257866,1)
[459]: (135.3528640010207,1)
[460]: (133.1655547731532,1)
[461]: (136.3343799109882,1)
[462]: (134.5551567070103,1)
[463]: (134.0913383015342,1)
[464]: (137.6889848335627,1)
[465]: (140.1106618652576,1)
[466]: (135.0563205876071,1)
[467]: (136.2150424790782,1)
[468]: (136.3823604407559,1)
[469]: (139.4221123613388,1)
[470]: (135.3373096966107,1)
[471]: (138.4966192151429,1)
[472]: (136.0487127483789,1)
[473]: (139.0058070663626,1)
[474]: (135.0376382917221,1)
[475]: (138.0404890646129,1)
[476]: (137.1487917056816,1)
[477]: (138.2156846789866,1)
[478]: (140.0593339706201,1)
[479]: (133.4893599680897,1)
[480]: (137.032201509075,1)
[481]: (136.0168630027269,1)
[482]: (134.4043508473337,1)
[483]: (135.0591097484999,1)
[484]: (135.2728173791271,1)
[485]: (137.1029415600753,1)
[486]: (138.0957327823963,1)
[487]: (138.0982497342614,1)
[488]: (136.5414489251908,1)
[489]: (138.3994296452377,1)
[490]: (137.0007308247201,1)
[491]: (139.0355138989157,1)
[492]: (136.3085953111818,1)
[493]: (137.6300304911788,1)
[494]: (141.1807818590962,1)
[495]: (138.0030091382075,1)
[496]: (137.5251457766166,1)
[497]: (137.4225238829247,1)
[498]: (139.637831530446,1)
[499]: (135.1694986046902,1)
[500]: (135.1604774790886,1)
[501]: (137.1830255902162,1)
[502]: (137.5747556984731,1)
[503]: (135.0515122345693,1)
[504]: (140.8063644720043,1)
[505]: (134.2381104919096,1)
[506]: (141.1367409097193,1)
[507]: (139.0274485348608,1)
[508]: (134.3165962997624,1)
[509]: (138.383287091623,1)
[510]: (138.2318573617212,1)
[511]: (139.1715302345418,1)
[512]: (134.3004377574532,1)
[513]: (136.0999835419412,1)
[514]: (140.1254195762358,1)
[515]: (134.3420009153776,1)
[516]: (136.0820768771393,1)
[517]: (134.0305772372961,1)
[518]: (136.8124531978428,1)
[519]: (140.5856438967881,1)
[520]: (136.3271593650781,1)
[521]: (135.073483184497,1)
[522]: (134.6269018637787,1)
[523]: (140.4696256038411,1)
[524]: (134.1549448925295,1)
[525]: (134.0071790245281,1)
[526]: (133.6597453038367,1)
[527]: (137.1788661988761,1)
[528]: (137.4676488915266,1)
[529]: (134.1933694853096,1)
[530]: (137.2506394624021,1)
[531]: (139.049468355868,1)
[532]: (134.1966538656615,1)
[533]: (137.2982241670947,1)
[534]: (136.6263352528407,1)
[535]: (134.0017316830455,1)
[536]: (136.7885159979197,1)
[537]: (138.3318608639668,1)
[538]: (137.1338339855411,1)
[539]: (137.7701774099492,1)
[540]: (142.0066644216706,1)
[541]: (136.4889529904122,1)
[542]: (138.2823424152674,1)
[543]: (137.0084808672975,1)
[544]: (134.2021353325597,1)
[545]: (136.2906136988554,1)
[546]: (136.1540588817013,1)
[547]: (135.3320390716628,1)
[548]: (140.0785816310639,1)
[549]: (135.2097262962384,1)
[550]: (136.8573471559201,1)
[551]: (138.5302347841823,1)
[552]: (135.2025431105205,1)
[553]: (136.2536170948427,1)
[554]: (140.1247491069152,1)
[555]: (137.2587755444669,1)
[556]: (136.0378703179049,1)
[557]: (136.0040320363832,1)
[558]: (135.375580931295,1)
[559]: (136.076782113107,1)
[560]: (136.0336161734355,1)
[561]: (142.0087995384645,1)
[562]: (135.7084201848329,1)
[563]: (134.1753068234054,1)
[564]: (138.7350908365428,1)
[565]: (139.3413507653258,1)
[566]: (136.1627227751764,1)
[567]: (135.5032203378659,1)
[568]: (136.253096026741,1)
[569]: (142.0524523666231,1)
[570]: (139.0120804294726,1)
[571]: (140.067992278226,1)
[572]: (139.3337574920392,1)
[573]: (134.7030671878334,1)
[574]: (135.7140417662486,1)
[575]: (139.7366767861371,1)
[576]: (136.4542665809058,1)
[577]: (135.0292931243775,1)
[578]: (137.3419063869843,1)
[579]: (136.0972095446085,1)
[580]: (135.608571617341,1)
[581]: (139.3929363101334,1)
[582]: (136.1290005944937,1)
[583]: (134.6440118941871,1)
[584]: (137.4708620607099,1)
[585]: (136.2612061582251,1)
[586]: (134.4804600122666,1)
[587]: (135.8017340989974,1)
[588]: (136.0108278657428,1)
[589]: (134.6693399501465,1)
[590]: (140.1801825596139,1)
[591]: (136.1907101831039,1)
[592]: (138.5831172334678,1)
[593]: (137.136700984245,1)
[594]: (138.0657235226705,1)
[595]: (136.3813364739654,1)
[596]: (135.0165352136734,1)
[597]: (136.0854589821634,1)
[598]: (136.1133670550537,1)
[599]: (134.0475461088135,1)
[600]: (137.3352238459856,1)
[601]: (135.2055207827316,1)
[602]: (137.4112701931022,1)
[603]: (138.4878600056578,1)
[604]: (134.3450600701479,1)
[605]: (135.0162076357729,1)
[606]: (135.1245197476989,1)
[607]: (141.1379637743114,1)
[608]: (137.4398098105135,1)
[609]: (138.0115728465523,1)
[610]: (138.1410288058163,1)
[611]: (134.1304526967436,1)
[612]: (137.2759995770639,1)
[613]: (137.6460597860849,1)
[614]: (137.172697912847,1)
[615]: (136.4473043025981,1)
[616]: (137.2038774499105,1)
[617]: (136.5186175381975,1)
[618]: (134.1632303840997,1)
[619]: (137.0917826357841,1)
[620]: (133.2271695732066,1)
[621]: (138.1562647380613,1)
[622]: (133.0887542839551,1)
[623]: (135.2420635101478,1)
[624]: (135.1184018620427,1)
[625]: (137.4763338399333,1)
[626]: (138.2535340571739,1)
[627]: (135.4925367380826,1)
[628]: (138.0339290136398,1)
[629]: (141.4283091972334,1)
[630]: (139.3011934493391,1)
[631]: (139.0062625913281,1)
[632]: (136.3003154485416,1)
[633]: (139.2058613917175,1)
[634]: (138.2442077206596,1)
[635]: (138.6067131994845,1)
[636]: (137.8826909381503,1)
[637]: (137.2322966912129,1)
[638]: (138.6987451639715,1)
[639]: (137.504650801405,1)
[640]: (134.3840285929589,1)
[641]: (136.2996360166752,1)
[642]: (141.4208536346179,1)
[643]: (137.0826587263024,1)
[644]: (139.103467850922,1)
[645]: (138.3745613136882,1)
[646]: (134.7091966704945,1)
[647]: (136.0901829822078,1)
[648]: (135.5877545856887,1)
[649]: (136.321897186259,1)
[650]: (135.585211770352,1)
[651]: (138.8000305134786,1)
[652]: (136.0350645625386,1)
[653]: (136.2771329580053,1)
[654]: (135.3916314590621,1)
[655]: (135.4572497959342,1)
[656]: (137.2152265083799,1)
[657]: (135.5679336988807,1)
[658]: (137.2780618409056,1)
[659]: (137.2054288921846,1)
[660]: (135.0597675958878,1)
[661]: (139.6572357963305,1)
[662]: (136.8601785360747,1)
[663]: (135.8321011575109,1)
[664]: (137.3723639836622,1)
[665]: (140.0765561542194,1)
[666]: (138.0519722754604,1)
[667]: (135.1295016761468,1)
[668]: (139.0483205722144,1)
[669]: (136.3440422225808,1)
[670]: (139.6738439581939,1)
[671]: (137.3648714250104,1)
[672]: (136.1584789232675,1)
[673]: (136.1698554189276,1)
[674]: (137.0872756104716,1)
[675]: (134.3473391732174,1)
[676]: (136.203184551658,1)
[677]: (134.2233665559686,1)
[678]: (134.5372004622061,1)
[679]: (136.3775401131772,1)
[680]: (134.2354526243412,1)
[681]: (136.3081095930123,1)
[682]: (133.4973030087525,1)
[683]: (134.7750587462181,1)
[684]: (136.9357245639576,1)
[685]: (147.1775297158331,1)
[686]: (134.8479094230635,1)
[687]: (137.7526015556416,1)
[688]: (137.371556496009,1)
[689]: (134.5738416278535,1)
[690]: (139.0330088678806,1)
[691]: (135.5455332500453,1)
[692]: (136.0940857177423,1)
[693]: (134.6516162029937,1)
[694]: (134.4918613002123,1)
[695]: (143.1434827181629,1)
[696]: (136.3269905614544,1)
[697]: (133.3533160649985,1)
[698]: (137.1026110253671,1)
[699]: (139.3286307270903,1)
[700]: (138.2562006130156,1)
[701]: (136.8132774745176,1)
[702]: (136.007202169624,1)
[703]: (133.5087090169897,1)
[704]: (136.7400462860503,1)
[705]: (134.929441794334,1)
[706]: (134.2916056992197,1)
[707]: (136.208847602212,1)
[708]: (133.0440440677035,1)
[709]: (137.7966046634923,1)
[710]: (140.2652317680098,1)
[711]: (137.5200679193565,1)
[712]: (139.0681755062086,1)
[713]: (138.2467993177504,1)
[714]: (140.1085618023845,1)
[715]: (140.6073710520535,1)
[716]: (138.2935795231334,1)
[717]: (136.0156874549477,1)
[718]: (134.0460571091731,1)
[719]: (136.6505351334744,1)
[720]: (135.3606146792388,1)
[721]: (134.3365448267815,1)
[722]: (134.9900145494979,1)
[723]: (138.5442229868762,1)
[724]: (133.6366005127255,1)
[725]: (136.2536981565219,1)
[726]: (137.2160355329308,1)
[727]: (136.9693614335884,1)
[728]: (136.3262145726152,1)
[729]: (134.3095474806537,1)
[730]: (139.2995677328816,1)
[731]: (138.6351114544277,1)
[732]: (137.2787126666879,1)
[733]: (140.0813883553908,1)
[734]: (140.0624880366372,1)
[735]: (134.1244140913881,1)
[736]: (137.2992361992135,1)
[737]: (135.6491945661289,1)
[738]: (140.0369021845205,1)
[739]: (135.1019496322712,1)
[740]: (134.5317755947396,1)
[741]: (135.3870946127612,1)
[742]: (134.1868206594042,1)
[743]: (136.548261384134,1)
[744]: (133.268369685439,1)
[745]: (136.0708013300745,1)
[746]: (136.3530750012507,1)
[747]: (133.4595879961495,1)
[748]: (136.0257111769052,1)
[749]: (137.8855920515399,1)
[750]: (134.2870670393544,1)
[751]: (136.834938793295,1)
[752]: (138.685123517431,1)
[753]: (135.3235449710844,1)
[754]: (138.1532031009106,1)
[755]: (137.0874756915281,1)
[756]: (136.3422957926123,1)
[757]: (135.6116430071796,1)
[758]: (139.189985201134,1)
[759]: (134.6390368563281,1)
[760]: (138.2089431312482,1)
[761]: (134.166448803405,1)
[762]: (136.1535422162567,1)
[763]: (135.0852297369461,1)
[764]: (133.2243609222752,1)
[765]: (136.0207854228408,1)
[766]: (137.0253008139906,1)
[767]: (138.4180190404253,1)
[768]: (137.0431900448683,1)
[769]: (136.0171719337555,1)
[770]: (136.1204448102751,1)
[771]: (135.9533545985682,1)
[772]: (143.17582861974,1)
[773]: (137.0779179594543,1)
[774]: (141.7107718069743,1)
[775]: (132.5348223307516,1)
[776]: (140.4883839533346,1)
[777]: (137.1095864971376,1)
[778]: (139.226550312619,1)
[779]: (139.0348329307105,1)
[780]: (136.5423580776877,1)
[781]: (135.1830753364894,1)
[782]: (137.0041139353305,1)
[783]: (137.1462052901489,1)
[784]: (137.2027375664898,1)
[785]: (135.0450735673506,1)
[786]: (137.7168798535624,1)
[787]: (138.8714809515802,1)
[788]: (135.34262902971,1)
[789]: (138.0594149118231,1)
[790]: (137.0863515780983,1)
[791]: (136.0789819933572,1)
[792]: (136.4737667619447,1)
[793]: (137.160623682644,1)
[794]: (138.0315356143903,1)
[795]: (136.6061495328645,1)
[796]: (137.2497448334057,1)
[797]: (139.9788259644816,1)
[798]: (137.6601685848306,1)
[799]: (135.1090183655195,1)
[800]: (138.3715423043382,1)
[801]: (133.1407149966334,1)
[802]: (135.3828570229622,1)
[803]: (134.1294717215933,1)
[804]: (135.0056538481788,1)
[805]: (136.3387877157272,1)
[806]: (140.2200226937212,1)
[807]: (137.0477046931524,1)
[808]: (138.0514529534384,1)
[809]: (136.5053037583418,1)
[810]: (136.8660300279545,1)
[811]: (135.6967592972317,1)
[812]: (138.8459272321067,1)
[813]: (137.2017949623702,1)
[814]: (136.0165473632476,1)
[815]: (138.438930637343,1)
[816]: (133.3606574133107,1)
[817]: (141.5341839800903,1)
[818]: (135.5662650897116,1)
[819]: (133.2070266242838,1)
[820]: (137.1095536836916,1)
[821]: (136.2426067340188,1)
[822]: (137.4330661210537,1)
[823]: (137.1510720567327,1)
[824]: (137.4004706101545,1)
[825]: (138.2248600931368,1)
[826]: (136.2022182845412,1)
[827]: (139.8958600208899,1)
[828]: (135.2901125969423,1)
[829]: (137.6470078727225,1)
[830]: (137.1162849101976,1)
[831]: (137.0956927033223,1)
[832]: (139.614229717767,1)
[833]: (141.0447518752009,1)
[834]: (141.6945207290407,1)
[835]: (138.5761414473172,1)
[836]: (139.0783421542057,1)
[837]: (134.0545415945027,1)
[838]: (137.2926822187751,1)
[839]: (136.1828511205555,1)
[840]: (138.1000628353706,1)
[841]: (135.5964406652971,1)
[842]: (139.2912256919471,1)
[843]: (136.3617115933341,1)
[844]: (136.0009110851088,1)
[845]: (134.1391439632133,1)
[846]: (137.1189032239488,1)
[847]: (138.1019889163665,1)
[848]: (135.2689854134214,1)
[849]: (136.9467628357432,1)
[850]: (134.0001302351948,1)
[851]: (135.6318531256348,1)
[852]: (139.774315288335,1)
[853]: (137.1138526333961,1)
[854]: (136.3941317299092,1)
[855]: (138.365167517503,1)
[856]: (139.5102668331777,1)
[857]: (134.0567561227166,1)
[858]: (136.1079769197514,1)
[859]: (135.0427330573873,1)
[860]: (137.3193254643581,1)
[861]: (136.3984587345835,1)
[862]: (139.035293550292,1)
[863]: (137.0209645097237,1)
[864]: (138.0717260698234,1)
[865]: (135.1337645994699,1)
[866]: (134.1145054357039,1)
[867]: (133.6897038846254,1)
[868]: (135.3610103485406,1)
[869]: (138.1006913044446,1)
[870]: (134.2460829853811,1)
[871]: (138.2588623105588,1)
[872]: (135.2731258845865,1)
[873]: (140.6757829647322,1)
[874]: (138.1059023347991,1)
[875]: (138.1195933032244,1)
[876]: (135.418111008423,1)
[877]: (136.4657753394999,1)
[878]: (137.0703703337313,1)
[879]: (140.0111864659898,1)
[880]: (133.0947780901384,1)
[881]: (136.2358526128439,1)
[882]: (136.8150455547076,1)
[883]: (135.2322257505395,1)
[884]: (135.1934492280907,1)
[885]: (133.073330001412,1)
[886]: (137.1809538468119,1)
[887]: (136.064729684943,1)
[888]: (137.0895498714087,1)
[889]: (136.2012720489298,1)
[890]: (135.1323089088553,1)
[891]: (139.0739925222341,1)
[892]: (133.4708208757187,1)
[893]: (138.0027089898331,1)
[894]: (140.0912582742976,1)
[895]: (138.0800763347023,1)
[896]: (135.2218338467344,1)
[897]: (136.1503404157295,1)
[898]: (141.8518440109951,1)
[899]: (134.0747537920587,1)
[900]: (133.133109288785,1)
[901]: (136.6753897483763,1)
[902]: (137.0926631815869,1)
[903]: (136.4240980635239,1)
[904]: (136.0872390843898,1)
[905]: (135.4356485102986,1)
[906]: (133.4393330625655,1)
[907]: (138.162839111827,1)
[908]: (135.5946213588163,1)
[909]: (136.2717408547792,1)
[910]: (140.2832937211038,1)
[911]: (138.2618892632103,1)
[912]: (134.0719057921297,1)
[913]: (135.632929958952,1)
[914]: (135.1249045209906,1)
[915]: (135.3376808077896,1)
[916]: (137.2435675407283,1)
[917]: (135.1879508124472,1)
[918]: (137.250059758339,1)
[919]: (138.2812053282384,1)
[920]: (137.2106837206182,1)
[921]: (136.3457271632718,1)
[922]: (133.4255278553203,1)
[923]: (135.3945958181096,1)
[924]: (140.2774941368376,1)
[925]: (136.2429401573043,1)
[926]: (135.0424852797106,1)
[927]: (135.2523988041066,1)
[928]: (137.2172153615544,1)
[929]: (137.0947628790625,1)
[930]: (135.1025200437605,1)
[931]: (138.2817614442538,1)
[932]: (133.3837281214636,1)
[933]: (136.3452619429256,1)
[934]: (140.0713547914926,1)
[935]: (135.0012247083539,1)
[936]: (139.0187457574656,1)
[937]: (135.3469014695423,1)
[938]: (139.7315575249504,1)
[939]: (136.6552670977734,1)
[940]: (139.1750005480558,1)
[941]: (140.251679971582,1)
[942]: (134.0626895423425,1)
[943]: (136.1217756018913,1)
[944]: (140.4101331220749,1)
[945]: (136.1012248833366,1)
[946]: (134.341552169184,1)
[947]: (142.0981978066436,1)
[948]: (135.0321347861785,1)
[949]: (139.6766953346552,1)
[950]: (136.1635332552572,1)
[951]: (136.5174439939312,1)
[952]: (134.2807984204699,1)
[953]: (136.588559646299,1)
[954]: (137.2640303863681,1)
[955]: (134.3029276552683,1)
[956]: (134.5744437602404,1)
[957]: (134.3012595646554,1)
[958]: (135.2009660614353,1)
[959]: (135.2058984974578,1)
[960]: (134.4109855934676,1)
[961]: (138.0430618955318,1)
[962]: (134.0253698286316,1)
[963]: (138.6928683982168,1)
[964]: (136.3431911914322,1)
[965]: (137.2457984767572,1)
[966]: (135.3050897301177,1)
[967]: (139.9851897800349,1)
[968]: (134.8858132393797,1)
[969]: (135.3985938842033,1)
[970]: (135.3197844152834,1)
[971]: (138.04275195315,1)
[972]: (141.6227220907737,1)
[973]: (134.2863878935466,1)
[974]: (134.1916369146281,1)
[975]: (141.2840011945998,1)
[976]: (136.2740215602647,1)
[977]: (137.7485555539903,1)
[978]: (137.2802501192715,1)
[979]: (134.0189117731377,1)
[980]: (134.8588928100953,1)
[981]: (137.3425856296239,1)
[982]: (135.1094329455089,1)
[983]: (138.1872079265098,1)
[984]: (137.0688642208294,1)
[985]: (140.5882450818834,1)
[986]: (134.1405390705205,1)
[987]: (136.1692409128479,1)
[988]: (139.2170352471386,1)
[989]: (136.1100484000709,1)
[990]: (138.22821673306,1)
[991]: (135.2233710691927,1)
[992]: (137.0359079926705,1)
[993]: (137.0047677224557,1)
[994]: (134.1141654674732,1)
[995]: (140.0946497589881,1)
[996]: (136.1660218262273,1)
[997]: (136.4228635186423,1)
[998]: (139.1055996643159,1)
[999]: (134.312489786742,1)
[1000]: (136.3592485977419,1)
[1001]: (139.1640213849158,1)
[1002]: (135.0322743625613,1)
[1003]: (139.2302169988008,1)
[1004]: (139.1961288663483,1)
[1005]: (134.1220437443355,1)
[1006]: (135.2653651664685,1)
[1007]: (133.2564127683033,1)
[1008]: (138.2646050171537,1)
[1009]: (138.2889380178956,1)
[1010]: (137.2813050057065,1)
[1011]: (133.5413849913684,1)
[1012]: (136.3745510951732,1)
[1013]: (139.3760980239493,1)
[1014]: (137.8526166014778,1)
[1015]: (135.2109616993195,1)
[1016]: (139.1292510293925,1)
[1017]: (134.1086799787827,1)
[1018]: (136.1216036228838,1)
[1019]: (133.6314398533602,1)
[1020]: (137.3970716948238,1)
[1021]: (134.0569983009621,1)
[1022]: (138.2650303827295,1)
[1023]: (135.0500192463305,1)
[1024]: (140.0847889680713,1)
[1025]: (140.9058357712585,1)
[1026]: (138.1890979923448,1)
[1027]: (136.383137609947,1)
[1028]: (134.0642356712963,1)
[1029]: (138.8151335644056,1)
[1030]: (136.4285823197461,1)
[1031]: (142.7555985531251,1)
[1032]: (133.3779682794681,1)
[1033]: (134.6458204217936,1)
[1034]: (137.1999284097745,1)
[1035]: (136.2293913794334,1)
[1036]: (137.0710235680518,1)
[1037]: (140.3705980891344,1)
[1038]: (136.429637535857,1)
[1039]: (136.094595995736,1)
[1040]: (135.2504204194729,1)
[1041]: (139.0257527999921,1)
[1042]: (138.8056843622828,1)
[1043]: (135.0698918738971,1)
[1044]: (138.199095345044,1)
[1045]: (137.0243888857547,1)
[1046]: (140.0148630700097,1)
[1047]: (135.1796961949328,1)
[1048]: (140.1937829211245,1)
[1049]: (135.1663690709077,1)
[1050]: (135.0586347700766,1)
[1051]: (138.6665657604984,1)
[1052]: (133.4078919498613,1)
[1053]: (134.1247601848565,1)
[1054]: (135.074249418375,1)
[1055]: (136.058699921859,1)
[1056]: (136.0044801938666,1)
[1057]: (136.5937169172572,1)
[1058]: (142.1109887589906,1)
[1059]: (137.0501703112262,1)
[1060]: (136.033191468099,1)
[1061]: (136.3587589913123,1)
[1062]: (138.2768938564425,1)
[1063]: (134.6823289501116,1)
[1064]: (133.1735213546347,1)
[1065]: (134.1775950133281,1)
[1066]: (138.1334602272199,1)
[1067]: (137.2623531662157,1)
[1068]: (142.2011406584811,1)
[1069]: (136.0684909904386,1)
[1070]: (137.0405205573595,1)
[1071]: (137.3371217858524,1)
[1072]: (138.5681812944075,1)
[1073]: (143.2647244313675,1)
[1074]: (138.0168350272865,1)
[1075]: (140.2942338747066,1)
[1076]: (143.3830544671788,1)
[1077]: (135.3341015299405,1)
[1078]: (134.2102590084149,1)
[1079]: (139.5930427208057,1)
[1080]: (135.0842228545682,1)
[1081]: (137.1856685522189,1)
[1082]: (136.1006356362905,1)
[1083]: (137.3730150503499,1)
[1084]: (136.2946375747029,1)
[1085]: (138.0864561411403,1)
[1086]: (137.4106907554971,1)
[1087]: (135.143726818277,1)
[1088]: (139.1239152517672,1)
[1089]: (142.2291089111746,1)
[1090]: (140.0501806699121,1)
[1091]: (134.0679371497615,1)
[1092]: (134.3617830766748,1)
[1093]: (135.9019362318133,1)
[1094]: (138.0734198506879,1)
[1095]: (138.4829847999221,1)
[1096]: (135.3256796808912,1)
[1097]: (137.1552790405027,1)
[1098]: (136.4056308032951,1)
[1099]: (136.3852102609894,1)
[1100]: (136.4296233383597,1)
[1101]: (134.5805982732498,1)
[1102]: (133.5000349823615,1)
[1103]: (137.0135716625434,1)
[1104]: (135.3842171117754,1)
[1105]: (138.1539441231997,1)
[1106]: (139.3519794120979,1)
[1107]: (136.8959144943082,1)
[1108]: (135.2973236245673,1)
[1109]: (137.253681422497,1)
[1110]: (136.5623148118652,1)
[1111]: (134.190081610474,1)
[1112]: (136.4168685587832,1)
[1113]: (137.5865314816083,1)
[1114]: (138.0701577996171,1)
[1115]: (137.0009832582359,1)
[1116]: (137.3638527816149,1)
[1117]: (134.5218527572356,1)
[1118]: (137.4659837465053,1)
[1119]: (135.1455323623282,1)
[1120]: (137.3472385476786,1)
[1121]: (137.40230279058,1)
[1122]: (139.6271521473209,1)
[1123]: (136.7444602256297,1)
[1124]: (133.4150558360307,1)
[1125]: (133.3240187017314,1)
[1126]: (136.9842245623668,1)
[1127]: (134.2899227609604,1)
[1128]: (137.1290080734619,1)
[1129]: (137.1042916298993,1)
[1130]: (134.0784486904909,1)
[1131]: (138.4650468065836,1)
[1132]: (140.138879119535,1)
[1133]: (135.476659958649,1)
[1134]: (135.2467636524902,1)
[1135]: (139.074374606524,1)
[1136]: (137.5323715492537,1)
[1137]: (141.0610564210353,1)
[1138]: (137.298744629046,1)
[1139]: (139.6439769887556,1)
[1140]: (139.2195990815768,1)
[1141]: (136.2237173580418,1)
[1142]: (134.4014250115784,1)
[1143]: (134.6316584274726,1)
[1144]: (136.3969494188857,1)
[1145]: (136.1271543622788,1)
[1146]: (134.5280675451765,1)
[1147]: (142.0378237918902,1)
[1148]: (136.0412426509984,1)
[1149]: (138.4600245578957,1)
[1150]: (133.1640791530498,1)
[1151]: (135.1672923447607,1)
[1152]: (138.4032454012335,1)
[1153]: (140.2598320496933,1)
[1154]: (139.3512313578204,1)
[1155]: (138.0175873354215,1)
[1156]: (140.4473539147748,1)
[1157]: (135.0868567003359,1)
[1158]: (133.4539078150932,1)
[1159]: (134.2540176977378,1)
[1160]: (138.3013174072566,1)
[1161]: (135.161182240908,1)
[1162]: (137.7661208907979,1)
[1163]: (136.3389686713609,1)
[1164]: (134.5972091764131,1)
[1165]: (137.1259963933331,1)
[1166]: (137.2723010681994,1)
[1167]: (134.3384799846506,1)
[1168]: (133.7279330226685,1)
[1169]: (135.038046449259,1)
[1170]: (134.0845820816928,1)
[1171]: (137.5163368655554,1)
[1172]: (136.1335186777781,1)
[1173]: (141.8014313095425,1)
[1174]: (136.4865614197401,1)
[1175]: (136.4617423829213,1)
[1176]: (140.3282273818929,1)
[1177]: (136.4168586244532,1)
[1178]: (135.4939300275896,1)
[1179]: (137.4526912285627,1)
[1180]: (138.058012700215,1)
[1181]: (136.3192821956401,1)
[1182]: (138.9566403085783,1)
[1183]: (135.0094244411961,1)
[1184]: (140.5354185313349,1)
[1185]: (136.5042152885055,1)
[1186]: (136.1155326973762,1)
[1187]: (138.6744386214238,1)
[1188]: (133.3894392557334,1)
[1189]: (134.3756161397791,1)
[1190]: (132.6076790687615,1)
[1191]: (135.3201886291043,1)
[1192]: (135.0686833994775,1)
[1193]: (138.4345689277866,1)
[1194]: (140.6686439729812,1)
[1195]: (141.6473697914925,1)
[1196]: (138.6835984837594,1)
[1197]: (134.309942785385,1)
[1198]: (137.0572829633512,1)
[1199]: (138.2083404102293,1)
[1200]: (141.1139026269153,1)
[1201]: (134.1219852739861,1)
[1202]: (135.002279599548,1)
[1203]: (140.1238402616516,1)
[1204]: (136.6005927155592,1)
[1205]: (140.2523808286792,1)
[1206]: (139.2934986663308,1)
[1207]: (136.6107539515353,1)
[1208]: (133.7433367442867,1)
[1209]: (137.7270046836618,1)
[1210]: (145.1938368375395,1)
[1211]: (136.1305784607312,1)
[1212]: (137.4650904207587,1)
[1213]: (134.0452909667709,1)
[1214]: (140.5727462366526,1)
[1215]: (135.0035720759471,1)
[1216]: (141.4526717552943,1)
[1217]: (140.2003396220772,1)
[1218]: (139.3988113724043,1)
[1219]: (134.0510336406002,1)
[1220]: (138.1215189998052,1)
[1221]: (137.0579735113027,1)
[1222]: (137.2132441709998,1)
[1223]: (139.3561911178078,1)
[1224]: (139.3494360771087,1)
[1225]: (134.2258487392486,1)
[1226]: (140.1295497160332,1)
[1227]: (142.03827040063,1)
[1228]: (136.193853128149,1)
[1229]: (136.7913017811214,1)
[1230]: (139.1336471680281,1)
[1231]: (139.0626757089356,1)
[1232]: (138.1225771666732,1)
[1233]: (140.6942522306263,1)
[1234]: (137.025323951227,1)
[1235]: (140.1732910857955,1)
[1236]: (135.1993130170812,1)
[1237]: (138.1697561991658,1)
[1238]: (134.5169174527193,1)
[1239]: (136.0280444025395,1)
[1240]: (136.1219160646618,1)
[1241]: (134.1273193569762,1)
[1242]: (133.3381985981696,1)
[1243]: (133.0430954012265,1)
[1244]: (138.4375462164167,1)
[1245]: (142.0397441847569,1)
[1246]: (135.1695503614628,1)
[1247]: (134.9820792395876,1)
[1248]: (134.5650785763648,1)
[1249]: (137.2762240146389,1)
[1250]: (137.1077454830934,1)
[1251]: (135.308710687478,1)
[1252]: (136.5297386195264,1)
[1253]: (140.0401587893544,1)
[1254]: (138.1363195916723,1)
[1255]: (134.3017456291448,1)
[1256]: (139.090675303804,1)
[1257]: (137.0243660067609,1)
[1258]: (136.3226747281857,1)
[1259]: (137.5514714640136,1)
[1260]: (135.2059339880743,1)
[1261]: (139.1054867038209,1)
[1262]: (137.314060457467,1)
[1263]: (139.1406691925034,1)
[1264]: (138.1433015721453,1)
[1265]: (138.1892769176034,1)
[1266]: (134.119067962815,1)
[1267]: (138.2125041451884,1)
[1268]: (136.347381221803,1)
[1269]: (136.1122361929588,1)
[1270]: (139.0487623635378,1)
[1271]: (137.532361884465,1)
[1272]: (140.1687041943923,1)
[1273]: (137.0929325272632,1)
[1274]: (135.3889241538269,1)
[1275]: (140.2893391347775,1)
[1276]: (134.7806478846413,1)
[1277]: (137.1045245914541,1)
[1278]: (134.3183044458113,1)
[1279]: (139.42899983879,1)
[1280]: (136.4820233892637,1)
[1281]: (140.1294703938466,1)
[1282]: (140.41426503274,1)
[1283]: (139.156423156287,1)
[1284]: (140.0510903146876,1)
[1285]: (137.3635876037622,1)
[1286]: (139.0384727888747,1)
[1287]: (133.1590086797108,1)
[1288]: (137.0039518709283,1)
[1289]: (134.48266208232,1)
[1290]: (135.0811348390414,1)
[1291]: (135.5601895561477,1)
[1292]: (138.1152032346008,1)
[1293]: (136.576787876149,1)
[1294]: (133.1954573675557,1)
[1295]: (139.0506396857814,1)
[1296]: (137.5406581586721,1)
[1297]: (133.5171615417708,1)
[1298]: (135.281883446699,1)
[1299]: (136.274564838369,1)
[1300]: (133.0305941993213,1)
[1301]: (136.3142533486494,1)
[1302]: (137.0457292512519,1)
[1303]: (138.7842394473117,1)
[1304]: (135.7173929808722,1)
[1305]: (135.1074141449687,1)
[1306]: (138.0520817944949,1)
[1307]: (135.9601148334179,1)
[1308]: (133.2085730897185,1)
[1309]: (138.1327008370994,1)
[1310]: (137.0640048065491,1)
[1311]: (137.9472479418302,1)
[1312]: (139.5553529287376,1)
[1313]: (135.0864998105464,1)
[1314]: (136.5057405929228,1)
[1315]: (136.0312843574711,1)
[1316]: (137.0830769304478,1)
[1317]: (139.487969253755,1)
[1318]: (134.0728478723597,1)
[1319]: (145.3653151213671,1)
[1320]: (133.1690317337164,1)
[1321]: (135.0995551504452,1)
[1322]: (137.157618755368,1)
[1323]: (135.4194860947541,1)
[1324]: (135.10466653405,1)
[1325]: (138.1112892628917,1)
[1326]: (139.1166313874673,1)
[1327]: (140.2410393814277,1)
[1328]: (135.6073230833438,1)
[1329]: (139.1971896586834,1)
[1330]: (135.4231104560048,1)
[1331]: (133.7853982841599,1)
[1332]: (139.5667529805569,1)
[1333]: (134.1803232215999,1)
[1334]: (135.0760140715028,1)
[1335]: (139.1072134436754,1)
[1336]: (135.0469197256333,1)
[1337]: (136.3443180845714,1)
[1338]: (138.1772220782175,1)
[1339]: (134.5507250969561,1)
[1340]: (136.1765634767303,1)
[1341]: (138.4307767775933,1)
[1342]: (135.2904813705909,1)
[1343]: (138.1424876551326,1)
[1344]: (135.6687653208095,1)
[1345]: (133.3371050669534,1)
[1346]: (135.263685160698,1)
[1347]: (135.0173706097383,1)
[1348]: (140.2043494851225,1)
[1349]: (133.1598328144478,1)
[1350]: (135.2302548195949,1)
[1351]: (136.3856925566111,1)
[1352]: (134.1993940546072,1)
[1353]: (139.3532721684527,1)
[1354]: (135.3256023002288,1)
[1355]: (136.0573827518317,1)
[1356]: (140.102758778304,1)
[1357]: (136.1578687832852,1)
[1358]: (134.1340418442135,1)
[1359]: (137.3737117900735,1)
[1360]: (136.0097599239399,1)
[1361]: (139.1799206448199,1)
[1362]: (138.6063835068474,1)
[1363]: (135.183944124517,1)
[1364]: (138.0048866257477,1)
[1365]: (140.2533194202497,1)
[1366]: (136.3562822029782,1)
[1367]: (136.0717860190476,1)
[1368]: (136.2925939450013,1)
[1369]: (137.1080373194454,1)
[1370]: (136.3353343418084,1)
[1371]: (138.0201348776282,1)
[1372]: (139.3512711679089,1)
[1373]: (136.6844096736265,1)
[1374]: (138.0222940273532,1)
[1375]: (136.5199952730974,1)
[1376]: (135.1443250188332,1)
[1377]: (136.0890146427218,1)
[1378]: (137.0616091855316,1)
[1379]: (135.2151532126035,1)
[1380]: (137.3236294880907,1)
[1381]: (139.6568604814575,1)
[1382]: (136.896079472043,1)
[1383]: (137.0078404980746,1)
[1384]: (137.2901998546827,1)
[1385]: (137.3423530400979,1)
[1386]: (135.1549383304792,1)
[1387]: (136.2881234540393,1)
[1388]: (140.1996931026852,1)
[1389]: (136.0588657518245,1)
[1390]: (136.3022345427721,1)
[1391]: (137.0152203982782,1)
[1392]: (139.0795182109189,1)
[1393]: (137.0600809272904,1)
[1394]: (135.6479696202967,1)
[1395]: (135.1378512744795,1)
[1396]: (137.0580657923681,1)
[1397]: (139.1560358742893,1)
[1398]: (134.1440011735131,1)
[1399]: (134.6954749552241,1)
[1400]: (134.1611475460176,1)
[1401]: (135.1365254262043,1)
[1402]: (137.0103425801201,1)
[1403]: (137.2070519050147,1)
[1404]: (137.0137542164963,1)
[1405]: (138.5146979467917,1)
[1406]: (138.0193191040505,1)
[1407]: (137.1531498226269,1)
[1408]: (134.0017454332921,1)
[1409]: (133.1961792807197,1)
[1410]: (135.1646115292298,1)
[1411]: (137.4038221540142,1)
[1412]: (136.2167719319211,1)
[1413]: (134.4337327737271,1)
[1414]: (138.0351038372495,1)
[1415]: (135.0676870146515,1)
[1416]: (135.2103487482628,1)
[1417]: (141.5785548447356,1)
[1418]: (135.5034291422703,1)
[1419]: (136.4068296675236,1)
[1420]: (134.0713211542081,1)
[1421]: (134.3515563621811,1)
[1422]: (136.1229827812994,1)
[1423]: (134.6351923437227,1)
[1424]: (137.7184837147709,1)
[1425]: (138.0559996388091,1)
[1426]: (134.7121534596515,1)
[1427]: (137.0063926048316,1)
[1428]: (137.5669373190517,1)
[1429]: (134.0093262417382,1)
[1430]: (140.0390786541184,1)
[1431]: (138.9231879870064,1)
[1432]: (134.2183246798784,1)
[1433]: (136.0475674515021,1)
[1434]: (137.2608577736257,1)
[1435]: (135.3443939939563,1)
[1436]: (134.6632927148133,1)
[1437]: (136.5712127427464,1)
[1438]: (136.2600317957201,1)
[1439]: (135.1313928238258,1)
[1440]: (135.0984247001492,1)
[1441]: (136.078642010162,1)
[1442]: (137.6412298590962,1)
[1443]: (137.0220914898639,1)
[1444]: (140.2798870048753,1)
[1445]: (134.3616745117482,1)
[1446]: (137.1617187859783,1)
[1447]: (133.5254189313294,1)
[1448]: (136.0487647776515,1)
[1449]: (136.0627652252407,1)
[1450]: (138.8635911241174,1)
[1451]: (137.0115082974542,1)
[1452]: (136.7491382477766,1)
[1453]: (142.2644663952717,1)
[1454]: (135.8672664366024,1)
[1455]: (134.1422467292865,1)
[1456]: (139.663229510096,1)
[1457]: (138.0711130773458,1)
[1458]: (134.1745867170991,1)
[1459]: (137.655906205054,1)
[1460]: (134.7651038645731,1)
[1461]: (137.2466923696726,1)
[1462]: (140.6958210490346,1)
[1463]: (135.5185323933991,1)
[1464]: (140.1485589714233,1)
[1465]: (137.2016668505951,1)
[1466]: (134.0108695696307,1)
[1467]: (136.8087123529079,1)
[1468]: (139.2081033690336,1)
[1469]: (134.9535831961838,1)
[1470]: (139.3532228625219,1)
[1471]: (136.7712506663958,1)
[1472]: (136.7636420114223,1)
[1473]: (134.1179561528683,1)
[1474]: (135.5022586403117,1)
[1475]: (133.9100591530807,1)
[1476]: (136.6368793999576,1)
[1477]: (141.5227332826076,1)
[1478]: (136.5865195142946,1)
[1479]: (137.2631381241975,1)
[1480]: (136.1723778994225,1)
[1481]: (135.1961249257304,1)
[1482]: (135.0889004765496,1)
[1483]: (135.2218094586057,1)
[1484]: (141.0440154735344,1)
[1485]: (136.1019018372037,1)
[1486]: (135.6599259075939,1)
[1487]: (135.2621907704246,1)
[1488]: (136.0951728828813,1)
[1489]: (137.4354769996996,1)
[1490]: (136.5822388657238,1)
[1491]: (137.4998712213847,1)
[1492]: (135.079738221806,1)
[1493]: (135.50116706787,1)
[1494]: (138.109754464181,1)
[1495]: (139.0576900575984,1)
[1496]: (137.613321738264,1)
[1497]: (137.1848293670835,1)
[1498]: (139.1778304400095,1)
[1499]: (135.2926319293888,1)
[1500]: (134.0700227414424,1)
[1501]: (136.0087705812793,1)
[1502]: (134.5170992786995,1)
[1503]: (140.8838944353894,1)
[1504]: (135.0535605850902,1)
[1505]: (137.446328517743,1)
[1506]: (135.2873278258253,1)
[1507]: (137.0314922874021,1)
[1508]: (135.610833998399,1)
[1509]: (134.8282865229107,1)
[1510]: (135.1301070668152,1)
[1511]: (139.5699409870027,1)
[1512]: (141.3379841598173,1)
[1513]: (135.2150089757945,1)
[1514]: (135.185221919237,1)
[1515]: (137.2561200585689,1)
[1516]: (140.2810841567622,1)
[1517]: (136.1207211557025,1)
[1518]: (140.0112529960539,1)
[1519]: (135.3073588957114,1)
[1520]: (136.3961913609858,1)
[1521]: (141.0692795046693,1)
[1522]: (137.0920218577582,1)
[1523]: (138.0356978267026,1)
[1524]: (137.0491475940561,1)
[1525]: (138.0776974309164,1)
[1526]: (136.5665874928915,1)
[1527]: (133.4407609285275,1)
[1528]: (134.4734503704168,1)
[1529]: (135.9555467205338,1)
[1530]: (138.0003337148507,1)
[1531]: (138.1231153507974,1)
[1532]: (138.4306205849006,1)
[1533]: (140.2919632013923,1)
[1534]: (134.0007697382669,1)
[1535]: (135.2029155182296,1)
[1536]: (133.911191220846,1)
[1537]: (137.0216670790309,1)
[1538]: (137.0353753364606,1)
[1539]: (135.4653018758166,1)
[1540]: (138.122357323398,1)
[1541]: (138.0225914026024,1)
[1542]: (137.5263533022152,1)
[1543]: (134.6094668297085,1)
[1544]: (135.2258048958221,1)
[1545]: (135.1469521820067,1)
[1546]: (135.432111293533,1)
[1547]: (135.1784105264061,1)
[1548]: (138.49708438476,1)
[1549]: (137.0970075320166,1)
[1550]: (140.1288542005341,1)
[1551]: (137.1545160353987,1)
[1552]: (138.2883692897967,1)
[1553]: (138.2273533218928,1)
[1554]: (138.0547361547502,1)
[1555]: (133.6411674295329,1)
[1556]: (135.3102580364626,1)
[1557]: (135.7726605144692,1)
[1558]: (135.1689368088195,1)
[1559]: (139.4236322078097,1)
[1560]: (139.0030982741632,1)
[1561]: (134.1672368021827,1)
[1562]: (136.208952131657,1)
[1563]: (135.4305036091183,1)
[1564]: (134.246661349139,1)
[1565]: (134.442716645957,1)
[1566]: (138.2498020201298,1)
[1567]: (143.4100602541744,1)
[1568]: (140.3885351894924,1)
[1569]: (140.1224433718546,1)
[1570]: (136.4049733865461,1)
[1571]: (137.0485950727237,1)
[1572]: (134.2369742226117,1)
[1573]: (136.0937209595631,1)
[1574]: (137.569566047018,1)
[1575]: (134.1619613112952,1)
[1576]: (134.605907820192,1)
[1577]: (135.0328546846795,1)
[1578]: (150.4078328839837,1)
[1579]: (135.5007706868462,1)
[1580]: (135.8788584510173,1)
[1581]: (137.1172933132166,1)
[1582]: (134.8275975533721,1)
[1583]: (136.8062690815937,1)
[1584]: (139.5322197965752,1)
[1585]: (137.502269152008,1)
[1586]: (135.7671247793636,1)
[1587]: (135.0741024022952,1)
[1588]: (138.7232110065435,1)
[1589]: (140.7302496996174,1)
[1590]: (140.2469577498294,1)
[1591]: (141.4830201307292,1)
[1592]: (135.7002245597696,1)
[1593]: (137.0591805589887,1)
[1594]: (134.1594547188956,1)
[1595]: (138.3571818862557,1)
[1596]: (133.4007058377649,1)
[1597]: (135.4731986230388,1)
[1598]: (139.4743823755925,1)
[1599]: (135.4631575244292,1)
[1600]: (134.1676269090376,1)
[1601]: (134.0129804464075,1)
[1602]: (137.3113803269787,1)
[1603]: (137.0162036613429,1)
[1604]: (139.3786404615986,1)
[1605]: (137.18760492604,1)
[1606]: (137.5976847646008,1)
[1607]: (134.1222270342293,1)
[1608]: (135.1068381182932,1)
[1609]: (138.6449030589017,1)
[1610]: (134.1303945364022,1)
[1611]: (134.0284683031541,1)
[1612]: (135.2137521260292,1)
[1613]: (137.7884971401724,1)
[1614]: (140.1287283642895,1)
[1615]: (139.4329787399152,1)
[1616]: (140.4161496415468,1)
[1617]: (142.4935489151486,1)
[1618]: (137.3374233051016,1)
[1619]: (137.0974483104853,1)
[1620]: (133.5573038394043,1)
[1621]: (134.1453546725914,1)
[1622]: (135.4593890573636,1)
[1623]: (134.1779434222011,1)
[1624]: (137.1433117876682,1)
[1625]: (135.1876225630024,1)
[1626]: (138.0185870992441,1)
[1627]: (136.0794291587177,1)
[1628]: (135.3916224048277,1)
[1629]: (136.712050167992,1)
[1630]: (138.2828609789624,1)
[1631]: (133.5615873658475,1)
[1632]: (135.1075388863964,1)
[1633]: (137.4144643082283,1)
[1634]: (137.5015526631096,1)
[1635]: (135.3275053116455,1)
[1636]: (135.3941787578796,1)
[1637]: (138.0138956053507,1)
[1638]: (136.5365758481961,1)
[1639]: (136.2310302734284,1)
[1640]: (135.1878864264267,1)
[1641]: (135.0155021028949,1)
[1642]: (135.0079402728902,1)
[1643]: (135.4289913873926,1)
[1644]: (134.4810205167257,1)
[1645]: (135.1524392739685,1)
[1646]: (134.0233051477979,1)
[1647]: (135.0210183292709,1)
[1648]: (139.6638933930288,1)
[1649]: (135.3359073541976,1)
[1650]: (136.1854586757964,1)
[1651]: (134.4743400728807,1)
[1652]: (133.4597575280228,1)
[1653]: (135.0544105813549,1)
[1654]: (133.7144047926571,1)
[1655]: (135.1740885312712,1)
[1656]: (134.4070905623516,1)
[1657]: (134.19765618233,1)
[1658]: (134.0120090564583,1)
[1659]: (137.3998065920489,1)
[1660]: (139.3530074176124,1)
[1661]: (139.0546415523349,1)
[1662]: (137.0784572904984,1)
[1663]: (134.1930027919956,1)
[1664]: (136.3577079218545,1)
[1665]: (136.0753458254508,1)
[1666]: (137.0924467652967,1)
[1667]: (136.2943482709279,1)
[1668]: (137.1943261941936,1)
[1669]: (134.5300422810415,1)
[1670]: (140.9903653065921,1)
[1671]: (135.0944770415829,1)
[1672]: (135.3185169444854,1)
[1673]: (136.3433870127586,1)
[1674]: (137.4862780417042,1)
[1675]: (141.0126262304453,1)
[1676]: (134.9350716887501,1)
[1677]: (135.965067444266,1)
[1678]: (137.0011693107786,1)
[1679]: (136.0896425090637,1)
[1680]: (133.1545863061505,1)
[1681]: (136.4148373399616,1)
[1682]: (138.5088886121248,1)
[1683]: (135.0191646589645,1)
[1684]: (133.5694527255086,1)
[1685]: (136.3447910268204,1)
[1686]: (137.0031913773846,1)
[1687]: (138.4141338698762,1)
[1688]: (135.607937586607,1)
[1689]: (140.1819932047198,1)
[1690]: (139.0641268794847,1)
[1691]: (133.1400661766516,1)
[1692]: (135.0047879913777,1)
[1693]: (136.0486994699563,1)
[1694]: (138.1076728120522,1)
[1695]: (134.3009461277086,1)
[1696]: (135.032950512419,1)
[1697]: (134.1334640249131,1)
[1698]: (136.4411401250426,1)
[1699]: (136.4666455303075,1)
[1700]: (141.0330586598182,1)
[1701]: (140.7702145183976,1)
[1702]: (136.0085682355858,1)
[1703]: (136.0099503794493,1)
[1704]: (135.3130948376898,1)
[1705]: (137.4699405814322,1)
[1706]: (145.3751593423711,1)
[1707]: (141.0557264141407,1)
[1708]: (137.0323223507745,1)
[1709]: (136.291475542523,1)
[1710]: (142.1967625931833,1)
[1711]: (134.5106903466162,1)
[1712]: (138.019860150703,1)
[1713]: (134.12072487681,1)
[1714]: (139.0524567426639,1)
[1715]: (137.0204488021276,1)
[1716]: (133.0291981071001,1)
[1717]: (134.1436225684187,1)
[1718]: (136.0048967162446,1)
[1719]: (135.1141977885954,1)
[1720]: (136.0318076717529,1)
[1721]: (141.115420522403,1)
[1722]: (137.6144785945558,1)
[1723]: (135.2899979981272,1)
[1724]: (134.1820032503731,1)
[1725]: (134.3965639460834,1)
[1726]: (137.5629964333981,1)
[1727]: (135.3398198718461,1)
[1728]: (140.9463228923111,1)
[1729]: (134.4156330311841,1)
[1730]: (136.1359386867194,1)
[1731]: (138.3450692390992,1)
[1732]: (133.2216575234375,1)
[1733]: (139.433175794446,1)
[1734]: (137.0030205312028,1)
[1735]: (142.4926650172565,1)
[1736]: (137.0656012843499,1)
[1737]: (136.2661140513101,1)
[1738]: (136.1340519843418,1)
[1739]: (136.2390989151913,1)
[1740]: (142.1515434322829,1)
[1741]: (136.1423054023064,1)
[1742]: (134.5536779217807,1)
[1743]: (136.4920344372879,1)
[1744]: (134.390142378069,1)
[1745]: (133.9396334130383,1)
[1746]: (140.727871542064,1)
[1747]: (138.5645397343213,1)
[1748]: (137.2000629959261,1)
[1749]: (142.8701208751358,1)
[1750]: (134.5558299400718,1)
[1751]: (140.356780302755,1)
[1752]: (138.7348291771194,1)
[1753]: (134.2957688358805,1)
[1754]: (140.1528660758069,1)
[1755]: (139.1485842600999,1)
[1756]: (135.8726403004068,1)
[1757]: (137.0316997798257,1)
[1758]: (137.2608338247584,1)
[1759]: (137.0925585395818,1)
[1760]: (139.6369662466226,1)
[1761]: (133.722820254898,1)
[1762]: (136.3998390652591,1)
[1763]: (138.0000011844348,1)
[1764]: (136.1993678455264,1)
[1765]: (135.1040453845023,1)
[1766]: (134.2688567778467,1)
[1767]: (137.4461537617038,1)
[1768]: (136.3369598101491,1)
[1769]: (138.2448249415859,1)
[1770]: (135.9847913441634,1)
[1771]: (137.0089410494697,1)
[1772]: (138.0223019147214,1)
[1773]: (134.6177170209842,1)
[1774]: (138.067537720752,1)
[1775]: (137.4608148892505,1)
[1776]: (139.8655352800702,1)
[1777]: (134.0934113526098,1)
[1778]: (135.3065459468432,1)
[1779]: (136.0147153506744,1)
[1780]: (138.2957805348959,1)
[1781]: (137.5868352333223,1)
[1782]: (136.204958148895,1)
[1783]: (136.0313935762327,1)
[1784]: (138.2367599827567,1)
[1785]: (135.6523717918042,1)
[1786]: (136.6232266442305,1)
[1787]: (135.7314694950949,1)
[1788]: (136.2088495936476,1)
[1789]: (136.0058318249091,1)
[1790]: (138.383008917523,1)
[1791]: (135.0713080518756,1)
[1792]: (135.246732934491,1)
[1793]: (135.4773126095328,1)
[1794]: (135.4206910610856,1)
[1795]: (137.3638406384298,1)
[1796]: (137.1252181637655,1)
[1797]: (140.0467944250462,1)
[1798]: (136.0210528536049,1)
[1799]: (133.9662006073822,1)
[1800]: (136.2461184807228,1)
[1801]: (136.206159063804,1)
[1802]: (135.0960703757508,1)
[1803]: (136.2063056670401,1)
[1804]: (137.1004974664189,1)
[1805]: (139.4408294736929,1)
[1806]: (135.0315527374346,1)
[1807]: (135.4537708352853,1)
[1808]: (137.1987487165088,1)
[1809]: (137.0766952528746,1)
[1810]: (135.0020421444022,1)
[1811]: (137.2456547912778,1)
[1812]: (138.2186888214988,1)
[1813]: (138.1228067152894,1)
[1814]: (140.2862050262576,1)
[1815]: (135.0332658020221,1)
[1816]: (138.5659613621768,1)
[1817]: (137.0567982962191,1)
[1818]: (138.0588486243819,1)
[1819]: (138.1274897359605,1)
[1820]: (134.8901685267124,1)
[1821]: (135.0109177115107,1)
[1822]: (138.0420300474796,1)
[1823]: (135.1734792376696,1)
[1824]: (134.234610062597,1)
[1825]: (133.0654040188545,1)
[1826]: (135.0986138293952,1)
[1827]: (140.2071176164774,1)
[1828]: (141.7566607005781,1)
[1829]: (141.2961057618686,1)
[1830]: (137.3105836880252,1)
[1831]: (134.046521892216,1)
[1832]: (138.1135318184975,1)
[1833]: (135.081686560503,1)
[1834]: (133.7761946843457,1)
[1835]: (135.3686611995103,1)
[1836]: (135.0927173535162,1)
[1837]: (139.2892578290704,1)
[1838]: (137.2573586346188,1)
[1839]: (137.4679059830946,1)
[1840]: (140.1991486205067,1)
[1841]: (133.659785277807,1)
[1842]: (137.4529364616639,1)
[1843]: (140.217010285552,1)
[1844]: (134.9838174905712,1)
[1845]: (138.1563951005994,1)
[1846]: (134.127634774051,1)
[1847]: (137.4123541727528,1)
[1848]: (139.6643486876642,1)
[1849]: (135.0294413232251,1)
[1850]: (135.2613348644933,1)
[1851]: (135.1789809952654,1)
[1852]: (136.5809164706158,1)
[1853]: (139.1099572590329,1)
[1854]: (139.5706529745513,1)
[1855]: (136.0815626478332,1)
[1856]: (136.0008257490079,1)
[1857]: (139.2562747459441,1)
[1858]: (138.6887307183959,1)
[1859]: (138.6237722673455,1)
[1860]: (137.0596508002621,1)
[1861]: (134.1404771251633,1)
[1862]: (137.2309022488225,1)
[1863]: (135.0360805978979,1)
[1864]: (140.0242451411683,1)
[1865]: (136.1091657078328,1)
[1866]: (136.5006253039554,1)
[1867]: (138.7324552768648,1)
[1868]: (137.2143217145605,1)
[1869]: (135.744641956541,1)
[1870]: (135.5429333757148,1)
[1871]: (135.4672260846844,1)
[1872]: (135.4111615221747,1)
[1873]: (136.6891900603212,1)
[1874]: (137.1820867148852,1)
[1875]: (136.5237033397983,1)
[1876]: (135.3584967478411,1)
[1877]: (134.5284214478096,1)
[1878]: (135.1034770458313,1)
[1879]: (136.2933633632879,1)
[1880]: (136.2589477387351,1)
[1881]: (136.6668623909353,1)
[1882]: (137.5224058124779,1)
[1883]: (137.2895126084926,1)
[1884]: (134.0869798680302,1)
[1885]: (137.5953269123375,1)
[1886]: (139.0073868114843,1)
[1887]: (137.2858182298912,1)
[1888]: (135.0877498830546,1)
[1889]: (138.2723473603364,1)
[1890]: (143.0920222544044,1)
[1891]: (134.4772935543346,1)
[1892]: (135.5272532810937,1)
[1893]: (135.3601986566275,1)
[1894]: (139.0040255803227,1)
[1895]: (137.0023617332922,1)
[1896]: (135.4417801659604,1)
[1897]: (137.9540707578369,1)
[1898]: (135.3451584651172,1)
[1899]: (138.8635670020301,1)
[1900]: (136.5270015100411,1)
[1901]: (142.3008204366475,1)
[1902]: (137.0080120798244,1)
[1903]: (135.1338602751911,1)
[1904]: (143.8114177842548,1)
[1905]: (136.1857589303769,1)
[1906]: (137.0900479169887,1)
[1907]: (136.2572578036118,1)
[1908]: (136.624621397844,1)
[1909]: (137.789163468758,1)
[1910]: (139.2045319473929,1)
[1911]: (135.0963347390397,1)
[1912]: (133.2198813115268,1)
[1913]: (135.5899044507451,1)
[1914]: (135.34535583013,1)
[1915]: (134.1183552913973,1)
[1916]: (137.948096538872,1)
[1917]: (135.2054235074208,1)
[1918]: (139.7241336391612,1)
[1919]: (136.4915326353918,1)
[1920]: (137.1785546992386,1)
[1921]: (135.4069254177484,1)
[1922]: (138.2794594176764,1)
[1923]: (135.1913039766538,1)
[1924]: (134.268865415775,1)
[1925]: (133.0907897271325,1)
[1926]: (135.3176823337057,1)
[1927]: (133.6970796801076,1)
[1928]: (136.2560647062112,1)
[1929]: (138.0188202766703,1)
[1930]: (137.1708952105187,1)
[1931]: (139.2192499643754,1)
[1932]: (135.1493338141038,1)
[1933]: (136.7589193004367,1)
[1934]: (135.1305107800861,1)
[1935]: (134.0745914843227,1)
[1936]: (136.7896631849271,1)
[1937]: (136.1076383792629,1)
[1938]: (136.2359741614308,1)
[1939]: (136.0035847536932,1)
[1940]: (135.572368096875,1)
[1941]: (136.0727475609331,1)
[1942]: (135.1003301711978,1)
[1943]: (136.8762547030306,1)
[1944]: (135.2291903774623,1)
[1945]: (137.1695177619074,1)
[1946]: (135.0688682014106,1)
[1947]: (139.0696930783398,1)
[1948]: (137.0770341191931,1)
[1949]: (138.0603848243439,1)
[1950]: (134.6960157270209,1)
[1951]: (136.0914495742289,1)
[1952]: (136.4448275933409,1)
[1953]: (137.1981371049758,1)
[1954]: (135.7252737033326,1)
[1955]: (137.6595139902286,1)
[1956]: (138.2717724775667,1)
[1957]: (135.0806658034943,1)
[1958]: (137.1004725708802,1)
[1959]: (136.1659899134501,1)
[1960]: (138.6477849963009,1)
[1961]: (136.3421928878589,1)
[1962]: (137.1796533529368,1)
[1963]: (136.4220557573,1)
[1964]: (136.5655278888313,1)
[1965]: (135.2841936820261,1)
[1966]: (135.1776457580953,1)
[1967]: (135.3858567464027,1)
[1968]: (136.1790467684189,1)
[1969]: (137.2404649383382,1)
[1970]: (133.0996664291674,1)
[1971]: (136.0241748646808,1)
[1972]: (134.0824041295493,1)
[1973]: (134.9910601028448,1)
[1974]: (136.0959609102941,1)
[1975]: (134.2257643057473,1)
[1976]: (137.3422286821626,1)
[1977]: (135.2623909048243,1)
[1978]: (138.3909559994079,1)
[1979]: (138.0549705110092,1)
[1980]: (137.4089694588694,1)
[1981]: (139.5361486086881,1)
[1982]: (136.2080554815315,1)
[1983]: (138.1834680043575,1)
[1984]: (133.4096038093959,1)
[1985]: (137.1514359971523,1)
[1986]: (137.1853067914545,1)
[1987]: (139.0689630992731,1)
[1988]: (134.7835382053496,1)
[1989]: (138.6168225205909,1)
[1990]: (135.0994877958533,1)
[1991]: (137.1312292997271,1)
[1992]: (136.003985975019,1)
[1993]: (135.3317677880487,1)
[1994]: (134.4651704107357,1)
[1995]: (139.1510040709395,1)
[1996]: (136.2601797711145,1)
[1997]: (135.4616928453963,1)
[1998]: (133.2355706870348,1)
[1999]: (137.4795692912562,1)
 -- States explored : 0 states
 -- CPU user time used : 38960 ms
 -- Virtual memory used : 2080780 KiB
 -- Resident memory used : 2042344 KiB
executionTime: 265
