core file size          (blocks, -c) unlimited
data seg size           (kbytes, -d) unlimited
scheduling priority             (-e) 0
file size               (blocks, -f) unlimited
pending signals                 (-i) 4077086
max locked memory       (kbytes, -l) 64
max memory size         (kbytes, -m) 66060288
open files                      (-n) 4096
pipe size            (512 bytes, -p) 8
POSIX message queues     (bytes, -q) 819200
real-time priority              (-r) 0
stack size              (kbytes, -s) 8192
cpu time               (seconds, -t) unlimited
max user processes              (-u) 4077086
virtual memory          (kbytes, -v) 63000000
file locks                      (-x) unlimited
Options for the verification:
  Generating some trace
  Search order is random depth first
  Using conservative space optimisation
  Seed is 1556899449
  State space representation uses minimal constraint systems
  Using HashMap + Compress integers for discrete state storage

Verifying formula 1 at ../queries/SN_100_42_16.q:1
 -- Formula is satisfied.
(9000 runs)
Learning statistics for best strategy: 
	Number of resets: 0
	Number of iterations in last reset: 19
	Number of iterations in total: 19

 -- States explored : 0 states
 -- CPU user time used : 329790 ms
 -- Virtual memory used : 674148 KiB
 -- Resident memory used : 635784 KiB

Verifying formula 2 at ../queries/SN_100_42_16.q:3
 -- Formula is satisfied.
Composer.Done:
[0]: (0,0) (83.26150952120952,1)
[1]: (83.1112379129824,1)
[2]: (84.09245254128533,1)
[3]: (83.59252496188044,1)
[4]: (83.15728184606002,1)
[5]: (83.18645329622322,1)
[6]: (83.78124273143762,1)
[7]: (83.00287665930011,1)
[8]: (83.36148801608846,1)
[9]: (83.0762562959292,1)
[10]: (83.54433566035003,1)
[11]: (83.35520591982176,1)
[12]: (83.14976538556702,1)
[13]: (83.07774931771159,1)
[14]: (83.90151744509228,1)
[15]: (83.10317843329827,1)
[16]: (83.04753102587509,1)
[17]: (83.93368215567033,1)
[18]: (83.02781672243229,1)
[19]: (83.08226553012349,1)
[20]: (83.10707039581747,1)
[21]: (83.43347042477151,1)
[22]: (83.26616656717694,1)
[23]: (83.21565468871864,1)
[24]: (83.31178839698219,1)
[25]: (83.17984505864275,1)
[26]: (83.19006321365616,1)
[27]: (83.21134249827588,1)
[28]: (83.36702069725403,1)
[29]: (84.32787272345351,1)
[30]: (83.18195548187262,1)
[31]: (83.80891307473316,1)
[32]: (84.81921808958413,1)
[33]: (83.60760647713116,1)
[34]: (83.02183671796774,1)
[35]: (83.0136983725011,1)
[36]: (83.21474090787444,1)
[37]: (83.31427291619781,1)
[38]: (83.14645000207908,1)
[39]: (83.62641968190663,1)
[40]: (83.20225560375992,1)
[41]: (83.33409201715409,1)
[42]: (83.22635925050373,1)
[43]: (83.27476577797164,1)
[44]: (83.33438241869693,1)
[45]: (83.63496104553496,1)
[46]: (83.01848757766643,1)
[47]: (83.06418361773909,1)
[48]: (83.07672066818746,1)
[49]: (83.92992103777694,1)
[50]: (83.42307466946305,1)
[51]: (84.03535214643232,1)
[52]: (83.31789671793491,1)
[53]: (83.21116385592931,1)
[54]: (83.22175663638012,1)
[55]: (83.14174713253878,1)
[56]: (83.11819261906439,1)
[57]: (83.09258052874949,1)
[58]: (83.10041264961011,1)
[59]: (83.40353209354998,1)
[60]: (83.34079340368588,1)
[61]: (83.54852132534312,1)
[62]: (84.03876608408473,1)
[63]: (83.00312197392478,1)
[64]: (83.65782258718379,1)
[65]: (83.10722799073034,1)
[66]: (83.24805030765292,1)
[67]: (83.13739051156682,1)
[68]: (83.70042928283074,1)
[69]: (83.40038463897773,1)
[70]: (83.13047506914604,1)
[71]: (83.47698956639103,1)
[72]: (83.14352546503362,1)
[73]: (83.08757725135044,1)
[74]: (83.08612963104413,1)
[75]: (83.13483368792799,1)
[76]: (83.16449574407493,1)
[77]: (83.20433870473511,1)
[78]: (83.85707010090158,1)
[79]: (83.01437622270298,1)
[80]: (83.11700204361154,1)
[81]: (83.03758126537421,1)
[82]: (83.28062268309976,1)
[83]: (83.04762407378068,1)
[84]: (83.42169301362753,1)
[85]: (83.07734688473109,1)
[86]: (83.17074664184335,1)
[87]: (83.0876536151092,1)
[88]: (83.31531454774725,1)
[89]: (83.34055407890617,1)
[90]: (83.03120120880823,1)
[91]: (83.55524935048378,1)
[92]: (84.62105045053151,1)
[93]: (83.24868917586411,1)
[94]: (83.50336269826137,1)
[95]: (83.26529507953747,1)
[96]: (83.52195365003472,1)
[97]: (83.06741581904126,1)
[98]: (83.45287376983273,1)
[99]: (83.14491073431299,1)
[100]: (83.5836942522006,1)
[101]: (83.18807689507342,1)
[102]: (83.23498044332916,1)
[103]: (83.04998190911228,1)
[104]: (83.63395278991678,1)
[105]: (83.6096486683625,1)
[106]: (83.10014799657884,1)
[107]: (83.42037216439387,1)
[108]: (83.68822959142346,1)
[109]: (83.37089231903798,1)
[110]: (83.68639160246936,1)
[111]: (85.42168427455768,1)
[112]: (83.06636788797269,1)
[113]: (83.06745814844223,1)
[114]: (83.01523560338424,1)
[115]: (83.74911872016092,1)
[116]: (84.09280439824289,1)
[117]: (83.09306176510465,1)
[118]: (83.15902396154877,1)
[119]: (83.07996980021247,1)
[120]: (84.15985053700645,1)
[121]: (83.17850499991866,1)
[122]: (83.22673638479006,1)
[123]: (83.10267451993674,1)
[124]: (84.18164926308864,1)
[125]: (83.18509998804167,1)
[126]: (83.09600902412018,1)
[127]: (83.02369997720257,1)
[128]: (83.99325589820981,1)
[129]: (83.0734937827268,1)
[130]: (83.12584414960297,1)
[131]: (83.74795856976372,1)
[132]: (83.24743739932455,1)
[133]: (83.05296518862428,1)
[134]: (83.39913880915418,1)
[135]: (83.03830570600178,1)
[136]: (83.24076216096503,1)
[137]: (83.0086569871272,1)
[138]: (83.12894043573941,1)
[139]: (83.37573615272261,1)
[140]: (83.23746908347562,1)
[141]: (83.183201330128,1)
[142]: (83.26160749340482,1)
[143]: (83.13031342812579,1)
[144]: (83.11251431330669,1)
[145]: (83.36097222265089,1)
[146]: (83.6188699447776,1)
[147]: (83.12881328274513,1)
[148]: (83.02406210584091,1)
[149]: (83.04751640876995,1)
[150]: (83.48172746843366,1)
[151]: (83.21255050117078,1)
[152]: (83.32562166894968,1)
[153]: (83.14423186039915,1)
[154]: (83.30867964737632,1)
[155]: (83.05935367624393,1)
[156]: (83.55008762367051,1)
[157]: (83.75596579863586,1)
[158]: (83.17446396004144,1)
[159]: (83.22089989869457,1)
[160]: (83.22088825978668,1)
[161]: (83.21469792197185,1)
[162]: (83.01790158391805,1)
[163]: (83.29961726595243,1)
[164]: (83.55499994433011,1)
[165]: (83.14510605217177,1)
[166]: (83.28875994929881,1)
[167]: (84.6337971704048,1)
[168]: (83.24744294693318,1)
[169]: (83.47208485741277,1)
[170]: (83.76767146116346,1)
[171]: (83.16527210048005,1)
[172]: (83.00524819044595,1)
[173]: (83.31460069618636,1)
[174]: (83.61077276989977,1)
[175]: (83.30652483463622,1)
[176]: (83.04868774845859,1)
[177]: (83.28486424237839,1)
[178]: (83.00717928292643,1)
[179]: (83.15061355045339,1)
[180]: (83.06868369485954,1)
[181]: (83.34735571972323,1)
[182]: (83.33984689940064,1)
[183]: (83.87569635450934,1)
[184]: (83.05737710067751,1)
[185]: (83.00505223136382,1)
[186]: (83.01479341781813,1)
[187]: (83.55071713444728,1)
[188]: (83.51809409011489,1)
[189]: (83.68328311853907,1)
[190]: (83.03345424382557,1)
[191]: (83.18216164290294,1)
[192]: (83.03947468087705,1)
[193]: (83.12796072034963,1)
[194]: (83.01173526301557,1)
[195]: (83.24623458397856,1)
[196]: (83.06804857235412,1)
[197]: (83.55391131281218,1)
[198]: (83.32089052879208,1)
[199]: (83.13469830776918,1)
[200]: (83.35765656495407,1)
[201]: (83.33163932843627,1)
[202]: (83.225905396269,1)
[203]: (83.05701048701286,1)
[204]: (83.51339163107242,1)
[205]: (83.48857402212926,1)
[206]: (83.32840985893461,1)
[207]: (83.00940153891615,1)
[208]: (83.46193001698454,1)
[209]: (83.28824582785283,1)
[210]: (84.31420093134875,1)
[211]: (83.04107001441022,1)
[212]: (83.13738689788579,1)
[213]: (83.64554398852891,1)
[214]: (83.06390761586069,1)
[215]: (83.12495397546836,1)
[216]: (83.39979107231122,1)
[217]: (83.23269199089381,1)
[218]: (83.69732433463598,1)
[219]: (83.2059242191926,1)
[220]: (83.0052406772168,1)
[221]: (84.21613873460073,1)
[222]: (83.22620985977001,1)
[223]: (83.12603985801637,1)
[224]: (83.52059941553846,1)
[225]: (83.52329603964277,1)
[226]: (84.16102695944862,1)
[227]: (83.38548472451873,1)
[228]: (83.14609814349015,1)
[229]: (83.24408209222693,1)
[230]: (83.4212381783198,1)
[231]: (83.28052410122375,1)
[232]: (83.12293339846541,1)
[233]: (83.38590670728884,1)
[234]: (83.30400692205713,1)
[235]: (83.65217124706268,1)
[236]: (83.22849242337108,1)
[237]: (83.04440653692539,1)
[238]: (83.23731722749572,1)
[239]: (83.40046497268845,1)
[240]: (83.17222337632333,1)
[241]: (83.41810624460103,1)
[242]: (83.24050474916979,1)
[243]: (83.39369644609251,1)
[244]: (83.41373265608161,1)
[245]: (83.4149608995328,1)
[246]: (83.27943236951756,1)
[247]: (83.05641101027429,1)
[248]: (83.2940302961055,1)
[249]: (83.38752991606005,1)
[250]: (83.20067279732247,1)
[251]: (83.41394654036579,1)
[252]: (83.22605853345974,1)
[253]: (83.03055321271538,1)
[254]: (83.37933259667598,1)
[255]: (83.61583259559936,1)
[256]: (83.2265089875644,1)
[257]: (83.7846044531226,1)
[258]: (83.0321447341841,1)
[259]: (83.3342356467686,1)
[260]: (83.18798438713043,1)
[261]: (83.01188520800576,1)
[262]: (83.06512552060231,1)
[263]: (83.0503966038187,1)
[264]: (83.01773101852257,1)
[265]: (83.21028926365092,1)
[266]: (83.24031709335978,1)
[267]: (83.12630570431423,1)
[268]: (83.00814531307256,1)
[269]: (83.22352116228961,1)
[270]: (83.6051757024414,1)
[271]: (83.04186768846273,1)
[272]: (83.3418967950404,1)
[273]: (83.19237117508796,1)
[274]: (83.27120904504346,1)
[275]: (83.03990878714434,1)
[276]: (83.29654726899369,1)
[277]: (83.00802550882983,1)
[278]: (83.25553621466429,1)
[279]: (83.14978106354698,1)
[280]: (83.46356910469065,1)
[281]: (83.25094225351174,1)
[282]: (83.15250692106243,1)
[283]: (84.4996501015431,1)
[284]: (83.62902705684132,1)
[285]: (83.17591088932851,1)
[286]: (83.40699688157319,1)
[287]: (83.15055123063956,1)
[288]: (83.0117546511859,1)
[289]: (83.38205879798529,1)
[290]: (83.12575103562278,1)
[291]: (83.12283060693206,1)
[292]: (83.05428317543245,1)
[293]: (83.94890652259953,1)
[294]: (83.36781774860231,1)
[295]: (83.3721748493972,1)
[296]: (83.0807865949328,1)
[297]: (84.05264737842882,1)
[298]: (83.40185061890925,1)
[299]: (83.07337314031237,1)
[300]: (83.94712126669839,1)
[301]: (83.16067688751126,1)
[302]: (83.49401615787858,1)
[303]: (83.23302022590441,1)
[304]: (83.3140786290392,1)
[305]: (83.56652851600947,1)
[306]: (83.33187912089019,1)
[307]: (83.28411649916454,1)
[308]: (83.19047442428224,1)
[309]: (83.87435196982415,1)
[310]: (83.67863426057681,1)
[311]: (83.43719791088206,1)
[312]: (83.03546421549241,1)
[313]: (83.40333455711495,1)
[314]: (83.15333994950426,1)
[315]: (83.2227506755746,1)
[316]: (83.45831342069407,1)
[317]: (83.27181822210565,1)
[318]: (83.16698783125247,1)
[319]: (83.08434800362059,1)
[320]: (83.2150712023565,1)
[321]: (83.28179776893994,1)
[322]: (83.22743424690356,1)
[323]: (83.11291507617884,1)
[324]: (83.52346941889856,1)
[325]: (83.00981156874832,1)
[326]: (83.32608001828608,1)
[327]: (83.1985504700766,1)
[328]: (83.22687596911072,1)
[329]: (83.41683923631277,1)
[330]: (83.00658012435333,1)
[331]: (83.09566653185458,1)
[332]: (83.0058004611579,1)
[333]: (83.17372648913299,1)
[334]: (83.21709272498504,1)
[335]: (83.8766946121913,1)
[336]: (83.837839339198,1)
[337]: (83.49486560435454,1)
[338]: (83.43119701244768,1)
[339]: (83.02329207551038,1)
[340]: (83.13170831772371,1)
[341]: (83.3773286510981,1)
[342]: (83.41592335030202,1)
[343]: (83.08850613771428,1)
[344]: (83.43843563654244,1)
[345]: (83.1612722823082,1)
[346]: (84.01371565790541,1)
[347]: (83.23486882880431,1)
[348]: (83.19670205319663,1)
[349]: (83.10220681067753,1)
[350]: (83.19238480091848,1)
[351]: (83.08923088146321,1)
[352]: (83.01865221942163,1)
[353]: (83.63125707300392,1)
[354]: (84.19825327504543,1)
[355]: (83.15617754137855,1)
[356]: (83.24385977387388,1)
[357]: (83.56659515422243,1)
[358]: (83.12310845835417,1)
[359]: (83.13483552985457,1)
[360]: (83.06668367235413,1)
[361]: (83.40790763403211,1)
[362]: (83.12525225194247,1)
[363]: (83.03818706266605,1)
[364]: (83.1263986878199,1)
[365]: (83.36796693268566,1)
[366]: (83.16079972853494,1)
[367]: (83.18125922561984,1)
[368]: (83.28647980174033,1)
[369]: (83.01024820711723,1)
[370]: (83.03371859959434,1)
[371]: (83.08822970585898,1)
[372]: (83.33902317126665,1)
[373]: (83.93864296209561,1)
[374]: (83.31828150876092,1)
[375]: (84.04518387246991,1)
[376]: (84.91519203474184,1)
[377]: (83.1905821024519,1)
[378]: (83.30980433743805,1)
[379]: (83.54441698637756,1)
[380]: (83.94836464338167,1)
[381]: (83.24884329697664,1)
[382]: (83.20275420355344,1)
[383]: (83.16855110729031,1)
[384]: (83.25115205732365,1)
[385]: (84.02717525626207,1)
[386]: (83.11570102265246,1)
[387]: (83.48390810683136,1)
[388]: (83.30421759240444,1)
[389]: (83.27939763987935,1)
[390]: (83.08894479960415,1)
[391]: (83.03503414699628,1)
[392]: (83.27918370790222,1)
[393]: (83.68350546568234,1)
[394]: (83.07304479481287,1)
[395]: (83.10668956210677,1)
[396]: (83.01450682213438,1)
[397]: (83.0962327879254,1)
[398]: (83.27566304043948,1)
[399]: (83.27634263953134,1)
[400]: (83.03477284812014,1)
[401]: (83.14951706028832,1)
[402]: (83.09481922765421,1)
[403]: (83.02057504063319,1)
[404]: (83.77655977350729,1)
[405]: (83.24653699865485,1)
[406]: (83.66443804719434,1)
[407]: (83.07867778169287,1)
[408]: (83.04771199819825,1)
[409]: (83.44791294160437,1)
[410]: (83.54045796964984,1)
[411]: (83.23999106506351,1)
[412]: (83.01677151652751,1)
[413]: (83.25386771590964,1)
[414]: (83.32634499230142,1)
[415]: (83.26415350362072,1)
[416]: (83.1611996271492,1)
[417]: (83.33311355792735,1)
[418]: (83.72083820171848,1)
[419]: (83.3971474781797,1)
[420]: (83.28531102870043,1)
[421]: (83.06587181970109,1)
[422]: (83.33087035026227,1)
[423]: (83.00615650374536,1)
[424]: (83.35292276170267,1)
[425]: (83.04645111477795,1)
[426]: (83.00281293987796,1)
[427]: (83.13975713650807,1)
[428]: (83.15407678739014,1)
[429]: (83.02070961903016,1)
[430]: (83.299403235906,1)
[431]: (83.15648120746164,1)
[432]: (83.61874994748814,1)
[433]: (83.09275357038349,1)
[434]: (83.08895174100107,1)
[435]: (83.53506454901887,1)
[436]: (84.69148105641112,1)
[437]: (83.23744837139462,1)
[438]: (83.37118865581861,1)
[439]: (83.37643892224649,1)
[440]: (83.18392129650992,1)
[441]: (83.0554973586531,1)
[442]: (83.0500643879121,1)
[443]: (83.00647892485591,1)
[444]: (84.38112151593988,1)
[445]: (83.6416462913888,1)
[446]: (83.04561580535709,1)
[447]: (83.09229594357423,1)
[448]: (83.1167836998471,1)
[449]: (83.47384824568852,1)
[450]: (83.64810594492464,1)
[451]: (83.69107556646949,1)
[452]: (83.54096635799623,1)
[453]: (83.63403404926238,1)
[454]: (83.00223651209187,1)
[455]: (83.08280516341826,1)
[456]: (83.33860395926489,1)
[457]: (83.21953315353049,1)
[458]: (83.16039140695119,1)
[459]: (83.59234167005282,1)
[460]: (83.22934429244522,1)
[461]: (83.37364754996173,1)
[462]: (83.68157542781745,1)
[463]: (83.49195953783367,1)
[464]: (83.14744309627197,1)
[465]: (83.12888864648086,1)
[466]: (83.17477347961832,1)
[467]: (83.44214311425422,1)
[468]: (83.63647202686769,1)
[469]: (83.42178317997751,1)
[470]: (83.19506926979172,1)
[471]: (84.30032291718207,1)
[472]: (83.31248473578673,1)
[473]: (83.122262506577,1)
[474]: (83.33643385119362,1)
[475]: (83.46002402749448,1)
[476]: (83.74429988213099,1)
[477]: (83.88302910658797,1)
[478]: (83.13335245018027,1)
[479]: (83.03318986359952,1)
[480]: (83.24068065223803,1)
[481]: (83.31989961015779,1)
[482]: (83.41698836133105,1)
[483]: (83.76637989686667,1)
[484]: (84.06586425771945,1)
[485]: (83.2062254994523,1)
[486]: (83.15803685999489,1)
[487]: (83.24119196502772,1)
[488]: (83.50195070716561,1)
[489]: (83.2505856399243,1)
[490]: (83.12308694835284,1)
[491]: (83.25664305747462,1)
[492]: (83.01020535919558,1)
[493]: (83.66004137639767,1)
[494]: (83.31495478215244,1)
[495]: (83.04308897462508,1)
[496]: (83.07808335080485,1)
[497]: (83.86774110286495,1)
[498]: (83.18294591372019,1)
[499]: (83.49330966851528,1)
[500]: (83.14376409208515,1)
[501]: (83.22042796095607,1)
[502]: (83.49677026677405,1)
[503]: (83.63716474325683,1)
[504]: (83.05906638895542,1)
[505]: (83.05230930575561,1)
[506]: (83.6326598492558,1)
[507]: (83.45087701558245,1)
[508]: (83.02375987121333,1)
[509]: (83.65232596070207,1)
[510]: (83.3102257195675,1)
[511]: (83.11273972480654,1)
[512]: (83.0795375654053,1)
[513]: (83.20406006451432,1)
[514]: (83.12402213643716,1)
[515]: (83.26544756947338,1)
[516]: (83.07485478510667,1)
[517]: (83.00504871724287,1)
[518]: (83.41292603576848,1)
[519]: (83.06418236148598,1)
[520]: (83.32601630471503,1)
[521]: (83.41695311584694,1)
[522]: (83.11352765483153,1)
[523]: (84.02588107658926,1)
[524]: (83.81933505338007,1)
[525]: (83.45994974916731,1)
[526]: (84.60824110446079,1)
[527]: (83.68859007555866,1)
[528]: (83.57675431291602,1)
[529]: (83.05455769697581,1)
[530]: (83.60800768990636,1)
[531]: (83.14953563790812,1)
[532]: (83.35131760783212,1)
[533]: (83.73288387844434,1)
[534]: (84.21200110739926,1)
[535]: (83.28039429173803,1)
[536]: (83.10495605981808,1)
[537]: (83.44947588532324,1)
[538]: (84.09422708043192,1)
[539]: (83.12424297931736,1)
[540]: (83.39415290583661,1)
[541]: (83.31196105260138,1)
[542]: (83.00111762361639,1)
[543]: (83.0244904775404,1)
[544]: (83.24020249438202,1)
[545]: (84.25669941012688,1)
[546]: (83.3766615475183,1)
[547]: (83.11620739262457,1)
[548]: (83.47606327641026,1)
[549]: (83.0578728348929,1)
[550]: (83.28919849273187,1)
[551]: (83.64138176746884,1)
[552]: (84.09985403115779,1)
[553]: (83.26719271761381,1)
[554]: (83.06064359719404,1)
[555]: (83.80713882607778,1)
[556]: (83.34026473892072,1)
[557]: (83.09567035942312,1)
[558]: (83.99378127989493,1)
[559]: (83.05447770875827,1)
[560]: (83.44992440746273,1)
[561]: (83.38395161302152,1)
[562]: (83.19570794226445,1)
[563]: (83.17371825131119,1)
[564]: (83.27541038716119,1)
[565]: (83.15394630048984,1)
[566]: (83.12270318144814,1)
[567]: (83.38802111413278,1)
[568]: (83.13893758842502,1)
[569]: (83.59986106385463,1)
[570]: (83.13656226883552,1)
[571]: (83.39720617221833,1)
[572]: (83.05205650094649,1)
[573]: (83.04231969097262,1)
[574]: (83.14514919064159,1)
[575]: (84.04363744841334,1)
[576]: (83.16937405368762,1)
[577]: (83.25955079222858,1)
[578]: (83.51212791111223,1)
[579]: (83.31399205376253,1)
[580]: (83.18024382358372,1)
[581]: (83.23423395156954,1)
[582]: (83.13283577068799,1)
[583]: (83.05443320500066,1)
[584]: (83.69167656264506,1)
[585]: (83.02954667173485,1)
[586]: (83.32747824210196,1)
[587]: (83.15580604389216,1)
[588]: (83.49008789999569,1)
[589]: (83.16300812545222,1)
[590]: (83.09239105150975,1)
[591]: (83.5189867104408,1)
[592]: (83.28378642213536,1)
[593]: (83.25461844362438,1)
[594]: (83.28831319242309,1)
[595]: (83.01657300164122,1)
[596]: (83.25374425231831,1)
[597]: (83.06315221777879,1)
[598]: (83.16241072770944,1)
[599]: (84.11790330388811,1)
[600]: (83.16835282625088,1)
[601]: (83.56349892146018,1)
[602]: (83.03274100231852,1)
[603]: (83.06310396840244,1)
[604]: (83.20074936376182,1)
[605]: (83.21382235917966,1)
[606]: (83.06465144207989,1)
[607]: (83.1049933364897,1)
[608]: (83.01759435720287,1)
[609]: (83.32950298748844,1)
[610]: (83.37312945627519,1)
[611]: (83.21124495231689,1)
[612]: (83.41382542768434,1)
[613]: (83.12432566068875,1)
[614]: (83.24889239055273,1)
[615]: (83.04016203963955,1)
[616]: (83.02985014743587,1)
[617]: (83.66732872912912,1)
[618]: (83.30064874577384,1)
[619]: (83.36431912327345,1)
[620]: (83.07978702266642,1)
[621]: (83.28787773249088,1)
[622]: (83.10320190157033,1)
[623]: (83.06886629354088,1)
[624]: (83.68096883249875,1)
[625]: (83.54814595672279,1)
[626]: (83.21163528057421,1)
[627]: (83.32487664338049,1)
[628]: (83.15735730462467,1)
[629]: (83.36693402508713,1)
[630]: (83.68982682683189,1)
[631]: (83.82242649924019,1)
[632]: (83.0878942094625,1)
[633]: (83.13491718564386,1)
[634]: (83.00100752697084,1)
[635]: (83.09530337622179,1)
[636]: (83.34193779983319,1)
[637]: (83.12492758067481,1)
[638]: (83.00203050353043,1)
[639]: (84.40668056781931,1)
[640]: (83.44639238147771,1)
[641]: (83.55527668285539,1)
[642]: (83.01560230321058,1)
[643]: (83.44866363487643,1)
[644]: (83.10510281961194,1)
[645]: (83.04260011676153,1)
[646]: (83.07013075732715,1)
[647]: (83.67821385631811,1)
[648]: (83.0112061248595,1)
[649]: (83.67343775245691,1)
[650]: (83.50256430999583,1)
[651]: (83.0870379420486,1)
[652]: (83.05259901191695,1)
[653]: (83.05871430749013,1)
[654]: (83.02747013882772,1)
[655]: (84.13407712089902,1)
[656]: (83.01707133393474,1)
[657]: (83.13550609326305,1)
[658]: (83.26034422067031,1)
[659]: (83.26321881103254,1)
[660]: (83.04903371257181,1)
[661]: (83.48287331131574,1)
[662]: (83.08702106954952,1)
[663]: (83.34061832757645,1)
[664]: (83.22296658390231,1)
[665]: (83.10970265169203,1)
[666]: (83.92167672487523,1)
[667]: (84.12370138644148,1)
[668]: (83.19685754221504,1)
[669]: (83.72316094675816,1)
[670]: (83.12897135571897,1)
[671]: (83.30254337863188,1)
[672]: (83.15635206316449,1)
[673]: (83.04431641500106,1)
[674]: (83.8307860749163,1)
[675]: (84.32836317243817,1)
[676]: (83.03444825021867,1)
[677]: (83.12889037631768,1)
[678]: (83.05145127223487,1)
[679]: (83.27607987555686,1)
[680]: (83.58809127421326,1)
[681]: (83.01233764631374,1)
[682]: (83.43562842335129,1)
[683]: (83.23226977654377,1)
[684]: (83.19719383202411,1)
[685]: (83.11902807812656,1)
[686]: (83.00726164474459,1)
[687]: (83.20299297298594,1)
[688]: (83.85287664730275,1)
[689]: (83.59136344331078,1)
[690]: (83.63454510907175,1)
[691]: (83.3608930646231,1)
[692]: (83.29925483085678,1)
[693]: (83.51053270886166,1)
[694]: (83.05902920028653,1)
[695]: (83.12777142930898,1)
[696]: (83.0111927461421,1)
[697]: (83.04367838679366,1)
[698]: (83.39642834596991,1)
[699]: (83.03788904191494,1)
[700]: (83.40736709093655,1)
[701]: (83.48622477252768,1)
[702]: (83.67537924129782,1)
[703]: (83.36487828911017,1)
[704]: (83.42313184566373,1)
[705]: (83.62969458819146,1)
[706]: (83.06867913838433,1)
[707]: (83.32790397399636,1)
[708]: (83.2356955273077,1)
[709]: (83.78129548691547,1)
[710]: (83.00176004023616,1)
[711]: (83.05969664855806,1)
[712]: (83.15527925415927,1)
[713]: (83.12966255790022,1)
[714]: (83.82288503480495,1)
[715]: (83.63171125818997,1)
[716]: (83.31201890452579,1)
[717]: (83.1015167493961,1)
[718]: (83.18619656760545,1)
[719]: (83.50174600853536,1)
[720]: (83.0336385632465,1)
[721]: (83.46333144214283,1)
[722]: (83.09931478183279,1)
[723]: (83.14731059725413,1)
[724]: (83.41446034364175,1)
[725]: (83.0342366693886,1)
[726]: (83.06820232769465,1)
[727]: (83.41343801334791,1)
[728]: (83.41290197857333,1)
[729]: (83.35430883481632,1)
[730]: (83.21520050062429,1)
[731]: (83.46693957657459,1)
[732]: (83.1741981983611,1)
[733]: (83.0549326329559,1)
[734]: (83.08992760395614,1)
[735]: (83.64130842538269,1)
[736]: (83.2322370483713,1)
[737]: (83.21591789496286,1)
[738]: (83.86108344818963,1)
[739]: (83.07526609702396,1)
[740]: (83.18497509038346,1)
[741]: (83.6543510602271,1)
[742]: (83.12125508017385,1)
[743]: (83.5685203392448,1)
[744]: (83.1878273277362,1)
[745]: (83.22154140958142,1)
[746]: (83.09970947493439,1)
[747]: (83.32604556579987,1)
[748]: (83.05157089534885,1)
[749]: (83.04170101423412,1)
[750]: (83.10989323577509,1)
[751]: (83.12653940699231,1)
[752]: (84.08222774953828,1)
[753]: (83.70791878044386,1)
[754]: (83.59472341228047,1)
[755]: (83.10434812962319,1)
[756]: (83.28212070452776,1)
[757]: (83.29776474685856,1)
[758]: (83.05409900204069,1)
[759]: (83.46273902754245,1)
[760]: (84.63461696377483,1)
[761]: (83.2220310549948,1)
[762]: (83.24932347260237,1)
[763]: (83.14738485761482,1)
[764]: (83.15688269337876,1)
[765]: (83.09745266596921,1)
[766]: (83.02956602197061,1)
[767]: (83.11949420517558,1)
[768]: (83.90801141859411,1)
[769]: (83.4816511351782,1)
[770]: (83.64872476557053,1)
[771]: (83.18213985868012,1)
[772]: (83.32683289495994,1)
[773]: (83.30105839065598,1)
[774]: (83.25953685801166,1)
[775]: (83.30814826397319,1)
[776]: (83.29991129907509,1)
[777]: (83.33458015543111,1)
[778]: (83.28574934406707,1)
[779]: (83.0120487996689,1)
[780]: (83.110414966416,1)
[781]: (83.07383445017854,1)
[782]: (83.14877956964133,1)
[783]: (84.21995572519482,1)
[784]: (83.32636833647761,1)
[785]: (83.04473218259118,1)
[786]: (83.16753760939453,1)
[787]: (83.06270527279833,1)
[788]: (83.12362796166161,1)
[789]: (83.13996667039976,1)
[790]: (83.0593885275659,1)
[791]: (83.03987217543097,1)
[792]: (83.05775540322635,1)
[793]: (83.08117172864181,1)
[794]: (83.29409361794718,1)
[795]: (83.0045167552224,1)
[796]: (83.06626326184377,1)
[797]: (83.41887010287769,1)
[798]: (83.02742719664735,1)
[799]: (83.23223960468722,1)
[800]: (83.06818418738841,1)
[801]: (83.14657806047367,1)
[802]: (84.03027887264018,1)
[803]: (83.12407148113748,1)
[804]: (83.06987154899448,1)
[805]: (83.49252523939343,1)
[806]: (83.01948159459837,1)
[807]: (83.42644135979401,1)
[808]: (83.1704457427349,1)
[809]: (83.26283478109956,1)
[810]: (83.48424409935171,1)
[811]: (83.25666161823354,1)
[812]: (83.56470974937402,1)
[813]: (83.07053579923978,1)
[814]: (83.0746310186525,1)
[815]: (83.04540359029991,1)
[816]: (83.78409369255419,1)
[817]: (83.09398452546093,1)
[818]: (83.13749343327994,1)
[819]: (83.35932660511885,1)
[820]: (83.04625081121385,1)
[821]: (83.20524913172291,1)
[822]: (83.51231539937037,1)
[823]: (83.6456679906231,1)
[824]: (83.37038157703543,1)
[825]: (83.15867026110563,1)
[826]: (83.21835506309053,1)
[827]: (84.88681274238969,1)
[828]: (83.066138950647,1)
[829]: (83.10015772801191,1)
[830]: (83.2490068170498,1)
[831]: (83.32445166254884,1)
[832]: (83.19655069314018,1)
[833]: (84.30702439255917,1)
[834]: (83.14265403842892,1)
[835]: (83.109413771204,1)
[836]: (83.73188283657309,1)
[837]: (83.06645071220622,1)
[838]: (83.0796044147922,1)
[839]: (83.14590852457481,1)
[840]: (83.79734525742926,1)
[841]: (83.09120128181168,1)
[842]: (83.68760397642363,1)
[843]: (83.8964183077773,1)
[844]: (83.13546630591968,1)
[845]: (83.12251440561015,1)
[846]: (83.00222069595641,1)
[847]: (83.14319757865367,1)
[848]: (83.36122124818168,1)
[849]: (83.87064945508035,1)
[850]: (83.25009846972293,1)
[851]: (83.21690215109773,1)
[852]: (83.09191812045465,1)
[853]: (83.44955267030437,1)
[854]: (83.50995994240112,1)
[855]: (83.0684705892286,1)
[856]: (83.05889121114458,1)
[857]: (83.18634967661326,1)
[858]: (83.40328068012909,1)
[859]: (83.09298442645034,1)
[860]: (83.30691124192684,1)
[861]: (83.06188503172062,1)
[862]: (83.23712665390882,1)
[863]: (83.76852779506343,1)
[864]: (83.13133568454276,1)
[865]: (83.32108613306241,1)
[866]: (83.45534830628868,1)
[867]: (83.13827587911094,1)
[868]: (83.61817119943703,1)
[869]: (83.15158440113684,1)
[870]: (83.17875520171587,1)
[871]: (83.12070002725328,1)
[872]: (83.00767803241651,1)
[873]: (83.54837547305878,1)
[874]: (83.02108783299819,1)
[875]: (83.14342955807544,1)
[876]: (83.06765467080281,1)
[877]: (83.0475962482334,1)
[878]: (83.29873091244575,1)
[879]: (83.3836244205142,1)
[880]: (83.25784627689127,1)
[881]: (83.00147229790156,1)
[882]: (83.01455050232329,1)
[883]: (83.00676750478557,1)
[884]: (83.45523302290613,1)
[885]: (83.39246653007879,1)
[886]: (83.81294325001042,1)
[887]: (83.50556496728237,1)
[888]: (83.04164351101316,1)
[889]: (83.2174725125446,1)
[890]: (83.74561171898868,1)
[891]: (83.27521408569031,1)
[892]: (83.47818635745176,1)
[893]: (83.56198401587129,1)
[894]: (83.28366928455709,1)
[895]: (83.25573344286522,1)
[896]: (83.00549018184145,1)
[897]: (83.29515435884694,1)
[898]: (83.11971821699163,1)
[899]: (83.26567771686956,1)
[900]: (83.20124263128248,1)
[901]: (83.16901154080928,1)
[902]: (83.15380058253024,1)
[903]: (83.37092819648385,1)
[904]: (83.52707568421908,1)
[905]: (83.16345183024721,1)
[906]: (83.00146650549915,1)
[907]: (83.00948569755997,1)
[908]: (83.09246390755909,1)
[909]: (83.32799158843561,1)
[910]: (83.38120264316987,1)
[911]: (83.12649303307097,1)
[912]: (83.21953423130056,1)
[913]: (83.43891278412272,1)
[914]: (83.51834159483191,1)
[915]: (83.38025698731735,1)
[916]: (83.79362710274503,1)
[917]: (83.1948267080606,1)
[918]: (83.201421829899,1)
[919]: (83.75829709475867,1)
[920]: (83.12681687813996,1)
[921]: (83.2200526183972,1)
[922]: (83.04973729402911,1)
[923]: (83.57023062134894,1)
[924]: (83.35351150548045,1)
[925]: (83.06628002246723,1)
[926]: (83.39980539150017,1)
[927]: (83.20472771835418,1)
[928]: (83.07586372042789,1)
[929]: (83.06979756717834,1)
[930]: (83.07773557309694,1)
[931]: (83.07798744887958,1)
[932]: (83.01740980450934,1)
[933]: (83.70588358293914,1)
[934]: (83.03605333005891,1)
[935]: (83.93796091298074,1)
[936]: (84.22085497669849,1)
[937]: (83.9594312802073,1)
[938]: (83.3538219395552,1)
[939]: (83.39552416281667,1)
[940]: (83.05819222586092,1)
[941]: (83.31062654833413,1)
[942]: (83.88138863535212,1)
[943]: (83.74741469486378,1)
[944]: (83.00055713326088,1)
[945]: (84.08254853738707,1)
[946]: (83.18057802458523,1)
[947]: (83.569389796959,1)
[948]: (83.40076923562007,1)
[949]: (83.95251188585466,1)
[950]: (83.55033263700304,1)
[951]: (83.02256944032698,1)
[952]: (83.27861906114852,1)
[953]: (83.14526152427015,1)
[954]: (83.03452192110493,1)
[955]: (83.01202732922485,1)
[956]: (83.03353271068866,1)
[957]: (83.41835441581318,1)
[958]: (83.03630906362743,1)
[959]: (83.28144591961671,1)
[960]: (83.09531441131483,1)
[961]: (83.06338540692209,1)
[962]: (83.43765518929158,1)
[963]: (83.11474203604487,1)
[964]: (83.37935999231105,1)
[965]: (83.37651217188672,1)
[966]: (83.54940169707399,1)
[967]: (83.53793330794774,1)
[968]: (83.15596001712106,1)
[969]: (83.73084404467983,1)
[970]: (83.4636359255145,1)
[971]: (83.10282928184355,1)
[972]: (83.4085236116706,1)
[973]: (83.3618385079308,1)
[974]: (83.8924928853431,1)
[975]: (83.15206816677045,1)
[976]: (83.05986450266909,1)
[977]: (83.60248903796955,1)
[978]: (83.5046030268163,1)
[979]: (83.80239793308172,1)
[980]: (83.56341898624977,1)
[981]: (83.11335950178018,1)
[982]: (83.78234777757135,1)
[983]: (83.57792355093699,1)
[984]: (83.23921556868038,1)
[985]: (84.10290917644296,1)
[986]: (83.10683667948275,1)
[987]: (83.25906750587919,1)
[988]: (83.41347307211669,1)
[989]: (83.34137530627805,1)
[990]: (83.14339065117841,1)
[991]: (83.25565938217069,1)
[992]: (83.60174712671144,1)
[993]: (84.44893174445268,1)
[994]: (83.19043771103409,1)
[995]: (83.55328583080481,1)
[996]: (83.0518079416253,1)
[997]: (83.18120700097455,1)
[998]: (83.26093353372605,1)
[999]: (83.29142376280515,1)
[1000]: (83.34585649370432,1)
[1001]: (83.1292795009167,1)
[1002]: (83.06954701690921,1)
[1003]: (83.20443264137947,1)
[1004]: (83.7948318222938,1)
[1005]: (83.62235280757201,1)
[1006]: (83.02383563407719,1)
[1007]: (83.02905921861797,1)
[1008]: (83.07927438567779,1)
[1009]: (83.32453425319534,1)
[1010]: (83.07366749100198,1)
[1011]: (83.00522755567216,1)
[1012]: (83.82828132396109,1)
[1013]: (83.0577485856181,1)
[1014]: (83.23246088698711,1)
[1015]: (83.87567524174268,1)
[1016]: (83.83683130382362,1)
[1017]: (83.09101753113561,1)
[1018]: (83.37555898482468,1)
[1019]: (83.43141496607586,1)
[1020]: (83.19183341633172,1)
[1021]: (83.04479293561545,1)
[1022]: (83.41059997618747,1)
[1023]: (83.07874936492206,1)
[1024]: (83.03510721070552,1)
[1025]: (83.00570506863471,1)
[1026]: (83.68616540750995,1)
[1027]: (83.00244543541045,1)
[1028]: (83.66120831912188,1)
[1029]: (83.17957692590316,1)
[1030]: (83.14766938642383,1)
[1031]: (83.67229361306786,1)
[1032]: (83.16691647847671,1)
[1033]: (83.0085720836331,1)
[1034]: (83.75170532944348,1)
[1035]: (83.28142938718254,1)
[1036]: (83.03464100416528,1)
[1037]: (83.38070216787368,1)
[1038]: (83.02782491252965,1)
[1039]: (84.14601300691339,1)
[1040]: (84.95072142604999,1)
[1041]: (83.53231979635294,1)
[1042]: (83.13831967597039,1)
[1043]: (83.05442021226668,1)
[1044]: (83.02127936029891,1)
[1045]: (83.12115831468367,1)
[1046]: (83.34737433298122,1)
[1047]: (83.01473215420209,1)
[1048]: (83.44979986452856,1)
[1049]: (83.12390897807263,1)
[1050]: (83.35821984061209,1)
[1051]: (83.03103463560862,1)
[1052]: (83.42784657248149,1)
[1053]: (83.92211293520459,1)
[1054]: (83.23827210527003,1)
[1055]: (83.58643285585349,1)
[1056]: (83.01395652549036,1)
[1057]: (83.20660355298209,1)
[1058]: (83.15239539394183,1)
[1059]: (83.17915802655581,1)
[1060]: (83.30973989029903,1)
[1061]: (83.09266117462469,1)
[1062]: (83.16570900945821,1)
[1063]: (83.19521074250416,1)
[1064]: (83.15835353536492,1)
[1065]: (83.37168121428081,1)
[1066]: (83.39886310012791,1)
[1067]: (83.02531661666036,1)
[1068]: (83.02391485464111,1)
[1069]: (83.5886274867127,1)
[1070]: (83.08312000299235,1)
[1071]: (83.02892186749102,1)
[1072]: (83.54538361321464,1)
[1073]: (83.16081895216719,1)
[1074]: (83.22409281845691,1)
[1075]: (83.03741644227196,1)
[1076]: (83.14213078654849,1)
[1077]: (83.30053082922974,1)
[1078]: (83.442680788266,1)
[1079]: (83.17578737314221,1)
[1080]: (83.3509177588748,1)
[1081]: (84.46429872355563,1)
[1082]: (83.00148346712554,1)
[1083]: (83.36061335086916,1)
[1084]: (83.40330316306751,1)
[1085]: (83.19850561663505,1)
[1086]: (83.05636170463933,1)
[1087]: (83.02094314156157,1)
[1088]: (84.00676358454386,1)
[1089]: (83.64833832113774,1)
[1090]: (83.13681193783427,1)
[1091]: (83.44218809848321,1)
[1092]: (83.00679808759419,1)
[1093]: (83.11775380342796,1)
[1094]: (83.08208025040733,1)
[1095]: (83.00717826748836,1)
[1096]: (83.29628452107686,1)
[1097]: (83.09104696304658,1)
[1098]: (83.15610964025794,1)
[1099]: (83.01127627415518,1)
[1100]: (83.30921401466243,1)
[1101]: (83.26561747344418,1)
[1102]: (83.17096243939437,1)
[1103]: (83.21994831413856,1)
[1104]: (83.91170690845671,1)
[1105]: (83.3805859001661,1)
[1106]: (83.02769490877913,1)
[1107]: (83.72181700593201,1)
[1108]: (83.04012553924611,1)
[1109]: (83.15196535920035,1)
[1110]: (83.43715967262864,1)
[1111]: (83.48993737670905,1)
[1112]: (83.07543168441346,1)
[1113]: (83.20378425785988,1)
[1114]: (83.05314618263063,1)
[1115]: (83.03539462564324,1)
[1116]: (83.09552921699949,1)
[1117]: (83.1916333139587,1)
[1118]: (83.30552212631999,1)
[1119]: (83.5191296630217,1)
[1120]: (83.28048774913889,1)
[1121]: (83.15071335522789,1)
[1122]: (83.23621632366914,1)
[1123]: (83.90151771826383,1)
[1124]: (83.71335705668689,1)
[1125]: (83.11315636586376,1)
[1126]: (83.20222606374831,1)
[1127]: (83.68233532670925,1)
[1128]: (83.25742703108159,1)
[1129]: (83.83375720232041,1)
[1130]: (83.51173058301978,1)
[1131]: (83.25303990825421,1)
[1132]: (83.02724843357676,1)
[1133]: (83.50846538744824,1)
[1134]: (83.23543544852964,1)
[1135]: (83.00479177679604,1)
[1136]: (83.04762112737295,1)
[1137]: (83.21019877178205,1)
[1138]: (83.84239807129194,1)
[1139]: (83.36239565695695,1)
[1140]: (83.15595419870441,1)
[1141]: (83.1727488692319,1)
[1142]: (83.06631552936352,1)
[1143]: (83.67513167171096,1)
[1144]: (83.081100128342,1)
[1145]: (83.07407140237967,1)
[1146]: (83.11633484909247,1)
[1147]: (83.06160197832385,1)
[1148]: (83.67318483643758,1)
[1149]: (83.14120377828398,1)
[1150]: (83.12097956837732,1)
[1151]: (83.16871738032773,1)
[1152]: (83.01006728778417,1)
[1153]: (83.21797173592539,1)
[1154]: (83.68053729836043,1)
[1155]: (84.03164746140403,1)
[1156]: (83.56969306547759,1)
[1157]: (83.01669574720064,1)
[1158]: (83.17475345567601,1)
[1159]: (83.08759255555326,1)
[1160]: (83.11891676528666,1)
[1161]: (83.40962843833374,1)
[1162]: (83.89299499759699,1)
[1163]: (83.66817460209015,1)
[1164]: (83.16557580927524,1)
[1165]: (83.86587679077977,1)
[1166]: (83.2724332552437,1)
[1167]: (83.23833680048602,1)
[1168]: (83.50639214972679,1)
[1169]: (83.90060368353035,1)
[1170]: (83.13063843467611,1)
[1171]: (83.27682588181932,1)
[1172]: (83.0509439557466,1)
[1173]: (84.05663860828315,1)
[1174]: (83.24239007943629,1)
[1175]: (83.63665887732641,1)
[1176]: (83.18647459166522,1)
[1177]: (83.40683060395253,1)
[1178]: (83.05310065841125,1)
[1179]: (83.24685209670426,1)
[1180]: (83.08701273732265,1)
[1181]: (83.02836655779622,1)
[1182]: (83.18944363723938,1)
[1183]: (83.77559675406974,1)
[1184]: (83.31505176806319,1)
[1185]: (83.4815951463975,1)
[1186]: (83.3029473543243,1)
[1187]: (83.34379790129994,1)
[1188]: (83.13325332403031,1)
[1189]: (83.53027019990402,1)
[1190]: (83.16893832227153,1)
[1191]: (83.01521449289162,1)
[1192]: (83.00552205928543,1)
[1193]: (83.81930153129261,1)
[1194]: (83.63386092665316,1)
[1195]: (83.68832548654231,1)
[1196]: (83.5626341975566,1)
[1197]: (83.68327566132479,1)
[1198]: (83.0541902560668,1)
[1199]: (83.11500870296554,1)
[1200]: (83.33162479345019,1)
[1201]: (83.39160894329017,1)
[1202]: (83.05784854465378,1)
[1203]: (83.0197905291638,1)
[1204]: (83.26794629004766,1)
[1205]: (83.17433705003936,1)
[1206]: (83.00331055907877,1)
[1207]: (83.04101336498411,1)
[1208]: (83.18664445967335,1)
[1209]: (84.03400521721842,1)
[1210]: (83.17920623101841,1)
[1211]: (83.01222635463554,1)
[1212]: (83.01872826201168,1)
[1213]: (83.27072343303547,1)
[1214]: (83.87634211134495,1)
[1215]: (83.17794892356184,1)
[1216]: (83.09403197771707,1)
[1217]: (83.16556486684345,1)
[1218]: (83.12206669466205,1)
[1219]: (83.72995250417951,1)
[1220]: (83.02980353634588,1)
[1221]: (83.29861599743442,1)
[1222]: (83.6433407448198,1)
[1223]: (83.46494819167677,1)
[1224]: (83.1201860206348,1)
[1225]: (83.32361123251414,1)
[1226]: (83.28386563257081,1)
[1227]: (83.4492952315378,1)
[1228]: (83.33462264413664,1)
[1229]: (84.14924890626341,1)
[1230]: (83.40691589007092,1)
[1231]: (83.07071844358261,1)
[1232]: (83.08535525793928,1)
[1233]: (84.5797109808162,1)
[1234]: (83.03158999030963,1)
[1235]: (83.34658445851453,1)
[1236]: (83.24265807779274,1)
[1237]: (83.0719130260543,1)
[1238]: (83.12335958929224,1)
[1239]: (83.57483050216835,1)
[1240]: (83.05029541305126,1)
[1241]: (83.29256249618757,1)
[1242]: (83.81543352289592,1)
[1243]: (83.06324051771884,1)
[1244]: (83.14374245423872,1)
[1245]: (83.55573929215987,1)
[1246]: (83.61855204482293,1)
[1247]: (83.21425043350702,1)
[1248]: (83.26102201579668,1)
[1249]: (84.42325253152218,1)
[1250]: (83.39906132265871,1)
[1251]: (83.01068010863436,1)
[1252]: (83.35409003325948,1)
[1253]: (83.31528746453991,1)
[1254]: (83.5094589483822,1)
[1255]: (83.48359711326034,1)
[1256]: (83.2502358000023,1)
[1257]: (83.04771434511332,1)
[1258]: (83.03073610980721,1)
[1259]: (83.26294257104141,1)
[1260]: (83.02296575351568,1)
[1261]: (83.27644355440854,1)
[1262]: (83.4046912145219,1)
[1263]: (83.26805485010053,1)
[1264]: (83.09091280963293,1)
[1265]: (83.19823747515095,1)
[1266]: (83.40672794492853,1)
[1267]: (83.14471281980259,1)
[1268]: (83.11399831328634,1)
[1269]: (83.43004435880086,1)
[1270]: (83.85419415526711,1)
[1271]: (83.13013701958387,1)
[1272]: (83.38823143782967,1)
[1273]: (83.31468979349063,1)
[1274]: (84.31261407001814,1)
[1275]: (83.12497934298938,1)
[1276]: (83.00011723911489,1)
[1277]: (83.03054327028775,1)
[1278]: (83.08990547578853,1)
[1279]: (84.18061472214958,1)
[1280]: (83.85398553728615,1)
[1281]: (83.95578752159405,1)
[1282]: (83.30109804273593,1)
[1283]: (83.78995092503558,1)
[1284]: (83.6815494281727,1)
[1285]: (83.40613809807328,1)
[1286]: (83.18384776012664,1)
[1287]: (83.15057077562429,1)
[1288]: (83.90204041540446,1)
[1289]: (83.22623906380323,1)
[1290]: (83.2017414271056,1)
[1291]: (83.03446769354248,1)
[1292]: (83.03548792605959,1)
[1293]: (83.03606300567498,1)
[1294]: (83.33508543114641,1)
[1295]: (83.05650351684083,1)
[1296]: (83.57277536172828,1)
[1297]: (83.2765530612313,1)
[1298]: (83.03707527114358,1)
[1299]: (83.08597004201332,1)
[1300]: (83.82563853894611,1)
[1301]: (83.85384928277878,1)
[1302]: (83.04814100233992,1)
[1303]: (83.94187601208466,1)
[1304]: (83.21465361933105,1)
[1305]: (83.08864194175797,1)
[1306]: (83.80747923133643,1)
[1307]: (83.86329701689458,1)
[1308]: (83.08680928544486,1)
[1309]: (83.21292755658195,1)
[1310]: (83.3999042616264,1)
[1311]: (83.01297619368384,1)
[1312]: (84.16813141368722,1)
[1313]: (83.25210179642664,1)
[1314]: (83.63001097449624,1)
[1315]: (84.26385555002238,1)
[1316]: (83.62826298537088,1)
[1317]: (83.34404503627701,1)
[1318]: (83.01689473974385,1)
[1319]: (83.08547008628287,1)
[1320]: (83.21534825882681,1)
[1321]: (83.14263900819188,1)
[1322]: (83.26886979992946,1)
[1323]: (83.58080274624537,1)
[1324]: (83.06646226228793,1)
[1325]: (83.36159301435494,1)
[1326]: (83.25391633654898,1)
[1327]: (83.76750322733083,1)
[1328]: (83.30067109408161,1)
[1329]: (83.19915778171364,1)
[1330]: (83.68980737665443,1)
[1331]: (83.00490678866136,1)
[1332]: (83.30115518055548,1)
[1333]: (83.46156146701884,1)
[1334]: (83.05536274528941,1)
[1335]: (83.0580001547619,1)
[1336]: (83.50526867537567,1)
[1337]: (83.24142059406236,1)
[1338]: (84.16622515733813,1)
[1339]: (83.83814584698187,1)
[1340]: (83.71927796730172,1)
[1341]: (83.2837783628306,1)
[1342]: (83.47586950349366,1)
[1343]: (83.29686529289212,1)
[1344]: (84.1303350456113,1)
[1345]: (83.01406844823477,1)
[1346]: (83.21471747656652,1)
[1347]: (85.24590766827671,1)
[1348]: (83.03598362649147,1)
[1349]: (84.5444259834903,1)
[1350]: (83.35523151000797,1)
[1351]: (83.01521077021606,1)
[1352]: (83.68889424739125,1)
[1353]: (83.03554879890081,1)
[1354]: (83.18697727430782,1)
[1355]: (83.27076678683562,1)
[1356]: (83.08302443707838,1)
[1357]: (83.37874875197851,1)
[1358]: (83.01344015193401,1)
[1359]: (83.68266848584797,1)
[1360]: (83.32128003726854,1)
[1361]: (83.08990390185846,1)
[1362]: (83.47397558225819,1)
[1363]: (83.90452276027537,1)
[1364]: (83.05521485537115,1)
[1365]: (83.38079852289025,1)
[1366]: (83.75348607018037,1)
[1367]: (83.36911267937366,1)
[1368]: (83.67564159035392,1)
[1369]: (83.2766536367175,1)
[1370]: (83.37122179490444,1)
[1371]: (83.31740646680375,1)
[1372]: (83.26213994981831,1)
[1373]: (83.02136502277293,1)
[1374]: (83.31624199357833,1)
[1375]: (83.43781199563477,1)
[1376]: (83.08235125975963,1)
[1377]: (83.69453948252382,1)
[1378]: (83.63679243843799,1)
[1379]: (83.17405481989326,1)
[1380]: (83.56747202411738,1)
[1381]: (83.03865208373712,1)
[1382]: (83.3733855722387,1)
[1383]: (83.34418088409659,1)
[1384]: (83.19458084286124,1)
[1385]: (83.06830443867183,1)
[1386]: (83.25706523866295,1)
[1387]: (83.88387396883599,1)
[1388]: (83.98520110554456,1)
[1389]: (83.40065198169771,1)
[1390]: (83.68348430834911,1)
[1391]: (83.24887932740896,1)
[1392]: (83.3625828634888,1)
[1393]: (83.19794561899671,1)
[1394]: (83.71704817377197,1)
[1395]: (83.19113442250313,1)
[1396]: (83.21999011426351,1)
[1397]: (83.09352385269968,1)
[1398]: (83.14958895012369,1)
[1399]: (83.06817488649978,1)
[1400]: (83.91105503501127,1)
[1401]: (83.04177155717218,1)
[1402]: (83.08236243115095,1)
[1403]: (83.33608477049536,1)
[1404]: (83.41433455357196,1)
[1405]: (83.11444836659311,1)
[1406]: (83.25781066479095,1)
[1407]: (83.38316039068907,1)
[1408]: (83.01176736889757,1)
[1409]: (83.03819013460091,1)
[1410]: (83.22893107655187,1)
[1411]: (83.21356777257077,1)
[1412]: (83.15679735001063,1)
[1413]: (83.10913559424051,1)
[1414]: (83.05192931491632,1)
[1415]: (83.30680765455737,1)
[1416]: (83.09915823215556,1)
[1417]: (83.11181613943486,1)
[1418]: (83.6322543637805,1)
[1419]: (83.98934782179266,1)
[1420]: (83.51351336043207,1)
[1421]: (83.3577839524288,1)
[1422]: (83.74607612536656,1)
[1423]: (83.4756352503054,1)
[1424]: (83.11647254602597,1)
[1425]: (83.68441954539334,1)
[1426]: (83.74331693612194,1)
[1427]: (83.66880146461712,1)
[1428]: (83.06333490581791,1)
[1429]: (83.14720572198094,1)
[1430]: (83.60219453472912,1)
[1431]: (83.28577984557309,1)
[1432]: (83.1861030461961,1)
[1433]: (83.50789021152946,1)
[1434]: (83.01674085573475,1)
[1435]: (83.67274247384316,1)
[1436]: (84.16343789907211,1)
[1437]: (83.0839981654288,1)
[1438]: (83.16907995909524,1)
[1439]: (83.30796615581218,1)
[1440]: (83.15323647214186,1)
[1441]: (83.67648820725823,1)
[1442]: (83.43438270215729,1)
[1443]: (83.42360063658374,1)
[1444]: (83.17942459464999,1)
[1445]: (83.01250933612104,1)
[1446]: (83.36656239684926,1)
[1447]: (83.62540914313283,1)
[1448]: (84.10216982770301,1)
[1449]: (83.22878259418827,1)
[1450]: (83.03603522622834,1)
[1451]: (83.52390832097817,1)
[1452]: (84.10581482304356,1)
[1453]: (84.06797731604438,1)
[1454]: (83.17077001719652,1)
[1455]: (83.04695449178058,1)
[1456]: (83.01521594930114,1)
[1457]: (83.71085387595193,1)
[1458]: (83.4787080823597,1)
[1459]: (83.30131264039595,1)
[1460]: (83.16586708370828,1)
[1461]: (83.38097842159313,1)
[1462]: (83.17933222092218,1)
[1463]: (83.19327374814812,1)
[1464]: (83.36482827692726,1)
[1465]: (83.89902575744662,1)
[1466]: (83.78872596201144,1)
[1467]: (83.4362462993234,1)
[1468]: (83.00744702935373,1)
[1469]: (83.19530839985653,1)
[1470]: (84.05253385847435,1)
[1471]: (83.90927420919951,1)
[1472]: (83.57717043541548,1)
[1473]: (83.01074718650527,1)
[1474]: (83.08320944477339,1)
[1475]: (83.88610777742217,1)
[1476]: (83.13564996399465,1)
[1477]: (83.10561820499991,1)
[1478]: (83.01407804436958,1)
[1479]: (83.17939311369607,1)
[1480]: (84.38167932288867,1)
[1481]: (83.42934983886278,1)
[1482]: (83.7797109139831,1)
[1483]: (83.07117447980718,1)
[1484]: (83.77874103258824,1)
[1485]: (83.13809368550085,1)
[1486]: (83.06291182359477,1)
[1487]: (83.20688076360094,1)
[1488]: (83.18784012684377,1)
[1489]: (83.1013535045099,1)
[1490]: (83.23082003470869,1)
[1491]: (83.01685184495948,1)
[1492]: (83.06590230410961,1)
[1493]: (83.45410894799835,1)
[1494]: (83.31074891699511,1)
[1495]: (83.16382362241089,1)
[1496]: (83.58735945649811,1)
[1497]: (83.30695448394872,1)
[1498]: (83.3412819589356,1)
[1499]: (83.44410293324104,1)
[1500]: (83.02502386937594,1)
[1501]: (83.99963943573793,1)
[1502]: (83.19236544208744,1)
[1503]: (83.74116172610552,1)
[1504]: (83.53548586233292,1)
[1505]: (83.43352907224853,1)
[1506]: (83.04261940289531,1)
[1507]: (83.4176165769675,1)
[1508]: (83.68606976182703,1)
[1509]: (83.18936203383547,1)
[1510]: (83.93839497860962,1)
[1511]: (83.64705242525402,1)
[1512]: (83.63821947162451,1)
[1513]: (84.30357777950458,1)
[1514]: (83.00752961397103,1)
[1515]: (83.30823695102292,1)
[1516]: (83.32203096822215,1)
[1517]: (83.13167024260973,1)
[1518]: (83.36577564128127,1)
[1519]: (83.65919814475615,1)
[1520]: (83.09072207506259,1)
[1521]: (83.18984182478169,1)
[1522]: (83.22085900785643,1)
[1523]: (83.20876063757397,1)
[1524]: (83.46377792914657,1)
[1525]: (83.03268735557842,1)
[1526]: (83.08197880780364,1)
[1527]: (83.33575738252527,1)
[1528]: (83.04822494446589,1)
[1529]: (83.13847490335561,1)
[1530]: (83.17724835473201,1)
[1531]: (83.41177567190417,1)
[1532]: (83.2085842667105,1)
[1533]: (83.45258490858922,1)
[1534]: (83.52388774781798,1)
[1535]: (83.05959782793492,1)
[1536]: (83.17581518976222,1)
[1537]: (83.58650267980698,1)
[1538]: (83.13376295121095,1)
[1539]: (83.67080655935219,1)
[1540]: (83.5139645208378,1)
[1541]: (83.24809796465932,1)
[1542]: (83.65889545646806,1)
[1543]: (84.19614552149545,1)
[1544]: (83.15465708699192,1)
[1545]: (83.22961050102742,1)
[1546]: (83.02506156393,1)
[1547]: (83.15119560321399,1)
[1548]: (83.7639201839272,1)
[1549]: (83.21752231655024,1)
[1550]: (83.90829822319256,1)
[1551]: (83.36664666353646,1)
[1552]: (83.0962246982767,1)
[1553]: (84.00113843673222,1)
[1554]: (83.46709426443414,1)
[1555]: (83.64369771411836,1)
[1556]: (83.28211746407929,1)
[1557]: (83.00470357377222,1)
[1558]: (83.24272320403689,1)
[1559]: (83.0791832250444,1)
[1560]: (83.07682982076462,1)
[1561]: (83.60733395194607,1)
[1562]: (83.16851106734256,1)
[1563]: (83.63222452159613,1)
[1564]: (83.52287984994734,1)
[1565]: (83.22948596332715,1)
[1566]: (83.5563061456721,1)
[1567]: (83.00218569083178,1)
[1568]: (83.11433349895394,1)
[1569]: (83.33533739898955,1)
[1570]: (83.40788316409873,1)
[1571]: (83.18599287271583,1)
[1572]: (83.06948595953502,1)
[1573]: (83.43779153305729,1)
[1574]: (83.18819081730501,1)
[1575]: (83.82231159519344,1)
[1576]: (83.02941735677105,1)
[1577]: (83.7393322194939,1)
[1578]: (83.15240163926562,1)
[1579]: (83.04440068317101,1)
[1580]: (83.13473248245482,1)
[1581]: (84.00507216150689,1)
[1582]: (83.0310658933393,1)
[1583]: (83.36481327808463,1)
[1584]: (83.01311380437423,1)
[1585]: (83.02916969639828,1)
[1586]: (83.51556966241233,1)
[1587]: (83.51901600182453,1)
[1588]: (83.04659100717508,1)
[1589]: (83.68351073752621,1)
[1590]: (83.61562971852702,1)
[1591]: (83.3245013553186,1)
[1592]: (83.06725586107684,1)
[1593]: (83.65154063030845,1)
[1594]: (83.05121890715579,1)
[1595]: (83.08512297474294,1)
[1596]: (83.13994467937106,1)
[1597]: (83.02161395021285,1)
[1598]: (83.00699208997783,1)
[1599]: (83.16056376075647,1)
[1600]: (85.11550183064645,1)
[1601]: (83.08433571230066,1)
[1602]: (83.02850774271586,1)
[1603]: (83.24871507171031,1)
[1604]: (83.38197574142654,1)
[1605]: (83.07684145110959,1)
[1606]: (83.00886530865556,1)
[1607]: (84.75846085940066,1)
[1608]: (83.00848719359874,1)
[1609]: (83.35934111982054,1)
[1610]: (83.07722221484903,1)
[1611]: (83.62529945625928,1)
[1612]: (83.20613479042133,1)
[1613]: (85.0282271993793,1)
[1614]: (83.96394261033082,1)
[1615]: (83.07587877153161,1)
[1616]: (83.10192637158805,1)
[1617]: (83.24321761181446,1)
[1618]: (83.10926016149553,1)
[1619]: (83.17553894804315,1)
[1620]: (83.58683412709351,1)
[1621]: (83.35150878692619,1)
[1622]: (83.20702787262809,1)
[1623]: (83.17887549893371,1)
[1624]: (83.30941053326066,1)
[1625]: (83.15568984140677,1)
[1626]: (83.3151414243128,1)
[1627]: (83.30253832200223,1)
[1628]: (83.0832927596487,1)
[1629]: (83.35179781466228,1)
[1630]: (83.0426279753885,1)
[1631]: (83.17811296059665,1)
[1632]: (83.00470234543867,1)
[1633]: (83.28132943964165,1)
[1634]: (83.1768134727522,1)
[1635]: (83.60083029213385,1)
[1636]: (83.04057846019973,1)
[1637]: (83.16426936371708,1)
[1638]: (83.13557625658491,1)
[1639]: (83.01506222721902,1)
[1640]: (83.20271491377171,1)
[1641]: (83.18025414870998,1)
[1642]: (83.06756824427595,1)
[1643]: (83.35256960633448,1)
[1644]: (83.12587654862479,1)
[1645]: (83.30186236949196,1)
[1646]: (83.00718918921822,1)
[1647]: (83.00380347458783,1)
[1648]: (83.11607356243316,1)
[1649]: (83.46286238897731,1)
[1650]: (83.46158270030799,1)
[1651]: (83.01317525673637,1)
[1652]: (83.4922407378313,1)
[1653]: (83.84335315248686,1)
[1654]: (83.61158478726749,1)
[1655]: (84.27150334558549,1)
[1656]: (83.0539293216743,1)
[1657]: (83.01407865661882,1)
[1658]: (83.24911210145399,1)
[1659]: (83.13290029124286,1)
[1660]: (83.84118025031981,1)
[1661]: (83.10483816708077,1)
[1662]: (83.23041059871584,1)
[1663]: (84.34551867684416,1)
[1664]: (83.24885311973105,1)
[1665]: (83.08676288219351,1)
[1666]: (83.31730994918306,1)
[1667]: (83.058852742612,1)
[1668]: (83.2675930863812,1)
[1669]: (83.11004106919118,1)
[1670]: (83.11007713635821,1)
[1671]: (83.09250339454971,1)
[1672]: (84.05429062874607,1)
[1673]: (83.29144042867171,1)
[1674]: (83.25343851670246,1)
[1675]: (83.76219212062,1)
[1676]: (83.7237994490431,1)
[1677]: (83.28155220860785,1)
[1678]: (83.55802450705258,1)
[1679]: (83.16639353512103,1)
[1680]: (83.65704150683153,1)
[1681]: (83.54013134773253,1)
[1682]: (83.14414651675006,1)
[1683]: (83.28633966767718,1)
[1684]: (83.63456698564372,1)
[1685]: (84.17386312967102,1)
[1686]: (83.00469685520532,1)
[1687]: (84.34128060060006,1)
[1688]: (83.13759587201824,1)
[1689]: (83.93897381441991,1)
[1690]: (83.46420899920685,1)
[1691]: (83.33954172407091,1)
[1692]: (83.00811337842084,1)
[1693]: (83.66692760496647,1)
[1694]: (83.11129327464492,1)
[1695]: (83.04243620152711,1)
[1696]: (83.11447158723259,1)
[1697]: (83.30824082494483,1)
[1698]: (83.09204107356378,1)
[1699]: (83.08475024311878,1)
[1700]: (83.02804628752115,1)
[1701]: (83.26407578039711,1)
[1702]: (83.65788571074441,1)
[1703]: (83.57644223564679,1)
[1704]: (83.09183176964761,1)
[1705]: (83.01898441658646,1)
[1706]: (83.47266256375403,1)
[1707]: (83.47107538117828,1)
[1708]: (83.50771582071195,1)
[1709]: (83.35662484151248,1)
[1710]: (83.83984628181175,1)
[1711]: (83.62551254663107,1)
[1712]: (83.02164465584798,1)
[1713]: (83.18955540544424,1)
[1714]: (83.08909131349672,1)
[1715]: (83.58646417412083,1)
[1716]: (83.10722789139564,1)
[1717]: (83.17736942398268,1)
[1718]: (84.031239532667,1)
[1719]: (83.16945182761768,1)
[1720]: (83.4561017419191,1)
[1721]: (83.04662205414635,1)
[1722]: (83.22090126818711,1)
[1723]: (83.53336789086721,1)
[1724]: (83.44965697783822,1)
[1725]: (83.42262192607234,1)
[1726]: (83.30617120594238,1)
[1727]: (83.35967623763794,1)
[1728]: (83.34877212539418,1)
[1729]: (83.03947018666665,1)
[1730]: (83.24794773793259,1)
[1731]: (83.00996955429588,1)
[1732]: (83.08627747025912,1)
[1733]: (83.10578691141433,1)
[1734]: (83.18281606180483,1)
[1735]: (83.67913969187593,1)
[1736]: (83.08290745405893,1)
[1737]: (83.78188376666562,1)
[1738]: (84.60749307116524,1)
[1739]: (83.06662945882915,1)
[1740]: (83.122305640276,1)
[1741]: (83.1997473588162,1)
[1742]: (83.52281988647312,1)
[1743]: (83.05502706972142,1)
[1744]: (83.58241433611295,1)
[1745]: (83.30959082452152,1)
[1746]: (83.02704086463538,1)
[1747]: (83.11604619809759,1)
[1748]: (83.47185367892355,1)
[1749]: (83.24906617614687,1)
[1750]: (83.68937736203935,1)
[1751]: (83.01036391917735,1)
[1752]: (83.57438406371841,1)
[1753]: (83.50068056768414,1)
[1754]: (83.12515038206713,1)
[1755]: (83.46185478209881,1)
[1756]: (83.26108953412601,1)
[1757]: (84.75556885297252,1)
[1758]: (83.13826082176183,1)
[1759]: (83.90564461911629,1)
[1760]: (83.19120680821477,1)
[1761]: (83.33585246617743,1)
[1762]: (83.08410366982258,1)
[1763]: (83.2462889269317,1)
[1764]: (83.58030793009576,1)
[1765]: (83.56189284390796,1)
[1766]: (83.03478761606767,1)
[1767]: (83.27240811137396,1)
[1768]: (83.10907215021149,1)
[1769]: (83.29907334394949,1)
[1770]: (83.21001999385899,1)
[1771]: (83.02848827100098,1)
[1772]: (83.30778943108969,1)
[1773]: (83.15283630186973,1)
[1774]: (83.22342280588985,1)
[1775]: (83.56720910142344,1)
[1776]: (83.19258230426766,1)
[1777]: (83.09089723138945,1)
[1778]: (83.13213630472394,1)
[1779]: (83.35056861773521,1)
[1780]: (83.00153112663175,1)
[1781]: (83.18095504664801,1)
[1782]: (83.16507353433991,1)
[1783]: (83.63226024226071,1)
[1784]: (83.67604923816495,1)
[1785]: (83.63490250173589,1)
[1786]: (83.01615838716266,1)
[1787]: (83.07424999525,1)
[1788]: (83.1149521324657,1)
[1789]: (83.07447762393186,1)
[1790]: (83.04867231617288,1)
[1791]: (83.057086550327,1)
[1792]: (83.22942306202128,1)
[1793]: (83.4609318775823,1)
[1794]: (83.18602365850255,1)
[1795]: (83.48528623459929,1)
[1796]: (83.05248580055202,1)
[1797]: (83.32137817046716,1)
[1798]: (83.31788885869346,1)
[1799]: (83.00706942728586,1)
[1800]: (83.01531256779508,1)
[1801]: (83.12387649631472,1)
[1802]: (83.22307734608253,1)
[1803]: (83.26016329923659,1)
[1804]: (83.35280754086902,1)
[1805]: (83.73593375414269,1)
[1806]: (83.57860207528951,1)
[1807]: (83.62180424021618,1)
[1808]: (83.45617688852035,1)
[1809]: (83.03215695661748,1)
[1810]: (83.28378205653357,1)
[1811]: (83.0717231186277,1)
[1812]: (83.05577543694713,1)
[1813]: (83.07542356646032,1)
[1814]: (84.41040604471213,1)
[1815]: (83.02392469670183,1)
[1816]: (83.30540242767597,1)
[1817]: (83.27831583039463,1)
[1818]: (83.22136777318306,1)
[1819]: (83.27251907996589,1)
[1820]: (84.63816214782214,1)
[1821]: (83.33667822110797,1)
[1822]: (83.10293605820385,1)
[1823]: (83.07564650229698,1)
[1824]: (83.16654801509448,1)
[1825]: (83.3317295584154,1)
[1826]: (83.68575364191548,1)
[1827]: (83.02452996217251,1)
[1828]: (83.4015753613098,1)
[1829]: (83.33054578881293,1)
[1830]: (83.04029097006524,1)
[1831]: (83.42172104903858,1)
[1832]: (84.16128781608266,1)
[1833]: (83.67341838634523,1)
[1834]: (83.39504735349219,1)
[1835]: (83.01314233456728,1)
[1836]: (83.11383099761476,1)
[1837]: (83.07319354484598,1)
[1838]: (83.94160507613503,1)
[1839]: (84.37055714330586,1)
[1840]: (83.18595534946665,1)
[1841]: (83.10080577664669,1)
[1842]: (83.02362722550808,1)
[1843]: (83.17246085249683,1)
[1844]: (83.07057200631536,1)
[1845]: (84.53352808688463,1)
[1846]: (83.5479406734654,1)
[1847]: (83.30123242867022,1)
[1848]: (83.15204317153461,1)
[1849]: (83.9255322186616,1)
[1850]: (83.40083974674032,1)
[1851]: (83.86063842603473,1)
[1852]: (83.05687605775866,1)
[1853]: (83.02176988682189,1)
[1854]: (83.27114172564897,1)
[1855]: (83.08953993910755,1)
[1856]: (85.73458133572068,1)
[1857]: (83.82234459761362,1)
[1858]: (83.05375094844469,1)
[1859]: (83.07333590796841,1)
[1860]: (83.17698605649011,1)
[1861]: (83.03049517478642,1)
[1862]: (83.09710408532079,1)
[1863]: (83.90304426425452,1)
[1864]: (84.08475634328619,1)
[1865]: (83.53423085492869,1)
[1866]: (83.78306466100948,1)
[1867]: (84.26915547585341,1)
[1868]: (83.37077655726371,1)
[1869]: (83.2608162683844,1)
[1870]: (83.14986892952096,1)
[1871]: (83.20495444856336,1)
[1872]: (83.26278101451808,1)
[1873]: (83.30298750706508,1)
[1874]: (83.03601457357881,1)
[1875]: (83.03973670854909,1)
[1876]: (83.49422563043973,1)
[1877]: (83.31753862510227,1)
[1878]: (83.79563266566979,1)
[1879]: (83.39768998802325,1)
[1880]: (83.08783019258796,1)
[1881]: (83.07752719501792,1)
[1882]: (83.2780801777231,1)
[1883]: (83.91393592069704,1)
[1884]: (83.2252605505282,1)
[1885]: (83.30422830876267,1)
[1886]: (83.05934813034467,1)
[1887]: (83.18735958732307,1)
[1888]: (83.51841223955984,1)
[1889]: (83.09159020932753,1)
[1890]: (83.00297845106266,1)
[1891]: (83.3181917189419,1)
[1892]: (83.47761169631424,1)
[1893]: (83.05065231746897,1)
[1894]: (83.34105490650673,1)
[1895]: (83.08862939397471,1)
[1896]: (83.0505251328041,1)
[1897]: (83.00411737059279,1)
[1898]: (83.04387020744626,1)
[1899]: (83.62989020946901,1)
[1900]: (84.19104624455123,1)
[1901]: (83.68467613036276,1)
[1902]: (83.00100307483656,1)
[1903]: (83.42563987086476,1)
[1904]: (83.03406655883231,1)
[1905]: (83.02826668833602,1)
[1906]: (84.56457380941336,1)
[1907]: (83.32284461902438,1)
[1908]: (83.24684049466315,1)
[1909]: (83.8142718134483,1)
[1910]: (83.03708499236076,1)
[1911]: (83.20194204014793,1)
[1912]: (83.19872635710091,1)
[1913]: (83.38056236831062,1)
[1914]: (83.10891532604917,1)
[1915]: (83.1731958427884,1)
[1916]: (83.03662710223293,1)
[1917]: (83.58494369019984,1)
[1918]: (83.1065364020546,1)
[1919]: (83.55281488143291,1)
[1920]: (83.04810177189853,1)
[1921]: (83.32094460368342,1)
[1922]: (83.52007478317192,1)
[1923]: (83.20299679361268,1)
[1924]: (83.44892406071487,1)
[1925]: (83.18838102496004,1)
[1926]: (83.13852624190507,1)
[1927]: (83.09637810449676,1)
[1928]: (83.11177637367851,1)
[1929]: (83.26501433795879,1)
[1930]: (83.36878088627188,1)
[1931]: (83.47503655121083,1)
[1932]: (83.08285343808977,1)
[1933]: (83.04984417195226,1)
[1934]: (83.15190922883076,1)
[1935]: (83.75737927368846,1)
[1936]: (83.22733700986765,1)
[1937]: (83.24916210103147,1)
[1938]: (83.17331333563706,1)
[1939]: (83.44078747381157,1)
[1940]: (83.20286171645297,1)
[1941]: (83.36948715663189,1)
[1942]: (83.85099885977347,1)
[1943]: (83.26682902021489,1)
[1944]: (83.85354193233131,1)
[1945]: (83.39014098135935,1)
[1946]: (83.11559200131488,1)
[1947]: (83.17946908879026,1)
[1948]: (83.19026740797615,1)
[1949]: (83.55543259393765,1)
[1950]: (83.1465286125285,1)
[1951]: (83.12680224335429,1)
[1952]: (83.09653170674422,1)
[1953]: (83.09121277375296,1)
[1954]: (83.0065655986871,1)
[1955]: (83.08452656637816,1)
[1956]: (83.18894254815342,1)
[1957]: (83.07054736809887,1)
[1958]: (83.23051979406151,1)
[1959]: (83.214947275683,1)
[1960]: (83.36466404794254,1)
[1961]: (83.46826767200403,1)
[1962]: (83.18568975809582,1)
[1963]: (83.27042941751031,1)
[1964]: (83.07994772831277,1)
[1965]: (83.78776979483359,1)
[1966]: (83.02234106193001,1)
[1967]: (83.00421870142662,1)
[1968]: (83.39615429100841,1)
[1969]: (83.5290261452311,1)
[1970]: (83.14992987204488,1)
[1971]: (83.54309317413004,1)
[1972]: (83.0186355168016,1)
[1973]: (83.02938303645587,1)
[1974]: (83.0648854727559,1)
[1975]: (83.12855507358954,1)
[1976]: (83.18506479797463,1)
[1977]: (83.38251220699594,1)
[1978]: (83.03463988101737,1)
[1979]: (83.15172028218014,1)
[1980]: (84.3929423655652,1)
[1981]: (83.05698554186102,1)
[1982]: (83.58521156753673,1)
[1983]: (83.12584798154734,1)
[1984]: (83.02052091531669,1)
[1985]: (83.06688241583758,1)
[1986]: (83.3929451802201,1)
[1987]: (83.47476816432199,1)
[1988]: (83.03869204023458,1)
[1989]: (83.00861282428764,1)
[1990]: (83.56868272236272,1)
[1991]: (83.21070312382737,1)
[1992]: (83.33931473857274,1)
[1993]: (83.01053485522864,1)
[1994]: (83.52994703603837,1)
[1995]: (83.19571578609187,1)
[1996]: (84.38037602676623,1)
[1997]: (83.26626253306141,1)
[1998]: (83.0893019787123,1)
[1999]: (84.78380645167356,1)
 -- States explored : 0 states
 -- CPU user time used : 59810 ms
 -- Virtual memory used : 674148 KiB
 -- Resident memory used : 635784 KiB
executionTime: 391
