core file size          (blocks, -c) unlimited
data seg size           (kbytes, -d) unlimited
scheduling priority             (-e) 0
file size               (blocks, -f) unlimited
pending signals                 (-i) 4077086
max locked memory       (kbytes, -l) 64
max memory size         (kbytes, -m) 66060288
open files                      (-n) 4096
pipe size            (512 bytes, -p) 8
POSIX message queues     (bytes, -q) 819200
real-time priority              (-r) 0
stack size              (kbytes, -s) 8192
cpu time               (seconds, -t) unlimited
max user processes              (-u) 4077086
virtual memory          (kbytes, -v) 63000000
file locks                      (-x) unlimited
Options for the verification:
  Generating some trace
  Search order is random depth first
  Using conservative space optimisation
  Seed is 1556913161
  State space representation uses minimal constraint systems
  Using HashMap + Compress integers for discrete state storage

Verifying formula 1 at ../queries/SN_100_143_4.q:1
 -- Formula is satisfied.
(9000 runs)
Learning statistics for best strategy: 
	Number of resets: 0
	Number of iterations in last reset: 3
	Number of iterations in total: 3

 -- States explored : 0 states
 -- CPU user time used : 257610 ms
 -- Virtual memory used : 1436368 KiB
 -- Resident memory used : 1397924 KiB

Verifying formula 2 at ../queries/SN_100_143_4.q:2
 -- Formula is satisfied.
Composer.Done:
[0]: (0,0) (225.1691568115055,1)
[1]: (242.1490531643926,1)
[2]: (230.2816030742065,1)
[3]: (225.0781537052507,1)
[4]: (231.0115663016518,1)
[5]: (231.603644544908,1)
[6]: (238.4083853179427,1)
[7]: (240.5308891548918,1)
[8]: (232.6943042825777,1)
[9]: (232.1215755526211,1)
[10]: (231.1420967648586,1)
[11]: (236.2786957725357,1)
[12]: (222.0262347269816,1)
[13]: (238.0125667325983,1)
[14]: (222.0045499079322,1)
[15]: (222.2088816606285,1)
[16]: (217.2059829826535,1)
[17]: (231.0515320990673,1)
[18]: (238.0574899124453,1)
[19]: (224.3149082381579,1)
[20]: (230.2357371037785,1)
[21]: (236.2212508008497,1)
[22]: (222.7250258782109,1)
[23]: (236.1760487629839,1)
[24]: (231.1188544565025,1)
[25]: (224.2293928278342,1)
[26]: (231.1946560253677,1)
[27]: (228.7394765900927,1)
[28]: (231.2195486059191,1)
[29]: (225.3261135818923,1)
[30]: (227.0749818514865,1)
[31]: (227.5724319298306,1)
[32]: (230.1568696599909,1)
[33]: (222.3731411211983,1)
[34]: (220.3262807154738,1)
[35]: (225.401583747873,1)
[36]: (229.5572252274449,1)
[37]: (224.0365128156072,1)
[38]: (243.5528216048133,1)
[39]: (234.1015100288515,1)
[40]: (233.144226379478,1)
[41]: (220.64650430772,1)
[42]: (230.3955179866271,1)
[43]: (223.0179464631818,1)
[44]: (230.0635948796567,1)
[45]: (229.1322213743559,1)
[46]: (224.4817251723964,1)
[47]: (229.6049610906229,1)
[48]: (226.0823350632018,1)
[49]: (234.3056976723811,1)
[50]: (222.2538165443651,1)
[51]: (228.4038815258857,1)
[52]: (226.1075366973235,1)
[53]: (218.0357559763568,1)
[54]: (225.0190941256231,1)
[55]: (225.0231683857114,1)
[56]: (237.026778366571,1)
[57]: (225.4773525963143,1)
[58]: (226.0388715449696,1)
[59]: (220.084994718311,1)
[60]: (224.0945436716705,1)
[61]: (215.4987121202098,1)
[62]: (229.1846989057101,1)
[63]: (230.0801127714777,1)
[64]: (225.6495280731549,1)
[65]: (220.4632008002721,1)
[66]: (233.1490273186564,1)
[67]: (252.1624203471036,1)
[68]: (235.824219966424,1)
[69]: (226.4413709047436,1)
[70]: (230.3759172583562,1)
[71]: (223.8973969079914,1)
[72]: (232.0172830382954,1)
[73]: (236.7284118561296,1)
[74]: (225.0782708414288,1)
[75]: (226.0580452114835,1)
[76]: (224.0040897081306,1)
[77]: (221.0228761450457,1)
[78]: (221.1716469714578,1)
[79]: (240.1708748296884,1)
[80]: (220.6827174450265,1)
[81]: (239.2521023309652,1)
[82]: (219.3401833414434,1)
[83]: (237.1782523308914,1)
[84]: (226.3437407290812,1)
[85]: (234.3960902504544,1)
[86]: (237.7546815097486,1)
[87]: (225.2764535774248,1)
[88]: (225.1288281351011,1)
[89]: (254.2859036979715,1)
[90]: (223.0884425374555,1)
[91]: (227.3324807539492,1)
[92]: (221.2320420086619,1)
[93]: (227.3589611961396,1)
[94]: (242.7961864219443,1)
[95]: (220.7132292249121,1)
[96]: (233.1113763412447,1)
[97]: (220.3370085452558,1)
[98]: (232.1730246177249,1)
[99]: (227.446340064333,1)
[100]: (219.5950895845014,1)
[101]: (234.2315172553992,1)
[102]: (219.5166131955287,1)
[103]: (226.1937125972676,1)
[104]: (222.6409273682025,1)
[105]: (234.0282795093301,1)
[106]: (235.1201945119946,1)
[107]: (229.0447883703825,1)
[108]: (224.1591244146949,1)
[109]: (230.2124986938249,1)
[110]: (230.1109014638221,1)
[111]: (224.3631664412699,1)
[112]: (235.4403610753539,1)
[113]: (223.1089213039874,1)
[114]: (232.5987871733521,1)
[115]: (221.2447498743993,1)
[116]: (227.2491440594576,1)
[117]: (217.2963876902169,1)
[118]: (234.5098155735897,1)
[119]: (233.2630390610722,1)
[120]: (228.1700869713263,1)
[121]: (231.5884058983914,1)
[122]: (231.0593450066854,1)
[123]: (235.0631790839062,1)
[124]: (217.3526746686974,1)
[125]: (233.1705256958652,1)
[126]: (222.152928431533,1)
[127]: (221.6876818694014,1)
[128]: (232.2566747555519,1)
[129]: (249.2339556361553,1)
[130]: (241.1813317872331,1)
[131]: (223.0766670110721,1)
[132]: (224.0498614839678,1)
[133]: (230.0779677457357,1)
[134]: (221.9660654157562,1)
[135]: (225.2589083126739,1)
[136]: (235.1842276734796,1)
[137]: (248.3311617457722,1)
[138]: (235.1309836814243,1)
[139]: (234.6180459087645,1)
[140]: (226.0436968068844,1)
[141]: (224.0831481476721,1)
[142]: (235.1825617100917,1)
[143]: (243.1631392226822,1)
[144]: (222.0019199600275,1)
[145]: (224.0617131765166,1)
[146]: (242.2579422414782,1)
[147]: (222.3423386578871,1)
[148]: (222.3124144656225,1)
[149]: (232.1082689597939,1)
[150]: (233.2361116947578,1)
[151]: (231.5322882305484,1)
[152]: (239.7640806511467,1)
[153]: (230.7229784990898,1)
[154]: (223.5827528922771,1)
[155]: (233.15800920218,1)
[156]: (231.0278261222285,1)
[157]: (225.2784152501056,1)
[158]: (226.0333090087014,1)
[159]: (230.3383985951862,1)
[160]: (223.8360592069588,1)
[161]: (225.3419000731658,1)
[162]: (230.2372155934891,1)
[163]: (223.1010997955667,1)
[164]: (238.4183676057062,1)
[165]: (237.0810690336594,1)
[166]: (235.1480231719105,1)
[167]: (227.1802113760882,1)
[168]: (234.1667026989127,1)
[169]: (229.2047989894459,1)
[170]: (226.2788959709038,1)
[171]: (231.4777990734702,1)
[172]: (247.1231087555412,1)
[173]: (218.4825125787754,1)
[174]: (226.218212618912,1)
[175]: (217.0915356333753,1)
[176]: (225.1790292246251,1)
[177]: (231.0186897263133,1)
[178]: (232.6388018463194,1)
[179]: (233.4135817484938,1)
[180]: (222.3813007022734,1)
[181]: (221.2331064578467,1)
[182]: (237.154917578606,1)
[183]: (231.389420697675,1)
[184]: (229.1013236078284,1)
[185]: (227.0079848554503,1)
[186]: (225.0167297886976,1)
[187]: (225.4277526622711,1)
[188]: (221.4277306975693,1)
[189]: (219.4461373049781,1)
[190]: (234.5793656665636,1)
[191]: (235.5077568176995,1)
[192]: (223.4128382600248,1)
[193]: (224.0771011442681,1)
[194]: (231.4697970701222,1)
[195]: (237.2684132720561,1)
[196]: (224.9519170915104,1)
[197]: (246.1541706844803,1)
[198]: (235.2244219874331,1)
[199]: (235.0006902156735,1)
[200]: (217.5432978353285,1)
[201]: (227.0365156296161,1)
[202]: (226.2356167290835,1)
[203]: (227.001460144689,1)
[204]: (238.702568898018,1)
[205]: (232.077338395269,1)
[206]: (232.1049505214365,1)
[207]: (226.0747982653174,1)
[208]: (225.1685993093942,1)
[209]: (225.0068655271792,1)
[210]: (224.3151705771203,1)
[211]: (228.1267278124428,1)
[212]: (233.3603086721409,1)
[213]: (233.0432722814083,1)
[214]: (233.1409351251521,1)
[215]: (228.1726862230236,1)
[216]: (232.139744605098,1)
[217]: (237.0235442948032,1)
[218]: (217.2645997146422,1)
[219]: (227.1349445555442,1)
[220]: (222.1284967230217,1)
[221]: (227.9026876207269,1)
[222]: (222.2560110083786,1)
[223]: (231.310559956065,1)
[224]: (230.1896677541394,1)
[225]: (237.0001164773992,1)
[226]: (228.3231804777033,1)
[227]: (223.2365005290476,1)
[228]: (228.0663628958537,1)
[229]: (226.1331733884666,1)
[230]: (234.6756458696809,1)
[231]: (230.0744343887038,1)
[232]: (225.1791113436216,1)
[233]: (226.1795529317931,1)
[234]: (222.0659361481653,1)
[235]: (224.4284937930037,1)
[236]: (225.0924370877099,1)
[237]: (232.0738378982405,1)
[238]: (230.2603070919847,1)
[239]: (222.2683296022661,1)
[240]: (243.0778593125494,1)
[241]: (221.0998794229062,1)
[242]: (246.102803341088,1)
[243]: (234.0119731052128,1)
[244]: (241.9210401756582,1)
[245]: (231.6206936831177,1)
[246]: (242.0426293742409,1)
[247]: (233.0265965192365,1)
[248]: (236.0564351175172,1)
[249]: (227.4199166629869,1)
[250]: (224.2500965947378,1)
[251]: (221.192359914411,1)
[252]: (230.0586316329823,1)
[253]: (225.6915673133072,1)
[254]: (225.1918722274605,1)
[255]: (229.0156662236078,1)
[256]: (239.1831379999548,1)
[257]: (218.2385724654038,1)
[258]: (221.3104644909775,1)
[259]: (237.1285739120065,1)
[260]: (222.2017368477146,1)
[261]: (223.0130867216335,1)
[262]: (232.7237830302169,1)
[263]: (222.1527406078242,1)
[264]: (231.0635632469905,1)
[265]: (228.0050019625128,1)
[266]: (220.0736119666198,1)
[267]: (227.0518275030628,1)
[268]: (225.0434155343986,1)
[269]: (222.172664619676,1)
[270]: (224.147570146193,1)
[271]: (227.1355896085586,1)
[272]: (217.3387742207077,1)
[273]: (228.049699247662,1)
[274]: (226.1491654959433,1)
[275]: (236.0366470264561,1)
[276]: (219.1150402015247,1)
[277]: (227.5341755418888,1)
[278]: (227.1272957828977,1)
[279]: (233.1187965842636,1)
[280]: (234.5058522375255,1)
[281]: (223.4434946679868,1)
[282]: (245.0796564953076,1)
[283]: (241.1742251125417,1)
[284]: (244.4947464272744,1)
[285]: (221.136184748425,1)
[286]: (238.0247630661894,1)
[287]: (240.0968507168624,1)
[288]: (219.523552603444,1)
[289]: (231.2858291213073,1)
[290]: (219.027694394457,1)
[291]: (227.8752053438,1)
[292]: (225.2156892037543,1)
[293]: (229.4593117719403,1)
[294]: (228.1468433877823,1)
[295]: (231.5288018137863,1)
[296]: (232.0691485571174,1)
[297]: (221.0625576340415,1)
[298]: (222.0345190878673,1)
[299]: (224.5074948806835,1)
[300]: (222.0007475425201,1)
[301]: (224.2377866008698,1)
[302]: (228.1007155476523,1)
[303]: (224.3257329456848,1)
[304]: (226.0814137282303,1)
[305]: (229.1994473515867,1)
[306]: (231.2603715087835,1)
[307]: (228.0767012709976,1)
[308]: (242.1572969968976,1)
[309]: (229.4032588817111,1)
[310]: (247.5825660218559,1)
[311]: (227.3534892507902,1)
[312]: (231.964016626882,1)
[313]: (225.7020922670378,1)
[314]: (227.6623103307093,1)
[315]: (234.4404368079708,1)
[316]: (230.2330506497874,1)
[317]: (235.0638035225871,1)
[318]: (224.0859044498831,1)
[319]: (236.5775069392205,1)
[320]: (226.0373499257387,1)
[321]: (229.0012843076757,1)
[322]: (230.0939778350702,1)
[323]: (220.2147628273497,1)
[324]: (230.0109044377969,1)
[325]: (237.4972070408289,1)
[326]: (228.3804856432806,1)
[327]: (226.3040141396526,1)
[328]: (237.3467053424389,1)
[329]: (234.1699333511108,1)
[330]: (222.3452262706018,1)
[331]: (223.2156142433792,1)
[332]: (224.7015295261677,1)
[333]: (225.0078877727852,1)
[334]: (218.4610530057289,1)
[335]: (228.8018904598661,1)
[336]: (219.3849252102933,1)
[337]: (226.603790672806,1)
[338]: (232.3653939917547,1)
[339]: (227.235521130742,1)
[340]: (229.9226653837314,1)
[341]: (221.393221199032,1)
[342]: (235.1700827935175,1)
[343]: (230.2124012130036,1)
[344]: (234.6305220611279,1)
[345]: (243.1233697693403,1)
[346]: (233.2041479155841,1)
[347]: (239.349164284572,1)
[348]: (226.4293251182633,1)
[349]: (222.8524520267857,1)
[350]: (235.0364038580007,1)
[351]: (231.0580671484647,1)
[352]: (218.2689258623736,1)
[353]: (234.9149798128511,1)
[354]: (220.6229758540005,1)
[355]: (223.0043431765348,1)
[356]: (237.0606661777936,1)
[357]: (228.0834258600204,1)
[358]: (236.1574245191361,1)
[359]: (224.0119747917115,1)
[360]: (226.3169042586487,1)
[361]: (223.2214548361487,1)
[362]: (229.4282568889743,1)
[363]: (227.4037395137887,1)
[364]: (233.1723893767538,1)
[365]: (220.1098743252953,1)
[366]: (227.2190657367627,1)
[367]: (240.8584437361629,1)
[368]: (218.6000992356495,1)
[369]: (226.0900209101903,1)
[370]: (218.1906616771205,1)
[371]: (223.5100932775946,1)
[372]: (234.0103900714448,1)
[373]: (225.0622559575775,1)
[374]: (222.1554795242008,1)
[375]: (228.758974606992,1)
[376]: (232.6764047977731,1)
[377]: (235.7286873682412,1)
[378]: (231.3816334797068,1)
[379]: (235.0778530630109,1)
[380]: (227.0810689579263,1)
[381]: (230.460765650971,1)
[382]: (235.25815507768,1)
[383]: (229.2669486715132,1)
[384]: (226.0144039883116,1)
[385]: (230.1795198130745,1)
[386]: (219.6012501562397,1)
[387]: (232.4782908248301,1)
[388]: (229.2286856076587,1)
[389]: (235.6156142098262,1)
[390]: (227.435554496377,1)
[391]: (227.0895225246239,1)
[392]: (238.4590784597023,1)
[393]: (235.0484237509674,1)
[394]: (223.4663540486375,1)
[395]: (226.0509967909113,1)
[396]: (228.0601096041668,1)
[397]: (240.1565235222196,1)
[398]: (226.5870431023255,1)
[399]: (225.0057972027561,1)
[400]: (225.5756579761801,1)
[401]: (230.3301061359911,1)
[402]: (237.2577690737992,1)
[403]: (238.160687165477,1)
[404]: (229.6173146841154,1)
[405]: (235.3760543011317,1)
[406]: (228.6599543676032,1)
[407]: (221.2434722678533,1)
[408]: (219.1909886110875,1)
[409]: (232.31928450801,1)
[410]: (229.220302281964,1)
[411]: (234.6124230743006,1)
[412]: (224.271646415014,1)
[413]: (226.3940489605617,1)
[414]: (226.1661087520833,1)
[415]: (227.4291436801872,1)
[416]: (227.0963817584943,1)
[417]: (239.4610272011726,1)
[418]: (231.2333570422238,1)
[419]: (240.5434141372706,1)
[420]: (229.2588454343815,1)
[421]: (225.5413408832586,1)
[422]: (234.3521305115233,1)
[423]: (231.1748148653453,1)
[424]: (221.2209836037545,1)
[425]: (229.1744041805662,1)
[426]: (225.3357469915461,1)
[427]: (222.7270918751402,1)
[428]: (241.1444190281698,1)
[429]: (230.0549566932424,1)
[430]: (232.422174463964,1)
[431]: (236.0447185739639,1)
[432]: (227.2456016038668,1)
[433]: (234.1839214408394,1)
[434]: (230.0035310799821,1)
[435]: (227.1261867538379,1)
[436]: (235.4131900185781,1)
[437]: (226.134854038168,1)
[438]: (215.1071674153625,1)
[439]: (220.0669385970771,1)
[440]: (237.3647999228178,1)
[441]: (231.0208155826944,1)
[442]: (221.5028540286003,1)
[443]: (246.0652718420108,1)
[444]: (228.0897889069987,1)
[445]: (231.0379923145253,1)
[446]: (219.235872217652,1)
[447]: (224.2363759751199,1)
[448]: (229.4629190796362,1)
[449]: (245.6045426329139,1)
[450]: (231.4417865642361,1)
[451]: (234.1908875780041,1)
[452]: (240.2318502665016,1)
[453]: (240.0515618618045,1)
[454]: (224.4194359595599,1)
[455]: (222.0132331202057,1)
[456]: (227.2923387365958,1)
[457]: (225.3148372007518,1)
[458]: (225.9336883818447,1)
[459]: (230.1680811954751,1)
[460]: (230.4188008103325,1)
[461]: (241.0153339689327,1)
[462]: (225.149794695253,1)
[463]: (228.6796782048683,1)
[464]: (237.0414652536651,1)
[465]: (236.1682380239118,1)
[466]: (224.0014623650148,1)
[467]: (226.0692875726723,1)
[468]: (222.5523863835683,1)
[469]: (226.2716095483362,1)
[470]: (229.1894569540778,1)
[471]: (238.2823586522104,1)
[472]: (224.1960737516757,1)
[473]: (233.6404369813014,1)
[474]: (221.1416234971188,1)
[475]: (226.3008038886176,1)
[476]: (231.8765082200361,1)
[477]: (226.1428111641547,1)
[478]: (223.2265389416187,1)
[479]: (229.1651001466855,1)
[480]: (227.5351898437409,1)
[481]: (226.0124324075998,1)
[482]: (228.2111633971369,1)
[483]: (223.006405936335,1)
[484]: (233.3378925897561,1)
[485]: (237.3846464170019,1)
[486]: (219.3429394763969,1)
[487]: (236.0318982175222,1)
[488]: (227.1380603456322,1)
[489]: (230.042837259699,1)
[490]: (221.5008073697621,1)
[491]: (227.0203887931872,1)
[492]: (235.045331973752,1)
[493]: (225.6465754397822,1)
[494]: (239.3490417613855,1)
[495]: (223.8861855399176,1)
[496]: (227.0278592276307,1)
[497]: (232.7678157736213,1)
[498]: (229.2517463152825,1)
[499]: (231.0591886078946,1)
[500]: (232.0424603548732,1)
[501]: (232.5526760035206,1)
[502]: (233.4260266861249,1)
[503]: (229.0944661853873,1)
[504]: (229.203990519082,1)
[505]: (225.0607483873301,1)
[506]: (228.2078684158491,1)
[507]: (225.1665922536601,1)
[508]: (238.9040628039277,1)
[509]: (223.1787844339356,1)
[510]: (241.1265063794983,1)
[511]: (228.2379382052448,1)
[512]: (230.0050911507289,1)
[513]: (226.1087063086757,1)
[514]: (232.3003409626649,1)
[515]: (219.0026877101981,1)
[516]: (223.1838007651509,1)
[517]: (232.1973450747395,1)
[518]: (227.7841997872063,1)
[519]: (228.6244685888592,1)
[520]: (220.2235225056239,1)
[521]: (232.7874645872625,1)
[522]: (232.274219376021,1)
[523]: (223.3655225246003,1)
[524]: (224.283662338111,1)
[525]: (227.1291718447522,1)
[526]: (226.7342668035699,1)
[527]: (235.6291815379466,1)
[528]: (234.5031058675199,1)
[529]: (231.2962587175836,1)
[530]: (230.4168992591826,1)
[531]: (236.3135722171587,1)
[532]: (228.1699281316378,1)
[533]: (239.3163444686886,1)
[534]: (225.1808369035134,1)
[535]: (220.101879186922,1)
[536]: (228.0423069496543,1)
[537]: (229.8838061432727,1)
[538]: (229.4055873024486,1)
[539]: (225.2214109480228,1)
[540]: (233.208019385058,1)
[541]: (227.2029760774103,1)
[542]: (231.169248925139,1)
[543]: (242.1148982696763,1)
[544]: (231.204168072667,1)
[545]: (222.067462795838,1)
[546]: (227.3225861840991,1)
[547]: (226.4857655845023,1)
[548]: (237.2895446003663,1)
[549]: (233.1134030260137,1)
[550]: (231.0065299019762,1)
[551]: (235.2648323029118,1)
[552]: (229.051575377169,1)
[553]: (228.0085371238752,1)
[554]: (224.0432634653192,1)
[555]: (223.1024535224614,1)
[556]: (226.0838315671078,1)
[557]: (228.3745424630759,1)
[558]: (224.3090732878568,1)
[559]: (221.3858770175292,1)
[560]: (218.0185153110458,1)
[561]: (222.5879363849196,1)
[562]: (226.0480354890211,1)
[563]: (236.3544047610924,1)
[564]: (226.0439441649498,1)
[565]: (228.4030536178178,1)
[566]: (225.069138874512,1)
[567]: (229.5186404019142,1)
[568]: (224.2202895921072,1)
[569]: (226.1348253595324,1)
[570]: (236.0068420830123,1)
[571]: (229.4332943791798,1)
[572]: (224.1138247234709,1)
[573]: (231.2279765524195,1)
[574]: (230.9425330696402,1)
[575]: (225.4010817800815,1)
[576]: (236.1922667915028,1)
[577]: (242.6279999058587,1)
[578]: (221.2408336557542,1)
[579]: (224.2015656283042,1)
[580]: (229.3234655045689,1)
[581]: (236.5599795990494,1)
[582]: (240.5335565660813,1)
[583]: (234.2712543188454,1)
[584]: (222.5546845209399,1)
[585]: (238.4528279540826,1)
[586]: (231.4157548146229,1)
[587]: (219.3436846775525,1)
[588]: (223.1440084578658,1)
[589]: (238.3586437747783,1)
[590]: (235.5339951384861,1)
[591]: (230.0244894613681,1)
[592]: (246.1346085345819,1)
[593]: (221.9659424608957,1)
[594]: (232.2224535205547,1)
[595]: (226.4066402986914,1)
[596]: (226.4360244808519,1)
[597]: (232.2687512932853,1)
[598]: (228.1354761146243,1)
[599]: (247.0329419537777,1)
[600]: (247.1322455633847,1)
[601]: (227.0481655395971,1)
[602]: (220.7538489722622,1)
[603]: (239.5920186186782,1)
[604]: (224.3211208279621,1)
[605]: (226.2721932456698,1)
[606]: (230.3904458322958,1)
[607]: (230.0507821704782,1)
[608]: (224.2024365772019,1)
[609]: (251.4468321165397,1)
[610]: (230.0262774806766,1)
[611]: (232.1048550566302,1)
[612]: (247.6663950796062,1)
[613]: (228.6312449789626,1)
[614]: (232.3266260766818,1)
[615]: (232.1562482742101,1)
[616]: (241.1259865852993,1)
[617]: (230.1960580511379,1)
[618]: (231.4045107298257,1)
[619]: (230.1978757547202,1)
[620]: (233.1116115508597,1)
[621]: (233.3648182831591,1)
[622]: (231.2145043396603,1)
[623]: (239.2096596453139,1)
[624]: (232.1963664353927,1)
[625]: (228.7139340849236,1)
[626]: (237.1806521844437,1)
[627]: (240.2521487369066,1)
[628]: (227.0611620716251,1)
[629]: (236.1482395053466,1)
[630]: (216.1140602752349,1)
[631]: (240.166060909513,1)
[632]: (222.484154010589,1)
[633]: (230.68118059913,1)
[634]: (228.055103798837,1)
[635]: (236.0354434582619,1)
[636]: (221.1501534335114,1)
[637]: (231.2898241896756,1)
[638]: (223.1900057477483,1)
[639]: (227.0438356538775,1)
[640]: (224.7544336283358,1)
[641]: (226.3631519041905,1)
[642]: (233.3107152528294,1)
[643]: (225.1368666891402,1)
[644]: (230.2374929136714,1)
[645]: (234.3468263109931,1)
[646]: (219.0455107243709,1)
[647]: (226.0336627702539,1)
[648]: (231.569562075008,1)
[649]: (225.2344983228599,1)
[650]: (221.1377084853563,1)
[651]: (238.1687156111591,1)
[652]: (232.2046004787264,1)
[653]: (234.2172679732832,1)
[654]: (238.3121384325867,1)
[655]: (228.8973104901355,1)
[656]: (220.0673406127468,1)
[657]: (231.0949840613033,1)
[658]: (228.3959011005624,1)
[659]: (219.1439902368749,1)
[660]: (227.6068273714579,1)
[661]: (217.1009503459707,1)
[662]: (231.0446545383879,1)
[663]: (238.4235314704783,1)
[664]: (235.198098404705,1)
[665]: (225.1335165494287,1)
[666]: (224.5257644869344,1)
[667]: (229.2970306331166,1)
[668]: (234.590290383424,1)
[669]: (228.2876488090638,1)
[670]: (226.2911915029299,1)
[671]: (223.5958529933027,1)
[672]: (235.0381086429486,1)
[673]: (222.0135222904746,1)
[674]: (226.632857716779,1)
[675]: (228.4617741364747,1)
[676]: (227.008596097066,1)
[677]: (237.0235488402454,1)
[678]: (231.4026994398751,1)
[679]: (219.8988546860475,1)
[680]: (235.4834450099235,1)
[681]: (234.4871203396558,1)
[682]: (233.1627287381066,1)
[683]: (222.6085668016123,1)
[684]: (224.0109906213955,1)
[685]: (240.7156142978662,1)
[686]: (224.5182406009829,1)
[687]: (231.8359628090983,1)
[688]: (234.2803591962239,1)
[689]: (224.5019542500422,1)
[690]: (223.3834403234882,1)
[691]: (238.3793505335535,1)
[692]: (223.6095349279472,1)
[693]: (226.1677106251413,1)
[694]: (230.0661321394498,1)
[695]: (225.1052484607126,1)
[696]: (226.7924639396012,1)
[697]: (233.073001024337,1)
[698]: (224.0609705327996,1)
[699]: (233.1631757559887,1)
[700]: (233.7156994891339,1)
[701]: (224.0164258572632,1)
[702]: (241.0543216692532,1)
[703]: (221.3455244198037,1)
[704]: (242.0408935321284,1)
[705]: (223.4319928735217,1)
[706]: (226.5583411009094,1)
[707]: (241.4996277485627,1)
[708]: (224.9787792944182,1)
[709]: (232.3900314158912,1)
[710]: (234.4396182144172,1)
[711]: (230.0508308350582,1)
[712]: (227.0119253340634,1)
[713]: (244.0283358500348,1)
[714]: (226.248121735811,1)
[715]: (238.1425421230687,1)
[716]: (223.574984078062,1)
[717]: (219.2188040142802,1)
[718]: (220.1884545314377,1)
[719]: (240.0374773008776,1)
[720]: (226.6375600349186,1)
[721]: (223.2625243731792,1)
[722]: (229.1581081476633,1)
[723]: (226.1079160199409,1)
[724]: (227.0037626838075,1)
[725]: (226.2567104540437,1)
[726]: (225.0182880049747,1)
[727]: (230.5771531284706,1)
[728]: (219.2831278468593,1)
[729]: (224.2653761899879,1)
[730]: (236.0291644853874,1)
[731]: (223.0404489439644,1)
[732]: (237.4785194775469,1)
[733]: (225.0431148540649,1)
[734]: (226.1811681243387,1)
[735]: (224.393262574789,1)
[736]: (229.3213819984988,1)
[737]: (241.1504780490087,1)
[738]: (230.6085941625718,1)
[739]: (223.0471119310507,1)
[740]: (221.5394481426078,1)
[741]: (232.4774104914729,1)
[742]: (223.1183484029878,1)
[743]: (223.9153316382279,1)
[744]: (226.5846886864217,1)
[745]: (229.2508370625894,1)
[746]: (228.0202329150187,1)
[747]: (252.455723283785,1)
[748]: (221.1767111939135,1)
[749]: (226.2789133020275,1)
[750]: (233.3084256608139,1)
[751]: (224.253462755948,1)
[752]: (218.4814225988581,1)
[753]: (230.5837721910697,1)
[754]: (226.2467794211443,1)
[755]: (230.5505328321688,1)
[756]: (237.1114348934964,1)
[757]: (229.4780415682754,1)
[758]: (228.0026939943571,1)
[759]: (236.1570994185174,1)
[760]: (241.0215778543113,1)
[761]: (220.2771408419898,1)
[762]: (235.7835513238989,1)
[763]: (235.2555446430179,1)
[764]: (233.5225996033149,1)
[765]: (240.1934713922476,1)
[766]: (221.212704905192,1)
[767]: (227.251185836403,1)
[768]: (228.0215848836577,1)
[769]: (237.5678462942952,1)
[770]: (223.2030018073222,1)
[771]: (231.2999964521906,1)
[772]: (234.5725407843321,1)
[773]: (222.3488840248595,1)
[774]: (233.165725038292,1)
[775]: (223.3866168308838,1)
[776]: (223.9579862001305,1)
[777]: (243.5135288372944,1)
[778]: (223.2406002659517,1)
[779]: (234.2878350020516,1)
[780]: (238.0503270397828,1)
[781]: (234.1083243594866,1)
[782]: (226.2310340200678,1)
[783]: (225.1214958801315,1)
[784]: (221.2488734419361,1)
[785]: (240.2120719395254,1)
[786]: (224.1392521443658,1)
[787]: (234.2640203208549,1)
[788]: (223.0607483203271,1)
[789]: (226.5521507682361,1)
[790]: (224.1253525939019,1)
[791]: (223.3111212853654,1)
[792]: (233.3077804211564,1)
[793]: (228.415919313144,1)
[794]: (242.0656794079998,1)
[795]: (234.0113207661794,1)
[796]: (226.2787649861226,1)
[797]: (218.2808576424967,1)
[798]: (230.9177676781679,1)
[799]: (228.1022151374577,1)
[800]: (238.4254394857217,1)
[801]: (221.9930836003159,1)
[802]: (225.3176968782188,1)
[803]: (236.1527885782766,1)
[804]: (225.0378191423723,1)
[805]: (229.2921687470271,1)
[806]: (225.8573650967567,1)
[807]: (237.417325439673,1)
[808]: (234.5803076193306,1)
[809]: (226.1081248334111,1)
[810]: (224.1656993178765,1)
[811]: (228.0185628362014,1)
[812]: (227.0589794967901,1)
[813]: (232.0094340872307,1)
[814]: (221.0342583101975,1)
[815]: (228.0354838001856,1)
[816]: (238.8680937059528,1)
[817]: (225.8709915137726,1)
[818]: (222.2130531479368,1)
[819]: (228.0139615099469,1)
[820]: (240.0031092951515,1)
[821]: (219.4598520493957,1)
[822]: (222.2768633228327,1)
[823]: (231.4753013703638,1)
[824]: (226.1914610177091,1)
[825]: (222.2388108670004,1)
[826]: (231.2853003808122,1)
[827]: (243.1533176879972,1)
[828]: (229.2796878009431,1)
[829]: (225.6930820633052,1)
[830]: (221.0616517107406,1)
[831]: (219.3053127310061,1)
[832]: (223.5821961411305,1)
[833]: (223.5200570232893,1)
[834]: (230.1404191449722,1)
[835]: (218.0594677901548,1)
[836]: (225.7114488529461,1)
[837]: (227.2644121881596,1)
[838]: (224.4279423835952,1)
[839]: (228.1523176464332,1)
[840]: (221.077721718075,1)
[841]: (222.2116357063816,1)
[842]: (220.0085850399733,1)
[843]: (216.009423215768,1)
[844]: (234.3803639156941,1)
[845]: (236.0331997531698,1)
[846]: (227.2328218370589,1)
[847]: (223.1712702533474,1)
[848]: (233.1281678441694,1)
[849]: (231.2475093359469,1)
[850]: (228.2042710712014,1)
[851]: (226.3038632277625,1)
[852]: (230.1542768623055,1)
[853]: (226.5339309791165,1)
[854]: (228.2990515378393,1)
[855]: (234.081214162939,1)
[856]: (234.0406539998951,1)
[857]: (222.0949207093457,1)
[858]: (222.956965143923,1)
[859]: (240.1807734438673,1)
[860]: (238.3778124276349,1)
[861]: (221.0608758212259,1)
[862]: (223.8686237675053,1)
[863]: (230.3285395659748,1)
[864]: (223.1631176127052,1)
[865]: (237.6613426002602,1)
[866]: (252.4121320946355,1)
[867]: (219.0364314976162,1)
[868]: (237.0214475682001,1)
[869]: (230.8197152986144,1)
[870]: (222.2206630972705,1)
[871]: (230.1287451626261,1)
[872]: (241.0354296779277,1)
[873]: (221.1742306026036,1)
[874]: (224.0529986218913,1)
[875]: (231.0913124955746,1)
[876]: (231.0040881701337,1)
[877]: (225.4430892406752,1)
[878]: (223.1026607513517,1)
[879]: (223.1392834569147,1)
[880]: (221.1091102069515,1)
[881]: (220.2287032209095,1)
[882]: (221.0142424693136,1)
[883]: (230.4871424865416,1)
[884]: (231.0439910878912,1)
[885]: (229.7448955583451,1)
[886]: (225.5447231650511,1)
[887]: (229.6451376831535,1)
[888]: (230.3250743452857,1)
[889]: (218.073623292177,1)
[890]: (229.0299105580141,1)
[891]: (229.3574204070805,1)
[892]: (221.0785002880833,1)
[893]: (229.3745526594314,1)
[894]: (228.7611611771723,1)
[895]: (222.2917755003668,1)
[896]: (220.1366757101733,1)
[897]: (231.0014198834524,1)
[898]: (227.1577595185984,1)
[899]: (226.3114597833658,1)
[900]: (225.3734327173904,1)
[901]: (223.1226793686675,1)
[902]: (228.0557383536737,1)
[903]: (227.230303850105,1)
[904]: (230.298416850096,1)
[905]: (231.4848726846885,1)
[906]: (243.0197208271406,1)
[907]: (231.4854497813382,1)
[908]: (233.257192758829,1)
[909]: (224.4588556130197,1)
[910]: (224.1628641598984,1)
[911]: (225.4514758521982,1)
[912]: (231.5399798411934,1)
[913]: (227.4274139397431,1)
[914]: (227.097614891872,1)
[915]: (225.1814608274033,1)
[916]: (235.2137024687438,1)
[917]: (243.9998908716441,1)
[918]: (227.509735577921,1)
[919]: (224.1566359005124,1)
[920]: (230.6499508556673,1)
[921]: (221.1144974075551,1)
[922]: (226.6033530558553,1)
[923]: (242.3122012116649,1)
[924]: (230.1300794008242,1)
[925]: (235.2811088006991,1)
[926]: (227.1731160894798,1)
[927]: (236.3887068235396,1)
[928]: (230.0132904891172,1)
[929]: (230.2628690083282,1)
[930]: (224.0628823736631,1)
[931]: (231.2642281069135,1)
[932]: (232.8675945839323,1)
[933]: (239.1280549932203,1)
[934]: (230.2779031526429,1)
[935]: (225.0239755119782,1)
[936]: (230.2479462741185,1)
[937]: (234.355637073939,1)
[938]: (228.2550608828791,1)
[939]: (224.0471781029939,1)
[940]: (226.1389453519845,1)
[941]: (238.6863266259394,1)
[942]: (226.2290046822967,1)
[943]: (230.0919623307749,1)
[944]: (227.0490141506754,1)
[945]: (222.0291824119899,1)
[946]: (234.4683011700923,1)
[947]: (227.1480913078473,1)
[948]: (222.0684276042957,1)
[949]: (223.3415308974177,1)
[950]: (226.0776796685715,1)
[951]: (242.0140395670025,1)
[952]: (221.5025711144505,1)
[953]: (228.2210212833884,1)
[954]: (235.9391531917927,1)
[955]: (234.1519858599657,1)
[956]: (222.1754215182827,1)
[957]: (223.6158802450531,1)
[958]: (227.7101903770264,1)
[959]: (224.1334737638375,1)
[960]: (227.3130687639138,1)
[961]: (230.1472984696914,1)
[962]: (229.8638297082289,1)
[963]: (244.3845948250042,1)
[964]: (231.7232235368283,1)
[965]: (215.3905281329686,1)
[966]: (228.1571674192749,1)
[967]: (240.7988874440962,1)
[968]: (227.2300570570689,1)
[969]: (220.1553614897958,1)
[970]: (233.3344129813535,1)
[971]: (228.2688326346904,1)
[972]: (232.4482260902597,1)
[973]: (229.1265879095259,1)
[974]: (225.2769339541756,1)
[975]: (225.4989325385795,1)
[976]: (238.5380073362882,1)
[977]: (223.216108625295,1)
[978]: (224.0356642263917,1)
[979]: (224.0313329178126,1)
[980]: (218.3492700517761,1)
[981]: (226.0393914013925,1)
[982]: (234.3225312736067,1)
[983]: (224.1224031639569,1)
[984]: (223.440268908929,1)
[985]: (225.7962241078038,1)
[986]: (215.07589087597,1)
[987]: (226.4044971463115,1)
[988]: (231.4127080375903,1)
[989]: (228.848923690959,1)
[990]: (232.3565168683166,1)
[991]: (225.7394324621358,1)
[992]: (241.7147924317212,1)
[993]: (225.2811608727708,1)
[994]: (229.2448088798472,1)
[995]: (223.2810407449167,1)
[996]: (229.1178461759102,1)
[997]: (230.2034124527366,1)
[998]: (226.1256316597763,1)
[999]: (221.0660615772069,1)
[1000]: (225.0398277393734,1)
[1001]: (234.4656089088073,1)
[1002]: (224.767432620011,1)
[1003]: (223.6472468962982,1)
[1004]: (223.1030429121639,1)
[1005]: (225.2352804758561,1)
[1006]: (228.6557110831304,1)
[1007]: (241.1133845896404,1)
[1008]: (223.132916548743,1)
[1009]: (235.2836443518744,1)
[1010]: (233.0944146650313,1)
[1011]: (229.0113450026293,1)
[1012]: (233.0185541608376,1)
[1013]: (230.6855301837416,1)
[1014]: (215.1737536553296,1)
[1015]: (240.1530951739531,1)
[1016]: (221.0131899607049,1)
[1017]: (234.2134423533545,1)
[1018]: (230.1250380599933,1)
[1019]: (229.1953068908198,1)
[1020]: (244.1769170730675,1)
[1021]: (221.1004815254873,1)
[1022]: (231.1690600160834,1)
[1023]: (227.1435460295425,1)
[1024]: (229.1797407221684,1)
[1025]: (223.4150184697785,1)
[1026]: (228.214138263291,1)
[1027]: (229.5583369780895,1)
[1028]: (225.2397713296099,1)
[1029]: (223.3520009865919,1)
[1030]: (226.9862974442168,1)
[1031]: (237.475139644475,1)
[1032]: (234.2253053540913,1)
[1033]: (222.1162514030731,1)
[1034]: (221.0270029140695,1)
[1035]: (232.3827222896454,1)
[1036]: (231.3411194323998,1)
[1037]: (226.2022565035261,1)
[1038]: (241.6119102145828,1)
[1039]: (221.147976395817,1)
[1040]: (220.6379159937341,1)
[1041]: (245.010765517103,1)
[1042]: (223.22392911691,1)
[1043]: (227.5533516254669,1)
[1044]: (240.303813338395,1)
[1045]: (225.262772685445,1)
[1046]: (221.6881020180921,1)
[1047]: (236.3922040668526,1)
[1048]: (239.4080246893534,1)
[1049]: (237.0358270823777,1)
[1050]: (230.1213734536821,1)
[1051]: (241.5635993865871,1)
[1052]: (224.0241507040042,1)
[1053]: (230.1626926217581,1)
[1054]: (239.2033201842563,1)
[1055]: (222.6021017201712,1)
[1056]: (244.0441501488398,1)
[1057]: (226.1044529476091,1)
[1058]: (218.7879983828219,1)
[1059]: (223.1518932819866,1)
[1060]: (228.0866898181048,1)
[1061]: (227.0789142779269,1)
[1062]: (235.0769165182775,1)
[1063]: (230.271641255306,1)
[1064]: (230.0822328970032,1)
[1065]: (227.0817606304716,1)
[1066]: (232.1724013571111,1)
[1067]: (223.103837742101,1)
[1068]: (232.1693957077827,1)
[1069]: (240.530098416219,1)
[1070]: (232.6635030430067,1)
[1071]: (252.299283457984,1)
[1072]: (239.635838823248,1)
[1073]: (225.4741435141262,1)
[1074]: (244.8024494954321,1)
[1075]: (231.6031494470137,1)
[1076]: (237.2601379936736,1)
[1077]: (229.2393071932422,1)
[1078]: (225.0521044714724,1)
[1079]: (215.4589982860682,1)
[1080]: (226.5337722585722,1)
[1081]: (227.5051049823516,1)
[1082]: (237.213233732624,1)
[1083]: (230.0839176926009,1)
[1084]: (228.2975545311622,1)
[1085]: (225.8858729428743,1)
[1086]: (230.9403850735999,1)
[1087]: (223.1336251397156,1)
[1088]: (231.2302549992472,1)
[1089]: (236.1746785209617,1)
[1090]: (228.2901306877167,1)
[1091]: (221.0968144759829,1)
[1092]: (229.2109026078078,1)
[1093]: (232.1522916683696,1)
[1094]: (237.341339147285,1)
[1095]: (238.1467456696854,1)
[1096]: (225.1817618786698,1)
[1097]: (236.1258962712303,1)
[1098]: (236.1274655889009,1)
[1099]: (227.3588065903689,1)
[1100]: (224.4927643554287,1)
[1101]: (228.3781774703613,1)
[1102]: (218.6562871422187,1)
[1103]: (235.2070976619608,1)
[1104]: (233.5654761237421,1)
[1105]: (247.0289801928223,1)
[1106]: (240.3335704390366,1)
[1107]: (229.420448271372,1)
[1108]: (230.2844335883011,1)
[1109]: (234.6915564642626,1)
[1110]: (225.1397141997469,1)
[1111]: (240.1772781708681,1)
[1112]: (232.4072085949988,1)
[1113]: (229.0291268803056,1)
[1114]: (229.2386708156694,1)
[1115]: (233.1064486734837,1)
[1116]: (225.4524084306379,1)
[1117]: (223.5592237601907,1)
[1118]: (235.2813091705262,1)
[1119]: (219.2295278893939,1)
[1120]: (237.0203608485168,1)
[1121]: (223.4747707523078,1)
[1122]: (233.0742112703937,1)
[1123]: (235.9606718175941,1)
[1124]: (240.7136590092871,1)
[1125]: (231.0185909112945,1)
[1126]: (220.3412637770027,1)
[1127]: (240.0174729182442,1)
[1128]: (229.0990774850408,1)
[1129]: (236.0718398350192,1)
[1130]: (221.1896281614575,1)
[1131]: (226.0484690854875,1)
[1132]: (228.0504879357977,1)
[1133]: (228.6711016450044,1)
[1134]: (231.5518767101312,1)
[1135]: (226.3224518019248,1)
[1136]: (229.3082170935628,1)
[1137]: (228.1822713039644,1)
[1138]: (222.8684868450505,1)
[1139]: (225.5244950699608,1)
[1140]: (227.1004390928501,1)
[1141]: (229.3302089182078,1)
[1142]: (228.0332470852445,1)
[1143]: (241.2621696875422,1)
[1144]: (231.4675245743917,1)
[1145]: (238.0047568267543,1)
[1146]: (232.0098401484641,1)
[1147]: (231.066058712857,1)
[1148]: (232.8232056703672,1)
[1149]: (231.9201698022612,1)
[1150]: (230.4026073247569,1)
[1151]: (227.0064754718409,1)
[1152]: (233.2675528819471,1)
[1153]: (223.4017258498177,1)
[1154]: (226.3621477590344,1)
[1155]: (222.3044549053347,1)
[1156]: (233.5736108591386,1)
[1157]: (230.2583512412454,1)
[1158]: (222.1462138374435,1)
[1159]: (240.4734431378218,1)
[1160]: (228.1238510135728,1)
[1161]: (223.2744942847499,1)
[1162]: (217.2961342295372,1)
[1163]: (229.0708009428397,1)
[1164]: (233.1490939848339,1)
[1165]: (223.793165035039,1)
[1166]: (236.1346661022549,1)
[1167]: (237.2588200127386,1)
[1168]: (214.3244912851493,1)
[1169]: (236.233826928872,1)
[1170]: (222.0556404639528,1)
[1171]: (225.173868267012,1)
[1172]: (226.2970198307518,1)
[1173]: (223.1192714406016,1)
[1174]: (227.9460178454412,1)
[1175]: (231.7186620836578,1)
[1176]: (233.1429797202933,1)
[1177]: (225.1935980865783,1)
[1178]: (234.4864353296653,1)
[1179]: (226.2231286602923,1)
[1180]: (231.4375046233695,1)
[1181]: (234.3134058441136,1)
[1182]: (235.2519622229031,1)
[1183]: (226.4494301752951,1)
[1184]: (224.1176812456624,1)
[1185]: (220.0940434963342,1)
[1186]: (224.0691885916392,1)
[1187]: (237.1407966171603,1)
[1188]: (222.4018210258577,1)
[1189]: (224.0075719706697,1)
[1190]: (225.2257270584093,1)
[1191]: (224.1740096914421,1)
[1192]: (235.0020301047962,1)
[1193]: (226.319516695515,1)
[1194]: (235.0662073342546,1)
[1195]: (235.00459429404,1)
[1196]: (230.420010597459,1)
[1197]: (225.0395297220342,1)
[1198]: (233.050159090582,1)
[1199]: (234.4026731996786,1)
[1200]: (226.3031131529688,1)
[1201]: (226.8189170232414,1)
[1202]: (218.1969624650106,1)
[1203]: (229.0147372010969,1)
[1204]: (234.3027032428602,1)
[1205]: (231.1703185340342,1)
[1206]: (226.6710611207286,1)
[1207]: (244.1431740854836,1)
[1208]: (230.4368828568498,1)
[1209]: (229.4534139093984,1)
[1210]: (236.0815042847595,1)
[1211]: (245.3499492038485,1)
[1212]: (238.0691793747534,1)
[1213]: (225.0154607885298,1)
[1214]: (225.0607881724973,1)
[1215]: (228.7730627837817,1)
[1216]: (243.1648424786235,1)
[1217]: (237.6839258476941,1)
[1218]: (226.528951510151,1)
[1219]: (226.0413383056545,1)
[1220]: (224.6524849433272,1)
[1221]: (224.3189405214532,1)
[1222]: (248.408691551896,1)
[1223]: (224.8266967124889,1)
[1224]: (223.1255058456897,1)
[1225]: (228.3933411311667,1)
[1226]: (235.3200777843352,1)
[1227]: (231.1016036635128,1)
[1228]: (225.2601993404042,1)
[1229]: (235.0941294711648,1)
[1230]: (230.4752868598408,1)
[1231]: (220.2318162287682,1)
[1232]: (231.2270457452476,1)
[1233]: (223.7952977748548,1)
[1234]: (226.5203243856759,1)
[1235]: (217.2057048987321,1)
[1236]: (224.2427176085783,1)
[1237]: (227.8927340406916,1)
[1238]: (230.4572881657551,1)
[1239]: (226.7971730381784,1)
[1240]: (225.3429933464006,1)
[1241]: (224.4087005555319,1)
[1242]: (228.0889000102058,1)
[1243]: (225.1293877043285,1)
[1244]: (239.2842005766708,1)
[1245]: (254.329742837034,1)
[1246]: (223.1019364328465,1)
[1247]: (227.1692108182673,1)
[1248]: (223.0131662021802,1)
[1249]: (227.0584813143631,1)
[1250]: (222.3901707201861,1)
[1251]: (221.797228411877,1)
[1252]: (232.0296274037054,1)
[1253]: (223.2703315498819,1)
[1254]: (225.465866207971,1)
[1255]: (232.0071675601796,1)
[1256]: (233.0235654613606,1)
[1257]: (224.2910064756441,1)
[1258]: (227.4154105376142,1)
[1259]: (229.0285351886339,1)
[1260]: (244.2474937139784,1)
[1261]: (221.0154846097734,1)
[1262]: (234.0003900427357,1)
[1263]: (227.9075797186585,1)
[1264]: (228.5320044665905,1)
[1265]: (228.4258772696404,1)
[1266]: (229.0855544390455,1)
[1267]: (232.2868541654306,1)
[1268]: (226.039136675884,1)
[1269]: (228.1386899695608,1)
[1270]: (225.0287623157552,1)
[1271]: (232.1970732726517,1)
[1272]: (237.242170579169,1)
[1273]: (225.4598485929151,1)
[1274]: (222.0750202608919,1)
[1275]: (233.8864332348883,1)
[1276]: (222.1393269850871,1)
[1277]: (226.4451543719771,1)
[1278]: (219.8214001909297,1)
[1279]: (244.0088033877101,1)
[1280]: (238.2069483725511,1)
[1281]: (228.5016198408919,1)
[1282]: (228.5277968840558,1)
[1283]: (237.262045336649,1)
[1284]: (252.2121242417187,1)
[1285]: (228.1214235581073,1)
[1286]: (227.1898647568884,1)
[1287]: (224.0533180239997,1)
[1288]: (230.1860581293329,1)
[1289]: (234.1722293384075,1)
[1290]: (219.0153288360914,1)
[1291]: (240.1403847024143,1)
[1292]: (245.6771594073913,1)
[1293]: (225.2163731340547,1)
[1294]: (224.2402685096591,1)
[1295]: (250.562916826581,1)
[1296]: (222.1408543977166,1)
[1297]: (236.2808671460804,1)
[1298]: (223.1482520476531,1)
[1299]: (224.017179492271,1)
[1300]: (219.5949249454165,1)
[1301]: (234.0747503573253,1)
[1302]: (227.9247951316569,1)
[1303]: (228.0027681701792,1)
[1304]: (242.4422438119734,1)
[1305]: (237.0534054363027,1)
[1306]: (221.120663972092,1)
[1307]: (222.6915989253178,1)
[1308]: (241.7082532215296,1)
[1309]: (221.4292165209559,1)
[1310]: (224.5619816689147,1)
[1311]: (224.1285622576245,1)
[1312]: (227.0505842447758,1)
[1313]: (223.1468349607617,1)
[1314]: (226.1376233988226,1)
[1315]: (220.7456756355556,1)
[1316]: (238.3057174531339,1)
[1317]: (227.0121774574824,1)
[1318]: (224.1205790150996,1)
[1319]: (225.0978245337254,1)
[1320]: (222.2516242667382,1)
[1321]: (227.1047110767309,1)
[1322]: (230.0773966235238,1)
[1323]: (223.1301297728253,1)
[1324]: (230.0234327413449,1)
[1325]: (224.3416702571188,1)
[1326]: (233.018163833244,1)
[1327]: (229.2868903392109,1)
[1328]: (242.2363272683529,1)
[1329]: (231.2377587873145,1)
[1330]: (234.3713420641396,1)
[1331]: (223.7943534515636,1)
[1332]: (243.136426756332,1)
[1333]: (231.1079352788408,1)
[1334]: (227.2323823318846,1)
[1335]: (229.0346698637255,1)
[1336]: (220.1989859555451,1)
[1337]: (229.2498194158297,1)
[1338]: (224.3998784976123,1)
[1339]: (226.2095500421846,1)
[1340]: (222.0754960715562,1)
[1341]: (217.6332457746592,1)
[1342]: (221.1897953450382,1)
[1343]: (230.2581821139277,1)
[1344]: (229.1201938068428,1)
[1345]: (234.1412085648197,1)
[1346]: (221.4211248831138,1)
[1347]: (237.7722429694978,1)
[1348]: (222.2617145883301,1)
[1349]: (234.0612211997544,1)
[1350]: (232.4450500606427,1)
[1351]: (227.0777961582401,1)
[1352]: (230.0559039319329,1)
[1353]: (238.3897703013554,1)
[1354]: (225.8422329603006,1)
[1355]: (237.0569723660527,1)
[1356]: (231.0085575834928,1)
[1357]: (234.0353509211346,1)
[1358]: (223.0150674327087,1)
[1359]: (226.0257588044152,1)
[1360]: (225.1958579159434,1)
[1361]: (235.14283313182,1)
[1362]: (224.0640588368348,1)
[1363]: (231.0611225395136,1)
[1364]: (219.0661096198743,1)
[1365]: (224.2477917718851,1)
[1366]: (219.148657559145,1)
[1367]: (223.4790715949968,1)
[1368]: (240.1894067791231,1)
[1369]: (222.0460608958523,1)
[1370]: (239.066791044883,1)
[1371]: (229.5996748839681,1)
[1372]: (246.6294293776999,1)
[1373]: (225.2135066046938,1)
[1374]: (222.7143522856532,1)
[1375]: (221.1363131894283,1)
[1376]: (230.0631351769852,1)
[1377]: (222.3326807300909,1)
[1378]: (239.1685243390942,1)
[1379]: (226.4928274213168,1)
[1380]: (230.1947892468176,1)
[1381]: (241.1398074368346,1)
[1382]: (222.0712913557973,1)
[1383]: (216.2054799862323,1)
[1384]: (223.1241136560828,1)
[1385]: (240.0329336041084,1)
[1386]: (236.0845689495733,1)
[1387]: (240.1422204856709,1)
[1388]: (228.1560610930639,1)
[1389]: (236.1555860422266,1)
[1390]: (237.0560740176408,1)
[1391]: (233.0503743329693,1)
[1392]: (230.2114221146123,1)
[1393]: (238.0570310166205,1)
[1394]: (221.0195570745789,1)
[1395]: (227.358842073953,1)
[1396]: (234.5872780604321,1)
[1397]: (240.9747034392629,1)
[1398]: (237.1385732683943,1)
[1399]: (235.0616231302804,1)
[1400]: (236.1666970885632,1)
[1401]: (229.0336405929321,1)
[1402]: (237.2395931215817,1)
[1403]: (232.8199120505433,1)
[1404]: (229.0996334743585,1)
[1405]: (225.2574704847645,1)
[1406]: (237.5969566054005,1)
[1407]: (233.4738340407607,1)
[1408]: (225.1133197695557,1)
[1409]: (228.2209554629288,1)
[1410]: (223.172194703831,1)
[1411]: (229.9442752832532,1)
[1412]: (222.0045837360944,1)
[1413]: (225.575299764375,1)
[1414]: (236.3070195950955,1)
[1415]: (227.0683599365402,1)
[1416]: (229.1356375094803,1)
[1417]: (230.0149123281636,1)
[1418]: (226.2690107669715,1)
[1419]: (235.1412822798833,1)
[1420]: (238.3456278212621,1)
[1421]: (231.6138697231492,1)
[1422]: (233.1039598452845,1)
[1423]: (233.614625186598,1)
[1424]: (224.0010707893514,1)
[1425]: (223.632582753254,1)
[1426]: (233.1685786016975,1)
[1427]: (220.8910151969667,1)
[1428]: (229.0675229703122,1)
[1429]: (221.2370462290149,1)
[1430]: (225.2610312170289,1)
[1431]: (232.4132468118841,1)
[1432]: (221.3685883666101,1)
[1433]: (236.514475762624,1)
[1434]: (220.0124965330149,1)
[1435]: (227.2817379501973,1)
[1436]: (232.1784646461505,1)
[1437]: (237.320681370478,1)
[1438]: (221.0640892376902,1)
[1439]: (224.095353543615,1)
[1440]: (222.4397849664772,1)
[1441]: (234.1171888849839,1)
[1442]: (222.965816003736,1)
[1443]: (235.68737564578,1)
[1444]: (230.6237956810162,1)
[1445]: (237.2403393453488,1)
[1446]: (223.2336362606285,1)
[1447]: (246.9570342611336,1)
[1448]: (224.0439196463422,1)
[1449]: (232.5844677704922,1)
[1450]: (235.0668073416642,1)
[1451]: (232.6547984782741,1)
[1452]: (217.0170029362222,1)
[1453]: (225.076092937747,1)
[1454]: (218.2665201489337,1)
[1455]: (220.0208653272345,1)
[1456]: (229.2583346843704,1)
[1457]: (233.6212541072351,1)
[1458]: (234.7440235038219,1)
[1459]: (227.2858503303914,1)
[1460]: (224.1065743142381,1)
[1461]: (228.3668535477125,1)
[1462]: (231.2637701959887,1)
[1463]: (222.3571785517607,1)
[1464]: (226.5673959050661,1)
[1465]: (234.2751604463583,1)
[1466]: (234.1492915875241,1)
[1467]: (224.0371541281149,1)
[1468]: (229.5418547832142,1)
[1469]: (232.021360123537,1)
[1470]: (230.2798528996657,1)
[1471]: (224.7253278629914,1)
[1472]: (235.0702356319312,1)
[1473]: (228.2718130217825,1)
[1474]: (228.1056049058385,1)
[1475]: (227.3271765235589,1)
[1476]: (229.0898834592823,1)
[1477]: (224.4086458814722,1)
[1478]: (228.0825759809066,1)
[1479]: (229.0938924989678,1)
[1480]: (234.828059591483,1)
[1481]: (220.5715593434722,1)
[1482]: (225.2250717893742,1)
[1483]: (227.3494787035773,1)
[1484]: (220.0880970067967,1)
[1485]: (223.214675908916,1)
[1486]: (227.2353751763594,1)
[1487]: (232.7215531263538,1)
[1488]: (223.0319850947325,1)
[1489]: (234.0590952506425,1)
[1490]: (235.2645591191231,1)
[1491]: (228.0579269829964,1)
[1492]: (221.7427985652686,1)
[1493]: (226.0537657327093,1)
[1494]: (226.3102259589166,1)
[1495]: (236.2024493345475,1)
[1496]: (219.0720640163631,1)
[1497]: (219.3328334541706,1)
[1498]: (228.2327024016233,1)
[1499]: (226.7494016143019,1)
[1500]: (227.1454623302994,1)
[1501]: (226.9493155549262,1)
[1502]: (222.9829006287772,1)
[1503]: (231.3024116838582,1)
[1504]: (226.8821034815218,1)
[1505]: (234.1232811455409,1)
[1506]: (232.0689410165331,1)
[1507]: (244.0053351954513,1)
[1508]: (229.3530195250144,1)
[1509]: (215.6553073563493,1)
[1510]: (223.3493921545524,1)
[1511]: (233.1095531377389,1)
[1512]: (224.0163597486103,1)
[1513]: (225.5265334268486,1)
[1514]: (223.0366939536009,1)
[1515]: (249.0385624596108,1)
[1516]: (220.1869772134061,1)
[1517]: (221.1273320567741,1)
[1518]: (226.4683354795851,1)
[1519]: (229.3555126505454,1)
[1520]: (232.3233369836983,1)
[1521]: (232.0456446251185,1)
[1522]: (224.9363218007078,1)
[1523]: (228.2013544917056,1)
[1524]: (230.3458261662454,1)
[1525]: (218.2405570102921,1)
[1526]: (244.1998272526293,1)
[1527]: (223.7161639756181,1)
[1528]: (228.0602471659979,1)
[1529]: (234.0170303188435,1)
[1530]: (227.044853492931,1)
[1531]: (232.8222010555984,1)
[1532]: (227.0679544776501,1)
[1533]: (233.3142496869432,1)
[1534]: (231.0849208240168,1)
[1535]: (222.2527134065988,1)
[1536]: (237.1332068405014,1)
[1537]: (223.1462118069419,1)
[1538]: (230.4584057984882,1)
[1539]: (216.4987276214905,1)
[1540]: (230.7162933478007,1)
[1541]: (227.0773189277675,1)
[1542]: (218.466749979758,1)
[1543]: (221.3957174787725,1)
[1544]: (243.2143881615307,1)
[1545]: (241.513335125169,1)
[1546]: (219.6846205484943,1)
[1547]: (227.0615351744925,1)
[1548]: (222.2927215970126,1)
[1549]: (221.1964049007909,1)
[1550]: (227.580962922019,1)
[1551]: (240.1722395737578,1)
[1552]: (230.2506055567733,1)
[1553]: (230.1890740995482,1)
[1554]: (226.5739110409559,1)
[1555]: (230.1155915210777,1)
[1556]: (236.5721459024242,1)
[1557]: (223.406461263455,1)
[1558]: (226.281844450347,1)
[1559]: (234.0500065456093,1)
[1560]: (224.0034660605309,1)
[1561]: (228.4771598645002,1)
[1562]: (232.3242751440416,1)
[1563]: (223.0976310772412,1)
[1564]: (224.6500750496104,1)
[1565]: (224.2118535461919,1)
[1566]: (220.9450227497925,1)
[1567]: (225.6407310262374,1)
[1568]: (228.1689389770825,1)
[1569]: (229.0933736926826,1)
[1570]: (226.3701259546129,1)
[1571]: (223.0276005295019,1)
[1572]: (224.4168579877027,1)
[1573]: (222.0373464232419,1)
[1574]: (219.0317496072943,1)
[1575]: (238.0905612335979,1)
[1576]: (220.1739307698481,1)
[1577]: (228.8296957470232,1)
[1578]: (227.1847061410727,1)
[1579]: (222.0934237904425,1)
[1580]: (224.3541801489694,1)
[1581]: (224.2922874882561,1)
[1582]: (220.1032222491081,1)
[1583]: (226.0091506504932,1)
[1584]: (232.6576312195631,1)
[1585]: (224.3321744797261,1)
[1586]: (225.5477129682484,1)
[1587]: (227.6693755503203,1)
[1588]: (238.8337003761695,1)
[1589]: (228.2411910803439,1)
[1590]: (231.1267380804109,1)
[1591]: (232.0813116079255,1)
[1592]: (230.0689462430846,1)
[1593]: (217.0052352074883,1)
[1594]: (229.3355555302145,1)
[1595]: (224.1276985499711,1)
[1596]: (230.0864099709376,1)
[1597]: (224.0983410453922,1)
[1598]: (231.1015355206858,1)
[1599]: (225.4748923121021,1)
[1600]: (233.0043234460396,1)
[1601]: (218.3383461890088,1)
[1602]: (224.4742582570752,1)
[1603]: (228.1219336525059,1)
[1604]: (227.0852209244918,1)
[1605]: (229.409744578868,1)
[1606]: (230.1338701024386,1)
[1607]: (224.222013060108,1)
[1608]: (237.2876613822189,1)
[1609]: (221.0081950225255,1)
[1610]: (228.0644578842171,1)
[1611]: (226.0714101535364,1)
[1612]: (228.5775419402657,1)
[1613]: (226.2877086091921,1)
[1614]: (236.0817818864931,1)
[1615]: (220.1551046179985,1)
[1616]: (226.0601195394182,1)
[1617]: (229.0108896746283,1)
[1618]: (224.155628582481,1)
[1619]: (230.5076518625332,1)
[1620]: (222.0575463803229,1)
[1621]: (231.3118394066289,1)
[1622]: (228.1246528069294,1)
[1623]: (223.6615835430968,1)
[1624]: (240.1673005508902,1)
[1625]: (223.5987493926552,1)
[1626]: (236.1715314928657,1)
[1627]: (222.71273969833,1)
[1628]: (239.2909207336211,1)
[1629]: (225.1482814936083,1)
[1630]: (224.1216951596739,1)
[1631]: (225.0608299041984,1)
[1632]: (226.067261726527,1)
[1633]: (223.3746276982938,1)
[1634]: (219.0111419776912,1)
[1635]: (237.6398949500559,1)
[1636]: (232.3290998011494,1)
[1637]: (227.1395171862572,1)
[1638]: (227.4442590259306,1)
[1639]: (233.4168458012132,1)
[1640]: (230.4987729883387,1)
[1641]: (223.871636952935,1)
[1642]: (222.0951974060507,1)
[1643]: (229.6163196495718,1)
[1644]: (233.3236048460647,1)
[1645]: (227.1402406722895,1)
[1646]: (219.5446201396832,1)
[1647]: (226.5375201480866,1)
[1648]: (227.7930315314526,1)
[1649]: (232.2907903269371,1)
[1650]: (215.0363780534576,1)
[1651]: (226.0582140952166,1)
[1652]: (230.018780035344,1)
[1653]: (232.2816475859161,1)
[1654]: (223.1202897914453,1)
[1655]: (220.6694690660115,1)
[1656]: (230.2003312423385,1)
[1657]: (229.2031014662738,1)
[1658]: (227.012287826447,1)
[1659]: (243.0390721685907,1)
[1660]: (225.5387591893922,1)
[1661]: (253.6235835032816,1)
[1662]: (222.7011069366043,1)
[1663]: (238.3861689880133,1)
[1664]: (231.1630875131024,1)
[1665]: (225.0430628233912,1)
[1666]: (227.1711739313542,1)
[1667]: (238.1130433888906,1)
[1668]: (237.071534324172,1)
[1669]: (236.4885174722178,1)
[1670]: (224.0919029546814,1)
[1671]: (223.1000900250385,1)
[1672]: (239.2097606757513,1)
[1673]: (230.2871111173768,1)
[1674]: (227.8092597351454,1)
[1675]: (222.5199493960905,1)
[1676]: (223.2812265861644,1)
[1677]: (231.4292400275478,1)
[1678]: (233.3503853527141,1)
[1679]: (237.2429014740444,1)
[1680]: (226.2412546077793,1)
[1681]: (228.023677819454,1)
[1682]: (230.6214122561515,1)
[1683]: (220.1184646930609,1)
[1684]: (221.0886210620256,1)
[1685]: (231.3227163463209,1)
[1686]: (237.309323029963,1)
[1687]: (234.1960657791906,1)
[1688]: (222.2058603324972,1)
[1689]: (224.3676289440991,1)
[1690]: (224.3072127841314,1)
[1691]: (226.0107784052549,1)
[1692]: (228.2855963732345,1)
[1693]: (231.0397767993739,1)
[1694]: (228.2671225407946,1)
[1695]: (224.0139678685698,1)
[1696]: (227.2758889473618,1)
[1697]: (241.8873116528118,1)
[1698]: (223.3404234722161,1)
[1699]: (236.6720826407194,1)
[1700]: (227.4625331449984,1)
[1701]: (224.2929496766724,1)
[1702]: (228.0238816836856,1)
[1703]: (220.1704507695241,1)
[1704]: (235.0057127446412,1)
[1705]: (234.061069425294,1)
[1706]: (237.0651330788665,1)
[1707]: (245.8980259600187,1)
[1708]: (219.7810332213754,1)
[1709]: (222.4260256770336,1)
[1710]: (253.0071303125449,1)
[1711]: (227.1963929944338,1)
[1712]: (221.0592437260572,1)
[1713]: (221.4103280383318,1)
[1714]: (231.1794552058649,1)
[1715]: (225.449327274961,1)
[1716]: (245.2685783824565,1)
[1717]: (226.1812230628754,1)
[1718]: (225.4091012699308,1)
[1719]: (233.606004905424,1)
[1720]: (236.0505111553463,1)
[1721]: (234.3780091984046,1)
[1722]: (229.3144486336529,1)
[1723]: (222.2793953369071,1)
[1724]: (228.089672479537,1)
[1725]: (236.2750218775465,1)
[1726]: (231.7002729005318,1)
[1727]: (224.0503509777964,1)
[1728]: (238.3814743897394,1)
[1729]: (224.028897488704,1)
[1730]: (227.0735404079247,1)
[1731]: (226.1423281446105,1)
[1732]: (239.3766002850317,1)
[1733]: (222.0070146094485,1)
[1734]: (220.5667666842417,1)
[1735]: (233.1915338087641,1)
[1736]: (229.1293003264342,1)
[1737]: (217.0687536610068,1)
[1738]: (231.1628646559555,1)
[1739]: (227.0586888942015,1)
[1740]: (230.4135883478177,1)
[1741]: (222.3463413912692,1)
[1742]: (228.0567377727318,1)
[1743]: (231.5507358725652,1)
[1744]: (236.0534461159048,1)
[1745]: (225.1670940172745,1)
[1746]: (227.3631994500479,1)
[1747]: (231.2135561741246,1)
[1748]: (229.2857704676836,1)
[1749]: (227.3336109475959,1)
[1750]: (225.0691115703064,1)
[1751]: (231.0572910230554,1)
[1752]: (226.2383507312155,1)
[1753]: (235.1056085206011,1)
[1754]: (221.1557813359804,1)
[1755]: (227.1565254359447,1)
[1756]: (228.5596201660858,1)
[1757]: (242.3449023380122,1)
[1758]: (231.6844448301695,1)
[1759]: (233.1534248183291,1)
[1760]: (236.5932395570915,1)
[1761]: (215.6005658120208,1)
[1762]: (224.3131635362216,1)
[1763]: (216.0235479998722,1)
[1764]: (227.042517271901,1)
[1765]: (223.1437275888163,1)
[1766]: (222.7246845526805,1)
[1767]: (233.6032860839249,1)
[1768]: (230.1189390412181,1)
[1769]: (227.1466003986514,1)
[1770]: (224.3327499639241,1)
[1771]: (236.6401044585558,1)
[1772]: (242.3459590923236,1)
[1773]: (227.3691619927624,1)
[1774]: (229.1576432072101,1)
[1775]: (230.0637057090493,1)
[1776]: (223.1962416580999,1)
[1777]: (227.1933510580012,1)
[1778]: (234.3103392669554,1)
[1779]: (236.2090416844879,1)
[1780]: (230.5125830937216,1)
[1781]: (222.8523926302558,1)
[1782]: (228.5664981880228,1)
[1783]: (236.7751849855093,1)
[1784]: (228.3061596165693,1)
[1785]: (223.8784015780253,1)
[1786]: (229.0181941113698,1)
[1787]: (222.5822581992924,1)
[1788]: (224.0851867320308,1)
[1789]: (222.1043066596318,1)
[1790]: (218.2504550672695,1)
[1791]: (227.0093751984142,1)
[1792]: (226.001022748959,1)
[1793]: (228.5171379047103,1)
[1794]: (226.1685039912693,1)
[1795]: (233.0044542076085,1)
[1796]: (230.2587836894523,1)
[1797]: (236.3349938016522,1)
[1798]: (224.6482016262354,1)
[1799]: (235.3886080117481,1)
[1800]: (220.0983676408371,1)
[1801]: (224.0203856067671,1)
[1802]: (225.3006733396542,1)
[1803]: (231.2356084499706,1)
[1804]: (236.1459929541387,1)
[1805]: (236.0893960997658,1)
[1806]: (225.1036156112066,1)
[1807]: (230.3538411625142,1)
[1808]: (227.445776950601,1)
[1809]: (237.6032026310635,1)
[1810]: (220.4402524112509,1)
[1811]: (231.3730039794762,1)
[1812]: (232.0107958040203,1)
[1813]: (224.204247872407,1)
[1814]: (232.6827831359323,1)
[1815]: (227.0746189668679,1)
[1816]: (227.4771934206193,1)
[1817]: (224.1089223091353,1)
[1818]: (227.299653393114,1)
[1819]: (235.2378012933098,1)
[1820]: (233.1847136607122,1)
[1821]: (237.1157496521809,1)
[1822]: (226.4145040395353,1)
[1823]: (239.2210640042597,1)
[1824]: (237.0805724999361,1)
[1825]: (227.1012351734734,1)
[1826]: (220.1588809746905,1)
[1827]: (221.5206462071019,1)
[1828]: (239.3172504761557,1)
[1829]: (222.6284538807608,1)
[1830]: (219.2313944033066,1)
[1831]: (228.2478586606694,1)
[1832]: (223.1786589899023,1)
[1833]: (219.1397299658805,1)
[1834]: (226.4078782008136,1)
[1835]: (231.2974164636654,1)
[1836]: (224.2233742816679,1)
[1837]: (223.6684780375925,1)
[1838]: (259.7648258728852,1)
[1839]: (224.0770404146359,1)
[1840]: (224.4992788270735,1)
[1841]: (224.1875671202245,1)
[1842]: (227.4376062946894,1)
[1843]: (221.2393171109734,1)
[1844]: (228.2069189791772,1)
[1845]: (253.1696947440436,1)
[1846]: (226.383820420158,1)
[1847]: (227.2386172221599,1)
[1848]: (221.6665934946473,1)
[1849]: (237.1988404209083,1)
[1850]: (231.090430416778,1)
[1851]: (226.0575423984943,1)
[1852]: (223.5212372219205,1)
[1853]: (218.1269705216966,1)
[1854]: (228.1459762570226,1)
[1855]: (230.1326647628242,1)
[1856]: (245.3576350583868,1)
[1857]: (234.0823305660237,1)
[1858]: (233.1645236919757,1)
[1859]: (234.4188494436551,1)
[1860]: (225.3615966944733,1)
[1861]: (231.5072576351319,1)
[1862]: (233.1230773007296,1)
[1863]: (220.3228796197837,1)
[1864]: (240.6205624873207,1)
[1865]: (230.013040355271,1)
[1866]: (232.906141825187,1)
[1867]: (236.4001886877367,1)
[1868]: (225.4499400245417,1)
[1869]: (230.0669161711899,1)
[1870]: (224.0364632322734,1)
[1871]: (239.1439898458829,1)
[1872]: (226.7928066036187,1)
[1873]: (222.0438475116775,1)
[1874]: (232.3698376542733,1)
[1875]: (229.327131221487,1)
[1876]: (226.0621984562934,1)
[1877]: (232.1140065718015,1)
[1878]: (218.0158775463888,1)
[1879]: (230.3611236227283,1)
[1880]: (233.4229135014941,1)
[1881]: (231.0157902161682,1)
[1882]: (218.2167369738448,1)
[1883]: (234.2326557052789,1)
[1884]: (226.3823274114253,1)
[1885]: (228.6672245483265,1)
[1886]: (228.4859383177988,1)
[1887]: (225.2564464178405,1)
[1888]: (223.5111746767078,1)
[1889]: (225.2898864105042,1)
[1890]: (236.2925706607227,1)
[1891]: (230.0075208315245,1)
[1892]: (233.1269592143758,1)
[1893]: (228.4546157989152,1)
[1894]: (231.0517260414565,1)
[1895]: (236.0944443174801,1)
[1896]: (240.5267393597723,1)
[1897]: (233.139695379599,1)
[1898]: (226.0388314353814,1)
[1899]: (228.3063594623146,1)
[1900]: (230.2198348857394,1)
[1901]: (225.3957172554459,1)
[1902]: (226.0265020403297,1)
[1903]: (231.1227894712925,1)
[1904]: (237.0576111403441,1)
[1905]: (232.1571263041889,1)
[1906]: (233.9789300541109,1)
[1907]: (222.3055955683212,1)
[1908]: (228.0339629299008,1)
[1909]: (223.1637423116296,1)
[1910]: (235.0246803479428,1)
[1911]: (227.0835142291126,1)
[1912]: (234.7595484003404,1)
[1913]: (243.4803395705992,1)
[1914]: (221.5935038939665,1)
[1915]: (233.1780426819361,1)
[1916]: (232.6023028340894,1)
[1917]: (232.6544131961042,1)
[1918]: (226.0518677482833,1)
[1919]: (227.0761981184084,1)
[1920]: (222.1475896680013,1)
[1921]: (218.5348655981468,1)
[1922]: (233.1554006563158,1)
[1923]: (233.5434840806047,1)
[1924]: (229.0139679052771,1)
[1925]: (231.5142283232251,1)
[1926]: (232.7671977754595,1)
[1927]: (225.6658080445775,1)
[1928]: (225.3385493787485,1)
[1929]: (231.6056809189634,1)
[1930]: (226.1075071603778,1)
[1931]: (226.6202479109462,1)
[1932]: (225.1958516772259,1)
[1933]: (225.0775902585115,1)
[1934]: (235.2035214647568,1)
[1935]: (233.0090797882187,1)
[1936]: (228.0265803297592,1)
[1937]: (222.2283686983238,1)
[1938]: (236.3882721963405,1)
[1939]: (237.5620300374657,1)
[1940]: (224.8376842923815,1)
[1941]: (226.0291085493183,1)
[1942]: (238.2842745682554,1)
[1943]: (221.0422983890725,1)
[1944]: (221.8050438856569,1)
[1945]: (223.4443663448295,1)
[1946]: (226.3327413118189,1)
[1947]: (236.5263186327292,1)
[1948]: (234.4169302611747,1)
[1949]: (231.0050506954636,1)
[1950]: (230.0318234956951,1)
[1951]: (241.3159019272246,1)
[1952]: (228.0098692421986,1)
[1953]: (234.4106041649859,1)
[1954]: (231.3287572702373,1)
[1955]: (222.4237688040564,1)
[1956]: (225.3041712942995,1)
[1957]: (225.2282682650059,1)
[1958]: (230.244350668206,1)
[1959]: (230.1247394697715,1)
[1960]: (222.0949141446349,1)
[1961]: (228.0551806265796,1)
[1962]: (216.0465353334666,1)
[1963]: (226.663741185416,1)
[1964]: (220.607121506572,1)
[1965]: (229.1869226048491,1)
[1966]: (236.1970661702742,1)
[1967]: (222.0525534864555,1)
[1968]: (222.043458382673,1)
[1969]: (228.0354215879289,1)
[1970]: (226.7298619439715,1)
[1971]: (225.6233343274286,1)
[1972]: (238.2809935329049,1)
[1973]: (231.4766353549449,1)
[1974]: (226.03881870649,1)
[1975]: (225.3547627693178,1)
[1976]: (228.1309814609305,1)
[1977]: (226.3136845864623,1)
[1978]: (230.0628204730098,1)
[1979]: (231.3958610513461,1)
[1980]: (224.0964635086703,1)
[1981]: (228.1280780461712,1)
[1982]: (222.3945054571515,1)
[1983]: (224.0174459916027,1)
[1984]: (233.1515290195405,1)
[1985]: (235.2307175352358,1)
[1986]: (223.0855747517402,1)
[1987]: (224.1245301833948,1)
[1988]: (224.2520934843014,1)
[1989]: (220.0900009510572,1)
[1990]: (221.249329992281,1)
[1991]: (231.0382227228689,1)
[1992]: (225.2036209376955,1)
[1993]: (218.049391330942,1)
[1994]: (235.8417364201098,1)
[1995]: (242.2735201782987,1)
[1996]: (225.2365511872675,1)
[1997]: (220.2072680321466,1)
[1998]: (232.3837906812664,1)
[1999]: (233.094516611378,1)
 -- States explored : 0 states
 -- CPU user time used : 43830 ms
 -- Virtual memory used : 1436368 KiB
 -- Resident memory used : 1397988 KiB
executionTime: 303
