core file size          (blocks, -c) unlimited
data seg size           (kbytes, -d) unlimited
scheduling priority             (-e) 0
file size               (blocks, -f) unlimited
pending signals                 (-i) 4077086
max locked memory       (kbytes, -l) 64
max memory size         (kbytes, -m) 66060288
open files                      (-n) 4096
pipe size            (512 bytes, -p) 8
POSIX message queues     (bytes, -q) 819200
real-time priority              (-r) 0
stack size              (kbytes, -s) 8192
cpu time               (seconds, -t) unlimited
max user processes              (-u) 4077086
virtual memory          (kbytes, -v) 63000000
file locks                      (-x) unlimited
Options for the verification:
  Generating some trace
  Search order is random depth first
  Using conservative space optimisation
  Seed is 1556899100
  State space representation uses minimal constraint systems
  Using HashMap + Compress integers for discrete state storage

Verifying formula 1 at ../queries/SN_100_171_16.q:1
 -- Formula is satisfied.
(9000 runs)
Learning statistics for best strategy: 
	Number of resets: 0
	Number of iterations in last reset: 29
	Number of iterations in total: 29

 -- States explored : 0 states
 -- CPU user time used : 445740 ms
 -- Virtual memory used : 165544 KiB
 -- Resident memory used : 127220 KiB

Verifying formula 2 at ../queries/SN_100_171_16.q:3
 -- Formula is satisfied.
Composer.Done:
[0]: (0,0) (171.463505706094,1)
[1]: (171.9299383862522,1)
[2]: (171.4386599838073,1)
[3]: (171.1749145234814,1)
[4]: (171.6149270188463,1)
[5]: (171.1653100210585,1)
[6]: (171.98842780655,1)
[7]: (172.2601556229361,1)
[8]: (171.3366068723929,1)
[9]: (171.3175128744039,1)
[10]: (171.450479869609,1)
[11]: (171.2173861278594,1)
[12]: (171.6062806771471,1)
[13]: (171.7416353412533,1)
[14]: (171.0246951981265,1)
[15]: (171.483076066501,1)
[16]: (171.2878675754923,1)
[17]: (171.2309545277391,1)
[18]: (172.0409155511006,1)
[19]: (171.3817744225538,1)
[20]: (172.6842655693571,1)
[21]: (171.0746512783658,1)
[22]: (171.2080508076335,1)
[23]: (171.2420923419265,1)
[24]: (171.6992782784411,1)
[25]: (171.4925293967885,1)
[26]: (171.183978580203,1)
[27]: (171.2989410852434,1)
[28]: (171.1761669102272,1)
[29]: (171.0736554380573,1)
[30]: (171.1779154129022,1)
[31]: (171.3854140232267,1)
[32]: (171.5480659671356,1)
[33]: (171.1679166487021,1)
[34]: (171.3679458014967,1)
[35]: (171.0629915674355,1)
[36]: (171.6739116138155,1)
[37]: (171.8867328808327,1)
[38]: (171.5759002984169,1)
[39]: (171.3606928430638,1)
[40]: (171.1128250932248,1)
[41]: (171.1540692891102,1)
[42]: (171.4646418256405,1)
[43]: (171.7361069148229,1)
[44]: (171.5984860977753,1)
[45]: (171.5527055365572,1)
[46]: (171.6062547880621,1)
[47]: (171.5673517811076,1)
[48]: (171.6634034985928,1)
[49]: (171.0979961022937,1)
[50]: (171.5461453731081,1)
[51]: (171.3047378151585,1)
[52]: (171.1842740049173,1)
[53]: (171.1433752244771,1)
[54]: (171.1583361103743,1)
[55]: (172.3052777439466,1)
[56]: (171.6964191309789,1)
[57]: (171.0884880113673,1)
[58]: (171.1096032968212,1)
[59]: (172.0024948023314,1)
[60]: (171.5816696308934,1)
[61]: (171.1419318182582,1)
[62]: (172.155152744095,1)
[63]: (173.9485223403435,1)
[64]: (171.0719394538773,1)
[65]: (171.2375917101805,1)
[66]: (171.4834128143653,1)
[67]: (172.6326113114657,1)
[68]: (171.1664390890372,1)
[69]: (171.1512376416025,1)
[70]: (171.390578508908,1)
[71]: (171.2268341734861,1)
[72]: (171.1932769821582,1)
[73]: (171.5398378030215,1)
[74]: (171.1022404237762,1)
[75]: (171.2531986384695,1)
[76]: (171.6080500392411,1)
[77]: (171.9124826535671,1)
[78]: (172.3176166050172,1)
[79]: (171.5024610034517,1)
[80]: (171.3056849863415,1)
[81]: (171.4580520095375,1)
[82]: (171.4228144551706,1)
[83]: (171.5642617296744,1)
[84]: (171.0953790050553,1)
[85]: (171.2327172964755,1)
[86]: (171.2407353519738,1)
[87]: (171.6016141737086,1)
[88]: (171.0593656546353,1)
[89]: (171.2574987451615,1)
[90]: (171.754763935561,1)
[91]: (171.2765408382542,1)
[92]: (171.0443639142726,1)
[93]: (171.8041137858156,1)
[94]: (171.4159010502013,1)
[95]: (173.0822173702278,1)
[96]: (171.9868315744922,1)
[97]: (171.291706078979,1)
[98]: (171.2796299352416,1)
[99]: (171.075362773233,1)
[100]: (171.3610516489621,1)
[101]: (171.2407120187027,1)
[102]: (171.5343666106764,1)
[103]: (171.2327021519832,1)
[104]: (171.2807919145677,1)
[105]: (171.724898699309,1)
[106]: (172.6316418127939,1)
[107]: (171.5875721789369,1)
[108]: (171.2673774570366,1)
[109]: (172.2499001157248,1)
[110]: (171.0931428496727,1)
[111]: (171.4866948204701,1)
[112]: (171.1928369206374,1)
[113]: (171.3844035807387,1)
[114]: (171.939501548462,1)
[115]: (171.6430038452781,1)
[116]: (171.4456750232596,1)
[117]: (172.4017979903032,1)
[118]: (171.555147788015,1)
[119]: (171.1774862408827,1)
[120]: (171.2880571837987,1)
[121]: (171.2675011013241,1)
[122]: (171.495254305773,1)
[123]: (171.1325290822186,1)
[124]: (172.0287729239774,1)
[125]: (171.7268033176766,1)
[126]: (171.1495842437797,1)
[127]: (171.5153545314446,1)
[128]: (171.8221852018189,1)
[129]: (171.460198595184,1)
[130]: (171.1334777899773,1)
[131]: (171.126819416998,1)
[132]: (171.3447831430285,1)
[133]: (171.3500394126471,1)
[134]: (172.358742757399,1)
[135]: (171.8026821768005,1)
[136]: (171.1109649821954,1)
[137]: (171.7418365833646,1)
[138]: (171.2446660509826,1)
[139]: (171.0721093572421,1)
[140]: (171.2554669501584,1)
[141]: (171.3780021132503,1)
[142]: (171.3880770875927,1)
[143]: (171.4854891187982,1)
[144]: (171.2352114891901,1)
[145]: (171.2796343420744,1)
[146]: (171.3364943843748,1)
[147]: (171.7225347865776,1)
[148]: (171.965602918577,1)
[149]: (171.6654530086543,1)
[150]: (171.1264617140839,1)
[151]: (172.6370958356573,1)
[152]: (171.1852490434978,1)
[153]: (171.4699866863497,1)
[154]: (171.3152051401282,1)
[155]: (171.2496863806846,1)
[156]: (171.468166905913,1)
[157]: (171.1565914120004,1)
[158]: (171.3799740707672,1)
[159]: (171.8098007336073,1)
[160]: (171.4189772883109,1)
[161]: (171.1699095160602,1)
[162]: (171.4777803586909,1)
[163]: (171.3125420078651,1)
[164]: (171.3538674010151,1)
[165]: (171.0988613204995,1)
[166]: (171.5225655758279,1)
[167]: (171.3134708720325,1)
[168]: (171.3173506872313,1)
[169]: (171.374633300137,1)
[170]: (171.2426058350365,1)
[171]: (171.6149072690748,1)
[172]: (171.2610964843714,1)
[173]: (172.3411841810453,1)
[174]: (171.5356475929398,1)
[175]: (171.3362158660157,1)
[176]: (171.17370207904,1)
[177]: (171.189353800789,1)
[178]: (171.3675443456626,1)
[179]: (171.2757079433277,1)
[180]: (171.2728509365326,1)
[181]: (171.2638136546306,1)
[182]: (171.455869617334,1)
[183]: (172.4913516927281,1)
[184]: (171.2955481496691,1)
[185]: (171.7466055303823,1)
[186]: (171.183993448285,1)
[187]: (171.7653958856926,1)
[188]: (171.7500080778822,1)
[189]: (171.1197785963805,1)
[190]: (171.4272774866877,1)
[191]: (171.2742719117657,1)
[192]: (171.682782122477,1)
[193]: (171.8331429102845,1)
[194]: (171.3305052365224,1)
[195]: (171.470220252505,1)
[196]: (171.0404560453279,1)
[197]: (171.5776204197771,1)
[198]: (171.206148113852,1)
[199]: (172.0893909532143,1)
[200]: (171.2114949124126,1)
[201]: (171.7021366438534,1)
[202]: (171.2041802744494,1)
[203]: (171.0683812822444,1)
[204]: (171.1124292925767,1)
[205]: (171.1269361953624,1)
[206]: (171.3277873886638,1)
[207]: (171.3135486830363,1)
[208]: (171.1627332166073,1)
[209]: (171.1511098998531,1)
[210]: (171.2092763966163,1)
[211]: (171.0825078169599,1)
[212]: (171.3079857856274,1)
[213]: (172.0618510305546,1)
[214]: (171.2184454450746,1)
[215]: (171.7386741713332,1)
[216]: (171.1851544074712,1)
[217]: (171.2520759594991,1)
[218]: (171.4705167024122,1)
[219]: (171.3324776531732,1)
[220]: (171.8331971759299,1)
[221]: (171.2985661659978,1)
[222]: (171.1182451798667,1)
[223]: (171.0493279078232,1)
[224]: (172.3443604297372,1)
[225]: (171.8871876577618,1)
[226]: (171.1676267780183,1)
[227]: (171.2214904291878,1)
[228]: (171.6393794875672,1)
[229]: (171.5546391774642,1)
[230]: (171.643911250503,1)
[231]: (171.4970053523146,1)
[232]: (171.3937546532633,1)
[233]: (171.6680885684825,1)
[234]: (171.2542391636819,1)
[235]: (171.6473536776616,1)
[236]: (171.4700000176921,1)
[237]: (171.6491850353756,1)
[238]: (171.305293301634,1)
[239]: (171.2766165468026,1)
[240]: (171.3666616112218,1)
[241]: (171.3495511993386,1)
[242]: (171.4201099112272,1)
[243]: (171.1021753082515,1)
[244]: (171.1995457904015,1)
[245]: (173.3288619060383,1)
[246]: (171.5121094177803,1)
[247]: (171.402264584204,1)
[248]: (171.6031868542495,1)
[249]: (171.4137783930868,1)
[250]: (171.8815543763031,1)
[251]: (171.137312846892,1)
[252]: (171.4636281756181,1)
[253]: (172.2536063390254,1)
[254]: (171.1612842631598,1)
[255]: (171.4600380762998,1)
[256]: (171.5329592777632,1)
[257]: (171.1611750090216,1)
[258]: (171.3570406215511,1)
[259]: (171.576521808697,1)
[260]: (171.2217191770692,1)
[261]: (171.314798420272,1)
[262]: (171.5450523474237,1)
[263]: (171.2478896811382,1)
[264]: (171.5986530937349,1)
[265]: (171.0193697596566,1)
[266]: (171.2106481548904,1)
[267]: (171.2599465271026,1)
[268]: (171.3471462242517,1)
[269]: (171.8141768266021,1)
[270]: (171.3094933754594,1)
[271]: (172.3766128036292,1)
[272]: (171.7488396819532,1)
[273]: (171.8957187206805,1)
[274]: (171.1345521276686,1)
[275]: (171.412437888925,1)
[276]: (171.2935847733318,1)
[277]: (172.0275911105609,1)
[278]: (171.8575500125618,1)
[279]: (171.3279956104103,1)
[280]: (171.4366037497003,1)
[281]: (171.5700347015269,1)
[282]: (171.6711187025128,1)
[283]: (171.3062901738631,1)
[284]: (171.6371366850933,1)
[285]: (171.946108635473,1)
[286]: (172.013581074849,1)
[287]: (171.4026841862574,1)
[288]: (171.8170157528388,1)
[289]: (171.5076464269948,1)
[290]: (171.578655165255,1)
[291]: (171.9940890583956,1)
[292]: (171.2139946514371,1)
[293]: (171.6375214936849,1)
[294]: (171.3552331393931,1)
[295]: (171.4034177036264,1)
[296]: (171.2829867830678,1)
[297]: (171.2380448755356,1)
[298]: (172.0894303212901,1)
[299]: (171.5328524094951,1)
[300]: (171.2392162161201,1)
[301]: (171.1734806722419,1)
[302]: (171.4573649869717,1)
[303]: (171.5805018417055,1)
[304]: (171.6443080632015,1)
[305]: (171.6180991329279,1)
[306]: (171.8202397904381,1)
[307]: (171.3760625106456,1)
[308]: (171.6462487902072,1)
[309]: (172.2032099794951,1)
[310]: (171.1607706167222,1)
[311]: (171.3743681493949,1)
[312]: (171.376460516848,1)
[313]: (171.4890072845826,1)
[314]: (171.5637840693661,1)
[315]: (171.7657296490496,1)
[316]: (171.343727295687,1)
[317]: (171.4566577182264,1)
[318]: (171.561278022175,1)
[319]: (171.2825017858486,1)
[320]: (171.1875812144844,1)
[321]: (171.5340296727514,1)
[322]: (171.245021727837,1)
[323]: (171.3588329782206,1)
[324]: (171.185224686085,1)
[325]: (171.2114620166126,1)
[326]: (171.4201994215558,1)
[327]: (171.0417666695972,1)
[328]: (172.0000819265966,1)
[329]: (171.1853272195436,1)
[330]: (171.3517101300075,1)
[331]: (171.2745579299888,1)
[332]: (171.1735869545327,1)
[333]: (171.5381112961468,1)
[334]: (172.0709459467205,1)
[335]: (171.4565781846985,1)
[336]: (171.152617919969,1)
[337]: (171.113601869883,1)
[338]: (171.5115561646006,1)
[339]: (171.288287797804,1)
[340]: (172.5532688444136,1)
[341]: (171.0414425070194,1)
[342]: (172.2394603252399,1)
[343]: (171.3733405793206,1)
[344]: (171.4540525518916,1)
[345]: (171.0288405722285,1)
[346]: (171.6111217883731,1)
[347]: (171.8200239403073,1)
[348]: (171.5016802953827,1)
[349]: (171.7412028492493,1)
[350]: (171.4652539014455,1)
[351]: (171.5635974872508,1)
[352]: (171.1847044567346,1)
[353]: (171.1848571425835,1)
[354]: (171.3144604832938,1)
[355]: (171.7083558108019,1)
[356]: (171.1507047931212,1)
[357]: (171.1435626867733,1)
[358]: (172.1470298918213,1)
[359]: (172.1787977336443,1)
[360]: (171.5914760634871,1)
[361]: (171.474842365217,1)
[362]: (171.7026709027989,1)
[363]: (171.2729028511811,1)
[364]: (171.2660890214496,1)
[365]: (171.2384904991124,1)
[366]: (171.5615763154354,1)
[367]: (171.7965246584175,1)
[368]: (172.2377682720931,1)
[369]: (171.8685208040853,1)
[370]: (171.3802210841357,1)
[371]: (171.3306400133952,1)
[372]: (171.3021646592909,1)
[373]: (171.2145639728028,1)
[374]: (171.5476493998019,1)
[375]: (171.810113897646,1)
[376]: (171.2864912224367,1)
[377]: (171.6487767979308,1)
[378]: (171.2022692046074,1)
[379]: (171.4097659119698,1)
[380]: (171.55812676894,1)
[381]: (171.6199696300182,1)
[382]: (171.0902663979173,1)
[383]: (173.344832746164,1)
[384]: (171.4924691289087,1)
[385]: (171.1330455166758,1)
[386]: (171.1722211323616,1)
[387]: (171.2947533011134,1)
[388]: (171.8238538708376,1)
[389]: (172.1287521227323,1)
[390]: (171.2788304969215,1)
[391]: (171.1612631895415,1)
[392]: (171.0776295402704,1)
[393]: (171.766069445144,1)
[394]: (171.8721753195158,1)
[395]: (171.527132628737,1)
[396]: (171.7911166749389,1)
[397]: (171.3440237884459,1)
[398]: (171.4598039792368,1)
[399]: (171.4340020145748,1)
[400]: (171.7580282135175,1)
[401]: (171.3231624505259,1)
[402]: (171.5194353569636,1)
[403]: (171.2054822988131,1)
[404]: (171.7361439940843,1)
[405]: (171.1439745475824,1)
[406]: (171.5776279309768,1)
[407]: (171.4806890176987,1)
[408]: (171.6141905983723,1)
[409]: (171.6913215399523,1)
[410]: (171.110458779417,1)
[411]: (171.4291833826753,1)
[412]: (171.2641549179122,1)
[413]: (171.3549718416618,1)
[414]: (171.1209800678062,1)
[415]: (171.0939358262357,1)
[416]: (171.3020949805242,1)
[417]: (171.7972179132079,1)
[418]: (171.2475857309047,1)
[419]: (171.465597373584,1)
[420]: (171.153549594616,1)
[421]: (171.339245635662,1)
[422]: (171.3284375587808,1)
[423]: (171.1710943752047,1)
[424]: (171.4593433229471,1)
[425]: (171.9267082550039,1)
[426]: (171.3750187768474,1)
[427]: (171.0757910496594,1)
[428]: (171.2465963915885,1)
[429]: (171.4523754591066,1)
[430]: (171.3443954763727,1)
[431]: (171.4592051049377,1)
[432]: (171.1414625700805,1)
[433]: (171.4527239249698,1)
[434]: (171.3990847154082,1)
[435]: (171.0887079135229,1)
[436]: (171.6804783306438,1)
[437]: (171.3963704180699,1)
[438]: (171.7821718998722,1)
[439]: (171.401549957496,1)
[440]: (171.4365017136996,1)
[441]: (171.0492769654308,1)
[442]: (171.2385436906086,1)
[443]: (171.034875232467,1)
[444]: (171.1857697972902,1)
[445]: (171.3435747796519,1)
[446]: (171.3418122676622,1)
[447]: (171.4009272774081,1)
[448]: (171.1311831991686,1)
[449]: (171.4847620774985,1)
[450]: (171.5732280528239,1)
[451]: (171.1923969112521,1)
[452]: (171.0508171488733,1)
[453]: (171.095057098875,1)
[454]: (171.2795216718572,1)
[455]: (171.2358324774424,1)
[456]: (171.7287641101869,1)
[457]: (171.3189068843301,1)
[458]: (171.1991644242788,1)
[459]: (172.1908430470317,1)
[460]: (171.3718236941546,1)
[461]: (171.3516912423788,1)
[462]: (173.4653517359001,1)
[463]: (171.4094715798089,1)
[464]: (171.5707844112401,1)
[465]: (171.7831295118007,1)
[466]: (171.5728709761193,1)
[467]: (171.4933699956083,1)
[468]: (171.691529236633,1)
[469]: (171.512079570754,1)
[470]: (171.110062259183,1)
[471]: (171.2552530359559,1)
[472]: (171.4387706811836,1)
[473]: (171.3867075648364,1)
[474]: (171.6321196417436,1)
[475]: (171.2644233612987,1)
[476]: (171.5916900291305,1)
[477]: (171.7543664257487,1)
[478]: (172.2949158104565,1)
[479]: (171.1358458011509,1)
[480]: (171.5017849226673,1)
[481]: (171.4609199504643,1)
[482]: (171.4195569368596,1)
[483]: (171.8820714927454,1)
[484]: (171.1824673767511,1)
[485]: (171.534924729327,1)
[486]: (171.6051743099929,1)
[487]: (171.2990209898823,1)
[488]: (171.9931058503523,1)
[489]: (171.4356055257459,1)
[490]: (171.7692894044766,1)
[491]: (171.138850191051,1)
[492]: (171.1996523053278,1)
[493]: (171.2372129683545,1)
[494]: (171.2534857995971,1)
[495]: (171.9200213802424,1)
[496]: (171.8870328913162,1)
[497]: (171.2163748272268,1)
[498]: (171.9244423643516,1)
[499]: (171.7403487604219,1)
[500]: (171.3221037239185,1)
[501]: (171.596908133952,1)
[502]: (171.5561940639045,1)
[503]: (171.3302032776918,1)
[504]: (171.8121463704085,1)
[505]: (171.3091435400123,1)
[506]: (171.025096880737,1)
[507]: (171.1324891161181,1)
[508]: (171.1444914750343,1)
[509]: (171.5568582684354,1)
[510]: (172.0456726626953,1)
[511]: (171.7050181593842,1)
[512]: (172.2460046703081,1)
[513]: (171.4713228304416,1)
[514]: (172.1912332745623,1)
[515]: (171.523686860258,1)
[516]: (172.7173524556592,1)
[517]: (171.1812842533225,1)
[518]: (171.1533604025595,1)
[519]: (171.610391126337,1)
[520]: (171.3135297487727,1)
[521]: (171.3258779550767,1)
[522]: (171.2254487584932,1)
[523]: (171.3201220757602,1)
[524]: (171.2847044501877,1)
[525]: (171.6182497207012,1)
[526]: (171.277161140884,1)
[527]: (172.6046909587591,1)
[528]: (171.1938175486524,1)
[529]: (171.7183274701529,1)
[530]: (171.9201615033239,1)
[531]: (171.6109165350892,1)
[532]: (171.1775999096365,1)
[533]: (171.1538928662297,1)
[534]: (171.2865447134123,1)
[535]: (171.3042031412342,1)
[536]: (171.6043144205545,1)
[537]: (171.8979559110327,1)
[538]: (171.867259492467,1)
[539]: (171.4691074281383,1)
[540]: (171.3998685111362,1)
[541]: (171.9337071520024,1)
[542]: (171.2821049647131,1)
[543]: (171.7850227696472,1)
[544]: (171.1911451261274,1)
[545]: (171.4457727177017,1)
[546]: (171.6107047869164,1)
[547]: (171.1576134829032,1)
[548]: (171.2531775625951,1)
[549]: (171.8316920201008,1)
[550]: (171.7672119241852,1)
[551]: (171.2832464400045,1)
[552]: (171.279563390904,1)
[553]: (171.365468441981,1)
[554]: (171.081540429685,1)
[555]: (171.150622276528,1)
[556]: (171.3722499986576,1)
[557]: (171.197847799193,1)
[558]: (171.5105445167015,1)
[559]: (172.1727544622324,1)
[560]: (171.7455069841413,1)
[561]: (171.2882816548578,1)
[562]: (171.8156353695873,1)
[563]: (171.3265897091993,1)
[564]: (171.4080232061601,1)
[565]: (171.2457941609368,1)
[566]: (171.0702212102518,1)
[567]: (171.3201523387139,1)
[568]: (171.0103647793551,1)
[569]: (172.5021352247986,1)
[570]: (171.0788239973777,1)
[571]: (171.3850267770584,1)
[572]: (171.8945036014562,1)
[573]: (171.0930752376173,1)
[574]: (171.6415947420417,1)
[575]: (171.2566616238491,1)
[576]: (171.3938236222099,1)
[577]: (171.7054347148784,1)
[578]: (171.3779356006565,1)
[579]: (171.1241354190628,1)
[580]: (171.5086826365809,1)
[581]: (171.1414302765958,1)
[582]: (171.3275381915457,1)
[583]: (171.338635042983,1)
[584]: (171.1831227235227,1)
[585]: (171.32589263308,1)
[586]: (171.1751745187826,1)
[587]: (171.2947619325925,1)
[588]: (171.2657504167742,1)
[589]: (171.2369656374486,1)
[590]: (171.2352941049848,1)
[591]: (172.2703148065279,1)
[592]: (171.121633535828,1)
[593]: (171.5583690796194,1)
[594]: (171.2423576844583,1)
[595]: (172.0972678194074,1)
[596]: (171.7004128318772,1)
[597]: (171.4897700705696,1)
[598]: (171.4129760911939,1)
[599]: (171.6971098584843,1)
[600]: (171.189612427404,1)
[601]: (171.5438820598578,1)
[602]: (171.3799182714156,1)
[603]: (171.9054521776608,1)
[604]: (171.6664845840291,1)
[605]: (171.4606191756933,1)
[606]: (171.6884404163447,1)
[607]: (171.9010037608449,1)
[608]: (171.4391855661316,1)
[609]: (171.8518342472252,1)
[610]: (171.3838681227962,1)
[611]: (171.8822114524877,1)
[612]: (171.753132737725,1)
[613]: (171.5121456332383,1)
[614]: (171.507717126647,1)
[615]: (171.5610222084222,1)
[616]: (171.9082795299358,1)
[617]: (171.5860759590359,1)
[618]: (171.7319909349129,1)
[619]: (171.3880404349379,1)
[620]: (171.1144404151493,1)
[621]: (171.4869056137354,1)
[622]: (171.7539640749734,1)
[623]: (171.7808634857815,1)
[624]: (171.4211858129082,1)
[625]: (171.2060096262468,1)
[626]: (172.8044544756785,1)
[627]: (171.4839493625662,1)
[628]: (171.1205838827236,1)
[629]: (171.3999238916265,1)
[630]: (171.4158172492353,1)
[631]: (171.0789262476572,1)
[632]: (171.2748054998021,1)
[633]: (171.7038330036618,1)
[634]: (171.2467861090472,1)
[635]: (171.4476880855981,1)
[636]: (171.1862149530265,1)
[637]: (171.5049800231171,1)
[638]: (171.043512350753,1)
[639]: (171.3372742352944,1)
[640]: (171.5555390691,1)
[641]: (171.3784443738129,1)
[642]: (171.1454506643928,1)
[643]: (171.1287073760409,1)
[644]: (171.7826353196159,1)
[645]: (171.5609154970666,1)
[646]: (171.4043508489184,1)
[647]: (171.2026003732265,1)
[648]: (171.801572750914,1)
[649]: (171.3440128614554,1)
[650]: (171.9519823382543,1)
[651]: (171.8157591746077,1)
[652]: (171.8017018630588,1)
[653]: (171.644996646402,1)
[654]: (171.2539198654435,1)
[655]: (171.4626480911576,1)
[656]: (171.6122989279189,1)
[657]: (171.3994078636239,1)
[658]: (171.1605703698282,1)
[659]: (171.5210753028219,1)
[660]: (172.3992237093451,1)
[661]: (171.347059485015,1)
[662]: (171.9679420779253,1)
[663]: (171.7879100628868,1)
[664]: (171.2847111087299,1)
[665]: (172.3191867495428,1)
[666]: (171.8310597270431,1)
[667]: (171.3273185845197,1)
[668]: (171.1003119093278,1)
[669]: (171.3819869621826,1)
[670]: (171.9031698791814,1)
[671]: (171.5929531578823,1)
[672]: (171.2313972855516,1)
[673]: (172.2198656420781,1)
[674]: (171.1485189149253,1)
[675]: (172.1067159763728,1)
[676]: (171.1986258208895,1)
[677]: (171.2995723084802,1)
[678]: (171.1176097134206,1)
[679]: (171.613773827045,1)
[680]: (171.190062871375,1)
[681]: (171.3272819404116,1)
[682]: (171.5062938415807,1)
[683]: (171.5321934544372,1)
[684]: (171.683380899602,1)
[685]: (171.2279375700757,1)
[686]: (171.4864586762132,1)
[687]: (171.4194485643895,1)
[688]: (171.8783718756553,1)
[689]: (171.5434346058189,1)
[690]: (171.2823162531724,1)
[691]: (171.1598145135073,1)
[692]: (171.1886707665272,1)
[693]: (171.4197520251358,1)
[694]: (172.8484892360585,1)
[695]: (172.0801368586485,1)
[696]: (171.3453464820041,1)
[697]: (171.1086180411301,1)
[698]: (171.2046075499373,1)
[699]: (171.97601718547,1)
[700]: (171.5906127093012,1)
[701]: (171.9488022073643,1)
[702]: (171.3626293636777,1)
[703]: (171.5003059111972,1)
[704]: (172.0847416712867,1)
[705]: (171.356394499013,1)
[706]: (171.158381203402,1)
[707]: (171.3356666810227,1)
[708]: (171.1422646157034,1)
[709]: (171.1270757371032,1)
[710]: (171.2323209152233,1)
[711]: (172.004720707838,1)
[712]: (171.3444615391123,1)
[713]: (171.9971294087941,1)
[714]: (171.8118601553547,1)
[715]: (171.0749714845969,1)
[716]: (171.1467174346808,1)
[717]: (171.4350309171469,1)
[718]: (171.201597956034,1)
[719]: (171.6251515142011,1)
[720]: (171.3866666892408,1)
[721]: (171.5599689891145,1)
[722]: (171.3599904182185,1)
[723]: (171.9280751805506,1)
[724]: (171.2157999636425,1)
[725]: (171.7238224990736,1)
[726]: (172.0542118526007,1)
[727]: (171.0655957102679,1)
[728]: (171.545861440894,1)
[729]: (171.3443292733499,1)
[730]: (171.1551656969653,1)
[731]: (171.4763439136703,1)
[732]: (171.2214170429841,1)
[733]: (171.6168845107379,1)
[734]: (171.2791624701654,1)
[735]: (171.2776114549974,1)
[736]: (171.6498288543042,1)
[737]: (171.1258356214458,1)
[738]: (171.2854623065231,1)
[739]: (171.4162540367694,1)
[740]: (171.2311505624663,1)
[741]: (171.7699764766947,1)
[742]: (171.6549731457158,1)
[743]: (171.4250732405226,1)
[744]: (171.1219312965717,1)
[745]: (171.4829145040579,1)
[746]: (171.7612898029923,1)
[747]: (171.2126204658126,1)
[748]: (171.430185959611,1)
[749]: (171.1642456168154,1)
[750]: (171.5506446679425,1)
[751]: (171.3975414683583,1)
[752]: (171.2817144348057,1)
[753]: (171.4156352638691,1)
[754]: (171.4388553034948,1)
[755]: (171.5939090703775,1)
[756]: (171.1599186255067,1)
[757]: (171.1832362123958,1)
[758]: (171.1338622875389,1)
[759]: (171.3366458824548,1)
[760]: (172.2357675790075,1)
[761]: (171.985247102722,1)
[762]: (171.5283780655512,1)
[763]: (171.128365010622,1)
[764]: (171.8425621759019,1)
[765]: (171.4944413194895,1)
[766]: (171.448460484004,1)
[767]: (171.7967257867939,1)
[768]: (171.8863199026827,1)
[769]: (171.4019356307756,1)
[770]: (171.3976597720659,1)
[771]: (171.6101503315234,1)
[772]: (171.1398973930645,1)
[773]: (171.8246805370427,1)
[774]: (172.1884704059763,1)
[775]: (171.3399474862312,1)
[776]: (171.3015434323907,1)
[777]: (171.0697923377739,1)
[778]: (171.5372902299285,1)
[779]: (171.1560735348681,1)
[780]: (171.20094845546,1)
[781]: (172.169188633498,1)
[782]: (172.3227965648931,1)
[783]: (171.5265283988957,1)
[784]: (171.6804106873144,1)
[785]: (171.2234669425582,1)
[786]: (171.4737990879211,1)
[787]: (171.4819482900637,1)
[788]: (171.753913094116,1)
[789]: (171.9917950632399,1)
[790]: (171.221285893537,1)
[791]: (171.6754521578804,1)
[792]: (171.175466813271,1)
[793]: (171.384654721394,1)
[794]: (171.8773452073212,1)
[795]: (171.602500945708,1)
[796]: (171.5657823717561,1)
[797]: (171.5746317014109,1)
[798]: (171.5781710787952,1)
[799]: (171.0632324109027,1)
[800]: (172.4100432175979,1)
[801]: (171.4117072366354,1)
[802]: (171.5946225355482,1)
[803]: (171.3138299525446,1)
[804]: (171.6216741593361,1)
[805]: (171.5753267817416,1)
[806]: (171.5914269208951,1)
[807]: (171.7349129203897,1)
[808]: (171.3018618651018,1)
[809]: (171.9280660664145,1)
[810]: (171.3079955258961,1)
[811]: (171.149876952861,1)
[812]: (171.5427028308214,1)
[813]: (171.5030059731677,1)
[814]: (172.0706252922308,1)
[815]: (171.8229972086169,1)
[816]: (171.4213939744921,1)
[817]: (171.382710672567,1)
[818]: (171.5669495726887,1)
[819]: (171.1768088547998,1)
[820]: (171.5751039284668,1)
[821]: (171.0118419225679,1)
[822]: (171.0579006768181,1)
[823]: (171.0973325704513,1)
[824]: (171.0128887020644,1)
[825]: (171.9783028402906,1)
[826]: (171.2007270468904,1)
[827]: (172.5913372281912,1)
[828]: (171.1194027999936,1)
[829]: (172.2089067694718,1)
[830]: (171.4822289976303,1)
[831]: (171.3385115286322,1)
[832]: (171.2672429795846,1)
[833]: (171.3893982079899,1)
[834]: (171.2359703077867,1)
[835]: (171.9226893427609,1)
[836]: (171.7240777709733,1)
[837]: (171.2551721708984,1)
[838]: (171.1416543523546,1)
[839]: (171.3190469965586,1)
[840]: (171.3879331938597,1)
[841]: (171.2490647665286,1)
[842]: (171.0920535174639,1)
[843]: (171.1163067262522,1)
[844]: (171.2664561999381,1)
[845]: (171.216748657338,1)
[846]: (171.7106649532479,1)
[847]: (171.9023977532092,1)
[848]: (171.6029798295579,1)
[849]: (171.6537185443732,1)
[850]: (171.1801824423646,1)
[851]: (171.7373403215934,1)
[852]: (172.0125671123022,1)
[853]: (171.5906080599699,1)
[854]: (171.6236655734454,1)
[855]: (171.509273497747,1)
[856]: (171.5559908033417,1)
[857]: (171.3769569342356,1)
[858]: (171.2776563746665,1)
[859]: (171.6450647228083,1)
[860]: (171.3182827207911,1)
[861]: (171.5364646470512,1)
[862]: (172.4578456595986,1)
[863]: (171.3101294285375,1)
[864]: (172.1798337402029,1)
[865]: (171.1425068687618,1)
[866]: (172.0415026237939,1)
[867]: (171.2888079741186,1)
[868]: (171.1537402296038,1)
[869]: (171.1741350949126,1)
[870]: (171.3090250941888,1)
[871]: (171.993517847138,1)
[872]: (171.0875269493943,1)
[873]: (171.4227987087318,1)
[874]: (171.116540856465,1)
[875]: (171.4895006305263,1)
[876]: (171.5461260557185,1)
[877]: (171.3689634792477,1)
[878]: (171.1042291376172,1)
[879]: (171.3776290874128,1)
[880]: (171.267917864767,1)
[881]: (171.4413801368878,1)
[882]: (171.3054775242106,1)
[883]: (172.0016746208235,1)
[884]: (171.4974376982522,1)
[885]: (171.5783375498097,1)
[886]: (171.1858711480897,1)
[887]: (171.3875973422507,1)
[888]: (171.5796207869248,1)
[889]: (171.3965672033648,1)
[890]: (171.9492204402113,1)
[891]: (171.4159313378736,1)
[892]: (171.2820182146164,1)
[893]: (172.1883925294014,1)
[894]: (171.7793482311409,1)
[895]: (171.8927481074129,1)
[896]: (171.3198951219119,1)
[897]: (171.5992969184002,1)
[898]: (171.4527139422371,1)
[899]: (171.1955083493023,1)
[900]: (171.0717035370539,1)
[901]: (171.2389244158671,1)
[902]: (172.2609331530708,1)
[903]: (171.0339293185959,1)
[904]: (171.1869883861078,1)
[905]: (172.6903658266964,1)
[906]: (172.4795053165026,1)
[907]: (171.3571062663281,1)
[908]: (171.839529228594,1)
[909]: (171.5997778683747,1)
[910]: (171.501189751154,1)
[911]: (172.4121524100767,1)
[912]: (171.4361911022022,1)
[913]: (171.107739626553,1)
[914]: (171.1585147425097,1)
[915]: (171.2018594185982,1)
[916]: (171.7915904237109,1)
[917]: (171.3031645399083,1)
[918]: (171.3971268111988,1)
[919]: (171.619732367275,1)
[920]: (171.3642876757413,1)
[921]: (171.27855668249,1)
[922]: (171.3884868108058,1)
[923]: (171.0266997277456,1)
[924]: (171.2003132650892,1)
[925]: (171.2897704397003,1)
[926]: (171.4968039333915,1)
[927]: (172.3928202094617,1)
[928]: (171.2116324655275,1)
[929]: (171.6355792486573,1)
[930]: (171.4450486896276,1)
[931]: (171.1897168287836,1)
[932]: (171.8145280705095,1)
[933]: (171.1865709582296,1)
[934]: (171.3796662051419,1)
[935]: (171.5548946867048,1)
[936]: (171.0647602585965,1)
[937]: (171.2907808971081,1)
[938]: (171.7235252886052,1)
[939]: (171.4431176371473,1)
[940]: (172.2108602242121,1)
[941]: (172.7344657958317,1)
[942]: (171.6519038332811,1)
[943]: (171.2520730840742,1)
[944]: (171.1384558441503,1)
[945]: (171.3888392096083,1)
[946]: (172.4866798745711,1)
[947]: (171.2688887128434,1)
[948]: (171.317335344569,1)
[949]: (172.4089292233712,1)
[950]: (171.5566790348352,1)
[951]: (171.4623369746951,1)
[952]: (171.2347623521044,1)
[953]: (171.9287136014133,1)
[954]: (171.0952289869557,1)
[955]: (171.2124035891628,1)
[956]: (171.1222276284866,1)
[957]: (171.1325148925048,1)
[958]: (171.4442740817664,1)
[959]: (171.3338745991651,1)
[960]: (171.139497580136,1)
[961]: (171.2608455854643,1)
[962]: (171.8496605012413,1)
[963]: (171.2812784591174,1)
[964]: (171.3698052309148,1)
[965]: (171.8679213443721,1)
[966]: (171.5769828557032,1)
[967]: (171.4631383914252,1)
[968]: (171.149826723948,1)
[969]: (171.0526476185826,1)
[970]: (171.432636928311,1)
[971]: (171.9963628868052,1)
[972]: (172.0165603968687,1)
[973]: (171.1751331838886,1)
[974]: (171.1019993570857,1)
[975]: (172.0828993253783,1)
[976]: (171.194715517311,1)
[977]: (171.058067637651,1)
[978]: (171.4463610091445,1)
[979]: (171.2879044291442,1)
[980]: (171.5073811935224,1)
[981]: (171.7974936797479,1)
[982]: (171.2255612850802,1)
[983]: (171.2165598299451,1)
[984]: (171.0821204371814,1)
[985]: (171.4662838180699,1)
[986]: (171.9465637484477,1)
[987]: (171.3182561206284,1)
[988]: (171.5695651194562,1)
[989]: (171.2010957976145,1)
[990]: (171.2783816064324,1)
[991]: (171.6257207402045,1)
[992]: (171.131008128382,1)
[993]: (171.5734385707078,1)
[994]: (171.9289633151364,1)
[995]: (172.0883346196306,1)
[996]: (171.3409728559456,1)
[997]: (172.898371305349,1)
[998]: (171.1737426407618,1)
[999]: (171.0752224323286,1)
[1000]: (171.0912249419859,1)
[1001]: (171.3622454686232,1)
[1002]: (171.7672454795021,1)
[1003]: (171.2291344321122,1)
[1004]: (171.5971008418485,1)
[1005]: (171.1513065410794,1)
[1006]: (171.9767960404367,1)
[1007]: (171.5584136773706,1)
[1008]: (171.6060743570843,1)
[1009]: (171.5683057242953,1)
[1010]: (172.099378851373,1)
[1011]: (171.2452017451013,1)
[1012]: (171.3479921427464,1)
[1013]: (171.4806997577902,1)
[1014]: (171.6275786765904,1)
[1015]: (171.4015822401358,1)
[1016]: (171.3559809070991,1)
[1017]: (171.1524407100141,1)
[1018]: (171.3065655476691,1)
[1019]: (171.544554670472,1)
[1020]: (171.0773888859482,1)
[1021]: (171.4783054711646,1)
[1022]: (171.141978122467,1)
[1023]: (171.4022842331549,1)
[1024]: (171.1465604213893,1)
[1025]: (171.8386754354051,1)
[1026]: (171.1632388294669,1)
[1027]: (171.5509499443745,1)
[1028]: (171.5781201139637,1)
[1029]: (172.0430247618444,1)
[1030]: (171.6379242414702,1)
[1031]: (171.547161808203,1)
[1032]: (171.4206739467097,1)
[1033]: (171.3588159928719,1)
[1034]: (171.5283948567425,1)
[1035]: (171.2070460544409,1)
[1036]: (171.8656828458311,1)
[1037]: (171.7672487924557,1)
[1038]: (171.0485159198135,1)
[1039]: (171.2758497669192,1)
[1040]: (171.076474345164,1)
[1041]: (171.1243135168635,1)
[1042]: (171.5316995417063,1)
[1043]: (171.2089654995812,1)
[1044]: (171.4225809450209,1)
[1045]: (171.105014023345,1)
[1046]: (171.3678664303003,1)
[1047]: (171.8659877565078,1)
[1048]: (172.0610014017883,1)
[1049]: (171.5578441063282,1)
[1050]: (171.6123180430856,1)
[1051]: (171.2499167442655,1)
[1052]: (171.2350126362866,1)
[1053]: (171.2316354693374,1)
[1054]: (171.4901533768293,1)
[1055]: (171.2333091656525,1)
[1056]: (171.2209454699767,1)
[1057]: (171.1878951107773,1)
[1058]: (171.0682884040155,1)
[1059]: (171.190592584502,1)
[1060]: (171.5435227638283,1)
[1061]: (171.0835221867372,1)
[1062]: (171.2025049900429,1)
[1063]: (171.6698657646399,1)
[1064]: (171.8054100007406,1)
[1065]: (171.7267239963434,1)
[1066]: (171.3405690020399,1)
[1067]: (171.1980619359208,1)
[1068]: (171.3740332575447,1)
[1069]: (171.32028336241,1)
[1070]: (171.0956431737419,1)
[1071]: (172.0128052725211,1)
[1072]: (171.1243516267749,1)
[1073]: (171.4729559395998,1)
[1074]: (172.011638972392,1)
[1075]: (171.7693276208412,1)
[1076]: (171.6713905501116,1)
[1077]: (171.8429980740816,1)
[1078]: (171.1950487722829,1)
[1079]: (171.4045553069319,1)
[1080]: (171.7083213543374,1)
[1081]: (171.1801910061884,1)
[1082]: (172.3808759903297,1)
[1083]: (171.3099267892821,1)
[1084]: (171.2724539210534,1)
[1085]: (171.5279150492439,1)
[1086]: (171.0277442185821,1)
[1087]: (171.2958007843284,1)
[1088]: (171.4591701843566,1)
[1089]: (171.2476633805755,1)
[1090]: (171.5773798963539,1)
[1091]: (171.8507244665112,1)
[1092]: (171.4799148415032,1)
[1093]: (171.5467326277145,1)
[1094]: (172.2793834417714,1)
[1095]: (171.3312205001666,1)
[1096]: (171.9354376227915,1)
[1097]: (171.0916221288687,1)
[1098]: (171.8339915164204,1)
[1099]: (171.3763536937237,1)
[1100]: (171.3889830126733,1)
[1101]: (171.3948623937851,1)
[1102]: (171.3336983321038,1)
[1103]: (171.2333436303549,1)
[1104]: (171.3008527610932,1)
[1105]: (171.5011053445317,1)
[1106]: (171.2230824089508,1)
[1107]: (171.4228822526417,1)
[1108]: (172.4498967993232,1)
[1109]: (171.6390704591088,1)
[1110]: (171.6525979451807,1)
[1111]: (171.1883041461763,1)
[1112]: (171.5434500231258,1)
[1113]: (171.2560750911325,1)
[1114]: (171.9824767066936,1)
[1115]: (171.3802136950746,1)
[1116]: (171.2255200469309,1)
[1117]: (171.877329937574,1)
[1118]: (171.8545705710343,1)
[1119]: (171.4287717104511,1)
[1120]: (171.412547315658,1)
[1121]: (171.1877460739788,1)
[1122]: (171.3204253483877,1)
[1123]: (171.8084339237035,1)
[1124]: (171.2035640918956,1)
[1125]: (171.6410145250383,1)
[1126]: (171.1386487498573,1)
[1127]: (171.4964215139633,1)
[1128]: (172.192361050297,1)
[1129]: (171.3665928067243,1)
[1130]: (171.0858574889836,1)
[1131]: (171.3869927257825,1)
[1132]: (171.5485698204985,1)
[1133]: (171.2052706497834,1)
[1134]: (171.3436831347153,1)
[1135]: (171.6236201308219,1)
[1136]: (171.4203201702079,1)
[1137]: (171.9196935360037,1)
[1138]: (172.3267471251494,1)
[1139]: (171.1789708032804,1)
[1140]: (173.4307096744969,1)
[1141]: (171.4175927928774,1)
[1142]: (171.5745935062572,1)
[1143]: (172.0343208355772,1)
[1144]: (171.4263579266773,1)
[1145]: (171.2155614391059,1)
[1146]: (171.6307640853516,1)
[1147]: (171.9066438015066,1)
[1148]: (171.8516084172851,1)
[1149]: (171.5732275629469,1)
[1150]: (171.0481778980661,1)
[1151]: (172.3047833995593,1)
[1152]: (171.7319339230196,1)
[1153]: (171.2931405015103,1)
[1154]: (171.3277822523326,1)
[1155]: (171.1518742123983,1)
[1156]: (172.4195044463859,1)
[1157]: (171.0083383090116,1)
[1158]: (171.0482645461822,1)
[1159]: (171.3705825321149,1)
[1160]: (171.1506704984906,1)
[1161]: (171.1094105504086,1)
[1162]: (171.3669641995796,1)
[1163]: (171.3754878266484,1)
[1164]: (172.0198154398765,1)
[1165]: (171.7046777730865,1)
[1166]: (171.6735048664038,1)
[1167]: (171.1025393644944,1)
[1168]: (172.1544636421542,1)
[1169]: (171.1942234744005,1)
[1170]: (171.8608446622483,1)
[1171]: (171.3722836878665,1)
[1172]: (172.02666341976,1)
[1173]: (171.3946919226794,1)
[1174]: (171.4413228081145,1)
[1175]: (171.2638866563498,1)
[1176]: (171.3361679281064,1)
[1177]: (172.0022336775529,1)
[1178]: (171.9133607626108,1)
[1179]: (171.1408524714707,1)
[1180]: (171.7883044522931,1)
[1181]: (171.543488419301,1)
[1182]: (171.2514288241767,1)
[1183]: (171.7850726377684,1)
[1184]: (171.3476058956606,1)
[1185]: (171.8046351588839,1)
[1186]: (171.4395625472352,1)
[1187]: (171.4031352554607,1)
[1188]: (171.2121437572889,1)
[1189]: (171.1090380194537,1)
[1190]: (171.9377429103223,1)
[1191]: (171.8704042605941,1)
[1192]: (171.1010163791802,1)
[1193]: (171.7410519232652,1)
[1194]: (171.234434098273,1)
[1195]: (171.8577758595245,1)
[1196]: (171.7537884164736,1)
[1197]: (171.3207011383909,1)
[1198]: (171.291215306184,1)
[1199]: (171.1660565364586,1)
[1200]: (171.8177128418081,1)
[1201]: (171.080706842467,1)
[1202]: (171.211259124022,1)
[1203]: (171.3462349962818,1)
[1204]: (171.3084630421014,1)
[1205]: (171.4887870859847,1)
[1206]: (171.2401325161806,1)
[1207]: (171.2768135338765,1)
[1208]: (171.9245895613055,1)
[1209]: (171.6740419586798,1)
[1210]: (171.2892706630988,1)
[1211]: (171.4091629045862,1)
[1212]: (171.953692814577,1)
[1213]: (171.2167356821502,1)
[1214]: (171.2960586422842,1)
[1215]: (171.530200931636,1)
[1216]: (171.2337213718219,1)
[1217]: (171.6062140056259,1)
[1218]: (171.1602903034397,1)
[1219]: (171.6179856124642,1)
[1220]: (171.1762774887277,1)
[1221]: (171.653052829847,1)
[1222]: (172.1184968358638,1)
[1223]: (171.2758909950135,1)
[1224]: (171.7426127152127,1)
[1225]: (171.185459323827,1)
[1226]: (171.6292918690691,1)
[1227]: (171.2363745340537,1)
[1228]: (171.9024012809611,1)
[1229]: (171.1815745896483,1)
[1230]: (171.4494402199553,1)
[1231]: (171.5531870466774,1)
[1232]: (171.2676345568942,1)
[1233]: (171.4908617460113,1)
[1234]: (171.3682226988626,1)
[1235]: (171.4048572279927,1)
[1236]: (171.0554967470455,1)
[1237]: (171.6774213499261,1)
[1238]: (171.2203028340473,1)
[1239]: (171.7473074793046,1)
[1240]: (171.4836610171853,1)
[1241]: (171.0634604105719,1)
[1242]: (171.1236416191618,1)
[1243]: (171.2037307750383,1)
[1244]: (171.2306728768763,1)
[1245]: (171.2326184342155,1)
[1246]: (171.5245219379228,1)
[1247]: (171.1360131963347,1)
[1248]: (171.0367502968717,1)
[1249]: (171.4868485581764,1)
[1250]: (171.6219202237683,1)
[1251]: (171.4252548829729,1)
[1252]: (171.591459001933,1)
[1253]: (172.7421428746445,1)
[1254]: (171.5213351453073,1)
[1255]: (171.4811807281529,1)
[1256]: (172.160692039209,1)
[1257]: (171.4499629665521,1)
[1258]: (171.568425269054,1)
[1259]: (171.1172845823586,1)
[1260]: (171.7263567066377,1)
[1261]: (171.321093695371,1)
[1262]: (171.2709527500878,1)
[1263]: (171.1804634761727,1)
[1264]: (171.4338610683866,1)
[1265]: (171.6255545676717,1)
[1266]: (171.597841006032,1)
[1267]: (171.2780840586765,1)
[1268]: (171.5525720441659,1)
[1269]: (172.2159890132423,1)
[1270]: (171.0923113623938,1)
[1271]: (171.398489812264,1)
[1272]: (171.1475261740107,1)
[1273]: (171.1072030804648,1)
[1274]: (172.356249432411,1)
[1275]: (171.4374182996956,1)
[1276]: (171.3576736909124,1)
[1277]: (171.492594323468,1)
[1278]: (171.1144203961788,1)
[1279]: (171.7384249463494,1)
[1280]: (171.6378946002063,1)
[1281]: (171.7305318688553,1)
[1282]: (171.7667471371228,1)
[1283]: (171.2725585046474,1)
[1284]: (171.4646319023115,1)
[1285]: (171.8986089061794,1)
[1286]: (171.2328709501528,1)
[1287]: (171.9300072929211,1)
[1288]: (171.5192274016297,1)
[1289]: (171.3162035045802,1)
[1290]: (171.332604701278,1)
[1291]: (171.216176636069,1)
[1292]: (171.4093287711178,1)
[1293]: (172.0348959405291,1)
[1294]: (171.223475367683,1)
[1295]: (171.728857259805,1)
[1296]: (172.1443481555554,1)
[1297]: (171.1690559219102,1)
[1298]: (171.3814267992091,1)
[1299]: (171.2362878796547,1)
[1300]: (171.1282070975316,1)
[1301]: (171.2777191049417,1)
[1302]: (171.3440878282382,1)
[1303]: (171.4866746714118,1)
[1304]: (171.2354809692867,1)
[1305]: (171.3128678683269,1)
[1306]: (171.7086813437559,1)
[1307]: (171.5618634937811,1)
[1308]: (171.5471990283919,1)
[1309]: (171.6872646905411,1)
[1310]: (171.4890249151848,1)
[1311]: (171.2149297793273,1)
[1312]: (171.6752355657268,1)
[1313]: (171.0403069126344,1)
[1314]: (171.4094951706909,1)
[1315]: (171.2186664579144,1)
[1316]: (171.313130305489,1)
[1317]: (171.5912527365881,1)
[1318]: (171.324645785157,1)
[1319]: (171.1839103119016,1)
[1320]: (172.8455275108624,1)
[1321]: (171.2415177589645,1)
[1322]: (171.2010265688387,1)
[1323]: (171.4999882003403,1)
[1324]: (171.4408776901298,1)
[1325]: (171.6900789429304,1)
[1326]: (171.3744166926089,1)
[1327]: (171.3491162572318,1)
[1328]: (171.2825904560153,1)
[1329]: (172.0359394712912,1)
[1330]: (171.8819007711625,1)
[1331]: (171.078591177766,1)
[1332]: (171.8541315231153,1)
[1333]: (171.131386762301,1)
[1334]: (172.0131120397067,1)
[1335]: (171.3371353396857,1)
[1336]: (171.5089360547265,1)
[1337]: (172.1186599023582,1)
[1338]: (171.7289707806895,1)
[1339]: (171.4983424306081,1)
[1340]: (171.2756865923807,1)
[1341]: (171.5950137779095,1)
[1342]: (171.6771968359969,1)
[1343]: (171.8647782907381,1)
[1344]: (171.0265620145032,1)
[1345]: (171.5180846049256,1)
[1346]: (171.6899756954523,1)
[1347]: (171.5169697495263,1)
[1348]: (171.2942361377611,1)
[1349]: (172.1242732194806,1)
[1350]: (172.0180732659597,1)
[1351]: (171.540072954109,1)
[1352]: (171.6951814505124,1)
[1353]: (171.8201487657791,1)
[1354]: (171.0784770923999,1)
[1355]: (172.4317732734006,1)
[1356]: (171.4141031121842,1)
[1357]: (171.5302400232331,1)
[1358]: (171.4860830968517,1)
[1359]: (171.2883623594675,1)
[1360]: (171.8517344037015,1)
[1361]: (171.360061371776,1)
[1362]: (171.1045370045664,1)
[1363]: (171.2683774720928,1)
[1364]: (172.0118998020284,1)
[1365]: (171.3985149263414,1)
[1366]: (171.8391041254621,1)
[1367]: (171.591186396154,1)
[1368]: (171.1693074021449,1)
[1369]: (171.3021772662659,1)
[1370]: (171.3837161294064,1)
[1371]: (171.2195542410387,1)
[1372]: (171.5623683922954,1)
[1373]: (171.2101427751277,1)
[1374]: (171.2902332301143,1)
[1375]: (171.8871407744562,1)
[1376]: (171.0633520932215,1)
[1377]: (171.4148144278861,1)
[1378]: (171.5041907913095,1)
[1379]: (171.33863252774,1)
[1380]: (171.7710706185654,1)
[1381]: (171.2928669929962,1)
[1382]: (171.986659899513,1)
[1383]: (171.2507815565673,1)
[1384]: (171.2865524225957,1)
[1385]: (171.4298543675731,1)
[1386]: (171.6240031208107,1)
[1387]: (171.4717736146395,1)
[1388]: (171.7869215765603,1)
[1389]: (171.8938102851696,1)
[1390]: (171.1231154251856,1)
[1391]: (171.5816165204031,1)
[1392]: (171.0721926518298,1)
[1393]: (172.0020230128977,1)
[1394]: (171.7342679833951,1)
[1395]: (171.7314919499025,1)
[1396]: (171.1044048418673,1)
[1397]: (171.1209227344051,1)
[1398]: (171.1358786036482,1)
[1399]: (171.2607170457228,1)
[1400]: (171.3699721237516,1)
[1401]: (171.1784310206408,1)
[1402]: (171.1879583106997,1)
[1403]: (171.4650906515831,1)
[1404]: (171.4176475034689,1)
[1405]: (171.7292530054046,1)
[1406]: (171.7185560095442,1)
[1407]: (171.8425332024753,1)
[1408]: (171.7535094639972,1)
[1409]: (171.1755840042638,1)
[1410]: (171.5641050914296,1)
[1411]: (171.272165804945,1)
[1412]: (171.25864810351,1)
[1413]: (171.1095458548852,1)
[1414]: (171.3751137354651,1)
[1415]: (172.3967209759274,1)
[1416]: (171.6533182600079,1)
[1417]: (171.238578922939,1)
[1418]: (171.126246978711,1)
[1419]: (171.3386997982469,1)
[1420]: (171.238265699609,1)
[1421]: (171.1722618308704,1)
[1422]: (171.2723271982224,1)
[1423]: (171.5045013378593,1)
[1424]: (171.167637143874,1)
[1425]: (171.311465234545,1)
[1426]: (172.3103955081334,1)
[1427]: (171.3082881330978,1)
[1428]: (171.8491423440392,1)
[1429]: (171.8551393936021,1)
[1430]: (172.013145191462,1)
[1431]: (171.6781765995509,1)
[1432]: (171.3949119402626,1)
[1433]: (171.5540877966326,1)
[1434]: (171.5181982321396,1)
[1435]: (172.0012645866656,1)
[1436]: (171.7063270717775,1)
[1437]: (171.7096001227848,1)
[1438]: (171.8816035195722,1)
[1439]: (171.3285434828659,1)
[1440]: (171.1553399516213,1)
[1441]: (172.3676417591294,1)
[1442]: (171.8088768208298,1)
[1443]: (171.3799382501981,1)
[1444]: (171.2770337279615,1)
[1445]: (171.4161201848366,1)
[1446]: (171.4849928714513,1)
[1447]: (171.3298104755897,1)
[1448]: (171.6172713272495,1)
[1449]: (171.2413070284093,1)
[1450]: (171.3003079541995,1)
[1451]: (171.1727981548982,1)
[1452]: (171.3564785802889,1)
[1453]: (171.5521641372375,1)
[1454]: (172.085482052508,1)
[1455]: (172.6250672005943,1)
[1456]: (171.7740017592196,1)
[1457]: (171.1762756959023,1)
[1458]: (172.103417465258,1)
[1459]: (171.5175116668774,1)
[1460]: (172.0453695768723,1)
[1461]: (171.0565696761851,1)
[1462]: (171.2994408820608,1)
[1463]: (171.2825355225277,1)
[1464]: (171.1162971518015,1)
[1465]: (171.0071551789732,1)
[1466]: (171.4359766538796,1)
[1467]: (172.0763198881336,1)
[1468]: (171.6473360979701,1)
[1469]: (171.405848588041,1)
[1470]: (171.307274317649,1)
[1471]: (171.2694037045447,1)
[1472]: (171.1664171899857,1)
[1473]: (172.2136072242084,1)
[1474]: (171.2443038908133,1)
[1475]: (171.1296108162698,1)
[1476]: (171.4360421238483,1)
[1477]: (171.2572821007373,1)
[1478]: (171.9379908197845,1)
[1479]: (171.133464726217,1)
[1480]: (171.9528368692846,1)
[1481]: (171.1931043468688,1)
[1482]: (171.3406168629074,1)
[1483]: (171.1648970850615,1)
[1484]: (171.4159495884838,1)
[1485]: (171.341038277072,1)
[1486]: (171.1016511000523,1)
[1487]: (171.1844393297102,1)
[1488]: (171.5497392105903,1)
[1489]: (171.3996034554524,1)
[1490]: (172.1730910567228,1)
[1491]: (171.343388675137,1)
[1492]: (172.2284088074839,1)
[1493]: (171.2632553824468,1)
[1494]: (171.963750120304,1)
[1495]: (171.021147198852,1)
[1496]: (171.2265913469124,1)
[1497]: (171.1944924629009,1)
[1498]: (171.8441088144634,1)
[1499]: (171.2424115295599,1)
[1500]: (171.3962850122324,1)
[1501]: (172.0799263497256,1)
[1502]: (171.1156155816178,1)
[1503]: (171.7474948911938,1)
[1504]: (171.2503198369183,1)
[1505]: (171.3927427485035,1)
[1506]: (171.073905474474,1)
[1507]: (171.1667571953143,1)
[1508]: (171.2040546195805,1)
[1509]: (172.309716758644,1)
[1510]: (171.2989857787005,1)
[1511]: (171.3383618515396,1)
[1512]: (171.1652887095175,1)
[1513]: (171.7184225734499,1)
[1514]: (171.1649622538089,1)
[1515]: (171.38453926797,1)
[1516]: (171.5444047897053,1)
[1517]: (171.1437293468244,1)
[1518]: (171.1010218646525,1)
[1519]: (171.334489618082,1)
[1520]: (171.2098630254647,1)
[1521]: (171.3200022683279,1)
[1522]: (171.9055471159429,1)
[1523]: (171.0274639575422,1)
[1524]: (171.3656172151004,1)
[1525]: (171.0796955857169,1)
[1526]: (171.5695411593117,1)
[1527]: (171.1461799632128,1)
[1528]: (171.5214737135414,1)
[1529]: (171.6505828589941,1)
[1530]: (171.6720690648886,1)
[1531]: (171.1036463310148,1)
[1532]: (171.3303151513601,1)
[1533]: (171.7569196424787,1)
[1534]: (171.3900313637671,1)
[1535]: (171.1587740942022,1)
[1536]: (171.0854483439294,1)
[1537]: (171.3749085799104,1)
[1538]: (171.2444617893499,1)
[1539]: (171.5561133362378,1)
[1540]: (171.5708334171312,1)
[1541]: (171.2029782881052,1)
[1542]: (171.2586384082703,1)
[1543]: (171.7632399122634,1)
[1544]: (171.8759012313629,1)
[1545]: (171.4524830175211,1)
[1546]: (171.1478849234173,1)
[1547]: (171.28144370294,1)
[1548]: (171.4672927931019,1)
[1549]: (171.8621917346321,1)
[1550]: (171.3998411597641,1)
[1551]: (171.2461025598168,1)
[1552]: (171.4125593798627,1)
[1553]: (171.1897543201731,1)
[1554]: (171.9027764171114,1)
[1555]: (171.5605339269437,1)
[1556]: (171.2614028069691,1)
[1557]: (171.0519768807652,1)
[1558]: (171.25264287067,1)
[1559]: (171.3544826763799,1)
[1560]: (171.6790341707822,1)
[1561]: (171.1632544226404,1)
[1562]: (171.8383295544321,1)
[1563]: (171.1862441983108,1)
[1564]: (171.3280438156929,1)
[1565]: (171.1249252013826,1)
[1566]: (171.7607091387195,1)
[1567]: (171.1971119708853,1)
[1568]: (171.6281048617946,1)
[1569]: (171.334131715161,1)
[1570]: (171.1454507981021,1)
[1571]: (171.073807825076,1)
[1572]: (171.2259208820772,1)
[1573]: (171.9123132599727,1)
[1574]: (171.397609251199,1)
[1575]: (171.103352133377,1)
[1576]: (171.3072431357035,1)
[1577]: (171.2556413528337,1)
[1578]: (171.7265842729646,1)
[1579]: (171.4734090134412,1)
[1580]: (171.2860058418005,1)
[1581]: (171.4016427191672,1)
[1582]: (171.7938949898274,1)
[1583]: (171.0626466230863,1)
[1584]: (171.2994455095635,1)
[1585]: (171.7085919940544,1)
[1586]: (171.0967938299817,1)
[1587]: (171.1745699373721,1)
[1588]: (171.3679974968562,1)
[1589]: (171.7092903654921,1)
[1590]: (172.0799116630417,1)
[1591]: (171.5419160531061,1)
[1592]: (172.137367920717,1)
[1593]: (171.1152852609245,1)
[1594]: (171.2882497534705,1)
[1595]: (172.3889129208645,1)
[1596]: (171.8571408557914,1)
[1597]: (171.520627236306,1)
[1598]: (171.5415892307291,1)
[1599]: (172.5349115999385,1)
[1600]: (171.5179785059911,1)
[1601]: (171.4257247330131,1)
[1602]: (171.1102924172034,1)
[1603]: (171.4845239771392,1)
[1604]: (171.2905999428066,1)
[1605]: (171.1179041187248,1)
[1606]: (171.2419728194496,1)
[1607]: (171.1944845594561,1)
[1608]: (171.6103993599839,1)
[1609]: (171.4767889761837,1)
[1610]: (171.6183633337029,1)
[1611]: (171.2526547485784,1)
[1612]: (171.4087213840871,1)
[1613]: (171.3319747206828,1)
[1614]: (171.0884375034137,1)
[1615]: (171.3656277755913,1)
[1616]: (171.1283035059921,1)
[1617]: (171.4401598300767,1)
[1618]: (171.3313174272948,1)
[1619]: (171.6411084257003,1)
[1620]: (171.944620681923,1)
[1621]: (171.6704834150234,1)
[1622]: (173.3352062054348,1)
[1623]: (171.38585510143,1)
[1624]: (171.8455698164143,1)
[1625]: (171.7273152762389,1)
[1626]: (171.7640007128003,1)
[1627]: (171.2259344315831,1)
[1628]: (171.9021214306021,1)
[1629]: (171.9513866524818,1)
[1630]: (172.011628637696,1)
[1631]: (171.7271446361078,1)
[1632]: (171.1959829217129,1)
[1633]: (171.2320261730561,1)
[1634]: (171.5365973042561,1)
[1635]: (171.1332209450987,1)
[1636]: (171.0453955214099,1)
[1637]: (171.0435277566118,1)
[1638]: (171.5790884423419,1)
[1639]: (171.4249203371324,1)
[1640]: (171.655421502648,1)
[1641]: (171.2811315275295,1)
[1642]: (171.0684034789586,1)
[1643]: (171.3464478341785,1)
[1644]: (171.1649550444409,1)
[1645]: (171.6080749274549,1)
[1646]: (171.2534833277164,1)
[1647]: (171.2703751153264,1)
[1648]: (171.7646901291744,1)
[1649]: (171.6100255060053,1)
[1650]: (171.51544551456,1)
[1651]: (171.0576172917766,1)
[1652]: (171.6380631232529,1)
[1653]: (171.1786916264356,1)
[1654]: (171.1732080433024,1)
[1655]: (171.1835219622857,1)
[1656]: (171.3246811593505,1)
[1657]: (171.3816367643674,1)
[1658]: (171.634818907054,1)
[1659]: (171.221469792402,1)
[1660]: (171.7531128395599,1)
[1661]: (171.2907279302873,1)
[1662]: (171.5874085149241,1)
[1663]: (171.9396828328021,1)
[1664]: (172.0967600108507,1)
[1665]: (171.4988911956429,1)
[1666]: (171.2644844713934,1)
[1667]: (171.2006750190406,1)
[1668]: (171.1333919705963,1)
[1669]: (172.0431549191002,1)
[1670]: (171.1941087234186,1)
[1671]: (171.5033791048195,1)
[1672]: (173.2687956955377,1)
[1673]: (171.5331317462179,1)
[1674]: (171.370170683048,1)
[1675]: (171.2817875741621,1)
[1676]: (171.3644402800859,1)
[1677]: (171.4035094220992,1)
[1678]: (171.9510942245671,1)
[1679]: (171.1612519651638,1)
[1680]: (171.1513373718862,1)
[1681]: (171.3986631421661,1)
[1682]: (171.3046948002961,1)
[1683]: (171.837540195278,1)
[1684]: (172.1027382138864,1)
[1685]: (171.6691836686389,1)
[1686]: (172.3540528491413,1)
[1687]: (171.333475069871,1)
[1688]: (171.5814171656431,1)
[1689]: (171.1500858360444,1)
[1690]: (171.4356431611109,1)
[1691]: (171.3679264587341,1)
[1692]: (171.3823863959925,1)
[1693]: (171.2080933109737,1)
[1694]: (171.8468874679256,1)
[1695]: (171.1086862934495,1)
[1696]: (172.0016483255729,1)
[1697]: (171.5312876550285,1)
[1698]: (171.289060119175,1)
[1699]: (171.1854881227657,1)
[1700]: (171.4601349739974,1)
[1701]: (171.4665954121126,1)
[1702]: (171.5675659193477,1)
[1703]: (171.7194046282026,1)
[1704]: (171.9540904032264,1)
[1705]: (171.3936884150258,1)
[1706]: (171.5837575370727,1)
[1707]: (172.2380831861173,1)
[1708]: (171.1689785725476,1)
[1709]: (171.5627025603674,1)
[1710]: (171.2892588967239,1)
[1711]: (171.3738739817594,1)
[1712]: (171.4839280926663,1)
[1713]: (171.506174103906,1)
[1714]: (171.2044065213194,1)
[1715]: (171.3536799048941,1)
[1716]: (171.656967706783,1)
[1717]: (171.4684370123019,1)
[1718]: (172.4040052463872,1)
[1719]: (171.1679411946543,1)
[1720]: (171.3805681745863,1)
[1721]: (173.4204881991377,1)
[1722]: (171.0866306425719,1)
[1723]: (171.6292787235345,1)
[1724]: (171.0590527921652,1)
[1725]: (171.7348054802231,1)
[1726]: (171.7452932122152,1)
[1727]: (171.2311198311913,1)
[1728]: (171.757518884106,1)
[1729]: (171.3427907304263,1)
[1730]: (171.1915955744222,1)
[1731]: (171.1012929676546,1)
[1732]: (171.173836037707,1)
[1733]: (171.3306544459307,1)
[1734]: (171.5151919026283,1)
[1735]: (171.3735992589558,1)
[1736]: (171.4362266255925,1)
[1737]: (171.077279030393,1)
[1738]: (171.6147723225777,1)
[1739]: (171.3529770712858,1)
[1740]: (171.862148492775,1)
[1741]: (171.6558326033554,1)
[1742]: (171.9560400690229,1)
[1743]: (171.4040124695227,1)
[1744]: (171.374617732183,1)
[1745]: (171.3517387891112,1)
[1746]: (171.5568742878428,1)
[1747]: (171.5646190210578,1)
[1748]: (171.2243014590098,1)
[1749]: (171.0951775881119,1)
[1750]: (171.9108915630834,1)
[1751]: (171.1740807055942,1)
[1752]: (171.2001756987424,1)
[1753]: (172.0083162126982,1)
[1754]: (171.0525823096897,1)
[1755]: (171.6908922849604,1)
[1756]: (171.3581818846745,1)
[1757]: (171.1711161389762,1)
[1758]: (171.1591875314886,1)
[1759]: (171.6290049191639,1)
[1760]: (171.5924604725827,1)
[1761]: (171.7888558362355,1)
[1762]: (171.1833043063932,1)
[1763]: (172.1087432293226,1)
[1764]: (171.5741725208687,1)
[1765]: (172.5283595158788,1)
[1766]: (171.2636050154615,1)
[1767]: (171.3733219553116,1)
[1768]: (171.578908098371,1)
[1769]: (171.9345671458626,1)
[1770]: (171.3555857868527,1)
[1771]: (171.4749539248625,1)
[1772]: (171.1620440009194,1)
[1773]: (171.3009754326341,1)
[1774]: (171.1675558740308,1)
[1775]: (174.0168354535237,1)
[1776]: (171.2964854376796,1)
[1777]: (171.6016263116011,1)
[1778]: (171.3543488059203,1)
[1779]: (171.4331485609103,1)
[1780]: (171.115474180524,1)
[1781]: (171.3061816181461,1)
[1782]: (171.5959892261967,1)
[1783]: (171.1978672233944,1)
[1784]: (171.5341691728124,1)
[1785]: (171.835791862471,1)
[1786]: (171.3636820665374,1)
[1787]: (171.9309936486062,1)
[1788]: (171.5041823111657,1)
[1789]: (171.7952730281937,1)
[1790]: (172.1268447786759,1)
[1791]: (171.1952544835084,1)
[1792]: (171.1862030150788,1)
[1793]: (172.6488605707702,1)
[1794]: (172.1316700506662,1)
[1795]: (172.2235114672108,1)
[1796]: (171.4753098949794,1)
[1797]: (171.2526305945109,1)
[1798]: (171.0206755107463,1)
[1799]: (171.3731023425608,1)
[1800]: (171.0286390907099,1)
[1801]: (171.2250700560739,1)
[1802]: (171.1684486523413,1)
[1803]: (171.3611912626162,1)
[1804]: (171.7799904747619,1)
[1805]: (172.2475940285296,1)
[1806]: (171.3600354642403,1)
[1807]: (171.1622021244874,1)
[1808]: (171.0431498858763,1)
[1809]: (171.2153772632152,1)
[1810]: (171.4665584681304,1)
[1811]: (172.4258538494481,1)
[1812]: (173.4735525955977,1)
[1813]: (171.5559302669591,1)
[1814]: (171.4504299435733,1)
[1815]: (172.2861484444524,1)
[1816]: (171.337724814796,1)
[1817]: (171.1124469532786,1)
[1818]: (171.2169362709195,1)
[1819]: (171.4539284304135,1)
[1820]: (171.0739720028668,1)
[1821]: (171.067744299474,1)
[1822]: (172.1708507959458,1)
[1823]: (171.3656855779234,1)
[1824]: (172.360707963699,1)
[1825]: (171.4460281606326,1)
[1826]: (171.3179026412793,1)
[1827]: (171.3754724025611,1)
[1828]: (171.2531626530277,1)
[1829]: (171.7373758393018,1)
[1830]: (171.4710552562017,1)
[1831]: (171.2982081357304,1)
[1832]: (172.3602812539111,1)
[1833]: (171.4156877051064,1)
[1834]: (172.2648700815611,1)
[1835]: (171.1143292026591,1)
[1836]: (171.4560513979173,1)
[1837]: (171.391609239198,1)
[1838]: (171.036698753233,1)
[1839]: (171.3185973963097,1)
[1840]: (171.4724229744886,1)
[1841]: (171.4595247924426,1)
[1842]: (171.4997518443776,1)
[1843]: (171.3365603587149,1)
[1844]: (171.4413905105768,1)
[1845]: (171.4022152128532,1)
[1846]: (171.8211240913117,1)
[1847]: (171.4803076637162,1)
[1848]: (171.1346053381164,1)
[1849]: (172.639361263198,1)
[1850]: (171.1268310087831,1)
[1851]: (171.6444964121269,1)
[1852]: (171.5970888363554,1)
[1853]: (171.1563645632337,1)
[1854]: (172.1141557568172,1)
[1855]: (171.0867089580737,1)
[1856]: (171.4406894399189,1)
[1857]: (171.246250792667,1)
[1858]: (171.5521143043233,1)
[1859]: (171.3808450194415,1)
[1860]: (171.634304108288,1)
[1861]: (171.4804695300389,1)
[1862]: (173.5529489234289,1)
[1863]: (171.2592188334462,1)
[1864]: (171.1311434369659,1)
[1865]: (172.4715778953584,1)
[1866]: (171.3134358409525,1)
[1867]: (171.943591316298,1)
[1868]: (171.6232197932825,1)
[1869]: (172.2323926678101,1)
[1870]: (171.2490187583755,1)
[1871]: (171.2220242268364,1)
[1872]: (171.5325947633232,1)
[1873]: (172.4650006214883,1)
[1874]: (171.913651021934,1)
[1875]: (171.5661151233738,1)
[1876]: (171.1722649974556,1)
[1877]: (171.1892195441056,1)
[1878]: (171.5387340789162,1)
[1879]: (171.471484083057,1)
[1880]: (171.1510069786919,1)
[1881]: (171.2208288378673,1)
[1882]: (171.2848408135443,1)
[1883]: (171.7978320126051,1)
[1884]: (171.4832005665847,1)
[1885]: (171.4232798361101,1)
[1886]: (171.8737857675974,1)
[1887]: (171.2986830044554,1)
[1888]: (171.6989256963892,1)
[1889]: (171.5388315723995,1)
[1890]: (172.1055969552473,1)
[1891]: (171.6366779840718,1)
[1892]: (171.8049334161481,1)
[1893]: (171.3007920312573,1)
[1894]: (171.0778773746733,1)
[1895]: (171.3188131323726,1)
[1896]: (172.5109541755729,1)
[1897]: (171.2973612361645,1)
[1898]: (171.1864333821053,1)
[1899]: (171.2090072859558,1)
[1900]: (171.2593490822242,1)
[1901]: (171.0680044207712,1)
[1902]: (171.1321190197222,1)
[1903]: (171.0589350432586,1)
[1904]: (171.574637579429,1)
[1905]: (173.0307464166435,1)
[1906]: (171.0526581737634,1)
[1907]: (171.1692859331569,1)
[1908]: (171.4382687805773,1)
[1909]: (171.6217237920438,1)
[1910]: (171.552352804546,1)
[1911]: (171.0710177671167,1)
[1912]: (171.3910065663127,1)
[1913]: (171.5273250472528,1)
[1914]: (171.0211448657796,1)
[1915]: (171.4687795314789,1)
[1916]: (172.1474966611893,1)
[1917]: (171.3042459772901,1)
[1918]: (171.7956752462539,1)
[1919]: (171.4683510339717,1)
[1920]: (171.8800834072678,1)
[1921]: (171.550659408784,1)
[1922]: (171.4012225578605,1)
[1923]: (171.1564697738173,1)
[1924]: (171.7283656638453,1)
[1925]: (171.3584417823218,1)
[1926]: (171.8170073759684,1)
[1927]: (171.5045802432548,1)
[1928]: (171.8971476660894,1)
[1929]: (171.3875737898047,1)
[1930]: (171.2671638291137,1)
[1931]: (171.2879979163726,1)
[1932]: (171.3555083182983,1)
[1933]: (171.2748264370071,1)
[1934]: (171.4158815787414,1)
[1935]: (171.2477683932958,1)
[1936]: (171.400623299708,1)
[1937]: (171.1111498273649,1)
[1938]: (171.4934221702103,1)
[1939]: (172.8870567469691,1)
[1940]: (171.1365228774752,1)
[1941]: (171.0445806212381,1)
[1942]: (171.3819145806488,1)
[1943]: (172.2195826375768,1)
[1944]: (171.3596099550243,1)
[1945]: (171.1528945334674,1)
[1946]: (171.7618340841009,1)
[1947]: (171.7981486197289,1)
[1948]: (171.0829627530861,1)
[1949]: (172.1322776376861,1)
[1950]: (171.2378949165197,1)
[1951]: (171.4300245716406,1)
[1952]: (171.7562079650988,1)
[1953]: (171.4951138912448,1)
[1954]: (171.2748049336095,1)
[1955]: (171.3601590332159,1)
[1956]: (171.5100998062844,1)
[1957]: (171.3064291584255,1)
[1958]: (171.3530857251,1)
[1959]: (171.3755225914973,1)
[1960]: (171.6306239794851,1)
[1961]: (171.5243863775115,1)
[1962]: (171.608911883406,1)
[1963]: (171.713328775714,1)
[1964]: (171.4029447449672,1)
[1965]: (171.4705177498098,1)
[1966]: (171.4732732132837,1)
[1967]: (171.0576510271044,1)
[1968]: (171.7539395976081,1)
[1969]: (171.299626986642,1)
[1970]: (171.7299076450612,1)
[1971]: (171.3163651566064,1)
[1972]: (171.2381451196858,1)
[1973]: (171.6128714721492,1)
[1974]: (171.6538197025981,1)
[1975]: (171.3787515144608,1)
[1976]: (171.1678197589173,1)
[1977]: (172.0407550318919,1)
[1978]: (171.6518211034866,1)
[1979]: (171.4298090676769,1)
[1980]: (171.3723352555756,1)
[1981]: (171.3842300490976,1)
[1982]: (171.3351048894318,1)
[1983]: (171.45064351226,1)
[1984]: (171.3301223622675,1)
[1985]: (171.3682422148422,1)
[1986]: (171.1853834973336,1)
[1987]: (172.3178449242491,1)
[1988]: (171.8455979903852,1)
[1989]: (171.8245587365633,1)
[1990]: (171.2763485994787,1)
[1991]: (171.0840091179923,1)
[1992]: (171.6385406088882,1)
[1993]: (171.3222854774751,1)
[1994]: (171.740322522866,1)
[1995]: (171.5439119897942,1)
[1996]: (171.1502292772417,1)
[1997]: (171.7421002818582,1)
[1998]: (171.4149754396165,1)
[1999]: (171.3499685690136,1)
 -- States explored : 0 states
 -- CPU user time used : 91100 ms
 -- Virtual memory used : 165544 KiB
 -- Resident memory used : 127284 KiB
executionTime: 537
