core file size          (blocks, -c) unlimited
data seg size           (kbytes, -d) unlimited
scheduling priority             (-e) 0
file size               (blocks, -f) unlimited
pending signals                 (-i) 4077086
max locked memory       (kbytes, -l) 64
max memory size         (kbytes, -m) 66060288
open files                      (-n) 4096
pipe size            (512 bytes, -p) 8
POSIX message queues     (bytes, -q) 819200
real-time priority              (-r) 0
stack size              (kbytes, -s) 8192
cpu time               (seconds, -t) unlimited
max user processes              (-u) 4077086
virtual memory          (kbytes, -v) 63000000
file locks                      (-x) unlimited
Options for the verification:
  Generating some trace
  Search order is random depth first
  Using conservative space optimisation
  Seed is 1556912889
  State space representation uses minimal constraint systems
  Using HashMap + Compress integers for discrete state storage

Verifying formula 1 at ../queries/SN_100_44_4.q:1
 -- Formula is satisfied.
(9000 runs)
Learning statistics for best strategy: 
	Number of resets: 0
	Number of iterations in last reset: 12
	Number of iterations in total: 12

 -- States explored : 0 states
 -- CPU user time used : 244400 ms
 -- Virtual memory used : 2970352 KiB
 -- Resident memory used : 2931964 KiB

Verifying formula 2 at ../queries/SN_100_44_4.q:2
 -- Formula is satisfied.
Composer.Done:
[0]: (0,0) (131.1271759869398,1)
[1]: (130.3949486615115,1)
[2]: (137.0541550721619,1)
[3]: (133.7177733610552,1)
[4]: (139.2234037475821,1)
[5]: (136.3087967621406,1)
[6]: (133.7754867793822,1)
[7]: (133.5387098743533,1)
[8]: (135.6801069698616,1)
[9]: (142.1782364399473,1)
[10]: (137.9146640423096,1)
[11]: (138.012267898586,1)
[12]: (138.186127231582,1)
[13]: (129.2577827321242,1)
[14]: (138.3519800462273,1)
[15]: (136.000726699718,1)
[16]: (140.3392969354508,1)
[17]: (138.3603962381092,1)
[18]: (136.1162726334898,1)
[19]: (140.363594348543,1)
[20]: (141.2093923288648,1)
[21]: (134.0760232433322,1)
[22]: (135.6429612996813,1)
[23]: (138.183704127,1)
[24]: (134.3818099920568,1)
[25]: (132.4795806839733,1)
[26]: (134.1775586575707,1)
[27]: (134.5279341282207,1)
[28]: (137.3512331703714,1)
[29]: (133.0766888613508,1)
[30]: (136.2901542998138,1)
[31]: (136.5917485845381,1)
[32]: (136.6237231143557,1)
[33]: (132.4940963497643,1)
[34]: (137.0394385704408,1)
[35]: (130.1840806664178,1)
[36]: (131.0038518113128,1)
[37]: (132.0413210171203,1)
[38]: (131.0316510097511,1)
[39]: (134.1892119353141,1)
[40]: (135.1090792273137,1)
[41]: (133.6313646522598,1)
[42]: (133.2441307652363,1)
[43]: (136.0540751791232,1)
[44]: (132.0703002612937,1)
[45]: (134.4708343968581,1)
[46]: (135.1362953836248,1)
[47]: (136.6978520462183,1)
[48]: (140.0518573612871,1)
[49]: (132.7941799006246,1)
[50]: (130.6100689653297,1)
[51]: (129.3861857029438,1)
[52]: (134.5769523014455,1)
[53]: (139.6538671838777,1)
[54]: (135.4839376516624,1)
[55]: (138.0734579314687,1)
[56]: (133.0269077228655,1)
[57]: (133.2098724389369,1)
[58]: (135.5660182432333,1)
[59]: (138.1674873803576,1)
[60]: (137.8155117610816,1)
[61]: (143.1191537285608,1)
[62]: (138.0455793119961,1)
[63]: (137.2628110792538,1)
[64]: (132.0662267012416,1)
[65]: (132.2541465889739,1)
[66]: (131.003852459014,1)
[67]: (131.2075955399647,1)
[68]: (139.4367415396667,1)
[69]: (134.0953163747745,1)
[70]: (134.1816237625128,1)
[71]: (138.388502704775,1)
[72]: (134.0537132952674,1)
[73]: (134.23163691915,1)
[74]: (133.6298387166747,1)
[75]: (137.0353579162652,1)
[76]: (130.6276683058323,1)
[77]: (136.0744793852146,1)
[78]: (130.0170591389922,1)
[79]: (140.0634801244235,1)
[80]: (132.0138977723007,1)
[81]: (145.146437993325,1)
[82]: (135.8815210084,1)
[83]: (133.3378629027449,1)
[84]: (132.3389337103866,1)
[85]: (134.7380940143725,1)
[86]: (129.3665057073996,1)
[87]: (137.0440152554247,1)
[88]: (140.1692575002555,1)
[89]: (138.8818768725001,1)
[90]: (133.1130976544328,1)
[91]: (136.6318623899758,1)
[92]: (132.1964822405437,1)
[93]: (135.1431530076203,1)
[94]: (129.1180800542461,1)
[95]: (136.1197224803763,1)
[96]: (141.1577788330207,1)
[97]: (135.9752321400422,1)
[98]: (140.0389455183968,1)
[99]: (137.4407966461318,1)
[100]: (137.0441219846983,1)
[101]: (138.415292139833,1)
[102]: (131.3678410903609,1)
[103]: (131.0572525435518,1)
[104]: (132.3385092362545,1)
[105]: (138.000126578557,1)
[106]: (137.2552087818982,1)
[107]: (132.0181880688516,1)
[108]: (141.3701550162111,1)
[109]: (134.4327213290258,1)
[110]: (133.0621312767672,1)
[111]: (134.5217891089098,1)
[112]: (138.0971228792406,1)
[113]: (137.1105363895914,1)
[114]: (135.3440364416887,1)
[115]: (138.3435852921056,1)
[116]: (133.8548571456147,1)
[117]: (132.4812728382825,1)
[118]: (135.1800656085564,1)
[119]: (133.8042250933038,1)
[120]: (132.5690954975902,1)
[121]: (132.6322924849609,1)
[122]: (133.6951843708463,1)
[123]: (135.2946325437889,1)
[124]: (136.1227104846532,1)
[125]: (143.1210900522818,1)
[126]: (133.184098642981,1)
[127]: (132.8188123090403,1)
[128]: (138.1632535911163,1)
[129]: (137.1756414465754,1)
[130]: (131.3727286976672,1)
[131]: (137.8693303559236,1)
[132]: (133.0059142739994,1)
[133]: (133.0396709609903,1)
[134]: (133.3057745243241,1)
[135]: (137.2302568101388,1)
[136]: (133.2185221869285,1)
[137]: (129.579963838093,1)
[138]: (133.3847907720775,1)
[139]: (139.4089569720151,1)
[140]: (130.6577826219649,1)
[141]: (136.4783139811209,1)
[142]: (135.3161010002032,1)
[143]: (136.8022098844196,1)
[144]: (132.1853144144039,1)
[145]: (134.6743344228578,1)
[146]: (130.1716990248576,1)
[147]: (130.1780526882916,1)
[148]: (137.22446340217,1)
[149]: (136.1781639760203,1)
[150]: (137.2326098230563,1)
[151]: (135.142201576611,1)
[152]: (135.2740404267721,1)
[153]: (137.4026925255992,1)
[154]: (135.2800792299451,1)
[155]: (135.4125025345041,1)
[156]: (133.0447015294346,1)
[157]: (136.4879358201557,1)
[158]: (130.408826006206,1)
[159]: (132.5912775049234,1)
[160]: (132.9101595749829,1)
[161]: (132.208188261925,1)
[162]: (135.1275561870294,1)
[163]: (132.52631047833,1)
[164]: (134.4151015405149,1)
[165]: (134.1959176076448,1)
[166]: (136.0766764039096,1)
[167]: (134.0215162384939,1)
[168]: (134.1110971687495,1)
[169]: (137.4671150663656,1)
[170]: (130.3892807559506,1)
[171]: (133.4247474722826,1)
[172]: (132.3231571718772,1)
[173]: (136.1419987891325,1)
[174]: (134.1378824694778,1)
[175]: (138.9831709770232,1)
[176]: (141.5784281223181,1)
[177]: (141.3391645589221,1)
[178]: (142.9337332527446,1)
[179]: (140.5494662940947,1)
[180]: (137.2710607262174,1)
[181]: (134.1136969145247,1)
[182]: (130.2454339238623,1)
[183]: (136.1406679256265,1)
[184]: (132.5661569682941,1)
[185]: (129.4095921094575,1)
[186]: (139.9877348138561,1)
[187]: (136.9653905592663,1)
[188]: (142.1246151322367,1)
[189]: (135.1958198737229,1)
[190]: (140.2228603913427,1)
[191]: (137.1926575404315,1)
[192]: (136.3051145281403,1)
[193]: (137.0922016142294,1)
[194]: (138.0371146326573,1)
[195]: (136.394438140813,1)
[196]: (132.3344518796086,1)
[197]: (134.0094789034661,1)
[198]: (139.2890908898553,1)
[199]: (131.6290339253788,1)
[200]: (135.032209942956,1)
[201]: (129.3766235120437,1)
[202]: (133.0000200579362,1)
[203]: (140.0167107642945,1)
[204]: (140.2875019112342,1)
[205]: (139.4427998144692,1)
[206]: (131.0573600435834,1)
[207]: (134.186787271839,1)
[208]: (135.0194522878274,1)
[209]: (135.0505208794676,1)
[210]: (131.4304535771937,1)
[211]: (133.0519091192575,1)
[212]: (131.4060081569037,1)
[213]: (135.2112159351426,1)
[214]: (132.1183239583923,1)
[215]: (134.0033367328522,1)
[216]: (131.0143031861399,1)
[217]: (137.1425478250748,1)
[218]: (136.2377369971196,1)
[219]: (133.1374458297119,1)
[220]: (139.5974845227313,1)
[221]: (134.6591710597037,1)
[222]: (132.0714545906653,1)
[223]: (131.5638848851288,1)
[224]: (131.0905792926252,1)
[225]: (135.5730057386857,1)
[226]: (129.0222931764497,1)
[227]: (133.8629951016532,1)
[228]: (139.2076563439904,1)
[229]: (131.3670648376944,1)
[230]: (136.1166808407396,1)
[231]: (130.5003270332078,1)
[232]: (136.0762198458982,1)
[233]: (135.9789482628934,1)
[234]: (135.2943179292557,1)
[235]: (133.3809645912808,1)
[236]: (132.1211242916666,1)
[237]: (131.050966170386,1)
[238]: (133.0436250824825,1)
[239]: (131.273766983632,1)
[240]: (131.2424802910784,1)
[241]: (133.1829541772009,1)
[242]: (137.6148642348557,1)
[243]: (137.2044949272824,1)
[244]: (129.5869228251559,1)
[245]: (136.4081275089136,1)
[246]: (136.478850500124,1)
[247]: (134.2995452925095,1)
[248]: (135.4281299710474,1)
[249]: (132.5031715306884,1)
[250]: (139.1842148611531,1)
[251]: (134.1890938419278,1)
[252]: (132.3607262127336,1)
[253]: (135.2932533833117,1)
[254]: (135.2034177862566,1)
[255]: (136.5937038815064,1)
[256]: (132.9770643137266,1)
[257]: (138.0338734724794,1)
[258]: (135.4285959080367,1)
[259]: (129.0612857791222,1)
[260]: (132.6240256692007,1)
[261]: (134.021910778381,1)
[262]: (136.1883491814107,1)
[263]: (136.4662797434507,1)
[264]: (142.0149924510553,1)
[265]: (137.3419327379536,1)
[266]: (135.1410612707485,1)
[267]: (129.7755183227759,1)
[268]: (138.393741598448,1)
[269]: (134.6605643818037,1)
[270]: (142.7310560754762,1)
[271]: (130.2014102052113,1)
[272]: (138.3343079704598,1)
[273]: (136.5354040357849,1)
[274]: (132.0437173708048,1)
[275]: (139.0530480012223,1)
[276]: (132.2344715982331,1)
[277]: (133.2245185153629,1)
[278]: (138.6893429225628,1)
[279]: (139.0270434364852,1)
[280]: (135.4179881783606,1)
[281]: (133.1134178655244,1)
[282]: (137.9273290101237,1)
[283]: (139.2377392933068,1)
[284]: (129.3502264936838,1)
[285]: (138.6609810324311,1)
[286]: (132.1269567597612,1)
[287]: (134.5096795598475,1)
[288]: (133.4180272867248,1)
[289]: (141.0156340585289,1)
[290]: (134.3503266271808,1)
[291]: (138.2065472493273,1)
[292]: (134.1457511948018,1)
[293]: (131.4643741837051,1)
[294]: (134.1093143309333,1)
[295]: (137.0369333197706,1)
[296]: (138.0178062762937,1)
[297]: (133.6639985068512,1)
[298]: (130.1515617756348,1)
[299]: (129.4204689649029,1)
[300]: (134.5898494986424,1)
[301]: (132.2010026013075,1)
[302]: (135.2888768939846,1)
[303]: (138.179038687077,1)
[304]: (135.1670479178676,1)
[305]: (133.2710738377879,1)
[306]: (134.658811076558,1)
[307]: (138.1447050973406,1)
[308]: (130.3078344862558,1)
[309]: (137.4924036839651,1)
[310]: (141.1114106675256,1)
[311]: (131.0892557355921,1)
[312]: (138.2926665649311,1)
[313]: (134.1351424735055,1)
[314]: (134.0368397180092,1)
[315]: (133.1834145415591,1)
[316]: (135.0940586889962,1)
[317]: (135.2408688959864,1)
[318]: (131.2146003621248,1)
[319]: (138.1868487431535,1)
[320]: (138.0881737112362,1)
[321]: (132.0563160748242,1)
[322]: (140.2997176302019,1)
[323]: (134.150701163331,1)
[324]: (138.2976861814665,1)
[325]: (131.3105960571104,1)
[326]: (132.2337237532699,1)
[327]: (138.701030073725,1)
[328]: (135.2521384142273,1)
[329]: (135.308025245527,1)
[330]: (132.0885557910787,1)
[331]: (135.1543663351703,1)
[332]: (138.6482899378281,1)
[333]: (137.9783213046507,1)
[334]: (141.0631576665723,1)
[335]: (139.1443077024724,1)
[336]: (130.1377237797952,1)
[337]: (133.1692440463561,1)
[338]: (131.5584175592283,1)
[339]: (134.4534170674491,1)
[340]: (133.0163462485846,1)
[341]: (131.5298376222457,1)
[342]: (130.2661567723685,1)
[343]: (137.0340604392528,1)
[344]: (135.1147459783788,1)
[345]: (130.3166146735889,1)
[346]: (132.8295617754486,1)
[347]: (133.0188791130699,1)
[348]: (137.0922414259722,1)
[349]: (139.7326325873097,1)
[350]: (133.7925790381716,1)
[351]: (133.3112474093453,1)
[352]: (136.311340162412,1)
[353]: (133.6086665207865,1)
[354]: (130.3514552298061,1)
[355]: (140.4368484527398,1)
[356]: (136.1639656507348,1)
[357]: (132.685882887663,1)
[358]: (133.4879636897799,1)
[359]: (140.6293828006859,1)
[360]: (136.1182978158321,1)
[361]: (133.5177268735263,1)
[362]: (142.1847477989322,1)
[363]: (143.7149874943551,1)
[364]: (131.370957196516,1)
[365]: (132.3530036550093,1)
[366]: (129.9554214821094,1)
[367]: (135.234507744009,1)
[368]: (135.4139354699776,1)
[369]: (137.1289410161442,1)
[370]: (141.5728673966975,1)
[371]: (137.5073664182913,1)
[372]: (132.5625377358353,1)
[373]: (140.2318932166231,1)
[374]: (135.0968162708109,1)
[375]: (137.077892668055,1)
[376]: (140.2015961486211,1)
[377]: (134.3035982829929,1)
[378]: (139.7331534249107,1)
[379]: (139.3216816567826,1)
[380]: (135.4227191143054,1)
[381]: (138.5772242098247,1)
[382]: (137.2777155187874,1)
[383]: (130.2305997657744,1)
[384]: (135.069526420349,1)
[385]: (132.6686893150527,1)
[386]: (138.1318089539351,1)
[387]: (134.601727530405,1)
[388]: (138.1014210948707,1)
[389]: (134.215789019865,1)
[390]: (137.4111220746998,1)
[391]: (133.3079635219983,1)
[392]: (138.0869422576196,1)
[393]: (139.2489256944042,1)
[394]: (136.1418836735836,1)
[395]: (135.2704113415398,1)
[396]: (136.7894340026133,1)
[397]: (133.4313680078818,1)
[398]: (133.1424479635519,1)
[399]: (132.3249653216373,1)
[400]: (133.0521207532322,1)
[401]: (136.5587395468281,1)
[402]: (130.1710534411012,1)
[403]: (137.6845740317799,1)
[404]: (131.1644561447146,1)
[405]: (138.2288533161022,1)
[406]: (130.0233823116155,1)
[407]: (133.0113239184423,1)
[408]: (130.261743700401,1)
[409]: (138.1977719511449,1)
[410]: (135.3538715847912,1)
[411]: (132.1854545917898,1)
[412]: (134.0694911184665,1)
[413]: (133.0005993231612,1)
[414]: (138.9209335811358,1)
[415]: (130.1405793593028,1)
[416]: (135.1797045745688,1)
[417]: (137.9815349844356,1)
[418]: (141.344782158994,1)
[419]: (134.2967135826273,1)
[420]: (135.6665047207371,1)
[421]: (140.2683271043587,1)
[422]: (136.1631695270912,1)
[423]: (139.0783690143799,1)
[424]: (133.9873521281937,1)
[425]: (131.6737122184942,1)
[426]: (135.0953295234938,1)
[427]: (129.8109276887846,1)
[428]: (131.9916105129223,1)
[429]: (135.5090076106551,1)
[430]: (138.1596990367204,1)
[431]: (135.1075804997198,1)
[432]: (131.0342278329238,1)
[433]: (140.0437971150604,1)
[434]: (134.6102764926003,1)
[435]: (135.1583803835363,1)
[436]: (137.4980314300768,1)
[437]: (138.085806893145,1)
[438]: (140.1597206131743,1)
[439]: (138.3175436470606,1)
[440]: (136.1226022261654,1)
[441]: (138.0805884421635,1)
[442]: (134.138749261648,1)
[443]: (136.0180391999909,1)
[444]: (137.7367260536266,1)
[445]: (135.2623957425203,1)
[446]: (135.0075198484091,1)
[447]: (139.2613627878316,1)
[448]: (131.4257142939707,1)
[449]: (136.0943049404443,1)
[450]: (134.4172979574087,1)
[451]: (133.1957578645444,1)
[452]: (134.0740919833343,1)
[453]: (139.3902929660811,1)
[454]: (136.2223567016127,1)
[455]: (132.7063921914067,1)
[456]: (141.8538919661042,1)
[457]: (133.7445014533838,1)
[458]: (133.1170142971631,1)
[459]: (137.6035373026336,1)
[460]: (130.5741128769193,1)
[461]: (135.4199242574383,1)
[462]: (133.0343874498987,1)
[463]: (132.0448885967973,1)
[464]: (135.5251925128179,1)
[465]: (135.107668234188,1)
[466]: (139.3504035392453,1)
[467]: (132.3450913847074,1)
[468]: (138.4416418058305,1)
[469]: (133.5115888163788,1)
[470]: (133.483775516493,1)
[471]: (134.1403033634191,1)
[472]: (132.0889017253151,1)
[473]: (136.4106720463449,1)
[474]: (135.5660414817085,1)
[475]: (135.4025041460773,1)
[476]: (132.5898778138627,1)
[477]: (136.2224908088542,1)
[478]: (133.1595415265596,1)
[479]: (140.1038741450349,1)
[480]: (133.2517847382235,1)
[481]: (135.1046386994594,1)
[482]: (137.1679154389529,1)
[483]: (132.2377929821981,1)
[484]: (138.0535921187108,1)
[485]: (132.1091612586362,1)
[486]: (131.0682696442324,1)
[487]: (135.3186738306981,1)
[488]: (138.1121593377729,1)
[489]: (137.0513597619958,1)
[490]: (133.3036570358163,1)
[491]: (132.9790136777115,1)
[492]: (132.8764617176878,1)
[493]: (137.1253453415501,1)
[494]: (132.6629311690817,1)
[495]: (131.3772430962648,1)
[496]: (138.0975833009132,1)
[497]: (136.1311675142446,1)
[498]: (136.1281567966449,1)
[499]: (131.1840418224763,1)
[500]: (141.5245468904663,1)
[501]: (130.7436847933381,1)
[502]: (137.1079087506263,1)
[503]: (130.0788035659378,1)
[504]: (139.3317330613476,1)
[505]: (133.1717565526035,1)
[506]: (135.3505052901214,1)
[507]: (134.114229822807,1)
[508]: (139.4400728097929,1)
[509]: (134.162958527555,1)
[510]: (137.6587902487043,1)
[511]: (134.1514242687825,1)
[512]: (132.1125745690457,1)
[513]: (133.6064541138378,1)
[514]: (133.0450358747364,1)
[515]: (137.1358092304925,1)
[516]: (132.0552733299499,1)
[517]: (132.7447772701447,1)
[518]: (130.4690025587032,1)
[519]: (137.2228013263044,1)
[520]: (136.1408758229276,1)
[521]: (142.1310415714574,1)
[522]: (137.9785109396527,1)
[523]: (132.2052840353761,1)
[524]: (134.6791943098688,1)
[525]: (138.0136238562047,1)
[526]: (135.1435811075891,1)
[527]: (131.2449410082693,1)
[528]: (136.3379314337428,1)
[529]: (134.0394675207845,1)
[530]: (136.8269704602092,1)
[531]: (131.7159403951155,1)
[532]: (134.6335455599825,1)
[533]: (138.4696846533954,1)
[534]: (135.2475051071112,1)
[535]: (135.0941580293783,1)
[536]: (132.1786210897232,1)
[537]: (130.0102155321534,1)
[538]: (134.5515381703897,1)
[539]: (132.1566435866033,1)
[540]: (130.5345114661244,1)
[541]: (130.4043234821868,1)
[542]: (135.22758447859,1)
[543]: (133.3319120263012,1)
[544]: (140.023067334378,1)
[545]: (136.0577624180619,1)
[546]: (136.6403615935279,1)
[547]: (135.1867348109346,1)
[548]: (137.8285775435705,1)
[549]: (136.6726111544988,1)
[550]: (136.118262952586,1)
[551]: (136.5432710092375,1)
[552]: (142.0195647653052,1)
[553]: (130.7139997603108,1)
[554]: (140.0247960170514,1)
[555]: (136.5306162986399,1)
[556]: (137.1760263621055,1)
[557]: (133.8636588318859,1)
[558]: (137.1482058890517,1)
[559]: (133.115655558129,1)
[560]: (136.6264943152918,1)
[561]: (143.2856903575985,1)
[562]: (137.3839066098119,1)
[563]: (132.0724538207115,1)
[564]: (136.0309485222216,1)
[565]: (136.2124792627758,1)
[566]: (137.5388525364877,1)
[567]: (128.8519384522111,1)
[568]: (134.2564922198492,1)
[569]: (134.5339911584545,1)
[570]: (140.3857296288529,1)
[571]: (136.120707424408,1)
[572]: (134.4329899166856,1)
[573]: (134.4007200549287,1)
[574]: (132.2947361190857,1)
[575]: (131.1355602004986,1)
[576]: (135.0055542634665,1)
[577]: (138.4206663725107,1)
[578]: (133.416762946076,1)
[579]: (138.0526015295017,1)
[580]: (135.1433446802077,1)
[581]: (141.2661612402118,1)
[582]: (135.0775487417203,1)
[583]: (137.1137927374053,1)
[584]: (130.8757627338496,1)
[585]: (137.3848968895505,1)
[586]: (134.3547454975286,1)
[587]: (134.0757378833149,1)
[588]: (130.1457130882666,1)
[589]: (140.4680422751665,1)
[590]: (138.6227083431404,1)
[591]: (132.1050239733929,1)
[592]: (130.1362923570723,1)
[593]: (137.2348856965851,1)
[594]: (131.8884685866645,1)
[595]: (133.2546525441502,1)
[596]: (129.5265933603818,1)
[597]: (138.9950065272523,1)
[598]: (138.8748811610469,1)
[599]: (140.1859395321846,1)
[600]: (138.2157881568964,1)
[601]: (138.2080713636327,1)
[602]: (130.300220018705,1)
[603]: (138.3897976506736,1)
[604]: (132.4222103480683,1)
[605]: (141.2854789726445,1)
[606]: (132.0053422574572,1)
[607]: (137.7060584709525,1)
[608]: (134.1896044796973,1)
[609]: (133.8083395298076,1)
[610]: (134.2210948866301,1)
[611]: (135.6246105040802,1)
[612]: (131.0320202398107,1)
[613]: (130.3349583508619,1)
[614]: (137.1171111780403,1)
[615]: (135.7036217821274,1)
[616]: (138.5297529772659,1)
[617]: (145.528117141811,1)
[618]: (131.2239328854947,1)
[619]: (135.1608256901939,1)
[620]: (137.2004089200942,1)
[621]: (138.0289341979034,1)
[622]: (139.0615838108574,1)
[623]: (136.9485341698756,1)
[624]: (136.2195714169116,1)
[625]: (130.3877069482351,1)
[626]: (135.7912136467958,1)
[627]: (139.174379250281,1)
[628]: (134.5840413930538,1)
[629]: (136.2391235018485,1)
[630]: (136.0889068151205,1)
[631]: (131.3505684596989,1)
[632]: (132.5354649125915,1)
[633]: (131.2277729025224,1)
[634]: (133.7025341759959,1)
[635]: (140.9312023266423,1)
[636]: (133.4375838184853,1)
[637]: (141.5737401775136,1)
[638]: (132.1577052101006,1)
[639]: (130.4965442483853,1)
[640]: (129.3203919320291,1)
[641]: (132.1863663224604,1)
[642]: (135.0056675316137,1)
[643]: (135.015253746297,1)
[644]: (140.6603260035446,1)
[645]: (133.0688243536446,1)
[646]: (132.2745737025838,1)
[647]: (130.1157616043718,1)
[648]: (140.482055546842,1)
[649]: (140.2799901065432,1)
[650]: (135.819463642083,1)
[651]: (131.2428398924046,1)
[652]: (140.4180989944725,1)
[653]: (129.0121434586079,1)
[654]: (130.1433141411427,1)
[655]: (140.0644477123153,1)
[656]: (135.9159838539248,1)
[657]: (131.4300314242647,1)
[658]: (139.3978270958741,1)
[659]: (136.0350075824655,1)
[660]: (138.0667057142251,1)
[661]: (133.0037624708183,1)
[662]: (134.5481541094579,1)
[663]: (136.1239329864885,1)
[664]: (136.4558325734442,1)
[665]: (145.5040049865444,1)
[666]: (136.8892217623196,1)
[667]: (138.0451179793918,1)
[668]: (130.5026090321855,1)
[669]: (134.3162575592064,1)
[670]: (136.0545063643144,1)
[671]: (137.5290219714103,1)
[672]: (136.320130615536,1)
[673]: (133.1739355852016,1)
[674]: (130.1449634905603,1)
[675]: (133.4253653644546,1)
[676]: (137.0897518919641,1)
[677]: (137.412266203608,1)
[678]: (136.5612801608921,1)
[679]: (128.899258523495,1)
[680]: (136.4608641332323,1)
[681]: (131.0826323070282,1)
[682]: (138.114159996598,1)
[683]: (133.1658631006368,1)
[684]: (133.4519511123875,1)
[685]: (136.2668834577115,1)
[686]: (137.5441972324672,1)
[687]: (137.3817044056336,1)
[688]: (133.3217069981775,1)
[689]: (138.0720575430212,1)
[690]: (133.5936568824166,1)
[691]: (138.1400535608295,1)
[692]: (137.3618615189774,1)
[693]: (132.1347454770172,1)
[694]: (133.6719398149062,1)
[695]: (130.0607147317081,1)
[696]: (142.308721978816,1)
[697]: (129.3324293155234,1)
[698]: (138.4137496591025,1)
[699]: (138.1234467826967,1)
[700]: (133.0548186172872,1)
[701]: (135.7456611564084,1)
[702]: (137.0287382339219,1)
[703]: (139.0185962265064,1)
[704]: (133.1068455628113,1)
[705]: (134.2237414197337,1)
[706]: (137.012814560411,1)
[707]: (133.0304734259271,1)
[708]: (139.2569500293124,1)
[709]: (135.2276360141759,1)
[710]: (133.5531773029919,1)
[711]: (133.2603238385548,1)
[712]: (134.4921071898945,1)
[713]: (137.5738244732168,1)
[714]: (133.7241550732965,1)
[715]: (130.2580635341671,1)
[716]: (133.4748027192886,1)
[717]: (131.1847998949393,1)
[718]: (142.390014927682,1)
[719]: (138.3433629614483,1)
[720]: (130.1443265074729,1)
[721]: (137.0794876794742,1)
[722]: (133.166349721827,1)
[723]: (141.6676036293925,1)
[724]: (132.3119770440946,1)
[725]: (135.0080445077342,1)
[726]: (141.1477003289551,1)
[727]: (133.3348203773861,1)
[728]: (132.4015806601047,1)
[729]: (137.8653278595565,1)
[730]: (140.5102659661248,1)
[731]: (137.9333909547786,1)
[732]: (132.4050256319557,1)
[733]: (132.0199534900405,1)
[734]: (132.1242130708653,1)
[735]: (132.5551393062582,1)
[736]: (139.1336520601494,1)
[737]: (141.2071684948556,1)
[738]: (132.349864282261,1)
[739]: (135.0523506995562,1)
[740]: (133.1364658515537,1)
[741]: (131.4913691778516,1)
[742]: (138.0609160535781,1)
[743]: (130.1948031990479,1)
[744]: (132.1464864499654,1)
[745]: (130.1831341279864,1)
[746]: (132.6450329727899,1)
[747]: (137.1727719897409,1)
[748]: (135.163564071997,1)
[749]: (134.0009812669083,1)
[750]: (135.037089477137,1)
[751]: (137.3255794997484,1)
[752]: (139.1659069396967,1)
[753]: (141.2750510734919,1)
[754]: (136.2056916906051,1)
[755]: (130.8737222767402,1)
[756]: (135.1606223839797,1)
[757]: (133.1896578258077,1)
[758]: (142.4173182432793,1)
[759]: (140.0396374375412,1)
[760]: (135.8740217191583,1)
[761]: (130.0012133886411,1)
[762]: (137.0723508020341,1)
[763]: (141.1841774541123,1)
[764]: (134.1598739619074,1)
[765]: (136.9059064247731,1)
[766]: (138.2757393350976,1)
[767]: (136.2836759619312,1)
[768]: (136.7056830314616,1)
[769]: (133.7132065781938,1)
[770]: (135.1586492552253,1)
[771]: (132.8338533017237,1)
[772]: (135.0867652519125,1)
[773]: (135.9428997920267,1)
[774]: (137.874460255784,1)
[775]: (137.1087247172294,1)
[776]: (129.4337873127657,1)
[777]: (136.3637235823122,1)
[778]: (134.1282563747268,1)
[779]: (130.7912301560821,1)
[780]: (135.1816843665105,1)
[781]: (129.3810029153903,1)
[782]: (137.045342619674,1)
[783]: (135.213196325397,1)
[784]: (136.6193822631608,1)
[785]: (138.1067938092852,1)
[786]: (137.5750787640627,1)
[787]: (135.2965782473482,1)
[788]: (130.0291807259866,1)
[789]: (139.2062653791143,1)
[790]: (134.2218504946461,1)
[791]: (133.7604645704582,1)
[792]: (135.5806462542977,1)
[793]: (132.4253397374319,1)
[794]: (141.2049600767558,1)
[795]: (134.188844817399,1)
[796]: (135.849425750784,1)
[797]: (133.3132342919222,1)
[798]: (136.324030456766,1)
[799]: (140.7377499110765,1)
[800]: (139.1446234694485,1)
[801]: (135.1834987011148,1)
[802]: (131.7870102191775,1)
[803]: (136.1553589438212,1)
[804]: (138.0632040190915,1)
[805]: (133.4422485055557,1)
[806]: (140.1716121943711,1)
[807]: (134.0257888177168,1)
[808]: (139.0266817778042,1)
[809]: (137.3451324608975,1)
[810]: (135.501568624709,1)
[811]: (132.0376263728319,1)
[812]: (132.3950457515096,1)
[813]: (135.0149863377085,1)
[814]: (137.2001838416073,1)
[815]: (133.1095498794197,1)
[816]: (138.1164367945264,1)
[817]: (142.1180559550368,1)
[818]: (137.5267321470544,1)
[819]: (133.134558018639,1)
[820]: (136.1322674988748,1)
[821]: (131.6143643219778,1)
[822]: (136.4754036692061,1)
[823]: (138.4344621518856,1)
[824]: (134.1999293130088,1)
[825]: (133.0540003199117,1)
[826]: (129.46068655185,1)
[827]: (135.1079540647579,1)
[828]: (136.9767471184138,1)
[829]: (133.2386260321358,1)
[830]: (140.1524295936687,1)
[831]: (137.5184607006759,1)
[832]: (141.332580725701,1)
[833]: (137.7175167042285,1)
[834]: (132.3644160804652,1)
[835]: (132.0184315383097,1)
[836]: (139.5383558331972,1)
[837]: (142.2471594144285,1)
[838]: (137.0131531985277,1)
[839]: (138.1716819489667,1)
[840]: (136.1081921695709,1)
[841]: (130.1835789321143,1)
[842]: (133.103309999999,1)
[843]: (134.3128501550663,1)
[844]: (132.1499368826232,1)
[845]: (138.3036977441525,1)
[846]: (135.3854353882459,1)
[847]: (135.25364985061,1)
[848]: (134.2252297976684,1)
[849]: (137.2584978510354,1)
[850]: (129.0562224196631,1)
[851]: (139.7840859952243,1)
[852]: (135.340147110117,1)
[853]: (141.2089651980154,1)
[854]: (133.4684978243618,1)
[855]: (136.2827430419495,1)
[856]: (144.4208273317641,1)
[857]: (135.1652699157033,1)
[858]: (136.5424845104567,1)
[859]: (130.4494514339051,1)
[860]: (138.4591114600031,1)
[861]: (129.1832183420981,1)
[862]: (136.5213183273895,1)
[863]: (131.5866644423446,1)
[864]: (138.1787076349344,1)
[865]: (138.4811792622682,1)
[866]: (132.1142777455826,1)
[867]: (135.1015707587835,1)
[868]: (133.1693712765922,1)
[869]: (140.211064536636,1)
[870]: (133.5647017450772,1)
[871]: (132.8191035990513,1)
[872]: (137.6167944030985,1)
[873]: (135.4452008485563,1)
[874]: (134.0620916642195,1)
[875]: (142.6872833782488,1)
[876]: (133.5925763667787,1)
[877]: (136.7731002411987,1)
[878]: (142.2409224427541,1)
[879]: (129.1587674267765,1)
[880]: (135.0949256071692,1)
[881]: (135.4822933739681,1)
[882]: (138.1903299740736,1)
[883]: (133.2890948338718,1)
[884]: (135.29377104176,1)
[885]: (138.9301827175285,1)
[886]: (129.1439640013861,1)
[887]: (138.0458016424788,1)
[888]: (140.015577540613,1)
[889]: (136.5463898067493,1)
[890]: (138.0116422645593,1)
[891]: (135.068338931565,1)
[892]: (133.3481777601212,1)
[893]: (136.1785174061201,1)
[894]: (134.1232179147736,1)
[895]: (134.3434528815404,1)
[896]: (131.1899873750593,1)
[897]: (129.994619844397,1)
[898]: (131.892682269678,1)
[899]: (128.5940658061558,1)
[900]: (136.34994070303,1)
[901]: (133.1989486266361,1)
[902]: (136.1274196345218,1)
[903]: (137.7174447869012,1)
[904]: (134.0657087645434,1)
[905]: (136.4943522305006,1)
[906]: (139.1100140281795,1)
[907]: (130.2074955845558,1)
[908]: (142.6260205244311,1)
[909]: (134.1154242405964,1)
[910]: (130.0349744548144,1)
[911]: (130.0354356498748,1)
[912]: (132.3574612800577,1)
[913]: (141.5470054525934,1)
[914]: (135.474149535299,1)
[915]: (137.669398593057,1)
[916]: (133.152419657978,1)
[917]: (139.3611494655441,1)
[918]: (132.025942125526,1)
[919]: (134.3467421504999,1)
[920]: (141.0132813485826,1)
[921]: (134.0531097656471,1)
[922]: (136.155407980961,1)
[923]: (133.1028631485191,1)
[924]: (146.8525863554332,1)
[925]: (129.0261496296915,1)
[926]: (133.4211149628366,1)
[927]: (131.0645948210394,1)
[928]: (134.1559761099051,1)
[929]: (133.2705193014073,1)
[930]: (132.7203657625693,1)
[931]: (131.2969488546747,1)
[932]: (133.217804251723,1)
[933]: (140.0752170807908,1)
[934]: (136.3532263557335,1)
[935]: (131.5780578814726,1)
[936]: (132.2084537577315,1)
[937]: (135.3831279184901,1)
[938]: (140.7911095550044,1)
[939]: (135.8388750543708,1)
[940]: (137.1427499839266,1)
[941]: (138.2837163394414,1)
[942]: (133.1288168908156,1)
[943]: (131.9416525008549,1)
[944]: (130.2786696710319,1)
[945]: (133.0405267807319,1)
[946]: (130.2988250747093,1)
[947]: (132.0966510092284,1)
[948]: (132.6039136989417,1)
[949]: (134.2808837317812,1)
[950]: (136.8195555257559,1)
[951]: (137.4346472047609,1)
[952]: (131.0424389910414,1)
[953]: (133.940352447293,1)
[954]: (129.7990474985431,1)
[955]: (137.0241874084234,1)
[956]: (130.1555293500884,1)
[957]: (132.2533026273915,1)
[958]: (137.2319524419556,1)
[959]: (131.0557737779213,1)
[960]: (139.6102684202092,1)
[961]: (135.1569169877087,1)
[962]: (137.9452296848153,1)
[963]: (137.4666630300927,1)
[964]: (133.7883448161445,1)
[965]: (135.0583438181647,1)
[966]: (137.9110804387417,1)
[967]: (137.137523590024,1)
[968]: (135.1593115611595,1)
[969]: (131.4929116431416,1)
[970]: (139.3584645363949,1)
[971]: (129.2827948829415,1)
[972]: (137.1272564666384,1)
[973]: (136.3765033879723,1)
[974]: (135.0279584586824,1)
[975]: (134.9746008650338,1)
[976]: (148.0311759108504,1)
[977]: (139.1672741062455,1)
[978]: (133.0896330984091,1)
[979]: (137.0675075303377,1)
[980]: (136.0378758022411,1)
[981]: (135.0690854639883,1)
[982]: (135.1902451475942,1)
[983]: (145.6009734601459,1)
[984]: (136.0813948536654,1)
[985]: (133.1727406180212,1)
[986]: (132.0499740942968,1)
[987]: (135.1525406318109,1)
[988]: (136.5760473458128,1)
[989]: (135.0542781854671,1)
[990]: (132.0791272310313,1)
[991]: (135.3345528511507,1)
[992]: (131.0714734757665,1)
[993]: (132.2099906088827,1)
[994]: (138.3971166778073,1)
[995]: (137.0940665619084,1)
[996]: (140.0343389295743,1)
[997]: (129.3051910998146,1)
[998]: (138.2361721699326,1)
[999]: (136.3909530730307,1)
[1000]: (137.0139411722654,1)
[1001]: (135.4345770913247,1)
[1002]: (135.7254838439548,1)
[1003]: (135.4878142747371,1)
[1004]: (138.3221505535511,1)
[1005]: (133.2949256508755,1)
[1006]: (135.9026403484146,1)
[1007]: (132.053516573953,1)
[1008]: (131.1364192859398,1)
[1009]: (141.1420354150204,1)
[1010]: (135.1103223642849,1)
[1011]: (133.1345932708156,1)
[1012]: (137.236437000777,1)
[1013]: (138.1057194256819,1)
[1014]: (136.1414930924163,1)
[1015]: (138.9475582747521,1)
[1016]: (133.3451424248618,1)
[1017]: (135.4116315428853,1)
[1018]: (134.0598212377973,1)
[1019]: (132.2197840194434,1)
[1020]: (135.1563537314979,1)
[1021]: (133.5468276323225,1)
[1022]: (134.000175030821,1)
[1023]: (136.0402291374709,1)
[1024]: (133.3051077590676,1)
[1025]: (130.5240051849392,1)
[1026]: (134.3899807475495,1)
[1027]: (130.2762811595998,1)
[1028]: (138.0720400542903,1)
[1029]: (145.1917936035296,1)
[1030]: (137.5437922375659,1)
[1031]: (138.9914536869488,1)
[1032]: (138.3122316017704,1)
[1033]: (135.0825098276886,1)
[1034]: (128.4712929380573,1)
[1035]: (136.0071258707164,1)
[1036]: (141.180115684265,1)
[1037]: (133.2700598460478,1)
[1038]: (134.3529405148842,1)
[1039]: (132.1688378544391,1)
[1040]: (138.0316175181007,1)
[1041]: (137.1305071010559,1)
[1042]: (135.3301962515306,1)
[1043]: (142.4119804493035,1)
[1044]: (133.1392592406082,1)
[1045]: (135.4085048456561,1)
[1046]: (136.0650023575062,1)
[1047]: (133.4637530987265,1)
[1048]: (138.5748335273429,1)
[1049]: (135.6941096486955,1)
[1050]: (136.9183133518542,1)
[1051]: (140.2638080492508,1)
[1052]: (137.5723954726175,1)
[1053]: (137.2112109389076,1)
[1054]: (134.3384587247861,1)
[1055]: (139.171697472137,1)
[1056]: (130.3548998807863,1)
[1057]: (140.8540262630477,1)
[1058]: (139.475639827023,1)
[1059]: (134.1039555285607,1)
[1060]: (134.0118847711756,1)
[1061]: (139.512670635409,1)
[1062]: (135.6752200024386,1)
[1063]: (131.2959079125535,1)
[1064]: (135.4305773293845,1)
[1065]: (132.0178729254677,1)
[1066]: (137.1272081077511,1)
[1067]: (133.6493872100876,1)
[1068]: (132.4750998790243,1)
[1069]: (134.1727585104881,1)
[1070]: (132.266098462632,1)
[1071]: (142.2839816769115,1)
[1072]: (139.1916079579549,1)
[1073]: (141.2357401811994,1)
[1074]: (136.2630595218224,1)
[1075]: (133.0976505624185,1)
[1076]: (141.188113354959,1)
[1077]: (132.2945557005502,1)
[1078]: (138.2778414873213,1)
[1079]: (137.2938290466219,1)
[1080]: (137.1189056101335,1)
[1081]: (131.2531050259564,1)
[1082]: (134.7371975925215,1)
[1083]: (129.526382723944,1)
[1084]: (142.1409616344374,1)
[1085]: (133.4046038761212,1)
[1086]: (133.3049381120682,1)
[1087]: (133.4032601312011,1)
[1088]: (136.1336963137401,1)
[1089]: (135.1490310966415,1)
[1090]: (136.0709921600612,1)
[1091]: (133.1784401169961,1)
[1092]: (129.1207761815141,1)
[1093]: (133.2445539351414,1)
[1094]: (132.202667458642,1)
[1095]: (135.4248693995482,1)
[1096]: (134.0000656312771,1)
[1097]: (132.7647928717475,1)
[1098]: (130.2473519663709,1)
[1099]: (133.6026884937672,1)
[1100]: (136.1640255881785,1)
[1101]: (135.1938934499053,1)
[1102]: (135.1199731387674,1)
[1103]: (135.3498978154761,1)
[1104]: (136.2700567615615,1)
[1105]: (134.0033302768612,1)
[1106]: (133.4487016533515,1)
[1107]: (135.0787627499982,1)
[1108]: (138.7482563864958,1)
[1109]: (133.0373056391685,1)
[1110]: (141.3564465404461,1)
[1111]: (134.2569974040604,1)
[1112]: (139.4629485634713,1)
[1113]: (129.1883130560433,1)
[1114]: (134.049396890859,1)
[1115]: (135.6039251161731,1)
[1116]: (131.7653804159824,1)
[1117]: (137.6774164974753,1)
[1118]: (133.1461808009984,1)
[1119]: (134.308658052985,1)
[1120]: (129.0499051065446,1)
[1121]: (132.6956023999836,1)
[1122]: (139.1602029594317,1)
[1123]: (137.0060041171685,1)
[1124]: (134.7994693812365,1)
[1125]: (130.4488333765502,1)
[1126]: (133.8223785861167,1)
[1127]: (137.4795417227477,1)
[1128]: (137.3696266504639,1)
[1129]: (134.7401491952609,1)
[1130]: (136.3009939689373,1)
[1131]: (138.0753017549185,1)
[1132]: (140.6342381204823,1)
[1133]: (137.0276548362197,1)
[1134]: (134.1028812601782,1)
[1135]: (134.7281800323486,1)
[1136]: (129.4882781386939,1)
[1137]: (134.2443559606581,1)
[1138]: (133.0598739298565,1)
[1139]: (131.0101060986245,1)
[1140]: (140.2739944977711,1)
[1141]: (130.8825557678217,1)
[1142]: (134.0081715390656,1)
[1143]: (131.6847248265198,1)
[1144]: (134.4861724156485,1)
[1145]: (140.5191526973858,1)
[1146]: (134.0493401901342,1)
[1147]: (140.3084027395216,1)
[1148]: (138.0960001757485,1)
[1149]: (137.3579625542102,1)
[1150]: (133.2833444173159,1)
[1151]: (130.7526094777143,1)
[1152]: (137.0619595780313,1)
[1153]: (131.009713067607,1)
[1154]: (132.0475164925117,1)
[1155]: (138.4819041867782,1)
[1156]: (138.4024153309809,1)
[1157]: (129.1354087944955,1)
[1158]: (139.5848332616951,1)
[1159]: (130.5249719688511,1)
[1160]: (140.1483360163758,1)
[1161]: (136.1852758324772,1)
[1162]: (140.0981187155816,1)
[1163]: (134.1001825313638,1)
[1164]: (138.1620136084406,1)
[1165]: (139.1377285750388,1)
[1166]: (130.1567480614421,1)
[1167]: (137.6607539434463,1)
[1168]: (136.0397610119008,1)
[1169]: (134.0242757452724,1)
[1170]: (141.6932324453288,1)
[1171]: (139.2392368491411,1)
[1172]: (133.3875293451805,1)
[1173]: (132.6610302715975,1)
[1174]: (144.4029368623979,1)
[1175]: (137.0302118872968,1)
[1176]: (135.1812311423699,1)
[1177]: (130.0388397652257,1)
[1178]: (134.7084134713785,1)
[1179]: (144.0657532421015,1)
[1180]: (130.1924420730861,1)
[1181]: (137.1627612679509,1)
[1182]: (129.0097509678254,1)
[1183]: (132.2723637051727,1)
[1184]: (139.4134395615276,1)
[1185]: (134.5184799796047,1)
[1186]: (138.0537502047898,1)
[1187]: (138.2036319813096,1)
[1188]: (135.9021464672512,1)
[1189]: (134.2525693667396,1)
[1190]: (130.2254243187783,1)
[1191]: (135.7299165169007,1)
[1192]: (137.2060470093113,1)
[1193]: (132.2726890578457,1)
[1194]: (135.0113373894277,1)
[1195]: (136.1300237264643,1)
[1196]: (134.5604697937461,1)
[1197]: (138.5733730486291,1)
[1198]: (135.6742284335909,1)
[1199]: (134.1340438562108,1)
[1200]: (137.3346140479457,1)
[1201]: (138.2433080704199,1)
[1202]: (131.6336537954589,1)
[1203]: (134.3221482628358,1)
[1204]: (137.4049752654117,1)
[1205]: (140.5429447622824,1)
[1206]: (136.1475742147736,1)
[1207]: (132.0871315830736,1)
[1208]: (136.1798927467071,1)
[1209]: (141.4023071143634,1)
[1210]: (136.3795137247653,1)
[1211]: (134.7776165257174,1)
[1212]: (137.1133052309574,1)
[1213]: (132.1798238829798,1)
[1214]: (136.3911401727208,1)
[1215]: (129.3669688670753,1)
[1216]: (133.2805497541818,1)
[1217]: (135.0596926764425,1)
[1218]: (131.051327232436,1)
[1219]: (143.0779472538683,1)
[1220]: (134.3908423260813,1)
[1221]: (130.4843554958893,1)
[1222]: (128.350781850709,1)
[1223]: (132.8506207484926,1)
[1224]: (132.1797572672004,1)
[1225]: (132.0430269249073,1)
[1226]: (132.6604357172078,1)
[1227]: (135.3669442159027,1)
[1228]: (140.1139552605719,1)
[1229]: (134.0451966846381,1)
[1230]: (139.0203516981747,1)
[1231]: (139.0523357529535,1)
[1232]: (139.5653060495484,1)
[1233]: (135.6128302071127,1)
[1234]: (134.0245517824253,1)
[1235]: (140.2359023624532,1)
[1236]: (133.322408575308,1)
[1237]: (131.0745204992406,1)
[1238]: (131.5909694209131,1)
[1239]: (132.8722088580194,1)
[1240]: (144.0871979115762,1)
[1241]: (136.0070600018534,1)
[1242]: (131.0364716396785,1)
[1243]: (140.1895858848473,1)
[1244]: (131.2825616413335,1)
[1245]: (131.2233312008695,1)
[1246]: (140.9562542778763,1)
[1247]: (141.0841901885185,1)
[1248]: (136.525042944273,1)
[1249]: (131.5692661861453,1)
[1250]: (135.3032126763532,1)
[1251]: (132.2240423333587,1)
[1252]: (134.122629966714,1)
[1253]: (134.2335499210257,1)
[1254]: (137.286371225803,1)
[1255]: (133.0881122243546,1)
[1256]: (134.3950564176389,1)
[1257]: (136.4708979874796,1)
[1258]: (130.1089896632117,1)
[1259]: (134.1528979450433,1)
[1260]: (137.9113034519237,1)
[1261]: (137.2023312916267,1)
[1262]: (137.2395577204801,1)
[1263]: (134.0760594816862,1)
[1264]: (137.0230309030414,1)
[1265]: (133.8881498132991,1)
[1266]: (135.5757677194645,1)
[1267]: (133.5946799668473,1)
[1268]: (139.1324109970733,1)
[1269]: (140.2060890452663,1)
[1270]: (130.089197759497,1)
[1271]: (136.1181082201292,1)
[1272]: (135.4795220291191,1)
[1273]: (135.3272352018187,1)
[1274]: (130.223294011817,1)
[1275]: (135.2926337236088,1)
[1276]: (139.3535458466866,1)
[1277]: (135.0522739863111,1)
[1278]: (135.1138192396166,1)
[1279]: (130.0945856032339,1)
[1280]: (132.9145412351725,1)
[1281]: (130.4630272970092,1)
[1282]: (136.3607431657865,1)
[1283]: (133.075457850441,1)
[1284]: (130.0845596014385,1)
[1285]: (134.0805507926633,1)
[1286]: (130.2097842488008,1)
[1287]: (133.26726188502,1)
[1288]: (131.0634210503725,1)
[1289]: (131.0598774231933,1)
[1290]: (136.5478801702314,1)
[1291]: (134.0069936292501,1)
[1292]: (132.0647918039999,1)
[1293]: (134.389833234775,1)
[1294]: (135.2981963056766,1)
[1295]: (137.3637116684379,1)
[1296]: (139.4028099672454,1)
[1297]: (128.6658548231431,1)
[1298]: (136.5168459411592,1)
[1299]: (137.1474928745509,1)
[1300]: (135.0134381136169,1)
[1301]: (137.3704767321738,1)
[1302]: (142.0698735382365,1)
[1303]: (134.3453411968536,1)
[1304]: (128.2725852149506,1)
[1305]: (137.6147086034382,1)
[1306]: (144.2814529577216,1)
[1307]: (131.5519221267389,1)
[1308]: (134.5857652779934,1)
[1309]: (136.171481551723,1)
[1310]: (136.075760914318,1)
[1311]: (133.0750442456475,1)
[1312]: (133.9930797508797,1)
[1313]: (133.0585741539863,1)
[1314]: (133.4178830588316,1)
[1315]: (133.7503229365078,1)
[1316]: (134.0932623674551,1)
[1317]: (133.0801718412221,1)
[1318]: (136.0784145999393,1)
[1319]: (137.1168849929419,1)
[1320]: (131.2916725839529,1)
[1321]: (139.0368166354887,1)
[1322]: (133.1101181100382,1)
[1323]: (136.2536875519157,1)
[1324]: (137.1283499706925,1)
[1325]: (140.1121859453248,1)
[1326]: (131.1323069143229,1)
[1327]: (139.4698051671161,1)
[1328]: (137.298188446276,1)
[1329]: (139.7324246512653,1)
[1330]: (140.3395268528311,1)
[1331]: (137.4945684245814,1)
[1332]: (131.3742534938647,1)
[1333]: (132.3177971608087,1)
[1334]: (138.5331191367151,1)
[1335]: (140.9108093693063,1)
[1336]: (134.2667252422717,1)
[1337]: (136.5157763251767,1)
[1338]: (132.5385324262582,1)
[1339]: (138.3934538180715,1)
[1340]: (133.1202398865681,1)
[1341]: (133.2050819648597,1)
[1342]: (131.5299662080476,1)
[1343]: (133.4289942851508,1)
[1344]: (146.8242058248297,1)
[1345]: (138.0024239988119,1)
[1346]: (137.4854315217854,1)
[1347]: (132.5791805934956,1)
[1348]: (137.1105004622333,1)
[1349]: (131.4935610798305,1)
[1350]: (129.1286612893032,1)
[1351]: (141.2244570420275,1)
[1352]: (133.33692717568,1)
[1353]: (134.0929224659937,1)
[1354]: (138.6983825251023,1)
[1355]: (129.3655681746545,1)
[1356]: (130.0422529031708,1)
[1357]: (144.2741359587015,1)
[1358]: (141.63066347355,1)
[1359]: (135.0595117798567,1)
[1360]: (135.0548328629262,1)
[1361]: (137.6417537350019,1)
[1362]: (138.6761884992634,1)
[1363]: (138.811520910292,1)
[1364]: (135.1529049752219,1)
[1365]: (133.2385334122148,1)
[1366]: (130.2823035027456,1)
[1367]: (134.4405397582211,1)
[1368]: (142.3292553623206,1)
[1369]: (133.0139332556122,1)
[1370]: (133.016448872812,1)
[1371]: (137.9894527748679,1)
[1372]: (140.2219557708544,1)
[1373]: (131.3719496770873,1)
[1374]: (142.5694796980022,1)
[1375]: (135.2535810624189,1)
[1376]: (129.8825773124094,1)
[1377]: (135.4538601257341,1)
[1378]: (135.1454107665728,1)
[1379]: (139.415136743958,1)
[1380]: (133.0146700286788,1)
[1381]: (136.1727581106778,1)
[1382]: (132.141744973647,1)
[1383]: (142.2405523199924,1)
[1384]: (129.3586927716133,1)
[1385]: (136.5222240539732,1)
[1386]: (133.0161617540551,1)
[1387]: (137.2970577595824,1)
[1388]: (138.0798069877386,1)
[1389]: (140.223620824889,1)
[1390]: (136.0280659769286,1)
[1391]: (129.2810157247626,1)
[1392]: (136.2982500724102,1)
[1393]: (142.2083814816831,1)
[1394]: (135.0405756734589,1)
[1395]: (143.8169337022344,1)
[1396]: (133.0081793521601,1)
[1397]: (134.0688523686583,1)
[1398]: (130.2171030134481,1)
[1399]: (129.9544468567099,1)
[1400]: (132.826057688386,1)
[1401]: (140.5260972159396,1)
[1402]: (132.4564031583889,1)
[1403]: (141.15558598356,1)
[1404]: (132.5917906088912,1)
[1405]: (137.2093881023868,1)
[1406]: (140.6239282095245,1)
[1407]: (133.5775903077184,1)
[1408]: (143.0903245784008,1)
[1409]: (134.4557578649658,1)
[1410]: (133.1583274457539,1)
[1411]: (131.1403624769314,1)
[1412]: (139.2845560399626,1)
[1413]: (129.0575403352001,1)
[1414]: (137.2166990286446,1)
[1415]: (131.044996403073,1)
[1416]: (136.7698417800996,1)
[1417]: (134.0264857577298,1)
[1418]: (139.6538022193546,1)
[1419]: (136.2747832336844,1)
[1420]: (133.8502387401368,1)
[1421]: (136.5752866636131,1)
[1422]: (137.2792533572475,1)
[1423]: (129.0865546868453,1)
[1424]: (132.0297790482233,1)
[1425]: (135.0115554135956,1)
[1426]: (138.014079259416,1)
[1427]: (132.0325941391402,1)
[1428]: (139.3979083086339,1)
[1429]: (131.4223310247404,1)
[1430]: (141.2866925322463,1)
[1431]: (134.3178476368592,1)
[1432]: (134.057584853721,1)
[1433]: (129.157488494404,1)
[1434]: (142.7718286661458,1)
[1435]: (139.1955811255066,1)
[1436]: (132.1780278419927,1)
[1437]: (137.157860789432,1)
[1438]: (131.0588100230678,1)
[1439]: (136.0401255306664,1)
[1440]: (135.0123399595335,1)
[1441]: (130.0666903106708,1)
[1442]: (138.1307568054897,1)
[1443]: (138.1428809408803,1)
[1444]: (132.3303318321738,1)
[1445]: (131.4997762383342,1)
[1446]: (137.6291784868986,1)
[1447]: (136.033725761352,1)
[1448]: (138.6023938719909,1)
[1449]: (137.5402149224929,1)
[1450]: (137.3655835174426,1)
[1451]: (136.0594504499402,1)
[1452]: (139.0385610625192,1)
[1453]: (136.7107539043935,1)
[1454]: (129.0144988673375,1)
[1455]: (134.1405202573781,1)
[1456]: (136.1156154862194,1)
[1457]: (132.8139630614441,1)
[1458]: (138.0949217817046,1)
[1459]: (140.3958821756092,1)
[1460]: (138.080351510871,1)
[1461]: (138.0651802332802,1)
[1462]: (135.2543344696624,1)
[1463]: (135.6444815084062,1)
[1464]: (132.6829754751074,1)
[1465]: (137.0807773538706,1)
[1466]: (131.1816488298989,1)
[1467]: (140.2359786665734,1)
[1468]: (133.2241911568661,1)
[1469]: (131.8366688160528,1)
[1470]: (131.979881979771,1)
[1471]: (136.1075806236076,1)
[1472]: (134.0691854253905,1)
[1473]: (133.6373011002616,1)
[1474]: (133.1828001978301,1)
[1475]: (135.6926339402409,1)
[1476]: (136.0361674949855,1)
[1477]: (144.0568877826396,1)
[1478]: (139.9886722247533,1)
[1479]: (131.3909973235497,1)
[1480]: (134.4822345355979,1)
[1481]: (130.2503434100724,1)
[1482]: (138.4072343420577,1)
[1483]: (136.3060308624388,1)
[1484]: (141.2726481226308,1)
[1485]: (139.2635277456602,1)
[1486]: (134.514191123865,1)
[1487]: (133.1353210277162,1)
[1488]: (131.8550759404148,1)
[1489]: (129.6189361226731,1)
[1490]: (133.8573623689547,1)
[1491]: (137.5422818397643,1)
[1492]: (133.2517890401614,1)
[1493]: (136.6796533954905,1)
[1494]: (137.1997092248299,1)
[1495]: (132.2056144237794,1)
[1496]: (133.4240151816539,1)
[1497]: (135.4390078438113,1)
[1498]: (136.1846360749224,1)
[1499]: (131.1993290689149,1)
[1500]: (134.0297652985088,1)
[1501]: (138.6138560994289,1)
[1502]: (129.320024542682,1)
[1503]: (135.2547360499587,1)
[1504]: (132.2478468429512,1)
[1505]: (137.3222304245544,1)
[1506]: (130.2249790082505,1)
[1507]: (137.3061966455957,1)
[1508]: (134.0948567029847,1)
[1509]: (138.4906384660825,1)
[1510]: (136.3945172594593,1)
[1511]: (132.1240423444987,1)
[1512]: (132.1762439310056,1)
[1513]: (131.0896714692529,1)
[1514]: (130.6326428262669,1)
[1515]: (133.057705860593,1)
[1516]: (140.1714785875848,1)
[1517]: (136.5149865927332,1)
[1518]: (136.0207618022255,1)
[1519]: (133.348114957439,1)
[1520]: (134.2151652541614,1)
[1521]: (135.2949650406274,1)
[1522]: (131.3735213355809,1)
[1523]: (140.0418573769237,1)
[1524]: (139.9197673547681,1)
[1525]: (131.3351033238082,1)
[1526]: (132.4691517118373,1)
[1527]: (132.3276506731569,1)
[1528]: (138.0087610806765,1)
[1529]: (140.0295881726276,1)
[1530]: (138.1438861839777,1)
[1531]: (140.571727508157,1)
[1532]: (130.2093794232919,1)
[1533]: (131.8142986583319,1)
[1534]: (137.1115978100519,1)
[1535]: (134.2842927193859,1)
[1536]: (134.7102960894571,1)
[1537]: (138.3669018892529,1)
[1538]: (139.7642274259038,1)
[1539]: (133.0350114981725,1)
[1540]: (138.3262944985996,1)
[1541]: (141.9294853969606,1)
[1542]: (139.1523916481332,1)
[1543]: (134.0817240380224,1)
[1544]: (135.1294027495493,1)
[1545]: (140.75245987378,1)
[1546]: (135.5741078729905,1)
[1547]: (137.019464491871,1)
[1548]: (138.0434887938068,1)
[1549]: (138.9523147466224,1)
[1550]: (130.7759049764694,1)
[1551]: (131.5256101919186,1)
[1552]: (138.0575928877688,1)
[1553]: (136.2241765816038,1)
[1554]: (132.378391412197,1)
[1555]: (136.2460012648943,1)
[1556]: (134.4344829158305,1)
[1557]: (137.0468431673064,1)
[1558]: (135.4898590288601,1)
[1559]: (133.0679997123508,1)
[1560]: (137.3557511138541,1)
[1561]: (137.1928158310217,1)
[1562]: (139.1043006142523,1)
[1563]: (133.5002984489574,1)
[1564]: (140.4224817579691,1)
[1565]: (136.1234738490982,1)
[1566]: (135.0134778315043,1)
[1567]: (135.0683429381602,1)
[1568]: (148.1224636309977,1)
[1569]: (142.8473340374546,1)
[1570]: (135.4831207702199,1)
[1571]: (134.0886204223982,1)
[1572]: (139.1423648153566,1)
[1573]: (134.3700779061063,1)
[1574]: (130.6184168697852,1)
[1575]: (139.6644886865797,1)
[1576]: (134.1181079452788,1)
[1577]: (137.6364814622809,1)
[1578]: (137.636639820375,1)
[1579]: (136.9638661146268,1)
[1580]: (131.1097482979651,1)
[1581]: (135.4021728165209,1)
[1582]: (135.1889559691835,1)
[1583]: (135.4475734493705,1)
[1584]: (134.0817095026681,1)
[1585]: (135.5702597315768,1)
[1586]: (135.4849237536451,1)
[1587]: (133.1929209574659,1)
[1588]: (135.1179540517692,1)
[1589]: (136.0119591775884,1)
[1590]: (136.4906942499161,1)
[1591]: (131.1171910494548,1)
[1592]: (136.0593316523896,1)
[1593]: (137.2967741917336,1)
[1594]: (131.1527029276828,1)
[1595]: (134.5554502706439,1)
[1596]: (134.2057259255224,1)
[1597]: (130.1148139381054,1)
[1598]: (135.1582267136446,1)
[1599]: (137.0761966326964,1)
[1600]: (139.0649568143204,1)
[1601]: (131.0270814177366,1)
[1602]: (131.3404197293545,1)
[1603]: (141.2332066085758,1)
[1604]: (136.3078213365926,1)
[1605]: (132.0503754506981,1)
[1606]: (130.3954567093324,1)
[1607]: (137.1393670592667,1)
[1608]: (136.556289671837,1)
[1609]: (134.4712661318922,1)
[1610]: (132.4005544979749,1)
[1611]: (139.0320174348428,1)
[1612]: (139.3095784279671,1)
[1613]: (137.0465959450774,1)
[1614]: (136.0869628038651,1)
[1615]: (141.2801494606456,1)
[1616]: (133.548964959405,1)
[1617]: (137.2508877734075,1)
[1618]: (135.3036998981454,1)
[1619]: (134.0909643688484,1)
[1620]: (135.6098246941003,1)
[1621]: (134.1651096152469,1)
[1622]: (132.5736065958979,1)
[1623]: (130.2406602948092,1)
[1624]: (135.0744055908902,1)
[1625]: (137.1855919320936,1)
[1626]: (140.4277430012754,1)
[1627]: (132.0729638867325,1)
[1628]: (138.7503797319984,1)
[1629]: (134.1268448185071,1)
[1630]: (133.3389274034153,1)
[1631]: (135.2397110756616,1)
[1632]: (133.8161366111141,1)
[1633]: (133.8760508222131,1)
[1634]: (137.2984472424247,1)
[1635]: (134.3387402114929,1)
[1636]: (138.51062486868,1)
[1637]: (139.1027815589504,1)
[1638]: (135.3433765490123,1)
[1639]: (131.2537879181292,1)
[1640]: (131.5533810103772,1)
[1641]: (139.1408432821847,1)
[1642]: (133.020208730557,1)
[1643]: (135.1480002570577,1)
[1644]: (133.9745299215084,1)
[1645]: (133.1313444024184,1)
[1646]: (133.5691462921546,1)
[1647]: (133.0194204769168,1)
[1648]: (141.1627443972935,1)
[1649]: (136.0445796225181,1)
[1650]: (132.1282361694432,1)
[1651]: (136.2088120586494,1)
[1652]: (137.0520639736266,1)
[1653]: (137.4296151078767,1)
[1654]: (140.3930512270759,1)
[1655]: (142.1397129142875,1)
[1656]: (133.0969793939553,1)
[1657]: (134.1030469915137,1)
[1658]: (133.2266388399507,1)
[1659]: (133.0104159236586,1)
[1660]: (137.2451075002031,1)
[1661]: (133.2878801617998,1)
[1662]: (135.3849233357623,1)
[1663]: (138.0911024610481,1)
[1664]: (139.0329660070063,1)
[1665]: (136.1507161472426,1)
[1666]: (134.5059949427316,1)
[1667]: (133.0261976861619,1)
[1668]: (130.5433534766709,1)
[1669]: (129.3400906712265,1)
[1670]: (137.3383962361196,1)
[1671]: (134.1607321500286,1)
[1672]: (137.1478317474686,1)
[1673]: (138.0236622462894,1)
[1674]: (134.7193574182873,1)
[1675]: (135.1847192493951,1)
[1676]: (135.1426617735862,1)
[1677]: (135.2821950924226,1)
[1678]: (135.3052209430998,1)
[1679]: (137.0353716598417,1)
[1680]: (138.4678737248495,1)
[1681]: (130.7370870176938,1)
[1682]: (130.0576974122878,1)
[1683]: (136.0933138445129,1)
[1684]: (135.4085124597193,1)
[1685]: (141.3051979729142,1)
[1686]: (129.5921121139437,1)
[1687]: (138.5507298126729,1)
[1688]: (137.4399100238521,1)
[1689]: (133.1315311031894,1)
[1690]: (138.878909057779,1)
[1691]: (143.3846135732161,1)
[1692]: (137.4984457294754,1)
[1693]: (136.0946468671387,1)
[1694]: (139.3367966108967,1)
[1695]: (140.486807596248,1)
[1696]: (137.3119175054358,1)
[1697]: (132.0970877584782,1)
[1698]: (138.0986776033327,1)
[1699]: (133.390804038049,1)
[1700]: (133.0703129090283,1)
[1701]: (140.6044663511055,1)
[1702]: (131.6536846813423,1)
[1703]: (137.4728626740088,1)
[1704]: (137.3079185039629,1)
[1705]: (136.1851811575619,1)
[1706]: (133.3519498932979,1)
[1707]: (138.0920840551533,1)
[1708]: (129.0680880738119,1)
[1709]: (135.0746111101784,1)
[1710]: (133.501558650502,1)
[1711]: (133.3245760595603,1)
[1712]: (137.0633564027476,1)
[1713]: (131.3056728615341,1)
[1714]: (136.3950085840183,1)
[1715]: (137.7260803574075,1)
[1716]: (134.0407389409184,1)
[1717]: (136.3281188572112,1)
[1718]: (138.3569829014073,1)
[1719]: (136.1787856583469,1)
[1720]: (135.2957243677105,1)
[1721]: (136.0355192239132,1)
[1722]: (132.30620411125,1)
[1723]: (134.2505402432521,1)
[1724]: (132.2722521253307,1)
[1725]: (135.2135666212243,1)
[1726]: (132.1288707879269,1)
[1727]: (130.4956974650572,1)
[1728]: (137.0042346204015,1)
[1729]: (135.0134134801499,1)
[1730]: (135.0118319391017,1)
[1731]: (129.0685604366518,1)
[1732]: (135.8117066497462,1)
[1733]: (134.4944706077525,1)
[1734]: (140.2799731040158,1)
[1735]: (133.0133102025067,1)
[1736]: (136.1289377895833,1)
[1737]: (132.2357089862832,1)
[1738]: (133.2431150714449,1)
[1739]: (132.1063904010198,1)
[1740]: (133.5614831118773,1)
[1741]: (144.4540172089982,1)
[1742]: (132.4663481411135,1)
[1743]: (136.4603458680339,1)
[1744]: (135.1414548565069,1)
[1745]: (134.2989754203279,1)
[1746]: (135.1561035737109,1)
[1747]: (131.0967065310888,1)
[1748]: (132.2228759854534,1)
[1749]: (133.2673309070833,1)
[1750]: (131.3678614225346,1)
[1751]: (137.1762298609011,1)
[1752]: (132.6164250031126,1)
[1753]: (132.1210910352764,1)
[1754]: (133.4132946535792,1)
[1755]: (137.2370023085979,1)
[1756]: (131.296867724697,1)
[1757]: (130.0476857914078,1)
[1758]: (134.2867354096974,1)
[1759]: (136.0711710684115,1)
[1760]: (136.2812086965759,1)
[1761]: (135.3080945345125,1)
[1762]: (139.3206644399315,1)
[1763]: (134.0493451952797,1)
[1764]: (134.0462647863338,1)
[1765]: (136.0466406759597,1)
[1766]: (134.0331525743381,1)
[1767]: (135.1925684630525,1)
[1768]: (137.6044229912458,1)
[1769]: (138.0394324471377,1)
[1770]: (138.2006732380862,1)
[1771]: (134.4688266786487,1)
[1772]: (136.1397521797459,1)
[1773]: (135.225581472285,1)
[1774]: (134.2417765019762,1)
[1775]: (139.724909660847,1)
[1776]: (137.5797970175304,1)
[1777]: (133.0476182762021,1)
[1778]: (133.2930962144416,1)
[1779]: (132.300106282561,1)
[1780]: (132.1182556705854,1)
[1781]: (134.0913531120926,1)
[1782]: (133.4482601819723,1)
[1783]: (140.9246163387355,1)
[1784]: (136.1369715608277,1)
[1785]: (135.2338218896366,1)
[1786]: (134.004731573152,1)
[1787]: (139.7279813778953,1)
[1788]: (134.2986364739524,1)
[1789]: (138.213428248341,1)
[1790]: (134.3084807339214,1)
[1791]: (133.9326626887185,1)
[1792]: (135.3307723366079,1)
[1793]: (138.5250249120028,1)
[1794]: (131.0782283622146,1)
[1795]: (140.604906605102,1)
[1796]: (130.1168566178233,1)
[1797]: (140.2396052301064,1)
[1798]: (143.6511070135457,1)
[1799]: (134.1135037664759,1)
[1800]: (134.0100836854396,1)
[1801]: (131.0149292207944,1)
[1802]: (131.029162651937,1)
[1803]: (130.3844628272138,1)
[1804]: (135.0654272530173,1)
[1805]: (135.4387572049113,1)
[1806]: (136.8417729597239,1)
[1807]: (135.0004739331296,1)
[1808]: (137.5651852682815,1)
[1809]: (132.4702719676681,1)
[1810]: (131.0166306061342,1)
[1811]: (137.2143666264352,1)
[1812]: (135.1334209164212,1)
[1813]: (135.6396762304938,1)
[1814]: (142.3595447669844,1)
[1815]: (130.2761440446295,1)
[1816]: (138.3937597332695,1)
[1817]: (136.0191204597221,1)
[1818]: (132.3401761243023,1)
[1819]: (134.0674146324416,1)
[1820]: (133.147186853759,1)
[1821]: (137.1079782701921,1)
[1822]: (136.2227315360278,1)
[1823]: (134.5400240423423,1)
[1824]: (139.0897580906621,1)
[1825]: (138.7515927176799,1)
[1826]: (137.01609932395,1)
[1827]: (135.2184535429508,1)
[1828]: (132.718100042782,1)
[1829]: (133.3484338262952,1)
[1830]: (136.0026134419348,1)
[1831]: (134.1149203090833,1)
[1832]: (142.8175670483554,1)
[1833]: (136.0076737817792,1)
[1834]: (132.3003078408392,1)
[1835]: (132.0958711738398,1)
[1836]: (140.4150177179785,1)
[1837]: (139.0140796306549,1)
[1838]: (133.5095374370905,1)
[1839]: (134.3210914423515,1)
[1840]: (135.3376780884301,1)
[1841]: (139.0346979168999,1)
[1842]: (134.0053869971138,1)
[1843]: (134.1398611264403,1)
[1844]: (140.1269699461865,1)
[1845]: (131.3364795109918,1)
[1846]: (137.1916747739814,1)
[1847]: (134.1219974480402,1)
[1848]: (135.4652215346865,1)
[1849]: (136.0893142438573,1)
[1850]: (135.0811179479757,1)
[1851]: (134.3179097130341,1)
[1852]: (139.2942354725475,1)
[1853]: (136.033478078082,1)
[1854]: (141.3910186446051,1)
[1855]: (134.1830364851241,1)
[1856]: (135.650136830376,1)
[1857]: (131.8992669643511,1)
[1858]: (139.1340515216817,1)
[1859]: (137.2217246161854,1)
[1860]: (132.567585625696,1)
[1861]: (134.5240603824922,1)
[1862]: (132.210728835539,1)
[1863]: (136.184019243709,1)
[1864]: (133.0843917447173,1)
[1865]: (132.6121187270689,1)
[1866]: (135.7295614185007,1)
[1867]: (131.8706172989647,1)
[1868]: (133.3769672713722,1)
[1869]: (133.2130667906227,1)
[1870]: (132.8167243350497,1)
[1871]: (133.4390473344554,1)
[1872]: (131.0403292342481,1)
[1873]: (136.1607600939325,1)
[1874]: (131.1180864026023,1)
[1875]: (130.0056721928353,1)
[1876]: (138.157585381087,1)
[1877]: (139.5240553927846,1)
[1878]: (129.399844224586,1)
[1879]: (138.0444346005781,1)
[1880]: (137.5671451072405,1)
[1881]: (134.8279204809202,1)
[1882]: (131.048733793463,1)
[1883]: (136.4426394630821,1)
[1884]: (137.3184020257591,1)
[1885]: (130.6721735141315,1)
[1886]: (138.2931881354465,1)
[1887]: (131.0906809025222,1)
[1888]: (139.6123920459121,1)
[1889]: (132.1754367518747,1)
[1890]: (133.3409916065133,1)
[1891]: (137.0538010371746,1)
[1892]: (134.5748254574643,1)
[1893]: (135.3256636805414,1)
[1894]: (134.4154938349181,1)
[1895]: (133.1484934410776,1)
[1896]: (134.1796710175445,1)
[1897]: (132.2389092140318,1)
[1898]: (134.4425548118996,1)
[1899]: (134.1623333906738,1)
[1900]: (129.423056640112,1)
[1901]: (138.9485291134137,1)
[1902]: (132.0014537780282,1)
[1903]: (130.172545669997,1)
[1904]: (134.4577670141949,1)
[1905]: (135.6031437230876,1)
[1906]: (131.398464663922,1)
[1907]: (132.3666335046624,1)
[1908]: (132.0660001294633,1)
[1909]: (135.7051197278962,1)
[1910]: (138.1675339471265,1)
[1911]: (137.0928246569868,1)
[1912]: (138.1869615490191,1)
[1913]: (135.7950166404778,1)
[1914]: (129.1547054599238,1)
[1915]: (130.2831451398298,1)
[1916]: (132.1482911051181,1)
[1917]: (135.2622201632815,1)
[1918]: (133.2535920174647,1)
[1919]: (134.1012826331992,1)
[1920]: (137.0823254121656,1)
[1921]: (133.2991045796724,1)
[1922]: (130.4836014141015,1)
[1923]: (134.0366350306206,1)
[1924]: (134.176806158088,1)
[1925]: (137.2515617434082,1)
[1926]: (139.2908936859259,1)
[1927]: (137.1731044886995,1)
[1928]: (135.353177380677,1)
[1929]: (136.8058756229531,1)
[1930]: (136.2340315035173,1)
[1931]: (131.1867601866871,1)
[1932]: (135.877591724261,1)
[1933]: (130.3212690708669,1)
[1934]: (130.3140559895696,1)
[1935]: (141.9029646743855,1)
[1936]: (136.1635731110449,1)
[1937]: (133.0726984258212,1)
[1938]: (135.0796478402912,1)
[1939]: (140.2818833356481,1)
[1940]: (136.0899089267581,1)
[1941]: (137.1589281065437,1)
[1942]: (133.5671062796687,1)
[1943]: (134.0888880906042,1)
[1944]: (134.8558003450256,1)
[1945]: (132.9829712406448,1)
[1946]: (130.0429783097773,1)
[1947]: (137.2031998446085,1)
[1948]: (141.2198252136551,1)
[1949]: (134.0035150866113,1)
[1950]: (132.0722060883153,1)
[1951]: (142.5279760423532,1)
[1952]: (130.6442596630049,1)
[1953]: (133.2675612456432,1)
[1954]: (139.185248968576,1)
[1955]: (138.3543289678433,1)
[1956]: (131.1607120455079,1)
[1957]: (134.074398185064,1)
[1958]: (135.2257318546708,1)
[1959]: (132.1266460006743,1)
[1960]: (137.0814709583904,1)
[1961]: (133.2466317727996,1)
[1962]: (130.3342863591037,1)
[1963]: (137.0885086645893,1)
[1964]: (134.2905805522859,1)
[1965]: (132.069867800042,1)
[1966]: (134.2035215717127,1)
[1967]: (138.2095336526734,1)
[1968]: (135.1250537149429,1)
[1969]: (135.4289555908676,1)
[1970]: (139.5542540931313,1)
[1971]: (134.7868533398163,1)
[1972]: (132.2136996580697,1)
[1973]: (135.4044283090497,1)
[1974]: (137.9733161107457,1)
[1975]: (132.1309782151789,1)
[1976]: (133.3717667718614,1)
[1977]: (131.3554844998948,1)
[1978]: (131.0602611018549,1)
[1979]: (138.2927094686256,1)
[1980]: (134.04110289859,1)
[1981]: (134.0629601373718,1)
[1982]: (136.5138310147209,1)
[1983]: (132.2148543555164,1)
[1984]: (134.1566803721108,1)
[1985]: (138.3296644345138,1)
[1986]: (133.1455642379102,1)
[1987]: (139.2875004807777,1)
[1988]: (135.2879610125535,1)
[1989]: (131.0599825474342,1)
[1990]: (139.5370378551472,1)
[1991]: (130.0055412496197,1)
[1992]: (133.1446048472441,1)
[1993]: (139.7642794708239,1)
[1994]: (133.6869612525342,1)
[1995]: (133.0306372306647,1)
[1996]: (134.6360077574538,1)
[1997]: (134.2558564754307,1)
[1998]: (138.7492503985479,1)
[1999]: (136.0746684155071,1)
 -- States explored : 0 states
 -- CPU user time used : 42270 ms
 -- Virtual memory used : 2970352 KiB
 -- Resident memory used : 2932028 KiB
executionTime: 289
