core file size          (blocks, -c) unlimited
data seg size           (kbytes, -d) unlimited
scheduling priority             (-e) 0
file size               (blocks, -f) unlimited
pending signals                 (-i) 4077086
max locked memory       (kbytes, -l) 64
max memory size         (kbytes, -m) 66060288
open files                      (-n) 4096
pipe size            (512 bytes, -p) 8
POSIX message queues     (bytes, -q) 819200
real-time priority              (-r) 0
stack size              (kbytes, -s) 8192
cpu time               (seconds, -t) unlimited
max user processes              (-u) 4077086
virtual memory          (kbytes, -v) 63000000
file locks                      (-x) unlimited
Options for the verification:
  Generating some trace
  Search order is random depth first
  Using conservative space optimisation
  Seed is 1556899667
  State space representation uses minimal constraint systems
  Using HashMap + Compress integers for discrete state storage

Verifying formula 1 at ../queries/SN_100_69_16.q:1
 -- Formula is satisfied.
(9000 runs)
Learning statistics for best strategy: 
	Number of resets: 1
	Number of iterations in last reset: 9
	Number of iterations in total: 30

 -- States explored : 0 states
 -- CPU user time used : 221380 ms
 -- Virtual memory used : 59880 KiB
 -- Resident memory used : 21264 KiB

Verifying formula 2 at ../queries/SN_100_69_16.q:3
 -- Formula is satisfied.
Composer.Done:
[0]: (0,0) (286.1874263194685,1)
[1]: (286.4480129617879,1)
[2]: (286.0159890705683,1)
[3]: (286.0335198563365,1)
[4]: (286.0462909147043,1)
[5]: (286.3752899378425,1)
[6]: (286.3314679895515,1)
[7]: (286.2088577270273,1)
[8]: (286.0319011265394,1)
[9]: (286.6764570501958,1)
[10]: (286.2938177116086,1)
[11]: (286.2190457532677,1)
[12]: (286.0442090614099,1)
[13]: (286.147724886906,1)
[14]: (286.0777086145449,1)
[15]: (286.7709539869622,1)
[16]: (286.4120276902965,1)
[17]: (286.4969043137095,1)
[18]: (286.2471993130644,1)
[19]: (286.176634636088,1)
[20]: (286.0845251075189,1)
[21]: (286.0069970614152,1)
[22]: (287.3714888974882,1)
[23]: (286.4053166630554,1)
[24]: (286.6773831992064,1)
[25]: (286.0777472860714,1)
[26]: (286.270662117288,1)
[27]: (286.1673665631284,1)
[28]: (286.0668170242829,1)
[29]: (286.3067651733298,1)
[30]: (286.0597710443172,1)
[31]: (286.1431026729829,1)
[32]: (286.1388319388461,1)
[33]: (286.0205560839663,1)
[34]: (286.9678087580697,1)
[35]: (286.053237198389,1)
[36]: (286.8497434327023,1)
[37]: (286.1884415117149,1)
[38]: (286.3372543306348,1)
[39]: (287.4331872879171,1)
[40]: (286.0070445081323,1)
[41]: (286.126781326196,1)
[42]: (286.0756526390272,1)
[43]: (286.0417538489401,1)
[44]: (286.1933675176157,1)
[45]: (286.2639171950096,1)
[46]: (286.7245280671427,1)
[47]: (286.8199230272868,1)
[48]: (286.8709753333521,1)
[49]: (286.2250223259026,1)
[50]: (286.6716581750352,1)
[51]: (286.694517876994,1)
[52]: (286.4560791919779,1)
[53]: (286.0141463266397,1)
[54]: (286.0595584135851,1)
[55]: (286.3897162494309,1)
[56]: (286.1750804950016,1)
[57]: (286.4801499792838,1)
[58]: (286.3737600748732,1)
[59]: (286.1340654592328,1)
[60]: (286.4686142787997,1)
[61]: (286.4260408774493,1)
[62]: (286.2229100623192,1)
[63]: (286.3778335182782,1)
[64]: (286.5783491250615,1)
[65]: (286.0393604939568,1)
[66]: (286.0297186060244,1)
[67]: (286.0116926178243,1)
[68]: (287.0256891600609,1)
[69]: (286.8079948069996,1)
[70]: (286.3522813986593,1)
[71]: (286.5492630545112,1)
[72]: (286.4176322499025,1)
[73]: (286.1706612328161,1)
[74]: (286.1003574009312,1)
[75]: (286.1449283703198,1)
[76]: (286.8557547726212,1)
[77]: (286.3069801249428,1)
[78]: (286.0692943459941,1)
[79]: (286.4840997409163,1)
[80]: (286.2585323448245,1)
[81]: (286.2229843397549,1)
[82]: (287.0291042417687,1)
[83]: (286.5134470301821,1)
[84]: (286.2741034566437,1)
[85]: (286.5725799789344,1)
[86]: (286.1634507542585,1)
[87]: (286.0759984134867,1)
[88]: (286.0597473569704,1)
[89]: (286.2019102467724,1)
[90]: (286.0094722297493,1)
[91]: (286.1055913586184,1)
[92]: (286.1616743353674,1)
[93]: (286.0610348447219,1)
[94]: (286.6287103482142,1)
[95]: (286.0172489421957,1)
[96]: (286.103107428074,1)
[97]: (286.2363082384786,1)
[98]: (286.3648039721108,1)
[99]: (286.4162195782599,1)
[100]: (286.1142165059597,1)
[101]: (286.179511237696,1)
[102]: (286.0141712507074,1)
[103]: (286.1962554702384,1)
[104]: (286.2193886139063,1)
[105]: (287.0439165295983,1)
[106]: (287.5095636596229,1)
[107]: (286.0598245682108,1)
[108]: (286.1394504185718,1)
[109]: (286.3951212551364,1)
[110]: (286.0536815896413,1)
[111]: (286.3936946849491,1)
[112]: (286.2227332276931,1)
[113]: (286.4036292521085,1)
[114]: (286.1332431690805,1)
[115]: (286.1933890497523,1)
[116]: (286.1127887464961,1)
[117]: (288.5596801510142,1)
[118]: (286.2072952533421,1)
[119]: (286.264297899441,1)
[120]: (286.1310613333399,1)
[121]: (286.8554459175148,1)
[122]: (286.2317672016435,1)
[123]: (286.028125568793,1)
[124]: (286.3845846991416,1)
[125]: (286.4611334777652,1)
[126]: (286.324014993193,1)
[127]: (286.5434344427431,1)
[128]: (286.2163682824285,1)
[129]: (286.4795638600612,1)
[130]: (286.5085487384648,1)
[131]: (286.1849840829759,1)
[132]: (286.207541380648,1)
[133]: (286.4480108816844,1)
[134]: (286.2596569529628,1)
[135]: (286.1655241322741,1)
[136]: (286.0854343202653,1)
[137]: (286.4650067675399,1)
[138]: (287.0892169179958,1)
[139]: (286.1588297010691,1)
[140]: (286.6042057877748,1)
[141]: (286.955320797822,1)
[142]: (286.2859664406337,1)
[143]: (286.1437507117016,1)
[144]: (286.4319628736932,1)
[145]: (286.5671393064811,1)
[146]: (286.0189191111404,1)
[147]: (286.2560292120167,1)
[148]: (286.2378639737499,1)
[149]: (286.0635531350495,1)
[150]: (286.2768780052492,1)
[151]: (286.3147139764885,1)
[152]: (286.200669165892,1)
[153]: (286.4107461476132,1)
[154]: (286.8297836884843,1)
[155]: (286.3276726925163,1)
[156]: (286.0835829155282,1)
[157]: (286.0708673321178,1)
[158]: (286.4378972974624,1)
[159]: (287.7151673876797,1)
[160]: (286.5291319496016,1)
[161]: (286.5527072060049,1)
[162]: (287.0435251539472,1)
[163]: (286.1734892325405,1)
[164]: (286.3809223670486,1)
[165]: (286.4588725459259,1)
[166]: (286.3264422227213,1)
[167]: (286.0100792642543,1)
[168]: (286.0561013112764,1)
[169]: (286.0608179910635,1)
[170]: (286.1793492275804,1)
[171]: (286.1798894120885,1)
[172]: (286.1903107482202,1)
[173]: (286.1303791651746,1)
[174]: (286.0119179064766,1)
[175]: (286.5940869020098,1)
[176]: (286.1401111233337,1)
[177]: (286.4804347703014,1)
[178]: (286.0690918911043,1)
[179]: (286.0277665473862,1)
[180]: (286.1655900268824,1)
[181]: (286.6986891780546,1)
[182]: (286.0663333987715,1)
[183]: (286.1010577421087,1)
[184]: (286.539623326172,1)
[185]: (286.1355742990597,1)
[186]: (286.0781926555916,1)
[187]: (286.2751787049207,1)
[188]: (286.339499201861,1)
[189]: (286.1116929958472,1)
[190]: (286.3279973485978,1)
[191]: (286.3626165443661,1)
[192]: (286.2603079608361,1)
[193]: (286.466754274367,1)
[194]: (286.0313695776389,1)
[195]: (286.2417122760299,1)
[196]: (286.2634239314817,1)
[197]: (286.164428542512,1)
[198]: (286.9684907372888,1)
[199]: (286.3069745051689,1)
[200]: (286.2769973666777,1)
[201]: (286.1557588302481,1)
[202]: (286.0679477011904,1)
[203]: (286.1892836809999,1)
[204]: (286.1871688484427,1)
[205]: (286.6776334363444,1)
[206]: (286.4087592762166,1)
[207]: (286.0353310436737,1)
[208]: (286.3592564368508,1)
[209]: (286.3754344382431,1)
[210]: (286.1066050896959,1)
[211]: (287.1666706299939,1)
[212]: (286.120919713526,1)
[213]: (286.1453867947323,1)
[214]: (286.3802194885457,1)
[215]: (286.3776434275573,1)
[216]: (286.9614621577145,1)
[217]: (286.0565735663635,1)
[218]: (286.1054918669935,1)
[219]: (286.0338319610881,1)
[220]: (286.3217875280442,1)
[221]: (286.1706444529834,1)
[222]: (286.0115586383372,1)
[223]: (286.0708006204631,1)
[224]: (286.0901452004238,1)
[225]: (286.3478983199494,1)
[226]: (286.3072872024941,1)
[227]: (286.0012919918379,1)
[228]: (286.2356143136304,1)
[229]: (286.6035895946556,1)
[230]: (286.0027736760722,1)
[231]: (286.4159586054952,1)
[232]: (286.0785266995367,1)
[233]: (286.1419462642408,1)
[234]: (286.0005137400544,1)
[235]: (286.0548954864623,1)
[236]: (286.0333969141261,1)
[237]: (286.4090347635245,1)
[238]: (286.0061022991533,1)
[239]: (286.0299524269533,1)
[240]: (286.2905369188451,1)
[241]: (286.3044560052501,1)
[242]: (287.2478509333632,1)
[243]: (286.0156066473002,1)
[244]: (286.5570862198501,1)
[245]: (287.2585329108344,1)
[246]: (286.1226650473015,1)
[247]: (286.4512571077113,1)
[248]: (286.1054917825061,1)
[249]: (286.1429094373247,1)
[250]: (286.0692180000128,1)
[251]: (286.8789402625742,1)
[252]: (286.2231377688067,1)
[253]: (286.0935069337299,1)
[254]: (286.4115697567671,1)
[255]: (287.2721634431038,1)
[256]: (286.0721326190929,1)
[257]: (286.263417501806,1)
[258]: (287.1969573769417,1)
[259]: (286.012705347418,1)
[260]: (286.3001919787841,1)
[261]: (286.0051382516976,1)
[262]: (286.1419251844595,1)
[263]: (286.119054497334,1)
[264]: (286.1609954616009,1)
[265]: (286.6227023508957,1)
[266]: (286.0138853106747,1)
[267]: (286.3397676033574,1)
[268]: (286.1812892433384,1)
[269]: (287.2866621444974,1)
[270]: (286.5158574567973,1)
[271]: (286.2678765443,1)
[272]: (287.0430999740548,1)
[273]: (286.2436563762218,1)
[274]: (286.5889391014184,1)
[275]: (286.3101390845857,1)
[276]: (286.3652121455917,1)
[277]: (286.0770389989088,1)
[278]: (286.0584070481289,1)
[279]: (286.1686383779075,1)
[280]: (286.1746893225034,1)
[281]: (287.1004808537004,1)
[282]: (286.0936105146317,1)
[283]: (286.4915628253382,1)
[284]: (286.038662574469,1)
[285]: (286.2121575683145,1)
[286]: (286.5033616870618,1)
[287]: (286.7706809161291,1)
[288]: (286.0056575110453,1)
[289]: (286.0166495149597,1)
[290]: (286.1889351511762,1)
[291]: (286.11245356228,1)
[292]: (286.4823501265212,1)
[293]: (286.3185111377228,1)
[294]: (286.9704064459463,1)
[295]: (286.0472201223797,1)
[296]: (286.3781049172341,1)
[297]: (286.3630296458746,1)
[298]: (286.191530852233,1)
[299]: (286.0317986452454,1)
[300]: (286.159220839262,1)
[301]: (286.0776852822223,1)
[302]: (286.330757243095,1)
[303]: (286.1185490639317,1)
[304]: (286.9381024229468,1)
[305]: (286.2122479922694,1)
[306]: (286.0920825775953,1)
[307]: (286.0495384138176,1)
[308]: (286.4838262329135,1)
[309]: (286.3562286338829,1)
[310]: (286.2736325131521,1)
[311]: (286.7011700870737,1)
[312]: (286.0834121489044,1)
[313]: (286.6986018370368,1)
[314]: (286.4372283916391,1)
[315]: (286.334636372209,1)
[316]: (287.9817011287564,1)
[317]: (286.1148183745535,1)
[318]: (286.3841685013994,1)
[319]: (286.1342006410079,1)
[320]: (286.0207451653087,1)
[321]: (286.1160389011023,1)
[322]: (286.3102467685165,1)
[323]: (286.2302789024385,1)
[324]: (286.2288663112577,1)
[325]: (286.3320928022813,1)
[326]: (286.2891735583565,1)
[327]: (286.6987663646811,1)
[328]: (286.5771725278198,1)
[329]: (286.3167729556281,1)
[330]: (286.282708032211,1)
[331]: (286.2701048413292,1)
[332]: (286.2007030942447,1)
[333]: (286.3233762362329,1)
[334]: (286.4030555427229,1)
[335]: (286.4145986215096,1)
[336]: (286.1844120163207,1)
[337]: (286.1123226957265,1)
[338]: (286.0847004861584,1)
[339]: (286.3087017323705,1)
[340]: (286.7252657139248,1)
[341]: (286.7497646159458,1)
[342]: (286.184586787593,1)
[343]: (286.2439287945452,1)
[344]: (287.1842848994524,1)
[345]: (286.398302162185,1)
[346]: (286.5902500633058,1)
[347]: (286.0968600530204,1)
[348]: (287.2525295938048,1)
[349]: (286.4731786707591,1)
[350]: (286.4220963445476,1)
[351]: (286.0525466474614,1)
[352]: (286.1518899679621,1)
[353]: (286.0129848477475,1)
[354]: (286.0845979131316,1)
[355]: (286.1710176616091,1)
[356]: (286.1144143430613,1)
[357]: (286.6319521492434,1)
[358]: (286.4903040374365,1)
[359]: (286.0155457408807,1)
[360]: (287.1031949785216,1)
[361]: (286.03822584913,1)
[362]: (286.1758955651833,1)
[363]: (286.0555894945581,1)
[364]: (286.612921535106,1)
[365]: (286.0135715501483,1)
[366]: (286.1949297926071,1)
[367]: (287.4503448249708,1)
[368]: (287.1265845078457,1)
[369]: (286.4578087289999,1)
[370]: (286.5785091319239,1)
[371]: (286.075072318094,1)
[372]: (286.247522618765,1)
[373]: (286.0854739518693,1)
[374]: (287.7152913661932,1)
[375]: (286.3208304817723,1)
[376]: (286.2894050993466,1)
[377]: (287.1507560550351,1)
[378]: (286.4810327133682,1)
[379]: (286.0095915422501,1)
[380]: (286.2772737942722,1)
[381]: (286.4326535094531,1)
[382]: (286.3023887893144,1)
[383]: (286.4101225140146,1)
[384]: (286.0689991269868,1)
[385]: (286.4820829480846,1)
[386]: (286.1635033724511,1)
[387]: (286.0736667584806,1)
[388]: (286.7766902782232,1)
[389]: (286.0142895118408,1)
[390]: (286.0509848718918,1)
[391]: (286.1134634899516,1)
[392]: (286.0430652327062,1)
[393]: (286.1955985814204,1)
[394]: (286.9021436446347,1)
[395]: (286.4635405976518,1)
[396]: (286.2193209219474,1)
[397]: (286.1591533080509,1)
[398]: (287.8575567190352,1)
[399]: (286.0138245518482,1)
[400]: (286.5487081383756,1)
[401]: (286.0816730625872,1)
[402]: (286.1569823295981,1)
[403]: (286.0071580301506,1)
[404]: (286.1177292174319,1)
[405]: (286.0419555085406,1)
[406]: (286.5177232928207,1)
[407]: (286.0351954924888,1)
[408]: (287.2266942971845,1)
[409]: (286.4102584252965,1)
[410]: (286.270290142825,1)
[411]: (286.4488921536764,1)
[412]: (286.5869962216333,1)
[413]: (286.1504148573886,1)
[414]: (287.5875106350238,1)
[415]: (286.2495310897891,1)
[416]: (286.2298471816148,1)
[417]: (286.5867020370071,1)
[418]: (286.1230514078785,1)
[419]: (286.4940751534814,1)
[420]: (286.1198974758847,1)
[421]: (286.3091297335116,1)
[422]: (286.0738645086511,1)
[423]: (286.350787656247,1)
[424]: (286.3040586022262,1)
[425]: (286.3897118810515,1)
[426]: (286.0924163583789,1)
[427]: (286.1031570686729,1)
[428]: (286.1507337569006,1)
[429]: (286.1918808836991,1)
[430]: (286.408915436794,1)
[431]: (286.0346960862955,1)
[432]: (286.5529176623793,1)
[433]: (286.0860695052484,1)
[434]: (286.1831909242134,1)
[435]: (286.0325316089459,1)
[436]: (287.31457516111,1)
[437]: (286.2065316593932,1)
[438]: (286.0006618878905,1)
[439]: (286.052884627113,1)
[440]: (286.2269580822749,1)
[441]: (286.1132606282691,1)
[442]: (286.2732489755384,1)
[443]: (286.830144715229,1)
[444]: (286.0311313442388,1)
[445]: (287.4028005561132,1)
[446]: (286.1423089080175,1)
[447]: (286.5707424777844,1)
[448]: (286.3585055846455,1)
[449]: (286.4117749924895,1)
[450]: (286.0018549203604,1)
[451]: (286.046798229218,1)
[452]: (286.3338377881054,1)
[453]: (286.2830195295591,1)
[454]: (286.2756061766809,1)
[455]: (286.2206700420645,1)
[456]: (286.329470069901,1)
[457]: (286.5616048433136,1)
[458]: (286.082292729945,1)
[459]: (286.2582781881459,1)
[460]: (286.1617200403223,1)
[461]: (286.1703003431801,1)
[462]: (286.0755977510213,1)
[463]: (286.2964849621162,1)
[464]: (286.1482329509094,1)
[465]: (286.1676856400403,1)
[466]: (286.0935180762835,1)
[467]: (286.1860713175342,1)
[468]: (286.0838084471076,1)
[469]: (286.2342949976484,1)
[470]: (286.1732822073358,1)
[471]: (286.1540057560242,1)
[472]: (286.9877455315404,1)
[473]: (286.0611225666038,1)
[474]: (286.592803929192,1)
[475]: (286.0466223660176,1)
[476]: (286.3472286859241,1)
[477]: (286.1722022189099,1)
[478]: (286.4301841541692,1)
[479]: (286.2566582984622,1)
[480]: (286.2996923965117,1)
[481]: (287.2067530058251,1)
[482]: (286.0472075421229,1)
[483]: (286.2198918003157,1)
[484]: (287.0698492837719,1)
[485]: (286.3233108200679,1)
[486]: (286.4329867611345,1)
[487]: (286.2873301266698,1)
[488]: (286.0268550056974,1)
[489]: (287.1272816817398,1)
[490]: (286.0419718891208,1)
[491]: (286.4571987860014,1)
[492]: (286.0357155663125,1)
[493]: (286.8278677151518,1)
[494]: (286.9022613793043,1)
[495]: (286.7459403729945,1)
[496]: (286.4135483546856,1)
[497]: (286.0002028045099,1)
[498]: (286.00939025863,1)
[499]: (286.0230049109064,1)
[500]: (286.707317689863,1)
[501]: (286.1157741386135,1)
[502]: (286.3302711149914,1)
[503]: (286.3963420810671,1)
[504]: (286.0957629684132,1)
[505]: (286.8388396020496,1)
[506]: (286.3481956449533,1)
[507]: (286.5096477987643,1)
[508]: (286.1168777497346,1)
[509]: (286.2578056246114,1)
[510]: (286.1807137710034,1)
[511]: (286.1687555592586,1)
[512]: (286.2825728248673,1)
[513]: (286.4434839737916,1)
[514]: (286.1780209821307,1)
[515]: (286.0574791906809,1)
[516]: (286.7600229154345,1)
[517]: (286.7297803603959,1)
[518]: (286.1782911493052,1)
[519]: (286.1097857878167,1)
[520]: (286.4987238717451,1)
[521]: (286.0719196824444,1)
[522]: (286.0617626344657,1)
[523]: (286.012369529764,1)
[524]: (287.4219263788173,1)
[525]: (287.1578491371766,1)
[526]: (286.3435957284727,1)
[527]: (287.5145052898387,1)
[528]: (286.0254839606386,1)
[529]: (286.0139297095568,1)
[530]: (286.2210263428491,1)
[531]: (286.0021712049777,1)
[532]: (286.1477155127503,1)
[533]: (286.0230833767977,1)
[534]: (286.0066391572247,1)
[535]: (286.0298587885847,1)
[536]: (286.015285225742,1)
[537]: (286.1221595308946,1)
[538]: (286.179500301206,1)
[539]: (286.1493741998588,1)
[540]: (286.2592491355866,1)
[541]: (286.401072392794,1)
[542]: (286.2442785564701,1)
[543]: (286.1495428435756,1)
[544]: (286.2260565029274,1)
[545]: (286.3180451903315,1)
[546]: (286.1772713068023,1)
[547]: (286.3763882101372,1)
[548]: (286.6168692018619,1)
[549]: (286.0215488982739,1)
[550]: (286.420371636594,1)
[551]: (286.2239445525527,1)
[552]: (286.519515044895,1)
[553]: (286.0196393969654,1)
[554]: (286.6073707251944,1)
[555]: (286.1937930660955,1)
[556]: (286.0775598251188,1)
[557]: (286.0992162020159,1)
[558]: (286.0435287139528,1)
[559]: (286.4530213870823,1)
[560]: (286.0746879131798,1)
[561]: (286.1602974340805,1)
[562]: (286.737698629719,1)
[563]: (286.0285171784248,1)
[564]: (286.2247441096914,1)
[565]: (286.0790337782444,1)
[566]: (287.138154471681,1)
[567]: (286.0743257168782,1)
[568]: (286.0696783540281,1)
[569]: (286.3959564764951,1)
[570]: (286.3114031015715,1)
[571]: (286.0768777558387,1)
[572]: (286.6538793031579,1)
[573]: (286.1025261560511,1)
[574]: (286.0144556722159,1)
[575]: (286.1537115948027,1)
[576]: (286.3150213861443,1)
[577]: (286.3561778621583,1)
[578]: (286.5431343480986,1)
[579]: (286.1267051382296,1)
[580]: (286.5273169641032,1)
[581]: (286.2187700718127,1)
[582]: (286.0711118581905,1)
[583]: (286.1846269314565,1)
[584]: (286.1964969640113,1)
[585]: (286.1188551484414,1)
[586]: (286.289825996814,1)
[587]: (286.1572038845082,1)
[588]: (286.5473371188801,1)
[589]: (286.1136596846028,1)
[590]: (286.135088899727,1)
[591]: (286.2500871422099,1)
[592]: (286.81525547824,1)
[593]: (286.057082502559,1)
[594]: (286.9027505067411,1)
[595]: (286.2344789210487,1)
[596]: (286.509055033073,1)
[597]: (286.0627344176445,1)
[598]: (286.0530839604389,1)
[599]: (286.9769463782147,1)
[600]: (286.351251316589,1)
[601]: (286.1277574755983,1)
[602]: (286.0834287640446,1)
[603]: (286.318268000871,1)
[604]: (286.58437308818,1)
[605]: (286.3457990790109,1)
[606]: (286.705803751768,1)
[607]: (286.0155240646895,1)
[608]: (286.7604281586613,1)
[609]: (286.1212935774442,1)
[610]: (286.6492279921404,1)
[611]: (286.1246131786075,1)
[612]: (286.3516932445567,1)
[613]: (286.0419472522394,1)
[614]: (286.733561683122,1)
[615]: (286.2406953600573,1)
[616]: (286.1002159343548,1)
[617]: (286.3338120981251,1)
[618]: (287.2511133014738,1)
[619]: (286.8906888138088,1)
[620]: (286.2616695767196,1)
[621]: (286.0174777759062,1)
[622]: (286.0819185787428,1)
[623]: (286.5982798605015,1)
[624]: (286.0551330801691,1)
[625]: (286.842222116223,1)
[626]: (286.3280289066004,1)
[627]: (286.569890101695,1)
[628]: (286.4955246694637,1)
[629]: (286.1974667520456,1)
[630]: (286.3391634874,1)
[631]: (286.0210149768087,1)
[632]: (286.4190741656929,1)
[633]: (286.538070320898,1)
[634]: (286.0370572233015,1)
[635]: (286.0719729360678,1)
[636]: (286.8120864182149,1)
[637]: (286.1884190758149,1)
[638]: (286.148533666339,1)
[639]: (286.1963523237859,1)
[640]: (286.6585431388547,1)
[641]: (286.0722357665774,1)
[642]: (286.7594709901386,1)
[643]: (286.8752397739062,1)
[644]: (286.119237598296,1)
[645]: (287.3921252987134,1)
[646]: (286.1199924765475,1)
[647]: (286.1851495595944,1)
[648]: (286.3235940799127,1)
[649]: (287.0316837489323,1)
[650]: (286.2581074920302,1)
[651]: (286.4572168627894,1)
[652]: (286.4489877916016,1)
[653]: (286.0984352591479,1)
[654]: (286.3152751955105,1)
[655]: (286.3571268919807,1)
[656]: (286.0399092733105,1)
[657]: (286.122965296635,1)
[658]: (286.612390912626,1)
[659]: (286.2348694638159,1)
[660]: (286.2433765176831,1)
[661]: (287.8230844816499,1)
[662]: (286.3143928967187,1)
[663]: (286.1602783450499,1)
[664]: (287.3369824825932,1)
[665]: (286.2564651662229,1)
[666]: (286.013103864101,1)
[667]: (286.8374178664198,1)
[668]: (286.2356780553287,1)
[669]: (286.108554832872,1)
[670]: (286.0939963130471,1)
[671]: (286.4680978063001,1)
[672]: (286.0306022322925,1)
[673]: (286.0566154002134,1)
[674]: (286.3994021392077,1)
[675]: (286.4398585568877,1)
[676]: (286.1661838587131,1)
[677]: (286.1392442374476,1)
[678]: (286.2172834907714,1)
[679]: (286.064575283937,1)
[680]: (286.1140385334509,1)
[681]: (286.004413463725,1)
[682]: (286.19950358417,1)
[683]: (286.0832637036057,1)
[684]: (286.0251915672346,1)
[685]: (286.0165153045668,1)
[686]: (286.3310020151669,1)
[687]: (286.6501905936998,1)
[688]: (286.8769910832305,1)
[689]: (286.0798199703513,1)
[690]: (286.5765819890098,1)
[691]: (286.0638100519793,1)
[692]: (286.1619195416345,1)
[693]: (286.2179857434507,1)
[694]: (286.4371514091514,1)
[695]: (286.0367823356808,1)
[696]: (286.1575841586655,1)
[697]: (286.63893426842,1)
[698]: (286.3532182564606,1)
[699]: (286.2312075841032,1)
[700]: (286.0575460250517,1)
[701]: (286.3016405573079,1)
[702]: (286.081532978271,1)
[703]: (286.2969240390916,1)
[704]: (286.3479158300064,1)
[705]: (286.1852062162113,1)
[706]: (286.4598697762766,1)
[707]: (286.7030484822216,1)
[708]: (286.032586665958,1)
[709]: (287.0425481797598,1)
[710]: (286.1481176449341,1)
[711]: (286.3502141185984,1)
[712]: (286.389222116142,1)
[713]: (286.0710183368828,1)
[714]: (286.565830026274,1)
[715]: (286.0108883049461,1)
[716]: (286.1221258806763,1)
[717]: (286.0196856750389,1)
[718]: (286.0475048648952,1)
[719]: (287.2496821951383,1)
[720]: (286.3480182655393,1)
[721]: (286.3387885384224,1)
[722]: (286.2533044967483,1)
[723]: (286.3651846347005,1)
[724]: (286.1913287210685,1)
[725]: (286.1478474132427,1)
[726]: (286.1142294335719,1)
[727]: (286.5709146512616,1)
[728]: (286.3250991151964,1)
[729]: (286.0983761304195,1)
[730]: (286.2558584548876,1)
[731]: (286.4442463436578,1)
[732]: (286.2938989739479,1)
[733]: (287.1006236357106,1)
[734]: (286.2672833234467,1)
[735]: (286.0551134540503,1)
[736]: (286.6370063068637,1)
[737]: (286.0121154412911,1)
[738]: (286.8205904027336,1)
[739]: (287.1750828837889,1)
[740]: (286.0407066874815,1)
[741]: (286.054798441293,1)
[742]: (286.105017173283,1)
[743]: (286.2514985871155,1)
[744]: (286.0585331935644,1)
[745]: (286.3999001738998,1)
[746]: (286.2801783338076,1)
[747]: (286.0748746152686,1)
[748]: (286.3351957147517,1)
[749]: (286.0778997395337,1)
[750]: (286.4163149695784,1)
[751]: (286.4547278108947,1)
[752]: (286.0349049205204,1)
[753]: (286.5640974147668,1)
[754]: (286.3203284785939,1)
[755]: (286.0859995178965,1)
[756]: (286.2215250603121,1)
[757]: (286.6658848684887,1)
[758]: (286.6514874757751,1)
[759]: (286.0795670971861,1)
[760]: (286.5832647349066,1)
[761]: (286.3099803658716,1)
[762]: (286.3678902527931,1)
[763]: (286.6123718308467,1)
[764]: (286.3276437953099,1)
[765]: (286.0723777297846,1)
[766]: (286.3795062248449,1)
[767]: (286.4559648413668,1)
[768]: (286.2689162933328,1)
[769]: (286.1840912353431,1)
[770]: (286.5904395458497,1)
[771]: (286.2441555569015,1)
[772]: (286.7847571956866,1)
[773]: (286.3214987630112,1)
[774]: (286.296451960747,1)
[775]: (286.0651829021749,1)
[776]: (286.2960132774491,1)
[777]: (286.1114273140003,1)
[778]: (286.3110460965999,1)
[779]: (286.1765963401895,1)
[780]: (286.3333537195642,1)
[781]: (286.2044022547855,1)
[782]: (286.0046208838074,1)
[783]: (286.3559504410196,1)
[784]: (286.0745758757777,1)
[785]: (286.0649307807704,1)
[786]: (287.011165885909,1)
[787]: (286.1360208953246,1)
[788]: (286.6901326789181,1)
[789]: (286.1322327288029,1)
[790]: (288.4645694265811,1)
[791]: (286.0913415234546,1)
[792]: (286.1655374441944,1)
[793]: (286.0697194787111,1)
[794]: (286.156270348178,1)
[795]: (286.2066653817884,1)
[796]: (286.1099843254498,1)
[797]: (286.3950762659006,1)
[798]: (286.1929760627015,1)
[799]: (286.3511218749952,1)
[800]: (286.4944740342639,1)
[801]: (286.0543486080282,1)
[802]: (286.0929755207081,1)
[803]: (286.6584232068532,1)
[804]: (286.3503431617487,1)
[805]: (286.1015055392591,1)
[806]: (286.3011236306064,1)
[807]: (286.2515718016433,1)
[808]: (286.1908963982501,1)
[809]: (286.0788559127542,1)
[810]: (286.3753515384757,1)
[811]: (286.5839155159077,1)
[812]: (286.2022509965402,1)
[813]: (286.048282732339,1)
[814]: (286.2715835845204,1)
[815]: (286.0919024740223,1)
[816]: (286.0336453676018,1)
[817]: (286.4102542055343,1)
[818]: (286.0086160653146,1)
[819]: (286.1066314860891,1)
[820]: (286.8901417842395,1)
[821]: (286.1200757158608,1)
[822]: (286.0380485020034,1)
[823]: (286.1350722936675,1)
[824]: (286.2053881850195,1)
[825]: (286.0111319438826,1)
[826]: (286.5069507548683,1)
[827]: (286.1477682592906,1)
[828]: (286.2269999437888,1)
[829]: (286.3889647808314,1)
[830]: (286.032355111915,1)
[831]: (286.1517866254277,1)
[832]: (286.4824243165901,1)
[833]: (287.4349542917839,1)
[834]: (286.2888500176591,1)
[835]: (286.1690424360638,1)
[836]: (286.1252605391876,1)
[837]: (286.0920121868646,1)
[838]: (286.283081345116,1)
[839]: (286.6476496980748,1)
[840]: (286.2534018856488,1)
[841]: (286.0893921938168,1)
[842]: (286.0831585290563,1)
[843]: (286.0870740325376,1)
[844]: (286.1690532194052,1)
[845]: (286.119303140711,1)
[846]: (286.1341466958123,1)
[847]: (286.2111337425685,1)
[848]: (286.7293339433529,1)
[849]: (286.2116256151311,1)
[850]: (286.2749010438159,1)
[851]: (286.0885526796511,1)
[852]: (286.2645096301492,1)
[853]: (286.340836388672,1)
[854]: (286.1019263564662,1)
[855]: (286.2346506187851,1)
[856]: (286.0215089116678,1)
[857]: (286.4173557029141,1)
[858]: (286.9457054641221,1)
[859]: (286.6817523162488,1)
[860]: (286.6852822330814,1)
[861]: (286.0425694971347,1)
[862]: (286.1360725309212,1)
[863]: (286.0660960916248,1)
[864]: (286.1313924796935,1)
[865]: (286.0393758631437,1)
[866]: (286.0795902995034,1)
[867]: (286.4084389838996,1)
[868]: (286.3708883774547,1)
[869]: (286.2684044083954,1)
[870]: (286.072750807487,1)
[871]: (286.0163217183382,1)
[872]: (286.2588522317648,1)
[873]: (286.2040585568595,1)
[874]: (286.3190485461284,1)
[875]: (286.0264010416798,1)
[876]: (286.2762792304314,1)
[877]: (286.7625146450625,1)
[878]: (286.1857970405528,1)
[879]: (286.1797274930051,1)
[880]: (286.4907453270383,1)
[881]: (286.8011989175238,1)
[882]: (286.5639665036528,1)
[883]: (286.6251558198077,1)
[884]: (286.2145641140467,1)
[885]: (286.2546359064274,1)
[886]: (287.7985649927004,1)
[887]: (286.1563370073706,1)
[888]: (286.2706004265251,1)
[889]: (286.172004982025,1)
[890]: (286.5263283982264,1)
[891]: (286.2397853856002,1)
[892]: (286.1057255283098,1)
[893]: (286.3708789359626,1)
[894]: (286.5082338753119,1)
[895]: (286.2817523858156,1)
[896]: (286.0994099577173,1)
[897]: (286.1366530875582,1)
[898]: (286.1804146050301,1)
[899]: (286.3021438605368,1)
[900]: (286.0637012017539,1)
[901]: (286.0216619153666,1)
[902]: (286.0476550886929,1)
[903]: (286.8046909060245,1)
[904]: (286.4589643581101,1)
[905]: (286.6360216633522,1)
[906]: (286.4239734992091,1)
[907]: (286.0478050349142,1)
[908]: (286.2488711800665,1)
[909]: (286.3110630558129,1)
[910]: (286.108661558734,1)
[911]: (286.1173918155277,1)
[912]: (286.4952085811441,1)
[913]: (286.035459334538,1)
[914]: (286.2457338036195,1)
[915]: (286.096707962731,1)
[916]: (286.3290107937211,1)
[917]: (286.2870759437548,1)
[918]: (286.3622340235406,1)
[919]: (286.0557111821612,1)
[920]: (286.0010961376568,1)
[921]: (286.7490316061785,1)
[922]: (286.2359852388369,1)
[923]: (286.3502354643883,1)
[924]: (286.0392807084205,1)
[925]: (286.1615361160158,1)
[926]: (286.0023551381312,1)
[927]: (286.3185720774656,1)
[928]: (286.1080044763762,1)
[929]: (286.0645357508788,1)
[930]: (286.263177989196,1)
[931]: (286.5273031399751,1)
[932]: (286.2906819700903,1)
[933]: (286.638603101992,1)
[934]: (286.1125198595697,1)
[935]: (286.3078285941769,1)
[936]: (286.2847304880924,1)
[937]: (286.2355792614816,1)
[938]: (286.0596723692155,1)
[939]: (286.2189374991443,1)
[940]: (286.2821772921659,1)
[941]: (286.1023516572167,1)
[942]: (286.6994120062398,1)
[943]: (286.2747161034367,1)
[944]: (286.7524126482126,1)
[945]: (286.0192669815863,1)
[946]: (286.3725277801067,1)
[947]: (286.1687906785085,1)
[948]: (286.5221343185798,1)
[949]: (286.4658649882927,1)
[950]: (286.4797334481848,1)
[951]: (287.4989612058008,1)
[952]: (286.203562601353,1)
[953]: (286.9134312648112,1)
[954]: (286.1025835065658,1)
[955]: (286.1104584211649,1)
[956]: (286.1064145210987,1)
[957]: (287.7257052811549,1)
[958]: (286.0971969916641,1)
[959]: (286.0670408944191,1)
[960]: (286.0073513924052,1)
[961]: (286.074377156486,1)
[962]: (286.0315887812944,1)
[963]: (286.5016506321177,1)
[964]: (286.6418522748768,1)
[965]: (286.2826639699506,1)
[966]: (286.2301051972042,1)
[967]: (286.1232969394862,1)
[968]: (286.0012471884829,1)
[969]: (286.4284865124677,1)
[970]: (286.0382206527212,1)
[971]: (286.6484693612595,1)
[972]: (286.1017149381446,1)
[973]: (286.4452130051303,1)
[974]: (286.2556992947789,1)
[975]: (286.4950652780818,1)
[976]: (286.4860525173388,1)
[977]: (286.0656389029858,1)
[978]: (286.0298829615839,1)
[979]: (286.0550150326479,1)
[980]: (286.0195159099499,1)
[981]: (287.0194864666111,1)
[982]: (286.5628666857145,1)
[983]: (286.149658973985,1)
[984]: (286.6441841672078,1)
[985]: (286.0873885927342,1)
[986]: (286.0889410590488,1)
[987]: (286.5575608822706,1)
[988]: (286.0978718257916,1)
[989]: (286.330409302103,1)
[990]: (286.0586200714085,1)
[991]: (286.1912837377844,1)
[992]: (286.0309496688292,1)
[993]: (286.3077891036508,1)
[994]: (286.0663878729776,1)
[995]: (286.0443096634886,1)
[996]: (286.6292796049347,1)
[997]: (286.7176264715928,1)
[998]: (286.9353269344512,1)
[999]: (286.0908215751528,1)
[1000]: (286.6047928260977,1)
[1001]: (286.0226862890779,1)
[1002]: (286.4296577741588,1)
[1003]: (286.293879411239,1)
[1004]: (286.0884566887788,1)
[1005]: (286.2540885938432,1)
[1006]: (286.5133044227798,1)
[1007]: (286.1576580583585,1)
[1008]: (286.0314123106955,1)
[1009]: (286.4074852402935,1)
[1010]: (286.5708200352692,1)
[1011]: (286.1198801266426,1)
[1012]: (286.7521658274035,1)
[1013]: (286.1993349992886,1)
[1014]: (286.5891375577892,1)
[1015]: (286.3012303872234,1)
[1016]: (286.0838352477734,1)
[1017]: (286.2196101690409,1)
[1018]: (286.2049042515745,1)
[1019]: (286.3752084746372,1)
[1020]: (286.7700626212262,1)
[1021]: (286.0466149307881,1)
[1022]: (286.0067198105843,1)
[1023]: (286.2855033339956,1)
[1024]: (286.4886476574096,1)
[1025]: (286.3253306795745,1)
[1026]: (286.0668065368586,1)
[1027]: (286.1130055575972,1)
[1028]: (286.2711483737773,1)
[1029]: (286.5083290490904,1)
[1030]: (286.7057333149937,1)
[1031]: (286.072439753544,1)
[1032]: (286.0999975514542,1)
[1033]: (286.1868110450166,1)
[1034]: (286.0891310411245,1)
[1035]: (286.8386164503335,1)
[1036]: (286.8578609795978,1)
[1037]: (286.2875359904756,1)
[1038]: (286.0736610165084,1)
[1039]: (286.5463070782633,1)
[1040]: (286.1209680648105,1)
[1041]: (286.2105190945985,1)
[1042]: (286.1629088420032,1)
[1043]: (286.2352987358031,1)
[1044]: (286.0274194239387,1)
[1045]: (286.2186750713053,1)
[1046]: (286.6984419477809,1)
[1047]: (286.1996282105449,1)
[1048]: (286.9404506671401,1)
[1049]: (286.2644593154594,1)
[1050]: (286.6771949106565,1)
[1051]: (286.0435881827165,1)
[1052]: (286.6258445360572,1)
[1053]: (286.2849536888667,1)
[1054]: (286.0488997740681,1)
[1055]: (286.1480692851064,1)
[1056]: (286.017210745416,1)
[1057]: (286.2308368680353,1)
[1058]: (286.560447446328,1)
[1059]: (286.0045944516654,1)
[1060]: (286.6905204066682,1)
[1061]: (286.2316158815328,1)
[1062]: (286.2679416505217,1)
[1063]: (286.0945965330934,1)
[1064]: (286.0369884127927,1)
[1065]: (286.0546737350671,1)
[1066]: (286.0058689576007,1)
[1067]: (286.1055111396428,1)
[1068]: (286.5265473135896,1)
[1069]: (287.0805391686532,1)
[1070]: (286.4984275577796,1)
[1071]: (286.0406871398511,1)
[1072]: (286.1076952698232,1)
[1073]: (286.0740285673306,1)
[1074]: (286.4023498876819,1)
[1075]: (286.2340487308289,1)
[1076]: (286.025219604145,1)
[1077]: (286.4092561579422,1)
[1078]: (286.1167070268123,1)
[1079]: (286.0798388555842,1)
[1080]: (286.7695385766893,1)
[1081]: (287.4362617307061,1)
[1082]: (286.5719033283773,1)
[1083]: (286.0682834196306,1)
[1084]: (286.0773609205851,1)
[1085]: (286.3551836094954,1)
[1086]: (286.0359798339044,1)
[1087]: (286.0945083423498,1)
[1088]: (286.1394388671247,1)
[1089]: (286.009985419776,1)
[1090]: (286.7497830390855,1)
[1091]: (286.060440394996,1)
[1092]: (286.3271391503681,1)
[1093]: (286.4655109745448,1)
[1094]: (286.171232731947,1)
[1095]: (286.3312089452061,1)
[1096]: (286.0705344852378,1)
[1097]: (286.0810181580011,1)
[1098]: (286.4489961378782,1)
[1099]: (286.5332703276568,1)
[1100]: (286.1264922301831,1)
[1101]: (287.2326775360275,1)
[1102]: (286.0332118678149,1)
[1103]: (287.3423178456309,1)
[1104]: (286.0755186380603,1)
[1105]: (286.1824818711559,1)
[1106]: (286.0152220357482,1)
[1107]: (286.4055983787844,1)
[1108]: (286.2480316840649,1)
[1109]: (286.0245919728982,1)
[1110]: (286.2321768925554,1)
[1111]: (286.4104798211898,1)
[1112]: (286.0450420421831,1)
[1113]: (286.051422883712,1)
[1114]: (286.0525450434897,1)
[1115]: (287.2218527817482,1)
[1116]: (286.4916215450939,1)
[1117]: (286.04759196242,1)
[1118]: (286.251871073364,1)
[1119]: (286.2226878793044,1)
[1120]: (286.4045196844097,1)
[1121]: (286.1563153278482,1)
[1122]: (286.233844346321,1)
[1123]: (286.0350160569178,1)
[1124]: (286.45266806527,1)
[1125]: (286.5413158814747,1)
[1126]: (286.3583204937319,1)
[1127]: (286.430829338869,1)
[1128]: (286.0490913383757,1)
[1129]: (287.4515391033273,1)
[1130]: (286.7375947209934,1)
[1131]: (287.4166756389947,1)
[1132]: (286.1043307553443,1)
[1133]: (286.2515569939255,1)
[1134]: (286.4188168025685,1)
[1135]: (286.0598089905852,1)
[1136]: (286.131701930036,1)
[1137]: (287.4559542584223,1)
[1138]: (286.1576268374456,1)
[1139]: (286.0544113427225,1)
[1140]: (286.09037310622,1)
[1141]: (286.406286707694,1)
[1142]: (286.2068938336969,1)
[1143]: (286.3582178375503,1)
[1144]: (286.3017616100331,1)
[1145]: (286.0241228275226,1)
[1146]: (286.3835438394512,1)
[1147]: (286.1510928130535,1)
[1148]: (286.1182752291278,1)
[1149]: (286.8656051493197,1)
[1150]: (286.1456388246312,1)
[1151]: (286.4380003821741,1)
[1152]: (286.0924392115696,1)
[1153]: (287.4342852009901,1)
[1154]: (286.3310213020873,1)
[1155]: (286.2139898115189,1)
[1156]: (286.0810287778363,1)
[1157]: (287.3312179112409,1)
[1158]: (286.2932005937809,1)
[1159]: (286.0667867969835,1)
[1160]: (286.4303931848973,1)
[1161]: (287.029559214796,1)
[1162]: (286.0526494519566,1)
[1163]: (286.0384420218518,1)
[1164]: (286.0351737260777,1)
[1165]: (286.2751941306152,1)
[1166]: (286.1659658451142,1)
[1167]: (286.5052777792004,1)
[1168]: (286.9168487768238,1)
[1169]: (286.1023459913337,1)
[1170]: (286.1129270620198,1)
[1171]: (286.007764694681,1)
[1172]: (286.3896331131893,1)
[1173]: (286.7178599605679,1)
[1174]: (286.1988543941757,1)
[1175]: (286.6182751134948,1)
[1176]: (286.0425026608677,1)
[1177]: (286.1221011991058,1)
[1178]: (286.2165496197322,1)
[1179]: (286.8650388215475,1)
[1180]: (286.3393287009752,1)
[1181]: (286.1936445414982,1)
[1182]: (286.1464484397853,1)
[1183]: (286.3415642588711,1)
[1184]: (286.8813942000175,1)
[1185]: (286.916884292039,1)
[1186]: (286.0528015416231,1)
[1187]: (286.8830759880553,1)
[1188]: (286.7032527160504,1)
[1189]: (286.0855572613046,1)
[1190]: (286.0055634891514,1)
[1191]: (286.3878594282693,1)
[1192]: (286.1847557750361,1)
[1193]: (286.0518904499533,1)
[1194]: (286.0519847020261,1)
[1195]: (287.1023365040736,1)
[1196]: (286.835660090258,1)
[1197]: (286.6894157845416,1)
[1198]: (286.1610197115328,1)
[1199]: (286.2866137521606,1)
[1200]: (286.294949765554,1)
[1201]: (286.01111348701,1)
[1202]: (286.8330134849714,1)
[1203]: (286.0785901155303,1)
[1204]: (286.6684071370635,1)
[1205]: (286.1118274183767,1)
[1206]: (286.1239533236514,1)
[1207]: (286.1131793542531,1)
[1208]: (286.0303043689639,1)
[1209]: (286.5555102890166,1)
[1210]: (286.2060318396884,1)
[1211]: (286.1399702135154,1)
[1212]: (286.1950712909137,1)
[1213]: (286.2063055759962,1)
[1214]: (286.178457546055,1)
[1215]: (286.9907349822569,1)
[1216]: (286.0255119609764,1)
[1217]: (286.1797667859217,1)
[1218]: (286.5430902299712,1)
[1219]: (286.1882034726819,1)
[1220]: (286.4432537311442,1)
[1221]: (287.6298429624296,1)
[1222]: (286.1998977889687,1)
[1223]: (286.0958479126543,1)
[1224]: (287.3719880064692,1)
[1225]: (286.0221993536022,1)
[1226]: (287.1272704665149,1)
[1227]: (286.8021724850822,1)
[1228]: (286.0424066740538,1)
[1229]: (286.0496854034516,1)
[1230]: (286.5821330848498,1)
[1231]: (286.0635639875086,1)
[1232]: (287.1303986131211,1)
[1233]: (286.3208930943417,1)
[1234]: (286.0960568491033,1)
[1235]: (286.4987200250901,1)
[1236]: (286.1583477975778,1)
[1237]: (286.1090438651223,1)
[1238]: (286.2408030421013,1)
[1239]: (286.0097339353796,1)
[1240]: (286.2721469578608,1)
[1241]: (286.0047977648692,1)
[1242]: (286.0237379238839,1)
[1243]: (286.3533682626232,1)
[1244]: (286.1714812060669,1)
[1245]: (286.2316485982492,1)
[1246]: (287.4075939524314,1)
[1247]: (286.0593567390152,1)
[1248]: (286.0812136204212,1)
[1249]: (286.4519237835378,1)
[1250]: (286.3788072695091,1)
[1251]: (286.9844828270253,1)
[1252]: (286.5713988299081,1)
[1253]: (286.234686779348,1)
[1254]: (286.1292823897004,1)
[1255]: (286.5218236743264,1)
[1256]: (286.0276866804261,1)
[1257]: (286.4234643824649,1)
[1258]: (286.3690103935438,1)
[1259]: (286.3193213281216,1)
[1260]: (286.0231378174636,1)
[1261]: (286.1976347699027,1)
[1262]: (286.2911922512275,1)
[1263]: (286.081133578382,1)
[1264]: (286.090537152808,1)
[1265]: (286.4467148901822,1)
[1266]: (286.2519487175442,1)
[1267]: (286.0327952631525,1)
[1268]: (286.0955233700808,1)
[1269]: (286.3708238107213,1)
[1270]: (286.1159647854496,1)
[1271]: (286.0509164772515,1)
[1272]: (286.0280810368856,1)
[1273]: (286.2132835088339,1)
[1274]: (286.2640012349911,1)
[1275]: (286.4733871755895,1)
[1276]: (286.1283584774099,1)
[1277]: (286.1631757568815,1)
[1278]: (286.0290124214302,1)
[1279]: (286.3671686781492,1)
[1280]: (286.2663265216228,1)
[1281]: (286.0566496371166,1)
[1282]: (286.5555383169918,1)
[1283]: (286.2186212205685,1)
[1284]: (286.3419643386207,1)
[1285]: (286.1500805575469,1)
[1286]: (286.1465399839652,1)
[1287]: (286.852578438026,1)
[1288]: (286.3119339630555,1)
[1289]: (286.5586630123119,1)
[1290]: (286.4581035128177,1)
[1291]: (286.0630374016976,1)
[1292]: (286.0383030263426,1)
[1293]: (286.4230590864128,1)
[1294]: (286.3719923277974,1)
[1295]: (286.1245437218626,1)
[1296]: (286.0935355981621,1)
[1297]: (286.1688103011547,1)
[1298]: (286.3634164041084,1)
[1299]: (286.381266469613,1)
[1300]: (286.1766665546743,1)
[1301]: (286.2463711531097,1)
[1302]: (286.3617609539712,1)
[1303]: (286.0670479358779,1)
[1304]: (286.5862657683899,1)
[1305]: (286.1454658844012,1)
[1306]: (286.1658281964044,1)
[1307]: (286.2635745982674,1)
[1308]: (286.295293385128,1)
[1309]: (286.1087351296248,1)
[1310]: (286.0482048501653,1)
[1311]: (286.349373960468,1)
[1312]: (286.5625181164672,1)
[1313]: (286.2582091413323,1)
[1314]: (286.0828047152128,1)
[1315]: (286.3127266213878,1)
[1316]: (286.1780865519245,1)
[1317]: (286.6631299918733,1)
[1318]: (286.1092106003562,1)
[1319]: (286.6776461590463,1)
[1320]: (286.1335886975771,1)
[1321]: (286.2986575237472,1)
[1322]: (286.6079671827933,1)
[1323]: (286.627295133022,1)
[1324]: (286.1215830086002,1)
[1325]: (286.2124236234247,1)
[1326]: (286.2535878138815,1)
[1327]: (287.3738491710255,1)
[1328]: (286.1636861455473,1)
[1329]: (286.1984603004398,1)
[1330]: (286.5422587315863,1)
[1331]: (286.041450679466,1)
[1332]: (286.0373133576629,1)
[1333]: (286.3114068118438,1)
[1334]: (286.052603327369,1)
[1335]: (286.2634198254036,1)
[1336]: (286.0081459114214,1)
[1337]: (286.2875847993603,1)
[1338]: (286.3373089769087,1)
[1339]: (286.0211987333349,1)
[1340]: (286.052910033154,1)
[1341]: (286.2488082942663,1)
[1342]: (286.1089722630713,1)
[1343]: (286.2209554747306,1)
[1344]: (286.3258189910333,1)
[1345]: (286.0998909573591,1)
[1346]: (286.5111588397161,1)
[1347]: (286.2173504940608,1)
[1348]: (286.9034819368401,1)
[1349]: (286.0769166924908,1)
[1350]: (286.0436144500043,1)
[1351]: (286.031526205733,1)
[1352]: (286.5715137538406,1)
[1353]: (286.3019032894949,1)
[1354]: (286.3460347708609,1)
[1355]: (286.2683677430605,1)
[1356]: (286.11312423252,1)
[1357]: (286.6751424704626,1)
[1358]: (286.3930879553744,1)
[1359]: (287.1807574607629,1)
[1360]: (286.4306271200427,1)
[1361]: (286.0693312779666,1)
[1362]: (286.1779956355488,1)
[1363]: (286.0014236853031,1)
[1364]: (286.5134925729715,1)
[1365]: (286.0280746482085,1)
[1366]: (287.0226601183376,1)
[1367]: (287.2696889306258,1)
[1368]: (286.9034483252531,1)
[1369]: (286.2681786245944,1)
[1370]: (286.9378606447544,1)
[1371]: (286.784952172894,1)
[1372]: (286.7614216614487,1)
[1373]: (286.1169585229296,1)
[1374]: (286.0691818967855,1)
[1375]: (286.026577688325,1)
[1376]: (286.3324554696124,1)
[1377]: (286.5002220312541,1)
[1378]: (286.4289697497595,1)
[1379]: (286.7249387887213,1)
[1380]: (286.289599219026,1)
[1381]: (286.4405369733898,1)
[1382]: (286.396022436024,1)
[1383]: (286.700812299883,1)
[1384]: (286.6868636126699,1)
[1385]: (286.2584353022692,1)
[1386]: (286.3099289488287,1)
[1387]: (286.4704058505303,1)
[1388]: (286.9538297828003,1)
[1389]: (286.3563319030793,1)
[1390]: (286.0650635613496,1)
[1391]: (286.1458949819013,1)
[1392]: (286.2625102979647,1)
[1393]: (286.1495981973188,1)
[1394]: (286.0508148840007,1)
[1395]: (286.4391389437467,1)
[1396]: (286.0918981507346,1)
[1397]: (286.0970845247296,1)
[1398]: (286.3358204977107,1)
[1399]: (286.0105034457822,1)
[1400]: (286.1271220747128,1)
[1401]: (286.2887278362438,1)
[1402]: (286.1455741340628,1)
[1403]: (286.6851745815395,1)
[1404]: (286.7529613563126,1)
[1405]: (286.245304881583,1)
[1406]: (286.2118583746139,1)
[1407]: (286.0238330804428,1)
[1408]: (286.6955495733345,1)
[1409]: (286.0813639551454,1)
[1410]: (286.3092925415479,1)
[1411]: (286.0858395086967,1)
[1412]: (286.1435756835738,1)
[1413]: (286.0625059261267,1)
[1414]: (286.5562066682068,1)
[1415]: (286.1484686490284,1)
[1416]: (286.2632946001341,1)
[1417]: (286.5704785720456,1)
[1418]: (287.1597689463833,1)
[1419]: (286.2964346416019,1)
[1420]: (286.047669090273,1)
[1421]: (286.7379182621526,1)
[1422]: (286.2070299982047,1)
[1423]: (286.3001302774624,1)
[1424]: (286.2608504143317,1)
[1425]: (286.0035823763632,1)
[1426]: (286.0730324004256,1)
[1427]: (286.3205127533089,1)
[1428]: (286.0413290885674,1)
[1429]: (286.0733548315661,1)
[1430]: (286.553318478288,1)
[1431]: (287.0376754484451,1)
[1432]: (286.3836168116918,1)
[1433]: (286.1530122299203,1)
[1434]: (286.9554261014949,1)
[1435]: (286.0918569058385,1)
[1436]: (286.0159320840395,1)
[1437]: (286.2765612664696,1)
[1438]: (286.3583624914309,1)
[1439]: (286.2165714365674,1)
[1440]: (286.1988069053317,1)
[1441]: (286.0250129577014,1)
[1442]: (286.5300312921267,1)
[1443]: (286.1437848811886,1)
[1444]: (286.1056308098463,1)
[1445]: (286.2847222547365,1)
[1446]: (286.1976349092266,1)
[1447]: (286.2109843467293,1)
[1448]: (286.0150128273505,1)
[1449]: (286.7040253001781,1)
[1450]: (286.8026568145405,1)
[1451]: (287.0750886783663,1)
[1452]: (286.277168300838,1)
[1453]: (286.4605547369333,1)
[1454]: (286.1036769524841,1)
[1455]: (286.2131763600812,1)
[1456]: (286.6013389740381,1)
[1457]: (286.7694825621604,1)
[1458]: (286.3207076480368,1)
[1459]: (286.6510715543961,1)
[1460]: (286.0974374553527,1)
[1461]: (286.1495503011527,1)
[1462]: (286.004249046804,1)
[1463]: (286.0356995252043,1)
[1464]: (287.1405679340272,1)
[1465]: (286.3022525216805,1)
[1466]: (286.3012463650616,1)
[1467]: (286.6963015862813,1)
[1468]: (286.8797512726517,1)
[1469]: (286.0893049691313,1)
[1470]: (286.2067946198967,1)
[1471]: (286.0773613287491,1)
[1472]: (286.1574451965015,1)
[1473]: (286.2674731258107,1)
[1474]: (286.6125040066103,1)
[1475]: (286.0536597644047,1)
[1476]: (286.6666264737798,1)
[1477]: (286.0179172903914,1)
[1478]: (286.013628465405,1)
[1479]: (286.3916105282682,1)
[1480]: (286.011218404909,1)
[1481]: (286.0968597334637,1)
[1482]: (286.8513719591016,1)
[1483]: (286.1991612209891,1)
[1484]: (286.1923585359618,1)
[1485]: (286.1161549702981,1)
[1486]: (286.6856114706823,1)
[1487]: (286.3274693251665,1)
[1488]: (286.1861739686225,1)
[1489]: (286.917333559195,1)
[1490]: (286.5547194859146,1)
[1491]: (286.39470252453,1)
[1492]: (286.0098933311341,1)
[1493]: (286.1152626716328,1)
[1494]: (286.204250646569,1)
[1495]: (286.6093240483521,1)
[1496]: (286.5442798153199,1)
[1497]: (286.3630559149512,1)
[1498]: (286.4606623681725,1)
[1499]: (286.5393133079628,1)
[1500]: (286.5359452349376,1)
[1501]: (286.2042794209569,1)
[1502]: (286.1643360367389,1)
[1503]: (286.1155488469931,1)
[1504]: (286.5399134258481,1)
[1505]: (286.4898662622659,1)
[1506]: (286.3662498362047,1)
[1507]: (286.0901441034462,1)
[1508]: (286.3581488653115,1)
[1509]: (286.0333951303416,1)
[1510]: (286.0040125725907,1)
[1511]: (286.2412016269161,1)
[1512]: (286.2391230170836,1)
[1513]: (286.240605892207,1)
[1514]: (287.648731487631,1)
[1515]: (286.0764882737471,1)
[1516]: (286.1717951660867,1)
[1517]: (286.0359149430332,1)
[1518]: (286.3249906806559,1)
[1519]: (286.9567319728387,1)
[1520]: (286.4995951607125,1)
[1521]: (286.3445464057325,1)
[1522]: (286.1333027313824,1)
[1523]: (286.0018665608929,1)
[1524]: (286.0756699984836,1)
[1525]: (286.2003190601388,1)
[1526]: (286.1117539129265,1)
[1527]: (286.0255162406997,1)
[1528]: (286.1236040367597,1)
[1529]: (286.0661723558731,1)
[1530]: (286.2632754866531,1)
[1531]: (286.8894225994804,1)
[1532]: (286.0614881117795,1)
[1533]: (286.2076692461916,1)
[1534]: (286.677886958471,1)
[1535]: (286.06566727902,1)
[1536]: (286.4719122371441,1)
[1537]: (286.2862753114928,1)
[1538]: (286.5713876001714,1)
[1539]: (286.191842677474,1)
[1540]: (286.0215999493515,1)
[1541]: (286.901200759637,1)
[1542]: (286.2434394249121,1)
[1543]: (286.0201243616538,1)
[1544]: (286.2366827677936,1)
[1545]: (287.4148339258417,1)
[1546]: (286.4255568038598,1)
[1547]: (286.433031965951,1)
[1548]: (286.1199656449576,1)
[1549]: (286.1976758043086,1)
[1550]: (286.0274506074273,1)
[1551]: (286.0574686651893,1)
[1552]: (286.1105197494249,1)
[1553]: (286.2502477797382,1)
[1554]: (286.3169965152894,1)
[1555]: (286.2100884291208,1)
[1556]: (286.2389972265339,1)
[1557]: (286.015115681649,1)
[1558]: (286.1106528732479,1)
[1559]: (286.4072922356037,1)
[1560]: (286.202408255442,1)
[1561]: (286.227170700103,1)
[1562]: (286.0824874540653,1)
[1563]: (286.5590795660243,1)
[1564]: (286.0109130334386,1)
[1565]: (286.0939194125822,1)
[1566]: (286.6503740768906,1)
[1567]: (286.5215466669346,1)
[1568]: (286.2325718630735,1)
[1569]: (286.0343689619381,1)
[1570]: (286.2468044321102,1)
[1571]: (286.1205845634992,1)
[1572]: (286.0161462122431,1)
[1573]: (287.4401335430663,1)
[1574]: (286.3395821677961,1)
[1575]: (286.4463129654802,1)
[1576]: (286.1900376881855,1)
[1577]: (286.5884027426504,1)
[1578]: (286.5156254804935,1)
[1579]: (286.5880725201404,1)
[1580]: (286.0440633674291,1)
[1581]: (286.6514433080308,1)
[1582]: (286.0011670298271,1)
[1583]: (286.3259371346467,1)
[1584]: (286.3539246345011,1)
[1585]: (286.0879739977412,1)
[1586]: (286.1249793806401,1)
[1587]: (286.0208575666438,1)
[1588]: (286.0200505310743,1)
[1589]: (286.2395401681299,1)
[1590]: (286.4134621990306,1)
[1591]: (286.1882568249046,1)
[1592]: (286.277193807064,1)
[1593]: (286.1221091296711,1)
[1594]: (286.2866558879895,1)
[1595]: (286.5469911133541,1)
[1596]: (286.879329132531,1)
[1597]: (286.2282461022749,1)
[1598]: (286.0750568874995,1)
[1599]: (286.0880369790189,1)
[1600]: (286.1609076822508,1)
[1601]: (286.361041228951,1)
[1602]: (286.1761348693301,1)
[1603]: (286.0908600325196,1)
[1604]: (286.2914642575735,1)
[1605]: (286.3847723248332,1)
[1606]: (286.0215617114947,1)
[1607]: (286.0285105396633,1)
[1608]: (286.3519512140767,1)
[1609]: (286.0569796612533,1)
[1610]: (286.0079849455087,1)
[1611]: (286.6605742064951,1)
[1612]: (286.1072019469468,1)
[1613]: (286.1964611035344,1)
[1614]: (286.6491839246133,1)
[1615]: (286.0943088304633,1)
[1616]: (286.1904532219143,1)
[1617]: (286.4421607628847,1)
[1618]: (286.0827652343583,1)
[1619]: (287.0203159345025,1)
[1620]: (286.0847949991915,1)
[1621]: (286.3823410349918,1)
[1622]: (286.3460767554095,1)
[1623]: (286.2737541348683,1)
[1624]: (287.1342975639375,1)
[1625]: (286.1411067329039,1)
[1626]: (286.0649239374263,1)
[1627]: (286.2040588733868,1)
[1628]: (286.0205470416468,1)
[1629]: (286.0853199652793,1)
[1630]: (286.2091977544391,1)
[1631]: (286.0588621320513,1)
[1632]: (286.435817252984,1)
[1633]: (286.5138885598055,1)
[1634]: (286.01937257577,1)
[1635]: (286.057055244886,1)
[1636]: (286.5710312250345,1)
[1637]: (286.3919115246189,1)
[1638]: (286.4583339718016,1)
[1639]: (286.4520999782275,1)
[1640]: (286.2569969397231,1)
[1641]: (286.5718037876007,1)
[1642]: (286.1115146433292,1)
[1643]: (287.2817445086158,1)
[1644]: (286.4360031526558,1)
[1645]: (286.1547948241846,1)
[1646]: (286.3916961434691,1)
[1647]: (286.0556082487377,1)
[1648]: (286.2722849347349,1)
[1649]: (286.02445460074,1)
[1650]: (286.3980122677302,1)
[1651]: (286.3216709837131,1)
[1652]: (286.1412854993726,1)
[1653]: (286.0842008097338,1)
[1654]: (286.2560694298085,1)
[1655]: (286.076013257087,1)
[1656]: (286.1510312263828,1)
[1657]: (286.4260127897744,1)
[1658]: (286.9695609555245,1)
[1659]: (286.1580096228046,1)
[1660]: (286.3916806719065,1)
[1661]: (286.0607899549432,1)
[1662]: (286.2594229012832,1)
[1663]: (286.2343582955439,1)
[1664]: (286.0525317238459,1)
[1665]: (286.4735149126477,1)
[1666]: (286.1236437862597,1)
[1667]: (286.5919102961606,1)
[1668]: (286.0451902409758,1)
[1669]: (287.0091430649294,1)
[1670]: (286.1418807356827,1)
[1671]: (286.7579753794248,1)
[1672]: (286.6292635204545,1)
[1673]: (286.1660471374178,1)
[1674]: (286.6010263243122,1)
[1675]: (286.208137360862,1)
[1676]: (286.668010641881,1)
[1677]: (286.8373680481266,1)
[1678]: (286.1164546340871,1)
[1679]: (286.1936432253129,1)
[1680]: (286.5360478812873,1)
[1681]: (286.3658512094182,1)
[1682]: (286.9764621090299,1)
[1683]: (286.1196233140404,1)
[1684]: (286.1494086960578,1)
[1685]: (286.7236694027136,1)
[1686]: (286.7046315464314,1)
[1687]: (286.1453864216821,1)
[1688]: (286.0581626498083,1)
[1689]: (286.0434645783167,1)
[1690]: (286.278162896091,1)
[1691]: (286.3580519893549,1)
[1692]: (286.4365852180305,1)
[1693]: (286.0909962135536,1)
[1694]: (286.8250289920011,1)
[1695]: (286.7535188875867,1)
[1696]: (286.3384952822904,1)
[1697]: (286.175401179533,1)
[1698]: (286.6362243595563,1)
[1699]: (286.2032504968567,1)
[1700]: (286.2914077374829,1)
[1701]: (286.3755316099284,1)
[1702]: (286.1174698594136,1)
[1703]: (286.0055689375938,1)
[1704]: (286.4799981125404,1)
[1705]: (286.3909916861134,1)
[1706]: (286.0815871503129,1)
[1707]: (286.3220367106878,1)
[1708]: (286.4837612975236,1)
[1709]: (286.0555540569549,1)
[1710]: (286.3618140015563,1)
[1711]: (286.3517348678473,1)
[1712]: (286.0583361213202,1)
[1713]: (286.7805224070598,1)
[1714]: (286.0507993984398,1)
[1715]: (286.1568669672343,1)
[1716]: (286.6110692780684,1)
[1717]: (286.0577531002588,1)
[1718]: (286.3684720018211,1)
[1719]: (286.2220017524755,1)
[1720]: (286.3286673054565,1)
[1721]: (286.3134618823023,1)
[1722]: (286.5464596420635,1)
[1723]: (286.0019465466819,1)
[1724]: (286.3806320758825,1)
[1725]: (286.023777723256,1)
[1726]: (286.1611579854093,1)
[1727]: (286.0081743324751,1)
[1728]: (286.1206234209694,1)
[1729]: (286.015467222068,1)
[1730]: (286.1895119783043,1)
[1731]: (286.1316466322223,1)
[1732]: (286.0171074547488,1)
[1733]: (286.0744874421693,1)
[1734]: (286.1377782791464,1)
[1735]: (286.6774489087035,1)
[1736]: (286.3499180068784,1)
[1737]: (286.2782417005138,1)
[1738]: (286.2076121861808,1)
[1739]: (286.5831868559087,1)
[1740]: (286.2818967197524,1)
[1741]: (286.4980348360784,1)
[1742]: (286.9665764873191,1)
[1743]: (286.2208544411592,1)
[1744]: (286.0621269238622,1)
[1745]: (286.3217947904187,1)
[1746]: (286.3798430418236,1)
[1747]: (286.8908278532614,1)
[1748]: (286.2353288018404,1)
[1749]: (286.1584184427078,1)
[1750]: (286.4393269949451,1)
[1751]: (286.1593659030372,1)
[1752]: (286.3601845019886,1)
[1753]: (286.1858833724569,1)
[1754]: (288.3152878792304,1)
[1755]: (286.0607118044616,1)
[1756]: (286.5798961583945,1)
[1757]: (286.1359030991815,1)
[1758]: (286.7589299082398,1)
[1759]: (286.0983826658733,1)
[1760]: (287.0330091723093,1)
[1761]: (286.2870021936534,1)
[1762]: (286.0416520536402,1)
[1763]: (286.3659074420135,1)
[1764]: (286.4587836289763,1)
[1765]: (286.6763791103546,1)
[1766]: (286.0933187574331,1)
[1767]: (286.0137422159004,1)
[1768]: (286.2056479538326,1)
[1769]: (286.4529803890518,1)
[1770]: (286.1008146344843,1)
[1771]: (286.3859317223649,1)
[1772]: (286.4868138075568,1)
[1773]: (286.0554366241677,1)
[1774]: (286.8221619534083,1)
[1775]: (286.0163403281564,1)
[1776]: (286.0895163901042,1)
[1777]: (286.8361086964928,1)
[1778]: (287.9316990593296,1)
[1779]: (286.0306799430048,1)
[1780]: (286.0111728231416,1)
[1781]: (286.0658900051495,1)
[1782]: (286.2542411197879,1)
[1783]: (286.527871154034,1)
[1784]: (286.0379608089735,1)
[1785]: (286.6498588182013,1)
[1786]: (286.0669611108861,1)
[1787]: (286.9222283605405,1)
[1788]: (286.0670487722443,1)
[1789]: (286.2594365541842,1)
[1790]: (286.1548181274141,1)
[1791]: (286.0883650234045,1)
[1792]: (286.5371330764738,1)
[1793]: (286.1465793450938,1)
[1794]: (286.0547725840219,1)
[1795]: (286.895944476322,1)
[1796]: (286.8553924216937,1)
[1797]: (286.1047718349051,1)
[1798]: (286.3431424799051,1)
[1799]: (286.1190441366294,1)
[1800]: (286.0015403149715,1)
[1801]: (286.0300740287333,1)
[1802]: (286.1733228246754,1)
[1803]: (286.2375048283318,1)
[1804]: (286.2287766480128,1)
[1805]: (286.8144902775978,1)
[1806]: (286.3403176820113,1)
[1807]: (286.0227871251405,1)
[1808]: (286.8358858048639,1)
[1809]: (286.2287464900845,1)
[1810]: (286.0386800144228,1)
[1811]: (286.6756235199211,1)
[1812]: (286.2514419825298,1)
[1813]: (286.3581205217283,1)
[1814]: (286.0337103914476,1)
[1815]: (286.0786009890512,1)
[1816]: (286.6784478716839,1)
[1817]: (286.5407247596144,1)
[1818]: (286.1443965790247,1)
[1819]: (286.1060917062558,1)
[1820]: (286.0247858330176,1)
[1821]: (286.1341366941361,1)
[1822]: (286.2530884907926,1)
[1823]: (286.4547716166841,1)
[1824]: (286.1763436045967,1)
[1825]: (286.2159704608221,1)
[1826]: (286.0652112348882,1)
[1827]: (286.4917233454354,1)
[1828]: (286.0966617841461,1)
[1829]: (286.289922175256,1)
[1830]: (286.07275491581,1)
[1831]: (287.3812760805802,1)
[1832]: (286.6170168630411,1)
[1833]: (286.0377187615044,1)
[1834]: (286.2943494784254,1)
[1835]: (286.1657902938702,1)
[1836]: (286.330274835884,1)
[1837]: (286.3602312825666,1)
[1838]: (286.326724793391,1)
[1839]: (286.2182103354394,1)
[1840]: (286.0957055590065,1)
[1841]: (286.4206753890373,1)
[1842]: (286.0351115405853,1)
[1843]: (287.1255636229794,1)
[1844]: (286.0734507391891,1)
[1845]: (286.6377284223106,1)
[1846]: (286.3946348083623,1)
[1847]: (286.8084966728808,1)
[1848]: (286.0559156195228,1)
[1849]: (286.9203871141377,1)
[1850]: (287.2739552510765,1)
[1851]: (286.3395741453231,1)
[1852]: (286.3458568887471,1)
[1853]: (286.5370228912234,1)
[1854]: (286.1155403339104,1)
[1855]: (286.3240515565427,1)
[1856]: (286.0524738517456,1)
[1857]: (286.0918834284142,1)
[1858]: (286.2040474713723,1)
[1859]: (286.4190522193633,1)
[1860]: (286.4299899143917,1)
[1861]: (286.3809236210782,1)
[1862]: (286.065731170262,1)
[1863]: (286.021045627201,1)
[1864]: (286.3883164964922,1)
[1865]: (286.0325364993171,1)
[1866]: (286.2950728707921,1)
[1867]: (286.5876065810105,1)
[1868]: (286.2040744570134,1)
[1869]: (286.6765182930238,1)
[1870]: (286.5050579521736,1)
[1871]: (286.2334382607773,1)
[1872]: (286.0544671591321,1)
[1873]: (287.9977025612089,1)
[1874]: (286.1638037401392,1)
[1875]: (286.6119245246815,1)
[1876]: (286.3733108871249,1)
[1877]: (286.1758367416181,1)
[1878]: (286.2892106934327,1)
[1879]: (286.5142066722682,1)
[1880]: (286.1409557251126,1)
[1881]: (286.2737422807916,1)
[1882]: (286.1227451571814,1)
[1883]: (286.5948911829511,1)
[1884]: (286.3644594359134,1)
[1885]: (286.0445446608725,1)
[1886]: (286.7443581640116,1)
[1887]: (286.5344704050303,1)
[1888]: (286.0550084926662,1)
[1889]: (286.6452445114053,1)
[1890]: (286.1274600806506,1)
[1891]: (286.4143640854404,1)
[1892]: (286.0967485505467,1)
[1893]: (286.025341399657,1)
[1894]: (286.0804515514002,1)
[1895]: (286.3886133652094,1)
[1896]: (286.0021507694111,1)
[1897]: (286.2240416190097,1)
[1898]: (286.1990694178941,1)
[1899]: (286.4009132296616,1)
[1900]: (286.0907306065187,1)
[1901]: (286.0518842049185,1)
[1902]: (286.541120700027,1)
[1903]: (286.0527658889388,1)
[1904]: (286.3995216748682,1)
[1905]: (286.4197404413848,1)
[1906]: (286.4318577456366,1)
[1907]: (286.126186987293,1)
[1908]: (286.0083335749725,1)
[1909]: (286.2464190055373,1)
[1910]: (286.2249641355585,1)
[1911]: (286.2046017973055,1)
[1912]: (286.0884800052691,1)
[1913]: (287.901856317256,1)
[1914]: (286.2900447173927,1)
[1915]: (287.3158109275479,1)
[1916]: (286.2265987572625,1)
[1917]: (286.4043227951186,1)
[1918]: (286.0741542233245,1)
[1919]: (286.2016478232774,1)
[1920]: (286.2951486461926,1)
[1921]: (286.0540147123944,1)
[1922]: (286.0874051118996,1)
[1923]: (286.1684797553217,1)
[1924]: (286.0783131141023,1)
[1925]: (287.0222664062409,1)
[1926]: (286.2323019123259,1)
[1927]: (286.3473872839151,1)
[1928]: (286.0235131694727,1)
[1929]: (286.2181168527919,1)
[1930]: (286.0021144223768,1)
[1931]: (286.0062879063796,1)
[1932]: (286.412707736217,1)
[1933]: (286.8310776535831,1)
[1934]: (286.1678521734308,1)
[1935]: (286.3799283646156,1)
[1936]: (286.0526993615003,1)
[1937]: (286.700584461256,1)
[1938]: (286.4956546401618,1)
[1939]: (287.3148912196982,1)
[1940]: (286.038919589109,1)
[1941]: (286.222020739663,1)
[1942]: (286.2017026408195,1)
[1943]: (286.5039571024808,1)
[1944]: (286.4821823642023,1)
[1945]: (286.2560522609153,1)
[1946]: (286.595894801857,1)
[1947]: (286.1966851908411,1)
[1948]: (286.0254580791741,1)
[1949]: (286.9456100763617,1)
[1950]: (286.075234610325,1)
[1951]: (286.2084792992027,1)
[1952]: (286.0405951665196,1)
[1953]: (286.3434591419806,1)
[1954]: (286.0914123314052,1)
[1955]: (286.03176705122,1)
[1956]: (286.1194736063714,1)
[1957]: (286.136425561572,1)
[1958]: (286.1618303259622,1)
[1959]: (287.1896225505454,1)
[1960]: (286.2752609686559,1)
[1961]: (286.0844023119076,1)
[1962]: (286.0517308175756,1)
[1963]: (286.0692786589194,1)
[1964]: (286.6007087085311,1)
[1965]: (286.8031847956798,1)
[1966]: (286.0933729365609,1)
[1967]: (286.420601337264,1)
[1968]: (286.8205638264024,1)
[1969]: (286.0527478896091,1)
[1970]: (286.1257270444774,1)
[1971]: (286.2518231643543,1)
[1972]: (286.1584658485979,1)
[1973]: (286.0226473239072,1)
[1974]: (286.3530738127712,1)
[1975]: (286.0808643670817,1)
[1976]: (286.3010693211386,1)
[1977]: (286.0472461317922,1)
[1978]: (287.2909056888791,1)
[1979]: (287.244338645911,1)
[1980]: (286.282704987137,1)
[1981]: (286.6152810835931,1)
[1982]: (286.3273160185633,1)
[1983]: (286.8858469166566,1)
[1984]: (286.0924660249055,1)
[1985]: (286.4847994261884,1)
[1986]: (286.1568880014295,1)
[1987]: (286.2131508803174,1)
[1988]: (286.3300749693983,1)
[1989]: (287.3123511114025,1)
[1990]: (286.1523953068094,1)
[1991]: (286.7608158401319,1)
[1992]: (286.737644524798,1)
[1993]: (286.8069462108429,1)
[1994]: (286.5446208454632,1)
[1995]: (286.1161486826365,1)
[1996]: (286.3989951863255,1)
[1997]: (286.1865497947629,1)
[1998]: (286.0305162470596,1)
[1999]: (286.0531583792148,1)
 -- States explored : 0 states
 -- CPU user time used : 44030 ms
 -- Virtual memory used : 59880 KiB
 -- Resident memory used : 21328 KiB
executionTime: 266
