core file size          (blocks, -c) unlimited
data seg size           (kbytes, -d) unlimited
scheduling priority             (-e) 0
file size               (blocks, -f) unlimited
pending signals                 (-i) 4077086
max locked memory       (kbytes, -l) 64
max memory size         (kbytes, -m) 66060288
open files                      (-n) 4096
pipe size            (512 bytes, -p) 8
POSIX message queues     (bytes, -q) 819200
real-time priority              (-r) 0
stack size              (kbytes, -s) 8192
cpu time               (seconds, -t) unlimited
max user processes              (-u) 4077086
virtual memory          (kbytes, -v) 63000000
file locks                      (-x) unlimited
Options for the verification:
  Generating some trace
  Search order is random depth first
  Using conservative space optimisation
  Seed is 1556899015
  State space representation uses minimal constraint systems
  Using HashMap + Compress integers for discrete state storage

Verifying formula 1 at ../queries/SN_100_16_16.q:1
 -- Formula is satisfied.
(9000 runs)
Learning statistics for best strategy: 
	Number of resets: 0
	Number of iterations in last reset: 23
	Number of iterations in total: 23

 -- States explored : 0 states
 -- CPU user time used : 302590 ms
 -- Virtual memory used : 57136 KiB
 -- Resident memory used : 18620 KiB

Verifying formula 2 at ../queries/SN_100_16_16.q:3
 -- Formula is satisfied.
Composer.Done:
[0]: (0,0) (331.0836571731633,1)
[1]: (331.1252632317986,1)
[2]: (331.3576575315544,1)
[3]: (331.4422747634292,1)
[4]: (331.7038872580382,1)
[5]: (331.175622973544,1)
[6]: (331.1824198232033,1)
[7]: (331.6846514863939,1)
[8]: (331.1398671331706,1)
[9]: (331.335261248492,1)
[10]: (331.2018227698718,1)
[11]: (331.3327857607387,1)
[12]: (331.1528364105826,1)
[13]: (331.2906131424741,1)
[14]: (331.2245589065615,1)
[15]: (331.2936881884895,1)
[16]: (331.2187616656856,1)
[17]: (331.0452893997634,1)
[18]: (331.2423868601401,1)
[19]: (331.0520819782836,1)
[20]: (331.3423694239468,1)
[21]: (331.0416220448049,1)
[22]: (331.0038937632563,1)
[23]: (331.2187122921324,1)
[24]: (331.2261253113779,1)
[25]: (331.1477519898647,1)
[26]: (331.4321635792754,1)
[27]: (331.0201159242489,1)
[28]: (331.2153435390535,1)
[29]: (331.3532377723485,1)
[30]: (331.1164629551646,1)
[31]: (331.1882414854862,1)
[32]: (331.0213204554944,1)
[33]: (331.2253418553246,1)
[34]: (331.0300949815107,1)
[35]: (331.1509869332136,1)
[36]: (331.0742371314537,1)
[37]: (331.6238075814222,1)
[38]: (331.0685707452492,1)
[39]: (331.0488018484772,1)
[40]: (331.0527085189689,1)
[41]: (331.2369570469903,1)
[42]: (331.5450188441813,1)
[43]: (331.3594758682951,1)
[44]: (331.927189138559,1)
[45]: (331.1290028685978,1)
[46]: (331.5976209129844,1)
[47]: (331.5778930048141,1)
[48]: (331.12210008116,1)
[49]: (331.0005164450243,1)
[50]: (332.4216792082689,1)
[51]: (332.6541487426485,1)
[52]: (332.7720855207443,1)
[53]: (331.0582902640983,1)
[54]: (331.7333224806493,1)
[55]: (331.0284236020989,1)
[56]: (331.6043124358102,1)
[57]: (331.1058902715884,1)
[58]: (331.4913157579662,1)
[59]: (331.2077849494524,1)
[60]: (331.1367967852561,1)
[61]: (331.1754974727895,1)
[62]: (331.1445373583585,1)
[63]: (331.458158858311,1)
[64]: (331.73975351858,1)
[65]: (331.1562249396188,1)
[66]: (331.3008162914897,1)
[67]: (331.2471085279053,1)
[68]: (331.211891084705,1)
[69]: (331.4135408612578,1)
[70]: (331.1497217783167,1)
[71]: (331.0827620162542,1)
[72]: (331.1991339904636,1)
[73]: (331.5965572256763,1)
[74]: (331.2109084719489,1)
[75]: (331.0370339247943,1)
[76]: (331.3681398889474,1)
[77]: (331.1962526994357,1)
[78]: (331.1445246089931,1)
[79]: (331.8549279734862,1)
[80]: (331.2315390227523,1)
[81]: (331.1512824801534,1)
[82]: (331.0057534730583,1)
[83]: (331.2699229074737,1)
[84]: (331.2668607501821,1)
[85]: (331.1009026846796,1)
[86]: (331.8570903866404,1)
[87]: (331.2417724571746,1)
[88]: (331.1508242139896,1)
[89]: (331.0271148922118,1)
[90]: (331.3613285640779,1)
[91]: (331.11578892238,1)
[92]: (331.1615660605205,1)
[93]: (331.6440844753403,1)
[94]: (331.1295750804616,1)
[95]: (331.3290372258014,1)
[96]: (331.2602709435022,1)
[97]: (331.018044354613,1)
[98]: (331.1106600926901,1)
[99]: (331.0725684628958,1)
[100]: (331.3797996844541,1)
[101]: (331.896617630053,1)
[102]: (331.1009570972111,1)
[103]: (331.7474031939059,1)
[104]: (331.2906524886837,1)
[105]: (331.4782400636385,1)
[106]: (331.2417475701486,1)
[107]: (331.3972609454838,1)
[108]: (331.0128682810347,1)
[109]: (331.4423768392882,1)
[110]: (331.4593923566465,1)
[111]: (331.0732690206543,1)
[112]: (331.2815384935749,1)
[113]: (331.1677950413851,1)
[114]: (331.6973274615434,1)
[115]: (331.037346875446,1)
[116]: (331.7417729435015,1)
[117]: (331.2554195236494,1)
[118]: (331.6554767328138,1)
[119]: (331.7426277349929,1)
[120]: (332.0729753400421,1)
[121]: (331.3945964389886,1)
[122]: (331.156325272389,1)
[123]: (331.9165642306288,1)
[124]: (331.2949116799039,1)
[125]: (331.9914144101286,1)
[126]: (331.0827317797564,1)
[127]: (331.3566784846946,1)
[128]: (332.3420707352614,1)
[129]: (331.1227099024366,1)
[130]: (331.3116889735373,1)
[131]: (331.3544600591204,1)
[132]: (331.1838247013968,1)
[133]: (331.1537686837952,1)
[134]: (332.2004476085021,1)
[135]: (331.0556779359237,1)
[136]: (331.820437645493,1)
[137]: (331.5483554658545,1)
[138]: (332.063515632364,1)
[139]: (331.1274314400454,1)
[140]: (331.006217710937,1)
[141]: (331.2314352439354,1)
[142]: (331.2755533886634,1)
[143]: (331.3474723059094,1)
[144]: (331.173547150267,1)
[145]: (331.0217180984831,1)
[146]: (331.4357862288593,1)
[147]: (331.61745768203,1)
[148]: (331.4229573163294,1)
[149]: (331.0230856145838,1)
[150]: (331.138666918991,1)
[151]: (331.2828728917655,1)
[152]: (331.1638069108679,1)
[153]: (331.2113843453554,1)
[154]: (331.0713029876592,1)
[155]: (331.035453959511,1)
[156]: (331.7111356994873,1)
[157]: (331.643014517063,1)
[158]: (331.1509531712524,1)
[159]: (331.0137635528363,1)
[160]: (331.2441834933886,1)
[161]: (331.1934424445462,1)
[162]: (331.3176734391287,1)
[163]: (331.8088621260915,1)
[164]: (331.1979876879147,1)
[165]: (331.8816409848049,1)
[166]: (331.041106188928,1)
[167]: (331.6200015478137,1)
[168]: (331.0379363735511,1)
[169]: (331.0780394440202,1)
[170]: (331.43660820288,1)
[171]: (331.1536886663429,1)
[172]: (331.5554311621761,1)
[173]: (331.138011273316,1)
[174]: (331.9252227363359,1)
[175]: (331.2386472819346,1)
[176]: (331.1813036589426,1)
[177]: (331.5048413439558,1)
[178]: (331.0192249565551,1)
[179]: (331.3607214770513,1)
[180]: (331.1377818818412,1)
[181]: (331.6119654142963,1)
[182]: (331.0042858944289,1)
[183]: (331.029741512612,1)
[184]: (331.5037647907246,1)
[185]: (331.5402545025732,1)
[186]: (331.8660972732551,1)
[187]: (331.5534646628411,1)
[188]: (331.0799857772492,1)
[189]: (331.4361511402522,1)
[190]: (331.3712513557514,1)
[191]: (331.0965680604895,1)
[192]: (331.1207974147372,1)
[193]: (331.624271035957,1)
[194]: (331.5557067237397,1)
[195]: (331.2188649422582,1)
[196]: (331.7068488368601,1)
[197]: (331.3246405855679,1)
[198]: (331.2552070425423,1)
[199]: (331.3601905703622,1)
[200]: (331.2654968151276,1)
[201]: (331.3347789564934,1)
[202]: (331.0282930321015,1)
[203]: (331.4687821425994,1)
[204]: (331.1933355926088,1)
[205]: (331.5345315180595,1)
[206]: (331.2650777962508,1)
[207]: (331.3377239263028,1)
[208]: (331.1709388307485,1)
[209]: (331.0752648970264,1)
[210]: (331.0230776971426,1)
[211]: (331.1791888065172,1)
[212]: (331.5726375759003,1)
[213]: (331.1310976264455,1)
[214]: (332.0291400027417,1)
[215]: (331.0171414153679,1)
[216]: (331.4588115776789,1)
[217]: (331.0661376894384,1)
[218]: (331.4382548895849,1)
[219]: (331.4593346046009,1)
[220]: (331.0240662975385,1)
[221]: (331.0826365832064,1)
[222]: (331.1885685782411,1)
[223]: (331.0025490382101,1)
[224]: (331.1195051421872,1)
[225]: (331.0096334921685,1)
[226]: (331.5799494966595,1)
[227]: (331.5508732778455,1)
[228]: (331.4184292817012,1)
[229]: (331.6042269567357,1)
[230]: (331.2861356758601,1)
[231]: (331.2490714828676,1)
[232]: (331.4424671703991,1)
[233]: (331.1361651199265,1)
[234]: (331.0609460120998,1)
[235]: (331.0371653283368,1)
[236]: (331.1237217838428,1)
[237]: (331.6070262956334,1)
[238]: (331.0239789937849,1)
[239]: (331.0640442036756,1)
[240]: (331.2349688224693,1)
[241]: (331.7367646838068,1)
[242]: (331.14326147548,1)
[243]: (331.1238851035161,1)
[244]: (331.9301787605571,1)
[245]: (331.0571082128687,1)
[246]: (331.3377798061543,1)
[247]: (331.3606650575674,1)
[248]: (331.4894179897149,1)
[249]: (331.0330532954988,1)
[250]: (331.2155965983723,1)
[251]: (331.560886028224,1)
[252]: (331.0609470539399,1)
[253]: (331.0805680431744,1)
[254]: (331.9864803188067,1)
[255]: (331.1283042306753,1)
[256]: (331.1174884412441,1)
[257]: (331.8671059638565,1)
[258]: (331.1193443519307,1)
[259]: (331.3882973979505,1)
[260]: (331.0551524586849,1)
[261]: (331.838702140726,1)
[262]: (331.2353548695086,1)
[263]: (331.3053020468228,1)
[264]: (331.0551451329283,1)
[265]: (331.0215448355513,1)
[266]: (331.0300159249618,1)
[267]: (331.1147113194339,1)
[268]: (331.1904944124732,1)
[269]: (331.537696201302,1)
[270]: (331.2355269747853,1)
[271]: (331.2156316304954,1)
[272]: (331.0312329844483,1)
[273]: (331.3215867092266,1)
[274]: (331.0808045168504,1)
[275]: (331.1007519075961,1)
[276]: (331.3750343867702,1)
[277]: (331.1028453074989,1)
[278]: (331.8177528924015,1)
[279]: (332.1694526670353,1)
[280]: (331.0627096553833,1)
[281]: (331.1783497889615,1)
[282]: (331.4413331053963,1)
[283]: (331.0976890328272,1)
[284]: (331.6352273626572,1)
[285]: (331.107296154956,1)
[286]: (331.9471179376243,1)
[287]: (331.1422469591257,1)
[288]: (331.1964159773001,1)
[289]: (331.0955816569784,1)
[290]: (331.4278725810389,1)
[291]: (331.323831319479,1)
[292]: (331.1540046534966,1)
[293]: (331.5399324419398,1)
[294]: (331.0590669390826,1)
[295]: (331.296565621689,1)
[296]: (331.0309833035831,1)
[297]: (331.2266651213067,1)
[298]: (332.5073192283714,1)
[299]: (331.1114450980766,1)
[300]: (331.4796150594,1)
[301]: (331.1294326761796,1)
[302]: (331.2828459080196,1)
[303]: (331.0209513039902,1)
[304]: (331.3418252226747,1)
[305]: (331.0555488730989,1)
[306]: (331.0792419754147,1)
[307]: (331.6467601016902,1)
[308]: (331.2736001910588,1)
[309]: (331.0575676254313,1)
[310]: (331.1015988163587,1)
[311]: (331.2096666154671,1)
[312]: (331.2831924086076,1)
[313]: (331.0958376097732,1)
[314]: (331.4464896033446,1)
[315]: (331.1913947676729,1)
[316]: (331.1171205858861,1)
[317]: (331.1243931904084,1)
[318]: (331.1881170940571,1)
[319]: (331.0507583101704,1)
[320]: (331.1401254479392,1)
[321]: (331.0796283962567,1)
[322]: (331.4726120891582,1)
[323]: (331.0863603163861,1)
[324]: (331.1070579940697,1)
[325]: (331.140209647226,1)
[326]: (331.087829638173,1)
[327]: (331.0171735283292,1)
[328]: (331.3715973859943,1)
[329]: (331.1603659974812,1)
[330]: (331.2353200776388,1)
[331]: (331.0879505737352,1)
[332]: (331.5852125584763,1)
[333]: (331.3638106258184,1)
[334]: (331.2636352684514,1)
[335]: (331.0055616277218,1)
[336]: (331.1036587233,1)
[337]: (331.071674647184,1)
[338]: (331.3182582881543,1)
[339]: (331.080245441649,1)
[340]: (331.1381718699768,1)
[341]: (331.1790960312267,1)
[342]: (331.7133711112937,1)
[343]: (331.0319456470649,1)
[344]: (331.1731215119023,1)
[345]: (331.3098937590263,1)
[346]: (331.1218719956077,1)
[347]: (331.0996711951485,1)
[348]: (331.0098579664717,1)
[349]: (331.2945431969324,1)
[350]: (331.1654642416403,1)
[351]: (331.0379798790971,1)
[352]: (331.1007628627655,1)
[353]: (332.1657567670772,1)
[354]: (331.7777241851505,1)
[355]: (331.3205057048228,1)
[356]: (331.4019013790542,1)
[357]: (331.0849657636014,1)
[358]: (331.3658928252492,1)
[359]: (331.2730316201094,1)
[360]: (331.0865869147539,1)
[361]: (331.0036475226719,1)
[362]: (331.3493742866182,1)
[363]: (331.1055630787208,1)
[364]: (331.0951015302822,1)
[365]: (331.0538553917623,1)
[366]: (331.0822822827952,1)
[367]: (331.1799132111603,1)
[368]: (331.0044247367144,1)
[369]: (331.7484218643846,1)
[370]: (331.3291497509016,1)
[371]: (331.1291645780584,1)
[372]: (331.8664465083723,1)
[373]: (331.0912575760204,1)
[374]: (331.2514633770381,1)
[375]: (331.4415293842926,1)
[376]: (331.9432768360311,1)
[377]: (331.3662998242709,1)
[378]: (331.0103890012912,1)
[379]: (331.0419212221,1)
[380]: (332.1422788616906,1)
[381]: (331.8182600424374,1)
[382]: (331.1800766594731,1)
[383]: (331.002941750749,1)
[384]: (331.112406117371,1)
[385]: (331.5879618615506,1)
[386]: (331.0631307371236,1)
[387]: (331.2398037508134,1)
[388]: (331.9222685752167,1)
[389]: (331.452819571055,1)
[390]: (331.1246145175298,1)
[391]: (331.2456444091818,1)
[392]: (331.4760550148944,1)
[393]: (331.1412356137992,1)
[394]: (331.3177522871341,1)
[395]: (331.4574226666495,1)
[396]: (331.2557368652573,1)
[397]: (331.210384909017,1)
[398]: (331.1876959887913,1)
[399]: (331.5318683886611,1)
[400]: (331.8608771694697,1)
[401]: (331.0315388879989,1)
[402]: (331.1722295143389,1)
[403]: (332.8918085969175,1)
[404]: (331.0586850758029,1)
[405]: (332.2711915560182,1)
[406]: (331.000034405626,1)
[407]: (331.9877019025819,1)
[408]: (331.0536742027701,1)
[409]: (331.0506492931721,1)
[410]: (331.5156669638692,1)
[411]: (331.0010188943427,1)
[412]: (331.38289186157,1)
[413]: (331.1003862245879,1)
[414]: (331.7146871804565,1)
[415]: (331.0919293396511,1)
[416]: (331.3949506654746,1)
[417]: (331.8466507679641,1)
[418]: (331.6339130058307,1)
[419]: (331.1227752554477,1)
[420]: (331.1059893084793,1)
[421]: (331.1313699070406,1)
[422]: (331.1784513379319,1)
[423]: (331.1639066365883,1)
[424]: (331.3239912992204,1)
[425]: (331.2406318670508,1)
[426]: (331.098614932133,1)
[427]: (331.0264072997053,1)
[428]: (331.177963529404,1)
[429]: (331.9764725498623,1)
[430]: (331.1363402185898,1)
[431]: (331.0881372878533,1)
[432]: (331.4183670333713,1)
[433]: (332.0220748061454,1)
[434]: (331.6178563447841,1)
[435]: (331.2504304839653,1)
[436]: (331.0937508566205,1)
[437]: (331.0146310994459,1)
[438]: (331.0988433222045,1)
[439]: (331.1851144065312,1)
[440]: (332.1476049659403,1)
[441]: (331.5920916016882,1)
[442]: (331.6180201199575,1)
[443]: (331.0291394235966,1)
[444]: (331.1585621029236,1)
[445]: (331.0479897312929,1)
[446]: (331.378227835088,1)
[447]: (331.2781210651972,1)
[448]: (331.0918391934257,1)
[449]: (331.4302654956311,1)
[450]: (331.0721105696603,1)
[451]: (331.4280937760563,1)
[452]: (331.0712266625082,1)
[453]: (331.032540836766,1)
[454]: (331.1714332213506,1)
[455]: (331.6892543696754,1)
[456]: (331.1739048670095,1)
[457]: (331.0491863498032,1)
[458]: (331.4673616769747,1)
[459]: (331.1793746317566,1)
[460]: (331.1494898346355,1)
[461]: (331.591960808596,1)
[462]: (331.7107207073931,1)
[463]: (331.0295164426073,1)
[464]: (331.0267355720352,1)
[465]: (331.3885890390752,1)
[466]: (331.2261794291165,1)
[467]: (331.9309221245516,1)
[468]: (331.4914905048099,1)
[469]: (331.1535434953676,1)
[470]: (332.4637229463403,1)
[471]: (331.1047779491716,1)
[472]: (331.0122296026802,1)
[473]: (331.5129338885687,1)
[474]: (331.4065559177718,1)
[475]: (331.7893686155328,1)
[476]: (331.2376534186057,1)
[477]: (331.0738959760758,1)
[478]: (331.039747266784,1)
[479]: (331.2100164522338,1)
[480]: (331.1210598246839,1)
[481]: (331.2000363060652,1)
[482]: (331.2948850253299,1)
[483]: (331.4070366211469,1)
[484]: (331.255740045477,1)
[485]: (331.1512192698958,1)
[486]: (331.0080757970679,1)
[487]: (331.0607390388538,1)
[488]: (331.2717897313414,1)
[489]: (331.7035093578573,1)
[490]: (331.1240249069095,1)
[491]: (331.3684145683382,1)
[492]: (331.0936742455418,1)
[493]: (331.1415024145883,1)
[494]: (331.1006786020058,1)
[495]: (331.6336762784359,1)
[496]: (331.132693249519,1)
[497]: (331.1997445655946,1)
[498]: (331.0023224724941,1)
[499]: (331.715726210567,1)
[500]: (331.558971696961,1)
[501]: (331.8491208943932,1)
[502]: (331.0221492678107,1)
[503]: (331.5548235118385,1)
[504]: (331.0338230930276,1)
[505]: (331.824307173298,1)
[506]: (331.5543312369387,1)
[507]: (331.0079090180793,1)
[508]: (331.2496196507127,1)
[509]: (331.0503496512645,1)
[510]: (331.0901601708218,1)
[511]: (331.5414408904655,1)
[512]: (331.1445078840438,1)
[513]: (331.1629562879256,1)
[514]: (331.8002033892331,1)
[515]: (331.060878790249,1)
[516]: (331.3034057672573,1)
[517]: (331.9802634842451,1)
[518]: (331.6212527648259,1)
[519]: (331.1832887681348,1)
[520]: (331.1410971631381,1)
[521]: (331.4680425059139,1)
[522]: (331.1367170532101,1)
[523]: (331.6244259824464,1)
[524]: (331.0355447163524,1)
[525]: (331.0421787861394,1)
[526]: (331.0744088456575,1)
[527]: (331.3288377970557,1)
[528]: (331.0938367720437,1)
[529]: (331.0948701371007,1)
[530]: (331.2714088326812,1)
[531]: (331.1086829440966,1)
[532]: (331.5306051174315,1)
[533]: (331.2472803139403,1)
[534]: (331.132595179321,1)
[535]: (331.1613245969424,1)
[536]: (331.2413199146054,1)
[537]: (331.3668708763956,1)
[538]: (331.7021944843253,1)
[539]: (331.0480704511701,1)
[540]: (331.9814121339347,1)
[541]: (331.0966045180821,1)
[542]: (331.0603913046696,1)
[543]: (331.0305518259564,1)
[544]: (331.1188134171682,1)
[545]: (331.0626164203046,1)
[546]: (331.0777126748503,1)
[547]: (331.4128550050046,1)
[548]: (331.3259581718642,1)
[549]: (331.0379435778044,1)
[550]: (331.0697995741884,1)
[551]: (331.108348249814,1)
[552]: (331.0135477559647,1)
[553]: (331.1434856411035,1)
[554]: (331.0644075816687,1)
[555]: (331.3248892411013,1)
[556]: (331.1494477257331,1)
[557]: (331.359016943093,1)
[558]: (331.0342111205533,1)
[559]: (331.0470037058188,1)
[560]: (331.0796350855596,1)
[561]: (331.0503658454492,1)
[562]: (331.3691930312573,1)
[563]: (331.293181297127,1)
[564]: (331.7324806589049,1)
[565]: (331.229144982544,1)
[566]: (331.4214669798932,1)
[567]: (331.4024465533732,1)
[568]: (331.663244371934,1)
[569]: (331.2682998521321,1)
[570]: (331.395731877102,1)
[571]: (331.0108587457134,1)
[572]: (331.564863545616,1)
[573]: (331.5451244289663,1)
[574]: (331.1051034887407,1)
[575]: (331.5535701847003,1)
[576]: (331.1677916841928,1)
[577]: (331.1262377815441,1)
[578]: (331.0785987785981,1)
[579]: (331.2239039193575,1)
[580]: (331.3096919713644,1)
[581]: (331.3664461709185,1)
[582]: (331.1249761138994,1)
[583]: (331.7410876285311,1)
[584]: (331.4438916789147,1)
[585]: (331.0203864346643,1)
[586]: (331.5745929011645,1)
[587]: (331.1637775076999,1)
[588]: (331.0454425854338,1)
[589]: (331.5326755085233,1)
[590]: (331.031561406605,1)
[591]: (331.3356746712672,1)
[592]: (332.1438722334442,1)
[593]: (331.1898033219256,1)
[594]: (331.1803134122626,1)
[595]: (331.0188972464472,1)
[596]: (331.635462893254,1)
[597]: (331.3241980995657,1)
[598]: (331.4196702874564,1)
[599]: (331.316477215272,1)
[600]: (331.4824662201464,1)
[601]: (331.0093391267176,1)
[602]: (331.3965517163047,1)
[603]: (331.200204451313,1)
[604]: (331.142836435953,1)
[605]: (331.509723441425,1)
[606]: (331.6155276212816,1)
[607]: (331.0380909070258,1)
[608]: (331.200299030225,1)
[609]: (331.0051007320398,1)
[610]: (331.4203608510296,1)
[611]: (331.0187227023129,1)
[612]: (331.3200060269635,1)
[613]: (331.0001608345647,1)
[614]: (331.2624125959405,1)
[615]: (332.2303841401263,1)
[616]: (331.0862999258781,1)
[617]: (331.4979300837855,1)
[618]: (331.2412544043349,1)
[619]: (331.0295187019023,1)
[620]: (331.5134801563268,1)
[621]: (331.2217318835263,1)
[622]: (331.5110109229634,1)
[623]: (331.177827894434,1)
[624]: (332.3794497396992,1)
[625]: (331.404830607401,1)
[626]: (331.0433784579959,1)
[627]: (331.0928754392423,1)
[628]: (331.6370695678106,1)
[629]: (331.4717142054767,1)
[630]: (331.0127630835869,1)
[631]: (331.3687129537917,1)
[632]: (331.0969519305912,1)
[633]: (331.0346593632551,1)
[634]: (331.6094090449803,1)
[635]: (332.6233892021037,1)
[636]: (331.259314807597,1)
[637]: (331.3283448583447,1)
[638]: (331.0738515991346,1)
[639]: (331.1397983058105,1)
[640]: (332.0433208024486,1)
[641]: (331.1773957083323,1)
[642]: (332.1727217538833,1)
[643]: (331.478720326765,1)
[644]: (331.5288602324826,1)
[645]: (331.0250467665059,1)
[646]: (331.0169780928184,1)
[647]: (331.0031143018352,1)
[648]: (331.0489783671853,1)
[649]: (331.0905041906694,1)
[650]: (331.250001173014,1)
[651]: (331.0707805592716,1)
[652]: (331.1206827741306,1)
[653]: (331.3221320971804,1)
[654]: (331.1056353931364,1)
[655]: (331.0116171005621,1)
[656]: (332.1990792951131,1)
[657]: (331.0145078716818,1)
[658]: (331.5731899575905,1)
[659]: (331.1482936798446,1)
[660]: (331.0606232811438,1)
[661]: (331.0522117292899,1)
[662]: (331.2640098341004,1)
[663]: (331.0907025155921,1)
[664]: (331.0967924430354,1)
[665]: (332.5716766570409,1)
[666]: (331.3045381329244,1)
[667]: (331.2832458666546,1)
[668]: (331.0747812541439,1)
[669]: (331.3714970792058,1)
[670]: (331.2160771221479,1)
[671]: (331.055808890131,1)
[672]: (331.353555709304,1)
[673]: (331.9271483569439,1)
[674]: (331.702703354744,1)
[675]: (331.9794171446582,1)
[676]: (332.7003757350572,1)
[677]: (332.2049596424239,1)
[678]: (331.220165209442,1)
[679]: (331.147952125611,1)
[680]: (331.5306983089415,1)
[681]: (331.1661110855564,1)
[682]: (331.0239788366081,1)
[683]: (331.1464095942869,1)
[684]: (331.324291089159,1)
[685]: (331.3114492451189,1)
[686]: (332.2287265185801,1)
[687]: (331.3805806929815,1)
[688]: (331.0373057858187,1)
[689]: (331.1468795045554,1)
[690]: (331.1118927684856,1)
[691]: (331.3794441230492,1)
[692]: (331.8167941357614,1)
[693]: (331.9648967720627,1)
[694]: (331.6220595801334,1)
[695]: (331.3018512552182,1)
[696]: (331.0602784212386,1)
[697]: (331.1990986803337,1)
[698]: (331.0516987758168,1)
[699]: (331.2071819568739,1)
[700]: (331.487012320457,1)
[701]: (331.2014786280047,1)
[702]: (331.3430103906119,1)
[703]: (331.2723679899029,1)
[704]: (331.1948155953235,1)
[705]: (331.3322953286032,1)
[706]: (331.7308617692432,1)
[707]: (331.7370263061893,1)
[708]: (331.1155452172335,1)
[709]: (331.0153099018255,1)
[710]: (331.0419915252231,1)
[711]: (331.0887677865917,1)
[712]: (331.0461152190011,1)
[713]: (331.216239841997,1)
[714]: (331.0218951537713,1)
[715]: (331.25787009512,1)
[716]: (331.822643131206,1)
[717]: (331.0149610122488,1)
[718]: (331.234493548652,1)
[719]: (331.1174019161908,1)
[720]: (331.0258108867154,1)
[721]: (331.0868459359632,1)
[722]: (331.3753026231763,1)
[723]: (331.8527253630947,1)
[724]: (331.5207806824632,1)
[725]: (331.4424048522184,1)
[726]: (331.9753660801023,1)
[727]: (331.1932906059693,1)
[728]: (331.3623893636452,1)
[729]: (331.1665804858308,1)
[730]: (331.6128076868404,1)
[731]: (331.1391321775511,1)
[732]: (331.394054936444,1)
[733]: (331.1156076531486,1)
[734]: (331.3522756474414,1)
[735]: (332.5115161673842,1)
[736]: (331.6503290167705,1)
[737]: (331.4331198028765,1)
[738]: (331.6529003457407,1)
[739]: (331.0171891973599,1)
[740]: (331.1189844737298,1)
[741]: (331.1276177490602,1)
[742]: (331.1844474549626,1)
[743]: (331.2025917348305,1)
[744]: (331.06157416396,1)
[745]: (331.4486218976072,1)
[746]: (331.1564875223194,1)
[747]: (331.0352946394005,1)
[748]: (331.0490036424659,1)
[749]: (331.5587474912461,1)
[750]: (331.1141049374611,1)
[751]: (331.2548667668328,1)
[752]: (331.0814965634214,1)
[753]: (331.6217569376514,1)
[754]: (331.0676940598252,1)
[755]: (331.062629228383,1)
[756]: (331.2065270211297,1)
[757]: (331.0189698416173,1)
[758]: (331.0274156014434,1)
[759]: (331.0968237897612,1)
[760]: (331.2667042903186,1)
[761]: (331.3195425645098,1)
[762]: (331.5340954466374,1)
[763]: (331.0512177993048,1)
[764]: (331.0895399959834,1)
[765]: (331.2856890602931,1)
[766]: (331.0120695671615,1)
[767]: (331.6929173873259,1)
[768]: (331.3736694644099,1)
[769]: (331.4879406751755,1)
[770]: (331.2320425754362,1)
[771]: (331.3071878199167,1)
[772]: (331.0940151011611,1)
[773]: (331.1539708631403,1)
[774]: (331.7300962110863,1)
[775]: (331.1931784645139,1)
[776]: (331.2422595972768,1)
[777]: (331.3644205371976,1)
[778]: (331.2349605645043,1)
[779]: (331.8834465846234,1)
[780]: (331.2458663097041,1)
[781]: (331.5151011744272,1)
[782]: (331.0374513088688,1)
[783]: (331.1096080998901,1)
[784]: (331.0802890060228,1)
[785]: (332.2171360005491,1)
[786]: (331.9800896761441,1)
[787]: (331.22954827255,1)
[788]: (331.0619856831215,1)
[789]: (331.1352387844628,1)
[790]: (331.3008302196181,1)
[791]: (331.1034044211245,1)
[792]: (331.5120232855728,1)
[793]: (331.5269391125123,1)
[794]: (331.355253484278,1)
[795]: (332.6837258522373,1)
[796]: (331.2859548601463,1)
[797]: (331.0924198273963,1)
[798]: (331.0350445868905,1)
[799]: (331.0848693115015,1)
[800]: (331.081791120122,1)
[801]: (331.1209723386038,1)
[802]: (331.0965232119062,1)
[803]: (332.5160601515987,1)
[804]: (331.2862453280685,1)
[805]: (331.0101184836641,1)
[806]: (331.0808693117369,1)
[807]: (331.0858907401062,1)
[808]: (331.1682614914767,1)
[809]: (331.6665610940096,1)
[810]: (331.1447527823755,1)
[811]: (331.0526901461225,1)
[812]: (331.1655823661279,1)
[813]: (331.3095317089894,1)
[814]: (331.2670779953663,1)
[815]: (331.17398193116,1)
[816]: (331.2836581236552,1)
[817]: (331.037014058466,1)
[818]: (331.7218813469198,1)
[819]: (331.3756104746389,1)
[820]: (331.3181817415095,1)
[821]: (331.1193180527074,1)
[822]: (331.7657612351121,1)
[823]: (331.1048503308203,1)
[824]: (331.4557794218764,1)
[825]: (331.1079654201455,1)
[826]: (331.1083144520546,1)
[827]: (331.0691157826743,1)
[828]: (331.3116079940411,1)
[829]: (331.874537282237,1)
[830]: (331.5329551554945,1)
[831]: (331.4507517455441,1)
[832]: (331.0399045870249,1)
[833]: (331.3236332577953,1)
[834]: (331.0693753627583,1)
[835]: (331.0061142103785,1)
[836]: (331.2683493296679,1)
[837]: (331.4523706909127,1)
[838]: (331.1354004335208,1)
[839]: (331.3567300671472,1)
[840]: (331.1666804939583,1)
[841]: (331.6601910659864,1)
[842]: (331.4360274955563,1)
[843]: (331.0223866437412,1)
[844]: (331.3607692693041,1)
[845]: (331.0066082180574,1)
[846]: (331.0561019221438,1)
[847]: (331.5073770006065,1)
[848]: (331.0704828976299,1)
[849]: (331.07097836024,1)
[850]: (331.0502294452358,1)
[851]: (331.0798896902629,1)
[852]: (331.872669409436,1)
[853]: (331.88564550354,1)
[854]: (331.0174587100064,1)
[855]: (331.5581748603531,1)
[856]: (331.0247461179128,1)
[857]: (331.8456602811031,1)
[858]: (331.1099592968542,1)
[859]: (331.2819891493281,1)
[860]: (331.0041092730808,1)
[861]: (331.2283328768193,1)
[862]: (331.2298000298458,1)
[863]: (331.0974617104318,1)
[864]: (331.1260903425296,1)
[865]: (331.330770115378,1)
[866]: (331.016083241229,1)
[867]: (331.1405592217395,1)
[868]: (331.064252579659,1)
[869]: (331.1492040041499,1)
[870]: (331.5195211025655,1)
[871]: (331.8503151059692,1)
[872]: (331.2267710326208,1)
[873]: (331.2454560650422,1)
[874]: (331.0381806348066,1)
[875]: (332.1400606926334,1)
[876]: (331.0630111467624,1)
[877]: (331.4067849517938,1)
[878]: (331.4027142053079,1)
[879]: (331.4018993823138,1)
[880]: (331.1968008569476,1)
[881]: (332.101013004031,1)
[882]: (331.0436206276059,1)
[883]: (331.2680476934279,1)
[884]: (331.0148049519832,1)
[885]: (331.1232521787493,1)
[886]: (331.1942696725859,1)
[887]: (331.2174738885734,1)
[888]: (332.505268243322,1)
[889]: (332.6328222680145,1)
[890]: (331.229639207182,1)
[891]: (331.2286901897252,1)
[892]: (331.2349027292314,1)
[893]: (331.0461902373463,1)
[894]: (331.2673766762799,1)
[895]: (331.2216918296231,1)
[896]: (331.4137386501289,1)
[897]: (331.8465139141052,1)
[898]: (331.1216810488137,1)
[899]: (331.8808013573487,1)
[900]: (331.7409855089139,1)
[901]: (331.0661467732174,1)
[902]: (331.1275837199392,1)
[903]: (331.1324581081098,1)
[904]: (331.1431481629144,1)
[905]: (331.7524934957399,1)
[906]: (331.3461406322077,1)
[907]: (331.0858291621898,1)
[908]: (331.4900448036742,1)
[909]: (331.5129808646034,1)
[910]: (331.0069288752831,1)
[911]: (331.6980656148175,1)
[912]: (331.1509769458493,1)
[913]: (331.4255641881833,1)
[914]: (331.1135466388892,1)
[915]: (331.452732631286,1)
[916]: (331.1048733458775,1)
[917]: (331.6045984301834,1)
[918]: (331.6291586067184,1)
[919]: (331.1739186546669,1)
[920]: (331.3515932298338,1)
[921]: (331.21732050556,1)
[922]: (331.4927332428476,1)
[923]: (331.2048792856339,1)
[924]: (331.027676085632,1)
[925]: (331.4951503284639,1)
[926]: (331.9696862993907,1)
[927]: (331.1186985883801,1)
[928]: (331.0585336917505,1)
[929]: (331.7528601693045,1)
[930]: (331.1712701163618,1)
[931]: (331.0837703592056,1)
[932]: (331.1530257937579,1)
[933]: (331.0128597819195,1)
[934]: (331.0744625781546,1)
[935]: (331.0033773031608,1)
[936]: (332.4768786742682,1)
[937]: (332.1855484017797,1)
[938]: (331.0418664797779,1)
[939]: (332.1852616398571,1)
[940]: (331.4260080215712,1)
[941]: (331.062427725936,1)
[942]: (331.0490586669634,1)
[943]: (331.4576269398518,1)
[944]: (331.0507289699809,1)
[945]: (331.2761546795028,1)
[946]: (331.0759369901497,1)
[947]: (331.3353904798602,1)
[948]: (331.0792548966305,1)
[949]: (331.1797213286568,1)
[950]: (331.7739598329819,1)
[951]: (331.4519044047345,1)
[952]: (332.1014360328505,1)
[953]: (331.087862955791,1)
[954]: (331.6777669923486,1)
[955]: (331.3635455363741,1)
[956]: (331.4359080213415,1)
[957]: (331.1102549743938,1)
[958]: (331.4457339584872,1)
[959]: (331.5735396512708,1)
[960]: (331.3926709744716,1)
[961]: (331.0225641120103,1)
[962]: (331.0562371721099,1)
[963]: (331.1065034732941,1)
[964]: (331.2154158432791,1)
[965]: (331.1411141943881,1)
[966]: (331.0130722009192,1)
[967]: (331.9883903848086,1)
[968]: (331.6472011375559,1)
[969]: (331.9710296263939,1)
[970]: (331.1791344479551,1)
[971]: (331.2858785230627,1)
[972]: (331.1340756297346,1)
[973]: (332.0184444672097,1)
[974]: (331.1811050905139,1)
[975]: (331.7848379510773,1)
[976]: (331.8179145917594,1)
[977]: (331.5002952456563,1)
[978]: (331.0344111591469,1)
[979]: (331.1706328029234,1)
[980]: (331.108037927597,1)
[981]: (331.1360741185947,1)
[982]: (331.2096381626351,1)
[983]: (331.0938944982045,1)
[984]: (331.0666904739006,1)
[985]: (331.0305068042323,1)
[986]: (331.6315191910269,1)
[987]: (331.7968793646069,1)
[988]: (331.1666830657173,1)
[989]: (331.1457666946263,1)
[990]: (331.0674442541105,1)
[991]: (331.0838137237696,1)
[992]: (331.714878043606,1)
[993]: (331.3113774959088,1)
[994]: (331.2250351816284,1)
[995]: (331.165020634016,1)
[996]: (331.2227604953798,1)
[997]: (331.0220595428988,1)
[998]: (331.8047281105873,1)
[999]: (332.0876405458582,1)
[1000]: (331.1387297766917,1)
[1001]: (331.3305942131379,1)
[1002]: (331.1011693782111,1)
[1003]: (331.4673323904746,1)
[1004]: (331.336105634365,1)
[1005]: (331.4439190645352,1)
[1006]: (331.2919977703279,1)
[1007]: (331.0563193225808,1)
[1008]: (331.3481180204641,1)
[1009]: (331.0677371747395,1)
[1010]: (331.1259332711998,1)
[1011]: (331.1388696611485,1)
[1012]: (331.1815761135056,1)
[1013]: (331.3505954371444,1)
[1014]: (331.0036077297306,1)
[1015]: (331.0953786847014,1)
[1016]: (331.1219300577532,1)
[1017]: (331.4047113714373,1)
[1018]: (331.505393990334,1)
[1019]: (331.1344108666616,1)
[1020]: (331.1250557056093,1)
[1021]: (331.0975069624365,1)
[1022]: (331.1912051482341,1)
[1023]: (331.2241161920174,1)
[1024]: (331.0774761093469,1)
[1025]: (331.2653480075883,1)
[1026]: (331.3807895925474,1)
[1027]: (331.4980902300627,1)
[1028]: (331.0641633554499,1)
[1029]: (331.4024235711905,1)
[1030]: (331.1151079799724,1)
[1031]: (331.055729713252,1)
[1032]: (331.0818187517732,1)
[1033]: (331.1379604984187,1)
[1034]: (331.7670142576008,1)
[1035]: (331.2366099754942,1)
[1036]: (331.2725596948416,1)
[1037]: (331.0216630167189,1)
[1038]: (331.06783461206,1)
[1039]: (331.4988460821629,1)
[1040]: (331.1455335090965,1)
[1041]: (331.1231311206056,1)
[1042]: (331.0738330073813,1)
[1043]: (331.6271234273614,1)
[1044]: (331.193896171745,1)
[1045]: (331.6733936632486,1)
[1046]: (331.083138040847,1)
[1047]: (331.0412553209438,1)
[1048]: (331.4522890200327,1)
[1049]: (331.0229686121097,1)
[1050]: (331.0459202512545,1)
[1051]: (331.3379309892129,1)
[1052]: (331.094385245774,1)
[1053]: (331.1775493977113,1)
[1054]: (331.1284879179448,1)
[1055]: (331.5346064424734,1)
[1056]: (331.0309248018642,1)
[1057]: (331.1895451842842,1)
[1058]: (331.0210770826197,1)
[1059]: (331.2279073941925,1)
[1060]: (331.0386712998484,1)
[1061]: (331.6221037721558,1)
[1062]: (331.0101267083547,1)
[1063]: (331.5862453358298,1)
[1064]: (331.0321097755817,1)
[1065]: (331.1034488841738,1)
[1066]: (331.5502852613777,1)
[1067]: (331.0303577296531,1)
[1068]: (331.4304434197552,1)
[1069]: (331.0169845119273,1)
[1070]: (331.0141841264576,1)
[1071]: (331.8350799795235,1)
[1072]: (331.0339280242422,1)
[1073]: (331.2506293659453,1)
[1074]: (331.1640889873956,1)
[1075]: (331.1282039292653,1)
[1076]: (331.3270477620056,1)
[1077]: (331.208178593088,1)
[1078]: (331.464191010841,1)
[1079]: (331.0318563533035,1)
[1080]: (331.7014262036213,1)
[1081]: (331.0321165486885,1)
[1082]: (331.4747735153153,1)
[1083]: (331.1560533544643,1)
[1084]: (331.1391580957683,1)
[1085]: (331.3377654979806,1)
[1086]: (331.0624268526618,1)
[1087]: (331.8729967688591,1)
[1088]: (331.9764510826418,1)
[1089]: (331.1517060375838,1)
[1090]: (331.2183010364111,1)
[1091]: (331.3570078735092,1)
[1092]: (331.1758666710953,1)
[1093]: (331.0469663768262,1)
[1094]: (331.2090537655799,1)
[1095]: (331.193672912914,1)
[1096]: (331.3402401148437,1)
[1097]: (331.4940913321277,1)
[1098]: (331.272452799877,1)
[1099]: (331.2750372223723,1)
[1100]: (331.0637070490001,1)
[1101]: (331.1475854681997,1)
[1102]: (331.4506596402097,1)
[1103]: (331.0760647247699,1)
[1104]: (331.1015932151695,1)
[1105]: (331.1626560190608,1)
[1106]: (331.0908287319362,1)
[1107]: (331.1767278298339,1)
[1108]: (331.6681708559108,1)
[1109]: (331.5458561132189,1)
[1110]: (331.0702961816824,1)
[1111]: (331.1105872374832,1)
[1112]: (331.2410313469182,1)
[1113]: (331.8183969729317,1)
[1114]: (331.024614516128,1)
[1115]: (331.1870824737107,1)
[1116]: (331.0775564233286,1)
[1117]: (331.2833461852204,1)
[1118]: (331.7645436797275,1)
[1119]: (331.1913827251114,1)
[1120]: (331.0734646393444,1)
[1121]: (331.29772177579,1)
[1122]: (331.0469074442118,1)
[1123]: (331.2536606635706,1)
[1124]: (331.0263880086526,1)
[1125]: (332.3219248234846,1)
[1126]: (331.0002631839995,1)
[1127]: (331.1061007936902,1)
[1128]: (331.1601588652206,1)
[1129]: (331.4799771868247,1)
[1130]: (331.1229410261886,1)
[1131]: (331.3394206655421,1)
[1132]: (331.1854556403743,1)
[1133]: (331.0485914929626,1)
[1134]: (331.2146582726601,1)
[1135]: (331.0189981556777,1)
[1136]: (331.2380773090149,1)
[1137]: (331.0560604057053,1)
[1138]: (331.2422798836002,1)
[1139]: (331.0373887110291,1)
[1140]: (331.3184151430083,1)
[1141]: (332.2273222161998,1)
[1142]: (331.4675908634109,1)
[1143]: (331.0181012915442,1)
[1144]: (331.3388430077088,1)
[1145]: (331.2145279002117,1)
[1146]: (331.2211651464378,1)
[1147]: (331.0219811149659,1)
[1148]: (331.0897736752625,1)
[1149]: (331.4292811630538,1)
[1150]: (331.1475662010393,1)
[1151]: (331.2539290573963,1)
[1152]: (331.1826830691599,1)
[1153]: (331.2712617581661,1)
[1154]: (331.3682540661038,1)
[1155]: (331.4693077110495,1)
[1156]: (331.4858878704186,1)
[1157]: (331.427083816582,1)
[1158]: (331.3789891997141,1)
[1159]: (331.0382824064602,1)
[1160]: (331.183094446382,1)
[1161]: (331.2705557871593,1)
[1162]: (331.4975880900161,1)
[1163]: (331.2526837974633,1)
[1164]: (331.4441508448509,1)
[1165]: (331.150282765627,1)
[1166]: (331.1027758592761,1)
[1167]: (331.2233316152042,1)
[1168]: (331.4957164713935,1)
[1169]: (331.0384838211752,1)
[1170]: (331.0699742956141,1)
[1171]: (331.1994304116348,1)
[1172]: (331.6882822483394,1)
[1173]: (331.1097969520125,1)
[1174]: (331.2012783118845,1)
[1175]: (331.171778205783,1)
[1176]: (331.6610051477485,1)
[1177]: (331.1616597020683,1)
[1178]: (331.0271069720001,1)
[1179]: (332.7032166798774,1)
[1180]: (331.2038615867078,1)
[1181]: (331.206227472761,1)
[1182]: (331.1314813427289,1)
[1183]: (331.4458993258997,1)
[1184]: (331.7982323932277,1)
[1185]: (331.5563540406356,1)
[1186]: (331.1802555206147,1)
[1187]: (331.1078337866782,1)
[1188]: (331.1911909760439,1)
[1189]: (331.2298764889634,1)
[1190]: (331.1488701123073,1)
[1191]: (331.0595978667408,1)
[1192]: (331.2793502068331,1)
[1193]: (331.0850069346155,1)
[1194]: (331.4149675881994,1)
[1195]: (331.7415127089642,1)
[1196]: (331.1957762284712,1)
[1197]: (331.3742107987299,1)
[1198]: (331.0754439006998,1)
[1199]: (331.2161736883524,1)
[1200]: (331.1559114891598,1)
[1201]: (331.1720931444708,1)
[1202]: (331.3257304777799,1)
[1203]: (331.1215844526477,1)
[1204]: (331.0948862041398,1)
[1205]: (331.5590867448824,1)
[1206]: (331.1301047052998,1)
[1207]: (331.4940293339839,1)
[1208]: (331.1001102857222,1)
[1209]: (331.2021840152884,1)
[1210]: (331.53469884891,1)
[1211]: (331.1179960828602,1)
[1212]: (331.0672092559761,1)
[1213]: (331.159522324429,1)
[1214]: (331.6212435216934,1)
[1215]: (331.1960820515678,1)
[1216]: (332.2426306494918,1)
[1217]: (331.6062317869563,1)
[1218]: (331.2751729934959,1)
[1219]: (331.3355929061918,1)
[1220]: (331.8130267221005,1)
[1221]: (331.1524270726584,1)
[1222]: (331.1521204962511,1)
[1223]: (331.4950400015834,1)
[1224]: (331.4980899184746,1)
[1225]: (331.0854885022689,1)
[1226]: (331.7611696912015,1)
[1227]: (331.3581431232178,1)
[1228]: (331.6460014291011,1)
[1229]: (331.226342120089,1)
[1230]: (331.5344421027935,1)
[1231]: (331.1443734610078,1)
[1232]: (331.144304597708,1)
[1233]: (331.1771788056013,1)
[1234]: (331.0948690842073,1)
[1235]: (331.3731101639232,1)
[1236]: (331.1588723156694,1)
[1237]: (331.3504964599011,1)
[1238]: (331.7040831097471,1)
[1239]: (331.4332732933185,1)
[1240]: (331.1108683286701,1)
[1241]: (331.2310136280681,1)
[1242]: (331.3966508360979,1)
[1243]: (331.201355928511,1)
[1244]: (331.4624017292687,1)
[1245]: (331.4969419898197,1)
[1246]: (331.2352043824347,1)
[1247]: (331.0408611946077,1)
[1248]: (331.0261638012559,1)
[1249]: (331.3046399571564,1)
[1250]: (331.0464891492757,1)
[1251]: (331.5708649220758,1)
[1252]: (331.5541797199477,1)
[1253]: (331.3674604281062,1)
[1254]: (331.1487412968727,1)
[1255]: (331.1438058938846,1)
[1256]: (331.2524916888556,1)
[1257]: (331.6453897842514,1)
[1258]: (331.5613145623603,1)
[1259]: (331.0613846487524,1)
[1260]: (331.2776364754305,1)
[1261]: (331.0203783657788,1)
[1262]: (332.1348094111432,1)
[1263]: (331.0791042381175,1)
[1264]: (331.0964198120374,1)
[1265]: (331.2530574563682,1)
[1266]: (331.2472021080415,1)
[1267]: (331.1162685569049,1)
[1268]: (331.0980587270253,1)
[1269]: (331.2145843073857,1)
[1270]: (331.1464479040651,1)
[1271]: (331.0198197001133,1)
[1272]: (331.1699113170262,1)
[1273]: (331.0248601441304,1)
[1274]: (331.3418168571011,1)
[1275]: (332.2265678220887,1)
[1276]: (331.2876963096463,1)
[1277]: (331.5717212268799,1)
[1278]: (331.2589645004091,1)
[1279]: (331.2068392024138,1)
[1280]: (331.0076206276981,1)
[1281]: (331.2911568973349,1)
[1282]: (331.5153659488805,1)
[1283]: (331.1934269268528,1)
[1284]: (331.1765124645409,1)
[1285]: (331.0432936617992,1)
[1286]: (331.1905150953443,1)
[1287]: (331.1358696344197,1)
[1288]: (331.3568717292401,1)
[1289]: (331.0158408436377,1)
[1290]: (331.0401338746427,1)
[1291]: (331.0391349849236,1)
[1292]: (331.3491157245421,1)
[1293]: (331.1751693569598,1)
[1294]: (331.0933342683059,1)
[1295]: (331.0233062284471,1)
[1296]: (331.0526468312401,1)
[1297]: (331.3210902501779,1)
[1298]: (331.0525000845827,1)
[1299]: (331.0323526053247,1)
[1300]: (331.0744776505879,1)
[1301]: (331.4072044094016,1)
[1302]: (332.1088510630632,1)
[1303]: (331.562466833505,1)
[1304]: (331.1030921175856,1)
[1305]: (332.2311599602371,1)
[1306]: (331.8390464387909,1)
[1307]: (331.1533764193539,1)
[1308]: (331.3930006733217,1)
[1309]: (331.1395036855652,1)
[1310]: (331.2072015977787,1)
[1311]: (331.0347830742136,1)
[1312]: (331.1224354835701,1)
[1313]: (331.8984304156059,1)
[1314]: (331.5122801607017,1)
[1315]: (331.1440194102631,1)
[1316]: (331.0258023632101,1)
[1317]: (331.4614359318724,1)
[1318]: (331.090436650925,1)
[1319]: (331.0223671632614,1)
[1320]: (331.739743433544,1)
[1321]: (331.001912085673,1)
[1322]: (331.0759946697853,1)
[1323]: (331.2404015434921,1)
[1324]: (331.0223315090961,1)
[1325]: (331.9663268728415,1)
[1326]: (331.1468015998859,1)
[1327]: (331.3809233725564,1)
[1328]: (331.1010888687012,1)
[1329]: (331.4398116042441,1)
[1330]: (331.2153847152542,1)
[1331]: (331.3955862427757,1)
[1332]: (331.0269277235446,1)
[1333]: (331.0143280206581,1)
[1334]: (331.0446070304664,1)
[1335]: (331.0102302533784,1)
[1336]: (331.0676928178917,1)
[1337]: (331.283546062037,1)
[1338]: (331.2701491645305,1)
[1339]: (331.739416470348,1)
[1340]: (331.0100622813342,1)
[1341]: (331.0910607520502,1)
[1342]: (331.1246368897877,1)
[1343]: (331.8983507457335,1)
[1344]: (331.0418666055114,1)
[1345]: (331.0834549521832,1)
[1346]: (331.1954258724375,1)
[1347]: (332.1260948167554,1)
[1348]: (331.2018562865559,1)
[1349]: (331.1993516021932,1)
[1350]: (331.7642460000753,1)
[1351]: (331.9575348528469,1)
[1352]: (331.2520774986551,1)
[1353]: (331.1437961448473,1)
[1354]: (331.221582738913,1)
[1355]: (331.3526289488726,1)
[1356]: (331.0465819953271,1)
[1357]: (331.0926237215228,1)
[1358]: (331.1117039809693,1)
[1359]: (331.3747671290858,1)
[1360]: (331.0910104207014,1)
[1361]: (331.0403829556496,1)
[1362]: (331.0975439585309,1)
[1363]: (331.4047606926032,1)
[1364]: (331.0664043981703,1)
[1365]: (331.8613497303849,1)
[1366]: (332.2808121547665,1)
[1367]: (331.4221605911913,1)
[1368]: (331.3221585737846,1)
[1369]: (331.2447351203812,1)
[1370]: (331.4520995830063,1)
[1371]: (331.2698178827877,1)
[1372]: (331.5918471135516,1)
[1373]: (331.1912377615517,1)
[1374]: (331.4732157411138,1)
[1375]: (332.1617443770143,1)
[1376]: (331.1035636540071,1)
[1377]: (331.7359571491789,1)
[1378]: (331.1632530226674,1)
[1379]: (331.9529879834607,1)
[1380]: (331.1813879780833,1)
[1381]: (331.3844010554575,1)
[1382]: (331.0306065346136,1)
[1383]: (331.1262733448668,1)
[1384]: (331.8466186130873,1)
[1385]: (331.5431493735237,1)
[1386]: (331.4717955343195,1)
[1387]: (331.1975302530384,1)
[1388]: (331.9475760768067,1)
[1389]: (331.3785844727549,1)
[1390]: (331.7553059361779,1)
[1391]: (331.0360720772674,1)
[1392]: (331.9852844704731,1)
[1393]: (332.0705696737269,1)
[1394]: (331.6373935673436,1)
[1395]: (331.1563528127273,1)
[1396]: (331.2709630582052,1)
[1397]: (331.1555941867031,1)
[1398]: (331.8850639814632,1)
[1399]: (331.0946011996868,1)
[1400]: (331.0742198445365,1)
[1401]: (332.022924545419,1)
[1402]: (331.0510631953435,1)
[1403]: (331.0280994638469,1)
[1404]: (331.4515140532609,1)
[1405]: (331.3515637483168,1)
[1406]: (331.8780720303945,1)
[1407]: (331.2695750765965,1)
[1408]: (331.1310681214734,1)
[1409]: (331.0580164355805,1)
[1410]: (331.3657198549935,1)
[1411]: (331.0112749164113,1)
[1412]: (331.2656369906769,1)
[1413]: (331.0690838394751,1)
[1414]: (331.0900809853606,1)
[1415]: (331.0300841389064,1)
[1416]: (331.325162714556,1)
[1417]: (331.7351166853822,1)
[1418]: (331.2369701031022,1)
[1419]: (331.0658345586527,1)
[1420]: (331.1951412261901,1)
[1421]: (331.4479043221931,1)
[1422]: (331.0441006596901,1)
[1423]: (331.3735923483391,1)
[1424]: (331.2741013202403,1)
[1425]: (331.0697096232493,1)
[1426]: (331.2438676353748,1)
[1427]: (332.3018930837213,1)
[1428]: (331.2109876839737,1)
[1429]: (331.2431847687495,1)
[1430]: (331.1854970462987,1)
[1431]: (331.344532840489,1)
[1432]: (331.0774275905541,1)
[1433]: (331.2037695121629,1)
[1434]: (331.211925647475,1)
[1435]: (331.2708572077132,1)
[1436]: (331.2208813254441,1)
[1437]: (331.4249149623177,1)
[1438]: (331.0583815040721,1)
[1439]: (331.5425942380816,1)
[1440]: (331.105467457159,1)
[1441]: (331.2523910234541,1)
[1442]: (331.1863271550114,1)
[1443]: (331.1447438296338,1)
[1444]: (331.1400850085117,1)
[1445]: (331.0595581237678,1)
[1446]: (331.0123767918865,1)
[1447]: (331.3101646606128,1)
[1448]: (331.0427707052438,1)
[1449]: (331.0879762051474,1)
[1450]: (331.0587250469875,1)
[1451]: (331.4067868193874,1)
[1452]: (331.541335236182,1)
[1453]: (331.1580696784694,1)
[1454]: (331.3646133394416,1)
[1455]: (331.0052416445548,1)
[1456]: (331.3053521218121,1)
[1457]: (331.5340047676562,1)
[1458]: (331.222311197403,1)
[1459]: (331.244939901153,1)
[1460]: (331.1015497876649,1)
[1461]: (331.1281973518929,1)
[1462]: (331.8844044881607,1)
[1463]: (331.0082538951977,1)
[1464]: (331.0408867083285,1)
[1465]: (331.1697884830848,1)
[1466]: (331.2346339508216,1)
[1467]: (331.1954524410443,1)
[1468]: (331.5583446419503,1)
[1469]: (331.448769018903,1)
[1470]: (331.0311096544012,1)
[1471]: (331.2205026679355,1)
[1472]: (331.0221884224588,1)
[1473]: (331.7173850239288,1)
[1474]: (331.0218563819548,1)
[1475]: (331.0053884102881,1)
[1476]: (331.0465836008482,1)
[1477]: (331.8678178076274,1)
[1478]: (331.1398137179269,1)
[1479]: (331.1481436563236,1)
[1480]: (331.0833852413908,1)
[1481]: (331.3232732505947,1)
[1482]: (331.2510194197309,1)
[1483]: (331.6611503929883,1)
[1484]: (331.0065596698044,1)
[1485]: (331.1475099551729,1)
[1486]: (331.5552851336939,1)
[1487]: (331.8772729471137,1)
[1488]: (331.1673738503495,1)
[1489]: (331.3375811984243,1)
[1490]: (332.4938026140321,1)
[1491]: (331.1353272605502,1)
[1492]: (331.2828423003751,1)
[1493]: (331.1027199357041,1)
[1494]: (331.6245047143335,1)
[1495]: (332.1617354551271,1)
[1496]: (331.505499326148,1)
[1497]: (331.7234118631388,1)
[1498]: (331.0108652636482,1)
[1499]: (331.0932477196586,1)
[1500]: (331.0634155351141,1)
[1501]: (331.0795558760669,1)
[1502]: (331.32342983154,1)
[1503]: (331.0916413931804,1)
[1504]: (331.1820489562137,1)
[1505]: (331.5873786286441,1)
[1506]: (331.2078767400598,1)
[1507]: (331.2249783061033,1)
[1508]: (331.3760004247076,1)
[1509]: (331.529959371931,1)
[1510]: (331.4953469145381,1)
[1511]: (331.8414226881852,1)
[1512]: (331.4075531093526,1)
[1513]: (331.8662351805019,1)
[1514]: (331.1565495148749,1)
[1515]: (331.0455570630255,1)
[1516]: (331.0435767584198,1)
[1517]: (331.2470048966499,1)
[1518]: (331.0668590285694,1)
[1519]: (331.6338231320395,1)
[1520]: (331.0696870665485,1)
[1521]: (331.1431480354922,1)
[1522]: (331.024673854797,1)
[1523]: (331.0544620431722,1)
[1524]: (331.4237916651865,1)
[1525]: (331.8762508158067,1)
[1526]: (331.5058457835687,1)
[1527]: (331.0982928505319,1)
[1528]: (331.1469308813133,1)
[1529]: (331.0622456006406,1)
[1530]: (331.0925155039115,1)
[1531]: (332.3455543667544,1)
[1532]: (331.2741677126469,1)
[1533]: (331.0306891937022,1)
[1534]: (331.0738174425759,1)
[1535]: (331.030345351291,1)
[1536]: (331.8330276735894,1)
[1537]: (331.5828729029491,1)
[1538]: (331.3723476557798,1)
[1539]: (331.2923190974057,1)
[1540]: (331.4991843723097,1)
[1541]: (331.4236989120418,1)
[1542]: (331.4637821376583,1)
[1543]: (331.0871015963846,1)
[1544]: (331.1669099690443,1)
[1545]: (331.2838353150879,1)
[1546]: (331.0449648049827,1)
[1547]: (331.1467624943949,1)
[1548]: (331.1225489681087,1)
[1549]: (332.308266346625,1)
[1550]: (331.3798877280204,1)
[1551]: (331.0063296529173,1)
[1552]: (332.0548804867763,1)
[1553]: (331.0354962006485,1)
[1554]: (331.2410813330135,1)
[1555]: (331.265482812054,1)
[1556]: (331.2463990240089,1)
[1557]: (331.4974069929496,1)
[1558]: (331.2264415811962,1)
[1559]: (331.076403324759,1)
[1560]: (331.4136748282286,1)
[1561]: (331.6439174925786,1)
[1562]: (331.485475868599,1)
[1563]: (331.2199918013536,1)
[1564]: (331.0050478574875,1)
[1565]: (331.1774741980457,1)
[1566]: (331.1423264560564,1)
[1567]: (331.2802885933483,1)
[1568]: (331.1064309173159,1)
[1569]: (331.2673719864208,1)
[1570]: (331.0903886625839,1)
[1571]: (331.3159152412336,1)
[1572]: (331.3134246206521,1)
[1573]: (331.0023936813765,1)
[1574]: (331.2229439638003,1)
[1575]: (331.8949098112377,1)
[1576]: (331.2336010839866,1)
[1577]: (331.0361742941348,1)
[1578]: (331.0770471611332,1)
[1579]: (331.6931557622935,1)
[1580]: (331.2948728112511,1)
[1581]: (331.7288250930801,1)
[1582]: (331.6963475861691,1)
[1583]: (331.1594672308797,1)
[1584]: (331.0378115163084,1)
[1585]: (333.274920767535,1)
[1586]: (331.1251856084513,1)
[1587]: (331.6101786904309,1)
[1588]: (332.1124026186214,1)
[1589]: (331.246381023202,1)
[1590]: (331.0146770177361,1)
[1591]: (331.0194613921668,1)
[1592]: (331.2538515378469,1)
[1593]: (331.093299637497,1)
[1594]: (331.0596528370181,1)
[1595]: (331.2635614792209,1)
[1596]: (331.8817921297805,1)
[1597]: (331.5655180506048,1)
[1598]: (331.0131606846523,1)
[1599]: (331.4845546877951,1)
[1600]: (331.0633127436926,1)
[1601]: (331.4388845326044,1)
[1602]: (331.0008183390115,1)
[1603]: (331.3339668347688,1)
[1604]: (331.060477655841,1)
[1605]: (331.2830177781562,1)
[1606]: (331.1935197596331,1)
[1607]: (331.1461223369651,1)
[1608]: (331.0314711994666,1)
[1609]: (331.5593742201029,1)
[1610]: (331.2333248947817,1)
[1611]: (331.362266611596,1)
[1612]: (331.0677564556945,1)
[1613]: (331.4599578948717,1)
[1614]: (331.3592535999304,1)
[1615]: (331.8670405512053,1)
[1616]: (331.2834186760438,1)
[1617]: (331.4986779239795,1)
[1618]: (331.515866761065,1)
[1619]: (331.7120311486553,1)
[1620]: (331.2280630061078,1)
[1621]: (331.0498972182946,1)
[1622]: (331.5575409478766,1)
[1623]: (331.2961345691931,1)
[1624]: (331.0010532259963,1)
[1625]: (331.1508916246729,1)
[1626]: (331.1435219111105,1)
[1627]: (331.0397070107148,1)
[1628]: (331.475689741215,1)
[1629]: (331.5941392741786,1)
[1630]: (331.029625057416,1)
[1631]: (331.6422128778887,1)
[1632]: (331.5847232818703,1)
[1633]: (331.1815955288866,1)
[1634]: (331.1207891816126,1)
[1635]: (331.2050919898934,1)
[1636]: (331.4600426035735,1)
[1637]: (331.141338308284,1)
[1638]: (331.0259089165112,1)
[1639]: (331.4255016275755,1)
[1640]: (331.4008600552305,1)
[1641]: (331.719588765039,1)
[1642]: (332.4025158392505,1)
[1643]: (331.0199479289861,1)
[1644]: (331.2279649959096,1)
[1645]: (331.0726217882241,1)
[1646]: (331.0430289588203,1)
[1647]: (331.4410467188864,1)
[1648]: (331.937266138856,1)
[1649]: (331.8556894499205,1)
[1650]: (331.5834471290869,1)
[1651]: (331.3517259651691,1)
[1652]: (331.0195841669859,1)
[1653]: (331.7681942596288,1)
[1654]: (331.2758357196075,1)
[1655]: (331.6976864012541,1)
[1656]: (331.2708716327885,1)
[1657]: (331.2284751599256,1)
[1658]: (331.0890288222951,1)
[1659]: (331.3016559538406,1)
[1660]: (331.1455105244866,1)
[1661]: (331.2615787375712,1)
[1662]: (331.1766809791778,1)
[1663]: (331.3885839942972,1)
[1664]: (331.2311184632217,1)
[1665]: (331.3328672047035,1)
[1666]: (331.5960284000014,1)
[1667]: (331.1568247407165,1)
[1668]: (331.1058202381492,1)
[1669]: (331.241889423042,1)
[1670]: (331.4517462278893,1)
[1671]: (331.8757920892391,1)
[1672]: (331.4768083220235,1)
[1673]: (331.4940885059051,1)
[1674]: (331.5628744042089,1)
[1675]: (331.6950569486737,1)
[1676]: (331.3088763114172,1)
[1677]: (331.665220869345,1)
[1678]: (332.9397543733419,1)
[1679]: (331.8059147822457,1)
[1680]: (331.1213186471517,1)
[1681]: (331.004926187846,1)
[1682]: (331.3089879377677,1)
[1683]: (331.0597745744438,1)
[1684]: (331.1686874195,1)
[1685]: (331.1961648878278,1)
[1686]: (331.0005836062332,1)
[1687]: (332.0029303848002,1)
[1688]: (331.3206644404845,1)
[1689]: (331.469217724462,1)
[1690]: (331.1863924525665,1)
[1691]: (331.2579955128997,1)
[1692]: (331.0654577630738,1)
[1693]: (331.229306535742,1)
[1694]: (331.251071410647,1)
[1695]: (331.1329444420321,1)
[1696]: (331.1749191168243,1)
[1697]: (331.5335549812161,1)
[1698]: (331.1585066632208,1)
[1699]: (332.5277319460724,1)
[1700]: (331.0878127971163,1)
[1701]: (332.1505528192288,1)
[1702]: (331.3152413982067,1)
[1703]: (331.3943233057299,1)
[1704]: (331.7146922542104,1)
[1705]: (331.1680568225677,1)
[1706]: (331.7431783111947,1)
[1707]: (331.0202537012881,1)
[1708]: (331.3460050526987,1)
[1709]: (331.8778573722076,1)
[1710]: (331.0178359252368,1)
[1711]: (331.1533182283001,1)
[1712]: (331.0436271983115,1)
[1713]: (331.0222595098691,1)
[1714]: (331.4887463140139,1)
[1715]: (331.3261333428167,1)
[1716]: (331.2416757340569,1)
[1717]: (331.0089109189222,1)
[1718]: (331.1749288042948,1)
[1719]: (331.0897649765868,1)
[1720]: (331.3247989248412,1)
[1721]: (331.9700238365743,1)
[1722]: (331.8393611313655,1)
[1723]: (331.1236250826414,1)
[1724]: (331.2150149949043,1)
[1725]: (331.2026492797495,1)
[1726]: (331.0221959442065,1)
[1727]: (331.2770327553753,1)
[1728]: (331.3280177321499,1)
[1729]: (331.0010776822223,1)
[1730]: (332.4386452406228,1)
[1731]: (331.2545817063321,1)
[1732]: (331.1229909453912,1)
[1733]: (331.0201432919085,1)
[1734]: (331.6156512380972,1)
[1735]: (331.2910219225557,1)
[1736]: (331.2544844789662,1)
[1737]: (331.0720818677189,1)
[1738]: (331.0858563604556,1)
[1739]: (331.1296997478108,1)
[1740]: (331.6534652965049,1)
[1741]: (331.1860745274839,1)
[1742]: (331.0875606077665,1)
[1743]: (331.1021138891917,1)
[1744]: (331.1563255372116,1)
[1745]: (331.189741308054,1)
[1746]: (331.4068651354633,1)
[1747]: (331.1571707499301,1)
[1748]: (331.2399455430385,1)
[1749]: (331.2391620005033,1)
[1750]: (331.0906841207714,1)
[1751]: (331.3785382860251,1)
[1752]: (331.321206819188,1)
[1753]: (331.1347179834803,1)
[1754]: (331.202587421522,1)
[1755]: (331.0884954436052,1)
[1756]: (332.0647247917341,1)
[1757]: (331.0343069445405,1)
[1758]: (331.7487255150455,1)
[1759]: (331.6398997422082,1)
[1760]: (332.168336956945,1)
[1761]: (331.9359109369188,1)
[1762]: (331.0964632521288,1)
[1763]: (331.001996790977,1)
[1764]: (332.5825278041392,1)
[1765]: (331.0842211477866,1)
[1766]: (331.7982558900573,1)
[1767]: (331.0531843543155,1)
[1768]: (332.2702774421281,1)
[1769]: (331.4862908420482,1)
[1770]: (331.3078705023448,1)
[1771]: (331.2549589054652,1)
[1772]: (331.1753952234803,1)
[1773]: (331.0084429333037,1)
[1774]: (332.3080563811178,1)
[1775]: (331.8357869453991,1)
[1776]: (331.805492858492,1)
[1777]: (331.0586031828383,1)
[1778]: (331.4902005120656,1)
[1779]: (331.3888295972498,1)
[1780]: (331.8347376985321,1)
[1781]: (331.2360372285863,1)
[1782]: (331.0018236455878,1)
[1783]: (331.2100391440043,1)
[1784]: (331.2894095499731,1)
[1785]: (331.2250857358601,1)
[1786]: (331.2803671253886,1)
[1787]: (331.2258486368947,1)
[1788]: (331.4062296002276,1)
[1789]: (331.016408283115,1)
[1790]: (331.2276106028086,1)
[1791]: (331.124200241044,1)
[1792]: (331.1351474239259,1)
[1793]: (331.1049441964961,1)
[1794]: (331.3629015095839,1)
[1795]: (331.119556425764,1)
[1796]: (331.0425669294504,1)
[1797]: (331.0348332610694,1)
[1798]: (331.097189346372,1)
[1799]: (331.5869103464917,1)
[1800]: (331.7314324155893,1)
[1801]: (331.4739801688241,1)
[1802]: (331.1618203849947,1)
[1803]: (331.0208149642016,1)
[1804]: (331.6349967029967,1)
[1805]: (331.1138078774798,1)
[1806]: (331.0103358548441,1)
[1807]: (331.1983459434156,1)
[1808]: (331.0891053015851,1)
[1809]: (331.0469349940893,1)
[1810]: (332.3295068420688,1)
[1811]: (331.2982273313179,1)
[1812]: (331.118964217203,1)
[1813]: (331.2521338720563,1)
[1814]: (331.7381579982197,1)
[1815]: (331.054987400734,1)
[1816]: (331.2171725669131,1)
[1817]: (331.4773474746966,1)
[1818]: (331.0267957496182,1)
[1819]: (331.0576873472775,1)
[1820]: (331.2795570820098,1)
[1821]: (331.4528953434548,1)
[1822]: (331.0318294573154,1)
[1823]: (331.0048495920052,1)
[1824]: (331.1050073936901,1)
[1825]: (331.0543903797692,1)
[1826]: (331.3051929759681,1)
[1827]: (331.7765966551278,1)
[1828]: (331.136466113512,1)
[1829]: (331.1419758268141,1)
[1830]: (331.2101422365737,1)
[1831]: (331.3219665733421,1)
[1832]: (331.1287171608862,1)
[1833]: (331.3561228361198,1)
[1834]: (331.3682205365247,1)
[1835]: (331.0465461270886,1)
[1836]: (331.28488387825,1)
[1837]: (331.059275807953,1)
[1838]: (331.1430284650611,1)
[1839]: (331.229374897545,1)
[1840]: (331.2845308327553,1)
[1841]: (331.0720488690009,1)
[1842]: (331.065939291132,1)
[1843]: (331.1563305219008,1)
[1844]: (331.635054088411,1)
[1845]: (331.3054134898003,1)
[1846]: (331.4180002253723,1)
[1847]: (331.5409026207683,1)
[1848]: (331.1372993394224,1)
[1849]: (331.0207187890567,1)
[1850]: (331.0219252394962,1)
[1851]: (331.1381311869955,1)
[1852]: (331.4486923664373,1)
[1853]: (331.5436210531647,1)
[1854]: (331.8984012352752,1)
[1855]: (331.4368934099991,1)
[1856]: (331.5688487471635,1)
[1857]: (331.71049413161,1)
[1858]: (331.6776503300148,1)
[1859]: (331.6966437008087,1)
[1860]: (331.3628433299514,1)
[1861]: (331.3537392774382,1)
[1862]: (331.0334496043344,1)
[1863]: (331.3670866030468,1)
[1864]: (331.7924248830584,1)
[1865]: (331.1241886265737,1)
[1866]: (331.0357701222295,1)
[1867]: (331.2958696538476,1)
[1868]: (331.1319878554976,1)
[1869]: (331.1451709351296,1)
[1870]: (331.7605984182151,1)
[1871]: (332.6461009357851,1)
[1872]: (331.8833532566805,1)
[1873]: (331.0478781267337,1)
[1874]: (331.3436252188051,1)
[1875]: (331.1992226557562,1)
[1876]: (331.1970806852427,1)
[1877]: (331.0256958730765,1)
[1878]: (331.4062091217015,1)
[1879]: (331.6594369595126,1)
[1880]: (331.5388889082685,1)
[1881]: (332.1259801714728,1)
[1882]: (331.2872234423593,1)
[1883]: (331.1205836666502,1)
[1884]: (331.7476809722317,1)
[1885]: (331.0157052951653,1)
[1886]: (331.2577526448407,1)
[1887]: (331.0937807356617,1)
[1888]: (331.2858839591881,1)
[1889]: (331.2699305619879,1)
[1890]: (331.1072381540275,1)
[1891]: (331.973419373822,1)
[1892]: (331.1421909180345,1)
[1893]: (331.7532837974558,1)
[1894]: (331.1650171595036,1)
[1895]: (331.3237175229391,1)
[1896]: (331.5609529889076,1)
[1897]: (331.6822679528024,1)
[1898]: (331.3798986268665,1)
[1899]: (331.8468749475649,1)
[1900]: (331.0700909623532,1)
[1901]: (331.1241238341086,1)
[1902]: (331.3690706784726,1)
[1903]: (332.1298308345872,1)
[1904]: (331.155432218009,1)
[1905]: (331.023937107764,1)
[1906]: (331.5293393449082,1)
[1907]: (331.0833212806103,1)
[1908]: (331.1766680287706,1)
[1909]: (331.1484408813411,1)
[1910]: (331.4819212454727,1)
[1911]: (331.5413850577605,1)
[1912]: (331.2150993032824,1)
[1913]: (331.3129737663984,1)
[1914]: (331.4191828447928,1)
[1915]: (331.1779805367406,1)
[1916]: (331.2437267782403,1)
[1917]: (331.0214562794616,1)
[1918]: (331.2637093654726,1)
[1919]: (331.0892663817738,1)
[1920]: (331.3735818087975,1)
[1921]: (331.0189547868774,1)
[1922]: (331.0210819567237,1)
[1923]: (331.8233251074617,1)
[1924]: (331.6160686459336,1)
[1925]: (331.2604055585824,1)
[1926]: (331.6778852304945,1)
[1927]: (331.3038894414108,1)
[1928]: (331.2533264785102,1)
[1929]: (331.5060525329477,1)
[1930]: (331.2595023966517,1)
[1931]: (331.066258920203,1)
[1932]: (331.5395106332326,1)
[1933]: (331.9886271469506,1)
[1934]: (331.1952241501323,1)
[1935]: (331.460959248734,1)
[1936]: (331.1511268372514,1)
[1937]: (331.1401129749857,1)
[1938]: (331.0278352902134,1)
[1939]: (331.2013238031702,1)
[1940]: (331.479999213657,1)
[1941]: (331.00010553876,1)
[1942]: (331.0511622029216,1)
[1943]: (331.0301219995252,1)
[1944]: (331.8259746815441,1)
[1945]: (331.3309148898153,1)
[1946]: (331.5728586405247,1)
[1947]: (331.0646970653333,1)
[1948]: (331.3206750455587,1)
[1949]: (331.1062454369911,1)
[1950]: (331.520564817325,1)
[1951]: (331.137837367213,1)
[1952]: (331.2635189832877,1)
[1953]: (331.1506288576093,1)
[1954]: (331.3352532167208,1)
[1955]: (331.1618208413823,1)
[1956]: (331.4425185761932,1)
[1957]: (331.3420997880822,1)
[1958]: (331.940224882698,1)
[1959]: (331.0024826898377,1)
[1960]: (331.0667491100045,1)
[1961]: (331.3469576729275,1)
[1962]: (331.5021096528048,1)
[1963]: (331.3206575127479,1)
[1964]: (331.1533806386254,1)
[1965]: (331.1870942630457,1)
[1966]: (332.0825659523126,1)
[1967]: (331.1777566754971,1)
[1968]: (331.0213771130497,1)
[1969]: (331.5220539544712,1)
[1970]: (331.2053680112157,1)
[1971]: (331.0663650929903,1)
[1972]: (331.2010327770876,1)
[1973]: (331.0220178620709,1)
[1974]: (331.0337849414753,1)
[1975]: (332.2088600223846,1)
[1976]: (331.0301953388376,1)
[1977]: (331.524598127598,1)
[1978]: (331.5188934810465,1)
[1979]: (331.3923979347506,1)
[1980]: (331.5460680936689,1)
[1981]: (331.0897441820995,1)
[1982]: (331.0475532538183,1)
[1983]: (331.1046114323034,1)
[1984]: (331.0119666322668,1)
[1985]: (331.2708162472122,1)
[1986]: (331.1589306206405,1)
[1987]: (331.2084440193397,1)
[1988]: (331.123609642917,1)
[1989]: (331.0763289889898,1)
[1990]: (331.8085652247715,1)
[1991]: (331.1331833916276,1)
[1992]: (331.274866961976,1)
[1993]: (331.2664849869439,1)
[1994]: (332.1718194354953,1)
[1995]: (331.22878359077,1)
[1996]: (331.0802613826363,1)
[1997]: (331.1916197292698,1)
[1998]: (331.1447181176781,1)
[1999]: (331.0167831267664,1)
 -- States explored : 0 states
 -- CPU user time used : 62240 ms
 -- Virtual memory used : 57136 KiB
 -- Resident memory used : 18684 KiB
executionTime: 365
