core file size          (blocks, -c) unlimited
data seg size           (kbytes, -d) unlimited
scheduling priority             (-e) 0
file size               (blocks, -f) unlimited
pending signals                 (-i) 4077086
max locked memory       (kbytes, -l) 64
max memory size         (kbytes, -m) 66060288
open files                      (-n) 4096
pipe size            (512 bytes, -p) 8
POSIX message queues     (bytes, -q) 819200
real-time priority              (-r) 0
stack size              (kbytes, -s) 8192
cpu time               (seconds, -t) unlimited
max user processes              (-u) 4077086
virtual memory          (kbytes, -v) 63000000
file locks                      (-x) unlimited
Options for the verification:
  Generating some trace
  Search order is random depth first
  Using conservative space optimisation
  Seed is 1556898620
  State space representation uses minimal constraint systems
  Using HashMap + Compress integers for discrete state storage

Verifying formula 1 at ../queries/SN_100_132_16.q:1
 -- Formula is satisfied.
(9000 runs)
Learning statistics for best strategy: 
	Number of resets: 2
	Number of iterations in last reset: 4
	Number of iterations in total: 29

 -- States explored : 0 states
 -- CPU user time used : 371110 ms
 -- Virtual memory used : 61124 KiB
 -- Resident memory used : 22708 KiB

Verifying formula 2 at ../queries/SN_100_132_16.q:3
 -- Formula is satisfied.
Composer.Done:
[0]: (0,0) (230.0915025081508,1)
[1]: (230.1332116145863,1)
[2]: (230.119793716042,1)
[3]: (230.3784594574788,1)
[4]: (230.3983916365055,1)
[5]: (230.1463693343082,1)
[6]: (230.1055001403724,1)
[7]: (230.6555939079839,1)
[8]: (230.3176501020082,1)
[9]: (230.2007575288766,1)
[10]: (230.1619878602445,1)
[11]: (230.1678902755265,1)
[12]: (230.2451706666067,1)
[13]: (230.0191782625712,1)
[14]: (230.6006939394896,1)
[15]: (230.3685176561316,1)
[16]: (230.3719723090032,1)
[17]: (230.252254404149,1)
[18]: (230.1445154458584,1)
[19]: (230.0566803588107,1)
[20]: (230.1562796981344,1)
[21]: (230.2903013166587,1)
[22]: (231.16814255717,1)
[23]: (230.0261537130151,1)
[24]: (230.1051049380608,1)
[25]: (230.4163736404966,1)
[26]: (230.1968844864982,1)
[27]: (230.022757295129,1)
[28]: (230.6744661033876,1)
[29]: (230.4748272254202,1)
[30]: (230.6257124314862,1)
[31]: (230.0998551387976,1)
[32]: (230.7708402024496,1)
[33]: (230.0310055658674,1)
[34]: (230.3511681532697,1)
[35]: (230.0265682846069,1)
[36]: (230.2123107701219,1)
[37]: (230.0962113936595,1)
[38]: (231.1211696216456,1)
[39]: (230.4025076305063,1)
[40]: (230.0444914217469,1)
[41]: (230.2747840319062,1)
[42]: (230.0138528978885,1)
[43]: (230.3150205420351,1)
[44]: (230.7267883124763,1)
[45]: (230.1322922326355,1)
[46]: (230.1767288876235,1)
[47]: (230.3013857164661,1)
[48]: (230.1902150241193,1)
[49]: (230.425360843353,1)
[50]: (230.2295855313441,1)
[51]: (230.8030866037258,1)
[52]: (230.0814571267623,1)
[53]: (230.3774136365357,1)
[54]: (230.2755679874174,1)
[55]: (230.2057564374053,1)
[56]: (230.1143639938719,1)
[57]: (230.3824660779915,1)
[58]: (230.0256430125532,1)
[59]: (230.569375180363,1)
[60]: (230.5583721875876,1)
[61]: (230.6652462124329,1)
[62]: (230.5353483461196,1)
[63]: (230.8301093298557,1)
[64]: (230.7478464332756,1)
[65]: (230.0271264479214,1)
[66]: (230.3634973152972,1)
[67]: (230.1483847420951,1)
[68]: (230.0510428058682,1)
[69]: (231.2169517724462,1)
[70]: (230.0181059281473,1)
[71]: (230.1157586803266,1)
[72]: (230.1783953955077,1)
[73]: (230.7630705432948,1)
[74]: (230.3330365750517,1)
[75]: (230.1433703422671,1)
[76]: (230.8915903557255,1)
[77]: (230.0306118848034,1)
[78]: (230.1040120840688,1)
[79]: (230.0691592499867,1)
[80]: (230.2522547013364,1)
[81]: (230.2431101479565,1)
[82]: (230.2814659290238,1)
[83]: (230.5964988555072,1)
[84]: (230.3459929574829,1)
[85]: (230.3144179086376,1)
[86]: (230.050740905329,1)
[87]: (230.0003884779993,1)
[88]: (230.0414299398404,1)
[89]: (230.5749333979358,1)
[90]: (230.5881753858099,1)
[91]: (230.5532604532961,1)
[92]: (230.2493738146103,1)
[93]: (230.4679016242025,1)
[94]: (230.0360753881107,1)
[95]: (230.041469998078,1)
[96]: (230.3409319068116,1)
[97]: (231.6870086847812,1)
[98]: (230.0150217341256,1)
[99]: (231.015450293522,1)
[100]: (230.0144085317173,1)
[101]: (230.406545604003,1)
[102]: (230.6746378546729,1)
[103]: (230.3749717530524,1)
[104]: (230.2048467953512,1)
[105]: (230.2775178628043,1)
[106]: (230.1204988529885,1)
[107]: (230.390082808198,1)
[108]: (230.0484946123756,1)
[109]: (230.1663599871417,1)
[110]: (230.2230023964951,1)
[111]: (230.122396565296,1)
[112]: (230.0067766992993,1)
[113]: (230.2140300628451,1)
[114]: (230.8420102648497,1)
[115]: (230.1478242940319,1)
[116]: (230.3739015165012,1)
[117]: (230.0472186019632,1)
[118]: (230.2863771934981,1)
[119]: (230.0437219673267,1)
[120]: (230.8090130801265,1)
[121]: (230.1031349664334,1)
[122]: (230.3729960374828,1)
[123]: (230.3694524384568,1)
[124]: (230.7743284022971,1)
[125]: (230.1019678378309,1)
[126]: (230.1365119359804,1)
[127]: (230.3163591087161,1)
[128]: (230.0779354870312,1)
[129]: (230.4098749768719,1)
[130]: (230.6160653296674,1)
[131]: (230.394912356252,1)
[132]: (230.4433981790188,1)
[133]: (230.1427759965086,1)
[134]: (230.022870743306,1)
[135]: (230.0043391047019,1)
[136]: (230.0521058962164,1)
[137]: (230.3499193460127,1)
[138]: (230.2899011886745,1)
[139]: (230.1164867626165,1)
[140]: (230.7812697369475,1)
[141]: (230.2712124452464,1)
[142]: (230.7566585906848,1)
[143]: (230.3613733791757,1)
[144]: (230.2802652336601,1)
[145]: (230.031627192327,1)
[146]: (230.0517735221477,1)
[147]: (230.2347918633856,1)
[148]: (230.2071853952555,1)
[149]: (230.1345193463835,1)
[150]: (230.9899646154641,1)
[151]: (230.0354064054491,1)
[152]: (230.2922791800927,1)
[153]: (230.3660754956755,1)
[154]: (230.177076780709,1)
[155]: (230.3308355338519,1)
[156]: (230.0686255209466,1)
[157]: (230.2168163603524,1)
[158]: (230.1444133251326,1)
[159]: (230.0236452365625,1)
[160]: (230.1875125832134,1)
[161]: (230.1165317247915,1)
[162]: (230.2305926119188,1)
[163]: (230.136683809393,1)
[164]: (230.2527776204856,1)
[165]: (230.6670331690164,1)
[166]: (230.0010518430711,1)
[167]: (230.1991969512318,1)
[168]: (230.9304092019596,1)
[169]: (230.4776941236061,1)
[170]: (230.0112976260329,1)
[171]: (230.3146064326505,1)
[172]: (230.32201036284,1)
[173]: (230.1831444187172,1)
[174]: (230.1211242780301,1)
[175]: (230.4401917757796,1)
[176]: (230.4492352509668,1)
[177]: (230.0074932219449,1)
[178]: (230.1203282746932,1)
[179]: (230.3985840655181,1)
[180]: (230.5612322562604,1)
[181]: (230.4138512761798,1)
[182]: (230.1010521926444,1)
[183]: (230.2526601188141,1)
[184]: (231.0360122340967,1)
[185]: (230.1055284969161,1)
[186]: (230.0289182353842,1)
[187]: (230.7229811084018,1)
[188]: (230.3426435969089,1)
[189]: (230.4586492857579,1)
[190]: (230.3838169561233,1)
[191]: (230.6337402065091,1)
[192]: (230.2211521493554,1)
[193]: (230.1149165509368,1)
[194]: (230.2236449788399,1)
[195]: (231.1213246234775,1)
[196]: (230.1242154717559,1)
[197]: (230.3870345426201,1)
[198]: (230.0471712098774,1)
[199]: (230.7915453927071,1)
[200]: (231.723498135249,1)
[201]: (230.1484429065276,1)
[202]: (230.4153351022565,1)
[203]: (230.0158990478028,1)
[204]: (230.03525782777,1)
[205]: (230.2343725770132,1)
[206]: (230.8826558304326,1)
[207]: (230.0391033627967,1)
[208]: (231.2549763793694,1)
[209]: (230.3335760717472,1)
[210]: (230.3343034760898,1)
[211]: (231.1985831848309,1)
[212]: (230.1027546639299,1)
[213]: (230.113351259031,1)
[214]: (230.0366261173848,1)
[215]: (230.8701581583286,1)
[216]: (230.0403143536507,1)
[217]: (230.0490570753115,1)
[218]: (230.1678946483057,1)
[219]: (230.7846189311137,1)
[220]: (230.0153810299565,1)
[221]: (230.0775260918166,1)
[222]: (230.8454369126071,1)
[223]: (230.1389117395812,1)
[224]: (230.1701659125042,1)
[225]: (230.1103714193493,1)
[226]: (230.0520842354387,1)
[227]: (230.1046712874976,1)
[228]: (230.8563529647678,1)
[229]: (230.0039435962435,1)
[230]: (230.1474036953312,1)
[231]: (230.4288703892441,1)
[232]: (230.4430263067262,1)
[233]: (230.9867909077913,1)
[234]: (230.6993651553977,1)
[235]: (230.2530722643637,1)
[236]: (230.0275130593004,1)
[237]: (230.6279363131779,1)
[238]: (230.0930532356129,1)
[239]: (230.6556203149625,1)
[240]: (230.8005655983882,1)
[241]: (230.3006285980286,1)
[242]: (230.1976565490755,1)
[243]: (230.8012576678274,1)
[244]: (230.1736172931707,1)
[245]: (230.5273618589235,1)
[246]: (230.8511981279264,1)
[247]: (230.1157223470842,1)
[248]: (230.1237301365666,1)
[249]: (230.0577226457183,1)
[250]: (230.252004680966,1)
[251]: (230.2757694996623,1)
[252]: (230.2388516181512,1)
[253]: (230.1918902241169,1)
[254]: (230.1264193655096,1)
[255]: (230.5184681198843,1)
[256]: (230.0297632102568,1)
[257]: (230.0482312967754,1)
[258]: (230.4757444602677,1)
[259]: (230.5877226355979,1)
[260]: (230.1051891735292,1)
[261]: (230.1658388540079,1)
[262]: (230.1201037039485,1)
[263]: (230.4446581110121,1)
[264]: (230.2258023747765,1)
[265]: (230.0033755808944,1)
[266]: (230.7852235735067,1)
[267]: (230.3344073575257,1)
[268]: (230.1752597677803,1)
[269]: (230.1790980801387,1)
[270]: (230.0089510822969,1)
[271]: (230.0507713476105,1)
[272]: (230.6038583567667,1)
[273]: (230.077559062648,1)
[274]: (230.4420173267788,1)
[275]: (230.1295236408242,1)
[276]: (230.0025068896319,1)
[277]: (230.0110103192171,1)
[278]: (230.0035649648806,1)
[279]: (230.1172283572589,1)
[280]: (230.086094550292,1)
[281]: (230.1219430250093,1)
[282]: (230.7477671566143,1)
[283]: (230.2301160678641,1)
[284]: (231.6966434886968,1)
[285]: (230.3616820166897,1)
[286]: (231.0203096564165,1)
[287]: (230.2211912580423,1)
[288]: (230.0731200616926,1)
[289]: (230.1786804442846,1)
[290]: (230.6172864337094,1)
[291]: (230.0623584092075,1)
[292]: (230.2031023548485,1)
[293]: (230.0561591646583,1)
[294]: (230.6514701065389,1)
[295]: (230.3810701566499,1)
[296]: (230.016902607414,1)
[297]: (231.1414200551814,1)
[298]: (230.1631174903038,1)
[299]: (231.3512711131347,1)
[300]: (230.0816677388084,1)
[301]: (230.5953759931893,1)
[302]: (230.4370008538039,1)
[303]: (230.0231327973735,1)
[304]: (230.7817557080594,1)
[305]: (230.259860264355,1)
[306]: (230.1093507103886,1)
[307]: (230.0244361875854,1)
[308]: (230.1620130047378,1)
[309]: (230.5868102630271,1)
[310]: (230.4338286164844,1)
[311]: (230.0711160152063,1)
[312]: (230.0941000138996,1)
[313]: (230.0824481616177,1)
[314]: (230.2735776486057,1)
[315]: (230.1914991920285,1)
[316]: (230.2308647994136,1)
[317]: (230.2196825196282,1)
[318]: (230.1408056131175,1)
[319]: (230.1939959732305,1)
[320]: (230.550609499067,1)
[321]: (231.9475048125309,1)
[322]: (230.5047509594699,1)
[323]: (230.1343867940202,1)
[324]: (230.7319583547991,1)
[325]: (230.0062275618468,1)
[326]: (230.448203354239,1)
[327]: (230.2137120872636,1)
[328]: (230.3172244363894,1)
[329]: (230.0841026732844,1)
[330]: (230.4262465031321,1)
[331]: (230.0530123713725,1)
[332]: (230.3843163361331,1)
[333]: (230.0393626524095,1)
[334]: (230.1923009248738,1)
[335]: (230.0683937806083,1)
[336]: (230.4686527499551,1)
[337]: (230.6397865543632,1)
[338]: (230.3229229260472,1)
[339]: (230.1902060293322,1)
[340]: (230.5340824395165,1)
[341]: (230.5008359566348,1)
[342]: (230.4604721756158,1)
[343]: (230.7425553699112,1)
[344]: (230.2299121878184,1)
[345]: (230.3408440282723,1)
[346]: (230.0028532944874,1)
[347]: (230.2864780205572,1)
[348]: (230.0188711409031,1)
[349]: (230.1112061603287,1)
[350]: (230.5032976259054,1)
[351]: (230.0046553875176,1)
[352]: (230.3774512141553,1)
[353]: (230.0968622583552,1)
[354]: (230.7289362152217,1)
[355]: (230.0766489311277,1)
[356]: (230.0588320456658,1)
[357]: (230.7429207919529,1)
[358]: (230.4750322472529,1)
[359]: (230.715655354998,1)
[360]: (230.671409333567,1)
[361]: (230.0983152513163,1)
[362]: (230.1191704562982,1)
[363]: (230.1072967268566,1)
[364]: (230.1693481791901,1)
[365]: (230.2228121409165,1)
[366]: (230.0342036224426,1)
[367]: (230.4736308900401,1)
[368]: (230.2456048559717,1)
[369]: (230.3013251437381,1)
[370]: (230.1634334802378,1)
[371]: (230.0374636695199,1)
[372]: (230.4574796542439,1)
[373]: (230.408351226225,1)
[374]: (230.375602059515,1)
[375]: (230.0908642019696,1)
[376]: (230.4883972083682,1)
[377]: (230.0126550066744,1)
[378]: (230.2612102905825,1)
[379]: (230.6495629071995,1)
[380]: (230.2105388212965,1)
[381]: (230.3525382238948,1)
[382]: (230.0453352195317,1)
[383]: (230.1380195534665,1)
[384]: (230.3730093951815,1)
[385]: (230.3222150169616,1)
[386]: (230.2919443868732,1)
[387]: (230.5855841237325,1)
[388]: (230.0972935283179,1)
[389]: (230.0231579513458,1)
[390]: (230.4883959925608,1)
[391]: (231.1924074030802,1)
[392]: (230.3878786487075,1)
[393]: (230.6992945107131,1)
[394]: (230.08568508903,1)
[395]: (231.2650921620847,1)
[396]: (230.0563295450561,1)
[397]: (230.1133758885414,1)
[398]: (230.348028283938,1)
[399]: (230.029094646076,1)
[400]: (230.2381786280055,1)
[401]: (230.8672952330005,1)
[402]: (230.5781190694681,1)
[403]: (230.2428239872591,1)
[404]: (230.1183221367748,1)
[405]: (230.5354937330431,1)
[406]: (230.2117173897078,1)
[407]: (230.73059879801,1)
[408]: (230.8213105271565,1)
[409]: (230.3031466061607,1)
[410]: (230.3965808898027,1)
[411]: (230.2682883170857,1)
[412]: (230.1145326514845,1)
[413]: (230.9196426055883,1)
[414]: (230.4673852594095,1)
[415]: (230.0610713946427,1)
[416]: (230.3358770423632,1)
[417]: (230.9395205394852,1)
[418]: (231.1215006180017,1)
[419]: (230.236292429481,1)
[420]: (230.1181932633605,1)
[421]: (231.8228462951203,1)
[422]: (230.1337374257039,1)
[423]: (230.7454876549529,1)
[424]: (230.1576045077902,1)
[425]: (230.0344021773826,1)
[426]: (230.4006186975337,1)
[427]: (230.0594561092211,1)
[428]: (230.3730479652042,1)
[429]: (230.4682338855939,1)
[430]: (230.2713146565262,1)
[431]: (230.1195746071744,1)
[432]: (230.1450669222115,1)
[433]: (230.2403733949918,1)
[434]: (230.3616450843777,1)
[435]: (230.1008179981,1)
[436]: (230.0436357110082,1)
[437]: (230.0656039447357,1)
[438]: (230.5453755276697,1)
[439]: (230.0883113812889,1)
[440]: (230.4431652946829,1)
[441]: (230.1274522969686,1)
[442]: (230.4318164771146,1)
[443]: (230.1967731396919,1)
[444]: (230.0623123183321,1)
[445]: (230.4327788798862,1)
[446]: (230.0493977247245,1)
[447]: (230.5371740980876,1)
[448]: (230.1236726902578,1)
[449]: (230.0466039489731,1)
[450]: (230.8543976824712,1)
[451]: (230.1171992727771,1)
[452]: (230.3874249811957,1)
[453]: (230.3157877512491,1)
[454]: (230.0319973669869,1)
[455]: (230.6871702115236,1)
[456]: (230.0208615674843,1)
[457]: (230.2633329568312,1)
[458]: (230.9524952052649,1)
[459]: (230.356339398213,1)
[460]: (230.0738595327483,1)
[461]: (231.7654570486208,1)
[462]: (230.2453599912228,1)
[463]: (230.1780058996482,1)
[464]: (230.0059266124356,1)
[465]: (230.4796074252389,1)
[466]: (230.0352738474402,1)
[467]: (230.8230439764064,1)
[468]: (230.7665061427502,1)
[469]: (230.0177618692368,1)
[470]: (230.3262478312592,1)
[471]: (230.0019864734953,1)
[472]: (230.3844397300551,1)
[473]: (230.1085496925924,1)
[474]: (230.2103074084624,1)
[475]: (230.2132763663365,1)
[476]: (230.0759059113742,1)
[477]: (230.1067606152899,1)
[478]: (230.0508861573082,1)
[479]: (230.189250935096,1)
[480]: (230.1845006387238,1)
[481]: (230.2937121938011,1)
[482]: (230.0208132238794,1)
[483]: (230.1560689748817,1)
[484]: (230.0698019614603,1)
[485]: (230.1966911316822,1)
[486]: (230.936041214379,1)
[487]: (230.1241917918792,1)
[488]: (231.0913755312235,1)
[489]: (230.1677885172708,1)
[490]: (230.086195578741,1)
[491]: (230.2499364945349,1)
[492]: (230.2527405188863,1)
[493]: (230.7552533041106,1)
[494]: (230.1733013098643,1)
[495]: (230.0966317462102,1)
[496]: (230.5092146286468,1)
[497]: (230.021795250396,1)
[498]: (230.2408944735128,1)
[499]: (230.0465061970622,1)
[500]: (230.0372897114032,1)
[501]: (230.2826750911504,1)
[502]: (230.0208772148358,1)
[503]: (230.2571472215134,1)
[504]: (230.3802716952118,1)
[505]: (230.0783187833332,1)
[506]: (230.0711926286884,1)
[507]: (230.0764258084075,1)
[508]: (230.5125719439608,1)
[509]: (230.3495980328391,1)
[510]: (230.017422557207,1)
[511]: (231.1258948132767,1)
[512]: (230.2544186285372,1)
[513]: (230.3586456853545,1)
[514]: (230.4772917759361,1)
[515]: (230.0967628859041,1)
[516]: (230.2229250913761,1)
[517]: (230.0633212186602,1)
[518]: (230.7699619071855,1)
[519]: (230.9216633950949,1)
[520]: (230.7890614420316,1)
[521]: (230.2340443280901,1)
[522]: (230.047878919457,1)
[523]: (230.4714668400015,1)
[524]: (230.3662239713304,1)
[525]: (230.440632914994,1)
[526]: (230.22583030767,1)
[527]: (230.7272675258572,1)
[528]: (230.0754508128973,1)
[529]: (230.1906885863307,1)
[530]: (230.2692710677192,1)
[531]: (230.1588914235462,1)
[532]: (230.3608845615519,1)
[533]: (230.4326194810583,1)
[534]: (230.4868962554948,1)
[535]: (230.066213436702,1)
[536]: (230.2634169641277,1)
[537]: (230.2770279335275,1)
[538]: (230.3781002935877,1)
[539]: (230.3639877842427,1)
[540]: (230.8999171549731,1)
[541]: (230.8287740658965,1)
[542]: (231.8166422358344,1)
[543]: (230.1346790627981,1)
[544]: (230.0174622510034,1)
[545]: (230.0724771553047,1)
[546]: (230.2224098558072,1)
[547]: (230.4253831711302,1)
[548]: (230.2349853248121,1)
[549]: (230.6039779891787,1)
[550]: (230.6604495364916,1)
[551]: (230.3193336597171,1)
[552]: (230.1015118622787,1)
[553]: (230.1384622846277,1)
[554]: (231.1579233984586,1)
[555]: (230.1666043196721,1)
[556]: (230.5367175831593,1)
[557]: (230.0527997444117,1)
[558]: (230.0982762201325,1)
[559]: (230.8146069384188,1)
[560]: (230.4779225502307,1)
[561]: (230.2377853982364,1)
[562]: (230.2347444322891,1)
[563]: (230.0568826718952,1)
[564]: (230.4087271957405,1)
[565]: (230.5594558115077,1)
[566]: (230.3959710154748,1)
[567]: (230.3949544848521,1)
[568]: (230.0702585652032,1)
[569]: (230.1279952595923,1)
[570]: (230.0975540021966,1)
[571]: (230.0498690121266,1)
[572]: (230.1010152545815,1)
[573]: (231.0730583838333,1)
[574]: (230.4612258113649,1)
[575]: (230.4792640649938,1)
[576]: (230.7959696238019,1)
[577]: (230.3101486379425,1)
[578]: (230.2460374247999,1)
[579]: (230.0444592058219,1)
[580]: (230.2668707412684,1)
[581]: (230.1006232989645,1)
[582]: (230.0377785051899,1)
[583]: (230.2384675944473,1)
[584]: (230.2086752909766,1)
[585]: (230.1074377505001,1)
[586]: (230.116983862761,1)
[587]: (230.3701914770013,1)
[588]: (230.9506878229291,1)
[589]: (230.8036812316586,1)
[590]: (230.648864680236,1)
[591]: (230.0072151676937,1)
[592]: (230.2157463007383,1)
[593]: (230.1699636922441,1)
[594]: (230.09536976618,1)
[595]: (230.1298718417668,1)
[596]: (230.0111273692287,1)
[597]: (230.0092958682099,1)
[598]: (230.214595377109,1)
[599]: (230.8092825872568,1)
[600]: (230.3990686845497,1)
[601]: (230.4580070432255,1)
[602]: (230.6093849232142,1)
[603]: (230.0195904067057,1)
[604]: (230.0668839855959,1)
[605]: (230.0622639688803,1)
[606]: (230.0992318948104,1)
[607]: (230.3230960938405,1)
[608]: (230.352227024835,1)
[609]: (230.0181955668648,1)
[610]: (230.3555695207946,1)
[611]: (230.3606712251483,1)
[612]: (230.0390413661351,1)
[613]: (230.1550147635708,1)
[614]: (230.471410994753,1)
[615]: (230.5637779011914,1)
[616]: (230.2587460598113,1)
[617]: (230.2795507122444,1)
[618]: (230.389369415807,1)
[619]: (230.0703757905,1)
[620]: (230.2653189509724,1)
[621]: (230.2585642174168,1)
[622]: (230.9757029903406,1)
[623]: (230.1665804377375,1)
[624]: (231.4801921683406,1)
[625]: (230.0000021863483,1)
[626]: (230.7659220964538,1)
[627]: (230.2017493726598,1)
[628]: (230.7259884601245,1)
[629]: (230.1992281931479,1)
[630]: (230.4172990292735,1)
[631]: (230.0099011780307,1)
[632]: (230.1468760094323,1)
[633]: (230.143583530902,1)
[634]: (230.253096861456,1)
[635]: (230.3021208208056,1)
[636]: (230.1250041267605,1)
[637]: (230.1944111882922,1)
[638]: (230.445971105923,1)
[639]: (230.1223957756676,1)
[640]: (230.0505756788182,1)
[641]: (230.3946980303821,1)
[642]: (230.2579615116155,1)
[643]: (230.1260179528937,1)
[644]: (230.0681007346379,1)
[645]: (230.1314472128243,1)
[646]: (230.4888237989695,1)
[647]: (230.0817412871966,1)
[648]: (230.0836385598415,1)
[649]: (230.6466600863544,1)
[650]: (230.1825283778704,1)
[651]: (230.1813654230506,1)
[652]: (230.1265719667949,1)
[653]: (230.1122671915761,1)
[654]: (230.0991717714068,1)
[655]: (230.2340237071423,1)
[656]: (231.1394160237618,1)
[657]: (230.2238716735837,1)
[658]: (230.3911008720685,1)
[659]: (230.09593045276,1)
[660]: (230.377315482177,1)
[661]: (230.0381289640881,1)
[662]: (230.0100026940519,1)
[663]: (230.0253538533819,1)
[664]: (230.3106668112585,1)
[665]: (230.6363310212346,1)
[666]: (231.0006156240265,1)
[667]: (230.4637627939449,1)
[668]: (230.2199080680415,1)
[669]: (230.1844399003735,1)
[670]: (230.7206153146577,1)
[671]: (230.1616952210857,1)
[672]: (230.2825354799183,1)
[673]: (230.4533264539302,1)
[674]: (231.2648392301083,1)
[675]: (230.376509514007,1)
[676]: (231.3984476525227,1)
[677]: (230.0893141255016,1)
[678]: (230.0381788712639,1)
[679]: (230.3268244209153,1)
[680]: (230.2175488133566,1)
[681]: (230.3674370761271,1)
[682]: (230.1266916107495,1)
[683]: (230.5349134686665,1)
[684]: (230.0700380394707,1)
[685]: (230.7680761301412,1)
[686]: (230.7821339545603,1)
[687]: (230.1194718802141,1)
[688]: (230.7935716133987,1)
[689]: (230.5117865341786,1)
[690]: (230.3324012335924,1)
[691]: (230.1497145414399,1)
[692]: (230.4029163166488,1)
[693]: (231.9641990863939,1)
[694]: (230.3560910571567,1)
[695]: (230.1934695787547,1)
[696]: (230.8821038867434,1)
[697]: (230.1520325991423,1)
[698]: (230.3089579505335,1)
[699]: (230.0167569494891,1)
[700]: (230.2646722659534,1)
[701]: (230.0029261327542,1)
[702]: (230.1558205596573,1)
[703]: (230.0178235430787,1)
[704]: (230.1965391206271,1)
[705]: (230.0396549004295,1)
[706]: (230.5835611974643,1)
[707]: (230.1896417034086,1)
[708]: (230.1665860961648,1)
[709]: (230.6552845083823,1)
[710]: (230.1854419393873,1)
[711]: (230.6849728142874,1)
[712]: (230.3910223561463,1)
[713]: (230.5192730794511,1)
[714]: (230.9774013791721,1)
[715]: (230.1244743942967,1)
[716]: (230.2827678723961,1)
[717]: (230.0842502668984,1)
[718]: (230.2586795448294,1)
[719]: (230.09632232387,1)
[720]: (231.1151380226394,1)
[721]: (230.0565761837672,1)
[722]: (230.1259627231066,1)
[723]: (230.115168691707,1)
[724]: (230.0969018116949,1)
[725]: (230.2068905649231,1)
[726]: (230.169131571632,1)
[727]: (230.1649086458377,1)
[728]: (230.1472995744921,1)
[729]: (230.19695262449,1)
[730]: (230.1370052273627,1)
[731]: (230.1288004612616,1)
[732]: (230.0325765605095,1)
[733]: (230.0654626780563,1)
[734]: (230.0382518546561,1)
[735]: (230.1771988230752,1)
[736]: (230.6822387473522,1)
[737]: (230.1767246778023,1)
[738]: (230.8064724990537,1)
[739]: (230.1351534452352,1)
[740]: (230.3898828422916,1)
[741]: (230.3559714909998,1)
[742]: (230.4951741150421,1)
[743]: (230.0100015332168,1)
[744]: (230.2866658906705,1)
[745]: (230.3321905483035,1)
[746]: (230.3307108320423,1)
[747]: (230.2298846068047,1)
[748]: (230.1436706225276,1)
[749]: (230.0919369266631,1)
[750]: (230.2703439323277,1)
[751]: (230.3495231292831,1)
[752]: (230.1481896287785,1)
[753]: (230.2167290756825,1)
[754]: (230.0886825520732,1)
[755]: (230.8493938196345,1)
[756]: (230.2470023445444,1)
[757]: (230.2466386206995,1)
[758]: (230.2241947534947,1)
[759]: (230.6325750192891,1)
[760]: (230.3581105282014,1)
[761]: (230.0928957202895,1)
[762]: (231.2288268697649,1)
[763]: (230.1108168681626,1)
[764]: (230.1670324233554,1)
[765]: (230.3259179886446,1)
[766]: (231.1824161043942,1)
[767]: (230.2754283454613,1)
[768]: (230.1222682540389,1)
[769]: (230.6653557827415,1)
[770]: (230.1382895230389,1)
[771]: (230.7424443913935,1)
[772]: (230.7677013017008,1)
[773]: (230.4126387876235,1)
[774]: (230.6786275623968,1)
[775]: (230.2085498624706,1)
[776]: (230.0342014186895,1)
[777]: (230.1209736735354,1)
[778]: (230.123293654374,1)
[779]: (230.3597098322612,1)
[780]: (230.7414514451638,1)
[781]: (230.083590557672,1)
[782]: (230.301711431945,1)
[783]: (230.7066425456416,1)
[784]: (230.069803497697,1)
[785]: (230.0619083018062,1)
[786]: (230.1342194377692,1)
[787]: (230.604603656148,1)
[788]: (230.6227762760433,1)
[789]: (230.2345058122913,1)
[790]: (230.7008436973543,1)
[791]: (230.2979447327716,1)
[792]: (230.5386772946505,1)
[793]: (230.0176710621475,1)
[794]: (230.9855477981833,1)
[795]: (230.1872217576537,1)
[796]: (230.0250546398292,1)
[797]: (230.2743962723688,1)
[798]: (230.3098034046778,1)
[799]: (230.2581294969713,1)
[800]: (230.92883811482,1)
[801]: (230.1293479987205,1)
[802]: (230.0184465032732,1)
[803]: (230.1034820581815,1)
[804]: (230.3419805258379,1)
[805]: (230.8254676292067,1)
[806]: (230.1289471413528,1)
[807]: (230.1645312440129,1)
[808]: (230.1105635535419,1)
[809]: (230.35733167469,1)
[810]: (230.0917560068922,1)
[811]: (230.4598413789696,1)
[812]: (230.6224124204634,1)
[813]: (230.3591551193127,1)
[814]: (230.3847155814584,1)
[815]: (230.1549807899274,1)
[816]: (230.3033231313555,1)
[817]: (230.0570402806783,1)
[818]: (230.0990083037357,1)
[819]: (230.2582728619916,1)
[820]: (230.2527556583006,1)
[821]: (230.375369236398,1)
[822]: (230.4729647934037,1)
[823]: (230.9495748363149,1)
[824]: (230.2549637336919,1)
[825]: (230.649259644581,1)
[826]: (230.3570219847525,1)
[827]: (230.5290060186047,1)
[828]: (230.4431357710207,1)
[829]: (230.015024917807,1)
[830]: (230.0534921957942,1)
[831]: (230.0159206895207,1)
[832]: (230.2519280499998,1)
[833]: (230.0614194315535,1)
[834]: (230.1358284043159,1)
[835]: (230.4882856338999,1)
[836]: (230.215084922856,1)
[837]: (230.1375064139828,1)
[838]: (230.0718905373026,1)
[839]: (230.6149687726423,1)
[840]: (230.0151658255077,1)
[841]: (230.7500347527008,1)
[842]: (230.5237153865875,1)
[843]: (230.0400248487998,1)
[844]: (230.0098380482399,1)
[845]: (230.0622400640674,1)
[846]: (231.4778648585263,1)
[847]: (230.2301763053602,1)
[848]: (230.0561563720226,1)
[849]: (230.2157147924074,1)
[850]: (230.0324116126642,1)
[851]: (230.7149430093134,1)
[852]: (230.184020107461,1)
[853]: (230.4344748788446,1)
[854]: (230.3513533567134,1)
[855]: (230.2607118343608,1)
[856]: (230.296132598338,1)
[857]: (230.5056393558752,1)
[858]: (230.1849744155608,1)
[859]: (230.1120795548835,1)
[860]: (230.0673677669082,1)
[861]: (230.5785553964344,1)
[862]: (230.0730577357095,1)
[863]: (230.0747822274099,1)
[864]: (230.554346567126,1)
[865]: (230.5220211329561,1)
[866]: (230.0284049936411,1)
[867]: (230.0029046005968,1)
[868]: (230.0067871033956,1)
[869]: (230.2253397320883,1)
[870]: (230.2154490927833,1)
[871]: (230.2465228777725,1)
[872]: (230.1660027358341,1)
[873]: (230.058253540915,1)
[874]: (230.8909622596531,1)
[875]: (230.183054699157,1)
[876]: (230.1208939496081,1)
[877]: (231.3232940558007,1)
[878]: (230.6600374918014,1)
[879]: (230.3500731212316,1)
[880]: (231.1306389072375,1)
[881]: (230.9935051533218,1)
[882]: (230.000066226613,1)
[883]: (230.1483851823554,1)
[884]: (231.1877485172003,1)
[885]: (230.0125620669133,1)
[886]: (230.1814041337546,1)
[887]: (230.0811299188185,1)
[888]: (230.0081420464174,1)
[889]: (230.1237461493071,1)
[890]: (230.8612599274394,1)
[891]: (230.1087534021923,1)
[892]: (230.6168793147126,1)
[893]: (230.0050028267246,1)
[894]: (230.1044350751023,1)
[895]: (230.4337636194463,1)
[896]: (230.4614719104569,1)
[897]: (231.3677517426668,1)
[898]: (230.7278528728733,1)
[899]: (230.6484377249335,1)
[900]: (230.1721677180701,1)
[901]: (230.0403933246464,1)
[902]: (230.0577825958611,1)
[903]: (230.3547369996471,1)
[904]: (230.0144129179519,1)
[905]: (230.0010886163458,1)
[906]: (230.6168536782824,1)
[907]: (230.1086598508683,1)
[908]: (230.2316349383715,1)
[909]: (230.0567867199201,1)
[910]: (230.1118149438636,1)
[911]: (230.1010391298284,1)
[912]: (230.3118700853398,1)
[913]: (230.0924977577791,1)
[914]: (230.5398048719382,1)
[915]: (230.2424186012831,1)
[916]: (230.6627246102132,1)
[917]: (230.6546416163776,1)
[918]: (230.3819786330022,1)
[919]: (230.6882736340192,1)
[920]: (230.1137891362523,1)
[921]: (230.4845603820981,1)
[922]: (230.322881512142,1)
[923]: (230.2005775969342,1)
[924]: (230.0093486154323,1)
[925]: (230.1034406691332,1)
[926]: (230.2460939844123,1)
[927]: (230.5257720472217,1)
[928]: (230.4858415316575,1)
[929]: (230.0095899839299,1)
[930]: (230.102591285914,1)
[931]: (230.0152879651911,1)
[932]: (230.2935766801724,1)
[933]: (230.5037267802713,1)
[934]: (230.1713482503828,1)
[935]: (230.1021276530461,1)
[936]: (230.8719694238563,1)
[937]: (230.0579589345185,1)
[938]: (231.7191432294724,1)
[939]: (230.3694776943461,1)
[940]: (230.2441086152053,1)
[941]: (230.2878118089698,1)
[942]: (230.1270856686506,1)
[943]: (230.34167102921,1)
[944]: (230.7650871657156,1)
[945]: (230.2745309068656,1)
[946]: (230.7264798212429,1)
[947]: (230.7816015135919,1)
[948]: (230.670947175385,1)
[949]: (230.0240636215606,1)
[950]: (230.4208898784613,1)
[951]: (230.0210641013612,1)
[952]: (230.0280216637064,1)
[953]: (230.4668823996323,1)
[954]: (230.8034984587771,1)
[955]: (230.8407937625765,1)
[956]: (230.5229023489787,1)
[957]: (230.2133417455612,1)
[958]: (230.5971042850019,1)
[959]: (230.2721544573941,1)
[960]: (230.2074090257388,1)
[961]: (230.0232189646152,1)
[962]: (230.5969810896572,1)
[963]: (230.4777392537262,1)
[964]: (230.2071203783503,1)
[965]: (230.0730986173928,1)
[966]: (230.5233864398637,1)
[967]: (231.2449341185937,1)
[968]: (230.7282410184665,1)
[969]: (230.0617288756592,1)
[970]: (230.0948927902677,1)
[971]: (230.1068751310416,1)
[972]: (230.1111264280894,1)
[973]: (230.192690159586,1)
[974]: (230.9020741071867,1)
[975]: (230.0231477044914,1)
[976]: (230.0268596336598,1)
[977]: (230.4103251694726,1)
[978]: (230.2359046176246,1)
[979]: (230.3539191785215,1)
[980]: (230.2279127342,1)
[981]: (230.4214630617589,1)
[982]: (230.931916238591,1)
[983]: (230.6598794713797,1)
[984]: (230.1401814670033,1)
[985]: (230.9842098025311,1)
[986]: (230.2240861924383,1)
[987]: (230.6015782626709,1)
[988]: (230.5465059201417,1)
[989]: (230.5165046883955,1)
[990]: (231.1354863414926,1)
[991]: (230.9608964060531,1)
[992]: (230.2210858776016,1)
[993]: (230.1953827070418,1)
[994]: (230.082886182069,1)
[995]: (230.4969743698046,1)
[996]: (230.3713746091157,1)
[997]: (231.0182464858952,1)
[998]: (230.294943149956,1)
[999]: (230.1046345803134,1)
[1000]: (230.3495785707896,1)
[1001]: (230.2878599043062,1)
[1002]: (230.1404952506242,1)
[1003]: (230.3624007040453,1)
[1004]: (230.0381317102511,1)
[1005]: (230.3838146240048,1)
[1006]: (230.3979054189314,1)
[1007]: (230.0823898739557,1)
[1008]: (230.2011836097141,1)
[1009]: (230.2023723124732,1)
[1010]: (230.2371970378799,1)
[1011]: (230.1974529850507,1)
[1012]: (230.0192777734909,1)
[1013]: (230.1441861931811,1)
[1014]: (230.2937193610431,1)
[1015]: (230.704073511091,1)
[1016]: (230.0159154863007,1)
[1017]: (231.1570471124488,1)
[1018]: (230.6104145571001,1)
[1019]: (230.392527986175,1)
[1020]: (230.5923667305965,1)
[1021]: (230.5086403788812,1)
[1022]: (230.3403748550937,1)
[1023]: (230.5392274718657,1)
[1024]: (230.516215062807,1)
[1025]: (230.7367894696458,1)
[1026]: (230.2686130095988,1)
[1027]: (230.4001741771083,1)
[1028]: (230.5882667033759,1)
[1029]: (230.5582024130728,1)
[1030]: (230.0596675629977,1)
[1031]: (230.2657226460557,1)
[1032]: (230.0438781717525,1)
[1033]: (231.1467058965871,1)
[1034]: (231.1359981125822,1)
[1035]: (230.2920612626232,1)
[1036]: (230.0371878017603,1)
[1037]: (230.918094378392,1)
[1038]: (230.0483420932037,1)
[1039]: (230.0678888992445,1)
[1040]: (230.0143477719526,1)
[1041]: (230.0371394372309,1)
[1042]: (230.4658694266174,1)
[1043]: (230.0712334036973,1)
[1044]: (230.2269571088648,1)
[1045]: (230.3570440389088,1)
[1046]: (230.7385605032239,1)
[1047]: (230.3317539830476,1)
[1048]: (230.1472063807639,1)
[1049]: (230.2612992867112,1)
[1050]: (230.3784959299365,1)
[1051]: (230.229851501912,1)
[1052]: (230.1463744108319,1)
[1053]: (230.1711266357261,1)
[1054]: (231.0311425715213,1)
[1055]: (230.2553322947979,1)
[1056]: (230.3634672499794,1)
[1057]: (230.228677595321,1)
[1058]: (230.3760112080023,1)
[1059]: (230.2111555438169,1)
[1060]: (230.7864211949255,1)
[1061]: (230.6209832060103,1)
[1062]: (230.5276973678481,1)
[1063]: (230.6830630571846,1)
[1064]: (230.031687870325,1)
[1065]: (230.0954556206779,1)
[1066]: (230.1885285993622,1)
[1067]: (230.5135579357728,1)
[1068]: (230.0065178016624,1)
[1069]: (230.6620986579548,1)
[1070]: (230.0898515882684,1)
[1071]: (231.0498531973889,1)
[1072]: (230.3447515511513,1)
[1073]: (230.033437620921,1)
[1074]: (230.3234251225259,1)
[1075]: (230.2105692703054,1)
[1076]: (231.024271209834,1)
[1077]: (230.3346660719698,1)
[1078]: (230.0835034921227,1)
[1079]: (230.0214434976571,1)
[1080]: (230.0687938775227,1)
[1081]: (230.2316018436046,1)
[1082]: (230.7180058226372,1)
[1083]: (230.344585612378,1)
[1084]: (230.3045857094342,1)
[1085]: (230.0999913025595,1)
[1086]: (230.3717252857837,1)
[1087]: (230.2679085217171,1)
[1088]: (230.026627130397,1)
[1089]: (230.0933830398338,1)
[1090]: (230.1568317220796,1)
[1091]: (230.5277764965275,1)
[1092]: (230.0578289711188,1)
[1093]: (230.1350879693614,1)
[1094]: (230.0246650754902,1)
[1095]: (230.3026618002095,1)
[1096]: (230.2033666288514,1)
[1097]: (230.1341699506695,1)
[1098]: (230.0755534071458,1)
[1099]: (231.0008656286836,1)
[1100]: (230.4770173047725,1)
[1101]: (230.4190797706369,1)
[1102]: (230.068539552465,1)
[1103]: (230.264797945782,1)
[1104]: (230.1121358575238,1)
[1105]: (230.2872792311299,1)
[1106]: (230.0450893581436,1)
[1107]: (230.2960208695118,1)
[1108]: (230.835101876232,1)
[1109]: (230.0592814340038,1)
[1110]: (230.6465888247676,1)
[1111]: (230.3332943018531,1)
[1112]: (230.0831734205308,1)
[1113]: (230.2608584976045,1)
[1114]: (230.2686561969927,1)
[1115]: (230.0866742394269,1)
[1116]: (230.4646395073475,1)
[1117]: (230.7530953742841,1)
[1118]: (230.4294072260678,1)
[1119]: (230.5256245091726,1)
[1120]: (230.6230902441691,1)
[1121]: (230.0711852340986,1)
[1122]: (230.1286610898422,1)
[1123]: (230.1568012919577,1)
[1124]: (230.2197146099491,1)
[1125]: (230.7874215442974,1)
[1126]: (230.3182024607182,1)
[1127]: (230.3495057774923,1)
[1128]: (230.3428393509489,1)
[1129]: (230.1905360745927,1)
[1130]: (230.7740990941517,1)
[1131]: (230.0579369149603,1)
[1132]: (230.6551612728602,1)
[1133]: (230.5912643942026,1)
[1134]: (230.0257745205473,1)
[1135]: (230.1401173970634,1)
[1136]: (230.2714709229738,1)
[1137]: (230.038553290944,1)
[1138]: (230.0095435646322,1)
[1139]: (230.2229969097354,1)
[1140]: (230.0898651717192,1)
[1141]: (230.612059489454,1)
[1142]: (230.4661058830279,1)
[1143]: (230.3091333188183,1)
[1144]: (230.784183632954,1)
[1145]: (230.2039232379785,1)
[1146]: (230.1345909780219,1)
[1147]: (230.4355549438923,1)
[1148]: (230.1519022311815,1)
[1149]: (230.5852298004393,1)
[1150]: (230.1359477984701,1)
[1151]: (230.0139191153738,1)
[1152]: (230.3467108589314,1)
[1153]: (230.4361650647168,1)
[1154]: (230.1435811048561,1)
[1155]: (230.2312950719843,1)
[1156]: (230.250731026066,1)
[1157]: (230.2213136598991,1)
[1158]: (230.2987262927746,1)
[1159]: (230.1354326865672,1)
[1160]: (230.0170216949652,1)
[1161]: (230.1536591678708,1)
[1162]: (230.2312672627145,1)
[1163]: (230.1632077293679,1)
[1164]: (230.3918755582345,1)
[1165]: (230.1962234617587,1)
[1166]: (230.1981449490544,1)
[1167]: (230.3733750173454,1)
[1168]: (230.2331592564365,1)
[1169]: (230.7991098483695,1)
[1170]: (230.2256191684164,1)
[1171]: (230.5533556345369,1)
[1172]: (230.2390615808934,1)
[1173]: (230.3628090938752,1)
[1174]: (230.1429870368852,1)
[1175]: (230.6451007715801,1)
[1176]: (230.0657956590181,1)
[1177]: (231.0209072579363,1)
[1178]: (230.6672773492788,1)
[1179]: (230.9468724929316,1)
[1180]: (231.1931612439758,1)
[1181]: (230.1235776808788,1)
[1182]: (231.3017362919605,1)
[1183]: (230.1550241453843,1)
[1184]: (230.0011568371743,1)
[1185]: (230.7697827750879,1)
[1186]: (230.2682398105445,1)
[1187]: (231.0260864253133,1)
[1188]: (230.0280751695427,1)
[1189]: (230.0046900509606,1)
[1190]: (230.5016108920369,1)
[1191]: (230.0357736114167,1)
[1192]: (231.2227742477148,1)
[1193]: (231.857484327769,1)
[1194]: (230.1220207327993,1)
[1195]: (230.100318761291,1)
[1196]: (230.0469374492988,1)
[1197]: (230.036094298381,1)
[1198]: (230.0527948903326,1)
[1199]: (230.3901766245567,1)
[1200]: (230.1773364884835,1)
[1201]: (230.422294477042,1)
[1202]: (230.1116181721517,1)
[1203]: (230.1292309388244,1)
[1204]: (230.1923425627518,1)
[1205]: (230.8483776268645,1)
[1206]: (230.1135199602084,1)
[1207]: (230.2937693624364,1)
[1208]: (230.9235002801081,1)
[1209]: (230.5586014143369,1)
[1210]: (231.0023228243827,1)
[1211]: (230.0444451384522,1)
[1212]: (230.0204665512732,1)
[1213]: (231.3455464422692,1)
[1214]: (231.3063156831763,1)
[1215]: (230.552009809019,1)
[1216]: (230.4967596232904,1)
[1217]: (230.0672201615949,1)
[1218]: (230.0873391753713,1)
[1219]: (230.0706345624718,1)
[1220]: (230.0851553708155,1)
[1221]: (230.5521921040018,1)
[1222]: (230.0893841739229,1)
[1223]: (230.4099054669038,1)
[1224]: (230.0495159168032,1)
[1225]: (230.6773614374015,1)
[1226]: (231.2785958520272,1)
[1227]: (230.0430589646151,1)
[1228]: (230.2678259613702,1)
[1229]: (230.8693074435655,1)
[1230]: (231.8313420670231,1)
[1231]: (230.0645189877297,1)
[1232]: (230.3932787018722,1)
[1233]: (230.6443835119435,1)
[1234]: (230.3047400814696,1)
[1235]: (230.0499687269616,1)
[1236]: (230.0106807026008,1)
[1237]: (230.0828541393091,1)
[1238]: (230.6600507063837,1)
[1239]: (230.9265034325276,1)
[1240]: (230.1243113727026,1)
[1241]: (231.4741563795642,1)
[1242]: (230.1653776082444,1)
[1243]: (230.1411311334004,1)
[1244]: (230.7830626153777,1)
[1245]: (230.8982086211646,1)
[1246]: (230.2745488575702,1)
[1247]: (230.3834565054479,1)
[1248]: (230.2221637960265,1)
[1249]: (230.0112371915226,1)
[1250]: (230.2917379805289,1)
[1251]: (230.5727150300275,1)
[1252]: (230.6384289994193,1)
[1253]: (230.1304052066575,1)
[1254]: (230.3355465875384,1)
[1255]: (230.6152393649885,1)
[1256]: (230.0185633209771,1)
[1257]: (230.0920295665072,1)
[1258]: (230.6884325424592,1)
[1259]: (230.0381814298393,1)
[1260]: (230.2809849208195,1)
[1261]: (230.0211496986275,1)
[1262]: (230.6857058835821,1)
[1263]: (230.1519223373917,1)
[1264]: (230.5857582185095,1)
[1265]: (230.530679957628,1)
[1266]: (230.7640581956985,1)
[1267]: (230.4335446253079,1)
[1268]: (230.8980764198889,1)
[1269]: (230.416007758531,1)
[1270]: (230.016898915622,1)
[1271]: (230.2440525255099,1)
[1272]: (230.534925685004,1)
[1273]: (230.0157335847281,1)
[1274]: (230.3107800449994,1)
[1275]: (230.541144189983,1)
[1276]: (230.4419547053117,1)
[1277]: (230.6736628363661,1)
[1278]: (230.4958837825784,1)
[1279]: (230.1252846557747,1)
[1280]: (230.1961223348308,1)
[1281]: (230.1441393564086,1)
[1282]: (231.2405767082408,1)
[1283]: (230.0986040800789,1)
[1284]: (230.3781282521767,1)
[1285]: (230.1762659870649,1)
[1286]: (230.3812981407926,1)
[1287]: (230.2870635886217,1)
[1288]: (230.2235607789272,1)
[1289]: (230.0596989470427,1)
[1290]: (230.3782800870465,1)
[1291]: (230.269592835747,1)
[1292]: (230.4306025379516,1)
[1293]: (230.5848161815074,1)
[1294]: (230.2632715917509,1)
[1295]: (230.0578586200087,1)
[1296]: (230.0807256398141,1)
[1297]: (230.4230998229812,1)
[1298]: (230.0687431815275,1)
[1299]: (230.138519466573,1)
[1300]: (230.1467523818577,1)
[1301]: (230.0233067661355,1)
[1302]: (230.6000649769771,1)
[1303]: (230.2027390466936,1)
[1304]: (230.1594685821277,1)
[1305]: (230.0005025180965,1)
[1306]: (230.7301859532519,1)
[1307]: (230.079503066355,1)
[1308]: (230.0643626929366,1)
[1309]: (230.165352975264,1)
[1310]: (230.4357186861403,1)
[1311]: (230.7765099016462,1)
[1312]: (230.0772364778803,1)
[1313]: (230.1838106334401,1)
[1314]: (230.3974856265991,1)
[1315]: (230.2554402848338,1)
[1316]: (230.8292336315714,1)
[1317]: (230.5221625024336,1)
[1318]: (230.151549534281,1)
[1319]: (230.0844493176513,1)
[1320]: (230.4521293335508,1)
[1321]: (230.1903825633264,1)
[1322]: (230.8004157780851,1)
[1323]: (230.3555370527637,1)
[1324]: (230.0403201210142,1)
[1325]: (230.0607646141728,1)
[1326]: (230.7379199782125,1)
[1327]: (231.4408331502549,1)
[1328]: (230.1063074982306,1)
[1329]: (230.148175360022,1)
[1330]: (230.9625472247805,1)
[1331]: (230.1841857676624,1)
[1332]: (230.1390762482815,1)
[1333]: (230.2165742850777,1)
[1334]: (230.9249278102242,1)
[1335]: (230.4011764955959,1)
[1336]: (230.0858186467355,1)
[1337]: (230.2644163513258,1)
[1338]: (231.4479265022469,1)
[1339]: (230.3428908568391,1)
[1340]: (230.7643293913739,1)
[1341]: (230.0917210764709,1)
[1342]: (230.5896091862698,1)
[1343]: (230.1165378062545,1)
[1344]: (230.3004568462263,1)
[1345]: (230.1403871544002,1)
[1346]: (230.1861722005811,1)
[1347]: (230.1413363027725,1)
[1348]: (230.2522629161338,1)
[1349]: (230.4064201905586,1)
[1350]: (230.1095309390966,1)
[1351]: (230.0871569748764,1)
[1352]: (230.2227673103562,1)
[1353]: (230.3781051726182,1)
[1354]: (230.4099306443776,1)
[1355]: (230.1854094741711,1)
[1356]: (230.0234964203495,1)
[1357]: (230.0838789684046,1)
[1358]: (230.0598271014644,1)
[1359]: (230.0597775782982,1)
[1360]: (230.2698113327086,1)
[1361]: (230.1784033386258,1)
[1362]: (230.5468244386573,1)
[1363]: (230.2765486331164,1)
[1364]: (231.5569772417022,1)
[1365]: (230.4216765926188,1)
[1366]: (230.8947170392978,1)
[1367]: (230.1034723380974,1)
[1368]: (230.5856196843831,1)
[1369]: (231.0488066259905,1)
[1370]: (230.5511652833947,1)
[1371]: (230.0161263610575,1)
[1372]: (230.2293092977185,1)
[1373]: (230.3109193200886,1)
[1374]: (230.0817409124108,1)
[1375]: (230.238839771088,1)
[1376]: (230.2999103589127,1)
[1377]: (230.2996900569701,1)
[1378]: (230.2380174025745,1)
[1379]: (230.1260960171647,1)
[1380]: (230.8932842182651,1)
[1381]: (230.5492367663479,1)
[1382]: (230.0563746642515,1)
[1383]: (230.0572703991857,1)
[1384]: (230.1623635368919,1)
[1385]: (230.2978932356156,1)
[1386]: (230.0778184486803,1)
[1387]: (230.7255076256672,1)
[1388]: (230.1669302638754,1)
[1389]: (230.5568886102356,1)
[1390]: (230.6181282590034,1)
[1391]: (230.1037950707284,1)
[1392]: (230.3013333884503,1)
[1393]: (230.1161283154693,1)
[1394]: (230.2543463567566,1)
[1395]: (230.0601044312971,1)
[1396]: (230.3316421033345,1)
[1397]: (230.2532422105892,1)
[1398]: (230.4584671123369,1)
[1399]: (230.1490797971987,1)
[1400]: (230.4962468959545,1)
[1401]: (230.1757633582947,1)
[1402]: (230.4110898469819,1)
[1403]: (230.0988714795023,1)
[1404]: (231.3841422366767,1)
[1405]: (230.3243069700266,1)
[1406]: (230.0195004018167,1)
[1407]: (230.0376044565206,1)
[1408]: (230.2500887466951,1)
[1409]: (230.0662905122608,1)
[1410]: (230.0056568560052,1)
[1411]: (230.1574563142682,1)
[1412]: (230.0524420060923,1)
[1413]: (230.1349534509291,1)
[1414]: (230.0144023436833,1)
[1415]: (230.2042627561999,1)
[1416]: (230.1390116852012,1)
[1417]: (230.011526511886,1)
[1418]: (230.2019368942784,1)
[1419]: (230.0978854398021,1)
[1420]: (230.0691828068014,1)
[1421]: (230.2835662011972,1)
[1422]: (230.7476269674485,1)
[1423]: (230.3113543836527,1)
[1424]: (230.1173149619875,1)
[1425]: (230.4874818765938,1)
[1426]: (230.1623839498843,1)
[1427]: (230.4369222244818,1)
[1428]: (230.0498370605683,1)
[1429]: (230.2698361106764,1)
[1430]: (230.779552705718,1)
[1431]: (232.3039056889255,1)
[1432]: (230.0411227514684,1)
[1433]: (230.1123478679092,1)
[1434]: (230.5511668571399,1)
[1435]: (230.4554771714131,1)
[1436]: (230.3695247892695,1)
[1437]: (230.0611254229173,1)
[1438]: (231.4769807183306,1)
[1439]: (230.524876892834,1)
[1440]: (230.0467798597255,1)
[1441]: (230.0454391783946,1)
[1442]: (231.2896273601276,1)
[1443]: (230.3590335045892,1)
[1444]: (230.3175069652353,1)
[1445]: (230.7965399119141,1)
[1446]: (230.8866142291709,1)
[1447]: (230.3156691102082,1)
[1448]: (230.0855076131155,1)
[1449]: (230.2823042902975,1)
[1450]: (230.3283390672668,1)
[1451]: (230.1888703071656,1)
[1452]: (230.0667298580549,1)
[1453]: (230.1001639104313,1)
[1454]: (230.4847597622222,1)
[1455]: (230.8816222192308,1)
[1456]: (230.0038591620626,1)
[1457]: (230.5500277409741,1)
[1458]: (230.3716921847933,1)
[1459]: (230.2808171167511,1)
[1460]: (230.0789727119993,1)
[1461]: (230.0027833687333,1)
[1462]: (230.1690251017012,1)
[1463]: (230.3033796388462,1)
[1464]: (230.4545907492008,1)
[1465]: (230.2350343468595,1)
[1466]: (230.8532082627775,1)
[1467]: (230.420176755478,1)
[1468]: (230.1452093664691,1)
[1469]: (230.1638159276818,1)
[1470]: (230.2032396145442,1)
[1471]: (230.4756058924177,1)
[1472]: (230.0399847475035,1)
[1473]: (230.4384626895109,1)
[1474]: (230.2862521915141,1)
[1475]: (230.0577002601982,1)
[1476]: (230.2699991227241,1)
[1477]: (230.5701925615061,1)
[1478]: (230.1324207629495,1)
[1479]: (230.1681937571694,1)
[1480]: (230.2270146775413,1)
[1481]: (230.715272023583,1)
[1482]: (230.1021458323391,1)
[1483]: (230.2587120564796,1)
[1484]: (230.0690879148457,1)
[1485]: (230.1403756579081,1)
[1486]: (230.3125813173788,1)
[1487]: (230.0391526966634,1)
[1488]: (230.8213048159577,1)
[1489]: (230.5643637996059,1)
[1490]: (230.6303506107369,1)
[1491]: (231.1838361798593,1)
[1492]: (230.0678588245594,1)
[1493]: (230.9116429022308,1)
[1494]: (230.4012930802162,1)
[1495]: (230.0688616134812,1)
[1496]: (231.232095417136,1)
[1497]: (230.0222660216498,1)
[1498]: (230.2067633873559,1)
[1499]: (230.0986973818071,1)
[1500]: (230.1445018914252,1)
[1501]: (230.0218630826812,1)
[1502]: (230.4728675997821,1)
[1503]: (230.5167045284124,1)
[1504]: (230.0352305234554,1)
[1505]: (230.0739366911727,1)
[1506]: (230.0017537933064,1)
[1507]: (230.8593369481367,1)
[1508]: (230.195956913938,1)
[1509]: (230.1847893970569,1)
[1510]: (230.3854597464433,1)
[1511]: (230.881014786838,1)
[1512]: (230.0354233421949,1)
[1513]: (230.0330183186238,1)
[1514]: (230.1026096621077,1)
[1515]: (230.2241032189995,1)
[1516]: (230.2406476681058,1)
[1517]: (230.0521181740372,1)
[1518]: (231.4812369715417,1)
[1519]: (230.1338196302684,1)
[1520]: (230.2143990662976,1)
[1521]: (230.4817212259209,1)
[1522]: (230.109285056821,1)
[1523]: (230.1432141910797,1)
[1524]: (230.3814336899607,1)
[1525]: (231.5079817720847,1)
[1526]: (230.5644834859949,1)
[1527]: (230.0196156316561,1)
[1528]: (230.5124851348774,1)
[1529]: (230.1621439352186,1)
[1530]: (230.4886922199345,1)
[1531]: (230.1195335886214,1)
[1532]: (230.3223183280828,1)
[1533]: (230.6807875555466,1)
[1534]: (230.9277196764662,1)
[1535]: (230.0314589077373,1)
[1536]: (230.3787182573926,1)
[1537]: (230.1619330265051,1)
[1538]: (230.0004235826909,1)
[1539]: (230.0818743352337,1)
[1540]: (230.0235451287082,1)
[1541]: (230.7284217496766,1)
[1542]: (230.1116900022568,1)
[1543]: (230.2322564205343,1)
[1544]: (230.206984724766,1)
[1545]: (230.1526020678871,1)
[1546]: (231.1397090704382,1)
[1547]: (230.3237821708114,1)
[1548]: (230.1208127717254,1)
[1549]: (230.6235869341053,1)
[1550]: (230.0545607125566,1)
[1551]: (230.0104664421804,1)
[1552]: (230.2578062485766,1)
[1553]: (230.0509861992974,1)
[1554]: (230.064193268752,1)
[1555]: (230.3175242594271,1)
[1556]: (230.3419428738383,1)
[1557]: (230.0015892387798,1)
[1558]: (230.1431816052485,1)
[1559]: (230.6189170620622,1)
[1560]: (230.4909542632603,1)
[1561]: (230.0700482290488,1)
[1562]: (230.1439185981198,1)
[1563]: (230.2155964853276,1)
[1564]: (230.0279354543832,1)
[1565]: (230.612774391866,1)
[1566]: (230.4266247082755,1)
[1567]: (230.2939548004487,1)
[1568]: (230.3785721681901,1)
[1569]: (230.2861737680674,1)
[1570]: (230.0559888925874,1)
[1571]: (230.0301290327975,1)
[1572]: (230.2245301339035,1)
[1573]: (230.05631965182,1)
[1574]: (230.3099995616145,1)
[1575]: (230.676677515716,1)
[1576]: (230.2347656391696,1)
[1577]: (230.0705555801878,1)
[1578]: (230.4286142373934,1)
[1579]: (230.9276001409603,1)
[1580]: (230.9497208425811,1)
[1581]: (230.0361564128682,1)
[1582]: (230.1551803910369,1)
[1583]: (230.6996034283519,1)
[1584]: (230.3630127432328,1)
[1585]: (230.1169231524783,1)
[1586]: (230.1677983184335,1)
[1587]: (230.0634635438761,1)
[1588]: (230.6829563866619,1)
[1589]: (230.6898192609712,1)
[1590]: (230.0266434908329,1)
[1591]: (230.4154260762397,1)
[1592]: (230.2117874568827,1)
[1593]: (230.2162978578299,1)
[1594]: (230.3321039941729,1)
[1595]: (230.1642550454578,1)
[1596]: (230.1090784854451,1)
[1597]: (230.1371824609097,1)
[1598]: (230.033723468948,1)
[1599]: (230.6698359411779,1)
[1600]: (230.0105696185581,1)
[1601]: (230.7714722400433,1)
[1602]: (230.3774992524986,1)
[1603]: (230.353095123978,1)
[1604]: (230.2273429049269,1)
[1605]: (230.340586743198,1)
[1606]: (230.0346583396455,1)
[1607]: (230.1478013577319,1)
[1608]: (230.1903733822096,1)
[1609]: (230.2466811546662,1)
[1610]: (230.4152730381032,1)
[1611]: (230.1035918391843,1)
[1612]: (230.4885626399932,1)
[1613]: (230.2489158093148,1)
[1614]: (230.3439354477878,1)
[1615]: (230.1853496078356,1)
[1616]: (230.2061296978879,1)
[1617]: (230.3444097038848,1)
[1618]: (230.2495777983679,1)
[1619]: (230.0378207523561,1)
[1620]: (230.582521160767,1)
[1621]: (230.0873316094058,1)
[1622]: (230.5527681056515,1)
[1623]: (230.0877730993262,1)
[1624]: (230.5777604185523,1)
[1625]: (230.1471502779738,1)
[1626]: (230.1708319860091,1)
[1627]: (230.0944084452185,1)
[1628]: (231.420829357279,1)
[1629]: (231.0160316017232,1)
[1630]: (230.5630581123513,1)
[1631]: (230.1107638859179,1)
[1632]: (230.2189258279307,1)
[1633]: (230.0301549781388,1)
[1634]: (230.2721280790365,1)
[1635]: (230.8514861607017,1)
[1636]: (230.7592670569402,1)
[1637]: (230.0676941273668,1)
[1638]: (230.1666492944099,1)
[1639]: (231.0816300369861,1)
[1640]: (230.3867407387566,1)
[1641]: (230.0026493856221,1)
[1642]: (230.1778449379213,1)
[1643]: (230.089630275568,1)
[1644]: (230.1116952458078,1)
[1645]: (230.0199338512772,1)
[1646]: (230.3516848393392,1)
[1647]: (230.119729014061,1)
[1648]: (230.3582595423627,1)
[1649]: (230.1622773116248,1)
[1650]: (230.2418658787929,1)
[1651]: (230.1096621116145,1)
[1652]: (230.2535167615807,1)
[1653]: (230.8317545590192,1)
[1654]: (230.1260310668259,1)
[1655]: (230.4631193030706,1)
[1656]: (230.0453044727974,1)
[1657]: (230.4635660258336,1)
[1658]: (230.1086728782462,1)
[1659]: (230.1099883359616,1)
[1660]: (230.1044158120457,1)
[1661]: (230.3404676482714,1)
[1662]: (230.0375173409113,1)
[1663]: (230.0649137228428,1)
[1664]: (230.1334884502266,1)
[1665]: (230.2085812834391,1)
[1666]: (230.1126981704125,1)
[1667]: (230.1166358967239,1)
[1668]: (230.6967176178709,1)
[1669]: (230.1172022346173,1)
[1670]: (230.004175975178,1)
[1671]: (230.0307681591887,1)
[1672]: (230.0320424335362,1)
[1673]: (230.4642280824153,1)
[1674]: (230.0636220916143,1)
[1675]: (230.1647077389585,1)
[1676]: (230.095568108939,1)
[1677]: (230.4402824257199,1)
[1678]: (230.1946018335551,1)
[1679]: (230.3992641079864,1)
[1680]: (230.0781195442465,1)
[1681]: (230.038165537376,1)
[1682]: (230.163775569407,1)
[1683]: (230.388044755585,1)
[1684]: (230.0361555117067,1)
[1685]: (230.4629033650994,1)
[1686]: (230.167323844917,1)
[1687]: (230.0123246743667,1)
[1688]: (230.217330452261,1)
[1689]: (230.1677007298487,1)
[1690]: (230.3254518971619,1)
[1691]: (230.5917978932222,1)
[1692]: (230.1196297718053,1)
[1693]: (230.2618712370255,1)
[1694]: (230.0469504265591,1)
[1695]: (230.2097264887065,1)
[1696]: (230.9748208740884,1)
[1697]: (230.1709992553808,1)
[1698]: (230.4817917325259,1)
[1699]: (230.1673380796793,1)
[1700]: (230.3433565781359,1)
[1701]: (230.0403114299601,1)
[1702]: (230.8172375930044,1)
[1703]: (230.2861768608564,1)
[1704]: (230.2415446586605,1)
[1705]: (230.3986403881268,1)
[1706]: (230.0065585243854,1)
[1707]: (230.423191754948,1)
[1708]: (230.7968310526125,1)
[1709]: (230.2241793252532,1)
[1710]: (230.8401115962556,1)
[1711]: (231.2192019570359,1)
[1712]: (230.5798463651564,1)
[1713]: (230.2562408146452,1)
[1714]: (230.3917706321457,1)
[1715]: (231.3326090706889,1)
[1716]: (230.7054374285451,1)
[1717]: (230.005682550876,1)
[1718]: (230.0423283539928,1)
[1719]: (230.6322365217964,1)
[1720]: (230.6198573703853,1)
[1721]: (230.1336270978828,1)
[1722]: (230.3708558412621,1)
[1723]: (230.0549958197618,1)
[1724]: (230.3515340795581,1)
[1725]: (230.6604458981916,1)
[1726]: (230.0488823104278,1)
[1727]: (230.3549543790437,1)
[1728]: (230.3803955542021,1)
[1729]: (230.028207323478,1)
[1730]: (231.6332569867992,1)
[1731]: (230.0126142844446,1)
[1732]: (230.3879378850427,1)
[1733]: (230.2080229564636,1)
[1734]: (230.3171248548066,1)
[1735]: (230.6825587620991,1)
[1736]: (230.4550195740562,1)
[1737]: (230.1294783317915,1)
[1738]: (230.0146552177365,1)
[1739]: (231.2864691272374,1)
[1740]: (230.2990436202207,1)
[1741]: (230.4545489661245,1)
[1742]: (230.4033385476992,1)
[1743]: (230.7013591147002,1)
[1744]: (230.0971513545681,1)
[1745]: (230.1786951564246,1)
[1746]: (230.347910092868,1)
[1747]: (230.323016350404,1)
[1748]: (230.946518601575,1)
[1749]: (230.4825388036839,1)
[1750]: (230.2469632464536,1)
[1751]: (230.2416598031968,1)
[1752]: (230.1730348965719,1)
[1753]: (230.8018964126141,1)
[1754]: (230.5248072713675,1)
[1755]: (230.1914884980657,1)
[1756]: (230.3809107443266,1)
[1757]: (230.6932287829005,1)
[1758]: (230.0248375746719,1)
[1759]: (230.231423258634,1)
[1760]: (230.0077185604553,1)
[1761]: (230.2989046049177,1)
[1762]: (230.0189722338643,1)
[1763]: (230.0966436543329,1)
[1764]: (230.1736148342246,1)
[1765]: (230.3581333039655,1)
[1766]: (230.2158397835092,1)
[1767]: (231.3082086565864,1)
[1768]: (230.6033537881734,1)
[1769]: (230.0129733494325,1)
[1770]: (230.0430181360329,1)
[1771]: (230.5176283538015,1)
[1772]: (230.0996767662969,1)
[1773]: (230.5688941108463,1)
[1774]: (232.3656081769453,1)
[1775]: (230.0492806553051,1)
[1776]: (230.0295742194756,1)
[1777]: (230.1520240167273,1)
[1778]: (230.3420152224315,1)
[1779]: (230.3952635662243,1)
[1780]: (230.58132311111,1)
[1781]: (230.0376500837325,1)
[1782]: (230.2332922659368,1)
[1783]: (230.0426086488978,1)
[1784]: (230.120285205716,1)
[1785]: (230.5668335966429,1)
[1786]: (230.676840817138,1)
[1787]: (230.0516784923602,1)
[1788]: (230.5125306887423,1)
[1789]: (230.090079271215,1)
[1790]: (230.2463182574497,1)
[1791]: (230.1880609399037,1)
[1792]: (230.0939886141207,1)
[1793]: (230.2593959052841,1)
[1794]: (230.2992318055672,1)
[1795]: (230.7487115327624,1)
[1796]: (230.0647520085315,1)
[1797]: (231.2712289002856,1)
[1798]: (230.1062887873101,1)
[1799]: (230.3486008011326,1)
[1800]: (230.2420438979807,1)
[1801]: (230.2563166715072,1)
[1802]: (230.6347581656585,1)
[1803]: (230.1974632790501,1)
[1804]: (230.3869195233762,1)
[1805]: (230.1298756763713,1)
[1806]: (230.0945172588308,1)
[1807]: (230.8137628603874,1)
[1808]: (230.5398473797097,1)
[1809]: (230.3611132492808,1)
[1810]: (230.4694298588969,1)
[1811]: (230.7426365517361,1)
[1812]: (230.2252134655969,1)
[1813]: (231.4763463536533,1)
[1814]: (230.0309650837267,1)
[1815]: (230.5574664420218,1)
[1816]: (230.3725397529863,1)
[1817]: (230.0985381765173,1)
[1818]: (230.1473164668693,1)
[1819]: (230.5813218263464,1)
[1820]: (230.6098785407033,1)
[1821]: (230.142504544744,1)
[1822]: (230.2956816743354,1)
[1823]: (230.0507617044109,1)
[1824]: (230.2517690042391,1)
[1825]: (230.0863005870548,1)
[1826]: (230.232617031444,1)
[1827]: (230.1230894052327,1)
[1828]: (230.2051862796622,1)
[1829]: (230.1497387801923,1)
[1830]: (230.1557005477054,1)
[1831]: (230.3969150884688,1)
[1832]: (230.7702080475129,1)
[1833]: (230.0134412412246,1)
[1834]: (230.0446383270462,1)
[1835]: (230.085284067272,1)
[1836]: (230.6816302157219,1)
[1837]: (230.1814852908964,1)
[1838]: (230.445998689797,1)
[1839]: (230.0558174469791,1)
[1840]: (230.0316843989985,1)
[1841]: (231.2925561811911,1)
[1842]: (230.1170952523971,1)
[1843]: (231.0851583293635,1)
[1844]: (230.0953830855414,1)
[1845]: (230.0240022955439,1)
[1846]: (230.1231059083014,1)
[1847]: (230.3528630333522,1)
[1848]: (230.4018827515246,1)
[1849]: (230.1332619392064,1)
[1850]: (230.554281015716,1)
[1851]: (230.4853205474772,1)
[1852]: (230.4132077805568,1)
[1853]: (230.2276933494069,1)
[1854]: (230.0149243639634,1)
[1855]: (230.3266517261267,1)
[1856]: (230.2296179363581,1)
[1857]: (230.2928430681042,1)
[1858]: (230.4189957173398,1)
[1859]: (230.4029375920648,1)
[1860]: (230.3643931614149,1)
[1861]: (230.0561186856117,1)
[1862]: (230.2613128073468,1)
[1863]: (230.2436719651566,1)
[1864]: (230.2512365255095,1)
[1865]: (230.1642679189462,1)
[1866]: (230.128151515553,1)
[1867]: (230.9319860645446,1)
[1868]: (230.0350425257637,1)
[1869]: (231.1043576892679,1)
[1870]: (230.0822042280376,1)
[1871]: (230.0489453607335,1)
[1872]: (230.2522408973542,1)
[1873]: (230.2071145615202,1)
[1874]: (230.1833927772646,1)
[1875]: (230.3098812032489,1)
[1876]: (230.7046565067141,1)
[1877]: (230.6843829781302,1)
[1878]: (230.0036371045894,1)
[1879]: (230.1378540567774,1)
[1880]: (230.4142389366063,1)
[1881]: (230.311194596802,1)
[1882]: (230.1980236856239,1)
[1883]: (233.0571027018764,1)
[1884]: (230.6748584780892,1)
[1885]: (230.2255396977915,1)
[1886]: (230.26223937309,1)
[1887]: (230.0249077365256,1)
[1888]: (230.4159120263459,1)
[1889]: (230.143510581677,1)
[1890]: (230.3117135978663,1)
[1891]: (230.0076773705471,1)
[1892]: (230.3104373683614,1)
[1893]: (230.2956389076623,1)
[1894]: (230.6723217885908,1)
[1895]: (230.0588248689957,1)
[1896]: (230.0417482454335,1)
[1897]: (230.0477965656967,1)
[1898]: (230.4415067968081,1)
[1899]: (230.035466235754,1)
[1900]: (231.1083623486367,1)
[1901]: (230.0151729648901,1)
[1902]: (230.2856956816585,1)
[1903]: (231.0651466559275,1)
[1904]: (230.4970413476686,1)
[1905]: (230.5733094092065,1)
[1906]: (231.2594482693055,1)
[1907]: (230.3837714069829,1)
[1908]: (230.0315508931364,1)
[1909]: (230.012569918258,1)
[1910]: (230.1388543442635,1)
[1911]: (230.4736685596325,1)
[1912]: (230.0314102395391,1)
[1913]: (230.1303738984295,1)
[1914]: (230.0066347269118,1)
[1915]: (230.0569647681458,1)
[1916]: (231.1575734024083,1)
[1917]: (230.0808606974635,1)
[1918]: (230.1619938642616,1)
[1919]: (230.0263577621753,1)
[1920]: (230.5147996817959,1)
[1921]: (230.0212683659926,1)
[1922]: (230.2788421569029,1)
[1923]: (230.3598954357511,1)
[1924]: (230.2732696616506,1)
[1925]: (230.5853768400803,1)
[1926]: (230.7053733657403,1)
[1927]: (230.3467061513519,1)
[1928]: (230.0370038066212,1)
[1929]: (230.0165551150895,1)
[1930]: (230.021414900764,1)
[1931]: (230.4826511271015,1)
[1932]: (230.36962447079,1)
[1933]: (230.2481234260988,1)
[1934]: (230.0454488288139,1)
[1935]: (230.2472859089601,1)
[1936]: (230.1953422578291,1)
[1937]: (230.2792908015223,1)
[1938]: (230.7604582811118,1)
[1939]: (230.1454138931789,1)
[1940]: (230.4235473906138,1)
[1941]: (230.9758071527898,1)
[1942]: (230.1444503254849,1)
[1943]: (230.0196347006725,1)
[1944]: (230.5350680701947,1)
[1945]: (230.3113870744041,1)
[1946]: (230.1035651634275,1)
[1947]: (230.5450045451624,1)
[1948]: (230.1647124691177,1)
[1949]: (230.5098449393188,1)
[1950]: (230.6563789634295,1)
[1951]: (230.2006165225314,1)
[1952]: (230.2782915238493,1)
[1953]: (230.0395500929312,1)
[1954]: (230.0054402519605,1)
[1955]: (230.3471806957672,1)
[1956]: (231.5478924224772,1)
[1957]: (230.1082764414845,1)
[1958]: (230.4738285039257,1)
[1959]: (230.1992181390288,1)
[1960]: (230.6570756174841,1)
[1961]: (230.484198512631,1)
[1962]: (230.2193576547165,1)
[1963]: (230.5512135925059,1)
[1964]: (230.1535578025406,1)
[1965]: (230.4859328592655,1)
[1966]: (230.3565078550358,1)
[1967]: (230.1350679547337,1)
[1968]: (230.6764572043151,1)
[1969]: (230.2686949162969,1)
[1970]: (230.2009756620186,1)
[1971]: (230.2083757345981,1)
[1972]: (230.3532877630149,1)
[1973]: (231.0511231355201,1)
[1974]: (231.7987028653429,1)
[1975]: (230.4702540314361,1)
[1976]: (230.159466729131,1)
[1977]: (230.3904515291863,1)
[1978]: (230.2988414432992,1)
[1979]: (230.2094435249059,1)
[1980]: (230.6658463127297,1)
[1981]: (230.3114046478099,1)
[1982]: (230.0180511817481,1)
[1983]: (230.127244589924,1)
[1984]: (230.2261595651388,1)
[1985]: (230.6060711532478,1)
[1986]: (231.6558797849799,1)
[1987]: (230.1538683744468,1)
[1988]: (230.6673320786384,1)
[1989]: (230.403569079635,1)
[1990]: (230.1151915867719,1)
[1991]: (230.5349053525001,1)
[1992]: (230.1380768649389,1)
[1993]: (230.0396006404482,1)
[1994]: (230.1322801230749,1)
[1995]: (230.4240921913429,1)
[1996]: (230.2607637612688,1)
[1997]: (231.1444608264031,1)
[1998]: (230.4797868138137,1)
[1999]: (230.0721399638735,1)
 -- States explored : 0 states
 -- CPU user time used : 78910 ms
 -- Virtual memory used : 61124 KiB
 -- Resident memory used : 22772 KiB
executionTime: 451
