core file size          (blocks, -c) unlimited
data seg size           (kbytes, -d) unlimited
scheduling priority             (-e) 0
file size               (blocks, -f) unlimited
pending signals                 (-i) 4077086
max locked memory       (kbytes, -l) 64
max memory size         (kbytes, -m) 66060288
open files                      (-n) 4096
pipe size            (512 bytes, -p) 8
POSIX message queues     (bytes, -q) 819200
real-time priority              (-r) 0
stack size              (kbytes, -s) 8192
cpu time               (seconds, -t) unlimited
max user processes              (-u) 4077086
virtual memory          (kbytes, -v) 63000000
file locks                      (-x) unlimited
Options for the verification:
  Generating some trace
  Search order is random depth first
  Using conservative space optimisation
  Seed is 1556899726
  State space representation uses minimal constraint systems
  Using HashMap + Compress integers for discrete state storage

Verifying formula 1 at ../queries/SN_100_78_16.q:1
 -- Formula is satisfied.
(9000 runs)
Learning statistics for best strategy: 
	Number of resets: 0
	Number of iterations in last reset: 20
	Number of iterations in total: 20

 -- States explored : 0 states
 -- CPU user time used : 458480 ms
 -- Virtual memory used : 54820 KiB
 -- Resident memory used : 16356 KiB

Verifying formula 2 at ../queries/SN_100_78_16.q:3
 -- Formula is satisfied.
Composer.Done:
[0]: (0,0) (457.5549784126027,1)
[1]: (457.1803630979731,1)
[2]: (457.0835922476817,1)
[3]: (458.1415511047405,1)
[4]: (457.3058741395754,1)
[5]: (457.4896878003175,1)
[6]: (458.5249799605082,1)
[7]: (457.1256894427132,1)
[8]: (457.3164726068559,1)
[9]: (457.2066854316972,1)
[10]: (457.2908339953398,1)
[11]: (457.2917356876012,1)
[12]: (457.7941896414755,1)
[13]: (457.1195677541221,1)
[14]: (457.6088621343095,1)
[15]: (457.0749461510025,1)
[16]: (457.4644331461942,1)
[17]: (457.3061644887263,1)
[18]: (457.022294479589,1)
[19]: (457.1213957016519,1)
[20]: (457.0669424903917,1)
[21]: (457.0215724577385,1)
[22]: (457.3910651912443,1)
[23]: (457.1421660273634,1)
[24]: (457.7291299196322,1)
[25]: (457.0356728076557,1)
[26]: (458.3993347001892,1)
[27]: (457.0816549740506,1)
[28]: (457.0380480738854,1)
[29]: (457.0005826387571,1)
[30]: (457.0792268836901,1)
[31]: (457.596420724007,1)
[32]: (458.2267957472507,1)
[33]: (457.0576634132519,1)
[34]: (457.2093092297105,1)
[35]: (457.0311715390441,1)
[36]: (457.4832488511363,1)
[37]: (457.2252406599019,1)
[38]: (457.1361745269451,1)
[39]: (457.0556165963444,1)
[40]: (457.2826650909474,1)
[41]: (457.1624086227703,1)
[42]: (457.3423031678786,1)
[43]: (457.2627628491256,1)
[44]: (457.0232542131293,1)
[45]: (457.0530755695724,1)
[46]: (457.1690400505798,1)
[47]: (457.0503763512954,1)
[48]: (457.0395071270917,1)
[49]: (457.0988578779592,1)
[50]: (457.1995044937834,1)
[51]: (457.374148134083,1)
[52]: (457.100102337855,1)
[53]: (457.1422824786775,1)
[54]: (457.1336470935972,1)
[55]: (457.615406931318,1)
[56]: (457.0427759396185,1)
[57]: (457.2699605769217,1)
[58]: (457.071837002939,1)
[59]: (457.0640450745872,1)
[60]: (457.650140147933,1)
[61]: (457.2394132092291,1)
[62]: (457.7094068057307,1)
[63]: (458.1808921715552,1)
[64]: (457.5310539210396,1)
[65]: (457.3138849980574,1)
[66]: (457.2481501683754,1)
[67]: (457.5661178895756,1)
[68]: (457.1126779743927,1)
[69]: (457.5303622252096,1)
[70]: (457.0953892173619,1)
[71]: (457.1144698448331,1)
[72]: (457.2659641904957,1)
[73]: (457.0209692134198,1)
[74]: (457.0075142007285,1)
[75]: (457.0371913345309,1)
[76]: (457.3885227575251,1)
[77]: (457.1890086145963,1)
[78]: (457.2101621368838,1)
[79]: (457.1460673207432,1)
[80]: (457.5277541213694,1)
[81]: (457.6240413549459,1)
[82]: (457.1145291351504,1)
[83]: (457.7627142933396,1)
[84]: (457.1237366907828,1)
[85]: (457.1684802256247,1)
[86]: (458.1581363084787,1)
[87]: (457.3869871655475,1)
[88]: (457.0205928113825,1)
[89]: (457.1408989979544,1)
[90]: (457.1409846363275,1)
[91]: (457.2633641708963,1)
[92]: (457.0478145137151,1)
[93]: (457.9963976809549,1)
[94]: (457.505290102118,1)
[95]: (457.3152555673358,1)
[96]: (457.1085654948907,1)
[97]: (457.1040483947939,1)
[98]: (457.0379410158648,1)
[99]: (457.0566190308423,1)
[100]: (457.3731619643886,1)
[101]: (457.1250119410648,1)
[102]: (457.1621182248849,1)
[103]: (457.451530789629,1)
[104]: (457.4187373908567,1)
[105]: (457.3070398087895,1)
[106]: (457.0035566316914,1)
[107]: (458.9461180125012,1)
[108]: (457.2284870137676,1)
[109]: (457.0532715880793,1)
[110]: (457.0242326540258,1)
[111]: (457.2975149624613,1)
[112]: (457.0712254519443,1)
[113]: (457.223106990638,1)
[114]: (457.0607571783332,1)
[115]: (457.1536901859832,1)
[116]: (457.3829897327118,1)
[117]: (457.9308648753998,1)
[118]: (457.1137783095278,1)
[119]: (458.2658194709154,1)
[120]: (457.3289219020219,1)
[121]: (457.3952576090222,1)
[122]: (457.2661253276098,1)
[123]: (457.0012492301838,1)
[124]: (457.068932687219,1)
[125]: (457.603542254217,1)
[126]: (457.6170201175058,1)
[127]: (457.928965202618,1)
[128]: (457.1202597182597,1)
[129]: (457.8026784532983,1)
[130]: (457.1202145597434,1)
[131]: (457.234740656968,1)
[132]: (457.6240062216667,1)
[133]: (457.0915333598169,1)
[134]: (457.3035516834705,1)
[135]: (457.4664519102277,1)
[136]: (457.0952073960005,1)
[137]: (457.0006971979773,1)
[138]: (457.0576959514735,1)
[139]: (457.5822093900563,1)
[140]: (457.03399867227,1)
[141]: (457.0707397883403,1)
[142]: (457.1805860851165,1)
[143]: (457.591107938238,1)
[144]: (457.8383013966709,1)
[145]: (457.2761595160947,1)
[146]: (457.2441598642714,1)
[147]: (457.1706995014363,1)
[148]: (457.4464489743337,1)
[149]: (457.0409129731475,1)
[150]: (457.3704867106366,1)
[151]: (457.2190921249913,1)
[152]: (457.253258539734,1)
[153]: (457.9851543665296,1)
[154]: (459.0260061609503,1)
[155]: (457.6573789094577,1)
[156]: (457.1015937612648,1)
[157]: (457.0910721913919,1)
[158]: (457.0898786229245,1)
[159]: (457.2876079048069,1)
[160]: (457.2915863961263,1)
[161]: (457.1149200290946,1)
[162]: (457.35085507864,1)
[163]: (457.3233730719816,1)
[164]: (457.2225461306733,1)
[165]: (457.1543099603316,1)
[166]: (457.827147718014,1)
[167]: (457.8221079054599,1)
[168]: (457.5107172674439,1)
[169]: (457.050201764217,1)
[170]: (457.331762325522,1)
[171]: (457.0792033648929,1)
[172]: (457.0824427604975,1)
[173]: (457.0610823315441,1)
[174]: (457.3479712669027,1)
[175]: (457.4167369982275,1)
[176]: (457.0922371422176,1)
[177]: (457.8442740946373,1)
[178]: (457.561802834041,1)
[179]: (457.7026278766587,1)
[180]: (457.4159912012831,1)
[181]: (458.1811679744363,1)
[182]: (457.070190441568,1)
[183]: (457.9419835932068,1)
[184]: (457.0255201477139,1)
[185]: (457.3884152532316,1)
[186]: (457.2476719691414,1)
[187]: (457.5181014201896,1)
[188]: (457.4260854199137,1)
[189]: (457.4431418478403,1)
[190]: (457.4679912207114,1)
[191]: (457.1335446409588,1)
[192]: (457.2323006623884,1)
[193]: (457.4305878218668,1)
[194]: (457.6673560529811,1)
[195]: (457.3584992495604,1)
[196]: (457.2038455862927,1)
[197]: (457.1194665287472,1)
[198]: (457.5668583684192,1)
[199]: (457.0833073681507,1)
[200]: (457.0938134504897,1)
[201]: (457.1199736312411,1)
[202]: (457.068758936646,1)
[203]: (458.1808505744224,1)
[204]: (457.0933425294011,1)
[205]: (457.2020008512951,1)
[206]: (457.1068368839286,1)
[207]: (457.0819648001994,1)
[208]: (457.1667133106307,1)
[209]: (457.2520890413533,1)
[210]: (457.1399696154793,1)
[211]: (457.0947090969188,1)
[212]: (457.1828755927225,1)
[213]: (457.3537452977587,1)
[214]: (457.2887603638255,1)
[215]: (457.1208043496791,1)
[216]: (457.2308340298425,1)
[217]: (457.3696428449141,1)
[218]: (457.0150886828878,1)
[219]: (457.071625509938,1)
[220]: (457.1858445565762,1)
[221]: (457.0094475047939,1)
[222]: (457.1807805042906,1)
[223]: (457.0482302389433,1)
[224]: (457.4142599374077,1)
[225]: (457.3948518518076,1)
[226]: (457.0147069688628,1)
[227]: (457.624699550015,1)
[228]: (457.0673999494081,1)
[229]: (457.1577585775091,1)
[230]: (457.2420630512555,1)
[231]: (457.2923464326015,1)
[232]: (457.0217559639461,1)
[233]: (457.0223936941858,1)
[234]: (457.0608865840573,1)
[235]: (457.6887098047302,1)
[236]: (457.2160674069893,1)
[237]: (457.5374858012567,1)
[238]: (457.1388566445607,1)
[239]: (457.2871738079618,1)
[240]: (457.1687284970477,1)
[241]: (457.1540032651147,1)
[242]: (457.8627382687324,1)
[243]: (457.3750352894026,1)
[244]: (457.2812939821712,1)
[245]: (457.3660723100026,1)
[246]: (457.0027622096461,1)
[247]: (457.8352337230841,1)
[248]: (457.1546450199566,1)
[249]: (457.6537438495341,1)
[250]: (457.0511146223789,1)
[251]: (457.0431809239623,1)
[252]: (457.6557915902975,1)
[253]: (457.0104805725074,1)
[254]: (457.1574676663717,1)
[255]: (457.0148128896008,1)
[256]: (458.1062232018693,1)
[257]: (457.5318150232239,1)
[258]: (457.6952103448215,1)
[259]: (457.126540758952,1)
[260]: (457.782813817553,1)
[261]: (457.4830640852912,1)
[262]: (457.0210142136219,1)
[263]: (457.2884868314301,1)
[264]: (457.0726454480541,1)
[265]: (457.1212540769756,1)
[266]: (457.3406983486178,1)
[267]: (457.1045229230378,1)
[268]: (457.4174004396123,1)
[269]: (457.3778799972627,1)
[270]: (457.0202854321265,1)
[271]: (457.2044061036217,1)
[272]: (457.63043638657,1)
[273]: (457.2715271053075,1)
[274]: (457.0662611363597,1)
[275]: (457.1514263964916,1)
[276]: (457.0957896056404,1)
[277]: (459.0833685804134,1)
[278]: (457.0316651556524,1)
[279]: (457.0495937568132,1)
[280]: (457.022351925636,1)
[281]: (457.883664686846,1)
[282]: (457.388864899325,1)
[283]: (457.1140679039423,1)
[284]: (457.1434993852512,1)
[285]: (457.0839320901249,1)
[286]: (457.0110505768242,1)
[287]: (457.1858273614535,1)
[288]: (457.4175583891683,1)
[289]: (458.5178540921831,1)
[290]: (457.7760441359364,1)
[291]: (457.0358040663634,1)
[292]: (457.5370374023558,1)
[293]: (457.025701318354,1)
[294]: (457.6042050820829,1)
[295]: (457.2292816193673,1)
[296]: (457.4127885575493,1)
[297]: (458.0104976256069,1)
[298]: (457.8521274429752,1)
[299]: (458.0364108082729,1)
[300]: (457.5694063875898,1)
[301]: (457.3189649239839,1)
[302]: (457.1391687962171,1)
[303]: (457.1072744118466,1)
[304]: (457.2731843183142,1)
[305]: (457.012193004687,1)
[306]: (457.5308143395668,1)
[307]: (457.0529657788153,1)
[308]: (457.2403045613513,1)
[309]: (457.1658743148974,1)
[310]: (457.3881915069923,1)
[311]: (457.0220406232127,1)
[312]: (457.052129354331,1)
[313]: (457.0374351522886,1)
[314]: (457.0880367843726,1)
[315]: (457.388106645191,1)
[316]: (459.3156452055472,1)
[317]: (457.6811781570733,1)
[318]: (457.2554959093503,1)
[319]: (457.2060453224905,1)
[320]: (457.1932426195999,1)
[321]: (457.9075595101397,1)
[322]: (457.2659373134885,1)
[323]: (457.5865764822714,1)
[324]: (457.0451808097891,1)
[325]: (457.1443616814348,1)
[326]: (457.0255260571198,1)
[327]: (457.9605067750907,1)
[328]: (458.136394587411,1)
[329]: (457.2689235831594,1)
[330]: (457.1709635210764,1)
[331]: (457.6800009136681,1)
[332]: (457.293344949334,1)
[333]: (457.1322504515675,1)
[334]: (457.2508907626219,1)
[335]: (457.4831035106349,1)
[336]: (457.1289029200598,1)
[337]: (457.1533517686373,1)
[338]: (457.2536826925312,1)
[339]: (457.18746758179,1)
[340]: (457.0502025849287,1)
[341]: (457.1959009564831,1)
[342]: (457.1026214209125,1)
[343]: (457.0523791025769,1)
[344]: (457.3605913327435,1)
[345]: (457.3430416249481,1)
[346]: (457.090340401891,1)
[347]: (457.052769901997,1)
[348]: (458.1609895178075,1)
[349]: (457.1514578823877,1)
[350]: (457.1005260624846,1)
[351]: (457.15792443443,1)
[352]: (457.0193986460241,1)
[353]: (457.9050933070008,1)
[354]: (457.0941692614618,1)
[355]: (457.073452860973,1)
[356]: (457.1902473623271,1)
[357]: (457.089339890355,1)
[358]: (457.3901689076118,1)
[359]: (457.0531212541588,1)
[360]: (457.0153675618202,1)
[361]: (457.438420674585,1)
[362]: (457.5775091326877,1)
[363]: (457.1441121505445,1)
[364]: (457.3095118403746,1)
[365]: (457.0267419532565,1)
[366]: (457.2516869943631,1)
[367]: (457.316963619229,1)
[368]: (457.2548855030502,1)
[369]: (457.3881633985465,1)
[370]: (457.7550754080909,1)
[371]: (457.0230976476306,1)
[372]: (457.0250424767364,1)
[373]: (457.1762870073724,1)
[374]: (457.0443315948234,1)
[375]: (457.0374911930849,1)
[376]: (457.8199716426432,1)
[377]: (457.1053648837774,1)
[378]: (457.0264909168868,1)
[379]: (457.2607734639643,1)
[380]: (457.263049678894,1)
[381]: (457.2732059753621,1)
[382]: (457.2829530657479,1)
[383]: (457.4848965945243,1)
[384]: (457.1521623417637,1)
[385]: (457.5612537525973,1)
[386]: (457.1291613229654,1)
[387]: (457.2433226877931,1)
[388]: (457.3583663242591,1)
[389]: (457.3164571204669,1)
[390]: (458.3078162388569,1)
[391]: (457.9916584841345,1)
[392]: (457.5232530971084,1)
[393]: (457.1038744644395,1)
[394]: (457.3312445227432,1)
[395]: (457.0238741176735,1)
[396]: (457.2526322509584,1)
[397]: (457.1125430023208,1)
[398]: (457.0887173965199,1)
[399]: (457.0164951959205,1)
[400]: (457.4059592646248,1)
[401]: (457.0069021772122,1)
[402]: (457.3276870575546,1)
[403]: (457.2555291623596,1)
[404]: (457.0648578241991,1)
[405]: (457.3692255818837,1)
[406]: (457.0237048219236,1)
[407]: (457.7575414518089,1)
[408]: (457.0908036657904,1)
[409]: (457.7293056409289,1)
[410]: (457.0953278006969,1)
[411]: (457.0454479286338,1)
[412]: (457.0240709434288,1)
[413]: (457.4565536615833,1)
[414]: (457.063683591146,1)
[415]: (457.3194859271845,1)
[416]: (457.6643357816159,1)
[417]: (457.0450246882437,1)
[418]: (457.3989219481171,1)
[419]: (457.1949233642297,1)
[420]: (457.0920634043853,1)
[421]: (457.5365886019495,1)
[422]: (457.2496064168591,1)
[423]: (457.1839395513248,1)
[424]: (458.0572365380248,1)
[425]: (457.4474351829071,1)
[426]: (457.8582381572088,1)
[427]: (457.1556629076479,1)
[428]: (457.1862553208018,1)
[429]: (457.2288079204927,1)
[430]: (458.1556854471658,1)
[431]: (457.1170932307195,1)
[432]: (457.2836138290217,1)
[433]: (457.4854645917495,1)
[434]: (457.2098542161751,1)
[435]: (457.0583445113346,1)
[436]: (457.7746827418977,1)
[437]: (457.7539109457616,1)
[438]: (457.6060887832101,1)
[439]: (457.1023296229374,1)
[440]: (457.4279741718277,1)
[441]: (457.4723850661011,1)
[442]: (457.0753786845213,1)
[443]: (457.0821039393628,1)
[444]: (457.0311812384085,1)
[445]: (457.3388320557718,1)
[446]: (457.6606721535082,1)
[447]: (457.1417938806155,1)
[448]: (457.0763721247603,1)
[449]: (457.7736389898272,1)
[450]: (457.352162074865,1)
[451]: (457.1139711849481,1)
[452]: (457.3244101920674,1)
[453]: (457.2074578452042,1)
[454]: (457.4739720177483,1)
[455]: (457.3047865374153,1)
[456]: (457.2713906675114,1)
[457]: (457.0944518463947,1)
[458]: (457.1053135097739,1)
[459]: (457.1069879118897,1)
[460]: (457.6594631843633,1)
[461]: (458.8262715344094,1)
[462]: (457.0135798089738,1)
[463]: (457.0525853649885,1)
[464]: (457.8338954875322,1)
[465]: (457.1668959290281,1)
[466]: (457.2758694428133,1)
[467]: (457.495086842357,1)
[468]: (457.2663333660926,1)
[469]: (457.1305808234085,1)
[470]: (457.1106723590462,1)
[471]: (457.0395715915112,1)
[472]: (457.9665981704104,1)
[473]: (457.0008975984559,1)
[474]: (458.0999524815696,1)
[475]: (457.0962309245127,1)
[476]: (457.2543037970742,1)
[477]: (457.362180927262,1)
[478]: (457.1531563183353,1)
[479]: (457.2724539662805,1)
[480]: (457.0862414162671,1)
[481]: (458.1947196896389,1)
[482]: (457.2946553089211,1)
[483]: (457.2621640000539,1)
[484]: (457.5997295757091,1)
[485]: (457.5193789000849,1)
[486]: (457.0675837886645,1)
[487]: (457.0677619360179,1)
[488]: (457.3218118635499,1)
[489]: (457.1543916985776,1)
[490]: (457.1407854748682,1)
[491]: (457.1020608785163,1)
[492]: (457.3850406208711,1)
[493]: (457.0953938809884,1)
[494]: (457.4259838672575,1)
[495]: (457.0918077725204,1)
[496]: (458.1916460689437,1)
[497]: (457.0134711688177,1)
[498]: (457.0708233529034,1)
[499]: (457.0685968309279,1)
[500]: (457.7448884753954,1)
[501]: (457.1954925809704,1)
[502]: (457.6751091063616,1)
[503]: (457.1373932415727,1)
[504]: (457.326260466194,1)
[505]: (457.0492486020593,1)
[506]: (457.207895108477,1)
[507]: (457.1046567288532,1)
[508]: (457.5691308359442,1)
[509]: (457.4772554521728,1)
[510]: (457.3930631731158,1)
[511]: (457.0160401719325,1)
[512]: (457.8539637705653,1)
[513]: (457.0630767890617,1)
[514]: (457.2482046091984,1)
[515]: (457.0028530692423,1)
[516]: (457.6074070789696,1)
[517]: (457.2064807514323,1)
[518]: (457.0531468089821,1)
[519]: (458.2167416409291,1)
[520]: (457.5450011147756,1)
[521]: (457.2151522934624,1)
[522]: (457.3665720457432,1)
[523]: (457.5310713522077,1)
[524]: (457.0086558842986,1)
[525]: (457.4301271906144,1)
[526]: (457.3796576933586,1)
[527]: (457.2076706010031,1)
[528]: (457.5681534567619,1)
[529]: (457.0188023137491,1)
[530]: (457.259161160548,1)
[531]: (457.0673301079264,1)
[532]: (457.0818148403995,1)
[533]: (457.2835337524925,1)
[534]: (457.1730949170742,1)
[535]: (457.0986760880553,1)
[536]: (457.0657562152112,1)
[537]: (457.285315213756,1)
[538]: (457.2869002212532,1)
[539]: (457.7380407752459,1)
[540]: (457.0628012551441,1)
[541]: (457.2535439544333,1)
[542]: (457.5316519073266,1)
[543]: (457.9123312422759,1)
[544]: (457.0400566096301,1)
[545]: (457.121586410602,1)
[546]: (457.7046992784951,1)
[547]: (457.2493305528043,1)
[548]: (457.0267174486652,1)
[549]: (457.0041117826195,1)
[550]: (457.0028270345231,1)
[551]: (457.4469242699109,1)
[552]: (457.6812599772431,1)
[553]: (457.161636885796,1)
[554]: (457.2924074051446,1)
[555]: (457.3426570954546,1)
[556]: (457.7915664408418,1)
[557]: (457.1111770571067,1)
[558]: (457.3158119695097,1)
[559]: (457.3846686823349,1)
[560]: (457.4203015756122,1)
[561]: (457.5394172041478,1)
[562]: (457.5656895965043,1)
[563]: (457.0082930422939,1)
[564]: (457.2862434041495,1)
[565]: (457.3452013133855,1)
[566]: (457.0197473682315,1)
[567]: (457.1159236671111,1)
[568]: (457.4917398154211,1)
[569]: (457.008565926756,1)
[570]: (457.019671070542,1)
[571]: (457.4389729807527,1)
[572]: (457.5499983701512,1)
[573]: (457.097236966999,1)
[574]: (457.5992483555417,1)
[575]: (457.1047941666586,1)
[576]: (457.5828803244278,1)
[577]: (457.1186501092886,1)
[578]: (457.3893564255577,1)
[579]: (457.2314271049947,1)
[580]: (457.0289372545194,1)
[581]: (457.1452010813123,1)
[582]: (457.6819384575051,1)
[583]: (457.1785735295123,1)
[584]: (457.023310432378,1)
[585]: (458.0881617312153,1)
[586]: (457.312975412701,1)
[587]: (457.0907287899249,1)
[588]: (457.0549297587365,1)
[589]: (457.9741570777878,1)
[590]: (457.2320819383415,1)
[591]: (457.364681006623,1)
[592]: (457.8829159703363,1)
[593]: (457.3620869044943,1)
[594]: (457.4399762323199,1)
[595]: (458.5483735073593,1)
[596]: (457.0069961242928,1)
[597]: (457.4636204522539,1)
[598]: (457.0377959730906,1)
[599]: (457.010354387029,1)
[600]: (458.0484919588056,1)
[601]: (457.0566952032269,1)
[602]: (457.2768007122984,1)
[603]: (457.0138844110485,1)
[604]: (457.2674997019134,1)
[605]: (457.7231361728088,1)
[606]: (457.2357490982194,1)
[607]: (457.5654623915275,1)
[608]: (457.3391060529917,1)
[609]: (457.5126707455883,1)
[610]: (457.4180011423525,1)
[611]: (457.3734559428253,1)
[612]: (457.1209649072733,1)
[613]: (457.086938325408,1)
[614]: (457.086825689996,1)
[615]: (457.2850193373041,1)
[616]: (457.3843559960738,1)
[617]: (457.044140050593,1)
[618]: (459.1111817726601,1)
[619]: (457.0541028492871,1)
[620]: (457.0383932885669,1)
[621]: (457.1128308057758,1)
[622]: (457.3905353254078,1)
[623]: (457.4461103267539,1)
[624]: (457.3699019807987,1)
[625]: (457.2079603557208,1)
[626]: (457.7413956535923,1)
[627]: (457.0131164224374,1)
[628]: (457.0885043712506,1)
[629]: (457.4604062146151,1)
[630]: (457.0320678381092,1)
[631]: (457.0944832353829,1)
[632]: (457.9182904418262,1)
[633]: (457.6659815318412,1)
[634]: (457.2569975632937,1)
[635]: (457.1969106633001,1)
[636]: (457.4045396809119,1)
[637]: (457.1539199601589,1)
[638]: (457.1521691044522,1)
[639]: (457.7735364474344,1)
[640]: (457.0424096763979,1)
[641]: (457.2394083984419,1)
[642]: (457.8985828763608,1)
[643]: (457.153610978477,1)
[644]: (458.6596461831867,1)
[645]: (457.1290595688808,1)
[646]: (457.5043500301757,1)
[647]: (457.0056661653636,1)
[648]: (457.3589531366408,1)
[649]: (457.0038406131866,1)
[650]: (457.4296840320549,1)
[651]: (457.0451562162204,1)
[652]: (457.0033473214119,1)
[653]: (457.389405548725,1)
[654]: (457.1650925516061,1)
[655]: (457.6498242222095,1)
[656]: (457.4074704613681,1)
[657]: (457.0459301436582,1)
[658]: (457.2711224281572,1)
[659]: (457.313758217414,1)
[660]: (457.0482844616581,1)
[661]: (457.1226775908697,1)
[662]: (457.8215234739731,1)
[663]: (457.1660751419712,1)
[664]: (457.5491222431718,1)
[665]: (457.0426107281717,1)
[666]: (457.4153476063887,1)
[667]: (457.1549147114472,1)
[668]: (457.1793611450747,1)
[669]: (457.4025141838168,1)
[670]: (457.8740535785209,1)
[671]: (457.7110862093152,1)
[672]: (457.1010521556822,1)
[673]: (457.074869615675,1)
[674]: (457.5595679125542,1)
[675]: (457.1373449373611,1)
[676]: (457.211160414565,1)
[677]: (457.0377814324098,1)
[678]: (457.0922187298648,1)
[679]: (457.2297836919999,1)
[680]: (458.013893317264,1)
[681]: (457.0121121719174,1)
[682]: (457.1462471569059,1)
[683]: (457.038925633924,1)
[684]: (457.9341355613308,1)
[685]: (457.1015651879146,1)
[686]: (458.0550120188327,1)
[687]: (457.1731192369463,1)
[688]: (457.2315105280674,1)
[689]: (457.6538016698337,1)
[690]: (457.2284556624528,1)
[691]: (457.3156252849562,1)
[692]: (457.4032085802602,1)
[693]: (457.4692440403412,1)
[694]: (457.0951752596978,1)
[695]: (457.0779600654844,1)
[696]: (457.0316076666136,1)
[697]: (457.1163361592745,1)
[698]: (457.2884382328928,1)
[699]: (457.2581570732517,1)
[700]: (457.1247811353216,1)
[701]: (457.0260593501442,1)
[702]: (457.110631709197,1)
[703]: (457.0079327431338,1)
[704]: (457.1509714129463,1)
[705]: (457.1213265203878,1)
[706]: (457.3363507069488,1)
[707]: (457.0904469163616,1)
[708]: (457.3691540613813,1)
[709]: (457.0228627635638,1)
[710]: (457.0141828812442,1)
[711]: (457.040330675763,1)
[712]: (457.6184952465535,1)
[713]: (457.0010252605121,1)
[714]: (457.7482129148339,1)
[715]: (457.1280558505058,1)
[716]: (457.9260661929956,1)
[717]: (457.2646388887145,1)
[718]: (457.4759735909954,1)
[719]: (457.0690585044994,1)
[720]: (457.1889489529624,1)
[721]: (457.4142401331595,1)
[722]: (457.0359366851557,1)
[723]: (457.1773415315299,1)
[724]: (457.7504648088697,1)
[725]: (457.5559484338527,1)
[726]: (457.6836628026212,1)
[727]: (457.096942247631,1)
[728]: (457.6503655423921,1)
[729]: (457.1922425847114,1)
[730]: (457.4181405954966,1)
[731]: (457.4927296207392,1)
[732]: (457.3698159443467,1)
[733]: (457.1505708332988,1)
[734]: (458.5816674110547,1)
[735]: (457.2038202434611,1)
[736]: (457.033304523775,1)
[737]: (458.0724594226734,1)
[738]: (457.4861074160652,1)
[739]: (458.7731451298296,1)
[740]: (457.0710756943061,1)
[741]: (457.3582392457708,1)
[742]: (457.1254905568775,1)
[743]: (457.1104116732256,1)
[744]: (458.9513692548418,1)
[745]: (457.6897979927426,1)
[746]: (457.7111604239929,1)
[747]: (457.291803722587,1)
[748]: (457.1990485122245,1)
[749]: (457.1477943061171,1)
[750]: (457.2538641571236,1)
[751]: (457.4530639939093,1)
[752]: (457.1068572924007,1)
[753]: (457.0663903664977,1)
[754]: (457.2145565428104,1)
[755]: (457.2153269761478,1)
[756]: (457.041186616625,1)
[757]: (457.4597086312831,1)
[758]: (457.5743748724256,1)
[759]: (457.2372187970932,1)
[760]: (457.1395068174434,1)
[761]: (458.1023529239604,1)
[762]: (457.1463649729366,1)
[763]: (457.1314311752026,1)
[764]: (457.0353234434642,1)
[765]: (457.0071061073759,1)
[766]: (457.0937537673832,1)
[767]: (457.4484881454998,1)
[768]: (457.0780460054585,1)
[769]: (458.0081483373257,1)
[770]: (457.0215052437062,1)
[771]: (457.3860825718132,1)
[772]: (457.0239739990701,1)
[773]: (457.8548475059915,1)
[774]: (457.0205729050236,1)
[775]: (457.1243733580593,1)
[776]: (457.0744641103278,1)
[777]: (458.4933151407246,1)
[778]: (457.3233594545864,1)
[779]: (457.3498979140637,1)
[780]: (457.6969380693071,1)
[781]: (457.8378013216696,1)
[782]: (457.0252318085608,1)
[783]: (457.1893055320432,1)
[784]: (458.4511563194253,1)
[785]: (457.8328258061025,1)
[786]: (457.019787972517,1)
[787]: (457.0190544836217,1)
[788]: (457.4568748101898,1)
[789]: (457.1119904765643,1)
[790]: (457.1327248728777,1)
[791]: (457.0173063367365,1)
[792]: (457.4415882788593,1)
[793]: (457.3313261393166,1)
[794]: (458.0500094208371,1)
[795]: (457.1305339512406,1)
[796]: (457.8078272646206,1)
[797]: (457.1161707287949,1)
[798]: (457.1364109823969,1)
[799]: (457.0317665566537,1)
[800]: (457.0700967783803,1)
[801]: (457.4059738675389,1)
[802]: (457.0954240712363,1)
[803]: (457.2422274462463,1)
[804]: (457.0088738786692,1)
[805]: (457.4489291272829,1)
[806]: (457.1746275081071,1)
[807]: (458.5024001516734,1)
[808]: (457.3331296130679,1)
[809]: (457.4816732934388,1)
[810]: (457.4206573106102,1)
[811]: (457.2264121421553,1)
[812]: (457.1471378702088,1)
[813]: (457.01373249074,1)
[814]: (457.8815187803295,1)
[815]: (457.7267973212058,1)
[816]: (457.2803689653232,1)
[817]: (457.204675044689,1)
[818]: (457.6514518124785,1)
[819]: (457.6412950404011,1)
[820]: (457.1335094318613,1)
[821]: (457.4032999490803,1)
[822]: (457.0282908095428,1)
[823]: (457.8796456729198,1)
[824]: (457.5142724746309,1)
[825]: (457.7164317174659,1)
[826]: (457.1133198408452,1)
[827]: (457.3304476757733,1)
[828]: (457.4792199643022,1)
[829]: (458.6561638415692,1)
[830]: (457.0351872981004,1)
[831]: (457.0767505027205,1)
[832]: (457.1008511841116,1)
[833]: (457.2873716401955,1)
[834]: (457.7024134709185,1)
[835]: (457.6486151971007,1)
[836]: (457.0187577343648,1)
[837]: (457.1620868158172,1)
[838]: (457.0971674209763,1)
[839]: (457.3823092942455,1)
[840]: (457.1608601953509,1)
[841]: (457.0505811738792,1)
[842]: (457.3692442316492,1)
[843]: (458.1877157644734,1)
[844]: (457.2991144270181,1)
[845]: (457.0334248738469,1)
[846]: (457.8020746365701,1)
[847]: (457.1106813724787,1)
[848]: (457.2342373430785,1)
[849]: (457.7886480517824,1)
[850]: (457.0657876638457,1)
[851]: (457.1680680327861,1)
[852]: (457.7874885360547,1)
[853]: (457.111783021176,1)
[854]: (457.1253823163751,1)
[855]: (457.0322603218633,1)
[856]: (457.1279735377933,1)
[857]: (458.0053713921985,1)
[858]: (457.462149369828,1)
[859]: (457.0092012124746,1)
[860]: (457.2429555744764,1)
[861]: (457.1842647449889,1)
[862]: (457.1240007508017,1)
[863]: (458.4179922931017,1)
[864]: (457.3447205591196,1)
[865]: (457.067464272609,1)
[866]: (457.0668485017576,1)
[867]: (457.1781435162478,1)
[868]: (457.1541782435625,1)
[869]: (457.0371228515903,1)
[870]: (457.3897197505286,1)
[871]: (457.1877187430215,1)
[872]: (457.2344187560326,1)
[873]: (457.0834709330418,1)
[874]: (457.3343884181145,1)
[875]: (457.1359337894154,1)
[876]: (457.397689128252,1)
[877]: (457.2614725774308,1)
[878]: (457.270232702272,1)
[879]: (457.3692347412821,1)
[880]: (458.0944357979591,1)
[881]: (458.2701630995098,1)
[882]: (457.0444951727741,1)
[883]: (457.1058683425971,1)
[884]: (457.6816307197852,1)
[885]: (457.7354464424316,1)
[886]: (457.7286562608801,1)
[887]: (457.1136842369093,1)
[888]: (457.0474291157332,1)
[889]: (457.2974542035685,1)
[890]: (457.3220750343748,1)
[891]: (457.1168098682375,1)
[892]: (457.4700862162529,1)
[893]: (457.1145769041203,1)
[894]: (457.318167679073,1)
[895]: (457.0033307820868,1)
[896]: (457.3878741137383,1)
[897]: (457.0043296477227,1)
[898]: (457.0394106726721,1)
[899]: (457.4968550521759,1)
[900]: (457.2061679975685,1)
[901]: (457.0462346374561,1)
[902]: (457.3698360368281,1)
[903]: (458.0212006221115,1)
[904]: (457.0432075424504,1)
[905]: (457.3167215089834,1)
[906]: (457.2488611739007,1)
[907]: (457.4814455447388,1)
[908]: (457.8397037404397,1)
[909]: (457.3092311414075,1)
[910]: (457.8818031179379,1)
[911]: (457.6137792562864,1)
[912]: (457.1214121544948,1)
[913]: (458.0011279050636,1)
[914]: (457.240436106865,1)
[915]: (457.3737184323936,1)
[916]: (457.0866573486348,1)
[917]: (457.5314399647845,1)
[918]: (457.290304734364,1)
[919]: (458.0850840122367,1)
[920]: (457.681787464978,1)
[921]: (457.3987965684646,1)
[922]: (457.0295680433055,1)
[923]: (457.0858830466099,1)
[924]: (457.2987271721948,1)
[925]: (457.7393755336095,1)
[926]: (457.7106875272905,1)
[927]: (458.3334965674152,1)
[928]: (457.1143445454295,1)
[929]: (457.4614608112367,1)
[930]: (457.1210504502665,1)
[931]: (457.5177880430051,1)
[932]: (457.1534548612428,1)
[933]: (457.3093289970688,1)
[934]: (457.6718446493646,1)
[935]: (457.0568443035536,1)
[936]: (458.3094205247348,1)
[937]: (457.6071611506944,1)
[938]: (457.0956141719813,1)
[939]: (457.1003629941598,1)
[940]: (457.9782942527928,1)
[941]: (457.2698351790918,1)
[942]: (457.1627309970003,1)
[943]: (457.3016530260709,1)
[944]: (457.5191959437934,1)
[945]: (457.0496019575297,1)
[946]: (457.5224238322145,1)
[947]: (457.4048648794972,1)
[948]: (457.2805249604612,1)
[949]: (457.1633907848241,1)
[950]: (457.2404681418456,1)
[951]: (458.2303484037188,1)
[952]: (457.6000285443747,1)
[953]: (457.4092399184298,1)
[954]: (457.304850449939,1)
[955]: (457.2568744778623,1)
[956]: (457.2050568889186,1)
[957]: (457.3179368272852,1)
[958]: (457.2540097197636,1)
[959]: (457.0686419030201,1)
[960]: (457.7253323112483,1)
[961]: (457.1988227754638,1)
[962]: (457.3134287105794,1)
[963]: (457.0444099448087,1)
[964]: (457.2101505555409,1)
[965]: (457.5895870937685,1)
[966]: (457.0091748204679,1)
[967]: (457.3472559449092,1)
[968]: (457.2114508169859,1)
[969]: (457.4822054587406,1)
[970]: (457.5750271421534,1)
[971]: (457.3219372348069,1)
[972]: (457.2877130607711,1)
[973]: (457.1146411651308,1)
[974]: (457.9948236942655,1)
[975]: (457.4979069074485,1)
[976]: (457.2237912781831,1)
[977]: (457.5119002914184,1)
[978]: (457.3741760488792,1)
[979]: (457.1532727152716,1)
[980]: (457.9716392326187,1)
[981]: (457.1806848604948,1)
[982]: (457.0326220066894,1)
[983]: (457.4204955969597,1)
[984]: (457.011098215644,1)
[985]: (458.4318212113581,1)
[986]: (457.1886231680733,1)
[987]: (457.0529948653796,1)
[988]: (457.558592949339,1)
[989]: (457.4704188180305,1)
[990]: (457.1609374887744,1)
[991]: (457.1735290100062,1)
[992]: (457.0644027049238,1)
[993]: (457.5203220373799,1)
[994]: (457.1257205834667,1)
[995]: (457.7588789109527,1)
[996]: (459.1402995767862,1)
[997]: (457.0318643136992,1)
[998]: (457.3937333026341,1)
[999]: (457.3959825599576,1)
[1000]: (457.3566208585204,1)
[1001]: (457.2970741115304,1)
[1002]: (457.1343109354021,1)
[1003]: (457.6015629431571,1)
[1004]: (457.356947360046,1)
[1005]: (457.033259400885,1)
[1006]: (457.1179370116296,1)
[1007]: (457.0997845925578,1)
[1008]: (457.0150656429581,1)
[1009]: (457.6275715205283,1)
[1010]: (457.3751970030573,1)
[1011]: (457.0512461311659,1)
[1012]: (457.0338653788697,1)
[1013]: (457.4279944504129,1)
[1014]: (457.8321270378555,1)
[1015]: (457.7349292886125,1)
[1016]: (457.5109359239678,1)
[1017]: (457.8026108134684,1)
[1018]: (457.115581736182,1)
[1019]: (457.8942989680205,1)
[1020]: (457.0802812052942,1)
[1021]: (457.4242847274712,1)
[1022]: (457.0355169713357,1)
[1023]: (457.0590266174158,1)
[1024]: (457.1944166025957,1)
[1025]: (457.0669816559355,1)
[1026]: (457.0939483857709,1)
[1027]: (457.2335044688468,1)
[1028]: (457.6062321541107,1)
[1029]: (457.1088886088401,1)
[1030]: (457.036285559498,1)
[1031]: (457.4282000097565,1)
[1032]: (457.4762093428378,1)
[1033]: (457.4457848040605,1)
[1034]: (457.7003718618505,1)
[1035]: (457.0493269483004,1)
[1036]: (457.4042495085327,1)
[1037]: (457.1957036065053,1)
[1038]: (457.4617657758981,1)
[1039]: (457.1844574166996,1)
[1040]: (457.2568090655651,1)
[1041]: (457.0103503058595,1)
[1042]: (457.1584970996845,1)
[1043]: (457.1977990532425,1)
[1044]: (457.4386926634754,1)
[1045]: (457.1167339797909,1)
[1046]: (457.1606991749405,1)
[1047]: (457.2724735987069,1)
[1048]: (457.2463233850186,1)
[1049]: (457.1264243268412,1)
[1050]: (457.406583147651,1)
[1051]: (457.0272047266246,1)
[1052]: (457.2912811178275,1)
[1053]: (457.0088705346901,1)
[1054]: (457.5421710327372,1)
[1055]: (457.0988320398157,1)
[1056]: (457.2076881016593,1)
[1057]: (457.0718910159036,1)
[1058]: (457.0722492552055,1)
[1059]: (457.4344019484694,1)
[1060]: (457.3113365680476,1)
[1061]: (457.9334967415226,1)
[1062]: (457.5888132154382,1)
[1063]: (457.1341816138718,1)
[1064]: (457.0527073632578,1)
[1065]: (457.0877177428471,1)
[1066]: (457.4869179915494,1)
[1067]: (457.5136565313666,1)
[1068]: (457.1955366386969,1)
[1069]: (457.9227243979219,1)
[1070]: (457.1100715894261,1)
[1071]: (457.4178355709028,1)
[1072]: (457.055075876543,1)
[1073]: (457.2138628003691,1)
[1074]: (457.0084558344125,1)
[1075]: (457.4733707354547,1)
[1076]: (457.1882661372672,1)
[1077]: (457.2159124316992,1)
[1078]: (457.0549648202157,1)
[1079]: (457.3304313619136,1)
[1080]: (457.1339844745689,1)
[1081]: (457.3620580092321,1)
[1082]: (457.0070026702931,1)
[1083]: (457.2487658098531,1)
[1084]: (457.3712932198875,1)
[1085]: (457.147983738977,1)
[1086]: (457.0466916719495,1)
[1087]: (457.4082975967981,1)
[1088]: (457.3045409956782,1)
[1089]: (458.1575205654605,1)
[1090]: (457.5378030744018,1)
[1091]: (457.3712047262831,1)
[1092]: (457.0217321279763,1)
[1093]: (457.0986973473985,1)
[1094]: (458.0200123430805,1)
[1095]: (457.2593275214786,1)
[1096]: (457.5308073979083,1)
[1097]: (457.4031132251558,1)
[1098]: (457.9159633518868,1)
[1099]: (457.6762141500317,1)
[1100]: (458.6583781514513,1)
[1101]: (457.7674135522419,1)
[1102]: (457.2985290948711,1)
[1103]: (457.035406260092,1)
[1104]: (457.199250783041,1)
[1105]: (457.0265426451002,1)
[1106]: (457.0384731766201,1)
[1107]: (457.0687975955524,1)
[1108]: (457.235832440473,1)
[1109]: (457.7647053727781,1)
[1110]: (457.2427745233259,1)
[1111]: (457.2587600970082,1)
[1112]: (457.1509903295996,1)
[1113]: (457.5019983912185,1)
[1114]: (457.7478488143778,1)
[1115]: (457.550423905243,1)
[1116]: (457.079204031858,1)
[1117]: (457.1329013444339,1)
[1118]: (458.0451212409095,1)
[1119]: (457.552193093085,1)
[1120]: (457.8061348077605,1)
[1121]: (457.0091219027033,1)
[1122]: (457.8694790331027,1)
[1123]: (457.1576248494789,1)
[1124]: (457.143982346937,1)
[1125]: (457.1268052418091,1)
[1126]: (457.1086031262668,1)
[1127]: (457.2666225933163,1)
[1128]: (457.0422415139254,1)
[1129]: (457.7257176945692,1)
[1130]: (457.4443824280455,1)
[1131]: (457.6569268797687,1)
[1132]: (457.2025576242197,1)
[1133]: (457.3198326706503,1)
[1134]: (457.2202466107058,1)
[1135]: (457.2958740189832,1)
[1136]: (457.3233796617643,1)
[1137]: (457.1051078185495,1)
[1138]: (457.0617894881507,1)
[1139]: (458.7751689521762,1)
[1140]: (457.2395786261696,1)
[1141]: (457.2254676372548,1)
[1142]: (457.2050129549632,1)
[1143]: (457.7464959565131,1)
[1144]: (457.2339793048598,1)
[1145]: (457.0326376660361,1)
[1146]: (457.6255099096299,1)
[1147]: (457.0770866345564,1)
[1148]: (457.1910454513956,1)
[1149]: (457.589178291717,1)
[1150]: (457.1040973986039,1)
[1151]: (457.1288259909305,1)
[1152]: (457.1914228099025,1)
[1153]: (457.1361906065921,1)
[1154]: (457.9358814908402,1)
[1155]: (457.3927838865098,1)
[1156]: (457.0525484937902,1)
[1157]: (457.1595188749991,1)
[1158]: (457.1128935100824,1)
[1159]: (457.1463888716544,1)
[1160]: (457.6305542743287,1)
[1161]: (457.0011225484212,1)
[1162]: (457.2021896803445,1)
[1163]: (457.2484511745406,1)
[1164]: (458.0336954710181,1)
[1165]: (457.1728686163049,1)
[1166]: (457.1745042549699,1)
[1167]: (457.0541575368335,1)
[1168]: (457.2817073984366,1)
[1169]: (457.2244735161067,1)
[1170]: (457.1410807495013,1)
[1171]: (457.462945268811,1)
[1172]: (457.0048315934865,1)
[1173]: (457.7860310872389,1)
[1174]: (457.1051692522331,1)
[1175]: (457.627778353927,1)
[1176]: (457.1520481537371,1)
[1177]: (457.6566948896808,1)
[1178]: (457.070484617107,1)
[1179]: (457.4015327405749,1)
[1180]: (457.2391738854189,1)
[1181]: (457.2742429218587,1)
[1182]: (457.0895672917454,1)
[1183]: (457.1019696458141,1)
[1184]: (457.2575238850613,1)
[1185]: (457.0656749930542,1)
[1186]: (457.2385101230253,1)
[1187]: (457.0998828725371,1)
[1188]: (457.9764614762592,1)
[1189]: (457.6188710610469,1)
[1190]: (457.6088899108312,1)
[1191]: (457.1379350690826,1)
[1192]: (457.0953247584162,1)
[1193]: (457.3270595039583,1)
[1194]: (457.2757995905579,1)
[1195]: (457.0244178150125,1)
[1196]: (457.2186867382493,1)
[1197]: (457.2153802140028,1)
[1198]: (457.3336057457237,1)
[1199]: (457.085949313135,1)
[1200]: (457.036406105525,1)
[1201]: (458.4285432399731,1)
[1202]: (457.8059482580154,1)
[1203]: (457.2813063129346,1)
[1204]: (457.1991489705066,1)
[1205]: (457.2458869496073,1)
[1206]: (457.1629948803821,1)
[1207]: (457.0043775983758,1)
[1208]: (458.5359200367216,1)
[1209]: (457.4808934726618,1)
[1210]: (457.3246572595333,1)
[1211]: (457.1703652972432,1)
[1212]: (457.0345421584886,1)
[1213]: (457.4492539618793,1)
[1214]: (457.2229770509708,1)
[1215]: (458.2591919653744,1)
[1216]: (457.5657474907783,1)
[1217]: (457.8211295850656,1)
[1218]: (457.0679004160224,1)
[1219]: (457.2233908962992,1)
[1220]: (457.2586545607405,1)
[1221]: (457.4397425561835,1)
[1222]: (458.3055749234225,1)
[1223]: (457.1657792605008,1)
[1224]: (457.5848276452778,1)
[1225]: (457.3410254604788,1)
[1226]: (457.575653493589,1)
[1227]: (457.1692372463765,1)
[1228]: (457.3571967808007,1)
[1229]: (457.1250724851338,1)
[1230]: (458.5422416865163,1)
[1231]: (457.5644355473054,1)
[1232]: (457.0387930563607,1)
[1233]: (457.3832704472907,1)
[1234]: (457.654230016737,1)
[1235]: (457.3522434845929,1)
[1236]: (457.5767219933705,1)
[1237]: (457.3768199729846,1)
[1238]: (457.2980408297684,1)
[1239]: (457.0423450530626,1)
[1240]: (457.1197976151693,1)
[1241]: (457.7098102470613,1)
[1242]: (457.2458936846618,1)
[1243]: (457.833869990456,1)
[1244]: (457.2111106177584,1)
[1245]: (457.0083075380152,1)
[1246]: (457.3870620004568,1)
[1247]: (457.21552130957,1)
[1248]: (457.2005091372013,1)
[1249]: (457.5219126729511,1)
[1250]: (458.12047106987,1)
[1251]: (457.3583940401735,1)
[1252]: (457.0560384241768,1)
[1253]: (457.8762616006835,1)
[1254]: (457.1214892103575,1)
[1255]: (457.208324890412,1)
[1256]: (457.1194300090787,1)
[1257]: (457.0749668474219,1)
[1258]: (457.212142231979,1)
[1259]: (457.0258446839197,1)
[1260]: (457.5812164088644,1)
[1261]: (457.6739127098797,1)
[1262]: (457.1206085539809,1)
[1263]: (457.2580128277563,1)
[1264]: (457.6462735532007,1)
[1265]: (457.5965255752774,1)
[1266]: (457.9405625238269,1)
[1267]: (457.7499270954083,1)
[1268]: (457.3938488124614,1)
[1269]: (457.4099176137801,1)
[1270]: (457.0726813144494,1)
[1271]: (457.2486091720643,1)
[1272]: (457.1892498411815,1)
[1273]: (457.1934802759024,1)
[1274]: (457.2086546746807,1)
[1275]: (457.1241876327731,1)
[1276]: (457.0265716471352,1)
[1277]: (457.0112885399961,1)
[1278]: (457.7080062298104,1)
[1279]: (457.2314629382027,1)
[1280]: (457.1962003570593,1)
[1281]: (457.2398310872103,1)
[1282]: (457.5730027140974,1)
[1283]: (457.2286640158274,1)
[1284]: (457.0722174435491,1)
[1285]: (457.2670731384263,1)
[1286]: (457.4387260143165,1)
[1287]: (457.6760374131364,1)
[1288]: (457.5897882668183,1)
[1289]: (457.022685412261,1)
[1290]: (457.4428046348487,1)
[1291]: (457.1217456670365,1)
[1292]: (457.1559644198555,1)
[1293]: (457.4009385398784,1)
[1294]: (457.0329579142808,1)
[1295]: (457.0822202424934,1)
[1296]: (457.1579150890836,1)
[1297]: (457.8642199578958,1)
[1298]: (457.0072742655589,1)
[1299]: (457.6618223541423,1)
[1300]: (457.1133782826675,1)
[1301]: (457.1052463729484,1)
[1302]: (457.104180942019,1)
[1303]: (457.7430034290771,1)
[1304]: (457.1684751158775,1)
[1305]: (457.3781847484339,1)
[1306]: (457.5408865903088,1)
[1307]: (457.2108682165474,1)
[1308]: (457.0128156288949,1)
[1309]: (457.0200091796241,1)
[1310]: (458.0163206603545,1)
[1311]: (457.1369330682492,1)
[1312]: (457.4814727804488,1)
[1313]: (457.0324961676524,1)
[1314]: (457.0265644709954,1)
[1315]: (457.3690761045132,1)
[1316]: (457.4243762525811,1)
[1317]: (457.0560317534242,1)
[1318]: (457.689282066383,1)
[1319]: (457.1402199410996,1)
[1320]: (457.3722472686403,1)
[1321]: (457.0781197654625,1)
[1322]: (457.2432512424692,1)
[1323]: (457.2395384789025,1)
[1324]: (457.5662916652458,1)
[1325]: (457.1547436617021,1)
[1326]: (457.2488210749566,1)
[1327]: (457.0693615399115,1)
[1328]: (458.4200923206777,1)
[1329]: (457.1489798490882,1)
[1330]: (457.0746175344304,1)
[1331]: (457.7354809046462,1)
[1332]: (458.7433007237075,1)
[1333]: (457.0525472975331,1)
[1334]: (457.0535568555188,1)
[1335]: (457.3461993564986,1)
[1336]: (457.0638708433328,1)
[1337]: (457.0586159545943,1)
[1338]: (457.1245939501812,1)
[1339]: (457.3026362609776,1)
[1340]: (457.0409047711524,1)
[1341]: (458.0897508894951,1)
[1342]: (458.2052758580539,1)
[1343]: (457.2562832669315,1)
[1344]: (457.4075266727878,1)
[1345]: (457.6413610808129,1)
[1346]: (458.3209438969104,1)
[1347]: (457.2651325022736,1)
[1348]: (458.8546331211226,1)
[1349]: (457.2022984300352,1)
[1350]: (457.1286875613032,1)
[1351]: (458.3702749369728,1)
[1352]: (457.0624990395694,1)
[1353]: (457.634788882667,1)
[1354]: (457.1024705899536,1)
[1355]: (457.2303613534555,1)
[1356]: (458.0346993032454,1)
[1357]: (457.6646831416811,1)
[1358]: (457.07795644731,1)
[1359]: (457.0004768137729,1)
[1360]: (457.0277643147175,1)
[1361]: (457.8769648332315,1)
[1362]: (457.0616638255104,1)
[1363]: (457.2160089791165,1)
[1364]: (457.7607815960193,1)
[1365]: (457.1880907144079,1)
[1366]: (457.4243265553181,1)
[1367]: (457.6355304558075,1)
[1368]: (457.0081687153772,1)
[1369]: (457.0240430315097,1)
[1370]: (457.3518598264369,1)
[1371]: (457.2393155738635,1)
[1372]: (457.0396220782869,1)
[1373]: (457.0898239172038,1)
[1374]: (457.6497592752618,1)
[1375]: (457.1130511232791,1)
[1376]: (457.1711776337021,1)
[1377]: (457.57437545914,1)
[1378]: (457.2483544361127,1)
[1379]: (457.741445125242,1)
[1380]: (457.4230446565245,1)
[1381]: (457.4041553361522,1)
[1382]: (457.19807244544,1)
[1383]: (457.5005898292948,1)
[1384]: (457.1693229199357,1)
[1385]: (457.5240669048895,1)
[1386]: (457.4190811349942,1)
[1387]: (457.2063734387012,1)
[1388]: (457.1436730183754,1)
[1389]: (457.0156618151614,1)
[1390]: (457.1248111525481,1)
[1391]: (457.2408016820222,1)
[1392]: (457.3489682676604,1)
[1393]: (457.5619319909956,1)
[1394]: (457.2526432213443,1)
[1395]: (457.3705269233815,1)
[1396]: (457.076963781878,1)
[1397]: (457.3127861691387,1)
[1398]: (457.6454702014684,1)
[1399]: (457.161549336361,1)
[1400]: (457.2148235838168,1)
[1401]: (457.2416830056801,1)
[1402]: (457.0271370654018,1)
[1403]: (457.0148326071769,1)
[1404]: (457.7000582044971,1)
[1405]: (457.0676988413895,1)
[1406]: (457.0798176507297,1)
[1407]: (457.386804338755,1)
[1408]: (457.3688108059929,1)
[1409]: (457.5290716290509,1)
[1410]: (457.6078791205653,1)
[1411]: (457.4870672152571,1)
[1412]: (457.139456472716,1)
[1413]: (457.1239622888818,1)
[1414]: (457.2787565877843,1)
[1415]: (457.3160578920596,1)
[1416]: (457.368250283445,1)
[1417]: (457.0486752773887,1)
[1418]: (457.0284455742836,1)
[1419]: (457.7372649056362,1)
[1420]: (457.2299103638299,1)
[1421]: (457.4943900451631,1)
[1422]: (457.2943222452714,1)
[1423]: (457.400983681922,1)
[1424]: (457.7930563354565,1)
[1425]: (457.4596627215485,1)
[1426]: (457.0595341294288,1)
[1427]: (457.1350819647855,1)
[1428]: (457.0481694734935,1)
[1429]: (457.0110918036331,1)
[1430]: (457.1524461665475,1)
[1431]: (457.0873680103364,1)
[1432]: (457.0287406378303,1)
[1433]: (457.7724296884874,1)
[1434]: (457.0230475012073,1)
[1435]: (457.7088419027505,1)
[1436]: (457.191307390586,1)
[1437]: (457.4437274798677,1)
[1438]: (457.1430112737013,1)
[1439]: (457.3404501141467,1)
[1440]: (457.0973676135559,1)
[1441]: (457.0169088945638,1)
[1442]: (457.4772469031681,1)
[1443]: (457.0217481332398,1)
[1444]: (457.524805216734,1)
[1445]: (457.405159590766,1)
[1446]: (457.1087447333112,1)
[1447]: (457.3017751590497,1)
[1448]: (457.2335294851854,1)
[1449]: (457.3995636327747,1)
[1450]: (457.2867791224193,1)
[1451]: (457.3022268583012,1)
[1452]: (457.5196625430822,1)
[1453]: (457.040291106498,1)
[1454]: (457.2943982372759,1)
[1455]: (457.4996460843239,1)
[1456]: (457.0467864430261,1)
[1457]: (457.2598085329142,1)
[1458]: (457.0870331363963,1)
[1459]: (458.3200512974245,1)
[1460]: (457.0708420730782,1)
[1461]: (457.0849226429859,1)
[1462]: (457.1608140271654,1)
[1463]: (457.8723749403151,1)
[1464]: (457.4326422861885,1)
[1465]: (457.0909544522227,1)
[1466]: (457.1979048083426,1)
[1467]: (457.3559315825432,1)
[1468]: (457.7650170363472,1)
[1469]: (457.0429471983568,1)
[1470]: (457.5313308280899,1)
[1471]: (457.7864460988842,1)
[1472]: (457.028017989796,1)
[1473]: (457.2165164067509,1)
[1474]: (457.2249814596066,1)
[1475]: (457.4877192703713,1)
[1476]: (457.4700985023169,1)
[1477]: (457.1726079825917,1)
[1478]: (457.040878427899,1)
[1479]: (457.539821646829,1)
[1480]: (457.1417107388964,1)
[1481]: (457.1699072439061,1)
[1482]: (457.0682706002901,1)
[1483]: (457.2779077188874,1)
[1484]: (457.3060676683016,1)
[1485]: (457.0343873983325,1)
[1486]: (457.3596703683929,1)
[1487]: (457.4571263242183,1)
[1488]: (457.0041812106369,1)
[1489]: (457.1184214746029,1)
[1490]: (457.318723004475,1)
[1491]: (457.1281371430093,1)
[1492]: (457.0709067487348,1)
[1493]: (457.3060482711882,1)
[1494]: (457.5442998034333,1)
[1495]: (457.5808558916099,1)
[1496]: (457.038704161373,1)
[1497]: (457.6559632506779,1)
[1498]: (457.1766740185593,1)
[1499]: (457.1061453916593,1)
[1500]: (457.0767841607421,1)
[1501]: (457.1690015796283,1)
[1502]: (457.3386906439021,1)
[1503]: (457.3567745746658,1)
[1504]: (457.0247051125599,1)
[1505]: (457.4969839239847,1)
[1506]: (457.3767128957549,1)
[1507]: (457.0021982917008,1)
[1508]: (457.1060700333498,1)
[1509]: (457.0863329220722,1)
[1510]: (459.1796289400212,1)
[1511]: (457.4814784671225,1)
[1512]: (457.0501945678691,1)
[1513]: (457.4119225601925,1)
[1514]: (457.6756549057612,1)
[1515]: (457.773104041763,1)
[1516]: (457.3480302530743,1)
[1517]: (457.1247540297742,1)
[1518]: (458.26655400537,1)
[1519]: (457.66301556267,1)
[1520]: (457.0346685502068,1)
[1521]: (457.0399927553597,1)
[1522]: (457.1525240206317,1)
[1523]: (457.1980473817179,1)
[1524]: (457.4808359146428,1)
[1525]: (457.4778787434263,1)
[1526]: (457.3802763576797,1)
[1527]: (457.6661809030295,1)
[1528]: (457.1508104660011,1)
[1529]: (457.1781208490438,1)
[1530]: (457.0470309454648,1)
[1531]: (457.0389218111357,1)
[1532]: (457.0621878497413,1)
[1533]: (457.0241437929415,1)
[1534]: (457.1440883428536,1)
[1535]: (457.3635323364833,1)
[1536]: (458.0093204027853,1)
[1537]: (457.4778992662416,1)
[1538]: (457.5777825054531,1)
[1539]: (457.4814026356556,1)
[1540]: (457.3422603964091,1)
[1541]: (457.0674315743192,1)
[1542]: (457.2362916860468,1)
[1543]: (457.4738002340871,1)
[1544]: (457.1751071687343,1)
[1545]: (457.2489597663912,1)
[1546]: (457.2761187141953,1)
[1547]: (457.1098453580913,1)
[1548]: (457.4475901943704,1)
[1549]: (457.4743436825024,1)
[1550]: (457.2255852395084,1)
[1551]: (457.7813271544917,1)
[1552]: (457.2327586385836,1)
[1553]: (457.0750128767342,1)
[1554]: (457.1376241143707,1)
[1555]: (458.021004340257,1)
[1556]: (457.0651069335041,1)
[1557]: (457.6303949903549,1)
[1558]: (457.1050155119531,1)
[1559]: (457.2302889475599,1)
[1560]: (457.0131000686607,1)
[1561]: (457.6971441733482,1)
[1562]: (457.248285799632,1)
[1563]: (457.1450038495533,1)
[1564]: (457.0678158416766,1)
[1565]: (457.1795720934005,1)
[1566]: (457.2982179955396,1)
[1567]: (457.2586818866711,1)
[1568]: (457.2080045291946,1)
[1569]: (457.1528326746607,1)
[1570]: (457.5330352677139,1)
[1571]: (457.059890778306,1)
[1572]: (457.0818821326114,1)
[1573]: (457.1313393357481,1)
[1574]: (457.0059094062816,1)
[1575]: (457.0805225790692,1)
[1576]: (458.9716241706581,1)
[1577]: (457.3846927479813,1)
[1578]: (457.6250411162066,1)
[1579]: (457.0870603741221,1)
[1580]: (457.0762697138833,1)
[1581]: (457.6485899443749,1)
[1582]: (457.259035111641,1)
[1583]: (457.2184214981657,1)
[1584]: (457.0668676063161,1)
[1585]: (457.4100201507869,1)
[1586]: (457.038876911232,1)
[1587]: (457.4641503428139,1)
[1588]: (457.3923324111273,1)
[1589]: (457.1299894055688,1)
[1590]: (457.0995156645357,1)
[1591]: (457.0052738050095,1)
[1592]: (458.1401066098563,1)
[1593]: (457.5484575795886,1)
[1594]: (457.2168906929475,1)
[1595]: (457.3851386908132,1)
[1596]: (457.5984306594005,1)
[1597]: (457.1041490687646,1)
[1598]: (457.0104762638777,1)
[1599]: (457.0973513641464,1)
[1600]: (457.3531680504485,1)
[1601]: (457.0646339362015,1)
[1602]: (457.0991190664288,1)
[1603]: (457.0514374738338,1)
[1604]: (457.1734266672346,1)
[1605]: (457.508548621802,1)
[1606]: (457.0299877827475,1)
[1607]: (457.1292637260103,1)
[1608]: (457.6900432038325,1)
[1609]: (457.1427160210964,1)
[1610]: (457.0925012804116,1)
[1611]: (457.1341926570097,1)
[1612]: (457.1265001385365,1)
[1613]: (457.1671762982422,1)
[1614]: (457.0973727274502,1)
[1615]: (457.0980758266796,1)
[1616]: (457.2907554301453,1)
[1617]: (457.1549480527597,1)
[1618]: (457.0729747191453,1)
[1619]: (457.1078484312482,1)
[1620]: (457.0091463651192,1)
[1621]: (457.1650070200566,1)
[1622]: (458.0927040657995,1)
[1623]: (457.6895631862835,1)
[1624]: (457.0201497036792,1)
[1625]: (457.1653929104483,1)
[1626]: (457.4007033511019,1)
[1627]: (457.015496734032,1)
[1628]: (457.08097385473,1)
[1629]: (458.0037232296555,1)
[1630]: (457.2349677774685,1)
[1631]: (457.2966206419231,1)
[1632]: (457.0902624719335,1)
[1633]: (457.2346110528361,1)
[1634]: (457.0055957092431,1)
[1635]: (457.3708625477209,1)
[1636]: (457.3807703517616,1)
[1637]: (457.295712771571,1)
[1638]: (457.1037402075565,1)
[1639]: (457.042248901212,1)
[1640]: (457.3253169447266,1)
[1641]: (457.1926345368033,1)
[1642]: (457.6054083840471,1)
[1643]: (457.428890727161,1)
[1644]: (457.2255666681709,1)
[1645]: (457.0078575499233,1)
[1646]: (457.0357597275423,1)
[1647]: (457.224074524918,1)
[1648]: (457.1097733185603,1)
[1649]: (457.0082962755218,1)
[1650]: (457.1378834871138,1)
[1651]: (457.6297164209047,1)
[1652]: (457.0522208974464,1)
[1653]: (457.4537775530085,1)
[1654]: (457.1769922046288,1)
[1655]: (457.3886759154812,1)
[1656]: (457.0248576183017,1)
[1657]: (458.5391913391389,1)
[1658]: (457.1930463131519,1)
[1659]: (457.2480917831533,1)
[1660]: (457.1172078890053,1)
[1661]: (457.033986134466,1)
[1662]: (457.2458685965539,1)
[1663]: (457.0322013379493,1)
[1664]: (457.37745367628,1)
[1665]: (457.218826100893,1)
[1666]: (457.2881829036581,1)
[1667]: (457.544560916445,1)
[1668]: (457.0008328930319,1)
[1669]: (457.0706230367534,1)
[1670]: (457.3421956145348,1)
[1671]: (457.7685301315433,1)
[1672]: (457.000084028737,1)
[1673]: (458.2581830769448,1)
[1674]: (457.3379165982302,1)
[1675]: (457.041328077734,1)
[1676]: (457.1499871341657,1)
[1677]: (457.5100525252847,1)
[1678]: (457.2722102889182,1)
[1679]: (457.4765694353911,1)
[1680]: (457.3208869193328,1)
[1681]: (457.1587747938012,1)
[1682]: (457.5990457420071,1)
[1683]: (457.0206868063775,1)
[1684]: (457.3814302294462,1)
[1685]: (457.1475182269908,1)
[1686]: (457.1283842180511,1)
[1687]: (457.4814831554825,1)
[1688]: (457.1187433496229,1)
[1689]: (457.2456384846884,1)
[1690]: (457.1444219201817,1)
[1691]: (457.4747411072323,1)
[1692]: (457.091412956757,1)
[1693]: (457.0025909576408,1)
[1694]: (457.6861282310442,1)
[1695]: (457.1496036764445,1)
[1696]: (458.0148884462558,1)
[1697]: (457.0098972271107,1)
[1698]: (457.0188494353146,1)
[1699]: (457.0139987642045,1)
[1700]: (457.6176909575202,1)
[1701]: (457.1172246195565,1)
[1702]: (457.2144720058777,1)
[1703]: (457.2861201264511,1)
[1704]: (457.2005410559539,1)
[1705]: (457.0306848090199,1)
[1706]: (457.463918977691,1)
[1707]: (457.1872550001216,1)
[1708]: (457.0699714189729,1)
[1709]: (457.1067814781877,1)
[1710]: (457.3418627191745,1)
[1711]: (457.052555738922,1)
[1712]: (458.3661777230161,1)
[1713]: (457.2533887119878,1)
[1714]: (457.1152163037146,1)
[1715]: (457.9058723098404,1)
[1716]: (457.2156000557144,1)
[1717]: (457.296201188371,1)
[1718]: (457.3769836852472,1)
[1719]: (457.0522065223284,1)
[1720]: (457.1550861883389,1)
[1721]: (458.2975277788435,1)
[1722]: (457.247476833303,1)
[1723]: (457.2469236703193,1)
[1724]: (457.5053080356166,1)
[1725]: (458.0327152079211,1)
[1726]: (457.4248365793574,1)
[1727]: (457.4041956540889,1)
[1728]: (457.3527044522443,1)
[1729]: (457.6852469812047,1)
[1730]: (457.3420454794123,1)
[1731]: (457.4723023535125,1)
[1732]: (457.5398472583137,1)
[1733]: (457.1525923336236,1)
[1734]: (457.0531357730281,1)
[1735]: (457.1581285392985,1)
[1736]: (457.289984700019,1)
[1737]: (457.3773830083007,1)
[1738]: (457.1345530673959,1)
[1739]: (457.761603952239,1)
[1740]: (457.1436709504648,1)
[1741]: (457.6551697156233,1)
[1742]: (457.3698718454249,1)
[1743]: (457.2660976912199,1)
[1744]: (457.4658772518762,1)
[1745]: (457.1893730791209,1)
[1746]: (457.0235862882968,1)
[1747]: (457.0043760422024,1)
[1748]: (457.7714037737684,1)
[1749]: (457.4323927573955,1)
[1750]: (457.8957601133642,1)
[1751]: (457.1598072967212,1)
[1752]: (457.077161735766,1)
[1753]: (457.0086849710198,1)
[1754]: (457.3759649574695,1)
[1755]: (457.0937087667729,1)
[1756]: (457.0538190749625,1)
[1757]: (457.408557758584,1)
[1758]: (457.5097372606859,1)
[1759]: (457.3565059067093,1)
[1760]: (457.3257457949362,1)
[1761]: (457.0884637194457,1)
[1762]: (458.1210847988191,1)
[1763]: (457.8276440474907,1)
[1764]: (457.3205262600388,1)
[1765]: (457.1031839635421,1)
[1766]: (457.062009458099,1)
[1767]: (457.0756114659354,1)
[1768]: (457.6750259848881,1)
[1769]: (457.8453673477597,1)
[1770]: (457.1396738171983,1)
[1771]: (457.6209817493067,1)
[1772]: (457.1964569492109,1)
[1773]: (457.0179717982599,1)
[1774]: (457.0002469877688,1)
[1775]: (457.24997324439,1)
[1776]: (457.7830266306501,1)
[1777]: (457.2657773833599,1)
[1778]: (457.5444104354832,1)
[1779]: (457.1997219944502,1)
[1780]: (457.0514491731074,1)
[1781]: (457.2086670020049,1)
[1782]: (457.0006517448421,1)
[1783]: (457.3592529164329,1)
[1784]: (457.1570053495167,1)
[1785]: (457.6566950161835,1)
[1786]: (457.326233814254,1)
[1787]: (457.1610273490173,1)
[1788]: (457.1196589397433,1)
[1789]: (457.066006242124,1)
[1790]: (457.0035442866327,1)
[1791]: (457.5414628286225,1)
[1792]: (457.2077836874173,1)
[1793]: (457.1044068859144,1)
[1794]: (457.0589262235418,1)
[1795]: (458.3281460087018,1)
[1796]: (457.3034188071275,1)
[1797]: (457.6305085318645,1)
[1798]: (457.4401528866395,1)
[1799]: (457.1170470886625,1)
[1800]: (457.0335124912235,1)
[1801]: (457.3534663602188,1)
[1802]: (457.0680290965081,1)
[1803]: (457.0771318423754,1)
[1804]: (457.2105749613351,1)
[1805]: (457.0316880050246,1)
[1806]: (457.6439954448288,1)
[1807]: (457.3049457278445,1)
[1808]: (457.5734408209256,1)
[1809]: (457.5604887727235,1)
[1810]: (457.036896041908,1)
[1811]: (457.4378685442327,1)
[1812]: (457.3531763799031,1)
[1813]: (457.3896064987013,1)
[1814]: (457.2676401721087,1)
[1815]: (457.0129096051724,1)
[1816]: (457.0129718597044,1)
[1817]: (457.5279227615257,1)
[1818]: (457.3024532358747,1)
[1819]: (457.1925925736541,1)
[1820]: (457.2092752183627,1)
[1821]: (457.2145822355764,1)
[1822]: (457.1190520033176,1)
[1823]: (457.2482761605049,1)
[1824]: (458.2612815637046,1)
[1825]: (457.4316168797404,1)
[1826]: (457.3477317987104,1)
[1827]: (457.7261244529568,1)
[1828]: (457.0764013874476,1)
[1829]: (457.344990395145,1)
[1830]: (457.5020767344186,1)
[1831]: (457.0835527045554,1)
[1832]: (457.2751370780226,1)
[1833]: (458.0038270898241,1)
[1834]: (457.4190448455292,1)
[1835]: (457.1707246253393,1)
[1836]: (457.8963789804708,1)
[1837]: (457.1878440218821,1)
[1838]: (457.6553363439276,1)
[1839]: (457.2592592706488,1)
[1840]: (457.158482523554,1)
[1841]: (457.0205387155356,1)
[1842]: (457.0402362090589,1)
[1843]: (457.2343213441855,1)
[1844]: (457.2892446841967,1)
[1845]: (457.2194261518486,1)
[1846]: (457.1065261923401,1)
[1847]: (457.0082063122973,1)
[1848]: (457.7027815320339,1)
[1849]: (457.5024579754626,1)
[1850]: (457.7842265675864,1)
[1851]: (457.0395098315625,1)
[1852]: (457.2040862537928,1)
[1853]: (457.1601144493549,1)
[1854]: (457.0177440163916,1)
[1855]: (457.0931980188715,1)
[1856]: (457.4287487121301,1)
[1857]: (457.0842801793109,1)
[1858]: (457.1100665994056,1)
[1859]: (457.1809082791073,1)
[1860]: (457.0629798235051,1)
[1861]: (457.698717882181,1)
[1862]: (457.1992022591991,1)
[1863]: (457.3472137967763,1)
[1864]: (457.1523992068751,1)
[1865]: (457.0906298523039,1)
[1866]: (457.7728399612672,1)
[1867]: (457.5769082401671,1)
[1868]: (457.0899109872514,1)
[1869]: (457.1258536792703,1)
[1870]: (457.1086147118364,1)
[1871]: (457.1659954993506,1)
[1872]: (457.4883065403523,1)
[1873]: (457.3903459898849,1)
[1874]: (457.0746267844031,1)
[1875]: (457.2933381323708,1)
[1876]: (457.9927814387249,1)
[1877]: (457.0670170190929,1)
[1878]: (457.7198048349073,1)
[1879]: (457.111993476734,1)
[1880]: (457.6815383666429,1)
[1881]: (457.0502708434026,1)
[1882]: (457.9722962249929,1)
[1883]: (457.2118883594726,1)
[1884]: (458.1523908372066,1)
[1885]: (457.0938285702763,1)
[1886]: (457.3966680284931,1)
[1887]: (457.4218033848779,1)
[1888]: (457.0120562802288,1)
[1889]: (457.3042387448204,1)
[1890]: (457.2232971488095,1)
[1891]: (457.3857226487544,1)
[1892]: (457.0170862383117,1)
[1893]: (457.4124304945602,1)
[1894]: (457.1250977922533,1)
[1895]: (457.0549012957215,1)
[1896]: (457.4326781328929,1)
[1897]: (457.0718198750344,1)
[1898]: (457.2878077442846,1)
[1899]: (457.5729878765375,1)
[1900]: (457.2980506238976,1)
[1901]: (457.2658057513057,1)
[1902]: (457.1224702801675,1)
[1903]: (457.7707449142774,1)
[1904]: (457.0938538340017,1)
[1905]: (457.2835248473266,1)
[1906]: (457.0499611002797,1)
[1907]: (457.4307176762907,1)
[1908]: (457.2986129987177,1)
[1909]: (457.0502069143884,1)
[1910]: (457.2843028989149,1)
[1911]: (457.1045794316317,1)
[1912]: (457.035567397937,1)
[1913]: (457.4179634278527,1)
[1914]: (457.0386973485745,1)
[1915]: (457.2167222156631,1)
[1916]: (457.2455856143592,1)
[1917]: (457.2356482364766,1)
[1918]: (458.2091657682927,1)
[1919]: (458.5563041956472,1)
[1920]: (457.2413345702331,1)
[1921]: (457.5874294733147,1)
[1922]: (457.2694626058667,1)
[1923]: (457.0967809350203,1)
[1924]: (457.0335510994472,1)
[1925]: (457.3619518835381,1)
[1926]: (457.6235729643898,1)
[1927]: (457.5376796246438,1)
[1928]: (457.6191043810088,1)
[1929]: (457.2051988812664,1)
[1930]: (457.0440552359741,1)
[1931]: (457.0593332141523,1)
[1932]: (457.6356260527684,1)
[1933]: (457.210111325429,1)
[1934]: (457.4662381416024,1)
[1935]: (457.3910017800328,1)
[1936]: (457.228327820715,1)
[1937]: (457.079687533022,1)
[1938]: (457.1130015361889,1)
[1939]: (457.131876586259,1)
[1940]: (457.2416360860186,1)
[1941]: (457.7652850599493,1)
[1942]: (457.8540606033174,1)
[1943]: (457.33132454118,1)
[1944]: (458.9048115180283,1)
[1945]: (457.3528225686531,1)
[1946]: (457.0481076897228,1)
[1947]: (457.9420130370471,1)
[1948]: (457.4311003150362,1)
[1949]: (457.9294938006427,1)
[1950]: (457.3685269244926,1)
[1951]: (457.1500799521336,1)
[1952]: (457.2512193682392,1)
[1953]: (458.1486328870992,1)
[1954]: (457.6808859261815,1)
[1955]: (457.3319122636665,1)
[1956]: (457.6561314649023,1)
[1957]: (457.1251697752353,1)
[1958]: (457.1613920424011,1)
[1959]: (457.23206285516,1)
[1960]: (457.1650131816488,1)
[1961]: (457.2796940825696,1)
[1962]: (457.3851641448342,1)
[1963]: (457.1862273285101,1)
[1964]: (457.9107199636389,1)
[1965]: (457.1952592076078,1)
[1966]: (457.9575603977899,1)
[1967]: (457.8111300452371,1)
[1968]: (457.6115479539609,1)
[1969]: (457.9617645393874,1)
[1970]: (457.0668261064503,1)
[1971]: (457.1857021409616,1)
[1972]: (457.1107156273214,1)
[1973]: (457.6050466985495,1)
[1974]: (457.048064585563,1)
[1975]: (457.1930594257068,1)
[1976]: (457.3130139298901,1)
[1977]: (457.1037404441875,1)
[1978]: (457.7348211177516,1)
[1979]: (457.3436666150893,1)
[1980]: (457.1354489110795,1)
[1981]: (457.2966199167641,1)
[1982]: (457.1444516523051,1)
[1983]: (457.1678302653957,1)
[1984]: (457.5409728144596,1)
[1985]: (457.705733271891,1)
[1986]: (457.0469112998782,1)
[1987]: (457.1128882128115,1)
[1988]: (457.51977431507,1)
[1989]: (457.0903231988763,1)
[1990]: (457.1342942581589,1)
[1991]: (457.4333340510285,1)
[1992]: (457.1998574948837,1)
[1993]: (457.0595662940683,1)
[1994]: (457.0621951381562,1)
[1995]: (457.5969015037077,1)
[1996]: (457.1453048790182,1)
[1997]: (457.5622240349544,1)
[1998]: (457.1079317194439,1)
[1999]: (457.0148371462008,1)
 -- States explored : 0 states
 -- CPU user time used : 93220 ms
 -- Virtual memory used : 54952 KiB
 -- Resident memory used : 16508 KiB
executionTime: 552
