core file size          (blocks, -c) unlimited
data seg size           (kbytes, -d) unlimited
scheduling priority             (-e) 0
file size               (blocks, -f) unlimited
pending signals                 (-i) 4077086
max locked memory       (kbytes, -l) 64
max memory size         (kbytes, -m) 66060288
open files                      (-n) 4096
pipe size            (512 bytes, -p) 8
POSIX message queues     (bytes, -q) 819200
real-time priority              (-r) 0
stack size              (kbytes, -s) 8192
cpu time               (seconds, -t) unlimited
max user processes              (-u) 4077086
virtual memory          (kbytes, -v) 63000000
file locks                      (-x) unlimited
Options for the verification:
  Generating some trace
  Search order is random depth first
  Using conservative space optimisation
  Seed is 1556912771
  State space representation uses minimal constraint systems
  Using HashMap + Compress integers for discrete state storage

Verifying formula 1 at ../queries/SP_100_160_2.q:1
 -- Formula is satisfied.
(9000 runs)
Learning statistics for best strategy: 
	Number of resets: 0
	Number of iterations in last reset: 29
	Number of iterations in total: 29

 -- States explored : 0 states
 -- CPU user time used : 455190 ms
 -- Virtual memory used : 2669968 KiB
 -- Resident memory used : 2631404 KiB

Verifying formula 2 at ../queries/SP_100_160_2.q:2
 -- Formula is satisfied.
Composer.Done:
[0]: (0,0) (425.9499772981366,1)
[1]: (419.2113568324252,1)
[2]: (424.0962839401558,1)
[3]: (424.0378886160119,1)
[4]: (419.3563024230278,1)
[5]: (424.4378453304494,1)
[6]: (424.9749541408308,1)
[7]: (425.3261950308492,1)
[8]: (419.5093565461999,1)
[9]: (424.1150903085868,1)
[10]: (419.2332701565918,1)
[11]: (419.739288419562,1)
[12]: (419.0032514478928,1)
[13]: (424.0346236081669,1)
[14]: (424.0017952691081,1)
[15]: (419.1434035721875,1)
[16]: (419.3744534413595,1)
[17]: (424.7472364711314,1)
[18]: (424.1452306150877,1)
[19]: (424.0786890765781,1)
[20]: (425.9003674152121,1)
[21]: (424.3719422233775,1)
[22]: (424.0865146629801,1)
[23]: (419.1491615280698,1)
[24]: (424.1563697227095,1)
[25]: (425.3324778940218,1)
[26]: (419.3478667222101,1)
[27]: (424.4173665076127,1)
[28]: (419.9493007121705,1)
[29]: (419.4409297721303,1)
[30]: (419.6120072332411,1)
[31]: (419.048803142119,1)
[32]: (425.6970260490248,1)
[33]: (426.1902039497433,1)
[34]: (424.2069048321033,1)
[35]: (420.3043043199948,1)
[36]: (424.1370033463062,1)
[37]: (424.0714074113407,1)
[38]: (419.4506214054711,1)
[39]: (430.0468403930821,1)
[40]: (419.071093841252,1)
[41]: (426.1014284471796,1)
[42]: (423.2451684681806,1)
[43]: (425.2354609029596,1)
[44]: (423.0848067097739,1)
[45]: (424.1284840106869,1)
[46]: (419.0783395170221,1)
[47]: (423.4007205981811,1)
[48]: (419.9246658070903,1)
[49]: (419.5864930917375,1)
[50]: (424.3471942142079,1)
[51]: (426.4650980642999,1)
[52]: (419.1874465749003,1)
[53]: (420.3081022519871,1)
[54]: (423.4100938031447,1)
[55]: (423.6886252171432,1)
[56]: (419.2577210498056,1)
[57]: (425.1424754484242,1)
[58]: (419.0629424381038,1)
[59]: (419.6481599434424,1)
[60]: (424.8925451956619,1)
[61]: (427.3198077154438,1)
[62]: (424.1867125393474,1)
[63]: (424.3468417662658,1)
[64]: (424.1409491956303,1)
[65]: (426.1504927312097,1)
[66]: (426.4463098702325,1)
[67]: (423.3019180218604,1)
[68]: (426.4015964912064,1)
[69]: (424.2331298234996,1)
[70]: (423.1382293212171,1)
[71]: (424.1962695766497,1)
[72]: (425.1533939745404,1)
[73]: (424.4648014838015,1)
[74]: (424.0020922335827,1)
[75]: (424.739303786786,1)
[76]: (423.2035627515136,1)
[77]: (419.372067066268,1)
[78]: (419.0542208908131,1)
[79]: (424.4066106968273,1)
[80]: (419.1483104463575,1)
[81]: (424.2157433430291,1)
[82]: (424.5466820302749,1)
[83]: (419.24514351963,1)
[84]: (424.0998910634364,1)
[85]: (427.5264911195528,1)
[86]: (425.1060523483096,1)
[87]: (424.1865940019231,1)
[88]: (428.5587383244969,1)
[89]: (419.1231557672652,1)
[90]: (419.3187501842368,1)
[91]: (424.3366823182131,1)
[92]: (424.0142119578888,1)
[93]: (423.2324831597947,1)
[94]: (424.0650089143257,1)
[95]: (424.544355039497,1)
[96]: (424.8839050427795,1)
[97]: (419.073695743015,1)
[98]: (424.1100866603895,1)
[99]: (424.3238791336337,1)
[100]: (419.7395703698687,1)
[101]: (424.0283044405112,1)
[102]: (425.0397496169375,1)
[103]: (424.6418527918074,1)
[104]: (426.3790573347938,1)
[105]: (419.0585921449175,1)
[106]: (419.3311715347405,1)
[107]: (419.5314787204588,1)
[108]: (424.0646461239614,1)
[109]: (419.546614577614,1)
[110]: (424.1236720193602,1)
[111]: (424.0391036950299,1)
[112]: (425.5212140205411,1)
[113]: (419.2537186364331,1)
[114]: (423.1935632157072,1)
[115]: (424.051342540193,1)
[116]: (419.1253298524653,1)
[117]: (424.1304416287106,1)
[118]: (419.2336646106469,1)
[119]: (419.3530567019894,1)
[120]: (424.3062015512904,1)
[121]: (424.1895358664677,1)
[122]: (424.3340665726286,1)
[123]: (424.3045431046215,1)
[124]: (425.1201828655205,1)
[125]: (423.0819869621818,1)
[126]: (424.019129671487,1)
[127]: (424.0067840188652,1)
[128]: (419.7243849203678,1)
[129]: (421.3058039333577,1)
[130]: (424.8613145498492,1)
[131]: (424.3476869322195,1)
[132]: (424.3817199277231,1)
[133]: (424.0911620870776,1)
[134]: (419.2648125887998,1)
[135]: (424.3461537535482,1)
[136]: (423.9785838999184,1)
[137]: (423.0016391784291,1)
[138]: (424.0553091590067,1)
[139]: (424.0398082240717,1)
[140]: (419.0694987498735,1)
[141]: (420.2457878683558,1)
[142]: (425.8528218212118,1)
[143]: (429.2009486200419,1)
[144]: (423.1275603069083,1)
[145]: (424.0959924822055,1)
[146]: (419.0121114008099,1)
[147]: (424.2273549629051,1)
[148]: (424.596213233705,1)
[149]: (426.299823452396,1)
[150]: (425.2457332878134,1)
[151]: (419.4450954813669,1)
[152]: (419.0257142560954,1)
[153]: (428.7103336305723,1)
[154]: (419.2064762754084,1)
[155]: (424.2700543908013,1)
[156]: (419.3455544396361,1)
[157]: (424.0928012827042,1)
[158]: (423.4485957578432,1)
[159]: (419.3988171706504,1)
[160]: (424.221849630687,1)
[161]: (425.4897700075647,1)
[162]: (424.1374360054874,1)
[163]: (424.5155193223843,1)
[164]: (424.3825351196415,1)
[165]: (424.0114551997334,1)
[166]: (426.5137889528295,1)
[167]: (424.2806738573778,1)
[168]: (425.0424417818916,1)
[169]: (424.3105325712627,1)
[170]: (419.7959055657105,1)
[171]: (424.2658198863584,1)
[172]: (424.2777093083943,1)
[173]: (423.3375671376406,1)
[174]: (424.2054720021755,1)
[175]: (419.2020840983974,1)
[176]: (420.0645433812244,1)
[177]: (424.0899942616553,1)
[178]: (419.2422991544965,1)
[179]: (425.4618347255609,1)
[180]: (424.4059555645186,1)
[181]: (423.1951156512704,1)
[182]: (425.5195589088593,1)
[183]: (425.5351411238719,1)
[184]: (419.9986981705125,1)
[185]: (419.1067732252747,1)
[186]: (424.4622211843066,1)
[187]: (419.0696916826925,1)
[188]: (424.3521683239219,1)
[189]: (419.9316910661775,1)
[190]: (419.0588660324794,1)
[191]: (424.2382986900008,1)
[192]: (424.2819608786153,1)
[193]: (424.3245477694449,1)
[194]: (419.4490017881563,1)
[195]: (424.0531735001119,1)
[196]: (419.3209630118834,1)
[197]: (424.2094942516572,1)
[198]: (424.2504743133738,1)
[199]: (425.2972625308366,1)
[200]: (426.2050361778802,1)
[201]: (419.4420597958959,1)
[202]: (419.43979373534,1)
[203]: (423.6913712359998,1)
[204]: (420.6486846685409,1)
[205]: (426.8677873319282,1)
[206]: (424.2594135236839,1)
[207]: (424.3336280263233,1)
[208]: (424.2216624182763,1)
[209]: (424.2386468014959,1)
[210]: (424.4355516897828,1)
[211]: (425.0325553537795,1)
[212]: (424.0762604866068,1)
[213]: (419.1763726273555,1)
[214]: (424.0789317477007,1)
[215]: (419.4123967846069,1)
[216]: (424.1249994381716,1)
[217]: (423.0372508894243,1)
[218]: (423.1373824458682,1)
[219]: (419.0410759751668,1)
[220]: (424.3068511399181,1)
[221]: (424.0633765084676,1)
[222]: (419.0763499949803,1)
[223]: (425.4338409190869,1)
[224]: (424.318412272259,1)
[225]: (424.2021782800051,1)
[226]: (425.3737564839095,1)
[227]: (425.0970352096169,1)
[228]: (423.5639893432916,1)
[229]: (423.5340511026093,1)
[230]: (424.2062545887428,1)
[231]: (425.1891027839102,1)
[232]: (426.2778472827913,1)
[233]: (424.1757490229484,1)
[234]: (424.0598126215847,1)
[235]: (424.2659465498103,1)
[236]: (420.1180424566601,1)
[237]: (419.0602500299796,1)
[238]: (424.1225054401785,1)
[239]: (429.0147847457759,1)
[240]: (425.1790877819831,1)
[241]: (424.4964043817531,1)
[242]: (427.0082959023366,1)
[243]: (419.5665089567153,1)
[244]: (424.9625942768419,1)
[245]: (419.4769653414066,1)
[246]: (419.6812860814855,1)
[247]: (419.0624131311797,1)
[248]: (424.4598506810509,1)
[249]: (419.1519527783861,1)
[250]: (419.2427906543647,1)
[251]: (424.5168211662777,1)
[252]: (424.045794571685,1)
[253]: (424.3435572308863,1)
[254]: (424.0234196666338,1)
[255]: (423.19443866261,1)
[256]: (424.808661840683,1)
[257]: (424.2352367765305,1)
[258]: (424.2547003186478,1)
[259]: (424.1703467997626,1)
[260]: (423.5154700648285,1)
[261]: (419.1023208625997,1)
[262]: (424.2851451622031,1)
[263]: (424.5703691700385,1)
[264]: (424.0532683684487,1)
[265]: (424.2118735428675,1)
[266]: (423.6228612883254,1)
[267]: (425.7249548487748,1)
[268]: (419.2217433690642,1)
[269]: (424.6618224915784,1)
[270]: (424.0992130839091,1)
[271]: (419.0140933769296,1)
[272]: (429.8611017016436,1)
[273]: (419.3247344596636,1)
[274]: (423.1247895820828,1)
[275]: (428.1064567562828,1)
[276]: (426.7443492697683,1)
[277]: (424.1077379795685,1)
[278]: (420.3911258264951,1)
[279]: (425.3907149694643,1)
[280]: (424.9304869579866,1)
[281]: (424.0015352561227,1)
[282]: (424.3346138495518,1)
[283]: (419.046061565688,1)
[284]: (428.1383286484868,1)
[285]: (419.0403165898136,1)
[286]: (425.0479767430948,1)
[287]: (420.2380010639252,1)
[288]: (425.106452775045,1)
[289]: (419.6636384287683,1)
[290]: (423.1917634097572,1)
[291]: (424.1306458246656,1)
[292]: (426.2642298544593,1)
[293]: (419.8897452505432,1)
[294]: (424.2524951213918,1)
[295]: (429.0379952346104,1)
[296]: (424.6930926432097,1)
[297]: (420.183528401112,1)
[298]: (423.4295568981457,1)
[299]: (425.6486996647336,1)
[300]: (419.1476343372822,1)
[301]: (419.0345095533531,1)
[302]: (419.1087929962459,1)
[303]: (419.2139960172302,1)
[304]: (425.0906698991761,1)
[305]: (424.1715426758061,1)
[306]: (424.0513568387877,1)
[307]: (425.347161661598,1)
[308]: (423.1415417524445,1)
[309]: (426.2254154148941,1)
[310]: (424.0104799968544,1)
[311]: (424.3116216149253,1)
[312]: (419.8548662536118,1)
[313]: (424.1524886615046,1)
[314]: (424.257769178749,1)
[315]: (424.1201391481947,1)
[316]: (424.2500652403606,1)
[317]: (419.0064301354063,1)
[318]: (424.6092845409759,1)
[319]: (426.1980345433279,1)
[320]: (424.2421679992019,1)
[321]: (431.5591471950457,1)
[322]: (419.1944159182136,1)
[323]: (419.4153701387784,1)
[324]: (424.1463797903033,1)
[325]: (424.3823874469199,1)
[326]: (425.1000207189302,1)
[327]: (424.4535118286367,1)
[328]: (425.2238209257955,1)
[329]: (425.1070274623477,1)
[330]: (424.6146040183753,1)
[331]: (421.291563787654,1)
[332]: (424.6037674904043,1)
[333]: (424.2602051168739,1)
[334]: (424.2401913339067,1)
[335]: (424.1610800910203,1)
[336]: (424.1612698811765,1)
[337]: (425.0007173332398,1)
[338]: (423.1378883752456,1)
[339]: (419.5882402034803,1)
[340]: (424.8124426617669,1)
[341]: (419.2053519289146,1)
[342]: (424.2325758684391,1)
[343]: (424.7069125314628,1)
[344]: (423.0075900276733,1)
[345]: (424.4333288320042,1)
[346]: (424.0134608397738,1)
[347]: (419.0753945129727,1)
[348]: (423.3228101433018,1)
[349]: (424.2074974688652,1)
[350]: (419.0908369202599,1)
[351]: (424.2868561979804,1)
[352]: (423.211113468075,1)
[353]: (425.8188701434345,1)
[354]: (419.6312130801089,1)
[355]: (426.5766283294776,1)
[356]: (424.2653728563074,1)
[357]: (419.4328586556182,1)
[358]: (419.1089021579377,1)
[359]: (425.7286325777324,1)
[360]: (424.0740033200112,1)
[361]: (424.1564755126564,1)
[362]: (419.418373810037,1)
[363]: (419.1234267440605,1)
[364]: (424.1109735889914,1)
[365]: (424.318004517414,1)
[366]: (419.6955809545289,1)
[367]: (425.0232855579204,1)
[368]: (424.1381367434441,1)
[369]: (424.0538374101464,1)
[370]: (424.1124024772788,1)
[371]: (419.3888150385677,1)
[372]: (423.2373306478904,1)
[373]: (419.4468056628834,1)
[374]: (419.4830300655168,1)
[375]: (424.2894420328788,1)
[376]: (424.4828964846371,1)
[377]: (419.0340065036781,1)
[378]: (424.8560060386582,1)
[379]: (424.3502441490929,1)
[380]: (425.1536351109293,1)
[381]: (424.1058007301809,1)
[382]: (424.0782147343578,1)
[383]: (425.7680886784199,1)
[384]: (424.1596501083406,1)
[385]: (424.5288444705225,1)
[386]: (427.4357992965222,1)
[387]: (423.5338733735887,1)
[388]: (419.7322244485798,1)
[389]: (425.6531240682475,1)
[390]: (424.1432371865661,1)
[391]: (420.7246231707969,1)
[392]: (423.1109504276121,1)
[393]: (419.3030641081795,1)
[394]: (426.0129492518982,1)
[395]: (424.2726597592287,1)
[396]: (419.1749265814899,1)
[397]: (424.1882503182534,1)
[398]: (424.0365684278152,1)
[399]: (423.6725706730082,1)
[400]: (419.2320023036199,1)
[401]: (419.3512879899509,1)
[402]: (424.1059358381958,1)
[403]: (425.1618626248718,1)
[404]: (424.4101418205519,1)
[405]: (424.8229919504735,1)
[406]: (423.1848359059521,1)
[407]: (425.0246043588409,1)
[408]: (424.760024049878,1)
[409]: (424.0395998167078,1)
[410]: (424.0773405782372,1)
[411]: (419.0022928652854,1)
[412]: (423.9747886898838,1)
[413]: (423.2793707193754,1)
[414]: (424.0886889917078,1)
[415]: (419.4172226039701,1)
[416]: (428.0556390916611,1)
[417]: (424.2187635267198,1)
[418]: (424.3040877246147,1)
[419]: (424.0084311573355,1)
[420]: (424.6271833060276,1)
[421]: (424.0738503319934,1)
[422]: (425.3113568726826,1)
[423]: (424.5792416179225,1)
[424]: (423.4313818984486,1)
[425]: (419.0324273642539,1)
[426]: (419.4067756558874,1)
[427]: (424.4995741385196,1)
[428]: (425.4328650887572,1)
[429]: (424.4570726215269,1)
[430]: (424.2985790989217,1)
[431]: (424.5398297053385,1)
[432]: (430.3469526139242,1)
[433]: (419.2065379790898,1)
[434]: (424.4288128157627,1)
[435]: (423.0947497170479,1)
[436]: (426.4981000007548,1)
[437]: (424.1418833799317,1)
[438]: (419.5481749088445,1)
[439]: (424.3929469510775,1)
[440]: (419.1074191786049,1)
[441]: (425.7284481634649,1)
[442]: (427.2824536566764,1)
[443]: (419.8886051424859,1)
[444]: (425.2594756450589,1)
[445]: (424.1217751167582,1)
[446]: (424.0398695766883,1)
[447]: (424.4001512001083,1)
[448]: (424.5758705755925,1)
[449]: (419.2081855973832,1)
[450]: (424.3577249984667,1)
[451]: (424.0992102410263,1)
[452]: (424.0165981035223,1)
[453]: (427.2582086027264,1)
[454]: (423.013442383531,1)
[455]: (424.3502767563938,1)
[456]: (423.1250617211143,1)
[457]: (424.8565872550608,1)
[458]: (425.2741555655091,1)
[459]: (424.3319670854646,1)
[460]: (425.0971143838138,1)
[461]: (424.0470785960488,1)
[462]: (424.0367127796597,1)
[463]: (423.1439004257409,1)
[464]: (419.2178748674449,1)
[465]: (424.2533145979475,1)
[466]: (424.1477133385135,1)
[467]: (425.0504815480692,1)
[468]: (423.0574899886019,1)
[469]: (419.02619359385,1)
[470]: (424.5595196790552,1)
[471]: (424.2203812283254,1)
[472]: (424.0319184114007,1)
[473]: (425.0576899073666,1)
[474]: (424.2923033362381,1)
[475]: (423.1396903838066,1)
[476]: (424.6792407821557,1)
[477]: (424.6524375735453,1)
[478]: (425.1717238324764,1)
[479]: (423.6827682598724,1)
[480]: (423.2550868787559,1)
[481]: (425.1983521211263,1)
[482]: (424.1723826736582,1)
[483]: (428.3059355462574,1)
[484]: (424.3644350598771,1)
[485]: (423.0964852408341,1)
[486]: (425.1360697977073,1)
[487]: (419.1688822470063,1)
[488]: (424.307627251914,1)
[489]: (424.0649861136498,1)
[490]: (424.0036675761627,1)
[491]: (424.5716922438782,1)
[492]: (424.1772302827404,1)
[493]: (419.1349708768409,1)
[494]: (419.2266805901764,1)
[495]: (425.4183501732934,1)
[496]: (426.4082538966259,1)
[497]: (429.2119562996061,1)
[498]: (423.8396034182288,1)
[499]: (424.0706402952198,1)
[500]: (427.4787528392132,1)
[501]: (423.1255633135683,1)
[502]: (424.7703803016826,1)
[503]: (424.1674068859836,1)
[504]: (424.263777503622,1)
[505]: (424.3682055525261,1)
[506]: (424.4688007110099,1)
[507]: (419.4005639043818,1)
[508]: (424.8732008252759,1)
[509]: (424.2132775421413,1)
[510]: (429.0188316706077,1)
[511]: (419.3345459530183,1)
[512]: (427.7445632402739,1)
[513]: (424.3327925348206,1)
[514]: (424.1097348269176,1)
[515]: (425.7422017035136,1)
[516]: (419.7082144111648,1)
[517]: (424.2372648546331,1)
[518]: (423.0214814450363,1)
[519]: (441.3693061920129,1)
[520]: (419.1325353422662,1)
[521]: (424.3313215630272,1)
[522]: (419.1732074348109,1)
[523]: (423.9060213762128,1)
[524]: (419.015717133555,1)
[525]: (419.1263194184096,1)
[526]: (419.588021622515,1)
[527]: (424.4990025819081,1)
[528]: (425.3812048230115,1)
[529]: (419.128420093864,1)
[530]: (424.1205596063783,1)
[531]: (424.6634104663917,1)
[532]: (419.3752231835662,1)
[533]: (423.1474943576009,1)
[534]: (419.9844736990871,1)
[535]: (424.4419768809788,1)
[536]: (423.1388579959939,1)
[537]: (424.0567267914152,1)
[538]: (425.0670590172834,1)
[539]: (423.1583448048333,1)
[540]: (419.0955455498186,1)
[541]: (419.5519226244559,1)
[542]: (419.1684618886424,1)
[543]: (419.0667323017951,1)
[544]: (424.5329761904595,1)
[545]: (421.0001008497586,1)
[546]: (425.1559553911259,1)
[547]: (424.8665797388383,1)
[548]: (423.2060066583271,1)
[549]: (424.2113472993096,1)
[550]: (424.3874644861596,1)
[551]: (424.1600139489613,1)
[552]: (419.4152615424448,1)
[553]: (423.1085869329225,1)
[554]: (424.2791246285973,1)
[555]: (424.1832657512422,1)
[556]: (423.291755947124,1)
[557]: (426.4011537435366,1)
[558]: (424.082690625073,1)
[559]: (424.0716990997893,1)
[560]: (419.0508942915547,1)
[561]: (424.0593263805938,1)
[562]: (424.5020137644145,1)
[563]: (419.1312333172525,1)
[564]: (424.0254137125899,1)
[565]: (424.4541073601559,1)
[566]: (424.0788986752901,1)
[567]: (425.063280636465,1)
[568]: (419.1508564691287,1)
[569]: (424.6448274869278,1)
[570]: (426.6701788339193,1)
[571]: (424.1981070684145,1)
[572]: (425.1511907311976,1)
[573]: (424.2225202731251,1)
[574]: (419.2826938522281,1)
[575]: (424.0284694164087,1)
[576]: (424.0533908997584,1)
[577]: (424.0233059205871,1)
[578]: (424.2125177733398,1)
[579]: (419.0653202410368,1)
[580]: (423.3119328540184,1)
[581]: (419.5151551101206,1)
[582]: (423.3615349552931,1)
[583]: (424.3064772514402,1)
[584]: (419.0148868459232,1)
[585]: (426.3532997231761,1)
[586]: (424.9292912396901,1)
[587]: (419.2950175010956,1)
[588]: (423.2189730387735,1)
[589]: (424.0619446529946,1)
[590]: (424.1755667464155,1)
[591]: (419.1332558972023,1)
[592]: (419.044066520318,1)
[593]: (425.4662094711344,1)
[594]: (419.0466476088442,1)
[595]: (424.4895802614126,1)
[596]: (424.2451421276135,1)
[597]: (419.1952636431653,1)
[598]: (424.4370545118709,1)
[599]: (419.0287824102043,1)
[600]: (424.2842315137498,1)
[601]: (419.2544974219592,1)
[602]: (424.14437991317,1)
[603]: (424.1152973581711,1)
[604]: (423.0140494013896,1)
[605]: (424.4237435501674,1)
[606]: (424.7629013227146,1)
[607]: (424.0132016596957,1)
[608]: (423.2504382366571,1)
[609]: (420.0730713041289,1)
[610]: (424.1411510537038,1)
[611]: (424.2580715267846,1)
[612]: (424.1432747048477,1)
[613]: (424.2617238399407,1)
[614]: (424.1985915242468,1)
[615]: (424.1435669262495,1)
[616]: (419.0432876924039,1)
[617]: (424.2624973792618,1)
[618]: (424.2677839558314,1)
[619]: (424.3095311147572,1)
[620]: (424.0850235809955,1)
[621]: (424.6430268285269,1)
[622]: (425.0846178078015,1)
[623]: (424.0896904763582,1)
[624]: (424.3303735692252,1)
[625]: (424.609435919922,1)
[626]: (428.955667283442,1)
[627]: (420.2631183393298,1)
[628]: (424.0194944392736,1)
[629]: (424.3932751117728,1)
[630]: (424.0749001919787,1)
[631]: (424.1787666592818,1)
[632]: (419.142549947249,1)
[633]: (419.058302351331,1)
[634]: (423.0896330884387,1)
[635]: (423.162658640643,1)
[636]: (429.0484749302594,1)
[637]: (424.5180115686157,1)
[638]: (424.7503567472237,1)
[639]: (424.3629455018776,1)
[640]: (424.0038774235345,1)
[641]: (419.6676670649647,1)
[642]: (419.3765619546281,1)
[643]: (424.0482201308385,1)
[644]: (419.0857482010845,1)
[645]: (424.1728061939448,1)
[646]: (424.5137672244163,1)
[647]: (424.3433116845077,1)
[648]: (424.0272682772107,1)
[649]: (419.0467227754475,1)
[650]: (419.0452070087716,1)
[651]: (423.3145041438602,1)
[652]: (419.0161127935855,1)
[653]: (424.2682976784239,1)
[654]: (425.0884873877085,1)
[655]: (425.2633795118676,1)
[656]: (425.3789060838966,1)
[657]: (425.0841822286874,1)
[658]: (419.1553697457708,1)
[659]: (424.6897760229626,1)
[660]: (424.0294621272714,1)
[661]: (425.4047518025239,1)
[662]: (429.3865971718315,1)
[663]: (419.3807278008223,1)
[664]: (425.2252403127445,1)
[665]: (423.158620225776,1)
[666]: (419.4545708188895,1)
[667]: (419.6539344208678,1)
[668]: (419.4346680223694,1)
[669]: (425.6059739262454,1)
[670]: (419.0454631592066,1)
[671]: (424.0198965344934,1)
[672]: (424.1792831694844,1)
[673]: (424.6343916397767,1)
[674]: (419.1275204392109,1)
[675]: (419.0234348117218,1)
[676]: (419.0286961681574,1)
[677]: (419.4554009629036,1)
[678]: (424.2223886169625,1)
[679]: (419.0715486462708,1)
[680]: (425.4978170007622,1)
[681]: (424.8463082961264,1)
[682]: (425.9356643429562,1)
[683]: (424.8917999716183,1)
[684]: (424.3521495581108,1)
[685]: (424.062585348018,1)
[686]: (423.8528058241588,1)
[687]: (426.7121520377099,1)
[688]: (419.4551579966589,1)
[689]: (424.834971800936,1)
[690]: (419.1317748492081,1)
[691]: (425.6006787976523,1)
[692]: (419.3007085625304,1)
[693]: (424.5132110630292,1)
[694]: (419.3108690539589,1)
[695]: (424.2578840720429,1)
[696]: (419.9598543400028,1)
[697]: (423.3369991242847,1)
[698]: (423.4551703624779,1)
[699]: (424.3362651930836,1)
[700]: (423.3819448559505,1)
[701]: (419.0395654328903,1)
[702]: (419.0392607921921,1)
[703]: (423.3287638646094,1)
[704]: (419.4126933842117,1)
[705]: (425.1609439395882,1)
[706]: (424.5947146000195,1)
[707]: (428.0164746968724,1)
[708]: (419.6614150145285,1)
[709]: (419.0342225487105,1)
[710]: (423.2753278366314,1)
[711]: (425.0581581039071,1)
[712]: (424.3051324643034,1)
[713]: (425.6914511630599,1)
[714]: (419.0017331735809,1)
[715]: (425.5886125376026,1)
[716]: (425.0585047976327,1)
[717]: (423.2294769796649,1)
[718]: (424.5577639730332,1)
[719]: (424.4835198169865,1)
[720]: (425.0343906431817,1)
[721]: (419.0263739906231,1)
[722]: (425.4870937546066,1)
[723]: (425.0852927713538,1)
[724]: (425.3386338203537,1)
[725]: (424.2129284928243,1)
[726]: (419.0341228389248,1)
[727]: (419.1025360445619,1)
[728]: (424.3144151269901,1)
[729]: (426.3140533689461,1)
[730]: (424.1621549203159,1)
[731]: (423.4626639603142,1)
[732]: (425.116813671713,1)
[733]: (425.9718488004036,1)
[734]: (423.0374653495274,1)
[735]: (424.0267128393764,1)
[736]: (424.1548246231538,1)
[737]: (437.1945646955569,1)
[738]: (419.8236130748217,1)
[739]: (425.5697416638421,1)
[740]: (420.0826618679062,1)
[741]: (424.1204261996285,1)
[742]: (428.680091803336,1)
[743]: (424.0931878235347,1)
[744]: (424.2795433825752,1)
[745]: (424.2666120638532,1)
[746]: (424.414058230989,1)
[747]: (419.3650977414216,1)
[748]: (424.2516154872945,1)
[749]: (427.1021927198268,1)
[750]: (424.5270475608083,1)
[751]: (424.619601933769,1)
[752]: (425.2706756848492,1)
[753]: (424.1520361540382,1)
[754]: (424.9318833853056,1)
[755]: (424.0375194726313,1)
[756]: (424.9333499401334,1)
[757]: (419.1266202627115,1)
[758]: (419.8138747294979,1)
[759]: (423.5129517931088,1)
[760]: (426.1087621662967,1)
[761]: (423.1094045583042,1)
[762]: (419.5203490812584,1)
[763]: (424.2445719687554,1)
[764]: (424.027966879002,1)
[765]: (424.6990282313604,1)
[766]: (424.4912588699718,1)
[767]: (419.0033229911919,1)
[768]: (420.006177493019,1)
[769]: (428.0191987407619,1)
[770]: (423.1680810155887,1)
[771]: (424.0782326546407,1)
[772]: (420.3425483378298,1)
[773]: (423.6505675637365,1)
[774]: (424.3476614595061,1)
[775]: (419.0407103287536,1)
[776]: (419.5799106007752,1)
[777]: (424.1727533925946,1)
[778]: (424.3423373076037,1)
[779]: (426.0855565774988,1)
[780]: (423.1806470426581,1)
[781]: (426.8512602248312,1)
[782]: (424.7632578936294,1)
[783]: (419.5893588320066,1)
[784]: (424.1174056278837,1)
[785]: (424.803199812166,1)
[786]: (424.0046257665963,1)
[787]: (425.0757460343539,1)
[788]: (424.0692313557793,1)
[789]: (423.8179723156859,1)
[790]: (424.0576862755149,1)
[791]: (424.2757951014995,1)
[792]: (419.0194334471311,1)
[793]: (419.6329001457492,1)
[794]: (419.523097781365,1)
[795]: (424.1683087836211,1)
[796]: (424.0574295522858,1)
[797]: (419.1596841284766,1)
[798]: (426.0957452595118,1)
[799]: (425.1645639683327,1)
[800]: (424.913984514397,1)
[801]: (419.5528406473381,1)
[802]: (424.4273396512393,1)
[803]: (419.486370320613,1)
[804]: (419.9188195254414,1)
[805]: (425.458017283959,1)
[806]: (424.1395486859108,1)
[807]: (419.0383324361671,1)
[808]: (424.0636481753363,1)
[809]: (424.2024765659503,1)
[810]: (419.3206232888609,1)
[811]: (423.4655477561506,1)
[812]: (423.0415731516229,1)
[813]: (419.2349214326028,1)
[814]: (425.0122057647762,1)
[815]: (426.1369743356471,1)
[816]: (424.1558072766287,1)
[817]: (420.4417253322675,1)
[818]: (423.2487082696838,1)
[819]: (419.0039909741583,1)
[820]: (419.0098917412517,1)
[821]: (423.0200135105806,1)
[822]: (424.290419759673,1)
[823]: (419.657136581998,1)
[824]: (423.170641790523,1)
[825]: (424.3743634123459,1)
[826]: (424.2799124230206,1)
[827]: (419.0109364107303,1)
[828]: (424.5823729994996,1)
[829]: (424.0908711728515,1)
[830]: (424.0215064803638,1)
[831]: (423.0528336045031,1)
[832]: (424.2554157221973,1)
[833]: (426.7545721000276,1)
[834]: (424.4340808594834,1)
[835]: (425.7356815515349,1)
[836]: (424.0256823556993,1)
[837]: (424.3937188111046,1)
[838]: (423.3377203908931,1)
[839]: (419.3553723852935,1)
[840]: (424.0016774446875,1)
[841]: (425.6569698993816,1)
[842]: (423.3936685875381,1)
[843]: (424.0942120211914,1)
[844]: (424.037465508025,1)
[845]: (424.015654147381,1)
[846]: (424.0082198671617,1)
[847]: (419.2100414024887,1)
[848]: (425.9840458738647,1)
[849]: (424.7744826008324,1)
[850]: (429.4933456378306,1)
[851]: (419.0101794441439,1)
[852]: (424.0647808370007,1)
[853]: (426.0734750948401,1)
[854]: (419.0279441701065,1)
[855]: (425.3166103128806,1)
[856]: (419.0356064177743,1)
[857]: (424.4198839476335,1)
[858]: (424.1054400174713,1)
[859]: (423.4891391922959,1)
[860]: (424.7861774763609,1)
[861]: (424.3261473087142,1)
[862]: (425.1471536243258,1)
[863]: (419.7939191040392,1)
[864]: (424.0021206477937,1)
[865]: (424.2157059694429,1)
[866]: (426.1430769395804,1)
[867]: (423.5330202368097,1)
[868]: (425.1426470751089,1)
[869]: (423.2044262182148,1)
[870]: (419.7393080092284,1)
[871]: (424.4619095400236,1)
[872]: (423.0090490013481,1)
[873]: (424.6314750517216,1)
[874]: (419.593566587766,1)
[875]: (425.1547011732241,1)
[876]: (425.3035088177068,1)
[877]: (425.0919428541682,1)
[878]: (424.1279785814118,1)
[879]: (424.0087533063399,1)
[880]: (424.1397094180555,1)
[881]: (423.3729664075559,1)
[882]: (423.1290641110188,1)
[883]: (425.075936576616,1)
[884]: (423.0604473875475,1)
[885]: (419.0079408610125,1)
[886]: (425.404755247796,1)
[887]: (424.6339643175626,1)
[888]: (424.5483174217718,1)
[889]: (424.1861613647236,1)
[890]: (426.3659964466979,1)
[891]: (419.2692469750897,1)
[892]: (424.0270453136558,1)
[893]: (424.0910444003668,1)
[894]: (419.7374140777797,1)
[895]: (423.3577201390406,1)
[896]: (428.0246390448473,1)
[897]: (424.0193920823621,1)
[898]: (424.0592375188317,1)
[899]: (424.9054433215644,1)
[900]: (426.1367570172804,1)
[901]: (425.7346571542628,1)
[902]: (425.0409097946713,1)
[903]: (425.2952803095158,1)
[904]: (427.7194871428272,1)
[905]: (419.4517750296661,1)
[906]: (419.2732692829803,1)
[907]: (425.0532009649351,1)
[908]: (423.2352526962554,1)
[909]: (424.1307240320652,1)
[910]: (424.4349727201554,1)
[911]: (424.0658000503757,1)
[912]: (424.7531671208231,1)
[913]: (419.1966760281234,1)
[914]: (424.0038570956177,1)
[915]: (419.3110519080853,1)
[916]: (424.5728870850504,1)
[917]: (419.6646347441296,1)
[918]: (419.2164445234556,1)
[919]: (423.0716310126596,1)
[920]: (419.3110993168569,1)
[921]: (424.1457414747281,1)
[922]: (423.3557213161271,1)
[923]: (424.5538651291932,1)
[924]: (425.3204413842452,1)
[925]: (419.1411740083853,1)
[926]: (419.2746067133571,1)
[927]: (423.538246744458,1)
[928]: (424.6408990397485,1)
[929]: (425.0663614694772,1)
[930]: (424.0312096940419,1)
[931]: (420.5190737865724,1)
[932]: (425.6870195108519,1)
[933]: (419.1750874787946,1)
[934]: (419.8951598969963,1)
[935]: (424.1155230192413,1)
[936]: (424.6593341476975,1)
[937]: (419.258432649575,1)
[938]: (423.2024310148898,1)
[939]: (425.2076072138752,1)
[940]: (423.8306650423954,1)
[941]: (424.2388573621495,1)
[942]: (426.183950679214,1)
[943]: (424.9189340979734,1)
[944]: (429.2743173577396,1)
[945]: (420.1991264683516,1)
[946]: (419.1493266583504,1)
[947]: (419.2382936350202,1)
[948]: (423.2850529998173,1)
[949]: (423.0834091086152,1)
[950]: (425.1075056709319,1)
[951]: (419.0542669035721,1)
[952]: (424.0678828210901,1)
[953]: (424.1383850743905,1)
[954]: (424.6068744255276,1)
[955]: (419.0035109474867,1)
[956]: (424.1244456987832,1)
[957]: (426.316699320847,1)
[958]: (424.0611989633495,1)
[959]: (424.2347993566737,1)
[960]: (419.3116434306585,1)
[961]: (423.9483320515981,1)
[962]: (424.5930223228195,1)
[963]: (424.4235764432254,1)
[964]: (424.769367344506,1)
[965]: (424.6807757863318,1)
[966]: (427.0845056993597,1)
[967]: (424.0892653258474,1)
[968]: (423.5792543899372,1)
[969]: (425.1573309039129,1)
[970]: (424.5062377129877,1)
[971]: (424.429434354415,1)
[972]: (419.0393437999507,1)
[973]: (424.6409182305513,1)
[974]: (428.8375720523764,1)
[975]: (425.0128830552086,1)
[976]: (419.6731085758354,1)
[977]: (425.1294316825077,1)
[978]: (425.7476128610878,1)
[979]: (424.2108203040669,1)
[980]: (427.0126139064109,1)
[981]: (426.8218577665828,1)
[982]: (424.1461426294294,1)
[983]: (424.9765135158693,1)
[984]: (419.165057639257,1)
[985]: (419.0382887719131,1)
[986]: (424.3864050722514,1)
[987]: (419.2349667204691,1)
[988]: (423.3022778850583,1)
[989]: (419.0932806774817,1)
[990]: (425.0660798318846,1)
[991]: (423.6226795396348,1)
[992]: (420.0527586416511,1)
[993]: (419.1246402034272,1)
[994]: (419.3369210972173,1)
[995]: (424.4731753841543,1)
[996]: (426.1560418427742,1)
[997]: (424.9200179450701,1)
[998]: (419.0445193344959,1)
[999]: (427.6291169120105,1)
[1000]: (424.1370246290485,1)
[1001]: (424.0901213420545,1)
[1002]: (425.2352783017058,1)
[1003]: (424.0785958744461,1)
[1004]: (424.1752563412529,1)
[1005]: (424.0248011723471,1)
[1006]: (423.2470712739915,1)
[1007]: (424.2806767349383,1)
[1008]: (424.1975992585739,1)
[1009]: (424.6433644473005,1)
[1010]: (425.2456848319808,1)
[1011]: (424.3718518405457,1)
[1012]: (419.4611575268106,1)
[1013]: (424.1053682504111,1)
[1014]: (424.0893008593117,1)
[1015]: (419.1127737542942,1)
[1016]: (424.0353790167516,1)
[1017]: (419.613459124675,1)
[1018]: (423.4732973278072,1)
[1019]: (419.7046280444764,1)
[1020]: (424.0724072264966,1)
[1021]: (425.3420815697664,1)
[1022]: (423.5719885118787,1)
[1023]: (425.0838664400659,1)
[1024]: (425.3438921839281,1)
[1025]: (425.3498451280864,1)
[1026]: (425.0211296255428,1)
[1027]: (419.7758873738024,1)
[1028]: (425.2879423996636,1)
[1029]: (424.1191006777759,1)
[1030]: (425.0469266117738,1)
[1031]: (425.2857558431236,1)
[1032]: (424.0232683362627,1)
[1033]: (424.3213611799083,1)
[1034]: (424.1966255691009,1)
[1035]: (424.1342662118923,1)
[1036]: (424.53053802226,1)
[1037]: (424.0500895966026,1)
[1038]: (424.2398544014489,1)
[1039]: (424.666358883574,1)
[1040]: (423.1961666153438,1)
[1041]: (424.1737406961796,1)
[1042]: (420.7746515050776,1)
[1043]: (424.1782171550684,1)
[1044]: (419.0931194302259,1)
[1045]: (424.278683076764,1)
[1046]: (419.0157565918115,1)
[1047]: (424.4734313559794,1)
[1048]: (419.1016014288797,1)
[1049]: (424.4110712267583,1)
[1050]: (426.2178383877301,1)
[1051]: (424.0583508894362,1)
[1052]: (423.3124367080932,1)
[1053]: (424.0409898175432,1)
[1054]: (428.1598427475764,1)
[1055]: (423.1306376646291,1)
[1056]: (424.2386714045061,1)
[1057]: (424.3713946923405,1)
[1058]: (424.3218920793602,1)
[1059]: (424.3519675026961,1)
[1060]: (425.7346029841928,1)
[1061]: (424.4402211495406,1)
[1062]: (419.0955387163952,1)
[1063]: (419.0055732552631,1)
[1064]: (424.1348326156366,1)
[1065]: (424.3890308842237,1)
[1066]: (419.7873340513679,1)
[1067]: (424.1361729768902,1)
[1068]: (424.8000815848009,1)
[1069]: (424.0615166707077,1)
[1070]: (419.144494787171,1)
[1071]: (424.156871652313,1)
[1072]: (419.0282439808814,1)
[1073]: (424.3417208208363,1)
[1074]: (427.4713089450788,1)
[1075]: (421.1400524696542,1)
[1076]: (425.2523810201239,1)
[1077]: (425.0848188654028,1)
[1078]: (419.0105106237085,1)
[1079]: (424.0812746262424,1)
[1080]: (419.2141631226712,1)
[1081]: (425.2353480416681,1)
[1082]: (426.2176991145251,1)
[1083]: (420.1018407706571,1)
[1084]: (419.1520331274893,1)
[1085]: (424.2082195480716,1)
[1086]: (424.0446883356809,1)
[1087]: (424.0125505022087,1)
[1088]: (424.2467689565453,1)
[1089]: (419.1214163577374,1)
[1090]: (429.1147688253571,1)
[1091]: (424.0339528916684,1)
[1092]: (424.4570335054076,1)
[1093]: (424.6101255642575,1)
[1094]: (424.1368520272713,1)
[1095]: (423.3451949512986,1)
[1096]: (424.4380943912089,1)
[1097]: (424.5893559297137,1)
[1098]: (424.3966731509541,1)
[1099]: (419.2908423678269,1)
[1100]: (424.0389722257042,1)
[1101]: (420.6287084092259,1)
[1102]: (424.2793148402707,1)
[1103]: (419.4250535631393,1)
[1104]: (424.3641056261911,1)
[1105]: (425.2249037560251,1)
[1106]: (424.3554269285135,1)
[1107]: (425.0624247244355,1)
[1108]: (424.3285226741897,1)
[1109]: (419.3801823547107,1)
[1110]: (424.2609994012524,1)
[1111]: (424.0493111501681,1)
[1112]: (419.5298479519542,1)
[1113]: (423.087672381903,1)
[1114]: (419.4583958899236,1)
[1115]: (426.6043462730564,1)
[1116]: (424.1134521516186,1)
[1117]: (424.3060808949607,1)
[1118]: (419.0959537975165,1)
[1119]: (425.0071655129843,1)
[1120]: (424.1680688922478,1)
[1121]: (424.2038991983511,1)
[1122]: (424.0296841205592,1)
[1123]: (424.5287359980499,1)
[1124]: (424.011972101097,1)
[1125]: (424.011388433718,1)
[1126]: (424.330511261826,1)
[1127]: (419.1899752113506,1)
[1128]: (419.3179117849176,1)
[1129]: (424.0119181303226,1)
[1130]: (423.10803575866,1)
[1131]: (424.3083489123742,1)
[1132]: (425.0292091528413,1)
[1133]: (426.8195342292578,1)
[1134]: (424.1042547768823,1)
[1135]: (419.4454940886168,1)
[1136]: (424.0693343546653,1)
[1137]: (425.1478239173068,1)
[1138]: (424.3610308714509,1)
[1139]: (425.0572196708815,1)
[1140]: (419.0006346706029,1)
[1141]: (420.9953330324277,1)
[1142]: (424.395425185343,1)
[1143]: (419.4602064385469,1)
[1144]: (419.1746508961759,1)
[1145]: (419.7089761361613,1)
[1146]: (423.016410610934,1)
[1147]: (429.1650482744569,1)
[1148]: (424.0795310005277,1)
[1149]: (419.0829630577421,1)
[1150]: (419.2035580560822,1)
[1151]: (425.0843694406883,1)
[1152]: (424.1257585696184,1)
[1153]: (424.4617695815286,1)
[1154]: (423.3772981808343,1)
[1155]: (424.3667335746277,1)
[1156]: (419.4032413084939,1)
[1157]: (431.4795168539246,1)
[1158]: (424.1868188026639,1)
[1159]: (424.1982218652788,1)
[1160]: (419.1051380689091,1)
[1161]: (419.5192998430821,1)
[1162]: (428.1427235740084,1)
[1163]: (419.2438746141585,1)
[1164]: (424.1100335540937,1)
[1165]: (419.070172950204,1)
[1166]: (424.4064805364674,1)
[1167]: (424.1568473363309,1)
[1168]: (424.0424548028536,1)
[1169]: (424.1390869990213,1)
[1170]: (419.0041109203965,1)
[1171]: (424.1618813321064,1)
[1172]: (423.0545788644057,1)
[1173]: (419.7682671976565,1)
[1174]: (427.1632248158338,1)
[1175]: (424.226824586177,1)
[1176]: (424.4838542316396,1)
[1177]: (423.0308731982722,1)
[1178]: (424.1573590960029,1)
[1179]: (426.0541600226082,1)
[1180]: (426.2542258570633,1)
[1181]: (428.2468749156262,1)
[1182]: (424.0681375644384,1)
[1183]: (424.4781925329391,1)
[1184]: (425.160243783799,1)
[1185]: (419.0690504576126,1)
[1186]: (424.036981370564,1)
[1187]: (424.1145047786586,1)
[1188]: (425.0558546908366,1)
[1189]: (426.449085464002,1)
[1190]: (423.0997130309672,1)
[1191]: (419.1290652459778,1)
[1192]: (419.1720477317713,1)
[1193]: (420.0864305425864,1)
[1194]: (419.0609498155977,1)
[1195]: (427.1419313161762,1)
[1196]: (424.0739359138325,1)
[1197]: (423.1748057986703,1)
[1198]: (424.3325612783837,1)
[1199]: (424.3268819654084,1)
[1200]: (425.3051043553467,1)
[1201]: (424.6046707275868,1)
[1202]: (419.3778896812113,1)
[1203]: (419.6612197099141,1)
[1204]: (424.4331445157001,1)
[1205]: (424.1060970628973,1)
[1206]: (419.5989274318264,1)
[1207]: (423.2868363273324,1)
[1208]: (423.0903743549283,1)
[1209]: (419.4824863956503,1)
[1210]: (419.0823834429802,1)
[1211]: (424.0519719270921,1)
[1212]: (419.0308944948845,1)
[1213]: (425.1475092869387,1)
[1214]: (425.3545566644519,1)
[1215]: (424.0765629483054,1)
[1216]: (425.4249474290649,1)
[1217]: (425.2450844394948,1)
[1218]: (419.0660063558199,1)
[1219]: (424.1125091593674,1)
[1220]: (424.2080662104281,1)
[1221]: (424.1566882225472,1)
[1222]: (425.5519873674221,1)
[1223]: (424.2966636672459,1)
[1224]: (419.1048033574588,1)
[1225]: (419.3134909607855,1)
[1226]: (419.0534775145823,1)
[1227]: (419.1338007767305,1)
[1228]: (419.4773764452986,1)
[1229]: (424.0481135328018,1)
[1230]: (424.1584535361931,1)
[1231]: (425.5830337328781,1)
[1232]: (426.2723477174795,1)
[1233]: (423.8642417011286,1)
[1234]: (426.4602499036794,1)
[1235]: (424.0434759583067,1)
[1236]: (424.2215525586142,1)
[1237]: (424.9675921705995,1)
[1238]: (423.0516686708755,1)
[1239]: (423.0234782411434,1)
[1240]: (424.0501281211305,1)
[1241]: (424.5028626896722,1)
[1242]: (425.2764252108558,1)
[1243]: (424.2973491831255,1)
[1244]: (424.2525815393741,1)
[1245]: (425.1327457027875,1)
[1246]: (425.0663539990686,1)
[1247]: (424.202761751135,1)
[1248]: (426.0338757221872,1)
[1249]: (419.1109365949704,1)
[1250]: (429.2719575415601,1)
[1251]: (426.1870719299653,1)
[1252]: (424.424634988673,1)
[1253]: (424.6003696106113,1)
[1254]: (419.2748735963659,1)
[1255]: (424.0744396904819,1)
[1256]: (424.5499480428793,1)
[1257]: (419.446178039889,1)
[1258]: (419.2359965925149,1)
[1259]: (425.896333220828,1)
[1260]: (425.2021105996128,1)
[1261]: (423.1148494832959,1)
[1262]: (424.1069237932736,1)
[1263]: (424.0854121112166,1)
[1264]: (425.0516266014977,1)
[1265]: (424.4165999815935,1)
[1266]: (425.2997694127039,1)
[1267]: (419.6820134838779,1)
[1268]: (425.1942847415276,1)
[1269]: (424.0298200848002,1)
[1270]: (419.4384957498914,1)
[1271]: (419.28669680682,1)
[1272]: (423.0236449967819,1)
[1273]: (419.7693196673417,1)
[1274]: (424.2447828855493,1)
[1275]: (424.1182091989347,1)
[1276]: (426.6440714582611,1)
[1277]: (423.6680076835458,1)
[1278]: (419.0202923008336,1)
[1279]: (424.9876668415764,1)
[1280]: (424.0507286396661,1)
[1281]: (424.1772325629847,1)
[1282]: (419.1311189590409,1)
[1283]: (424.1455142669502,1)
[1284]: (424.8271012622832,1)
[1285]: (419.5176217197691,1)
[1286]: (425.2060600586863,1)
[1287]: (419.469770670953,1)
[1288]: (419.0535989280747,1)
[1289]: (424.1127945963659,1)
[1290]: (425.0469209949423,1)
[1291]: (419.0634171146309,1)
[1292]: (424.4444489094378,1)
[1293]: (424.6854018848549,1)
[1294]: (423.3416335465351,1)
[1295]: (425.2252313913615,1)
[1296]: (425.9008971914649,1)
[1297]: (426.3012269244347,1)
[1298]: (424.239450093743,1)
[1299]: (424.5160391188884,1)
[1300]: (424.667790310593,1)
[1301]: (426.0286349278861,1)
[1302]: (425.2778274811505,1)
[1303]: (419.0445405056696,1)
[1304]: (424.4378045588409,1)
[1305]: (424.226860203788,1)
[1306]: (424.369563825256,1)
[1307]: (419.3360627681236,1)
[1308]: (424.0812374457622,1)
[1309]: (424.4439400554743,1)
[1310]: (419.4615569187899,1)
[1311]: (424.0565122816515,1)
[1312]: (429.4010006893733,1)
[1313]: (419.1464680602948,1)
[1314]: (419.0580366616529,1)
[1315]: (428.3237965642666,1)
[1316]: (424.1647510612081,1)
[1317]: (424.3867409903322,1)
[1318]: (419.0031672320024,1)
[1319]: (424.3130705201011,1)
[1320]: (425.0575175974105,1)
[1321]: (424.0174227214058,1)
[1322]: (419.1967575890839,1)
[1323]: (431.7837798002321,1)
[1324]: (425.0530316820976,1)
[1325]: (424.3098964106654,1)
[1326]: (419.1410252071713,1)
[1327]: (426.7595393937521,1)
[1328]: (419.0186155053918,1)
[1329]: (425.0215696240481,1)
[1330]: (424.1772732647433,1)
[1331]: (424.7210444531189,1)
[1332]: (425.0291552181519,1)
[1333]: (419.2643937000506,1)
[1334]: (426.6545942412526,1)
[1335]: (424.1029096656283,1)
[1336]: (425.2689776699282,1)
[1337]: (424.3092096523941,1)
[1338]: (424.0620411929942,1)
[1339]: (423.151399141559,1)
[1340]: (424.1737015137227,1)
[1341]: (424.2512693782768,1)
[1342]: (424.3401808170509,1)
[1343]: (424.2434670971385,1)
[1344]: (419.3438564687208,1)
[1345]: (424.2025467105434,1)
[1346]: (427.0056884911207,1)
[1347]: (419.0076881708354,1)
[1348]: (426.2282356294998,1)
[1349]: (424.2387178088396,1)
[1350]: (425.0635165817898,1)
[1351]: (424.7181962622098,1)
[1352]: (424.0602271846878,1)
[1353]: (424.2059421089872,1)
[1354]: (424.2660350007505,1)
[1355]: (428.0418184688189,1)
[1356]: (425.1446777760224,1)
[1357]: (424.7870594355451,1)
[1358]: (424.0426514569028,1)
[1359]: (425.0146584568573,1)
[1360]: (425.5886645008905,1)
[1361]: (426.7833590807442,1)
[1362]: (419.833066694669,1)
[1363]: (425.8390418072527,1)
[1364]: (424.1070657011271,1)
[1365]: (424.112671666325,1)
[1366]: (426.9990004473551,1)
[1367]: (423.2785387492784,1)
[1368]: (425.2946234543534,1)
[1369]: (424.1332184446509,1)
[1370]: (425.1306875658359,1)
[1371]: (419.0660562115452,1)
[1372]: (424.0782113475408,1)
[1373]: (419.0832112678416,1)
[1374]: (424.0855645173733,1)
[1375]: (424.2459042012727,1)
[1376]: (423.4059781848532,1)
[1377]: (425.045566952142,1)
[1378]: (424.0917280365883,1)
[1379]: (425.048112715409,1)
[1380]: (424.030794405472,1)
[1381]: (424.352858293307,1)
[1382]: (419.5169116854072,1)
[1383]: (427.5916230681225,1)
[1384]: (424.2644698351569,1)
[1385]: (423.5265981143904,1)
[1386]: (424.1638834172488,1)
[1387]: (424.1677356759517,1)
[1388]: (419.0823433814618,1)
[1389]: (424.3640626681126,1)
[1390]: (424.0536007190225,1)
[1391]: (425.4317978965015,1)
[1392]: (419.4909609814955,1)
[1393]: (423.3240954601144,1)
[1394]: (424.1583118666138,1)
[1395]: (424.817765797209,1)
[1396]: (424.4603328012122,1)
[1397]: (424.1512987246172,1)
[1398]: (419.385093432007,1)
[1399]: (419.2638829098596,1)
[1400]: (419.0704943195283,1)
[1401]: (429.1759638714131,1)
[1402]: (424.0573399945984,1)
[1403]: (424.1132577413756,1)
[1404]: (423.8678666836838,1)
[1405]: (424.012951333051,1)
[1406]: (419.0242615317876,1)
[1407]: (423.0262419392911,1)
[1408]: (429.5958354501784,1)
[1409]: (419.047272119452,1)
[1410]: (419.2164144010289,1)
[1411]: (424.5856565274531,1)
[1412]: (423.6776996340437,1)
[1413]: (424.0113136242592,1)
[1414]: (425.1820658842155,1)
[1415]: (424.5853123507878,1)
[1416]: (420.2936712240431,1)
[1417]: (424.0127475026405,1)
[1418]: (424.1282039480636,1)
[1419]: (423.3100501681952,1)
[1420]: (423.0521137925905,1)
[1421]: (424.5738160870481,1)
[1422]: (423.7853775798084,1)
[1423]: (424.0117792738423,1)
[1424]: (424.2068672314488,1)
[1425]: (425.3579059416362,1)
[1426]: (424.1147835323844,1)
[1427]: (419.0247062668883,1)
[1428]: (424.1217260038194,1)
[1429]: (420.560839248964,1)
[1430]: (424.1116609493054,1)
[1431]: (424.5732025332947,1)
[1432]: (424.3529098268111,1)
[1433]: (429.108277263192,1)
[1434]: (426.0121230459627,1)
[1435]: (419.4438007345494,1)
[1436]: (424.2122941060891,1)
[1437]: (424.0565397494204,1)
[1438]: (424.0419363765907,1)
[1439]: (424.0646503668684,1)
[1440]: (424.2194715998992,1)
[1441]: (424.1026725589514,1)
[1442]: (419.238595004762,1)
[1443]: (424.1315193966186,1)
[1444]: (424.1524002736876,1)
[1445]: (423.9732085748104,1)
[1446]: (424.8736692031494,1)
[1447]: (424.337598419878,1)
[1448]: (424.019025852993,1)
[1449]: (424.3836870120441,1)
[1450]: (423.5238423104508,1)
[1451]: (419.097321541771,1)
[1452]: (424.095447096229,1)
[1453]: (423.0506254973933,1)
[1454]: (424.0946841478446,1)
[1455]: (428.0734228121296,1)
[1456]: (426.0849778129485,1)
[1457]: (419.6175007835188,1)
[1458]: (424.0308639988585,1)
[1459]: (424.1917579855392,1)
[1460]: (424.1018760249626,1)
[1461]: (424.0861503324308,1)
[1462]: (419.1450798766592,1)
[1463]: (424.030231653859,1)
[1464]: (424.3974986036187,1)
[1465]: (419.5242304201375,1)
[1466]: (424.0161084602893,1)
[1467]: (426.0545159406223,1)
[1468]: (424.0174048291966,1)
[1469]: (423.359039618062,1)
[1470]: (431.254637996372,1)
[1471]: (425.2767884129057,1)
[1472]: (419.0255779835265,1)
[1473]: (419.0055750466194,1)
[1474]: (423.5237494674981,1)
[1475]: (424.0015216417009,1)
[1476]: (424.1518799362833,1)
[1477]: (424.0369705502838,1)
[1478]: (424.0508253942604,1)
[1479]: (424.254959151308,1)
[1480]: (424.0087278649009,1)
[1481]: (423.5094681500251,1)
[1482]: (424.3499242744296,1)
[1483]: (424.130495951853,1)
[1484]: (419.7190643673445,1)
[1485]: (424.0581449999689,1)
[1486]: (419.1854073049498,1)
[1487]: (424.654886650205,1)
[1488]: (423.2555774422983,1)
[1489]: (424.4358011839371,1)
[1490]: (425.8245319647311,1)
[1491]: (424.1436311334786,1)
[1492]: (423.0211071888796,1)
[1493]: (425.0329268980018,1)
[1494]: (425.0842857056691,1)
[1495]: (424.5647266753551,1)
[1496]: (424.1377282582663,1)
[1497]: (424.3872806735646,1)
[1498]: (425.6733816423327,1)
[1499]: (423.2314403089867,1)
[1500]: (423.1082348657465,1)
[1501]: (424.4486731780024,1)
[1502]: (424.1226665813437,1)
[1503]: (424.8731426072911,1)
[1504]: (425.402752215792,1)
[1505]: (424.0719750615908,1)
[1506]: (423.5396074577101,1)
[1507]: (424.3001261890899,1)
[1508]: (419.1087351239354,1)
[1509]: (423.1000061975569,1)
[1510]: (424.1909745035344,1)
[1511]: (424.8288088734305,1)
[1512]: (423.1374485360801,1)
[1513]: (426.2501178786284,1)
[1514]: (419.077992703498,1)
[1515]: (429.0718010898772,1)
[1516]: (419.3062486097988,1)
[1517]: (425.1079245337668,1)
[1518]: (425.5592898332624,1)
[1519]: (424.1251424525748,1)
[1520]: (424.3190262727785,1)
[1521]: (424.1488868258372,1)
[1522]: (419.1453493790355,1)
[1523]: (424.0504666576851,1)
[1524]: (424.3202207028766,1)
[1525]: (424.0743741285924,1)
[1526]: (424.0390661568067,1)
[1527]: (423.0123362850775,1)
[1528]: (419.0741554509603,1)
[1529]: (425.1274560207141,1)
[1530]: (419.5180025158058,1)
[1531]: (424.206787734853,1)
[1532]: (424.4189963810591,1)
[1533]: (419.0395870188084,1)
[1534]: (424.0775255339657,1)
[1535]: (424.0507578658128,1)
[1536]: (425.0977657497112,1)
[1537]: (424.5378986727666,1)
[1538]: (424.0940439134893,1)
[1539]: (424.2498382902928,1)
[1540]: (424.2316014770322,1)
[1541]: (424.6617406855846,1)
[1542]: (423.349173176241,1)
[1543]: (426.257828239689,1)
[1544]: (424.4936527067295,1)
[1545]: (419.4952853814474,1)
[1546]: (424.2045647431631,1)
[1547]: (419.0982106201541,1)
[1548]: (426.1827575489706,1)
[1549]: (419.3263675562545,1)
[1550]: (424.0026566452365,1)
[1551]: (424.2822387053699,1)
[1552]: (424.338406491097,1)
[1553]: (419.2459784092277,1)
[1554]: (419.0893007855864,1)
[1555]: (419.9249850842609,1)
[1556]: (424.2493823640726,1)
[1557]: (419.6969475451636,1)
[1558]: (419.5223205759454,1)
[1559]: (424.0554816394792,1)
[1560]: (424.3785629859776,1)
[1561]: (424.3481694419725,1)
[1562]: (424.3901238888136,1)
[1563]: (424.6249790144221,1)
[1564]: (423.1709117264547,1)
[1565]: (424.090843200574,1)
[1566]: (425.0362201473224,1)
[1567]: (436.0747709134336,1)
[1568]: (423.0928278908144,1)
[1569]: (424.2905945881471,1)
[1570]: (425.4906259214799,1)
[1571]: (424.5295334946115,1)
[1572]: (424.4265587789511,1)
[1573]: (425.2023595976409,1)
[1574]: (425.0085584653805,1)
[1575]: (424.1633651927227,1)
[1576]: (424.7665118319543,1)
[1577]: (419.1777946891843,1)
[1578]: (419.2395637401083,1)
[1579]: (419.048727713682,1)
[1580]: (425.2275076621287,1)
[1581]: (424.3713200810785,1)
[1582]: (424.0537505606256,1)
[1583]: (419.5909353202576,1)
[1584]: (419.2640438364296,1)
[1585]: (426.2735011323643,1)
[1586]: (419.3901542606043,1)
[1587]: (420.2053762915882,1)
[1588]: (426.2482917750894,1)
[1589]: (424.2691626044813,1)
[1590]: (424.1393602943472,1)
[1591]: (425.0635349570271,1)
[1592]: (423.1150335451635,1)
[1593]: (419.736273119307,1)
[1594]: (425.0745557749833,1)
[1595]: (424.0690184539115,1)
[1596]: (424.0845758174835,1)
[1597]: (419.6700636868993,1)
[1598]: (424.2367026623135,1)
[1599]: (423.4734768628183,1)
[1600]: (424.1369430192993,1)
[1601]: (424.0017572704348,1)
[1602]: (423.5096051871777,1)
[1603]: (425.0972105368746,1)
[1604]: (424.5181407338328,1)
[1605]: (426.2319661625972,1)
[1606]: (419.0200883032557,1)
[1607]: (424.1963625201126,1)
[1608]: (426.6058553328137,1)
[1609]: (425.2255945124231,1)
[1610]: (424.0598416078681,1)
[1611]: (424.3747482406477,1)
[1612]: (419.1469975322453,1)
[1613]: (424.2356774290605,1)
[1614]: (424.039606867464,1)
[1615]: (424.1555770934376,1)
[1616]: (423.247022177472,1)
[1617]: (423.0820257222849,1)
[1618]: (424.0065956275459,1)
[1619]: (419.2020456761218,1)
[1620]: (424.0333216166579,1)
[1621]: (424.2150035801105,1)
[1622]: (424.0522345330826,1)
[1623]: (425.1777123330302,1)
[1624]: (424.0738476642383,1)
[1625]: (419.2181970237531,1)
[1626]: (424.0679469380418,1)
[1627]: (424.0276818998552,1)
[1628]: (424.9854142814809,1)
[1629]: (423.0272700163536,1)
[1630]: (419.0982397511607,1)
[1631]: (419.0802242451323,1)
[1632]: (424.7138570823186,1)
[1633]: (419.0119480464065,1)
[1634]: (419.13919601757,1)
[1635]: (426.1801203274692,1)
[1636]: (419.9905604277853,1)
[1637]: (419.5633629069868,1)
[1638]: (423.046294822023,1)
[1639]: (425.1261177805632,1)
[1640]: (424.226212910931,1)
[1641]: (424.3732581768936,1)
[1642]: (424.1463910432159,1)
[1643]: (419.417736034432,1)
[1644]: (419.1218391979465,1)
[1645]: (423.3037830814731,1)
[1646]: (424.4325543459035,1)
[1647]: (424.4932752226807,1)
[1648]: (423.0092747406573,1)
[1649]: (425.6466465610433,1)
[1650]: (424.6710587155507,1)
[1651]: (419.2454460514292,1)
[1652]: (424.5914378365865,1)
[1653]: (424.0575876459183,1)
[1654]: (419.5021771190732,1)
[1655]: (419.3605894473436,1)
[1656]: (424.5521952461223,1)
[1657]: (424.1190792347721,1)
[1658]: (419.1620004702191,1)
[1659]: (423.1311507349949,1)
[1660]: (423.098269599667,1)
[1661]: (427.0479363003272,1)
[1662]: (423.2938399970378,1)
[1663]: (426.3174544661052,1)
[1664]: (423.0281380140165,1)
[1665]: (419.3737996759307,1)
[1666]: (425.2877857327932,1)
[1667]: (424.1081102077176,1)
[1668]: (425.0073388678572,1)
[1669]: (419.2913151833191,1)
[1670]: (419.0234056941467,1)
[1671]: (428.2250400834993,1)
[1672]: (424.0504286973893,1)
[1673]: (425.577858955627,1)
[1674]: (423.3394281411274,1)
[1675]: (427.1219438147622,1)
[1676]: (425.0117142244387,1)
[1677]: (424.4294846574419,1)
[1678]: (420.2546453360547,1)
[1679]: (424.1756465886527,1)
[1680]: (424.0836697275203,1)
[1681]: (419.2698018201236,1)
[1682]: (419.2650974466229,1)
[1683]: (419.3422862207883,1)
[1684]: (424.2686876761138,1)
[1685]: (424.1544487067191,1)
[1686]: (423.1164042045507,1)
[1687]: (429.229312334934,1)
[1688]: (426.2051962017735,1)
[1689]: (427.8531577215113,1)
[1690]: (424.1511242413836,1)
[1691]: (424.2431730573679,1)
[1692]: (424.0405648512541,1)
[1693]: (423.0027712952925,1)
[1694]: (423.232088482778,1)
[1695]: (428.0026274255569,1)
[1696]: (424.5631911624982,1)
[1697]: (424.4178725289703,1)
[1698]: (424.125755491386,1)
[1699]: (427.4416492619384,1)
[1700]: (424.3141572258174,1)
[1701]: (424.6491279347878,1)
[1702]: (424.5128035744204,1)
[1703]: (419.6788086320095,1)
[1704]: (425.9954144504867,1)
[1705]: (419.2395118840948,1)
[1706]: (424.0101519327066,1)
[1707]: (419.1423061641493,1)
[1708]: (424.2847650843742,1)
[1709]: (419.5759931415058,1)
[1710]: (423.2886885012738,1)
[1711]: (419.2893304013372,1)
[1712]: (419.283917272013,1)
[1713]: (426.0772709415954,1)
[1714]: (419.0928978040422,1)
[1715]: (419.6752525867733,1)
[1716]: (424.5267709428965,1)
[1717]: (424.8464556439028,1)
[1718]: (419.4340079465919,1)
[1719]: (424.0387697836816,1)
[1720]: (419.3049421187056,1)
[1721]: (424.013831685654,1)
[1722]: (424.0629049799818,1)
[1723]: (424.1456685557518,1)
[1724]: (419.0836627289808,1)
[1725]: (419.2353069843005,1)
[1726]: (424.0397125042533,1)
[1727]: (419.9960086174727,1)
[1728]: (423.1602834499853,1)
[1729]: (423.0524967742933,1)
[1730]: (419.0472392640862,1)
[1731]: (426.0303443604338,1)
[1732]: (424.2797010729751,1)
[1733]: (424.5814682980978,1)
[1734]: (424.0386163385484,1)
[1735]: (425.2136453988576,1)
[1736]: (423.1366796029826,1)
[1737]: (425.0574586288412,1)
[1738]: (426.2653198085202,1)
[1739]: (424.9481883709823,1)
[1740]: (424.1124529459265,1)
[1741]: (425.1557909763501,1)
[1742]: (424.0937058500429,1)
[1743]: (429.2813169669396,1)
[1744]: (424.1289534780258,1)
[1745]: (428.0793392931404,1)
[1746]: (428.2949615659449,1)
[1747]: (426.2330732601666,1)
[1748]: (424.1744790966904,1)
[1749]: (424.0684385345614,1)
[1750]: (419.0525718315452,1)
[1751]: (419.2526691279541,1)
[1752]: (425.8315858985945,1)
[1753]: (424.374374709172,1)
[1754]: (424.6278238026529,1)
[1755]: (424.005067886697,1)
[1756]: (423.267398562816,1)
[1757]: (424.3271068255219,1)
[1758]: (424.166641413058,1)
[1759]: (423.476372405908,1)
[1760]: (424.0479673609511,1)
[1761]: (426.1573909216855,1)
[1762]: (424.2315495589115,1)
[1763]: (419.2718820386843,1)
[1764]: (426.0206549893114,1)
[1765]: (424.5054287748274,1)
[1766]: (424.1730037496371,1)
[1767]: (424.1529235539775,1)
[1768]: (419.5879906601512,1)
[1769]: (425.6710224472178,1)
[1770]: (428.0870775318327,1)
[1771]: (424.1180368580801,1)
[1772]: (424.0374166098995,1)
[1773]: (423.0545325749599,1)
[1774]: (425.1093956122272,1)
[1775]: (424.0727788036136,1)
[1776]: (425.7182516618474,1)
[1777]: (419.1240342744918,1)
[1778]: (425.1387808720282,1)
[1779]: (425.404370651702,1)
[1780]: (424.0811785463542,1)
[1781]: (419.1424864027737,1)
[1782]: (424.2098041536113,1)
[1783]: (419.0874931532097,1)
[1784]: (424.0669427219421,1)
[1785]: (423.1248106730733,1)
[1786]: (423.2934497794493,1)
[1787]: (424.2126388554713,1)
[1788]: (424.0853093087609,1)
[1789]: (424.8612559731806,1)
[1790]: (419.2919151429612,1)
[1791]: (424.2377984400351,1)
[1792]: (419.6638091173783,1)
[1793]: (424.0346117612029,1)
[1794]: (424.1235276507914,1)
[1795]: (424.0448234069034,1)
[1796]: (424.5599518776395,1)
[1797]: (419.2187936354206,1)
[1798]: (419.2122195329259,1)
[1799]: (419.670508990663,1)
[1800]: (425.1262599996249,1)
[1801]: (424.246228489452,1)
[1802]: (419.5876886046462,1)
[1803]: (419.4373702178824,1)
[1804]: (420.00519436037,1)
[1805]: (424.1401178686498,1)
[1806]: (425.1286440583577,1)
[1807]: (419.2303432959739,1)
[1808]: (426.1032380962437,1)
[1809]: (423.0202909508662,1)
[1810]: (424.729092572984,1)
[1811]: (424.020058110548,1)
[1812]: (424.064534128988,1)
[1813]: (423.2346488985023,1)
[1814]: (420.1935560072539,1)
[1815]: (419.3098851367009,1)
[1816]: (425.7225740386575,1)
[1817]: (419.3265185397094,1)
[1818]: (419.3618393023138,1)
[1819]: (424.2745087577418,1)
[1820]: (424.3469478631393,1)
[1821]: (429.146132583422,1)
[1822]: (424.0086352480629,1)
[1823]: (423.0393703081362,1)
[1824]: (424.0109313338129,1)
[1825]: (419.0545056465618,1)
[1826]: (425.0487802949207,1)
[1827]: (424.7563748146589,1)
[1828]: (424.1001093532013,1)
[1829]: (424.3831882918797,1)
[1830]: (424.1291356182314,1)
[1831]: (419.0084305076293,1)
[1832]: (423.1858804430518,1)
[1833]: (424.1856937729468,1)
[1834]: (423.0622408676863,1)
[1835]: (423.185167412153,1)
[1836]: (423.7860225247298,1)
[1837]: (419.3775190917538,1)
[1838]: (424.270317502029,1)
[1839]: (424.4649200960904,1)
[1840]: (424.7753693008792,1)
[1841]: (424.0899637906402,1)
[1842]: (419.1516687275872,1)
[1843]: (423.0400103442026,1)
[1844]: (425.2890778594906,1)
[1845]: (419.1598204709234,1)
[1846]: (424.052428846392,1)
[1847]: (424.1356029068066,1)
[1848]: (424.0359761207411,1)
[1849]: (424.3347284776484,1)
[1850]: (424.1358119013848,1)
[1851]: (424.0558626244301,1)
[1852]: (423.0756213090214,1)
[1853]: (424.1062770873322,1)
[1854]: (426.0460475921301,1)
[1855]: (424.0133880643905,1)
[1856]: (424.5493223578571,1)
[1857]: (424.2220350317342,1)
[1858]: (419.1125693315525,1)
[1859]: (424.7088493667956,1)
[1860]: (425.2573381319884,1)
[1861]: (426.0229423661748,1)
[1862]: (419.1575587325932,1)
[1863]: (425.3708115687488,1)
[1864]: (424.1364043032259,1)
[1865]: (424.3747163455796,1)
[1866]: (423.5919070274625,1)
[1867]: (426.8534791015874,1)
[1868]: (424.6833258084815,1)
[1869]: (424.2154489740553,1)
[1870]: (423.5482525663893,1)
[1871]: (424.5826722000709,1)
[1872]: (423.1909803270863,1)
[1873]: (423.1364667483322,1)
[1874]: (419.5229669215794,1)
[1875]: (425.0059669196083,1)
[1876]: (419.5092492735515,1)
[1877]: (419.1130762991481,1)
[1878]: (425.0685808733438,1)
[1879]: (424.0793736800595,1)
[1880]: (424.0172995369476,1)
[1881]: (426.2232459392346,1)
[1882]: (419.1388522773484,1)
[1883]: (419.155233525115,1)
[1884]: (423.2996593531047,1)
[1885]: (424.0476782437402,1)
[1886]: (424.022105971316,1)
[1887]: (419.3513208213416,1)
[1888]: (424.0852533766156,1)
[1889]: (424.8267767513429,1)
[1890]: (419.2044408039173,1)
[1891]: (419.7160764554166,1)
[1892]: (424.1748648406008,1)
[1893]: (425.7564778641088,1)
[1894]: (428.2089151183572,1)
[1895]: (424.1286428612274,1)
[1896]: (419.8467998909024,1)
[1897]: (419.0744936551985,1)
[1898]: (424.1145543654845,1)
[1899]: (423.0453763037106,1)
[1900]: (419.1115909743591,1)
[1901]: (424.1243687853221,1)
[1902]: (425.8741310597803,1)
[1903]: (425.1691378797954,1)
[1904]: (423.2459096161715,1)
[1905]: (424.2913928336829,1)
[1906]: (419.0646210767578,1)
[1907]: (424.2063409707246,1)
[1908]: (426.1746183433002,1)
[1909]: (424.5400485945226,1)
[1910]: (428.1617332003467,1)
[1911]: (424.6472966105458,1)
[1912]: (424.0198615839215,1)
[1913]: (425.1967615685361,1)
[1914]: (425.055266279033,1)
[1915]: (425.0138710433125,1)
[1916]: (423.2212222448013,1)
[1917]: (424.2592787347459,1)
[1918]: (419.090706519088,1)
[1919]: (419.1774656624115,1)
[1920]: (423.1073802724417,1)
[1921]: (425.5629529957983,1)
[1922]: (420.1237761211119,1)
[1923]: (419.6829377335383,1)
[1924]: (424.8932531764823,1)
[1925]: (424.7198441006485,1)
[1926]: (423.02490233937,1)
[1927]: (424.5231988576665,1)
[1928]: (424.7931906736233,1)
[1929]: (424.1696046329516,1)
[1930]: (424.1058558583772,1)
[1931]: (424.656016328147,1)
[1932]: (424.0873621959295,1)
[1933]: (424.9460011064891,1)
[1934]: (419.370300337979,1)
[1935]: (419.7448279419169,1)
[1936]: (424.2631260965984,1)
[1937]: (424.134329739421,1)
[1938]: (419.1978363790362,1)
[1939]: (426.3006191631765,1)
[1940]: (425.3284225115494,1)
[1941]: (425.3939662634902,1)
[1942]: (423.2324295448248,1)
[1943]: (423.2387959836508,1)
[1944]: (424.4363707652409,1)
[1945]: (424.5974995471402,1)
[1946]: (424.4300517506258,1)
[1947]: (426.3937460571624,1)
[1948]: (424.219560446509,1)
[1949]: (424.0961925093457,1)
[1950]: (425.0596706161749,1)
[1951]: (424.3349745743653,1)
[1952]: (419.3636164826069,1)
[1953]: (429.643066334086,1)
[1954]: (419.0907778427257,1)
[1955]: (424.053184685892,1)
[1956]: (426.0370107720395,1)
[1957]: (424.128915112194,1)
[1958]: (424.5695015141233,1)
[1959]: (419.2026124460226,1)
[1960]: (424.2284837751347,1)
[1961]: (423.2256974390176,1)
[1962]: (424.5662684695182,1)
[1963]: (424.0770727772664,1)
[1964]: (424.0662401976201,1)
[1965]: (423.1891797864819,1)
[1966]: (426.0470903218741,1)
[1967]: (424.1248535830696,1)
[1968]: (424.8318998991614,1)
[1969]: (424.5640452695204,1)
[1970]: (424.2833709506659,1)
[1971]: (420.0058212537199,1)
[1972]: (423.5447663054191,1)
[1973]: (419.5783194278453,1)
[1974]: (424.0059901942845,1)
[1975]: (424.1020623396687,1)
[1976]: (419.2574985024454,1)
[1977]: (419.586144441447,1)
[1978]: (424.1930006506823,1)
[1979]: (424.1131357446058,1)
[1980]: (424.1256042106829,1)
[1981]: (425.6107321496743,1)
[1982]: (419.2528854365285,1)
[1983]: (424.187547681707,1)
[1984]: (426.2892640852943,1)
[1985]: (424.1356490992288,1)
[1986]: (424.3636010064085,1)
[1987]: (419.29225885611,1)
[1988]: (425.8073686084885,1)
[1989]: (419.2807337617128,1)
[1990]: (419.0693174490139,1)
[1991]: (419.4775452100159,1)
[1992]: (425.1346287048449,1)
[1993]: (424.7767452216376,1)
[1994]: (426.1057808803117,1)
[1995]: (423.1308087671265,1)
[1996]: (419.4298162805066,1)
[1997]: (424.1324772805957,1)
[1998]: (424.076211078792,1)
[1999]: (424.0370086480834,1)
 -- States explored : 0 states
 -- CPU user time used : 85720 ms
 -- Virtual memory used : 2669968 KiB
 -- Resident memory used : 2631468 KiB
executionTime: 545
