core file size          (blocks, -c) unlimited
data seg size           (kbytes, -d) unlimited
scheduling priority             (-e) 0
file size               (blocks, -f) unlimited
pending signals                 (-i) 4077086
max locked memory       (kbytes, -l) 64
max memory size         (kbytes, -m) 66060288
open files                      (-n) 4096
pipe size            (512 bytes, -p) 8
POSIX message queues     (bytes, -q) 819200
real-time priority              (-r) 0
stack size              (kbytes, -s) 8192
cpu time               (seconds, -t) unlimited
max user processes              (-u) 4077086
virtual memory          (kbytes, -v) 63000000
file locks                      (-x) unlimited
Options for the verification:
  Generating some trace
  Search order is random depth first
  Using conservative space optimisation
  Seed is 1556912232
  State space representation uses minimal constraint systems
  Using HashMap + Compress integers for discrete state storage

Verifying formula 1 at ../queries/SP_100_14_2.q:1
 -- Formula is satisfied.
(9000 runs)
Learning statistics for best strategy: 
	Number of resets: 0
	Number of iterations in last reset: 30
	Number of iterations in total: 30

 -- States explored : 0 states
 -- CPU user time used : 442220 ms
 -- Virtual memory used : 4545772 KiB
 -- Resident memory used : 4507024 KiB

Verifying formula 2 at ../queries/SP_100_14_2.q:2
 -- Formula is satisfied.
Composer.Done:
[0]: (0,0) (264.3944247948921,1)
[1]: (264.028590861844,1)
[2]: (265.1772400923959,1)
[3]: (264.1390474175822,1)
[4]: (264.1460748571149,1)
[5]: (264.1583203224317,1)
[6]: (264.4447570366316,1)
[7]: (264.1206937150991,1)
[8]: (265.1225811711899,1)
[9]: (264.3048913781231,1)
[10]: (264.2524309139397,1)
[11]: (264.4129045003607,1)
[12]: (267.1249723093968,1)
[13]: (264.4908294557188,1)
[14]: (264.2539359391147,1)
[15]: (264.1311834359557,1)
[16]: (264.59318664383,1)
[17]: (264.0432155432782,1)
[18]: (264.0577211326447,1)
[19]: (265.1331471308217,1)
[20]: (264.2461822614147,1)
[21]: (264.0033945308655,1)
[22]: (264.128398143848,1)
[23]: (264.2191017680086,1)
[24]: (264.0533118008888,1)
[25]: (265.6001586236878,1)
[26]: (264.03622452518,1)
[27]: (264.0121019605658,1)
[28]: (264.7228229210769,1)
[29]: (264.0455671274727,1)
[30]: (264.1731295423533,1)
[31]: (264.1964794228114,1)
[32]: (264.2168807046,1)
[33]: (264.0239626085506,1)
[34]: (264.0497524190885,1)
[35]: (264.1616706480933,1)
[36]: (264.4203604742027,1)
[37]: (264.2831091961293,1)
[38]: (264.8169126519836,1)
[39]: (264.0215772425196,1)
[40]: (264.3952272701625,1)
[41]: (264.4242550269911,1)
[42]: (264.0649523655008,1)
[43]: (264.6116399136574,1)
[44]: (265.6083813642563,1)
[45]: (264.1052275752105,1)
[46]: (264.6790676588358,1)
[47]: (264.7613364273789,1)
[48]: (264.7253483556629,1)
[49]: (264.057082007828,1)
[50]: (264.2427080801293,1)
[51]: (264.1256336522291,1)
[52]: (264.5712129265377,1)
[53]: (264.2524751858539,1)
[54]: (264.1298982753854,1)
[55]: (264.153423946784,1)
[56]: (264.1739710429606,1)
[57]: (264.4676544166393,1)
[58]: (264.1621006579156,1)
[59]: (264.286984920509,1)
[60]: (264.0131731858701,1)
[61]: (264.0470965028621,1)
[62]: (264.1852157069755,1)
[63]: (264.0484634220047,1)
[64]: (264.414633054326,1)
[65]: (265.2635346124935,1)
[66]: (264.2885076829746,1)
[67]: (264.0803422005412,1)
[68]: (264.1143829238092,1)
[69]: (264.1752310140618,1)
[70]: (264.0023954847142,1)
[71]: (264.5029120214895,1)
[72]: (264.0854716750483,1)
[73]: (264.3893196712567,1)
[74]: (264.8835661045716,1)
[75]: (264.1063197767417,1)
[76]: (264.3269326115349,1)
[77]: (264.0370456613558,1)
[78]: (264.1388194222338,1)
[79]: (265.1958180960164,1)
[80]: (264.6041149183119,1)
[81]: (264.1124989717403,1)
[82]: (264.2596643753212,1)
[83]: (264.1123582548663,1)
[84]: (264.0462975413504,1)
[85]: (264.0022861899008,1)
[86]: (264.2307757510426,1)
[87]: (264.6136037730569,1)
[88]: (264.1120572876166,1)
[89]: (264.5348984111164,1)
[90]: (264.0329293348997,1)
[91]: (264.0415482973596,1)
[92]: (268.4039629108261,1)
[93]: (264.2456403187348,1)
[94]: (264.0674818182977,1)
[95]: (264.4519223245935,1)
[96]: (264.5791180750437,1)
[97]: (264.0136860847871,1)
[98]: (264.2192053652948,1)
[99]: (264.6964263003185,1)
[100]: (264.0489262656604,1)
[101]: (264.2709771873157,1)
[102]: (264.3127301098941,1)
[103]: (264.2002765544149,1)
[104]: (265.1637541130208,1)
[105]: (265.1096530593703,1)
[106]: (264.8613567906865,1)
[107]: (265.224069604875,1)
[108]: (264.1528587917354,1)
[109]: (266.2401566398524,1)
[110]: (264.5633060304605,1)
[111]: (264.4964643224816,1)
[112]: (264.4908037036859,1)
[113]: (264.2619802372339,1)
[114]: (264.0067149362005,1)
[115]: (264.1773699422457,1)
[116]: (264.3049746792994,1)
[117]: (264.7264688048294,1)
[118]: (264.12498327127,1)
[119]: (264.1835276176524,1)
[120]: (264.276964272644,1)
[121]: (264.0166568313574,1)
[122]: (265.1659254803587,1)
[123]: (264.2019847833848,1)
[124]: (264.4446616212711,1)
[125]: (264.2800226547109,1)
[126]: (264.5793292073211,1)
[127]: (264.6071480741252,1)
[128]: (264.3029262601291,1)
[129]: (264.0115222474004,1)
[130]: (264.1573490217133,1)
[131]: (264.1622022691547,1)
[132]: (264.8151055709215,1)
[133]: (264.1865497058058,1)
[134]: (264.2764490287896,1)
[135]: (265.1359758326071,1)
[136]: (264.7255277268224,1)
[137]: (265.5428853859113,1)
[138]: (264.0924316518978,1)
[139]: (264.0224146455608,1)
[140]: (264.0877185354105,1)
[141]: (264.1044869272278,1)
[142]: (264.0956600485732,1)
[143]: (264.1449344845408,1)
[144]: (264.4775811450942,1)
[145]: (264.0247917015959,1)
[146]: (264.0798436972419,1)
[147]: (264.2000489742447,1)
[148]: (264.0277964420421,1)
[149]: (264.7150017706236,1)
[150]: (264.491925075263,1)
[151]: (264.0309751525076,1)
[152]: (264.2818152211793,1)
[153]: (264.0341406360219,1)
[154]: (264.0968176170378,1)
[155]: (264.1779619626284,1)
[156]: (264.1777489793836,1)
[157]: (264.0047891736947,1)
[158]: (264.04275030831,1)
[159]: (264.1365151743327,1)
[160]: (264.5625933709453,1)
[161]: (265.907003302133,1)
[162]: (264.2066885539044,1)
[163]: (265.7209627235183,1)
[164]: (264.4492895412433,1)
[165]: (264.1956131824859,1)
[166]: (264.1727438568744,1)
[167]: (264.0425839067519,1)
[168]: (264.2786993005408,1)
[169]: (264.2247697294825,1)
[170]: (264.0108528159496,1)
[171]: (264.3818543195015,1)
[172]: (264.0507942614964,1)
[173]: (264.4497958718345,1)
[174]: (264.1004174977626,1)
[175]: (264.0857132640181,1)
[176]: (264.4059884801338,1)
[177]: (264.4680955387353,1)
[178]: (264.1730209701315,1)
[179]: (264.9723419895769,1)
[180]: (264.4608523329197,1)
[181]: (264.037642886298,1)
[182]: (264.2540752841899,1)
[183]: (264.2880821051318,1)
[184]: (265.5458665422035,1)
[185]: (264.8022682655209,1)
[186]: (264.0357599199508,1)
[187]: (264.9063243456343,1)
[188]: (264.6316338982145,1)
[189]: (265.5290819793969,1)
[190]: (265.5280086445545,1)
[191]: (264.3272282299477,1)
[192]: (264.1148364974624,1)
[193]: (264.1647293493984,1)
[194]: (264.0298737882756,1)
[195]: (264.5714367378091,1)
[196]: (264.0485843814825,1)
[197]: (264.2627793301341,1)
[198]: (264.041781041831,1)
[199]: (264.3692888480414,1)
[200]: (264.1197022673459,1)
[201]: (264.5424856157151,1)
[202]: (264.846288154573,1)
[203]: (265.4439647521987,1)
[204]: (265.7167087002981,1)
[205]: (264.0883718256067,1)
[206]: (264.2137512019726,1)
[207]: (271.1950955132169,1)
[208]: (264.6250184665311,1)
[209]: (264.6703788495682,1)
[210]: (264.0309218432469,1)
[211]: (264.3094544343963,1)
[212]: (264.0631520954799,1)
[213]: (264.3062847510754,1)
[214]: (264.1086736928333,1)
[215]: (264.0860803992676,1)
[216]: (266.2752637743681,1)
[217]: (264.4320339052482,1)
[218]: (264.6011957264309,1)
[219]: (264.2361027639441,1)
[220]: (265.0866683637715,1)
[221]: (264.9122586359019,1)
[222]: (264.4651172607985,1)
[223]: (264.4955525452006,1)
[224]: (264.6341970841586,1)
[225]: (264.0099612722161,1)
[226]: (264.1737232249624,1)
[227]: (264.6873699785233,1)
[228]: (264.2708350352547,1)
[229]: (264.451235478625,1)
[230]: (264.0451143154815,1)
[231]: (264.1290852950058,1)
[232]: (264.6554755495875,1)
[233]: (264.4442964989292,1)
[234]: (265.1940810869354,1)
[235]: (264.3626640675115,1)
[236]: (264.0575823556285,1)
[237]: (264.1345763785541,1)
[238]: (264.0601485093469,1)
[239]: (264.1588419774088,1)
[240]: (264.1340717155014,1)
[241]: (264.8187771018408,1)
[242]: (264.1584513878951,1)
[243]: (264.4554962574461,1)
[244]: (264.1112784652201,1)
[245]: (264.0321227827528,1)
[246]: (264.5359721637429,1)
[247]: (264.1473782341175,1)
[248]: (264.2721899908681,1)
[249]: (264.1151396975361,1)
[250]: (264.0818809742016,1)
[251]: (264.0581872037002,1)
[252]: (264.1275200301609,1)
[253]: (264.0898586393799,1)
[254]: (264.1155891582166,1)
[255]: (270.1106295096538,1)
[256]: (264.9992119757782,1)
[257]: (264.624010107046,1)
[258]: (264.3615560074653,1)
[259]: (264.2372802849744,1)
[260]: (264.2746288651593,1)
[261]: (264.4566259701461,1)
[262]: (264.0246990418048,1)
[263]: (264.1411202383729,1)
[264]: (264.96208878307,1)
[265]: (264.569881312932,1)
[266]: (264.4226558886767,1)
[267]: (264.1538583851651,1)
[268]: (264.0350256327344,1)
[269]: (264.5132805842264,1)
[270]: (264.3564565801437,1)
[271]: (264.7393132670169,1)
[272]: (264.238154766867,1)
[273]: (264.0750258516335,1)
[274]: (264.2471873284939,1)
[275]: (264.0886353729244,1)
[276]: (264.2123233711466,1)
[277]: (264.185229230012,1)
[278]: (264.01059291842,1)
[279]: (264.6305618134833,1)
[280]: (264.3905383390224,1)
[281]: (264.2975791399932,1)
[282]: (268.5233010367385,1)
[283]: (264.7624195645147,1)
[284]: (264.1563335320952,1)
[285]: (264.0310411984921,1)
[286]: (264.1416979920068,1)
[287]: (264.0355507546016,1)
[288]: (264.2503558686376,1)
[289]: (266.3906527995557,1)
[290]: (264.0913505180986,1)
[291]: (264.0140338734037,1)
[292]: (264.208849119471,1)
[293]: (264.4426541992202,1)
[294]: (264.1337442318725,1)
[295]: (264.1814068820074,1)
[296]: (264.2255993437781,1)
[297]: (264.4068565901479,1)
[298]: (264.0658967142207,1)
[299]: (264.4200050160393,1)
[300]: (264.0726532578532,1)
[301]: (264.0278656299995,1)
[302]: (265.3681974123688,1)
[303]: (264.3223729246737,1)
[304]: (264.0732521479355,1)
[305]: (264.0620308328069,1)
[306]: (264.0476436824655,1)
[307]: (264.5175727460696,1)
[308]: (264.0502140207742,1)
[309]: (264.0738452595798,1)
[310]: (264.1762125092692,1)
[311]: (264.3100407432049,1)
[312]: (264.4813259462801,1)
[313]: (264.7413759469475,1)
[314]: (264.2692678659967,1)
[315]: (264.0662137545987,1)
[316]: (264.2608216782183,1)
[317]: (264.3477220794965,1)
[318]: (264.0480714439753,1)
[319]: (264.2220566072758,1)
[320]: (264.4528626433696,1)
[321]: (265.480712746612,1)
[322]: (264.509606096738,1)
[323]: (264.0004246959891,1)
[324]: (264.0379620839505,1)
[325]: (264.0131499233167,1)
[326]: (264.3622916700165,1)
[327]: (264.471608171956,1)
[328]: (264.1357534347865,1)
[329]: (264.7176626889714,1)
[330]: (264.2530256971993,1)
[331]: (264.1066160521212,1)
[332]: (264.0229676006803,1)
[333]: (264.5877651543908,1)
[334]: (264.5183469070887,1)
[335]: (264.2878729693509,1)
[336]: (264.5076668606977,1)
[337]: (265.6058591586894,1)
[338]: (264.1139109386555,1)
[339]: (264.4155622349238,1)
[340]: (264.1125292343438,1)
[341]: (264.6760432093784,1)
[342]: (264.0902420747198,1)
[343]: (264.0201484106962,1)
[344]: (264.3591694757897,1)
[345]: (264.394409939974,1)
[346]: (264.0563849224647,1)
[347]: (265.3444318961543,1)
[348]: (264.0508229705749,1)
[349]: (264.5839171279364,1)
[350]: (264.6594533439985,1)
[351]: (265.0395913993939,1)
[352]: (264.0465038078061,1)
[353]: (264.6503703036811,1)
[354]: (264.2720081127632,1)
[355]: (264.0967634051715,1)
[356]: (264.0189381343308,1)
[357]: (264.9260349424127,1)
[358]: (264.0365948448772,1)
[359]: (264.0771098485399,1)
[360]: (264.8740657008374,1)
[361]: (264.1181097969069,1)
[362]: (264.8233478290599,1)
[363]: (264.8480145688144,1)
[364]: (264.3528421370087,1)
[365]: (264.1132182173705,1)
[366]: (265.3422397573774,1)
[367]: (264.2731170325204,1)
[368]: (264.1773041248098,1)
[369]: (264.3149250345655,1)
[370]: (264.3624319932809,1)
[371]: (264.0881362737816,1)
[372]: (264.720659012032,1)
[373]: (264.1350027749182,1)
[374]: (264.2636547014986,1)
[375]: (264.0830207599328,1)
[376]: (264.7516737949712,1)
[377]: (264.0929003172401,1)
[378]: (264.5709064189603,1)
[379]: (264.5154926365628,1)
[380]: (264.2733993074589,1)
[381]: (264.1009398293737,1)
[382]: (264.3562424930852,1)
[383]: (264.0488491900394,1)
[384]: (264.3279160202308,1)
[385]: (264.2551768118174,1)
[386]: (264.6235023456047,1)
[387]: (264.0307275678259,1)
[388]: (264.207056952569,1)
[389]: (266.0892058741763,1)
[390]: (264.0759799256629,1)
[391]: (264.0965162907378,1)
[392]: (264.2904227238751,1)
[393]: (264.0382175571806,1)
[394]: (264.165197718911,1)
[395]: (264.06852149728,1)
[396]: (264.5651745027028,1)
[397]: (264.7531412136613,1)
[398]: (264.4929498765429,1)
[399]: (264.0368702685477,1)
[400]: (264.0581019372742,1)
[401]: (264.2727924287793,1)
[402]: (264.0389181608871,1)
[403]: (265.0224371712824,1)
[404]: (264.9208289218206,1)
[405]: (264.6226901870272,1)
[406]: (264.1030246316074,1)
[407]: (264.8386250124515,1)
[408]: (264.0607069198375,1)
[409]: (264.561182919469,1)
[410]: (265.025189615012,1)
[411]: (264.1956431979733,1)
[412]: (264.3785138198271,1)
[413]: (264.2465836751382,1)
[414]: (264.0305060559568,1)
[415]: (264.2224992959015,1)
[416]: (264.8759181478605,1)
[417]: (264.0998582225369,1)
[418]: (264.5810411835699,1)
[419]: (264.4479703376463,1)
[420]: (264.2909196445743,1)
[421]: (264.2171079064354,1)
[422]: (264.0863568405116,1)
[423]: (264.2180273284722,1)
[424]: (264.7732053973987,1)
[425]: (264.8265273179272,1)
[426]: (264.0541240830349,1)
[427]: (264.076365895244,1)
[428]: (264.365495947921,1)
[429]: (264.0513429846338,1)
[430]: (264.4839624973997,1)
[431]: (265.7487412287409,1)
[432]: (264.1357677480277,1)
[433]: (264.3008843915181,1)
[434]: (264.1534050947665,1)
[435]: (264.7658934840628,1)
[436]: (265.154307901534,1)
[437]: (264.1725603010613,1)
[438]: (268.1489979694607,1)
[439]: (264.185112716146,1)
[440]: (264.2332234731409,1)
[441]: (264.4736730617909,1)
[442]: (264.4452512890788,1)
[443]: (264.6093179436946,1)
[444]: (264.3444591878583,1)
[445]: (264.0143603357562,1)
[446]: (264.5222198804631,1)
[447]: (266.1035362795283,1)
[448]: (264.0471187715527,1)
[449]: (264.3193308419487,1)
[450]: (265.537684257502,1)
[451]: (264.0356282700357,1)
[452]: (264.1721168267975,1)
[453]: (264.3140254596925,1)
[454]: (264.3006152069163,1)
[455]: (264.0315192218864,1)
[456]: (264.0461410210008,1)
[457]: (264.5959460814898,1)
[458]: (264.2423495572996,1)
[459]: (265.6099046458103,1)
[460]: (264.6045104595292,1)
[461]: (264.1091348860602,1)
[462]: (264.3205985242181,1)
[463]: (264.0759078607054,1)
[464]: (264.1681824152261,1)
[465]: (264.0548442451293,1)
[466]: (264.0238784718719,1)
[467]: (264.1897469705063,1)
[468]: (264.0176172790151,1)
[469]: (264.0358046683425,1)
[470]: (264.242800241154,1)
[471]: (264.6274260084664,1)
[472]: (264.4476869777658,1)
[473]: (264.0306574922739,1)
[474]: (264.0739597553824,1)
[475]: (264.1919460658298,1)
[476]: (264.0198846958702,1)
[477]: (264.0755407113286,1)
[478]: (264.2854282135593,1)
[479]: (267.4811706144538,1)
[480]: (264.7650242895719,1)
[481]: (264.27505578252,1)
[482]: (264.7279720619768,1)
[483]: (264.7530451291486,1)
[484]: (264.0713930608752,1)
[485]: (264.1857739784128,1)
[486]: (264.0520475567855,1)
[487]: (264.0165856563527,1)
[488]: (265.4759614277004,1)
[489]: (264.0840832757148,1)
[490]: (264.1557007299729,1)
[491]: (266.0795647471928,1)
[492]: (264.6397844871302,1)
[493]: (266.2120355691794,1)
[494]: (264.1586206980099,1)
[495]: (264.6965897346388,1)
[496]: (264.5784927152404,1)
[497]: (264.3850028525571,1)
[498]: (264.1543096706061,1)
[499]: (264.0892899431763,1)
[500]: (264.5228247712192,1)
[501]: (264.0123623300277,1)
[502]: (264.4246908384993,1)
[503]: (264.0208968234257,1)
[504]: (264.0660564007233,1)
[505]: (264.0848218715191,1)
[506]: (264.3228204629916,1)
[507]: (264.3329576107856,1)
[508]: (264.0384083412744,1)
[509]: (264.5032083074508,1)
[510]: (264.4432985377592,1)
[511]: (264.6603354285078,1)
[512]: (264.0053830878998,1)
[513]: (264.4292568686607,1)
[514]: (264.5767322154135,1)
[515]: (264.0079518414676,1)
[516]: (270.2637671193285,1)
[517]: (264.0596188624429,1)
[518]: (264.5162333801105,1)
[519]: (264.3213663173044,1)
[520]: (265.3052665444563,1)
[521]: (264.3634775314885,1)
[522]: (264.1183278055158,1)
[523]: (264.0043804368075,1)
[524]: (264.0264874000661,1)
[525]: (268.2602470029622,1)
[526]: (264.3663581632975,1)
[527]: (264.2407353738107,1)
[528]: (264.0074705477022,1)
[529]: (264.1503798958936,1)
[530]: (264.0289875173859,1)
[531]: (264.8577581128571,1)
[532]: (264.1546775255544,1)
[533]: (264.2192850334112,1)
[534]: (264.1457471912714,1)
[535]: (264.3994104166797,1)
[536]: (264.0023843679893,1)
[537]: (264.2325338125974,1)
[538]: (264.6220630482489,1)
[539]: (264.6380341222767,1)
[540]: (264.1768348715822,1)
[541]: (264.1002939379791,1)
[542]: (264.5841683692362,1)
[543]: (264.1755192940043,1)
[544]: (264.2929646256249,1)
[545]: (264.0475504280791,1)
[546]: (264.0939979182853,1)
[547]: (264.0676212108743,1)
[548]: (264.0168145364137,1)
[549]: (264.1662210041931,1)
[550]: (264.3637365040751,1)
[551]: (264.4727085406656,1)
[552]: (264.2022492863078,1)
[553]: (265.1127381586839,1)
[554]: (264.0665537117962,1)
[555]: (264.8474978604996,1)
[556]: (264.015199666053,1)
[557]: (264.3384456325291,1)
[558]: (264.0831249380931,1)
[559]: (264.4658029163767,1)
[560]: (264.3658588665851,1)
[561]: (264.1882549731288,1)
[562]: (264.4375143111163,1)
[563]: (264.0699035884348,1)
[564]: (264.6335999180869,1)
[565]: (264.7924679460199,1)
[566]: (264.1271607251703,1)
[567]: (264.0275082123977,1)
[568]: (264.7031287570632,1)
[569]: (264.3471722600199,1)
[570]: (264.6542232588234,1)
[571]: (264.287090989863,1)
[572]: (264.0949178155198,1)
[573]: (264.9876379711164,1)
[574]: (264.3564419751395,1)
[575]: (264.158564336975,1)
[576]: (264.122477278747,1)
[577]: (264.5249611667482,1)
[578]: (265.1278222371645,1)
[579]: (264.236173472381,1)
[580]: (264.0380636030235,1)
[581]: (264.2472525156703,1)
[582]: (264.0651219070778,1)
[583]: (264.497277180448,1)
[584]: (268.5487707191559,1)
[585]: (265.5797125285389,1)
[586]: (264.1599629725965,1)
[587]: (264.1020758019445,1)
[588]: (264.0076792682248,1)
[589]: (264.3875335820347,1)
[590]: (264.7675190856453,1)
[591]: (264.5880999091071,1)
[592]: (264.0060005693336,1)
[593]: (264.1359414396728,1)
[594]: (264.4044393429442,1)
[595]: (264.2236224922802,1)
[596]: (264.2313928849336,1)
[597]: (264.1754491492123,1)
[598]: (264.674010517243,1)
[599]: (264.236918776754,1)
[600]: (264.9590529277291,1)
[601]: (264.4376733513082,1)
[602]: (264.1838109655448,1)
[603]: (264.147302736994,1)
[604]: (264.0331388047702,1)
[605]: (264.1470285612382,1)
[606]: (264.4631293678893,1)
[607]: (264.4420700184685,1)
[608]: (264.0738551913129,1)
[609]: (264.2004786715125,1)
[610]: (264.1460819967447,1)
[611]: (264.3587489404428,1)
[612]: (264.6815608926224,1)
[613]: (264.3924731475863,1)
[614]: (264.928181907738,1)
[615]: (264.2350421500706,1)
[616]: (264.7822087292508,1)
[617]: (264.108913283597,1)
[618]: (264.1092820952558,1)
[619]: (264.0687106419394,1)
[620]: (264.138609021694,1)
[621]: (268.259511849827,1)
[622]: (264.218761591179,1)
[623]: (264.1924274961107,1)
[624]: (264.2081586056844,1)
[625]: (264.3924077619543,1)
[626]: (264.5740439642138,1)
[627]: (264.1117773917783,1)
[628]: (264.1834118096095,1)
[629]: (264.0209943628411,1)
[630]: (264.1364803996014,1)
[631]: (264.2172932604368,1)
[632]: (265.6180890112146,1)
[633]: (264.4974673470392,1)
[634]: (264.0815755380876,1)
[635]: (264.8979334340493,1)
[636]: (264.1461175382823,1)
[637]: (264.096724065195,1)
[638]: (264.3044741501589,1)
[639]: (264.1411990556898,1)
[640]: (264.1180317464514,1)
[641]: (264.0292219551044,1)
[642]: (264.8410740726213,1)
[643]: (264.2207504023451,1)
[644]: (264.2630580261723,1)
[645]: (264.0769873287089,1)
[646]: (264.744346241014,1)
[647]: (264.0275397790839,1)
[648]: (264.9042050250226,1)
[649]: (264.3232437454797,1)
[650]: (264.0388981340406,1)
[651]: (264.7135300429119,1)
[652]: (264.3060548591875,1)
[653]: (264.2946487629997,1)
[654]: (264.0825073111884,1)
[655]: (265.0945364553953,1)
[656]: (264.0654101200232,1)
[657]: (264.2944561148758,1)
[658]: (266.4698335091679,1)
[659]: (264.837557537381,1)
[660]: (264.1395833940355,1)
[661]: (264.7608840502694,1)
[662]: (264.0198651582046,1)
[663]: (264.4077839568685,1)
[664]: (264.1129492872375,1)
[665]: (264.2784349238638,1)
[666]: (265.16910457023,1)
[667]: (265.1664154707228,1)
[668]: (264.2106554733991,1)
[669]: (264.0896210292087,1)
[670]: (264.2892180391993,1)
[671]: (267.0516560775342,1)
[672]: (264.117485548056,1)
[673]: (264.2879975845405,1)
[674]: (264.6426262154405,1)
[675]: (264.1924899506307,1)
[676]: (264.1580078870146,1)
[677]: (264.0171837769253,1)
[678]: (266.3425802434278,1)
[679]: (264.3317844084,1)
[680]: (264.0031247994547,1)
[681]: (267.3226417216714,1)
[682]: (267.1327611186392,1)
[683]: (264.0523367874907,1)
[684]: (270.44332998939,1)
[685]: (264.0835427927942,1)
[686]: (264.6186503441139,1)
[687]: (264.3233718321282,1)
[688]: (264.5438697004389,1)
[689]: (265.4584492126054,1)
[690]: (264.5793917544114,1)
[691]: (264.2136023828942,1)
[692]: (264.224636628775,1)
[693]: (264.0285072645689,1)
[694]: (264.0953406158241,1)
[695]: (264.2908163235082,1)
[696]: (265.2075179985045,1)
[697]: (264.0406980259712,1)
[698]: (264.2889093114075,1)
[699]: (264.0154151221927,1)
[700]: (264.0938413348205,1)
[701]: (264.353092805575,1)
[702]: (264.6198578330239,1)
[703]: (264.5589450542638,1)
[704]: (271.1293200730832,1)
[705]: (264.2942155240908,1)
[706]: (264.4922985609002,1)
[707]: (264.0117446538707,1)
[708]: (264.1424444770977,1)
[709]: (264.3533099016311,1)
[710]: (264.2184693607367,1)
[711]: (264.0752460504769,1)
[712]: (264.1750816249233,1)
[713]: (265.4485287276221,1)
[714]: (264.3037848131549,1)
[715]: (264.3035818013385,1)
[716]: (264.1350143138049,1)
[717]: (264.1033876454318,1)
[718]: (265.6994060993982,1)
[719]: (264.0386347536004,1)
[720]: (264.4164648382625,1)
[721]: (264.2267220925372,1)
[722]: (264.2748734238215,1)
[723]: (264.0804685507359,1)
[724]: (264.0734104277226,1)
[725]: (265.6190838348297,1)
[726]: (264.2608386612511,1)
[727]: (264.5204204252432,1)
[728]: (264.3280699723181,1)
[729]: (264.4043946860174,1)
[730]: (264.2646872150783,1)
[731]: (264.0381694167624,1)
[732]: (264.5484246410273,1)
[733]: (264.1122726756424,1)
[734]: (264.7710708014898,1)
[735]: (264.3169003981322,1)
[736]: (266.3461141871629,1)
[737]: (264.3273021003487,1)
[738]: (265.08940370683,1)
[739]: (264.6385057037938,1)
[740]: (264.3768733105355,1)
[741]: (264.5144360568396,1)
[742]: (265.2920330079119,1)
[743]: (264.2017878536028,1)
[744]: (264.2144446067448,1)
[745]: (264.2632487281386,1)
[746]: (264.4901468282075,1)
[747]: (264.5186752855064,1)
[748]: (264.6108328205783,1)
[749]: (264.0810681278979,1)
[750]: (264.0106948011192,1)
[751]: (267.9007949622329,1)
[752]: (264.2751769058212,1)
[753]: (264.6055808040225,1)
[754]: (264.9873601743955,1)
[755]: (264.3390452260963,1)
[756]: (264.9089294057778,1)
[757]: (265.3046931077732,1)
[758]: (264.2288283666277,1)
[759]: (264.6412642727256,1)
[760]: (264.3101792804556,1)
[761]: (264.5466600896679,1)
[762]: (264.2507971492291,1)
[763]: (265.2525151576189,1)
[764]: (264.2041266524542,1)
[765]: (264.3936772053639,1)
[766]: (264.1896132871791,1)
[767]: (264.4305331472402,1)
[768]: (264.0080652352633,1)
[769]: (264.1948906826497,1)
[770]: (264.5395049046895,1)
[771]: (264.0402966508763,1)
[772]: (264.2985343776813,1)
[773]: (264.8091124700368,1)
[774]: (264.1138226290242,1)
[775]: (264.7923359617443,1)
[776]: (264.0811036346327,1)
[777]: (264.0715908599391,1)
[778]: (264.8479701685068,1)
[779]: (264.3674093276597,1)
[780]: (265.3972434168226,1)
[781]: (266.1038885268248,1)
[782]: (264.2050665583948,1)
[783]: (264.0481762078579,1)
[784]: (264.0886723452387,1)
[785]: (264.8063184454335,1)
[786]: (265.2556098794772,1)
[787]: (264.175454448056,1)
[788]: (266.2783771419143,1)
[789]: (264.6083158376199,1)
[790]: (264.0419797707951,1)
[791]: (264.0524618845237,1)
[792]: (264.207990848524,1)
[793]: (264.2693682289351,1)
[794]: (264.1426308919214,1)
[795]: (264.5891197090948,1)
[796]: (264.106148578703,1)
[797]: (264.0820492517539,1)
[798]: (264.2856007891889,1)
[799]: (264.1084867576021,1)
[800]: (264.0440505935638,1)
[801]: (265.2937842621517,1)
[802]: (264.2742187693694,1)
[803]: (265.1615490790276,1)
[804]: (264.0421276046852,1)
[805]: (267.2382437021147,1)
[806]: (264.1089792097416,1)
[807]: (264.0409891241465,1)
[808]: (264.496727998255,1)
[809]: (264.0783149515758,1)
[810]: (264.6503109025551,1)
[811]: (264.1480820741043,1)
[812]: (264.1614475336165,1)
[813]: (264.1052367941824,1)
[814]: (264.3355516006935,1)
[815]: (264.3277214771072,1)
[816]: (264.0581844216089,1)
[817]: (264.7873227629602,1)
[818]: (264.1671780529071,1)
[819]: (265.1379222907501,1)
[820]: (264.108062475321,1)
[821]: (264.1921054157027,1)
[822]: (264.1644148393215,1)
[823]: (264.1876554212026,1)
[824]: (264.265313943656,1)
[825]: (264.0273065556619,1)
[826]: (264.200171247787,1)
[827]: (264.3711655943126,1)
[828]: (265.6661827829291,1)
[829]: (264.8835653065374,1)
[830]: (264.0674098373608,1)
[831]: (264.6532823059879,1)
[832]: (264.3417867501894,1)
[833]: (264.5706674980349,1)
[834]: (264.4525994291077,1)
[835]: (264.1617801679951,1)
[836]: (265.3895218339853,1)
[837]: (264.0471232514756,1)
[838]: (264.3363904351801,1)
[839]: (264.0046907399408,1)
[840]: (264.4684152960275,1)
[841]: (264.2838075608557,1)
[842]: (264.1425638105396,1)
[843]: (264.471656103649,1)
[844]: (264.0201018263623,1)
[845]: (264.2682386491479,1)
[846]: (264.0825803043738,1)
[847]: (265.0725834243205,1)
[848]: (264.4541165183549,1)
[849]: (264.4840947078715,1)
[850]: (264.1405517336362,1)
[851]: (265.0489837042991,1)
[852]: (264.5686367237286,1)
[853]: (264.0495520531954,1)
[854]: (269.1343212406943,1)
[855]: (264.2792774548159,1)
[856]: (268.2726474098922,1)
[857]: (264.1351604855041,1)
[858]: (264.1084508146924,1)
[859]: (264.0450070328824,1)
[860]: (264.3824658444163,1)
[861]: (264.580011255127,1)
[862]: (264.6375771081686,1)
[863]: (264.0733431122766,1)
[864]: (264.0670333483503,1)
[865]: (264.1754723601122,1)
[866]: (264.085648816027,1)
[867]: (264.9533916860159,1)
[868]: (264.9166506032627,1)
[869]: (264.8523109779153,1)
[870]: (264.3550501546735,1)
[871]: (264.0128917372945,1)
[872]: (264.5342992663429,1)
[873]: (264.0872092765558,1)
[874]: (264.007416579042,1)
[875]: (264.3523342385298,1)
[876]: (265.3677731391824,1)
[877]: (264.0482124180486,1)
[878]: (264.7898632622623,1)
[879]: (265.2252429702557,1)
[880]: (264.7174572565799,1)
[881]: (264.5369056612668,1)
[882]: (264.3212370753199,1)
[883]: (264.1504032183757,1)
[884]: (264.6437527253867,1)
[885]: (264.353627580727,1)
[886]: (264.0903858974218,1)
[887]: (264.1689681417569,1)
[888]: (265.3496255801635,1)
[889]: (264.0011928431721,1)
[890]: (264.2532908805853,1)
[891]: (264.2430057032448,1)
[892]: (264.0769007337647,1)
[893]: (264.1722484135446,1)
[894]: (264.2842466102787,1)
[895]: (264.1336916264253,1)
[896]: (264.1937029712667,1)
[897]: (264.0605533627175,1)
[898]: (265.3967520865493,1)
[899]: (264.0608418438447,1)
[900]: (264.1699671017016,1)
[901]: (265.2696116579921,1)
[902]: (264.2863720095132,1)
[903]: (264.3017423150301,1)
[904]: (264.2004302238964,1)
[905]: (264.0060548034667,1)
[906]: (264.136342885642,1)
[907]: (264.2330219049952,1)
[908]: (264.1704660724429,1)
[909]: (265.2841583941646,1)
[910]: (264.3661555139751,1)
[911]: (265.0757525079547,1)
[912]: (264.5456472232001,1)
[913]: (264.0585003716675,1)
[914]: (264.3141579129049,1)
[915]: (264.437588210365,1)
[916]: (265.1959252838334,1)
[917]: (264.2992694616861,1)
[918]: (264.1580261305836,1)
[919]: (264.4844510882328,1)
[920]: (268.5731129995591,1)
[921]: (264.4021534965214,1)
[922]: (264.2735554522658,1)
[923]: (264.6566872127669,1)
[924]: (264.0041648297499,1)
[925]: (264.2173493357013,1)
[926]: (264.6824908391796,1)
[927]: (264.3257883324508,1)
[928]: (264.316224688467,1)
[929]: (264.1548593687816,1)
[930]: (264.008485567047,1)
[931]: (264.0098318250014,1)
[932]: (264.0827525331835,1)
[933]: (264.1175350196342,1)
[934]: (264.6187985618176,1)
[935]: (264.0312265399536,1)
[936]: (264.1212911936462,1)
[937]: (264.2359392237901,1)
[938]: (264.5002002322489,1)
[939]: (264.2723273620904,1)
[940]: (264.1678022263286,1)
[941]: (264.2713922454912,1)
[942]: (264.4928825898095,1)
[943]: (264.3074441785411,1)
[944]: (264.0157806597632,1)
[945]: (264.1060869329072,1)
[946]: (264.1854819709326,1)
[947]: (264.3634585844518,1)
[948]: (264.7912590873839,1)
[949]: (264.8439258317241,1)
[950]: (268.3041579457289,1)
[951]: (264.1027109064539,1)
[952]: (264.0224530187273,1)
[953]: (264.0819206870366,1)
[954]: (264.3597245843113,1)
[955]: (264.6119087308691,1)
[956]: (264.0603117118567,1)
[957]: (264.1099584588332,1)
[958]: (264.0182897367583,1)
[959]: (265.026303225995,1)
[960]: (264.3947205589726,1)
[961]: (264.4870599702767,1)
[962]: (264.0578306974649,1)
[963]: (264.3423091320809,1)
[964]: (264.3135479604655,1)
[965]: (264.3451457424653,1)
[966]: (264.2489203015224,1)
[967]: (264.548193583438,1)
[968]: (264.1733188591271,1)
[969]: (264.3148598012976,1)
[970]: (264.063989444456,1)
[971]: (264.0268829783399,1)
[972]: (265.1080770966759,1)
[973]: (264.0182806967575,1)
[974]: (264.2961852757641,1)
[975]: (264.3924047804702,1)
[976]: (265.2181259648399,1)
[977]: (264.2809415122017,1)
[978]: (264.022533558413,1)
[979]: (264.1338159909779,1)
[980]: (265.1117725918378,1)
[981]: (264.3012327482498,1)
[982]: (264.5193679503377,1)
[983]: (264.0695125645557,1)
[984]: (264.3952844874243,1)
[985]: (264.7273026861265,1)
[986]: (264.7333191183991,1)
[987]: (264.0108585245717,1)
[988]: (264.2309442487011,1)
[989]: (264.8673563644445,1)
[990]: (264.5038223103488,1)
[991]: (264.4626996601944,1)
[992]: (264.0387323424657,1)
[993]: (264.4456638606788,1)
[994]: (265.4263938639044,1)
[995]: (264.0429298854452,1)
[996]: (264.0575702655614,1)
[997]: (264.1117441139818,1)
[998]: (264.312674077235,1)
[999]: (264.2339889213467,1)
[1000]: (264.4178975934577,1)
[1001]: (264.3032930543957,1)
[1002]: (264.4662504350208,1)
[1003]: (264.2827364435332,1)
[1004]: (264.292430241228,1)
[1005]: (264.0209553503582,1)
[1006]: (264.0719301287197,1)
[1007]: (264.0861757696105,1)
[1008]: (264.2037935041686,1)
[1009]: (264.1341680857917,1)
[1010]: (264.289079745328,1)
[1011]: (264.1686797346723,1)
[1012]: (264.8286570436942,1)
[1013]: (264.5298844488064,1)
[1014]: (264.4627569996395,1)
[1015]: (264.3127145895257,1)
[1016]: (264.106257389824,1)
[1017]: (264.0812109271352,1)
[1018]: (264.096724457454,1)
[1019]: (264.2859531164848,1)
[1020]: (264.0507583294521,1)
[1021]: (264.4359820130457,1)
[1022]: (264.4991057960106,1)
[1023]: (264.2349297484992,1)
[1024]: (264.0586818866246,1)
[1025]: (264.417695899608,1)
[1026]: (264.0857270054695,1)
[1027]: (264.1394943120663,1)
[1028]: (264.4945110427155,1)
[1029]: (264.2840957886564,1)
[1030]: (264.3360520293484,1)
[1031]: (265.1944988164814,1)
[1032]: (264.0064049527836,1)
[1033]: (264.8941044698756,1)
[1034]: (264.1907885777581,1)
[1035]: (264.0315024412757,1)
[1036]: (264.2328748425279,1)
[1037]: (264.2896272534964,1)
[1038]: (264.545310716809,1)
[1039]: (264.6036904322654,1)
[1040]: (264.2438692176767,1)
[1041]: (264.6035238405645,1)
[1042]: (270.0804067157017,1)
[1043]: (264.8956712125017,1)
[1044]: (264.2821249605963,1)
[1045]: (264.4620399514799,1)
[1046]: (264.1558533169983,1)
[1047]: (264.7197051056283,1)
[1048]: (264.4909110023746,1)
[1049]: (264.757505604491,1)
[1050]: (264.5051986441587,1)
[1051]: (264.0922721043018,1)
[1052]: (264.0440760134837,1)
[1053]: (264.2696666572622,1)
[1054]: (264.4180243471067,1)
[1055]: (264.1723161658462,1)
[1056]: (264.6956672145184,1)
[1057]: (264.190115866292,1)
[1058]: (264.0387565392334,1)
[1059]: (264.3989789101217,1)
[1060]: (264.4607637551018,1)
[1061]: (264.5061845665767,1)
[1062]: (264.0293463262579,1)
[1063]: (264.0479242771218,1)
[1064]: (264.2497410581601,1)
[1065]: (264.0373465114553,1)
[1066]: (264.0407342182501,1)
[1067]: (264.1034653004161,1)
[1068]: (265.5101531661592,1)
[1069]: (265.2530406321787,1)
[1070]: (264.198973945975,1)
[1071]: (264.1108459369949,1)
[1072]: (264.0764366866503,1)
[1073]: (264.1179870045968,1)
[1074]: (264.378060091644,1)
[1075]: (264.1184373216438,1)
[1076]: (264.0787750417853,1)
[1077]: (267.3115577865713,1)
[1078]: (264.6112633115477,1)
[1079]: (264.3274187702493,1)
[1080]: (264.6446550304051,1)
[1081]: (264.0483754899121,1)
[1082]: (264.2127447879261,1)
[1083]: (264.4414908424397,1)
[1084]: (265.0736408287221,1)
[1085]: (264.4425185684696,1)
[1086]: (264.4793152274113,1)
[1087]: (265.9002307480694,1)
[1088]: (264.4846951322212,1)
[1089]: (264.2863799007305,1)
[1090]: (265.0937992683971,1)
[1091]: (264.0335395469248,1)
[1092]: (264.3300835771579,1)
[1093]: (264.0368643555184,1)
[1094]: (264.0468477736687,1)
[1095]: (264.3778692207596,1)
[1096]: (264.299144694728,1)
[1097]: (264.3441402181817,1)
[1098]: (264.0735261471245,1)
[1099]: (264.5303243391262,1)
[1100]: (267.1805308505072,1)
[1101]: (264.101726972489,1)
[1102]: (264.1116627039606,1)
[1103]: (264.0946915362689,1)
[1104]: (264.6233151411964,1)
[1105]: (264.2293859039145,1)
[1106]: (264.6590341676358,1)
[1107]: (264.0409049536609,1)
[1108]: (266.2456319763288,1)
[1109]: (264.7446149562314,1)
[1110]: (264.2621936018161,1)
[1111]: (265.0667602755985,1)
[1112]: (264.6215624323113,1)
[1113]: (264.3041998918815,1)
[1114]: (264.1708536758718,1)
[1115]: (264.1586771596942,1)
[1116]: (265.0829397061327,1)
[1117]: (264.5104559592342,1)
[1118]: (264.3415302059168,1)
[1119]: (264.2469644790398,1)
[1120]: (264.125017438814,1)
[1121]: (264.6945360860922,1)
[1122]: (264.4018311294512,1)
[1123]: (264.1104096992682,1)
[1124]: (264.2703041918379,1)
[1125]: (264.0607883818201,1)
[1126]: (264.1441105242247,1)
[1127]: (264.0022741871751,1)
[1128]: (264.0683547291746,1)
[1129]: (264.4156316802164,1)
[1130]: (264.1318238272168,1)
[1131]: (264.5364375600602,1)
[1132]: (264.0597747330342,1)
[1133]: (264.8178756233632,1)
[1134]: (264.3940821769938,1)
[1135]: (264.0235849498811,1)
[1136]: (264.3477672664958,1)
[1137]: (264.3327302364341,1)
[1138]: (265.2873701178863,1)
[1139]: (264.0958755303416,1)
[1140]: (264.6979621933323,1)
[1141]: (264.3782726915595,1)
[1142]: (264.0492379681592,1)
[1143]: (264.1000432263514,1)
[1144]: (264.6539519961042,1)
[1145]: (264.2514411031458,1)
[1146]: (264.8493894043163,1)
[1147]: (264.5148656745256,1)
[1148]: (264.2620224809418,1)
[1149]: (264.1610418004925,1)
[1150]: (264.368604189271,1)
[1151]: (264.1580340083104,1)
[1152]: (264.0863832578959,1)
[1153]: (264.103276873267,1)
[1154]: (264.0562963334983,1)
[1155]: (264.3038588892264,1)
[1156]: (264.0801209321948,1)
[1157]: (264.7164018155041,1)
[1158]: (264.7541616165647,1)
[1159]: (264.7003672082969,1)
[1160]: (269.4048124114328,1)
[1161]: (264.2514527829871,1)
[1162]: (264.105455306014,1)
[1163]: (264.7679061678868,1)
[1164]: (264.4341748621937,1)
[1165]: (264.8670855872659,1)
[1166]: (264.6272096933688,1)
[1167]: (264.3527010682491,1)
[1168]: (264.4832236708644,1)
[1169]: (264.6271983846401,1)
[1170]: (264.1274895569658,1)
[1171]: (264.2616913888414,1)
[1172]: (264.0914329910262,1)
[1173]: (264.7214672559409,1)
[1174]: (264.1166051909013,1)
[1175]: (264.2366586330243,1)
[1176]: (264.3624451291102,1)
[1177]: (264.1755628049066,1)
[1178]: (264.2639068068634,1)
[1179]: (264.260080906699,1)
[1180]: (264.4882687526581,1)
[1181]: (264.1985496232624,1)
[1182]: (264.0220233289521,1)
[1183]: (264.2934175917175,1)
[1184]: (264.1937788391486,1)
[1185]: (264.0575875522975,1)
[1186]: (264.4369996701406,1)
[1187]: (264.0954317322084,1)
[1188]: (264.097290169855,1)
[1189]: (264.0439952955842,1)
[1190]: (264.083563507178,1)
[1191]: (264.6308115312406,1)
[1192]: (264.0125076840643,1)
[1193]: (264.0264240190256,1)
[1194]: (264.2140576904279,1)
[1195]: (264.7251049518786,1)
[1196]: (264.0673327524095,1)
[1197]: (264.2927122126471,1)
[1198]: (264.4361236456694,1)
[1199]: (264.0919179362157,1)
[1200]: (264.0912022744408,1)
[1201]: (264.711538768196,1)
[1202]: (264.3796100801,1)
[1203]: (264.2054630971883,1)
[1204]: (267.3993706602121,1)
[1205]: (264.0000844665076,1)
[1206]: (264.1941639342427,1)
[1207]: (264.0299359193232,1)
[1208]: (264.9639367407429,1)
[1209]: (264.305156216289,1)
[1210]: (264.5250449001066,1)
[1211]: (264.120133717392,1)
[1212]: (264.3436740346569,1)
[1213]: (264.1828959084813,1)
[1214]: (264.3493976741946,1)
[1215]: (265.858421275194,1)
[1216]: (264.0107983802292,1)
[1217]: (264.1092066997226,1)
[1218]: (264.015225181503,1)
[1219]: (264.4440386249784,1)
[1220]: (264.577991223792,1)
[1221]: (264.6304079070038,1)
[1222]: (264.6120077029858,1)
[1223]: (264.106466155517,1)
[1224]: (264.1839962723487,1)
[1225]: (264.6016659156779,1)
[1226]: (264.7689645826388,1)
[1227]: (264.3653586576312,1)
[1228]: (265.3558640245072,1)
[1229]: (264.5754866652078,1)
[1230]: (264.2560384734903,1)
[1231]: (266.057253062907,1)
[1232]: (264.7410896174083,1)
[1233]: (264.414880760486,1)
[1234]: (264.398090772385,1)
[1235]: (264.1569621363004,1)
[1236]: (264.3085331529271,1)
[1237]: (264.0108024188319,1)
[1238]: (264.1034840236456,1)
[1239]: (264.1651811556737,1)
[1240]: (264.0691863236684,1)
[1241]: (264.1619673373147,1)
[1242]: (264.326182992568,1)
[1243]: (265.8462052628673,1)
[1244]: (264.024308112508,1)
[1245]: (264.0256680451782,1)
[1246]: (264.1519224158342,1)
[1247]: (264.2744692213867,1)
[1248]: (264.581523522682,1)
[1249]: (264.0749922717142,1)
[1250]: (264.2624206535918,1)
[1251]: (264.1687441848661,1)
[1252]: (264.3326010738801,1)
[1253]: (264.1060543223628,1)
[1254]: (264.2368597560903,1)
[1255]: (264.512839925268,1)
[1256]: (264.05939286879,1)
[1257]: (264.6335043590979,1)
[1258]: (264.5931674294114,1)
[1259]: (264.5522123805497,1)
[1260]: (264.7322007809257,1)
[1261]: (264.2023280631182,1)
[1262]: (264.0177965216543,1)
[1263]: (264.0852123019592,1)
[1264]: (264.2561309203071,1)
[1265]: (264.4204418196731,1)
[1266]: (264.4470405672236,1)
[1267]: (264.1667778555625,1)
[1268]: (264.0381678742647,1)
[1269]: (264.3150859021306,1)
[1270]: (264.1949954478179,1)
[1271]: (264.4196317503119,1)
[1272]: (264.0558061404192,1)
[1273]: (265.0264020267073,1)
[1274]: (264.1538876904368,1)
[1275]: (264.4289936616082,1)
[1276]: (264.1017995487611,1)
[1277]: (264.2494107085829,1)
[1278]: (264.0421750545163,1)
[1279]: (264.2417328218828,1)
[1280]: (264.0352787345515,1)
[1281]: (264.0107834262705,1)
[1282]: (264.2687369903072,1)
[1283]: (264.1672688602198,1)
[1284]: (264.1424509508221,1)
[1285]: (264.6731017535312,1)
[1286]: (264.1151897617534,1)
[1287]: (264.3864589692206,1)
[1288]: (264.9427676398228,1)
[1289]: (265.3324395153402,1)
[1290]: (264.5058894075828,1)
[1291]: (264.9080315277507,1)
[1292]: (264.4735330029813,1)
[1293]: (264.53006020306,1)
[1294]: (264.2688714177336,1)
[1295]: (264.1076147327797,1)
[1296]: (264.1226215535019,1)
[1297]: (264.2753952406405,1)
[1298]: (264.0769727629696,1)
[1299]: (264.1819906918626,1)
[1300]: (264.7621622327725,1)
[1301]: (264.3962050039931,1)
[1302]: (264.341426995084,1)
[1303]: (264.498166807412,1)
[1304]: (264.3445171681064,1)
[1305]: (264.0721467015204,1)
[1306]: (264.0222996864152,1)
[1307]: (264.0810213565558,1)
[1308]: (264.2165438311691,1)
[1309]: (264.2600391389901,1)
[1310]: (264.8262552935577,1)
[1311]: (264.1867818848411,1)
[1312]: (265.0997557882831,1)
[1313]: (264.2702100591683,1)
[1314]: (264.2160202576058,1)
[1315]: (264.069785664479,1)
[1316]: (264.097945997119,1)
[1317]: (264.0063365340429,1)
[1318]: (264.2758914980578,1)
[1319]: (264.0960934460283,1)
[1320]: (264.2677122506016,1)
[1321]: (264.4818896850379,1)
[1322]: (264.0400444440213,1)
[1323]: (264.1707775296316,1)
[1324]: (264.5873871551836,1)
[1325]: (264.2992317906913,1)
[1326]: (264.3002151341248,1)
[1327]: (264.497440817712,1)
[1328]: (264.2230514557833,1)
[1329]: (265.2772577552629,1)
[1330]: (264.521993429218,1)
[1331]: (264.702315171394,1)
[1332]: (264.1472623671938,1)
[1333]: (265.2685425121812,1)
[1334]: (264.2515092382438,1)
[1335]: (264.9727508499662,1)
[1336]: (264.2555326077359,1)
[1337]: (264.069973253597,1)
[1338]: (264.5660513262889,1)
[1339]: (264.0083369167744,1)
[1340]: (264.0541060253298,1)
[1341]: (264.1426758746123,1)
[1342]: (264.0289694940795,1)
[1343]: (264.1209311364788,1)
[1344]: (264.6187651766532,1)
[1345]: (264.0506742939333,1)
[1346]: (264.0320392650008,1)
[1347]: (264.5999575945677,1)
[1348]: (264.20909410527,1)
[1349]: (264.1193429945476,1)
[1350]: (264.1223665069292,1)
[1351]: (264.1305866295193,1)
[1352]: (264.4277566452329,1)
[1353]: (264.832483386174,1)
[1354]: (264.0392894333641,1)
[1355]: (264.3814503079445,1)
[1356]: (264.1812088766162,1)
[1357]: (264.0333647796073,1)
[1358]: (264.6871788357766,1)
[1359]: (264.3534057745835,1)
[1360]: (265.3799337659406,1)
[1361]: (264.2117720029214,1)
[1362]: (264.0116398814018,1)
[1363]: (264.2148626442696,1)
[1364]: (264.0210644745834,1)
[1365]: (265.1843400672481,1)
[1366]: (264.0766406772719,1)
[1367]: (264.3205241302015,1)
[1368]: (264.5024934870402,1)
[1369]: (264.2562531350455,1)
[1370]: (264.2599090201887,1)
[1371]: (264.7983141549846,1)
[1372]: (264.5100155540255,1)
[1373]: (264.0753730457635,1)
[1374]: (264.722223401465,1)
[1375]: (266.605464652251,1)
[1376]: (264.1657442890261,1)
[1377]: (264.4048938942906,1)
[1378]: (264.2491260386882,1)
[1379]: (265.3201531275413,1)
[1380]: (264.0297881370341,1)
[1381]: (264.0942490713635,1)
[1382]: (264.1475578570897,1)
[1383]: (264.1415740081415,1)
[1384]: (264.0995854708704,1)
[1385]: (264.0869532912938,1)
[1386]: (264.108502930743,1)
[1387]: (264.4247268165395,1)
[1388]: (264.7385549501048,1)
[1389]: (264.1268499852019,1)
[1390]: (264.278436687481,1)
[1391]: (264.1512827633265,1)
[1392]: (264.1541136882952,1)
[1393]: (264.182254902113,1)
[1394]: (264.0279915988825,1)
[1395]: (264.0566043502245,1)
[1396]: (264.8522073359918,1)
[1397]: (264.1213971947247,1)
[1398]: (264.2592913850137,1)
[1399]: (264.1730152306703,1)
[1400]: (264.3606875657978,1)
[1401]: (264.0844827114832,1)
[1402]: (264.0038570353288,1)
[1403]: (264.5148229338076,1)
[1404]: (264.4100592331697,1)
[1405]: (264.2368711268738,1)
[1406]: (264.03900987373,1)
[1407]: (268.4322764673565,1)
[1408]: (264.8832387951494,1)
[1409]: (264.1115514085553,1)
[1410]: (264.3026486950239,1)
[1411]: (264.364301239662,1)
[1412]: (264.3094878144984,1)
[1413]: (264.1023444953831,1)
[1414]: (264.0870191641626,1)
[1415]: (264.3297103349254,1)
[1416]: (264.1181226369947,1)
[1417]: (264.0071851804105,1)
[1418]: (264.3437845932725,1)
[1419]: (264.0478783400348,1)
[1420]: (264.5026987956759,1)
[1421]: (264.3969733475764,1)
[1422]: (264.5753693746696,1)
[1423]: (264.0265952053381,1)
[1424]: (264.0763155922068,1)
[1425]: (264.8306691030414,1)
[1426]: (264.2396695736438,1)
[1427]: (264.0764807515004,1)
[1428]: (264.0455811334611,1)
[1429]: (264.1116149245028,1)
[1430]: (264.0496239179359,1)
[1431]: (264.0365468796732,1)
[1432]: (264.0523552065748,1)
[1433]: (264.37418859127,1)
[1434]: (264.1944070739734,1)
[1435]: (264.6378615813364,1)
[1436]: (264.1318043580509,1)
[1437]: (264.6330948868449,1)
[1438]: (264.2516752007985,1)
[1439]: (264.2636142367816,1)
[1440]: (264.1624307330847,1)
[1441]: (264.0334918885994,1)
[1442]: (264.0002266148124,1)
[1443]: (265.9984617142818,1)
[1444]: (264.0728642050207,1)
[1445]: (264.7752394383933,1)
[1446]: (264.3004712404124,1)
[1447]: (264.1151899376829,1)
[1448]: (264.1759103817311,1)
[1449]: (264.1349640913218,1)
[1450]: (264.4887741939173,1)
[1451]: (264.1315523420242,1)
[1452]: (265.084959256076,1)
[1453]: (264.1914996470904,1)
[1454]: (264.2664333956321,1)
[1455]: (264.121468622358,1)
[1456]: (264.4151207435866,1)
[1457]: (264.0470810686134,1)
[1458]: (264.6444609467903,1)
[1459]: (264.8170328891151,1)
[1460]: (267.852970456603,1)
[1461]: (264.6163986962751,1)
[1462]: (264.0306106328916,1)
[1463]: (264.5678998487216,1)
[1464]: (264.8164745016585,1)
[1465]: (264.8243071335752,1)
[1466]: (264.1440761986811,1)
[1467]: (265.2536478877602,1)
[1468]: (264.332570901308,1)
[1469]: (264.4830858163768,1)
[1470]: (264.2371039653099,1)
[1471]: (264.8358581605792,1)
[1472]: (264.1434941810926,1)
[1473]: (264.1659268183523,1)
[1474]: (264.1139856122254,1)
[1475]: (264.3182777151614,1)
[1476]: (264.1697144965218,1)
[1477]: (264.0139403995163,1)
[1478]: (264.108701318939,1)
[1479]: (264.0035331944483,1)
[1480]: (264.1505170613732,1)
[1481]: (264.314302639842,1)
[1482]: (264.1561478702044,1)
[1483]: (264.3103718808583,1)
[1484]: (265.1364613309752,1)
[1485]: (264.3785166803486,1)
[1486]: (264.4431028770983,1)
[1487]: (264.089423028219,1)
[1488]: (264.055621606937,1)
[1489]: (265.2645682557007,1)
[1490]: (264.3231066467514,1)
[1491]: (264.0283843036851,1)
[1492]: (264.0557875867809,1)
[1493]: (264.4642255507785,1)
[1494]: (264.1211785719361,1)
[1495]: (264.1162719834592,1)
[1496]: (264.3626053909277,1)
[1497]: (264.0176297721078,1)
[1498]: (264.1610115489914,1)
[1499]: (264.5889223256014,1)
[1500]: (264.1092374800112,1)
[1501]: (265.8096891335555,1)
[1502]: (264.9261491368702,1)
[1503]: (264.5741325148201,1)
[1504]: (264.0284951098232,1)
[1505]: (267.5616189914591,1)
[1506]: (264.2789301229059,1)
[1507]: (265.8018294755742,1)
[1508]: (265.7178005713209,1)
[1509]: (264.7806255011798,1)
[1510]: (266.529174227737,1)
[1511]: (265.2144297167016,1)
[1512]: (264.0156978502554,1)
[1513]: (264.4069649973695,1)
[1514]: (264.1077849816213,1)
[1515]: (264.5067435348207,1)
[1516]: (265.0160264088231,1)
[1517]: (264.0218032024184,1)
[1518]: (264.2213998171077,1)
[1519]: (264.404209622533,1)
[1520]: (264.2794460708187,1)
[1521]: (264.0027936668294,1)
[1522]: (264.194221804644,1)
[1523]: (264.231690434973,1)
[1524]: (264.5095616746303,1)
[1525]: (264.4267750511971,1)
[1526]: (264.2590137686957,1)
[1527]: (264.1376109035266,1)
[1528]: (264.3837136539213,1)
[1529]: (264.2158501355141,1)
[1530]: (264.1677914716252,1)
[1531]: (265.1458927140344,1)
[1532]: (264.4777610586066,1)
[1533]: (264.3375643593259,1)
[1534]: (264.0489150395472,1)
[1535]: (264.088142740193,1)
[1536]: (264.1019691695627,1)
[1537]: (264.1784643334819,1)
[1538]: (264.0078581157141,1)
[1539]: (264.2591101735193,1)
[1540]: (264.1631617476315,1)
[1541]: (264.3995590915489,1)
[1542]: (264.2152316333292,1)
[1543]: (264.6399798336875,1)
[1544]: (264.3652930169899,1)
[1545]: (264.1993976122524,1)
[1546]: (264.2237752909816,1)
[1547]: (264.0179172485904,1)
[1548]: (264.0957413017428,1)
[1549]: (268.4247864432833,1)
[1550]: (264.1171383336757,1)
[1551]: (268.0478707510841,1)
[1552]: (264.0389608480697,1)
[1553]: (264.5330897547879,1)
[1554]: (264.2771150785391,1)
[1555]: (264.1712508136131,1)
[1556]: (264.4734572749206,1)
[1557]: (265.0180578432742,1)
[1558]: (264.3958083876464,1)
[1559]: (264.0292756684148,1)
[1560]: (264.1728041288497,1)
[1561]: (264.1565712240877,1)
[1562]: (264.9474146119277,1)
[1563]: (264.4234207053551,1)
[1564]: (264.300895894258,1)
[1565]: (264.1222871263802,1)
[1566]: (264.1531650383648,1)
[1567]: (264.3113642839962,1)
[1568]: (264.0166004660335,1)
[1569]: (264.0662056254298,1)
[1570]: (265.666354550791,1)
[1571]: (264.8279194647275,1)
[1572]: (264.0505805250335,1)
[1573]: (264.0018765435555,1)
[1574]: (264.1494966205626,1)
[1575]: (264.5905885459788,1)
[1576]: (264.7001219298908,1)
[1577]: (264.4339590992476,1)
[1578]: (264.1099256546559,1)
[1579]: (264.4976858140776,1)
[1580]: (264.2073475632195,1)
[1581]: (264.0034424067853,1)
[1582]: (264.0543284140164,1)
[1583]: (264.2258974075266,1)
[1584]: (264.7742761315246,1)
[1585]: (264.3084029383832,1)
[1586]: (264.1934523536459,1)
[1587]: (267.3900542940494,1)
[1588]: (264.413638300484,1)
[1589]: (265.4109360088659,1)
[1590]: (264.3092915426524,1)
[1591]: (264.1225501894163,1)
[1592]: (264.2047833744343,1)
[1593]: (264.245127927278,1)
[1594]: (264.3555111914171,1)
[1595]: (264.6470373482377,1)
[1596]: (264.8159612787059,1)
[1597]: (264.2929925480461,1)
[1598]: (264.0089963681557,1)
[1599]: (264.1563122402776,1)
[1600]: (264.4428354359682,1)
[1601]: (264.2068927539291,1)
[1602]: (264.5526586282479,1)
[1603]: (265.1621268599721,1)
[1604]: (264.5859660245721,1)
[1605]: (264.0048365685715,1)
[1606]: (264.4756266774052,1)
[1607]: (265.0825221841853,1)
[1608]: (264.4111128076362,1)
[1609]: (264.266440438459,1)
[1610]: (264.4580629332539,1)
[1611]: (264.0202047932424,1)
[1612]: (264.0383384557103,1)
[1613]: (264.3102133896555,1)
[1614]: (264.234897474301,1)
[1615]: (264.2191400645867,1)
[1616]: (264.0133823916825,1)
[1617]: (264.1368944303537,1)
[1618]: (264.4047017524949,1)
[1619]: (264.1045514049023,1)
[1620]: (264.135252390047,1)
[1621]: (264.3505002146565,1)
[1622]: (265.1474246460908,1)
[1623]: (264.1848877302612,1)
[1624]: (264.2117563022375,1)
[1625]: (264.3717700313218,1)
[1626]: (265.9941255262864,1)
[1627]: (267.1614374230696,1)
[1628]: (264.2855420879251,1)
[1629]: (264.8436991785034,1)
[1630]: (264.135123804652,1)
[1631]: (264.1753553475739,1)
[1632]: (264.0369943184638,1)
[1633]: (264.0396489657697,1)
[1634]: (264.3623025050877,1)
[1635]: (264.3272467355643,1)
[1636]: (264.4516115825561,1)
[1637]: (264.713328235194,1)
[1638]: (264.0277321593757,1)
[1639]: (264.009437698648,1)
[1640]: (266.3136310015825,1)
[1641]: (264.1077833940729,1)
[1642]: (264.0191836784791,1)
[1643]: (264.1047282219735,1)
[1644]: (264.1436890908579,1)
[1645]: (264.0149987467878,1)
[1646]: (264.047999314693,1)
[1647]: (264.3333773391392,1)
[1648]: (264.8361718319105,1)
[1649]: (264.1099357143848,1)
[1650]: (266.1771031772836,1)
[1651]: (264.0508087325298,1)
[1652]: (264.3613518407951,1)
[1653]: (264.267487630059,1)
[1654]: (264.0273046209886,1)
[1655]: (266.7136038765304,1)
[1656]: (264.2348993772491,1)
[1657]: (264.7288252496911,1)
[1658]: (264.1286092399645,1)
[1659]: (264.2850991642197,1)
[1660]: (264.0496373106736,1)
[1661]: (264.67310703692,1)
[1662]: (264.1574701031586,1)
[1663]: (264.1706193272381,1)
[1664]: (264.0441502226683,1)
[1665]: (264.2698121290308,1)
[1666]: (264.0419190069325,1)
[1667]: (264.6768249555771,1)
[1668]: (265.6599777623574,1)
[1669]: (264.3442687204038,1)
[1670]: (264.2040164372733,1)
[1671]: (264.012770088428,1)
[1672]: (264.2896088577461,1)
[1673]: (264.1513937318964,1)
[1674]: (264.1869797750693,1)
[1675]: (264.0203916897689,1)
[1676]: (264.0208444816618,1)
[1677]: (264.4890933993362,1)
[1678]: (264.7789819392495,1)
[1679]: (265.5024011625934,1)
[1680]: (264.0997175231122,1)
[1681]: (264.1634608839011,1)
[1682]: (264.3546793903283,1)
[1683]: (264.3337895653921,1)
[1684]: (265.2764327127917,1)
[1685]: (268.3393372018051,1)
[1686]: (264.3194132939828,1)
[1687]: (264.2292497082051,1)
[1688]: (264.2356101366264,1)
[1689]: (264.0292648472211,1)
[1690]: (264.239636844275,1)
[1691]: (264.1924005204646,1)
[1692]: (264.1782575594953,1)
[1693]: (265.3577299600663,1)
[1694]: (264.3226691330191,1)
[1695]: (265.9027649063507,1)
[1696]: (264.3408942261487,1)
[1697]: (264.0843789751009,1)
[1698]: (264.0049764175258,1)
[1699]: (264.0809701165495,1)
[1700]: (264.1768162687308,1)
[1701]: (264.1890056263363,1)
[1702]: (264.1181289049853,1)
[1703]: (264.0574354707451,1)
[1704]: (264.2621098297565,1)
[1705]: (264.0309604728698,1)
[1706]: (264.0624527595326,1)
[1707]: (264.5532823034139,1)
[1708]: (264.9689571759477,1)
[1709]: (264.318071016369,1)
[1710]: (264.477253012673,1)
[1711]: (264.2804351611513,1)
[1712]: (264.3378300146966,1)
[1713]: (264.346154632818,1)
[1714]: (264.1371900602983,1)
[1715]: (264.0029957640966,1)
[1716]: (264.0382437643645,1)
[1717]: (264.452894066778,1)
[1718]: (264.0664522000551,1)
[1719]: (264.3980049289484,1)
[1720]: (264.3908261290837,1)
[1721]: (264.1630734610528,1)
[1722]: (264.0639745227521,1)
[1723]: (264.0119936823669,1)
[1724]: (264.0688122273751,1)
[1725]: (264.0239201811694,1)
[1726]: (264.2479578481204,1)
[1727]: (264.0275523112978,1)
[1728]: (264.6990597089357,1)
[1729]: (264.6746425234263,1)
[1730]: (264.1348548573912,1)
[1731]: (264.3882103163653,1)
[1732]: (264.0487598539721,1)
[1733]: (264.3988677850745,1)
[1734]: (264.15582066819,1)
[1735]: (264.0448240824021,1)
[1736]: (264.0843200680428,1)
[1737]: (264.1069905968367,1)
[1738]: (264.3721881837906,1)
[1739]: (264.2777052985224,1)
[1740]: (264.5202096591944,1)
[1741]: (264.1659447770244,1)
[1742]: (264.4476190540192,1)
[1743]: (264.3853056992511,1)
[1744]: (264.5514133927634,1)
[1745]: (264.195723564837,1)
[1746]: (264.0920055641783,1)
[1747]: (264.412680537444,1)
[1748]: (264.3845367686736,1)
[1749]: (268.1603323999126,1)
[1750]: (264.6330391109746,1)
[1751]: (264.1382983643387,1)
[1752]: (264.3041137820279,1)
[1753]: (264.2222488536795,1)
[1754]: (264.3875842590916,1)
[1755]: (264.4749452817447,1)
[1756]: (264.3964441360711,1)
[1757]: (264.0094945966418,1)
[1758]: (264.1764262400059,1)
[1759]: (264.3301318401419,1)
[1760]: (265.4781791427594,1)
[1761]: (264.2749640397006,1)
[1762]: (264.0133316324698,1)
[1763]: (264.1716308683309,1)
[1764]: (268.0006245598861,1)
[1765]: (264.5375480930575,1)
[1766]: (264.180558959445,1)
[1767]: (264.0951915443482,1)
[1768]: (264.0974801569408,1)
[1769]: (264.2968326529112,1)
[1770]: (264.6657947034096,1)
[1771]: (264.207716392268,1)
[1772]: (264.3024155345705,1)
[1773]: (264.9791975716657,1)
[1774]: (264.0422258370745,1)
[1775]: (264.2953116969287,1)
[1776]: (264.4311304888324,1)
[1777]: (264.0867169245849,1)
[1778]: (264.1284191111479,1)
[1779]: (264.4981318753933,1)
[1780]: (264.7034241895561,1)
[1781]: (264.2892817685113,1)
[1782]: (264.3269218475203,1)
[1783]: (264.3542160770876,1)
[1784]: (264.5683706342954,1)
[1785]: (264.6849410509029,1)
[1786]: (265.0986345741656,1)
[1787]: (264.0652691155419,1)
[1788]: (264.4009907781494,1)
[1789]: (264.18503446932,1)
[1790]: (264.0308013084181,1)
[1791]: (264.5777323400332,1)
[1792]: (266.483657199984,1)
[1793]: (264.086492002436,1)
[1794]: (264.0129442071482,1)
[1795]: (264.4112671056754,1)
[1796]: (264.5066776066735,1)
[1797]: (264.2329694631104,1)
[1798]: (264.2101476749934,1)
[1799]: (264.4669470394235,1)
[1800]: (264.2487029145205,1)
[1801]: (264.534835941054,1)
[1802]: (264.2323262546972,1)
[1803]: (264.1594828822644,1)
[1804]: (264.2776012628885,1)
[1805]: (264.4958483457713,1)
[1806]: (264.2753677623437,1)
[1807]: (264.8786681306188,1)
[1808]: (264.1440034788585,1)
[1809]: (264.0546064574435,1)
[1810]: (264.1602426684415,1)
[1811]: (264.2344230542039,1)
[1812]: (264.1378994347876,1)
[1813]: (264.0456616631803,1)
[1814]: (264.2394300587975,1)
[1815]: (264.2757586110683,1)
[1816]: (264.0163815182993,1)
[1817]: (264.2561411845255,1)
[1818]: (264.1637512931451,1)
[1819]: (264.5015518201163,1)
[1820]: (270.0003806013757,1)
[1821]: (264.1035111026328,1)
[1822]: (264.0264652071028,1)
[1823]: (264.6834368306025,1)
[1824]: (264.1104186411702,1)
[1825]: (264.0241485131919,1)
[1826]: (265.3810459427751,1)
[1827]: (264.1455477947621,1)
[1828]: (264.2989839750713,1)
[1829]: (264.1709774647062,1)
[1830]: (264.9785946975231,1)
[1831]: (268.0497258204691,1)
[1832]: (264.2863820678899,1)
[1833]: (264.4090506098242,1)
[1834]: (264.4256352109244,1)
[1835]: (264.4178319563181,1)
[1836]: (264.3288918483732,1)
[1837]: (264.0215721685059,1)
[1838]: (265.0597062736271,1)
[1839]: (269.0148767330957,1)
[1840]: (268.3795504681379,1)
[1841]: (264.2999500532499,1)
[1842]: (264.0294585298403,1)
[1843]: (264.0415024893021,1)
[1844]: (264.0001617121194,1)
[1845]: (264.0391397047292,1)
[1846]: (265.6165410280231,1)
[1847]: (264.3200625847563,1)
[1848]: (264.4326927248022,1)
[1849]: (264.3632103566388,1)
[1850]: (264.031558803116,1)
[1851]: (264.8039528641716,1)
[1852]: (264.1924756074322,1)
[1853]: (264.0832420428372,1)
[1854]: (264.4484529564808,1)
[1855]: (264.997900863515,1)
[1856]: (266.0904455854765,1)
[1857]: (264.4814200054736,1)
[1858]: (264.4469712218879,1)
[1859]: (264.62758294716,1)
[1860]: (264.4082057162072,1)
[1861]: (264.4696345865649,1)
[1862]: (264.546575649792,1)
[1863]: (264.1290783823854,1)
[1864]: (264.2127010193683,1)
[1865]: (264.2550488658099,1)
[1866]: (264.0599099803308,1)
[1867]: (264.422448578833,1)
[1868]: (264.1044502991551,1)
[1869]: (264.0702500557533,1)
[1870]: (264.0675583496808,1)
[1871]: (264.5111670338355,1)
[1872]: (264.214541322346,1)
[1873]: (264.3930254344473,1)
[1874]: (268.5356419690636,1)
[1875]: (264.1094217047449,1)
[1876]: (264.066973198463,1)
[1877]: (264.2061542307841,1)
[1878]: (268.1506714429814,1)
[1879]: (264.0053307872862,1)
[1880]: (264.5098133772938,1)
[1881]: (264.3657577056597,1)
[1882]: (264.7774354820057,1)
[1883]: (264.8258837203992,1)
[1884]: (264.3749122041596,1)
[1885]: (264.1002341896533,1)
[1886]: (264.193577161029,1)
[1887]: (264.4464830507962,1)
[1888]: (264.1030731968247,1)
[1889]: (264.0465276724702,1)
[1890]: (264.610138501725,1)
[1891]: (264.1197040902073,1)
[1892]: (264.6280258523228,1)
[1893]: (264.0366656143623,1)
[1894]: (264.3781792220564,1)
[1895]: (265.2890160999079,1)
[1896]: (264.1576120070881,1)
[1897]: (264.0988521003721,1)
[1898]: (264.400396901692,1)
[1899]: (264.0444390690094,1)
[1900]: (264.3460964198251,1)
[1901]: (264.4613929782912,1)
[1902]: (264.5422161668287,1)
[1903]: (264.4337271476779,1)
[1904]: (264.0892598922119,1)
[1905]: (264.2407022334523,1)
[1906]: (264.0404535431632,1)
[1907]: (264.0896534895826,1)
[1908]: (264.2364827587451,1)
[1909]: (264.2095268618845,1)
[1910]: (264.2192796065802,1)
[1911]: (264.3956983110854,1)
[1912]: (264.0151823727393,1)
[1913]: (270.031400931531,1)
[1914]: (264.5574567618729,1)
[1915]: (264.2747682424969,1)
[1916]: (264.0472423017903,1)
[1917]: (264.1144949609035,1)
[1918]: (264.0221573769434,1)
[1919]: (264.1832067317368,1)
[1920]: (264.0831602225635,1)
[1921]: (264.085805041311,1)
[1922]: (264.0564088546773,1)
[1923]: (264.335291698369,1)
[1924]: (264.0965185507248,1)
[1925]: (264.5444789114234,1)
[1926]: (267.6402819499957,1)
[1927]: (264.2189779651702,1)
[1928]: (264.0726853079627,1)
[1929]: (264.3266112641867,1)
[1930]: (264.3372140713961,1)
[1931]: (264.0472265194654,1)
[1932]: (264.0065751631547,1)
[1933]: (264.1252904572846,1)
[1934]: (264.3094945326461,1)
[1935]: (264.298282468565,1)
[1936]: (264.5243791462094,1)
[1937]: (265.4104084420791,1)
[1938]: (265.4968027616245,1)
[1939]: (264.0665201143847,1)
[1940]: (264.0996346521734,1)
[1941]: (264.1190189003444,1)
[1942]: (264.1231471780208,1)
[1943]: (264.454665582404,1)
[1944]: (264.0884713530192,1)
[1945]: (264.0537272412832,1)
[1946]: (264.3732052749627,1)
[1947]: (264.4831678329583,1)
[1948]: (264.0117576616259,1)
[1949]: (264.0057944698489,1)
[1950]: (264.3624060018166,1)
[1951]: (268.1198384441397,1)
[1952]: (264.1554121414473,1)
[1953]: (264.0391499568105,1)
[1954]: (264.6385832149041,1)
[1955]: (264.2408024511573,1)
[1956]: (264.6661088389218,1)
[1957]: (264.1853381341851,1)
[1958]: (264.302304727768,1)
[1959]: (264.0312946007354,1)
[1960]: (264.0798856134178,1)
[1961]: (264.0830858296935,1)
[1962]: (264.6447192527627,1)
[1963]: (264.0189125311168,1)
[1964]: (264.0849462176805,1)
[1965]: (264.3015803828029,1)
[1966]: (264.2781975976839,1)
[1967]: (265.1685785800313,1)
[1968]: (264.2678333947328,1)
[1969]: (265.1187734806319,1)
[1970]: (265.025263156995,1)
[1971]: (265.0246617760926,1)
[1972]: (264.6409272924589,1)
[1973]: (264.0259740534862,1)
[1974]: (264.1100045361192,1)
[1975]: (264.1791248727716,1)
[1976]: (264.3083069526533,1)
[1977]: (264.1423818874269,1)
[1978]: (264.407987249016,1)
[1979]: (264.5999651364094,1)
[1980]: (264.1475290687337,1)
[1981]: (264.1572628011737,1)
[1982]: (264.0998041506885,1)
[1983]: (264.1455061730637,1)
[1984]: (264.3273020377596,1)
[1985]: (264.5009986358245,1)
[1986]: (264.2303422573756,1)
[1987]: (264.6341490677588,1)
[1988]: (267.0529667375627,1)
[1989]: (264.3288606027568,1)
[1990]: (264.378363619448,1)
[1991]: (264.0743148441117,1)
[1992]: (264.3074552168221,1)
[1993]: (264.1910822291684,1)
[1994]: (264.0078798073338,1)
[1995]: (264.216555191423,1)
[1996]: (264.0481228621956,1)
[1997]: (264.32874884169,1)
[1998]: (264.1548905765627,1)
[1999]: (264.0360409002154,1)
 -- States explored : 0 states
 -- CPU user time used : 69030 ms
 -- Virtual memory used : 4545772 KiB
 -- Resident memory used : 4507088 KiB
executionTime: 518
