core file size          (blocks, -c) unlimited
data seg size           (kbytes, -d) unlimited
scheduling priority             (-e) 0
file size               (blocks, -f) unlimited
pending signals                 (-i) 4077086
max locked memory       (kbytes, -l) 64
max memory size         (kbytes, -m) 66060288
open files                      (-n) 4096
pipe size            (512 bytes, -p) 8
POSIX message queues     (bytes, -q) 819200
real-time priority              (-r) 0
stack size              (kbytes, -s) 8192
cpu time               (seconds, -t) unlimited
max user processes              (-u) 4077086
virtual memory          (kbytes, -v) 63000000
file locks                      (-x) unlimited
Options for the verification:
  Generating some trace
  Search order is random depth first
  Using conservative space optimisation
  Seed is 1556913397
  State space representation uses minimal constraint systems
  Using HashMap + Compress integers for discrete state storage

Verifying formula 1 at ../queries/SP_100_69_2.q:1
 -- Formula is satisfied.
(9000 runs)
Learning statistics for best strategy: 
	Number of resets: 0
	Number of iterations in last reset: 19
	Number of iterations in total: 19

 -- States explored : 0 states
 -- CPU user time used : 342720 ms
 -- Virtual memory used : 2536164 KiB
 -- Resident memory used : 2497588 KiB

Verifying formula 2 at ../queries/SP_100_69_2.q:2
 -- Formula is satisfied.
Composer.Done:
[0]: (0,0) (534.0767729059679,1)
[1]: (534.5642548481015,1)
[2]: (534.1366919484252,1)
[3]: (534.2244936952955,1)
[4]: (534.2972328707891,1)
[5]: (534.0181195496788,1)
[6]: (534.2160643503094,1)
[7]: (534.0796472977325,1)
[8]: (534.1334139162159,1)
[9]: (534.3400479649493,1)
[10]: (534.1283076172122,1)
[11]: (534.556512870033,1)
[12]: (535.0283832727938,1)
[13]: (534.0183276901088,1)
[14]: (534.0223110961613,1)
[15]: (534.2220832156206,1)
[16]: (534.2787748776586,1)
[17]: (534.0312217687572,1)
[18]: (534.4172975180893,1)
[19]: (534.4957881656067,1)
[20]: (534.0450444782725,1)
[21]: (534.3179242804641,1)
[22]: (534.9789180561934,1)
[23]: (534.006559693436,1)
[24]: (534.4695807571057,1)
[25]: (534.6702905965199,1)
[26]: (534.8858438789719,1)
[27]: (534.507317098248,1)
[28]: (534.5684156770527,1)
[29]: (534.0382050171243,1)
[30]: (534.1121755263198,1)
[31]: (534.1220588207159,1)
[32]: (534.2560532469552,1)
[33]: (534.2089585959249,1)
[34]: (534.2482742806502,1)
[35]: (534.3250814284936,1)
[36]: (534.2373579271543,1)
[37]: (534.4584055938985,1)
[38]: (534.3681510595192,1)
[39]: (534.1015737541094,1)
[40]: (534.1326011017208,1)
[41]: (534.4221176942749,1)
[42]: (534.1019347058775,1)
[43]: (534.799301347085,1)
[44]: (534.3855708567447,1)
[45]: (534.0729707689121,1)
[46]: (534.4435433124617,1)
[47]: (534.3069527959428,1)
[48]: (534.9464771841076,1)
[49]: (534.1244161325443,1)
[50]: (534.3226319038814,1)
[51]: (534.3893198505282,1)
[52]: (534.5326542847658,1)
[53]: (534.0781333955825,1)
[54]: (534.2088856576157,1)
[55]: (534.3501300465457,1)
[56]: (534.5357259680912,1)
[57]: (534.255774310252,1)
[58]: (534.0029498729874,1)
[59]: (534.149377304494,1)
[60]: (534.1849648369096,1)
[61]: (534.7535330191961,1)
[62]: (534.3502232639808,1)
[63]: (534.1625805635041,1)
[64]: (534.2533940941614,1)
[65]: (534.4468436401748,1)
[66]: (534.6568568797446,1)
[67]: (534.2567252231439,1)
[68]: (534.190764122872,1)
[69]: (534.8764595466743,1)
[70]: (534.5803984294045,1)
[71]: (534.1223857688743,1)
[72]: (534.3735015350368,1)
[73]: (534.0938628163382,1)
[74]: (534.5457934705864,1)
[75]: (534.1094071483205,1)
[76]: (534.4135686464793,1)
[77]: (534.1031014513625,1)
[78]: (534.7529137293575,1)
[79]: (534.0894955509616,1)
[80]: (534.0647413029668,1)
[81]: (534.6212093207397,1)
[82]: (534.2926228455757,1)
[83]: (534.3068371835849,1)
[84]: (534.1631175683769,1)
[85]: (534.0462896731276,1)
[86]: (534.6949828605725,1)
[87]: (534.0828450896342,1)
[88]: (534.6498525417649,1)
[89]: (534.2871879951964,1)
[90]: (534.1361655373912,1)
[91]: (534.0051199337992,1)
[92]: (534.1879444131775,1)
[93]: (534.1428062456285,1)
[94]: (534.4913859625482,1)
[95]: (534.2226256882577,1)
[96]: (534.1539833574528,1)
[97]: (534.3120131195299,1)
[98]: (534.1886189781998,1)
[99]: (534.0894494577533,1)
[100]: (534.6243421666049,1)
[101]: (534.416543914714,1)
[102]: (534.5786105361719,1)
[103]: (534.0566592294227,1)
[104]: (534.7351556728343,1)
[105]: (534.2767848302118,1)
[106]: (534.1306305904501,1)
[107]: (534.1000104216461,1)
[108]: (534.0285738426876,1)
[109]: (534.157534766188,1)
[110]: (534.1694608011187,1)
[111]: (534.0839789009319,1)
[112]: (534.0764097905687,1)
[113]: (534.126632157239,1)
[114]: (534.1224622896463,1)
[115]: (534.1991082524115,1)
[116]: (534.4569740804559,1)
[117]: (534.0294789903212,1)
[118]: (534.0388283749253,1)
[119]: (534.2613053283478,1)
[120]: (534.0909079941032,1)
[121]: (534.6154453970219,1)
[122]: (534.1679350024575,1)
[123]: (534.0331742919568,1)
[124]: (534.200736140482,1)
[125]: (535.251956538441,1)
[126]: (534.1180617616599,1)
[127]: (534.0449434571869,1)
[128]: (534.614339416629,1)
[129]: (534.1652822424771,1)
[130]: (534.2147809373358,1)
[131]: (534.3706900381337,1)
[132]: (534.1022089930345,1)
[133]: (534.0930509132935,1)
[134]: (534.4877019913937,1)
[135]: (534.1850413261244,1)
[136]: (534.3250432463141,1)
[137]: (534.1322378579449,1)
[138]: (534.3740082855495,1)
[139]: (534.6320270961269,1)
[140]: (534.0754967756559,1)
[141]: (534.1247339935701,1)
[142]: (534.410788396659,1)
[143]: (534.0250882062031,1)
[144]: (534.1483153708626,1)
[145]: (535.2621060845519,1)
[146]: (534.8781706000955,1)
[147]: (534.4955529386252,1)
[148]: (534.5404795812808,1)
[149]: (534.1434642304849,1)
[150]: (534.2214278031087,1)
[151]: (534.2992622677546,1)
[152]: (534.0344583382206,1)
[153]: (534.3198616034724,1)
[154]: (534.3792663446641,1)
[155]: (534.000484076199,1)
[156]: (534.0760901876303,1)
[157]: (534.4747637479202,1)
[158]: (534.1716657519592,1)
[159]: (534.7607715006617,1)
[160]: (534.1236054735256,1)
[161]: (534.1063119019235,1)
[162]: (534.2342640996304,1)
[163]: (534.0120163039142,1)
[164]: (534.2745120520763,1)
[165]: (534.5141209518661,1)
[166]: (534.032077293939,1)
[167]: (534.6193651976478,1)
[168]: (534.3495675581792,1)
[169]: (534.0583943431218,1)
[170]: (534.1967898226793,1)
[171]: (534.2448323428188,1)
[172]: (534.0473214738753,1)
[173]: (534.412193584268,1)
[174]: (534.1459108375738,1)
[175]: (534.1215799037909,1)
[176]: (535.0476160669696,1)
[177]: (534.347756231727,1)
[178]: (534.2743184836894,1)
[179]: (534.1680799257539,1)
[180]: (534.0362391492849,1)
[181]: (534.1961494980881,1)
[182]: (534.3730378966145,1)
[183]: (534.2345091363006,1)
[184]: (534.6722838825443,1)
[185]: (534.5437486965056,1)
[186]: (534.8037665013575,1)
[187]: (534.1745885278732,1)
[188]: (534.3108397924565,1)
[189]: (534.3353125601072,1)
[190]: (534.1245363179889,1)
[191]: (534.1172482214314,1)
[192]: (534.04816278813,1)
[193]: (534.9076278255685,1)
[194]: (534.0271319396988,1)
[195]: (534.0490659199604,1)
[196]: (534.1924756387986,1)
[197]: (534.2523099746217,1)
[198]: (534.5242689149588,1)
[199]: (534.0326702423229,1)
[200]: (534.1554229331151,1)
[201]: (534.8555946850657,1)
[202]: (535.3689418055728,1)
[203]: (534.4454130463224,1)
[204]: (534.3635143462483,1)
[205]: (534.6670164369633,1)
[206]: (534.2202655733765,1)
[207]: (534.3459008080142,1)
[208]: (534.054977174857,1)
[209]: (534.0294454545322,1)
[210]: (534.3930305988462,1)
[211]: (534.3217835596661,1)
[212]: (534.0008304945836,1)
[213]: (534.3957711186248,1)
[214]: (534.1573633791829,1)
[215]: (534.8885029764997,1)
[216]: (534.2586129002267,1)
[217]: (534.1540661630194,1)
[218]: (534.1472993079058,1)
[219]: (534.3007138126815,1)
[220]: (534.0313271586348,1)
[221]: (534.055564493328,1)
[222]: (534.0880752948025,1)
[223]: (534.3243293889417,1)
[224]: (536.0025258491582,1)
[225]: (534.3466666291383,1)
[226]: (534.130320440404,1)
[227]: (534.0733870696459,1)
[228]: (534.0850810366461,1)
[229]: (534.4668171212554,1)
[230]: (534.0763019514916,1)
[231]: (535.0779121667434,1)
[232]: (534.3147335778135,1)
[233]: (534.6478495305714,1)
[234]: (534.4091742801205,1)
[235]: (534.1707122825062,1)
[236]: (534.5555025687131,1)
[237]: (534.5394006603865,1)
[238]: (534.0444800678481,1)
[239]: (534.1779085899645,1)
[240]: (534.1183548626739,1)
[241]: (534.0930788243995,1)
[242]: (534.4029925139179,1)
[243]: (534.283151673056,1)
[244]: (534.1282133460477,1)
[245]: (534.7279382850745,1)
[246]: (534.0123016566797,1)
[247]: (534.3641580621443,1)
[248]: (534.8685074349884,1)
[249]: (534.0261988658385,1)
[250]: (534.2186028923099,1)
[251]: (534.3343378257025,1)
[252]: (534.2837662897842,1)
[253]: (534.0222252198434,1)
[254]: (534.0566978951405,1)
[255]: (534.2580000406186,1)
[256]: (534.447676410861,1)
[257]: (534.5014648299486,1)
[258]: (534.4277424602135,1)
[259]: (534.3823290721974,1)
[260]: (535.2975101304937,1)
[261]: (534.4498216499886,1)
[262]: (534.0221704548655,1)
[263]: (534.5121672359136,1)
[264]: (534.1973052744542,1)
[265]: (534.0381198232475,1)
[266]: (534.5110895906952,1)
[267]: (534.7636916855309,1)
[268]: (534.956188389189,1)
[269]: (534.162799631196,1)
[270]: (534.0032316334865,1)
[271]: (534.045805661971,1)
[272]: (534.538182888491,1)
[273]: (534.3416063731433,1)
[274]: (534.3500147168938,1)
[275]: (534.2867108523666,1)
[276]: (535.0315021038018,1)
[277]: (534.399700901248,1)
[278]: (534.8475079304344,1)
[279]: (535.4979420784341,1)
[280]: (534.3892770129278,1)
[281]: (534.4758155821793,1)
[282]: (534.0383505719886,1)
[283]: (534.2251809150628,1)
[284]: (534.5574158427596,1)
[285]: (534.6811352192206,1)
[286]: (534.2887662513417,1)
[287]: (534.4965923031269,1)
[288]: (534.2429202304043,1)
[289]: (534.0645027598192,1)
[290]: (534.0817648797502,1)
[291]: (534.1851128933588,1)
[292]: (534.5381316610205,1)
[293]: (534.2634994438305,1)
[294]: (534.1325904559685,1)
[295]: (534.0511687146746,1)
[296]: (534.1336629724498,1)
[297]: (534.1997054981762,1)
[298]: (534.0695072471685,1)
[299]: (534.2201719834223,1)
[300]: (534.2676483245759,1)
[301]: (534.8317199238166,1)
[302]: (534.3654960883814,1)
[303]: (534.0491368042478,1)
[304]: (534.4824377310483,1)
[305]: (534.0011516032754,1)
[306]: (534.1059103836474,1)
[307]: (534.1322785394747,1)
[308]: (534.7738754776117,1)
[309]: (535.1237315806028,1)
[310]: (534.0392495761006,1)
[311]: (534.1714217668093,1)
[312]: (534.1966967575403,1)
[313]: (534.1837631741354,1)
[314]: (536.2074166654247,1)
[315]: (534.2023893147007,1)
[316]: (534.045745330563,1)
[317]: (534.1340383807023,1)
[318]: (534.0667068588566,1)
[319]: (534.2642312156804,1)
[320]: (534.2975168911908,1)
[321]: (535.0287744916144,1)
[322]: (534.8720117882229,1)
[323]: (534.5671380657604,1)
[324]: (534.0942646851959,1)
[325]: (534.8609184722214,1)
[326]: (534.0342224959192,1)
[327]: (534.2249321214143,1)
[328]: (534.3483772166007,1)
[329]: (534.1041962811922,1)
[330]: (534.1761332616752,1)
[331]: (534.0044284110591,1)
[332]: (534.444884265449,1)
[333]: (534.4233372073192,1)
[334]: (534.0249723611062,1)
[335]: (534.2368197735138,1)
[336]: (534.2075516103116,1)
[337]: (534.3021408358497,1)
[338]: (534.1568697957854,1)
[339]: (534.1358301739923,1)
[340]: (534.8476688736142,1)
[341]: (534.2586719525735,1)
[342]: (534.0197032649489,1)
[343]: (534.1402807506063,1)
[344]: (534.2649130199168,1)
[345]: (534.0570043048369,1)
[346]: (534.6650906527799,1)
[347]: (534.1897942281688,1)
[348]: (534.1333717860305,1)
[349]: (534.0762436876223,1)
[350]: (534.1063046229872,1)
[351]: (534.6516329870357,1)
[352]: (534.625307099768,1)
[353]: (534.1595581948087,1)
[354]: (534.0070029133876,1)
[355]: (535.0120312638887,1)
[356]: (534.1700808686629,1)
[357]: (535.2801395411286,1)
[358]: (534.1127392308754,1)
[359]: (534.0850336053857,1)
[360]: (535.0182196685455,1)
[361]: (534.452867457571,1)
[362]: (534.0898128037353,1)
[363]: (534.0018131273782,1)
[364]: (534.156113340139,1)
[365]: (534.1130525242473,1)
[366]: (534.6448759639312,1)
[367]: (534.5185553895618,1)
[368]: (534.351935335979,1)
[369]: (534.417638726248,1)
[370]: (534.1484437632531,1)
[371]: (534.5441074223683,1)
[372]: (535.3447103430703,1)
[373]: (535.1489770786995,1)
[374]: (534.019966494064,1)
[375]: (534.2031980251246,1)
[376]: (534.0351783073824,1)
[377]: (534.6427489630353,1)
[378]: (534.1436331940733,1)
[379]: (534.6531977839333,1)
[380]: (534.0991176341514,1)
[381]: (534.5606521678951,1)
[382]: (534.1443239704536,1)
[383]: (534.1008717126299,1)
[384]: (534.384753079548,1)
[385]: (534.3960513717093,1)
[386]: (534.2578579023258,1)
[387]: (534.4008716008598,1)
[388]: (534.1388883125315,1)
[389]: (534.3328388983678,1)
[390]: (534.9300689129456,1)
[391]: (534.2791243045178,1)
[392]: (534.2079174542278,1)
[393]: (534.5720100592504,1)
[394]: (534.2666014418091,1)
[395]: (534.0579700510079,1)
[396]: (534.1489599515945,1)
[397]: (534.1065293579389,1)
[398]: (534.0151945764679,1)
[399]: (534.2234212885357,1)
[400]: (534.3075206552886,1)
[401]: (534.8538055366307,1)
[402]: (535.03702439885,1)
[403]: (534.6176030725096,1)
[404]: (534.0771529174165,1)
[405]: (534.1137725303332,1)
[406]: (534.2945381414462,1)
[407]: (534.0904823830617,1)
[408]: (534.2722486168093,1)
[409]: (534.0916035586096,1)
[410]: (534.6971322813523,1)
[411]: (535.1205628515112,1)
[412]: (534.5854330883133,1)
[413]: (534.1599684087129,1)
[414]: (534.5322088426632,1)
[415]: (534.4912156740364,1)
[416]: (534.0636197281832,1)
[417]: (534.2452795339356,1)
[418]: (534.3504598368025,1)
[419]: (535.2246028331799,1)
[420]: (534.1339829708037,1)
[421]: (534.4728092120197,1)
[422]: (534.3417260330489,1)
[423]: (534.704414401226,1)
[424]: (535.4979448111418,1)
[425]: (534.8691577182135,1)
[426]: (534.4507062601026,1)
[427]: (534.3560744705467,1)
[428]: (534.437319730081,1)
[429]: (534.0643107625126,1)
[430]: (534.5471712485975,1)
[431]: (534.347957695574,1)
[432]: (534.1847158834662,1)
[433]: (534.2471077698115,1)
[434]: (534.6699650807373,1)
[435]: (534.2856435659369,1)
[436]: (534.1139325131861,1)
[437]: (534.055598397647,1)
[438]: (534.0452870620979,1)
[439]: (534.6699913405865,1)
[440]: (534.4946388023078,1)
[441]: (534.3793131143553,1)
[442]: (534.3479536512875,1)
[443]: (534.508529683796,1)
[444]: (534.0975519577081,1)
[445]: (534.3163556746407,1)
[446]: (534.0126516976363,1)
[447]: (534.1108117031623,1)
[448]: (534.413835100826,1)
[449]: (534.110894274776,1)
[450]: (534.1060186019338,1)
[451]: (534.2530118464787,1)
[452]: (534.045058789149,1)
[453]: (534.252778825155,1)
[454]: (534.6610464872477,1)
[455]: (535.6854673209758,1)
[456]: (534.0446096132609,1)
[457]: (534.4815036446333,1)
[458]: (534.1033449970456,1)
[459]: (534.1781298342405,1)
[460]: (534.3015432402279,1)
[461]: (534.0722185411672,1)
[462]: (534.9230943433913,1)
[463]: (534.0175852165753,1)
[464]: (534.3772143011419,1)
[465]: (535.4128543857069,1)
[466]: (534.0587790764221,1)
[467]: (534.0185385761754,1)
[468]: (534.4920851562248,1)
[469]: (534.8480484907396,1)
[470]: (534.3288983244079,1)
[471]: (534.7944801466882,1)
[472]: (535.1279088648942,1)
[473]: (535.3062593793663,1)
[474]: (534.1411280591429,1)
[475]: (534.2414226403484,1)
[476]: (535.9774905271639,1)
[477]: (534.3992353568964,1)
[478]: (534.7220391776252,1)
[479]: (534.0168322642716,1)
[480]: (534.0789757462566,1)
[481]: (534.232188089778,1)
[482]: (534.254619744238,1)
[483]: (534.3058696693414,1)
[484]: (534.2189246553174,1)
[485]: (534.2671433396371,1)
[486]: (534.7352815380102,1)
[487]: (534.5114473412737,1)
[488]: (534.2606149018496,1)
[489]: (534.1887184554922,1)
[490]: (534.5482598309884,1)
[491]: (534.5523121424264,1)
[492]: (534.0469155908484,1)
[493]: (534.0295935286617,1)
[494]: (534.1887688746423,1)
[495]: (534.6413588586519,1)
[496]: (534.3123814971274,1)
[497]: (534.2946334308258,1)
[498]: (534.123362867649,1)
[499]: (534.0788059169307,1)
[500]: (534.4448844604577,1)
[501]: (534.1226277374337,1)
[502]: (534.3911634197325,1)
[503]: (534.3342943853717,1)
[504]: (534.3259573972036,1)
[505]: (534.023442335427,1)
[506]: (534.6088974777806,1)
[507]: (534.2524094376048,1)
[508]: (534.5670451095333,1)
[509]: (534.8120135229145,1)
[510]: (534.1874646301976,1)
[511]: (534.1547140846535,1)
[512]: (534.118670964797,1)
[513]: (534.3771641093199,1)
[514]: (534.0932061944048,1)
[515]: (534.0992581680315,1)
[516]: (534.2076503443615,1)
[517]: (534.1109777252981,1)
[518]: (534.0688190877363,1)
[519]: (534.3301647626081,1)
[520]: (534.2261724527702,1)
[521]: (534.1768716161557,1)
[522]: (534.2600602842679,1)
[523]: (534.216443900533,1)
[524]: (534.9841648653971,1)
[525]: (534.3305046675733,1)
[526]: (534.3903278030949,1)
[527]: (534.5951313420928,1)
[528]: (534.2696207416649,1)
[529]: (534.1478452610661,1)
[530]: (534.2026567079645,1)
[531]: (534.7520059577342,1)
[532]: (534.7394260248298,1)
[533]: (534.2607155317381,1)
[534]: (534.0314816214506,1)
[535]: (534.1484880128978,1)
[536]: (534.8512599812527,1)
[537]: (534.3550420378128,1)
[538]: (534.0832904371256,1)
[539]: (534.3314275908227,1)
[540]: (534.981702401104,1)
[541]: (534.1292691369695,1)
[542]: (534.0277886066124,1)
[543]: (534.0242986734429,1)
[544]: (534.1048590215214,1)
[545]: (534.331517361359,1)
[546]: (534.1366560941848,1)
[547]: (534.5597716729719,1)
[548]: (534.1294101042641,1)
[549]: (534.1497515324139,1)
[550]: (534.0881688811014,1)
[551]: (534.368999577051,1)
[552]: (534.2541202470273,1)
[553]: (534.0701879562843,1)
[554]: (534.0629028511363,1)
[555]: (534.2375583975424,1)
[556]: (534.3734440408315,1)
[557]: (534.2454916541874,1)
[558]: (534.8454874758027,1)
[559]: (534.3040866229394,1)
[560]: (534.2144211767511,1)
[561]: (534.0975862466723,1)
[562]: (534.1473387005312,1)
[563]: (535.2490706127993,1)
[564]: (534.0087865885546,1)
[565]: (534.0513968468408,1)
[566]: (534.4863548846968,1)
[567]: (534.0762076329013,1)
[568]: (534.5059989278207,1)
[569]: (534.3568094697595,1)
[570]: (534.3601438731928,1)
[571]: (534.3376861932511,1)
[572]: (534.1405397126222,1)
[573]: (534.1608823825107,1)
[574]: (534.2990887188613,1)
[575]: (534.0868111082023,1)
[576]: (534.5105338730888,1)
[577]: (534.0571387804396,1)
[578]: (534.2681158206368,1)
[579]: (534.1179368501245,1)
[580]: (534.2149071613812,1)
[581]: (534.0593974122874,1)
[582]: (534.5478259989536,1)
[583]: (534.5087200042116,1)
[584]: (535.4785344918562,1)
[585]: (534.1455453391883,1)
[586]: (534.0999217822589,1)
[587]: (534.2747055237369,1)
[588]: (535.2602564633972,1)
[589]: (534.1137258051778,1)
[590]: (534.09946251572,1)
[591]: (534.2031738896565,1)
[592]: (534.091621032134,1)
[593]: (534.0828081984585,1)
[594]: (534.3255919395036,1)
[595]: (534.0284365918881,1)
[596]: (534.9528567456365,1)
[597]: (534.6398729674412,1)
[598]: (535.2333147533187,1)
[599]: (534.7626629714105,1)
[600]: (534.0918477307131,1)
[601]: (535.3850519511781,1)
[602]: (534.3884483697298,1)
[603]: (534.064103294757,1)
[604]: (534.4527687125941,1)
[605]: (534.1092978602572,1)
[606]: (534.0680017640182,1)
[607]: (534.3363397214,1)
[608]: (534.1109052050994,1)
[609]: (534.3799645454162,1)
[610]: (534.2810924144518,1)
[611]: (534.0520669135759,1)
[612]: (534.857718192163,1)
[613]: (534.3824223297999,1)
[614]: (534.1643145390087,1)
[615]: (534.0301633822672,1)
[616]: (534.3285686671103,1)
[617]: (534.0157751850479,1)
[618]: (534.1331512138986,1)
[619]: (534.8338417442673,1)
[620]: (534.4029195508433,1)
[621]: (534.139559461178,1)
[622]: (534.0983854033838,1)
[623]: (534.1864892802708,1)
[624]: (534.0668743763406,1)
[625]: (534.0958098671429,1)
[626]: (534.31019483415,1)
[627]: (534.6615023698986,1)
[628]: (534.0381375380678,1)
[629]: (534.0067672355868,1)
[630]: (534.3115511268749,1)
[631]: (534.3051309124345,1)
[632]: (534.4014781140169,1)
[633]: (534.2986308872654,1)
[634]: (535.2797982475665,1)
[635]: (534.0591905966062,1)
[636]: (534.1561507122025,1)
[637]: (534.1598854184602,1)
[638]: (534.1687321021413,1)
[639]: (534.2552564073604,1)
[640]: (534.2179641257495,1)
[641]: (535.0375985804592,1)
[642]: (534.3539969841785,1)
[643]: (534.4032075229492,1)
[644]: (534.7335922271377,1)
[645]: (534.1878836299996,1)
[646]: (534.129260120632,1)
[647]: (534.5256927666701,1)
[648]: (534.2090563468183,1)
[649]: (534.2596331640365,1)
[650]: (534.4163322039931,1)
[651]: (534.4002831449902,1)
[652]: (534.007551180612,1)
[653]: (534.247215205056,1)
[654]: (534.8315637085668,1)
[655]: (534.0480653621255,1)
[656]: (534.073824590335,1)
[657]: (535.0623509262194,1)
[658]: (534.3289937934343,1)
[659]: (534.1841009119353,1)
[660]: (534.2092195701233,1)
[661]: (534.0092062007603,1)
[662]: (535.0773372287052,1)
[663]: (534.0107296414793,1)
[664]: (534.0334589881437,1)
[665]: (534.1316536159959,1)
[666]: (534.3189230736654,1)
[667]: (534.2876513799636,1)
[668]: (534.2963496691983,1)
[669]: (534.4593955481397,1)
[670]: (534.2668865088937,1)
[671]: (534.0265388852215,1)
[672]: (544.0269687068917,1)
[673]: (534.3733455592536,1)
[674]: (534.331723742083,1)
[675]: (534.1614532510683,1)
[676]: (534.209338453404,1)
[677]: (534.4411396977403,1)
[678]: (534.0693265387326,1)
[679]: (534.2693563045106,1)
[680]: (534.0060776884026,1)
[681]: (534.4966682220886,1)
[682]: (534.3197845075313,1)
[683]: (534.829694824406,1)
[684]: (534.2640517802654,1)
[685]: (534.4159192966412,1)
[686]: (534.5749772033163,1)
[687]: (534.3167077432894,1)
[688]: (534.0232334300698,1)
[689]: (534.1655590307655,1)
[690]: (534.3450312211359,1)
[691]: (534.2069187378218,1)
[692]: (534.2691380217589,1)
[693]: (534.0024248944617,1)
[694]: (534.4432462269552,1)
[695]: (535.4681217403089,1)
[696]: (534.0808569585033,1)
[697]: (534.0538311786435,1)
[698]: (534.3589542717392,1)
[699]: (534.234222400694,1)
[700]: (534.3784187258708,1)
[701]: (534.6264193350436,1)
[702]: (534.100893155441,1)
[703]: (535.251747211437,1)
[704]: (534.0283826707049,1)
[705]: (534.4563243167122,1)
[706]: (534.2529855560362,1)
[707]: (534.3469751149437,1)
[708]: (534.0339964169784,1)
[709]: (534.3273494730219,1)
[710]: (534.1931408557285,1)
[711]: (534.058203187701,1)
[712]: (534.4075017484845,1)
[713]: (534.7326310119479,1)
[714]: (534.2327462605584,1)
[715]: (534.0583383803677,1)
[716]: (534.2899551420185,1)
[717]: (534.0141086481621,1)
[718]: (534.8663613552666,1)
[719]: (534.192333274117,1)
[720]: (534.2577787127282,1)
[721]: (534.510109085879,1)
[722]: (534.2319182438002,1)
[723]: (534.1958061032548,1)
[724]: (534.0508604550546,1)
[725]: (534.2858005002449,1)
[726]: (534.6954941462895,1)
[727]: (534.1197039891099,1)
[728]: (534.1802436215879,1)
[729]: (534.1420540564144,1)
[730]: (534.2011725800236,1)
[731]: (534.0417643840387,1)
[732]: (534.053415546512,1)
[733]: (534.9639913797497,1)
[734]: (534.2022425611386,1)
[735]: (534.4560380702521,1)
[736]: (534.1851886458827,1)
[737]: (534.4843772232261,1)
[738]: (534.2763264722595,1)
[739]: (534.1314384903418,1)
[740]: (534.0872652843166,1)
[741]: (534.5265999433598,1)
[742]: (534.1084691159282,1)
[743]: (534.1015482837537,1)
[744]: (534.4731067401665,1)
[745]: (534.0511324254908,1)
[746]: (534.0825691503277,1)
[747]: (534.2613115122399,1)
[748]: (534.010881891426,1)
[749]: (534.0105156615595,1)
[750]: (534.0016770222825,1)
[751]: (534.0779230268944,1)
[752]: (534.2073039781939,1)
[753]: (534.5146283031064,1)
[754]: (535.1507623377008,1)
[755]: (534.5733631541774,1)
[756]: (534.2948103556256,1)
[757]: (534.4044496896311,1)
[758]: (534.0298030302902,1)
[759]: (534.3438492625152,1)
[760]: (534.4895858050986,1)
[761]: (534.1611791486248,1)
[762]: (534.8995102051275,1)
[763]: (534.1601871657135,1)
[764]: (534.1520119597498,1)
[765]: (534.5707036893175,1)
[766]: (534.2058176415685,1)
[767]: (534.1664009742414,1)
[768]: (534.0336388491249,1)
[769]: (534.7115405480711,1)
[770]: (534.1307247261254,1)
[771]: (534.2592760791571,1)
[772]: (534.2372958624933,1)
[773]: (534.0461910655905,1)
[774]: (534.1080382876785,1)
[775]: (534.0000286589498,1)
[776]: (535.1477273412071,1)
[777]: (534.0537386165784,1)
[778]: (534.227689160904,1)
[779]: (534.222357482139,1)
[780]: (534.3769817921655,1)
[781]: (534.5777247442666,1)
[782]: (534.0747926594375,1)
[783]: (534.0647909288219,1)
[784]: (534.124369556605,1)
[785]: (534.0924710949593,1)
[786]: (534.7809010450317,1)
[787]: (534.0355371504974,1)
[788]: (534.0564677108837,1)
[789]: (534.251906898326,1)
[790]: (534.141217681536,1)
[791]: (534.9657868816544,1)
[792]: (534.4346719832184,1)
[793]: (534.4668947629102,1)
[794]: (534.1786173429894,1)
[795]: (534.1906005111739,1)
[796]: (534.2795947563897,1)
[797]: (534.0875292509497,1)
[798]: (535.0159313462951,1)
[799]: (534.0766263648197,1)
[800]: (534.0974369554223,1)
[801]: (534.0999948908089,1)
[802]: (534.343328859341,1)
[803]: (534.2048068825372,1)
[804]: (534.303087953693,1)
[805]: (534.0141139620513,1)
[806]: (534.2427574082401,1)
[807]: (534.1523546684126,1)
[808]: (535.6570860716447,1)
[809]: (534.8639005193993,1)
[810]: (534.2455178541973,1)
[811]: (534.7101266959587,1)
[812]: (534.3881377699823,1)
[813]: (534.9699110681521,1)
[814]: (534.0010087891876,1)
[815]: (534.0437340739229,1)
[816]: (534.3690471795665,1)
[817]: (534.9472529432252,1)
[818]: (534.2033751527177,1)
[819]: (534.1290572184982,1)
[820]: (534.4278759510812,1)
[821]: (534.1073068184177,1)
[822]: (534.3974719745497,1)
[823]: (534.6985896310866,1)
[824]: (534.1193430173009,1)
[825]: (534.4585290442525,1)
[826]: (534.3028991104212,1)
[827]: (534.094263642686,1)
[828]: (534.108940516359,1)
[829]: (534.2163892262599,1)
[830]: (534.134452404909,1)
[831]: (534.0148913148133,1)
[832]: (534.2668944311838,1)
[833]: (534.1668017112514,1)
[834]: (534.014703781207,1)
[835]: (534.0043771253708,1)
[836]: (534.2549354488887,1)
[837]: (534.0333454857237,1)
[838]: (534.0427188811146,1)
[839]: (534.0163379357604,1)
[840]: (534.0796627185599,1)
[841]: (534.3400166307206,1)
[842]: (534.1536851335351,1)
[843]: (534.2897829711869,1)
[844]: (534.1788169921459,1)
[845]: (535.0599951958047,1)
[846]: (534.6014757522443,1)
[847]: (534.1768369978037,1)
[848]: (534.0036491251603,1)
[849]: (534.5996200949555,1)
[850]: (534.1994124791848,1)
[851]: (534.1300448735548,1)
[852]: (534.6264937274995,1)
[853]: (534.1218863664734,1)
[854]: (534.3191980334944,1)
[855]: (534.3953607134661,1)
[856]: (534.7149003987466,1)
[857]: (534.6947365275806,1)
[858]: (534.7552452028262,1)
[859]: (534.2766080458127,1)
[860]: (534.5020280641784,1)
[861]: (534.8798498541304,1)
[862]: (534.2907409464769,1)
[863]: (534.4215035644847,1)
[864]: (534.2574952310407,1)
[865]: (535.417074418367,1)
[866]: (535.0289771448183,1)
[867]: (534.063002529027,1)
[868]: (534.1291819935606,1)
[869]: (534.4711101259703,1)
[870]: (534.0008454395291,1)
[871]: (534.3386899546723,1)
[872]: (534.0707851401696,1)
[873]: (534.2199942043078,1)
[874]: (534.8533615274099,1)
[875]: (534.6218938331341,1)
[876]: (534.0609061497732,1)
[877]: (534.3511573707342,1)
[878]: (534.3747749279762,1)
[879]: (535.4778754147421,1)
[880]: (534.6471137480614,1)
[881]: (534.1288240397731,1)
[882]: (535.2506484976893,1)
[883]: (534.7023873550552,1)
[884]: (535.0358011828076,1)
[885]: (534.4882113541519,1)
[886]: (534.2525390198679,1)
[887]: (534.4283868730301,1)
[888]: (534.0275880824323,1)
[889]: (534.4256666626582,1)
[890]: (534.4696366229406,1)
[891]: (535.0368521179358,1)
[892]: (534.0457254056848,1)
[893]: (535.22601235471,1)
[894]: (534.104789412737,1)
[895]: (534.2090910666001,1)
[896]: (534.2368728520468,1)
[897]: (534.4567039313024,1)
[898]: (534.1213473342543,1)
[899]: (534.0693778370726,1)
[900]: (534.7548594334304,1)
[901]: (534.6458360922715,1)
[902]: (534.0338403336851,1)
[903]: (534.3706758239741,1)
[904]: (534.6409441718622,1)
[905]: (534.1594741387582,1)
[906]: (534.2186394731802,1)
[907]: (534.2193855215774,1)
[908]: (534.1015371726888,1)
[909]: (534.0438101216586,1)
[910]: (534.0840348789852,1)
[911]: (534.1474829881237,1)
[912]: (534.0499239203582,1)
[913]: (534.013771442302,1)
[914]: (534.3486106496247,1)
[915]: (534.2468325170782,1)
[916]: (534.1141092645194,1)
[917]: (534.1782779466058,1)
[918]: (534.1011107548189,1)
[919]: (535.0658191032467,1)
[920]: (534.3662399419228,1)
[921]: (534.0262283244458,1)
[922]: (534.1135098784334,1)
[923]: (534.1180926292121,1)
[924]: (534.1676108416376,1)
[925]: (534.1687284356904,1)
[926]: (534.1358883204474,1)
[927]: (534.5490168121748,1)
[928]: (536.0363012166129,1)
[929]: (534.3869436279132,1)
[930]: (534.102731495808,1)
[931]: (534.4844903097843,1)
[932]: (534.0560593420332,1)
[933]: (534.7934994128537,1)
[934]: (534.1053187954248,1)
[935]: (534.420035972549,1)
[936]: (534.1015021947779,1)
[937]: (535.0727990775962,1)
[938]: (534.1442224199968,1)
[939]: (534.0442473997177,1)
[940]: (534.4005297193307,1)
[941]: (534.0513072014456,1)
[942]: (534.1599912637466,1)
[943]: (534.0581384220137,1)
[944]: (534.1858675259805,1)
[945]: (534.3641245682121,1)
[946]: (534.8404067012827,1)
[947]: (534.9029805569593,1)
[948]: (534.3630947499443,1)
[949]: (534.0146604497701,1)
[950]: (534.4551002994884,1)
[951]: (534.0498638241805,1)
[952]: (534.5282549979879,1)
[953]: (535.2508957195088,1)
[954]: (534.1490274826884,1)
[955]: (534.2056274795024,1)
[956]: (534.0159311078787,1)
[957]: (534.3325364620836,1)
[958]: (534.0078100087898,1)
[959]: (534.3306470023473,1)
[960]: (534.9931671904175,1)
[961]: (534.2541715496751,1)
[962]: (534.0199947931704,1)
[963]: (534.0553861178594,1)
[964]: (534.1352624904871,1)
[965]: (534.1675503489507,1)
[966]: (534.2480378124231,1)
[967]: (534.2407962665236,1)
[968]: (534.3204973254255,1)
[969]: (534.2141802564868,1)
[970]: (534.0298497268892,1)
[971]: (535.1478107973409,1)
[972]: (534.0323512499806,1)
[973]: (534.1801917417536,1)
[974]: (534.0380971867128,1)
[975]: (534.3857554612698,1)
[976]: (534.7705962557683,1)
[977]: (534.555830567955,1)
[978]: (534.23434933822,1)
[979]: (534.0911211884121,1)
[980]: (534.0101703147808,1)
[981]: (534.0680807379493,1)
[982]: (534.0165600703289,1)
[983]: (534.0118435187713,1)
[984]: (535.1484234342029,1)
[985]: (534.0755932739028,1)
[986]: (534.2769018732841,1)
[987]: (534.1572251179321,1)
[988]: (534.1085247670508,1)
[989]: (534.0144999283486,1)
[990]: (534.5711256603533,1)
[991]: (534.5148502284221,1)
[992]: (534.5899581086927,1)
[993]: (534.0351602015079,1)
[994]: (534.2521597773349,1)
[995]: (534.4301344092885,1)
[996]: (534.1522795418925,1)
[997]: (534.9313550351533,1)
[998]: (534.3982156995645,1)
[999]: (534.1915008818343,1)
[1000]: (534.4606357360979,1)
[1001]: (534.0322175212908,1)
[1002]: (534.1766646128037,1)
[1003]: (534.6709909632998,1)
[1004]: (534.0002422797944,1)
[1005]: (534.2870681145929,1)
[1006]: (534.1761931466129,1)
[1007]: (534.4157741731648,1)
[1008]: (534.575542285434,1)
[1009]: (534.6876740676937,1)
[1010]: (534.7184398560578,1)
[1011]: (534.2554802339658,1)
[1012]: (534.4112143134485,1)
[1013]: (534.2575645419919,1)
[1014]: (534.2162167988829,1)
[1015]: (534.1670692342011,1)
[1016]: (534.0826621759893,1)
[1017]: (534.0439766971315,1)
[1018]: (534.4557206170696,1)
[1019]: (535.2686895769237,1)
[1020]: (534.9681208495979,1)
[1021]: (534.1456756128619,1)
[1022]: (534.4179340708888,1)
[1023]: (534.6263440918488,1)
[1024]: (534.0645571944453,1)
[1025]: (534.5729510234315,1)
[1026]: (534.538541977158,1)
[1027]: (535.1334245412291,1)
[1028]: (534.1003009432034,1)
[1029]: (534.150585669276,1)
[1030]: (534.3224002100333,1)
[1031]: (534.4401807509938,1)
[1032]: (534.0028955244369,1)
[1033]: (534.2469922683892,1)
[1034]: (534.4321889826292,1)
[1035]: (534.268688109629,1)
[1036]: (534.0770155838263,1)
[1037]: (534.217719078345,1)
[1038]: (534.0157294242139,1)
[1039]: (534.074050551146,1)
[1040]: (534.5585795771037,1)
[1041]: (534.1146231503938,1)
[1042]: (534.2398226350823,1)
[1043]: (534.4132751194287,1)
[1044]: (534.0790083561653,1)
[1045]: (534.1877560889428,1)
[1046]: (534.1019344941966,1)
[1047]: (534.8124483657509,1)
[1048]: (535.025739403895,1)
[1049]: (534.2542385666511,1)
[1050]: (534.2458635870195,1)
[1051]: (534.6415876955307,1)
[1052]: (534.2457725085388,1)
[1053]: (535.3354540137695,1)
[1054]: (534.168624187892,1)
[1055]: (534.0493489132357,1)
[1056]: (534.0452739764936,1)
[1057]: (534.2526179108017,1)
[1058]: (534.384594878802,1)
[1059]: (534.2726727086228,1)
[1060]: (534.1769203708456,1)
[1061]: (534.5711308155858,1)
[1062]: (534.092517177203,1)
[1063]: (534.0954090733635,1)
[1064]: (534.3903304792077,1)
[1065]: (534.0412352471158,1)
[1066]: (534.5053128645792,1)
[1067]: (534.2083372568433,1)
[1068]: (534.000229020549,1)
[1069]: (534.9862537233981,1)
[1070]: (534.2074960250262,1)
[1071]: (534.6408366156769,1)
[1072]: (534.2105831597926,1)
[1073]: (534.5385403714822,1)
[1074]: (534.6521317533029,1)
[1075]: (534.4339389605531,1)
[1076]: (534.08943425532,1)
[1077]: (534.9983296582227,1)
[1078]: (534.0146156461365,1)
[1079]: (534.3078655097363,1)
[1080]: (534.0766296405718,1)
[1081]: (534.3443328174743,1)
[1082]: (534.3617724914712,1)
[1083]: (534.0962729959535,1)
[1084]: (534.208131934394,1)
[1085]: (534.1445912068428,1)
[1086]: (534.0995965696764,1)
[1087]: (534.1851165985269,1)
[1088]: (534.0941284218866,1)
[1089]: (534.7067595057403,1)
[1090]: (534.0504520906708,1)
[1091]: (534.1287820496145,1)
[1092]: (534.1326090886851,1)
[1093]: (534.4025813049365,1)
[1094]: (534.7451752544576,1)
[1095]: (534.5535627169357,1)
[1096]: (534.6490687414868,1)
[1097]: (534.2007497136043,1)
[1098]: (534.5928562232249,1)
[1099]: (534.0888512792897,1)
[1100]: (534.1670361493656,1)
[1101]: (534.684829189296,1)
[1102]: (534.1009763698307,1)
[1103]: (534.0664441290279,1)
[1104]: (534.0493787189281,1)
[1105]: (534.432297193898,1)
[1106]: (534.328944103078,1)
[1107]: (534.1432798024634,1)
[1108]: (534.236794546061,1)
[1109]: (534.1642541171493,1)
[1110]: (534.1928303011314,1)
[1111]: (534.1900274571445,1)
[1112]: (534.5100743949595,1)
[1113]: (534.6794276082657,1)
[1114]: (534.178716241724,1)
[1115]: (534.2626000710645,1)
[1116]: (534.1314845604132,1)
[1117]: (534.6208998251639,1)
[1118]: (534.2593435271281,1)
[1119]: (534.2592678133358,1)
[1120]: (534.2572400840655,1)
[1121]: (534.2076834781489,1)
[1122]: (534.0715615801487,1)
[1123]: (535.0725691861396,1)
[1124]: (534.229823203881,1)
[1125]: (534.3472154383115,1)
[1126]: (534.5562675492225,1)
[1127]: (534.0697207013166,1)
[1128]: (534.1579440206859,1)
[1129]: (534.4322366718071,1)
[1130]: (534.1922147097016,1)
[1131]: (534.6187673536524,1)
[1132]: (534.046113812487,1)
[1133]: (534.3557284257465,1)
[1134]: (534.3599133736531,1)
[1135]: (534.1711017496189,1)
[1136]: (534.2085143963405,1)
[1137]: (534.5808906488459,1)
[1138]: (535.7977103508663,1)
[1139]: (534.0786643839077,1)
[1140]: (535.1072053509955,1)
[1141]: (534.2896002718151,1)
[1142]: (534.2900209872598,1)
[1143]: (535.5738428382758,1)
[1144]: (534.6210452362893,1)
[1145]: (534.3053623948015,1)
[1146]: (534.0366109757194,1)
[1147]: (534.2955930970155,1)
[1148]: (534.0776410288868,1)
[1149]: (534.6482635086167,1)
[1150]: (534.8844897611484,1)
[1151]: (534.1717595463314,1)
[1152]: (534.0017216473408,1)
[1153]: (534.2184662368425,1)
[1154]: (534.2835564081244,1)
[1155]: (534.2868405374887,1)
[1156]: (534.0261700737674,1)
[1157]: (534.0973828220086,1)
[1158]: (534.4242394323466,1)
[1159]: (534.2045726917867,1)
[1160]: (534.1345412246123,1)
[1161]: (534.3484790449272,1)
[1162]: (534.241071134297,1)
[1163]: (534.010548500999,1)
[1164]: (534.183321609342,1)
[1165]: (534.320747056167,1)
[1166]: (534.3598843862578,1)
[1167]: (534.5054110753736,1)
[1168]: (535.2694003866834,1)
[1169]: (534.1293676628306,1)
[1170]: (534.1483950264877,1)
[1171]: (534.6920184705866,1)
[1172]: (534.1121302075117,1)
[1173]: (534.3866365064905,1)
[1174]: (534.1475546033066,1)
[1175]: (534.095092559267,1)
[1176]: (534.0570596525097,1)
[1177]: (534.4325554609464,1)
[1178]: (534.1158348001495,1)
[1179]: (534.4046306521143,1)
[1180]: (534.6415209720178,1)
[1181]: (534.5198899668594,1)
[1182]: (534.3278818100121,1)
[1183]: (534.0047590152875,1)
[1184]: (534.718658309623,1)
[1185]: (534.8926738795327,1)
[1186]: (534.7092582734016,1)
[1187]: (534.2363576031859,1)
[1188]: (534.4947872435159,1)
[1189]: (534.0566864380177,1)
[1190]: (534.1175922546006,1)
[1191]: (534.3268241801328,1)
[1192]: (534.251706059106,1)
[1193]: (534.0579008965065,1)
[1194]: (534.4170439531563,1)
[1195]: (534.3644724774197,1)
[1196]: (534.0790671115723,1)
[1197]: (534.0702161853116,1)
[1198]: (534.6470049743646,1)
[1199]: (534.22763661261,1)
[1200]: (534.1108000864122,1)
[1201]: (534.3251104512073,1)
[1202]: (534.2066916956426,1)
[1203]: (534.0810264428211,1)
[1204]: (534.2248487950092,1)
[1205]: (534.1730220454481,1)
[1206]: (534.0262790116412,1)
[1207]: (534.135655886858,1)
[1208]: (534.0477047159886,1)
[1209]: (535.4381901166029,1)
[1210]: (534.0620203470086,1)
[1211]: (534.3074128479483,1)
[1212]: (534.071928879892,1)
[1213]: (534.0224980686185,1)
[1214]: (534.1132051395094,1)
[1215]: (534.0815412772547,1)
[1216]: (534.1825191299058,1)
[1217]: (534.6762804609232,1)
[1218]: (534.7569654744094,1)
[1219]: (534.4656678465568,1)
[1220]: (534.1317602044861,1)
[1221]: (534.2220283276345,1)
[1222]: (534.6411862529335,1)
[1223]: (534.7382210994508,1)
[1224]: (534.1406142867233,1)
[1225]: (534.9517648239805,1)
[1226]: (534.0597358617966,1)
[1227]: (534.4576406674279,1)
[1228]: (534.9234799236164,1)
[1229]: (534.1702618519051,1)
[1230]: (534.8822638068705,1)
[1231]: (534.5082662933409,1)
[1232]: (534.1925885469112,1)
[1233]: (535.4941554486147,1)
[1234]: (534.0729775079777,1)
[1235]: (534.2602939680769,1)
[1236]: (534.0477556024906,1)
[1237]: (534.1652872770168,1)
[1238]: (534.5624923777785,1)
[1239]: (534.1323826500372,1)
[1240]: (534.5942537379656,1)
[1241]: (534.2303806032995,1)
[1242]: (534.2649475113649,1)
[1243]: (534.412538588655,1)
[1244]: (534.2100382903603,1)
[1245]: (534.5974259663856,1)
[1246]: (534.1166413168223,1)
[1247]: (534.994792396906,1)
[1248]: (534.5215432296799,1)
[1249]: (534.3515950474974,1)
[1250]: (534.0261942860794,1)
[1251]: (534.0768899791545,1)
[1252]: (534.0175441488801,1)
[1253]: (534.0821480722879,1)
[1254]: (534.0679406524689,1)
[1255]: (534.0679615776368,1)
[1256]: (534.3757461854822,1)
[1257]: (534.4500779262902,1)
[1258]: (534.2297792575212,1)
[1259]: (534.4273454262345,1)
[1260]: (534.070293675162,1)
[1261]: (534.8356204143529,1)
[1262]: (534.8635718502861,1)
[1263]: (534.5961227133719,1)
[1264]: (534.0052551168286,1)
[1265]: (534.0792112368645,1)
[1266]: (534.7959187814716,1)
[1267]: (534.0344247088476,1)
[1268]: (534.3433022476079,1)
[1269]: (534.4855014191719,1)
[1270]: (534.739674945321,1)
[1271]: (534.0539682220621,1)
[1272]: (534.1988950421077,1)
[1273]: (534.0247094765349,1)
[1274]: (534.1622267329816,1)
[1275]: (534.2573787548022,1)
[1276]: (534.0194362535879,1)
[1277]: (534.3540951823323,1)
[1278]: (534.0489861016812,1)
[1279]: (534.8807950681455,1)
[1280]: (534.1670791376945,1)
[1281]: (534.2168787658868,1)
[1282]: (534.0891106604282,1)
[1283]: (534.1329457436497,1)
[1284]: (534.0615150006954,1)
[1285]: (534.4188654033154,1)
[1286]: (534.3841133734437,1)
[1287]: (534.1730882955267,1)
[1288]: (534.4491770322225,1)
[1289]: (534.4935087875059,1)
[1290]: (534.3891777506923,1)
[1291]: (534.4806892449012,1)
[1292]: (534.3391133995094,1)
[1293]: (534.1158841582885,1)
[1294]: (534.1869571635052,1)
[1295]: (534.1654666581942,1)
[1296]: (534.5221506410878,1)
[1297]: (534.1891942506689,1)
[1298]: (534.0153295413345,1)
[1299]: (534.2768876840645,1)
[1300]: (534.0809848043232,1)
[1301]: (534.9988753270334,1)
[1302]: (534.1538201529634,1)
[1303]: (534.251315202761,1)
[1304]: (534.4689814494758,1)
[1305]: (534.1512992574275,1)
[1306]: (534.0058519334415,1)
[1307]: (534.2278397029025,1)
[1308]: (534.4574547716472,1)
[1309]: (534.7890430254846,1)
[1310]: (534.5617046275707,1)
[1311]: (534.3069699059204,1)
[1312]: (534.5555552650358,1)
[1313]: (534.0914635974415,1)
[1314]: (534.7506116534615,1)
[1315]: (534.1174918931622,1)
[1316]: (534.055350764613,1)
[1317]: (535.016832125901,1)
[1318]: (534.0299414193744,1)
[1319]: (534.3264586378177,1)
[1320]: (534.1640396325637,1)
[1321]: (534.4075044616183,1)
[1322]: (534.3238928821827,1)
[1323]: (534.000395479046,1)
[1324]: (534.3482971195273,1)
[1325]: (534.4929878352964,1)
[1326]: (534.7591012842178,1)
[1327]: (534.8126555601436,1)
[1328]: (534.1767683146556,1)
[1329]: (534.3298572473101,1)
[1330]: (534.1211081034007,1)
[1331]: (534.0688744275928,1)
[1332]: (534.154290592921,1)
[1333]: (534.0905360886425,1)
[1334]: (534.1615471730827,1)
[1335]: (534.0583870661607,1)
[1336]: (534.0751587334985,1)
[1337]: (534.1603663378216,1)
[1338]: (534.3652253990919,1)
[1339]: (534.2279629888583,1)
[1340]: (534.102968173284,1)
[1341]: (534.4614947982478,1)
[1342]: (534.0898734041029,1)
[1343]: (534.0967156616955,1)
[1344]: (534.4731298476289,1)
[1345]: (534.0858499622875,1)
[1346]: (534.6142434080401,1)
[1347]: (534.2439644102836,1)
[1348]: (534.4840506578604,1)
[1349]: (534.6408565198412,1)
[1350]: (534.0655653218718,1)
[1351]: (534.3064293119971,1)
[1352]: (534.2166710132849,1)
[1353]: (534.4022054138416,1)
[1354]: (534.1163309458814,1)
[1355]: (534.164547676197,1)
[1356]: (534.1014673093367,1)
[1357]: (534.2667494831821,1)
[1358]: (534.4227039722329,1)
[1359]: (535.7686985379534,1)
[1360]: (535.3694752079535,1)
[1361]: (534.932713707174,1)
[1362]: (534.4510686726181,1)
[1363]: (534.000662643013,1)
[1364]: (534.0956358322209,1)
[1365]: (534.2738794317106,1)
[1366]: (534.0500667504148,1)
[1367]: (534.3742906906715,1)
[1368]: (534.4316653553526,1)
[1369]: (534.0595208246526,1)
[1370]: (534.084655331896,1)
[1371]: (534.3445440763059,1)
[1372]: (534.6980279541261,1)
[1373]: (534.2482113268481,1)
[1374]: (534.66654038507,1)
[1375]: (534.5246142987553,1)
[1376]: (534.4643954227978,1)
[1377]: (534.0874413762917,1)
[1378]: (534.2308897884743,1)
[1379]: (534.3643723174006,1)
[1380]: (534.4413405608826,1)
[1381]: (534.040772842304,1)
[1382]: (534.136446046774,1)
[1383]: (534.2679303714322,1)
[1384]: (534.8830014737698,1)
[1385]: (534.1178981287584,1)
[1386]: (534.7976315176115,1)
[1387]: (534.580857493919,1)
[1388]: (554.2498425772652,1)
[1389]: (534.4722566216097,1)
[1390]: (534.1895069352416,1)
[1391]: (534.1210847634323,1)
[1392]: (534.2573830233632,1)
[1393]: (534.1735401519862,1)
[1394]: (534.1016901752824,1)
[1395]: (534.7321171758235,1)
[1396]: (534.1881446226038,1)
[1397]: (534.0191056381694,1)
[1398]: (534.0501049099823,1)
[1399]: (534.338174909308,1)
[1400]: (534.7303068281581,1)
[1401]: (534.1348188205777,1)
[1402]: (534.4746225155213,1)
[1403]: (534.3732065368823,1)
[1404]: (534.0174646966893,1)
[1405]: (534.1412524706693,1)
[1406]: (534.7251810304197,1)
[1407]: (534.0977976621328,1)
[1408]: (534.1832389516956,1)
[1409]: (534.9580022400163,1)
[1410]: (534.0911072959118,1)
[1411]: (534.0504348602258,1)
[1412]: (534.4986689776603,1)
[1413]: (534.0214298977428,1)
[1414]: (534.1214059466301,1)
[1415]: (535.6187826726886,1)
[1416]: (534.2693666987473,1)
[1417]: (534.176132119137,1)
[1418]: (534.1653706426039,1)
[1419]: (534.9480355556797,1)
[1420]: (534.5232703579767,1)
[1421]: (534.406206613538,1)
[1422]: (534.0100432896338,1)
[1423]: (534.0665095363399,1)
[1424]: (534.4154003048374,1)
[1425]: (534.0682807117724,1)
[1426]: (534.3234832372492,1)
[1427]: (534.349090252947,1)
[1428]: (534.5449935166222,1)
[1429]: (534.300105240522,1)
[1430]: (534.4287465777472,1)
[1431]: (534.5516018334339,1)
[1432]: (534.6504680933399,1)
[1433]: (534.0445198249763,1)
[1434]: (534.1817157637166,1)
[1435]: (534.0121915118142,1)
[1436]: (534.1889007415255,1)
[1437]: (537.2523028013547,1)
[1438]: (534.1228333104162,1)
[1439]: (535.0871147891784,1)
[1440]: (534.8763794257213,1)
[1441]: (534.0377558430422,1)
[1442]: (534.4134895155571,1)
[1443]: (534.1379711323307,1)
[1444]: (534.7970693632154,1)
[1445]: (534.140536892405,1)
[1446]: (534.062026370971,1)
[1447]: (534.1343683648382,1)
[1448]: (534.2192430350088,1)
[1449]: (534.1968355068366,1)
[1450]: (534.2532252919923,1)
[1451]: (534.089661724096,1)
[1452]: (534.3157342531744,1)
[1453]: (534.0605954520079,1)
[1454]: (534.5365585071029,1)
[1455]: (534.3127400909494,1)
[1456]: (534.7829447842444,1)
[1457]: (534.3905057195371,1)
[1458]: (534.2947041072506,1)
[1459]: (534.0162825827825,1)
[1460]: (534.1257339286523,1)
[1461]: (534.6884348990566,1)
[1462]: (534.347810679317,1)
[1463]: (535.0341899512509,1)
[1464]: (534.0039301265998,1)
[1465]: (534.122867183999,1)
[1466]: (534.2310248349823,1)
[1467]: (534.101763251785,1)
[1468]: (534.0856711517239,1)
[1469]: (534.1576397158532,1)
[1470]: (534.0319781582674,1)
[1471]: (534.065625422757,1)
[1472]: (534.0145255615801,1)
[1473]: (534.7161112319606,1)
[1474]: (535.5968253011038,1)
[1475]: (534.2064762208099,1)
[1476]: (534.6233122045774,1)
[1477]: (534.1512956848973,1)
[1478]: (534.2422281082621,1)
[1479]: (534.2445731458365,1)
[1480]: (534.7600152743303,1)
[1481]: (534.0726592399475,1)
[1482]: (534.0541516313665,1)
[1483]: (534.6202343214027,1)
[1484]: (534.004517888232,1)
[1485]: (534.2059759686075,1)
[1486]: (536.297018326948,1)
[1487]: (534.2002911308618,1)
[1488]: (534.1896428297896,1)
[1489]: (534.1969921267379,1)
[1490]: (534.0162516319475,1)
[1491]: (534.895284427598,1)
[1492]: (534.3727335871849,1)
[1493]: (534.4678702879665,1)
[1494]: (534.4346686909041,1)
[1495]: (534.2176097567927,1)
[1496]: (534.0529074632349,1)
[1497]: (534.5300452813219,1)
[1498]: (534.079974990563,1)
[1499]: (534.0234449439019,1)
[1500]: (534.4432934207683,1)
[1501]: (534.3568221414265,1)
[1502]: (534.1911319029118,1)
[1503]: (534.2600169125297,1)
[1504]: (534.3789812021957,1)
[1505]: (534.3536815422725,1)
[1506]: (534.0216742120731,1)
[1507]: (534.3257621301917,1)
[1508]: (534.3877200703944,1)
[1509]: (534.0081640350004,1)
[1510]: (534.1022643877203,1)
[1511]: (534.3105483523209,1)
[1512]: (534.0655367238485,1)
[1513]: (534.0262127171015,1)
[1514]: (534.1463983731327,1)
[1515]: (534.0392051670422,1)
[1516]: (534.2915211585824,1)
[1517]: (534.2031361658851,1)
[1518]: (534.8535925398289,1)
[1519]: (534.8483581973634,1)
[1520]: (534.1388767842903,1)
[1521]: (534.5811491505224,1)
[1522]: (534.7208122406724,1)
[1523]: (534.2644087339193,1)
[1524]: (534.1030177744361,1)
[1525]: (534.3747826253087,1)
[1526]: (534.370262545798,1)
[1527]: (534.4196363037863,1)
[1528]: (534.2014575677423,1)
[1529]: (534.1943571005762,1)
[1530]: (534.8451560519454,1)
[1531]: (534.6962447194139,1)
[1532]: (534.5130001901236,1)
[1533]: (534.5361662193011,1)
[1534]: (534.8356256372725,1)
[1535]: (534.3147145874186,1)
[1536]: (534.0932613536251,1)
[1537]: (534.251621667574,1)
[1538]: (534.0904676214435,1)
[1539]: (534.2347585440205,1)
[1540]: (534.1567994787746,1)
[1541]: (534.1070293936265,1)
[1542]: (534.4555730092571,1)
[1543]: (534.2201492495328,1)
[1544]: (534.0751686979047,1)
[1545]: (534.0543495364918,1)
[1546]: (534.1790627878147,1)
[1547]: (534.0261830388636,1)
[1548]: (534.1139037153227,1)
[1549]: (534.0292847581143,1)
[1550]: (534.0482357764778,1)
[1551]: (534.1770736392856,1)
[1552]: (534.0917796648382,1)
[1553]: (534.0873279342742,1)
[1554]: (534.4265830881113,1)
[1555]: (534.5096761493589,1)
[1556]: (534.1820991934126,1)
[1557]: (534.10996744585,1)
[1558]: (534.0687246005251,1)
[1559]: (534.0369328994292,1)
[1560]: (534.4418720683855,1)
[1561]: (534.3316229045387,1)
[1562]: (534.2190045853301,1)
[1563]: (534.3419567743847,1)
[1564]: (534.0366975033347,1)
[1565]: (534.1221694100821,1)
[1566]: (534.0207225909905,1)
[1567]: (553.546485471095,1)
[1568]: (534.4793701819725,1)
[1569]: (534.4164585343502,1)
[1570]: (534.4804911509443,1)
[1571]: (534.0956427525753,1)
[1572]: (534.2750956552007,1)
[1573]: (534.0423650677844,1)
[1574]: (534.559308950357,1)
[1575]: (534.0274151834657,1)
[1576]: (534.0000615950987,1)
[1577]: (546.2650326245426,1)
[1578]: (534.2086811826656,1)
[1579]: (534.1825318753097,1)
[1580]: (534.0767139255552,1)
[1581]: (534.1364654922077,1)
[1582]: (534.0760550593324,1)
[1583]: (534.3255420875581,1)
[1584]: (534.3480757757141,1)
[1585]: (534.0547844243563,1)
[1586]: (534.3283602449109,1)
[1587]: (534.2173587364799,1)
[1588]: (534.2807170921297,1)
[1589]: (534.2214859508823,1)
[1590]: (534.3110272947409,1)
[1591]: (534.2713250412572,1)
[1592]: (534.2826446579356,1)
[1593]: (534.1901583765374,1)
[1594]: (534.4776734484055,1)
[1595]: (534.468362341684,1)
[1596]: (534.0899331072977,1)
[1597]: (534.2637200010776,1)
[1598]: (534.265728783295,1)
[1599]: (534.4054165932138,1)
[1600]: (534.5551317277097,1)
[1601]: (534.2657318098836,1)
[1602]: (534.0354510241149,1)
[1603]: (534.1350444718728,1)
[1604]: (534.2052889766791,1)
[1605]: (534.1839145691407,1)
[1606]: (534.4397623593455,1)
[1607]: (534.443876046733,1)
[1608]: (534.1470975974536,1)
[1609]: (534.2879626383686,1)
[1610]: (534.1258806447916,1)
[1611]: (534.5198273069944,1)
[1612]: (534.0828187577346,1)
[1613]: (534.7094282846413,1)
[1614]: (534.12673019573,1)
[1615]: (534.2319076808892,1)
[1616]: (534.1049171082601,1)
[1617]: (534.1907903325457,1)
[1618]: (534.0816933905244,1)
[1619]: (534.433699846771,1)
[1620]: (534.7920281321948,1)
[1621]: (534.9002719505702,1)
[1622]: (534.5307228782863,1)
[1623]: (534.3924485215427,1)
[1624]: (534.688541801688,1)
[1625]: (534.060345782491,1)
[1626]: (534.3210139542463,1)
[1627]: (534.1369310554128,1)
[1628]: (534.1684182031424,1)
[1629]: (534.229184249109,1)
[1630]: (534.4323815871519,1)
[1631]: (534.1410161203465,1)
[1632]: (534.2848812685068,1)
[1633]: (534.1704811337406,1)
[1634]: (534.2046601305451,1)
[1635]: (534.4918000781025,1)
[1636]: (534.0307439230676,1)
[1637]: (534.5554393200264,1)
[1638]: (534.0305870547688,1)
[1639]: (534.012235666093,1)
[1640]: (534.1529546400967,1)
[1641]: (534.1514616793345,1)
[1642]: (534.3936117055291,1)
[1643]: (534.2421325536036,1)
[1644]: (535.2224011751583,1)
[1645]: (534.3238181415908,1)
[1646]: (534.0067825312536,1)
[1647]: (534.0201950976224,1)
[1648]: (534.0748782505964,1)
[1649]: (534.0464883530827,1)
[1650]: (534.1996585139104,1)
[1651]: (534.0988262639952,1)
[1652]: (534.2000947134854,1)
[1653]: (534.0342383528314,1)
[1654]: (534.2412582321377,1)
[1655]: (534.4417414985616,1)
[1656]: (534.3031247518543,1)
[1657]: (534.1251808552288,1)
[1658]: (534.1061946005108,1)
[1659]: (534.1092536021412,1)
[1660]: (534.1456525358817,1)
[1661]: (534.1161103071546,1)
[1662]: (534.1537885095806,1)
[1663]: (534.0392920882537,1)
[1664]: (534.3190176398078,1)
[1665]: (534.7437927407358,1)
[1666]: (534.2836964801736,1)
[1667]: (534.5038755556886,1)
[1668]: (534.1777586748298,1)
[1669]: (534.3454516782059,1)
[1670]: (534.3778132183578,1)
[1671]: (534.7136561065464,1)
[1672]: (535.3490397952146,1)
[1673]: (534.0105459305107,1)
[1674]: (534.6943849506258,1)
[1675]: (534.1823334974169,1)
[1676]: (534.6322561429743,1)
[1677]: (534.4853535602986,1)
[1678]: (534.5743264299174,1)
[1679]: (534.2660152774557,1)
[1680]: (534.0230927853706,1)
[1681]: (534.0937475922282,1)
[1682]: (534.1425819878181,1)
[1683]: (534.3427879411342,1)
[1684]: (534.1814113022152,1)
[1685]: (534.1084404210372,1)
[1686]: (534.1614060603583,1)
[1687]: (534.2065961542988,1)
[1688]: (534.0046407110326,1)
[1689]: (534.0662423135838,1)
[1690]: (534.8457442293848,1)
[1691]: (536.0262591419269,1)
[1692]: (534.3005165558644,1)
[1693]: (534.6205143129115,1)
[1694]: (534.2425197534304,1)
[1695]: (534.338500475977,1)
[1696]: (534.0624891287166,1)
[1697]: (534.2711839116586,1)
[1698]: (534.0482469569138,1)
[1699]: (534.0601131187262,1)
[1700]: (534.3163675623456,1)
[1701]: (534.2179421435112,1)
[1702]: (534.5214752176022,1)
[1703]: (534.0746130749621,1)
[1704]: (534.093395413571,1)
[1705]: (534.262155726612,1)
[1706]: (534.1449818980717,1)
[1707]: (534.7049665880661,1)
[1708]: (535.1635912063138,1)
[1709]: (534.0342927884121,1)
[1710]: (534.0375127187664,1)
[1711]: (534.1772869099792,1)
[1712]: (534.1109185335256,1)
[1713]: (534.1178204044801,1)
[1714]: (534.2117851883108,1)
[1715]: (534.1387424170827,1)
[1716]: (534.1632687658415,1)
[1717]: (534.5439811666721,1)
[1718]: (534.020418207272,1)
[1719]: (534.1656505767155,1)
[1720]: (534.1164128009904,1)
[1721]: (534.1007631281681,1)
[1722]: (534.0331129560192,1)
[1723]: (534.202362061742,1)
[1724]: (534.3582997373512,1)
[1725]: (534.2259774176819,1)
[1726]: (534.5159640294703,1)
[1727]: (534.97271974782,1)
[1728]: (534.0167332108152,1)
[1729]: (534.3530921050723,1)
[1730]: (534.0270691127148,1)
[1731]: (534.0767742273174,1)
[1732]: (534.162527851559,1)
[1733]: (534.02673133786,1)
[1734]: (535.3643245951827,1)
[1735]: (534.215412561546,1)
[1736]: (534.5438779671865,1)
[1737]: (534.1389905361461,1)
[1738]: (534.3708420654376,1)
[1739]: (534.0483815243165,1)
[1740]: (534.0902422970544,1)
[1741]: (534.3527993849524,1)
[1742]: (534.2923205178016,1)
[1743]: (534.271776164951,1)
[1744]: (534.1358476372352,1)
[1745]: (534.9551105912894,1)
[1746]: (534.3199502865648,1)
[1747]: (534.3240566525727,1)
[1748]: (534.0651896903418,1)
[1749]: (534.6088852985848,1)
[1750]: (534.2875569437144,1)
[1751]: (534.2372258553074,1)
[1752]: (534.2887324930292,1)
[1753]: (534.1970174229569,1)
[1754]: (534.2205934786612,1)
[1755]: (534.7456729517396,1)
[1756]: (534.1070585847002,1)
[1757]: (534.3940004430162,1)
[1758]: (534.0081383424025,1)
[1759]: (534.2965326947403,1)
[1760]: (534.010080493061,1)
[1761]: (534.5651377454831,1)
[1762]: (534.1862468011514,1)
[1763]: (534.9373368845362,1)
[1764]: (534.2334003221471,1)
[1765]: (534.6946464873816,1)
[1766]: (534.220625276934,1)
[1767]: (534.0320892751957,1)
[1768]: (534.6222005961693,1)
[1769]: (534.0418040814394,1)
[1770]: (534.0894761946658,1)
[1771]: (534.2582649581548,1)
[1772]: (534.2869190261612,1)
[1773]: (534.0566171170598,1)
[1774]: (534.3556205798134,1)
[1775]: (534.3395858132756,1)
[1776]: (534.0888414811144,1)
[1777]: (535.4786217203562,1)
[1778]: (534.047780092015,1)
[1779]: (534.2433615716602,1)
[1780]: (534.0604161137219,1)
[1781]: (534.8493815953357,1)
[1782]: (534.6194899476545,1)
[1783]: (534.3527748526787,1)
[1784]: (534.0156663431125,1)
[1785]: (534.175443743689,1)
[1786]: (534.2368050081991,1)
[1787]: (534.4143804153888,1)
[1788]: (534.1364379757524,1)
[1789]: (534.3982475016511,1)
[1790]: (534.3663156374706,1)
[1791]: (534.1645047915698,1)
[1792]: (534.4599069256839,1)
[1793]: (534.1660514157342,1)
[1794]: (534.3319332512262,1)
[1795]: (534.0316134075534,1)
[1796]: (534.1211496278949,1)
[1797]: (534.9097950232035,1)
[1798]: (534.1904591611731,1)
[1799]: (534.0062457624171,1)
[1800]: (534.0064826323388,1)
[1801]: (534.0442643604574,1)
[1802]: (534.7066386309004,1)
[1803]: (534.024267791787,1)
[1804]: (534.0051790151505,1)
[1805]: (534.1575644395645,1)
[1806]: (534.0228864981256,1)
[1807]: (534.0608821625055,1)
[1808]: (534.0541793084018,1)
[1809]: (534.2079097289043,1)
[1810]: (534.092912217479,1)
[1811]: (534.9843630319029,1)
[1812]: (534.2230570208412,1)
[1813]: (534.3904911269448,1)
[1814]: (534.2001717616057,1)
[1815]: (534.0869759113727,1)
[1816]: (534.8044463854995,1)
[1817]: (534.3667251985028,1)
[1818]: (534.288519623579,1)
[1819]: (534.3230500695115,1)
[1820]: (534.0197900389741,1)
[1821]: (534.2491863430324,1)
[1822]: (534.1999271395204,1)
[1823]: (534.1786601427385,1)
[1824]: (534.9146280873264,1)
[1825]: (534.2065617191801,1)
[1826]: (535.4089839105543,1)
[1827]: (534.1839223145291,1)
[1828]: (535.1196481584246,1)
[1829]: (534.0660376107666,1)
[1830]: (535.2091808413153,1)
[1831]: (534.4593902211064,1)
[1832]: (535.3306258654763,1)
[1833]: (534.7516088545057,1)
[1834]: (534.0284641770603,1)
[1835]: (534.2556968572912,1)
[1836]: (534.3054832976194,1)
[1837]: (534.0565890179679,1)
[1838]: (534.7069457042102,1)
[1839]: (534.3227834251057,1)
[1840]: (534.5286816086295,1)
[1841]: (534.2671263359272,1)
[1842]: (534.4700498128823,1)
[1843]: (534.0515221208086,1)
[1844]: (534.5917200131792,1)
[1845]: (534.363437194207,1)
[1846]: (535.163537884127,1)
[1847]: (534.4847690729043,1)
[1848]: (534.1038136761864,1)
[1849]: (534.2070063799639,1)
[1850]: (534.4662795450606,1)
[1851]: (535.6440350069082,1)
[1852]: (534.5927780995046,1)
[1853]: (534.1345671598108,1)
[1854]: (534.2483551834737,1)
[1855]: (534.1463811784253,1)
[1856]: (534.4270752155979,1)
[1857]: (535.2877254000348,1)
[1858]: (534.5514509638128,1)
[1859]: (534.1182114714088,1)
[1860]: (534.4888309856177,1)
[1861]: (534.6109539618591,1)
[1862]: (534.4453704387021,1)
[1863]: (534.4166209520746,1)
[1864]: (534.3181735656937,1)
[1865]: (534.2922483568158,1)
[1866]: (534.2165016584711,1)
[1867]: (534.2510492790585,1)
[1868]: (534.1047638676881,1)
[1869]: (534.8515538365527,1)
[1870]: (534.1777550589885,1)
[1871]: (534.2459479856022,1)
[1872]: (534.4346945857798,1)
[1873]: (534.124803843064,1)
[1874]: (534.0536172018308,1)
[1875]: (534.107851096069,1)
[1876]: (534.5172165902915,1)
[1877]: (535.0906662881265,1)
[1878]: (534.5477843321668,1)
[1879]: (535.5202997374822,1)
[1880]: (534.0362474593571,1)
[1881]: (535.1291787511157,1)
[1882]: (534.0247123766219,1)
[1883]: (534.1536004285731,1)
[1884]: (534.0437232668875,1)
[1885]: (534.7868598625522,1)
[1886]: (534.4580934240045,1)
[1887]: (534.0402325085862,1)
[1888]: (534.333779868296,1)
[1889]: (534.356363104923,1)
[1890]: (534.3951500891064,1)
[1891]: (534.1702983334895,1)
[1892]: (534.0703154557332,1)
[1893]: (534.5917461182387,1)
[1894]: (534.0358185966272,1)
[1895]: (534.0197204203969,1)
[1896]: (534.2139384266688,1)
[1897]: (534.3499806045454,1)
[1898]: (534.0270432299963,1)
[1899]: (534.1335492742922,1)
[1900]: (534.469228430833,1)
[1901]: (534.3719123117097,1)
[1902]: (534.0607010415433,1)
[1903]: (534.0057286940861,1)
[1904]: (534.0966541791726,1)
[1905]: (534.2465712508558,1)
[1906]: (534.0014568822646,1)
[1907]: (534.6678092081706,1)
[1908]: (535.6238222051488,1)
[1909]: (534.9136101160938,1)
[1910]: (534.0672421012442,1)
[1911]: (534.3955385205154,1)
[1912]: (534.0034158633629,1)
[1913]: (534.0786399698044,1)
[1914]: (534.0141153287208,1)
[1915]: (535.4410229305835,1)
[1916]: (534.0422706651207,1)
[1917]: (534.6018962307513,1)
[1918]: (534.2893034122346,1)
[1919]: (534.1072006362638,1)
[1920]: (534.1293359958377,1)
[1921]: (534.1531546717604,1)
[1922]: (534.0220235291554,1)
[1923]: (534.2314276825624,1)
[1924]: (534.3606420485271,1)
[1925]: (534.2172294354702,1)
[1926]: (534.3744253121868,1)
[1927]: (534.2335668500463,1)
[1928]: (534.6148423900769,1)
[1929]: (534.0073171137178,1)
[1930]: (534.9865701008619,1)
[1931]: (534.545448540918,1)
[1932]: (534.4475942927539,1)
[1933]: (534.2872763917266,1)
[1934]: (534.0609925887153,1)
[1935]: (534.4476111528671,1)
[1936]: (534.1666909420386,1)
[1937]: (534.1051940547662,1)
[1938]: (535.2387338302536,1)
[1939]: (534.3056398788308,1)
[1940]: (534.0581644609925,1)
[1941]: (534.5541813581016,1)
[1942]: (534.2718892352343,1)
[1943]: (534.1432597573523,1)
[1944]: (534.1490161164028,1)
[1945]: (534.0397028548663,1)
[1946]: (534.1443983729209,1)
[1947]: (534.3200400314421,1)
[1948]: (534.7716881550083,1)
[1949]: (534.2609347575891,1)
[1950]: (534.0825491375031,1)
[1951]: (534.0779222789618,1)
[1952]: (534.4074108982688,1)
[1953]: (534.1070304529591,1)
[1954]: (534.072248507204,1)
[1955]: (534.0174048115761,1)
[1956]: (534.071910858099,1)
[1957]: (534.5559643818484,1)
[1958]: (534.0843569035627,1)
[1959]: (534.2722190792382,1)
[1960]: (534.4534275190443,1)
[1961]: (534.064796905099,1)
[1962]: (534.0297032285375,1)
[1963]: (534.1560132208413,1)
[1964]: (534.3025647340479,1)
[1965]: (534.55697618792,1)
[1966]: (534.6974977648625,1)
[1967]: (534.2199824479757,1)
[1968]: (535.1179409743957,1)
[1969]: (534.2464501660346,1)
[1970]: (534.1312879385428,1)
[1971]: (534.4025822798744,1)
[1972]: (534.0115396161431,1)
[1973]: (534.6463971243286,1)
[1974]: (534.3403860307927,1)
[1975]: (534.2055401103936,1)
[1976]: (534.0271264541999,1)
[1977]: (534.5097399306005,1)
[1978]: (534.3783926777122,1)
[1979]: (534.0512281496485,1)
[1980]: (534.7430135928461,1)
[1981]: (534.2615544882858,1)
[1982]: (534.0584819005719,1)
[1983]: (534.0102746113514,1)
[1984]: (534.0122039216544,1)
[1985]: (534.0672270120164,1)
[1986]: (534.6420827642356,1)
[1987]: (534.0180664443147,1)
[1988]: (534.5476286959009,1)
[1989]: (534.1053179614079,1)
[1990]: (534.0686643749114,1)
[1991]: (534.3060285058948,1)
[1992]: (534.2215500113623,1)
[1993]: (534.6266934588822,1)
[1994]: (534.7932451062774,1)
[1995]: (534.1662409283731,1)
[1996]: (534.0552697293508,1)
[1997]: (534.0838703574765,1)
[1998]: (534.0479267715249,1)
[1999]: (534.4757955252458,1)
 -- States explored : 0 states
 -- CPU user time used : 56140 ms
 -- Virtual memory used : 2536164 KiB
 -- Resident memory used : 2497652 KiB
executionTime: 403
