Options for the verification:
  Generating some trace
  Search order is random depth first
  Using conservative space optimisation
  Seed is 1556316744
  State space representation uses minimal constraint systems
  Using HashMap + Compress integers for discrete state storage

Verifying formula 1 at ../queries/SP_100_37_8.q:1
 -- Formula is satisfied.
(9000 runs)
Learning statistics for best strategy: 
	Number of resets: 0
	Number of iterations in last reset: 11
	Number of iterations in total: 11

 -- States explored : 0 states
 -- CPU user time used : 1534630 ms
 -- Virtual memory used : 21174212 KiB
 -- Resident memory used : 21135672 KiB

Verifying formula 2 at ../queries/SP_100_37_8.q:2
 -- Formula is satisfied.
Composer.Done:
[0]: (0,0) (144.0158924002177,1)
[1]: (144.2690267514881,1)
[2]: (147.3888829958959,1)
[3]: (144.1361227232545,1)
[4]: (143.4570055091697,1)
[5]: (147.5165148307448,1)
[6]: (142.0883650827903,1)
[7]: (145.282841763152,1)
[8]: (150.5882998697015,1)
[9]: (150.0133671276699,1)
[10]: (141.0252267124403,1)
[11]: (142.0220182876056,1)
[12]: (148.0926163936114,1)
[13]: (145.1946495525756,1)
[14]: (147.0431776972626,1)
[15]: (151.9699369688264,1)
[16]: (146.149220180229,1)
[17]: (145.031775577927,1)
[18]: (149.1936968788592,1)
[19]: (145.4117514441433,1)
[20]: (144.5373861568872,1)
[21]: (146.0902840549375,1)
[22]: (148.1420717527772,1)
[23]: (146.614817320306,1)
[24]: (147.3574441432779,1)
[25]: (148.7105424852413,1)
[26]: (144.7279481781719,1)
[27]: (145.0427578898797,1)
[28]: (143.2359775062012,1)
[29]: (144.3078232493228,1)
[30]: (143.4451457353771,1)
[31]: (146.1229085605876,1)
[32]: (146.2045322242101,1)
[33]: (143.7304516833634,1)
[34]: (143.5576834901963,1)
[35]: (147.4124571746433,1)
[36]: (145.0598405419776,1)
[37]: (144.0406516751011,1)
[38]: (145.3359168800769,1)
[39]: (146.7502777207428,1)
[40]: (145.1528855872979,1)
[41]: (146.5159167983041,1)
[42]: (145.5495923289761,1)
[43]: (152.1016331062121,1)
[44]: (144.2050972203452,1)
[45]: (146.1951845468477,1)
[46]: (144.1409848593258,1)
[47]: (146.2513648591278,1)
[48]: (147.0261384440546,1)
[49]: (143.3987496264353,1)
[50]: (146.3320617969786,1)
[51]: (146.4969485516867,1)
[52]: (146.0705076307094,1)
[53]: (148.5130645976307,1)
[54]: (144.2519563501281,1)
[55]: (150.4253508366735,1)
[56]: (147.0525891000767,1)
[57]: (144.4284382164437,1)
[58]: (144.2712473173285,1)
[59]: (142.5019817633921,1)
[60]: (144.06076218961,1)
[61]: (147.0367513801686,1)
[62]: (143.0834818232817,1)
[63]: (147.2840996836967,1)
[64]: (144.2268220797955,1)
[65]: (147.3681118608801,1)
[66]: (142.581866333695,1)
[67]: (150.6870712251313,1)
[68]: (151.1058762158076,1)
[69]: (147.1984715836664,1)
[70]: (144.1545669337513,1)
[71]: (144.2291147888835,1)
[72]: (147.0577366604073,1)
[73]: (153.128855706849,1)
[74]: (148.0811176887011,1)
[75]: (152.3811550785872,1)
[76]: (147.3452409872999,1)
[77]: (142.3760952312875,1)
[78]: (146.0239717354474,1)
[79]: (145.3990365036818,1)
[80]: (146.6813571138857,1)
[81]: (146.0123933115995,1)
[82]: (150.1537083347301,1)
[83]: (148.3977419162611,1)
[84]: (145.3058817749215,1)
[85]: (143.0476175213118,1)
[86]: (150.4182632354041,1)
[87]: (155.0488314462661,1)
[88]: (144.2047945550115,1)
[89]: (143.0513967062955,1)
[90]: (143.9205612508058,1)
[91]: (145.0776768886298,1)
[92]: (151.0756820864991,1)
[93]: (145.338351226138,1)
[94]: (145.4204407199627,1)
[95]: (147.0889888712506,1)
[96]: (143.495525113911,1)
[97]: (149.4916559677395,1)
[98]: (144.2660392019987,1)
[99]: (148.4366693458213,1)
[100]: (145.0898039616083,1)
[101]: (143.2591409420675,1)
[102]: (148.0152514700276,1)
[103]: (147.1563987653184,1)
[104]: (150.5891201490983,1)
[105]: (149.221871690845,1)
[106]: (148.6347808758035,1)
[107]: (145.263312100871,1)
[108]: (150.1447779961474,1)
[109]: (145.573736515631,1)
[110]: (147.7416144959541,1)
[111]: (147.1806517041306,1)
[112]: (145.6529626969321,1)
[113]: (147.1187754824761,1)
[114]: (146.0627022030506,1)
[115]: (152.1209283677539,1)
[116]: (149.0656212863218,1)
[117]: (148.0552640475143,1)
[118]: (143.033052538116,1)
[119]: (146.0620096925559,1)
[120]: (143.2324346313834,1)
[121]: (147.203082904908,1)
[122]: (151.0474003252352,1)
[123]: (146.2421157513737,1)
[124]: (141.1361721058828,1)
[125]: (145.0912031761269,1)
[126]: (146.0008323431406,1)
[127]: (149.1784811290042,1)
[128]: (148.0738939494829,1)
[129]: (148.274535453729,1)
[130]: (149.1177812686855,1)
[131]: (148.0098127989873,1)
[132]: (144.1133998864336,1)
[133]: (151.5429971313286,1)
[134]: (147.3357232942506,1)
[135]: (144.1765310245262,1)
[136]: (147.1237727504216,1)
[137]: (148.7307064129186,1)
[138]: (145.0940782786366,1)
[139]: (146.7027433604302,1)
[140]: (144.3132470235718,1)
[141]: (144.0200320727732,1)
[142]: (147.0963669860361,1)
[143]: (146.6138308796052,1)
[144]: (142.0456457320254,1)
[145]: (143.1950866594132,1)
[146]: (146.4401170174523,1)
[147]: (144.0285552257659,1)
[148]: (147.1799531267609,1)
[149]: (149.9911372625037,1)
[150]: (145.5495166430557,1)
[151]: (154.0589132734766,1)
[152]: (145.0962281975034,1)
[153]: (143.2118392907228,1)
[154]: (146.0533648849555,1)
[155]: (144.2551471439188,1)
[156]: (148.765184627447,1)
[157]: (144.02146951881,1)
[158]: (145.2769960876458,1)
[159]: (143.0366955665317,1)
[160]: (149.7041637635176,1)
[161]: (149.1361272910407,1)
[162]: (150.061689413369,1)
[163]: (151.0927087760093,1)
[164]: (154.3064047213178,1)
[165]: (145.100932007611,1)
[166]: (148.1194448726974,1)
[167]: (144.0620337573138,1)
[168]: (150.8245679451743,1)
[169]: (149.0237272450212,1)
[170]: (143.8673837915793,1)
[171]: (146.0854172876285,1)
[172]: (146.0680730480088,1)
[173]: (143.4739087822289,1)
[174]: (146.4150347476946,1)
[175]: (149.0636328648173,1)
[176]: (144.2014353082394,1)
[177]: (145.1460196296391,1)
[178]: (147.5487803940485,1)
[179]: (145.1279222895596,1)
[180]: (147.5850327943867,1)
[181]: (149.2043151925788,1)
[182]: (145.1662710821802,1)
[183]: (143.0272863278689,1)
[184]: (146.4430356377929,1)
[185]: (144.4658114876859,1)
[186]: (146.201234624746,1)
[187]: (147.1073037989538,1)
[188]: (148.2541526997952,1)
[189]: (147.171675621472,1)
[190]: (146.23825165705,1)
[191]: (143.1269350480438,1)
[192]: (148.4080612104728,1)
[193]: (146.4230263162127,1)
[194]: (144.233927817928,1)
[195]: (146.0204621295946,1)
[196]: (146.6066040002357,1)
[197]: (146.0272640964333,1)
[198]: (144.1363813390092,1)
[199]: (145.0712719416306,1)
[200]: (153.0596328810927,1)
[201]: (149.3754978909564,1)
[202]: (143.0070183721485,1)
[203]: (146.5691884775672,1)
[204]: (147.8408424768484,1)
[205]: (142.3485226922963,1)
[206]: (147.0594548917156,1)
[207]: (150.7223345857979,1)
[208]: (145.6709992500187,1)
[209]: (145.1706382497555,1)
[210]: (145.1459504582025,1)
[211]: (146.0065421387781,1)
[212]: (150.460874718239,1)
[213]: (147.3837657664434,1)
[214]: (146.2249480540295,1)
[215]: (146.6943310877261,1)
[216]: (144.3338678010641,1)
[217]: (145.2654011981903,1)
[218]: (143.3608910599689,1)
[219]: (142.1030024227625,1)
[220]: (147.1354845471288,1)
[221]: (143.0398929282247,1)
[222]: (149.2401988161023,1)
[223]: (147.2895907055893,1)
[224]: (146.7434431079562,1)
[225]: (150.2956098764559,1)
[226]: (144.0635153456575,1)
[227]: (146.6609274395676,1)
[228]: (148.0678859364339,1)
[229]: (145.0806386014013,1)
[230]: (144.7290018213275,1)
[231]: (143.0382473506145,1)
[232]: (145.0826540822528,1)
[233]: (147.1354043957662,1)
[234]: (146.2452737655254,1)
[235]: (144.51774220927,1)
[236]: (145.0440817550395,1)
[237]: (145.9620349173942,1)
[238]: (142.3652532450494,1)
[239]: (149.668299321026,1)
[240]: (147.6782914724066,1)
[241]: (144.0386591830242,1)
[242]: (144.0856546135419,1)
[243]: (143.3277502360614,1)
[244]: (145.1500584503169,1)
[245]: (147.1225245302131,1)
[246]: (150.8003216283725,1)
[247]: (146.0418071278258,1)
[248]: (141.0113947142334,1)
[249]: (143.0030175178841,1)
[250]: (147.4140721215698,1)
[251]: (145.1692866399757,1)
[252]: (147.2740697889938,1)
[253]: (150.0823424258325,1)
[254]: (144.0081623244459,1)
[255]: (143.3084078082562,1)
[256]: (148.3887072914858,1)
[257]: (145.1715303441059,1)
[258]: (147.0041953216988,1)
[259]: (143.3334421887138,1)
[260]: (149.250586447073,1)
[261]: (146.551295111525,1)
[262]: (146.8809278674568,1)
[263]: (142.8363094430122,1)
[264]: (148.0481687020673,1)
[265]: (144.7142063361797,1)
[266]: (149.0752384533741,1)
[267]: (150.1502362710259,1)
[268]: (148.032434172033,1)
[269]: (146.6684222052011,1)
[270]: (147.0782239596718,1)
[271]: (145.1064423258343,1)
[272]: (147.0392783774518,1)
[273]: (149.2843777014277,1)
[274]: (143.2295782180533,1)
[275]: (150.6596892015986,1)
[276]: (145.1242072662414,1)
[277]: (143.3740424116408,1)
[278]: (147.0358606102729,1)
[279]: (145.8863311854085,1)
[280]: (145.6495375350527,1)
[281]: (148.1408255628999,1)
[282]: (146.2785797609148,1)
[283]: (146.5826945460562,1)
[284]: (145.0727928942776,1)
[285]: (143.1089867941607,1)
[286]: (144.5979455431026,1)
[287]: (150.2703178398872,1)
[288]: (144.1436470542708,1)
[289]: (147.5601300633192,1)
[290]: (145.4802160524082,1)
[291]: (145.1008153699672,1)
[292]: (145.1849232468485,1)
[293]: (147.2925142241089,1)
[294]: (149.3404023570893,1)
[295]: (144.0045428739253,1)
[296]: (148.0249841850406,1)
[297]: (148.2217339021967,1)
[298]: (147.5322043177046,1)
[299]: (150.1134918077163,1)
[300]: (147.1394365631341,1)
[301]: (147.1458466864401,1)
[302]: (143.0368706345747,1)
[303]: (144.0275215634801,1)
[304]: (144.2898053312938,1)
[305]: (146.5554564315343,1)
[306]: (150.1361375749285,1)
[307]: (145.4479463794948,1)
[308]: (143.0357111757639,1)
[309]: (147.4844688818517,1)
[310]: (153.6041313805322,1)
[311]: (148.1059120791529,1)
[312]: (143.0873740670317,1)
[313]: (144.190362419243,1)
[314]: (146.1926631743858,1)
[315]: (144.1134406335817,1)
[316]: (145.2037624962828,1)
[317]: (146.1626382842983,1)
[318]: (147.4574172158441,1)
[319]: (146.0574423767865,1)
[320]: (145.1820652473175,1)
[321]: (149.2451059401029,1)
[322]: (148.5057670559482,1)
[323]: (144.8065156254094,1)
[324]: (145.1782880989326,1)
[325]: (149.2467522188642,1)
[326]: (143.1611913774655,1)
[327]: (145.0347276973149,1)
[328]: (145.3890078009614,1)
[329]: (144.1312259087937,1)
[330]: (149.0152412378317,1)
[331]: (146.3587785338161,1)
[332]: (145.0573940684649,1)
[333]: (147.1084302848834,1)
[334]: (151.1922592479754,1)
[335]: (147.4162320365311,1)
[336]: (147.0846372073961,1)
[337]: (154.4465609198577,1)
[338]: (151.3025144580254,1)
[339]: (150.3491063086401,1)
[340]: (148.5069750533763,1)
[341]: (146.7264406383849,1)
[342]: (145.2152046534648,1)
[343]: (147.4034219461629,1)
[344]: (146.0390768057312,1)
[345]: (145.0460148946691,1)
[346]: (147.4136429343886,1)
[347]: (149.2966557320049,1)
[348]: (144.3006050301108,1)
[349]: (146.2126287432724,1)
[350]: (151.1566552110865,1)
[351]: (148.551084230922,1)
[352]: (146.115538659011,1)
[353]: (148.2312293757397,1)
[354]: (141.5551218463454,1)
[355]: (147.0120466136937,1)
[356]: (143.2172977827466,1)
[357]: (148.9046840925725,1)
[358]: (144.2883743510118,1)
[359]: (144.0329654745147,1)
[360]: (149.1847572055091,1)
[361]: (148.9039335418527,1)
[362]: (148.1514540591162,1)
[363]: (147.3520885086437,1)
[364]: (146.0036013429704,1)
[365]: (154.3579728496192,1)
[366]: (145.2321114233447,1)
[367]: (147.239803078012,1)
[368]: (149.0024210365802,1)
[369]: (151.2350787743526,1)
[370]: (145.3177005905747,1)
[371]: (147.766510903481,1)
[372]: (147.0646366510347,1)
[373]: (145.0418781029827,1)
[374]: (144.301739210584,1)
[375]: (147.0199854503889,1)
[376]: (144.5630860822192,1)
[377]: (145.4401737832725,1)
[378]: (145.3028713521364,1)
[379]: (142.1054678345977,1)
[380]: (146.1339183121761,1)
[381]: (144.4128317130207,1)
[382]: (144.1458245472695,1)
[383]: (147.0095460622469,1)
[384]: (143.1562082824112,1)
[385]: (144.0661104900499,1)
[386]: (145.1338914406611,1)
[387]: (145.5753528042586,1)
[388]: (142.2465047910773,1)
[389]: (144.1298210309809,1)
[390]: (146.4258316872587,1)
[391]: (149.7645703530633,1)
[392]: (150.2915616818866,1)
[393]: (148.2477054599628,1)
[394]: (143.0685001888909,1)
[395]: (146.0088654662455,1)
[396]: (143.1731502448338,1)
[397]: (148.0025799129618,1)
[398]: (145.1047638938945,1)
[399]: (147.2545665251295,1)
[400]: (145.0075413553123,1)
[401]: (146.3175873621142,1)
[402]: (148.1778900825739,1)
[403]: (144.0698844046039,1)
[404]: (145.4529138027912,1)
[405]: (143.3578792579444,1)
[406]: (145.4478088880265,1)
[407]: (147.4995321788029,1)
[408]: (145.050912529471,1)
[409]: (143.1821552294406,1)
[410]: (145.2884398437601,1)
[411]: (149.376718584938,1)
[412]: (147.1339923399662,1)
[413]: (148.3021426220437,1)
[414]: (144.6815684754287,1)
[415]: (147.0334116977067,1)
[416]: (147.6106253488041,1)
[417]: (145.0587466316434,1)
[418]: (151.0655892964324,1)
[419]: (143.1250187555975,1)
[420]: (148.2347077448398,1)
[421]: (142.2785396015588,1)
[422]: (148.6052831515368,1)
[423]: (145.2450051473395,1)
[424]: (143.4927752858291,1)
[425]: (145.1338292377554,1)
[426]: (146.256701216513,1)
[427]: (150.5029122954309,1)
[428]: (146.018857919474,1)
[429]: (144.2879571464441,1)
[430]: (142.5135405834105,1)
[431]: (145.4844959079742,1)
[432]: (148.0817912906496,1)
[433]: (145.0358439399818,1)
[434]: (145.3140071107659,1)
[435]: (145.4632696247139,1)
[436]: (143.490316503979,1)
[437]: (146.1161555670843,1)
[438]: (145.6144120447481,1)
[439]: (144.2877906587354,1)
[440]: (142.6922799459508,1)
[441]: (143.0575020726531,1)
[442]: (143.0843947731896,1)
[443]: (150.0955343079073,1)
[444]: (144.1683719451388,1)
[445]: (147.4075567977869,1)
[446]: (150.3639077058677,1)
[447]: (149.2152936010066,1)
[448]: (147.0693210438902,1)
[449]: (149.6323932722179,1)
[450]: (143.3716948236391,1)
[451]: (146.0297895118345,1)
[452]: (145.589185656162,1)
[453]: (145.2227173702479,1)
[454]: (148.5149417936712,1)
[455]: (146.0545275877711,1)
[456]: (143.4013930067622,1)
[457]: (144.2172989809785,1)
[458]: (147.5830188620923,1)
[459]: (144.0908309232057,1)
[460]: (145.5396597791974,1)
[461]: (148.1781313631035,1)
[462]: (147.5575206164566,1)
[463]: (146.6797334446379,1)
[464]: (143.2466176133804,1)
[465]: (147.3151967878704,1)
[466]: (143.2234326295516,1)
[467]: (144.4100648082903,1)
[468]: (150.6099771162467,1)
[469]: (144.118329633759,1)
[470]: (145.6168584687521,1)
[471]: (146.1088089535433,1)
[472]: (147.143905405854,1)
[473]: (146.0013629843516,1)
[474]: (143.4547478204563,1)
[475]: (147.0941710938564,1)
[476]: (145.315490907263,1)
[477]: (142.059103768155,1)
[478]: (147.4506179736286,1)
[479]: (145.4734982189915,1)
[480]: (147.0747416566237,1)
[481]: (148.1008045940215,1)
[482]: (144.3099857988539,1)
[483]: (143.0801440849218,1)
[484]: (147.9165588964223,1)
[485]: (153.0454302862182,1)
[486]: (145.0421174620053,1)
[487]: (148.8539750090335,1)
[488]: (146.0131785839433,1)
[489]: (142.0136377181769,1)
[490]: (145.0606871373465,1)
[491]: (142.0586780859069,1)
[492]: (144.2885120691374,1)
[493]: (147.4531291606545,1)
[494]: (144.4347347378849,1)
[495]: (146.0699681417636,1)
[496]: (142.7637904658731,1)
[497]: (146.1369832203232,1)
[498]: (147.18150474647,1)
[499]: (147.7401690537898,1)
[500]: (144.1871222221843,1)
[501]: (144.3258380923996,1)
[502]: (148.7929500107468,1)
[503]: (144.8092301416903,1)
[504]: (144.0027800049918,1)
[505]: (145.0292432537524,1)
[506]: (144.4269636543095,1)
[507]: (147.0546656909368,1)
[508]: (147.3418600144023,1)
[509]: (148.9058741426404,1)
[510]: (148.2045226646123,1)
[511]: (152.1526061338259,1)
[512]: (145.5110437175209,1)
[513]: (146.2952372332978,1)
[514]: (144.1645884444912,1)
[515]: (144.1248569045561,1)
[516]: (146.2466187761649,1)
[517]: (146.0661411373162,1)
[518]: (149.0219552674781,1)
[519]: (145.2588632531292,1)
[520]: (145.1372634100571,1)
[521]: (143.4224994155458,1)
[522]: (147.4153748621941,1)
[523]: (145.636749437595,1)
[524]: (147.6579780447688,1)
[525]: (146.7861860105361,1)
[526]: (146.7948895756607,1)
[527]: (149.2128569845737,1)
[528]: (145.0657152393783,1)
[529]: (142.1153014126845,1)
[530]: (146.0728011975442,1)
[531]: (143.087935522255,1)
[532]: (146.1863980663009,1)
[533]: (150.7645378214021,1)
[534]: (146.202775582417,1)
[535]: (147.0547086430547,1)
[536]: (145.0807519904943,1)
[537]: (144.4350309112919,1)
[538]: (149.0800566383554,1)
[539]: (143.5258325576252,1)
[540]: (141.6136609739707,1)
[541]: (143.3866540785818,1)
[542]: (143.0141492158807,1)
[543]: (147.3086575639189,1)
[544]: (152.2153901118614,1)
[545]: (143.0047379331719,1)
[546]: (143.1432553496331,1)
[547]: (147.914811017067,1)
[548]: (152.3743702125716,1)
[549]: (145.283203022519,1)
[550]: (146.1370007389982,1)
[551]: (150.0868132767535,1)
[552]: (148.1955749350761,1)
[553]: (145.3664678253752,1)
[554]: (146.044191216201,1)
[555]: (148.0212730750747,1)
[556]: (146.7183509503242,1)
[557]: (151.4665467981757,1)
[558]: (143.2118192512818,1)
[559]: (144.2322770731707,1)
[560]: (147.0230187668857,1)
[561]: (145.0891196941063,1)
[562]: (144.7300950476573,1)
[563]: (148.1380089592237,1)
[564]: (146.6607819035875,1)
[565]: (146.0242814144223,1)
[566]: (142.0903224728243,1)
[567]: (144.8509554240771,1)
[568]: (146.5073965250201,1)
[569]: (146.0632724083906,1)
[570]: (150.7506597087392,1)
[571]: (148.0035506895337,1)
[572]: (146.0869154392378,1)
[573]: (145.3132419915218,1)
[574]: (149.8011390262157,1)
[575]: (148.1303712465951,1)
[576]: (143.1134421410128,1)
[577]: (145.1798523476214,1)
[578]: (143.1651609487602,1)
[579]: (150.0369322841614,1)
[580]: (144.038777946292,1)
[581]: (145.6876149377663,1)
[582]: (146.4066553318911,1)
[583]: (147.1363991961831,1)
[584]: (145.0590342909699,1)
[585]: (150.9533245952572,1)
[586]: (141.2976541765976,1)
[587]: (142.6444800032741,1)
[588]: (148.2897064234257,1)
[589]: (146.1363152781789,1)
[590]: (144.1183599117175,1)
[591]: (148.6265960900454,1)
[592]: (147.1004422693238,1)
[593]: (145.6211534106654,1)
[594]: (147.0246620500222,1)
[595]: (147.6882081623701,1)
[596]: (143.8308984196996,1)
[597]: (144.0974005987459,1)
[598]: (144.4344558600984,1)
[599]: (144.2808036890295,1)
[600]: (147.1734190578825,1)
[601]: (144.8095918694223,1)
[602]: (150.1448725601534,1)
[603]: (151.2008213783636,1)
[604]: (147.3153766735635,1)
[605]: (150.0078397291057,1)
[606]: (144.1404926121798,1)
[607]: (145.6137535839203,1)
[608]: (144.477962915714,1)
[609]: (148.1952910105053,1)
[610]: (146.2469731612092,1)
[611]: (147.0139864827902,1)
[612]: (144.8643330231396,1)
[613]: (147.3106908838809,1)
[614]: (145.1997968447736,1)
[615]: (150.1733847840584,1)
[616]: (145.5987661969672,1)
[617]: (148.8435591542524,1)
[618]: (145.5762299797169,1)
[619]: (146.3023709250342,1)
[620]: (145.4420378503337,1)
[621]: (149.4365134507202,1)
[622]: (143.3498675014073,1)
[623]: (149.1235663995478,1)
[624]: (145.3217851701303,1)
[625]: (147.098549000918,1)
[626]: (146.062705695173,1)
[627]: (145.1004069292559,1)
[628]: (147.3356967478692,1)
[629]: (147.015262349931,1)
[630]: (146.3852779575446,1)
[631]: (147.9270534782072,1)
[632]: (143.0174426811184,1)
[633]: (144.9887164473831,1)
[634]: (145.0477665068962,1)
[635]: (148.7023620255235,1)
[636]: (143.0508086088312,1)
[637]: (145.0943618512517,1)
[638]: (143.1855770184026,1)
[639]: (144.1880154910862,1)
[640]: (146.3434960997848,1)
[641]: (146.1492797263069,1)
[642]: (144.2628346707625,1)
[643]: (146.0071117666264,1)
[644]: (147.080520950962,1)
[645]: (145.2440503557172,1)
[646]: (146.1424170922139,1)
[647]: (142.2482970373339,1)
[648]: (148.4992248078779,1)
[649]: (142.0832702200416,1)
[650]: (147.4687231836135,1)
[651]: (147.0047833531498,1)
[652]: (146.1750144646269,1)
[653]: (146.0629589109361,1)
[654]: (143.0406242602926,1)
[655]: (143.0036801741551,1)
[656]: (147.210928304407,1)
[657]: (145.2665954030717,1)
[658]: (142.1951500559052,1)
[659]: (147.1159177016659,1)
[660]: (155.1025605147463,1)
[661]: (145.8553848556259,1)
[662]: (147.0413423577466,1)
[663]: (143.0184895829363,1)
[664]: (147.8282761755781,1)
[665]: (145.8125121862891,1)
[666]: (149.1016484205568,1)
[667]: (146.346245722625,1)
[668]: (146.0426444471276,1)
[669]: (144.1199921181569,1)
[670]: (148.004198104587,1)
[671]: (146.2257776796947,1)
[672]: (151.0114025835986,1)
[673]: (150.1610649765372,1)
[674]: (144.8128633051387,1)
[675]: (144.0251732788708,1)
[676]: (148.3246685667408,1)
[677]: (147.0872985164502,1)
[678]: (144.4250974137257,1)
[679]: (143.4146929735863,1)
[680]: (144.164955775203,1)
[681]: (146.340853434435,1)
[682]: (145.0081795222067,1)
[683]: (142.1241328469846,1)
[684]: (146.6952711919766,1)
[685]: (150.071922942145,1)
[686]: (145.2966480131734,1)
[687]: (142.0327054353547,1)
[688]: (146.1382956627223,1)
[689]: (147.074723236744,1)
[690]: (143.040497371394,1)
[691]: (151.0832451937276,1)
[692]: (145.4955766936918,1)
[693]: (145.5700648376555,1)
[694]: (145.1672045018293,1)
[695]: (145.2283269366473,1)
[696]: (145.0641240358825,1)
[697]: (144.1528151818693,1)
[698]: (149.018671681918,1)
[699]: (147.1528900904435,1)
[700]: (149.5762410172776,1)
[701]: (147.324757021099,1)
[702]: (144.1774872900213,1)
[703]: (141.2633924109095,1)
[704]: (147.0827005464611,1)
[705]: (148.0896447670507,1)
[706]: (146.2411090569331,1)
[707]: (150.2187654111172,1)
[708]: (146.1306726333072,1)
[709]: (142.2079962453781,1)
[710]: (144.1461100318114,1)
[711]: (145.1591212727391,1)
[712]: (145.7475794717016,1)
[713]: (146.1960037881236,1)
[714]: (146.5306316808727,1)
[715]: (149.8416485991036,1)
[716]: (145.1753250587581,1)
[717]: (147.9745760839055,1)
[718]: (146.251858688822,1)
[719]: (148.0394246785017,1)
[720]: (148.0801464268154,1)
[721]: (145.3414539110193,1)
[722]: (144.1090727914795,1)
[723]: (146.0842762321429,1)
[724]: (143.1268894011044,1)
[725]: (149.1273244759737,1)
[726]: (143.5069157680379,1)
[727]: (147.316735113741,1)
[728]: (147.0297701934101,1)
[729]: (145.3542499071917,1)
[730]: (149.3123465434438,1)
[731]: (143.0964128761231,1)
[732]: (147.1527324271375,1)
[733]: (144.1980403003534,1)
[734]: (144.1415171775254,1)
[735]: (148.0574784551849,1)
[736]: (143.0273883882099,1)
[737]: (147.2103592533826,1)
[738]: (149.395287144042,1)
[739]: (144.0729004696156,1)
[740]: (149.3729492729884,1)
[741]: (147.6985972253144,1)
[742]: (145.344753454006,1)
[743]: (146.5300629644131,1)
[744]: (150.1730069209708,1)
[745]: (147.0229692975114,1)
[746]: (145.1442741633654,1)
[747]: (145.2311691311078,1)
[748]: (148.1127764416806,1)
[749]: (149.0806669492371,1)
[750]: (145.2135674420307,1)
[751]: (149.7145965264688,1)
[752]: (146.1550685894079,1)
[753]: (144.2278350241023,1)
[754]: (145.3021624464149,1)
[755]: (142.4171005466256,1)
[756]: (148.1436475218746,1)
[757]: (144.1345934062096,1)
[758]: (145.1172347633131,1)
[759]: (145.418030733388,1)
[760]: (149.1117620640821,1)
[761]: (149.1006648200851,1)
[762]: (146.0381829462141,1)
[763]: (146.4710397275312,1)
[764]: (148.0146346401311,1)
[765]: (142.3181017339322,1)
[766]: (150.1722310213145,1)
[767]: (142.1120104403213,1)
[768]: (143.9002733220619,1)
[769]: (149.1723527919509,1)
[770]: (145.8633350168042,1)
[771]: (144.0098726287462,1)
[772]: (143.4461392535054,1)
[773]: (147.2176670676186,1)
[774]: (143.1512958580463,1)
[775]: (149.2286397363856,1)
[776]: (147.0500053629333,1)
[777]: (149.0910045063059,1)
[778]: (142.3338918597456,1)
[779]: (145.1858890308434,1)
[780]: (149.0699445192162,1)
[781]: (147.2996930469884,1)
[782]: (147.2267770927785,1)
[783]: (147.0127141905871,1)
[784]: (146.1543310086618,1)
[785]: (146.05962439963,1)
[786]: (146.0832629430463,1)
[787]: (148.6181807274407,1)
[788]: (145.0826042954347,1)
[789]: (144.020923550977,1)
[790]: (147.3295643109654,1)
[791]: (150.3857066251476,1)
[792]: (150.6771656175605,1)
[793]: (148.3580492033118,1)
[794]: (142.1038309182362,1)
[795]: (147.8033361806228,1)
[796]: (149.1190413156675,1)
[797]: (148.8801758133328,1)
[798]: (146.0493376307201,1)
[799]: (148.0284085544911,1)
[800]: (146.1072125414652,1)
[801]: (146.243106665884,1)
[802]: (145.2941967554053,1)
[803]: (148.0266194760875,1)
[804]: (146.5468339525593,1)
[805]: (143.1178033832463,1)
[806]: (150.0155992347594,1)
[807]: (146.4628272362977,1)
[808]: (147.1230081832759,1)
[809]: (146.2228048104537,1)
[810]: (146.1932611991471,1)
[811]: (149.1119349936579,1)
[812]: (147.2019558424366,1)
[813]: (149.0042732969785,1)
[814]: (144.5684422066925,1)
[815]: (148.2895205194249,1)
[816]: (143.2995252532244,1)
[817]: (142.0315126472282,1)
[818]: (145.56538108421,1)
[819]: (149.1071719662596,1)
[820]: (147.2028402209787,1)
[821]: (145.1738146923507,1)
[822]: (144.4443033857109,1)
[823]: (148.0655042677403,1)
[824]: (144.3083327132389,1)
[825]: (144.0372188414858,1)
[826]: (145.0517348169441,1)
[827]: (147.4103623193105,1)
[828]: (144.2304722153202,1)
[829]: (145.218201058738,1)
[830]: (149.1244065865575,1)
[831]: (143.6924001707902,1)
[832]: (145.2059187279419,1)
[833]: (152.6654830616206,1)
[834]: (145.1251322659194,1)
[835]: (150.1536130485794,1)
[836]: (144.3518285822764,1)
[837]: (145.284399176574,1)
[838]: (148.1838661450342,1)
[839]: (144.0219886035152,1)
[840]: (151.3363956668164,1)
[841]: (143.1387588451677,1)
[842]: (148.3667795143367,1)
[843]: (146.1262684126194,1)
[844]: (150.0705510854011,1)
[845]: (144.3790282130327,1)
[846]: (147.6546644578816,1)
[847]: (150.2537702984128,1)
[848]: (146.302856131898,1)
[849]: (143.1150221968392,1)
[850]: (151.888692843561,1)
[851]: (144.0946663285403,1)
[852]: (145.4120632163701,1)
[853]: (150.1180164051284,1)
[854]: (147.2784730361061,1)
[855]: (152.0771876373068,1)
[856]: (144.6765983675635,1)
[857]: (143.062761729426,1)
[858]: (146.0042022285496,1)
[859]: (145.0329141115596,1)
[860]: (145.4480761594391,1)
[861]: (146.853249208307,1)
[862]: (146.1076964046336,1)
[863]: (150.4306073031803,1)
[864]: (148.2242072654957,1)
[865]: (149.0458192068944,1)
[866]: (146.4077157150039,1)
[867]: (143.3370216029408,1)
[868]: (148.5082291824098,1)
[869]: (148.068066099723,1)
[870]: (148.6121727185628,1)
[871]: (145.6981654146692,1)
[872]: (145.1216786461573,1)
[873]: (149.3901804232211,1)
[874]: (143.2598411848444,1)
[875]: (147.0724210698618,1)
[876]: (144.2283300705113,1)
[877]: (146.0713378099589,1)
[878]: (144.1996872352704,1)
[879]: (144.0965771645523,1)
[880]: (147.2057230158096,1)
[881]: (146.2186369317752,1)
[882]: (148.4142704811518,1)
[883]: (146.0832950707014,1)
[884]: (148.0451601129173,1)
[885]: (144.5657513737282,1)
[886]: (145.404492509959,1)
[887]: (147.7679747474024,1)
[888]: (143.062445637206,1)
[889]: (145.0176268981633,1)
[890]: (146.0976320980755,1)
[891]: (144.0560307999803,1)
[892]: (147.2725209684561,1)
[893]: (149.4298621586459,1)
[894]: (146.0334033599542,1)
[895]: (141.101689310654,1)
[896]: (148.0115143467323,1)
[897]: (149.2469099590273,1)
[898]: (144.1595850648475,1)
[899]: (149.1708804752227,1)
[900]: (146.4355416981148,1)
[901]: (152.0197808490881,1)
[902]: (146.3623455833453,1)
[903]: (147.0549524970121,1)
[904]: (145.1240492379725,1)
[905]: (148.0304611192961,1)
[906]: (147.8011267710359,1)
[907]: (145.1152605394494,1)
[908]: (146.9035631929191,1)
[909]: (147.08078220756,1)
[910]: (143.2709621972538,1)
[911]: (142.1365677640913,1)
[912]: (150.0342762747935,1)
[913]: (149.2144115347552,1)
[914]: (149.3922563034063,1)
[915]: (146.1667725912835,1)
[916]: (144.4151082274312,1)
[917]: (144.044086230318,1)
[918]: (149.3479845562123,1)
[919]: (148.3048703380743,1)
[920]: (145.1639078472283,1)
[921]: (152.1433289899364,1)
[922]: (147.0957589779833,1)
[923]: (147.3994420489691,1)
[924]: (146.2992557835638,1)
[925]: (145.129413375914,1)
[926]: (146.113370494447,1)
[927]: (147.0184185179934,1)
[928]: (143.4564929436053,1)
[929]: (144.4337800415585,1)
[930]: (144.0318074568295,1)
[931]: (145.4830702691652,1)
[932]: (147.4123328481777,1)
[933]: (147.1288416525794,1)
[934]: (146.1332580382899,1)
[935]: (143.0391917047195,1)
[936]: (144.7403609570612,1)
[937]: (144.079468419781,1)
[938]: (150.192597190136,1)
[939]: (144.1865029223812,1)
[940]: (147.1817968175067,1)
[941]: (145.0350378958744,1)
[942]: (144.1833451200116,1)
[943]: (146.002948545238,1)
[944]: (147.4471462099035,1)
[945]: (145.2263795101553,1)
[946]: (148.0134648455676,1)
[947]: (143.1155514169255,1)
[948]: (144.2416861540413,1)
[949]: (145.0318417087003,1)
[950]: (146.1422224593644,1)
[951]: (144.0965302627225,1)
[952]: (145.5141835616454,1)
[953]: (142.3252633183335,1)
[954]: (147.0513610307649,1)
[955]: (146.7578697755141,1)
[956]: (144.582834862603,1)
[957]: (151.578497623655,1)
[958]: (152.0297333975479,1)
[959]: (149.1543582665786,1)
[960]: (145.6042989909371,1)
[961]: (142.1953531623759,1)
[962]: (143.2794522324323,1)
[963]: (143.3503242040057,1)
[964]: (145.572348584734,1)
[965]: (141.223762624114,1)
[966]: (147.0754874138163,1)
[967]: (142.1439364890412,1)
[968]: (148.5169618343476,1)
[969]: (144.0360978100903,1)
[970]: (155.1211269038864,1)
[971]: (146.2996295102721,1)
[972]: (143.089684208691,1)
[973]: (145.2265613565559,1)
[974]: (144.4945746497782,1)
[975]: (146.1283256597379,1)
[976]: (144.0968985395421,1)
[977]: (147.3096818162848,1)
[978]: (147.5148438142557,1)
[979]: (148.268868778505,1)
[980]: (144.4025696995106,1)
[981]: (144.9165502894661,1)
[982]: (149.4547556668823,1)
[983]: (145.6303712156825,1)
[984]: (145.0637105245944,1)
[985]: (142.2094513127306,1)
[986]: (148.6277715196487,1)
[987]: (150.1101021554491,1)
[988]: (146.1820294388751,1)
[989]: (143.3822119722583,1)
[990]: (145.1619541734091,1)
[991]: (143.0491657359751,1)
[992]: (144.150933011232,1)
[993]: (149.1404483608418,1)
[994]: (147.8542734952431,1)
[995]: (149.1390142160251,1)
[996]: (143.1579123670159,1)
[997]: (147.1365714665415,1)
[998]: (146.8171923640275,1)
[999]: (150.561771446272,1)
[1000]: (145.0291215217009,1)
[1001]: (152.0854971492788,1)
[1002]: (147.7687673523391,1)
[1003]: (145.4664289384145,1)
[1004]: (144.3642240202119,1)
[1005]: (146.0656750462542,1)
[1006]: (143.0929332704128,1)
[1007]: (147.1173793670735,1)
[1008]: (146.1753952647525,1)
[1009]: (147.0500525954257,1)
[1010]: (147.2238208175026,1)
[1011]: (144.0740962095541,1)
[1012]: (144.1839536257685,1)
[1013]: (142.8917241824632,1)
[1014]: (142.0417499282088,1)
[1015]: (144.229594315645,1)
[1016]: (146.2067122773539,1)
[1017]: (150.0506780104947,1)
[1018]: (143.0933108029355,1)
[1019]: (143.0819413464748,1)
[1020]: (146.1124251759488,1)
[1021]: (146.0486720409926,1)
[1022]: (145.1448829864664,1)
[1023]: (146.0991659882862,1)
[1024]: (144.1448300569616,1)
[1025]: (144.2252781009676,1)
[1026]: (148.7666671451488,1)
[1027]: (142.091690022858,1)
[1028]: (143.221954927506,1)
[1029]: (146.2421380078993,1)
[1030]: (146.4290757949685,1)
[1031]: (148.5970284614846,1)
[1032]: (143.0552026043833,1)
[1033]: (144.4957703018358,1)
[1034]: (147.1079962003277,1)
[1035]: (145.2986228839284,1)
[1036]: (147.8534492906675,1)
[1037]: (147.7596831126248,1)
[1038]: (149.9368115939995,1)
[1039]: (146.028495725552,1)
[1040]: (142.0833150934013,1)
[1041]: (144.7780072627808,1)
[1042]: (148.0625610543293,1)
[1043]: (144.3707861931602,1)
[1044]: (146.1755251545465,1)
[1045]: (147.6465036206608,1)
[1046]: (145.5646805090315,1)
[1047]: (146.0345786371178,1)
[1048]: (142.2969025665593,1)
[1049]: (143.1114992961521,1)
[1050]: (145.3537441585493,1)
[1051]: (145.8180818586551,1)
[1052]: (144.4023733275296,1)
[1053]: (146.2081924837734,1)
[1054]: (144.1690307657939,1)
[1055]: (144.1307477223999,1)
[1056]: (144.1223960196741,1)
[1057]: (144.5290151863863,1)
[1058]: (143.1744809527754,1)
[1059]: (149.0745056480984,1)
[1060]: (144.007923308362,1)
[1061]: (145.2413146212951,1)
[1062]: (147.0288996365375,1)
[1063]: (145.812699383075,1)
[1064]: (152.0100641223949,1)
[1065]: (152.0097407394039,1)
[1066]: (145.2342155079336,1)
[1067]: (148.27065803946,1)
[1068]: (145.0499704130232,1)
[1069]: (145.5428884520443,1)
[1070]: (146.0211078865806,1)
[1071]: (151.0844577202001,1)
[1072]: (145.0050184982712,1)
[1073]: (146.3368386045829,1)
[1074]: (143.173848843914,1)
[1075]: (145.2789515420766,1)
[1076]: (143.0511072274044,1)
[1077]: (144.2280334830344,1)
[1078]: (150.029677143346,1)
[1079]: (145.1523823477199,1)
[1080]: (151.7541775334317,1)
[1081]: (146.0381750917203,1)
[1082]: (144.075246119847,1)
[1083]: (147.0569035995265,1)
[1084]: (143.1760528099697,1)
[1085]: (147.6392647321776,1)
[1086]: (147.3242248573028,1)
[1087]: (144.1285630258355,1)
[1088]: (143.2307834199161,1)
[1089]: (146.7744377445602,1)
[1090]: (148.4377502021217,1)
[1091]: (149.0221532955869,1)
[1092]: (150.6173954628439,1)
[1093]: (142.1882736946029,1)
[1094]: (149.1433114953063,1)
[1095]: (151.2399471982822,1)
[1096]: (146.0617421416772,1)
[1097]: (143.7865010315927,1)
[1098]: (148.8841970188346,1)
[1099]: (145.1748655745725,1)
[1100]: (148.5758568846951,1)
[1101]: (143.120208750437,1)
[1102]: (147.3439683544508,1)
[1103]: (148.3035800664553,1)
[1104]: (147.1050968699277,1)
[1105]: (147.0920470754007,1)
[1106]: (144.4207896549683,1)
[1107]: (145.7191059724421,1)
[1108]: (146.1278025065027,1)
[1109]: (143.0728000622996,1)
[1110]: (152.1732446209758,1)
[1111]: (147.1570112769415,1)
[1112]: (151.0252922897049,1)
[1113]: (151.7167918618001,1)
[1114]: (149.2620095763612,1)
[1115]: (145.3269316878713,1)
[1116]: (145.2919926235386,1)
[1117]: (145.0400016486003,1)
[1118]: (148.8904592911731,1)
[1119]: (144.4565129627963,1)
[1120]: (148.1425085051981,1)
[1121]: (147.0113640517741,1)
[1122]: (145.133257496269,1)
[1123]: (141.2296282580274,1)
[1124]: (149.2479064623007,1)
[1125]: (151.4641416411597,1)
[1126]: (143.8139536363978,1)
[1127]: (145.2998556908358,1)
[1128]: (148.5084648263631,1)
[1129]:
[1130]: (144.7199978485129,1)
[1131]: (144.3796553193831,1)
[1132]: (145.4571335228741,1)
[1133]: (146.5597698667681,1)
[1134]: (149.1005403987211,1)
[1135]: (143.2143845278529,1)
[1136]: (149.2181485903994,1)
[1137]: (145.3213669469702,1)
[1138]: (145.2803877962912,1)
[1139]: (147.6440622596963,1)
[1140]: (151.593516248779,1)
[1141]: (148.1531069386353,1)
[1142]: (147.421443897406,1)
[1143]: (146.3494772640106,1)
[1144]: (147.2383372448442,1)
[1145]: (149.0577204285351,1)
[1146]: (146.1619011792194,1)
[1147]: (147.8569804154374,1)
[1148]: (155.2323534399624,1)
[1149]: (146.0706175092484,1)
[1150]: (144.2104815790759,1)
[1151]: (150.1504097433287,1)
[1152]: (149.1874944122181,1)
[1153]: (149.5141667773154,1)
[1154]: (147.1261111922769,1)
[1155]: (147.0304484701612,1)
[1156]: (144.9787484103071,1)
[1157]: (148.646141433298,1)
[1158]: (143.0853241081955,1)
[1159]: (146.1933265852439,1)
[1160]: (148.3483056197573,1)
[1161]: (143.2085424705944,1)
[1162]: (147.4140714960295,1)
[1163]: (151.4241713778704,1)
[1164]: (148.155140378461,1)
[1165]: (144.306224760895,1)
[1166]: (144.0460351326913,1)
[1167]: (147.0996236029855,1)
[1168]: (143.2096122509611,1)
[1169]: (144.4314743518212,1)
[1170]: (146.0387577929946,1)
[1171]: (150.1550622308608,1)
[1172]: (146.4622658592385,1)
[1173]: (147.0658027747926,1)
[1174]: (143.0654786751787,1)
[1175]: (148.495488108921,1)
[1176]: (146.6098524062316,1)
[1177]: (152.7471272739959,1)
[1178]: (149.2079839059217,1)
[1179]: (143.598419819942,1)
[1180]: (146.0331979100817,1)
[1181]: (148.2508014006612,1)
[1182]: (146.2308919452209,1)
[1183]: (148.4596165042662,1)
[1184]: (148.3833807465325,1)
[1185]: (143.3469508833548,1)
[1186]: (146.3286787983909,1)
[1187]: (144.5921559831863,1)
[1188]: (142.4575950758264,1)
[1189]: (144.0494798520571,1)
[1190]: (149.2051136964646,1)
[1191]: (147.0262552543705,1)
[1192]: (145.1894495696828,1)
[1193]: (143.484169081461,1)
[1194]: (144.0241813211694,1)
[1195]: (143.4987560153045,1)
[1196]: (144.2029605491607,1)
[1197]: (151.7858045236502,1)
[1198]: (144.166979223339,1)
[1199]: (145.0927526793345,1)
[1200]: (146.0614536409376,1)
[1201]: (150.0992825539849,1)
[1202]: (148.3780969699791,1)
[1203]: (148.2226858961538,1)
[1204]: (145.2481349881752,1)
[1205]: (146.2237139867923,1)
[1206]: (143.0109756376627,1)
[1207]: (149.002021608761,1)
[1208]: (148.3552131368199,1)
[1209]: (149.0652186752314,1)
[1210]: (145.9981352781126,1)
[1211]: (154.187710977321,1)
[1212]: (145.0623766870328,1)
[1213]: (144.0791841414313,1)
[1214]: (148.1501212012854,1)
[1215]: (145.3413737932684,1)
[1216]: (143.1898160269757,1)
[1217]: (147.4700579777159,1)
[1218]: (149.9966691393679,1)
[1219]: (146.8484669929417,1)
[1220]: (145.5107616063208,1)
[1221]: (142.9485635185577,1)
[1222]: (152.2174458282088,1)
[1223]: (147.4231406238432,1)
[1224]: (146.4229354861311,1)
[1225]: (145.8393653876261,1)
[1226]: (146.0204309270289,1)
[1227]: (148.7033011650892,1)
[1228]: (143.1433238090852,1)
[1229]: (146.218056781867,1)
[1230]: (143.2742750791624,1)
[1231]: (148.497357501532,1)
[1232]: (149.2656322335257,1)
[1233]: (142.1490567659881,1)
[1234]: (144.1791628311114,1)
[1235]: (147.0660811628383,1)
[1236]: (143.3810417494824,1)
[1237]: (146.0238094561925,1)
[1238]: (148.5503132093093,1)
[1239]: (147.1051660400714,1)
[1240]: (152.0210510963528,1)
[1241]: (141.7749060740139,1)
[1242]: (150.5457052768201,1)
[1243]: (149.446147028865,1)
[1244]: (145.1619722420119,1)
[1245]: (147.308594571133,1)
[1246]: (143.3301534437632,1)
[1247]: (144.0023318124481,1)
[1248]: (145.3320078293465,1)
[1249]: (145.3002242002702,1)
[1250]: (148.6735073442399,1)
[1251]: (150.4113125651619,1)
[1252]: (150.2852304551374,1)
[1253]: (150.1691170183399,1)
[1254]: (145.1261674722957,1)
[1255]: (143.4021470922688,1)
[1256]: (145.384564235787,1)
[1257]: (149.0440637826622,1)
[1258]: (146.3555854697886,1)
[1259]: (148.0137725785296,1)
[1260]: (150.1105223728431,1)
[1261]: (148.2827315110149,1)
[1262]: (143.3425888646553,1)
[1263]: (144.0663411663228,1)
[1264]: (144.2439468756488,1)
[1265]: (148.1834480785451,1)
[1266]: (145.2497637973112,1)
[1267]: (150.2760412186001,1)
[1268]: (145.0137631222451,1)
[1269]: (149.1997829429987,1)
[1270]: (144.0724923950465,1)
[1271]: (146.1565367706299,1)
[1272]: (145.3628127756226,1)
[1273]: (144.2460024087355,1)
[1274]: (143.1155375688899,1)
[1275]: (146.5698049193266,1)
[1276]: (145.5691734093966,1)
[1277]: (150.0557358252258,1)
[1278]: (145.0307784164304,1)
[1279]: (143.0658836932927,1)
[1280]: (147.0365379942918,1)
[1281]: (146.3996886810281,1)
[1282]: (146.1544632125266,1)
[1283]: (143.116610014056,1)
[1284]: (147.3006334578189,1)
[1285]: (143.6900785093678,1)
[1286]: (144.4477628419866,1)
[1287]: (146.0839656710539,1)
[1288]: (144.0366204283711,1)
[1289]: (147.2751575823767,1)
[1290]: (145.398592560188,1)
[1291]: (149.6450146941457,1)
[1292]: (146.9020038490789,1)
[1293]: (144.0035921316868,1)
[1294]: (148.0090940145888,1)
[1295]: (143.1430168293624,1)
[1296]: (142.2894691255877,1)
[1297]: (145.1805997702647,1)
[1298]: (147.6853617431893,1)
[1299]: (146.6934659120628,1)
[1300]: (147.0255899214925,1)
[1301]: (144.0473567528733,1)
[1302]: (151.4447752225415,1)
[1303]: (144.3919587668338,1)
[1304]: (145.4822027742035,1)
[1305]: (143.5243063088891,1)
[1306]: (142.1685768177714,1)
[1307]: (144.2129017622751,1)
[1308]: (147.1401971748909,1)
[1309]: (144.1890030651493,1)
[1310]: (146.6232386335249,1)
[1311]: (146.6780450690417,1)
[1312]: (146.1454638199762,1)
[1313]: (147.1797002790061,1)
[1314]: (145.6517215295765,1)
[1315]: (146.0746292282934,1)
[1316]: (149.9090364361302,1)
[1317]: (149.1204859943178,1)
[1318]: (147.7847209619226,1)
[1319]: (145.0119889111536,1)
[1320]: (145.7188402712282,1)
[1321]: (146.446121827208,1)
[1322]: (145.0446682982539,1)
[1323]: (145.105386389455,1)
[1324]: (142.0819051389603,1)
[1325]: (148.0163480068488,1)
[1326]: (144.123764753585,1)
[1327]: (146.1321648988517,1)
[1328]: (148.3561232071081,1)
[1329]: (144.0976349192581,1)
[1330]: (149.372799488646,1)
[1331]: (142.6227663527845,1)
[1332]: (148.4691130406884,1)
[1333]: (143.4125240860581,1)
[1334]: (145.1152295079172,1)
[1335]: (142.1784753824815,1)
[1336]: (142.2400972946328,1)
[1337]: (143.3060711957261,1)
[1338]: (147.0291542933445,1)
[1339]: (149.1795724383687,1)
[1340]: (145.4340500207202,1)
[1341]: (148.491248573034,1)
[1342]: (146.7050159962599,1)
[1343]: (149.2271870054803,1)
[1344]: (142.5645824579675,1)
[1345]: (146.1103385738463,1)
[1346]: (147.4319440383739,1)
[1347]: (146.1002727054191,1)
[1348]: (145.282920665595,1)
[1349]: (143.107704517669,1)
[1350]: (145.164342787477,1)
[1351]: (144.1808321049824,1)
[1352]: (146.2723071469153,1)
[1353]: (150.0402643038137,1)
[1354]: (148.1073726744083,1)
[1355]: (143.368243891305,1)
[1356]: (142.1037072843329,1)
[1357]: (148.1203099642869,1)
[1358]: (146.6894874992304,1)
[1359]: (152.6555653853689,1)
[1360]: (147.0130091383085,1)
[1361]: (146.4777991190381,1)
[1362]: (147.982031506365,1)
[1363]: (141.2744376834709,1)
[1364]: (148.5040919624231,1)
[1365]: (145.2273838924098,1)
[1366]: (145.0432361645536,1)
[1367]: (150.1556557170625,1)
[1368]: (151.1357102258275,1)
[1369]: (145.2337585168847,1)
[1370]: (147.2777167125374,1)
[1371]: (144.2409370003016,1)
[1372]: (145.2235399699964,1)
[1373]: (143.1265098983162,1)
[1374]: (144.4003842444063,1)
[1375]: (144.197891296426,1)
[1376]: (147.179688253455,1)
[1377]: (147.4025662155587,1)
[1378]: (142.4685244230487,1)
[1379]: (149.0330064274223,1)
[1380]: (143.1662651726209,1)
[1381]: (144.2847179819782,1)
[1382]: (148.2167449366108,1)
[1383]: (148.54888780392,1)
[1384]: (146.0845708381748,1)
[1385]: (147.0256395840949,1)
[1386]: (147.3098543197111,1)
[1387]: (147.3033299195187,1)
[1388]: (143.2352256870361,1)
[1389]: (148.2777481260079,1)
[1390]: (146.768187489957,1)
[1391]: (146.2922330962251,1)
[1392]: (149.278484169381,1)
[1393]: (148.3241325677744,1)
[1394]: (142.1971976961667,1)
[1395]: (145.1031752767853,1)
[1396]: (145.1965198353586,1)
[1397]: (144.0991407823226,1)
[1398]: (148.2496182789048,1)
[1399]: (144.1709599398883,1)
[1400]: (147.0004996408263,1)
[1401]: (144.55234745925,1)
[1402]: (144.4625695040657,1)
[1403]: (146.0974837018728,1)
[1404]: (145.0204070000381,1)
[1405]: (145.007015172003,1)
[1406]: (142.6449431392639,1)
[1407]: (146.4881491893403,1)
[1408]: (147.1287131694955,1)
[1409]: (143.1363414843364,1)
[1410]: (148.135832877221,1)
[1411]: (148.6404624427275,1)
[1412]: (145.4922937027442,1)
[1413]: (145.0015481636583,1)
[1414]: (144.1998583732415,1)
[1415]: (145.1296316156134,1)
[1416]: (149.2992162583595,1)
[1417]: (147.1477549954097,1)
[1418]: (144.3949143801143,1)
[1419]: (142.0196877998445,1)
[1420]: (148.2550022464443,1)
[1421]: (142.2724026569709,1)
[1422]: (145.616265318903,1)
[1423]: (147.3395382831819,1)
[1424]: (146.3037274897744,1)
[1425]: (146.6160612962105,1)
[1426]: (152.508354496546,1)
[1427]: (150.6774107476416,1)
[1428]: (147.1412689951604,1)
[1429]: (144.0492476370935,1)
[1430]: (147.0314858249195,1)
[1431]: (144.3169208301304,1)
[1432]: (147.0989285551497,1)
[1433]: (146.2166518002341,1)
[1434]: (145.4074086210416,1)
[1435]: (147.3930532901736,1)
[1436]: (144.0321199355139,1)
[1437]: (146.8024714449906,1)
[1438]: (146.9220395076421,1)
[1439]: (147.462131851438,1)
[1440]: (145.0820252396935,1)
[1441]: (148.0373476131024,1)
[1442]: (147.0108567197681,1)
[1443]: (145.7354143125964,1)
[1444]: (147.0322104188601,1)
[1445]: (148.2085478652693,1)
[1446]: (145.0722630702605,1)
[1447]: (146.7280967443014,1)
[1448]: (148.3131414867229,1)
[1449]: (143.358840648943,1)
[1450]: (146.104369195861,1)
[1451]: (147.2471162008359,1)
[1452]: (147.0540814333973,1)
[1453]: (149.2189833142191,1)
[1454]: (148.4187859235089,1)
[1455]: (144.3285655002906,1)
[1456]: (143.3658268146768,1)
[1457]: (144.0254919216653,1)
[1458]: (151.222815885651,1)
[1459]: (146.7378912931617,1)
[1460]: (146.1665096006251,1)
[1461]: (149.1768488223975,1)
[1462]: (146.3712385260221,1)
[1463]: (150.2460013026581,1)
[1464]: (148.0628238970558,1)
[1465]: (142.6381050623803,1)
[1466]: (143.1659748581009,1)
[1467]: (148.5776805509784,1)
[1468]: (144.6281347133624,1)
[1469]: (144.3164382086664,1)
[1470]: (145.1436501574352,1)
[1471]: (149.3158066928451,1)
[1472]: (147.0309445549415,1)
[1473]: (144.7018935269644,1)
[1474]: (146.0599030765577,1)
[1475]: (145.6252364056576,1)
[1476]: (144.0611214793273,1)
[1477]: (142.3357665446148,1)
[1478]: (149.0496188183994,1)
[1479]: (144.3037288268154,1)
[1480]: (148.2620453630279,1)
[1481]: (150.0840703909335,1)
[1482]: (144.4264043092801,1)
[1483]: (148.9880629636731,1)
[1484]: (146.4179394915662,1)
[1485]: (142.0567708454397,1)
[1486]: (147.2093628225481,1)
[1487]: (149.7430307746789,1)
[1488]: (146.4678968430141,1)
[1489]: (144.0476037395112,1)
[1490]: (146.1157444965821,1)
[1491]: (144.1565957901908,1)
[1492]: (149.3975413020565,1)
[1493]: (148.1643595525504,1)
[1494]: (148.2834062804929,1)
[1495]: (148.1352854333991,1)
[1496]: (147.2842514434654,1)
[1497]: (143.89049557671,1)
[1498]: (142.0708607112374,1)
[1499]: (146.0288604013068,1)
[1500]: (145.8131654701676,1)
[1501]: (147.2970277867996,1)
[1502]: (144.1662305181899,1)
[1503]: (146.5418017570397,1)
[1504]: (147.0112596610779,1)
[1505]: (147.0566596199572,1)
[1506]: (149.0276612389271,1)
[1507]: (146.7219515619017,1)
[1508]: (145.9568952723738,1)
[1509]: (147.9763010271484,1)
[1510]: (143.0235735524222,1)
[1511]: (149.0456844730076,1)
[1512]: (148.1823038917484,1)
[1513]: (143.3749493207708,1)
[1514]: (144.1730226835599,1)
[1515]: (144.0670778084341,1)
[1516]: (145.3258346790491,1)
[1517]: (145.9199094124335,1)
[1518]: (150.3129227906291,1)
[1519]: (144.0225098072917,1)
[1520]: (145.1019242593037,1)
[1521]: (142.3299524050074,1)
[1522]: (151.1433977663574,1)
[1523]: (144.0884197336053,1)
[1524]: (145.0938599608794,1)
[1525]: (141.1627431122608,1)
[1526]: (142.3560756517919,1)
[1527]: (144.2512852866722,1)
[1528]: (145.0793106881056,1)
[1529]: (148.4955291174227,1)
[1530]: (147.3643124544663,1)
[1531]: (145.08241254897,1)
[1532]: (148.1725292818166,1)
[1533]: (152.289655135551,1)
[1534]: (145.6034251511358,1)
[1535]: (150.4316986777773,1)
[1536]: (144.1859678678287,1)
[1537]: (146.8145365538065,1)
[1538]: (144.4441806290943,1)
[1539]: (148.1448304561316,1)
[1540]: (146.6019178365074,1)
[1541]: (150.5411890391441,1)
[1542]: (142.6616475813816,1)
[1543]: (146.04062567182,1)
[1544]: (145.331465132347,1)
[1545]: (145.8098799363923,1)
[1546]: (149.1091953575041,1)
[1547]: (144.2390429980974,1)
[1548]: (145.1017607480726,1)
[1549]: (143.2141796457718,1)
[1550]: (149.4421086630722,1)
[1551]: (148.1698257771177,1)
[1552]: (146.1492749870912,1)
[1553]: (146.7520838802431,1)
[1554]: (146.1124390616368,1)
[1555]: (144.0981166485928,1)
[1556]: (147.4090757127498,1)
[1557]: (145.0925640988113,1)
[1558]: (150.0584121910406,1)
[1559]: (143.1175148529675,1)
[1560]: (146.0794519381676,1)
[1561]: (143.5249552676467,1)
[1562]: (147.4273887178394,1)
[1563]: (142.0459343221263,1)
[1564]: (146.2056628800714,1)
[1565]: (144.2385504179434,1)
[1566]: (151.1872641416249,1)
[1567]: (146.8715091904287,1)
[1568]: (145.1302762067381,1)
[1569]: (143.5479064012456,1)
[1570]: (148.2007971900506,1)
[1571]: (143.2745428358959,1)
[1572]: (142.3859901221275,1)
[1573]: (143.0864598916896,1)
[1574]: (144.1459006296977,1)
[1575]: (145.0616968174323,1)
[1576]: (145.8005105442765,1)
[1577]: (143.1908656375838,1)
[1578]: (145.1987003878675,1)
[1579]: (149.0250957304329,1)
[1580]: (145.5911640007419,1)
[1581]: (150.3581600248429,1)
[1582]: (144.1970595928947,1)
[1583]: (149.2976989095783,1)
[1584]: (146.4071758732244,1)
[1585]: (143.2618038910869,1)
[1586]: (144.7596596145324,1)
[1587]: (145.3241535517341,1)
[1588]: (148.029583823962,1)
[1589]: (148.0067800860113,1)
[1590]: (145.427441165258,1)
[1591]: (146.1024096216149,1)
[1592]: (144.3097583644135,1)
[1593]: (147.0364737426878,1)
[1594]: (148.0741720838583,1)
[1595]: (142.178232984883,1)
[1596]: (147.0456876940173,1)
[1597]: (145.048109148941,1)
[1598]: (144.194888489865,1)
[1599]: (145.0216981548835,1)
[1600]: (146.4916864986002,1)
[1601]: (145.7240357060826,1)
[1602]: (144.1889771902765,1)
[1603]: (144.0821352827272,1)
[1604]: (145.1687788669134,1)
[1605]: (148.3857128011074,1)
[1606]: (146.6006164541605,1)
[1607]: (146.5447342689058,1)
[1608]: (147.1969886262484,1)
[1609]: (149.2056745286764,1)
[1610]: (144.0834931096378,1)
[1611]: (143.1043519047269,1)
[1612]: (153.111463686422,1)
[1613]: (148.189748986341,1)
[1614]: (146.0324948630604,1)
[1615]: (150.0775656687223,1)
[1616]: (145.491400881605,1)
[1617]: (143.0896858666094,1)
[1618]: (144.1522502877081,1)
[1619]: (144.0175336950467,1)
[1620]: (144.0757228512318,1)
[1621]: (146.4197400544863,1)
[1622]: (148.8854972050271,1)
[1623]: (144.9141952136143,1)
[1624]: (148.198980619778,1)
[1625]: (146.1850396211459,1)
[1626]: (145.3451484094563,1)
[1627]: (149.2805558499699,1)
[1628]: (143.1800745805768,1)
[1629]: (147.0806066370574,1)
[1630]: (144.8607423221235,1)
[1631]: (146.0299201559436,1)
[1632]: (145.0308761432946,1)
[1633]: (145.048883841078,1)
[1634]: (147.1875445911928,1)
[1635]: (146.372570600986,1)
[1636]: (145.0470856134123,1)
[1637]: (144.2224107891543,1)
[1638]: (144.2056106836175,1)
[1639]: (146.4062515317048,1)
[1640]: (145.0949857437904,1)
[1641]: (147.1418848154659,1)
[1642]: (144.1058391110397,1)
[1643]: (145.6057007404997,1)
[1644]: (147.0384047850493,1)
[1645]: (149.0973974146828,1)
[1646]: (144.1798369199123,1)
[1647]: (144.0452772621267,1)
[1648]: (147.569058250907,1)
[1649]: (141.3578916591749,1)
[1650]: (144.3141654302858,1)
[1651]: (148.0294881038931,1)
[1652]: (144.3944798834742,1)
[1653]: (145.4150432100911,1)
[1654]: (151.9249242312501,1)
[1655]: (147.024252856563,1)
[1656]: (145.5613627546796,1)
[1657]: (145.3189883030844,1)
[1658]: (144.0242091156431,1)
[1659]: (145.0349419068383,1)
[1660]: (146.1293646036478,1)
[1661]: (146.2679649882599,1)
[1662]: (147.0287118444944,1)
[1663]: (143.0524894449977,1)
[1664]: (149.0225172071036,1)
[1665]: (146.0328699770903,1)
[1666]: (145.8872559736723,1)
[1667]: (146.4641499450731,1)
[1668]: (145.5990435407096,1)
[1669]: (150.1000548640698,1)
[1670]: (144.6362815256105,1)
[1671]: (146.6968041931026,1)
[1672]: (147.5114101381371,1)
[1673]: (145.2822756667488,1)
[1674]: (143.2020684260631,1)
[1675]: (147.3309668004617,1)
[1676]: (144.2858989438791,1)
[1677]: (144.0374578653564,1)
[1678]: (148.2743429325359,1)
[1679]: (149.2896481945659,1)
[1680]: (145.1928500899116,1)
[1681]: (145.0310473961443,1)
[1682]: (143.1434255883156,1)
[1683]: (145.0546763236136,1)
[1684]: (146.3591623422048,1)
[1685]: (145.0079264947833,1)
[1686]: (144.2242742572331,1)
[1687]: (149.161342793508,1)
[1688]: (152.3086399778001,1)
[1689]: (150.9920348676353,1)
[1690]: (146.5248315729082,1)
[1691]: (143.1534766259853,1)
[1692]: (147.6210543954231,1)
[1693]: (145.5993085220745,1)
[1694]: (149.4505879100874,1)
[1695]: (146.6384784926184,1)
[1696]: (147.5605944025886,1)
[1697]: (145.7699610105135,1)
[1698]: (145.564047594034,1)
[1699]: (144.0598880765173,1)
[1700]: (149.0678020387333,1)
[1701]: (147.0055480598619,1)
[1702]: (146.3526047581841,1)
[1703]: (147.0980825723015,1)
[1704]: (145.2083977611823,1)
[1705]: (143.2777659418025,1)
[1706]: (145.051856586003,1)
[1707]: (147.0698100439343,1)
[1708]: (146.0758134002425,1)
[1709]: (149.0629726923327,1)
[1710]: (149.3015214120021,1)
[1711]: (144.7488839029201,1)
[1712]: (147.3257163170536,1)
[1713]: (145.6702408345177,1)
[1714]: (144.4485283987575,1)
[1715]: (145.0849455221678,1)
[1716]: (148.5131261271624,1)
[1717]: (148.3341008163392,1)
[1718]: (152.8577232984879,1)
[1719]: (147.0283304270682,1)
[1720]: (145.0677266128354,1)
[1721]: (144.2979038325572,1)
[1722]: (144.2294559296109,1)
[1723]: (145.2418320165282,1)
[1724]: (146.0339808877104,1)
[1725]: (146.0418815271965,1)
[1726]: (146.5782796945668,1)
[1727]: (151.1520485451183,1)
[1728]: (151.7558267003211,1)
[1729]: (147.0721626835787,1)
[1730]: (145.3295407143767,1)
[1731]: (144.3687889436391,1)
[1732]: (149.5092099517726,1)
[1733]: (145.4687121843551,1)
[1734]: (147.0114130228208,1)
[1735]: (146.525783590449,1)
[1736]: (145.5207887686901,1)
[1737]: (145.4219901917218,1)
[1738]: (146.1619185089043,1)
[1739]: (145.2230493376715,1)
[1740]: (144.1462226621423,1)
[1741]: (148.0155079434015,1)
[1742]: (147.1869552337114,1)
[1743]: (143.0676821037162,1)
[1744]: (147.6472003993871,1)
[1745]: (146.5082239601796,1)
[1746]: (144.0384320365174,1)
[1747]: (145.1190951325971,1)
[1748]: (145.0463263651138,1)
[1749]: (145.1171453573279,1)
[1750]: (146.079328546989,1)
[1751]: (147.2194883633675,1)
[1752]: (148.207876896375,1)
[1753]: (144.1498783219122,1)
[1754]: (144.1232921977255,1)
[1755]: (146.0057662859533,1)
[1756]: (147.0466461829575,1)
[1757]: (147.8889250085825,1)
[1758]: (143.1478119890143,1)
[1759]: (144.2219785445771,1)
[1760]: (146.0543427820831,1)
[1761]: (150.0324669758695,1)
[1762]: (145.1488650137839,1)
[1763]: (146.0000748228951,1)
[1764]: (150.3099549661833,1)
[1765]: (145.8876702015326,1)
[1766]: (143.0671461230257,1)
[1767]: (145.063841727163,1)
[1768]: (145.1768551843124,1)
[1769]: (142.1945088205031,1)
[1770]: (144.4083680367597,1)
[1771]: (148.0798862079867,1)
[1772]: (148.2474200192547,1)
[1773]: (146.0145279354554,1)
[1774]: (144.0578616652527,1)
[1775]: (151.2151737229265,1)
[1776]: (145.1372887209751,1)
[1777]: (147.052168536498,1)
[1778]: (143.3174802567076,1)
[1779]: (146.281574078723,1)
[1780]: (145.1862821315262,1)
[1781]: (144.4067254800001,1)
[1782]: (148.0608419983649,1)
[1783]: (146.6099094145507,1)
[1784]: (141.3355473374882,1)
[1785]: (146.0589115209373,1)
[1786]: (147.2974257247124,1)
[1787]: (153.281160343107,1)
[1788]: (140.0980227083519,1)
[1789]: (144.515890543503,1)
[1790]: (144.189135375199,1)
[1791]: (148.3845220560177,1)
[1792]: (151.0697734479621,1)
[1793]: (147.2991215256934,1)
[1794]: (144.1658192312092,1)
[1795]: (142.377299020754,1)
[1796]: (144.0444591280449,1)
[1797]: (147.2895055727561,1)
[1798]: (146.3160270224221,1)
[1799]: (145.6362699666267,1)
[1800]: (147.5590537211758,1)
[1801]: (146.3478592738875,1)
[1802]: (147.1260670696786,1)
[1803]: (144.2180140844969,1)
[1804]: (146.2252669767057,1)
[1805]: (143.3715360037377,1)
[1806]: (144.394554459264,1)
[1807]: (145.6410427043987,1)
[1808]: (148.3238350422759,1)
[1809]: (150.2049853749589,1)
[1810]: (143.1013960223607,1)
[1811]: (150.0121013123703,1)
[1812]: (147.7055949345512,1)
[1813]: (146.2832111873476,1)
[1814]: (148.0453391463311,1)
[1815]: (144.0784889979332,1)
[1816]: (147.5089565591723,1)
[1817]: (147.3239803059377,1)
[1818]: (143.0208766702612,1)
[1819]: (147.6267661217418,1)
[1820]: (142.5235679823845,1)
[1821]: (153.2027954826673,1)
[1822]: (149.4448378975172,1)
[1823]: (147.0447953275693,1)
[1824]: (148.6495872251828,1)
[1825]: (148.0442464372363,1)
[1826]: (142.2384271180596,1)
[1827]: (145.2749295125144,1)
[1828]: (144.8429538646624,1)
[1829]:
[1830]: (143.0046663899663,1)
[1831]: (148.1394917727785,1)
[1832]: (144.2680554112613,1)
[1833]: (147.9393054492217,1)
[1834]: (150.1326354539076,1)
[1835]: (144.3996199013168,1)
[1836]: (145.5989857957288,1)
[1837]: (148.2452802848924,1)
[1838]: (146.1005013934705,1)
[1839]: (147.4070686684071,1)
[1840]: (146.0723745502585,1)
[1841]: (144.085554369184,1)
[1842]: (150.4692998338983,1)
[1843]: (146.1247155602925,1)
[1844]: (142.5489746574424,1)
[1845]: (150.1237434166377,1)
[1846]: (146.3886148873615,1)
[1847]: (147.2871712710741,1)
[1848]: (149.4380736913133,1)
[1849]: (144.090306373964,1)
[1850]: (144.8059437112657,1)
[1851]: (149.0429295026578,1)
[1852]: (149.4277584265016,1)
[1853]: (147.264768690378,1)
[1854]: (142.133556420464,1)
[1855]: (146.6775073934179,1)
[1856]: (150.2679518421977,1)
[1857]: (146.0624475176155,1)
[1858]: (147.0552484110995,1)
[1859]: (147.1708841525048,1)
[1860]: (143.0861550350607,1)
[1861]: (141.5411029575566,1)
[1862]: (147.0176864232594,1)
[1863]: (144.2225595407386,1)
[1864]: (148.1531859148361,1)
[1865]: (149.2190717805991,1)
[1866]: (144.2480140851238,1)
[1867]: (145.0079300437068,1)
[1868]: (146.1548280361185,1)
[1869]: (146.2437537649807,1)
[1870]: (147.1868800089917,1)
[1871]: (146.1161446308606,1)
[1872]: (148.4977298079669,1)
[1873]: (143.1787939527827,1)
[1874]: (147.4360083732766,1)
[1875]: (147.0309967490307,1)
[1876]: (147.1403956993167,1)
[1877]: (148.1349459191037,1)
[1878]: (144.3912445016718,1)
[1879]: (145.0390329897942,1)
[1880]: (145.9577647890118,1)
[1881]: (149.4370287468759,1)
[1882]: (148.4962465810856,1)
[1883]: (143.4415487550039,1)
[1884]: (143.0922617225789,1)
[1885]: (143.2868626998929,1)
[1886]: (144.4345379652906,1)
[1887]: (149.1301718547985,1)
[1888]: (145.2149173103864,1)
[1889]: (144.041362422441,1)
[1890]: (146.0372474654552,1)
[1891]: (149.2617314075578,1)
[1892]: (144.1540462563073,1)
[1893]: (144.1343023623058,1)
[1894]: (143.6060843879405,1)
[1895]: (148.0571984928573,1)
[1896]: (147.0405976319265,1)
[1897]: (148.1336394905557,1)
[1898]: (143.329134051781,1)
[1899]: (145.2141527826864,1)
[1900]: (142.0776694443275,1)
[1901]: (147.5556842350858,1)
[1902]: (144.8031177842778,1)
[1903]: (144.1360512497015,1)
[1904]: (144.4279102887272,1)
[1905]: (144.2325278487296,1)
[1906]: (148.6350792902424,1)
[1907]: (147.7966514745947,1)
[1908]: (150.0937349893292,1)
[1909]: (148.164173292801,1)
[1910]: (152.6622341657965,1)
[1911]: (149.4911204983713,1)
[1912]: (146.1037321238258,1)
[1913]: (146.2988006581288,1)
[1914]: (151.9381261518506,1)
[1915]: (145.1018843778886,1)
[1916]: (143.3447672687374,1)
[1917]: (146.0158946769075,1)
[1918]: (145.3220874255427,1)
[1919]: (148.561107195538,1)
[1920]: (145.18289901797,1)
[1921]: (144.1411097623803,1)
[1922]: (145.1308744233282,1)
[1923]: (151.0443239682771,1)
[1924]: (146.0388930381469,1)
[1925]: (146.0261425975716,1)
[1926]: (145.9876058585477,1)
[1927]: (147.1790074843763,1)
[1928]: (147.1877512751255,1)
[1929]: (145.109727528843,1)
[1930]: (146.5510430487847,1)
[1931]: (142.1799418971129,1)
[1932]: (148.0143513872374,1)
[1933]: (143.0200935901729,1)
[1934]: (148.3300846862926,1)
[1935]: (152.4515903720893,1)
[1936]: (149.0000958459846,1)
[1937]: (145.9219389119109,1)
[1938]: (147.046493903408,1)
[1939]: (141.2767331506521,1)
[1940]: (141.1633463913116,1)
[1941]: (146.0582007081967,1)
[1942]: (147.1125544717925,1)
[1943]: (147.2719604030719,1)
[1944]: (148.1914437727117,1)
[1945]: (146.1485128852816,1)
[1946]: (146.2863627648831,1)
[1947]: (145.0195770577978,1)
[1948]: (143.7557374278649,1)
[1949]: (142.6719725630555,1)
[1950]: (145.0303389612739,1)
[1951]: (145.1289611132457,1)
[1952]: (144.1375143722747,1)
[1953]: (145.3418870295119,1)
[1954]: (150.1442146354032,1)
[1955]: (149.0419345445772,1)
[1956]: (147.4005491132286,1)
[1957]: (145.0363890490273,1)
[1958]: (145.0550801679449,1)
[1959]: (145.6674146669698,1)
[1960]: (146.0284836529373,1)
[1961]: (148.0223849352207,1)
[1962]: (144.1732282557448,1)
[1963]: (145.7542306714068,1)
[1964]: (144.2959054144472,1)
[1965]: (145.0784894833631,1)
[1966]: (142.1667376182508,1)
[1967]: (145.3769545627127,1)
[1968]: (148.0993636421582,1)
[1969]: (142.0578285207558,1)
[1970]: (145.0084959202779,1)
[1971]: (146.0231144695255,1)
[1972]: (146.0997104380654,1)
[1973]: (144.0050067690384,1)
[1974]: (143.131594714912,1)
[1975]: (146.3900258081117,1)
[1976]: (149.0383964431161,1)
[1977]: (145.1406254618002,1)
[1978]: (142.0057923513086,1)
[1979]: (152.1827556611552,1)
[1980]: (144.7366533651567,1)
[1981]: (143.0713806906467,1)
[1982]: (145.9714626390553,1)
[1983]: (144.703489063762,1)
[1984]: (148.0031104662853,1)
[1985]: (149.6093918880786,1)
[1986]: (143.1633302248206,1)
[1987]: (147.6733980657339,1)
[1988]: (144.0432102258096,1)
[1989]: (146.3365979166156,1)
[1990]: (147.0526666123152,1)
[1991]: (145.390025533195,1)
[1992]: (145.3167067705131,1)
[1993]: (142.1724459947221,1)
[1994]: (144.0594128385759,1)
[1995]: (142.5074993015273,1)
[1996]: (146.1331686518481,1)
[1997]: (146.0490583189728,1)
[1998]: (146.1140984904249,1)
[1999]: (146.4999956251275,1)
 -- States explored : 0 states
 -- CPU user time used : 260440 ms
 -- Virtual memory used : 21174212 KiB
 -- Resident memory used : 21135736 KiB
executionTime: 1832
