core file size          (blocks, -c) unlimited
data seg size           (kbytes, -d) unlimited
scheduling priority             (-e) 0
file size               (blocks, -f) unlimited
pending signals                 (-i) 4077086
max locked memory       (kbytes, -l) 64
max memory size         (kbytes, -m) 66060288
open files                      (-n) 4096
pipe size            (512 bytes, -p) 8
POSIX message queues     (bytes, -q) 819200
real-time priority              (-r) 0
stack size              (kbytes, -s) 8192
cpu time               (seconds, -t) unlimited
max user processes              (-u) 4077086
virtual memory          (kbytes, -v) 63000000
file locks                      (-x) unlimited
Options for the verification:
  Generating some trace
  Search order is random depth first
  Using conservative space optimisation
  Seed is 1556848645
  State space representation uses minimal constraint systems
  Using HashMap + Compress integers for discrete state storage

Verifying formula 1 at ../queries/SP_100_157_16.q:1
 -- Formula is satisfied.
(9000 runs)
Learning statistics for best strategy: 
	Number of resets: 1
	Number of iterations in last reset: 12
	Number of iterations in total: 25

 -- States explored : 0 states
 -- CPU user time used : 844050 ms
 -- Virtual memory used : 248196 KiB
 -- Resident memory used : 209472 KiB

Verifying formula 2 at ../queries/SP_100_157_16.q:3
 -- Formula is satisfied.
Composer.Done:
[0]: (0,0) (454.1051760898973,1)
[1]: (454.1998216399818,1)
[2]: (454.2330525583481,1)
[3]: (454.6688296046854,1)
[4]: (454.4705298329258,1)
[5]: (454.5597449715704,1)
[6]: (454.040465793798,1)
[7]: (454.9507047965321,1)
[8]: (454.1374980373339,1)
[9]: (455.1108686127365,1)
[10]: (454.1430830328781,1)
[11]: (455.2289143600855,1)
[12]: (454.0537170448425,1)
[13]: (454.3823778197039,1)
[14]: (454.2193867555308,1)
[15]: (454.0208152324785,1)
[16]: (454.312584643006,1)
[17]: (454.1229956194608,1)
[18]: (454.1857036604578,1)
[19]: (454.5606627353407,1)
[20]: (454.2848220280533,1)
[21]: (454.6350441982906,1)
[22]: (454.90456909405,1)
[23]: (454.3527028356437,1)
[24]: (454.0811438167649,1)
[25]: (454.4100160679918,1)
[26]: (454.1451346200173,1)
[27]: (454.1204260140265,1)
[28]: (454.1496506182733,1)
[29]: (454.0522240633312,1)
[30]: (454.1285319491557,1)
[31]: (454.1436232171685,1)
[32]: (454.1986084046038,1)
[33]: (454.0781736357021,1)
[34]: (454.2961372040839,1)
[35]: (454.1342684558807,1)
[36]: (454.2167384738322,1)
[37]: (454.0906702336355,1)
[38]: (454.9047082017877,1)
[39]: (454.0429050461703,1)
[40]: (454.0088106036252,1)
[41]: (454.6525082511235,1)
[42]: (454.2767144543789,1)
[43]: (454.0650980133644,1)
[44]: (454.858494275435,1)
[45]: (454.1586203037533,1)
[46]: (454.1909928560423,1)
[47]: (454.094464047427,1)
[48]: (454.277341178659,1)
[49]: (454.2457780683184,1)
[50]: (454.4855704508713,1)
[51]: (454.0826195942355,1)
[52]: (454.0059996034654,1)
[53]: (454.244481024261,1)
[54]: (454.0090473424943,1)
[55]: (454.5514514856928,1)
[56]: (454.1333575034284,1)
[57]: (454.2335349707653,1)
[58]: (454.6597986172348,1)
[59]: (454.2304235490312,1)
[60]: (454.0131726457079,1)
[61]: (454.0120356354367,1)
[62]: (454.1182926912517,1)
[63]: (454.3068499386148,1)
[64]: (455.0059206889435,1)
[65]: (454.4526257022312,1)
[66]: (454.0418947110958,1)
[67]: (454.0050769423283,1)
[68]: (454.2016471542333,1)
[69]: (454.430861944178,1)
[70]: (454.9627879515876,1)
[71]: (454.0060367649091,1)
[72]: (454.1101911616051,1)
[73]: (454.0469006756553,1)
[74]: (454.0510882495141,1)
[75]: (454.1796712011873,1)
[76]: (454.7145785595486,1)
[77]: (454.8301778387423,1)
[78]: (454.0043008076541,1)
[79]: (454.0965110665414,1)
[80]: (454.3241139634935,1)
[81]: (454.3687950963275,1)
[82]: (454.0082735710367,1)
[83]: (454.2636864494737,1)
[84]: (454.0358117478983,1)
[85]: (454.1682495976505,1)
[86]: (454.2984652576665,1)
[87]: (454.1067805985013,1)
[88]: (454.2186019772511,1)
[89]: (454.1712766521024,1)
[90]: (454.1944362929783,1)
[91]: (454.0754799884847,1)
[92]: (454.0410915473043,1)
[93]: (454.2584732996909,1)
[94]: (454.2507059285782,1)
[95]: (454.0220220733631,1)
[96]: (454.1831150136475,1)
[97]: (454.1508915681062,1)
[98]: (454.3432675475422,1)
[99]: (454.5157005559809,1)
[100]: (454.1609951124644,1)
[101]: (454.0212293447461,1)
[102]: (454.0659768891874,1)
[103]: (454.2902284599746,1)
[104]: (454.1994636663417,1)
[105]: (455.0876759754095,1)
[106]: (454.2403148171234,1)
[107]: (454.1046291750351,1)
[108]: (454.1829432363609,1)
[109]: (454.330185460027,1)
[110]: (454.1137976797643,1)
[111]: (454.0565329163659,1)
[112]: (454.0373615559558,1)
[113]: (454.2521160274748,1)
[114]: (454.0065439534733,1)
[115]: (454.8553825284106,1)
[116]: (454.0551403506902,1)
[117]: (454.0279379489024,1)
[118]: (454.2155320775344,1)
[119]: (454.0562834221552,1)
[120]: (454.0076699168909,1)
[121]: (454.7479340158163,1)
[122]: (454.4531098735403,1)
[123]: (455.0010929855965,1)
[124]: (454.2355079587583,1)
[125]: (454.088202984902,1)
[126]: (454.159785032751,1)
[127]: (454.2357540502323,1)
[128]: (454.0448179618786,1)
[129]: (454.1621566858205,1)
[130]: (454.5424914398949,1)
[131]: (454.0487795984499,1)
[132]: (454.0731785721216,1)
[133]: (454.9822374094721,1)
[134]: (454.0549436021227,1)
[135]: (454.286777160458,1)
[136]: (454.0975715820861,1)
[137]: (454.0456296802354,1)
[138]: (454.190364140372,1)
[139]: (454.1608821066451,1)
[140]: (454.1295834954483,1)
[141]: (454.3488559812141,1)
[142]: (454.6367096888401,1)
[143]: (454.0818832485327,1)
[144]: (454.2792293988893,1)
[145]: (454.6714586157873,1)
[146]: (454.376010472224,1)
[147]: (454.2479891103765,1)
[148]: (454.1663970736187,1)
[149]: (454.8309526755814,1)
[150]: (454.5157952191678,1)
[151]: (454.7271345502763,1)
[152]: (454.1794761126818,1)
[153]: (454.0466023973701,1)
[154]: (454.3762273285607,1)
[155]: (454.0272648993074,1)
[156]: (454.3105240194938,1)
[157]: (454.0172006611638,1)
[158]: (454.1609291115191,1)
[159]: (454.2096596871701,1)
[160]: (454.5301200072722,1)
[161]: (454.109472601602,1)
[162]: (454.4107868772296,1)
[163]: (454.2722938017162,1)
[164]: (454.6033047588519,1)
[165]: (455.1440221002011,1)
[166]: (454.5387020358918,1)
[167]: (454.4766740653558,1)
[168]: (454.3381624662984,1)
[169]: (454.0662264763263,1)
[170]: (454.3849260980998,1)
[171]: (454.7501824090044,1)
[172]: (454.8311570155162,1)
[173]: (454.2040308000256,1)
[174]: (454.0803849392698,1)
[175]: (454.1335369432757,1)
[176]: (454.1703281099064,1)
[177]: (454.0853056526516,1)
[178]: (454.4915908964843,1)
[179]: (454.3448076743309,1)
[180]: (454.3322306728792,1)
[181]: (454.2855732101752,1)
[182]: (454.1514908314286,1)
[183]: (454.1221581275777,1)
[184]: (454.0413774695391,1)
[185]: (454.0535355839834,1)
[186]: (454.1879203722827,1)
[187]: (454.6485147750675,1)
[188]: (454.2248202586778,1)
[189]: (454.0353933725164,1)
[190]: (454.2342776313776,1)
[191]: (454.4628438172651,1)
[192]: (454.0708935260557,1)
[193]: (454.2132918539384,1)
[194]: (454.1385047434513,1)
[195]: (454.204561158064,1)
[196]: (454.1632743093772,1)
[197]: (454.2266631669747,1)
[198]: (454.1408930433989,1)
[199]: (454.0704439720209,1)
[200]: (454.3211393469417,1)
[201]: (454.1188065041936,1)
[202]: (454.8847003633757,1)
[203]: (454.2751097826035,1)
[204]: (454.7686253382603,1)
[205]: (454.9225171903291,1)
[206]: (454.5623354717675,1)
[207]: (455.2564325666859,1)
[208]: (454.4389582363542,1)
[209]: (454.3120093635956,1)
[210]: (454.5180612544664,1)
[211]: (454.4740284805521,1)
[212]: (454.4432584270553,1)
[213]: (454.3482321822097,1)
[214]: (454.021776131711,1)
[215]: (454.079700323416,1)
[216]: (454.0175269427236,1)
[217]: (454.0706766235537,1)
[218]: (454.1511154220972,1)
[219]: (454.1032066401158,1)
[220]: (454.4464889953945,1)
[221]: (454.3297075727473,1)
[222]: (454.1235594868907,1)
[223]: (454.4377805581203,1)
[224]: (454.0227899429431,1)
[225]: (454.1794137934341,1)
[226]: (455.0328128792856,1)
[227]: (454.0949471516161,1)
[228]: (454.0722317087921,1)
[229]: (454.1850071178548,1)
[230]: (454.3543663653296,1)
[231]: (454.1826715346188,1)
[232]: (454.2785806703851,1)
[233]: (454.0035507174875,1)
[234]: (454.1613778610077,1)
[235]: (454.0249215727148,1)
[236]: (454.3407188431435,1)
[237]: (454.2315967735378,1)
[238]: (454.0725533008801,1)
[239]: (454.0653357818578,1)
[240]: (455.0679548648762,1)
[241]: (454.1393775451278,1)
[242]: (454.0310281592451,1)
[243]: (454.0087382523961,1)
[244]: (454.0260234567966,1)
[245]: (454.4809085142801,1)
[246]: (454.1788896299043,1)
[247]: (454.0402220057355,1)
[248]: (454.0703751891671,1)
[249]: (454.2864593695411,1)
[250]: (454.7640888908508,1)
[251]: (454.2692579539785,1)
[252]: (454.4699516327543,1)
[253]: (454.4067379550991,1)
[254]: (454.1013857595444,1)
[255]: (454.0453654757609,1)
[256]: (454.212538021237,1)
[257]: (454.3180959168666,1)
[258]: (454.5099797160358,1)
[259]: (454.831670491682,1)
[260]: (455.3203317237236,1)
[261]: (454.1450093036158,1)
[262]: (454.0783488809608,1)
[263]: (454.0207651995598,1)
[264]: (454.6911745692688,1)
[265]: (454.9941215640209,1)
[266]: (454.4049176011264,1)
[267]: (454.0785549705142,1)
[268]: (454.2417924318519,1)
[269]: (454.2675745689846,1)
[270]: (454.2142025086971,1)
[271]: (454.4081537938676,1)
[272]: (455.3696877761046,1)
[273]: (454.319827789191,1)
[274]: (454.1156438953506,1)
[275]: (454.2064332772629,1)
[276]: (454.1045460335628,1)
[277]: (454.1555801942032,1)
[278]: (454.9883921622775,1)
[279]: (454.1680788258041,1)
[280]: (454.5450848937009,1)
[281]: (454.2574878735516,1)
[282]: (454.510371944907,1)
[283]: (454.1147499976915,1)
[284]: (454.0875792678071,1)
[285]: (454.0405577665953,1)
[286]: (454.0287349634757,1)
[287]: (454.0639223554771,1)
[288]: (454.0226310784293,1)
[289]: (454.3487843278351,1)
[290]: (454.3641750945023,1)
[291]: (454.2374239579381,1)
[292]: (455.0326229103449,1)
[293]: (454.0067560568754,1)
[294]: (454.0322402860665,1)
[295]: (454.1068858417198,1)
[296]: (454.4363869145238,1)
[297]: (454.1736938012751,1)
[298]: (454.3732477894663,1)
[299]: (454.5851764257049,1)
[300]: (454.0265778087689,1)
[301]: (454.5619690130856,1)
[302]: (454.2865620493901,1)
[303]: (454.178831527124,1)
[304]: (454.3648008220725,1)
[305]: (454.2702211498757,1)
[306]: (454.2538685112808,1)
[307]: (455.045046543559,1)
[308]: (454.4606918840733,1)
[309]: (454.1312083013323,1)
[310]: (454.1686318504883,1)
[311]: (454.1620537640436,1)
[312]: (454.1277715333787,1)
[313]: (454.0009576460871,1)
[314]: (454.3041771227012,1)
[315]: (454.4609543797455,1)
[316]: (454.3580445244876,1)
[317]: (454.2294815709952,1)
[318]: (454.1941795316957,1)
[319]: (454.1282249983605,1)
[320]: (454.2825086960871,1)
[321]: (454.1590667149964,1)
[322]: (454.164154516573,1)
[323]: (454.2735178169009,1)
[324]: (454.0313605520956,1)
[325]: (454.8315414060162,1)
[326]: (454.3627619718443,1)
[327]: (454.8004540650722,1)
[328]: (454.356013727631,1)
[329]: (454.0148125660476,1)
[330]: (454.2014259833377,1)
[331]: (454.2815096186362,1)
[332]: (455.0154433550986,1)
[333]: (454.40982915803,1)
[334]: (454.0623473518079,1)
[335]: (454.0836235145999,1)
[336]: (455.0220613745813,1)
[337]: (454.1178304442748,1)
[338]: (454.6957076977782,1)
[339]: (454.7665742434314,1)
[340]: (455.2216512860988,1)
[341]: (455.7870316138085,1)
[342]: (454.2159305123209,1)
[343]: (454.0264268528471,1)
[344]: (454.7417301960338,1)
[345]: (455.5604256665637,1)
[346]: (454.0770759740718,1)
[347]: (454.2013807379811,1)
[348]: (454.2251672222059,1)
[349]: (454.1152216870232,1)
[350]: (454.2226196743844,1)
[351]: (454.2277324553585,1)
[352]: (454.0563400752724,1)
[353]: (454.6772896250559,1)
[354]: (454.6683091118494,1)
[355]: (454.470200262071,1)
[356]: (454.0043701540453,1)
[357]: (454.0854464591488,1)
[358]: (454.4196007739936,1)
[359]: (454.4202138888797,1)
[360]: (454.0668851605954,1)
[361]: (454.905795123114,1)
[362]: (454.3545929236857,1)
[363]: (454.1221765768992,1)
[364]: (455.149023498165,1)
[365]: (454.4669430134348,1)
[366]: (454.1315744179336,1)
[367]: (454.71577706145,1)
[368]: (454.051581965976,1)
[369]: (454.0138221302742,1)
[370]: (454.036559554113,1)
[371]: (454.104509044789,1)
[372]: (454.1384579975973,1)
[373]: (454.009281943196,1)
[374]: (454.6630898947986,1)
[375]: (454.1187359367995,1)
[376]: (454.2462094301415,1)
[377]: (455.5337573366587,1)
[378]: (454.3567919109474,1)
[379]: (454.3535446885529,1)
[380]: (454.0543621657643,1)
[381]: (454.2785039865764,1)
[382]: (454.0644882817534,1)
[383]: (454.1949791252912,1)
[384]: (454.4580666479961,1)
[385]: (454.0590688738279,1)
[386]: (454.0177746212307,1)
[387]: (454.1451103261177,1)
[388]: (454.3220415514666,1)
[389]: (454.3361120691642,1)
[390]: (455.6247308604781,1)
[391]: (454.2530591362703,1)
[392]: (454.851831041117,1)
[393]: (454.2919305965978,1)
[394]: (454.0730549872775,1)
[395]: (454.0335384579254,1)
[396]: (454.1900370976358,1)
[397]: (454.6524096358652,1)
[398]: (454.8477086045318,1)
[399]: (454.508836454405,1)
[400]: (454.6854349015782,1)
[401]: (454.3806082370202,1)
[402]: (454.5642809182862,1)
[403]: (454.3791395370555,1)
[404]: (454.1783870206534,1)
[405]: (454.0692347340797,1)
[406]: (454.3008266777167,1)
[407]: (454.1996302322971,1)
[408]: (454.640655498124,1)
[409]: (454.0257246464187,1)
[410]: (454.1657157574139,1)
[411]: (454.71012520653,1)
[412]: (454.7765825875536,1)
[413]: (454.0495657636376,1)
[414]: (454.272928827375,1)
[415]: (454.0617242296332,1)
[416]: (454.0607809642878,1)
[417]: (455.3479430241378,1)
[418]: (454.132596732395,1)
[419]: (455.0885783667763,1)
[420]: (454.0136632283118,1)
[421]: (454.0604401959203,1)
[422]: (454.1979671880321,1)
[423]: (454.4267479387596,1)
[424]: (454.6888819552457,1)
[425]: (454.403530412731,1)
[426]: (454.6881287089556,1)
[427]: (454.4799703642881,1)
[428]: (454.0149096519179,1)
[429]: (454.1961169114718,1)
[430]: (454.5486821042479,1)
[431]: (454.8302110208958,1)
[432]: (454.4871030306523,1)
[433]: (454.0587301766886,1)
[434]: (454.0844067300556,1)
[435]: (454.0164712788135,1)
[436]: (454.2543202367348,1)
[437]: (454.2899745897139,1)
[438]: (454.5950169824719,1)
[439]: (455.0136662617252,1)
[440]: (454.0638861812803,1)
[441]: (454.586656813886,1)
[442]: (454.100573011052,1)
[443]: (455.1177991398181,1)
[444]: (454.1245443430362,1)
[445]: (454.1076273267223,1)
[446]: (454.5261086978031,1)
[447]: (454.1972508413823,1)
[448]: (454.0503770197514,1)
[449]: (454.0772694783562,1)
[450]: (454.4419803334095,1)
[451]: (454.3957490458614,1)
[452]: (454.7922717743999,1)
[453]: (454.2120234765387,1)
[454]: (454.2087755203525,1)
[455]: (454.1575108913963,1)
[456]: (454.0461292107803,1)
[457]: (454.9228221137631,1)
[458]: (454.2112581577879,1)
[459]: (454.1256467233835,1)
[460]: (455.28396819608,1)
[461]: (454.0292412517339,1)
[462]: (454.3409340781171,1)
[463]: (454.1694995693653,1)
[464]: (454.9829964157231,1)
[465]: (454.4636971321729,1)
[466]: (454.0244495370986,1)
[467]: (454.1846404713398,1)
[468]: (454.2946549230773,1)
[469]: (454.2084506548414,1)
[470]: (454.4074318704456,1)
[471]: (454.4339309100963,1)
[472]: (454.5391980818209,1)
[473]: (454.0691909454368,1)
[474]: (454.1033655917624,1)
[475]: (454.2457644937754,1)
[476]: (454.0075747765817,1)
[477]: (454.0298059124011,1)
[478]: (454.2441495892559,1)
[479]: (454.2051474637706,1)
[480]: (454.6277992077453,1)
[481]: (454.034134959002,1)
[482]: (454.0898140394635,1)
[483]: (454.194265419221,1)
[484]: (454.2166152525856,1)
[485]: (454.4718057166373,1)
[486]: (454.0730518194868,1)
[487]: (454.223266766087,1)
[488]: (454.0634328713426,1)
[489]: (454.0857966661648,1)
[490]: (454.5961999875482,1)
[491]: (454.2026287368022,1)
[492]: (454.4045804125367,1)
[493]: (454.0860586716154,1)
[494]: (454.0312435017918,1)
[495]: (454.0711503408513,1)
[496]: (454.0553165217646,1)
[497]: (454.8819818124204,1)
[498]: (455.1584427027118,1)
[499]: (454.0368931044858,1)
[500]: (454.2813432472934,1)
[501]: (454.6277591481651,1)
[502]: (454.1583751762855,1)
[503]: (454.8420525720292,1)
[504]: (454.0631828989412,1)
[505]: (454.1425279566466,1)
[506]: (454.7365535969356,1)
[507]: (454.7022518836397,1)
[508]: (454.4382762763789,1)
[509]: (454.047138086406,1)
[510]: (454.0033888962711,1)
[511]: (454.2278971797952,1)
[512]: (454.0554036824507,1)
[513]: (454.0992419087266,1)
[514]: (454.206140461832,1)
[515]: (457.3166250077067,1)
[516]: (454.0627787436817,1)
[517]: (454.0254748026504,1)
[518]: (454.00696531186,1)
[519]: (454.0124513810168,1)
[520]: (454.3523928240777,1)
[521]: (454.1555683225502,1)
[522]: (454.2133806967194,1)
[523]: (454.1896957114517,1)
[524]: (454.1624336507214,1)
[525]: (454.1656932816678,1)
[526]: (454.0347960027682,1)
[527]: (454.7440114743622,1)
[528]: (454.0482171426058,1)
[529]: (454.0480343936694,1)
[530]: (454.0099369856256,1)
[531]: (454.3072652042123,1)
[532]: (454.1346899856004,1)
[533]: (454.5270532069487,1)
[534]: (454.2137334770175,1)
[535]: (454.0173447011589,1)
[536]: (454.1028231596276,1)
[537]: (454.0856283385766,1)
[538]: (454.7651352933361,1)
[539]: (454.2306681485617,1)
[540]: (454.0633482981395,1)
[541]: (454.5769192949611,1)
[542]: (454.0725340271156,1)
[543]: (454.0259065390008,1)
[544]: (454.002637750936,1)
[545]: (455.047336151709,1)
[546]: (454.6551957043846,1)
[547]: (454.1008797247319,1)
[548]: (454.0499735361509,1)
[549]: (454.2291149884495,1)
[550]: (454.0183330372452,1)
[551]: (454.0187110635322,1)
[552]: (454.0283573362744,1)
[553]: (454.5375992190179,1)
[554]: (454.1799503753575,1)
[555]: (455.0071392468524,1)
[556]: (454.0315664461664,1)
[557]: (454.5868612930365,1)
[558]: (454.4754905704562,1)
[559]: (454.0923462038684,1)
[560]: (454.092167113137,1)
[561]: (454.0459248699017,1)
[562]: (454.2584074188793,1)
[563]: (454.207340366578,1)
[564]: (454.271033206799,1)
[565]: (454.1615439126759,1)
[566]: (454.4099272911882,1)
[567]: (454.2397305967709,1)
[568]: (455.2842926806666,1)
[569]: (454.1866151609764,1)
[570]: (454.715417691996,1)
[571]: (454.0170610896973,1)
[572]: (454.1382073348854,1)
[573]: (454.2218967409949,1)
[574]: (454.3175121606908,1)
[575]: (454.0212103480118,1)
[576]: (455.0385369968582,1)
[577]: (454.5829193226066,1)
[578]: (454.3267548618962,1)
[579]: (454.6026134795771,1)
[580]: (454.0607737556005,1)
[581]: (454.7938345020373,1)
[582]: (454.3361067459627,1)
[583]: (454.3076468391882,1)
[584]: (454.0722520807032,1)
[585]: (454.0093777826723,1)
[586]: (454.2811739633409,1)
[587]: (454.394163662669,1)
[588]: (454.0677922534686,1)
[589]: (454.1212224520837,1)
[590]: (454.706020711939,1)
[591]: (454.0666111009882,1)
[592]: (454.0880323152358,1)
[593]: (454.0833993103928,1)
[594]: (454.0051673143248,1)
[595]: (454.1462736624953,1)
[596]: (454.8442870506697,1)
[597]: (454.8275429815704,1)
[598]: (454.2517689612525,1)
[599]: (454.0659273869033,1)
[600]: (454.4061613242041,1)
[601]: (454.2294030054658,1)
[602]: (454.1957489087588,1)
[603]: (454.1041321270006,1)
[604]: (454.3474646525049,1)
[605]: (454.5051542103672,1)
[606]: (454.6928831685782,1)
[607]: (454.0842252544368,1)
[608]: (454.3407175729171,1)
[609]: (454.3297964744519,1)
[610]: (454.0327900913844,1)
[611]: (454.2472712786283,1)
[612]: (454.2206367503471,1)
[613]: (454.0761189131591,1)
[614]: (454.0803667230622,1)
[615]: (454.0069709511716,1)
[616]: (454.0973191668567,1)
[617]: (454.1289112812596,1)
[618]: (454.2181681833034,1)
[619]: (454.2926997837635,1)
[620]: (454.0610819863884,1)
[621]: (454.67665427514,1)
[622]: (454.0394752834761,1)
[623]: (454.023781395091,1)
[624]: (454.4287701377328,1)
[625]: (454.7475302992059,1)
[626]: (454.0397875832486,1)
[627]: (454.2920748867462,1)
[628]: (454.6835326942684,1)
[629]: (454.1588834756521,1)
[630]: (454.1993293439991,1)
[631]: (454.003288334484,1)
[632]: (454.2311410100828,1)
[633]: (454.0440702429168,1)
[634]: (454.3880490365398,1)
[635]: (454.2031313598436,1)
[636]: (454.2533360740836,1)
[637]: (454.5247988309481,1)
[638]: (454.2261461453589,1)
[639]: (454.1177226758714,1)
[640]: (454.4456693961116,1)
[641]: (455.1529614680894,1)
[642]: (454.3574520808764,1)
[643]: (454.0030433243252,1)
[644]: (454.3013568849721,1)
[645]: (454.0266473448875,1)
[646]: (454.4244790664574,1)
[647]: (454.1363038356048,1)
[648]: (454.3217357594016,1)
[649]: (454.073662747131,1)
[650]: (454.5844017715439,1)
[651]: (454.390967511174,1)
[652]: (454.0892288066792,1)
[653]: (454.4369030013374,1)
[654]: (454.1331101693498,1)
[655]: (454.4166713394358,1)
[656]: (454.2075594924211,1)
[657]: (454.2562710552095,1)
[658]: (454.1293114020676,1)
[659]: (454.1189504892299,1)
[660]: (454.1726176037052,1)
[661]: (454.1817767079817,1)
[662]: (454.7094277686844,1)
[663]: (454.8273920637621,1)
[664]: (454.6588384245732,1)
[665]: (454.3387356836234,1)
[666]: (454.1885170548505,1)
[667]: (454.480966418666,1)
[668]: (454.2410792084739,1)
[669]: (454.2320845493825,1)
[670]: (454.0326856396139,1)
[671]: (454.0546371293313,1)
[672]: (454.0594965710808,1)
[673]: (454.2985749789944,1)
[674]: (454.2257770470459,1)
[675]: (454.5114888501932,1)
[676]: (454.0827954572444,1)
[677]: (454.179248244209,1)
[678]: (454.1072822070186,1)
[679]: (454.1690906612338,1)
[680]: (454.4100406824916,1)
[681]: (454.0892647274271,1)
[682]: (454.1142550900722,1)
[683]: (454.0824968598496,1)
[684]: (454.6300509332904,1)
[685]: (454.2032826131983,1)
[686]: (454.3998887127156,1)
[687]: (454.4469302816666,1)
[688]: (454.912656535261,1)
[689]: (454.6537689113939,1)
[690]: (454.4443785048878,1)
[691]: (455.0602575681232,1)
[692]: (454.0844137503495,1)
[693]: (454.1394169730298,1)
[694]: (454.1325072636117,1)
[695]: (454.1612710173383,1)
[696]: (455.0022707464819,1)
[697]: (454.242329666669,1)
[698]: (454.2036064923647,1)
[699]: (454.2606190913963,1)
[700]: (454.1175120301459,1)
[701]: (454.1483307183956,1)
[702]: (454.2194601136029,1)
[703]: (454.634001217702,1)
[704]: (454.2237573537525,1)
[705]: (454.1059689051506,1)
[706]: (454.0731641075242,1)
[707]: (454.1068086975368,1)
[708]: (454.6068289247946,1)
[709]: (454.3482892162883,1)
[710]: (454.4580649496929,1)
[711]: (454.2350326471119,1)
[712]: (454.3938459049467,1)
[713]: (454.0065102097975,1)
[714]: (454.1648643480116,1)
[715]: (454.0476113042583,1)
[716]: (454.2807240401664,1)
[717]: (454.1310815068427,1)
[718]: (454.4180555932138,1)
[719]: (454.031159846449,1)
[720]: (454.2578849052268,1)
[721]: (454.265940220101,1)
[722]: (455.101045488,1)
[723]: (455.0078354752114,1)
[724]: (454.1804494002583,1)
[725]: (455.2493990099506,1)
[726]: (454.3891849140529,1)
[727]: (454.1407831994213,1)
[728]: (454.4112737022101,1)
[729]: (454.2092442653175,1)
[730]: (454.1646183308055,1)
[731]: (454.1737762022733,1)
[732]: (454.0646603695287,1)
[733]: (454.4413313576518,1)
[734]: (454.0281297447111,1)
[735]: (454.14474587797,1)
[736]: (454.0764328539314,1)
[737]: (454.0012461077298,1)
[738]: (455.0148799109902,1)
[739]: (454.5544479173455,1)
[740]: (454.1343136486564,1)
[741]: (454.0118222817465,1)
[742]: (455.160481179497,1)
[743]: (454.2457155418888,1)
[744]: (454.9236688010999,1)
[745]: (454.0226679347078,1)
[746]: (454.1190609702872,1)
[747]: (454.0599856458526,1)
[748]: (454.1254126453213,1)
[749]: (455.1127081014734,1)
[750]: (455.3462291233747,1)
[751]: (454.6990780399677,1)
[752]: (454.2326597212361,1)
[753]: (454.0691619375765,1)
[754]: (454.0578994157995,1)
[755]: (454.0889943619033,1)
[756]: (454.3649778281206,1)
[757]: (454.0105103526689,1)
[758]: (455.6290255227202,1)
[759]: (454.1997143393431,1)
[760]: (455.6965420447739,1)
[761]: (454.7462748789935,1)
[762]: (454.6267612738271,1)
[763]: (454.1926383958315,1)
[764]: (455.0388191622567,1)
[765]: (454.3793425921914,1)
[766]: (454.2314929557034,1)
[767]: (454.2633300066607,1)
[768]: (454.1570475201968,1)
[769]: (454.3015421824169,1)
[770]: (454.4952435146467,1)
[771]: (454.0264364974507,1)
[772]: (454.2388394724717,1)
[773]: (454.5639645092123,1)
[774]: (455.115758216905,1)
[775]: (454.0115522120977,1)
[776]: (454.1446384830576,1)
[777]: (454.1658556469505,1)
[778]: (454.7946670416462,1)
[779]: (454.2323694273931,1)
[780]: (454.2951245088553,1)
[781]: (454.3948738142751,1)
[782]: (454.0244067353026,1)
[783]: (454.4031123281961,1)
[784]: (454.5586307952031,1)
[785]: (454.3171909462548,1)
[786]: (455.4262826770992,1)
[787]: (454.2402279998036,1)
[788]: (454.1646625485623,1)
[789]: (454.2842723728872,1)
[790]: (454.4333414433002,1)
[791]: (454.1554523652208,1)
[792]: (454.2147422171673,1)
[793]: (454.0483893169414,1)
[794]: (454.5049634861905,1)
[795]: (454.9686852531173,1)
[796]: (454.0408525742968,1)
[797]: (454.592016137189,1)
[798]: (454.0318593243704,1)
[799]: (454.4672970265885,1)
[800]: (454.1375662978805,1)
[801]: (454.0940862346244,1)
[802]: (454.0080147409403,1)
[803]: (454.0578351549251,1)
[804]: (454.0406556522572,1)
[805]: (454.1006582880201,1)
[806]: (454.1116504455629,1)
[807]: (454.3625863721991,1)
[808]: (454.00117069863,1)
[809]: (454.0697147334195,1)
[810]: (454.2403802816055,1)
[811]: (454.4074527515492,1)
[812]: (454.2689549108871,1)
[813]: (454.1323045909457,1)
[814]: (456.5518152243524,1)
[815]: (454.0077950128109,1)
[816]: (454.0816732370797,1)
[817]: (454.1192582209698,1)
[818]: (455.3861043800885,1)
[819]: (454.3732085571675,1)
[820]: (454.1542578593951,1)
[821]: (454.3655856653278,1)
[822]: (454.2439217269815,1)
[823]: (454.0080949386077,1)
[824]: (454.2029972927588,1)
[825]: (454.009459231011,1)
[826]: (454.1364416247636,1)
[827]: (454.0247231967243,1)
[828]: (454.1180810246083,1)
[829]: (454.1218697385444,1)
[830]: (454.0466002538258,1)
[831]: (454.3285780706728,1)
[832]: (454.1346179194751,1)
[833]: (454.06612480618,1)
[834]: (454.2440044123131,1)
[835]: (454.1479852462165,1)
[836]: (454.0506016646519,1)
[837]: (454.0261541002408,1)
[838]: (454.0767294929211,1)
[839]: (455.0192684865419,1)
[840]: (454.3733052482909,1)
[841]: (454.2125782002478,1)
[842]: (454.5483683319501,1)
[843]: (454.6097726104538,1)
[844]: (454.3570677057974,1)
[845]: (454.0707507457142,1)
[846]: (454.1286335474371,1)
[847]: (454.0615252676519,1)
[848]: (454.3551405023094,1)
[849]: (454.1666051459006,1)
[850]: (455.0548271639004,1)
[851]: (454.0635027492812,1)
[852]: (454.2336412612839,1)
[853]: (454.0272232661424,1)
[854]: (454.0761138363404,1)
[855]: (454.2199494629266,1)
[856]: (454.0251250364748,1)
[857]: (454.0297795444012,1)
[858]: (454.9846158452959,1)
[859]: (454.4254626467207,1)
[860]: (454.7936734427095,1)
[861]: (454.0246513591262,1)
[862]: (454.1652719982751,1)
[863]: (454.1989563988551,1)
[864]: (454.0147627745853,1)
[865]: (454.0920293249167,1)
[866]: (454.5274138154513,1)
[867]: (454.1817166836922,1)
[868]: (454.1970394101847,1)
[869]: (454.0081148025639,1)
[870]: (454.3491784045046,1)
[871]: (454.133133099613,1)
[872]: (454.0420015702816,1)
[873]: (454.4288155050959,1)
[874]: (454.1001688283818,1)
[875]: (454.8679861788339,1)
[876]: (454.3144907204526,1)
[877]: (454.8270943403134,1)
[878]: (454.0980231972672,1)
[879]: (455.1888301963849,1)
[880]: (454.0746166186804,1)
[881]: (454.192727319503,1)
[882]: (454.109206014884,1)
[883]: (454.6597520669208,1)
[884]: (454.021394450293,1)
[885]: (454.0027929549349,1)
[886]: (454.0353887910171,1)
[887]: (454.1889018001652,1)
[888]: (454.0155149583429,1)
[889]: (454.3553729706208,1)
[890]: (454.0827413636856,1)
[891]: (454.2827842368762,1)
[892]: (454.9024750769278,1)
[893]: (454.5317876506384,1)
[894]: (454.3504652057645,1)
[895]: (454.0459303210874,1)
[896]: (454.13615842429,1)
[897]: (454.333493275199,1)
[898]: (454.2487783260646,1)
[899]: (454.6396701795689,1)
[900]: (454.458408145327,1)
[901]: (454.5588703676683,1)
[902]: (454.1977791472361,1)
[903]: (454.4374747654601,1)
[904]: (454.8873464081561,1)
[905]: (454.1066669966081,1)
[906]: (454.624152286643,1)
[907]: (455.1333887571389,1)
[908]: (455.4001296816445,1)
[909]: (454.2061083275144,1)
[910]: (454.2646876684707,1)
[911]: (454.3715598721496,1)
[912]: (454.0335144208322,1)
[913]: (454.3865767822351,1)
[914]: (454.0767909870871,1)
[915]: (454.1356020495587,1)
[916]: (454.0172375168392,1)
[917]: (454.0266284986172,1)
[918]: (454.6183880358565,1)
[919]: (454.1114550714823,1)
[920]: (454.9477777257905,1)
[921]: (454.2056907587043,1)
[922]: (454.8435579111377,1)
[923]: (454.3049529177219,1)
[924]: (454.0356283914724,1)
[925]: (454.1928840857879,1)
[926]: (454.251363225112,1)
[927]: (454.0428601697992,1)
[928]: (454.2438412397696,1)
[929]: (454.2214941652077,1)
[930]: (454.0753452052197,1)
[931]: (454.8511190136219,1)
[932]: (454.0476705712044,1)
[933]: (454.005847658218,1)
[934]: (454.1560020395298,1)
[935]: (454.0072924068722,1)
[936]: (454.2282454643849,1)
[937]: (454.0569494104308,1)
[938]: (454.0115244266692,1)
[939]: (454.9756616722939,1)
[940]: (454.1639072628577,1)
[941]: (454.3016966349905,1)
[942]: (454.0604331971696,1)
[943]: (454.3514336274845,1)
[944]: (454.8233214220379,1)
[945]: (454.6005932541977,1)
[946]: (454.9534390317419,1)
[947]: (455.0742813626024,1)
[948]: (454.1425528366995,1)
[949]: (454.1784721516851,1)
[950]: (454.5019936450791,1)
[951]: (454.6401942677491,1)
[952]: (454.9968700718681,1)
[953]: (454.0301764401397,1)
[954]: (454.0828561237025,1)
[955]: (454.1716211509243,1)
[956]: (454.0090727691181,1)
[957]: (454.2065483158521,1)
[958]: (454.0139783700042,1)
[959]: (454.7706488472517,1)
[960]: (454.831866835589,1)
[961]: (455.3940747438107,1)
[962]: (455.5548633504829,1)
[963]: (454.2128436845769,1)
[964]: (454.1058992731527,1)
[965]: (454.4139085584039,1)
[966]: (454.743618099499,1)
[967]: (454.0032222259246,1)
[968]: (455.0571788380014,1)
[969]: (454.2266291370103,1)
[970]: (455.1531947811678,1)
[971]: (454.004737814815,1)
[972]: (455.101302564318,1)
[973]: (454.1124912212023,1)
[974]: (454.0099063812081,1)
[975]: (454.6350465263923,1)
[976]: (454.0247105505297,1)
[977]: (454.1779084179991,1)
[978]: (454.7078101655505,1)
[979]: (454.1780688577261,1)
[980]: (454.2254982700385,1)
[981]: (454.0451576666165,1)
[982]: (454.0302706231634,1)
[983]: (455.2975588658707,1)
[984]: (454.0990943292575,1)
[985]: (454.0168400992111,1)
[986]: (454.1391765927976,1)
[987]: (454.2725843172975,1)
[988]: (454.3593365345842,1)
[989]: (454.3232274863739,1)
[990]: (454.849576924782,1)
[991]: (455.1205516587482,1)
[992]: (454.0534749252647,1)
[993]: (454.5690685516666,1)
[994]: (454.0065166726602,1)
[995]: (454.1079212196437,1)
[996]: (454.6099905370091,1)
[997]: (454.2936973195892,1)
[998]: (454.4222626863458,1)
[999]: (454.0191250093143,1)
[1000]: (454.0204905830749,1)
[1001]: (454.046929493534,1)
[1002]: (454.0025242155963,1)
[1003]: (454.3395804192344,1)
[1004]: (454.0957461005427,1)
[1005]: (454.2467819087697,1)
[1006]: (454.0402822720719,1)
[1007]: (454.0334575359425,1)
[1008]: (454.4369734951942,1)
[1009]: (454.6413592573731,1)
[1010]: (454.0341962516379,1)
[1011]: (454.0118560679283,1)
[1012]: (454.2509082471569,1)
[1013]: (454.3946040301017,1)
[1014]: (454.2033574740939,1)
[1015]: (454.1192018893741,1)
[1016]: (454.702664232869,1)
[1017]: (454.3839751028059,1)
[1018]: (454.0675350489495,1)
[1019]: (454.1272115974066,1)
[1020]: (454.382889553699,1)
[1021]: (454.2385548586406,1)
[1022]: (454.1158772658114,1)
[1023]: (454.0062529595434,1)
[1024]: (455.131531583307,1)
[1025]: (454.5671152021637,1)
[1026]: (454.2786815889077,1)
[1027]: (454.0313030022563,1)
[1028]: (454.5550701765046,1)
[1029]: (454.9094318639545,1)
[1030]: (454.225057365847,1)
[1031]: (455.341617201008,1)
[1032]: (454.1762503755812,1)
[1033]: (454.0174526750483,1)
[1034]: (454.5424129263695,1)
[1035]: (454.0818996595951,1)
[1036]: (454.5635441458584,1)
[1037]: (454.1527973688619,1)
[1038]: (454.1224824338312,1)
[1039]: (454.6404248917974,1)
[1040]: (454.0293715090952,1)
[1041]: (454.0566226397914,1)
[1042]: (454.6043864947874,1)
[1043]: (454.3888401679644,1)
[1044]: (454.0893137372223,1)
[1045]: (454.1775287869185,1)
[1046]: (454.2400068918177,1)
[1047]: (454.2164067965775,1)
[1048]: (454.9611271593672,1)
[1049]: (454.1179167303182,1)
[1050]: (454.301714133266,1)
[1051]: (454.1645204654405,1)
[1052]: (454.3233799091361,1)
[1053]: (454.9295766002338,1)
[1054]: (454.1650027745777,1)
[1055]: (454.5460715932389,1)
[1056]: (454.0178878959095,1)
[1057]: (454.3930290034183,1)
[1058]: (454.7115193521328,1)
[1059]: (454.5492247139441,1)
[1060]: (454.4620279278245,1)
[1061]: (454.0687031199743,1)
[1062]: (454.8322726140062,1)
[1063]: (454.0856975987566,1)
[1064]: (454.1215846521465,1)
[1065]: (454.0742455932791,1)
[1066]: (454.0571243625764,1)
[1067]: (454.0587661092987,1)
[1068]: (454.790915652172,1)
[1069]: (454.1370576660468,1)
[1070]: (454.2684448347121,1)
[1071]: (454.6244864393263,1)
[1072]: (454.4586301857278,1)
[1073]: (454.079291525555,1)
[1074]: (454.7228046664371,1)
[1075]: (454.2009273468088,1)
[1076]: (454.2383232189908,1)
[1077]: (454.2589511332537,1)
[1078]: (454.1157986669631,1)
[1079]: (454.1366178666536,1)
[1080]: (454.0672597095352,1)
[1081]: (454.9421572959576,1)
[1082]: (454.2432528411531,1)
[1083]: (454.1450542840154,1)
[1084]: (454.1980245326773,1)
[1085]: (454.0563602070337,1)
[1086]: (454.5345932842005,1)
[1087]: (454.2108118011699,1)
[1088]: (454.2567833033084,1)
[1089]: (454.5850312626011,1)
[1090]: (454.109223259934,1)
[1091]: (454.0983755692043,1)
[1092]: (454.560727063247,1)
[1093]: (454.2086974284682,1)
[1094]: (455.0747980241367,1)
[1095]: (454.0707841788919,1)
[1096]: (454.1641994530263,1)
[1097]: (454.4941869005949,1)
[1098]: (454.2024043533677,1)
[1099]: (454.0101978438399,1)
[1100]: (454.0356791067028,1)
[1101]: (454.1714717599046,1)
[1102]: (454.062080095537,1)
[1103]: (454.228612585173,1)
[1104]: (454.2665277405122,1)
[1105]: (454.0575788443617,1)
[1106]: (454.4486650462036,1)
[1107]: (454.1138922457594,1)
[1108]: (454.3170449903636,1)
[1109]: (454.0978449929952,1)
[1110]: (454.3916957379845,1)
[1111]: (454.035656916151,1)
[1112]: (454.5193814165295,1)
[1113]: (454.8541239586217,1)
[1114]: (454.4320085187231,1)
[1115]: (454.1196028286328,1)
[1116]: (454.1275667590102,1)
[1117]: (454.017637557232,1)
[1118]: (454.1318917160492,1)
[1119]: (454.3271549846972,1)
[1120]: (454.6183849162933,1)
[1121]: (454.0922666813508,1)
[1122]: (454.1443293015431,1)
[1123]: (454.3878461777082,1)
[1124]: (454.168732160093,1)
[1125]: (454.5635608651019,1)
[1126]: (454.4689858974818,1)
[1127]: (454.000547732364,1)
[1128]: (455.4365690493544,1)
[1129]: (454.4470797399398,1)
[1130]: (454.1128581772758,1)
[1131]: (454.2917134336386,1)
[1132]: (454.2404229585571,1)
[1133]: (454.8179555284424,1)
[1134]: (454.0045891502814,1)
[1135]: (454.0645108096352,1)
[1136]: (454.474092031605,1)
[1137]: (454.4451377317652,1)
[1138]: (454.0030999307707,1)
[1139]: (454.1985554441021,1)
[1140]: (454.7640181131114,1)
[1141]: (454.3861297614933,1)
[1142]: (454.5747654185712,1)
[1143]: (454.0217237220178,1)
[1144]: (454.0425207960822,1)
[1145]: (457.0891647093715,1)
[1146]: (454.1336532470352,1)
[1147]: (454.360036825548,1)
[1148]: (454.0978499451034,1)
[1149]: (454.0411056810667,1)
[1150]: (454.3539463441118,1)
[1151]: (454.1707087473224,1)
[1152]: (454.6872830322787,1)
[1153]: (454.1172343275977,1)
[1154]: (454.0010576706858,1)
[1155]: (454.5893015901679,1)
[1156]: (454.976864935786,1)
[1157]: (454.0210778144721,1)
[1158]: (454.1673944023552,1)
[1159]: (455.3187260429257,1)
[1160]: (454.6325121909184,1)
[1161]: (454.130605586492,1)
[1162]: (454.7282852924637,1)
[1163]: (454.1530496860944,1)
[1164]: (454.1111150582796,1)
[1165]: (454.6745858887685,1)
[1166]: (454.3137336854149,1)
[1167]: (454.4479320984521,1)
[1168]: (454.5037968398373,1)
[1169]: (454.2308145070959,1)
[1170]: (454.0520532234648,1)
[1171]: (454.3805022676373,1)
[1172]: (454.7999435590542,1)
[1173]: (454.064288058365,1)
[1174]: (454.6347112218222,1)
[1175]: (455.1514974332655,1)
[1176]: (454.0567186627968,1)
[1177]: (454.380444366065,1)
[1178]: (454.3364620982579,1)
[1179]: (454.5172526463321,1)
[1180]: (454.1218983855078,1)
[1181]: (454.2918524425181,1)
[1182]: (454.0888590310503,1)
[1183]: (454.0060926149193,1)
[1184]: (454.7255849829821,1)
[1185]: (454.3948144485954,1)
[1186]: (454.623504578605,1)
[1187]: (454.0293183311869,1)
[1188]: (454.6515484440029,1)
[1189]: (454.2819740902578,1)
[1190]: (454.3190277043967,1)
[1191]: (454.0630035486782,1)
[1192]: (454.5885866842617,1)
[1193]: (455.0742770217835,1)
[1194]: (454.04767167921,1)
[1195]: (454.1617360169409,1)
[1196]: (454.3516660205852,1)
[1197]: (454.804879287465,1)
[1198]: (454.2580541504206,1)
[1199]: (454.7581619413116,1)
[1200]: (454.2103969209549,1)
[1201]: (454.0165931105737,1)
[1202]: (454.0528879072168,1)
[1203]: (454.1150109887393,1)
[1204]: (454.1042957193428,1)
[1205]: (454.1681067514765,1)
[1206]: (454.302804632445,1)
[1207]: (454.054782559382,1)
[1208]: (454.2322491736825,1)
[1209]: (454.3163472746546,1)
[1210]: (454.4616356532618,1)
[1211]: (454.5028810879845,1)
[1212]: (454.5177536216295,1)
[1213]: (454.181412203155,1)
[1214]: (454.1725276350152,1)
[1215]: (455.1113773115117,1)
[1216]: (454.4488908797805,1)
[1217]: (454.5919625951004,1)
[1218]: (454.2871879714923,1)
[1219]: (454.1824664893493,1)
[1220]: (454.3047724574784,1)
[1221]: (454.4658358232313,1)
[1222]: (454.5471889301602,1)
[1223]: (454.2305774526633,1)
[1224]: (454.5925390971381,1)
[1225]: (454.2698475281895,1)
[1226]: (454.0920372828385,1)
[1227]: (454.1048763151421,1)
[1228]: (454.0127139578513,1)
[1229]: (454.8040452314005,1)
[1230]: (454.1895735936483,1)
[1231]: (454.1891499052782,1)
[1232]: (454.4591477660446,1)
[1233]: (454.3631898785238,1)
[1234]: (454.587427873748,1)
[1235]: (454.0602868231406,1)
[1236]: (454.2901319778238,1)
[1237]: (454.006570009856,1)
[1238]: (454.2367396837139,1)
[1239]: (454.5440284330876,1)
[1240]: (454.1371952621159,1)
[1241]: (454.0519284516802,1)
[1242]: (454.3600587731479,1)
[1243]: (454.1864411941952,1)
[1244]: (454.1974971491856,1)
[1245]: (454.1304579200729,1)
[1246]: (455.3378206756298,1)
[1247]: (456.1534187124699,1)
[1248]: (454.0621595269408,1)
[1249]: (454.0275682503033,1)
[1250]: (454.0024333740095,1)
[1251]: (454.2604164732499,1)
[1252]: (454.0570459980876,1)
[1253]: (454.456880146749,1)
[1254]: (454.0321557817182,1)
[1255]: (454.4131996015457,1)
[1256]: (454.0953992442564,1)
[1257]: (454.4192947344512,1)
[1258]: (454.0219346178155,1)
[1259]: (455.5280621257295,1)
[1260]: (454.0776343909842,1)
[1261]: (454.7038999797605,1)
[1262]: (454.063761786714,1)
[1263]: (454.1793269996594,1)
[1264]: (454.0127338692931,1)
[1265]: (454.0847213373605,1)
[1266]: (455.0715540540725,1)
[1267]: (454.1627051692076,1)
[1268]: (454.15983687976,1)
[1269]: (454.3022748908758,1)
[1270]: (454.1976656015277,1)
[1271]: (454.3017430955823,1)
[1272]: (454.0479564890323,1)
[1273]: (454.3042239463678,1)
[1274]: (454.3003968647964,1)
[1275]: (454.0217712951293,1)
[1276]: (454.327576146805,1)
[1277]: (454.0297608407453,1)
[1278]: (454.1900966719472,1)
[1279]: (454.1962778148482,1)
[1280]: (454.1911947763184,1)
[1281]: (454.0852720457952,1)
[1282]: (454.0303101173993,1)
[1283]: (454.9512276501086,1)
[1284]: (454.0862442866019,1)
[1285]: (454.5031076530609,1)
[1286]: (454.2999068697094,1)
[1287]: (454.4646930574182,1)
[1288]: (454.4784607850145,1)
[1289]: (454.089704413438,1)
[1290]: (454.3087437893842,1)
[1291]: (454.6482284758176,1)
[1292]: (454.3366650967526,1)
[1293]: (454.3316223317352,1)
[1294]: (454.6148248388583,1)
[1295]: (454.0494702583289,1)
[1296]: (454.1492405344133,1)
[1297]: (454.2815466154585,1)
[1298]: (454.4969151160355,1)
[1299]: (454.666992952101,1)
[1300]: (454.0895467240853,1)
[1301]: (454.0738863395991,1)
[1302]: (454.1602573902437,1)
[1303]: (454.3790206128455,1)
[1304]: (454.3773504783868,1)
[1305]: (454.2922629284807,1)
[1306]: (454.1894222029429,1)
[1307]: (454.3246961654697,1)
[1308]: (454.1073853090597,1)
[1309]: (454.503819540796,1)
[1310]: (454.0809216440054,1)
[1311]: (454.3729510058156,1)
[1312]: (454.2318681929567,1)
[1313]: (454.0665412342053,1)
[1314]: (454.40398409791,1)
[1315]: (454.0400953096165,1)
[1316]: (454.0273238601781,1)
[1317]: (454.0808878670611,1)
[1318]: (454.0985735988235,1)
[1319]: (454.0920826622316,1)
[1320]: (455.2835183627645,1)
[1321]: (454.1899632633886,1)
[1322]: (454.0384602305418,1)
[1323]: (454.5638458191573,1)
[1324]: (454.2113955131397,1)
[1325]: (454.2522126318187,1)
[1326]: (454.5933226934988,1)
[1327]: (454.4757125974024,1)
[1328]: (454.1354429609474,1)
[1329]: (454.080374779653,1)
[1330]: (454.1046151363237,1)
[1331]: (454.0412525243963,1)
[1332]: (454.030480825839,1)
[1333]: (454.3180770703846,1)
[1334]: (454.3097101735653,1)
[1335]: (454.2002597842671,1)
[1336]: (454.1317037768114,1)
[1337]: (456.401660787318,1)
[1338]: (454.5824468231244,1)
[1339]: (454.4630473114194,1)
[1340]: (454.7397992385352,1)
[1341]: (454.207977700586,1)
[1342]: (454.6188090905025,1)
[1343]: (454.0065458957298,1)
[1344]: (454.1100059441862,1)
[1345]: (454.5692970709558,1)
[1346]: (454.0465000750254,1)
[1347]: (454.2444046435696,1)
[1348]: (454.0856401405109,1)
[1349]: (454.277773650805,1)
[1350]: (454.1052870322699,1)
[1351]: (454.3326383310811,1)
[1352]: (454.2672889258785,1)
[1353]: (454.2167561554686,1)
[1354]: (454.0895462964691,1)
[1355]: (454.0219645844202,1)
[1356]: (454.1941556348922,1)
[1357]: (454.751950631393,1)
[1358]: (454.8095374431953,1)
[1359]: (454.3761073741002,1)
[1360]: (454.0022049050829,1)
[1361]: (454.104700144915,1)
[1362]: (454.059949206972,1)
[1363]: (454.159724474183,1)
[1364]: (454.1909048192269,1)
[1365]: (454.5899803347193,1)
[1366]: (454.1570705193693,1)
[1367]: (454.3368370941637,1)
[1368]: (454.3893482328334,1)
[1369]: (454.6846943265485,1)
[1370]: (457.3519200242089,1)
[1371]: (454.2486675748445,1)
[1372]: (454.0637196145786,1)
[1373]: (454.2935135884015,1)
[1374]: (455.002930491354,1)
[1375]: (454.0592926972946,1)
[1376]: (454.1428676542772,1)
[1377]: (454.5541723423981,1)
[1378]: (454.3159464612551,1)
[1379]: (454.0479169595105,1)
[1380]: (454.0920873372859,1)
[1381]: (454.1573385011163,1)
[1382]: (454.1659008273314,1)
[1383]: (454.3524000290365,1)
[1384]: (454.3896541321426,1)
[1385]: (454.0100374331416,1)
[1386]: (454.7645698193886,1)
[1387]: (454.1632394203991,1)
[1388]: (454.2294225894929,1)
[1389]: (454.2082575560513,1)
[1390]: (454.3082003564811,1)
[1391]: (454.2513695641953,1)
[1392]: (454.0270911526815,1)
[1393]: (454.349797628416,1)
[1394]: (454.1630928814667,1)
[1395]: (454.706350209849,1)
[1396]: (454.4759365988197,1)
[1397]: (454.2329294669107,1)
[1398]: (454.554508543297,1)
[1399]: (454.2837400895621,1)
[1400]: (454.4806620565182,1)
[1401]: (454.1136316863957,1)
[1402]: (454.5241274988455,1)
[1403]: (454.062592366428,1)
[1404]: (454.3877989746978,1)
[1405]: (454.1730084482944,1)
[1406]: (454.2833494159136,1)
[1407]: (454.5945277949291,1)
[1408]: (454.4453736337151,1)
[1409]: (454.771451232787,1)
[1410]: (454.4137665786179,1)
[1411]: (454.2004985302779,1)
[1412]: (454.2590449497587,1)
[1413]: (454.1195478913688,1)
[1414]: (454.4441397632684,1)
[1415]: (454.6825437977729,1)
[1416]: (454.1909129677883,1)
[1417]: (455.0283726397166,1)
[1418]: (454.0820187657895,1)
[1419]: (454.196429993997,1)
[1420]: (454.0336802520923,1)
[1421]: (454.1216664256,1)
[1422]: (454.4633756753685,1)
[1423]: (454.0239456743465,1)
[1424]: (454.1291022250373,1)
[1425]: (454.7569611097608,1)
[1426]: (454.0445435892698,1)
[1427]: (454.1725505886698,1)
[1428]: (454.3928883815072,1)
[1429]: (454.0234130910775,1)
[1430]: (454.6790925590108,1)
[1431]: (454.0560583576484,1)
[1432]: (454.0762534522887,1)
[1433]: (454.4560475077898,1)
[1434]: (454.2201387547939,1)
[1435]: (454.5386890949852,1)
[1436]: (454.5242296687207,1)
[1437]: (454.1787678675298,1)
[1438]: (454.1994654437597,1)
[1439]: (454.1042894855142,1)
[1440]: (454.142303950762,1)
[1441]: (454.0289979252904,1)
[1442]: (454.3294724513224,1)
[1443]: (454.1295657525503,1)
[1444]: (454.1227525710902,1)
[1445]: (454.0660884823996,1)
[1446]: (454.109045916182,1)
[1447]: (454.7708353281969,1)
[1448]: (454.2273364407388,1)
[1449]: (455.435024722963,1)
[1450]: (454.1320282751876,1)
[1451]: (454.1291522570268,1)
[1452]: (454.0025821843948,1)
[1453]: (454.0595364886982,1)
[1454]: (454.3959803909713,1)
[1455]: (454.3217109958264,1)
[1456]: (454.2377731770733,1)
[1457]: (454.2183018600418,1)
[1458]: (454.1231782608802,1)
[1459]: (454.0340728827397,1)
[1460]: (454.2616295600303,1)
[1461]: (454.2721027584951,1)
[1462]: (454.0795351732157,1)
[1463]: (454.4677258068099,1)
[1464]: (455.3089410600442,1)
[1465]: (454.1157853708948,1)
[1466]: (454.105686612388,1)
[1467]: (454.2181402509394,1)
[1468]: (454.7544174304518,1)
[1469]: (454.2322253948986,1)
[1470]: (454.2825116872538,1)
[1471]: (454.5617657794845,1)
[1472]: (454.9882367026844,1)
[1473]: (454.2967383845427,1)
[1474]: (454.4133348670228,1)
[1475]: (454.3294416643311,1)
[1476]: (454.4912730602751,1)
[1477]: (454.0526767005382,1)
[1478]: (454.5997653919095,1)
[1479]: (454.6708220198936,1)
[1480]: (454.0787726743916,1)
[1481]: (454.0039974442328,1)
[1482]: (454.2345615355883,1)
[1483]: (454.6291346638135,1)
[1484]: (454.2469439518584,1)
[1485]: (454.5340688534171,1)
[1486]: (454.2357101958806,1)
[1487]: (454.7230418277034,1)
[1488]: (454.3627788797355,1)
[1489]: (454.539795223175,1)
[1490]: (454.4445113702538,1)
[1491]: (454.0181628521794,1)
[1492]: (454.7959684273711,1)
[1493]: (454.1707603596921,1)
[1494]: (454.1129425159571,1)
[1495]: (454.2142843982501,1)
[1496]: (454.3593900334608,1)
[1497]: (454.1698047876659,1)
[1498]: (454.3295425937922,1)
[1499]: (454.4532677580765,1)
[1500]: (454.6783150338612,1)
[1501]: (454.0283509360125,1)
[1502]: (454.1209337172421,1)
[1503]: (454.1332374899981,1)
[1504]: (454.1919179914027,1)
[1505]: (454.3606631395778,1)
[1506]: (454.0292469025266,1)
[1507]: (454.8350207071015,1)
[1508]: (454.5660918705675,1)
[1509]: (454.4656203638411,1)
[1510]: (454.0211017724011,1)
[1511]: (454.0738523066454,1)
[1512]: (454.1269333782141,1)
[1513]: (454.8281912860027,1)
[1514]: (454.4650604147628,1)
[1515]: (455.1867012926358,1)
[1516]: (454.7175901110825,1)
[1517]: (454.4436886601333,1)
[1518]: (454.0410067613865,1)
[1519]: (454.4743432452788,1)
[1520]: (454.0690013172751,1)
[1521]: (454.257718225608,1)
[1522]: (454.0059127316262,1)
[1523]: (454.0868605191225,1)
[1524]: (454.4933583444965,1)
[1525]: (454.7055396156453,1)
[1526]: (454.0637024796451,1)
[1527]: (454.4373682448604,1)
[1528]: (454.1862216063743,1)
[1529]: (454.2267540487931,1)
[1530]: (454.6331608585706,1)
[1531]: (454.4553830483122,1)
[1532]: (454.5675178272889,1)
[1533]: (454.6756484480797,1)
[1534]: (454.3714035480868,1)
[1535]: (454.7970316301513,1)
[1536]: (454.0701046333571,1)
[1537]: (454.0225819909991,1)
[1538]: (454.0220358455051,1)
[1539]: (454.1718109235061,1)
[1540]: (454.1226683622688,1)
[1541]: (454.1815631005202,1)
[1542]: (454.1637328216024,1)
[1543]: (454.3608018201624,1)
[1544]: (454.2184606344863,1)
[1545]: (454.1289710032451,1)
[1546]: (454.2011932963627,1)
[1547]: (454.818076482605,1)
[1548]: (454.0302809189712,1)
[1549]: (454.6554865240459,1)
[1550]: (454.5635962798152,1)
[1551]: (454.3768613113751,1)
[1552]: (454.0162086598424,1)
[1553]: (454.4940600660914,1)
[1554]: (454.494047361334,1)
[1555]: (454.0582318512831,1)
[1556]: (454.0199467801127,1)
[1557]: (454.2150021582989,1)
[1558]: (454.5512355592334,1)
[1559]: (454.098173095577,1)
[1560]: (454.9103583809925,1)
[1561]: (454.035854756874,1)
[1562]: (454.8866973497003,1)
[1563]: (454.2484768393973,1)
[1564]: (454.1412874636126,1)
[1565]: (454.525123019593,1)
[1566]: (454.3777161498531,1)
[1567]: (454.0909153596962,1)
[1568]: (454.3668610864862,1)
[1569]: (454.4621721747029,1)
[1570]: (454.8527148285987,1)
[1571]: (454.1608951984504,1)
[1572]: (454.1241072863099,1)
[1573]: (454.0185582686995,1)
[1574]: (454.0486654617783,1)
[1575]: (454.3279909981188,1)
[1576]: (454.1050497280116,1)
[1577]: (454.1196446465973,1)
[1578]: (454.1877680403948,1)
[1579]: (455.3754220133097,1)
[1580]: (455.4849791452472,1)
[1581]: (454.1627978653222,1)
[1582]: (454.0960498164948,1)
[1583]: (454.2339745266003,1)
[1584]: (454.8597645501006,1)
[1585]: (454.203618601083,1)
[1586]: (454.6785040591076,1)
[1587]: (454.5152047891041,1)
[1588]: (454.7378203087736,1)
[1589]: (454.5877314919921,1)
[1590]: (454.1943994593833,1)
[1591]: (454.2497198715686,1)
[1592]: (454.1773200697759,1)
[1593]: (454.9633490100143,1)
[1594]: (454.56340230841,1)
[1595]: (454.2436673532711,1)
[1596]: (454.2815386758718,1)
[1597]: (454.0637332373538,1)
[1598]: (454.3387999065012,1)
[1599]: (454.3267474621917,1)
[1600]: (454.4408670359921,1)
[1601]: (455.2131227493501,1)
[1602]: (454.0609233460589,1)
[1603]: (454.0619865834852,1)
[1604]: (454.764359764921,1)
[1605]: (454.1774191264835,1)
[1606]: (454.0456433189096,1)
[1607]: (454.5163646761972,1)
[1608]: (454.2513878796374,1)
[1609]: (454.7420309796233,1)
[1610]: (454.1577060850498,1)
[1611]: (454.3082157794659,1)
[1612]: (454.3597768853069,1)
[1613]: (454.1015200453853,1)
[1614]: (454.3067307669795,1)
[1615]: (455.0834666139247,1)
[1616]: (454.1604377621371,1)
[1617]: (454.1209189451858,1)
[1618]: (454.2770178324977,1)
[1619]: (454.1767944066989,1)
[1620]: (454.3661541664058,1)
[1621]: (454.4090848520319,1)
[1622]: (454.3789438411254,1)
[1623]: (454.7174344030829,1)
[1624]: (454.325157762695,1)
[1625]: (454.2516413721673,1)
[1626]: (454.0257647016592,1)
[1627]: (454.0382798208656,1)
[1628]: (454.0557306217626,1)
[1629]: (454.1550616657761,1)
[1630]: (454.5016832776423,1)
[1631]: (454.0131728196071,1)
[1632]: (454.6422752357006,1)
[1633]: (454.4784157554497,1)
[1634]: (454.0116494604992,1)
[1635]: (454.1449787159271,1)
[1636]: (454.0410990604423,1)
[1637]: (454.1369040995281,1)
[1638]: (454.9585200553019,1)
[1639]: (454.0031657382721,1)
[1640]: (454.0334506179777,1)
[1641]: (454.0999065104941,1)
[1642]: (454.2326642155582,1)
[1643]: (455.0137945809379,1)
[1644]: (454.0323850777239,1)
[1645]: (454.6368189848011,1)
[1646]: (454.2667326718006,1)
[1647]: (454.0803520591509,1)
[1648]: (454.2471334690542,1)
[1649]: (454.3191935001392,1)
[1650]: (454.1372984232867,1)
[1651]: (454.0153712749288,1)
[1652]: (454.9249822395187,1)
[1653]: (454.6141785429283,1)
[1654]: (454.4276632157229,1)
[1655]: (454.1567559055179,1)
[1656]: (454.4497756339019,1)
[1657]: (454.0654010203839,1)
[1658]: (454.5518523416526,1)
[1659]: (454.1022928245982,1)
[1660]: (454.0783437051662,1)
[1661]: (454.1847703548875,1)
[1662]: (454.6594686596897,1)
[1663]: (454.6399001737939,1)
[1664]: (454.0210563781494,1)
[1665]: (454.1595404050702,1)
[1666]: (454.4663200829008,1)
[1667]: (454.367268945089,1)
[1668]: (455.3204838045029,1)
[1669]: (454.4118067508041,1)
[1670]: (454.0333319947751,1)
[1671]: (454.0800874865089,1)
[1672]: (455.273724042236,1)
[1673]: (454.0727028235999,1)
[1674]: (454.3151481333945,1)
[1675]: (454.0378224809239,1)
[1676]: (454.4300071148035,1)
[1677]: (454.3418875301389,1)
[1678]: (454.6478946747548,1)
[1679]: (454.3274306771463,1)
[1680]: (454.1331952592653,1)
[1681]: (454.9797363419713,1)
[1682]: (455.7048315839729,1)
[1683]: (454.5944664160108,1)
[1684]: (454.3963315317683,1)
[1685]: (454.1164163160987,1)
[1686]: (454.2222022391178,1)
[1687]: (454.1356553015326,1)
[1688]: (454.7485677615551,1)
[1689]: (454.0950013539892,1)
[1690]: (454.6478079099375,1)
[1691]: (454.1384140764219,1)
[1692]: (454.9575664333076,1)
[1693]: (454.2343061888563,1)
[1694]: (454.0624882585962,1)
[1695]: (454.9782665957176,1)
[1696]: (455.7015066531824,1)
[1697]: (454.6649946765892,1)
[1698]: (454.4743828941458,1)
[1699]: (454.0111824634648,1)
[1700]: (454.0174620340117,1)
[1701]: (454.4746982554722,1)
[1702]: (454.0693107503758,1)
[1703]: (454.5370929697875,1)
[1704]: (454.8874800498236,1)
[1705]: (454.0155688007952,1)
[1706]: (454.3877853817168,1)
[1707]: (454.0556097760765,1)
[1708]: (454.367230699194,1)
[1709]: (454.2025868365209,1)
[1710]: (454.0862903843088,1)
[1711]: (454.0592819555622,1)
[1712]: (454.6676324388989,1)
[1713]: (454.0007907744064,1)
[1714]: (454.294959096189,1)
[1715]: (454.2585327073643,1)
[1716]: (454.173830729966,1)
[1717]: (454.1405344304703,1)
[1718]: (454.0198899641798,1)
[1719]: (454.1147207373617,1)
[1720]: (454.0319211903336,1)
[1721]: (454.0639860324526,1)
[1722]: (454.0710799007253,1)
[1723]: (454.4744085931108,1)
[1724]: (454.0931448000013,1)
[1725]: (455.5497911269256,1)
[1726]: (454.0296435586494,1)
[1727]: (454.0265062037151,1)
[1728]: (454.6132342001883,1)
[1729]: (454.1124010682189,1)
[1730]: (454.027452703025,1)
[1731]: (455.0338329197245,1)
[1732]: (454.3880935795094,1)
[1733]: (454.0779840836007,1)
[1734]: (454.7120320045647,1)
[1735]: (454.3863658077536,1)
[1736]: (454.1280341716724,1)
[1737]: (454.5931865137237,1)
[1738]: (454.4740997636947,1)
[1739]: (454.1230605525838,1)
[1740]: (454.3406918682559,1)
[1741]: (454.4471791300431,1)
[1742]: (454.0488340660757,1)
[1743]: (454.0433488167187,1)
[1744]: (454.3372562445908,1)
[1745]: (454.3275225290877,1)
[1746]: (454.0826323640703,1)
[1747]: (454.1354691547095,1)
[1748]: (454.3122668035176,1)
[1749]: (454.1430642895476,1)
[1750]: (454.7262354993259,1)
[1751]: (454.6759644658464,1)
[1752]: (454.0823060247232,1)
[1753]: (454.2549465482332,1)
[1754]: (454.2824741029828,1)
[1755]: (454.6089539690911,1)
[1756]: (454.1031161188138,1)
[1757]: (454.0590308205986,1)
[1758]: (454.120497235851,1)
[1759]: (454.3024946178436,1)
[1760]: (454.1797545609585,1)
[1761]: (454.0240597935348,1)
[1762]: (454.011683021943,1)
[1763]: (454.0754698275422,1)
[1764]: (454.1008438341925,1)
[1765]: (454.9297114873183,1)
[1766]: (454.5921113276928,1)
[1767]: (454.085453199302,1)
[1768]: (454.3239997846561,1)
[1769]: (454.8146953439409,1)
[1770]: (454.328271148799,1)
[1771]: (454.9631618556284,1)
[1772]: (454.3359007503827,1)
[1773]: (454.0917982166687,1)
[1774]: (454.4438881031065,1)
[1775]: (454.4233435356285,1)
[1776]: (454.1792072600384,1)
[1777]: (454.0313386387017,1)
[1778]: (455.1663368454733,1)
[1779]: (454.1643218231966,1)
[1780]: (454.0631669736613,1)
[1781]: (455.37842675842,1)
[1782]: (454.0758803878528,1)
[1783]: (454.1996924257995,1)
[1784]: (454.9290008702445,1)
[1785]: (454.2337528974816,1)
[1786]: (454.5169238155468,1)
[1787]: (454.0882382090163,1)
[1788]: (454.0305753355841,1)
[1789]: (455.1688800672528,1)
[1790]: (454.4226276137567,1)
[1791]: (454.0659609298332,1)
[1792]: (454.4345797641947,1)
[1793]: (454.4093651135161,1)
[1794]: (454.0107931560825,1)
[1795]: (454.3900064583306,1)
[1796]: (454.0288159224234,1)
[1797]: (454.1143417021798,1)
[1798]: (454.3545372776525,1)
[1799]: (454.04465342108,1)
[1800]: (454.1313489916843,1)
[1801]: (454.2333545610084,1)
[1802]: (454.1227258804093,1)
[1803]: (454.037005311919,1)
[1804]: (454.0441960499285,1)
[1805]: (454.0592718440499,1)
[1806]: (454.1478475980774,1)
[1807]: (454.1894852415757,1)
[1808]: (454.1695412608177,1)
[1809]: (454.0007493688958,1)
[1810]: (454.5389690505628,1)
[1811]: (454.0621627828157,1)
[1812]: (454.2963981735431,1)
[1813]: (454.1652510637946,1)
[1814]: (455.3596038473998,1)
[1815]: (454.1595125990388,1)
[1816]: (454.1217604021389,1)
[1817]: (454.3340860702717,1)
[1818]: (454.3119597320375,1)
[1819]: (455.454284001339,1)
[1820]: (455.5299752934123,1)
[1821]: (454.1224922264867,1)
[1822]: (454.227478536544,1)
[1823]: (454.3958212015779,1)
[1824]: (454.1661383339702,1)
[1825]: (454.0657893820404,1)
[1826]: (454.0993677431152,1)
[1827]: (454.3646413335713,1)
[1828]: (454.243802267472,1)
[1829]: (454.4188787573738,1)
[1830]: (454.7338890444085,1)
[1831]: (454.6484160731942,1)
[1832]: (454.0109741646878,1)
[1833]: (455.4439512801675,1)
[1834]: (454.3297029909994,1)
[1835]: (454.3629064636347,1)
[1836]: (454.3785075028729,1)
[1837]: (454.0272439219312,1)
[1838]: (454.4793807077887,1)
[1839]: (454.5777301191036,1)
[1840]: (454.1311287259423,1)
[1841]: (454.1923700360213,1)
[1842]: (454.2939122146319,1)
[1843]: (454.4732750336127,1)
[1844]: (454.0409545184101,1)
[1845]: (454.3730325960306,1)
[1846]: (454.2037597303794,1)
[1847]: (454.6153073631073,1)
[1848]: (454.0182240844453,1)
[1849]: (454.1882400496367,1)
[1850]: (454.1133052154711,1)
[1851]: (454.310137469059,1)
[1852]: (454.030469850257,1)
[1853]: (454.3453265872606,1)
[1854]: (454.2639452789097,1)
[1855]: (454.089901596318,1)
[1856]: (454.3845505908318,1)
[1857]: (454.0227297167224,1)
[1858]: (454.0324733521442,1)
[1859]: (454.0493252643575,1)
[1860]: (454.8354458240075,1)
[1861]: (454.0337824666455,1)
[1862]: (454.1489356612945,1)
[1863]: (454.3025163608654,1)
[1864]: (454.9759229854564,1)
[1865]: (454.550908299048,1)
[1866]: (454.3278241142817,1)
[1867]: (454.3206230631446,1)
[1868]: (454.0212209215073,1)
[1869]: (454.3839806189995,1)
[1870]: (454.0633960745167,1)
[1871]: (454.3678816423001,1)
[1872]: (454.0305696285845,1)
[1873]: (454.149467601714,1)
[1874]: (454.0413633024085,1)
[1875]: (454.1060008368347,1)
[1876]: (454.4470472852743,1)
[1877]: (454.0014376199508,1)
[1878]: (455.8559572835211,1)
[1879]: (454.0712110978058,1)
[1880]: (454.2682712760209,1)
[1881]: (454.0798222281665,1)
[1882]: (454.1134705733559,1)
[1883]: (454.6090841895178,1)
[1884]: (454.1568419106146,1)
[1885]: (454.2061440577862,1)
[1886]: (454.3316756029677,1)
[1887]: (454.0892659289075,1)
[1888]: (454.9984494379432,1)
[1889]: (454.8430770055559,1)
[1890]: (454.9616101810712,1)
[1891]: (454.2556522567352,1)
[1892]: (454.2103693763929,1)
[1893]: (454.1061985391383,1)
[1894]: (454.3500965161615,1)
[1895]: (454.485398859904,1)
[1896]: (454.5935572851874,1)
[1897]: (454.8212677212817,1)
[1898]: (454.1097352392774,1)
[1899]: (454.1236375660062,1)
[1900]: (454.145253216448,1)
[1901]: (454.9105077062948,1)
[1902]: (454.0510500284961,1)
[1903]: (454.8302035188653,1)
[1904]: (454.1447386409952,1)
[1905]: (454.05253008193,1)
[1906]: (454.1297390665223,1)
[1907]: (454.2584707285691,1)
[1908]: (454.7279808869606,1)
[1909]: (454.5242592088146,1)
[1910]: (454.063077592503,1)
[1911]: (454.3789331374149,1)
[1912]: (454.2665878279694,1)
[1913]: (454.5368960770123,1)
[1914]: (454.0079409300571,1)
[1915]: (454.2140356564234,1)
[1916]: (454.7438514981649,1)
[1917]: (455.7675453204471,1)
[1918]: (454.614047157687,1)
[1919]: (454.0369587268767,1)
[1920]: (454.3269314438355,1)
[1921]: (454.0882750333336,1)
[1922]: (454.2788438487964,1)
[1923]: (454.0039880408808,1)
[1924]: (454.0940229126877,1)
[1925]: (454.0529099868825,1)
[1926]: (454.0810732177976,1)
[1927]: (454.9554984530785,1)
[1928]: (454.0243175325847,1)
[1929]: (454.1904697973329,1)
[1930]: (454.2840241483399,1)
[1931]: (454.3545133715349,1)
[1932]: (454.2689313435179,1)
[1933]: (454.0168412435398,1)
[1934]: (454.0854502123505,1)
[1935]: (454.5143613307661,1)
[1936]: (454.1538289882061,1)
[1937]: (454.6187185349713,1)
[1938]: (454.0600523003246,1)
[1939]: (454.7040635834588,1)
[1940]: (454.3057845815659,1)
[1941]: (454.2885052619613,1)
[1942]: (454.9017189150484,1)
[1943]: (454.2821500431273,1)
[1944]: (454.2043165666325,1)
[1945]: (454.083356840159,1)
[1946]: (454.0648957288185,1)
[1947]: (454.2519656212804,1)
[1948]: (454.0702952326097,1)
[1949]: (454.1346329610813,1)
[1950]: (454.1078142804362,1)
[1951]: (454.3239314494066,1)
[1952]: (454.2490994910722,1)
[1953]: (454.021771786872,1)
[1954]: (455.2790341974083,1)
[1955]: (454.2292015086161,1)
[1956]: (455.2353699217392,1)
[1957]: (454.2580565453817,1)
[1958]: (454.2385354961316,1)
[1959]: (454.1367536370422,1)
[1960]: (454.1072227944171,1)
[1961]: (454.1147698324734,1)
[1962]: (454.1855622757112,1)
[1963]: (454.8161835025798,1)
[1964]: (454.3640092791907,1)
[1965]: (454.0912548633241,1)
[1966]: (454.0503500696489,1)
[1967]: (454.0474240819737,1)
[1968]: (454.6372633855607,1)
[1969]: (454.1614118406312,1)
[1970]: (454.0286322787804,1)
[1971]: (454.3364069336541,1)
[1972]: (454.1644989733778,1)
[1973]: (454.9670904856011,1)
[1974]: (454.637719024591,1)
[1975]: (454.2986225721924,1)
[1976]: (454.303719867143,1)
[1977]: (454.1937476747464,1)
[1978]: (454.3452528575029,1)
[1979]: (454.8180030865734,1)
[1980]: (454.240487481589,1)
[1981]: (454.1761027735114,1)
[1982]: (454.0712847716488,1)
[1983]: (455.0495341600978,1)
[1984]: (454.3412939487823,1)
[1985]: (454.2603343156897,1)
[1986]: (454.1254751039158,1)
[1987]: (454.1977730305986,1)
[1988]: (454.4015043716151,1)
[1989]: (454.1930019337137,1)
[1990]: (455.3772169844685,1)
[1991]: (454.178853510396,1)
[1992]: (455.3171796537258,1)
[1993]: (454.4105056568768,1)
[1994]: (454.3223926354319,1)
[1995]: (454.0848528552256,1)
[1996]: (454.0496420616928,1)
[1997]: (454.6171926925783,1)
[1998]: (454.1563481839246,1)
[1999]: (454.5795659760151,1)
 -- States explored : 0 states
 -- CPU user time used : 173980 ms
 -- Virtual memory used : 248196 KiB
 -- Resident memory used : 209536 KiB
executionTime: 1020
