Options for the verification:
  Generating some trace
  Search order is random depth first
  Using conservative space optimisation
  Seed is 1556316139
  State space representation uses minimal constraint systems
  Using HashMap + Compress integers for discrete state storage

Verifying formula 1 at ../queries/SP_100_34_2.q:1
 -- Formula is satisfied.
(9000 runs)
Learning statistics for best strategy: 
	Number of resets: 0
	Number of iterations in last reset: 7
	Number of iterations in total: 7

 -- States explored : 0 states
 -- CPU user time used : 517060 ms
 -- Virtual memory used : 4705200 KiB
 -- Resident memory used : 4665724 KiB

Verifying formula 2 at ../queries/SP_100_34_2.q:2
 -- Formula is satisfied.
Composer.Done:
[0]: (0,0) (278.0773075634175,1)
[1]: (276.3008090143939,1)
[2]: (275.2399619480894,1)
[3]: (276.1496385839621,1)
[4]: (276.7596440457114,1)
[5]: (277.2062873478449,1)
[6]: (274.1757271987693,1)
[7]: (277.0554925509846,1)
[8]: (273.1336089524714,1)
[9]: (274.0106308228148,1)
[10]: (274.4183581187751,1)
[11]: (276.1651689055487,1)
[12]: (274.4028995873251,1)
[13]: (275.3250032105038,1)
[14]: (275.3267380938458,1)
[15]: (276.1759360724339,1)
[16]: (273.1103046785114,1)
[17]: (273.4426660152585,1)
[18]: (275.0284011801169,1)
[19]: (276.5538416312188,1)
[20]: (274.281638721033,1)
[21]: (277.0614330274657,1)
[22]: (274.1510109794744,1)
[23]: (275.2906987979597,1)
[24]: (279.655324028689,1)
[25]: (274.3271328580612,1)
[26]: (278.0181389797449,1)
[27]: (275.3685173934409,1)
[28]: (273.3263978268798,1)
[29]: (279.0842231772498,1)
[30]: (276.0724556457344,1)
[31]: (275.4592683478131,1)
[32]: (274.4318793761003,1)
[33]: (274.2099261300883,1)
[34]: (273.7828665506298,1)
[35]: (274.0236772400247,1)
[36]: (273.3807603047564,1)
[37]: (273.1137680201668,1)
[38]: (273.4080364726308,1)
[39]: (276.0841399761382,1)
[40]: (278.3638053025892,1)
[41]: (280.9981449135954,1)
[42]: (278.1338058194661,1)
[43]: (274.2881551682337,1)
[44]: (275.0528548893666,1)
[45]: (273.6369939074339,1)
[46]: (274.0551471448559,1)
[47]: (274.1530860854803,1)
[48]: (277.2832541123644,1)
[49]: (274.5109506761856,1)
[50]: (273.1765617149139,1)
[51]: (279.1128063325742,1)
[52]: (284.7266027139007,1)
[53]: (274.2698040634563,1)
[54]: (275.0606275635101,1)
[55]: (273.686924900349,1)
[56]: (275.5360060898568,1)
[57]: (273.1276697140358,1)
[58]: (275.4782782153505,1)
[59]: (274.5137724616106,1)
[60]: (274.6834542750493,1)
[61]: (279.1666159422326,1)
[62]: (273.5519907351842,1)
[63]: (274.6991538605927,1)
[64]: (276.1220716308717,1)
[65]: (273.266377573337,1)
[66]: (274.0349493906295,1)
[67]: (274.4486791341753,1)
[68]: (274.1514867737215,1)
[69]: (274.0179627356164,1)
[70]: (275.3050146133497,1)
[71]: (274.4380057434881,1)
[72]: (275.103355324199,1)
[73]: (274.1488852254329,1)
[74]: (275.2542718888459,1)
[75]: (278.0155988451367,1)
[76]: (275.0438008272279,1)
[77]: (274.1719942914522,1)
[78]: (274.395776052638,1)
[79]: (275.2431507978496,1)
[80]: (273.7828102784385,1)
[81]: (278.5050446087064,1)
[82]: (273.1964323890151,1)
[83]: (276.2843309964281,1)
[84]: (275.0358254375238,1)
[85]: (276.9648131415222,1)
[86]: (274.2282601031551,1)
[87]: (277.0938208689222,1)
[88]: (273.4499762009688,1)
[89]: (275.1620867655845,1)
[90]: (275.7165070946964,1)
[91]: (276.1491357078914,1)
[92]: (274.0128079469729,1)
[93]: (275.0926780709898,1)
[94]: (273.1585296827829,1)
[95]: (273.1895225345983,1)
[96]: (274.0038992835478,1)
[97]: (273.4881236352985,1)
[98]: (277.2232831170923,1)
[99]: (273.4957158631017,1)
[100]: (274.0571944653908,1)
[101]: (274.4109164920355,1)
[102]: (275.073119626568,1)
[103]: (274.2439858142877,1)
[104]: (274.4650027198251,1)
[105]: (274.0330139840801,1)
[106]: (274.1088284284068,1)
[107]: (275.4670673992501,1)
[108]: (274.1280701244945,1)
[109]: (277.3914203232852,1)
[110]: (273.124228370529,1)
[111]: (274.1096546622505,1)
[112]: (273.4744943355613,1)
[113]: (274.1170972666075,1)
[114]: (275.1571381701135,1)
[115]: (274.0199929399199,1)
[116]: (274.0006931522257,1)
[117]: (275.0356095349786,1)
[118]: (273.8196301165822,1)
[119]: (274.0605917337244,1)
[120]: (274.3931889162333,1)
[121]: (277.4933822867534,1)
[122]: (274.638986948505,1)
[123]: (276.072287794443,1)
[124]: (277.0578007183079,1)
[125]: (274.2872946392271,1)
[126]: (276.3961783786405,1)
[127]: (275.0958615117854,1)
[128]: (273.9037757320333,1)
[129]: (274.3862087343743,1)
[130]: (280.0616223549824,1)
[131]: (274.2473227029911,1)
[132]: (275.3893074808389,1)
[133]: (273.4274657132016,1)
[134]: (273.0863916159233,1)
[135]: (277.1347954268505,1)
[136]: (276.239932654801,1)
[137]: (273.6558693648212,1)
[138]: (273.7657672825844,1)
[139]: (274.2831560707406,1)
[140]: (273.537997765636,1)
[141]: (273.5216110123282,1)
[142]: (274.0121330265163,1)
[143]: (277.0342196170416,1)
[144]: (277.0643428280846,1)
[145]: (274.1184684240101,1)
[146]: (278.1133477438545,1)
[147]: (274.238589807059,1)
[148]: (275.8271369516256,1)
[149]: (274.3182588082768,1)
[150]: (273.2319349518958,1)
[151]: (277.2830875523031,1)
[152]: (275.0667769003967,1)
[153]: (278.0221095302387,1)
[154]: (274.1225024792142,1)
[155]: (273.645967306071,1)
[156]: (276.0779301476464,1)
[157]: (274.1387664975513,1)
[158]: (276.1767531442231,1)
[159]: (274.0105432842532,1)
[160]: (279.1708616427178,1)
[161]: (273.4389704110805,1)
[162]: (274.443837775924,1)
[163]: (275.0372999595504,1)
[164]: (273.3684374874056,1)
[165]: (275.7101745248995,1)
[166]: (273.03662227976,1)
[167]: (275.0031060310579,1)
[168]: (274.1561615394774,1)
[169]: (274.6538598581528,1)
[170]: (274.4151536335594,1)
[171]: (275.1241257339277,1)
[172]: (273.0426938437002,1)
[173]: (274.3603300781047,1)
[174]: (276.0746123452271,1)
[175]: (277.3477074279421,1)
[176]: (275.6761885119989,1)
[177]: (278.1312408827276,1)
[178]: (275.010262174477,1)
[179]: (275.0333518380812,1)
[180]: (276.3717111302449,1)
[181]: (274.3337063609022,1)
[182]: (275.2646905202927,1)
[183]: (273.3763731972255,1)
[184]: (274.3860522464587,1)
[185]: (277.0227021041389,1)
[186]: (275.0391578186737,1)
[187]: (276.181578018189,1)
[188]: (276.4832407115187,1)
[189]: (274.3257296053905,1)
[190]: (275.7283747509346,1)
[191]: (276.3364338128697,1)
[192]: (275.3899345666685,1)
[193]: (274.0569802407157,1)
[194]: (276.0806941737422,1)
[195]: (278.138048340883,1)
[196]: (275.3330006326706,1)
[197]: (274.6368114509785,1)
[198]: (278.2479427158249,1)
[199]: (279.4840566061759,1)
[200]: (277.5209653803026,1)
[201]: (275.0746846573172,1)
[202]: (276.1527885328443,1)
[203]: (275.1044998907543,1)
[204]: (275.1486203104653,1)
[205]: (274.1681153493957,1)
[206]: (275.3393138160661,1)
[207]: (274.0103323670118,1)
[208]: (274.5295240707035,1)
[209]: (273.1426743752274,1)
[210]: (275.1036930659516,1)
[211]: (274.4051663614469,1)
[212]: (274.2681927450507,1)
[213]: (273.4926965860878,1)
[214]: (274.1962159760474,1)
[215]: (276.038354065478,1)
[216]: (274.0292625190731,1)
[217]: (275.04982306175,1)
[218]: (277.0012755379407,1)
[219]: (275.338695167866,1)
[220]: (273.0974346966058,1)
[221]: (274.0725708249832,1)
[222]: (274.2571506578495,1)
[223]: (275.2441572877403,1)
[224]: (275.1235037638359,1)
[225]: (273.6385470290938,1)
[226]: (274.1493129852819,1)
[227]: (276.2275041940445,1)
[228]: (276.2912591093331,1)
[229]: (276.4053632809578,1)
[230]: (274.1526867602519,1)
[231]: (274.2155246106668,1)
[232]: (274.5485701977852,1)
[233]: (274.1562288123258,1)
[234]: (279.3752494002714,1)
[235]: (274.131899985927,1)
[236]: (275.3070919537063,1)
[237]: (274.4228572813092,1)
[238]: (274.9716228991687,1)
[239]: (275.0912653011188,1)
[240]: (273.5669002448111,1)
[241]: (277.2544711895533,1)
[242]: (274.066550633186,1)
[243]: (274.4309085633374,1)
[244]: (274.1529039971537,1)
[245]: (277.1846985212796,1)
[246]: (274.8375341515665,1)
[247]: (274.6453189602204,1)
[248]: (275.2315580508683,1)
[249]: (274.0726763192692,1)
[250]: (276.1428928706446,1)
[251]: (277.0567549946978,1)
[252]: (275.2002574426644,1)
[253]: (278.0632931848245,1)
[254]: (274.5122742632429,1)
[255]: (277.4658331256542,1)
[256]: (274.0936881793918,1)
[257]: (274.1411964768814,1)
[258]: (273.6075126103187,1)
[259]: (274.2197312480701,1)
[260]: (279.0485448484756,1)
[261]: (275.0525177944324,1)
[262]: (273.9263295075413,1)
[263]: (273.1973727756036,1)
[264]: (274.1331825013384,1)
[265]: (278.4132365623025,1)
[266]: (274.0278343533406,1)
[267]: (274.0260000143724,1)
[268]: (273.5247762772303,1)
[269]: (274.1471662891163,1)
[270]: (273.2474224558003,1)
[271]: (275.4526569251341,1)
[272]: (274.5451145101485,1)
[273]: (275.1174668651051,1)
[274]: (276.1381262107063,1)
[275]: (275.0266156306818,1)
[276]: (274.8524489715994,1)
[277]: (278.2325470292449,1)
[278]: (276.0283772496998,1)
[279]: (274.0134235363798,1)
[280]: (275.2176838176037,1)
[281]: (274.1506690883194,1)
[282]: (276.0651051684882,1)
[283]: (274.1407387333053,1)
[284]: (273.5329807584097,1)
[285]: (275.2722086860778,1)
[286]: (275.2474805532275,1)
[287]: (279.0382503765521,1)
[288]: (275.404622897295,1)
[289]: (275.0683311915961,1)
[290]: (273.4146797698593,1)
[291]: (276.1799079143321,1)
[292]: (274.0565955170219,1)
[293]: (273.4993426388869,1)
[294]: (275.0891589611109,1)
[295]: (276.5344623633051,1)
[296]: (276.0287969155446,1)
[297]: (275.1251116481692,1)
[298]: (274.3325884748016,1)
[299]: (275.0699355082111,1)
[300]: (276.2139780649737,1)
[301]: (273.0237614316092,1)
[302]: (273.4253963106513,1)
[303]: (274.1546040333457,1)
[304]: (275.110202222612,1)
[305]: (275.1618463636014,1)
[306]: (274.4119991089645,1)
[307]: (274.1819278443422,1)
[308]: (276.0571201921282,1)
[309]: (274.0717962619683,1)
[310]: (273.0695884194601,1)
[311]: (275.0833592496664,1)
[312]: (273.3144995889123,1)
[313]: (276.0957679803402,1)
[314]: (273.8096604424696,1)
[315]: (278.9554320681519,1)
[316]: (273.1104115254714,1)
[317]: (274.2540727898107,1)
[318]: (274.2374983826085,1)
[319]: (273.1232274385807,1)
[320]: (275.4250244197247,1)
[321]: (275.4163974860567,1)
[322]: (274.1303379031794,1)
[323]: (277.226287583335,1)
[324]: (275.0846486506281,1)
[325]: (277.1224827318321,1)
[326]: (274.2031571172292,1)
[327]: (275.2740618828486,1)
[328]: (277.1369239746863,1)
[329]: (275.1425893011391,1)
[330]: (275.1706948084953,1)
[331]: (274.0273027007965,1)
[332]: (276.3080334421286,1)
[333]: (275.433224634004,1)
[334]: (275.4986454584293,1)
[335]: (274.1707022546444,1)
[336]: (275.6015597388755,1)
[337]: (276.0495183242282,1)
[338]: (279.7217768006702,1)
[339]: (277.467748288037,1)
[340]: (276.2034733887057,1)
[341]: (281.2231406285176,1)
[342]: (276.0635361976852,1)
[343]: (274.4021931358499,1)
[344]: (275.3171738642489,1)
[345]: (274.4219421462005,1)
[346]: (275.0620841773496,1)
[347]: (275.1110941515821,1)
[348]: (275.0605840063434,1)
[349]: (275.0491801830054,1)
[350]: (275.1798472670737,1)
[351]: (273.2669400638167,1)
[352]: (276.0282358351798,1)
[353]: (275.6500932590138,1)
[354]: (277.3244073770915,1)
[355]: (274.0258874248833,1)
[356]: (275.7233680609253,1)
[357]: (277.5460081522004,1)
[358]: (275.3937068280086,1)
[359]: (273.1210687261153,1)
[360]: (275.7490089276954,1)
[361]: (273.3001419432603,1)
[362]: (276.3808102017542,1)
[363]: (275.1969016675401,1)
[364]: (275.0940639877328,1)
[365]: (273.6215972732071,1)
[366]: (276.3258138617897,1)
[367]: (274.4031988817432,1)
[368]: (274.2010623478109,1)
[369]: (276.1764147896786,1)
[370]: (274.1253222399044,1)
[371]: (278.0354186746171,1)
[372]: (274.0794994610207,1)
[373]: (277.1056555265431,1)
[374]: (273.2125767840013,1)
[375]: (274.3074489301661,1)
[376]: (273.4751392732896,1)
[377]: (273.8389322477472,1)
[378]: (276.3811091819374,1)
[379]: (273.1651071237255,1)
[380]: (274.2084401456804,1)
[381]: (276.0184053515963,1)
[382]: (275.2941799077602,1)
[383]: (277.3682569630288,1)
[384]: (274.1181461618295,1)
[385]: (275.098866593979,1)
[386]: (278.1110619643417,1)
[387]: (274.0144816878827,1)
[388]: (276.0908248324585,1)
[389]: (274.0526561633756,1)
[390]: (273.7914676545846,1)
[391]: (274.2421897672156,1)
[392]: (279.0504190886433,1)
[393]: (277.4343087431313,1)
[394]: (273.3223490984385,1)
[395]: (273.878871488811,1)
[396]: (278.0352091185845,1)
[397]: (273.4767421641004,1)
[398]: (274.4499040938886,1)
[399]: (275.0888564896307,1)
[400]: (273.105806833917,1)
[401]: (276.0067651118749,1)
[402]: (274.0932993027942,1)
[403]: (275.5799966392619,1)
[404]: (276.3306750207111,1)
[405]: (275.0345252732948,1)
[406]: (273.1542774160315,1)
[407]: (273.2113795598056,1)
[408]: (275.2663906875206,1)
[409]: (275.4548583901496,1)
[410]: (277.0116513868981,1)
[411]: (276.252725164604,1)
[412]: (274.145783772317,1)
[413]: (277.8900013172951,1)
[414]: (277.29099064402,1)
[415]: (277.9703846178639,1)
[416]: (273.2854648853632,1)
[417]: (273.5810145348395,1)
[418]: (278.3970470535871,1)
[419]: (274.3488141518485,1)
[420]: (276.0620827495379,1)
[421]: (274.3136806232581,1)
[422]: (274.0222207870259,1)
[423]: (275.1083009564506,1)
[424]: (277.3288682956396,1)
[425]: (273.510544472606,1)
[426]: (274.2043780900423,1)
[427]: (277.3250080140704,1)
[428]: (276.1324804857823,1)
[429]: (275.2762425913594,1)
[430]: (274.0119929452732,1)
[431]: (276.5298246679025,1)
[432]: (274.3319483972599,1)
[433]: (275.0913036172925,1)
[434]: (274.2646975797924,1)
[435]: (274.0216362353088,1)
[436]: (274.1608848928079,1)
[437]: (276.4632366523346,1)
[438]: (275.1417534904062,1)
[439]: (274.22275020867,1)
[440]: (277.1859407346897,1)
[441]: (273.8729321348791,1)
[442]: (274.1484507757056,1)
[443]: (274.0001872378187,1)
[444]: (274.3716951269433,1)
[445]: (273.7555443626357,1)
[446]: (275.0135656519548,1)
[447]: (279.4561141666523,1)
[448]: (274.2289787280204,1)
[449]: (277.7158244223282,1)
[450]: (274.0372791068875,1)
[451]: (273.0363596535419,1)
[452]: (275.2313746887364,1)
[453]: (277.0388314613234,1)
[454]: (275.0057150397469,1)
[455]: (275.0964242309053,1)
[456]: (274.1197154699568,1)
[457]: (277.749110717176,1)
[458]: (273.9393378837513,1)
[459]: (277.1171541736843,1)
[460]: (276.1845419723535,1)
[461]: (273.5971266673751,1)
[462]: (277.1067863818155,1)
[463]: (278.165523948621,1)
[464]: (274.4801667734603,1)
[465]: (275.1308279471379,1)
[466]: (274.4321367009173,1)
[467]: (275.3379696732197,1)
[468]: (274.3183154278013,1)
[469]: (275.834089007797,1)
[470]: (276.0801388050467,1)
[471]: (273.0488456982082,1)
[472]: (275.2350920475804,1)
[473]: (274.3648908450759,1)
[474]: (276.1341622358182,1)
[475]: (278.9818700259645,1)
[476]: (279.2691401998725,1)
[477]: (277.035460194572,1)
[478]: (275.0056005314507,1)
[479]: (276.1279603831628,1)
[480]: (276.4986736775003,1)
[481]: (273.3715414440226,1)
[482]: (274.1973850338892,1)
[483]: (274.2139013734635,1)
[484]: (274.2895366448831,1)
[485]: (275.9674332023618,1)
[486]: (275.1709190336962,1)
[487]: (274.0640837282945,1)
[488]: (277.2154452016358,1)
[489]: (274.2204792572664,1)
[490]: (274.102780063112,1)
[491]: (274.9580594344054,1)
[492]: (274.4963565510271,1)
[493]: (274.2484033586196,1)
[494]: (278.3947991892478,1)
[495]: (279.6327583069308,1)
[496]: (275.0531629897976,1)
[497]: (276.1074268928529,1)
[498]: (275.0016069365394,1)
[499]: (273.1722969496534,1)
[500]: (275.8212919765884,1)
[501]: (275.6068441903195,1)
[502]: (278.3052249133764,1)
[503]: (274.7564664131053,1)
[504]: (275.2453472400531,1)
[505]: (274.0258611632935,1)
[506]: (277.0930900078666,1)
[507]: (281.271205256618,1)
[508]: (275.046161665168,1)
[509]: (276.0810126455203,1)
[510]: (274.8827967400082,1)
[511]: (275.1955998355025,1)
[512]: (276.2988800324346,1)
[513]: (277.7615293987965,1)
[514]: (275.6052249271256,1)
[515]: (275.149827210892,1)
[516]: (274.043439587881,1)
[517]: (274.3057582066747,1)
[518]: (277.514236332398,1)
[519]: (275.4999626679527,1)
[520]: (277.0659338595302,1)
[521]: (277.6773607790543,1)
[522]: (274.2817762485825,1)
[523]: (273.4321056774171,1)
[524]: (278.1941508309392,1)
[525]: (273.3007262734454,1)
[526]: (274.0657869609981,1)
[527]: (276.0157809560603,1)
[528]: (274.6553463480317,1)
[529]: (273.4035978237603,1)
[530]: (274.212496564434,1)
[531]: (275.6127172461481,1)
[532]: (274.0525418230728,1)
[533]: (276.8430475230666,1)
[534]: (274.1873192150791,1)
[535]: (274.4474236716675,1)
[536]: (276.033103483385,1)
[537]: (275.0558573960959,1)
[538]: (277.0820396100792,1)
[539]: (276.1097600258038,1)
[540]: (274.300548923117,1)
[541]: (274.1037926436438,1)
[542]: (274.0287295204286,1)
[543]: (276.1415920268132,1)
[544]: (273.2438140480377,1)
[545]: (273.0632947973456,1)
[546]: (275.2777290001658,1)
[547]: (277.3007420458964,1)
[548]: (273.7851795681138,1)
[549]: (277.3463752192741,1)
[550]: (274.0862882529667,1)
[551]: (276.2684681251187,1)
[552]: (275.6384298939058,1)
[553]: (274.0293991591078,1)
[554]: (273.1304445344604,1)
[555]: (275.364056659004,1)
[556]: (275.0942522993874,1)
[557]: (274.1565586943418,1)
[558]: (274.4450862762455,1)
[559]: (275.860961528703,1)
[560]: (275.661317087329,1)
[561]: (274.2102963599804,1)
[562]: (273.5167427948126,1)
[563]: (275.098080292689,1)
[564]: (275.1136325467942,1)
[565]: (278.0159886285408,1)
[566]: (276.0571778294614,1)
[567]: (273.2231575312495,1)
[568]: (278.1459526951337,1)
[569]: (275.4360381359585,1)
[570]: (275.0842300026685,1)
[571]: (274.1534308778106,1)
[572]: (275.0629768271103,1)
[573]: (277.0596950799982,1)
[574]: (274.8021259525326,1)
[575]: (275.6518819369854,1)
[576]: (273.2951950273827,1)
[577]: (275.1054156983654,1)
[578]: (273.4489588946345,1)
[579]: (276.4114981972352,1)
[580]: (273.1190561173968,1)
[581]: (276.3456797570638,1)
[582]: (279.1722480784387,1)
[583]: (273.6782747524347,1)
[584]: (276.1914539620772,1)
[585]: (275.773402640394,1)
[586]: (274.3692036693705,1)
[587]: (279.186136380267,1)
[588]: (274.0794600957175,1)
[589]: (277.5066482460558,1)
[590]: (275.1760287229352,1)
[591]: (274.6593263159062,1)
[592]: (275.3779471409341,1)
[593]: (274.1827727556552,1)
[594]: (278.3510875607007,1)
[595]: (276.9182133377149,1)
[596]: (274.0264916695468,1)
[597]: (275.0431964372301,1)
[598]: (274.5332486547791,1)
[599]: (276.4346850042544,1)
[600]: (275.5350042499127,1)
[601]: (277.2310849025366,1)
[602]: (275.5602404107476,1)
[603]: (274.5370148074789,1)
[604]: (276.9207499826239,1)
[605]: (276.1190813397296,1)
[606]: (277.0134296257582,1)
[607]: (274.12378993833,1)
[608]: (274.0991873308276,1)
[609]: (276.0364797760155,1)
[610]: (274.1079600956663,1)
[611]: (280.4074854191823,1)
[612]: (280.7026445376297,1)
[613]: (274.0039998845615,1)
[614]: (275.0080363445522,1)
[615]: (273.0155608750471,1)
[616]: (273.9578242394572,1)
[617]: (273.7616949827261,1)
[618]: (278.1270916982128,1)
[619]: (273.2445790310372,1)
[620]: (275.8369698524295,1)
[621]: (276.1891230040749,1)
[622]: (274.2269332638695,1)
[623]: (274.1795978936065,1)
[624]: (274.4651458183913,1)
[625]: (275.0065804115595,1)
[626]: (274.039685335241,1)
[627]: (275.1306460975059,1)
[628]: (275.0020089919441,1)
[629]: (274.0138707655562,1)
[630]: (274.1538473775051,1)
[631]: (274.2927080751861,1)
[632]: (275.5101322184341,1)
[633]: (274.4501447379457,1)
[634]: (274.3995838969776,1)
[635]: (277.5087768321126,1)
[636]: (275.320716042831,1)
[637]: (274.1501346854487,1)
[638]: (279.7279066718796,1)
[639]: (277.061056530897,1)
[640]: (276.0030296740579,1)
[641]: (274.0322362210186,1)
[642]: (274.5036407440113,1)
[643]: (275.3891171133209,1)
[644]: (276.541009134435,1)
[645]: (274.3237517162376,1)
[646]: (275.8686730893586,1)
[647]: (274.0149009586719,1)
[648]: (274.2441861568161,1)
[649]: (276.9087062471825,1)
[650]: (277.2168580760882,1)
[651]: (273.6191185325339,1)
[652]: (273.1399192494497,1)
[653]: (273.8560244434367,1)
[654]: (274.7354499451495,1)
[655]: (277.168800162826,1)
[656]: (275.533381412241,1)
[657]: (273.2569137872856,1)
[658]: (274.1197668447705,1)
[659]: (275.7904439062734,1)
[660]: (274.7139609416431,1)
[661]: (276.5024909203422,1)
[662]: (273.3719098009736,1)
[663]: (274.1143175499066,1)
[664]: (274.8282312245224,1)
[665]: (275.180911748971,1)
[666]: (274.053165693462,1)
[667]: (275.5198895599113,1)
[668]: (274.0621099992894,1)
[669]: (274.0456676919321,1)
[670]: (274.1699473061077,1)
[671]: (274.3519062481515,1)
[672]: (273.6024932938688,1)
[673]: (278.2979126464325,1)
[674]: (274.451801199899,1)
[675]: (274.4203241172561,1)
[676]: (277.0008215854275,1)
[677]: (276.008191936524,1)
[678]: (274.3172772981009,1)
[679]: (277.0671534331776,1)
[680]: (273.1003088758488,1)
[681]: (275.4639735773891,1)
[682]: (277.1201789070757,1)
[683]: (274.7570572191727,1)
[684]: (275.0273617793856,1)
[685]: (276.0180349066438,1)
[686]: (276.9423925507842,1)
[687]: (274.1447575892606,1)
[688]: (274.3404527846928,1)
[689]: (274.0864218146381,1)
[690]: (275.013819295074,1)
[691]: (273.345617486329,1)
[692]: (273.100300907168,1)
[693]: (273.5327586683484,1)
[694]: (275.3252845723687,1)
[695]: (274.5980620733651,1)
[696]: (276.3346748496541,1)
[697]: (275.0878296882324,1)
[698]: (277.0950037085472,1)
[699]: (275.2690775729809,1)
[700]: (277.1095416590047,1)
[701]: (277.3255353427216,1)
[702]: (275.4452663108869,1)
[703]: (275.3687610594741,1)
[704]: (276.6637128895775,1)
[705]: (275.2429486620426,1)
[706]: (274.2738708276349,1)
[707]: (275.4327357433769,1)
[708]: (273.2744050546823,1)
[709]: (275.898043320983,1)
[710]: (273.4068197024345,1)
[711]: (277.0786142856998,1)
[712]: (274.4357000490833,1)
[713]: (274.1568508922772,1)
[714]: (274.7634368962119,1)
[715]: (273.1024921008869,1)
[716]: (276.15958227842,1)
[717]: (275.0934397861434,1)
[718]: (279.0370610044449,1)
[719]: (275.2971478597762,1)
[720]: (276.132995633227,1)
[721]: (273.3763198998183,1)
[722]: (276.232691232312,1)
[723]: (277.6743406178548,1)
[724]: (278.0026010593809,1)
[725]: (279.145527382802,1)
[726]: (277.0203171911811,1)
[727]: (275.2594083823631,1)
[728]: (275.2975173791276,1)
[729]: (274.0775912937873,1)
[730]: (273.6593006428891,1)
[731]: (278.6645592985709,1)
[732]: (274.6797472574915,1)
[733]: (274.1870751890821,1)
[734]: (276.0000083084517,1)
[735]: (275.424806248281,1)
[736]: (275.3555060801419,1)
[737]: (275.8197758500989,1)
[738]: (274.2042654374556,1)
[739]: (274.1184961667882,1)
[740]: (274.1821410068044,1)
[741]: (274.3892515451357,1)
[742]: (274.1791731159782,1)
[743]: (274.3419362822693,1)
[744]: (273.156846725172,1)
[745]: (275.0138259384399,1)
[746]: (273.5223683697267,1)
[747]: (278.3102038193706,1)
[748]: (274.4903687089422,1)
[749]: (275.1781219310215,1)
[750]: (275.2568128594726,1)
[751]: (275.5077194147878,1)
[752]: (275.4084933630754,1)
[753]: (274.4019294483924,1)
[754]: (274.2594974433101,1)
[755]: (275.443125405642,1)
[756]: (275.1881499804153,1)
[757]: (275.0657163826477,1)
[758]: (278.2140026091251,1)
[759]: (274.6722769311582,1)
[760]: (275.8941896768251,1)
[761]: (274.0362454932644,1)
[762]: (277.1617725802898,1)
[763]: (274.0480526196608,1)
[764]: (274.0498734895036,1)
[765]: (276.6225360836614,1)
[766]: (273.0465817794163,1)
[767]: (274.0178249671751,1)
[768]: (274.2445076822561,1)
[769]: (275.3924404255699,1)
[770]: (275.2014952701705,1)
[771]: (274.1815368852289,1)
[772]: (274.3687421454759,1)
[773]: (275.5154431604946,1)
[774]: (275.3161781454403,1)
[775]: (274.5729081377797,1)
[776]: (274.2469075285993,1)
[777]: (273.2935312146842,1)
[778]: (273.7783794164699,1)
[779]: (273.6909841948901,1)
[780]: (274.3721726281511,1)
[781]: (273.8444911565047,1)
[782]: (273.775705274774,1)
[783]: (278.5581406135782,1)
[784]: (274.0806927493198,1)
[785]: (276.1347376187692,1)
[786]: (274.310516041766,1)
[787]: (274.0892483096657,1)
[788]: (273.2314221653163,1)
[789]: (278.1730593782696,1)
[790]: (274.3605604970298,1)
[791]: (275.0484667094997,1)
[792]: (275.8309640757899,1)
[793]: (274.0127111698835,1)
[794]: (274.1653186264952,1)
[795]: (275.0383487721512,1)
[796]: (278.3288367935669,1)
[797]: (273.3506812790433,1)
[798]: (273.2575115614914,1)
[799]: (274.7703481157747,1)
[800]: (276.1216607553861,1)
[801]: (277.3514118561887,1)
[802]: (274.3957774228261,1)
[803]: (275.6184396576441,1)
[804]: (274.2826838705259,1)
[805]: (273.2483756302503,1)
[806]: (276.4755129453952,1)
[807]: (277.3816617615354,1)
[808]: (275.0881570954427,1)
[809]: (274.083561831371,1)
[810]: (273.2055436006366,1)
[811]: (274.6818690404003,1)
[812]: (275.0555802737538,1)
[813]: (275.2251154166882,1)
[814]: (274.1025014956111,1)
[815]: (275.2729258221859,1)
[816]: (274.4134204172584,1)
[817]: (274.049901437518,1)
[818]: (274.2289615657559,1)
[819]: (275.1159934728484,1)
[820]: (274.4044079244321,1)
[821]: (278.0647614100276,1)
[822]: (279.2784712782699,1)
[823]: (275.3950447689212,1)
[824]: (276.0804876212967,1)
[825]: (274.0129582860782,1)
[826]: (276.9608821033705,1)
[827]: (274.1515555437885,1)
[828]: (275.1385191982341,1)
[829]: (275.3769846169769,1)
[830]: (277.0410922374036,1)
[831]: (274.5179418650983,1)
[832]: (273.0960156228923,1)
[833]: (277.2748167781405,1)
[834]: (276.2390635657996,1)
[835]: (275.3730762727074,1)
[836]: (278.6019044369706,1)
[837]: (273.3448914155131,1)
[838]: (273.0845858110909,1)
[839]: (276.4117526099995,1)
[840]: (275.4900785013594,1)
[841]: (274.2582626267995,1)
[842]: (273.7766245716418,1)
[843]: (273.2888399448494,1)
[844]: (274.1217808017179,1)
[845]: (274.563978521024,1)
[846]: (275.2184323258584,1)
[847]: (275.3357049823678,1)
[848]: (277.211233820212,1)
[849]: (275.5632689759216,1)
[850]: (276.1129260540966,1)
[851]: (279.5582743197735,1)
[852]: (273.2415631032386,1)
[853]: (273.1363668205258,1)
[854]: (277.0857173895511,1)
[855]: (276.0855740768553,1)
[856]: (273.3097368326144,1)
[857]: (275.0015722707713,1)
[858]: (276.3590345694425,1)
[859]: (274.7797231311085,1)
[860]: (277.9373443463249,1)
[861]: (276.4497091007726,1)
[862]: (275.0577578733865,1)
[863]: (274.7328871536208,1)
[864]: (274.3142390212701,1)
[865]: (275.3175808378982,1)
[866]: (274.3543387051675,1)
[867]: (275.3060647032731,1)
[868]: (273.7905560534775,1)
[869]: (274.8822038456813,1)
[870]: (274.2024289108659,1)
[871]: (276.325374348352,1)
[872]: (275.029335862193,1)
[873]: (274.743019921142,1)
[874]: (275.0146203299655,1)
[875]: (274.2644580679394,1)
[876]: (275.1053623690181,1)
[877]: (275.0891940334458,1)
[878]: (275.3372649787007,1)
[879]: (274.13414400549,1)
[880]: (277.4193015035346,1)
[881]: (273.2078339291177,1)
[882]: (273.1635313632053,1)
[883]: (276.0192995189227,1)
[884]: (275.6947844300298,1)
[885]: (275.2185352380621,1)
[886]: (274.6343066429262,1)
[887]: (273.2039482478852,1)
[888]: (273.5536963587632,1)
[889]: (275.4412592669752,1)
[890]: (274.878519764734,1)
[891]: (275.1407653023417,1)
[892]: (274.0495941611361,1)
[893]: (276.3715779588243,1)
[894]: (278.2042096170878,1)
[895]: (276.1671117619162,1)
[896]: (275.028796038471,1)
[897]: (274.0518799281851,1)
[898]: (275.0932920948395,1)
[899]: (275.1114355394611,1)
[900]: (273.2653799003051,1)
[901]: (275.1462555584028,1)
[902]: (278.3088579970272,1)
[903]: (275.1690946441036,1)
[904]: (273.3122022174313,1)
[905]: (276.3751393228056,1)
[906]: (275.4229221434189,1)
[907]: (274.0823017160489,1)
[908]: (279.2722826712621,1)
[909]: (278.6933316185099,1)
[910]: (275.0151357186252,1)
[911]: (277.0728865118338,1)
[912]: (278.0522621292044,1)
[913]: (274.7491734957824,1)
[914]: (273.7405992002516,1)
[915]: (273.4032144083537,1)
[916]: (273.2511708333683,1)
[917]: (276.1615614201458,1)
[918]: (276.0243174606489,1)
[919]: (274.0739830262867,1)
[920]: (273.1841863914064,1)
[921]: (274.0018821641755,1)
[922]: (273.7169180849447,1)
[923]: (278.0290247536795,1)
[924]: (276.432021637489,1)
[925]: (275.3568086792031,1)
[926]: (277.7035966308742,1)
[927]: (275.0478640082338,1)
[928]: (277.0320515755528,1)
[929]: (274.1440464731437,1)
[930]: (274.6700455143269,1)
[931]: (274.6448741188013,1)
[932]: (274.1359326004735,1)
[933]: (275.0320509986045,1)
[934]: (273.1501414998547,1)
[935]: (277.5770192188582,1)
[936]: (276.6683309501063,1)
[937]: (274.0097350276305,1)
[938]: (273.4840377008353,1)
[939]: (277.1723751540803,1)
[940]: (274.0305362185309,1)
[941]: (275.0796184470222,1)
[942]: (273.2038924099336,1)
[943]: (275.5933208660466,1)
[944]: (275.1701416324585,1)
[945]: (276.0240522336411,1)
[946]: (274.5293246126339,1)
[947]: (274.2652348620139,1)
[948]: (273.405678789468,1)
[949]: (278.1514272847273,1)
[950]: (274.4979025787478,1)
[951]: (275.3920170216068,1)
[952]: (274.4135115918922,1)
[953]: (276.0973148385922,1)
[954]: (275.5930532377147,1)
[955]: (274.2997293330467,1)
[956]: (279.3148722128901,1)
[957]: (276.1446365290958,1)
[958]: (278.1145853952894,1)
[959]: (276.2949312563302,1)
[960]: (276.0034481643079,1)
[961]: (275.1013912851917,1)
[962]: (274.9125652052519,1)
[963]: (276.0026796049115,1)
[964]: (274.2728509234569,1)
[965]: (275.0350015798795,1)
[966]: (277.0068322039036,1)
[967]: (276.7867828752961,1)
[968]: (273.1311574688817,1)
[969]: (274.1539043186719,1)
[970]: (273.471887450332,1)
[971]: (276.4499010839058,1)
[972]: (273.7664334527028,1)
[973]: (274.0009253570617,1)
[974]: (274.2515871015842,1)
[975]: (273.5831854578389,1)
[976]: (276.02509003854,1)
[977]: (277.1930154296749,1)
[978]: (274.354420568451,1)
[979]: (276.3870603075963,1)
[980]: (276.0014075762469,1)
[981]: (275.0576155184355,1)
[982]: (274.4988717572971,1)
[983]: (277.1875368272167,1)
[984]: (273.2047197238174,1)
[985]: (277.1970287242652,1)
[986]: (274.0610625779876,1)
[987]: (275.1319793667056,1)
[988]: (276.4679167814728,1)
[989]: (276.0524196839902,1)
[990]: (276.0358113656733,1)
[991]: (273.1673429565807,1)
[992]: (276.0601469562196,1)
[993]: (275.2113268715965,1)
[994]: (274.9275196952354,1)
[995]: (277.0748199268953,1)
[996]: (274.0179046557117,1)
[997]: (274.3085483829869,1)
[998]: (275.1633120729063,1)
[999]: (274.4512946709932,1)
[1000]: (275.3111821586685,1)
[1001]: (275.7345248414552,1)
[1002]: (275.0767783735752,1)
[1003]: (276.2939893442438,1)
[1004]: (274.1613148796651,1)
[1005]: (274.8818916220495,1)
[1006]: (274.56621879255,1)
[1007]: (278.7768985065836,1)
[1008]: (275.3622560484949,1)
[1009]: (276.1617474487779,1)
[1010]: (273.176364093067,1)
[1011]: (274.7895866951094,1)
[1012]: (275.0357766588746,1)
[1013]: (274.203562833869,1)
[1014]: (276.1468546024652,1)
[1015]: (276.2721982013624,1)
[1016]: (278.2135894714562,1)
[1017]: (274.2263462206845,1)
[1018]: (275.1363789614864,1)
[1019]: (274.6853361177892,1)
[1020]: (277.0481762860659,1)
[1021]: (277.2705458469877,1)
[1022]: (275.6907577008128,1)
[1023]: (273.8449702845123,1)
[1024]: (275.0054743388847,1)
[1025]: (276.1457155693503,1)
[1026]: (274.8496057188238,1)
[1027]: (275.5739658429339,1)
[1028]: (275.6517076089461,1)
[1029]: (273.4461958521789,1)
[1030]: (274.9198135177374,1)
[1031]: (274.0729066438777,1)
[1032]: (274.4172352193209,1)
[1033]: (277.6605005439229,1)
[1034]: (274.2397092940162,1)
[1035]: (274.8491936204241,1)
[1036]: (273.2731656825645,1)
[1037]: (274.2914895875169,1)
[1038]: (273.6996789505241,1)
[1039]: (274.4392296505622,1)
[1040]: (278.1695941246706,1)
[1041]: (274.3296998503654,1)
[1042]: (274.8766068157833,1)
[1043]: (273.2403820681249,1)
[1044]: (275.0744394511609,1)
[1045]: (274.1880900823829,1)
[1046]: (276.5038158991094,1)
[1047]: (276.3355789801032,1)
[1048]: (279.0312061018645,1)
[1049]: (274.2669539976214,1)
[1050]: (274.1507329956688,1)
[1051]: (274.1641392127302,1)
[1052]: (277.2554697839355,1)
[1053]: (273.7929194598757,1)
[1054]: (274.104167059908,1)
[1055]: (274.0548379710979,1)
[1056]: (275.1351334679537,1)
[1057]: (274.4930063364007,1)
[1058]: (277.8965549849094,1)
[1059]: (276.211829717843,1)
[1060]: (274.297071857809,1)
[1061]: (274.5813594359349,1)
[1062]: (274.8024792343483,1)
[1063]: (274.1048212161089,1)
[1064]: (276.3397198685651,1)
[1065]: (276.094905461404,1)
[1066]: (275.1130074822424,1)
[1067]: (277.3083417181477,1)
[1068]: (275.6385929033962,1)
[1069]: (275.0958129103386,1)
[1070]: (274.4605094814803,1)
[1071]: (280.111083616376,1)
[1072]: (279.1630510851649,1)
[1073]: (276.3011261330121,1)
[1074]: (273.4792380331307,1)
[1075]: (273.7973960056223,1)
[1076]: (278.2958531433577,1)
[1077]: (273.4130230637168,1)
[1078]: (273.2443540889262,1)
[1079]: (275.3206258033875,1)
[1080]: (277.8659467596119,1)
[1081]: (276.0883431757586,1)
[1082]: (274.4732722334518,1)
[1083]: (277.2120134175696,1)
[1084]: (275.2643153608029,1)
[1085]: (275.0492510666626,1)
[1086]: (275.2622209305164,1)
[1087]: (277.3525366871515,1)
[1088]: (273.4909281950325,1)
[1089]: (275.5825401208012,1)
[1090]: (276.1691417915234,1)
[1091]: (276.0926161018287,1)
[1092]: (277.788678954672,1)
[1093]: (273.4072278301826,1)
[1094]: (275.0396348524185,1)
[1095]: (274.1310455496211,1)
[1096]: (276.8470296541099,1)
[1097]: (273.4417134968726,1)
[1098]: (274.2991334698938,1)
[1099]: (275.0343833094302,1)
[1100]: (277.487681270509,1)
[1101]: (273.9575129386639,1)
[1102]: (276.7269945896286,1)
[1103]: (276.2737019370605,1)
[1104]: (274.0445802339958,1)
[1105]: (274.2175756402322,1)
[1106]: (275.7502307456566,1)
[1107]: (274.0077928869406,1)
[1108]: (274.2167742022103,1)
[1109]: (279.295897118351,1)
[1110]: (274.1014156999597,1)
[1111]: (273.4946888941552,1)
[1112]: (277.1907600742413,1)
[1113]: (275.3675447109758,1)
[1114]: (275.1230368325046,1)
[1115]: (275.1511382006677,1)
[1116]: (275.1714938938075,1)
[1117]: (276.2474608093352,1)
[1118]: (273.3098553103326,1)
[1119]: (273.8550615393629,1)
[1120]: (274.129440559677,1)
[1121]: (275.2674091059637,1)
[1122]: (275.3199482087492,1)
[1123]: (273.2994333187526,1)
[1124]: (276.0514829601202,1)
[1125]: (273.0901988160112,1)
[1126]: (278.0476333146827,1)
[1127]: (273.3767493352771,1)
[1128]: (278.3014536282079,1)
[1129]: (274.1672412745847,1)
[1130]: (278.0303036949257,1)
[1131]: (273.6437105186851,1)
[1132]: (275.7904918654782,1)
[1133]: (276.0798568651716,1)
[1134]: (274.0464559748908,1)
[1135]: (274.1379992683932,1)
[1136]: (275.0331783226879,1)
[1137]: (276.0622385738511,1)
[1138]: (276.3480962878496,1)
[1139]: (276.0550786935706,1)
[1140]: (275.7276396542517,1)
[1141]: (274.3952659328393,1)
[1142]: (276.9292738495997,1)
[1143]: (274.1081559832045,1)
[1144]: (274.118446069396,1)
[1145]: (274.7063660783038,1)
[1146]: (274.2155013359653,1)
[1147]: (277.3769385033393,1)
[1148]: (276.1853732283574,1)
[1149]: (273.2044812886478,1)
[1150]: (276.2611699917101,1)
[1151]: (273.1867489848195,1)
[1152]: (275.3260312301971,1)
[1153]: (273.801352369222,1)
[1154]: (275.2702164045367,1)
[1155]: (274.301119760455,1)
[1156]: (274.033471199923,1)
[1157]: (278.1705987128789,1)
[1158]: (277.0104968064616,1)
[1159]: (274.0902821430393,1)
[1160]: (273.593268487488,1)
[1161]: (275.1288878386,1)
[1162]: (275.0396591271102,1)
[1163]: (278.8281080621956,1)
[1164]: (278.4353733452461,1)
[1165]: (274.0656061858804,1)
[1166]: (273.0900128474578,1)
[1167]: (274.0510299864078,1)
[1168]: (275.180814012964,1)
[1169]: (274.2497787809822,1)
[1170]: (274.0716739090905,1)
[1171]: (279.5261913407494,1)
[1172]: (275.2907298917509,1)
[1173]: (275.1400726487447,1)
[1174]: (274.2553424072499,1)
[1175]: (274.0366055824342,1)
[1176]: (274.1946052890414,1)
[1177]: (276.4598727086526,1)
[1178]: (275.1109797137021,1)
[1179]: (273.7691985047807,1)
[1180]: (276.3012492610408,1)
[1181]: (279.4883861615726,1)
[1182]: (273.4662140784624,1)
[1183]: (273.713599111986,1)
[1184]: (274.1786109576923,1)
[1185]: (274.0910540925337,1)
[1186]: (276.9846920179776,1)
[1187]: (279.1530653389739,1)
[1188]: (275.0854961958315,1)
[1189]: (273.2901518669711,1)
[1190]: (275.1040408786498,1)
[1191]: (273.9724753902115,1)
[1192]: (275.1838571722894,1)
[1193]: (274.298983737342,1)
[1194]: (274.2070454862272,1)
[1195]: (273.1754441296481,1)
[1196]: (276.1338707396278,1)
[1197]: (275.3304962832599,1)
[1198]: (274.2642487908104,1)
[1199]: (276.0267274669073,1)
[1200]: (277.4407821694022,1)
[1201]: (275.3408024073474,1)
[1202]: (278.1436649572553,1)
[1203]: (274.2851326170958,1)
[1204]: (276.0232731231595,1)
[1205]: (275.0268274772836,1)
[1206]: (276.0191645824453,1)
[1207]: (274.01407059322,1)
[1208]: (274.2918335485145,1)
[1209]: (273.2122945672796,1)
[1210]: (273.1549738636381,1)
[1211]: (275.1600698171079,1)
[1212]: (276.0594472757201,1)
[1213]: (275.4942416279055,1)
[1214]: (276.0237757599309,1)
[1215]: (275.2215480320784,1)
[1216]: (273.499637467513,1)
[1217]: (274.1430823461395,1)
[1218]: (273.2737492539817,1)
[1219]: (275.1331094688504,1)
[1220]: (275.6094933531952,1)
[1221]: (275.0928994560538,1)
[1222]: (273.1395749160737,1)
[1223]: (274.2707826430301,1)
[1224]: (273.9487265992305,1)
[1225]: (277.2702786591569,1)
[1226]: (274.0672291874212,1)
[1227]: (274.5888330028268,1)
[1228]: (276.0407982855297,1)
[1229]: (276.4018753993633,1)
[1230]: (278.0484133079618,1)
[1231]: (277.2073673736063,1)
[1232]: (273.559638650548,1)
[1233]: (274.2527768522691,1)
[1234]: (273.3350779341257,1)
[1235]: (277.4492477032433,1)
[1236]: (276.3992399097168,1)
[1237]: (274.6968800931396,1)
[1238]: (277.5916074652665,1)
[1239]: (277.0718480975868,1)
[1240]: (277.6715989998768,1)
[1241]: (275.2171186029154,1)
[1242]: (277.3952132593186,1)
[1243]: (275.9206043075088,1)
[1244]: (279.0237089371191,1)
[1245]: (277.1922560797544,1)
[1246]: (274.6327818323632,1)
[1247]: (274.4993224202926,1)
[1248]: (274.0956783816818,1)
[1249]: (273.3595755141671,1)
[1250]: (274.1389308320545,1)
[1251]: (275.0626191778718,1)
[1252]: (274.0890010032697,1)
[1253]: (274.0546424575717,1)
[1254]: (276.4774817523615,1)
[1255]: (273.6221628487874,1)
[1256]: (278.0278906707285,1)
[1257]: (275.6870645017532,1)
[1258]: (274.0261330576465,1)
[1259]: (274.4027203530344,1)
[1260]: (277.3738310892399,1)
[1261]: (273.18943403654,1)
[1262]: (274.3030853835668,1)
[1263]: (276.5707850648096,1)
[1264]: (275.0268070736897,1)
[1265]: (273.4416198638946,1)
[1266]: (276.0610623387217,1)
[1267]: (274.185195575726,1)
[1268]: (275.1674175114546,1)
[1269]: (278.4717251669515,1)
[1270]: (274.5962343361406,1)
[1271]: (275.3327073764796,1)
[1272]: (279.5454480854718,1)
[1273]: (274.0242784649157,1)
[1274]: (275.1199079282467,1)
[1275]: (275.2281923524328,1)
[1276]: (276.7654287347727,1)
[1277]: (277.3789026897201,1)
[1278]: (274.6579545760237,1)
[1279]: (275.4504693196822,1)
[1280]: (276.0013241815371,1)
[1281]: (276.1435061201029,1)
[1282]: (275.5608590390551,1)
[1283]: (275.4285836699723,1)
[1284]: (274.2837925446041,1)
[1285]: (275.0208982437464,1)
[1286]: (274.1030086240817,1)
[1287]: (275.2213167576071,1)
[1288]: (277.0218895651653,1)
[1289]: (275.2600135377204,1)
[1290]: (274.376624252909,1)
[1291]: (274.5736629107629,1)
[1292]: (274.055711109574,1)
[1293]: (273.8703652636223,1)
[1294]: (276.4815529164536,1)
[1295]: (273.3729010771401,1)
[1296]: (274.1897691967335,1)
[1297]: (274.1579154367286,1)
[1298]: (275.8391120476828,1)
[1299]: (276.2438773910828,1)
[1300]: (273.1207515342116,1)
[1301]: (274.0015488836283,1)
[1302]: (274.3959663795742,1)
[1303]: (273.191490012889,1)
[1304]: (274.6198047110455,1)
[1305]: (274.2275022096715,1)
[1306]: (275.0979603773022,1)
[1307]: (274.3749897466019,1)
[1308]: (276.1426893840292,1)
[1309]: (275.7919086286475,1)
[1310]: (275.0733109403755,1)
[1311]: (274.0250023797926,1)
[1312]: (274.363857392656,1)
[1313]: (275.053885161003,1)
[1314]: (273.1137680817197,1)
[1315]: (274.0334339262823,1)
[1316]: (273.2125822690946,1)
[1317]: (278.31775332253,1)
[1318]: (274.0844038195908,1)
[1319]: (276.3466336187968,1)
[1320]: (275.1817642773239,1)
[1321]: (274.490594639587,1)
[1322]: (275.4029783000022,1)
[1323]: (276.0205730868821,1)
[1324]: (273.1989512125095,1)
[1325]: (280.0023936737507,1)
[1326]: (274.036093626125,1)
[1327]: (274.1235735940739,1)
[1328]: (276.4468487262429,1)
[1329]: (275.0210839531932,1)
[1330]: (278.5231762384429,1)
[1331]: (278.5893823621408,1)
[1332]: (279.3885922563402,1)
[1333]: (275.2408977940424,1)
[1334]: (273.6639852364304,1)
[1335]: (273.0505699226809,1)
[1336]: (276.3615871213588,1)
[1337]: (279.19548957362,1)
[1338]: (276.1548578717209,1)
[1339]: (274.468282307745,1)
[1340]: (273.3290519660699,1)
[1341]: (274.0222551629111,1)
[1342]: (273.3272717412127,1)
[1343]: (274.0651740795794,1)
[1344]: (273.4012596856175,1)
[1345]: (273.3275853706513,1)
[1346]: (275.0214292859981,1)
[1347]: (277.7089388133481,1)
[1348]: (274.0732785996722,1)
[1349]: (275.095940999065,1)
[1350]: (276.1225368212515,1)
[1351]: (273.232003226053,1)
[1352]: (274.1199721622535,1)
[1353]: (276.4746820093835,1)
[1354]: (275.4528830033771,1)
[1355]: (275.1750467670997,1)
[1356]: (274.3393252073284,1)
[1357]: (274.1919664361698,1)
[1358]: (273.1495522657744,1)
[1359]: (274.123263110651,1)
[1360]: (275.9111523994887,1)
[1361]: (278.2165676836219,1)
[1362]: (275.0626544016873,1)
[1363]: (275.1711374221119,1)
[1364]: (275.0511837760014,1)
[1365]: (273.0863991534005,1)
[1366]: (274.0543644428393,1)
[1367]: (273.1422323426193,1)
[1368]: (275.1088203047902,1)
[1369]: (275.2741359143882,1)
[1370]: (276.0321036528669,1)
[1371]: (274.0437958534232,1)
[1372]: (275.1908366177731,1)
[1373]: (273.2600597471574,1)
[1374]: (278.0112436843291,1)
[1375]: (278.619155424599,1)
[1376]: (274.2000975852594,1)
[1377]: (276.0057354330414,1)
[1378]: (274.2799807183487,1)
[1379]: (274.0484062319891,1)
[1380]: (276.3563736498633,1)
[1381]: (274.1286089905024,1)
[1382]: (276.3853615820054,1)
[1383]: (273.3567969978843,1)
[1384]: (274.1373491925733,1)
[1385]: (274.033862550108,1)
[1386]: (273.2058823029058,1)
[1387]: (276.2665085981419,1)
[1388]: (276.0624925576587,1)
[1389]: (275.0358838863414,1)
[1390]: (275.9588578124273,1)
[1391]: (273.0938666829493,1)
[1392]: (278.4414282813928,1)
[1393]: (275.2912609374349,1)
[1394]: (280.4558082888769,1)
[1395]: (275.2497008560553,1)
[1396]: (274.2325800533717,1)
[1397]: (276.0050855022185,1)
[1398]: (274.8510025864731,1)
[1399]: (274.184818512773,1)
[1400]: (275.0687360453827,1)
[1401]: (277.0874711507489,1)
[1402]: (274.0700489547651,1)
[1403]: (276.3325340042225,1)
[1404]: (274.0136965976163,1)
[1405]: (279.6254074524445,1)
[1406]: (273.596821909704,1)
[1407]: (276.0065259500251,1)
[1408]: (275.0929708087179,1)
[1409]: (275.3604325887123,1)
[1410]: (277.4156439592387,1)
[1411]: (274.3900533013297,1)
[1412]: (273.1605115660298,1)
[1413]: (274.6438574752084,1)
[1414]: (276.3741103641956,1)
[1415]: (273.4634662550015,1)
[1416]: (275.2044647954845,1)
[1417]: (274.4265307639571,1)
[1418]: (274.9277140067039,1)
[1419]: (273.6055297669083,1)
[1420]: (275.407371879507,1)
[1421]: (278.1401268884326,1)
[1422]: (273.1189077185344,1)
[1423]: (274.1048556503308,1)
[1424]: (274.2891344609078,1)
[1425]: (274.0673811058871,1)
[1426]: (274.4734985625075,1)
[1427]: (280.9298197041628,1)
[1428]: (274.1594810566017,1)
[1429]: (275.4254064110518,1)
[1430]: (273.2445750939449,1)
[1431]: (281.096013308167,1)
[1432]: (274.1359110769588,1)
[1433]: (274.0747681908632,1)
[1434]: (274.3710163784913,1)
[1435]: (273.6628936009945,1)
[1436]: (274.0739702435701,1)
[1437]: (274.0663629334358,1)
[1438]: (274.1853118027088,1)
[1439]: (274.6596902811842,1)
[1440]: (274.1565203546413,1)
[1441]: (276.4188720146101,1)
[1442]: (273.5477874569574,1)
[1443]: (274.3427657901135,1)
[1444]: (276.7475378384467,1)
[1445]: (276.8465615379748,1)
[1446]: (274.3392378607642,1)
[1447]: (273.5836975180338,1)
[1448]: (275.0003888935195,1)
[1449]: (275.0125243717524,1)
[1450]: (275.4147380725877,1)
[1451]: (274.080416473865,1)
[1452]: (274.688300849197,1)
[1453]: (273.3093204759249,1)
[1454]: (278.2145414459857,1)
[1455]: (275.4450550977355,1)
[1456]: (274.1761862445394,1)
[1457]: (274.1682253741719,1)
[1458]: (274.3248176498168,1)
[1459]: (274.0298973295255,1)
[1460]: (277.044051926982,1)
[1461]: (273.3746076178615,1)
[1462]: (274.558500606308,1)
[1463]: (278.224135741194,1)
[1464]: (274.1473372735827,1)
[1465]: (275.0252952681172,1)
[1466]: (274.6016057611833,1)
[1467]: (276.0887204007087,1)
[1468]: (273.4973882637476,1)
[1469]: (274.1115284928331,1)
[1470]: (273.0768491491566,1)
[1471]: (277.0376655871568,1)
[1472]: (276.4072626412416,1)
[1473]: (276.1770297740904,1)
[1474]: (276.4092906897479,1)
[1475]: (275.0292744218397,1)
[1476]: (274.1416869100035,1)
[1477]: (279.8199218805092,1)
[1478]: (276.1589293760522,1)
[1479]: (274.0061507058251,1)
[1480]: (275.098453369258,1)
[1481]: (276.3069507067366,1)
[1482]: (274.1827465850897,1)
[1483]: (278.0052416164248,1)
[1484]: (277.207573462925,1)
[1485]: (277.1711241585874,1)
[1486]: (277.0717784781551,1)
[1487]: (276.0306949530995,1)
[1488]: (275.0257608079382,1)
[1489]: (274.1706464772767,1)
[1490]: (274.5671909554014,1)
[1491]: (274.4123092184235,1)
[1492]: (273.4793157246626,1)
[1493]: (274.3679588793821,1)
[1494]: (273.0509461116985,1)
[1495]: (273.5227170243677,1)
[1496]: (275.316712668434,1)
[1497]: (276.211440667258,1)
[1498]: (273.56052421655,1)
[1499]: (274.7811890803238,1)
[1500]: (275.2363760860872,1)
[1501]: (275.4688773326346,1)
[1502]: (274.208131845437,1)
[1503]: (275.5325727130513,1)
[1504]: (273.8730850024897,1)
[1505]: (274.0026439828331,1)
[1506]: (274.1132926243466,1)
[1507]: (273.5082930225875,1)
[1508]: (274.1170008147892,1)
[1509]: (274.279601509004,1)
[1510]: (274.3200376298859,1)
[1511]: (276.3332155254628,1)
[1512]: (277.0936295565894,1)
[1513]: (275.0410588006988,1)
[1514]: (274.0568996081813,1)
[1515]: (274.696100625201,1)
[1516]: (275.1041468647808,1)
[1517]: (274.8541030099279,1)
[1518]: (275.5907130268944,1)
[1519]: (277.4162908243244,1)
[1520]: (274.0194630800459,1)
[1521]: (277.2966038486327,1)
[1522]: (273.9442598759267,1)
[1523]: (275.2133734757434,1)
[1524]: (279.1025905727634,1)
[1525]: (274.2298125219401,1)
[1526]: (273.7197607221626,1)
[1527]: (276.170891766467,1)
[1528]: (275.4460137031764,1)
[1529]: (273.3285065150905,1)
[1530]: (275.0083106645261,1)
[1531]: (276.4210976802119,1)
[1532]: (275.0602923984404,1)
[1533]: (277.4264663373795,1)
[1534]: (273.9536156593583,1)
[1535]: (275.6525589896782,1)
[1536]: (274.2335231345222,1)
[1537]: (274.0261366309189,1)
[1538]: (273.2915345451571,1)
[1539]: (274.7484775198374,1)
[1540]: (274.1843914928367,1)
[1541]: (275.0130070172369,1)
[1542]: (273.5645305725781,1)
[1543]: (275.0352964440579,1)
[1544]: (280.3934670606791,1)
[1545]: (277.5644783422935,1)
[1546]: (279.2798681580333,1)
[1547]: (273.6207440078097,1)
[1548]: (273.412328588618,1)
[1549]: (274.0807068943848,1)
[1550]: (274.0902396703314,1)
[1551]: (278.345368513194,1)
[1552]: (274.1305025161991,1)
[1553]: (277.8588140333852,1)
[1554]: (273.1412820791299,1)
[1555]: (274.1366554829219,1)
[1556]: (273.3620933267177,1)
[1557]: (273.1511947919248,1)
[1558]: (274.1562775585039,1)
[1559]: (274.2821381831038,1)
[1560]: (274.106838780452,1)
[1561]: (274.0060816482167,1)
[1562]: (274.1620642867138,1)
[1563]: (276.5780157937709,1)
[1564]: (274.1556865354609,1)
[1565]: (275.1775028240209,1)
[1566]: (274.2296747475074,1)
[1567]: (275.2906683475684,1)
[1568]: (276.1194650048145,1)
[1569]: (275.7079141814747,1)
[1570]: (276.6800213651918,1)
[1571]: (274.12353695482,1)
[1572]: (275.2066622131036,1)
[1573]: (275.0983053026424,1)
[1574]: (275.1010505895011,1)
[1575]: (277.668886905083,1)
[1576]: (276.7535134319868,1)
[1577]: (278.0807015951846,1)
[1578]: (275.2275390293732,1)
[1579]: (275.5395961312326,1)
[1580]: (276.1261872770111,1)
[1581]: (275.0549884694025,1)
[1582]: (275.0569822870498,1)
[1583]: (276.3486142165724,1)
[1584]: (273.4175684797565,1)
[1585]: (277.3414451062461,1)
[1586]: (274.1902645766749,1)
[1587]: (275.1660013980465,1)
[1588]: (280.2431978438197,1)
[1589]: (273.2515478272867,1)
[1590]: (274.2066020445322,1)
[1591]: (276.3502479609807,1)
[1592]: (276.1973975275338,1)
[1593]: (277.1223466507316,1)
[1594]: (276.0234004300668,1)
[1595]: (274.1215303951927,1)
[1596]: (277.1439876637352,1)
[1597]: (273.2552270441815,1)
[1598]: (278.2098675202622,1)
[1599]: (275.4688676698437,1)
[1600]: (276.0477205534997,1)
[1601]: (273.1456822018034,1)
[1602]: (277.462714820969,1)
[1603]: (274.2049533559675,1)
[1604]: (274.0188311945793,1)
[1605]: (274.2699596362718,1)
[1606]: (274.2921259709861,1)
[1607]: (274.4028656514921,1)
[1608]: (277.1074818595418,1)
[1609]: (276.1900750812991,1)
[1610]: (273.4059324125696,1)
[1611]: (275.6906090224953,1)
[1612]: (274.0389557115794,1)
[1613]: (275.069233384795,1)
[1614]: (277.4582821007439,1)
[1615]: (273.17143440636,1)
[1616]: (273.7555534951045,1)
[1617]: (274.0492755455411,1)
[1618]: (277.6615239844331,1)
[1619]: (273.8087277028298,1)
[1620]: (276.2681481814996,1)
[1621]: (274.0599007300224,1)
[1622]: (274.5674824877532,1)
[1623]: (275.0512789408906,1)
[1624]: (274.1364902456104,1)
[1625]: (275.0924025518678,1)
[1626]: (275.148990822302,1)
[1627]: (273.2417384133574,1)
[1628]: (274.2302231806044,1)
[1629]: (275.6452087100038,1)
[1630]: (274.0595456566007,1)
[1631]: (277.2062576439833,1)
[1632]: (274.1314199207746,1)
[1633]: (274.116668715097,1)
[1634]: (276.3680495482772,1)
[1635]: (273.9976144843973,1)
[1636]: (273.1322710550427,1)
[1637]: (278.7163668745064,1)
[1638]: (274.0819871422418,1)
[1639]: (273.3390589170082,1)
[1640]: (274.2394119224813,1)
[1641]: (277.7318418409377,1)
[1642]: (274.1328725755919,1)
[1643]: (274.1886928983045,1)
[1644]: (274.3057763097975,1)
[1645]: (273.4857763602799,1)
[1646]: (278.4435255390842,1)
[1647]: (273.3981723623081,1)
[1648]: (273.4540954898938,1)
[1649]: (277.0488689210714,1)
[1650]: (276.0321260590455,1)
[1651]: (276.4830079507233,1)
[1652]: (274.5735797140678,1)
[1653]: (275.0169306995134,1)
[1654]: (275.1672172085849,1)
[1655]: (275.731124995052,1)
[1656]: (273.7272601938431,1)
[1657]: (276.3287414581687,1)
[1658]: (275.4597605683907,1)
[1659]: (274.6688206872484,1)
[1660]: (274.2392629153806,1)
[1661]: (273.7744854556279,1)
[1662]: (275.8919704278036,1)
[1663]: (274.6216774217236,1)
[1664]: (274.3824512506577,1)
[1665]: (274.0403740343543,1)
[1666]: (276.4944390666812,1)
[1667]: (274.2871111873637,1)
[1668]: (280.0309455003743,1)
[1669]: (274.1348006058375,1)
[1670]: (274.3183113399207,1)
[1671]: (274.1686674899291,1)
[1672]: (274.3807613745371,1)
[1673]: (274.3249439735865,1)
[1674]: (274.5508563544681,1)
[1675]: (275.2250839160452,1)
[1676]: (276.358435495976,1)
[1677]: (274.5582774970901,1)
[1678]: (273.2680391569014,1)
[1679]: (276.1869116455611,1)
[1680]: (275.2545999765013,1)
[1681]: (274.0521285453914,1)
[1682]: (276.3298375066343,1)
[1683]: (276.0380317320551,1)
[1684]: (275.0026046291932,1)
[1685]: (274.2600423923188,1)
[1686]: (277.0465115181407,1)
[1687]: (275.238502860764,1)
[1688]: (275.1652688351123,1)
[1689]: (277.9712786625412,1)
[1690]: (279.576358315674,1)
[1691]: (273.6031538696955,1)
[1692]: (273.1799733485304,1)
[1693]: (274.1536885394527,1)
[1694]: (275.0622973717162,1)
[1695]: (276.8491063061143,1)
[1696]: (277.1749582511388,1)
[1697]: (275.2072362014879,1)
[1698]: (273.5805543052467,1)
[1699]: (274.0386185462465,1)
[1700]: (276.100319151184,1)
[1701]: (276.0276259941459,1)
[1702]: (274.0649699245724,1)
[1703]: (274.1639136189582,1)
[1704]: (274.2393537008935,1)
[1705]: (275.4941607071144,1)
[1706]: (274.139930829689,1)
[1707]: (274.0549096719366,1)
[1708]: (273.4401766281287,1)
[1709]: (274.438788568708,1)
[1710]: (277.1135000961368,1)
[1711]: (274.1742901178742,1)
[1712]: (274.0235189669484,1)
[1713]: (274.205242160432,1)
[1714]: (276.7617181780199,1)
[1715]: (273.7532654789634,1)
[1716]: (275.0983718486819,1)
[1717]: (275.9063570015141,1)
[1718]: (275.3660656931129,1)
[1719]: (277.0065656813733,1)
[1720]: (274.1209331948955,1)
[1721]: (275.4415036644376,1)
[1722]: (273.1596195283958,1)
[1723]: (274.4612906722545,1)
[1724]: (274.2464236816948,1)
[1725]: (273.2719020804849,1)
[1726]: (274.1413696362911,1)
[1727]: (273.725313629475,1)
[1728]: (274.1051039855811,1)
[1729]: (273.2760527174863,1)
[1730]: (277.193808765218,1)
[1731]: (273.2396142888566,1)
[1732]: (275.12330093789,1)
[1733]: (273.363910772718,1)
[1734]: (276.0098330843699,1)
[1735]: (277.4660905106783,1)
[1736]: (274.2375349678319,1)
[1737]: (275.6567036765956,1)
[1738]: (276.0444684976032,1)
[1739]: (274.5078405881399,1)
[1740]: (274.0618189063107,1)
[1741]: (275.3695878657585,1)
[1742]: (274.3473726881285,1)
[1743]: (277.3026425667925,1)
[1744]: (276.9663711469496,1)
[1745]: (274.0795544535748,1)
[1746]: (275.3892944478185,1)
[1747]: (275.1632121797055,1)
[1748]: (274.265801102661,1)
[1749]: (273.8613780767886,1)
[1750]: (277.2384413842082,1)
[1751]: (280.0066264632053,1)
[1752]: (275.4542436021085,1)
[1753]: (276.0366810245276,1)
[1754]: (279.4010034049925,1)
[1755]: (277.0296256323286,1)
[1756]: (276.7682933982832,1)
[1757]: (274.4697485540237,1)
[1758]: (273.5511703339487,1)
[1759]: (276.9938845630438,1)
[1760]: (274.0778378799911,1)
[1761]: (274.1799432088711,1)
[1762]: (274.4514378209367,1)
[1763]: (274.2784270949052,1)
[1764]: (273.3755447764319,1)
[1765]: (277.0127594529047,1)
[1766]: (274.0318325178501,1)
[1767]: (274.013882506037,1)
[1768]: (275.3300457077169,1)
[1769]: (273.2942447484735,1)
[1770]: (276.3729524755609,1)
[1771]: (274.0231914084761,1)
[1772]: (275.4615728079204,1)
[1773]: (274.1477282141371,1)
[1774]: (275.1425862064751,1)
[1775]: (275.3904289139834,1)
[1776]: (276.1259900654932,1)
[1777]: (277.352032031533,1)
[1778]: (275.6408009531943,1)
[1779]: (273.7205804837931,1)
[1780]: (275.314229278783,1)
[1781]: (274.1112987316383,1)
[1782]: (273.412055729689,1)
[1783]: (279.3424794106233,1)
[1784]: (274.2759122384372,1)
[1785]: (277.0484088563782,1)
[1786]: (274.1997436601628,1)
[1787]: (276.1843566987684,1)
[1788]: (276.5872649959431,1)
[1789]: (276.1812835131641,1)
[1790]: (275.0244701286255,1)
[1791]: (278.0358140597726,1)
[1792]: (274.462010623888,1)
[1793]: (276.0645218470135,1)
[1794]: (274.0592912945834,1)
[1795]: (276.3187003462232,1)
[1796]: (274.4377258538194,1)
[1797]: (275.0345074206273,1)
[1798]: (275.0610950032736,1)
[1799]: (273.6270177797686,1)
[1800]: (275.4058946378724,1)
[1801]: (273.3123914944043,1)
[1802]: (273.2032078250662,1)
[1803]: (273.3012200089399,1)
[1804]: (274.2015641299326,1)
[1805]: (274.486421936582,1)
[1806]: (274.0633441052263,1)
[1807]: (274.0217182160334,1)
[1808]: (273.4060405759642,1)
[1809]: (276.9037238507188,1)
[1810]: (278.3929161745582,1)
[1811]: (276.6789309288237,1)
[1812]: (275.2141133306989,1)
[1813]: (274.0570663407171,1)
[1814]: (276.3312968646559,1)
[1815]: (276.0382319453942,1)
[1816]: (276.0051777379742,1)
[1817]: (274.1329886897797,1)
[1818]: (273.4836577871015,1)
[1819]: (273.5176937260713,1)
[1820]: (275.5480500423516,1)
[1821]: (274.4748136886761,1)
[1822]: (276.1478826740575,1)
[1823]: (274.4975042585561,1)
[1824]: (274.9663186473052,1)
[1825]: (276.2571750535783,1)
[1826]: (274.1387668183628,1)
[1827]: (273.3958063224973,1)
[1828]: (273.4751142149107,1)
[1829]: (274.6671912104824,1)
[1830]: (274.2120461780268,1)
[1831]: (273.4255858932792,1)
[1832]: (276.2116584268192,1)
[1833]: (279.2745249818173,1)
[1834]: (277.0756113605739,1)
[1835]: (276.0042809664617,1)
[1836]: (273.6986262221913,1)
[1837]: (278.4066179303784,1)
[1838]: (274.1171518964993,1)
[1839]: (273.6228862674574,1)
[1840]: (275.2745294329671,1)
[1841]: (274.3033427830139,1)
[1842]: (273.3585131127356,1)
[1843]: (274.2872733151328,1)
[1844]: (274.0467970186226,1)
[1845]: (274.4857931057208,1)
[1846]: (274.6645465227343,1)
[1847]: (277.9205291627499,1)
[1848]: (277.2084522568521,1)
[1849]: (273.0866974604772,1)
[1850]: (274.4076971801597,1)
[1851]: (275.5222429565976,1)
[1852]: (277.0276007160278,1)
[1853]: (274.4782378484466,1)
[1854]: (277.3989471169504,1)
[1855]: (274.5223063016015,1)
[1856]: (277.7008572323119,1)
[1857]: (276.5683788885747,1)
[1858]: (274.2096460805517,1)
[1859]: (274.0731775681306,1)
[1860]: (274.1042976139175,1)
[1861]: (274.0326417169146,1)
[1862]: (273.0725591858364,1)
[1863]: (277.2488070839394,1)
[1864]: (275.2844155882089,1)
[1865]: (274.4369491095879,1)
[1866]: (276.1100192627183,1)
[1867]: (276.8244872142042,1)
[1868]: (280.8985795765606,1)
[1869]: (274.4356361478092,1)
[1870]: (277.2337573845115,1)
[1871]: (275.0385645811294,1)
[1872]: (274.3231184252285,1)
[1873]: (275.2170059494754,1)
[1874]: (274.2833969906756,1)
[1875]: (274.5262293461276,1)
[1876]: (274.1940726406158,1)
[1877]: (274.0983082811813,1)
[1878]: (279.0170305202371,1)
[1879]: (275.0820294504674,1)
[1880]: (274.0759034491751,1)
[1881]: (275.0456232291413,1)
[1882]: (275.4592577196304,1)
[1883]: (276.2524525014865,1)
[1884]: (274.1720196540381,1)
[1885]: (274.2170641543254,1)
[1886]: (277.1727907818184,1)
[1887]: (274.0918846349836,1)
[1888]: (274.5839473180975,1)
[1889]: (277.2209213741334,1)
[1890]: (274.1537604809787,1)
[1891]: (274.4344424106765,1)
[1892]: (276.6510258472358,1)
[1893]: (274.0868327093335,1)
[1894]: (274.2032570789885,1)
[1895]: (273.702929705645,1)
[1896]: (277.7550968188122,1)
[1897]: (274.468377537037,1)
[1898]: (275.3311315355337,1)
[1899]: (273.7011685947917,1)
[1900]: (275.4090466085863,1)
[1901]: (273.1813318854955,1)
[1902]: (276.0534404372935,1)
[1903]: (276.1462791505739,1)
[1904]: (275.6296606109462,1)
[1905]: (275.5837582856681,1)
[1906]: (273.2724670464125,1)
[1907]: (274.2280714647114,1)
[1908]: (275.047719009065,1)
[1909]: (275.2135475758224,1)
[1910]: (274.3243991875857,1)
[1911]: (276.2626148745527,1)
[1912]: (276.0101407252372,1)
[1913]: (274.4901662305576,1)
[1914]: (274.0591684091044,1)
[1915]: (274.321042127529,1)
[1916]: (276.237403237185,1)
[1917]: (273.1385336351736,1)
[1918]: (273.686738857826,1)
[1919]: (275.3571605778228,1)
[1920]: (273.3136766641249,1)
[1921]: (274.0893504374382,1)
[1922]: (276.0633937752105,1)
[1923]: (273.8304782217829,1)
[1924]: (274.314245522642,1)
[1925]: (273.2133999899762,1)
[1926]: (278.0239962582916,1)
[1927]: (273.2370908265463,1)
[1928]: (273.4176618181058,1)
[1929]: (276.5853718931958,1)
[1930]: (278.2163439644158,1)
[1931]: (275.0319959014427,1)
[1932]: (274.0207819907811,1)
[1933]: (275.5485815100863,1)
[1934]: (274.0197857202682,1)
[1935]: (276.1023676963723,1)
[1936]: (277.0337689440576,1)
[1937]: (276.4208675122034,1)
[1938]: (276.0580138390014,1)
[1939]: (276.241462751257,1)
[1940]: (274.5998759823748,1)
[1941]: (273.342525236376,1)
[1942]: (277.397570715858,1)
[1943]: (274.1415344203496,1)
[1944]: (273.9055158160909,1)
[1945]: (274.2842544911462,1)
[1946]: (277.3991315595,1)
[1947]: (274.3361200220247,1)
[1948]: (274.4108066252405,1)
[1949]: (275.0237905352237,1)
[1950]: (276.8403992100781,1)
[1951]: (278.3189933079769,1)
[1952]: (273.9568070092964,1)
[1953]: (275.480842714518,1)
[1954]: (276.1328655761924,1)
[1955]: (276.0079644542174,1)
[1956]: (275.0846911244352,1)
[1957]: (275.6070462069343,1)
[1958]: (274.1100730373759,1)
[1959]: (274.2118404143798,1)
[1960]: (273.3605649258532,1)
[1961]: (275.2585354682325,1)
[1962]: (278.4625443894223,1)
[1963]: (274.0952098459109,1)
[1964]: (275.4058501198568,1)
[1965]: (275.0056630303016,1)
[1966]: (275.040110865968,1)
[1967]: (274.4279381421004,1)
[1968]: (276.6338547612966,1)
[1969]: (275.1919367457809,1)
[1970]: (275.1272012539541,1)
[1971]: (277.3249496074409,1)
[1972]: (277.5705606637811,1)
[1973]: (274.4817277791573,1)
[1974]: (277.0308876285979,1)
[1975]: (273.051064139484,1)
[1976]: (275.1979044885675,1)
[1977]: (273.1580325254364,1)
[1978]: (275.2051206711909,1)
[1979]: (273.1181473761865,1)
[1980]: (273.617522443617,1)
[1981]: (277.0236086921473,1)
[1982]: (273.7372235983436,1)
[1983]: (273.0157063103002,1)
[1984]: (275.7027313802042,1)
[1985]: (273.4677048717801,1)
[1986]: (277.0377639088159,1)
[1987]: (276.532870228895,1)
[1988]: (274.1281705488764,1)
[1989]: (274.1269409232202,1)
[1990]: (273.7291255391224,1)
[1991]: (275.1299529742261,1)
[1992]: (276.34952188187,1)
[1993]: (274.0411440437413,1)
[1994]: (278.3971554178506,1)
[1995]: (273.1965583367606,1)
[1996]: (273.5049621785326,1)
[1997]: (276.0671120155286,1)
[1998]: (274.0287976799687,1)
[1999]: (275.1191607297653,1)
 -- States explored : 0 states
 -- CPU user time used : 86800 ms
 -- Virtual memory used : 4705200 KiB
 -- Resident memory used : 4665724 KiB
executionTime: 612
