core file size          (blocks, -c) unlimited
data seg size           (kbytes, -d) unlimited
scheduling priority             (-e) 0
file size               (blocks, -f) unlimited
pending signals                 (-i) 4077086
max locked memory       (kbytes, -l) 64
max memory size         (kbytes, -m) 32505856
open files                      (-n) 4096
pipe size            (512 bytes, -p) 8
POSIX message queues     (bytes, -q) 819200
real-time priority              (-r) 0
stack size              (kbytes, -s) 8192
cpu time               (seconds, -t) unlimited
max user processes              (-u) 4077086
virtual memory          (kbytes, -v) 31000000
file locks                      (-x) unlimited
Options for the verification:
  Generating some trace
  Search order is random depth first
  Using conservative space optimisation
  Seed is 1556896742
  State space representation uses minimal constraint systems
  Using HashMap + Compress integers for discrete state storage

Verifying formula 1 at ../queries/SN_50_146_16.q:1
 -- Formula is satisfied.
(9000 runs)
Learning statistics for best strategy: 
	Number of resets: 0
	Number of iterations in last reset: 22
	Number of iterations in total: 22

 -- States explored : 0 states
 -- CPU user time used : 87150 ms
 -- Virtual memory used : 866944 KiB
 -- Resident memory used : 828444 KiB

Verifying formula 2 at ../queries/SN_50_146_16.q:3
 -- Formula is satisfied.
Composer.Done:
[0]: (0,0) (37.45949044068531,1)
[1]: (38.05660361135737,1)
[2]: (37.04183582304566,1)
[3]: (38.07281342646701,1)
[4]: (37.46074127610952,1)
[5]: (37.41148023380237,1)
[6]: (37.12355859067694,1)
[7]: (37.00240719777574,1)
[8]: (37.05677932679465,1)
[9]: (37.00821909127845,1)
[10]: (37.75023170695098,1)
[11]: (37.29214452371914,1)
[12]: (37.01217693158227,1)
[13]: (37.10325891688532,1)
[14]: (37.20539984242116,1)
[15]: (37.15328600165244,1)
[16]: (37.08246194120134,1)
[17]: (37.03689607368017,1)
[18]: (37.14640331154622,1)
[19]: (37.68952005388778,1)
[20]: (37.17282158327581,1)
[21]: (37.683542859662,1)
[22]: (37.86076080574158,1)
[23]: (38.123826134063,1)
[24]: (37.35314667613288,1)
[25]: (37.57823207927287,1)
[26]: (37.00627297358832,1)
[27]: (37.43831975336143,1)
[28]: (37.0089465035157,1)
[29]: (37.38937221492312,1)
[30]: (37.04081362072413,1)
[31]: (37.23908260924763,1)
[32]: (37.58020684242415,1)
[33]: (37.15034385807215,1)
[34]: (37.37167900655027,1)
[35]: (37.47878096435887,1)
[36]: (37.5272601108698,1)
[37]: (37.32028240330123,1)
[38]: (39.05764490886376,1)
[39]: (37.30201438794122,1)
[40]: (37.0214338822662,1)
[41]: (37.37368480037821,1)
[42]: (37.52072738532812,1)
[43]: (37.49744788032365,1)
[44]: (37.33416997628585,1)
[45]: (37.936219503224,1)
[46]: (38.08047501422296,1)
[47]: (37.22598766927024,1)
[48]: (37.04206465639892,1)
[49]: (38.1466166927664,1)
[50]: (38.07093312036586,1)
[51]: (37.16546294343905,1)
[52]: (38.35916312100067,1)
[53]: (37.82261294957081,1)
[54]: (37.12606719569267,1)
[55]: (37.38273348377112,1)
[56]: (37.16163067641116,1)
[57]: (37.04261638508828,1)
[58]: (37.37282340443132,1)
[59]: (37.09218869049961,1)
[60]: (38.01948806641491,1)
[61]: (37.22018876864274,1)
[62]: (39.21538176132122,1)
[63]: (37.20337871368455,1)
[64]: (37.05138928354595,1)
[65]: (37.04207783837838,1)
[66]: (37.25706975307275,1)
[67]: (37.46718707722417,1)
[68]: (37.40986630129022,1)
[69]: (39.44405486628586,1)
[70]: (37.19127334938707,1)
[71]: (37.02645985205301,1)
[72]: (37.23471404358393,1)
[73]: (38.02325190228614,1)
[74]: (37.92717529342163,1)
[75]: (37.02263949431453,1)
[76]: (37.14175932484489,1)
[77]: (37.29433748461512,1)
[78]: (37.14287598365878,1)
[79]: (40.04597794283386,1)
[80]: (37.10401075180717,1)
[81]: (37.63299766287116,1)
[82]: (38.05725730132102,1)
[83]: (37.84952389838526,1)
[84]: (38.23874975485963,1)
[85]: (38.35672534339344,1)
[86]: (37.01439369750629,1)
[87]: (37.17718557769899,1)
[88]: (37.30831282028657,1)
[89]: (37.38941288911509,1)
[90]: (37.17902623142392,1)
[91]: (37.01020991217612,1)
[92]: (37.18091103140511,1)
[93]: (37.12556231859132,1)
[94]: (37.49245022210535,1)
[95]: (37.14393090008011,1)
[96]: (37.14293755267995,1)
[97]: (37.02660883586856,1)
[98]: (37.05452056383936,1)
[99]: (37.45037436170835,1)
[100]: (38.1401666132953,1)
[101]: (37.83569071392625,1)
[102]: (37.50119617121746,1)
[103]: (37.09083560778625,1)
[104]: (37.02623863653717,1)
[105]: (37.03160732930483,1)
[106]: (37.12340765670197,1)
[107]: (37.22056511288925,1)
[108]: (37.46307387768965,1)
[109]: (40.51215354130743,1)
[110]: (37.03459203640653,1)
[111]: (37.02150709405232,1)
[112]: (37.1129630027447,1)
[113]: (37.20759927684193,1)
[114]: (37.53948516387452,1)
[115]: (37.07858148840749,1)
[116]: (37.30758494111461,1)
[117]: (39.5523549673776,1)
[118]: (37.06378006408456,1)
[119]: (37.88996302557518,1)
[120]: (37.20867228072974,1)
[121]: (37.34518849354549,1)
[122]: (37.03640759172661,1)
[123]: (37.42558557915807,1)
[124]: (37.41794721739918,1)
[125]: (37.28462786227782,1)
[126]: (37.29023334260393,1)
[127]: (37.05537053491454,1)
[128]: (37.88580145601619,1)
[129]: (37.21420011566524,1)
[130]: (37.13562570035151,1)
[131]: (37.15987139474495,1)
[132]: (37.01019485583446,1)
[133]: (37.06449890837528,1)
[134]: (37.11013384144584,1)
[135]: (37.98814148509547,1)
[136]: (37.27602068837157,1)
[137]: (37.11666506149927,1)
[138]: (37.37874108345926,1)
[139]: (37.91023080736809,1)
[140]: (37.5493133767353,1)
[141]: (37.56675196421629,1)
[142]: (37.43605487520932,1)
[143]: (37.18490493483401,1)
[144]: (37.31552325224278,1)
[145]: (37.1156772329609,1)
[146]: (38.06219413797737,1)
[147]: (37.14699862374507,1)
[148]: (37.20209265796459,1)
[149]: (37.15431717949114,1)
[150]: (37.03860991591313,1)
[151]: (37.64829879138952,1)
[152]: (37.52144210235718,1)
[153]: (37.01009911382827,1)
[154]: (37.08861052159799,1)
[155]: (37.08145778377985,1)
[156]: (37.42456243001777,1)
[157]: (37.38829876991775,1)
[158]: (37.37517094380222,1)
[159]: (37.02296890651316,1)
[160]: (37.18012451036244,1)
[161]: (37.22927825226177,1)
[162]: (37.37636589927968,1)
[163]: (37.19479203763065,1)
[164]: (37.08945548846096,1)
[165]: (37.06343247480314,1)
[166]: (37.03651513826718,1)
[167]: (38.48711306786173,1)
[168]: (37.67706795827404,1)
[169]: (39.24151328639727,1)
[170]: (37.19425871881884,1)
[171]: (37.06035906165499,1)
[172]: (37.06147605622228,1)
[173]: (37.03335834970942,1)
[174]: (37.03138275327061,1)
[175]: (37.13377805162138,1)
[176]: (37.460418475139,1)
[177]: (37.17924025389698,1)
[178]: (37.06390532662485,1)
[179]: (37.20736089491604,1)
[180]: (37.70856157838303,1)
[181]: (37.33723152439212,1)
[182]: (37.13079698434652,1)
[183]: (37.25938633228036,1)
[184]: (37.00687164093788,1)
[185]: (38.85778080220332,1)
[186]: (37.06848639836257,1)
[187]: (37.13979200417693,1)
[188]: (37.38829904402257,1)
[189]: (37.31278389203491,1)
[190]: (37.13076493357485,1)
[191]: (37.66708303107429,1)
[192]: (37.08033963822939,1)
[193]: (37.46115093412671,1)
[194]: (38.17277727356148,1)
[195]: (37.32243440753317,1)
[196]: (37.10650254252549,1)
[197]: (39.197344179983,1)
[198]: (37.00277166197434,1)
[199]: (37.46724248641132,1)
[200]: (37.35207984248471,1)
[201]: (37.11178937768148,1)
[202]: (37.0720950831668,1)
[203]: (37.10762643781468,1)
[204]: (37.31364057116424,1)
[205]: (37.21874305725468,1)
[206]: (37.14881015044517,1)
[207]: (37.09292883651426,1)
[208]: (37.19277456324786,1)
[209]: (37.65449334415048,1)
[210]: (37.10026629165038,1)
[211]: (37.60057259512288,1)
[212]: (37.00207222518068,1)
[213]: (37.27653468219112,1)
[214]: (37.02984135203074,1)
[215]: (37.14675805145616,1)
[216]: (37.22285274486507,1)
[217]: (37.2249868189519,1)
[218]: (37.19835735915235,1)
[219]: (37.35103105723272,1)
[220]: (37.39516315107335,1)
[221]: (37.00001013643375,1)
[222]: (37.80107423193066,1)
[223]: (37.11934265543136,1)
[224]: (37.83916961395795,1)
[225]: (41.03174403770736,1)
[226]: (37.28054874750414,1)
[227]: (37.04482469473171,1)
[228]: (37.01484040109781,1)
[229]: (37.51811610340987,1)
[230]: (37.35133707129873,1)
[231]: (37.33276489752395,1)
[232]: (37.98060336801494,1)
[233]: (37.09317104678509,1)
[234]: (37.2003498398517,1)
[235]: (37.15923860921835,1)
[236]: (37.09083717691793,1)
[237]: (37.15818975168578,1)
[238]: (37.46266984374359,1)
[239]: (37.00103828219378,1)
[240]: (37.24048118722749,1)
[241]: (37.3427518044429,1)
[242]: (37.41385362961054,1)
[243]: (37.00963190285029,1)
[244]: (37.23936226411595,1)
[245]: (37.22899187677912,1)
[246]: (37.06700098164538,1)
[247]: (38.12406633025824,1)
[248]: (37.15257965828318,1)
[249]: (37.03121992556115,1)
[250]: (37.75286942181667,1)
[251]: (37.1191489637424,1)
[252]: (37.04343484239939,1)
[253]: (37.62598136995757,1)
[254]: (37.84223752279635,1)
[255]: (37.07481398347849,1)
[256]: (37.08995149964975,1)
[257]: (37.18235415725421,1)
[258]: (37.15054876363227,1)
[259]: (37.9431542514214,1)
[260]: (37.15267363693356,1)
[261]: (37.12658866438912,1)
[262]: (37.15561110714825,1)
[263]: (37.0084836977064,1)
[264]: (37.07396788034355,1)
[265]: (37.13234307841147,1)
[266]: (38.12748259165254,1)
[267]: (37.42713135008162,1)
[268]: (37.241726977128,1)
[269]: (37.03051955501518,1)
[270]: (37.25585127451525,1)
[271]: (37.14882804923793,1)
[272]: (37.35441694827307,1)
[273]: (37.32283541823001,1)
[274]: (37.32492738756876,1)
[275]: (37.18602354048841,1)
[276]: (37.1047987988205,1)
[277]: (37.06496530718279,1)
[278]: (37.42319953203398,1)
[279]: (37.07423157651376,1)
[280]: (37.31944928106822,1)
[281]: (37.23649289087353,1)
[282]: (37.11055900066607,1)
[283]: (37.21313888040758,1)
[284]: (37.22735845640958,1)
[285]: (38.20958270523145,1)
[286]: (37.01495451494458,1)
[287]: (38.29605416701677,1)
[288]: (37.07463529462466,1)
[289]: (37.00071593129436,1)
[290]: (37.38238128291952,1)
[291]: (37.13065248912377,1)
[292]: (37.04030666354057,1)
[293]: (37.19907204365698,1)
[294]: (37.35377096813217,1)
[295]: (37.31638946939732,1)
[296]: (37.1537854289563,1)
[297]: (37.54067135144931,1)
[298]: (38.02493096953695,1)
[299]: (38.302740422455,1)
[300]: (37.09283194531967,1)
[301]: (37.13778361938368,1)
[302]: (37.04518481859409,1)
[303]: (37.31527075869651,1)
[304]: (37.48870903764557,1)
[305]: (37.26351441921076,1)
[306]: (37.39532791946613,1)
[307]: (37.19824191974429,1)
[308]: (37.03007177881582,1)
[309]: (37.54774917610845,1)
[310]: (37.07398304840561,1)
[311]: (37.31725446463108,1)
[312]: (37.14619446955469,1)
[313]: (37.11505115469126,1)
[314]: (37.56171878779636,1)
[315]: (37.45734357541368,1)
[316]: (37.02209433120434,1)
[317]: (37.48748784571691,1)
[318]: (37.22345805882683,1)
[319]: (37.30462682895003,1)
[320]: (37.23675568121871,1)
[321]: (37.3262841950407,1)
[322]: (37.22206532157587,1)
[323]: (38.25897761841885,1)
[324]: (38.62922759181095,1)
[325]: (37.67591726909444,1)
[326]: (37.6256170155303,1)
[327]: (37.94961638199437,1)
[328]: (37.03993390982205,1)
[329]: (37.09405134977258,1)
[330]: (37.07226415516757,1)
[331]: (39.7358251938666,1)
[332]: (37.61741259132052,1)
[333]: (39.29661001403922,1)
[334]: (38.00935434511037,1)
[335]: (37.00581239024839,1)
[336]: (37.50082673260404,1)
[337]: (38.42103557890377,1)
[338]: (37.2838581699933,1)
[339]: (37.61315581868849,1)
[340]: (37.03607403143555,1)
[341]: (37.10300953552331,1)
[342]: (37.33047001918089,1)
[343]: (37.2319962157921,1)
[344]: (37.06206232239619,1)
[345]: (38.07725235956961,1)
[346]: (38.78428181460454,1)
[347]: (37.11587714737873,1)
[348]: (37.09044185613576,1)
[349]: (37.27796454459031,1)
[350]: (37.06726230579113,1)
[351]: (37.25558389466883,1)
[352]: (37.12643467043573,1)
[353]: (37.28058558466705,1)
[354]: (38.26208298169069,1)
[355]: (37.04681045049355,1)
[356]: (37.00315616734034,1)
[357]: (37.13094285015701,1)
[358]: (37.03128518229603,1)
[359]: (38.03469389630848,1)
[360]: (37.70973212167957,1)
[361]: (37.8441613658955,1)
[362]: (37.47776046680437,1)
[363]: (37.36525406340471,1)
[364]: (37.19003447158008,1)
[365]: (37.0507001532418,1)
[366]: (37.29406077779841,1)
[367]: (37.43672144884838,1)
[368]: (37.18479790773372,1)
[369]: (38.34310248250349,1)
[370]: (39.25826244807295,1)
[371]: (37.03434820365324,1)
[372]: (37.32858191085946,1)
[373]: (37.10289689618615,1)
[374]: (37.02542311102351,1)
[375]: (37.13744030504802,1)
[376]: (37.43810563175149,1)
[377]: (37.04530220236978,1)
[378]: (37.2641556147374,1)
[379]: (37.18795936087704,1)
[380]: (37.80749282077791,1)
[381]: (38.0616677029635,1)
[382]: (37.45407880438471,1)
[383]: (37.32421753414197,1)
[384]: (39.13394344540216,1)
[385]: (37.28441821585471,1)
[386]: (37.08278986818297,1)
[387]: (38.15114190277625,1)
[388]: (37.32759375611861,1)
[389]: (37.14461009407433,1)
[390]: (37.41926746335731,1)
[391]: (37.31260760477497,1)
[392]: (38.97439317564675,1)
[393]: (37.12900444229352,1)
[394]: (37.14711335554569,1)
[395]: (37.19541303623425,1)
[396]: (37.37024588238749,1)
[397]: (37.27255314165136,1)
[398]: (37.01610332921972,1)
[399]: (37.04684239012078,1)
[400]: (37.03365049007796,1)
[401]: (37.0346443307557,1)
[402]: (37.1395515402181,1)
[403]: (37.00779716657002,1)
[404]: (37.21142810764416,1)
[405]: (37.28989167940426,1)
[406]: (37.34239171642623,1)
[407]: (37.17469007068484,1)
[408]: (37.78927157443741,1)
[409]: (40.08159006745216,1)
[410]: (37.10480387077334,1)
[411]: (37.66585339932479,1)
[412]: (37.89679751174057,1)
[413]: (37.98719497569724,1)
[414]: (38.89914373693275,1)
[415]: (38.17405002623738,1)
[416]: (37.15418406235188,1)
[417]: (37.14084806855969,1)
[418]: (37.00694419772288,1)
[419]: (37.34582739190125,1)
[420]: (37.29591451709955,1)
[421]: (37.30935298158429,1)
[422]: (37.77346287073772,1)
[423]: (37.2914177822049,1)
[424]: (37.41802363059733,1)
[425]: (37.04246974957172,1)
[426]: (37.17045680970727,1)
[427]: (38.18421220592847,1)
[428]: (37.31479545958486,1)
[429]: (37.74902941482332,1)
[430]: (37.32284925977683,1)
[431]: (37.24440328652133,1)
[432]: (37.29931919465945,1)
[433]: (37.24764821926484,1)
[434]: (37.0599994594857,1)
[435]: (37.1718896299172,1)
[436]: (37.69444554853249,1)
[437]: (37.52729887654585,1)
[438]: (37.84687638935713,1)
[439]: (37.40243908962761,1)
[440]: (37.03166979983437,1)
[441]: (37.50986329334108,1)
[442]: (37.39934137199584,1)
[443]: (37.10834731991592,1)
[444]: (37.04842289945275,1)
[445]: (38.01186499740331,1)
[446]: (37.24635186906587,1)
[447]: (37.15439127024214,1)
[448]: (37.11319799565445,1)
[449]: (37.29349438595124,1)
[450]: (38.23008844771876,1)
[451]: (37.50943250799697,1)
[452]: (37.88914905411136,1)
[453]: (37.00062040029565,1)
[454]: (37.18543359741201,1)
[455]: (37.99900315560209,1)
[456]: (37.32172428326869,1)
[457]: (37.06047723492737,1)
[458]: (37.29606583070816,1)
[459]: (37.44766832661302,1)
[460]: (37.56450055104548,1)
[461]: (37.11633951626577,1)
[462]: (37.44819696309888,1)
[463]: (37.20179333425365,1)
[464]: (37.07347499405775,1)
[465]: (37.74379629800755,1)
[466]: (37.43869635578012,1)
[467]: (37.18417941200556,1)
[468]: (37.28338741564475,1)
[469]: (37.40769042782489,1)
[470]: (37.04843091304994,1)
[471]: (37.09645446217242,1)
[472]: (37.52664607922163,1)
[473]: (37.20158563837525,1)
[474]: (38.1411619504268,1)
[475]: (37.63222113150776,1)
[476]: (37.00637509288315,1)
[477]: (37.3409373366371,1)
[478]: (37.18081765434201,1)
[479]: (37.16205158547368,1)
[480]: (37.14867301526846,1)
[481]: (37.06544980265822,1)
[482]: (37.22287404058609,1)
[483]: (37.07337140418679,1)
[484]: (37.31891738107772,1)
[485]: (37.55131712964601,1)
[486]: (37.0046290799779,1)
[487]: (37.07107844550862,1)
[488]: (37.70665076279499,1)
[489]: (37.21104222593632,1)
[490]: (37.14782022915753,1)
[491]: (37.17258390615859,1)
[492]: (37.17749577797841,1)
[493]: (37.38429116702902,1)
[494]: (37.43814470728169,1)
[495]: (37.12655995435549,1)
[496]: (37.33854089631949,1)
[497]: (37.60305008208745,1)
[498]: (37.07282574227232,1)
[499]: (37.24577881114244,1)
[500]: (37.11464923658807,1)
[501]: (37.36243500173081,1)
[502]: (37.53054978860043,1)
[503]: (37.09702722413734,1)
[504]: (37.07756141022436,1)
[505]: (37.41701018146638,1)
[506]: (37.42751614854463,1)
[507]: (37.20183598466831,1)
[508]: (37.72831573642655,1)
[509]: (37.07503929934777,1)
[510]: (37.19686022664007,1)
[511]: (37.19228642531541,1)
[512]: (37.53364293476884,1)
[513]: (37.34775748778012,1)
[514]: (37.21574804216218,1)
[515]: (37.07499273482537,1)
[516]: (37.02854288510404,1)
[517]: (37.25755973141302,1)
[518]: (37.21517752305982,1)
[519]: (37.58841660521826,1)
[520]: (37.02767753380851,1)
[521]: (37.82524422460651,1)
[522]: (37.15064180570285,1)
[523]: (37.49265748533033,1)
[524]: (37.12260741299225,1)
[525]: (37.04906108250775,1)
[526]: (37.00192558992273,1)
[527]: (38.11115572312173,1)
[528]: (37.05785731313645,1)
[529]: (37.06911803436306,1)
[530]: (37.06713722763908,1)
[531]: (37.11868562206895,1)
[532]: (37.37892786756802,1)
[533]: (37.14552634987146,1)
[534]: (38.15470050254233,1)
[535]: (37.0001541333697,1)
[536]: (37.26149800080476,1)
[537]: (37.13963424628452,1)
[538]: (37.33927128278228,1)
[539]: (37.02964761248554,1)
[540]: (37.40323599275312,1)
[541]: (37.00862496954923,1)
[542]: (37.14742659068371,1)
[543]: (37.43192525739465,1)
[544]: (37.26649730704835,1)
[545]: (37.14822865791662,1)
[546]: (37.26075029539158,1)
[547]: (38.19271681713359,1)
[548]: (39.15327930870373,1)
[549]: (37.0031729392437,1)
[550]: (37.34649076258285,1)
[551]: (37.93434614149434,1)
[552]: (37.04444427925955,1)
[553]: (37.25596946822053,1)
[554]: (37.68739377586461,1)
[555]: (37.20459878043543,1)
[556]: (38.05168059357182,1)
[557]: (37.09041938390182,1)
[558]: (37.21770077307372,1)
[559]: (37.2011767295782,1)
[560]: (37.09694730525826,1)
[561]: (37.18410454643805,1)
[562]: (37.24615707874796,1)
[563]: (37.05589458488238,1)
[564]: (37.22816883762608,1)
[565]: (37.03200022269394,1)
[566]: (37.82129807272664,1)
[567]: (37.07389051570711,1)
[568]: (37.19233354511581,1)
[569]: (37.07267326555899,1)
[570]: (42.42690891621363,1)
[571]: (37.14075107645953,1)
[572]: (37.23366385843799,1)
[573]: (37.07126755723031,1)
[574]: (37.02334965049328,1)
[575]: (37.36528991768012,1)
[576]: (37.4563556648075,1)
[577]: (37.75429694495492,1)
[578]: (37.86259919715297,1)
[579]: (37.18209065927147,1)
[580]: (37.56074858370037,1)
[581]: (37.03855875903614,1)
[582]: (37.6652168773902,1)
[583]: (37.68752422578123,1)
[584]: (37.07566520348088,1)
[585]: (37.2000351701429,1)
[586]: (37.35250603273191,1)
[587]: (37.47629013908681,1)
[588]: (37.20800599410237,1)
[589]: (37.13281816113404,1)
[590]: (37.49714878386083,1)
[591]: (37.14324391951948,1)
[592]: (37.41199221570782,1)
[593]: (37.29739986508871,1)
[594]: (37.09422957306011,1)
[595]: (37.13201553232308,1)
[596]: (37.01295038091072,1)
[597]: (37.48338412880425,1)
[598]: (37.6701143830112,1)
[599]: (37.20115016371665,1)
[600]: (37.13101987917306,1)
[601]: (37.08943617469098,1)
[602]: (37.04390561000331,1)
[603]: (37.19396475646363,1)
[604]: (37.28213141628641,1)
[605]: (37.72718593155623,1)
[606]: (37.58647133824121,1)
[607]: (37.29348921072378,1)
[608]: (37.16611024111627,1)
[609]: (37.11662932913447,1)
[610]: (37.08607268118379,1)
[611]: (37.04287583985252,1)
[612]: (37.42511444051048,1)
[613]: (37.56088239434268,1)
[614]: (37.38897379221437,1)
[615]: (37.28253753175674,1)
[616]: (37.2660668564161,1)
[617]: (37.48710915940097,1)
[618]: (37.54928719034347,1)
[619]: (37.1091292910791,1)
[620]: (37.12152645178168,1)
[621]: (37.27211201851972,1)
[622]: (37.04910407048322,1)
[623]: (37.16801217472448,1)
[624]: (37.54890378692977,1)
[625]: (37.06452671767173,1)
[626]: (41.04270082174542,1)
[627]: (37.0107405801573,1)
[628]: (38.00178559510774,1)
[629]: (37.05595472107831,1)
[630]: (37.73947509360059,1)
[631]: (37.55574703485981,1)
[632]: (37.31119663105985,1)
[633]: (37.12690554156673,1)
[634]: (37.40284823279366,1)
[635]: (37.08573608411916,1)
[636]: (37.22266319222806,1)
[637]: (38.31319580536612,1)
[638]: (37.1748615081621,1)
[639]: (37.71136552543668,1)
[640]: (37.3334416142763,1)
[641]: (37.06550096191689,1)
[642]: (37.45915465327052,1)
[643]: (37.1131928051742,1)
[644]: (38.68473377060419,1)
[645]: (37.08250194525264,1)
[646]: (37.28775747437896,1)
[647]: (37.71272143138776,1)
[648]: (37.81804395783508,1)
[649]: (37.21780705638373,1)
[650]: (37.05196785168464,1)
[651]: (37.23336990946029,1)
[652]: (37.48485893771303,1)
[653]: (37.79279113210168,1)
[654]: (37.3242182661381,1)
[655]: (37.13041464948464,1)
[656]: (37.14720599479621,1)
[657]: (37.53392455122357,1)
[658]: (37.31071966444615,1)
[659]: (37.0601401554106,1)
[660]: (37.29383796434353,1)
[661]: (37.01275327031849,1)
[662]: (37.08118150811183,1)
[663]: (37.19549117103897,1)
[664]: (38.90212147430552,1)
[665]: (37.03109164315249,1)
[666]: (37.34470237587497,1)
[667]: (37.4904629895362,1)
[668]: (37.54526241168784,1)
[669]: (37.91430834533954,1)
[670]: (37.16712925447126,1)
[671]: (37.00635254047064,1)
[672]: (37.2062238619226,1)
[673]: (37.25677349559287,1)
[674]: (37.05548181954294,1)
[675]: (37.10548046645219,1)
[676]: (37.20215205658964,1)
[677]: (37.48986417018158,1)
[678]: (37.0500107542072,1)
[679]: (37.99157308189695,1)
[680]: (37.23406627289769,1)
[681]: (38.13935714670419,1)
[682]: (37.09322524899556,1)
[683]: (37.40061363463908,1)
[684]: (37.04796982620065,1)
[685]: (37.4198054011907,1)
[686]: (37.03921044162327,1)
[687]: (37.86791541378332,1)
[688]: (38.14181749944662,1)
[689]: (37.03616326238935,1)
[690]: (37.1229638927537,1)
[691]: (37.4697267547141,1)
[692]: (37.10911938147441,1)
[693]: (37.087601963774,1)
[694]: (37.11495059169073,1)
[695]: (37.00242123657044,1)
[696]: (37.21903626214267,1)
[697]: (38.02945601288648,1)
[698]: (37.63439448118297,1)
[699]: (37.31943771657379,1)
[700]: (37.02442552265663,1)
[701]: (37.17590745528615,1)
[702]: (37.40201206373297,1)
[703]: (37.79960962445132,1)
[704]: (37.05076034059056,1)
[705]: (37.02601182385704,1)
[706]: (37.49124905016543,1)
[707]: (37.01171676366962,1)
[708]: (37.30253602957531,1)
[709]: (37.15614846238093,1)
[710]: (37.07193581465737,1)
[711]: (37.38826932969375,1)
[712]: (37.04250620602232,1)
[713]: (37.09677470759378,1)
[714]: (37.56938501864861,1)
[715]: (37.39817014977049,1)
[716]: (37.04025349267322,1)
[717]: (37.20942346606456,1)
[718]: (37.06526843577589,1)
[719]: (37.28810068531149,1)
[720]: (37.87354131340773,1)
[721]: (37.10114507101374,1)
[722]: (37.64139799639719,1)
[723]: (37.34516947482488,1)
[724]: (37.30645436176577,1)
[725]: (37.01283927706865,1)
[726]: (37.21375728890743,1)
[727]: (37.46464601611364,1)
[728]: (40.28692966544713,1)
[729]: (37.3840238683505,1)
[730]: (39.92114075354758,1)
[731]: (38.10925738277379,1)
[732]: (37.04100823600303,1)
[733]: (37.41070393883901,1)
[734]: (37.40653610634245,1)
[735]: (37.3945949493415,1)
[736]: (37.16215427967698,1)
[737]: (37.16305418845385,1)
[738]: (37.12848701699433,1)
[739]: (37.34815557983146,1)
[740]: (38.05758392073632,1)
[741]: (37.4652391200904,1)
[742]: (37.45957337057141,1)
[743]: (37.12334582102008,1)
[744]: (37.03868394730706,1)
[745]: (37.01879279701055,1)
[746]: (37.39997952792954,1)
[747]: (37.42423930154582,1)
[748]: (37.22482332653365,1)
[749]: (37.47119320657307,1)
[750]: (37.03984285968806,1)
[751]: (38.52790979907298,1)
[752]: (37.58339684149371,1)
[753]: (37.76328503658652,1)
[754]: (37.35521639942942,1)
[755]: (37.09733796983155,1)
[756]: (37.06172056053051,1)
[757]: (37.22098275162841,1)
[758]: (37.04007597350834,1)
[759]: (37.18333723117351,1)
[760]: (37.13532260717246,1)
[761]: (37.54152664277267,1)
[762]: (37.03572059101224,1)
[763]: (37.32349337032014,1)
[764]: (38.30949952567341,1)
[765]: (37.10169305499942,1)
[766]: (37.01235026453638,1)
[767]: (38.91712142604918,1)
[768]: (37.09699331815033,1)
[769]: (37.1762831788322,1)
[770]: (37.44889939695869,1)
[771]: (37.1900117860279,1)
[772]: (37.73718032878489,1)
[773]: (37.54199020753111,1)
[774]: (37.20569316822792,1)
[775]: (37.18800307323399,1)
[776]: (37.17396159411543,1)
[777]: (37.47441582447757,1)
[778]: (37.07164830057243,1)
[779]: (37.59363654544559,1)
[780]: (37.21023387332598,1)
[781]: (37.39047336679661,1)
[782]: (37.18523586025329,1)
[783]: (37.15842890757811,1)
[784]: (37.64932966841921,1)
[785]: (37.06541881897729,1)
[786]: (37.18702115065029,1)
[787]: (37.04965704175668,1)
[788]: (37.51251877501698,1)
[789]: (37.24099421565668,1)
[790]: (37.4734474324651,1)
[791]: (37.17651797509459,1)
[792]: (37.01157243571544,1)
[793]: (37.15742884095874,1)
[794]: (37.01745019634296,1)
[795]: (40.3477051373979,1)
[796]: (37.56358290625933,1)
[797]: (37.71958756802091,1)
[798]: (37.20996085984094,1)
[799]: (37.25071894696984,1)
[800]: (37.37649335651255,1)
[801]: (37.45050166614963,1)
[802]: (37.29287187343383,1)
[803]: (37.00477667833749,1)
[804]: (37.6631181252443,1)
[805]: (37.09327770331481,1)
[806]: (37.33028519152217,1)
[807]: (37.0443480096764,1)
[808]: (37.30270564596519,1)
[809]: (38.55456143348842,1)
[810]: (37.24144639651848,1)
[811]: (38.03822265959981,1)
[812]: (37.21936129368796,1)
[813]: (37.02061124965142,1)
[814]: (37.25211847279623,1)
[815]: (38.76859462686644,1)
[816]: (37.95405327224726,1)
[817]: (37.29938670646143,1)
[818]: (39.34480014518974,1)
[819]: (37.3900163046001,1)
[820]: (37.0489260018259,1)
[821]: (37.57859854208569,1)
[822]: (37.98597056419889,1)
[823]: (37.32708750102358,1)
[824]: (37.09306843841211,1)
[825]: (37.05900671629667,1)
[826]: (37.32714485843879,1)
[827]: (37.23192772706327,1)
[828]: (37.11103533634277,1)
[829]: (38.70316650855396,1)
[830]: (37.71218259631681,1)
[831]: (39.05301823791342,1)
[832]: (37.12634557878645,1)
[833]: (37.51407998046129,1)
[834]: (37.43887435197756,1)
[835]: (37.07237302093586,1)
[836]: (37.49973770030422,1)
[837]: (37.04195696586179,1)
[838]: (37.30803588001041,1)
[839]: (37.93066121549655,1)
[840]: (37.35625732957499,1)
[841]: (37.10756555986425,1)
[842]: (37.08357197751754,1)
[843]: (37.03001830347381,1)
[844]: (37.14313216006502,1)
[845]: (37.64616506542551,1)
[846]: (37.9010675394119,1)
[847]: (37.13895561108379,1)
[848]: (37.46873028917586,1)
[849]: (37.05599264669184,1)
[850]: (37.18728959906982,1)
[851]: (37.33800112542525,1)
[852]: (37.13282995255238,1)
[853]: (37.17589024364853,1)
[854]: (37.80987469105738,1)
[855]: (37.00812882255521,1)
[856]: (37.10512432785136,1)
[857]: (37.33995254077852,1)
[858]: (37.46203246792408,1)
[859]: (37.40816838133411,1)
[860]: (37.02841807721988,1)
[861]: (38.23098005672883,1)
[862]: (37.50826175373628,1)
[863]: (37.13074652806984,1)
[864]: (37.23084712111374,1)
[865]: (37.28738384310112,1)
[866]: (37.08661631309498,1)
[867]: (38.82703521506572,1)
[868]: (37.10619477555492,1)
[869]: (37.77124947951975,1)
[870]: (38.20119488313538,1)
[871]: (37.03046030100419,1)
[872]: (37.03291916905317,1)
[873]: (37.06384560131902,1)
[874]: (37.03220561416739,1)
[875]: (37.67562927357874,1)
[876]: (37.1830882257756,1)
[877]: (37.10535773273826,1)
[878]: (38.31650311392347,1)
[879]: (37.03246181544909,1)
[880]: (37.11517002865079,1)
[881]: (37.07034218811783,1)
[882]: (37.15070188854101,1)
[883]: (37.01444611241001,1)
[884]: (37.06155673652365,1)
[885]: (37.56928445587361,1)
[886]: (37.18074597970319,1)
[887]: (39.09170293229286,1)
[888]: (37.15957506858458,1)
[889]: (37.86149060400432,1)
[890]: (37.07703664455502,1)
[891]: (37.9106281041904,1)
[892]: (37.02314756150609,1)
[893]: (37.38937722767645,1)
[894]: (37.08159061993886,1)
[895]: (37.27995933374255,1)
[896]: (37.17094643734428,1)
[897]: (37.05018352902547,1)
[898]: (37.36102204645076,1)
[899]: (37.66221511852459,1)
[900]: (37.2409229555877,1)
[901]: (37.00637483069989,1)
[902]: (37.23053396048977,1)
[903]: (37.0378777787673,1)
[904]: (37.03716447672128,1)
[905]: (37.04824680992935,1)
[906]: (39.42960357496678,1)
[907]: (37.09393341970524,1)
[908]: (37.70493770766215,1)
[909]: (37.02905289388558,1)
[910]: (37.0070232167031,1)
[911]: (37.11571578446134,1)
[912]: (37.3278689567713,1)
[913]: (37.47732913203458,1)
[914]: (37.09876210152743,1)
[915]: (37.00826877131141,1)
[916]: (37.16454175767723,1)
[917]: (37.19840593864358,1)
[918]: (37.16874930799742,1)
[919]: (38.27113935638056,1)
[920]: (37.09280233091221,1)
[921]: (37.21077392570003,1)
[922]: (37.77445974844893,1)
[923]: (37.31083698524446,1)
[924]: (37.1957284169092,1)
[925]: (39.97736266010948,1)
[926]: (37.5078532398618,1)
[927]: (37.1085018427529,1)
[928]: (37.01742347813088,1)
[929]: (38.06874853209372,1)
[930]: (37.33305398542016,1)
[931]: (37.16485768796584,1)
[932]: (37.09285948757342,1)
[933]: (37.24502584175058,1)
[934]: (37.59800085471531,1)
[935]: (37.565587666449,1)
[936]: (37.80254017743474,1)
[937]: (37.7616216802085,1)
[938]: (39.12092534739347,1)
[939]: (38.11524664961723,1)
[940]: (37.41471056194641,1)
[941]: (37.26208948575054,1)
[942]: (37.2213223993524,1)
[943]: (37.05561790487831,1)
[944]: (37.07775812966121,1)
[945]: (37.3970090656809,1)
[946]: (38.28165432102946,1)
[947]: (37.09672946601917,1)
[948]: (37.03766567487404,1)
[949]: (37.18312276123937,1)
[950]: (37.02000953019325,1)
[951]: (37.05871696068572,1)
[952]: (37.27148316608672,1)
[953]: (37.82964870623825,1)
[954]: (37.40528775086025,1)
[955]: (37.04015900627969,1)
[956]: (37.32255284816753,1)
[957]: (37.06721736655496,1)
[958]: (37.77023901421759,1)
[959]: (38.19803590759483,1)
[960]: (38.15972111239637,1)
[961]: (37.81728234541642,1)
[962]: (37.13651058978092,1)
[963]: (37.41475548124013,1)
[964]: (37.22189593250459,1)
[965]: (37.12920288020027,1)
[966]: (37.02667248886598,1)
[967]: (37.00286302457089,1)
[968]: (37.17499640643459,1)
[969]: (37.00303073272132,1)
[970]: (37.61352518906121,1)
[971]: (37.30791220472332,1)
[972]: (37.42399661086845,1)
[973]: (38.13094915613142,1)
[974]: (37.35904185756317,1)
[975]: (37.29080953009536,1)
[976]: (37.94910251258594,1)
[977]: (37.69797725376655,1)
[978]: (37.05969744397901,1)
[979]: (37.10697902965803,1)
[980]: (37.17650640346749,1)
[981]: (37.21293839627737,1)
[982]: (37.52942630664611,1)
[983]: (37.50435881385081,1)
[984]: (37.61053387922554,1)
[985]: (37.44203799897224,1)
[986]: (37.37785656203614,1)
[987]: (37.07308083292671,1)
[988]: (37.09550186678721,1)
[989]: (37.37662478530849,1)
[990]: (37.44935065450333,1)
[991]: (37.22450250820528,1)
[992]: (37.79778206418275,1)
[993]: (37.9099243460081,1)
[994]: (37.18171311605917,1)
[995]: (37.32533598556127,1)
[996]: (37.13160416292563,1)
[997]: (38.58516580531273,1)
[998]: (37.31718294384689,1)
[999]: (37.02414951843943,1)
[1000]: (37.16078275206482,1)
[1001]: (37.44229017999767,1)
[1002]: (37.16840999980622,1)
[1003]: (37.23996989801394,1)
[1004]: (37.11683653143763,1)
[1005]: (37.20569104675241,1)
[1006]: (37.06481334989344,1)
[1007]: (37.21218234364486,1)
[1008]: (37.07015335894975,1)
[1009]: (37.16858484750963,1)
[1010]: (37.46652084753845,1)
[1011]: (37.81916289613392,1)
[1012]: (37.02730002388983,1)
[1013]: (37.10187490432996,1)
[1014]: (37.57714950322286,1)
[1015]: (37.10915577342436,1)
[1016]: (37.02896735999809,1)
[1017]: (37.42821132196163,1)
[1018]: (37.15624914518487,1)
[1019]: (37.1029382274242,1)
[1020]: (37.23951512820885,1)
[1021]: (37.00415136387381,1)
[1022]: (38.0127934136749,1)
[1023]: (37.24472356371971,1)
[1024]: (37.00695178353035,1)
[1025]: (37.05662106702206,1)
[1026]: (37.16457463980725,1)
[1027]: (37.11594075815681,1)
[1028]: (37.66721280968612,1)
[1029]: (37.43546119380137,1)
[1030]: (37.0406938377475,1)
[1031]: (37.33925504404748,1)
[1032]: (37.18510888702956,1)
[1033]: (37.03922093036256,1)
[1034]: (37.20163601224272,1)
[1035]: (37.36235068098419,1)
[1036]: (40.46832824266371,1)
[1037]: (37.54627680816963,1)
[1038]: (37.16477514277939,1)
[1039]: (37.21542062628299,1)
[1040]: (37.50471715283483,1)
[1041]: (39.85576569258266,1)
[1042]: (37.28126877114929,1)
[1043]: (37.05570895121698,1)
[1044]: (37.08686485721636,1)
[1045]: (37.28865979129179,1)
[1046]: (37.55432826036428,1)
[1047]: (37.04259237363846,1)
[1048]: (37.89300710844712,1)
[1049]: (37.31190162780149,1)
[1050]: (37.33637914429795,1)
[1051]: (37.1685013271297,1)
[1052]: (37.33277483248025,1)
[1053]: (37.46257408232037,1)
[1054]: (37.24102054331484,1)
[1055]: (37.1384208902961,1)
[1056]: (37.3717564799488,1)
[1057]: (37.19767851231943,1)
[1058]: (37.27103561892359,1)
[1059]: (37.21648352876988,1)
[1060]: (37.38498429347597,1)
[1061]: (39.04109153548661,1)
[1062]: (37.56810487674898,1)
[1063]: (37.39366008641405,1)
[1064]: (37.29685609667506,1)
[1065]: (37.15188090922326,1)
[1066]: (37.72305136119314,1)
[1067]: (37.41114576822857,1)
[1068]: (37.1204554741112,1)
[1069]: (37.20433038144227,1)
[1070]: (37.07166633930063,1)
[1071]: (37.20295759985977,1)
[1072]: (37.61116387543371,1)
[1073]: (37.09438701444328,1)
[1074]: (37.19174294448208,1)
[1075]: (37.09575794353488,1)
[1076]: (37.19060930145683,1)
[1077]: (37.67635832202826,1)
[1078]: (37.37164855657858,1)
[1079]: (37.14855657055572,1)
[1080]: (37.64025012796115,1)
[1081]: (37.36294807346313,1)
[1082]: (37.21626820877146,1)
[1083]: (37.62167791035186,1)
[1084]: (37.61009908651401,1)
[1085]: (37.47103034959738,1)
[1086]: (37.35615601663448,1)
[1087]: (37.49570558590657,1)
[1088]: (37.21874895855549,1)
[1089]: (37.07723917244893,1)
[1090]: (37.11045059694877,1)
[1091]: (37.45065820810008,1)
[1092]: (37.01246349896243,1)
[1093]: (37.93586252154929,1)
[1094]: (38.0666479556931,1)
[1095]: (39.08723453906989,1)
[1096]: (37.06372194270573,1)
[1097]: (37.51911296861395,1)
[1098]: (37.45034813609821,1)
[1099]: (37.06573044741248,1)
[1100]: (37.23963245718343,1)
[1101]: (37.29581749881318,1)
[1102]: (37.5232904309702,1)
[1103]: (37.05987711678578,1)
[1104]: (37.18579276614243,1)
[1105]: (37.35684394942713,1)
[1106]: (37.08386110883459,1)
[1107]: (37.4663067638896,1)
[1108]: (37.04005727733735,1)
[1109]: (37.37227788592764,1)
[1110]: (37.32276020476991,1)
[1111]: (37.85591760709566,1)
[1112]: (37.89107239552038,1)
[1113]: (37.21732076547028,1)
[1114]: (37.3363747009622,1)
[1115]: (37.10598695057759,1)
[1116]: (37.29052788166626,1)
[1117]: (37.04104725170097,1)
[1118]: (37.33535745973365,1)
[1119]: (37.35549073370161,1)
[1120]: (37.40092007028257,1)
[1121]: (37.21203568275431,1)
[1122]: (39.15053293330903,1)
[1123]: (37.11287801888668,1)
[1124]: (38.2826576697826,1)
[1125]: (37.14912706491116,1)
[1126]: (37.03186812167127,1)
[1127]: (37.54336057841532,1)
[1128]: (37.27837838589754,1)
[1129]: (39.07709367912164,1)
[1130]: (37.12552250577396,1)
[1131]: (37.09385086351777,1)
[1132]: (37.5314832848287,1)
[1133]: (37.09927216923725,1)
[1134]: (37.31188721077336,1)
[1135]: (37.1472825634246,1)
[1136]: (37.08198434948772,1)
[1137]: (37.23971195694678,1)
[1138]: (37.18058151826413,1)
[1139]: (37.00881467658061,1)
[1140]: (37.55012292998978,1)
[1141]: (37.23275877274848,1)
[1142]: (37.33629230292828,1)
[1143]: (37.00060955074122,1)
[1144]: (41.10375250097457,1)
[1145]: (37.38347618766446,1)
[1146]: (37.64307482808617,1)
[1147]: (37.06263763211403,1)
[1148]: (37.26558446290254,1)
[1149]: (37.36637358160156,1)
[1150]: (37.9289698497499,1)
[1151]: (37.42807363409425,1)
[1152]: (37.33338209710914,1)
[1153]: (37.25606340522409,1)
[1154]: (37.43312004488003,1)
[1155]: (37.80945799999635,1)
[1156]: (37.16231539316854,1)
[1157]: (37.44417077334816,1)
[1158]: (37.31894031956206,1)
[1159]: (38.30670668188318,1)
[1160]: (37.65392757031002,1)
[1161]: (37.29380813274839,1)
[1162]: (38.48871838955334,1)
[1163]: (37.64715678044783,1)
[1164]: (37.85345787304401,1)
[1165]: (37.41097898545431,1)
[1166]: (37.67874787533656,1)
[1167]: (37.15422126782376,1)
[1168]: (37.0280103766901,1)
[1169]: (37.28520970231468,1)
[1170]: (37.11509182372492,1)
[1171]: (37.56809809765524,1)
[1172]: (37.21411088041202,1)
[1173]: (37.34355648870589,1)
[1174]: (37.17694673541644,1)
[1175]: (37.09005555054817,1)
[1176]: (37.12509154857246,1)
[1177]: (37.13288655678871,1)
[1178]: (37.2228952882158,1)
[1179]: (37.20798665952363,1)
[1180]: (37.34603040906767,1)
[1181]: (37.86683606065888,1)
[1182]: (37.12964113075788,1)
[1183]: (37.04703939494902,1)
[1184]: (37.06786694306955,1)
[1185]: (37.2212394203925,1)
[1186]: (37.29069674302619,1)
[1187]: (38.06303343735195,1)
[1188]: (37.22860190852145,1)
[1189]: (37.5655149209685,1)
[1190]: (37.89286840668423,1)
[1191]: (37.24400758316359,1)
[1192]: (37.42592810219514,1)
[1193]: (37.22193670200944,1)
[1194]: (37.22584547072444,1)
[1195]: (37.33097302501034,1)
[1196]: (38.07465689315719,1)
[1197]: (37.21418092081442,1)
[1198]: (37.02249845124476,1)
[1199]: (37.30669748312874,1)
[1200]: (37.52870966442681,1)
[1201]: (37.20803516253071,1)
[1202]: (37.1161699893361,1)
[1203]: (37.34249707654192,1)
[1204]: (37.00091364901948,1)
[1205]: (37.09866568757186,1)
[1206]: (37.47471079761576,1)
[1207]: (37.00984163344593,1)
[1208]: (37.82887411442367,1)
[1209]: (37.0339061910127,1)
[1210]: (37.32353854826965,1)
[1211]: (37.12134032864758,1)
[1212]: (37.37365188234498,1)
[1213]: (37.10878771169396,1)
[1214]: (37.11323622320999,1)
[1215]: (37.09800401760456,1)
[1216]: (37.31232058012454,1)
[1217]: (37.60572951767843,1)
[1218]: (37.11648962607918,1)
[1219]: (37.24713427273033,1)
[1220]: (37.18009595307094,1)
[1221]: (37.07963925907023,1)
[1222]: (37.10729610037111,1)
[1223]: (37.12032793687742,1)
[1224]: (37.3715909356139,1)
[1225]: (37.29757189671993,1)
[1226]: (37.50565021297589,1)
[1227]: (37.04697382021386,1)
[1228]: (37.09460368491376,1)
[1229]: (37.24842072828339,1)
[1230]: (37.5149101219276,1)
[1231]: (37.31581441720706,1)
[1232]: (38.47894499593099,1)
[1233]: (37.58346720672536,1)
[1234]: (37.53895453167738,1)
[1235]: (37.89626930980406,1)
[1236]: (37.03838746972241,1)
[1237]: (37.07586978395462,1)
[1238]: (37.04209346089706,1)
[1239]: (37.08546869246479,1)
[1240]: (37.52516058012387,1)
[1241]: (37.5106668571613,1)
[1242]: (37.01569850960509,1)
[1243]: (37.0311999130244,1)
[1244]: (37.13593264287143,1)
[1245]: (37.1602196216947,1)
[1246]: (37.2231817898754,1)
[1247]: (37.15110955973475,1)
[1248]: (37.18209106959884,1)
[1249]: (37.47328226519907,1)
[1250]: (37.34434784945267,1)
[1251]: (37.06825607159124,1)
[1252]: (37.63932517701656,1)
[1253]: (37.07270341825051,1)
[1254]: (37.39827760381748,1)
[1255]: (40.01321947322549,1)
[1256]: (37.84691177614878,1)
[1257]: (37.22575218676874,1)
[1258]: (38.47135663565931,1)
[1259]: (37.58285043311427,1)
[1260]: (37.07426037760122,1)
[1261]: (37.24685802602639,1)
[1262]: (37.17422605517691,1)
[1263]: (37.2297404657992,1)
[1264]: (37.17072684316518,1)
[1265]: (37.02137960446225,1)
[1266]: (37.88371694854659,1)
[1267]: (37.00186097475805,1)
[1268]: (37.02724697981878,1)
[1269]: (38.11528571908253,1)
[1270]: (37.12909664588831,1)
[1271]: (37.13312530646671,1)
[1272]: (37.64368295872158,1)
[1273]: (37.29769961530391,1)
[1274]: (37.22514907817553,1)
[1275]: (37.29551310269194,1)
[1276]: (37.60228672618553,1)
[1277]: (37.13414307526612,1)
[1278]: (37.00777321935296,1)
[1279]: (37.72235545963062,1)
[1280]: (37.10097313318806,1)
[1281]: (37.7885906489626,1)
[1282]: (37.08630501267707,1)
[1283]: (37.00639673368346,1)
[1284]: (38.08442272873099,1)
[1285]: (37.08460763452575,1)
[1286]: (37.28846033463279,1)
[1287]: (37.34482131757667,1)
[1288]: (37.05275182179758,1)
[1289]: (37.10983734121506,1)
[1290]: (37.02962117577946,1)
[1291]: (37.07220717748898,1)
[1292]: (37.15085488916741,1)
[1293]: (37.32992203455416,1)
[1294]: (37.16236372706387,1)
[1295]: (37.49996147303882,1)
[1296]: (37.27819317877405,1)
[1297]: (37.42180562228607,1)
[1298]: (37.56552877302185,1)
[1299]: (37.16772939199878,1)
[1300]: (37.18575858454368,1)
[1301]: (37.10273446233822,1)
[1302]: (37.47382703570508,1)
[1303]: (37.09266686417004,1)
[1304]: (37.10210276884334,1)
[1305]: (37.01123566424513,1)
[1306]: (37.02187401641888,1)
[1307]: (37.17214455181819,1)
[1308]: (37.15708264382491,1)
[1309]: (37.06302685515531,1)
[1310]: (38.14441000896383,1)
[1311]: (38.43249416572877,1)
[1312]: (37.13360367451299,1)
[1313]: (37.1037095674582,1)
[1314]: (37.25164530500076,1)
[1315]: (37.24511293928937,1)
[1316]: (37.88759879759238,1)
[1317]: (37.16159070304263,1)
[1318]: (37.23237857098956,1)
[1319]: (37.00286565677543,1)
[1320]: (37.22516018481162,1)
[1321]: (37.03793461401026,1)
[1322]: (38.44330526209922,1)
[1323]: (37.04378344886079,1)
[1324]: (37.24249975243632,1)
[1325]: (37.1038856599108,1)
[1326]: (37.09447803845433,1)
[1327]: (37.11671737524406,1)
[1328]: (37.00777258458439,1)
[1329]: (37.01328354131247,1)
[1330]: (37.08551080118423,1)
[1331]: (37.10135233047263,1)
[1332]: (37.09860092572114,1)
[1333]: (39.88413413947044,1)
[1334]: (37.15852994848239,1)
[1335]: (37.38971919722014,1)
[1336]: (37.03401993971484,1)
[1337]: (37.01842156961594,1)
[1338]: (37.40013200681656,1)
[1339]: (37.00373855947863,1)
[1340]: (37.28128652822748,1)
[1341]: (37.04357441935953,1)
[1342]: (37.0395449210615,1)
[1343]: (37.03714906511029,1)
[1344]: (37.2662178520367,1)
[1345]: (37.45199842411056,1)
[1346]: (37.60667532291941,1)
[1347]: (37.15941126867635,1)
[1348]: (37.14783929016573,1)
[1349]: (37.03929995244388,1)
[1350]: (37.32162091327802,1)
[1351]: (37.00694859668778,1)
[1352]: (37.24373772958512,1)
[1353]: (37.01483690855513,1)
[1354]: (37.36850815115574,1)
[1355]: (37.08904457457662,1)
[1356]: (37.01756898992913,1)
[1357]: (37.00090460978762,1)
[1358]: (37.69065415761,1)
[1359]: (37.23092457587118,1)
[1360]: (37.04042326468082,1)
[1361]: (37.05929674498064,1)
[1362]: (37.41521156982117,1)
[1363]: (37.21505995915154,1)
[1364]: (38.0870605148455,1)
[1365]: (37.62520738743428,1)
[1366]: (37.42136146459969,1)
[1367]: (37.59797695320388,1)
[1368]: (37.18118019702705,1)
[1369]: (37.345512215424,1)
[1370]: (37.10315753066292,1)
[1371]: (37.06402959789203,1)
[1372]: (37.02545484174524,1)
[1373]: (38.14603751257977,1)
[1374]: (37.23185067834528,1)
[1375]: (37.27599448681138,1)
[1376]: (37.37673438953869,1)
[1377]: (37.29492018345817,1)
[1378]: (37.06920113032556,1)
[1379]: (37.40679691968108,1)
[1380]: (37.92153508682192,1)
[1381]: (37.0147573995524,1)
[1382]: (38.21193273509085,1)
[1383]: (37.08484374565666,1)
[1384]: (37.28183842950207,1)
[1385]: (37.23504930019004,1)
[1386]: (37.11723685625675,1)
[1387]: (37.00029253616995,1)
[1388]: (37.52798500371726,1)
[1389]: (37.58897873628343,1)
[1390]: (37.11371814043886,1)
[1391]: (37.27727362576086,1)
[1392]: (37.46349203739376,1)
[1393]: (37.15696030303915,1)
[1394]: (37.32596735798035,1)
[1395]: (37.49717101240281,1)
[1396]: (37.58540244445119,1)
[1397]: (37.16014296872616,1)
[1398]: (37.46483864475456,1)
[1399]: (37.01669963454517,1)
[1400]: (37.08745556087776,1)
[1401]: (37.21343882096722,1)
[1402]: (37.65066749286795,1)
[1403]: (37.38086587107348,1)
[1404]: (37.00982667963797,1)
[1405]: (37.91976546512162,1)
[1406]: (37.6065020139777,1)
[1407]: (37.0325738233207,1)
[1408]: (37.12968614133548,1)
[1409]: (37.1159383837952,1)
[1410]: (37.68132961209021,1)
[1411]: (37.479071050957,1)
[1412]: (37.02177351450022,1)
[1413]: (38.90031565021005,1)
[1414]: (37.52058790884145,1)
[1415]: (37.19118416806883,1)
[1416]: (37.23396022123253,1)
[1417]: (37.17059963112048,1)
[1418]: (37.12297143214597,1)
[1419]: (37.10197325369468,1)
[1420]: (37.2050730223126,1)
[1421]: (37.44120059329106,1)
[1422]: (37.15420246436589,1)
[1423]: (37.6797324641469,1)
[1424]: (37.00824048395078,1)
[1425]: (37.1043898444896,1)
[1426]: (37.0596888934706,1)
[1427]: (37.43377002460264,1)
[1428]: (37.00767169393618,1)
[1429]: (37.12586657682308,1)
[1430]: (37.01252107866987,1)
[1431]: (37.24631723280109,1)
[1432]: (37.24967757521559,1)
[1433]: (37.1055285492291,1)
[1434]: (37.00121779299804,1)
[1435]: (37.70723785811637,1)
[1436]: (39.28898461333782,1)
[1437]: (37.03447004596547,1)
[1438]: (37.42336085318205,1)
[1439]: (37.14508659681646,1)
[1440]: (37.65239577472883,1)
[1441]: (37.40873961279096,1)
[1442]: (37.07523579944544,1)
[1443]: (37.28323170938215,1)
[1444]: (37.00693225919614,1)
[1445]: (37.00305160929034,1)
[1446]: (37.40329725040377,1)
[1447]: (38.10508421021012,1)
[1448]: (37.11221477336932,1)
[1449]: (37.09743765026685,1)
[1450]: (37.16389957475369,1)
[1451]: (37.27764386564443,1)
[1452]: (37.4933137045087,1)
[1453]: (37.32186311929734,1)
[1454]: (37.06604765096566,1)
[1455]: (37.09865494106879,1)
[1456]: (37.63651677171332,1)
[1457]: (37.00259877402135,1)
[1458]: (37.01146981819184,1)
[1459]: (37.38651203536817,1)
[1460]: (37.12686110752687,1)
[1461]: (37.08533103544878,1)
[1462]: (37.29064040930572,1)
[1463]: (37.39729624797464,1)
[1464]: (37.42894614098286,1)
[1465]: (37.1576184042646,1)
[1466]: (37.0233803293436,1)
[1467]: (37.43326031890212,1)
[1468]: (37.24409699374544,1)
[1469]: (37.38457973579526,1)
[1470]: (37.02518967134647,1)
[1471]: (37.29188454908564,1)
[1472]: (37.13468503840517,1)
[1473]: (37.17136925605128,1)
[1474]: (38.48795649432508,1)
[1475]: (37.19835212079622,1)
[1476]: (37.73367183682042,1)
[1477]: (37.46504115655592,1)
[1478]: (37.28364937117333,1)
[1479]: (38.29341194492465,1)
[1480]: (37.30848734170645,1)
[1481]: (37.74899895496869,1)
[1482]: (37.17779900400018,1)
[1483]: (37.02409456738962,1)
[1484]: (37.96125181480294,1)
[1485]: (37.0858503440605,1)
[1486]: (37.50493868767353,1)
[1487]: (37.04509477361844,1)
[1488]: (37.404099536704,1)
[1489]: (37.24956160685764,1)
[1490]: (38.15435702587383,1)
[1491]: (37.07172560594697,1)
[1492]: (37.74968519134975,1)
[1493]: (37.43276057965137,1)
[1494]: (37.27848427255078,1)
[1495]: (37.11981884145888,1)
[1496]: (37.38043804075613,1)
[1497]: (37.71999694513615,1)
[1498]: (37.28929549563111,1)
[1499]: (37.89400119113305,1)
[1500]: (37.20284906695433,1)
[1501]: (37.38527694546926,1)
[1502]: (37.42092782475304,1)
[1503]: (37.10258495033302,1)
[1504]: (37.09092823578575,1)
[1505]: (37.94852166981717,1)
[1506]: (37.55399268211779,1)
[1507]: (37.01525214818632,1)
[1508]: (37.51602458715885,1)
[1509]: (37.51324630762523,1)
[1510]: (37.69374554768748,1)
[1511]: (37.5755995866654,1)
[1512]: (37.47544385881945,1)
[1513]: (37.35871947752727,1)
[1514]: (37.2666636267354,1)
[1515]: (37.20274157982368,1)
[1516]: (37.18602484243586,1)
[1517]: (37.85807703195069,1)
[1518]: (37.22484468028438,1)
[1519]: (37.18245558565754,1)
[1520]: (38.21065505754998,1)
[1521]: (37.25196219706958,1)
[1522]: (37.27237985427532,1)
[1523]: (37.19408750740378,1)
[1524]: (37.07214674508894,1)
[1525]: (37.20714322316419,1)
[1526]: (37.33946076139163,1)
[1527]: (37.99988527601872,1)
[1528]: (37.07202576429103,1)
[1529]: (38.08786472455765,1)
[1530]: (37.05481363746046,1)
[1531]: (37.48745007766306,1)
[1532]: (37.15705030419587,1)
[1533]: (37.1919054812702,1)
[1534]: (37.23545779842696,1)
[1535]: (37.45336647495444,1)
[1536]: (37.27282471727546,1)
[1537]: (37.07245946641228,1)
[1538]: (37.33563625493803,1)
[1539]: (37.17790662476455,1)
[1540]: (38.19395041689526,1)
[1541]: (37.39508393238499,1)
[1542]: (37.0887622231873,1)
[1543]: (37.13630800861328,1)
[1544]: (37.25610551534522,1)
[1545]: (39.39486037192247,1)
[1546]: (37.00958286060818,1)
[1547]: (37.08621780946631,1)
[1548]: (37.21647837091204,1)
[1549]: (38.40889917747973,1)
[1550]: (37.08971434680525,1)
[1551]: (37.02005225947979,1)
[1552]: (37.04204660809406,1)
[1553]: (37.02776772603197,1)
[1554]: (37.24934670312079,1)
[1555]: (37.05694850764523,1)
[1556]: (37.01453140298874,1)
[1557]: (37.24822155357857,1)
[1558]: (37.06156767893612,1)
[1559]: (37.3440108735793,1)
[1560]: (37.52557731283351,1)
[1561]: (37.64033621108391,1)
[1562]: (37.02818705675878,1)
[1563]: (37.08506690349607,1)
[1564]: (40.02814091001773,1)
[1565]: (37.48942778650258,1)
[1566]: (37.12975082815182,1)
[1567]: (37.02264089325107,1)
[1568]: (37.1991860295879,1)
[1569]: (37.1890858458306,1)
[1570]: (37.10203144048473,1)
[1571]: (37.09511245551047,1)
[1572]: (37.29332200495989,1)
[1573]: (38.40729598706724,1)
[1574]: (37.29574529944536,1)
[1575]: (37.04744028968237,1)
[1576]: (37.22200780040378,1)
[1577]: (37.74621450168588,1)
[1578]: (37.17734619822205,1)
[1579]: (37.08407854348855,1)
[1580]: (37.10879968387627,1)
[1581]: (37.09571085530403,1)
[1582]: (37.21069920725643,1)
[1583]: (37.05547795408282,1)
[1584]: (37.00474142434022,1)
[1585]: (37.00340753324749,1)
[1586]: (37.66641594909962,1)
[1587]: (37.38969934933473,1)
[1588]: (37.19830941597033,1)
[1589]: (37.24704998661546,1)
[1590]: (37.24212566923148,1)
[1591]: (37.58978422289309,1)
[1592]: (37.04228614844562,1)
[1593]: (37.1802754037903,1)
[1594]: (37.36402601210827,1)
[1595]: (37.48601612112763,1)
[1596]: (37.22085723041194,1)
[1597]: (37.03116270322172,1)
[1598]: (37.21753472611113,1)
[1599]: (38.15430632151454,1)
[1600]: (37.1733322849921,1)
[1601]: (37.17361751016321,1)
[1602]: (37.20917136969222,1)
[1603]: (37.38910263040577,1)
[1604]: (37.33079100549897,1)
[1605]: (37.41127332315395,1)
[1606]: (37.03366448186333,1)
[1607]: (37.31596027672486,1)
[1608]: (37.58060838630072,1)
[1609]: (37.12806814114686,1)
[1610]: (37.70358216531692,1)
[1611]: (40.28632736537443,1)
[1612]: (37.14647178771246,1)
[1613]: (37.48759500662975,1)
[1614]: (37.1548468958043,1)
[1615]: (37.12529259138226,1)
[1616]: (37.17602027273113,1)
[1617]: (37.28580136710899,1)
[1618]: (37.2860795980136,1)
[1619]: (37.25736106066523,1)
[1620]: (37.15562912162232,1)
[1621]: (37.50763293614311,1)
[1622]: (38.37513651656104,1)
[1623]: (37.1149617021319,1)
[1624]: (38.56181539932415,1)
[1625]: (38.97918800492293,1)
[1626]: (37.08235146439985,1)
[1627]: (39.41039458974445,1)
[1628]: (37.40543340578309,1)
[1629]: (37.03379767494243,1)
[1630]: (38.69101887164457,1)
[1631]: (40.17544281493685,1)
[1632]: (38.22304949440485,1)
[1633]: (40.15223010438893,1)
[1634]: (37.69891926992829,1)
[1635]: (37.49854500297797,1)
[1636]: (37.24404491411908,1)
[1637]: (37.45227680435121,1)
[1638]: (37.06955331892233,1)
[1639]: (37.03807961372118,1)
[1640]: (37.05947441872492,1)
[1641]: (38.80640918264915,1)
[1642]: (37.03434393341881,1)
[1643]: (38.35045742470038,1)
[1644]: (37.04810168970431,1)
[1645]: (37.03843903693277,1)
[1646]: (37.21379301599924,1)
[1647]: (37.09978931335238,1)
[1648]: (37.18003195019745,1)
[1649]: (38.45975918086232,1)
[1650]: (37.2435561573388,1)
[1651]: (37.23361229785757,1)
[1652]: (37.12093773337906,1)
[1653]: (37.58154752242795,1)
[1654]: (37.17121562314117,1)
[1655]: (37.01648398839156,1)
[1656]: (37.63608143998967,1)
[1657]: (37.05251101184101,1)
[1658]: (37.31246776709093,1)
[1659]: (37.1027382359712,1)
[1660]: (37.01699330233167,1)
[1661]: (37.21309237133287,1)
[1662]: (37.02590657001323,1)
[1663]: (37.10980771534782,1)
[1664]: (37.28303486602823,1)
[1665]: (37.16410044350878,1)
[1666]: (37.41038500799318,1)
[1667]: (41.49809798001101,1)
[1668]: (37.65291383297104,1)
[1669]: (37.64505687178968,1)
[1670]: (37.01986382870565,1)
[1671]: (37.87315360547107,1)
[1672]: (37.91868001355217,1)
[1673]: (38.25930506133844,1)
[1674]: (37.01972624803144,1)
[1675]: (37.12132787804304,1)
[1676]: (37.17701218304845,1)
[1677]: (37.2696792344188,1)
[1678]: (37.35695421624049,1)
[1679]: (37.10808336068108,1)
[1680]: (38.0236079719128,1)
[1681]: (37.78566915133377,1)
[1682]: (37.85877471274124,1)
[1683]: (37.05981639168157,1)
[1684]: (38.04186572400404,1)
[1685]: (37.26122880027384,1)
[1686]: (37.14355580572798,1)
[1687]: (37.00030816019747,1)
[1688]: (37.09785494927262,1)
[1689]: (37.0348823703679,1)
[1690]: (37.21044866912407,1)
[1691]: (37.04351299274474,1)
[1692]: (37.63422531672094,1)
[1693]: (37.81782000266072,1)
[1694]: (37.09335415149548,1)
[1695]: (37.39971328068486,1)
[1696]: (37.12915686632393,1)
[1697]: (37.08971327389833,1)
[1698]: (37.18044791001531,1)
[1699]: (37.0650522021353,1)
[1700]: (37.71642212186791,1)
[1701]: (37.04984851504589,1)
[1702]: (37.16877588660419,1)
[1703]: (37.06564778103748,1)
[1704]: (37.01575021695585,1)
[1705]: (37.74605819570534,1)
[1706]: (38.12753305464608,1)
[1707]: (37.65020662583525,1)
[1708]: (37.32744025902786,1)
[1709]: (37.59627817400857,1)
[1710]: (40.15848830075073,1)
[1711]: (37.3816526877207,1)
[1712]: (37.00437975561084,1)
[1713]: (37.10021922403249,1)
[1714]: (37.72119659183318,1)
[1715]: (38.34726763786953,1)
[1716]: (37.18312688096162,1)
[1717]: (37.36299708506405,1)
[1718]: (40.3542411356724,1)
[1719]: (37.3645083702251,1)
[1720]: (37.02721624248099,1)
[1721]: (37.03544619689285,1)
[1722]: (37.3393256655992,1)
[1723]: (37.01480324150437,1)
[1724]: (37.4836638139264,1)
[1725]: (37.31860942170674,1)
[1726]: (37.85110816964175,1)
[1727]: (37.75841930241582,1)
[1728]: (37.9407703231538,1)
[1729]: (37.02469928920463,1)
[1730]: (37.39922430392732,1)
[1731]: (37.06766563543824,1)
[1732]: (37.56629833175106,1)
[1733]: (37.09392032840244,1)
[1734]: (37.99126975354627,1)
[1735]: (37.12174173008461,1)
[1736]: (37.33718478618776,1)
[1737]: (37.73698543202806,1)
[1738]: (37.20188664551044,1)
[1739]: (37.08467537095861,1)
[1740]: (37.22563639395364,1)
[1741]: (37.44046555768333,1)
[1742]: (37.31232028646365,1)
[1743]: (37.16704052664804,1)
[1744]: (37.06332365744119,1)
[1745]: (37.24865774900653,1)
[1746]: (37.00925906712278,1)
[1747]: (37.4050187163318,1)
[1748]: (37.70387920042125,1)
[1749]: (37.38680687877055,1)
[1750]: (37.51923510099159,1)
[1751]: (39.29050997246883,1)
[1752]: (37.05854474198239,1)
[1753]: (37.20369853903934,1)
[1754]: (37.41682837715322,1)
[1755]: (37.57828641817001,1)
[1756]: (37.2469849605606,1)
[1757]: (38.08327965059534,1)
[1758]: (38.74676074966588,1)
[1759]: (37.07757173937166,1)
[1760]: (37.00070267287939,1)
[1761]: (37.04398331844641,1)
[1762]: (37.27826174665584,1)
[1763]: (37.42427854482302,1)
[1764]: (37.03849172264461,1)
[1765]: (37.4087855707355,1)
[1766]: (37.23914279786964,1)
[1767]: (37.55920168813704,1)
[1768]: (37.63842998191567,1)
[1769]: (37.29428164194333,1)
[1770]: (37.42632698725438,1)
[1771]: (37.62716494849187,1)
[1772]: (37.45700794607483,1)
[1773]: (37.24345970689762,1)
[1774]: (37.35298166248847,1)
[1775]: (38.48782183613064,1)
[1776]: (37.29127608300538,1)
[1777]: (37.25951809853481,1)
[1778]: (37.09242805117758,1)
[1779]: (37.00729922547851,1)
[1780]: (37.72242558704757,1)
[1781]: (37.09266896517276,1)
[1782]: (37.26861578280881,1)
[1783]: (37.1501371057718,1)
[1784]: (37.23853194429318,1)
[1785]: (37.28181812897393,1)
[1786]: (37.5319466164071,1)
[1787]: (37.54058552468781,1)
[1788]: (37.30112975829027,1)
[1789]: (37.0465574919074,1)
[1790]: (37.0160099691894,1)
[1791]: (37.50953452115969,1)
[1792]: (37.15650266137013,1)
[1793]: (37.03317666629329,1)
[1794]: (37.06344045571772,1)
[1795]: (37.0271922467986,1)
[1796]: (37.07574078254693,1)
[1797]: (38.03475342888753,1)
[1798]: (39.5870058233676,1)
[1799]: (37.45023576827575,1)
[1800]: (37.33624533851195,1)
[1801]: (38.09918929663313,1)
[1802]: (37.01786921716756,1)
[1803]: (37.23432319910722,1)
[1804]: (37.2818750613116,1)
[1805]: (37.6955455208431,1)
[1806]: (37.5283432400339,1)
[1807]: (37.09992928491895,1)
[1808]: (37.14687033327677,1)
[1809]: (38.21354032188841,1)
[1810]: (37.33069466084264,1)
[1811]: (37.0902054776606,1)
[1812]: (37.21341491654947,1)
[1813]: (37.28099002029872,1)
[1814]: (37.34594550801256,1)
[1815]: (37.39323891458754,1)
[1816]: (37.09235624120586,1)
[1817]: (38.02067859266947,1)
[1818]: (37.30256205024842,1)
[1819]: (37.13375101504999,1)
[1820]: (37.34374890116312,1)
[1821]: (37.57245731733651,1)
[1822]: (37.13467955473032,1)
[1823]: (37.16979315837251,1)
[1824]: (37.52694483291172,1)
[1825]: (37.18345001245368,1)
[1826]: (37.30958763190213,1)
[1827]: (37.70796117237374,1)
[1828]: (37.26451948025782,1)
[1829]: (37.16273370874278,1)
[1830]: (37.00852897081987,1)
[1831]: (38.04245932051028,1)
[1832]: (37.08239080968583,1)
[1833]: (37.12315760082591,1)
[1834]: (37.12659329886096,1)
[1835]: (37.24162165854426,1)
[1836]: (37.03199070626891,1)
[1837]: (37.11042940311741,1)
[1838]: (37.04715057862357,1)
[1839]: (37.21347799299421,1)
[1840]: (37.13691703486265,1)
[1841]: (38.08583940392631,1)
[1842]: (37.40519574369296,1)
[1843]: (37.75109208582787,1)
[1844]: (37.16422708367554,1)
[1845]: (37.02525907071509,1)
[1846]: (37.59054280972147,1)
[1847]: (37.44714639375225,1)
[1848]: (37.08719776596873,1)
[1849]: (37.12538606829954,1)
[1850]: (37.74264949166411,1)
[1851]: (37.43328971120973,1)
[1852]: (38.06165097034453,1)
[1853]: (37.00630170394749,1)
[1854]: (37.02412248939877,1)
[1855]: (37.73160391140736,1)
[1856]: (37.21575574130296,1)
[1857]: (37.27677044835989,1)
[1858]: (37.26194197595623,1)
[1859]: (37.10433336590076,1)
[1860]: (37.00803953172065,1)
[1861]: (37.20049863728591,1)
[1862]: (37.25629468730244,1)
[1863]: (37.37846553192188,1)
[1864]: (38.08762498867141,1)
[1865]: (39.08044364183619,1)
[1866]: (37.31558458553134,1)
[1867]: (37.25583315584071,1)
[1868]: (37.59723571993775,1)
[1869]: (37.04423184324496,1)
[1870]: (37.16769756032991,1)
[1871]: (37.37125353635674,1)
[1872]: (37.21838057727165,1)
[1873]: (37.10392796627362,1)
[1874]: (37.35167433144341,1)
[1875]: (39.08608196723623,1)
[1876]: (37.12980140584109,1)
[1877]: (37.08137399656889,1)
[1878]: (37.29048980093161,1)
[1879]: (37.31601789330416,1)
[1880]: (37.42296681887026,1)
[1881]: (37.05248507270436,1)
[1882]: (37.07875836408108,1)
[1883]: (37.25073813318043,1)
[1884]: (37.15430941507872,1)
[1885]: (37.43900098523272,1)
[1886]: (37.2251414777188,1)
[1887]: (37.14253130674485,1)
[1888]: (38.20141115396999,1)
[1889]: (37.5704434847063,1)
[1890]: (37.32884877908079,1)
[1891]: (37.31086256488454,1)
[1892]: (37.04038085597603,1)
[1893]: (38.32521858562221,1)
[1894]: (37.67026664653431,1)
[1895]: (37.2804575124634,1)
[1896]: (37.07150287249354,1)
[1897]: (37.36626455296075,1)
[1898]: (38.01333213917856,1)
[1899]: (37.29501242448737,1)
[1900]: (37.09233375830745,1)
[1901]: (37.13581232833192,1)
[1902]: (37.63362020091729,1)
[1903]: (37.17908196910131,1)
[1904]: (37.20952167821248,1)
[1905]: (37.08595259357374,1)
[1906]: (39.16525313011098,1)
[1907]: (37.244242685232,1)
[1908]: (37.07011894630436,1)
[1909]: (37.14826442591087,1)
[1910]: (37.6423066220941,1)
[1911]: (37.05514833677941,1)
[1912]: (37.0921811713955,1)
[1913]: (37.22245557046,1)
[1914]: (37.68751220843714,1)
[1915]: (37.20208305853791,1)
[1916]: (37.03316058038827,1)
[1917]: (37.06893808099336,1)
[1918]: (37.25152140008422,1)
[1919]: (37.26585748703742,1)
[1920]: (37.0776670916535,1)
[1921]: (37.65332651983663,1)
[1922]: (39.39229994993909,1)
[1923]: (37.8549592141286,1)
[1924]: (37.52953170600296,1)
[1925]: (37.25052390568478,1)
[1926]: (37.02702430296401,1)
[1927]: (37.05508237239843,1)
[1928]: (38.39766779386955,1)
[1929]: (40.17422720888161,1)
[1930]: (37.04503328327052,1)
[1931]: (37.01255760655594,1)
[1932]: (37.42010005712434,1)
[1933]: (37.16372800003311,1)
[1934]: (38.09686756491822,1)
[1935]: (38.12911721143266,1)
[1936]: (37.09988390845672,1)
[1937]: (37.39706512026781,1)
[1938]: (37.07702593625416,1)
[1939]: (37.10135533260753,1)
[1940]: (37.4128802664472,1)
[1941]: (37.1378524047925,1)
[1942]: (37.25761073061198,1)
[1943]: (37.03400402831883,1)
[1944]: (37.56748762747426,1)
[1945]: (37.2000170706578,1)
[1946]: (37.28052398151412,1)
[1947]: (37.34379105011685,1)
[1948]: (37.1087762531544,1)
[1949]: (37.02844325337735,1)
[1950]: (37.43689019042575,1)
[1951]: (37.19071047616382,1)
[1952]: (37.12773977526575,1)
[1953]: (37.42736784540234,1)
[1954]: (37.02718030494689,1)
[1955]: (37.1781927673988,1)
[1956]: (37.48370732574091,1)
[1957]: (37.02009026275992,1)
[1958]: (37.30224370313013,1)
[1959]: (37.06891022650483,1)
[1960]: (37.48632110433888,1)
[1961]: (37.07844664736398,1)
[1962]: (37.12667367208008,1)
[1963]: (37.01401071047143,1)
[1964]: (37.19495934540151,1)
[1965]: (37.35065250781032,1)
[1966]: (37.09183325582256,1)
[1967]: (37.36252534623475,1)
[1968]: (37.03692168075237,1)
[1969]: (37.1899838020101,1)
[1970]: (37.29095500379591,1)
[1971]: (37.05314473168779,1)
[1972]: (37.5357410825142,1)
[1973]: (37.38184584451853,1)
[1974]: (37.46869006654796,1)
[1975]: (37.36296108418565,1)
[1976]: (38.48881623231674,1)
[1977]: (37.07047627842828,1)
[1978]: (37.48431478161925,1)
[1979]: (37.12192418553196,1)
[1980]: (37.27200196995017,1)
[1981]: (37.08874881132913,1)
[1982]: (37.09004072851568,1)
[1983]: (37.10197116029583,1)
[1984]: (37.02010607653408,1)
[1985]: (38.12197076463558,1)
[1986]: (37.15796606657587,1)
[1987]: (37.23347679528896,1)
[1988]: (37.09624393609995,1)
[1989]: (37.53493495158243,1)
[1990]: (37.0065502516825,1)
[1991]: (37.40912182054445,1)
[1992]: (37.0283297842159,1)
[1993]: (37.21264880970841,1)
[1994]: (38.29683226945299,1)
[1995]: (37.70100792517471,1)
[1996]: (37.05613826359833,1)
[1997]: (37.06121083396368,1)
[1998]: (37.13632854967041,1)
[1999]: (37.08349664817409,1)
 -- States explored : 0 states
 -- CPU user time used : 14550 ms
 -- Virtual memory used : 866944 KiB
 -- Resident memory used : 828508 KiB
executionTime: 103
