core file size          (blocks, -c) unlimited
data seg size           (kbytes, -d) unlimited
scheduling priority             (-e) 0
file size               (blocks, -f) unlimited
pending signals                 (-i) 4077086
max locked memory       (kbytes, -l) 64
max memory size         (kbytes, -m) 32505856
open files                      (-n) 4096
pipe size            (512 bytes, -p) 8
POSIX message queues     (bytes, -q) 819200
real-time priority              (-r) 0
stack size              (kbytes, -s) 8192
cpu time               (seconds, -t) unlimited
max user processes              (-u) 4077086
virtual memory          (kbytes, -v) 31000000
file locks                      (-x) unlimited
Options for the verification:
  Generating some trace
  Search order is random depth first
  Using conservative space optimisation
  Seed is 1556637264
  State space representation uses minimal constraint systems
  Using HashMap + Compress integers for discrete state storage

Verifying formula 1 at ../queries/SN_50_26_4.q:1
 -- Formula is satisfied.
(9000 runs)
Learning statistics for best strategy: 
	Number of resets: 0
	Number of iterations in last reset: 24
	Number of iterations in total: 24

 -- States explored : 0 states
 -- CPU user time used : 49960 ms
 -- Virtual memory used : 565608 KiB
 -- Resident memory used : 527328 KiB

Verifying formula 2 at ../queries/SN_50_26_4.q:2
 -- Formula is satisfied.
Composer.Done:
[0]: (0,0) (146.5446140055891,1)
[1]: (158.1076714707601,1)
[2]: (148.1512227782355,1)
[3]: (156.7788969753182,1)
[4]: (145.2153153595758,1)
[5]: (138.1780551620797,1)
[6]: (149.7409827233925,1)
[7]: (138.3596648454788,1)
[8]: (138.2561372961877,1)
[9]: (150.3697786975566,1)
[10]: (145.0955312298151,1)
[11]: (138.5356535606213,1)
[12]: (147.0275893024913,1)
[13]: (151.3909556434125,1)
[14]: (138.2338636372886,1)
[15]: (145.3665996722881,1)
[16]: (152.2628446790303,1)
[17]: (139.4058138452217,1)
[18]: (148.6024503369445,1)
[19]: (138.0214243894828,1)
[20]: (139.4771010593533,1)
[21]: (146.7146302017503,1)
[22]: (147.3613293054608,1)
[23]: (151.0056753405937,1)
[24]: (143.0205997540355,1)
[25]: (139.1324349209615,1)
[26]: (139.0221315343273,1)
[27]: (147.3072675557947,1)
[28]: (149.0294972897207,1)
[29]: (145.5415937611768,1)
[30]: (148.4404605164268,1)
[31]: (151.588328611387,1)
[32]: (156.0555113728596,1)
[33]: (138.7195842086126,1)
[34]: (138.8269154354615,1)
[35]: (144.023629040696,1)
[36]: (143.1565921699614,1)
[37]: (138.1195689283057,1)
[38]: (141.1978189131713,1)
[39]: (149.6290754843697,1)
[40]: (138.5243009528625,1)
[41]: (138.4110362935772,1)
[42]: (138.4514064611288,1)
[43]: (138.9320125054501,1)
[44]: (145.0750065386422,1)
[45]: (138.1789841902629,1)
[46]: (138.5725778544385,1)
[47]: (138.1815942502552,1)
[48]: (138.2514963210101,1)
[49]: (155.0026464975265,1)
[50]: (138.2140292969133,1)
[51]: (151.29429995789,1)
[52]: (141.327363573856,1)
[53]: (144.0628087099247,1)
[54]: (149.0474587558216,1)
[55]: (148.4525702206917,1)
[56]: (148.0404167739471,1)
[57]: (149.0214272454001,1)
[58]: (138.1363515523693,1)
[59]: (146.7009217160052,1)
[60]: (145.3991378795312,1)
[61]: (147.0470069502042,1)
[62]: (145.3865983899051,1)
[63]: (138.0547139700882,1)
[64]: (138.1309076115702,1)
[65]: (138.2437966286771,1)
[66]: (146.2082241173383,1)
[67]: (148.1120153366186,1)
[68]: (138.5232549158564,1)
[69]: (151.7563143932011,1)
[70]: (143.2177902907315,1)
[71]: (138.2411818149567,1)
[72]: (138.1921920266659,1)
[73]: (138.0714223467574,1)
[74]: (142.0506610014101,1)
[75]: (138.2913223573538,1)
[76]: (149.2222118600293,1)
[77]: (150.0900868768591,1)
[78]: (150.8582901113308,1)
[79]: (138.5219908757068,1)
[80]: (153.3298750242486,1)
[81]: (152.0450232951788,1)
[82]: (138.0324511008882,1)
[83]: (141.3114679276968,1)
[84]: (153.6221786466152,1)
[85]: (151.0655144256924,1)
[86]: (138.2136486975166,1)
[87]: (152.8847326907205,1)
[88]: (141.0486964482785,1)
[89]: (153.1333215778274,1)
[90]: (138.0607889591776,1)
[91]: (146.7049347038114,1)
[92]: (138.4126277662208,1)
[93]: (146.5279782512292,1)
[94]: (146.0392602884135,1)
[95]: (138.0502638016004,1)
[96]: (148.4473000912048,1)
[97]: (149.103798583223,1)
[98]: (150.2841164016138,1)
[99]: (138.1524367081878,1)
[100]: (138.2196003049709,1)
[101]: (138.1346849498454,1)
[102]: (138.4258821349311,1)
[103]: (143.1022658077361,1)
[104]: (152.2056530297748,1)
[105]: (138.6206563233027,1)
[106]: (138.1984961960068,1)
[107]: (138.3601803836708,1)
[108]: (150.2455515363755,1)
[109]: (138.0992128731594,1)
[110]: (142.1582832768843,1)
[111]: (148.2090836588894,1)
[112]: (138.047555854749,1)
[113]: (138.4074823618797,1)
[114]: (155.6334315795479,1)
[115]: (153.2568894137625,1)
[116]: (138.6857014724281,1)
[117]: (156.4653242728091,1)
[118]: (149.2871462363037,1)
[119]: (138.2735309745599,1)
[120]: (149.2844993956246,1)
[121]: (144.3672098932202,1)
[122]: (138.7568296445645,1)
[123]: (139.1275343108846,1)
[124]: (138.068350163004,1)
[125]: (138.1567562617127,1)
[126]: (145.2445580610359,1)
[127]: (147.2171604811876,1)
[128]: (145.335437601865,1)
[129]: (146.1532252255221,1)
[130]: (152.5124764960085,1)
[131]: (138.0330070473585,1)
[132]: (150.4355484253707,1)
[133]: (138.4995931758682,1)
[134]: (138.2444409700654,1)
[135]: (147.0752293606008,1)
[136]: (143.3019316183321,1)
[137]: (138.7177811837799,1)
[138]: (139.1683940181034,1)
[139]: (138.2669981687545,1)
[140]: (138.205077723429,1)
[141]: (142.8863244230929,1)
[142]: (138.496183566677,1)
[143]: (155.1599076838564,1)
[144]: (152.1706330218482,1)
[145]: (138.8784951976279,1)
[146]: (145.1040819110443,1)
[147]: (150.3278160299872,1)
[148]: (150.2586229304925,1)
[149]: (139.5786496221015,1)
[150]:
[151]: (141.6932324976657,1)
[152]: (143.4572398676538,1)
[153]: (150.7140840802464,1)
[154]: (138.1089830927912,1)
[155]: (148.0626187919716,1)
[156]: (138.868713779252,1)
[157]: (138.0957628078393,1)
[158]: (141.0467546949163,1)
[159]: (146.6748388951373,1)
[160]: (138.377673421637,1)
[161]: (138.4290770613115,1)
[162]: (150.6782635127498,1)
[163]: (138.9265885016757,1)
[164]: (141.3882568683827,1)
[165]: (141.4173166930164,1)
[166]: (144.2145802658507,1)
[167]: (138.0556119150188,1)
[168]: (141.0414842467259,1)
[169]: (139.0248155615467,1)
[170]: (139.0552995749122,1)
[171]: (139.7160099152678,1)
[172]: (150.8517145495715,1)
[173]: (138.8075028255399,1)
[174]: (138.0917161629021,1)
[175]: (138.3914631773795,1)
[176]: (138.1441828379946,1)
[177]: (138.2762726958238,1)
[178]: (138.3733470237709,1)
[179]: (138.750708095716,1)
[180]: (138.1250560894106,1)
[181]: (145.1186975297319,1)
[182]: (138.496755429347,1)
[183]: (138.0805529390226,1)
[184]: (138.1133200815854,1)
[185]: (154.8811307533318,1)
[186]: (138.2427176411649,1)
[187]: (138.5793759402468,1)
[188]: (138.1299462853962,1)
[189]: (143.10739245843,1)
[190]: (143.0689397537381,1)
[191]: (146.0672318921131,1)
[192]: (138.4091525775461,1)
[193]: (148.207513607186,1)
[194]: (138.0437857507816,1)
[195]: (138.6540166839486,1)
[196]: (151.3711696661343,1)
[197]: (155.1719067603696,1)
[198]: (138.1637549235547,1)
[199]: (138.4382837916299,1)
[200]: (145.5432517011028,1)
[201]: (145.0312789554975,1)
[202]: (141.0969613131106,1)
[203]: (139.0674181095749,1)
[204]: (139.4525024750026,1)
[205]: (143.0941261708443,1)
[206]: (138.0836550787862,1)
[207]: (147.4783834231544,1)
[208]: (138.2404988373293,1)
[209]: (138.0441631574649,1)
[210]: (141.1108771044131,1)
[211]: (148.0847595731264,1)
[212]: (138.4631761495117,1)
[213]: (149.0280773231028,1)
[214]: (148.1613725153438,1)
[215]: (148.6330313236626,1)
[216]: (138.337876982424,1)
[217]: (150.121968133863,1)
[218]: (138.0510697058554,1)
[219]: (149.0279378833666,1)
[220]: (138.4222450106032,1)
[221]:
[222]: (149.1089237556623,1)
[223]: (143.0694533182207,1)
[224]: (144.224067263989,1)
[225]: (153.0193992528746,1)
[226]: (148.3102840602788,1)
[227]: (138.9486742601815,1)
[228]: (138.2364051216569,1)
[229]: (150.7430581943034,1)
[230]: (146.07666866136,1)
[231]: (138.4722643046634,1)
[232]: (138.108045127782,1)
[233]: (138.0569826174074,1)
[234]: (138.8457855928186,1)
[235]: (152.0805383077116,1)
[236]: (153.8215067087665,1)
[237]:
[238]: (147.2725621369662,1)
[239]: (143.6216036134052,1)
[240]: (138.6380525951056,1)
[241]: (138.1579181226128,1)
[242]: (151.1290553163608,1)
[243]: (140.1580076538845,1)
[244]: (147.276554931515,1)
[245]: (138.6790469946807,1)
[246]: (138.1484336756679,1)
[247]: (147.1275083727882,1)
[248]: (143.1539856954185,1)
[249]: (145.0333885039754,1)
[250]: (152.5157313620572,1)
[251]: (152.2423951344628,1)
[252]: (138.0964059247424,1)
[253]: (148.0721308421564,1)
[254]: (139.6062881985746,1)
[255]: (138.2034084051374,1)
[256]: (142.5995430428048,1)
[257]: (148.0850698975606,1)
[258]: (148.3030851932085,1)
[259]: (138.3389824665047,1)
[260]: (138.1028228311957,1)
[261]:
[262]: (147.1214235350008,1)
[263]: (148.165898600007,1)
[264]: (138.0808591569321,1)
[265]: (139.0007725820876,1)
[266]: (139.4421840050234,1)
[267]: (138.0473596968612,1)
[268]: (138.1254466287569,1)
[269]: (151.3044977146996,1)
[270]: (138.084827669617,1)
[271]: (143.0650414048334,1)
[272]: (141.0468812917948,1)
[273]: (145.1354339097435,1)
[274]: (141.0072720797909,1)
[275]: (141.3904025432894,1)
[276]: (154.0799235920709,1)
[277]: (148.2278348867753,1)
[278]: (138.1248939731092,1)
[279]: (146.0606111078103,1)
[280]: (141.9324333715973,1)
[281]: (144.1070517694989,1)
[282]: (147.049709329206,1)
[283]: (149.4015425175305,1)
[284]: (138.1271821124724,1)
[285]: (149.3544712643697,1)
[286]: (147.2952009192678,1)
[287]: (150.6515074243715,1)
[288]: (143.2698864377548,1)
[289]: (138.1006057126891,1)
[290]: (138.0368731480324,1)
[291]: (151.0591570379179,1)
[292]: (138.1147623051665,1)
[293]: (145.3469041144643,1)
[294]: (138.0105499702485,1)
[295]: (149.0005507357164,1)
[296]: (144.2656077318317,1)
[297]: (138.4968494516682,1)
[298]: (148.2137790707709,1)
[299]: (152.2846584663174,1)
[300]: (149.1588342511049,1)
[301]: (138.6837157155026,1)
[302]: (139.3142695963517,1)
[303]: (141.0739232461042,1)
[304]: (141.0472427720978,1)
[305]: (138.1265966521003,1)
[306]: (141.316856754852,1)
[307]: (152.9142342108296,1)
[308]: (138.8286580885318,1)
[309]: (138.2081957461882,1)
[310]: (138.5138979932645,1)
[311]: (143.5942930687688,1)
[312]: (144.1710804766046,1)
[313]: (138.1771702492568,1)
[314]: (138.2193719066037,1)
[315]: (153.1369281874129,1)
[316]: (146.0560603712668,1)
[317]: (138.3899728691573,1)
[318]: (145.7631399576477,1)
[319]: (138.591247744293,1)
[320]: (138.3200065744667,1)
[321]: (138.4896893786806,1)
[322]: (138.2044745412915,1)
[323]: (145.0133207109752,1)
[324]: (143.0160387541407,1)
[325]: (142.017700368777,1)
[326]: (145.1791430492264,1)
[327]: (145.3224821484044,1)
[328]: (138.1588005292597,1)
[329]: (144.6852655142624,1)
[330]: (138.094365165123,1)
[331]: (149.0761751387559,1)
[332]: (146.0059724859595,1)
[333]: (153.259612542552,1)
[334]: (148.2112101980632,1)
[335]: (153.5752227818777,1)
[336]: (138.7746480585314,1)
[337]: (153.0265648075371,1)
[338]: (143.0774446555169,1)
[339]: (144.3786995467569,1)
[340]: (139.1730407008678,1)
[341]: (138.1021760707643,1)
[342]: (144.4020494088233,1)
[343]: (138.2705972511171,1)
[344]: (142.4328526862305,1)
[345]: (146.0140427321814,1)
[346]: (145.8621329108221,1)
[347]: (138.4263030662529,1)
[348]: (152.0375005509477,1)
[349]: (148.5119564095832,1)
[350]:
[351]: (153.2775130694792,1)
[352]: (144.2697640279499,1)
[353]: (138.1216045977816,1)
[354]: (148.0608757904149,1)
[355]: (148.1919675651439,1)
[356]: (141.6134070875945,1)
[357]: (138.2934015595157,1)
[358]: (138.2529940720393,1)
[359]: (138.2289200202114,1)
[360]: (138.1168808518194,1)
[361]: (154.063428334409,1)
[362]: (145.1012900396507,1)
[363]: (138.4327835143841,1)
[364]: (153.072426452538,1)
[365]: (141.1081920380735,1)
[366]: (138.4818670714816,1)
[367]: (151.0912012321837,1)
[368]: (138.3631946027542,1)
[369]: (139.4544207808954,1)
[370]: (146.0041443242617,1)
[371]: (147.2095983900167,1)
[372]: (138.8400901815861,1)
[373]: (152.0727352948787,1)
[374]: (144.0536316485225,1)
[375]: (138.0580276697339,1)
[376]: (141.0737478437804,1)
[377]: (138.1377450581917,1)
[378]: (141.0238991850563,1)
[379]: (138.0227933877458,1)
[380]: (144.2184999949286,1)
[381]: (138.4781308716263,1)
[382]: (138.3275883217226,1)
[383]: (138.7644245898898,1)
[384]: (154.343811179739,1)
[385]: (138.2360680745088,1)
[386]: (148.041979220999,1)
[387]: (138.4159419250384,1)
[388]: (156.265163081338,1)
[389]: (138.2654566593714,1)
[390]: (157.5508061467077,1)
[391]: (138.013494992514,1)
[392]: (138.3603532359721,1)
[393]: (156.1527081056675,1)
[394]: (145.1832758857237,1)
[395]: (138.0144840654185,1)
[396]: (146.5037062547759,1)
[397]: (138.863398335663,1)
[398]: (138.7642891986874,1)
[399]: (154.1073569069145,1)
[400]: (138.5832928745918,1)
[401]: (145.1084775240896,1)
[402]: (138.2972904258955,1)
[403]: (138.1655799329088,1)
[404]: (138.5192238566173,1)
[405]: (141.7194875967144,1)
[406]: (143.4476587085636,1)
[407]: (149.2901504075696,1)
[408]: (147.6489051412013,1)
[409]: (146.6275110063962,1)
[410]: (138.9551468410359,1)
[411]: (138.3898488027266,1)
[412]: (151.0964728454287,1)
[413]: (143.1780152173332,1)
[414]: (150.1413990917889,1)
[415]: (147.1110766652083,1)
[416]: (141.0080163284432,1)
[417]: (141.4616233707146,1)
[418]: (147.0254634537996,1)
[419]: (148.3035319168395,1)
[420]: (150.6347861531475,1)
[421]: (138.6682119199718,1)
[422]: (151.3839581944896,1)
[423]: (138.8625435452772,1)
[424]: (146.1100311952471,1)
[425]: (150.0782501129151,1)
[426]: (139.5542816508346,1)
[427]: (148.0016572819971,1)
[428]: (148.3607529380372,1)
[429]: (144.2929693900371,1)
[430]: (138.4411731134059,1)
[431]: (146.3680022826506,1)
[432]: (139.0840361412865,1)
[433]: (138.1884397668615,1)
[434]: (138.4175611062402,1)
[435]: (138.5236324825647,1)
[436]: (138.1474647504897,1)
[437]: (149.1123507737637,1)
[438]: (138.4523757192282,1)
[439]: (138.3975349362322,1)
[440]: (138.6586748412532,1)
[441]: (138.1163197927913,1)
[442]: (138.1381466442444,1)
[443]: (138.7482025712504,1)
[444]: (148.8521231315713,1)
[445]: (138.1964293472853,1)
[446]: (145.0006859224007,1)
[447]: (141.1665312914025,1)
[448]: (138.2091962987706,1)
[449]: (138.0109531883965,1)
[450]: (148.2726296415298,1)
[451]: (147.3628534878849,1)
[452]: (148.0634286968013,1)
[453]: (149.4590738972627,1)
[454]: (148.1079436931936,1)
[455]: (145.397822236913,1)
[456]: (138.2335699636037,1)
[457]: (138.0403905572774,1)
[458]: (138.3303812574808,1)
[459]: (145.4370415479737,1)
[460]: (138.1419027638495,1)
[461]: (139.0245853755817,1)
[462]: (141.0814857752014,1)
[463]: (138.5842227746109,1)
[464]: (141.0280786311951,1)
[465]: (147.1061468572771,1)
[466]: (138.0875603520814,1)
[467]: (138.7986677483751,1)
[468]: (138.0522108066345,1)
[469]: (152.1930518324657,1)
[470]: (138.2747982487154,1)
[471]: (138.0535983215031,1)
[472]: (138.0544206659541,1)
[473]: (149.1047687618685,1)
[474]: (148.2040226594469,1)
[475]: (144.1405206145226,1)
[476]: (138.6590630943057,1)
[477]: (150.29148629743,1)
[478]: (150.9448381120133,1)
[479]: (138.1910626858379,1)
[480]: (138.3146242413282,1)
[481]: (146.2716816219263,1)
[482]: (146.8927568869469,1)
[483]: (138.4344170958773,1)
[484]: (145.0686559330188,1)
[485]: (138.2030449213081,1)
[486]: (138.0497120563724,1)
[487]: (145.9832155088806,1)
[488]: (141.0154479075194,1)
[489]: (141.361579727534,1)
[490]: (138.0378306715595,1)
[491]: (144.2649629328684,1)
[492]: (138.0856077072399,1)
[493]: (138.188244063217,1)
[494]: (138.3221311257772,1)
[495]: (151.0598024842984,1)
[496]: (138.1439552588147,1)
[497]: (152.1416111588549,1)
[498]: (152.1996466586108,1)
[499]: (146.1323192006982,1)
[500]: (138.0528171470675,1)
[501]: (138.6555950929728,1)
[502]: (150.2774856018084,1)
[503]: (141.0315742827307,1)
[504]: (138.5140186869743,1)
[505]: (138.4939051984375,1)
[506]: (150.0771751799376,1)
[507]: (143.2500491808348,1)
[508]: (153.1621640282799,1)
[509]: (138.4649520485247,1)
[510]: (148.0811152418803,1)
[511]: (138.0519713525549,1)
[512]: (138.0351537673818,1)
[513]: (138.1242847921653,1)
[514]: (138.0783804508802,1)
[515]: (154.3910615708788,1)
[516]: (138.4901349851577,1)
[517]: (138.6514046941858,1)
[518]: (138.4735678105555,1)
[519]: (147.0389559829538,1)
[520]: (152.2060923567371,1)
[521]: (138.4534154576311,1)
[522]: (154.2009916795582,1)
[523]: (148.5124096155092,1)
[524]: (138.1996761266922,1)
[525]: (149.0421750369287,1)
[526]: (138.4254336590636,1)
[527]: (138.5446335952143,1)
[528]: (146.2203294188855,1)
[529]: (149.9529589718069,1)
[530]: (138.3071735454888,1)
[531]: (138.0039326982528,1)
[532]: (138.0127102385403,1)
[533]: (151.0915745505694,1)
[534]: (138.1807641373637,1)
[535]: (138.0143498791837,1)
[536]: (150.0836153291746,1)
[537]: (145.2640778669883,1)
[538]: (151.0979856949943,1)
[539]: (138.2263339108976,1)
[540]: (148.0713381296786,1)
[541]: (138.3027803117559,1)
[542]: (139.5321366005964,1)
[543]: (143.0745202555671,1)
[544]: (138.4822120827791,1)
[545]: (138.3219773453563,1)
[546]: (138.0985333498578,1)
[547]: (140.8477705306341,1)
[548]: (148.3379173397586,1)
[549]: (138.1189685789404,1)
[550]: (138.3485339029043,1)
[551]: (143.3105378306585,1)
[552]: (148.03113486328,1)
[553]: (138.0518101197035,1)
[554]: (153.2233769286681,1)
[555]: (147.0750947413516,1)
[556]: (139.6349302630628,1)
[557]: (152.8855929084683,1)
[558]: (138.0945676716727,1)
[559]: (138.1240418411552,1)
[560]: (138.4141713456131,1)
[561]: (138.006298374337,1)
[562]: (139.2543286389538,1)
[563]: (138.5222065484327,1)
[564]: (138.1840155590907,1)
[565]: (141.2175168575863,1)
[566]: (138.2245693144957,1)
[567]: (143.0898271082817,1)
[568]: (152.2368794936878,1)
[569]: (146.0240882021341,1)
[570]: (138.4440844583272,1)
[571]: (146.1063020544011,1)
[572]: (138.048400341122,1)
[573]: (144.0296661646749,1)
[574]: (138.0902757619645,1)
[575]: (138.060631410448,1)
[576]: (148.253297992039,1)
[577]: (150.2338311095587,1)
[578]: (138.0893746220801,1)
[579]: (148.2154740460085,1)
[580]: (153.2802227708138,1)
[581]: (148.1366713545304,1)
[582]: (138.1070954260628,1)
[583]: (153.0730297280199,1)
[584]: (138.2010226715533,1)
[585]: (139.6656697100044,1)
[586]: (158.8789924609472,1)
[587]: (138.2065626579643,1)
[588]: (140.2205341011152,1)
[589]: (138.1873710283112,1)
[590]: (146.1091729180812,1)
[591]: (148.3267661744691,1)
[592]: (158.1885534528977,1)
[593]: (138.2891277743981,1)
[594]: (146.2211673321022,1)
[595]: (158.4672855900815,1)
[596]: (139.1359118719819,1)
[597]: (144.1584380998817,1)
[598]: (144.1387063779976,1)
[599]: (150.1791246563864,1)
[600]: (138.0600435786064,1)
[601]: (149.1638114067732,1)
[602]: (147.2740580560339,1)
[603]: (138.4548554774156,1)
[604]: (138.0985529772614,1)
[605]: (145.5797316808528,1)
[606]: (138.1981493331087,1)
[607]: (138.0658972475329,1)
[608]: (138.6956467533573,1)
[609]: (138.0601378392916,1)
[610]: (153.172427123408,1)
[611]: (138.4238295853361,1)
[612]: (149.0027115340781,1)
[613]: (144.5497276367185,1)
[614]: (138.1781355766174,1)
[615]: (138.2460799622832,1)
[616]: (148.5800366373586,1)
[617]: (155.2748015294247,1)
[618]: (147.5978197709116,1)
[619]: (138.369459496325,1)
[620]: (138.7252436228883,1)
[621]: (152.0634438854105,1)
[622]: (138.3838987445311,1)
[623]: (148.4909687719143,1)
[624]: (144.0576990316106,1)
[625]: (138.6638187134006,1)
[626]: (138.049166250371,1)
[627]: (138.6855929363155,1)
[628]: (138.0971944962417,1)
[629]: (155.0057499546983,1)
[630]: (138.4854428741707,1)
[631]: (138.1498296829997,1)
[632]: (138.0298913439311,1)
[633]: (138.4382603183927,1)
[634]: (143.3706300847218,1)
[635]: (147.0867088268242,1)
[636]: (139.1977555622979,1)
[637]: (148.0623214809678,1)
[638]: (153.0296146790226,1)
[639]: (138.4531925501371,1)
[640]:
[641]: (139.1494890610903,1)
[642]: (143.8563153065668,1)
[643]: (148.0372650429989,1)
[644]: (146.3066765501309,1)
[645]: (149.3977925861348,1)
[646]: (138.3509992472295,1)
[647]: (138.6832337219137,1)
[648]: (146.4153029663323,1)
[649]: (141.0820674442707,1)
[650]: (148.3457098315349,1)
[651]: (138.3524221325478,1)
[652]: (138.7172701607675,1)
[653]: (144.0336493618207,1)
[654]: (138.1193660676188,1)
[655]: (150.4255738298134,1)
[656]: (146.3472325584632,1)
[657]: (143.0023065711543,1)
[658]: (141.3504066892166,1)
[659]: (138.5087648726669,1)
[660]: (148.2074160162815,1)
[661]: (151.0730693234292,1)
[662]: (147.1590059786108,1)
[663]: (138.1759307060173,1)
[664]: (144.5207300465486,1)
[665]: (138.3360621681983,1)
[666]: (138.0139235981025,1)
[667]: (142.3323580862773,1)
[668]: (153.3988288299762,1)
[669]: (149.1894936239134,1)
[670]: (138.1934871167395,1)
[671]: (139.0368974493661,1)
[672]: (138.4660021884044,1)
[673]: (152.3393233729358,1)
[674]: (151.1606514149264,1)
[675]: (138.7269573544666,1)
[676]: (138.0199983467026,1)
[677]: (138.0038998937429,1)
[678]: (143.3242867214756,1)
[679]: (141.3330193756552,1)
[680]: (141.2522998361703,1)
[681]: (138.2383776659821,1)
[682]: (153.7855332253776,1)
[683]: (148.8185780607464,1)
[684]: (138.4083653677578,1)
[685]: (148.1628515330528,1)
[686]: (154.2334917208289,1)
[687]: (147.3021405385365,1)
[688]: (138.163517568223,1)
[689]: (149.2959354680138,1)
[690]: (150.0560399169217,1)
[691]: (143.179905891309,1)
[692]: (138.1376918026803,1)
[693]: (138.0986865054063,1)
[694]: (159.1232606382987,1)
[695]: (138.4590748440463,1)
[696]: (141.9995555589456,1)
[697]: (138.2745950135443,1)
[698]: (146.1754741697067,1)
[699]: (152.0302842211362,1)
[700]: (143.2443372998316,1)
[701]: (138.1205003956259,1)
[702]: (139.0181254540161,1)
[703]: (145.4182201181798,1)
[704]: (147.0477919896782,1)
[705]: (149.2743106493112,1)
[706]: (146.0309886401617,1)
[707]: (138.4888633966935,1)
[708]: (138.0166285486691,1)
[709]: (141.3243462860116,1)
[710]: (146.9470971921496,1)
[711]: (147.0978581994667,1)
[712]: (139.1809874441088,1)
[713]: (152.7775450063582,1)
[714]: (151.1523666627134,1)
[715]: (146.0169024636938,1)
[716]: (139.4043960489427,1)
[717]: (138.1092014374695,1)
[718]: (148.0755978502615,1)
[719]: (141.4839154608981,1)
[720]: (144.2402864793999,1)
[721]: (138.8793479296764,1)
[722]: (148.3067855856192,1)
[723]: (141.0104913763467,1)
[724]: (141.0053274374226,1)
[725]: (138.2206056844026,1)
[726]: (138.4520007077087,1)
[727]: (138.6726362015437,1)
[728]: (138.9682807604414,1)
[729]: (147.1369100747738,1)
[730]: (138.0183307481694,1)
[731]: (150.4138081552913,1)
[732]: (151.3086573258916,1)
[733]: (142.0526695741615,1)
[734]: (151.3851165367054,1)
[735]: (141.0191659405317,1)
[736]: (153.7042260060521,1)
[737]: (150.1566681945083,1)
[738]: (146.3239597399919,1)
[739]: (148.3201199406949,1)
[740]: (138.0333532805321,1)
[741]: (141.3017442617676,1)
[742]: (145.7134157142322,1)
[743]: (143.2376157994088,1)
[744]: (147.1413049358146,1)
[745]: (138.3142059362457,1)
[746]: (138.0337353884144,1)
[747]: (143.186382501462,1)
[748]: (138.1605132092086,1)
[749]: (147.1839225401495,1)
[750]: (138.0972205997367,1)
[751]: (139.1077339205243,1)
[752]: (152.8293364450454,1)
[753]: (150.1826825738427,1)
[754]: (138.0240388756574,1)
[755]: (146.1133479566328,1)
[756]: (148.2828923277791,1)
[757]: (144.3431588130046,1)
[758]: (139.1167753808432,1)
[759]: (138.0224435234818,1)
[760]: (143.2990085725235,1)
[761]: (139.3405381581879,1)
[762]: (139.294661606825,1)
[763]: (138.1353198432753,1)
[764]: (138.4681330608826,1)
[765]: (138.338809285379,1)
[766]: (147.5331351571672,1)
[767]: (139.3734301143926,1)
[768]: (150.0718224647113,1)
[769]: (145.0965284695565,1)
[770]: (151.7033222363822,1)
[771]: (138.788544941891,1)
[772]: (138.2362852292318,1)
[773]: (138.3137053662584,1)
[774]: (143.1810407169691,1)
[775]: (149.2210159457412,1)
[776]: (138.1756948456624,1)
[777]: (143.0538251895703,1)
[778]: (146.0336494961988,1)
[779]: (139.7068243254172,1)
[780]: (138.7248567981165,1)
[781]: (138.0060656531035,1)
[782]: (148.3869318897051,1)
[783]: (141.0995350051177,1)
[784]: (138.3103315904646,1)
[785]: (138.5164990947022,1)
[786]: (138.3124356093334,1)
[787]: (138.1980166420499,1)
[788]: (139.3545526785574,1)
[789]: (147.489158951697,1)
[790]: (138.0291254986052,1)
[791]: (139.3265194899549,1)
[792]: (149.2828964956595,1)
[793]: (138.1215748627802,1)
[794]: (145.1573534822297,1)
[795]: (138.2135083239309,1)
[796]: (138.0219786280829,1)
[797]: (138.0390512744272,1)
[798]: (145.1214658410364,1)
[799]: (148.3014302001152,1)
[800]: (138.5249947768563,1)
[801]: (138.5407718857113,1)
[802]: (139.2713210411428,1)
[803]: (148.1704914767539,1)
[804]: (139.0968929074426,1)
[805]: (145.1557948181328,1)
[806]: (152.5001224227497,1)
[807]: (138.4470256354412,1)
[808]: (138.4778517990898,1)
[809]: (144.2632695916844,1)
[810]: (138.0540514580577,1)
[811]: (138.0496327496351,1)
[812]: (150.1799652777633,1)
[813]: (138.1403571285358,1)
[814]: (138.4635648513984,1)
[815]: (142.2053415080625,1)
[816]: (142.0564815568721,1)
[817]: (146.2488597616192,1)
[818]: (148.1462772602488,1)
[819]: (159.2656661562718,1)
[820]: (138.9950697916541,1)
[821]: (143.169475095134,1)
[822]: (149.3142112683307,1)
[823]: (153.7797969103132,1)
[824]: (143.8074535039819,1)
[825]: (138.0080620311468,1)
[826]: (140.8453204226346,1)
[827]: (150.5888749301928,1)
[828]: (138.4521030073597,1)
[829]: (138.6982261224858,1)
[830]: (141.118338558246,1)
[831]: (138.0055181633321,1)
[832]: (143.4676882509093,1)
[833]: (143.4329623006709,1)
[834]: (145.4052813649307,1)
[835]: (146.066833261318,1)
[836]: (138.1593424208985,1)
[837]: (150.1629333233361,1)
[838]: (138.5391718108154,1)
[839]: (138.0380374998621,1)
[840]: (138.0708958127578,1)
[841]: (153.0724457540357,1)
[842]: (146.4172646928709,1)
[843]: (138.0243305147562,1)
[844]: (138.1455443303613,1)
[845]: (147.0482251033984,1)
[846]: (138.2247090575401,1)
[847]: (138.2017189684944,1)
[848]: (146.1508057825383,1)
[849]: (149.3233469451129,1)
[850]: (138.3279034479255,1)
[851]: (148.7495504517248,1)
[852]: (153.5517113966483,1)
[853]: (143.3441674758616,1)
[854]: (148.2943738362935,1)
[855]: (138.1510019753223,1)
[856]: (138.3313166923796,1)
[857]: (145.4591613346339,1)
[858]: (145.5187420016903,1)
[859]: (138.7111716190553,1)
[860]: (141.4042190391215,1)
[861]: (149.222756198955,1)
[862]: (138.0378106378562,1)
[863]: (149.4057018589492,1)
[864]: (157.0531939795064,1)
[865]: (138.1483521615026,1)
[866]: (138.7866548405728,1)
[867]: (151.6251922368099,1)
[868]: (148.0810603205464,1)
[869]: (149.1033565544076,1)
[870]: (138.427695799269,1)
[871]: (146.3093982794665,1)
[872]: (145.2653379161252,1)
[873]: (152.3706408733154,1)
[874]: (138.2625708329954,1)
[875]: (148.0738371780504,1)
[876]: (141.2631564075993,1)
[877]: (138.1913121969791,1)
[878]: (141.2844962803582,1)
[879]: (141.0108090935232,1)
[880]: (144.1088649902504,1)
[881]: (148.3794657900203,1)
[882]: (145.2994503278918,1)
[883]: (149.9131393278922,1)
[884]: (138.1796424478102,1)
[885]: (138.16671549805,1)
[886]: (138.1757453230662,1)
[887]: (138.4704316921211,1)
[888]: (148.783354306988,1)
[889]: (148.0478096085879,1)
[890]: (149.0393028120195,1)
[891]: (138.0046219290841,1)
[892]: (148.6090272880274,1)
[893]: (138.1605516680191,1)
[894]: (138.155757692542,1)
[895]: (151.6993639979417,1)
[896]: (138.8539203173111,1)
[897]: (146.0157478716816,1)
[898]: (147.2389275334929,1)
[899]: (155.1872618410725,1)
[900]: (138.5965451039046,1)
[901]: (148.1178782937931,1)
[902]: (144.1573338700293,1)
[903]: (138.5176623271981,1)
[904]: (138.3056930842061,1)
[905]: (138.2845925752178,1)
[906]: (138.1938310100699,1)
[907]: (148.6089211812224,1)
[908]: (144.6163934758435,1)
[909]: (138.2051731998392,1)
[910]: (138.0176083495484,1)
[911]: (144.4888488506068,1)
[912]: (138.5757881762451,1)
[913]: (153.2955401706096,1)
[914]: (149.1475733046038,1)
[915]: (138.4425028983865,1)
[916]: (148.1458515756788,1)
[917]: (138.0692504101798,1)
[918]: (148.3458285299061,1)
[919]: (150.1112289402629,1)
[920]: (138.6138447624652,1)
[921]:
[922]: (143.4157843999294,1)
[923]: (150.7431914150174,1)
[924]: (138.2673983570526,1)
[925]: (147.299146258575,1)
[926]: (146.3019844462629,1)
[927]: (146.2832050338565,1)
[928]: (138.6931363050053,1)
[929]: (138.1580170695048,1)
[930]: (146.1090163897017,1)
[931]: (145.1520552678336,1)
[932]: (155.2998944657819,1)
[933]:
[934]: (144.3103272064103,1)
[935]: (138.0719448418768,1)
[936]: (151.8154946149023,1)
[937]: (138.0629467767907,1)
[938]: (138.4397215199495,1)
[939]: (149.3009350175178,1)
[940]: (151.0199241239682,1)
[941]: (138.1556439009682,1)
[942]: (138.1419336309951,1)
[943]: (144.7340885681841,1)
[944]: (138.0492652589279,1)
[945]: (143.0403171738556,1)
[946]: (138.1348937769198,1)
[947]: (142.4213758098376,1)
[948]: (138.4017142654901,1)
[949]: (138.4728196876263,1)
[950]: (139.0400420967108,1)
[951]: (138.0009342689808,1)
[952]: (147.1062403922624,1)
[953]: (138.0247095926238,1)
[954]: (138.7842186011372,1)
[955]: (138.0333617516917,1)
[956]: (138.1991758796183,1)
[957]: (138.3942261287642,1)
[958]: (138.3026876602543,1)
[959]: (138.0540635703366,1)
[960]: (148.0706127760077,1)
[961]: (139.4760918227835,1)
[962]: (148.0285200289763,1)
[963]: (138.544083059277,1)
[964]: (138.8477454178062,1)
[965]: (138.4214071817666,1)
[966]: (138.1349206811826,1)
[967]: (149.0500886400563,1)
[968]: (150.1265238528593,1)
[969]: (149.5857157817721,1)
[970]: (138.2696561461815,1)
[971]: (138.6050880057709,1)
[972]: (155.3414937856469,1)
[973]: (138.1882741004163,1)
[974]: (138.2233880644669,1)
[975]: (141.0645289067106,1)
[976]: (138.1037927672953,1)
[977]: (150.0953210509021,1)
[978]: (138.1623993139918,1)
[979]: (145.3470714086082,1)
[980]: (157.5090328122929,1)
[981]: (141.9607291881324,1)
[982]: (150.0669243784508,1)
[983]: (138.575915022459,1)
[984]: (139.0194991323318,1)
[985]: (150.0882110295026,1)
[986]: (147.1625919647145,1)
[987]: (149.1473835247653,1)
[988]: (138.2725746462713,1)
[989]: (141.0528773665285,1)
[990]: (141.2747015954908,1)
[991]: (147.2202163039412,1)
[992]: (148.0854790719302,1)
[993]: (155.0288123987877,1)
[994]: (149.1559414498535,1)
[995]: (138.0426453510059,1)
[996]: (159.2730744934886,1)
[997]: (149.7518198784998,1)
[998]: (147.7694519046841,1)
[999]: (157.1137126104764,1)
[1000]: (144.0639282643125,1)
[1001]: (152.1895281555785,1)
[1002]: (138.118685682398,1)
[1003]: (156.8878903975301,1)
[1004]: (141.0989567672759,1)
[1005]: (138.4767052579018,1)
[1006]: (138.1185633728244,1)
[1007]: (148.2242077860634,1)
[1008]: (138.2301007367151,1)
[1009]: (151.6273122977423,1)
[1010]: (145.5480748863459,1)
[1011]: (141.0384158660315,1)
[1012]: (138.3822968759401,1)
[1013]: (141.1578322886636,1)
[1014]: (151.077385332444,1)
[1015]: (138.0777239225239,1)
[1016]: (138.2426732529264,1)
[1017]: (144.2707152382231,1)
[1018]: (138.7654003569318,1)
[1019]: (145.0384036202984,1)
[1020]: (150.0052141404199,1)
[1021]: (138.1343651939966,1)
[1022]: (138.5934828680016,1)
[1023]: (138.5057641594216,1)
[1024]: (144.1489478316793,1)
[1025]: (138.2071630861346,1)
[1026]: (142.6186469948961,1)
[1027]: (138.1224715904854,1)
[1028]: (138.7177709928637,1)
[1029]: (138.4504228190773,1)
[1030]: (138.108769568141,1)
[1031]: (145.016714965705,1)
[1032]: (141.1046734031508,1)
[1033]: (153.3915511973055,1)
[1034]: (138.954298206621,1)
[1035]: (147.6226584946611,1)
[1036]: (145.1081903158442,1)
[1037]: (149.2889811399297,1)
[1038]: (147.437352396632,1)
[1039]: (150.1036704333068,1)
[1040]: (147.8897573989352,1)
[1041]: (138.162273832688,1)
[1042]: (138.1127367645489,1)
[1043]: (148.533668400765,1)
[1044]: (148.6724202989842,1)
[1045]: (144.2056031864886,1)
[1046]: (138.3546480019593,1)
[1047]: (151.2916897246141,1)
[1048]: (149.2205200076632,1)
[1049]: (139.0574264596709,1)
[1050]: (146.3474643058125,1)
[1051]: (138.1066781662166,1)
[1052]: (138.2732904323433,1)
[1053]: (138.2806167742727,1)
[1054]: (147.1609107969789,1)
[1055]: (150.0032647169318,1)
[1056]: (138.7535969637689,1)
[1057]: (159.0152935178685,1)
[1058]: (149.1863154705951,1)
[1059]: (140.1083021842198,1)
[1060]: (138.0060398396998,1)
[1061]: (144.3122178908967,1)
[1062]: (151.4132570348836,1)
[1063]: (138.7625631763497,1)
[1064]: (148.0184496796089,1)
[1065]: (149.3841815821277,1)
[1066]: (151.8314575801979,1)
[1067]: (151.1030028040617,1)
[1068]: (155.2165435941801,1)
[1069]: (153.2637455691727,1)
[1070]: (138.1077005975884,1)
[1071]: (138.0657625974123,1)
[1072]: (138.4918625527488,1)
[1073]: (138.4657713434258,1)
[1074]: (146.0485008378813,1)
[1075]: (138.2631836069644,1)
[1076]: (148.2013749347085,1)
[1077]: (147.2014509224385,1)
[1078]: (138.3086804127812,1)
[1079]: (149.0299282627591,1)
[1080]: (146.0659793574204,1)
[1081]: (151.041562079628,1)
[1082]: (147.866002178498,1)
[1083]: (138.30494685691,1)
[1084]: (138.1452017522547,1)
[1085]: (138.194101004565,1)
[1086]: (138.0429447994788,1)
[1087]: (138.0627256500465,1)
[1088]: (138.0316474722509,1)
[1089]: (138.2350508972359,1)
[1090]: (138.1475951756197,1)
[1091]: (144.7226228568535,1)
[1092]: (141.1239567683153,1)
[1093]: (148.3783883889258,1)
[1094]: (145.7262201738878,1)
[1095]: (146.155127033377,1)
[1096]: (138.2811343255677,1)
[1097]: (138.0654008360385,1)
[1098]: (138.3024895597781,1)
[1099]: (147.0017769714806,1)
[1100]: (145.2434322546792,1)
[1101]: (148.188573274938,1)
[1102]: (138.6464712761622,1)
[1103]: (148.4777327137593,1)
[1104]: (138.3394748225016,1)
[1105]: (148.5321117105665,1)
[1106]: (155.4824705514899,1)
[1107]: (138.7833692168367,1)
[1108]: (147.2180431589251,1)
[1109]: (138.5890101851591,1)
[1110]: (138.5525895537129,1)
[1111]: (151.0074770942424,1)
[1112]: (138.1230485030108,1)
[1113]: (147.264628526638,1)
[1114]: (139.0995164078762,1)
[1115]: (138.532967318194,1)
[1116]: (142.2676809337928,1)
[1117]: (146.1008634842955,1)
[1118]: (152.1707453029143,1)
[1119]: (141.1983809529779,1)
[1120]: (147.2474768781991,1)
[1121]: (138.0062002086227,1)
[1122]: (143.3745633234834,1)
[1123]: (149.1306517888087,1)
[1124]: (138.0050225415765,1)
[1125]: (145.0659245681071,1)
[1126]: (138.225216385663,1)
[1127]: (146.1298112970067,1)
[1128]: (138.5671111336646,1)
[1129]: (138.4204253721858,1)
[1130]: (148.3068852720415,1)
[1131]: (150.4465719263998,1)
[1132]: (138.6641378642839,1)
[1133]: (153.0465225061179,1)
[1134]: (147.0688400439483,1)
[1135]: (148.4579622288196,1)
[1136]: (138.9366480988652,1)
[1137]: (139.2180391655392,1)
[1138]: (138.3532898282562,1)
[1139]: (151.1090503556248,1)
[1140]: (138.1203171802099,1)
[1141]: (146.2388521392089,1)
[1142]: (139.1051421065632,1)
[1143]: (138.0653196690411,1)
[1144]: (141.0664631178301,1)
[1145]: (139.1170574329995,1)
[1146]: (138.3304518826897,1)
[1147]: (147.217101212481,1)
[1148]: (145.2736733309002,1)
[1149]: (138.5619008650304,1)
[1150]: (138.8134480318603,1)
[1151]: (152.0095949969016,1)
[1152]: (138.0242437901606,1)
[1153]: (138.1874195712568,1)
[1154]: (155.0156225066659,1)
[1155]: (143.3408732124484,1)
[1156]: (138.0036778788725,1)
[1157]: (138.2867678099667,1)
[1158]: (153.0081661861773,1)
[1159]: (139.0089198624608,1)
[1160]: (147.1050069015928,1)
[1161]: (144.0527956977,1)
[1162]: (149.0237029085206,1)
[1163]: (143.6434103489227,1)
[1164]: (151.1590813944512,1)
[1165]: (152.0213569963741,1)
[1166]: (138.4034281977696,1)
[1167]: (149.1463432389631,1)
[1168]: (139.2887805774073,1)
[1169]: (138.0917830130448,1)
[1170]: (151.1257195934312,1)
[1171]: (138.7256270524735,1)
[1172]: (138.1990560898886,1)
[1173]: (144.6922367915438,1)
[1174]: (153.0734857376366,1)
[1175]: (152.1631232270693,1)
[1176]: (151.0689419069565,1)
[1177]: (138.15697249328,1)
[1178]: (153.1068850144051,1)
[1179]: (152.882482698539,1)
[1180]: (145.092142428389,1)
[1181]: (138.12569653221,1)
[1182]: (148.1979479373981,1)
[1183]: (141.16485061869,1)
[1184]: (138.2880316284468,1)
[1185]: (148.0929613487092,1)
[1186]: (138.219249921983,1)
[1187]: (143.0297070137324,1)
[1188]: (138.1447952171246,1)
[1189]: (138.3531381679954,1)
[1190]: (138.3685308655465,1)
[1191]: (146.2157773967627,1)
[1192]: (138.2605533023811,1)
[1193]:
[1194]: (138.0402829159669,1)
[1195]: (145.0664046432682,1)
[1196]: (138.0585574926237,1)
[1197]: (153.1150172485705,1)
[1198]: (138.2647294955352,1)
[1199]: (138.3112016788305,1)
[1200]: (138.0515007210409,1)
[1201]: (143.3089962220649,1)
[1202]: (154.087058348128,1)
[1203]: (151.3766548500712,1)
[1204]: (138.2652315131051,1)
[1205]: (146.3856382933994,1)
[1206]: (156.1799105819422,1)
[1207]: (143.3110787404936,1)
[1208]: (147.5963154369949,1)
[1209]: (145.3633286884018,1)
[1210]: (143.4484196906863,1)
[1211]: (147.4444594855988,1)
[1212]: (149.3793197522256,1)
[1213]: (151.0110758184745,1)
[1214]: (146.1424104809304,1)
[1215]: (143.2236520927243,1)
[1216]: (138.5819689847639,1)
[1217]: (138.9019238635877,1)
[1218]: (141.1146060600018,1)
[1219]: (147.3337915304669,1)
[1220]: (138.043615867937,1)
[1221]: (152.5121088796735,1)
[1222]: (158.3318880165112,1)
[1223]: (138.1689913678912,1)
[1224]: (139.1215276439307,1)
[1225]: (149.227991084696,1)
[1226]: (138.1789012223994,1)
[1227]: (138.3819216049769,1)
[1228]: (138.5940818715671,1)
[1229]: (138.0543590515548,1)
[1230]: (146.4080876742963,1)
[1231]: (148.0169271399814,1)
[1232]: (138.1266987658538,1)
[1233]: (152.5580548773173,1)
[1234]: (138.4036718230088,1)
[1235]: (143.2492976271956,1)
[1236]: (143.4693695332809,1)
[1237]: (149.177767818963,1)
[1238]: (138.8702434985589,1)
[1239]: (149.1401697954473,1)
[1240]: (155.1402735870342,1)
[1241]: (144.0967702601915,1)
[1242]: (138.1193040260375,1)
[1243]: (138.8895572335943,1)
[1244]: (138.2700952357852,1)
[1245]: (138.0003173891725,1)
[1246]: (146.1119904220927,1)
[1247]: (148.2682636912212,1)
[1248]: (138.3345984127021,1)
[1249]: (138.3301189936215,1)
[1250]: (138.1086289517567,1)
[1251]: (146.2590229125159,1)
[1252]: (143.0462434712837,1)
[1253]: (138.5000029324484,1)
[1254]: (138.3285469688598,1)
[1255]: (148.0920104935453,1)
[1256]: (138.586002940851,1)
[1257]: (150.0631544238834,1)
[1258]: (138.2005427708181,1)
[1259]: (152.8691672968665,1)
[1260]: (147.3728768801395,1)
[1261]: (138.2154387946659,1)
[1262]: (146.1883223853769,1)
[1263]: (138.4517166898909,1)
[1264]: (150.7340807384815,1)
[1265]: (148.4630166001644,1)
[1266]: (146.0580368763346,1)
[1267]: (138.5311516933985,1)
[1268]: (151.2052640695072,1)
[1269]: (138.6155996248449,1)
[1270]: (147.1031713563733,1)
[1271]: (154.2395705283165,1)
[1272]: (149.2856597054902,1)
[1273]: (146.0318343797063,1)
[1274]: (138.0260919194956,1)
[1275]: (149.2146975618676,1)
[1276]: (138.0028615862716,1)
[1277]: (140.1584684044008,1)
[1278]: (138.3535674109762,1)
[1279]: (151.0817769948413,1)
[1280]: (143.4497869536476,1)
[1281]: (138.115387608365,1)
[1282]: (147.2763394995854,1)
[1283]: (146.7453387335877,1)
[1284]: (158.1007694675788,1)
[1285]: (138.2084137095281,1)
[1286]: (145.1649158490905,1)
[1287]: (149.1389246046233,1)
[1288]: (143.832368999521,1)
[1289]: (148.2939887998162,1)
[1290]: (138.7293835986508,1)
[1291]: (141.0851799911241,1)
[1292]: (139.454810502653,1)
[1293]: (150.8887879073658,1)
[1294]: (138.0206236664148,1)
[1295]: (151.1969308055702,1)
[1296]: (146.0656172036667,1)
[1297]: (138.2454308714888,1)
[1298]: (139.3006406423189,1)
[1299]: (138.2158935502557,1)
[1300]: (138.3683006388209,1)
[1301]: (141.4050796879201,1)
[1302]: (138.2363031645466,1)
[1303]: (150.668919583419,1)
[1304]: (147.7382515749413,1)
[1305]: (138.1441365557125,1)
[1306]: (150.0574828279438,1)
[1307]: (138.2258200561257,1)
[1308]: (145.0125029491791,1)
[1309]: (138.0757913022888,1)
[1310]: (143.0704272649488,1)
[1311]: (138.0379358404007,1)
[1312]: (146.175336246778,1)
[1313]: (155.1760027810726,1)
[1314]: (138.0916461232474,1)
[1315]: (138.1218761134115,1)
[1316]: (138.0117294202657,1)
[1317]: (139.4584019807994,1)
[1318]: (150.0188813736274,1)
[1319]: (148.042104123739,1)
[1320]: (150.1441690518388,1)
[1321]: (143.0307040435638,1)
[1322]: (141.1407115487087,1)
[1323]: (138.1152657461399,1)
[1324]: (141.2053837622545,1)
[1325]: (148.2852303897415,1)
[1326]: (148.0419899950921,1)
[1327]: (150.8862454608912,1)
[1328]: (147.3038384826085,1)
[1329]: (138.2623536457324,1)
[1330]: (141.2128406551643,1)
[1331]: (150.0754010083646,1)
[1332]: (138.2799446379903,1)
[1333]: (138.8626087046039,1)
[1334]: (157.0581247015202,1)
[1335]: (151.0349573321683,1)
[1336]: (146.0853854994648,1)
[1337]: (155.6332697013998,1)
[1338]: (148.3105141770126,1)
[1339]: (138.7111749158807,1)
[1340]: (150.8286617503976,1)
[1341]: (157.1586523253679,1)
[1342]:
[1343]: (144.3017872944569,1)
[1344]: (138.7911030728002,1)
[1345]:
[1346]: (146.0624754292869,1)
[1347]: (138.4354495207539,1)
[1348]: (138.6460416622444,1)
[1349]: (138.4142326967753,1)
[1350]: (140.2559517348645,1)
[1351]: (138.7079458992267,1)
[1352]: (143.2690194926919,1)
[1353]: (138.0784828958853,1)
[1354]: (148.0779128044637,1)
[1355]: (150.0794702351852,1)
[1356]: (141.1801240540146,1)
[1357]: (144.2380427024262,1)
[1358]: (138.1033334546303,1)
[1359]: (153.1893185715239,1)
[1360]: (144.1640195793472,1)
[1361]: (138.1441389883921,1)
[1362]: (138.1063520865888,1)
[1363]: (143.3166590796521,1)
[1364]: (138.0281531024179,1)
[1365]: (147.0296853018017,1)
[1366]: (138.0767804186556,1)
[1367]: (147.1204798599618,1)
[1368]: (148.070386416871,1)
[1369]: (138.1246615401306,1)
[1370]: (144.1206000819895,1)
[1371]: (138.1290526649004,1)
[1372]: (138.3417571747319,1)
[1373]: (138.0072262462671,1)
[1374]: (150.386612487841,1)
[1375]: (139.1528208853804,1)
[1376]: (138.1662184332377,1)
[1377]: (144.0186741984452,1)
[1378]: (144.2047411179002,1)
[1379]: (138.0672476645507,1)
[1380]: (142.091826500744,1)
[1381]: (138.056630833635,1)
[1382]: (138.7307793344464,1)
[1383]: (145.085371960024,1)
[1384]: (138.0444768277928,1)
[1385]: (147.0138923390622,1)
[1386]: (151.6321337376043,1)
[1387]: (144.6435383395471,1)
[1388]: (138.3342665808277,1)
[1389]: (138.2601191406825,1)
[1390]: (152.195845258382,1)
[1391]: (138.8781262714714,1)
[1392]: (155.126213235479,1)
[1393]: (138.2202125928388,1)
[1394]: (142.0842979136001,1)
[1395]: (138.0163281560955,1)
[1396]: (154.1458071322498,1)
[1397]: (138.1868429431892,1)
[1398]: (147.0460198758023,1)
[1399]: (138.3591117165292,1)
[1400]: (156.1673043406558,1)
[1401]: (138.0253748939718,1)
[1402]: (147.431861725058,1)
[1403]: (141.0359005768006,1)
[1404]: (138.3479271615047,1)
[1405]: (138.5348152279183,1)
[1406]: (138.0852568895389,1)
[1407]: (158.0321254955701,1)
[1408]: (155.2677346062002,1)
[1409]: (138.0063748709796,1)
[1410]: (138.1491260295685,1)
[1411]: (138.086420582885,1)
[1412]: (152.394735430874,1)
[1413]: (138.0054718229373,1)
[1414]: (146.3941281587686,1)
[1415]: (138.2938186910984,1)
[1416]: (138.2130640825041,1)
[1417]: (145.003369551741,1)
[1418]: (152.7460174998413,1)
[1419]: (143.4278881431785,1)
[1420]: (138.4982356263788,1)
[1421]: (154.2413853280615,1)
[1422]: (157.3921266406766,1)
[1423]: (154.0451004080016,1)
[1424]: (142.0371563850667,1)
[1425]: (138.0349714816857,1)
[1426]: (138.4177890723623,1)
[1427]: (148.076953797426,1)
[1428]: (143.0010688240913,1)
[1429]: (138.1385485283372,1)
[1430]: (144.4503585582406,1)
[1431]: (146.5389155861293,1)
[1432]: (149.0824202521017,1)
[1433]: (138.0855726318333,1)
[1434]: (149.0712719780526,1)
[1435]: (138.2807604660784,1)
[1436]: (138.2633382641079,1)
[1437]: (138.0687334783841,1)
[1438]: (152.0397113760015,1)
[1439]: (152.3442506499366,1)
[1440]: (138.3254495314071,1)
[1441]: (138.4593227211911,1)
[1442]: (144.3477707209294,1)
[1443]: (149.1688910553393,1)
[1444]: (144.2658638401783,1)
[1445]: (138.0275932319414,1)
[1446]: (138.1068987327373,1)
[1447]: (139.2500587856893,1)
[1448]: (149.2116882543741,1)
[1449]: (151.508451764564,1)
[1450]: (151.0969529729386,1)
[1451]: (150.2436987440433,1)
[1452]: (138.8651621958024,1)
[1453]: (141.6433222560949,1)
[1454]: (146.1696642035727,1)
[1455]: (138.6566020649973,1)
[1456]: (145.3042907397099,1)
[1457]: (146.4861198798695,1)
[1458]: (150.6190401384967,1)
[1459]: (147.1285159255986,1)
[1460]: (138.2809402595258,1)
[1461]: (141.5083256474366,1)
[1462]: (144.0633560702788,1)
[1463]: (153.2872930642021,1)
[1464]: (138.8048529610359,1)
[1465]: (138.0756041043314,1)
[1466]: (141.0295238125886,1)
[1467]: (148.2837485201808,1)
[1468]: (138.017356566748,1)
[1469]: (143.5427471157292,1)
[1470]: (138.7450340122227,1)
[1471]: (138.2381257780943,1)
[1472]: (138.1337137277935,1)
[1473]: (155.1693575610353,1)
[1474]: (140.018945948849,1)
[1475]: (147.0968586850646,1)
[1476]: (151.0776581671935,1)
[1477]: (155.1161885461345,1)
[1478]:
[1479]: (147.6905712195624,1)
[1480]: (138.3320078253125,1)
[1481]: (138.0701341384924,1)
[1482]: (139.0828725146616,1)
[1483]: (146.9488315023779,1)
[1484]: (144.2561784989788,1)
[1485]: (138.0493417306317,1)
[1486]: (151.2792239389029,1)
[1487]: (138.7187655571718,1)
[1488]: (147.2213727048826,1)
[1489]: (138.6197698680213,1)
[1490]: (145.2833055283134,1)
[1491]: (157.3191340513207,1)
[1492]: (145.2472679089052,1)
[1493]: (158.2412430272599,1)
[1494]: (150.3347975558331,1)
[1495]: (143.7957819822654,1)
[1496]: (148.0749006691087,1)
[1497]: (144.1032683276964,1)
[1498]: (145.1886163736876,1)
[1499]: (143.3439063432864,1)
[1500]: (149.0714384707219,1)
[1501]: (148.0726904879841,1)
[1502]: (151.2128582663575,1)
[1503]: (138.1059072887044,1)
[1504]: (138.7866595161282,1)
[1505]: (147.0345969630441,1)
[1506]: (146.1110796466636,1)
[1507]: (150.117002359069,1)
[1508]: (157.0743886265881,1)
[1509]: (139.0013586658773,1)
[1510]: (147.157103101996,1)
[1511]: (147.0090959400307,1)
[1512]: (138.5464827797115,1)
[1513]: (148.7992066618241,1)
[1514]: (138.1372361104148,1)
[1515]: (141.1218491366168,1)
[1516]: (146.0705007550905,1)
[1517]: (149.9776255256438,1)
[1518]: (143.0248513907178,1)
[1519]: (138.1680133382868,1)
[1520]: (147.1730668406919,1)
[1521]: (140.217511114179,1)
[1522]: (139.0347907404711,1)
[1523]: (138.5891007163948,1)
[1524]: (145.2309841430308,1)
[1525]: (141.0119266157666,1)
[1526]: (138.7321169583176,1)
[1527]: (138.1779341320174,1)
[1528]: (138.1444830115165,1)
[1529]: (138.6640529545329,1)
[1530]: (138.4058008154772,1)
[1531]: (138.4254857390662,1)
[1532]: (150.254117110844,1)
[1533]: (147.0029030867297,1)
[1534]: (138.0699893571666,1)
[1535]: (141.0145604962278,1)
[1536]: (138.0897646445053,1)
[1537]: (138.2396559734328,1)
[1538]: (147.3869084272976,1)
[1539]: (138.8240807954561,1)
[1540]: (141.031424653,1)
[1541]: (138.0770339828423,1)
[1542]: (138.4191051081965,1)
[1543]: (146.305341869963,1)
[1544]: (138.2341156757486,1)
[1545]: (149.2822661429678,1)
[1546]: (149.2688284006175,1)
[1547]: (138.4081134816649,1)
[1548]: (141.3744486311015,1)
[1549]: (139.1063277524023,1)
[1550]: (138.073814136112,1)
[1551]: (138.7178871003074,1)
[1552]: (141.271991183571,1)
[1553]: (148.0845576742654,1)
[1554]: (143.1251606004712,1)
[1555]: (152.1709159405544,1)
[1556]: (149.337768020678,1)
[1557]: (138.0328362558359,1)
[1558]: (141.2045134440486,1)
[1559]: (138.0498502777055,1)
[1560]: (154.1428683329725,1)
[1561]: (150.1408591139923,1)
[1562]: (138.5821803007489,1)
[1563]: (141.6250318525603,1)
[1564]: (150.041906925922,1)
[1565]: (138.2062092280245,1)
[1566]: (141.0126196093225,1)
[1567]: (145.352605156484,1)
[1568]: (141.628688937887,1)
[1569]: (138.4586132622449,1)
[1570]: (146.1073528957444,1)
[1571]: (138.8154434283718,1)
[1572]: (138.1446390224542,1)
[1573]: (138.0103232753363,1)
[1574]: (149.1714021118932,1)
[1575]: (141.0614758422714,1)
[1576]: (138.2990469391773,1)
[1577]: (146.3368823889794,1)
[1578]: (138.5687846903542,1)
[1579]: (138.0105613618728,1)
[1580]: (146.0364987627649,1)
[1581]: (146.0551836468708,1)
[1582]: (138.2044661665032,1)
[1583]: (138.1515420662435,1)
[1584]: (149.0470784286625,1)
[1585]: (146.0299739445632,1)
[1586]: (138.1379688271178,1)
[1587]: (138.6630695055134,1)
[1588]: (138.3452404244438,1)
[1589]: (144.1201633305465,1)
[1590]: (139.3203357985505,1)
[1591]: (152.3015232678312,1)
[1592]: (138.2052825656784,1)
[1593]: (150.6758901093,1)
[1594]: (138.0611792651709,1)
[1595]: (138.2522001305604,1)
[1596]: (138.3914696812315,1)
[1597]: (138.3845762564007,1)
[1598]: (138.0001380777025,1)
[1599]: (144.1370763596695,1)
[1600]: (138.2827079532693,1)
[1601]: (138.2243990383473,1)
[1602]: (138.1673736438858,1)
[1603]: (148.2245138563303,1)
[1604]: (146.1202708329865,1)
[1605]: (138.8365179160365,1)
[1606]: (143.2359689069709,1)
[1607]: (138.5251422459831,1)
[1608]: (143.0851253584916,1)
[1609]: (146.0570157290324,1)
[1610]: (147.1787154751049,1)
[1611]: (146.1599043829285,1)
[1612]: (148.5380067294367,1)
[1613]: (150.1060809652227,1)
[1614]: (146.2309823663389,1)
[1615]: (144.1780789687894,1)
[1616]: (145.1349346705747,1)
[1617]: (148.6938839524147,1)
[1618]: (143.9241221219289,1)
[1619]: (138.1386649108777,1)
[1620]: (153.0772422339502,1)
[1621]: (147.143046938013,1)
[1622]: (152.6775851086329,1)
[1623]: (140.0884469881236,1)
[1624]: (138.5148160161805,1)
[1625]: (138.242844486365,1)
[1626]: (138.3425353501993,1)
[1627]: (149.8147857986375,1)
[1628]: (143.3745844203647,1)
[1629]: (150.2816066639512,1)
[1630]: (141.170979185208,1)
[1631]: (138.1135633346559,1)
[1632]: (141.2730784347982,1)
[1633]: (158.1107591471967,1)
[1634]: (143.4544738187476,1)
[1635]: (138.7773570890438,1)
[1636]: (138.4816063974247,1)
[1637]: (143.9190757880635,1)
[1638]: (138.1840397209937,1)
[1639]: (144.0073570295545,1)
[1640]: (143.2425381981031,1)
[1641]: (138.1262515344216,1)
[1642]: (138.0136162869602,1)
[1643]: (141.1525661082242,1)
[1644]:
[1645]: (138.3134199328241,1)
[1646]: (138.1796822843362,1)
[1647]: (149.1184224872205,1)
[1648]: (138.7304324927405,1)
[1649]: (138.5690154017343,1)
[1650]: (150.0062303666587,1)
[1651]: (143.4041083371777,1)
[1652]: (155.088726289051,1)
[1653]: (138.1491165247486,1)
[1654]: (138.5580377530582,1)
[1655]: (146.3281615475094,1)
[1656]: (141.4391567704568,1)
[1657]: (138.6303126242441,1)
[1658]: (147.5441858548176,1)
[1659]: (142.2049418810111,1)
[1660]: (148.2965693612418,1)
[1661]: (149.375976011787,1)
[1662]: (138.0392423703778,1)
[1663]: (138.1416282897981,1)
[1664]: (141.1227359899297,1)
[1665]: (143.1398632148658,1)
[1666]: (151.3890702416101,1)
[1667]: (149.832192697729,1)
[1668]: (143.0842768000732,1)
[1669]: (139.1805294056643,1)
[1670]: (138.3353542015315,1)
[1671]: (153.1539697382125,1)
[1672]: (138.1408564672905,1)
[1673]: (138.4161559940707,1)
[1674]: (138.1619094508747,1)
[1675]: (143.2110837505474,1)
[1676]: (138.295626980476,1)
[1677]: (138.3476523475746,1)
[1678]: (150.1837411206861,1)
[1679]: (138.1947361157203,1)
[1680]: (138.3611749827818,1)
[1681]: (138.0014555987675,1)
[1682]: (138.2582260184377,1)
[1683]: (138.0452035293663,1)
[1684]: (138.1049856822258,1)
[1685]: (155.4655904259611,1)
[1686]: (147.9982484263325,1)
[1687]: (150.0473916374503,1)
[1688]: (145.1249832847652,1)
[1689]: (138.1039164629208,1)
[1690]: (151.1117067206259,1)
[1691]: (155.593687575791,1)
[1692]: (138.2180466575775,1)
[1693]: (147.0264540172721,1)
[1694]: (146.4796978443917,1)
[1695]: (141.1853094641642,1)
[1696]: (138.1489816498155,1)
[1697]: (147.7435391961739,1)
[1698]: (142.1490327020487,1)
[1699]: (141.7580543865348,1)
[1700]: (151.3358212063273,1)
[1701]: (139.0937923074937,1)
[1702]: (138.30819192733,1)
[1703]: (151.0147275933607,1)
[1704]: (138.2852022245426,1)
[1705]: (138.4510875558964,1)
[1706]: (138.3634922258125,1)
[1707]: (138.1858583778041,1)
[1708]: (138.0396176928332,1)
[1709]: (138.1177636285921,1)
[1710]: (147.2104203267309,1)
[1711]: (138.0164318037824,1)
[1712]: (138.0359371489892,1)
[1713]: (138.3047824104254,1)
[1714]: (138.0296078949901,1)
[1715]: (149.4700172582506,1)
[1716]: (146.2716708292297,1)
[1717]: (145.7928850111162,1)
[1718]: (139.0605214742538,1)
[1719]: (146.115655334751,1)
[1720]: (152.11683309139,1)
[1721]: (147.1204278401406,1)
[1722]: (138.0095443750432,1)
[1723]: (141.0508749790399,1)
[1724]: (154.3804587005447,1)
[1725]: (139.9745463989112,1)
[1726]: (148.0375801590559,1)
[1727]: (146.6060026630155,1)
[1728]: (147.0195421331989,1)
[1729]: (144.1198085875093,1)
[1730]: (138.2048273345059,1)
[1731]: (138.0799544148564,1)
[1732]: (138.5285175062406,1)
[1733]: (147.5575150153135,1)
[1734]: (138.0695568960246,1)
[1735]: (138.0295797044526,1)
[1736]: (141.1610827317275,1)
[1737]: (139.337461873842,1)
[1738]: (148.1444868290463,1)
[1739]: (148.3856059340895,1)
[1740]: (138.1306106092126,1)
[1741]: (138.0429508839147,1)
[1742]: (149.0637225979973,1)
[1743]: (138.0844380795576,1)
[1744]: (138.5931029348197,1)
[1745]: (146.0073418269542,1)
[1746]: (138.1404575963439,1)
[1747]: (149.4497570000676,1)
[1748]: (138.5528850825031,1)
[1749]: (138.9310722825817,1)
[1750]: (144.4788879415641,1)
[1751]: (138.0199156360505,1)
[1752]: (146.5573680000747,1)
[1753]: (138.0675442518106,1)
[1754]: (146.0157281122651,1)
[1755]: (147.8313393511906,1)
[1756]: (138.2725468174251,1)
[1757]: (138.651405799878,1)
[1758]: (152.27250423727,1)
[1759]: (138.6454231422846,1)
[1760]: (138.1044148260557,1)
[1761]: (138.697515143654,1)
[1762]: (138.4717485921619,1)
[1763]: (147.2523218513563,1)
[1764]: (144.0318342756018,1)
[1765]: (153.0795832527652,1)
[1766]: (138.0074139839605,1)
[1767]: (138.5935500421279,1)
[1768]: (146.1780637661302,1)
[1769]: (139.4121630650963,1)
[1770]: (146.1673809938796,1)
[1771]: (145.0530605972288,1)
[1772]: (145.0876045070591,1)
[1773]: (143.2034425808004,1)
[1774]: (144.1352163748155,1)
[1775]: (147.2569261523193,1)
[1776]: (151.4160472280916,1)
[1777]: (138.2313684634642,1)
[1778]: (138.6923051403907,1)
[1779]: (138.1384784660528,1)
[1780]: (138.3881953029654,1)
[1781]: (155.0444895391116,1)
[1782]: (138.3507847254376,1)
[1783]: (138.5637088594322,1)
[1784]: (138.2543046196422,1)
[1785]: (150.4878511956557,1)
[1786]: (158.0242667613854,1)
[1787]: (148.2484078376701,1)
[1788]: (138.0817825907736,1)
[1789]: (138.067135156529,1)
[1790]: (147.3954481803967,1)
[1791]: (138.1392242772729,1)
[1792]: (152.3696550941496,1)
[1793]: (138.035847670374,1)
[1794]: (141.3585415921222,1)
[1795]: (138.1558727669914,1)
[1796]: (145.1337359032544,1)
[1797]: (141.2293628542049,1)
[1798]: (138.3293003243534,1)
[1799]: (138.3232330050189,1)
[1800]: (138.1088636030387,1)
[1801]: (151.1111152284343,1)
[1802]: (141.070782227098,1)
[1803]: (148.9163072052652,1)
[1804]: (148.12000116975,1)
[1805]: (138.0142677598675,1)
[1806]: (139.0605276793672,1)
[1807]: (138.516799966791,1)
[1808]: (145.0851383626323,1)
[1809]: (138.3799532933905,1)
[1810]: (152.1409793759666,1)
[1811]: (138.0699298826954,1)
[1812]: (148.8515919280177,1)
[1813]: (153.089205049224,1)
[1814]: (139.5619357919095,1)
[1815]: (138.0128841450855,1)
[1816]: (156.2755953406733,1)
[1817]: (138.1374158655406,1)
[1818]: (138.8278205803489,1)
[1819]: (145.4354483194488,1)
[1820]: (147.1617503485249,1)
[1821]:
[1822]: (139.0636134597307,1)
[1823]: (138.2575585712713,1)
[1824]: (139.1971364508451,1)
[1825]: (156.6093472160066,1)
[1826]: (151.0855631714779,1)
[1827]: (138.0018020651424,1)
[1828]: (138.4125809817633,1)
[1829]: (138.4056286689165,1)
[1830]: (139.4436779868693,1)
[1831]: (147.1649381244853,1)
[1832]: (138.0537581966092,1)
[1833]: (143.414161541453,1)
[1834]: (138.3522358164068,1)
[1835]: (156.0372250194967,1)
[1836]: (138.0041628246489,1)
[1837]: (151.1653946703291,1)
[1838]: (138.1675236746964,1)
[1839]: (139.5283828703884,1)
[1840]: (150.4999531558524,1)
[1841]: (145.1940628864974,1)
[1842]: (151.0019149415859,1)
[1843]: (149.1413940957272,1)
[1844]: (154.4036367561295,1)
[1845]: (147.1182695297819,1)
[1846]: (138.2207954050111,1)
[1847]: (144.879536934715,1)
[1848]:
[1849]: (139.1705408456487,1)
[1850]: (149.2005377511066,1)
[1851]: (138.0474022609977,1)
[1852]: (138.1845737533228,1)
[1853]: (142.1220404803598,1)
[1854]: (145.0973543526857,1)
[1855]: (148.0283160744711,1)
[1856]: (138.0235703203938,1)
[1857]: (138.3622646298078,1)
[1858]: (143.3959055579008,1)
[1859]: (138.079191350719,1)
[1860]: (141.5628942088152,1)
[1861]: (138.2660142914952,1)
[1862]: (146.0111324841448,1)
[1863]:
[1864]: (138.1409476534186,1)
[1865]: (151.1237253946883,1)
[1866]: (138.2172433118055,1)
[1867]: (150.7165158730754,1)
[1868]: (138.0310345032584,1)
[1869]: (149.4025430149321,1)
[1870]: (150.2549001564367,1)
[1871]: (141.2742634930383,1)
[1872]: (138.6963303978095,1)
[1873]: (138.767254759533,1)
[1874]: (148.0088073146866,1)
[1875]: (139.0283300221452,1)
[1876]: (141.2449758079476,1)
[1877]: (138.2114602258353,1)
[1878]: (139.1895391240071,1)
[1879]: (154.0021849899408,1)
[1880]: (146.2772913325878,1)
[1881]: (138.2210067800281,1)
[1882]: (138.204482348938,1)
[1883]: (148.0644755082844,1)
[1884]: (138.2420760909985,1)
[1885]: (141.2810151914734,1)
[1886]: (147.1413901841119,1)
[1887]: (147.7580469523552,1)
[1888]: (149.2808518561037,1)
[1889]: (138.326943861772,1)
[1890]: (138.3612913906638,1)
[1891]: (138.0909200387645,1)
[1892]: (152.6174307497676,1)
[1893]: (139.7560063076304,1)
[1894]: (151.2568777659695,1)
[1895]: (153.4611399334969,1)
[1896]: (138.0601830793654,1)
[1897]: (153.0811143106572,1)
[1898]: (138.0059448226551,1)
[1899]: (138.0147848987299,1)
[1900]: (144.2032588080071,1)
[1901]: (139.4958688121015,1)
[1902]: (138.1151833987151,1)
[1903]: (146.087036132773,1)
[1904]: (145.4422983087815,1)
[1905]: (144.3307274871636,1)
[1906]: (149.0977067481645,1)
[1907]: (138.040315660549,1)
[1908]: (150.0614027497651,1)
[1909]: (138.2549844388048,1)
[1910]: (145.0005435282243,1)
[1911]: (143.3383428215692,1)
[1912]: (152.4774192035736,1)
[1913]: (148.0176546425067,1)
[1914]: (141.1716184237357,1)
[1915]: (138.487560678892,1)
[1916]: (148.0535329458766,1)
[1917]: (141.157783270277,1)
[1918]: (138.0924483222914,1)
[1919]: (138.2182851244058,1)
[1920]: (138.7170489228543,1)
[1921]: (152.4793595100967,1)
[1922]: (138.186937703483,1)
[1923]: (138.686191671924,1)
[1924]: (143.9186046472059,1)
[1925]: (151.2102131367828,1)
[1926]: (150.150816395835,1)
[1927]: (141.0681267026682,1)
[1928]: (138.8929818096237,1)
[1929]: (138.1068287886652,1)
[1930]: (151.0633928094579,1)
[1931]: (143.0861345517171,1)
[1932]: (151.0098853450964,1)
[1933]: (138.1401061101648,1)
[1934]: (144.1506458184787,1)
[1935]: (147.1131329446614,1)
[1936]: (138.6877064007414,1)
[1937]: (138.1942059951593,1)
[1938]: (141.2311260210231,1)
[1939]: (138.5763724328824,1)
[1940]: (138.4942095953652,1)
[1941]: (147.7828566582149,1)
[1942]: (143.2201911870507,1)
[1943]: (147.80508021737,1)
[1944]: (150.0245017864409,1)
[1945]: (141.0575745931835,1)
[1946]: (138.036699883428,1)
[1947]: (155.0923185377792,1)
[1948]: (144.3193153175661,1)
[1949]: (139.3766744634661,1)
[1950]: (138.2854700390268,1)
[1951]: (138.7195571220931,1)
[1952]: (146.1515597893335,1)
[1953]: (147.2930105564116,1)
[1954]: (143.1125694388935,1)
[1955]: (144.212671745767,1)
[1956]: (153.7470664723466,1)
[1957]: (146.1666693706703,1)
[1958]: (153.1077868302886,1)
[1959]: (138.221264343724,1)
[1960]: (141.6274018489132,1)
[1961]: (149.1401933726234,1)
[1962]: (146.2417951793533,1)
[1963]: (147.2228394654917,1)
[1964]: (144.0036893194845,1)
[1965]: (138.6916422748838,1)
[1966]: (140.5450831444355,1)
[1967]: (154.8172391513717,1)
[1968]: (138.0290498123715,1)
[1969]: (145.2217735160367,1)
[1970]: (138.8547836514686,1)
[1971]: (150.2804448324129,1)
[1972]: (151.0956479654883,1)
[1973]: (149.0013687052875,1)
[1974]: (138.8691294771191,1)
[1975]: (140.6604164336628,1)
[1976]: (139.3311693400569,1)
[1977]: (148.0598430358872,1)
[1978]: (147.3329321058688,1)
[1979]: (150.3452531583544,1)
[1980]: (146.2354133156651,1)
[1981]: (138.6312564908645,1)
[1982]: (150.3460109497613,1)
[1983]: (138.4663934740579,1)
[1984]: (138.087273053596,1)
[1985]: (146.5682037902652,1)
[1986]: (149.8511794188972,1)
[1987]: (138.0785036441928,1)
[1988]: (138.051692264392,1)
[1989]: (157.0098570826351,1)
[1990]: (141.6244148745494,1)
[1991]: (139.3898027487716,1)
[1992]: (138.6019179704055,1)
[1993]: (145.0962763451274,1)
[1994]: (144.7868518759617,1)
[1995]: (143.5689068518037,1)
[1996]: (144.0066864839258,1)
[1997]: (148.3531010756652,1)
[1998]: (138.2150227289002,1)
[1999]: (138.4227159390998,1)
 -- States explored : 0 states
 -- CPU user time used : 8320 ms
 -- Virtual memory used : 565608 KiB
 -- Resident memory used : 527392 KiB
executionTime: 59
