core file size          (blocks, -c) unlimited
data seg size           (kbytes, -d) unlimited
scheduling priority             (-e) 0
file size               (blocks, -f) unlimited
pending signals                 (-i) 4077086
max locked memory       (kbytes, -l) 64
max memory size         (kbytes, -m) 32505856
open files                      (-n) 4096
pipe size            (512 bytes, -p) 8
POSIX message queues     (bytes, -q) 819200
real-time priority              (-r) 0
stack size              (kbytes, -s) 8192
cpu time               (seconds, -t) unlimited
max user processes              (-u) 4077086
virtual memory          (kbytes, -v) 31000000
file locks                      (-x) unlimited
Options for the verification:
  Generating some trace
  Search order is random depth first
  Using conservative space optimisation
  Seed is 1556898307
  State space representation uses minimal constraint systems
  Using HashMap + Compress integers for discrete state storage

Verifying formula 1 at ../queries/SN_50_3_16.q:1
 -- Formula is satisfied.
(9000 runs)
Learning statistics for best strategy: 
	Number of resets: 1
	Number of iterations in last reset: 8
	Number of iterations in total: 21

 -- States explored : 0 states
 -- CPU user time used : 79240 ms
 -- Virtual memory used : 181956 KiB
 -- Resident memory used : 143596 KiB

Verifying formula 2 at ../queries/SN_50_3_16.q:3
 -- Formula is satisfied.
Composer.Done:
[0]: (0,0) (52.18334804974985,1)
[1]: (52.03690189157518,1)
[2]: (52.02637149703342,1)
[3]: (52.88188930828658,1)
[4]: (52.22756916786772,1)
[5]: (52.02305435444776,1)
[6]: (52.55858977883629,1)
[7]: (52.07054542370433,1)
[8]: (52.24975846658513,1)
[9]: (52.00442966816885,1)
[10]: (52.2266409929025,1)
[11]: (52.02589116619343,1)
[12]: (52.78292542247113,1)
[13]: (52.00704977666767,1)
[14]: (52.11697639049259,1)
[15]: (52.14544544519807,1)
[16]: (52.72982843473373,1)
[17]: (53.4049323450567,1)
[18]: (52.10772491437496,1)
[19]: (52.67919216138689,1)
[20]: (52.15470142301999,1)
[21]: (52.1144618838752,1)
[22]: (52.48994395538686,1)
[23]: (52.18349199402175,1)
[24]: (52.28141876747041,1)
[25]: (52.10678574310955,1)
[26]: (52.02345798417119,1)
[27]: (52.62962227492861,1)
[28]: (52.32106972759748,1)
[29]: (52.70619964851377,1)
[30]: (52.03652569441694,1)
[31]: (52.20723533974179,1)
[32]: (52.06898878928772,1)
[33]: (52.3247137199492,1)
[34]: (52.77282406752484,1)
[35]: (52.74300647798552,1)
[36]: (53.43322693655764,1)
[37]: (52.52431839581298,1)
[38]: (52.32980010828641,1)
[39]: (52.18309089271079,1)
[40]: (52.57404431568887,1)
[41]: (52.29355834658511,1)
[42]: (52.09758529252712,1)
[43]: (53.54062821312053,1)
[44]: (52.26218602829424,1)
[45]: (52.2358126709487,1)
[46]: (52.01432301795958,1)
[47]: (52.11300538768289,1)
[48]: (52.89655474921991,1)
[49]: (52.1202234598118,1)
[50]: (52.40481031653522,1)
[51]: (52.06005129084649,1)
[52]: (52.13424770451173,1)
[53]: (52.55963106386136,1)
[54]: (52.97002154987475,1)
[55]: (52.66119765230329,1)
[56]: (52.35914413123686,1)
[57]: (52.23801476770224,1)
[58]: (52.10144998083764,1)
[59]: (52.50476601371943,1)
[60]: (52.12508055680588,1)
[61]: (52.29292846601442,1)
[62]: (52.85737300232576,1)
[63]: (52.35226953259026,1)
[64]: (52.17277165502949,1)
[65]: (52.15866956048684,1)
[66]: (52.19907754824427,1)
[67]: (52.37561827672805,1)
[68]: (52.2267233967485,1)
[69]: (52.02649549122175,1)
[70]: (53.32450396678619,1)
[71]: (52.11029223716157,1)
[72]: (52.47218962866994,1)
[73]: (52.07346967435995,1)
[74]: (52.30630340638214,1)
[75]: (52.02200196031409,1)
[76]: (52.13560096228447,1)
[77]: (52.54678638714248,1)
[78]: (53.13139851139066,1)
[79]: (52.92097625844497,1)
[80]: (52.14544445171062,1)
[81]: (52.46486402541148,1)
[82]: (52.38961651215097,1)
[83]: (52.45720925513202,1)
[84]: (52.15572895413759,1)
[85]: (52.31484766383827,1)
[86]: (53.1922602503483,1)
[87]: (52.04578940032954,1)
[88]: (52.33546177311822,1)
[89]: (52.22083163336653,1)
[90]: (52.03242393731436,1)
[91]: (52.77658656361634,1)
[92]: (52.01606928164754,1)
[93]: (53.47006770006869,1)
[94]: (52.33912942087136,1)
[95]: (52.1131822160817,1)
[96]: (52.25149551137181,1)
[97]: (52.36810997550369,1)
[98]: (52.15582049268728,1)
[99]: (52.58353991869,1)
[100]: (52.44075688004102,1)
[101]: (52.67477047035029,1)
[102]: (52.27235998344459,1)
[103]: (52.0513280876208,1)
[104]: (52.36453667967273,1)
[105]: (52.48120801548506,1)
[106]: (52.2085698377912,1)
[107]: (52.81946020520846,1)
[108]: (52.33478136073225,1)
[109]: (52.02074963737689,1)
[110]: (52.06117829098207,1)
[111]: (52.14182601579644,1)
[112]: (52.01998219789274,1)
[113]: (52.28389751531325,1)
[114]: (52.49544444620226,1)
[115]: (52.7407934358433,1)
[116]: (53.16937111717794,1)
[117]: (52.23303472233426,1)
[118]: (52.58479298237938,1)
[119]: (52.22245818033733,1)
[120]: (52.0236072652371,1)
[121]: (52.11494891332261,1)
[122]: (52.02652106218247,1)
[123]: (52.36885816478014,1)
[124]: (52.00771546216347,1)
[125]: (52.89811168375885,1)
[126]: (52.12599752444415,1)
[127]: (52.29088555861586,1)
[128]: (52.33753345933901,1)
[129]: (52.49534541365347,1)
[130]: (52.56073204254445,1)
[131]: (52.38848413254122,1)
[132]: (52.2728831357299,1)
[133]: (52.66485321211242,1)
[134]: (52.36919819270605,1)
[135]: (52.1507472813819,1)
[136]: (52.99821183103964,1)
[137]: (54.19546918222362,1)
[138]: (52.00222816458526,1)
[139]: (52.4318538580463,1)
[140]: (52.1050006839769,1)
[141]: (52.54315585470253,1)
[142]: (52.06820218251915,1)
[143]: (52.05347796016282,1)
[144]: (52.8482218721028,1)
[145]: (52.5303406860946,1)
[146]: (52.04132039392456,1)
[147]: (52.17362238007912,1)
[148]: (52.3313549447752,1)
[149]: (52.01002080172232,1)
[150]: (53.25376507063505,1)
[151]: (52.0471358432138,1)
[152]: (52.2184339122332,1)
[153]: (52.44313116411443,1)
[154]: (52.46103324208271,1)
[155]: (52.29105459086662,1)
[156]: (52.19387183372585,1)
[157]: (52.01550513381634,1)
[158]: (52.1827862614047,1)
[159]: (52.25455995521557,1)
[160]: (52.15145987919625,1)
[161]: (52.03350503590311,1)
[162]: (52.1070264445456,1)
[163]: (52.62870488508929,1)
[164]: (52.15282551929664,1)
[165]: (52.56913343853293,1)
[166]: (52.53224750311148,1)
[167]: (52.94027301533338,1)
[168]: (52.56789474336583,1)
[169]: (52.12683907695393,1)
[170]: (52.07675542767653,1)
[171]: (52.17288739487473,1)
[172]: (52.03118881953721,1)
[173]: (52.27382179778942,1)
[174]: (52.04152133998983,1)
[175]: (53.1439373241671,1)
[176]: (52.8119820138178,1)
[177]: (52.25873695537984,1)
[178]: (52.27878610889584,1)
[179]: (52.25689325835785,1)
[180]: (52.044300202418,1)
[181]: (52.60474989294809,1)
[182]: (52.34401620306075,1)
[183]: (53.07126521376338,1)
[184]: (52.73585790984441,1)
[185]: (52.66726334686431,1)
[186]: (52.7541577581045,1)
[187]: (53.01354506643012,1)
[188]: (52.0243779559828,1)
[189]: (52.25506409244571,1)
[190]: (52.23711082397805,1)
[191]: (52.76842109967848,1)
[192]: (52.03289707375855,1)
[193]: (52.06933533360831,1)
[194]: (52.18440297775722,1)
[195]: (52.01648092746617,1)
[196]: (52.03842868635427,1)
[197]: (52.19377567636334,1)
[198]: (52.25628126114992,1)
[199]: (52.35008058999865,1)
[200]: (52.15515696640479,1)
[201]: (52.22121169338794,1)
[202]: (52.19741875541906,1)
[203]: (52.02134761312995,1)
[204]: (52.11637494073525,1)
[205]: (52.00192345601599,1)
[206]: (52.17082475486517,1)
[207]: (52.01264309474725,1)
[208]: (52.44687290620655,1)
[209]: (52.31503328835741,1)
[210]: (52.66605642535312,1)
[211]: (52.20597781940432,1)
[212]: (52.39639293943036,1)
[213]: (52.36790483808006,1)
[214]: (52.4324713412471,1)
[215]: (52.20270245268039,1)
[216]: (52.1129283844588,1)
[217]: (52.04805637067893,1)
[218]: (52.25218939272894,1)
[219]: (53.14298627852478,1)
[220]: (52.33334395025371,1)
[221]: (52.30705872476257,1)
[222]: (52.23693341815668,1)
[223]: (52.25547515971504,1)
[224]: (52.035092862284,1)
[225]: (52.03746331777178,1)
[226]: (52.66744339095995,1)
[227]: (52.38101831561697,1)
[228]: (52.04317045554642,1)
[229]: (52.48442184624889,1)
[230]: (52.20533769240538,1)
[231]: (52.12440387909828,1)
[232]: (52.15770558388196,1)
[233]: (52.15967476215325,1)
[234]: (52.34565746431025,1)
[235]: (52.69011899875535,1)
[236]: (52.11146923960673,1)
[237]: (52.84964840436056,1)
[238]: (52.0481666053387,1)
[239]: (52.10381143820705,1)
[240]: (52.59470774230359,1)
[241]: (52.25925858665403,1)
[242]: (52.00731852478195,1)
[243]: (52.04479570853055,1)
[244]: (52.40239079702883,1)
[245]: (52.71741419586344,1)
[246]: (52.46898651849961,1)
[247]: (52.39942780579751,1)
[248]: (52.10161597457728,1)
[249]: (52.18143869129554,1)
[250]: (52.6021282499074,1)
[251]: (52.03400163636385,1)
[252]: (52.08250230792385,1)
[253]: (52.03881999679423,1)
[254]: (52.13264639739845,1)
[255]: (52.18998991944075,1)
[256]: (53.01067249624471,1)
[257]: (52.22910442519128,1)
[258]: (52.28803110289809,1)
[259]: (52.17797705575978,1)
[260]: (52.01875914347369,1)
[261]: (52.73418493846897,1)
[262]: (52.29934256809253,1)
[263]: (52.19380922844638,1)
[264]: (52.05462147126487,1)
[265]: (52.27892015513986,1)
[266]: (52.19794518074796,1)
[267]: (52.15171259482417,1)
[268]: (52.16913435772156,1)
[269]: (52.67913821704148,1)
[270]: (52.33286739050519,1)
[271]: (52.13510643762883,1)
[272]: (52.21118656574501,1)
[273]: (52.19716310005544,1)
[274]: (52.044445025228,1)
[275]: (52.28101162876668,1)
[276]: (52.00055999187947,1)
[277]: (52.02492787209402,1)
[278]: (53.42803855732363,1)
[279]: (52.43068462015198,1)
[280]: (52.22397245127188,1)
[281]: (52.51146581348335,1)
[282]: (52.31902613871617,1)
[283]: (52.36967448370832,1)
[284]: (52.1767735258199,1)
[285]: (52.56337540210571,1)
[286]: (52.01088775667337,1)
[287]: (52.73915597102339,1)
[288]: (52.03351651609332,1)
[289]: (52.25937362701102,1)
[290]: (52.71924197142754,1)
[291]: (52.26222452688253,1)
[292]: (52.08888934885021,1)
[293]: (52.8890099730132,1)
[294]: (52.15393491548673,1)
[295]: (52.74863037955188,1)
[296]: (52.06475413210342,1)
[297]: (52.15609629942028,1)
[298]: (52.05479042023421,1)
[299]: (52.22182483620978,1)
[300]: (52.25697235781841,1)
[301]: (52.69099198708275,1)
[302]: (52.16608335616288,1)
[303]: (52.74195626313171,1)
[304]: (52.01589305323505,1)
[305]: (52.1759036510539,1)
[306]: (52.00223823645651,1)
[307]: (52.53634375907222,1)
[308]: (52.07013005725828,1)
[309]: (52.1164225854281,1)
[310]: (53.06420305817397,1)
[311]: (52.19569676434853,1)
[312]: (52.18115039967352,1)
[313]: (52.13628583437189,1)
[314]: (52.04469757057077,1)
[315]: (52.05238788711355,1)
[316]: (52.46823027044294,1)
[317]: (52.34202273608055,1)
[318]: (52.05600018538165,1)
[319]: (52.03307443886131,1)
[320]: (52.00886559189412,1)
[321]: (52.24092210075052,1)
[322]: (52.09191521326562,1)
[323]: (52.1346359971096,1)
[324]: (53.17234820285351,1)
[325]: (52.00391290293894,1)
[326]: (52.06198322615074,1)
[327]: (52.50258967371241,1)
[328]: (52.70131062619036,1)
[329]: (52.46633590197202,1)
[330]: (52.13237612017765,1)
[331]: (52.04792494138538,1)
[332]: (52.054444160045,1)
[333]: (52.40344642232274,1)
[334]: (52.01010813027703,1)
[335]: (52.12816523598649,1)
[336]: (52.08005088537625,1)
[337]: (52.30981144924534,1)
[338]: (52.81042977067906,1)
[339]: (52.83670063473651,1)
[340]: (52.08299940897523,1)
[341]: (52.23661810380847,1)
[342]: (52.97002464338368,1)
[343]: (52.60214279414415,1)
[344]: (52.02228972203578,1)
[345]: (53.00405823997775,1)
[346]: (52.7117421744013,1)
[347]: (52.0112237578432,1)
[348]: (52.04327543195993,1)
[349]: (52.16614578664544,1)
[350]: (52.08751607426031,1)
[351]: (52.09258118609038,1)
[352]: (52.06707749608385,1)
[353]: (52.37699120052252,1)
[354]: (52.04781385638464,1)
[355]: (52.45499383966669,1)
[356]: (52.2842609594376,1)
[357]: (52.01745395376626,1)
[358]: (52.26308231600829,1)
[359]: (52.07259552680087,1)
[360]: (52.24308986636396,1)
[361]: (52.16759377879595,1)
[362]: (52.16579577766684,1)
[363]: (52.5814868232874,1)
[364]: (52.12478748553097,1)
[365]: (52.086636904203,1)
[366]: (52.33664113797075,1)
[367]: (52.32452936293879,1)
[368]: (52.28039314262613,1)
[369]: (52.34726465344753,1)
[370]: (52.0182715001834,1)
[371]: (52.36579456434507,1)
[372]: (52.29511255873462,1)
[373]: (52.08187942642512,1)
[374]: (52.65924089316045,1)
[375]: (52.41872857389787,1)
[376]: (52.12317855664516,1)
[377]: (52.50941639140407,1)
[378]: (52.04522549244179,1)
[379]: (52.32502026693505,1)
[380]: (52.22971042250781,1)
[381]: (52.13387023064917,1)
[382]: (52.84270256781119,1)
[383]: (52.39989715531362,1)
[384]: (52.09844581663043,1)
[385]: (52.05866778307512,1)
[386]: (52.57222954000385,1)
[387]: (52.39198314511479,1)
[388]: (52.36225852834126,1)
[389]: (52.06577359849728,1)
[390]: (52.07308774079331,1)
[391]: (53.8467663014548,1)
[392]: (52.16212371426779,1)
[393]: (52.01366837517379,1)
[394]: (52.13715684827378,1)
[395]: (52.11433800856645,1)
[396]: (53.35951285093608,1)
[397]: (52.11756837299914,1)
[398]: (52.01324074728186,1)
[399]: (52.42393567491187,1)
[400]: (52.28101466554877,1)
[401]: (52.20470772325233,1)
[402]: (53.26276568366327,1)
[403]: (53.21299275758078,1)
[404]: (52.01194028340721,1)
[405]: (52.20026958791161,1)
[406]: (52.21730067301404,1)
[407]: (52.24196161220157,1)
[408]: (53.42305920658807,1)
[409]: (52.15869327867284,1)
[410]: (52.23319083895121,1)
[411]: (52.07356089951951,1)
[412]: (52.00743559292686,1)
[413]: (52.29527949324901,1)
[414]: (52.02204435849998,1)
[415]: (52.16892872263752,1)
[416]: (52.98993878751729,1)
[417]: (52.11630302524686,1)
[418]: (52.67714095111668,1)
[419]: (52.09680507059075,1)
[420]: (52.38498202810774,1)
[421]: (52.12331301891951,1)
[422]: (52.20466682637429,1)
[423]: (52.57839203611529,1)
[424]: (52.82412647130806,1)
[425]: (52.47737115803486,1)
[426]: (52.34413109087938,1)
[427]: (52.14159183468832,1)
[428]: (52.62626715227866,1)
[429]: (52.4282508814844,1)
[430]: (52.38563320658633,1)
[431]: (52.22372315855976,1)
[432]: (52.18894060316833,1)
[433]: (52.02194754217052,1)
[434]: (52.39529556908307,1)
[435]: (52.59832963123115,1)
[436]: (52.65044210710951,1)
[437]: (52.05204866734711,1)
[438]: (52.05484797557948,1)
[439]: (52.10282559910274,1)
[440]: (52.11259947033572,1)
[441]: (52.02603813033595,1)
[442]: (52.01294414991305,1)
[443]: (52.04285015262897,1)
[444]: (52.02291142230886,1)
[445]: (52.34746526931888,1)
[446]: (52.17835063517879,1)
[447]: (52.89133322285212,1)
[448]: (52.06790954141448,1)
[449]: (52.35229732334965,1)
[450]: (52.89262593373198,1)
[451]: (52.13120708069028,1)
[452]: (52.00837932208797,1)
[453]: (52.17788661574023,1)
[454]: (52.13980607894243,1)
[455]: (52.22891033431248,1)
[456]: (52.40387864003616,1)
[457]: (52.08581086255244,1)
[458]: (52.28871729749976,1)
[459]: (52.19146324757654,1)
[460]: (52.84297935291777,1)
[461]: (52.05386775285108,1)
[462]: (52.44097705861259,1)
[463]: (52.43669326992598,1)
[464]: (52.35791439322502,1)
[465]: (52.59776128612792,1)
[466]: (52.02281602792222,1)
[467]: (52.21121459164925,1)
[468]: (52.16580587487403,1)
[469]: (52.17495190432936,1)
[470]: (52.16868890115748,1)
[471]: (52.45777864022929,1)
[472]: (52.14477415606687,1)
[473]: (52.20544339293113,1)
[474]: (52.28123260617714,1)
[475]: (52.41651144598143,1)
[476]: (52.57587842589247,1)
[477]: (52.265336865854,1)
[478]: (52.92296027669251,1)
[479]: (52.05539629146259,1)
[480]: (52.33252901936356,1)
[481]: (52.30788973820711,1)
[482]: (52.1572021312146,1)
[483]: (53.07264340565976,1)
[484]: (52.22232532286412,1)
[485]: (52.75320300825157,1)
[486]: (52.29931104288464,1)
[487]: (52.15050810793861,1)
[488]: (52.14235699231237,1)
[489]: (52.29468399266951,1)
[490]: (52.67757136027755,1)
[491]: (52.09383821651294,1)
[492]: (52.6393840225554,1)
[493]: (52.37704902060172,1)
[494]: (52.4947844641066,1)
[495]: (52.16421137516933,1)
[496]: (52.5390246074863,1)
[497]: (52.58242675576184,1)
[498]: (52.068628080043,1)
[499]: (52.06436715864945,1)
[500]: (52.04857942796522,1)
[501]: (52.61135712927045,1)
[502]: (52.02955897029161,1)
[503]: (52.34650171466305,1)
[504]: (52.92982429114814,1)
[505]: (52.51963020462954,1)
[506]: (52.07514395244797,1)
[507]: (52.48293531087042,1)
[508]: (52.99196844045541,1)
[509]: (52.09867761234422,1)
[510]: (52.17582532784586,1)
[511]: (52.33047962560006,1)
[512]: (52.26898753315643,1)
[513]: (52.94967082665203,1)
[514]: (52.24294715564361,1)
[515]: (52.11418450204082,1)
[516]: (53.93586904106009,1)
[517]: (52.0422110157154,1)
[518]: (52.16596732526219,1)
[519]: (52.03097856255413,1)
[520]: (52.46351439486536,1)
[521]: (52.11491955475684,1)
[522]: (52.04213748557135,1)
[523]: (52.06885386240008,1)
[524]: (53.23460520508715,1)
[525]: (52.0131246919779,1)
[526]: (52.53236956893578,1)
[527]: (52.24721447258976,1)
[528]: (52.03814720344252,1)
[529]: (52.02995080138108,1)
[530]: (52.29305591345729,1)
[531]: (52.92896571508211,1)
[532]: (52.18074295352456,1)
[533]: (52.05065421692175,1)
[534]: (52.4034629499448,1)
[535]: (52.06297266314311,1)
[536]: (52.26471049235199,1)
[537]: (52.09096587573757,1)
[538]: (52.67178785057304,1)
[539]: (52.28897429746726,1)
[540]: (52.12533424943687,1)
[541]: (52.19368050025746,1)
[542]: (52.01591192056355,1)
[543]: (52.0910019584082,1)
[544]: (52.08835827541303,1)
[545]: (52.13797549179506,1)
[546]: (52.24668459680678,1)
[547]: (52.41149502193358,1)
[548]: (52.28086080985845,1)
[549]: (52.07569233976773,1)
[550]: (52.46186006268896,1)
[551]: (52.2968491349156,1)
[552]: (52.0242053405457,1)
[553]: (52.51275812998617,1)
[554]: (52.38331896017549,1)
[555]: (52.05916299556794,1)
[556]: (52.01489464400151,1)
[557]: (52.09499426219917,1)
[558]: (52.06556553071198,1)
[559]: (52.38816439795888,1)
[560]: (52.49277437692232,1)
[561]: (52.10010462197685,1)
[562]: (52.00592090091155,1)
[563]: (52.59885855539869,1)
[564]: (52.09677174585625,1)
[565]: (52.07240273127043,1)
[566]: (52.03973937238521,1)
[567]: (52.39133172274785,1)
[568]: (52.14927535494499,1)
[569]: (52.0966384076608,1)
[570]: (52.0186856678348,1)
[571]: (52.1746182602529,1)
[572]: (52.39001598842206,1)
[573]: (52.51257986221025,1)
[574]: (52.41475178566048,1)
[575]: (52.10711533052574,1)
[576]: (52.17515069393716,1)
[577]: (53.49781378982789,1)
[578]: (52.96537883600043,1)
[579]: (52.25302957418432,1)
[580]: (52.54621225839511,1)
[581]: (52.16535561280495,1)
[582]: (52.07774491262109,1)
[583]: (52.17764872793947,1)
[584]: (52.01425059516157,1)
[585]: (52.77401130521377,1)
[586]: (52.0248341317171,1)
[587]: (52.41067829012296,1)
[588]: (52.36298230020634,1)
[589]: (52.55300312379782,1)
[590]: (52.30674289680395,1)
[591]: (52.28479230901503,1)
[592]: (52.15097168482755,1)
[593]: (52.57061291693599,1)
[594]: (53.10509161592274,1)
[595]: (52.5812067441084,1)
[596]: (52.32920602159371,1)
[597]: (52.24567708265791,1)
[598]: (52.76448994325185,1)
[599]: (52.31150248561178,1)
[600]: (52.79109550083058,1)
[601]: (52.12468544510485,1)
[602]: (52.24277866660997,1)
[603]: (52.66621790164174,1)
[604]: (52.38554581023897,1)
[605]: (52.33997195304009,1)
[606]: (52.32102816791188,1)
[607]: (52.30301345569628,1)
[608]: (52.0820527806932,1)
[609]: (52.05152498251233,1)
[610]: (52.12557244958526,1)
[611]: (52.35209622282139,1)
[612]: (52.86841051572477,1)
[613]: (52.71166891427511,1)
[614]: (52.04110222486369,1)
[615]: (52.06291173313672,1)
[616]: (52.10737823920897,1)
[617]: (52.78187311846276,1)
[618]: (54.0041952837811,1)
[619]: (52.47141523981619,1)
[620]: (52.66519473001483,1)
[621]: (52.18408115896302,1)
[622]: (52.03086017678211,1)
[623]: (52.50227978522061,1)
[624]: (52.31472380848627,1)
[625]: (52.34612493412702,1)
[626]: (52.43189365685518,1)
[627]: (52.11182344518907,1)
[628]: (52.37309847956742,1)
[629]: (52.10151814522492,1)
[630]: (52.6275286425384,1)
[631]: (52.81307525409844,1)
[632]: (52.34510901674495,1)
[633]: (52.65184414930044,1)
[634]: (52.6625287450625,1)
[635]: (52.22669557065411,1)
[636]: (52.19904328999487,1)
[637]: (52.10347138687448,1)
[638]: (52.46723804980245,1)
[639]: (52.44563115437293,1)
[640]: (52.34685357709492,1)
[641]: (52.47723282098401,1)
[642]: (52.18746299916301,1)
[643]: (52.19759299251911,1)
[644]: (52.00683357531176,1)
[645]: (52.29423335267867,1)
[646]: (52.08512390661379,1)
[647]: (52.10450629759306,1)
[648]: (52.10478222600101,1)
[649]: (52.11526110233419,1)
[650]: (52.42403007116931,1)
[651]: (52.04659205506041,1)
[652]: (52.03197515451605,1)
[653]: (52.01233494328555,1)
[654]: (52.10662536128016,1)
[655]: (53.66005848442666,1)
[656]: (52.30732025109292,1)
[657]: (52.10834940733504,1)
[658]: (52.14139520479613,1)
[659]: (52.07778686046088,1)
[660]: (52.08803982631012,1)
[661]: (52.13744003513714,1)
[662]: (52.21107221280262,1)
[663]: (52.08545237223041,1)
[664]: (52.10387150393688,1)
[665]: (52.12516754833281,1)
[666]: (52.47847279085821,1)
[667]: (52.13426931849239,1)
[668]: (52.15603538074169,1)
[669]: (52.36055163227099,1)
[670]: (52.31128652816121,1)
[671]: (52.7428449026394,1)
[672]: (52.01285630904491,1)
[673]: (52.1372110066665,1)
[674]: (52.00596409516593,1)
[675]: (53.32610964177331,1)
[676]: (52.36817187157637,1)
[677]: (52.61810120647813,1)
[678]: (52.24010485041862,1)
[679]: (52.07634381178412,1)
[680]: (52.71035595374127,1)
[681]: (52.46169377172476,1)
[682]: (52.2884859041428,1)
[683]: (53.31467664263827,1)
[684]: (52.64560232327813,1)
[685]: (52.26848448277592,1)
[686]: (52.20660341779362,1)
[687]: (52.18105124858678,1)
[688]: (52.18635083495353,1)
[689]: (52.25160095316925,1)
[690]: (52.28684770023381,1)
[691]: (52.33647637092712,1)
[692]: (52.02330211390453,1)
[693]: (52.01784207826388,1)
[694]: (52.62641517441826,1)
[695]: (52.00039498529746,1)
[696]: (52.08478526214007,1)
[697]: (52.38761873763789,1)
[698]: (52.0566541751822,1)
[699]: (52.55830939769253,1)
[700]: (52.05093980462743,1)
[701]: (52.19668487493447,1)
[702]: (52.13943174565885,1)
[703]: (52.61357888082795,1)
[704]: (52.14164376665778,1)
[705]: (53.87239002032284,1)
[706]: (52.43642231808444,1)
[707]: (52.05757501958902,1)
[708]: (52.04192531433806,1)
[709]: (52.18997353586157,1)
[710]: (52.65297084630159,1)
[711]: (52.39423483981817,1)
[712]: (52.00453106859972,1)
[713]: (52.27844240807232,1)
[714]: (52.08366284102415,1)
[715]: (52.81599686235004,1)
[716]: (52.41508605627504,1)
[717]: (52.4904328544597,1)
[718]: (52.65756270577334,1)
[719]: (52.4905048296631,1)
[720]: (52.06575402984868,1)
[721]: (52.23297310399676,1)
[722]: (52.64872670308274,1)
[723]: (52.27016055060918,1)
[724]: (52.02593748613293,1)
[725]: (52.16363548111916,1)
[726]: (52.2960105633266,1)
[727]: (52.33242675950668,1)
[728]: (52.53742604243717,1)
[729]: (52.20389926821339,1)
[730]: (52.49425693272519,1)
[731]: (52.02733722349715,1)
[732]: (52.25652681543333,1)
[733]: (52.05106654409433,1)
[734]: (52.4480178692308,1)
[735]: (52.06731744179395,1)
[736]: (52.08217232839195,1)
[737]: (52.01220722033376,1)
[738]: (52.10003955303986,1)
[739]: (52.25427030536608,1)
[740]: (52.16651870535167,1)
[741]: (52.002285414341,1)
[742]: (52.10066894491265,1)
[743]: (52.15021644805105,1)
[744]: (52.38298256550794,1)
[745]: (52.18099842210976,1)
[746]: (52.02458810514547,1)
[747]: (52.1556784550417,1)
[748]: (52.62136153909326,1)
[749]: (52.06474572778519,1)
[750]: (52.68884674487528,1)
[751]: (52.3436387674578,1)
[752]: (52.18052268323044,1)
[753]: (52.16155163803368,1)
[754]: (52.03722799743005,1)
[755]: (52.47094585780803,1)
[756]: (53.11111285267904,1)
[757]: (52.71243113301522,1)
[758]: (52.09098962614009,1)
[759]: (52.34536890622795,1)
[760]: (52.19158093714969,1)
[761]: (53.18684607346407,1)
[762]: (52.8954173616293,1)
[763]: (52.70665510932676,1)
[764]: (52.40382242145892,1)
[765]: (52.6092044784065,1)
[766]: (52.05120213458026,1)
[767]: (52.04708326800289,1)
[768]: (52.27589093238656,1)
[769]: (52.19303028495539,1)
[770]: (52.52425814624462,1)
[771]: (52.41304984173621,1)
[772]: (52.76497865664592,1)
[773]: (52.20848118451837,1)
[774]: (52.11891278945629,1)
[775]: (52.07947109124611,1)
[776]: (52.22283432033417,1)
[777]: (52.37556305235338,1)
[778]: (52.94510870520192,1)
[779]: (52.00189637179877,1)
[780]: (52.31516361416801,1)
[781]: (52.07224971423435,1)
[782]: (52.11693986596591,1)
[783]: (52.03573807106296,1)
[784]: (52.36263887356873,1)
[785]: (52.92604048799586,1)
[786]: (52.08330659558585,1)
[787]: (52.5464917991153,1)
[788]: (52.18619728176977,1)
[789]: (52.27347956747834,1)
[790]: (52.31934768531244,1)
[791]: (52.03382483465447,1)
[792]: (52.21901739312828,1)
[793]: (52.14860387201123,1)
[794]: (52.14571287168906,1)
[795]: (52.11204575184886,1)
[796]: (52.2796039924075,1)
[797]: (52.08082845518069,1)
[798]: (52.17534967267084,1)
[799]: (52.4007002216489,1)
[800]: (52.10861276479948,1)
[801]: (52.26244886202297,1)
[802]: (52.58076716525454,1)
[803]: (52.16454189092372,1)
[804]: (52.0682827138354,1)
[805]: (52.26321082184568,1)
[806]: (52.48514897433367,1)
[807]: (52.21332469242571,1)
[808]: (52.9024143728507,1)
[809]: (52.24690497368069,1)
[810]: (52.09706859317252,1)
[811]: (52.42018629025112,1)
[812]: (52.28215486132498,1)
[813]: (52.99726434134242,1)
[814]: (52.09802101884153,1)
[815]: (52.24719877565119,1)
[816]: (52.39787493363674,1)
[817]: (52.07993337000993,1)
[818]: (52.05199904911058,1)
[819]: (53.70157801146298,1)
[820]: (52.45220414875166,1)
[821]: (52.1574874546809,1)
[822]: (52.00465090040845,1)
[823]: (52.3567006177772,1)
[824]: (52.53578827575189,1)
[825]: (52.13642914018293,1)
[826]: (52.20775516686616,1)
[827]: (52.17753534725927,1)
[828]: (52.3644794672039,1)
[829]: (52.42670649107708,1)
[830]: (52.07140728939996,1)
[831]: (52.25383224487542,1)
[832]: (52.00223031381708,1)
[833]: (52.82533514714891,1)
[834]: (52.08113288102011,1)
[835]: (52.03744490400307,1)
[836]: (53.03228700827322,1)
[837]: (52.89533726631765,1)
[838]: (52.24018279043937,1)
[839]: (52.49545648651091,1)
[840]: (52.04229190311439,1)
[841]: (52.00782644735595,1)
[842]: (52.1067500268322,1)
[843]: (52.31814293528836,1)
[844]: (52.38238275602437,1)
[845]: (52.41268556093104,1)
[846]: (52.03370636404897,1)
[847]: (52.07808624959645,1)
[848]: (53.56196041587743,1)
[849]: (52.48332881810708,1)
[850]: (53.60075715526322,1)
[851]: (52.4367669978164,1)
[852]: (52.76882500196724,1)
[853]: (52.23418900279685,1)
[854]: (52.66743842853545,1)
[855]: (52.11219640579718,1)
[856]: (52.0442642578878,1)
[857]: (52.1082581193272,1)
[858]: (52.09471547720685,1)
[859]: (52.20752083864907,1)
[860]: (52.37862296307222,1)
[861]: (52.24494494291155,1)
[862]: (52.54760144424574,1)
[863]: (52.98653509832553,1)
[864]: (52.37576269296414,1)
[865]: (52.18056602214862,1)
[866]: (52.38059300890384,1)
[867]: (52.01590309095415,1)
[868]: (52.03056434713233,1)
[869]: (52.07609482408267,1)
[870]: (52.11138180005415,1)
[871]: (52.37833683050872,1)
[872]: (53.09653381114862,1)
[873]: (52.02804065615049,1)
[874]: (52.45794790082484,1)
[875]: (52.17035955563725,1)
[876]: (52.09232993417805,1)
[877]: (52.71239478485401,1)
[878]: (52.49236486646207,1)
[879]: (52.93439143970573,1)
[880]: (52.06527624673358,1)
[881]: (52.03931892799034,1)
[882]: (53.06371824212534,1)
[883]: (52.14814698752689,1)
[884]: (52.21896769233609,1)
[885]: (52.79700673084095,1)
[886]: (52.06576749734236,1)
[887]: (52.08424642065712,1)
[888]: (52.16733020576979,1)
[889]: (52.11087048630469,1)
[890]: (52.08197339971887,1)
[891]: (52.13533330778456,1)
[892]: (52.07057225974779,1)
[893]: (52.37947125937963,1)
[894]: (52.31563359293196,1)
[895]: (52.49695601007095,1)
[896]: (54.59009894349667,1)
[897]: (52.33418964796584,1)
[898]: (52.44839770541437,1)
[899]: (52.20743033132481,1)
[900]: (52.81245422752608,1)
[901]: (52.36377030272772,1)
[902]: (52.27817433233631,1)
[903]: (52.13975741903801,1)
[904]: (52.13972333362176,1)
[905]: (52.03954808075391,1)
[906]: (52.36492155034274,1)
[907]: (52.6008553002079,1)
[908]: (52.04309602646951,1)
[909]: (52.13004859039339,1)
[910]: (53.23958297325485,1)
[911]: (52.00777651888834,1)
[912]: (52.16386651680854,1)
[913]: (52.00140887554317,1)
[914]: (52.06806318951491,1)
[915]: (52.29857341693499,1)
[916]: (52.24272632945716,1)
[917]: (52.15030053967403,1)
[918]: (52.11891135558243,1)
[919]: (52.24324724896415,1)
[920]: (52.70823078995974,1)
[921]: (52.23352401630324,1)
[922]: (52.13287310479994,1)
[923]: (52.14066912355071,1)
[924]: (52.13774725743878,1)
[925]: (52.27868026628673,1)
[926]: (52.2767670312562,1)
[927]: (52.4440420749524,1)
[928]: (52.1497403526508,1)
[929]: (52.1517289945682,1)
[930]: (52.63068009688769,1)
[931]: (52.13527691410186,1)
[932]: (52.34040269169937,1)
[933]: (52.61307492425162,1)
[934]: (52.16465362154034,1)
[935]: (52.17441556597357,1)
[936]: (52.34216747100363,1)
[937]: (52.12498636339156,1)
[938]: (52.70779582334912,1)
[939]: (52.51394332882235,1)
[940]: (52.43027524353549,1)
[941]: (52.00342941337925,1)
[942]: (52.37140092063147,1)
[943]: (52.16328202752621,1)
[944]: (52.10228827313819,1)
[945]: (52.53594926246632,1)
[946]: (52.49244931129641,1)
[947]: (52.73940816224708,1)
[948]: (52.2298431916049,1)
[949]: (52.2602994427041,1)
[950]: (53.26658386628175,1)
[951]: (52.16748338755991,1)
[952]: (52.05774338447065,1)
[953]: (53.10898595621819,1)
[954]: (52.16725908089126,1)
[955]: (52.26203505199513,1)
[956]: (52.56247385922983,1)
[957]: (52.36371680802587,1)
[958]: (52.01597578247169,1)
[959]: (52.29942011672308,1)
[960]: (52.01613081627842,1)
[961]: (52.52834502903275,1)
[962]: (52.04760094126889,1)
[963]: (52.22262954712708,1)
[964]: (52.00545666442106,1)
[965]: (52.11647390172106,1)
[966]: (52.39269227179148,1)
[967]: (52.61203580881072,1)
[968]: (52.321181448902,1)
[969]: (52.51753439548281,1)
[970]: (52.04153960916985,1)
[971]: (52.0827990636875,1)
[972]: (52.0929097950757,1)
[973]: (52.12407967886825,1)
[974]: (52.27042075466835,1)
[975]: (52.43869614722048,1)
[976]: (52.09240733969956,1)
[977]: (52.05466298364368,1)
[978]: (52.30038142405444,1)
[979]: (52.05471069734962,1)
[980]: (52.7359228972128,1)
[981]: (52.0743657862466,1)
[982]: (52.0956150978197,1)
[983]: (52.02786094178196,1)
[984]: (52.26667907084771,1)
[985]: (52.2893779784211,1)
[986]: (52.02191702783255,1)
[987]: (52.10271525486242,1)
[988]: (52.01116128290165,1)
[989]: (52.32787680395727,1)
[990]: (52.21815937652903,1)
[991]: (52.51145760589581,1)
[992]: (52.263678327407,1)
[993]: (52.14152493378218,1)
[994]: (52.41601112590239,1)
[995]: (52.0454252855757,1)
[996]: (52.22470705227587,1)
[997]: (52.03454512725146,1)
[998]: (52.13675160099503,1)
[999]: (52.98744749318237,1)
[1000]: (52.02458118783603,1)
[1001]: (52.10067442767303,1)
[1002]: (52.13184790649511,1)
[1003]: (52.20526115831201,1)
[1004]: (52.00991920958166,1)
[1005]: (52.1281037139034,1)
[1006]: (52.11632680437731,1)
[1007]: (52.04918428297309,1)
[1008]: (52.05260042343071,1)
[1009]: (52.17596906774966,1)
[1010]: (52.57431333041399,1)
[1011]: (52.12643724659767,1)
[1012]: (52.19342685748732,1)
[1013]: (53.0765877884603,1)
[1014]: (52.93545579711515,1)
[1015]: (52.0278983888248,1)
[1016]: (52.03349751793262,1)
[1017]: (52.46277853665887,1)
[1018]: (52.26560560661025,1)
[1019]: (52.20562858376476,1)
[1020]: (52.08691561581977,1)
[1021]: (52.02586362477746,1)
[1022]: (52.01274241599786,1)
[1023]: (52.32529554936787,1)
[1024]: (52.05994442763416,1)
[1025]: (52.48761846494803,1)
[1026]: (52.03559838625518,1)
[1027]: (52.03787665301739,1)
[1028]: (52.41835725775155,1)
[1029]: (52.44705319974852,1)
[1030]: (52.17220128260154,1)
[1031]: (52.51728886247837,1)
[1032]: (52.15506508602743,1)
[1033]: (52.20238602960538,1)
[1034]: (52.35073966588025,1)
[1035]: (52.16608339142017,1)
[1036]: (53.00237583515753,1)
[1037]: (52.15421400645214,1)
[1038]: (52.90859764953798,1)
[1039]: (52.36887223295633,1)
[1040]: (52.47433745592339,1)
[1041]: (52.10761197661567,1)
[1042]: (52.43116992956342,1)
[1043]: (52.34960975572769,1)
[1044]: (52.15739131521082,1)
[1045]: (52.18897936541447,1)
[1046]: (52.14267940305108,1)
[1047]: (52.08055296109009,1)
[1048]: (52.08296594380747,1)
[1049]: (52.07810835696899,1)
[1050]: (53.07110290272158,1)
[1051]: (52.79381889029072,1)
[1052]: (52.08268598272316,1)
[1053]: (52.26285486956709,1)
[1054]: (52.37175423452392,1)
[1055]: (52.57508598282144,1)
[1056]: (52.73666109751556,1)
[1057]: (52.41811905034898,1)
[1058]: (52.84493878941973,1)
[1059]: (52.09804628350766,1)
[1060]: (52.35578500341695,1)
[1061]: (52.01673249995323,1)
[1062]: (52.07495883349176,1)
[1063]: (52.54708589735693,1)
[1064]: (52.1569884776117,1)
[1065]: (52.3679485659023,1)
[1066]: (52.13262770485485,1)
[1067]: (52.51414697686158,1)
[1068]: (52.07564293967918,1)
[1069]: (53.03294578783674,1)
[1070]: (52.0275715332095,1)
[1071]: (52.35102955738687,1)
[1072]: (52.14846659291624,1)
[1073]: (52.00319644954382,1)
[1074]: (52.58402782598571,1)
[1075]: (52.52979788760238,1)
[1076]: (52.15148478605817,1)
[1077]: (52.0044502949162,1)
[1078]: (52.04394449904986,1)
[1079]: (52.05892874119003,1)
[1080]: (52.04886078111108,1)
[1081]: (52.02221051306756,1)
[1082]: (52.33449678242709,1)
[1083]: (52.06616712667122,1)
[1084]: (52.04590928116686,1)
[1085]: (52.08944553483689,1)
[1086]: (52.13871700100496,1)
[1087]: (52.23006299957537,1)
[1088]: (53.49504829306772,1)
[1089]: (52.23763292463707,1)
[1090]: (52.28413058506351,1)
[1091]: (52.0949705669531,1)
[1092]: (52.253484673605,1)
[1093]: (52.59970634812684,1)
[1094]: (52.65465787178214,1)
[1095]: (52.25874999544918,1)
[1096]: (52.57202210438464,1)
[1097]: (52.06277542540996,1)
[1098]: (52.90470692751335,1)
[1099]: (52.20842055285927,1)
[1100]: (52.03344407747357,1)
[1101]: (52.04078836621402,1)
[1102]: (52.22095009355958,1)
[1103]: (52.32026414858422,1)
[1104]: (52.0915093001915,1)
[1105]: (52.79398614624029,1)
[1106]: (52.04500998062105,1)
[1107]: (52.13890569673571,1)
[1108]: (52.65271584080258,1)
[1109]: (52.29527766977698,1)
[1110]: (52.3824905727809,1)
[1111]: (52.18389718369731,1)
[1112]: (52.48095954528837,1)
[1113]: (52.17959686939289,1)
[1114]: (52.49065663736694,1)
[1115]: (52.13189610199186,1)
[1116]: (52.11987450707251,1)
[1117]: (52.52477138904986,1)
[1118]: (52.24828697111922,1)
[1119]: (53.01412632641388,1)
[1120]: (52.23196745074835,1)
[1121]: (52.20938853587161,1)
[1122]: (52.29580859619172,1)
[1123]: (52.8968561770031,1)
[1124]: (52.34092227714344,1)
[1125]: (52.00487280595246,1)
[1126]: (52.17322041916312,1)
[1127]: (52.57004833525478,1)
[1128]: (52.30549415907435,1)
[1129]: (52.25914099612498,1)
[1130]: (52.75590102064248,1)
[1131]: (52.09068347888529,1)
[1132]: (52.00361415483832,1)
[1133]: (52.08989733646035,1)
[1134]: (52.58434647883696,1)
[1135]: (52.40041284063572,1)
[1136]: (52.06675394388878,1)
[1137]: (52.02183786744686,1)
[1138]: (52.68830256184793,1)
[1139]: (52.29675070877984,1)
[1140]: (52.2157549183133,1)
[1141]: (52.07045487097458,1)
[1142]: (53.05402723493555,1)
[1143]: (52.97457149588198,1)
[1144]: (53.56996638048223,1)
[1145]: (52.80743571202856,1)
[1146]: (52.08282851184654,1)
[1147]: (52.35434477026028,1)
[1148]: (52.63118159519124,1)
[1149]: (52.08171976406442,1)
[1150]: (52.33578175448847,1)
[1151]: (52.17178726526137,1)
[1152]: (52.00140580869083,1)
[1153]: (52.28064034566808,1)
[1154]: (52.34753507152178,1)
[1155]: (52.32831640467761,1)
[1156]: (52.35595833716801,1)
[1157]: (52.02413918780925,1)
[1158]: (52.30017239623707,1)
[1159]: (52.10731724276526,1)
[1160]: (53.3449057780493,1)
[1161]: (52.30151689907784,1)
[1162]: (52.00018647952118,1)
[1163]: (52.10417195639416,1)
[1164]: (52.2452204160159,1)
[1165]: (52.37448779027763,1)
[1166]: (52.36671709558446,1)
[1167]: (52.05102223535697,1)
[1168]: (52.0551472620222,1)
[1169]: (52.42055154883583,1)
[1170]: (52.80214320044134,1)
[1171]: (52.91790170012813,1)
[1172]: (52.15448205690485,1)
[1173]: (52.29309503992772,1)
[1174]: (52.66968974312545,1)
[1175]: (52.29321890113027,1)
[1176]: (52.19426905323677,1)
[1177]: (52.01996131170016,1)
[1178]: (53.46959153112786,1)
[1179]: (52.01554193296294,1)
[1180]: (52.15241653067021,1)
[1181]: (52.55226174124856,1)
[1182]: (52.58844510235649,1)
[1183]: (52.26213640985355,1)
[1184]: (52.35872476659212,1)
[1185]: (52.02107402792574,1)
[1186]: (52.46261438334589,1)
[1187]: (52.17763090375551,1)
[1188]: (52.85904459935347,1)
[1189]: (52.04171590771566,1)
[1190]: (52.30643517368397,1)
[1191]: (52.11934643485852,1)
[1192]: (52.0661456701306,1)
[1193]: (52.06407319779027,1)
[1194]: (52.26661943325048,1)
[1195]: (52.19118147487805,1)
[1196]: (52.28395270788344,1)
[1197]: (52.71934669310583,1)
[1198]: (52.38892145592339,1)
[1199]: (52.69760676927596,1)
[1200]: (52.29169033329387,1)
[1201]: (52.05805038129739,1)
[1202]: (52.44899363509137,1)
[1203]: (52.14542458601187,1)
[1204]: (52.56209741555044,1)
[1205]: (52.47379416425563,1)
[1206]: (52.04097196608142,1)
[1207]: (52.39140465701441,1)
[1208]: (52.0656291925913,1)
[1209]: (52.17346128642318,1)
[1210]: (52.11624505853181,1)
[1211]: (52.74710242875657,1)
[1212]: (52.11742052936208,1)
[1213]: (52.13834603079559,1)
[1214]: (52.40106824690903,1)
[1215]: (52.00937757745437,1)
[1216]: (52.13841337456444,1)
[1217]: (52.00963905778417,1)
[1218]: (52.22059448222483,1)
[1219]: (52.34280447451526,1)
[1220]: (52.03462110148643,1)
[1221]: (52.8213011256876,1)
[1222]: (52.43286286750589,1)
[1223]: (52.06131691979745,1)
[1224]: (52.22268135463108,1)
[1225]: (52.12189894025333,1)
[1226]: (52.13237784242191,1)
[1227]: (52.14635077620753,1)
[1228]: (52.33465838910591,1)
[1229]: (52.15846340884364,1)
[1230]: (52.15537089499317,1)
[1231]: (52.21455871909855,1)
[1232]: (52.38479774479478,1)
[1233]: (52.10500809322961,1)
[1234]: (53.84957920094289,1)
[1235]: (52.03376007891747,1)
[1236]: (52.04090924166314,1)
[1237]: (52.83197067142645,1)
[1238]: (52.05005782155673,1)
[1239]: (52.21180358521475,1)
[1240]: (52.29089948283242,1)
[1241]: (52.69433474447674,1)
[1242]: (52.11391115957971,1)
[1243]: (52.05362802474498,1)
[1244]: (52.05249460522271,1)
[1245]: (52.15039686028748,1)
[1246]: (52.73908035981237,1)
[1247]: (52.17508702888177,1)
[1248]: (52.22160089094845,1)
[1249]: (52.12470775562394,1)
[1250]: (52.2077665773989,1)
[1251]: (52.04272104944482,1)
[1252]: (54.25679458620617,1)
[1253]: (52.43944990443754,1)
[1254]: (52.1893375612406,1)
[1255]: (52.44486821182401,1)
[1256]: (52.20247080652055,1)
[1257]: (52.14734404917694,1)
[1258]: (52.17190236219756,1)
[1259]: (52.86346677470239,1)
[1260]: (52.11676792169591,1)
[1261]: (52.02784606341307,1)
[1262]: (52.45583329294254,1)
[1263]: (53.97967910751249,1)
[1264]: (52.17597833107401,1)
[1265]: (52.67169941141563,1)
[1266]: (52.41575814266213,1)
[1267]: (52.96024495317178,1)
[1268]: (52.19487166686189,1)
[1269]: (52.34412551045597,1)
[1270]: (52.84742671303821,1)
[1271]: (52.21555451423061,1)
[1272]: (52.4576195429285,1)
[1273]: (52.28336947222601,1)
[1274]: (52.45136857925888,1)
[1275]: (52.2204534770644,1)
[1276]: (52.13716477260986,1)
[1277]: (52.08454595605077,1)
[1278]: (53.29148996083833,1)
[1279]: (52.37423826755376,1)
[1280]: (52.22476387533349,1)
[1281]: (52.12987588119341,1)
[1282]: (52.58753778617287,1)
[1283]: (52.17751182170643,1)
[1284]: (52.26253800129876,1)
[1285]: (52.34613534259024,1)
[1286]: (52.91454360030676,1)
[1287]: (52.78244987734038,1)
[1288]: (52.09813769464536,1)
[1289]: (52.87261400632131,1)
[1290]: (52.09914435652952,1)
[1291]: (52.00779261699076,1)
[1292]: (52.30419788574999,1)
[1293]: (52.58106736481307,1)
[1294]: (52.56167402303248,1)
[1295]: (52.84779891082752,1)
[1296]: (52.17496902174418,1)
[1297]: (52.45602693980662,1)
[1298]: (52.4157481857091,1)
[1299]: (52.18151581059037,1)
[1300]: (52.23513069546638,1)
[1301]: (52.12595926008422,1)
[1302]: (52.42773766517756,1)
[1303]: (52.5539598775101,1)
[1304]: (52.13006486097336,1)
[1305]: (52.62139689133213,1)
[1306]: (52.26906857198135,1)
[1307]: (52.39560936143196,1)
[1308]: (52.20818232203353,1)
[1309]: (52.10194910255295,1)
[1310]: (52.58736178516367,1)
[1311]: (52.30085665202176,1)
[1312]: (52.53188007049101,1)
[1313]: (52.50690145039923,1)
[1314]: (52.04568321845386,1)
[1315]: (52.05907672715262,1)
[1316]: (52.77637645333935,1)
[1317]: (52.12888812481628,1)
[1318]: (52.20958525390305,1)
[1319]: (52.20559716347594,1)
[1320]: (52.03357049467964,1)
[1321]: (52.40748347210361,1)
[1322]: (52.77254960650136,1)
[1323]: (52.03927311423367,1)
[1324]: (52.70071330645815,1)
[1325]: (52.75866173088627,1)
[1326]: (52.1498913464827,1)
[1327]: (52.01720295050566,1)
[1328]: (52.48002684644135,1)
[1329]: (52.23270060912181,1)
[1330]: (52.74308550925782,1)
[1331]: (52.83169750222579,1)
[1332]: (52.40142122336393,1)
[1333]: (52.34881581606161,1)
[1334]: (52.72097582183689,1)
[1335]: (52.286329545115,1)
[1336]: (53.78545589973859,1)
[1337]: (52.05597119202935,1)
[1338]: (52.46393742713828,1)
[1339]: (53.08165643185811,1)
[1340]: (52.07801597486421,1)
[1341]: (52.59576431914897,1)
[1342]: (52.18946851572203,1)
[1343]: (52.37871344550869,1)
[1344]: (52.0537194057649,1)
[1345]: (52.09286638655335,1)
[1346]: (52.12342093100838,1)
[1347]: (52.30749970428389,1)
[1348]: (52.25577035912853,1)
[1349]: (53.23254052296694,1)
[1350]: (52.16042205901732,1)
[1351]: (52.12569697916483,1)
[1352]: (52.13876711448894,1)
[1353]: (53.42410480888789,1)
[1354]: (52.17067362372092,1)
[1355]: (52.24957469436938,1)
[1356]: (52.229867853886,1)
[1357]: (52.06526399149612,1)
[1358]: (52.38104612352604,1)
[1359]: (52.58433363773948,1)
[1360]: (52.3705121188385,1)
[1361]: (52.03186021851012,1)
[1362]: (52.13010679931208,1)
[1363]: (52.14386120947557,1)
[1364]: (52.10620775969868,1)
[1365]: (52.09843558397773,1)
[1366]: (52.20799094067502,1)
[1367]: (52.00915100649115,1)
[1368]: (52.4952298026887,1)
[1369]: (52.18863741091696,1)
[1370]: (52.39465247294834,1)
[1371]: (52.03868298644949,1)
[1372]: (52.4932719569889,1)
[1373]: (52.11443745572935,1)
[1374]: (52.65624903436092,1)
[1375]: (52.2774236696514,1)
[1376]: (52.10227046949191,1)
[1377]: (52.30752232196934,1)
[1378]: (53.15213232420331,1)
[1379]: (52.13919544073888,1)
[1380]: (52.40821416674827,1)
[1381]: (52.60059029492956,1)
[1382]: (52.65549383757008,1)
[1383]: (52.93528249106745,1)
[1384]: (52.20923125103908,1)
[1385]: (52.5230498592534,1)
[1386]: (52.11105826022027,1)
[1387]: (52.1150526412298,1)
[1388]: (52.04523606972697,1)
[1389]: (52.02542130695848,1)
[1390]: (52.10440184615148,1)
[1391]: (52.12637223496707,1)
[1392]: (52.0379713626558,1)
[1393]: (53.52552036275569,1)
[1394]: (52.4929256797742,1)
[1395]: (52.25039964863843,1)
[1396]: (52.23673176624006,1)
[1397]: (52.51977780220398,1)
[1398]: (52.52476535928776,1)
[1399]: (52.03161628317886,1)
[1400]: (52.80244009508447,1)
[1401]: (52.23427896431172,1)
[1402]: (52.06943892532426,1)
[1403]: (52.25345115856538,1)
[1404]: (52.17519484525004,1)
[1405]: (52.10183149110665,1)
[1406]: (52.88522092204192,1)
[1407]: (52.546861513132,1)
[1408]: (52.32500634466476,1)
[1409]: (52.5792628715276,1)
[1410]: (52.66450001746129,1)
[1411]: (52.01139435759554,1)
[1412]: (52.17686764580353,1)
[1413]: (52.21748464059967,1)
[1414]: (52.0485336968794,1)
[1415]: (53.54065958015945,1)
[1416]: (53.08085944240227,1)
[1417]: (52.75794624262448,1)
[1418]: (52.02641402872917,1)
[1419]: (52.26658711407038,1)
[1420]: (52.10974672057335,1)
[1421]: (52.57523892672087,1)
[1422]: (52.31683579049965,1)
[1423]: (52.23457615967021,1)
[1424]: (52.20525480865066,1)
[1425]: (52.47882273148728,1)
[1426]: (52.00746108528165,1)
[1427]: (52.16039227011782,1)
[1428]: (52.34117043330495,1)
[1429]: (52.10572758784707,1)
[1430]: (52.22048573572763,1)
[1431]: (52.37028433133786,1)
[1432]: (52.11000287547586,1)
[1433]: (52.58870746566122,1)
[1434]: (52.17314726593938,1)
[1435]: (53.04705806694793,1)
[1436]: (52.14979814645753,1)
[1437]: (52.30101150119095,1)
[1438]: (52.39981333681209,1)
[1439]: (52.05541693752036,1)
[1440]: (52.1049233679833,1)
[1441]: (52.66441660830118,1)
[1442]: (52.43800057789282,1)
[1443]: (52.08318231324456,1)
[1444]: (52.0711220048661,1)
[1445]: (52.18740430181935,1)
[1446]: (52.0828095791095,1)
[1447]: (52.03183138447427,1)
[1448]: (52.15484638355169,1)
[1449]: (52.06783409898585,1)
[1450]: (52.09779241543151,1)
[1451]: (53.11382450134684,1)
[1452]: (52.17214367517828,1)
[1453]: (52.05872113659233,1)
[1454]: (52.51277000863086,1)
[1455]: (53.68273640059565,1)
[1456]: (52.22923280050679,1)
[1457]: (52.64194827394988,1)
[1458]: (52.16213962364869,1)
[1459]: (52.08873365720262,1)
[1460]: (52.63532031350189,1)
[1461]: (52.42223331699676,1)
[1462]: (52.08115795127918,1)
[1463]: (52.15182096024673,1)
[1464]: (52.00154712987968,1)
[1465]: (52.28243055990202,1)
[1466]: (52.46184062073897,1)
[1467]: (52.34991823054436,1)
[1468]: (52.14948527037753,1)
[1469]: (52.13688513068092,1)
[1470]: (52.31971729134256,1)
[1471]: (52.05951206067069,1)
[1472]: (52.08602702112553,1)
[1473]: (52.14872301819249,1)
[1474]: (52.20832599147604,1)
[1475]: (52.28328896048964,1)
[1476]: (53.11517886245243,1)
[1477]: (52.70564373458597,1)
[1478]: (52.17165931292865,1)
[1479]: (52.08088904337802,1)
[1480]: (52.56566689794587,1)
[1481]: (52.23685420604137,1)
[1482]: (52.24370222420315,1)
[1483]: (52.16658017292383,1)
[1484]: (52.52782175713891,1)
[1485]: (52.11111759408244,1)
[1486]: (52.12011084633919,1)
[1487]: (52.17614563188047,1)
[1488]: (52.31689799674911,1)
[1489]: (52.5810880209878,1)
[1490]: (52.03355228434564,1)
[1491]: (52.22118290844237,1)
[1492]: (52.32465097758465,1)
[1493]: (52.7078463341695,1)
[1494]: (52.37693723242492,1)
[1495]: (52.41310029688345,1)
[1496]: (52.17650829472884,1)
[1497]: (53.11053171140414,1)
[1498]: (52.61696188560362,1)
[1499]: (52.21781320108079,1)
[1500]: (52.32890943527195,1)
[1501]: (52.27896609253263,1)
[1502]: (52.0241658124753,1)
[1503]: (52.36608629434163,1)
[1504]: (52.22688940326312,1)
[1505]: (52.02836520197628,1)
[1506]: (52.48331664401878,1)
[1507]: (52.2569387763584,1)
[1508]: (52.19570793318123,1)
[1509]: (52.21158006422111,1)
[1510]: (52.49279759707693,1)
[1511]: (52.45381982492847,1)
[1512]: (52.47271943957251,1)
[1513]: (52.02777780550941,1)
[1514]: (52.6510149678248,1)
[1515]: (52.14811514567653,1)
[1516]: (52.00446232277061,1)
[1517]: (52.01475179117383,1)
[1518]: (52.53625460081591,1)
[1519]: (52.14146574684643,1)
[1520]: (52.08126106982873,1)
[1521]: (52.00119843764264,1)
[1522]: (52.2943260322127,1)
[1523]: (52.24560412619023,1)
[1524]: (52.29820134507015,1)
[1525]: (52.01518867851829,1)
[1526]: (52.00522952985725,1)
[1527]: (52.39034702308097,1)
[1528]: (52.60231479430474,1)
[1529]: (52.20336761999568,1)
[1530]: (52.24993152796184,1)
[1531]: (52.40050974681593,1)
[1532]: (52.93841097341647,1)
[1533]: (52.05006256729325,1)
[1534]: (52.5075441356168,1)
[1535]: (52.17997214986464,1)
[1536]: (52.28988053180404,1)
[1537]: (52.26217514125818,1)
[1538]: (52.20224035301669,1)
[1539]: (52.15361012563539,1)
[1540]: (52.07805129963823,1)
[1541]: (52.72966447825137,1)
[1542]: (52.43330860414063,1)
[1543]: (52.43545551792777,1)
[1544]: (52.37812823682486,1)
[1545]: (52.0842504201314,1)
[1546]: (52.27046861018523,1)
[1547]: (52.0017146214046,1)
[1548]: (53.15313715183186,1)
[1549]: (52.4647250453115,1)
[1550]: (52.51264287522551,1)
[1551]: (52.23333343997008,1)
[1552]: (52.20440360828623,1)
[1553]: (52.0008530448883,1)
[1554]: (52.28818294801934,1)
[1555]: (52.72019114418286,1)
[1556]: (52.19371794072966,1)
[1557]: (52.22355720920196,1)
[1558]: (52.23913701735456,1)
[1559]: (52.20668677031102,1)
[1560]: (52.39988992871289,1)
[1561]: (53.28962512704217,1)
[1562]: (53.1068511175535,1)
[1563]: (52.00756934571675,1)
[1564]: (52.77669319948872,1)
[1565]: (52.05142595020923,1)
[1566]: (52.39147572743394,1)
[1567]: (52.13144741838657,1)
[1568]: (52.78772729818273,1)
[1569]: (52.74307519056571,1)
[1570]: (52.83762688866437,1)
[1571]: (52.00120263568602,1)
[1572]: (52.03190557533491,1)
[1573]: (52.5364534853865,1)
[1574]: (52.57658215144471,1)
[1575]: (52.73286477923283,1)
[1576]: (52.12824912293767,1)
[1577]: (52.25934226850714,1)
[1578]: (52.46012832973358,1)
[1579]: (52.36866941318832,1)
[1580]: (52.09250106185902,1)
[1581]: (52.0200600745646,1)
[1582]: (52.23415410926348,1)
[1583]: (52.68112064546559,1)
[1584]: (52.13578597145354,1)
[1585]: (52.5827244529614,1)
[1586]: (52.28428589035361,1)
[1587]: (52.8830513603379,1)
[1588]: (52.25915379363812,1)
[1589]: (52.02731889469191,1)
[1590]: (52.83623611778491,1)
[1591]: (52.30034170068274,1)
[1592]: (52.28143233307887,1)
[1593]: (52.38521362894836,1)
[1594]: (52.17298714197503,1)
[1595]: (52.60064248862635,1)
[1596]: (52.46291433011039,1)
[1597]: (52.45011759391799,1)
[1598]: (52.82417407373804,1)
[1599]: (52.22582027886337,1)
[1600]: (52.18807094260413,1)
[1601]: (52.18180873911923,1)
[1602]: (52.12554232896446,1)
[1603]: (52.18085713053603,1)
[1604]: (52.07762603394659,1)
[1605]: (52.18916244765182,1)
[1606]: (54.18881570135862,1)
[1607]: (52.05307911753143,1)
[1608]: (52.01033083679357,1)
[1609]: (52.39148187780049,1)
[1610]: (52.05076683940187,1)
[1611]: (52.26226530339701,1)
[1612]: (52.13644554884196,1)
[1613]: (52.35697813682074,1)
[1614]: (52.27979633526327,1)
[1615]: (52.55491259814585,1)
[1616]: (52.4205537752365,1)
[1617]: (52.35172031907179,1)
[1618]: (52.61232877400806,1)
[1619]: (52.05205649391738,1)
[1620]: (52.64537570509455,1)
[1621]: (52.26412139835113,1)
[1622]: (52.37559142134367,1)
[1623]: (53.33705954134104,1)
[1624]: (52.10941963192553,1)
[1625]: (52.98931902928857,1)
[1626]: (52.99682015967061,1)
[1627]: (53.0085164866616,1)
[1628]: (52.07675802955428,1)
[1629]: (52.66002941175175,1)
[1630]: (52.2618377811953,1)
[1631]: (52.31486020863949,1)
[1632]: (53.03259950901995,1)
[1633]: (52.06232175814624,1)
[1634]: (52.17440269092098,1)
[1635]: (52.03247138712088,1)
[1636]: (52.61395225205859,1)
[1637]: (52.24084442791747,1)
[1638]: (52.72885322127853,1)
[1639]: (52.21034395602504,1)
[1640]: (52.14799958341172,1)
[1641]: (52.51432923233497,1)
[1642]: (52.42302949250087,1)
[1643]: (52.06688308075491,1)
[1644]: (52.62567285616154,1)
[1645]: (52.35582795765067,1)
[1646]: (52.01863385443525,1)
[1647]: (53.08905791719143,1)
[1648]: (52.19059691486989,1)
[1649]: (52.0204669391979,1)
[1650]: (53.51819990313169,1)
[1651]: (52.20587349996445,1)
[1652]: (52.12515807112369,1)
[1653]: (52.18523457317727,1)
[1654]: (52.91707961882091,1)
[1655]: (52.58146914133388,1)
[1656]: (52.32737848103724,1)
[1657]: (52.65030746517035,1)
[1658]: (52.28694470795485,1)
[1659]: (52.26892711149569,1)
[1660]: (52.54993878625427,1)
[1661]: (52.15638793651983,1)
[1662]: (52.16994161113664,1)
[1663]: (52.066667141462,1)
[1664]: (52.20320968470998,1)
[1665]: (52.2634078235508,1)
[1666]: (52.0864972176153,1)
[1667]: (52.05019037481749,1)
[1668]: (52.1488358771345,1)
[1669]: (52.05565454285694,1)
[1670]: (52.1956006109621,1)
[1671]: (52.11647752902671,1)
[1672]: (52.85323767805555,1)
[1673]: (52.40050971069427,1)
[1674]: (52.49863263396619,1)
[1675]: (52.07714395863503,1)
[1676]: (52.15225913208944,1)
[1677]: (52.33999850884687,1)
[1678]: (52.38960379279487,1)
[1679]: (52.00380676737777,1)
[1680]: (52.15501289866654,1)
[1681]: (52.76007985536147,1)
[1682]: (52.19009293906918,1)
[1683]: (52.54855075142724,1)
[1684]: (52.21374751991497,1)
[1685]: (52.07650141498137,1)
[1686]: (52.36033866723709,1)
[1687]: (52.10527698532768,1)
[1688]: (52.51213604790576,1)
[1689]: (52.81046571847215,1)
[1690]: (52.31915648983225,1)
[1691]: (52.142686750693,1)
[1692]: (52.30564312249837,1)
[1693]: (52.59280256815812,1)
[1694]: (52.10111260997925,1)
[1695]: (52.38286136345408,1)
[1696]: (52.08934886091134,1)
[1697]: (52.01477288604995,1)
[1698]: (52.2560509642094,1)
[1699]: (52.17066506953913,1)
[1700]: (52.31518674612068,1)
[1701]: (52.45332614302981,1)
[1702]: (52.09395294350385,1)
[1703]: (52.71652124813095,1)
[1704]: (53.16868489093506,1)
[1705]: (52.67058822602414,1)
[1706]: (52.38149056563018,1)
[1707]: (52.71351805506931,1)
[1708]: (52.20639146667974,1)
[1709]: (52.02911204359759,1)
[1710]: (52.04961564489673,1)
[1711]: (52.73451375546506,1)
[1712]: (52.21788438730273,1)
[1713]: (52.05071885680513,1)
[1714]: (52.23245421483437,1)
[1715]: (52.06908316820552,1)
[1716]: (52.23191589618636,1)
[1717]: (52.32168315874023,1)
[1718]: (52.30470807568921,1)
[1719]: (52.0412248579991,1)
[1720]: (52.19545140748214,1)
[1721]: (52.54326690959431,1)
[1722]: (52.46666606919234,1)
[1723]: (52.12507236246182,1)
[1724]: (52.84906512837134,1)
[1725]: (52.23262533050136,1)
[1726]: (53.21846849479393,1)
[1727]: (52.61142611535297,1)
[1728]: (52.21746652085083,1)
[1729]: (52.17383939881559,1)
[1730]: (53.82630205590691,1)
[1731]: (52.33301378083598,1)
[1732]: (52.02561873589043,1)
[1733]: (52.13366393689597,1)
[1734]: (52.43088541043986,1)
[1735]: (52.09205076207585,1)
[1736]: (52.06399672187729,1)
[1737]: (52.86024113457025,1)
[1738]: (52.58746076957578,1)
[1739]: (52.17589811047651,1)
[1740]: (53.15713138857291,1)
[1741]: (52.52482585211953,1)
[1742]: (52.19557542829296,1)
[1743]: (52.27157442226461,1)
[1744]: (52.55109584270484,1)
[1745]: (52.78104000157983,1)
[1746]: (52.14413680613838,1)
[1747]: (52.24783548223736,1)
[1748]: (52.38045662628174,1)
[1749]: (52.01910169911447,1)
[1750]: (52.75875636345548,1)
[1751]: (52.3888205553916,1)
[1752]: (52.53703041157866,1)
[1753]: (52.29493526163338,1)
[1754]: (52.10638850983393,1)
[1755]: (52.48668870131314,1)
[1756]: (52.704173658539,1)
[1757]: (52.03912840746116,1)
[1758]: (52.05809974845801,1)
[1759]: (52.23615991830836,1)
[1760]: (52.07116123724892,1)
[1761]: (52.38574511516516,1)
[1762]: (52.42036479516447,1)
[1763]: (52.16682990655964,1)
[1764]: (52.46297310923793,1)
[1765]: (52.26038319649239,1)
[1766]: (52.17765327896443,1)
[1767]: (52.09139010023862,1)
[1768]: (52.68184737047704,1)
[1769]: (52.1504730604247,1)
[1770]: (52.06401411557382,1)
[1771]: (52.23642058566622,1)
[1772]: (52.27678491309494,1)
[1773]: (52.84763386584243,1)
[1774]: (52.36173792913728,1)
[1775]: (52.05479575653936,1)
[1776]: (52.13099728272889,1)
[1777]: (52.19519566375595,1)
[1778]: (52.0832884327197,1)
[1779]: (53.19169143136591,1)
[1780]: (52.13297669921259,1)
[1781]: (52.06013253331236,1)
[1782]: (52.03706531939117,1)
[1783]: (52.07602076262137,1)
[1784]: (52.04627796923509,1)
[1785]: (52.84886452109168,1)
[1786]: (52.89080160819615,1)
[1787]: (52.38308227517219,1)
[1788]: (52.1190879322615,1)
[1789]: (52.45319924936146,1)
[1790]: (52.68930509781758,1)
[1791]: (52.1838419517172,1)
[1792]: (52.14758922337668,1)
[1793]: (52.08241848471555,1)
[1794]: (52.06295916649211,1)
[1795]: (52.14400457938862,1)
[1796]: (52.12826051406838,1)
[1797]: (52.32779041592025,1)
[1798]: (52.44955199043112,1)
[1799]: (52.22031761337058,1)
[1800]: (52.11789416409335,1)
[1801]: (52.1233213975159,1)
[1802]: (52.01504498855243,1)
[1803]: (52.16781699601069,1)
[1804]: (52.6033000706122,1)
[1805]: (52.21756370005414,1)
[1806]: (52.4765834074318,1)
[1807]: (52.5657845318843,1)
[1808]: (52.04626265522806,1)
[1809]: (52.34222843241113,1)
[1810]: (52.74175266061972,1)
[1811]: (52.34771339734331,1)
[1812]: (52.15896152107352,1)
[1813]: (52.10692029045626,1)
[1814]: (52.88043301686285,1)
[1815]: (52.06420020430738,1)
[1816]: (52.0504566004676,1)
[1817]: (52.0815219360156,1)
[1818]: (52.15597178188661,1)
[1819]: (52.09310018571966,1)
[1820]: (52.68900095864477,1)
[1821]: (52.32485971656225,1)
[1822]: (52.47482744196329,1)
[1823]: (52.7741309724507,1)
[1824]: (52.22900554192732,1)
[1825]: (52.85759184779821,1)
[1826]: (52.46739287967445,1)
[1827]: (52.12054179673114,1)
[1828]: (52.19873714041705,1)
[1829]: (52.46656561155159,1)
[1830]: (52.21434470047589,1)
[1831]: (52.27388891311053,1)
[1832]: (52.21096548732968,1)
[1833]: (52.62940232295533,1)
[1834]: (52.10917463890885,1)
[1835]: (52.49906950719539,1)
[1836]: (52.43246474979599,1)
[1837]: (52.49279408493819,1)
[1838]: (52.50378803138388,1)
[1839]: (52.12639356470628,1)
[1840]: (52.01217601341052,1)
[1841]: (52.20335009595223,1)
[1842]: (52.00979848683333,1)
[1843]: (52.11950071336698,1)
[1844]: (52.08832282047246,1)
[1845]: (52.06781821767486,1)
[1846]: (52.38906843777545,1)
[1847]: (52.12415047970973,1)
[1848]: (52.29620155997232,1)
[1849]: (52.24480394662679,1)
[1850]: (52.12750984247141,1)
[1851]: (52.09059780460024,1)
[1852]: (52.54327804345649,1)
[1853]: (52.00808585409822,1)
[1854]: (52.12437746005421,1)
[1855]: (52.11396193289255,1)
[1856]: (52.14088791246207,1)
[1857]: (52.23127416188207,1)
[1858]: (52.80524429489217,1)
[1859]: (53.21163718257544,1)
[1860]: (52.08079112920819,1)
[1861]: (52.1107565665574,1)
[1862]: (52.33843958409778,1)
[1863]: (52.01937532280717,1)
[1864]: (52.62217783301606,1)
[1865]: (52.54966172428319,1)
[1866]: (53.3181563045478,1)
[1867]: (52.18207237395745,1)
[1868]: (52.00182425972201,1)
[1869]: (52.36072725326007,1)
[1870]: (52.15137420854824,1)
[1871]: (52.06273764193006,1)
[1872]: (52.5926034182361,1)
[1873]: (52.11386124529012,1)
[1874]: (52.09942345335494,1)
[1875]: (53.49847837361047,1)
[1876]: (52.6556386145856,1)
[1877]: (52.13464745247736,1)
[1878]: (52.05824613348143,1)
[1879]: (52.41299096628539,1)
[1880]: (52.02406170780117,1)
[1881]: (52.16366024586414,1)
[1882]: (52.11899385223767,1)
[1883]: (52.51786479084837,1)
[1884]: (52.22805463756045,1)
[1885]: (52.80856874170505,1)
[1886]: (52.02635761269956,1)
[1887]: (52.73856919913171,1)
[1888]: (52.68775158944862,1)
[1889]: (52.60029744204541,1)
[1890]: (52.2697985564564,1)
[1891]: (52.42190548035971,1)
[1892]: (52.47103934770015,1)
[1893]: (52.48883719508976,1)
[1894]: (52.01551992674491,1)
[1895]: (52.74301506783862,1)
[1896]: (52.36956039527679,1)
[1897]: (52.41448326266488,1)
[1898]: (52.05523106662387,1)
[1899]: (53.31017209392783,1)
[1900]: (52.27047012608232,1)
[1901]: (52.61937068271609,1)
[1902]: (52.01068523251584,1)
[1903]: (52.11720884485892,1)
[1904]: (52.37686145133421,1)
[1905]: (53.04369224378992,1)
[1906]: (52.70264461716712,1)
[1907]: (52.21727646739972,1)
[1908]: (52.38167997570864,1)
[1909]: (52.56039885502227,1)
[1910]: (53.46213846693902,1)
[1911]: (52.26706037212108,1)
[1912]: (52.36278349197799,1)
[1913]: (52.79771509987451,1)
[1914]: (52.697388739194,1)
[1915]: (52.33478964538156,1)
[1916]: (52.06831939640391,1)
[1917]: (52.28981151959673,1)
[1918]: (52.19658700374688,1)
[1919]: (53.67021901002146,1)
[1920]: (52.00369556444045,1)
[1921]: (52.34819834293793,1)
[1922]: (52.06327988206398,1)
[1923]: (52.05332697902153,1)
[1924]: (52.28433869012354,1)
[1925]: (52.34444146882344,1)
[1926]: (53.23185985920903,1)
[1927]: (52.03461197021956,1)
[1928]: (52.16771934201127,1)
[1929]: (52.13012580307009,1)
[1930]: (52.4262998154614,1)
[1931]: (52.033578486603,1)
[1932]: (52.20425941536421,1)
[1933]: (52.15897005864365,1)
[1934]: (52.05251169274744,1)
[1935]: (52.2825712158819,1)
[1936]: (52.09391401175002,1)
[1937]: (52.21289855858979,1)
[1938]: (52.19098555726674,1)
[1939]: (52.15055763723339,1)
[1940]: (52.01127065393469,1)
[1941]: (52.24498445662514,1)
[1942]: (52.24201250452607,1)
[1943]: (52.55961111976131,1)
[1944]: (52.2044415537785,1)
[1945]: (52.58904523350387,1)
[1946]: (52.59258270754867,1)
[1947]: (52.88107082693298,1)
[1948]: (52.12360754164638,1)
[1949]: (52.49438382186018,1)
[1950]: (52.30683525119223,1)
[1951]: (52.11183921727392,1)
[1952]: (52.01213422767952,1)
[1953]: (52.09299684104649,1)
[1954]: (52.36997585117045,1)
[1955]: (52.02312206149639,1)
[1956]: (52.2920707404773,1)
[1957]: (52.36710972965561,1)
[1958]: (52.12637102104033,1)
[1959]: (52.68401160576743,1)
[1960]: (52.07481781963652,1)
[1961]: (52.5824873745351,1)
[1962]: (53.14213693488473,1)
[1963]: (52.4166074399499,1)
[1964]: (52.16745409829351,1)
[1965]: (52.14337488370833,1)
[1966]: (52.22443860429743,1)
[1967]: (52.1544887716394,1)
[1968]: (52.73469826345316,1)
[1969]: (52.03735292630854,1)
[1970]: (52.12637739843429,1)
[1971]: (53.13532602163382,1)
[1972]: (52.05576300093871,1)
[1973]: (53.12794074900177,1)
[1974]: (52.19343659861914,1)
[1975]: (52.91121073466174,1)
[1976]: (52.53173040235365,1)
[1977]: (52.43491213957758,1)
[1978]: (52.9257172772035,1)
[1979]: (53.0280052532672,1)
[1980]: (52.08028153955591,1)
[1981]: (52.18236499918457,1)
[1982]: (52.01389339886339,1)
[1983]: (53.15178227916679,1)
[1984]: (52.01406094309939,1)
[1985]: (52.36537304832806,1)
[1986]: (52.17869079499399,1)
[1987]: (52.93554622662936,1)
[1988]: (52.35796715697895,1)
[1989]: (53.2548491366795,1)
[1990]: (52.73364813609996,1)
[1991]: (52.16033296774907,1)
[1992]: (52.09855583156747,1)
[1993]: (52.33341999151992,1)
[1994]: (52.16073929978443,1)
[1995]: (52.00495666795188,1)
[1996]: (52.40093810236455,1)
[1997]: (52.17423514866026,1)
[1998]: (52.01997408951538,1)
[1999]: (52.0634827440417,1)
 -- States explored : 0 states
 -- CPU user time used : 13880 ms
 -- Virtual memory used : 181956 KiB
 -- Resident memory used : 143660 KiB
executionTime: 93
