core file size          (blocks, -c) unlimited
data seg size           (kbytes, -d) unlimited
scheduling priority             (-e) 0
file size               (blocks, -f) unlimited
pending signals                 (-i) 4077086
max locked memory       (kbytes, -l) 64
max memory size         (kbytes, -m) 32505856
open files                      (-n) 4096
pipe size            (512 bytes, -p) 8
POSIX message queues     (bytes, -q) 819200
real-time priority              (-r) 0
stack size              (kbytes, -s) 8192
cpu time               (seconds, -t) unlimited
max user processes              (-u) 4077086
virtual memory          (kbytes, -v) 31000000
file locks                      (-x) unlimited
Options for the verification:
  Generating some trace
  Search order is random depth first
  Using conservative space optimisation
  Seed is 1556899149
  State space representation uses minimal constraint systems
  Using HashMap + Compress integers for discrete state storage

Verifying formula 1 at ../queries/SN_50_53_16.q:1
 -- Formula is satisfied.
(9000 runs)
Learning statistics for best strategy: 
	Number of resets: 0
	Number of iterations in last reset: 17
	Number of iterations in total: 17

 -- States explored : 0 states
 -- CPU user time used : 60150 ms
 -- Virtual memory used : 193600 KiB
 -- Resident memory used : 155376 KiB

Verifying formula 2 at ../queries/SN_50_53_16.q:3
 -- Formula is satisfied.
Composer.Done:
[0]: (0,0) (31.49298927889021,1)
[1]: (32.08322534688009,1)
[2]: (31.00071954332636,1)
[3]: (31.55102541681715,1)
[4]: (31.4388120051431,1)
[5]: (31.02259582140275,1)
[6]: (31.14784510849861,1)
[7]: (31.39894233883852,1)
[8]: (31.15120805651339,1)
[9]: (31.55075725996732,1)
[10]: (31.0449077026495,1)
[11]: (31.51792558474962,1)
[12]: (31.92151648210516,1)
[13]: (31.07318915082976,1)
[14]: (31.47953855804804,1)
[15]: (31.04251721658895,1)
[16]: (31.16041428772866,1)
[17]: (31.42202470973241,1)
[18]: (31.04618202975513,1)
[19]: (31.62223532984694,1)
[20]: (31.32643991834716,1)
[21]: (31.14379950133018,1)
[22]: (31.52368524036904,1)
[23]: (33.09452530678022,1)
[24]: (31.00218654171699,1)
[25]: (31.44111361201455,1)
[26]: (31.57646651557623,1)
[27]: (31.29483918761289,1)
[28]: (31.76153570521899,1)
[29]: (31.49217457689155,1)
[30]: (31.09054486682523,1)
[31]: (31.02735148433088,1)
[32]: (31.76910095578419,1)
[33]: (31.45066516433512,1)
[34]: (31.05294456471446,1)
[35]: (31.41471819349371,1)
[36]: (31.15897553229689,1)
[37]: (31.71379141407732,1)
[38]: (31.43172557440516,1)
[39]: (31.00923321904129,1)
[40]: (31.31013656634254,1)
[41]: (31.14231124886593,1)
[42]: (31.30167504288205,1)
[43]: (31.0038293547302,1)
[44]: (31.26128725637662,1)
[45]: (31.38242717224257,1)
[46]: (31.15331235606317,1)
[47]: (31.14595860149979,1)
[48]: (31.12314586995273,1)
[49]: (31.20139999363887,1)
[50]: (31.49867393755346,1)
[51]: (31.23008131417759,1)
[52]: (31.10312578015355,1)
[53]: (31.20289206947461,1)
[54]: (31.42218757494154,1)
[55]: (31.83542115445331,1)
[56]: (31.17635507930056,1)
[57]: (31.09494381006554,1)
[58]: (31.9747599484758,1)
[59]: (32.66282916105879,1)
[60]: (31.49659402947869,1)
[61]: (31.13285949434201,1)
[62]: (31.05140711740628,1)
[63]: (31.60746293797253,1)
[64]: (31.39196262124038,1)
[65]: (31.72272070337842,1)
[66]: (31.48241329594362,1)
[67]: (31.01126917574103,1)
[68]: (31.20961545131718,1)
[69]: (31.46900564672336,1)
[70]: (31.10488518867555,1)
[71]: (31.01746628183083,1)
[72]: (31.26763693366101,1)
[73]: (31.34501099944469,1)
[74]: (31.42410119754998,1)
[75]: (31.08448430646494,1)
[76]: (31.34822756842442,1)
[77]: (31.07593242904799,1)
[78]: (31.46843529759541,1)
[79]: (31.66539463428192,1)
[80]: (31.28396345833706,1)
[81]: (31.39073238130149,1)
[82]: (31.14739469051724,1)
[83]: (31.0631936663314,1)
[84]: (31.5201974340894,1)
[85]: (31.31204182167716,1)
[86]: (31.12927486611126,1)
[87]: (32.12116210279344,1)
[88]: (31.08231685190329,1)
[89]: (31.12620884118723,1)
[90]: (31.01616029319072,1)
[91]: (31.97246196267581,1)
[92]: (31.41520338513499,1)
[93]: (31.16473528456563,1)
[94]: (31.39385554590429,1)
[95]: (31.06018008865244,1)
[96]: (31.34175158065708,1)
[97]: (31.37729353984498,1)
[98]: (32.40461783137816,1)
[99]: (31.08456570699291,1)
[100]: (31.02385649823017,1)
[101]: (31.0410471642919,1)
[102]: (31.25752203593685,1)
[103]: (31.03122688611773,1)
[104]: (31.44670870174396,1)
[105]: (31.61279524312335,1)
[106]: (31.17579851240995,1)
[107]: (31.52189606745775,1)
[108]: (31.16163097996179,1)
[109]: (31.277567950629,1)
[110]: (31.27601523734839,1)
[111]: (31.00726011822621,1)
[112]: (31.092982237694,1)
[113]: (31.18732663012656,1)
[114]: (31.24528656572899,1)
[115]: (31.04983268315777,1)
[116]: (31.57255894911398,1)
[117]: (31.42158555097328,1)
[118]: (31.19728617813599,1)
[119]: (31.02716646659388,1)
[120]: (31.00822650145427,1)
[121]: (31.37552646168684,1)
[122]: (31.062292251127,1)
[123]: (31.07793821874012,1)
[124]: (31.06354816440254,1)
[125]: (31.02799456108818,1)
[126]: (31.48469716982903,1)
[127]: (31.25704571285229,1)
[128]: (31.36697127096181,1)
[129]: (31.18305217334647,1)
[130]: (31.29407695821552,1)
[131]: (31.09375894891778,1)
[132]: (31.54298557190101,1)
[133]: (31.06434202892009,1)
[134]: (31.29750040103003,1)
[135]: (31.29983860649198,1)
[136]: (31.35791502217877,1)
[137]: (31.21342754794605,1)
[138]: (31.12888288382732,1)
[139]: (31.20755556577286,1)
[140]: (31.07831665653833,1)
[141]: (31.15117214250494,1)
[142]: (31.16648409439162,1)
[143]: (31.5578229110741,1)
[144]: (31.21382061552848,1)
[145]: (31.54423874573551,1)
[146]: (31.01464190915342,1)
[147]: (31.29590267347473,1)
[148]: (31.73904009197683,1)
[149]: (31.75834585195198,1)
[150]: (31.0948391796697,1)
[151]: (31.05442011386787,1)
[152]: (31.01155557806897,1)
[153]: (31.08399601528232,1)
[154]: (31.1018484063215,1)
[155]: (31.22293076101576,1)
[156]: (31.01072997772159,1)
[157]: (31.06018675151579,1)
[158]: (32.30200288950448,1)
[159]: (31.24087472774888,1)
[160]: (31.41488481766026,1)
[161]: (31.30691537918788,1)
[162]: (31.2360943367954,1)
[163]: (31.16884365865831,1)
[164]: (31.13620062653166,1)
[165]: (31.00376372375339,1)
[166]: (31.40055689849799,1)
[167]: (31.11112566560813,1)
[168]: (31.09896940782009,1)
[169]: (31.07401858803872,1)
[170]: (31.02478868841305,1)
[171]: (31.05552102958682,1)
[172]: (31.1580558930121,1)
[173]: (31.41694903416785,1)
[174]: (31.10574600825608,1)
[175]: (31.38779219627714,1)
[176]: (31.03224075675616,1)
[177]: (31.38616563607983,1)
[178]: (31.19837375801508,1)
[179]: (31.08909494569904,1)
[180]: (31.48814881031166,1)
[181]: (31.01433028202444,1)
[182]: (31.01322140172317,1)
[183]: (31.09884040207588,1)
[184]: (31.0218116654825,1)
[185]: (31.52977533221129,1)
[186]: (31.43280817011322,1)
[187]: (31.10979035939923,1)
[188]: (32.05870536340991,1)
[189]: (31.32058439810146,1)
[190]: (31.35597322122594,1)
[191]: (31.25476412357375,1)
[192]: (31.52224058631743,1)
[193]: (31.39878712206511,1)
[194]: (31.5712792010691,1)
[195]: (31.70028516261667,1)
[196]: (31.25840042432419,1)
[197]: (31.74019483427847,1)
[198]: (31.03022891502561,1)
[199]: (31.40461069134128,1)
[200]: (31.04729035493857,1)
[201]: (31.50587440756856,1)
[202]: (32.19913809230915,1)
[203]: (31.03569833643023,1)
[204]: (31.17117612191096,1)
[205]: (31.07991654880498,1)
[206]: (31.70810160950645,1)
[207]: (31.3794477485678,1)
[208]: (31.04394144332955,1)
[209]: (31.09388665293291,1)
[210]: (31.1509603647075,1)
[211]: (31.25505932716709,1)
[212]: (31.46126827702154,1)
[213]: (31.2215737220298,1)
[214]: (31.21065820664405,1)
[215]: (32.60173156846457,1)
[216]: (31.05787811960588,1)
[217]: (31.21163757910137,1)
[218]: (31.0738817987213,1)
[219]: (31.40545462404871,1)
[220]: (31.495020424894,1)
[221]: (31.0309552162931,1)
[222]: (31.36483155766163,1)
[223]: (31.270586273112,1)
[224]: (31.00945272394906,1)
[225]: (31.05301066487029,1)
[226]: (31.07137533612334,1)
[227]: (31.12480007832147,1)
[228]: (31.00602685542533,1)
[229]: (31.82117263049722,1)
[230]: (31.46445582721774,1)
[231]: (31.08429906480921,1)
[232]: (31.60231690859767,1)
[233]: (31.59653890616417,1)
[234]: (31.05948263239269,1)
[235]: (31.00350149889815,1)
[236]: (31.17843402002909,1)
[237]: (31.00577283564735,1)
[238]: (31.04786313594803,1)
[239]: (31.20849111590292,1)
[240]: (31.00843186215758,1)
[241]: (31.189980482572,1)
[242]: (31.11086557905102,1)
[243]: (32.24614039141184,1)
[244]: (31.16412332087604,1)
[245]: (31.20085021762448,1)
[246]: (31.222791794977,1)
[247]: (31.57218113192437,1)
[248]: (31.23808147406152,1)
[249]: (31.43047703235407,1)
[250]: (31.69632149344691,1)
[251]: (31.98274329525294,1)
[252]: (31.57228085305837,1)
[253]: (31.0231332833418,1)
[254]: (31.00663772074049,1)
[255]: (31.41937345697442,1)
[256]: (31.0656194540338,1)
[257]: (31.228135526355,1)
[258]: (31.14858466419908,1)
[259]: (31.01503526039344,1)
[260]: (31.50606289839017,1)
[261]: (31.39641593395693,1)
[262]: (31.26320025201396,1)
[263]: (31.59093953525775,1)
[264]: (31.1406714304226,1)
[265]: (31.844545913449,1)
[266]: (31.25406156295291,1)
[267]: (31.79334616197335,1)
[268]: (31.06732912145805,1)
[269]: (31.2971475966459,1)
[270]: (31.22359575052189,1)
[271]: (31.38745905074844,1)
[272]: (31.16793453461,1)
[273]: (31.37651735291898,1)
[274]: (31.38680274818641,1)
[275]: (31.14771826183977,1)
[276]: (31.62630270021835,1)
[277]: (31.04256602468215,1)
[278]: (31.08406402385167,1)
[279]: (31.085013074921,1)
[280]: (31.4826349946179,1)
[281]: (31.12728784316401,1)
[282]: (31.17754754879984,1)
[283]: (31.49564342116857,1)
[284]: (31.09616795559731,1)
[285]: (31.11189622140019,1)
[286]: (31.53433252372679,1)
[287]: (31.03201892967484,1)
[288]: (31.36111402336707,1)
[289]: (31.33137834493412,1)
[290]: (31.24057947596463,1)
[291]: (31.09562433893193,1)
[292]: (31.07238173008623,1)
[293]: (32.35409894551128,1)
[294]: (31.38483273283229,1)
[295]: (32.54007446361356,1)
[296]: (31.41737358128101,1)
[297]: (31.00301178439385,1)
[298]: (31.38652131690792,1)
[299]: (31.61169740692127,1)
[300]: (31.60177109646912,1)
[301]: (31.07760838613816,1)
[302]: (31.09668089194624,1)
[303]: (31.64876372915605,1)
[304]: (31.93415877288976,1)
[305]: (31.09754844800944,1)
[306]: (31.11391604673042,1)
[307]: (31.46804587198594,1)
[308]: (31.56076980832484,1)
[309]: (31.10233841281918,1)
[310]: (31.07052332961102,1)
[311]: (31.0570286379991,1)
[312]: (31.27064038263452,1)
[313]: (31.35780268707522,1)
[314]: (31.53284043825124,1)
[315]: (31.32985747076866,1)
[316]: (31.21204491103683,1)
[317]: (31.18982899713404,1)
[318]: (31.49430801245437,1)
[319]: (31.43811073890681,1)
[320]: (32.49950632242613,1)
[321]: (31.10035427791295,1)
[322]: (31.27860193976396,1)
[323]: (31.1393711449175,1)
[324]: (31.08520597453008,1)
[325]: (31.73012251417419,1)
[326]: (31.41968352634565,1)
[327]: (31.44371871590376,1)
[328]: (31.63277138536478,1)
[329]: (31.79203698213844,1)
[330]: (31.10179465005345,1)
[331]: (31.40772253229443,1)
[332]: (31.00308908063695,1)
[333]: (31.01402712201851,1)
[334]: (31.52728843399749,1)
[335]: (31.51927390333979,1)
[336]: (31.33748831792139,1)
[337]: (31.10132011842359,1)
[338]: (31.01367191463389,1)
[339]: (31.01952535418945,1)
[340]: (31.49193805544649,1)
[341]: (31.06115222205116,1)
[342]: (31.04200059578434,1)
[343]: (31.17203794143087,1)
[344]: (31.23004443941883,1)
[345]: (31.03203509321089,1)
[346]: (31.14185592874212,1)
[347]: (31.40924245497557,1)
[348]: (31.78262207038613,1)
[349]: (31.43414795112607,1)
[350]: (31.74661165052362,1)
[351]: (31.02221895446836,1)
[352]: (31.73401326446102,1)
[353]: (31.14033173411662,1)
[354]: (31.33985262826004,1)
[355]: (31.3973329786514,1)
[356]: (31.34471126508077,1)
[357]: (31.54187714479514,1)
[358]: (31.00340942487115,1)
[359]: (31.20786760573512,1)
[360]: (31.24280560618875,1)
[361]: (31.17911736837137,1)
[362]: (31.22167289043549,1)
[363]: (31.05055161927746,1)
[364]: (31.90095432473369,1)
[365]: (31.02490914774248,1)
[366]: (31.28085505444739,1)
[367]: (32.20641733202232,1)
[368]: (31.09838068327428,1)
[369]: (31.35913534930453,1)
[370]: (31.43584905775095,1)
[371]: (31.25485832306606,1)
[372]: (31.84882755976278,1)
[373]: (31.26235061055755,1)
[374]: (31.81826976962846,1)
[375]: (31.01670838512842,1)
[376]: (31.06370781502826,1)
[377]: (31.06641157349674,1)
[378]: (31.04190482020661,1)
[379]: (31.46135560799035,1)
[380]: (31.35560309723951,1)
[381]: (31.16028610882871,1)
[382]: (31.32393714839434,1)
[383]: (31.49928579824008,1)
[384]: (31.31024685685934,1)
[385]: (31.26801359535563,1)
[386]: (31.83177153410595,1)
[387]: (31.36412898710138,1)
[388]: (31.30658628459047,1)
[389]: (31.33714479373711,1)
[390]: (31.21163092915102,1)
[391]: (31.57797949371474,1)
[392]: (31.40482667295986,1)
[393]: (31.06032982648418,1)
[394]: (31.41683117892451,1)
[395]: (31.13631145848307,1)
[396]: (31.03144885508219,1)
[397]: (31.37831089176935,1)
[398]: (31.05251406833482,1)
[399]: (31.07768732613098,1)
[400]: (32.14537944834643,1)
[401]: (31.31199485680646,1)
[402]: (31.18515009767704,1)
[403]: (31.19770083693145,1)
[404]: (31.10927762116261,1)
[405]: (31.31066219451575,1)
[406]: (31.02570960800657,1)
[407]: (31.36662314147016,1)
[408]: (31.0944880870234,1)
[409]: (31.03820411265778,1)
[410]: (31.59704109633005,1)
[411]: (31.00923539860843,1)
[412]: (31.32730681244648,1)
[413]: (31.22937865485639,1)
[414]: (31.64318993381901,1)
[415]: (31.10762407296123,1)
[416]: (31.19682452505846,1)
[417]: (31.21064248588444,1)
[418]: (31.30082734353412,1)
[419]: (31.05393174770276,1)
[420]: (31.00767537678851,1)
[421]: (31.13838028369234,1)
[422]: (31.20689528628012,1)
[423]: (31.19257666459289,1)
[424]: (32.07057545760147,1)
[425]: (31.12081126050113,1)
[426]: (31.12725230082085,1)
[427]: (31.06917831965938,1)
[428]: (31.62328714035395,1)
[429]: (31.06802770220135,1)
[430]: (31.61944436510657,1)
[431]: (31.18602383058832,1)
[432]: (31.09748535828455,1)
[433]: (31.26675738086538,1)
[434]: (31.20536803186996,1)
[435]: (31.24142312561897,1)
[436]: (31.30648361972564,1)
[437]: (31.12235001181064,1)
[438]: (31.10281592565184,1)
[439]: (31.24791994229758,1)
[440]: (31.06918775292946,1)
[441]: (31.14725860116723,1)
[442]: (31.76981821444801,1)
[443]: (31.26613779367264,1)
[444]: (31.11257756082491,1)
[445]: (31.19278521337033,1)
[446]: (31.30438707223747,1)
[447]: (31.25482950214214,1)
[448]: (31.584991106428,1)
[449]: (31.10515092060778,1)
[450]: (31.90907142744313,1)
[451]: (31.69467289722709,1)
[452]: (31.0707041486969,1)
[453]: (31.02957291540965,1)
[454]: (31.28206023863649,1)
[455]: (31.30911323394048,1)
[456]: (32.00495267215275,1)
[457]: (32.01880795283666,1)
[458]: (31.16891077541795,1)
[459]: (31.37138146830396,1)
[460]: (31.18868249929272,1)
[461]: (31.28846351239974,1)
[462]: (31.44352945282005,1)
[463]: (31.07065446854164,1)
[464]: (31.29881127652919,1)
[465]: (31.06766359139501,1)
[466]: (31.17855014294654,1)
[467]: (31.28564825663405,1)
[468]: (31.20600939993102,1)
[469]: (31.07998747409388,1)
[470]: (32.4538407908241,1)
[471]: (31.47771025205011,1)
[472]: (31.1156440757656,1)
[473]: (31.15799287798607,1)
[474]: (31.05011885075972,1)
[475]: (31.89798769353942,1)
[476]: (31.44579929761602,1)
[477]: (31.43429703090948,1)
[478]: (31.10983785165913,1)
[479]: (31.11282755689696,1)
[480]: (31.40486741989805,1)
[481]: (31.46786968739304,1)
[482]: (31.45732963082557,1)
[483]: (31.06893628501555,1)
[484]: (31.68686620200319,1)
[485]: (31.49042775239281,1)
[486]: (31.16402199740886,1)
[487]: (31.18900208023955,1)
[488]: (31.29031560121384,1)
[489]: (31.49974765665201,1)
[490]: (31.20602375207477,1)
[491]: (31.34699253122413,1)
[492]: (31.30478250531801,1)
[493]: (31.2671271780695,1)
[494]: (31.30874962895888,1)
[495]: (31.37656196907417,1)
[496]: (31.2858996407947,1)
[497]: (31.08526816216821,1)
[498]: (31.00721905011109,1)
[499]: (31.17711838901466,1)
[500]: (31.95803126884215,1)
[501]: (32.46556143968816,1)
[502]: (31.49602715630484,1)
[503]: (31.33163164187942,1)
[504]: (31.34187404853346,1)
[505]: (31.05438058822055,1)
[506]: (31.3149695457594,1)
[507]: (31.15557533033536,1)
[508]: (31.17517444003057,1)
[509]: (31.36289805139759,1)
[510]: (31.11690128600157,1)
[511]: (31.19975083889427,1)
[512]: (31.26004633433529,1)
[513]: (31.12706831507875,1)
[514]: (31.12060595939816,1)
[515]: (31.17270419603743,1)
[516]: (31.08299986283172,1)
[517]: (31.04206510094853,1)
[518]: (31.12827325030926,1)
[519]: (31.70431477160902,1)
[520]: (31.09239595436187,1)
[521]: (31.11145873087073,1)
[522]: (31.75155107173545,1)
[523]: (31.15132598888121,1)
[524]: (31.68279216595804,1)
[525]: (31.32507952456588,1)
[526]: (31.04590841135166,1)
[527]: (31.71240763918391,1)
[528]: (31.84094270204598,1)
[529]: (31.16129728310349,1)
[530]: (31.0306768541132,1)
[531]: (31.47714943898007,1)
[532]: (31.30974882270985,1)
[533]: (31.06950202245216,1)
[534]: (31.50360849188711,1)
[535]: (31.2289971663485,1)
[536]: (31.39062484075672,1)
[537]: (31.72808335875497,1)
[538]: (31.4890968002581,1)
[539]: (31.0010513055289,1)
[540]: (32.36025694105597,1)
[541]: (31.31732220316476,1)
[542]: (32.05679603669883,1)
[543]: (32.10968282855654,1)
[544]: (32.192518069898,1)
[545]: (31.71959626283689,1)
[546]: (31.61506023970084,1)
[547]: (31.05181512175371,1)
[548]: (31.50475430837804,1)
[549]: (31.53587473540854,1)
[550]: (31.00984418676612,1)
[551]: (31.70239441674295,1)
[552]: (31.77890049649442,1)
[553]: (31.41154479389623,1)
[554]: (31.41720147226312,1)
[555]: (31.54946646442347,1)
[556]: (31.56816316941209,1)
[557]: (31.14116211544966,1)
[558]: (31.35734714025821,1)
[559]: (31.02954133870411,1)
[560]: (31.02807141047717,1)
[561]: (32.14994240187352,1)
[562]: (32.91428724708918,1)
[563]: (31.20339851676025,1)
[564]: (31.47223115495994,1)
[565]: (31.58012146894725,1)
[566]: (31.17384431880482,1)
[567]: (31.44430936859768,1)
[568]: (31.25353333218096,1)
[569]: (31.4899396630228,1)
[570]: (32.80689747862369,1)
[571]: (31.22950110855319,1)
[572]: (31.15645668691538,1)
[573]: (31.01130782164494,1)
[574]: (31.01151635115934,1)
[575]: (31.85080357888188,1)
[576]: (31.0458327325764,1)
[577]: (31.60920305450605,1)
[578]: (31.75438908224073,1)
[579]: (31.46529239034466,1)
[580]: (31.13152084111904,1)
[581]: (31.88950890649016,1)
[582]: (31.00387061749884,1)
[583]: (31.17702064668798,1)
[584]: (31.00287158503684,1)
[585]: (32.22007023885885,1)
[586]: (31.08211197381987,1)
[587]: (31.03284759943434,1)
[588]: (31.07564404382996,1)
[589]: (31.25209636211989,1)
[590]: (31.02989466601609,1)
[591]: (31.02145855854489,1)
[592]: (31.13047351879111,1)
[593]: (31.04408471647494,1)
[594]: (31.06354659762388,1)
[595]: (31.0111338398575,1)
[596]: (31.08991513863513,1)
[597]: (31.61282781908968,1)
[598]: (31.29059307207819,1)
[599]: (31.01623921536462,1)
[600]: (31.01114315519746,1)
[601]: (31.24233353881808,1)
[602]: (31.07044220680196,1)
[603]: (31.62492012805951,1)
[604]: (31.29999968650269,1)
[605]: (31.10601632323888,1)
[606]: (31.20525745539176,1)
[607]: (31.17894064083089,1)
[608]: (31.16279120940392,1)
[609]: (31.03764762243096,1)
[610]: (31.59694257183954,1)
[611]: (31.07113134953172,1)
[612]: (31.30266773186069,1)
[613]: (31.67364465706872,1)
[614]: (31.02265972705615,1)
[615]: (31.15025368270486,1)
[616]: (31.25098749795902,1)
[617]: (31.04091004758838,1)
[618]: (32.79692610424144,1)
[619]: (31.57622586220337,1)
[620]: (31.11077540442757,1)
[621]: (31.10738187928118,1)
[622]: (31.52886940175199,1)
[623]: (31.32566284477123,1)
[624]: (31.07021606357641,1)
[625]: (31.47196968278268,1)
[626]: (31.13801819828821,1)
[627]: (31.04512949088041,1)
[628]: (31.25889843442709,1)
[629]: (31.07847928413558,1)
[630]: (31.19572421886524,1)
[631]: (31.48243369178029,1)
[632]: (31.23292995759701,1)
[633]: (31.03141268613433,1)
[634]: (31.45314945289617,1)
[635]: (31.15308526835014,1)
[636]: (31.11475955555632,1)
[637]: (31.3791160225126,1)
[638]: (32.2002418317721,1)
[639]: (31.03777980484897,1)
[640]: (31.55941049166756,1)
[641]: (31.73495951214114,1)
[642]: (31.20606173527183,1)
[643]: (31.671940933671,1)
[644]: (31.71262131662687,1)
[645]: (31.16501079380967,1)
[646]: (31.77464500010016,1)
[647]: (31.20588707775961,1)
[648]: (31.61067488636801,1)
[649]: (31.49023875426943,1)
[650]: (31.53070775929788,1)
[651]: (31.07383375650027,1)
[652]: (31.42451276181923,1)
[653]: (31.08549152503159,1)
[654]: (31.57202525711625,1)
[655]: (31.54497117318603,1)
[656]: (31.49842339570042,1)
[657]: (31.7178513635261,1)
[658]: (32.60896276160235,1)
[659]: (31.97053536900453,1)
[660]: (31.71664684381755,1)
[661]: (31.44910337461446,1)
[662]: (31.50213006163364,1)
[663]: (32.07097279447002,1)
[664]: (31.56839462754493,1)
[665]: (31.46559583858429,1)
[666]: (31.51526904654344,1)
[667]: (31.03895870730182,1)
[668]: (31.00119112365173,1)
[669]: (31.22432711606429,1)
[670]: (31.10270971744676,1)
[671]: (31.53842285060899,1)
[672]: (31.66008887769136,1)
[673]: (31.03025825405297,1)
[674]: (33.79339848046299,1)
[675]: (31.45922887572696,1)
[676]: (31.33585028388306,1)
[677]: (31.18386790060164,1)
[678]: (31.03930125043405,1)
[679]: (31.14839384673952,1)
[680]: (31.11453730784834,1)
[681]: (31.85440152979221,1)
[682]: (31.24433053060297,1)
[683]: (31.00086158752886,1)
[684]: (31.17945792772119,1)
[685]: (31.32937381719208,1)
[686]: (31.20558605055456,1)
[687]: (31.34930171365049,1)
[688]: (31.02362341408487,1)
[689]: (31.12128281872687,1)
[690]: (31.23398729131673,1)
[691]: (31.44534481864303,1)
[692]: (31.77611462051022,1)
[693]: (31.48732477173562,1)
[694]: (31.96767946130398,1)
[695]: (31.40056011007097,1)
[696]: (31.15549637564476,1)
[697]: (31.08150406411228,1)
[698]: (31.03464310752305,1)
[699]: (31.4682842781174,1)
[700]: (31.08444706943295,1)
[701]: (31.82406958133252,1)
[702]: (31.61872833900382,1)
[703]: (31.24446162863626,1)
[704]: (31.17059264698389,1)
[705]: (31.79651939158799,1)
[706]: (31.07669419773539,1)
[707]: (31.1136332796648,1)
[708]: (31.23685884593425,1)
[709]: (31.11684237416415,1)
[710]: (31.06091082495195,1)
[711]: (31.06970830075846,1)
[712]: (31.24248179962601,1)
[713]: (31.05537482268429,1)
[714]: (31.58489577965206,1)
[715]: (31.04336979617692,1)
[716]: (31.11981983620581,1)
[717]: (31.16425690896194,1)
[718]: (31.22252061185092,1)
[719]: (31.34747728215419,1)
[720]: (31.92112855909123,1)
[721]: (32.19981942941028,1)
[722]: (31.47438248901314,1)
[723]: (31.02147457532638,1)
[724]: (31.31885248796719,1)
[725]: (31.02205328576115,1)
[726]: (31.62982389201958,1)
[727]: (31.26532634714696,1)
[728]: (31.30292882831654,1)
[729]: (31.44062095172311,1)
[730]: (31.25609389131893,1)
[731]: (31.08553953859339,1)
[732]: (31.90436759278926,1)
[733]: (31.59004752675501,1)
[734]: (31.07243629533483,1)
[735]: (31.13495668709394,1)
[736]: (31.38213861339447,1)
[737]: (32.11802124565916,1)
[738]: (31.25733887928619,1)
[739]: (31.07497039157647,1)
[740]: (31.07981937494658,1)
[741]: (31.09795076323587,1)
[742]: (31.23055698949222,1)
[743]: (31.01861940983401,1)
[744]: (31.57374031882964,1)
[745]: (31.43059892795786,1)
[746]: (31.39288324783352,1)
[747]: (31.38449392214323,1)
[748]: (31.05255482161883,1)
[749]: (31.22587168631535,1)
[750]: (31.70163106421961,1)
[751]: (31.10285538166102,1)
[752]: (31.03888926674966,1)
[753]: (31.58407318226809,1)
[754]: (31.0840959470179,1)
[755]: (31.17118416260255,1)
[756]: (31.39462020589997,1)
[757]: (31.12616537645394,1)
[758]: (31.75091166957204,1)
[759]: (31.03192168566159,1)
[760]: (31.0088788029979,1)
[761]: (32.28770169780247,1)
[762]: (31.50513257866772,1)
[763]: (31.24782674734173,1)
[764]: (31.07630229118893,1)
[765]: (31.58205574646358,1)
[766]: (31.0297217962392,1)
[767]: (31.74988317202087,1)
[768]: (31.29037308732558,1)
[769]: (31.13969832950514,1)
[770]: (31.58606201108359,1)
[771]: (31.369200623685,1)
[772]: (31.04059733157974,1)
[773]: (31.06071813067361,1)
[774]: (31.26542808354908,1)
[775]: (31.40852021566776,1)
[776]: (31.62312295023081,1)
[777]: (31.16845637281498,1)
[778]: (31.28273964533894,1)
[779]: (31.2314979728545,1)
[780]: (31.38826497417646,1)
[781]: (31.59183507915287,1)
[782]: (31.20530351803951,1)
[783]: (31.01037682273512,1)
[784]: (31.14994098789512,1)
[785]: (31.34154245536904,1)
[786]: (31.43923787355011,1)
[787]: (31.96720677040611,1)
[788]: (31.25479259108443,1)
[789]: (31.33628965874123,1)
[790]: (31.15195147473206,1)
[791]: (31.57291165342307,1)
[792]: (31.33167711062473,1)
[793]: (31.04557388057184,1)
[794]: (31.12241129666783,1)
[795]: (31.1977257528681,1)
[796]: (31.10872149473269,1)
[797]: (31.90621248705725,1)
[798]: (31.13064246795909,1)
[799]: (31.73127416071741,1)
[800]: (32.33597242843368,1)
[801]: (31.44478427070008,1)
[802]: (31.75727440898248,1)
[803]: (31.24857113529301,1)
[804]: (31.49958367848301,1)
[805]: (31.25789459985305,1)
[806]: (31.27046671386683,1)
[807]: (31.88216109451106,1)
[808]: (31.07139665739923,1)
[809]: (31.14667977383253,1)
[810]: (31.15922070258901,1)
[811]: (31.17483833273833,1)
[812]: (31.16327200870079,1)
[813]: (31.42664385310188,1)
[814]: (31.32476144650272,1)
[815]: (31.29212851028829,1)
[816]: (31.13881440512657,1)
[817]: (31.44968956874487,1)
[818]: (31.23124809457466,1)
[819]: (31.22965343431962,1)
[820]: (31.31420257466462,1)
[821]: (32.85888147641707,1)
[822]: (31.29041103892037,1)
[823]: (31.25551253878155,1)
[824]: (31.01338369170809,1)
[825]: (31.36546255258172,1)
[826]: (31.63002936080469,1)
[827]: (31.49931016828834,1)
[828]: (31.47091978275517,1)
[829]: (31.43499853535651,1)
[830]: (31.23348477302163,1)
[831]: (31.41502653877591,1)
[832]: (31.05490108318845,1)
[833]: (31.55881344029873,1)
[834]: (31.72043687541543,1)
[835]: (31.36617035246215,1)
[836]: (31.38301459471546,1)
[837]: (31.21155658950375,1)
[838]: (31.10345326959587,1)
[839]: (31.1042593561233,1)
[840]: (31.06486369608539,1)
[841]: (31.25398117808733,1)
[842]: (31.02728786041671,1)
[843]: (31.34696100662112,1)
[844]: (31.84219557013842,1)
[845]: (31.03078547408087,1)
[846]: (31.35602994121082,1)
[847]: (31.05248937891545,1)
[848]: (31.42439734027943,1)
[849]: (32.58227455670863,1)
[850]: (32.22406394872746,1)
[851]: (31.07712509456634,1)
[852]: (31.16334714718957,1)
[853]: (31.23785322327651,1)
[854]: (31.13807768398645,1)
[855]: (31.12101900049894,1)
[856]: (31.09213075939095,1)
[857]: (31.28975645034049,1)
[858]: (31.67993139022321,1)
[859]: (31.06666218612822,1)
[860]: (31.05072349848922,1)
[861]: (31.58129070169704,1)
[862]: (31.18807905885179,1)
[863]: (31.01643402670839,1)
[864]: (31.25768324482235,1)
[865]: (31.09119456901805,1)
[866]: (31.03731897231162,1)
[867]: (31.04754360584042,1)
[868]: (31.28355083629336,1)
[869]: (31.41219016526757,1)
[870]: (31.34295868051665,1)
[871]: (31.49787036870294,1)
[872]: (31.95937679968634,1)
[873]: (31.07408835352539,1)
[874]: (31.11180069952186,1)
[875]: (31.06011698069964,1)
[876]: (31.02536553991343,1)
[877]: (31.13181987698719,1)
[878]: (31.55335970091161,1)
[879]: (31.25042708187217,1)
[880]: (31.12395424486515,1)
[881]: (31.35251127110284,1)
[882]: (32.07469907264763,1)
[883]: (31.57556590147914,1)
[884]: (31.01812689371544,1)
[885]: (31.73887903637555,1)
[886]: (31.67368251179802,1)
[887]: (31.02097115358042,1)
[888]: (31.05285662937131,1)
[889]: (31.06524977230793,1)
[890]: (31.23115396295561,1)
[891]: (31.82284572804779,1)
[892]: (31.40923339557684,1)
[893]: (31.34863647326277,1)
[894]: (31.18256096916464,1)
[895]: (31.35346371164327,1)
[896]: (32.14722184819687,1)
[897]: (31.10013729487383,1)
[898]: (31.30436362880409,1)
[899]: (31.06566062128432,1)
[900]: (31.11020527056479,1)
[901]: (31.69593059743403,1)
[902]: (31.09193157969413,1)
[903]: (31.06312579760661,1)
[904]: (31.16717388555826,1)
[905]: (31.0887974062,1)
[906]: (31.8084497948105,1)
[907]: (31.49455785856701,1)
[908]: (31.02660338622435,1)
[909]: (31.32598599392121,1)
[910]: (31.01125566251593,1)
[911]: (31.06175308999237,1)
[912]: (31.21561904329474,1)
[913]: (31.08334986259517,1)
[914]: (31.01124516311902,1)
[915]: (31.43433222302703,1)
[916]: (31.14410184562857,1)
[917]: (31.42086446646272,1)
[918]: (31.12251248583108,1)
[919]: (31.40780007907694,1)
[920]: (31.24832472340306,1)
[921]: (31.58757357228084,1)
[922]: (31.67082950104501,1)
[923]: (31.21488737657318,1)
[924]: (31.08417806936872,1)
[925]: (31.26539611799991,1)
[926]: (31.49691710454054,1)
[927]: (31.07232022435349,1)
[928]: (31.02627228813152,1)
[929]: (31.03013323429318,1)
[930]: (31.06119237259054,1)
[931]: (31.12046501670607,1)
[932]: (32.04277529974595,1)
[933]: (31.10401556969097,1)
[934]: (31.06118525870494,1)
[935]: (31.29103782336723,1)
[936]: (31.05800435709641,1)
[937]: (31.23180450922871,1)
[938]: (31.22453974355755,1)
[939]: (31.67389941455529,1)
[940]: (31.10208904300096,1)
[941]: (31.18653921082424,1)
[942]: (31.23772357895398,1)
[943]: (31.43477677120037,1)
[944]: (31.0355950326063,1)
[945]: (31.92024013097533,1)
[946]: (31.10297953330211,1)
[947]: (31.13585357500876,1)
[948]: (31.24065584941092,1)
[949]: (31.30580432456254,1)
[950]: (31.56937023666847,1)
[951]: (31.09722522645241,1)
[952]: (31.18276099222593,1)
[953]: (31.18765513897359,1)
[954]: (31.01947060315111,1)
[955]: (31.25903736158835,1)
[956]: (31.39889437167997,1)
[957]: (31.6714247455959,1)
[958]: (31.03436906580546,1)
[959]: (31.15864965715041,1)
[960]: (32.42088667491336,1)
[961]: (31.9496515719135,1)
[962]: (31.40894842787012,1)
[963]: (31.1708217205098,1)
[964]: (33.01605175950035,1)
[965]: (31.55392883247788,1)
[966]: (31.36868950154211,1)
[967]: (31.1544358856099,1)
[968]: (31.69947040299867,1)
[969]: (31.1789646174711,1)
[970]: (31.17922092010915,1)
[971]: (31.30786412758435,1)
[972]: (31.09281953787389,1)
[973]: (31.03964721350101,1)
[974]: (31.09075792701749,1)
[975]: (31.08694013677925,1)
[976]: (31.37479858119061,1)
[977]: (31.13094491507496,1)
[978]: (31.13768602324536,1)
[979]: (31.83734417795131,1)
[980]: (31.32014096394531,1)
[981]: (31.02492213018464,1)
[982]: (31.16476404497966,1)
[983]: (32.44925121380863,1)
[984]: (31.09934491628414,1)
[985]: (31.29727024697317,1)
[986]: (31.44688263457433,1)
[987]: (31.67199224575988,1)
[988]: (31.57749539853672,1)
[989]: (31.32217889746651,1)
[990]: (31.09186368709807,1)
[991]: (31.19156218694679,1)
[992]: (31.6549982814685,1)
[993]: (31.06936139961558,1)
[994]: (31.030685026405,1)
[995]: (31.45485908343767,1)
[996]: (31.16964807949892,1)
[997]: (31.23192544356923,1)
[998]: (31.28140903624418,1)
[999]: (31.623475095306,1)
[1000]: (31.24585832256384,1)
[1001]: (31.43871497480164,1)
[1002]: (31.16897432582321,1)
[1003]: (31.18297786677651,1)
[1004]: (31.05546014559009,1)
[1005]: (31.15976971890797,1)
[1006]: (31.11086872760124,1)
[1007]: (31.39155796078432,1)
[1008]: (31.21966706670179,1)
[1009]: (31.24406761183224,1)
[1010]: (31.17124040195292,1)
[1011]: (31.07105019398763,1)
[1012]: (31.50537358623165,1)
[1013]: (31.88768134533623,1)
[1014]: (31.56101513942516,1)
[1015]: (31.61302535650354,1)
[1016]: (31.54365190261338,1)
[1017]: (31.2064134206809,1)
[1018]: (31.36883578120825,1)
[1019]: (31.26183332529187,1)
[1020]: (31.5738553392796,1)
[1021]: (31.10938232746115,1)
[1022]: (31.2781423161292,1)
[1023]: (31.79322758184392,1)
[1024]: (31.18394114029174,1)
[1025]: (31.49449455480939,1)
[1026]: (31.30737543799486,1)
[1027]: (31.00867191667112,1)
[1028]: (31.2655577979475,1)
[1029]: (31.21145040908669,1)
[1030]: (31.34419978432113,1)
[1031]: (31.53817379350986,1)
[1032]: (31.15570286533851,1)
[1033]: (31.6236264518339,1)
[1034]: (31.05049942979383,1)
[1035]: (31.09859627058253,1)
[1036]: (31.08061721778416,1)
[1037]: (31.32342912824236,1)
[1038]: (31.2851364869817,1)
[1039]: (31.05594891524668,1)
[1040]: (31.58891694170884,1)
[1041]: (31.28228103513892,1)
[1042]: (32.58382631267686,1)
[1043]: (31.09497720073193,1)
[1044]: (31.45612709031144,1)
[1045]: (31.1468165811832,1)
[1046]: (31.03885544134543,1)
[1047]: (32.08295019092513,1)
[1048]: (31.45366242284982,1)
[1049]: (31.28035715562767,1)
[1050]: (31.54685675769862,1)
[1051]: (31.01780460375678,1)
[1052]: (31.23743437575723,1)
[1053]: (31.11232170148819,1)
[1054]: (31.5821759945605,1)
[1055]: (31.07147370402817,1)
[1056]: (31.05386949997142,1)
[1057]: (31.47076423198846,1)
[1058]: (31.29184926678957,1)
[1059]: (31.31814228979022,1)
[1060]: (31.34428344875877,1)
[1061]: (31.32584815184106,1)
[1062]: (31.55663358023211,1)
[1063]: (31.03026870280944,1)
[1064]: (31.10100809502133,1)
[1065]: (32.82738506307417,1)
[1066]: (31.03073228942404,1)
[1067]: (31.27840778671854,1)
[1068]: (31.15296567123896,1)
[1069]: (31.29270411670654,1)
[1070]: (31.50429960963021,1)
[1071]: (31.13475664738112,1)
[1072]: (31.88177397181806,1)
[1073]: (31.16912802790542,1)
[1074]: (31.06056572416643,1)
[1075]: (31.3131334942369,1)
[1076]: (31.45376299166319,1)
[1077]: (31.26847535060344,1)
[1078]: (31.07465587776378,1)
[1079]: (31.59607953437846,1)
[1080]: (31.21794047729463,1)
[1081]: (31.7737169437331,1)
[1082]: (31.04753308267384,1)
[1083]: (31.33619045303035,1)
[1084]: (31.21547204356357,1)
[1085]: (31.50641330196,1)
[1086]: (31.18820931334199,1)
[1087]: (31.01612762657935,1)
[1088]: (31.23360274641999,1)
[1089]: (31.60978648694139,1)
[1090]: (31.20701115167679,1)
[1091]: (31.06936465714473,1)
[1092]: (31.18208670487839,1)
[1093]: (31.12423766068603,1)
[1094]: (31.63871887793301,1)
[1095]: (31.67428976664867,1)
[1096]: (31.38717547108348,1)
[1097]: (31.18424540015682,1)
[1098]: (31.12845428337579,1)
[1099]: (31.39055114160418,1)
[1100]: (31.10158144433061,1)
[1101]: (31.09243615489362,1)
[1102]: (31.99252980601777,1)
[1103]: (32.65367840871109,1)
[1104]: (31.2039627394391,1)
[1105]: (31.59565851618336,1)
[1106]: (31.27735040099742,1)
[1107]: (31.19807759267012,1)
[1108]: (31.38192206914833,1)
[1109]: (31.07720272774012,1)
[1110]: (31.02466726734416,1)
[1111]: (31.25504963377221,1)
[1112]: (31.07414902813613,1)
[1113]: (31.18885242779963,1)
[1114]: (31.04963928318915,1)
[1115]: (31.25705825402129,1)
[1116]: (31.17477071168531,1)
[1117]: (31.16525167001635,1)
[1118]: (31.08078436199445,1)
[1119]: (31.24567070253175,1)
[1120]: (31.45403280170297,1)
[1121]: (31.522608296852,1)
[1122]: (31.12845248124514,1)
[1123]: (31.04421437683005,1)
[1124]: (31.39419081760932,1)
[1125]: (31.24100345186304,1)
[1126]: (31.73388177656125,1)
[1127]: (31.19201823613504,1)
[1128]: (31.41535701656295,1)
[1129]: (32.33179662337105,1)
[1130]: (31.11879213137931,1)
[1131]: (31.02940806474265,1)
[1132]: (31.16500244945311,1)
[1133]: (31.0987174995471,1)
[1134]: (31.75347121997331,1)
[1135]: (31.10617298668658,1)
[1136]: (31.54032553363768,1)
[1137]: (31.03039206087472,1)
[1138]: (31.2036559363415,1)
[1139]: (31.19090567655109,1)
[1140]: (31.07521195200045,1)
[1141]: (31.31133904400743,1)
[1142]: (31.17101180383376,1)
[1143]: (31.40073455037038,1)
[1144]: (32.25262895022547,1)
[1145]: (31.10484072802721,1)
[1146]: (31.33800861587773,1)
[1147]: (31.84273418338987,1)
[1148]: (31.04152388374075,1)
[1149]: (31.33865186746144,1)
[1150]: (31.13384295707448,1)
[1151]: (31.03621316781451,1)
[1152]: (31.28921843316746,1)
[1153]: (31.62316734628407,1)
[1154]: (31.18198619439449,1)
[1155]: (31.04663431703669,1)
[1156]: (31.08979029230743,1)
[1157]: (31.20374129092013,1)
[1158]: (31.61701296467242,1)
[1159]: (31.81705644628485,1)
[1160]: (31.11775711547853,1)
[1161]: (31.32165785278351,1)
[1162]: (31.03037068772598,1)
[1163]: (32.01418581151897,1)
[1164]: (31.11702627331631,1)
[1165]: (31.02942070116737,1)
[1166]: (31.15262847973404,1)
[1167]: (31.14447753418571,1)
[1168]: (31.20555991643898,1)
[1169]: (31.06482680860127,1)
[1170]: (31.26869055691645,1)
[1171]: (31.16410100962008,1)
[1172]: (31.59631168497249,1)
[1173]: (31.18835981652425,1)
[1174]: (31.04303537671792,1)
[1175]: (31.49317298955291,1)
[1176]: (31.02146946013826,1)
[1177]: (32.15073038385025,1)
[1178]: (31.12537721921516,1)
[1179]: (31.57770501998493,1)
[1180]: (31.40384729644219,1)
[1181]: (31.56499785410104,1)
[1182]: (31.12112593834896,1)
[1183]: (31.74296485660539,1)
[1184]: (31.54417825274947,1)
[1185]: (32.27769799097621,1)
[1186]: (31.32855702302103,1)
[1187]: (31.50627817927707,1)
[1188]: (31.18744040257273,1)
[1189]: (31.66424830679975,1)
[1190]: (31.17909031834617,1)
[1191]: (31.07081610510216,1)
[1192]: (31.18389950457452,1)
[1193]: (31.19602660299917,1)
[1194]: (31.4104748028725,1)
[1195]: (31.10454315840208,1)
[1196]: (31.62132543230824,1)
[1197]: (31.20829832604294,1)
[1198]: (31.04942898731796,1)
[1199]: (31.68647215850169,1)
[1200]: (31.09691828330841,1)
[1201]: (31.32297422188641,1)
[1202]: (31.01094177226088,1)
[1203]: (31.28981605818804,1)
[1204]: (31.55733226738204,1)
[1205]: (31.1204866027881,1)
[1206]: (31.13036778742358,1)
[1207]: (31.01075349611888,1)
[1208]: (31.14261318942557,1)
[1209]: (31.05673206598714,1)
[1210]: (31.20950233040502,1)
[1211]: (31.50672980578672,1)
[1212]: (31.7257691766134,1)
[1213]: (31.08149849481356,1)
[1214]: (31.03666093050342,1)
[1215]: (31.30905989473134,1)
[1216]: (32.22914385667443,1)
[1217]: (31.78245943304031,1)
[1218]: (31.30135504589352,1)
[1219]: (31.51980760304602,1)
[1220]: (31.04212350350825,1)
[1221]: (31.12824965438333,1)
[1222]: (31.06901552238718,1)
[1223]: (31.41194756055591,1)
[1224]: (31.01416306333465,1)
[1225]: (31.03628803973758,1)
[1226]: (31.0517559792107,1)
[1227]: (31.07782572987367,1)
[1228]: (31.09467800406654,1)
[1229]: (31.14429990897409,1)
[1230]: (31.09797376517465,1)
[1231]: (31.47497662531877,1)
[1232]: (31.09457195277164,1)
[1233]: (31.0119671489632,1)
[1234]: (31.47042555100573,1)
[1235]: (31.00945835409755,1)
[1236]: (31.18771579806574,1)
[1237]: (31.00317256046465,1)
[1238]: (31.06140293734034,1)
[1239]: (32.3339498339484,1)
[1240]: (31.38177118731685,1)
[1241]: (31.24016151007489,1)
[1242]: (31.3798450467003,1)
[1243]: (31.54252585012376,1)
[1244]: (31.53847731353068,1)
[1245]: (31.01323725334326,1)
[1246]: (31.33345728432784,1)
[1247]: (31.07106312646501,1)
[1248]: (31.18753041625672,1)
[1249]: (31.10437908597915,1)
[1250]: (31.20237350017733,1)
[1251]: (31.28964451976346,1)
[1252]: (31.04971406061235,1)
[1253]: (31.95724721014209,1)
[1254]: (31.87743913575881,1)
[1255]: (31.12787252371242,1)
[1256]: (31.75294954915248,1)
[1257]: (32.4502437608935,1)
[1258]: (31.05426023300728,1)
[1259]: (31.58039626938497,1)
[1260]: (31.16630726098143,1)
[1261]: (31.47281937596758,1)
[1262]: (31.44857193263515,1)
[1263]: (31.65256860217555,1)
[1264]: (31.41044936718503,1)
[1265]: (31.04512890568209,1)
[1266]: (31.14732720149031,1)
[1267]: (31.24908971896887,1)
[1268]: (31.2177130094625,1)
[1269]: (31.02792910865466,1)
[1270]: (31.68731280949121,1)
[1271]: (31.17211445587341,1)
[1272]: (31.28768631337542,1)
[1273]: (31.37240059269843,1)
[1274]: (31.22414211263207,1)
[1275]: (31.44217540229806,1)
[1276]: (31.31061326918628,1)
[1277]: (31.15445408857683,1)
[1278]: (31.11401486354187,1)
[1279]: (31.16370460391606,1)
[1280]: (31.14186729960436,1)
[1281]: (31.11584982599155,1)
[1282]: (32.29033997539439,1)
[1283]: (31.34484450575668,1)
[1284]: (31.60053258394844,1)
[1285]: (31.10855426818,1)
[1286]: (31.08502675937026,1)
[1287]: (31.24277480048537,1)
[1288]: (31.08238672421885,1)
[1289]: (31.04072453339495,1)
[1290]: (31.15547465942788,1)
[1291]: (31.14257684599354,1)
[1292]: (31.58392743880398,1)
[1293]: (31.58134264736782,1)
[1294]: (31.37320783649136,1)
[1295]: (31.32255275411393,1)
[1296]: (31.43037946128208,1)
[1297]: (31.13178902554547,1)
[1298]: (31.80341961022861,1)
[1299]: (31.57339507459076,1)
[1300]: (31.09526806896223,1)
[1301]: (31.38115161832642,1)
[1302]: (31.52306106495093,1)
[1303]: (31.47505551851599,1)
[1304]: (31.22409492419249,1)
[1305]: (31.17821467810939,1)
[1306]: (31.82801852754236,1)
[1307]: (31.06724187569104,1)
[1308]: (31.02636360881755,1)
[1309]: (31.26492113748509,1)
[1310]: (31.02076467737979,1)
[1311]: (31.35501094120034,1)
[1312]: (31.14572245449776,1)
[1313]: (31.13573070371038,1)
[1314]: (31.22849491092192,1)
[1315]: (31.00656320837755,1)
[1316]: (31.21672636970592,1)
[1317]: (31.00654393394291,1)
[1318]: (31.33696295658982,1)
[1319]: (31.27541920956217,1)
[1320]: (31.4961956543438,1)
[1321]: (31.2672640855849,1)
[1322]: (31.48614719960533,1)
[1323]: (31.0938318499204,1)
[1324]: (32.27538731074863,1)
[1325]: (32.17985803461611,1)
[1326]: (31.27381055638435,1)
[1327]: (31.10416313434345,1)
[1328]: (31.64994902181769,1)
[1329]: (31.20706896007447,1)
[1330]: (31.25239697330137,1)
[1331]: (31.2979732807618,1)
[1332]: (31.27254140253413,1)
[1333]: (31.11801124295534,1)
[1334]: (31.86120626819655,1)
[1335]: (31.12157400665919,1)
[1336]: (31.00834955544187,1)
[1337]: (31.56266035714745,1)
[1338]: (31.37722096261843,1)
[1339]: (31.0557181118701,1)
[1340]: (31.49396302064413,1)
[1341]: (31.23947072434147,1)
[1342]: (31.30934269495864,1)
[1343]: (31.18913670827843,1)
[1344]: (31.09255698041319,1)
[1345]: (31.04906581979028,1)
[1346]: (31.00985995721401,1)
[1347]: (32.09176927120268,1)
[1348]: (31.25956327504393,1)
[1349]: (31.56827462432844,1)
[1350]: (31.91764248426117,1)
[1351]: (32.06389362303958,1)
[1352]: (31.01990196542428,1)
[1353]: (31.06496027796869,1)
[1354]: (31.17357893247048,1)
[1355]: (31.05136104057139,1)
[1356]: (31.47823053843846,1)
[1357]: (31.09822324434579,1)
[1358]: (32.18179759794064,1)
[1359]: (31.04157941666168,1)
[1360]: (31.24031051909093,1)
[1361]: (31.2448566621592,1)
[1362]: (31.13820606103991,1)
[1363]: (31.03068386948812,1)
[1364]: (31.03479307717036,1)
[1365]: (31.23584546894301,1)
[1366]: (31.41780701406446,1)
[1367]: (31.22882073906075,1)
[1368]: (31.16477932948749,1)
[1369]: (31.04804053154032,1)
[1370]: (31.37363392624021,1)
[1371]: (31.6722202693942,1)
[1372]: (32.13701364573142,1)
[1373]: (31.36389295107599,1)
[1374]: (31.36665540465921,1)
[1375]: (31.12959587438264,1)
[1376]: (31.06121767922853,1)
[1377]: (31.34945372613155,1)
[1378]: (31.0689516629237,1)
[1379]: (31.52639818445599,1)
[1380]: (31.86633754727426,1)
[1381]: (31.16762412488804,1)
[1382]: (31.85585904599961,1)
[1383]: (31.25039578474815,1)
[1384]: (31.07155567153693,1)
[1385]: (31.19044334003448,1)
[1386]: (31.01191792764726,1)
[1387]: (31.38999789657302,1)
[1388]: (31.44932156893334,1)
[1389]: (31.04427230081973,1)
[1390]: (31.24687545342322,1)
[1391]: (31.047926721655,1)
[1392]: (31.68887614756271,1)
[1393]: (31.08720453780545,1)
[1394]: (31.10759981984214,1)
[1395]: (31.14993508918706,1)
[1396]: (31.17211751435802,1)
[1397]: (31.28837147151562,1)
[1398]: (31.55191060115327,1)
[1399]: (31.29245993882268,1)
[1400]: (31.0306279711176,1)
[1401]: (31.30235967181288,1)
[1402]: (31.44584413948222,1)
[1403]: (31.26184488197661,1)
[1404]: (31.48984468335361,1)
[1405]: (31.06185141823352,1)
[1406]: (31.03656022723537,1)
[1407]: (31.07398216969817,1)
[1408]: (31.68327581413688,1)
[1409]: (31.19009201121368,1)
[1410]: (31.32715770371513,1)
[1411]: (31.06402076691332,1)
[1412]: (31.77503218540604,1)
[1413]: (31.17501562666059,1)
[1414]: (31.0129190851088,1)
[1415]: (31.62442047314329,1)
[1416]: (31.75228170278353,1)
[1417]: (32.42607914826837,1)
[1418]: (32.07566956811409,1)
[1419]: (31.02373061340568,1)
[1420]: (31.04922806404038,1)
[1421]: (31.03927724005952,1)
[1422]: (31.20926173869007,1)
[1423]: (31.37306784185501,1)
[1424]: (31.13236349631254,1)
[1425]: (31.13546235229789,1)
[1426]: (31.40492052548126,1)
[1427]: (31.09346015545526,1)
[1428]: (31.19885450253586,1)
[1429]: (31.09743308476778,1)
[1430]: (31.11884956686016,1)
[1431]: (31.19245313901579,1)
[1432]: (31.32322725537376,1)
[1433]: (31.14685741124759,1)
[1434]: (31.50108879413652,1)
[1435]: (31.10986784968917,1)
[1436]: (31.1819834745428,1)
[1437]: (31.33221767015304,1)
[1438]: (31.18192968953981,1)
[1439]: (31.70052263179933,1)
[1440]: (31.9098988280162,1)
[1441]: (31.90728617381652,1)
[1442]: (31.44654600155409,1)
[1443]: (31.07397538132295,1)
[1444]: (31.05186628295905,1)
[1445]: (31.28129595167125,1)
[1446]: (31.30929052028597,1)
[1447]: (31.07689527569616,1)
[1448]: (33.16172270170693,1)
[1449]: (31.09268289311357,1)
[1450]: (31.24537820200053,1)
[1451]: (31.50776658218826,1)
[1452]: (32.33004350628674,1)
[1453]: (31.14452941715465,1)
[1454]: (31.42317802591974,1)
[1455]: (31.11007805094932,1)
[1456]: (32.40302545811851,1)
[1457]: (31.29671400278225,1)
[1458]: (31.64986751032757,1)
[1459]: (31.2039408975029,1)
[1460]: (31.70373341368763,1)
[1461]: (31.15713725354379,1)
[1462]: (31.61107074036298,1)
[1463]: (31.54192854196745,1)
[1464]: (31.21955546252542,1)
[1465]: (31.68157690210584,1)
[1466]: (31.13901998359968,1)
[1467]: (31.03213181857515,1)
[1468]: (31.30267973633413,1)
[1469]: (31.15925206975441,1)
[1470]: (31.49033204389539,1)
[1471]: (31.26607635925482,1)
[1472]: (31.4306210185148,1)
[1473]: (31.69158124731274,1)
[1474]: (31.07363867541051,1)
[1475]: (31.10941405048592,1)
[1476]: (31.42568076071366,1)
[1477]: (31.4844488880486,1)
[1478]: (31.07616405295034,1)
[1479]: (31.3266387400327,1)
[1480]: (31.58487916877569,1)
[1481]: (31.00885275935633,1)
[1482]: (31.56172074144175,1)
[1483]: (31.76029402381667,1)
[1484]: (31.42612002553341,1)
[1485]: (32.00480877795808,1)
[1486]: (31.35438874594354,1)
[1487]: (31.10250920286675,1)
[1488]: (31.06955321372228,1)
[1489]: (31.56052458269852,1)
[1490]: (31.35505518192302,1)
[1491]: (31.48205290833066,1)
[1492]: (31.509840439328,1)
[1493]: (31.18581729476607,1)
[1494]: (31.85014908979801,1)
[1495]: (31.14447396695336,1)
[1496]: (31.39216213012826,1)
[1497]: (31.07346677555451,1)
[1498]: (31.17229898964186,1)
[1499]: (31.8770185615637,1)
[1500]: (31.88579685998162,1)
[1501]: (31.96207013590622,1)
[1502]: (31.2221709163182,1)
[1503]: (31.01173490443379,1)
[1504]: (31.44865490227193,1)
[1505]: (31.16203497627318,1)
[1506]: (31.27003907536635,1)
[1507]: (31.57803761156657,1)
[1508]: (31.07045807716428,1)
[1509]: (31.83787742947982,1)
[1510]: (31.32283269547321,1)
[1511]: (31.07076066738086,1)
[1512]: (31.00209886454233,1)
[1513]: (31.59927100460338,1)
[1514]: (31.7695607691865,1)
[1515]: (31.19046559767616,1)
[1516]: (31.0371298342395,1)
[1517]: (31.37392137469198,1)
[1518]: (31.05141658159944,1)
[1519]: (31.39385935010583,1)
[1520]: (31.44474576314076,1)
[1521]: (31.19422442536058,1)
[1522]: (31.30280959622966,1)
[1523]: (31.02428601085555,1)
[1524]: (31.46155148630342,1)
[1525]: (31.46467726973824,1)
[1526]: (31.90515507304146,1)
[1527]: (31.018152290063,1)
[1528]: (31.4186956423849,1)
[1529]: (31.05566283530814,1)
[1530]: (31.13507905607789,1)
[1531]: (31.48860170933393,1)
[1532]: (31.76530421607687,1)
[1533]: (32.71411003016839,1)
[1534]: (31.93151669929356,1)
[1535]: (31.01392631670293,1)
[1536]: (31.06009055444117,1)
[1537]: (31.05082358795082,1)
[1538]: (31.45552370586597,1)
[1539]: (31.25972625703877,1)
[1540]: (31.23617430703224,1)
[1541]: (31.05122063494124,1)
[1542]: (31.49017944340692,1)
[1543]: (31.08431854102237,1)
[1544]: (31.12430208269187,1)
[1545]: (31.71436844546922,1)
[1546]: (31.26509010754157,1)
[1547]: (31.3431787471106,1)
[1548]: (31.37167911630372,1)
[1549]: (31.18928445661152,1)
[1550]: (31.00048093445391,1)
[1551]: (31.02047999843702,1)
[1552]: (31.00016243494469,1)
[1553]: (31.5864880679483,1)
[1554]: (31.01989322564607,1)
[1555]: (31.78642669557568,1)
[1556]: (31.21441932460652,1)
[1557]: (31.59756155108982,1)
[1558]: (31.04199221186941,1)
[1559]: (31.64612078333755,1)
[1560]: (31.08646854677382,1)
[1561]: (31.15948389702953,1)
[1562]: (31.12080392933929,1)
[1563]: (31.07001107843628,1)
[1564]: (32.75022795658407,1)
[1565]: (31.25293719728624,1)
[1566]: (31.08640328580266,1)
[1567]: (31.13409877268237,1)
[1568]: (31.24312392792437,1)
[1569]: (31.07510889007599,1)
[1570]: (31.20283779376816,1)
[1571]: (31.29267268019627,1)
[1572]: (31.93224673771768,1)
[1573]: (31.00406503376442,1)
[1574]: (31.19521005058236,1)
[1575]: (31.32297723114321,1)
[1576]: (31.00648880909655,1)
[1577]: (31.45970746453889,1)
[1578]: (31.30756190859749,1)
[1579]: (31.75372888468031,1)
[1580]: (31.00030720670617,1)
[1581]: (31.08031043406979,1)
[1582]: (31.5679385143521,1)
[1583]: (32.79002296866095,1)
[1584]: (31.38443917570784,1)
[1585]: (31.02926182846235,1)
[1586]: (31.87495729673621,1)
[1587]: (31.61366266500217,1)
[1588]: (31.36904305459683,1)
[1589]: (31.17777610753946,1)
[1590]: (31.16499979363563,1)
[1591]: (31.29313725578895,1)
[1592]: (31.20947631163167,1)
[1593]: (31.09272145319727,1)
[1594]: (31.44153796881833,1)
[1595]: (31.17440091418857,1)
[1596]: (31.37169159512626,1)
[1597]: (31.05535865968134,1)
[1598]: (31.47648534434457,1)
[1599]: (31.19650594866163,1)
[1600]: (31.19572351974949,1)
[1601]: (31.75149161580747,1)
[1602]: (31.26269873131335,1)
[1603]: (31.04989152418478,1)
[1604]: (31.03627004536628,1)
[1605]: (31.18504180439937,1)
[1606]: (31.63309655582675,1)
[1607]: (32.34048788830788,1)
[1608]: (31.33618481778521,1)
[1609]: (31.04600003856384,1)
[1610]: (31.16810168682719,1)
[1611]: (31.05541890551471,1)
[1612]: (31.13267276201577,1)
[1613]: (31.15407644788915,1)
[1614]: (31.24982556657576,1)
[1615]: (31.37963993792611,1)
[1616]: (31.48555417581612,1)
[1617]: (31.21897073068196,1)
[1618]: (31.19833641272959,1)
[1619]: (31.58472297418319,1)
[1620]: (31.05611054920535,1)
[1621]: (31.09148306480566,1)
[1622]: (31.27312842119863,1)
[1623]: (31.15869719929363,1)
[1624]: (31.36699868452136,1)
[1625]: (31.0306945497039,1)
[1626]: (31.15517518064967,1)
[1627]: (31.37078168362635,1)
[1628]: (31.0468431450129,1)
[1629]: (31.16491486052416,1)
[1630]: (31.12234011323534,1)
[1631]: (31.14197707782245,1)
[1632]: (31.57388724780531,1)
[1633]: (31.1148003548443,1)
[1634]: (31.1535101590415,1)
[1635]: (31.69550615392876,1)
[1636]: (31.21786588762317,1)
[1637]: (31.07232669635487,1)
[1638]: (31.26810271700349,1)
[1639]: (31.19757033455962,1)
[1640]: (31.21113167197334,1)
[1641]: (31.64906577042987,1)
[1642]: (31.17515680691701,1)
[1643]: (31.38855297075224,1)
[1644]: (31.38053310056971,1)
[1645]: (31.1350428647613,1)
[1646]: (31.0306722494247,1)
[1647]: (31.64491636314807,1)
[1648]: (31.05127822761218,1)
[1649]: (31.1547813533581,1)
[1650]: (31.46580118711519,1)
[1651]: (31.12741546997256,1)
[1652]: (31.97499715850983,1)
[1653]: (31.06887315596646,1)
[1654]: (31.41620958804553,1)
[1655]: (31.29777550394538,1)
[1656]: (31.8673805152259,1)
[1657]: (31.76546416789247,1)
[1658]: (31.32507168442008,1)
[1659]: (31.31385490107419,1)
[1660]: (32.13997429383199,1)
[1661]: (31.01768620811653,1)
[1662]: (31.28232932728669,1)
[1663]: (31.47416276222749,1)
[1664]: (31.22948464999026,1)
[1665]: (31.74217403131734,1)
[1666]: (31.05673246891804,1)
[1667]: (31.25585751931401,1)
[1668]: (31.21101183938473,1)
[1669]: (31.40622750068969,1)
[1670]: (31.34136838799478,1)
[1671]: (32.0059913921477,1)
[1672]: (31.25316467624785,1)
[1673]: (32.36981453746498,1)
[1674]: (31.51444578414856,1)
[1675]: (31.22516990976303,1)
[1676]: (31.02005447558285,1)
[1677]: (31.91862655444193,1)
[1678]: (31.32488250579996,1)
[1679]: (32.29413652883241,1)
[1680]: (31.28669887968079,1)
[1681]: (31.48496520980776,1)
[1682]: (32.99887595726248,1)
[1683]: (31.1702692297399,1)
[1684]: (31.31228983626815,1)
[1685]: (31.26545173062977,1)
[1686]: (31.04830159939838,1)
[1687]: (31.33234855357662,1)
[1688]: (31.03257481336731,1)
[1689]: (31.11444831154121,1)
[1690]: (31.19162567693014,1)
[1691]: (31.20736335381959,1)
[1692]: (31.91578037596929,1)
[1693]: (31.20922267246251,1)
[1694]: (31.35436775796544,1)
[1695]: (31.1187389600168,1)
[1696]: (31.03858208335034,1)
[1697]: (31.35991184965103,1)
[1698]: (31.09750739958155,1)
[1699]: (31.53271652557477,1)
[1700]: (31.65760716103581,1)
[1701]: (31.62469126343188,1)
[1702]: (31.04985989654783,1)
[1703]: (31.05346280192361,1)
[1704]: (31.01956763584124,1)
[1705]: (31.5426490348604,1)
[1706]: (31.40845179691999,1)
[1707]: (31.35782951382603,1)
[1708]: (31.28183797661037,1)
[1709]: (31.85287770011417,1)
[1710]: (31.24920151913592,1)
[1711]: (31.02711908869528,1)
[1712]: (31.08632711562934,1)
[1713]: (31.03084512100705,1)
[1714]: (31.07482454851664,1)
[1715]: (31.0351846808322,1)
[1716]: (31.11435470646244,1)
[1717]: (31.46551701548291,1)
[1718]: (31.60322946544983,1)
[1719]: (32.65838715165407,1)
[1720]: (31.45181243706769,1)
[1721]: (31.03367840518119,1)
[1722]: (31.09753829508904,1)
[1723]: (32.06358022693271,1)
[1724]: (31.00716570596336,1)
[1725]: (32.52794537550396,1)
[1726]: (31.92472483822264,1)
[1727]: (31.21662790603982,1)
[1728]: (31.78427320954721,1)
[1729]: (31.55169572386594,1)
[1730]: (31.23723418266106,1)
[1731]: (31.10677723306322,1)
[1732]: (31.8406759337456,1)
[1733]: (31.22370126975039,1)
[1734]: (31.16621044875343,1)
[1735]: (31.53899227240724,1)
[1736]: (32.0021898647441,1)
[1737]: (31.123036760077,1)
[1738]: (31.15977962855193,1)
[1739]: (31.11179482647386,1)
[1740]: (31.58175104272914,1)
[1741]: (31.25418718191293,1)
[1742]: (31.58478970080295,1)
[1743]: (31.15620596618699,1)
[1744]: (31.26982628364272,1)
[1745]: (31.00013361268816,1)
[1746]: (31.01810835933461,1)
[1747]: (31.22116865761254,1)
[1748]: (31.32489456342086,1)
[1749]: (31.02372762626428,1)
[1750]: (31.95577453263142,1)
[1751]: (31.14709963459506,1)
[1752]: (31.01203359582557,1)
[1753]: (31.69099891588031,1)
[1754]: (31.06321269200301,1)
[1755]: (31.00969511371009,1)
[1756]: (31.01332720047425,1)
[1757]: (31.39578382813161,1)
[1758]: (31.18701321110771,1)
[1759]: (31.55665033782672,1)
[1760]: (31.20452246030599,1)
[1761]: (31.7156732475155,1)
[1762]: (31.38555743332513,1)
[1763]: (31.23491755412613,1)
[1764]: (31.01150393012308,1)
[1765]: (31.11867745277586,1)
[1766]: (31.11789613731582,1)
[1767]: (31.16985318536895,1)
[1768]: (31.24806784146126,1)
[1769]: (31.0803462049249,1)
[1770]: (31.335650203514,1)
[1771]: (31.26972615911467,1)
[1772]: (32.50161056134863,1)
[1773]: (31.44121413813792,1)
[1774]: (31.06283256768259,1)
[1775]: (31.37488683033539,1)
[1776]: (31.05038759340639,1)
[1777]: (31.12311123317943,1)
[1778]: (31.19909721721159,1)
[1779]: (31.67239584619977,1)
[1780]: (31.07390655420124,1)
[1781]: (31.49168147874452,1)
[1782]: (31.51577672304108,1)
[1783]: (31.05706985653105,1)
[1784]: (31.32789773673376,1)
[1785]: (31.17563587027543,1)
[1786]: (31.08124323785871,1)
[1787]: (31.57289436863378,1)
[1788]: (31.56143893987992,1)
[1789]: (31.12984383251919,1)
[1790]: (31.01823089210637,1)
[1791]: (31.29958711706006,1)
[1792]: (32.17902591535265,1)
[1793]: (31.3595740333406,1)
[1794]: (31.11096386267206,1)
[1795]: (31.03118547702894,1)
[1796]: (31.03235853038533,1)
[1797]: (31.2959730211339,1)
[1798]: (31.48619696180275,1)
[1799]: (31.47777105609832,1)
[1800]: (31.35465698121218,1)
[1801]: (31.23915962518099,1)
[1802]: (31.52819217960148,1)
[1803]: (31.83806055912704,1)
[1804]: (31.03933597747629,1)
[1805]: (31.06127175269266,1)
[1806]: (31.6400582075485,1)
[1807]: (31.99287474449665,1)
[1808]: (31.65020771995235,1)
[1809]: (31.14725879026188,1)
[1810]: (31.01335698450386,1)
[1811]: (31.08751076279902,1)
[1812]: (31.32893687799193,1)
[1813]: (31.18771870708764,1)
[1814]: (31.0334509696829,1)
[1815]: (31.12593822796952,1)
[1816]: (31.61036911200371,1)
[1817]: (31.08767495726579,1)
[1818]: (31.37050897965515,1)
[1819]: (31.20103242177225,1)
[1820]: (31.53246693709586,1)
[1821]: (31.26804219741388,1)
[1822]: (31.15282457903415,1)
[1823]: (31.33666150399865,1)
[1824]: (31.3487954724006,1)
[1825]: (31.10312556128867,1)
[1826]: (31.28890529646704,1)
[1827]: (31.62782009724627,1)
[1828]: (31.33982432340601,1)
[1829]: (31.35448947639249,1)
[1830]: (31.15919907540304,1)
[1831]: (31.45289462187828,1)
[1832]: (31.22641802657528,1)
[1833]: (31.70986359217406,1)
[1834]: (32.46085755729219,1)
[1835]: (31.14524166320529,1)
[1836]: (31.31673184587818,1)
[1837]: (31.04077301716368,1)
[1838]: (31.03123390212858,1)
[1839]: (31.05142898352761,1)
[1840]: (31.26557813663582,1)
[1841]: (31.27423424223343,1)
[1842]: (31.92300410301891,1)
[1843]: (31.41390755799672,1)
[1844]: (31.51578534840088,1)
[1845]: (31.10727103485547,1)
[1846]: (31.02860129729015,1)
[1847]: (31.00102282705895,1)
[1848]: (31.12353104561353,1)
[1849]: (32.67204613009522,1)
[1850]: (32.30685608090595,1)
[1851]: (31.31298913814637,1)
[1852]: (31.35943577564779,1)
[1853]: (31.24513299115376,1)
[1854]: (31.75967138580955,1)
[1855]: (31.07594330690426,1)
[1856]: (31.35184117266775,1)
[1857]: (31.05198592195542,1)
[1858]: (31.11840384896855,1)
[1859]: (31.37775930973425,1)
[1860]: (31.11090281113063,1)
[1861]: (31.16330143654544,1)
[1862]: (32.37262406643292,1)
[1863]: (31.52161581570881,1)
[1864]: (32.02845494469135,1)
[1865]: (31.90837775420228,1)
[1866]: (31.14183596598857,1)
[1867]: (31.24679763701369,1)
[1868]: (31.22012862993202,1)
[1869]: (31.8977635605051,1)
[1870]: (31.49591869271138,1)
[1871]: (31.33744229130149,1)
[1872]: (31.07770147474784,1)
[1873]: (31.33783212598943,1)
[1874]: (31.37457917176706,1)
[1875]: (31.45788544057675,1)
[1876]: (31.43770721109116,1)
[1877]: (31.23010048842061,1)
[1878]: (31.3353217591502,1)
[1879]: (31.84473066162269,1)
[1880]: (31.11966353156396,1)
[1881]: (31.18345783824886,1)
[1882]: (31.07334953220764,1)
[1883]: (31.0903412917429,1)
[1884]: (31.1391306095492,1)
[1885]: (31.25444904824892,1)
[1886]: (31.96591634167629,1)
[1887]: (31.07040908029123,1)
[1888]: (31.52104572777972,1)
[1889]: (31.09689536766189,1)
[1890]: (31.3381340605619,1)
[1891]: (31.44810760253425,1)
[1892]: (31.20507796840348,1)
[1893]: (31.01278212467701,1)
[1894]: (31.0363231775421,1)
[1895]: (31.03624080390603,1)
[1896]: (31.0134702055152,1)
[1897]: (32.0807460953848,1)
[1898]: (31.66324471999226,1)
[1899]: (31.22035747259287,1)
[1900]: (31.27092400027403,1)
[1901]: (31.90742578111902,1)
[1902]: (31.00607103988377,1)
[1903]: (31.12348467955832,1)
[1904]: (31.04501246027238,1)
[1905]: (31.51536223451704,1)
[1906]: (31.53124964842627,1)
[1907]: (31.04833793052682,1)
[1908]: (31.03920700454502,1)
[1909]: (32.79705632468325,1)
[1910]: (31.6313250408087,1)
[1911]: (31.12600323016613,1)
[1912]: (31.09992950586797,1)
[1913]: (31.40521507183961,1)
[1914]: (31.10667976121528,1)
[1915]: (31.46617579473221,1)
[1916]: (32.13550145727972,1)
[1917]: (31.02182177509967,1)
[1918]: (31.07388935009151,1)
[1919]: (31.87599959120725,1)
[1920]: (31.70573908171401,1)
[1921]: (31.32339106600558,1)
[1922]: (32.0748234578785,1)
[1923]: (31.44237462910776,1)
[1924]: (31.49727608895526,1)
[1925]: (31.23481923859636,1)
[1926]: (31.11703067584917,1)
[1927]: (31.65286723027922,1)
[1928]: (31.02851705337601,1)
[1929]: (31.19213247731494,1)
[1930]: (31.17402134538165,1)
[1931]: (31.28424322158678,1)
[1932]: (31.63835600337963,1)
[1933]: (31.4043207595473,1)
[1934]: (31.40151703151951,1)
[1935]: (31.00927471788557,1)
[1936]: (31.0138060860168,1)
[1937]: (31.20533448533003,1)
[1938]: (31.14079730481988,1)
[1939]: (31.78256679037718,1)
[1940]: (31.08328228728049,1)
[1941]: (31.30018751597176,1)
[1942]: (31.55276646380189,1)
[1943]: (32.08982705895864,1)
[1944]: (31.6330913387553,1)
[1945]: (31.23179443521528,1)
[1946]: (31.04507356355487,1)
[1947]: (31.90985256240672,1)
[1948]: (31.00980823238315,1)
[1949]: (31.62262680002885,1)
[1950]: (31.23718496532981,1)
[1951]: (31.50283997907377,1)
[1952]: (31.98264791831415,1)
[1953]: (31.26191697860623,1)
[1954]: (31.16038962749513,1)
[1955]: (31.10069594109051,1)
[1956]: (31.71826425172286,1)
[1957]: (31.91582339829064,1)
[1958]: (31.20092903467461,1)
[1959]: (31.19787423222225,1)
[1960]: (31.20353331478162,1)
[1961]: (31.57653121129089,1)
[1962]: (31.22089969784399,1)
[1963]: (31.73792329186283,1)
[1964]: (31.4311923631281,1)
[1965]: (31.11820608496138,1)
[1966]: (31.01314300787722,1)
[1967]: (31.37459975146848,1)
[1968]: (31.96660526959227,1)
[1969]: (31.15341605297474,1)
[1970]: (31.03568035210433,1)
[1971]: (31.12266033812442,1)
[1972]: (31.06391487592002,1)
[1973]: (31.85669187889007,1)
[1974]: (31.18750871854382,1)
[1975]: (31.67979180963569,1)
[1976]: (31.84773025453523,1)
[1977]: (31.79603283981289,1)
[1978]: (31.45504221898488,1)
[1979]: (31.00862164932209,1)
[1980]: (31.7088951520254,1)
[1981]: (31.20925964035486,1)
[1982]: (32.33402253643305,1)
[1983]: (31.5054432920675,1)
[1984]: (32.3311674662916,1)
[1985]: (31.08532485415197,1)
[1986]: (31.31753421180965,1)
[1987]: (31.97466240606419,1)
[1988]: (31.14984421707379,1)
[1989]: (31.45281898956377,1)
[1990]: (31.25315095076081,1)
[1991]: (31.70848137804189,1)
[1992]: (31.04402850507432,1)
[1993]: (32.07020912122898,1)
[1994]: (31.6323526242722,1)
[1995]: (31.16242541114037,1)
[1996]: (31.14820190063838,1)
[1997]: (32.02351929907326,1)
[1998]: (31.0339497136232,1)
[1999]: (31.19470205127782,1)
 -- States explored : 0 states
 -- CPU user time used : 10930 ms
 -- Virtual memory used : 193600 KiB
 -- Resident memory used : 155440 KiB
executionTime: 71
