core file size          (blocks, -c) unlimited
data seg size           (kbytes, -d) unlimited
scheduling priority             (-e) 0
file size               (blocks, -f) unlimited
pending signals                 (-i) 4077086
max locked memory       (kbytes, -l) 64
max memory size         (kbytes, -m) 32505856
open files                      (-n) 4096
pipe size            (512 bytes, -p) 8
POSIX message queues     (bytes, -q) 819200
real-time priority              (-r) 0
stack size              (kbytes, -s) 8192
cpu time               (seconds, -t) unlimited
max user processes              (-u) 4077086
virtual memory          (kbytes, -v) 31000000
file locks                      (-x) unlimited
Options for the verification:
  Generating some trace
  Search order is random depth first
  Using conservative space optimisation
  Seed is 1556898096
  State space representation uses minimal constraint systems
  Using HashMap + Compress integers for discrete state storage

Verifying formula 1 at ../queries/SN_50_24_16.q:1
 -- Formula is satisfied.
(9000 runs)
Learning statistics for best strategy: 
	Number of resets: 0
	Number of iterations in last reset: 7
	Number of iterations in total: 7

 -- States explored : 0 states
 -- CPU user time used : 77070 ms
 -- Virtual memory used : 240104 KiB
 -- Resident memory used : 201588 KiB

Verifying formula 2 at ../queries/SN_50_24_16.q:3
 -- Formula is satisfied.
Composer.Done:
[0]: (0,0) (40.75929891964836,1)
[1]: (40.06758828655759,1)
[2]: (40.08031036340894,1)
[3]: (40.40828298162175,1)
[4]: (40.18130801183565,1)
[5]: (40.12940898762554,1)
[6]: (40.07560175429141,1)
[7]: (40.25613974978364,1)
[8]: (40.02499181595453,1)
[9]: (40.69460646887315,1)
[10]: (40.32527725530781,1)
[11]: (40.0660824762273,1)
[12]: (40.67348978457648,1)
[13]: (40.4407242685317,1)
[14]: (40.08152625315951,1)
[15]: (40.83303763558627,1)
[16]: (40.17235242755487,1)
[17]: (40.09863226240969,1)
[18]: (40.10391710293378,1)
[19]: (40.23167908988234,1)
[20]: (40.23025181467941,1)
[21]: (40.61816324708118,1)
[22]: (40.2551075695303,1)
[23]: (40.17570869458729,1)
[24]: (40.04529480713306,1)
[25]: (41.29215893155747,1)
[26]: (40.36699125707026,1)
[27]: (40.40978349233528,1)
[28]: (40.54733465879448,1)
[29]: (40.20875745145546,1)
[30]: (40.21109885480234,1)
[31]: (40.62660456116864,1)
[32]: (40.05630480007028,1)
[33]: (41.49793777010538,1)
[34]: (40.8445321220095,1)
[35]: (40.10444208109735,1)
[36]: (40.05951196760367,1)
[37]: (40.04404962112781,1)
[38]: (40.27679999103256,1)
[39]: (40.13099351810874,1)
[40]: (40.16801682985226,1)
[41]: (40.25709739751073,1)
[42]: (40.11644778634203,1)
[43]: (40.34335523947656,1)
[44]: (40.01696650817978,1)
[45]: (40.79946649930698,1)
[46]: (40.2590614828689,1)
[47]: (40.86531464710963,1)
[48]: (40.07112577092852,1)
[49]: (40.53398461197297,1)
[50]: (40.10258652180664,1)
[51]: (40.11228255404679,1)
[52]: (40.31792331654481,1)
[53]: (40.18718307079185,1)
[54]: (40.21269246386061,1)
[55]: (40.09093347670421,1)
[56]: (40.05446828204896,1)
[57]: (40.28886419580513,1)
[58]: (40.13949346398309,1)
[59]: (40.66890510480794,1)
[60]: (40.04897266306445,1)
[61]: (40.8215295195703,1)
[62]: (40.02255877642782,1)
[63]: (40.17337295014961,1)
[64]: (40.0882661141642,1)
[65]: (40.02379336326131,1)
[66]: (40.59332900926908,1)
[67]: (40.30228250267865,1)
[68]: (40.84121169009334,1)
[69]: (40.64583150983628,1)
[70]: (40.2176348378971,1)
[71]: (40.42167083053374,1)
[72]: (40.02699224957449,1)
[73]: (40.16296461275921,1)
[74]: (40.12214182487612,1)
[75]: (40.01181685837592,1)
[76]: (40.38338196543894,1)
[77]: (40.09449284141206,1)
[78]: (40.007860646167,1)
[79]: (40.23537421864256,1)
[80]: (40.25665932205062,1)
[81]: (40.1539292637669,1)
[82]: (40.10189119851832,1)
[83]: (40.47126937792702,1)
[84]: (40.02118222283531,1)
[85]: (40.72222301789871,1)
[86]: (40.11359702108359,1)
[87]: (40.72738104020118,1)
[88]: (40.00397639093621,1)
[89]: (40.05443580382035,1)
[90]: (40.32304204098051,1)
[91]: (40.28350268189344,1)
[92]: (40.01048683658366,1)
[93]: (40.04570608211201,1)
[94]: (40.08208498454695,1)
[95]: (40.71290095224393,1)
[96]: (40.00961568230466,1)
[97]: (40.39357343294242,1)
[98]: (40.62912547570491,1)
[99]: (40.91341299560306,1)
[100]: (40.20249990453541,1)
[101]: (40.59232737546942,1)
[102]: (40.31207942734763,1)
[103]: (40.01496572505548,1)
[104]: (40.00126621083101,1)
[105]: (40.53493135602752,1)
[106]: (40.53768876566813,1)
[107]: (40.25799491834179,1)
[108]: (40.22484960692474,1)
[109]: (40.28118570495667,1)
[110]: (40.2944632893703,1)
[111]: (40.47033323994159,1)
[112]: (40.63426500537371,1)
[113]: (41.54238146233219,1)
[114]: (40.20041245868123,1)
[115]: (40.04835921878161,1)
[116]: (40.69884797434503,1)
[117]: (40.52118125971617,1)
[118]: (40.11645689553725,1)
[119]: (40.19516787418151,1)
[120]: (40.14168636343673,1)
[121]: (40.3725494212361,1)
[122]: (40.34972219742374,1)
[123]: (40.48206533003624,1)
[124]: (41.4767243904605,1)
[125]: (40.01559078130253,1)
[126]: (40.71127004316985,1)
[127]: (40.03283661974554,1)
[128]: (40.4961279457299,1)
[129]: (40.17028986129777,1)
[130]: (40.03676921065695,1)
[131]: (40.12961120590695,1)
[132]: (40.5653446332696,1)
[133]: (40.15114957183633,1)
[134]: (40.81417887685181,1)
[135]: (40.01089354836766,1)
[136]: (40.89472554728088,1)
[137]: (40.43213244867376,1)
[138]: (40.64572439399882,1)
[139]: (40.1854937931943,1)
[140]: (40.41069118989329,1)
[141]: (40.58664928179773,1)
[142]: (40.02322138463123,1)
[143]: (40.32199747013272,1)
[144]: (40.25340906325473,1)
[145]: (40.00375809889417,1)
[146]: (40.13686494487278,1)
[147]: (40.06642517122098,1)
[148]: (40.19767670539623,1)
[149]: (40.12071355293133,1)
[150]: (40.58667916617198,1)
[151]: (40.23476533434962,1)
[152]: (40.08131570385265,1)
[153]: (40.52504836209606,1)
[154]: (40.5365062122674,1)
[155]: (40.02085383530691,1)
[156]: (40.4774997016984,1)
[157]: (40.10707060379642,1)
[158]: (40.04275933812716,1)
[159]: (40.35193318771594,1)
[160]: (40.12136922634664,1)
[161]: (40.33172288874475,1)
[162]: (40.96057201662634,1)
[163]: (40.32069145810445,1)
[164]: (40.11513124068952,1)
[165]: (40.32029143895956,1)
[166]: (40.20930096318212,1)
[167]: (40.42673934219678,1)
[168]: (40.00982620256439,1)
[169]: (40.41908477666612,1)
[170]: (40.91288847581912,1)
[171]: (40.11220138508396,1)
[172]: (40.51715185763345,1)
[173]: (40.07505754932499,1)
[174]: (40.03052939155454,1)
[175]: (40.48354977394956,1)
[176]: (40.25517364840227,1)
[177]: (40.4749985488295,1)
[178]: (40.16933003695109,1)
[179]: (40.39246935817271,1)
[180]: (40.01002939563505,1)
[181]: (40.27373754788519,1)
[182]: (40.91523427954712,1)
[183]: (40.76286041506733,1)
[184]: (40.03900176696249,1)
[185]: (40.01727389895558,1)
[186]: (40.01127363503293,1)
[187]: (40.38291012994169,1)
[188]: (40.06309185608119,1)
[189]: (40.24844488184231,1)
[190]: (40.5190123130267,1)
[191]: (40.64641180513465,1)
[192]: (40.0824457141505,1)
[193]: (40.87647341606282,1)
[194]: (40.31808996498954,1)
[195]: (40.49092289139428,1)
[196]: (41.34541952045434,1)
[197]: (40.00075331455083,1)
[198]: (40.07001417049029,1)
[199]: (41.55342001254933,1)
[200]: (40.8433303236795,1)
[201]: (40.25123869605476,1)
[202]: (40.69420914178151,1)
[203]: (40.00264347587459,1)
[204]: (40.10431239803593,1)
[205]: (40.17655544742443,1)
[206]: (40.56570571323511,1)
[207]: (40.42820842548041,1)
[208]: (40.06203392175276,1)
[209]: (40.06535057917421,1)
[210]: (40.41185645149693,1)
[211]: (40.28321901099817,1)
[212]: (41.26095804486641,1)
[213]: (40.07296937092206,1)
[214]: (40.40304286745693,1)
[215]: (40.51766743715839,1)
[216]: (40.61715782440133,1)
[217]: (40.55849178390741,1)
[218]: (40.11919022213831,1)
[219]: (41.12433874237123,1)
[220]: (40.6959476846467,1)
[221]: (40.3119335069505,1)
[222]: (40.20107598445903,1)
[223]: (40.01540958892048,1)
[224]: (40.20386642183022,1)
[225]: (40.03837963601136,1)
[226]: (40.0443873082972,1)
[227]: (40.95285175774666,1)
[228]: (40.19130946166034,1)
[229]: (40.56592842430224,1)
[230]: (41.1896273983898,1)
[231]: (40.0685675475054,1)
[232]: (40.45303252176873,1)
[233]: (40.1572202101534,1)
[234]: (40.21511489420698,1)
[235]: (40.1078050401328,1)
[236]: (40.0294725228582,1)
[237]: (40.02468103358795,1)
[238]: (40.31110020859513,1)
[239]: (40.47869965253613,1)
[240]: (40.69403663119705,1)
[241]: (40.22228815613094,1)
[242]: (41.15031739324031,1)
[243]: (40.4442227429123,1)
[244]: (40.14381207284185,1)
[245]: (40.22387514943045,1)
[246]: (40.18968559168133,1)
[247]: (40.1191097955579,1)
[248]: (40.00777942240268,1)
[249]: (40.81280201258112,1)
[250]: (40.4582883874351,1)
[251]: (40.48846600393524,1)
[252]: (40.14864547007132,1)
[253]: (40.1828434921214,1)
[254]: (40.03613546364948,1)
[255]: (40.23914491646038,1)
[256]: (40.00437513922919,1)
[257]: (40.00376512692477,1)
[258]: (40.26924613841966,1)
[259]: (40.0299943798906,1)
[260]: (40.97367304887325,1)
[261]: (40.18378453737553,1)
[262]: (40.24777611456912,1)
[263]: (40.01169539959712,1)
[264]: (40.50550437012856,1)
[265]: (40.50454796138938,1)
[266]: (40.29650606563533,1)
[267]: (40.09709650969902,1)
[268]: (40.2193067506288,1)
[269]: (40.3998775935113,1)
[270]: (40.45036726721449,1)
[271]: (40.91808613527601,1)
[272]: (40.11099703655137,1)
[273]: (40.15885862457912,1)
[274]: (40.61724256801096,1)
[275]: (40.67549595318108,1)
[276]: (40.04993377380196,1)
[277]: (40.09607635791023,1)
[278]: (40.37261184524805,1)
[279]: (40.1190707046539,1)
[280]: (40.0651744069406,1)
[281]: (40.71280958429369,1)
[282]: (40.35159932737906,1)
[283]: (40.05121159249657,1)
[284]: (40.01881165792702,1)
[285]: (40.01415890284963,1)
[286]: (40.44748308937426,1)
[287]: (40.14251262756274,1)
[288]: (40.01026284769787,1)
[289]: (40.17620398957564,1)
[290]: (40.09713486024546,1)
[291]: (40.26562021122597,1)
[292]: (40.43966970077887,1)
[293]: (40.32496548444253,1)
[294]: (40.74273921245111,1)
[295]: (40.4958969688735,1)
[296]: (40.07828072659229,1)
[297]: (40.97704007943194,1)
[298]: (40.25010942658027,1)
[299]: (40.23875654412699,1)
[300]: (40.47878219058202,1)
[301]: (40.58789534580153,1)
[302]: (40.11368819239139,1)
[303]: (40.20909955444822,1)
[304]: (40.2696056001344,1)
[305]: (40.59925700284789,1)
[306]: (40.4756300632916,1)
[307]: (40.19848778729772,1)
[308]: (40.12516424464439,1)
[309]: (40.03816184045439,1)
[310]: (40.11581944087956,1)
[311]: (40.14786997699263,1)
[312]: (40.43757656258547,1)
[313]: (40.12138119202522,1)
[314]: (40.1185724419603,1)
[315]: (40.06518786190324,1)
[316]: (40.08760928123435,1)
[317]: (40.31130003729042,1)
[318]: (40.81507188498178,1)
[319]: (40.69186528448076,1)
[320]: (40.30324694090941,1)
[321]: (40.02916084267546,1)
[322]: (40.33869065027908,1)
[323]: (40.35581637256024,1)
[324]: (40.05203476611707,1)
[325]: (40.12401685038233,1)
[326]: (40.29556470516494,1)
[327]: (40.1535388502927,1)
[328]: (40.14088722873307,1)
[329]: (40.73672594710127,1)
[330]: (40.07415779960176,1)
[331]: (40.0318521027122,1)
[332]: (40.24060665370786,1)
[333]: (40.62256450035918,1)
[334]: (40.33490912704436,1)
[335]: (40.29289255893016,1)
[336]: (40.06418843447771,1)
[337]: (40.071393468977,1)
[338]: (40.21249065962259,1)
[339]: (41.04262499363419,1)
[340]: (40.75013174278454,1)
[341]: (40.38888890516682,1)
[342]: (40.07714576262077,1)
[343]: (40.43314651085998,1)
[344]: (40.10247380067337,1)
[345]: (40.260486908948,1)
[346]: (40.17766132041983,1)
[347]: (40.02017594280599,1)
[348]: (40.1514812014571,1)
[349]: (40.30827442611263,1)
[350]: (40.79637914436018,1)
[351]: (40.13865590871451,1)
[352]: (40.11572070891127,1)
[353]: (40.43613469449224,1)
[354]: (40.21774806781068,1)
[355]: (40.05652516875225,1)
[356]: (40.71057085604986,1)
[357]: (40.53043239510986,1)
[358]: (41.8145369420301,1)
[359]: (40.10386070498603,1)
[360]: (40.60932350128856,1)
[361]: (40.24097758566334,1)
[362]: (41.0138361238325,1)
[363]: (40.08718047065422,1)
[364]: (40.10467374222928,1)
[365]: (40.42357977555148,1)
[366]: (40.34210333927344,1)
[367]: (40.41750476066567,1)
[368]: (40.78853991657124,1)
[369]: (40.08444789667367,1)
[370]: (40.00012779917333,1)
[371]: (40.79565563284066,1)
[372]: (40.51805752840879,1)
[373]: (40.11565734176082,1)
[374]: (40.1773564098255,1)
[375]: (40.00367617121451,1)
[376]: (40.547737410191,1)
[377]: (40.00597230607701,1)
[378]: (40.18840595775425,1)
[379]: (40.36265902402472,1)
[380]: (41.05481830352405,1)
[381]: (40.08630519583662,1)
[382]: (40.37083316919494,1)
[383]: (40.14320873951213,1)
[384]: (40.33067799756886,1)
[385]: (40.21645822105956,1)
[386]: (40.12369414917183,1)
[387]: (40.04994899472105,1)
[388]: (40.97056529203487,1)
[389]: (40.26724899840203,1)
[390]: (40.47976947504581,1)
[391]: (40.49646258570219,1)
[392]: (40.01821402827458,1)
[393]: (40.00986732467703,1)
[394]: (40.14808199026744,1)
[395]: (40.21328637541082,1)
[396]: (40.04307165669997,1)
[397]: (40.01887042298465,1)
[398]: (40.23419185256682,1)
[399]: (40.18518249550614,1)
[400]: (40.74137140587847,1)
[401]: (40.08973581009591,1)
[402]: (40.14978759512333,1)
[403]: (40.09758743956841,1)
[404]: (40.18260561429308,1)
[405]: (40.33207642715989,1)
[406]: (40.60198153218982,1)
[407]: (40.25639323472258,1)
[408]: (40.96395822140468,1)
[409]: (40.32682816384512,1)
[410]: (40.57854688545872,1)
[411]: (40.46408682470754,1)
[412]: (40.05040708362112,1)
[413]: (40.04291832748888,1)
[414]: (40.04908174358875,1)
[415]: (40.23215446802748,1)
[416]: (41.48082972305316,1)
[417]: (40.21755391582934,1)
[418]: (40.23118111120406,1)
[419]: (40.0393353288415,1)
[420]: (40.07318865772833,1)
[421]: (41.00278227059511,1)
[422]: (40.38244765305464,1)
[423]: (40.10857527870836,1)
[424]: (40.1147021533978,1)
[425]: (40.38133395988957,1)
[426]: (40.28120866846158,1)
[427]: (40.3518078417593,1)
[428]: (40.01155168382252,1)
[429]: (40.11326360225107,1)
[430]: (40.12600080537774,1)
[431]: (41.52655106087261,1)
[432]: (40.33913422017858,1)
[433]: (40.48420204046943,1)
[434]: (40.396687312778,1)
[435]: (40.14365328549815,1)
[436]: (40.04287565052108,1)
[437]: (40.02000170643796,1)
[438]: (40.18565620985906,1)
[439]: (40.0628216022758,1)
[440]: (40.20729663429336,1)
[441]: (40.06756467684018,1)
[442]: (40.9760064822047,1)
[443]: (40.49266647203961,1)
[444]: (40.36798606035389,1)
[445]: (40.12276910807043,1)
[446]: (40.19717290772868,1)
[447]: (40.06326957878706,1)
[448]: (40.39511154144446,1)
[449]: (40.06064950182025,1)
[450]: (40.74168398868956,1)
[451]: (40.05575340198963,1)
[452]: (40.00597916735519,1)
[453]: (40.2339229131145,1)
[454]: (40.69265389642216,1)
[455]: (40.26178123938364,1)
[456]: (40.57814931054612,1)
[457]: (40.10872709137907,1)
[458]: (40.28351391552148,1)
[459]: (40.1332533957878,1)
[460]: (40.13405105378897,1)
[461]: (40.55632703295733,1)
[462]: (41.28689279624855,1)
[463]: (40.77163919455791,1)
[464]: (40.10755281714497,1)
[465]: (40.19532424933318,1)
[466]: (40.52314422027376,1)
[467]: (40.012357970179,1)
[468]: (40.11553713613679,1)
[469]: (40.24316310722303,1)
[470]: (40.1698478825957,1)
[471]: (40.10097403857225,1)
[472]: (40.05983153614813,1)
[473]: (40.04269289386389,1)
[474]: (40.82284915072184,1)
[475]: (40.36138114064559,1)
[476]: (40.47416565423705,1)
[477]: (40.67943293905843,1)
[478]: (41.36770650781784,1)
[479]: (40.33394495305478,1)
[480]: (40.43167153534343,1)
[481]: (40.11186153355762,1)
[482]: (40.38783478192709,1)
[483]: (40.60267426610452,1)
[484]: (40.95645807937118,1)
[485]: (40.14714393091131,1)
[486]: (40.236905049974,1)
[487]: (40.82676655102489,1)
[488]: (40.30224306752218,1)
[489]: (40.24459165379508,1)
[490]: (40.51977866173527,1)
[491]: (40.57754416351401,1)
[492]: (41.59333708156373,1)
[493]: (40.786284565197,1)
[494]: (40.40310457603734,1)
[495]: (40.17027640121655,1)
[496]: (40.1835649076173,1)
[497]: (40.12983120465261,1)
[498]: (40.18477522302367,1)
[499]: (40.18917815742014,1)
[500]: (40.16186119426228,1)
[501]: (40.46281641827933,1)
[502]: (40.24519603886243,1)
[503]: (40.73331248529014,1)
[504]: (40.02022958734052,1)
[505]: (40.34537534559213,1)
[506]: (40.29072909435757,1)
[507]: (40.13408866928178,1)
[508]: (40.08196092939508,1)
[509]: (40.05200863114386,1)
[510]: (40.02684411907865,1)
[511]: (40.04517340082919,1)
[512]: (40.61094652642272,1)
[513]: (40.16948041017152,1)
[514]: (40.09905466925838,1)
[515]: (40.03453913619791,1)
[516]: (40.39819194655517,1)
[517]: (40.59318173711769,1)
[518]: (40.09594271275456,1)
[519]: (40.49184241999342,1)
[520]: (40.69450610106396,1)
[521]: (40.71334766064221,1)
[522]: (40.4611372319844,1)
[523]: (40.24617805078353,1)
[524]: (40.67862422815016,1)
[525]: (40.79994876585224,1)
[526]: (40.18259953600422,1)
[527]: (40.35775238734878,1)
[528]: (40.68616096787289,1)
[529]: (40.23238278538192,1)
[530]: (40.23337733609263,1)
[531]: (40.1172003833034,1)
[532]: (40.09067623739452,1)
[533]: (40.96078634888687,1)
[534]: (40.00237063969387,1)
[535]: (40.09456678836224,1)
[536]: (40.11238259911966,1)
[537]: (40.13453193937183,1)
[538]: (40.12505597333005,1)
[539]: (40.66525133109868,1)
[540]: (40.45843123994805,1)
[541]: (40.46640978054488,1)
[542]: (40.0038987072361,1)
[543]: (40.66906777908785,1)
[544]: (40.15554153266764,1)
[545]: (40.09809786675704,1)
[546]: (40.11466670060575,1)
[547]: (40.09379809548021,1)
[548]: (40.31670173586087,1)
[549]: (40.13360111277356,1)
[550]: (40.40624530780315,1)
[551]: (40.11000153595496,1)
[552]: (40.69490724791469,1)
[553]: (40.37900993887587,1)
[554]: (40.52226331304263,1)
[555]: (40.74860462258893,1)
[556]: (40.29445300138487,1)
[557]: (40.16959640813599,1)
[558]: (40.4005347052954,1)
[559]: (40.73669470765916,1)
[560]: (40.37869077380109,1)
[561]: (40.25566073717351,1)
[562]: (40.12417277974437,1)
[563]: (41.16090889085884,1)
[564]: (40.3157172068799,1)
[565]: (40.05313396276905,1)
[566]: (40.12855283805214,1)
[567]: (40.4285444517956,1)
[568]: (40.19958189504985,1)
[569]: (40.13324939742149,1)
[570]: (40.27383127522667,1)
[571]: (40.93499875723919,1)
[572]: (42.13554571450923,1)
[573]: (40.26124738688725,1)
[574]: (41.0388895192488,1)
[575]: (40.34336350998908,1)
[576]: (40.2314579739742,1)
[577]: (40.81445327652728,1)
[578]: (40.23942617922842,1)
[579]: (40.03433199261971,1)
[580]: (40.00224351241836,1)
[581]: (40.03804808900783,1)
[582]: (40.01647256842072,1)
[583]: (40.44323780450951,1)
[584]: (40.09003811933977,1)
[585]: (40.25721658713317,1)
[586]: (41.19688329757233,1)
[587]: (40.58450508755001,1)
[588]: (40.32232370511731,1)
[589]: (40.53297137381428,1)
[590]: (41.03850020670826,1)
[591]: (40.05717811337533,1)
[592]: (40.08141874377355,1)
[593]: (40.01241607211566,1)
[594]: (40.19168452132406,1)
[595]: (40.0816085401048,1)
[596]: (40.33335798622596,1)
[597]: (40.07043890751951,1)
[598]: (40.04540422867305,1)
[599]: (40.21132199226362,1)
[600]: (40.06427464813839,1)
[601]: (40.10170133571632,1)
[602]: (40.30912310876996,1)
[603]: (40.1927850784027,1)
[604]: (40.17795158070915,1)
[605]: (40.61828183672097,1)
[606]: (40.38441835536739,1)
[607]: (40.05444224738984,1)
[608]: (40.01651831559276,1)
[609]: (40.32350701057,1)
[610]: (40.02639514819042,1)
[611]: (40.09168118507901,1)
[612]: (40.36488716458404,1)
[613]: (40.37415179401195,1)
[614]: (40.68190358277999,1)
[615]: (40.04929266866498,1)
[616]: (40.04262651077536,1)
[617]: (40.08202806538063,1)
[618]: (41.44774712743632,1)
[619]: (40.15078712934798,1)
[620]: (40.46698958366753,1)
[621]: (40.04578623102531,1)
[622]: (40.45215855956577,1)
[623]: (40.29591011334012,1)
[624]: (40.30409224862206,1)
[625]: (40.2116371968901,1)
[626]: (40.27397238118741,1)
[627]: (40.40008599200744,1)
[628]: (40.26763508929979,1)
[629]: (40.14936496068186,1)
[630]: (40.52745350518594,1)
[631]: (40.56666770149543,1)
[632]: (40.76524814970988,1)
[633]: (40.15591966388996,1)
[634]: (40.12105339030181,1)
[635]: (40.68287912210075,1)
[636]: (40.51189785481587,1)
[637]: (41.76913442324454,1)
[638]: (40.2502509795649,1)
[639]: (40.62592717111792,1)
[640]: (40.76613124064397,1)
[641]: (40.0559357958976,1)
[642]: (40.38473044878123,1)
[643]: (40.13137299053558,1)
[644]: (40.49108679278556,1)
[645]: (40.68005526112131,1)
[646]: (40.96594899948433,1)
[647]: (40.32529138850757,1)
[648]: (41.11296512708639,1)
[649]: (40.27242134787353,1)
[650]: (40.09931095847163,1)
[651]: (40.05849442104871,1)
[652]: (40.08756145776167,1)
[653]: (40.3987155391286,1)
[654]: (40.02961852106237,1)
[655]: (40.31661541157596,1)
[656]: (40.19126296934914,1)
[657]: (40.16507684416128,1)
[658]: (40.54865476450328,1)
[659]: (40.25684889470664,1)
[660]: (40.19178621965446,1)
[661]: (40.59021989093571,1)
[662]: (40.15718068870765,1)
[663]: (41.07573428634379,1)
[664]: (40.73041647358286,1)
[665]: (40.53485678128425,1)
[666]: (40.2907805440115,1)
[667]: (40.18762069360022,1)
[668]: (40.00740268718256,1)
[669]: (40.26870243517541,1)
[670]: (40.36089938667465,1)
[671]: (40.13477937614518,1)
[672]: (40.07387460586299,1)
[673]: (40.11824623433154,1)
[674]: (40.74243641803619,1)
[675]: (40.0885784992684,1)
[676]: (40.15767332157635,1)
[677]: (40.15301047196515,1)
[678]: (40.40958056752555,1)
[679]: (40.1534270662947,1)
[680]: (40.08574002811963,1)
[681]: (40.26660948787562,1)
[682]: (40.36647930036236,1)
[683]: (40.43307864995698,1)
[684]: (40.8211118445215,1)
[685]: (40.22988294628851,1)
[686]: (40.28827315512349,1)
[687]: (40.31274605839546,1)
[688]: (40.49012392365889,1)
[689]: (40.00705800054518,1)
[690]: (40.28844055315216,1)
[691]: (41.11168311213323,1)
[692]: (40.02937134713276,1)
[693]: (40.13122750573594,1)
[694]: (40.17064150603656,1)
[695]: (40.1089261392025,1)
[696]: (40.33395214167466,1)
[697]: (40.22343109227108,1)
[698]: (40.21445608064354,1)
[699]: (40.15829666919223,1)
[700]: (40.67677882861739,1)
[701]: (41.10698186808252,1)
[702]: (40.018514617321,1)
[703]: (40.81819926517542,1)
[704]: (40.33886817720605,1)
[705]: (40.65337607486617,1)
[706]: (40.8069295818576,1)
[707]: (40.22929826437024,1)
[708]: (40.12932719999018,1)
[709]: (40.17280540013726,1)
[710]: (40.2116918901818,1)
[711]: (40.80472420131949,1)
[712]: (40.21418953952662,1)
[713]: (40.19968780510558,1)
[714]: (40.0034532871805,1)
[715]: (40.0161065077685,1)
[716]: (40.11241913485834,1)
[717]: (40.06733836019358,1)
[718]: (40.5071243781686,1)
[719]: (40.83222170022401,1)
[720]: (40.2069718951878,1)
[721]: (40.49789700770211,1)
[722]: (40.5757709621044,1)
[723]: (40.22498201097334,1)
[724]: (40.82849493806666,1)
[725]: (40.75607141773451,1)
[726]: (40.28328051316377,1)
[727]: (40.25112247090336,1)
[728]: (40.11341523075532,1)
[729]: (40.56818566213716,1)
[730]: (40.09169200345716,1)
[731]: (40.0217308010382,1)
[732]: (40.2916524999231,1)
[733]: (40.05469193460105,1)
[734]: (40.14050491922871,1)
[735]: (40.15915521598407,1)
[736]: (40.10211960321238,1)
[737]: (40.02283666645375,1)
[738]: (40.26717055188484,1)
[739]: (40.03907172476372,1)
[740]: (40.21794599182075,1)
[741]: (40.06678323098527,1)
[742]: (40.02653016581952,1)
[743]: (40.47990157357417,1)
[744]: (40.12687617091615,1)
[745]: (40.47100076440252,1)
[746]: (40.59286262543741,1)
[747]: (40.37871152213398,1)
[748]: (40.39416534075795,1)
[749]: (40.50389878958901,1)
[750]: (40.08761760716014,1)
[751]: (41.06418573001543,1)
[752]: (40.03850587131613,1)
[753]: (40.38573604670261,1)
[754]: (40.03619058698034,1)
[755]: (40.02058124861739,1)
[756]: (40.2447588912113,1)
[757]: (40.42480382268405,1)
[758]: (40.23768276081584,1)
[759]: (40.10260498793133,1)
[760]: (40.23011837683251,1)
[761]: (40.2980852490551,1)
[762]: (40.86445149274148,1)
[763]: (40.26905226151352,1)
[764]: (40.04123383153689,1)
[765]: (40.27643806650086,1)
[766]: (40.63218091590478,1)
[767]: (40.57409420294412,1)
[768]: (40.21376354970636,1)
[769]: (41.06787933528035,1)
[770]: (40.03481052874213,1)
[771]: (40.29400404140522,1)
[772]: (41.79824954719643,1)
[773]: (40.80397590302513,1)
[774]: (40.38208574320281,1)
[775]: (40.01533131654477,1)
[776]: (40.32546276036788,1)
[777]: (40.3972634223437,1)
[778]: (40.12962499729141,1)
[779]: (40.37862640960414,1)
[780]: (41.15019276079256,1)
[781]: (40.11430479376952,1)
[782]: (40.03667798233482,1)
[783]: (40.04614310548243,1)
[784]: (40.07848701074722,1)
[785]: (40.74146899837918,1)
[786]: (40.56670554845181,1)
[787]: (40.64445427104336,1)
[788]: (40.6115361790302,1)
[789]: (40.21928210352493,1)
[790]: (40.30014477881725,1)
[791]: (40.03907520143007,1)
[792]: (40.74105764222517,1)
[793]: (40.44689931335289,1)
[794]: (40.14589330372953,1)
[795]: (40.03382538702004,1)
[796]: (40.35499869573333,1)
[797]: (40.25115890843002,1)
[798]: (41.03334685378984,1)
[799]: (40.09283721603796,1)
[800]: (40.13405462174102,1)
[801]: (40.47888020218836,1)
[802]: (41.30311414399055,1)
[803]: (40.45756165733479,1)
[804]: (40.00033856632567,1)
[805]: (40.12868778176573,1)
[806]: (40.46432687285144,1)
[807]: (40.40280770403175,1)
[808]: (40.52119525509853,1)
[809]: (40.26519870405467,1)
[810]: (40.2373461203064,1)
[811]: (40.47124536697216,1)
[812]: (40.03726612843506,1)
[813]: (40.30804473654369,1)
[814]: (40.64166980819711,1)
[815]: (40.98391929979368,1)
[816]: (40.10716381258759,1)
[817]: (40.44794192897687,1)
[818]: (40.0935952762497,1)
[819]: (40.16263557882331,1)
[820]: (40.03679939881859,1)
[821]: (40.00239011807034,1)
[822]: (40.45849576486435,1)
[823]: (40.9128970984653,1)
[824]: (40.46272317989037,1)
[825]: (40.22615270895716,1)
[826]: (40.31165683661854,1)
[827]: (40.67543116558004,1)
[828]: (40.01444749056071,1)
[829]: (41.02811635567746,1)
[830]: (40.10890747272676,1)
[831]: (40.2037129942557,1)
[832]: (40.78445150751632,1)
[833]: (40.06860555751019,1)
[834]: (40.86905965608972,1)
[835]: (40.38379651667442,1)
[836]: (40.20258333483364,1)
[837]: (40.339586733826,1)
[838]: (40.2730993844914,1)
[839]: (40.28361307096505,1)
[840]: (40.50922222507707,1)
[841]: (40.28922447330665,1)
[842]: (41.49899940153916,1)
[843]: (40.17266199828619,1)
[844]: (40.02460785872793,1)
[845]: (40.60532631711197,1)
[846]: (40.96243107486733,1)
[847]: (40.1306660976431,1)
[848]: (40.30354667928724,1)
[849]: (40.10559713693232,1)
[850]: (40.02544665867656,1)
[851]: (40.3877177580427,1)
[852]: (40.04891699578089,1)
[853]: (40.21613632858558,1)
[854]: (41.15533982591742,1)
[855]: (40.01768689402187,1)
[856]: (40.07374981923167,1)
[857]: (40.41476641291884,1)
[858]: (40.14014871165686,1)
[859]: (40.14318720057146,1)
[860]: (40.46993118970014,1)
[861]: (40.8742254373331,1)
[862]: (40.71835595960869,1)
[863]: (40.22118159670618,1)
[864]: (40.06779149038278,1)
[865]: (40.60175941193422,1)
[866]: (40.34675875414118,1)
[867]: (40.22403177747845,1)
[868]: (40.59267027909824,1)
[869]: (40.08508146634095,1)
[870]: (40.78234039314753,1)
[871]: (40.35524330421396,1)
[872]: (40.50271492495288,1)
[873]: (40.89895701824473,1)
[874]: (40.21656825902365,1)
[875]: (40.07098821328125,1)
[876]: (40.17590540631176,1)
[877]: (40.89369949490083,1)
[878]: (40.79881855077482,1)
[879]: (40.21539676992558,1)
[880]: (40.06406775044425,1)
[881]: (40.03961698723211,1)
[882]: (40.65787390673817,1)
[883]: (40.33032998084493,1)
[884]: (40.28505839413449,1)
[885]: (40.81739432407314,1)
[886]: (40.072713096144,1)
[887]: (41.48810715768343,1)
[888]: (40.29490543861919,1)
[889]: (40.5161680076254,1)
[890]: (40.40487045045941,1)
[891]: (40.47456315289852,1)
[892]: (40.10479721885653,1)
[893]: (40.76408550447198,1)
[894]: (40.12917528285469,1)
[895]: (40.42116350661611,1)
[896]: (40.0342291081034,1)
[897]: (40.03217664546494,1)
[898]: (40.93268944657436,1)
[899]: (40.44452284065957,1)
[900]: (40.11254499374477,1)
[901]: (40.06949962863529,1)
[902]: (40.29340131860641,1)
[903]: (40.25036025820544,1)
[904]: (40.16724090939675,1)
[905]: (40.51094148996798,1)
[906]: (41.08401590915469,1)
[907]: (40.97222573665242,1)
[908]: (40.46455423759933,1)
[909]: (40.22618728007893,1)
[910]: (40.10379125972705,1)
[911]: (40.36974980477342,1)
[912]: (40.1142927034297,1)
[913]: (40.19862207849878,1)
[914]: (40.40256909774679,1)
[915]: (40.40727567759249,1)
[916]: (40.29364494343983,1)
[917]: (40.80820098902677,1)
[918]: (40.21366721511907,1)
[919]: (40.24357831872886,1)
[920]: (40.06339904323558,1)
[921]: (40.0873424398378,1)
[922]: (40.31124563433542,1)
[923]: (40.04994149564597,1)
[924]: (41.02930640952106,1)
[925]: (40.3333576369192,1)
[926]: (40.18263276217651,1)
[927]: (40.02888776756091,1)
[928]: (40.37667516923426,1)
[929]: (41.13460726821265,1)
[930]: (40.05573247162375,1)
[931]: (40.03122944900893,1)
[932]: (40.9670429797008,1)
[933]: (40.0773694683492,1)
[934]: (40.13135257131627,1)
[935]: (40.12819845044206,1)
[936]: (40.07570624297437,1)
[937]: (40.14811099515034,1)
[938]: (40.31757795120641,1)
[939]: (40.19849356097109,1)
[940]: (41.17010998186664,1)
[941]: (40.52215023980908,1)
[942]: (40.00789154115775,1)
[943]: (40.19581660013805,1)
[944]: (40.26115914905142,1)
[945]: (41.15452228761679,1)
[946]: (40.33361238575486,1)
[947]: (40.1317459157302,1)
[948]: (40.50446464077081,1)
[949]: (40.15028231193509,1)
[950]: (40.78972955877396,1)
[951]: (40.04158760293924,1)
[952]: (40.09445316666792,1)
[953]: (40.1725034737885,1)
[954]: (42.19041356278716,1)
[955]: (40.34938076334465,1)
[956]: (40.26700649161108,1)
[957]: (40.33379655391932,1)
[958]: (40.62622363639657,1)
[959]: (40.39247673143211,1)
[960]: (40.00537905082124,1)
[961]: (40.02603251065974,1)
[962]: (41.65310545200268,1)
[963]: (40.33159693208969,1)
[964]: (40.20353179204343,1)
[965]: (40.39151381670101,1)
[966]: (40.8001325432776,1)
[967]: (40.02233917890711,1)
[968]: (40.20009703188089,1)
[969]: (40.96685237467388,1)
[970]: (40.71948581211288,1)
[971]: (40.20080663367607,1)
[972]: (40.89047866163742,1)
[973]: (40.01435311070212,1)
[974]: (40.69181406162874,1)
[975]: (41.08736761341029,1)
[976]: (40.60206222989362,1)
[977]: (40.0971708521451,1)
[978]: (40.37726852885987,1)
[979]: (40.44712809625783,1)
[980]: (40.24259108136704,1)
[981]: (40.44467918268162,1)
[982]: (40.56007733720705,1)
[983]: (40.15578495271406,1)
[984]: (40.11707771003496,1)
[985]: (40.65971585420005,1)
[986]: (40.92176581872276,1)
[987]: (40.01864218384692,1)
[988]: (40.19512090427178,1)
[989]: (40.00380616170236,1)
[990]: (40.0270123893125,1)
[991]: (40.23503654070825,1)
[992]: (40.08206407529164,1)
[993]: (40.05716068514004,1)
[994]: (40.25180724453084,1)
[995]: (40.18154183559086,1)
[996]: (40.55111568915444,1)
[997]: (40.17198738775241,1)
[998]: (40.08065633224847,1)
[999]: (40.06698270656213,1)
[1000]: (40.14820755118167,1)
[1001]: (40.07168046034553,1)
[1002]: (40.23997832523065,1)
[1003]: (40.00033838644653,1)
[1004]: (40.40450156674503,1)
[1005]: (41.06312518454745,1)
[1006]: (40.440302595661,1)
[1007]: (40.58498132370222,1)
[1008]: (40.07406291120227,1)
[1009]: (40.39307928750365,1)
[1010]: (41.65703389799433,1)
[1011]: (40.42207362779234,1)
[1012]: (40.00074531875757,1)
[1013]: (40.69814051094887,1)
[1014]: (40.47868070277062,1)
[1015]: (40.55981276473618,1)
[1016]: (40.03108621303436,1)
[1017]: (40.89453831287474,1)
[1018]: (40.85582986260509,1)
[1019]: (40.21452167118387,1)
[1020]: (40.3929051760285,1)
[1021]: (40.21870458728306,1)
[1022]: (40.92671549949388,1)
[1023]: (40.2228205189021,1)
[1024]: (41.2607003720337,1)
[1025]: (40.06959239931165,1)
[1026]: (40.04570347385343,1)
[1027]: (40.05318956027345,1)
[1028]: (40.17688696344521,1)
[1029]: (40.12471647066615,1)
[1030]: (40.20602103750051,1)
[1031]: (40.00307315831796,1)
[1032]: (40.42285485525338,1)
[1033]: (40.07258960636266,1)
[1034]: (40.01152600647718,1)
[1035]: (40.12315288085581,1)
[1036]: (40.37302082990038,1)
[1037]: (40.02708154046133,1)
[1038]: (40.35766171125974,1)
[1039]: (40.18252001899123,1)
[1040]: (40.13699210659514,1)
[1041]: (40.03828968523025,1)
[1042]: (40.67808518763398,1)
[1043]: (40.35157369058954,1)
[1044]: (40.01271458037164,1)
[1045]: (40.48394029392187,1)
[1046]: (40.40219747165317,1)
[1047]: (40.04723213124297,1)
[1048]: (41.42340959581117,1)
[1049]: (41.19045928397593,1)
[1050]: (40.74365970621398,1)
[1051]: (40.04431997681339,1)
[1052]: (40.17540102531622,1)
[1053]: (40.41739979260998,1)
[1054]: (40.06387174364784,1)
[1055]: (40.07822857199694,1)
[1056]: (40.33980225748076,1)
[1057]: (40.2997604015051,1)
[1058]: (40.59162959586398,1)
[1059]: (40.29191251627117,1)
[1060]: (40.50957117580109,1)
[1061]: (40.04217764324105,1)
[1062]: (40.15056739144131,1)
[1063]: (40.12943013719127,1)
[1064]: (40.44531069491035,1)
[1065]: (40.40710567310009,1)
[1066]: (40.14664033126343,1)
[1067]: (40.32209073028779,1)
[1068]: (40.80725224375689,1)
[1069]: (40.27385204841548,1)
[1070]: (40.34088509669161,1)
[1071]: (40.47695293646835,1)
[1072]: (40.14035699012101,1)
[1073]: (40.31172755490785,1)
[1074]: (40.02104529052141,1)
[1075]: (40.17059975163416,1)
[1076]: (40.20530116645226,1)
[1077]: (40.38776286851012,1)
[1078]: (40.59313605357691,1)
[1079]: (40.02419891659531,1)
[1080]: (40.14588745960116,1)
[1081]: (40.28428924400418,1)
[1082]: (40.56257534860302,1)
[1083]: (40.42460219318862,1)
[1084]: (40.21431422177849,1)
[1085]: (40.0350096833055,1)
[1086]: (40.62925915527342,1)
[1087]: (40.2881801954379,1)
[1088]: (40.00466844593436,1)
[1089]: (40.2172731198407,1)
[1090]: (40.38792596376087,1)
[1091]: (40.06326559194935,1)
[1092]: (40.17644048272632,1)
[1093]: (40.07256682222582,1)
[1094]: (40.63091862065355,1)
[1095]: (40.30918963706392,1)
[1096]: (40.01220664053101,1)
[1097]: (40.3691402693866,1)
[1098]: (40.91305020719118,1)
[1099]: (40.19418586875323,1)
[1100]: (40.15314105633998,1)
[1101]: (40.07321524129052,1)
[1102]: (40.25360017719466,1)
[1103]: (40.10518791778117,1)
[1104]: (40.44172207269914,1)
[1105]: (40.28385923984258,1)
[1106]: (40.19269129616249,1)
[1107]: (40.04193098347992,1)
[1108]: (40.6106492232045,1)
[1109]: (40.3932895332465,1)
[1110]: (41.2981344860464,1)
[1111]: (40.59499467731646,1)
[1112]: (40.09243631706775,1)
[1113]: (40.45230291353968,1)
[1114]: (40.29149441793329,1)
[1115]: (40.13741222721217,1)
[1116]: (40.09869182405362,1)
[1117]: (40.1058898955644,1)
[1118]: (40.04706302411039,1)
[1119]: (40.12803634575234,1)
[1120]: (40.19474754021947,1)
[1121]: (40.36999224923647,1)
[1122]: (40.25310743431746,1)
[1123]: (40.3883138082155,1)
[1124]: (40.46935582243955,1)
[1125]: (40.18430753004967,1)
[1126]: (41.13135407948703,1)
[1127]: (40.2200034630476,1)
[1128]: (40.27781873725392,1)
[1129]: (40.10965580433999,1)
[1130]: (40.07433900903149,1)
[1131]: (40.16791562438457,1)
[1132]: (40.33787472420036,1)
[1133]: (40.16090450023795,1)
[1134]: (40.93672024642279,1)
[1135]: (40.17817659800028,1)
[1136]: (40.65584242130541,1)
[1137]: (40.37785470716665,1)
[1138]: (40.32176354174696,1)
[1139]: (40.07223308998086,1)
[1140]: (40.07966639644442,1)
[1141]: (40.25163088919394,1)
[1142]: (40.3751482966204,1)
[1143]: (40.26680461099605,1)
[1144]: (40.44639463297415,1)
[1145]: (40.74429676007778,1)
[1146]: (40.60755341330046,1)
[1147]: (40.20235973570759,1)
[1148]: (40.15814229995005,1)
[1149]: (40.08330143958723,1)
[1150]: (40.01575356320853,1)
[1151]: (40.2872478949132,1)
[1152]: (40.41375233463203,1)
[1153]: (40.25798013221495,1)
[1154]: (40.34539703578293,1)
[1155]: (40.18086404327308,1)
[1156]: (40.44006181792478,1)
[1157]: (40.354629474265,1)
[1158]: (40.19488578025664,1)
[1159]: (40.02706957454436,1)
[1160]: (40.08708478910237,1)
[1161]: (40.05280313298836,1)
[1162]: (40.77467109807608,1)
[1163]: (40.06913268004826,1)
[1164]: (40.36545571149072,1)
[1165]: (40.54953539933647,1)
[1166]: (40.18716098010037,1)
[1167]: (40.02077350722698,1)
[1168]: (40.26387174928934,1)
[1169]: (40.44908185531523,1)
[1170]: (40.21163138282512,1)
[1171]: (40.85997459006787,1)
[1172]: (40.30728598308213,1)
[1173]: (40.78419354972461,1)
[1174]: (40.17337000998375,1)
[1175]: (40.7187080605581,1)
[1176]: (40.4552218533549,1)
[1177]: (40.00669964581967,1)
[1178]: (40.00539417829751,1)
[1179]: (41.02091511635308,1)
[1180]: (40.00667245317777,1)
[1181]: (40.26645052112958,1)
[1182]: (40.55903106548129,1)
[1183]: (40.88524494404961,1)
[1184]: (40.0910248089181,1)
[1185]: (40.37048114041686,1)
[1186]: (40.25377316194125,1)
[1187]: (41.29661031007867,1)
[1188]: (40.41597016250402,1)
[1189]: (40.02955885487128,1)
[1190]: (40.43467909536501,1)
[1191]: (40.14011917328304,1)
[1192]: (40.21214941147777,1)
[1193]: (40.19697191948001,1)
[1194]: (40.14039794459554,1)
[1195]: (40.34331142329183,1)
[1196]: (40.08272431808934,1)
[1197]: (40.10439032601305,1)
[1198]: (40.29657015849437,1)
[1199]: (40.13044789494445,1)
[1200]: (40.11200388657874,1)
[1201]: (40.94384511124844,1)
[1202]: (40.52472320333241,1)
[1203]: (40.13379945225541,1)
[1204]: (40.02214987916701,1)
[1205]: (40.34030726106148,1)
[1206]: (40.66651044879262,1)
[1207]: (40.08585165896059,1)
[1208]: (40.38693716719187,1)
[1209]: (40.29244297544644,1)
[1210]: (40.05159886694081,1)
[1211]: (40.38507653833511,1)
[1212]: (40.05562957059208,1)
[1213]: (40.31412664075611,1)
[1214]: (40.09392241021666,1)
[1215]: (40.53036981972912,1)
[1216]: (40.39364575487723,1)
[1217]: (40.06909658000041,1)
[1218]: (40.21983826872185,1)
[1219]: (40.01769999608162,1)
[1220]: (40.18658865852937,1)
[1221]: (41.31934013172342,1)
[1222]: (40.0630020466821,1)
[1223]: (41.76484957169042,1)
[1224]: (40.01766938437048,1)
[1225]: (40.08690918623546,1)
[1226]: (40.06567746412915,1)
[1227]: (40.65370590244633,1)
[1228]: (41.57216246019382,1)
[1229]: (40.77432960696235,1)
[1230]: (40.67882417170338,1)
[1231]: (40.13405032385631,1)
[1232]: (40.02559889265598,1)
[1233]: (40.18441141410955,1)
[1234]: (40.00339785281278,1)
[1235]: (40.01214681653844,1)
[1236]: (40.13236377818669,1)
[1237]: (40.30899430510628,1)
[1238]: (40.14764432832999,1)
[1239]: (40.05202858082303,1)
[1240]: (41.27370549443108,1)
[1241]: (40.87452551473685,1)
[1242]: (40.90536685182518,1)
[1243]: (40.00828862964518,1)
[1244]: (41.03029013347649,1)
[1245]: (40.22824401367956,1)
[1246]: (40.01011912832182,1)
[1247]: (40.06560376154654,1)
[1248]: (40.36952945837946,1)
[1249]: (40.40483949305077,1)
[1250]: (40.24364667901953,1)
[1251]: (40.30394097503571,1)
[1252]: (40.56894428069731,1)
[1253]: (40.2648698519877,1)
[1254]: (40.30206635025,1)
[1255]: (40.1616402342205,1)
[1256]: (40.47821379449123,1)
[1257]: (40.20734365196058,1)
[1258]: (40.25174984401871,1)
[1259]: (40.6761315991618,1)
[1260]: (40.00743569981766,1)
[1261]: (40.18981512030979,1)
[1262]: (40.76636709438058,1)
[1263]: (40.33973967194018,1)
[1264]: (41.28442520909898,1)
[1265]: (40.21038941103865,1)
[1266]: (40.28017253932813,1)
[1267]: (40.03313573096477,1)
[1268]: (40.24987266582199,1)
[1269]: (40.28596955672797,1)
[1270]: (40.53856281878254,1)
[1271]: (40.10280214418618,1)
[1272]: (40.24840415740123,1)
[1273]: (40.12143516759029,1)
[1274]: (40.33948051311007,1)
[1275]: (40.55268608006808,1)
[1276]: (40.03968449884552,1)
[1277]: (40.01202920260798,1)
[1278]: (40.05495605198132,1)
[1279]: (40.37023415936032,1)
[1280]: (40.87936446916159,1)
[1281]: (40.20425366832862,1)
[1282]: (40.09868388971731,1)
[1283]: (40.07506196127851,1)
[1284]: (40.43248216259171,1)
[1285]: (40.24313761153295,1)
[1286]: (40.12080841649369,1)
[1287]: (40.66256056415978,1)
[1288]: (41.34829681562979,1)
[1289]: (40.01678311493163,1)
[1290]: (40.02532211999893,1)
[1291]: (40.2482177629275,1)
[1292]: (40.44756851841387,1)
[1293]: (40.03405572805072,1)
[1294]: (41.13758732292257,1)
[1295]: (40.04447844308144,1)
[1296]: (40.35252828100699,1)
[1297]: (40.48452067124293,1)
[1298]: (40.19643808996722,1)
[1299]: (40.06748609992394,1)
[1300]: (40.01249564326105,1)
[1301]: (40.85076931634128,1)
[1302]: (40.89025426444648,1)
[1303]: (40.02131781654786,1)
[1304]: (40.30051934441984,1)
[1305]: (40.21645611288785,1)
[1306]: (40.40695769680147,1)
[1307]: (40.14070619429876,1)
[1308]: (40.08042783946075,1)
[1309]: (40.0313724895654,1)
[1310]: (40.17263723174751,1)
[1311]: (40.1098475223953,1)
[1312]: (40.48159234468563,1)
[1313]: (40.2560864352045,1)
[1314]: (40.23437993229291,1)
[1315]: (40.12265183934309,1)
[1316]: (40.83041838446677,1)
[1317]: (40.3600125270602,1)
[1318]: (40.23812568116637,1)
[1319]: (40.09390061597401,1)
[1320]: (40.01940357100993,1)
[1321]: (40.07315518022977,1)
[1322]: (40.04678993570751,1)
[1323]: (40.8347024680812,1)
[1324]: (40.43496130569687,1)
[1325]: (40.2539084427907,1)
[1326]: (40.0612027938066,1)
[1327]: (40.36439904394713,1)
[1328]: (40.04866925594299,1)
[1329]: (40.20025775564379,1)
[1330]: (40.40313869067252,1)
[1331]: (40.11945714434361,1)
[1332]: (40.58668974872261,1)
[1333]: (40.89653861817266,1)
[1334]: (40.26934235222928,1)
[1335]: (40.33686041274853,1)
[1336]: (40.27177365590544,1)
[1337]: (40.13771056084153,1)
[1338]: (40.47891649461418,1)
[1339]: (40.28808863760792,1)
[1340]: (40.00305827554092,1)
[1341]: (40.06789611553177,1)
[1342]: (40.4628106857906,1)
[1343]: (40.16985880889953,1)
[1344]: (40.2766286708322,1)
[1345]: (40.92214953834891,1)
[1346]: (40.26991360123544,1)
[1347]: (40.00514068562557,1)
[1348]: (40.43254420463209,1)
[1349]: (41.18263694274344,1)
[1350]: (40.0100629044627,1)
[1351]: (40.46186890920941,1)
[1352]: (40.05329636172252,1)
[1353]: (40.04736112594896,1)
[1354]: (40.1477765833783,1)
[1355]: (40.41726859810866,1)
[1356]: (40.15545594809836,1)
[1357]: (40.11975101412065,1)
[1358]: (40.46056445335756,1)
[1359]: (40.36678260263521,1)
[1360]: (40.04887034738705,1)
[1361]: (40.44025832992543,1)
[1362]: (41.17395286075578,1)
[1363]: (40.04526170766666,1)
[1364]: (40.55562361945599,1)
[1365]: (40.4829891942571,1)
[1366]: (40.08045069364778,1)
[1367]: (40.21519813973353,1)
[1368]: (40.41419028597754,1)
[1369]: (40.28707941489591,1)
[1370]: (40.07172696643231,1)
[1371]: (40.56974358701218,1)
[1372]: (40.01375054750444,1)
[1373]: (40.11114548586834,1)
[1374]: (40.71941393228673,1)
[1375]: (40.09320403349116,1)
[1376]: (40.58674555953446,1)
[1377]: (40.19602706247664,1)
[1378]: (40.38935914268018,1)
[1379]: (41.29008777470417,1)
[1380]: (40.00973254704669,1)
[1381]: (40.25016796093529,1)
[1382]: (40.33967872372054,1)
[1383]: (40.07011722278195,1)
[1384]: (40.05430285189522,1)
[1385]: (40.03863670890168,1)
[1386]: (41.70116714706553,1)
[1387]: (40.45409794176733,1)
[1388]: (40.16432759904916,1)
[1389]: (40.01717689913096,1)
[1390]: (40.44683180480171,1)
[1391]: (40.33281058653321,1)
[1392]: (40.52722663508104,1)
[1393]: (40.00152424592374,1)
[1394]: (40.7382796435844,1)
[1395]: (40.46558167756824,1)
[1396]: (40.27814746883879,1)
[1397]: (40.06893477858835,1)
[1398]: (40.01434282693096,1)
[1399]: (40.35141692329134,1)
[1400]: (40.09140294385256,1)
[1401]: (40.00565638390026,1)
[1402]: (40.37004471844828,1)
[1403]: (40.26517815694755,1)
[1404]: (40.30067275619,1)
[1405]: (40.24123879816139,1)
[1406]: (40.46954800713309,1)
[1407]: (40.57866842633772,1)
[1408]: (40.38633229492584,1)
[1409]: (40.31464055147496,1)
[1410]: (40.12464042658166,1)
[1411]: (40.00007615306409,1)
[1412]: (40.11834290879354,1)
[1413]: (41.58597496750809,1)
[1414]: (40.68111284323462,1)
[1415]: (40.88441325234197,1)
[1416]: (40.49761390381754,1)
[1417]: (40.36337897883353,1)
[1418]: (40.05745795239785,1)
[1419]: (40.1323546022587,1)
[1420]: (40.30880127740561,1)
[1421]: (40.1611144872044,1)
[1422]: (40.35607687051376,1)
[1423]: (40.64395460716941,1)
[1424]: (40.44127379154821,1)
[1425]: (40.02256208709653,1)
[1426]: (40.35360946692948,1)
[1427]: (40.47125949162771,1)
[1428]: (40.72472039646723,1)
[1429]: (40.05940610562603,1)
[1430]: (40.07228834972165,1)
[1431]: (40.98703789701396,1)
[1432]: (41.27849521783993,1)
[1433]: (40.03360431363294,1)
[1434]: (40.1579655392115,1)
[1435]: (40.13115148706782,1)
[1436]: (40.03489823172867,1)
[1437]: (40.64069266868582,1)
[1438]: (40.82238197998389,1)
[1439]: (41.05811441896073,1)
[1440]: (40.37469572269202,1)
[1441]: (40.18763256272082,1)
[1442]: (40.1818574179749,1)
[1443]: (40.34241730605351,1)
[1444]: (40.38219611989535,1)
[1445]: (40.0501682684361,1)
[1446]: (40.28403907587489,1)
[1447]: (40.26576190029756,1)
[1448]: (40.1714692092398,1)
[1449]: (40.17726259452894,1)
[1450]: (40.35506266157233,1)
[1451]: (40.00039668500966,1)
[1452]: (40.35628298202521,1)
[1453]: (40.31651893316641,1)
[1454]: (40.40377333592929,1)
[1455]: (40.32550847145468,1)
[1456]: (40.098817146941,1)
[1457]: (40.1144331264174,1)
[1458]: (40.20773777467867,1)
[1459]: (40.50310959501264,1)
[1460]: (40.16814304821558,1)
[1461]: (40.04174895720094,1)
[1462]: (40.59685035345433,1)
[1463]: (40.05852072826848,1)
[1464]: (40.61993495851501,1)
[1465]: (40.08030389608123,1)
[1466]: (40.14738149032019,1)
[1467]: (40.04490798967937,1)
[1468]: (40.24234159887926,1)
[1469]: (40.13939000765722,1)
[1470]: (40.86590385327644,1)
[1471]: (40.30878119437672,1)
[1472]: (40.0925580751742,1)
[1473]: (40.11426920733626,1)
[1474]: (40.08706382864192,1)
[1475]: (40.09950207541762,1)
[1476]: (40.2979760763954,1)
[1477]: (40.02267209730045,1)
[1478]: (40.08674898820809,1)
[1479]: (40.06312259321982,1)
[1480]: (40.13225787450694,1)
[1481]: (40.01677482290743,1)
[1482]: (40.03662985040544,1)
[1483]: (40.06979436263566,1)
[1484]: (40.10191546767801,1)
[1485]: (40.91299750036549,1)
[1486]: (40.24592328979413,1)
[1487]: (40.07980490206357,1)
[1488]: (40.3590783397448,1)
[1489]: (41.51981600624006,1)
[1490]: (40.57772675865889,1)
[1491]: (40.0767069591427,1)
[1492]: (40.30718623622136,1)
[1493]: (40.06567184381021,1)
[1494]: (40.39511223450133,1)
[1495]: (41.25864402130199,1)
[1496]: (40.31331434055479,1)
[1497]: (40.36251531986998,1)
[1498]: (40.30251631690685,1)
[1499]: (40.05157548378401,1)
[1500]: (40.47492520421896,1)
[1501]: (40.80760088329689,1)
[1502]: (40.68322653982436,1)
[1503]: (40.65912833394295,1)
[1504]: (40.35360331953317,1)
[1505]: (40.05903368386767,1)
[1506]: (40.22113448651393,1)
[1507]: (40.08488413872922,1)
[1508]: (40.11507006872209,1)
[1509]: (40.01445439521054,1)
[1510]: (40.02728020370159,1)
[1511]: (40.02422694207656,1)
[1512]: (40.4372906016011,1)
[1513]: (40.25743878855695,1)
[1514]: (40.46991501373688,1)
[1515]: (40.30560808569759,1)
[1516]: (40.29443228388801,1)
[1517]: (40.03775437228519,1)
[1518]: (40.08541999873139,1)
[1519]: (40.12787863352372,1)
[1520]: (40.02356028088066,1)
[1521]: (40.09009141627256,1)
[1522]: (40.02528201539776,1)
[1523]: (40.13033911403397,1)
[1524]: (41.55427762953224,1)
[1525]: (40.40966209392938,1)
[1526]: (41.17499416586497,1)
[1527]: (40.10225158536446,1)
[1528]: (40.24306569555682,1)
[1529]: (40.15913889102657,1)
[1530]: (42.22054849251003,1)
[1531]: (40.13019893965467,1)
[1532]: (40.01339404040834,1)
[1533]: (40.506458821156,1)
[1534]: (40.11604375345463,1)
[1535]: (41.14604995704294,1)
[1536]: (41.33135605188853,1)
[1537]: (40.20027741606977,1)
[1538]: (40.23261342011137,1)
[1539]: (40.18072430438674,1)
[1540]: (40.87748381597414,1)
[1541]: (40.13477881696688,1)
[1542]: (41.07459189621892,1)
[1543]: (40.11130605390288,1)
[1544]: (40.75530537853861,1)
[1545]: (40.00307839690669,1)
[1546]: (40.04602063705069,1)
[1547]: (40.04865366880327,1)
[1548]: (40.055147792668,1)
[1549]: (40.05056483112064,1)
[1550]: (40.42314989652605,1)
[1551]: (40.00945874006239,1)
[1552]: (40.37773697714523,1)
[1553]: (40.1103506458011,1)
[1554]: (40.56108616520367,1)
[1555]: (40.07978945138831,1)
[1556]: (40.10746996987515,1)
[1557]: (40.01941074598287,1)
[1558]: (40.82326508015298,1)
[1559]: (40.25341021389971,1)
[1560]: (40.18849415244971,1)
[1561]: (40.0590765438521,1)
[1562]: (40.3178452501505,1)
[1563]: (40.65233861725475,1)
[1564]: (40.46160623178312,1)
[1565]: (41.08023454481686,1)
[1566]: (40.31240867333108,1)
[1567]: (40.14121501508207,1)
[1568]: (40.38309428177654,1)
[1569]: (40.43611877665775,1)
[1570]: (41.17421457010687,1)
[1571]: (40.03400380579958,1)
[1572]: (40.21464471862875,1)
[1573]: (40.09587468272345,1)
[1574]: (40.2326770184269,1)
[1575]: (40.26526602410272,1)
[1576]: (40.02915170435718,1)
[1577]: (40.14919060442169,1)
[1578]: (40.04136359085464,1)
[1579]: (40.4626655012872,1)
[1580]: (40.00044548587927,1)
[1581]: (40.0567383796264,1)
[1582]: (40.4124562748968,1)
[1583]: (40.05984937125776,1)
[1584]: (40.34035954727406,1)
[1585]: (40.01696184644738,1)
[1586]: (40.69270104027139,1)
[1587]: (40.15085348019641,1)
[1588]: (40.00859565485649,1)
[1589]: (40.23674598682011,1)
[1590]: (41.16827274145317,1)
[1591]: (40.16487317642916,1)
[1592]: (40.61172451348993,1)
[1593]: (40.06782783290795,1)
[1594]: (40.64729971342853,1)
[1595]: (40.05239004055772,1)
[1596]: (40.07639296813346,1)
[1597]: (40.33579638756576,1)
[1598]: (40.17207601057177,1)
[1599]: (40.22828776441232,1)
[1600]: (41.30380865622514,1)
[1601]: (40.34694296983324,1)
[1602]: (40.38176828985618,1)
[1603]: (40.84767770861261,1)
[1604]: (40.02517423023992,1)
[1605]: (40.78214679148581,1)
[1606]: (40.27893943069141,1)
[1607]: (40.14365739914749,1)
[1608]: (40.98912022831038,1)
[1609]: (40.01026823650562,1)
[1610]: (41.01670316244399,1)
[1611]: (40.70400613541276,1)
[1612]: (41.15563165967709,1)
[1613]: (40.31241313885381,1)
[1614]: (40.27750972534492,1)
[1615]: (40.29977520788091,1)
[1616]: (40.58049089160691,1)
[1617]: (40.29589601134092,1)
[1618]: (40.17893299075184,1)
[1619]: (40.33162232108158,1)
[1620]: (40.11553862659891,1)
[1621]: (40.08034564495902,1)
[1622]: (40.12287949224242,1)
[1623]: (40.0857912937249,1)
[1624]: (40.13618440292724,1)
[1625]: (40.29089510123899,1)
[1626]: (40.38696788476823,1)
[1627]: (40.66364711918076,1)
[1628]: (40.18368700288551,1)
[1629]: (40.24601798274191,1)
[1630]: (40.04344449658218,1)
[1631]: (40.60132312763727,1)
[1632]: (40.30495871418998,1)
[1633]: (40.18224405895818,1)
[1634]: (41.76430498538374,1)
[1635]: (40.08999988019404,1)
[1636]: (40.21249082326086,1)
[1637]: (40.88147678119103,1)
[1638]: (41.34038099317803,1)
[1639]: (40.69682206674601,1)
[1640]: (40.65299706021703,1)
[1641]: (40.30373811671873,1)
[1642]: (40.25357773890522,1)
[1643]: (40.30531708472616,1)
[1644]: (40.16095343777021,1)
[1645]: (40.32724580647054,1)
[1646]: (40.12360263831913,1)
[1647]: (40.01756452330732,1)
[1648]: (40.10250373305255,1)
[1649]: (40.34334857536504,1)
[1650]: (40.93198813375275,1)
[1651]: (40.42029399358975,1)
[1652]: (40.00196909369308,1)
[1653]: (40.09680658497345,1)
[1654]: (40.07650075785666,1)
[1655]: (40.85133174757287,1)
[1656]: (40.04314425491688,1)
[1657]: (40.12417328237562,1)
[1658]: (40.04142610063337,1)
[1659]: (40.34110581404136,1)
[1660]: (40.29659855213139,1)
[1661]: (40.0593212222178,1)
[1662]: (40.47308680867559,1)
[1663]: (40.58369753276838,1)
[1664]: (40.07296373513727,1)
[1665]: (40.70700445908415,1)
[1666]: (40.32144996377848,1)
[1667]: (40.00684064780401,1)
[1668]: (40.01012600287949,1)
[1669]: (40.07505992240809,1)
[1670]: (40.00127671563557,1)
[1671]: (40.43891510268185,1)
[1672]: (40.29468059900766,1)
[1673]: (40.62620526186049,1)
[1674]: (40.62881764467459,1)
[1675]: (40.11917341567401,1)
[1676]: (40.17045832354319,1)
[1677]: (40.16440389607142,1)
[1678]: (40.44466126299093,1)
[1679]: (40.63766438118019,1)
[1680]: (40.22528378432285,1)
[1681]: (40.04016009674243,1)
[1682]: (40.52275492727011,1)
[1683]: (40.09820689892423,1)
[1684]: (40.02606872313511,1)
[1685]: (40.08944402996774,1)
[1686]: (40.06277907843229,1)
[1687]: (40.57838790249653,1)
[1688]: (40.62101101873834,1)
[1689]: (40.11486131514671,1)
[1690]: (40.0745893339886,1)
[1691]: (40.06726227191258,1)
[1692]: (40.22795117424472,1)
[1693]: (40.05203060609266,1)
[1694]: (41.17828279550482,1)
[1695]: (40.5734257315082,1)
[1696]: (40.04510882803267,1)
[1697]: (40.43519775283608,1)
[1698]: (40.11744787741372,1)
[1699]: (40.82541665137538,1)
[1700]: (40.22437734984366,1)
[1701]: (40.1394382650511,1)
[1702]: (40.15942995800106,1)
[1703]: (40.68477372192612,1)
[1704]: (40.84064392424285,1)
[1705]: (40.90454812610279,1)
[1706]: (40.3092286118406,1)
[1707]: (40.03313583771973,1)
[1708]: (40.04298330986209,1)
[1709]: (40.57091985684988,1)
[1710]: (40.25827100415703,1)
[1711]: (40.00087309570507,1)
[1712]: (40.34258740335375,1)
[1713]: (40.24286068659026,1)
[1714]: (40.29074867193167,1)
[1715]: (40.03779623995958,1)
[1716]: (40.58002194584387,1)
[1717]: (41.90073184180027,1)
[1718]: (40.08383253041375,1)
[1719]: (40.07126863460285,1)
[1720]: (40.23655031075275,1)
[1721]: (40.05087589167623,1)
[1722]: (40.28167095485426,1)
[1723]: (40.03109524605116,1)
[1724]: (40.23589378595689,1)
[1725]: (40.08535212061025,1)
[1726]: (40.20258761824977,1)
[1727]: (40.08014831715057,1)
[1728]: (40.23790838769969,1)
[1729]: (40.02290699021724,1)
[1730]: (40.23488413810673,1)
[1731]: (40.2253527325602,1)
[1732]: (40.07368657063488,1)
[1733]: (40.20241802745302,1)
[1734]: (40.1357084110189,1)
[1735]: (40.17393926375313,1)
[1736]: (40.01096425650577,1)
[1737]: (40.58683707088836,1)
[1738]: (40.36459609270706,1)
[1739]: (40.24737240675226,1)
[1740]: (40.21657382335178,1)
[1741]: (40.36357050905645,1)
[1742]: (40.41948977621126,1)
[1743]: (40.52838363254982,1)
[1744]: (40.06683107965206,1)
[1745]: (40.20372895782943,1)
[1746]: (40.24781619060288,1)
[1747]: (41.27966468349901,1)
[1748]: (40.07969953624501,1)
[1749]: (40.55280112094538,1)
[1750]: (40.59181364997945,1)
[1751]: (40.04352809871716,1)
[1752]: (40.15972234798677,1)
[1753]: (40.11737395372977,1)
[1754]: (41.38312264233451,1)
[1755]: (40.86105249524621,1)
[1756]: (40.17005169777922,1)
[1757]: (40.16615971112082,1)
[1758]: (40.15184135676243,1)
[1759]: (40.02746839781243,1)
[1760]: (40.13370952284133,1)
[1761]: (41.01727447881181,1)
[1762]: (40.86743488870469,1)
[1763]: (40.09284524980735,1)
[1764]: (40.23557689521812,1)
[1765]: (40.09892645449488,1)
[1766]: (40.0862429737584,1)
[1767]: (40.19610180531205,1)
[1768]: (40.44288490281372,1)
[1769]: (40.77841731863651,1)
[1770]: (40.05910504440211,1)
[1771]: (40.40675860515297,1)
[1772]: (40.70064789122934,1)
[1773]: (40.42975732256247,1)
[1774]: (40.13323910944421,1)
[1775]: (40.78262081638103,1)
[1776]: (40.10177513904,1)
[1777]: (40.16459962305505,1)
[1778]: (40.09725582684735,1)
[1779]: (40.30214450697033,1)
[1780]: (40.09588514601255,1)
[1781]: (40.57164057349301,1)
[1782]: (40.52032778016707,1)
[1783]: (40.71800248752483,1)
[1784]: (40.33162793518753,1)
[1785]: (40.12681809190924,1)
[1786]: (40.27200121100554,1)
[1787]: (40.1795276415365,1)
[1788]: (40.03608093196556,1)
[1789]: (40.2752786570962,1)
[1790]: (40.18365688006792,1)
[1791]: (40.03542724047529,1)
[1792]: (40.05780385247594,1)
[1793]: (40.14309361492663,1)
[1794]: (40.25842803606013,1)
[1795]: (40.09618645081032,1)
[1796]: (40.20370737722303,1)
[1797]: (40.39167560675356,1)
[1798]: (40.02205356318308,1)
[1799]: (40.01202186167555,1)
[1800]: (40.28774491481742,1)
[1801]: (40.17404501744803,1)
[1802]: (40.23685448192012,1)
[1803]: (40.54571743879855,1)
[1804]: (40.18619460345208,1)
[1805]: (40.46662421779889,1)
[1806]: (40.35935367554402,1)
[1807]: (40.52367429979089,1)
[1808]: (40.31441093990259,1)
[1809]: (40.55761715913152,1)
[1810]: (40.01080733602107,1)
[1811]: (40.11712601447002,1)
[1812]: (40.69296236003802,1)
[1813]: (40.17025394691282,1)
[1814]: (40.40577410838931,1)
[1815]: (40.07337840009862,1)
[1816]: (40.01081516617582,1)
[1817]: (40.08181752572072,1)
[1818]: (40.16073628529179,1)
[1819]: (40.11784919524398,1)
[1820]: (40.90709891464725,1)
[1821]: (40.63986676540539,1)
[1822]: (40.1691348098006,1)
[1823]: (40.43009731795298,1)
[1824]: (40.2481705279724,1)
[1825]: (40.1569898415996,1)
[1826]: (40.54758108193936,1)
[1827]: (40.04359519957478,1)
[1828]: (40.0604037045739,1)
[1829]: (40.3956385739364,1)
[1830]: (40.3713390186638,1)
[1831]: (41.2790588406676,1)
[1832]: (40.8500795677083,1)
[1833]: (40.11428924396259,1)
[1834]: (40.61510909097239,1)
[1835]: (40.63716029764326,1)
[1836]: (40.1417083646739,1)
[1837]: (40.14726976336708,1)
[1838]: (40.14916580185417,1)
[1839]: (40.41791013644249,1)
[1840]: (40.52749848086321,1)
[1841]: (40.12592547989646,1)
[1842]: (41.07911304263546,1)
[1843]: (40.07236193490177,1)
[1844]: (41.43846289140942,1)
[1845]: (40.75789911743554,1)
[1846]: (40.44963587353949,1)
[1847]: (40.18724877363174,1)
[1848]: (40.01481660636886,1)
[1849]: (40.21669106651573,1)
[1850]: (41.03589619902941,1)
[1851]: (41.47443767259308,1)
[1852]: (40.59475579657775,1)
[1853]: (40.29496182820236,1)
[1854]: (40.03851045524009,1)
[1855]: (40.07048874746245,1)
[1856]: (40.22633812444732,1)
[1857]: (40.55580241190493,1)
[1858]: (40.39224395128842,1)
[1859]: (40.91921074810245,1)
[1860]: (40.30248679619307,1)
[1861]: (40.31053498745956,1)
[1862]: (40.05095553632668,1)
[1863]: (40.20470902988234,1)
[1864]: (40.28754279893917,1)
[1865]: (40.01904460310858,1)
[1866]: (40.20550714318089,1)
[1867]: (40.40305916115094,1)
[1868]: (40.20937487312864,1)
[1869]: (40.30145824640222,1)
[1870]: (40.0409962622781,1)
[1871]: (40.46387300089194,1)
[1872]: (40.01147316053264,1)
[1873]: (40.20396283320914,1)
[1874]: (40.16241961440797,1)
[1875]: (40.29262076904391,1)
[1876]: (40.13514472663108,1)
[1877]: (41.05920705495095,1)
[1878]: (40.24558647940303,1)
[1879]: (40.18762122816614,1)
[1880]: (40.41727996205761,1)
[1881]: (41.02790558168898,1)
[1882]: (40.20175357226783,1)
[1883]: (40.06060719551071,1)
[1884]: (40.15102880356716,1)
[1885]: (40.23817079766371,1)
[1886]: (40.02064614097987,1)
[1887]: (40.3029780490083,1)
[1888]: (40.2405669820357,1)
[1889]: (40.52051758717492,1)
[1890]: (40.8129991046787,1)
[1891]: (40.11490880377355,1)
[1892]: (40.11401581879988,1)
[1893]: (40.37274985447581,1)
[1894]: (40.23875127550512,1)
[1895]: (40.78285416062927,1)
[1896]: (40.4833666542811,1)
[1897]: (40.05580357224757,1)
[1898]: (40.4034309759841,1)
[1899]: (40.70886029450738,1)
[1900]: (40.18306622874634,1)
[1901]: (40.67196906517192,1)
[1902]: (40.27114126213262,1)
[1903]: (40.23688508922554,1)
[1904]: (40.1547422133635,1)
[1905]: (40.38133324969846,1)
[1906]: (41.09382461281785,1)
[1907]: (40.44604305255933,1)
[1908]: (40.18613336076226,1)
[1909]: (40.19512513051765,1)
[1910]: (40.08322875325945,1)
[1911]: (40.51108699023185,1)
[1912]: (40.12526570524683,1)
[1913]: (41.69173214072841,1)
[1914]: (40.19878955265099,1)
[1915]: (40.56382592789318,1)
[1916]: (40.06029234013982,1)
[1917]: (40.15689506146442,1)
[1918]: (40.02782823379168,1)
[1919]: (40.39643768638336,1)
[1920]: (40.07597544175763,1)
[1921]: (40.20095389636524,1)
[1922]: (40.16684745266528,1)
[1923]: (40.18240392185983,1)
[1924]: (41.05728927516675,1)
[1925]: (40.26405646456877,1)
[1926]: (40.21225328343743,1)
[1927]: (40.16766532732975,1)
[1928]: (40.06404222552541,1)
[1929]: (40.12861437523824,1)
[1930]: (40.06405773652823,1)
[1931]: (40.22809141693205,1)
[1932]: (40.23337186954324,1)
[1933]: (40.09089444838543,1)
[1934]: (40.0585880560026,1)
[1935]: (40.41760900692949,1)
[1936]: (40.10440893455104,1)
[1937]: (41.32454344896087,1)
[1938]: (41.3344808676441,1)
[1939]: (40.93267339878559,1)
[1940]: (40.28147723194607,1)
[1941]: (40.38751603280682,1)
[1942]: (40.37265493314642,1)
[1943]: (40.40442462468043,1)
[1944]: (40.28846210495345,1)
[1945]: (40.30640802422199,1)
[1946]: (40.23986445661949,1)
[1947]: (40.30218599183741,1)
[1948]: (40.47011239548499,1)
[1949]: (41.90764671592574,1)
[1950]: (40.00254091569079,1)
[1951]: (40.07484147858725,1)
[1952]: (40.17920103336925,1)
[1953]: (40.21064046367756,1)
[1954]: (40.88784370855484,1)
[1955]: (40.38302859820121,1)
[1956]: (40.05793433842929,1)
[1957]: (40.2896020008521,1)
[1958]: (40.23736967940521,1)
[1959]: (40.48412927446298,1)
[1960]: (42.33982464078789,1)
[1961]: (40.1751139576608,1)
[1962]: (40.62364905537363,1)
[1963]: (40.11288755883859,1)
[1964]: (40.45269440124603,1)
[1965]: (40.77758723031519,1)
[1966]: (40.20237073346504,1)
[1967]: (40.61636336529924,1)
[1968]: (40.08184512530925,1)
[1969]: (40.61278246840642,1)
[1970]: (40.49014425252285,1)
[1971]: (40.0612411826056,1)
[1972]: (40.54263597306796,1)
[1973]: (40.42852813840751,1)
[1974]: (40.54671730895413,1)
[1975]: (40.47375319405084,1)
[1976]: (40.13476816048893,1)
[1977]: (40.28959762157992,1)
[1978]: (40.20558050161447,1)
[1979]: (40.69019182813893,1)
[1980]: (40.08985452569124,1)
[1981]: (40.0403178493988,1)
[1982]: (40.01716273052509,1)
[1983]: (40.29746099059201,1)
[1984]: (40.60576606874973,1)
[1985]: (40.07713117724089,1)
[1986]: (40.0738744678743,1)
[1987]: (40.43814923507185,1)
[1988]: (40.05961440230067,1)
[1989]: (40.22217081153652,1)
[1990]: (40.37146618617353,1)
[1991]: (40.04838330786155,1)
[1992]: (41.32157925812973,1)
[1993]: (41.02655322047057,1)
[1994]: (40.11100710296038,1)
[1995]: (40.06071269144314,1)
[1996]: (40.55989846056438,1)
[1997]: (40.14221249116979,1)
[1998]: (40.16195975632476,1)
[1999]: (40.20325360020412,1)
 -- States explored : 0 states
 -- CPU user time used : 13770 ms
 -- Virtual memory used : 240104 KiB
 -- Resident memory used : 201652 KiB
executionTime: 91
