core file size          (blocks, -c) unlimited
data seg size           (kbytes, -d) unlimited
scheduling priority             (-e) 0
file size               (blocks, -f) unlimited
pending signals                 (-i) 4077086
max locked memory       (kbytes, -l) 64
max memory size         (kbytes, -m) 32505856
open files                      (-n) 4096
pipe size            (512 bytes, -p) 8
POSIX message queues     (bytes, -q) 819200
real-time priority              (-r) 0
stack size              (kbytes, -s) 8192
cpu time               (seconds, -t) unlimited
max user processes              (-u) 4077086
virtual memory          (kbytes, -v) 31000000
file locks                      (-x) unlimited
Options for the verification:
  Generating some trace
  Search order is random depth first
  Using conservative space optimisation
  Seed is 1556899889
  State space representation uses minimal constraint systems
  Using HashMap + Compress integers for discrete state storage

Verifying formula 1 at ../queries/SN_50_70_16.q:1
 -- Formula is satisfied.
(9000 runs)
Learning statistics for best strategy: 
	Number of resets: 1
	Number of iterations in last reset: 11
	Number of iterations in total: 28

 -- States explored : 0 states
 -- CPU user time used : 96430 ms
 -- Virtual memory used : 51960 KiB
 -- Resident memory used : 13324 KiB

Verifying formula 2 at ../queries/SN_50_70_16.q:3
 -- Formula is satisfied.
Composer.Done:
[0]: (0,0) (184.238161511554,1)
[1]: (184.1409278754696,1)
[2]: (184.0361492328549,1)
[3]: (184.2369034160081,1)
[4]: (184.3437788959071,1)
[5]: (184.6074109217947,1)
[6]: (184.1841756294893,1)
[7]: (184.4116380708012,1)
[8]: (184.2203647722816,1)
[9]: (184.085313225909,1)
[10]: (184.2635559528028,1)
[11]: (184.2121141885477,1)
[12]: (184.9483144276602,1)
[13]: (184.1226454430914,1)
[14]: (184.0642687454634,1)
[15]: (184.057422991128,1)
[16]: (184.0763680635862,1)
[17]: (184.0114335521226,1)
[18]: (184.6352392901053,1)
[19]: (184.2518753675207,1)
[20]: (184.0146929868523,1)
[21]: (184.6841969361234,1)
[22]: (184.4971445817235,1)
[23]: (184.1410248277429,1)
[24]: (184.1390491392369,1)
[25]: (184.0996144574675,1)
[26]: (184.5228524138307,1)
[27]: (184.4437986910499,1)
[28]: (184.0705752811673,1)
[29]: (184.8150808090079,1)
[30]: (184.8724488611908,1)
[31]: (184.3276463886963,1)
[32]: (184.0254770283493,1)
[33]: (184.0129285470895,1)
[34]: (184.027529942382,1)
[35]: (184.4082407287491,1)
[36]: (184.1534946103079,1)
[37]: (184.2365504581589,1)
[38]: (184.2481355503898,1)
[39]: (184.0240967343117,1)
[40]: (184.1004215851462,1)
[41]: (184.0877346260447,1)
[42]: (185.0052721789931,1)
[43]: (184.3198934575632,1)
[44]: (184.769586369666,1)
[45]: (185.1074797656703,1)
[46]: (184.0984933354168,1)
[47]: (184.1288217511743,1)
[48]: (184.2032666725871,1)
[49]: (184.0825254396475,1)
[50]: (184.2423267134363,1)
[51]: (184.2881088299742,1)
[52]: (184.2157974497302,1)
[53]: (184.1678878923178,1)
[54]: (184.4154006673163,1)
[55]: (184.5373335627424,1)
[56]: (184.602693428504,1)
[57]: (184.3443326442332,1)
[58]: (184.3133178490784,1)
[59]: (184.1332202207822,1)
[60]: (184.2352373378783,1)
[61]: (184.0173024836358,1)
[62]: (184.0308972093338,1)
[63]: (184.0457287193465,1)
[64]: (185.1738039199049,1)
[65]: (184.7438308380279,1)
[66]: (184.0877617537177,1)
[67]: (184.2369840264124,1)
[68]: (184.4362909683961,1)
[69]: (184.6481689046892,1)
[70]: (184.1305459244681,1)
[71]: (184.0268624355741,1)
[72]: (184.3875266306273,1)
[73]: (184.1580178371978,1)
[74]: (184.0236711428012,1)
[75]: (184.282937860004,1)
[76]: (184.4960640591742,1)
[77]: (184.7436866077408,1)
[78]: (184.0428885074739,1)
[79]: (184.0440488704965,1)
[80]: (184.2228003584394,1)
[81]: (184.2024588077527,1)
[82]: (184.1216837180798,1)
[83]: (184.1650533658874,1)
[84]: (184.0839621976592,1)
[85]: (184.6230498334655,1)
[86]: (184.1956638498276,1)
[87]: (184.3522620910792,1)
[88]: (184.111492255421,1)
[89]: (184.0221661897953,1)
[90]: (185.1528462623196,1)
[91]: (185.1181602670751,1)
[92]: (184.0932232424093,1)
[93]: (184.5851758719683,1)
[94]: (184.5138409603806,1)
[95]: (184.1048491091321,1)
[96]: (184.0118855780757,1)
[97]: (185.8729937102245,1)
[98]: (184.1159926587871,1)
[99]: (184.3098482739991,1)
[100]: (184.0898496706742,1)
[101]: (184.0176792079925,1)
[102]: (184.0276449856744,1)
[103]: (184.1057428412454,1)
[104]: (184.1794251136928,1)
[105]: (184.313911710214,1)
[106]: (184.2690124918624,1)
[107]: (184.204242491719,1)
[108]: (184.3056312945931,1)
[109]: (184.5643054114886,1)
[110]: (184.675607327354,1)
[111]: (184.107880498847,1)
[112]: (184.3191326336632,1)
[113]: (184.0688376970376,1)
[114]: (184.3518414053837,1)
[115]: (184.0505037053161,1)
[116]: (184.0390280836453,1)
[117]: (184.0169379448552,1)
[118]: (184.1204554484169,1)
[119]: (184.3697740105633,1)
[120]: (184.3802418002717,1)
[121]: (184.0584127388805,1)
[122]: (184.8164990784672,1)
[123]: (184.7527607539559,1)
[124]: (184.3131325841062,1)
[125]: (184.0210490684553,1)
[126]: (184.1902590619335,1)
[127]: (184.2919604806978,1)
[128]: (184.6248775836328,1)
[129]: (184.0021873304842,1)
[130]: (184.0937161801017,1)
[131]: (184.3900919064119,1)
[132]: (184.4378699764781,1)
[133]: (184.262754895856,1)
[134]: (184.2347264138251,1)
[135]: (184.4685561710416,1)
[136]: (184.1799478829534,1)
[137]: (184.1831166531676,1)
[138]: (184.0900200211602,1)
[139]: (184.7369548254058,1)
[140]: (184.7551626739409,1)
[141]: (184.1875693672053,1)
[142]: (185.8811460731963,1)
[143]: (184.0661490929802,1)
[144]: (184.0628098686803,1)
[145]: (184.2435855225233,1)
[146]: (184.0517800327022,1)
[147]: (184.3494806062924,1)
[148]: (184.1449602572798,1)
[149]: (184.0913726944298,1)
[150]: (184.9018420790917,1)
[151]: (184.1010862308551,1)
[152]: (184.6422865232419,1)
[153]: (184.1195685977916,1)
[154]: (184.0516409779683,1)
[155]: (184.4898638892917,1)
[156]: (184.4539460361548,1)
[157]: (184.4275065519715,1)
[158]: (184.1914760399442,1)
[159]: (184.1250649729266,1)
[160]: (184.6217198612196,1)
[161]: (184.0328615824739,1)
[162]: (184.3329585160742,1)
[163]: (184.8032617566535,1)
[164]: (184.3472549808837,1)
[165]: (184.616999078045,1)
[166]: (184.1690745864696,1)
[167]: (184.1920797337279,1)
[168]: (184.8046804909972,1)
[169]: (184.127566568253,1)
[170]: (184.0314514108922,1)
[171]: (184.48212878768,1)
[172]: (184.4402042272461,1)
[173]: (184.0971753912252,1)
[174]: (184.1295773925318,1)
[175]: (184.1687728402571,1)
[176]: (184.3151193076226,1)
[177]: (184.194496610558,1)
[178]: (184.3782498021074,1)
[179]: (184.0926506449313,1)
[180]: (184.2322598839563,1)
[181]: (184.7404166693582,1)
[182]: (184.0917263517603,1)
[183]: (184.2044998970594,1)
[184]: (184.3132896904182,1)
[185]: (184.1509243354293,1)
[186]: (184.0190362114869,1)
[187]: (184.3824654690333,1)
[188]: (184.191748736973,1)
[189]: (184.4473884250169,1)
[190]: (185.580669452212,1)
[191]: (184.5142799429792,1)
[192]: (184.3967518837046,1)
[193]: (184.0866369327777,1)
[194]: (184.3244328976939,1)
[195]: (184.0159118992819,1)
[196]: (184.2884373884395,1)
[197]: (184.1470498903543,1)
[198]: (184.039931186642,1)
[199]: (184.0745796021032,1)
[200]: (184.5366456783375,1)
[201]: (184.7699774845476,1)
[202]: (184.4628194070662,1)
[203]: (184.1710679689888,1)
[204]: (184.1041924605746,1)
[205]: (184.0630738030837,1)
[206]: (184.0378289911728,1)
[207]: (184.0097540570817,1)
[208]: (184.0991922647031,1)
[209]: (184.1948942500168,1)
[210]: (184.2161114724147,1)
[211]: (184.0274500980669,1)
[212]: (184.0448602227037,1)
[213]: (184.3464627344053,1)
[214]: (184.2310599339022,1)
[215]: (184.7634197716923,1)
[216]: (184.3259198767005,1)
[217]: (184.0999285327337,1)
[218]: (184.109443867707,1)
[219]: (184.1357014114811,1)
[220]: (184.0196313252564,1)
[221]: (184.8988772057988,1)
[222]: (184.1119991522793,1)
[223]: (185.2821076110099,1)
[224]: (184.0230766560203,1)
[225]: (184.6171785267144,1)
[226]: (184.091074084506,1)
[227]: (184.0607058475049,1)
[228]: (184.0260875374004,1)
[229]: (184.0723191034304,1)
[230]: (184.0279140993401,1)
[231]: (184.2227362109124,1)
[232]: (184.0524155326797,1)
[233]: (184.0756953465417,1)
[234]: (184.06154116531,1)
[235]: (184.6620823768276,1)
[236]: (184.4191501836758,1)
[237]: (184.4639699857782,1)
[238]: (184.1098546951185,1)
[239]: (184.2215793986843,1)
[240]: (184.2510425627803,1)
[241]: (184.2564614453718,1)
[242]: (184.0945265348971,1)
[243]: (185.3017948035451,1)
[244]: (184.4301312197641,1)
[245]: (184.4012980918871,1)
[246]: (184.079747139751,1)
[247]: (184.3999604387513,1)
[248]: (184.0179534679035,1)
[249]: (184.8892814413685,1)
[250]: (184.6331976532357,1)
[251]: (184.371755138822,1)
[252]: (184.6458524095258,1)
[253]: (184.0072706216158,1)
[254]: (184.443682536145,1)
[255]: (185.1138158446473,1)
[256]: (184.1223369363072,1)
[257]: (184.3287323471925,1)
[258]: (184.4520114203986,1)
[259]: (184.379432652964,1)
[260]: (184.6862629691475,1)
[261]: (184.0956959257217,1)
[262]: (184.0348160459435,1)
[263]: (184.4872264098588,1)
[264]: (185.4556096879027,1)
[265]: (184.2573594694905,1)
[266]: (184.3967492997551,1)
[267]: (184.2518479031797,1)
[268]: (184.1571997129708,1)
[269]: (184.4557369367336,1)
[270]: (184.3653856334437,1)
[271]: (184.2804891313891,1)
[272]: (184.2497934425762,1)
[273]: (184.3482137146864,1)
[274]: (184.1095831683203,1)
[275]: (184.5827198278394,1)
[276]: (184.9936725960064,1)
[277]: (184.8582037468761,1)
[278]: (184.9555260510426,1)
[279]: (184.1433293796065,1)
[280]: (184.6605716647485,1)
[281]: (184.294876666839,1)
[282]: (184.1850302674349,1)
[283]: (184.4295472543636,1)
[284]: (184.087516455534,1)
[285]: (184.0652472127905,1)
[286]: (184.2755720960326,1)
[287]: (184.0410528434489,1)
[288]: (184.4462850423341,1)
[289]: (185.4049434068355,1)
[290]: (184.1429415943284,1)
[291]: (184.0859526960177,1)
[292]: (184.1858721542741,1)
[293]: (184.111906667582,1)
[294]: (184.8574029972281,1)
[295]: (184.4523661363216,1)
[296]: (184.7151260648142,1)
[297]: (184.1732557517685,1)
[298]: (184.0687654967246,1)
[299]: (184.3299056041783,1)
[300]: (184.8581523796757,1)
[301]: (184.0207319685919,1)
[302]: (184.1853552459821,1)
[303]: (184.4697472056814,1)
[304]: (184.6921396068585,1)
[305]: (184.0059182979781,1)
[306]: (184.9875865815025,1)
[307]: (184.3843769449841,1)
[308]: (184.0334282840751,1)
[309]: (184.2686743586047,1)
[310]: (184.0941596041331,1)
[311]: (184.6879666040315,1)
[312]: (184.0859488374467,1)
[313]: (184.3652430091815,1)
[314]: (184.6675950949553,1)
[315]: (184.1098980169763,1)
[316]: (184.8166319563234,1)
[317]: (184.1117414925584,1)
[318]: (184.0320403416571,1)
[319]: (184.0055604340549,1)
[320]: (184.3618536193058,1)
[321]: (184.3226711393375,1)
[322]: (184.9932493361394,1)
[323]: (184.2399538127177,1)
[324]: (184.6427908516434,1)
[325]: (184.4425287768429,1)
[326]: (184.0514437725155,1)
[327]: (184.933389505994,1)
[328]: (184.0536470666453,1)
[329]: (184.0310544420175,1)
[330]: (184.2351245072423,1)
[331]: (184.2052989032821,1)
[332]: (184.3252315448378,1)
[333]: (185.8756256475955,1)
[334]: (184.3099355071832,1)
[335]: (184.056910029869,1)
[336]: (184.1428960388121,1)
[337]: (184.0897911185949,1)
[338]: (184.5815630678719,1)
[339]: (184.5517071324609,1)
[340]: (184.2368339329891,1)
[341]: (184.3037919072712,1)
[342]: (184.4108948288967,1)
[343]: (184.0541823226349,1)
[344]: (184.7729204182704,1)
[345]: (184.0359174732451,1)
[346]: (184.491310426274,1)
[347]: (184.2031920082837,1)
[348]: (185.2513363923507,1)
[349]: (184.195543897132,1)
[350]: (184.3728017735083,1)
[351]: (184.2243437657828,1)
[352]: (184.1231706710614,1)
[353]: (185.1827165206189,1)
[354]: (184.5316721158247,1)
[355]: (184.7848762220713,1)
[356]: (184.4866421726057,1)
[357]: (184.032385480587,1)
[358]: (184.172410689657,1)
[359]: (184.0676858688539,1)
[360]: (184.2806313860602,1)
[361]: (184.5571990353444,1)
[362]: (184.4331791118589,1)
[363]: (184.1030990361434,1)
[364]: (184.7535449440689,1)
[365]: (184.134845554341,1)
[366]: (184.2797851235964,1)
[367]: (184.2350496527993,1)
[368]: (184.5429949467672,1)
[369]: (184.1252494352803,1)
[370]: (184.025893124185,1)
[371]: (184.0163728385275,1)
[372]: (184.0037535475925,1)
[373]: (184.0901590297453,1)
[374]: (184.6898472524391,1)
[375]: (184.4427598907467,1)
[376]: (184.2347233757482,1)
[377]: (184.0561687487402,1)
[378]: (185.8355084959219,1)
[379]: (184.0935150889946,1)
[380]: (184.27279288303,1)
[381]: (184.045692969308,1)
[382]: (184.4810073041613,1)
[383]: (184.3033031271146,1)
[384]: (184.0969894899113,1)
[385]: (184.4301460031291,1)
[386]: (184.6857056919109,1)
[387]: (184.3416756997834,1)
[388]: (184.0866760972206,1)
[389]: (184.1858390253749,1)
[390]: (184.3565725100965,1)
[391]: (185.0599518976617,1)
[392]: (184.1532538457784,1)
[393]: (184.0929658443415,1)
[394]: (186.025348644405,1)
[395]: (185.129351776469,1)
[396]: (184.227393452676,1)
[397]: (184.140368441643,1)
[398]: (184.3644821677055,1)
[399]: (184.9185016222615,1)
[400]: (184.8667067356161,1)
[401]: (184.2128828536132,1)
[402]: (184.9612584591998,1)
[403]: (184.3689642263702,1)
[404]: (184.0502348229068,1)
[405]: (184.2123287133592,1)
[406]: (184.1512428517889,1)
[407]: (184.1077488038611,1)
[408]: (184.0619281215609,1)
[409]: (184.0824059142839,1)
[410]: (184.0484464148012,1)
[411]: (184.8389338415045,1)
[412]: (184.0253543102597,1)
[413]: (184.1841104863441,1)
[414]: (184.3220688691449,1)
[415]: (184.6602439009361,1)
[416]: (184.1283222911579,1)
[417]: (184.0959589474406,1)
[418]: (184.2953005044609,1)
[419]: (184.0110594516006,1)
[420]: (184.0723269080077,1)
[421]: (184.461189584496,1)
[422]: (184.1471402976338,1)
[423]: (184.0182951139801,1)
[424]: (184.0900131814754,1)
[425]: (184.2597863230534,1)
[426]: (184.4594518036569,1)
[427]: (184.0355973845936,1)
[428]: (184.0155882488018,1)
[429]: (184.2518495122574,1)
[430]: (184.3251944637615,1)
[431]: (184.2350362655345,1)
[432]: (184.3004251571088,1)
[433]: (184.6351957179843,1)
[434]: (184.2681079804133,1)
[435]: (184.2989733544132,1)
[436]: (184.2044044919028,1)
[437]: (184.8100369500957,1)
[438]: (184.1643254640238,1)
[439]: (184.27420507872,1)
[440]: (184.419044680231,1)
[441]: (184.2165800589405,1)
[442]: (184.2748702925644,1)
[443]: (184.7854060911961,1)
[444]: (184.650106934255,1)
[445]: (184.6286870209412,1)
[446]: (184.7975954257047,1)
[447]: (184.0198976599594,1)
[448]: (184.3222867516224,1)
[449]: (184.0696394737178,1)
[450]: (184.1224149394232,1)
[451]: (184.1184336453757,1)
[452]: (184.3483486010632,1)
[453]: (184.3187131087183,1)
[454]: (184.8131324734664,1)
[455]: (184.8585531387116,1)
[456]: (184.4552045295473,1)
[457]: (184.2333361357955,1)
[458]: (184.0555120111753,1)
[459]: (184.5400414939769,1)
[460]: (184.8046408619207,1)
[461]: (185.0322205342622,1)
[462]: (184.7884202022614,1)
[463]: (184.0347982658634,1)
[464]: (184.0483797415706,1)
[465]: (184.0093336619563,1)
[466]: (184.2068820047976,1)
[467]: (184.7395386439294,1)
[468]: (184.011492311075,1)
[469]: (184.0471300548811,1)
[470]: (184.2549655990541,1)
[471]: (184.1694736935961,1)
[472]: (184.1286770338074,1)
[473]: (184.1172886257549,1)
[474]: (184.1167818373659,1)
[475]: (184.2371487662761,1)
[476]: (184.3727911582116,1)
[477]: (184.4036262287698,1)
[478]: (184.0539621533252,1)
[479]: (184.3298707374116,1)
[480]: (184.8932122854479,1)
[481]: (184.0783960925997,1)
[482]: (184.3848519058678,1)
[483]: (184.0189356187689,1)
[484]: (184.2405674408404,1)
[485]: (184.0233002336786,1)
[486]: (184.4092946478798,1)
[487]: (184.0350788059242,1)
[488]: (184.2562285525633,1)
[489]: (184.4527073108745,1)
[490]: (184.0238178556497,1)
[491]: (184.5423387269523,1)
[492]: (184.3365703239359,1)
[493]: (184.0520351488214,1)
[494]: (184.1393034939233,1)
[495]: (184.5816876828492,1)
[496]: (184.041529921779,1)
[497]: (184.1121795000554,1)
[498]: (184.3184641744389,1)
[499]: (184.2262478007905,1)
[500]: (184.159028000698,1)
[501]: (184.5014260286011,1)
[502]: (184.2465005490902,1)
[503]: (184.5683003308677,1)
[504]: (184.0801173428742,1)
[505]: (184.0045948018898,1)
[506]: (184.0815607489431,1)
[507]: (184.1132593299422,1)
[508]: (184.6150557127268,1)
[509]: (184.6003392801989,1)
[510]: (184.4189632211171,1)
[511]: (184.3900958785623,1)
[512]: (184.0037062797101,1)
[513]: (184.2584829055555,1)
[514]: (184.1949554740385,1)
[515]: (185.4536700883353,1)
[516]: (184.0305572010063,1)
[517]: (184.5869059489645,1)
[518]: (184.1774301396942,1)
[519]: (184.0246812532403,1)
[520]: (184.1038386767489,1)
[521]: (184.2028437699807,1)
[522]: (184.2945502831191,1)
[523]: (185.1419765715846,1)
[524]: (184.1464762597325,1)
[525]: (184.4181114669959,1)
[526]: (185.2032718363086,1)
[527]: (184.0098753751588,1)
[528]: (184.3787600428259,1)
[529]: (184.0087901698912,1)
[530]: (184.3751570655195,1)
[531]: (184.1853718591508,1)
[532]: (184.2009444602632,1)
[533]: (184.3066946484747,1)
[534]: (184.1590202468674,1)
[535]: (184.0279996863108,1)
[536]: (184.0024392630347,1)
[537]: (184.638481524432,1)
[538]: (184.2589011883252,1)
[539]: (184.835082080975,1)
[540]: (184.7703798979974,1)
[541]: (184.5233158993422,1)
[542]: (184.3655281284367,1)
[543]: (184.4182745122434,1)
[544]: (184.388864889906,1)
[545]: (184.8469915919939,1)
[546]: (184.0830877481317,1)
[547]: (184.4446921814832,1)
[548]: (184.0940765106603,1)
[549]: (184.3025845006976,1)
[550]: (184.3596212533408,1)
[551]: (185.6057052508799,1)
[552]: (184.4303610763251,1)
[553]: (185.1859077228948,1)
[554]: (184.0158510616246,1)
[555]: (184.40925757655,1)
[556]: (184.2691682000807,1)
[557]: (184.3632224651623,1)
[558]: (184.1003017146496,1)
[559]: (184.2187926614593,1)
[560]: (184.5469002276209,1)
[561]: (184.081215373575,1)
[562]: (184.5480768333803,1)
[563]: (184.0859543556257,1)
[564]: (184.0713619288112,1)
[565]: (184.8463414985959,1)
[566]: (184.0107670351182,1)
[567]: (184.2323730431504,1)
[568]: (184.1001986296319,1)
[569]: (184.1212006907067,1)
[570]: (184.679797278405,1)
[571]: (184.7865424118262,1)
[572]: (184.2658598839595,1)
[573]: (184.4184878189607,1)
[574]: (184.0353408517926,1)
[575]: (184.1264382814176,1)
[576]: (184.0774662637603,1)
[577]: (184.1683741175928,1)
[578]: (184.9728856458231,1)
[579]: (184.6548539949478,1)
[580]: (184.4044815316823,1)
[581]: (184.1022131067388,1)
[582]: (184.5980382343007,1)
[583]: (184.0431091689155,1)
[584]: (185.0099749463571,1)
[585]: (184.8311473882436,1)
[586]: (184.1081040486844,1)
[587]: (184.145540237499,1)
[588]: (184.1369350400142,1)
[589]: (184.1197710918433,1)
[590]: (184.9246181878985,1)
[591]: (184.1100813035563,1)
[592]: (185.8930754109477,1)
[593]: (184.9024440230543,1)
[594]: (184.5115389628668,1)
[595]: (184.18423130865,1)
[596]: (184.5762171420113,1)
[597]: (184.4118819633792,1)
[598]: (184.1261285582853,1)
[599]: (184.9303549943838,1)
[600]: (184.2442386314783,1)
[601]: (184.1285016214526,1)
[602]: (184.1709211849496,1)
[603]: (184.0054014148228,1)
[604]: (184.2343330883181,1)
[605]: (184.6277826593475,1)
[606]: (184.2659306860949,1)
[607]: (184.2012245887097,1)
[608]: (184.0794476112612,1)
[609]: (184.023907828134,1)
[610]: (184.5069645469967,1)
[611]: (184.4826544288096,1)
[612]: (184.6552481756097,1)
[613]: (185.0547121149767,1)
[614]: (184.0415637330788,1)
[615]: (184.277357108601,1)
[616]: (184.2765762930589,1)
[617]: (184.540141953467,1)
[618]: (184.0310965544603,1)
[619]: (184.4224560088402,1)
[620]: (184.0274380509291,1)
[621]: (184.0456434479487,1)
[622]: (184.0812926659018,1)
[623]: (184.1257218742703,1)
[624]: (184.940238787143,1)
[625]: (184.1884661091355,1)
[626]: (184.2801854861804,1)
[627]: (184.0941903251428,1)
[628]: (184.0370111806281,1)
[629]: (184.8300791126448,1)
[630]: (184.2294078358771,1)
[631]: (184.2181825793205,1)
[632]: (184.0848592679673,1)
[633]: (184.6213255546685,1)
[634]: (184.0672141615587,1)
[635]: (184.5811094641907,1)
[636]: (184.6407210271491,1)
[637]: (184.0000283529363,1)
[638]: (184.2136801313243,1)
[639]: (184.5002458449586,1)
[640]: (184.052094139426,1)
[641]: (184.2359768200708,1)
[642]: (184.1908215637831,1)
[643]: (184.3072203671155,1)
[644]: (184.2466448241893,1)
[645]: (184.023731219696,1)
[646]: (184.4820294673001,1)
[647]: (184.128064612325,1)
[648]: (184.2558824737632,1)
[649]: (184.1998630106495,1)
[650]: (184.0362389936876,1)
[651]: (184.0709419811463,1)
[652]: (184.0333579150281,1)
[653]: (184.1129277578966,1)
[654]: (184.2042286323536,1)
[655]: (184.1118133442551,1)
[656]: (184.3965742593774,1)
[657]: (184.1010801762622,1)
[658]: (184.1630627510348,1)
[659]: (184.006359709571,1)
[660]: (184.1693491389275,1)
[661]: (184.0088837657572,1)
[662]: (184.2884873341407,1)
[663]: (184.0160298275199,1)
[664]: (184.2395774221956,1)
[665]: (184.4194500049788,1)
[666]: (185.1726958957557,1)
[667]: (184.0461357223781,1)
[668]: (184.0826446148353,1)
[669]: (184.248575300301,1)
[670]: (184.0247739090346,1)
[671]: (184.0384725984223,1)
[672]: (184.5978242301501,1)
[673]: (184.0335521008149,1)
[674]: (184.2883651910536,1)
[675]: (184.2221445616676,1)
[676]: (184.0777703670048,1)
[677]: (184.2668395592943,1)
[678]: (184.5574395520211,1)
[679]: (184.2528065284037,1)
[680]: (184.1291699709767,1)
[681]: (184.1858503942383,1)
[682]: (184.0186718898846,1)
[683]: (184.2410846790859,1)
[684]: (184.0479822506816,1)
[685]: (184.4058235531337,1)
[686]: (184.5087268659017,1)
[687]: (184.9337055470768,1)
[688]: (184.1560454019699,1)
[689]: (184.6766494603627,1)
[690]: (184.04331714578,1)
[691]: (184.3726381326077,1)
[692]: (184.0956529711649,1)
[693]: (184.1037962566548,1)
[694]: (184.1279548187997,1)
[695]: (184.4439617780711,1)
[696]: (184.3573101958346,1)
[697]: (184.0237305042301,1)
[698]: (184.2718222476973,1)
[699]: (184.0966706450224,1)
[700]: (184.0318817322925,1)
[701]: (184.1529976391561,1)
[702]: (185.0713820176825,1)
[703]: (184.5044348350881,1)
[704]: (185.6739011244648,1)
[705]: (184.2930542559558,1)
[706]: (184.8048125856978,1)
[707]: (184.0971060198488,1)
[708]: (184.2768580577792,1)
[709]: (184.0874701487147,1)
[710]: (184.3644723678368,1)
[711]: (184.456355177031,1)
[712]: (184.074406671572,1)
[713]: (184.4361689926426,1)
[714]: (184.1681444886835,1)
[715]: (184.0894166574167,1)
[716]: (184.0088335726349,1)
[717]: (184.2790311990451,1)
[718]: (184.0761072651302,1)
[719]: (184.1397795735155,1)
[720]: (184.3272617067708,1)
[721]: (184.1293841290418,1)
[722]: (184.3704797723553,1)
[723]: (184.0636226738168,1)
[724]: (184.1766826462958,1)
[725]: (184.061520541302,1)
[726]: (184.3380720910956,1)
[727]: (184.3821158293333,1)
[728]: (184.2208030111823,1)
[729]: (184.2568899292215,1)
[730]: (184.2220392669864,1)
[731]: (184.554712005368,1)
[732]: (184.5340512135617,1)
[733]: (184.2201114381116,1)
[734]: (184.8697276311338,1)
[735]: (184.2863501883515,1)
[736]: (184.1132577432689,1)
[737]: (184.3594257504144,1)
[738]: (184.4969980282271,1)
[739]: (184.3710986468643,1)
[740]: (184.3807171503693,1)
[741]: (184.3588507265207,1)
[742]: (184.5075808930518,1)
[743]: (184.0611314768481,1)
[744]: (184.6752598160539,1)
[745]: (184.0382914087623,1)
[746]: (184.5413678088714,1)
[747]: (184.1484613941502,1)
[748]: (184.0296753486588,1)
[749]: (184.071371833805,1)
[750]: (184.1751210382253,1)
[751]: (184.3923888233859,1)
[752]: (184.1473116032385,1)
[753]: (184.2516533634218,1)
[754]: (184.305627976509,1)
[755]: (184.1569352836433,1)
[756]: (184.4461007197855,1)
[757]: (184.1308010912151,1)
[758]: (184.6960038502549,1)
[759]: (184.2732887539869,1)
[760]: (184.14506042136,1)
[761]: (184.0038625633064,1)
[762]: (184.4852687272501,1)
[763]: (184.0913980790548,1)
[764]: (184.3654325976108,1)
[765]: (185.2511518581135,1)
[766]: (184.2653741481024,1)
[767]: (184.1237185897417,1)
[768]: (184.1016569597491,1)
[769]: (184.288625693231,1)
[770]: (184.3026310977499,1)
[771]: (184.1552654387256,1)
[772]: (185.1804665178596,1)
[773]: (184.41755652858,1)
[774]: (184.0564776881614,1)
[775]: (184.1361993978153,1)
[776]: (185.2505905317842,1)
[777]: (184.1052291650365,1)
[778]: (184.8521089014797,1)
[779]: (184.3504963427452,1)
[780]: (184.2262542206439,1)
[781]: (185.5392272959444,1)
[782]: (184.2926315935519,1)
[783]: (184.7139853051628,1)
[784]: (184.1471066461688,1)
[785]: (184.7913511330967,1)
[786]: (184.5945812033085,1)
[787]: (184.1487627515681,1)
[788]: (184.2628410249129,1)
[789]: (184.681993825741,1)
[790]: (184.0993368298917,1)
[791]: (184.0858189875452,1)
[792]: (184.1211407237211,1)
[793]: (184.0228987225162,1)
[794]: (184.0183803662754,1)
[795]: (184.2341909026576,1)
[796]: (184.2483050701041,1)
[797]: (184.0361439232463,1)
[798]: (184.2652136875952,1)
[799]: (184.3879412882207,1)
[800]: (185.0236433123297,1)
[801]: (184.5954045411746,1)
[802]: (184.5999219860713,1)
[803]: (184.1476477111187,1)
[804]: (184.2966002640245,1)
[805]: (184.0276179692557,1)
[806]: (184.729720437476,1)
[807]: (184.0235285967371,1)
[808]: (184.059761993972,1)
[809]: (184.034396435313,1)
[810]: (184.0019485636387,1)
[811]: (185.7769288552868,1)
[812]: (184.0711129701265,1)
[813]: (184.129904581155,1)
[814]: (184.0610004388932,1)
[815]: (184.5261775105789,1)
[816]: (184.4737303887992,1)
[817]: (184.1215575049687,1)
[818]: (184.0361962688152,1)
[819]: (184.2156418222781,1)
[820]: (184.4315299920659,1)
[821]: (184.9512671824088,1)
[822]: (184.0652110246079,1)
[823]: (184.6443594790739,1)
[824]: (184.7843218149936,1)
[825]: (184.3063415646754,1)
[826]: (184.4018404176312,1)
[827]: (184.4010425316515,1)
[828]: (184.152038780989,1)
[829]: (184.1461836188675,1)
[830]: (184.1715923137188,1)
[831]: (184.2528444667718,1)
[832]: (184.3347040759531,1)
[833]: (184.1223257685266,1)
[834]: (184.0406094704632,1)
[835]: (184.3172064746925,1)
[836]: (184.9915649804656,1)
[837]: (184.0721630247297,1)
[838]: (184.2355655020469,1)
[839]: (184.0692508185946,1)
[840]: (184.1520366902644,1)
[841]: (184.3498925114401,1)
[842]: (184.3013894228667,1)
[843]: (184.2115499862629,1)
[844]: (184.4164517284883,1)
[845]: (184.2076557328931,1)
[846]: (184.5797676108643,1)
[847]: (184.03326757385,1)
[848]: (184.2939605727886,1)
[849]: (184.2981927676588,1)
[850]: (184.6521677686481,1)
[851]: (184.5750553240716,1)
[852]: (184.4405097337066,1)
[853]: (184.0049649687894,1)
[854]: (184.9911200028518,1)
[855]: (185.0870758468925,1)
[856]: (185.0814576933413,1)
[857]: (184.3347924775802,1)
[858]: (184.2746416797785,1)
[859]: (184.0485091682852,1)
[860]: (184.591251433945,1)
[861]: (185.2431838265888,1)
[862]: (184.3720626608333,1)
[863]: (184.2723240137594,1)
[864]: (184.0910074852954,1)
[865]: (185.5959127081554,1)
[866]: (184.2536676043099,1)
[867]: (184.1186360020214,1)
[868]: (184.0564415741274,1)
[869]: (184.8491771122734,1)
[870]: (184.1122346309091,1)
[871]: (184.0958481499727,1)
[872]: (184.7134317535789,1)
[873]: (184.1620648575521,1)
[874]: (184.1268998837039,1)
[875]: (184.402987002765,1)
[876]: (184.2740563102322,1)
[877]: (184.4572101490306,1)
[878]: (185.9810450374211,1)
[879]: (184.7629278506415,1)
[880]: (184.3289283597454,1)
[881]: (184.1546018803306,1)
[882]: (184.3444834669335,1)
[883]: (184.6737425052609,1)
[884]: (184.7883904081912,1)
[885]: (184.3029379699116,1)
[886]: (184.9681459831571,1)
[887]: (184.4626900791442,1)
[888]: (184.0129328474925,1)
[889]: (184.1813019181868,1)
[890]: (184.467677339454,1)
[891]: (184.5933464071809,1)
[892]: (184.3945239085591,1)
[893]: (184.4569564281245,1)
[894]: (184.1984472679491,1)
[895]: (184.2128154917948,1)
[896]: (184.1312160621432,1)
[897]: (184.0711936662015,1)
[898]: (184.0341022142074,1)
[899]: (184.0099198393464,1)
[900]: (184.5649291172686,1)
[901]: (184.0978588975181,1)
[902]: (184.3818585619465,1)
[903]: (184.1102674800296,1)
[904]: (184.0000082927232,1)
[905]: (184.0644061379658,1)
[906]: (184.4901420001917,1)
[907]: (184.2624390741276,1)
[908]: (185.0849595753163,1)
[909]: (184.0379171953437,1)
[910]: (184.0844366515144,1)
[911]: (184.2276989729283,1)
[912]: (184.3187632848052,1)
[913]: (184.0745918469844,1)
[914]: (184.2467265180525,1)
[915]: (184.2973533310905,1)
[916]: (184.0692021737038,1)
[917]: (184.0353410518249,1)
[918]: (184.0482344746501,1)
[919]: (184.1929007761525,1)
[920]: (184.3946550696225,1)
[921]: (184.209396946259,1)
[922]: (184.0758485936511,1)
[923]: (184.4301749751497,1)
[924]: (184.0422745386876,1)
[925]: (184.0580042121474,1)
[926]: (184.059468702108,1)
[927]: (184.4871070161254,1)
[928]: (184.0403817448162,1)
[929]: (184.1010473617089,1)
[930]: (184.1494737526319,1)
[931]: (184.0842874983541,1)
[932]: (184.3914253232575,1)
[933]: (184.034477055635,1)
[934]: (184.1759515785664,1)
[935]: (184.0050044911083,1)
[936]: (184.3271980709563,1)
[937]: (184.0770550647906,1)
[938]: (185.2969283447954,1)
[939]: (184.2935368463564,1)
[940]: (184.4176391572506,1)
[941]: (184.3898224149852,1)
[942]: (184.6247930910323,1)
[943]: (184.0976196373333,1)
[944]: (184.2423003077881,1)
[945]: (184.1561754229892,1)
[946]: (184.1054701028222,1)
[947]: (184.2221170529064,1)
[948]: (185.079460611467,1)
[949]: (184.6537835767174,1)
[950]: (184.6698856248344,1)
[951]: (184.7557237245428,1)
[952]: (184.246443789715,1)
[953]: (184.3536655036008,1)
[954]: (184.4755462148577,1)
[955]: (184.1026986430753,1)
[956]: (184.3402302560789,1)
[957]: (184.135745559324,1)
[958]: (184.244110170536,1)
[959]: (184.4339492631044,1)
[960]: (184.8360617146825,1)
[961]: (184.4046767155265,1)
[962]: (184.148797546828,1)
[963]: (184.0545736509513,1)
[964]: (184.1753366169081,1)
[965]: (184.1768542238422,1)
[966]: (184.8973252971911,1)
[967]: (184.1471257151921,1)
[968]: (184.2481066466393,1)
[969]: (184.6793812284405,1)
[970]: (184.1567120634607,1)
[971]: (184.3691329379574,1)
[972]: (184.1443127027426,1)
[973]: (184.0921702942346,1)
[974]: (185.1312371615043,1)
[975]: (184.1343179563324,1)
[976]: (184.5546244047484,1)
[977]: (184.4585252041333,1)
[978]: (185.0727148476855,1)
[979]: (184.2435051881635,1)
[980]: (184.1607493547909,1)
[981]: (184.3034134923199,1)
[982]: (184.5489179835429,1)
[983]: (184.0646479985595,1)
[984]: (184.3225236278591,1)
[985]: (184.0457424073777,1)
[986]: (184.349941715955,1)
[987]: (184.1032139342294,1)
[988]: (184.0813355407942,1)
[989]: (184.3383259953785,1)
[990]: (184.4160915383391,1)
[991]: (184.2006150022557,1)
[992]: (184.1700160859712,1)
[993]: (185.0195682733228,1)
[994]: (184.1785989551239,1)
[995]: (185.6966772716159,1)
[996]: (185.2644251348939,1)
[997]: (184.2625544678978,1)
[998]: (184.0298644805865,1)
[999]: (184.1370834127108,1)
[1000]: (184.234388691721,1)
[1001]: (184.8333806344624,1)
[1002]: (184.2806547440255,1)
[1003]: (184.1599307551965,1)
[1004]: (184.5820700743605,1)
[1005]: (184.0720085918589,1)
[1006]: (184.3053983104145,1)
[1007]: (184.2198765888582,1)
[1008]: (185.1394393829526,1)
[1009]: (184.0071293648499,1)
[1010]: (184.2188013714839,1)
[1011]: (184.3465943579491,1)
[1012]: (184.2759457124865,1)
[1013]: (184.9512805334327,1)
[1014]: (184.630532386211,1)
[1015]: (184.0817839344716,1)
[1016]: (184.0918627385084,1)
[1017]: (184.6321384581641,1)
[1018]: (184.1797826817939,1)
[1019]: (185.874316489484,1)
[1020]: (184.0018214658969,1)
[1021]: (184.3165739223654,1)
[1022]: (184.0389722737008,1)
[1023]: (184.2821676035969,1)
[1024]: (184.251808303777,1)
[1025]: (184.1893273907142,1)
[1026]: (184.2547365123241,1)
[1027]: (184.06299225198,1)
[1028]: (184.0661365190977,1)
[1029]: (184.8116865031616,1)
[1030]: (184.421188147466,1)
[1031]: (184.024519497303,1)
[1032]: (184.957700176822,1)
[1033]: (184.8436772919922,1)
[1034]: (185.2385018339875,1)
[1035]: (184.0190747250031,1)
[1036]: (184.4914371286183,1)
[1037]: (184.876368883605,1)
[1038]: (184.1522708945821,1)
[1039]: (184.1545186041094,1)
[1040]: (185.1048842195315,1)
[1041]: (184.1808976747668,1)
[1042]: (184.0494241616643,1)
[1043]: (184.5256542429383,1)
[1044]: (184.2482041315171,1)
[1045]: (184.0797684073195,1)
[1046]: (185.404704431857,1)
[1047]: (184.1527762094678,1)
[1048]: (184.0419629779523,1)
[1049]: (184.4045663878686,1)
[1050]: (184.2072374979049,1)
[1051]: (184.062532395455,1)
[1052]: (184.1365843210531,1)
[1053]: (184.1077626152301,1)
[1054]: (184.1362351072453,1)
[1055]: (184.1763794576343,1)
[1056]: (184.1343024336843,1)
[1057]: (184.0095165122397,1)
[1058]: (184.0008879380354,1)
[1059]: (184.1527259216136,1)
[1060]: (184.0858479313614,1)
[1061]: (184.5960814737147,1)
[1062]: (184.7479036086486,1)
[1063]: (184.2638339546743,1)
[1064]: (185.5344075738336,1)
[1065]: (184.5949780412374,1)
[1066]: (184.1188308420444,1)
[1067]: (184.1813549328535,1)
[1068]: (184.3830376829847,1)
[1069]: (184.0843728613905,1)
[1070]: (184.2365539734782,1)
[1071]: (184.7301644015189,1)
[1072]: (184.3425204045327,1)
[1073]: (184.3090516140404,1)
[1074]: (184.0796575690358,1)
[1075]: (184.0172575795847,1)
[1076]: (184.0490122400207,1)
[1077]: (184.5298514899666,1)
[1078]: (184.492544230709,1)
[1079]: (184.2887298315837,1)
[1080]: (184.1068311483176,1)
[1081]: (184.215423567751,1)
[1082]: (184.07736480841,1)
[1083]: (184.129383403552,1)
[1084]: (184.1801670071971,1)
[1085]: (184.3290586223261,1)
[1086]: (184.046445630327,1)
[1087]: (184.0838238830299,1)
[1088]: (184.2302855080939,1)
[1089]: (184.8834290849284,1)
[1090]: (184.110146645522,1)
[1091]: (184.2159342875572,1)
[1092]: (184.8765904657356,1)
[1093]: (184.8490944624634,1)
[1094]: (184.1397305621535,1)
[1095]: (184.3714215334673,1)
[1096]: (184.5462760231986,1)
[1097]: (184.8829145967758,1)
[1098]: (185.4396924520449,1)
[1099]: (184.602220365278,1)
[1100]: (184.1121832043126,1)
[1101]: (184.1909395108281,1)
[1102]: (184.233549950402,1)
[1103]: (184.070928635827,1)
[1104]: (184.5201060353372,1)
[1105]: (184.065523398794,1)
[1106]: (184.2730119009313,1)
[1107]: (184.8681732596091,1)
[1108]: (184.3646902738336,1)
[1109]: (184.0230558942802,1)
[1110]: (184.1075252584652,1)
[1111]: (184.17105873387,1)
[1112]: (185.5565012493619,1)
[1113]: (184.239534914628,1)
[1114]: (184.1500014026397,1)
[1115]: (184.0974545129521,1)
[1116]: (184.2486621114389,1)
[1117]: (184.4263746795303,1)
[1118]: (184.0005345049897,1)
[1119]: (184.0319480442021,1)
[1120]: (184.4745860776515,1)
[1121]: (184.4468001095056,1)
[1122]: (184.2228261017943,1)
[1123]: (184.0442150388509,1)
[1124]: (184.0574851864328,1)
[1125]: (184.5524367592292,1)
[1126]: (184.0508346625732,1)
[1127]: (184.1189720359679,1)
[1128]: (184.1489112508344,1)
[1129]: (184.6971195501795,1)
[1130]: (184.1976179857691,1)
[1131]: (184.5505579969008,1)
[1132]: (184.0123789807148,1)
[1133]: (184.2980690702698,1)
[1134]: (184.3315366835834,1)
[1135]: (184.0071519079601,1)
[1136]: (184.0561507054126,1)
[1137]: (184.1329244829381,1)
[1138]: (184.5930790011961,1)
[1139]: (184.0520093208066,1)
[1140]: (184.4388845632657,1)
[1141]: (184.0232497987871,1)
[1142]: (184.326384157985,1)
[1143]: (184.0134085204884,1)
[1144]: (184.157411129507,1)
[1145]: (184.0968167154737,1)
[1146]: (184.1571142272374,1)
[1147]: (184.2964659547152,1)
[1148]: (184.3966786199299,1)
[1149]: (184.0573454159745,1)
[1150]: (184.1213499027616,1)
[1151]: (184.0651376735277,1)
[1152]: (184.5279034496928,1)
[1153]: (184.5441320667023,1)
[1154]: (184.0738040428222,1)
[1155]: (184.5937445887166,1)
[1156]: (184.0638277985649,1)
[1157]: (184.2178066389341,1)
[1158]: (184.0538809266343,1)
[1159]: (184.0467160247196,1)
[1160]: (184.3958341482875,1)
[1161]: (185.0282475700187,1)
[1162]: (184.1659544324429,1)
[1163]: (184.6088701544825,1)
[1164]: (184.1182819850654,1)
[1165]: (184.328229989104,1)
[1166]: (184.0474974845441,1)
[1167]: (184.1626959506826,1)
[1168]: (184.5688272656356,1)
[1169]: (184.1448505612913,1)
[1170]: (184.5568260464574,1)
[1171]: (184.0663685351373,1)
[1172]: (184.1541861412492,1)
[1173]: (184.030446401885,1)
[1174]: (184.1966709883399,1)
[1175]: (184.3833465674583,1)
[1176]: (184.3796528012012,1)
[1177]: (184.2702729357954,1)
[1178]: (184.1438498299349,1)
[1179]: (184.2676092839342,1)
[1180]: (184.1717006025796,1)
[1181]: (184.2467570013488,1)
[1182]: (184.0273173500906,1)
[1183]: (184.0112070970189,1)
[1184]: (184.3635291940272,1)
[1185]: (185.0722106542067,1)
[1186]: (184.4399343485444,1)
[1187]: (184.2354084113581,1)
[1188]: (184.3700534609662,1)
[1189]: (184.1652470980023,1)
[1190]: (184.3722268744802,1)
[1191]: (184.0232221778423,1)
[1192]: (184.0382139137145,1)
[1193]: (184.1830868332182,1)
[1194]: (184.6345346558759,1)
[1195]: (184.2240755026469,1)
[1196]: (184.2451526542583,1)
[1197]: (184.2333709911092,1)
[1198]: (184.0509980300251,1)
[1199]: (184.2069199068068,1)
[1200]: (184.6835335295821,1)
[1201]: (184.9023979935075,1)
[1202]: (184.3281682382767,1)
[1203]: (184.0905278076004,1)
[1204]: (184.4627825576929,1)
[1205]: (184.0547045120247,1)
[1206]: (184.0437942866251,1)
[1207]: (184.3586895111332,1)
[1208]: (185.0674798265917,1)
[1209]: (184.1669587610149,1)
[1210]: (184.0215278482699,1)
[1211]: (184.2834078943177,1)
[1212]: (184.3318357071983,1)
[1213]: (184.1625670104132,1)
[1214]: (184.0127926053324,1)
[1215]: (184.1622530375864,1)
[1216]: (184.0165337842985,1)
[1217]: (184.1222341569133,1)
[1218]: (184.6233268412307,1)
[1219]: (184.0585839817972,1)
[1220]: (184.2701775952323,1)
[1221]: (184.018609668857,1)
[1222]: (184.4224052079908,1)
[1223]: (184.4189299934303,1)
[1224]: (184.0772604954183,1)
[1225]: (184.0034375498506,1)
[1226]: (184.3354205566547,1)
[1227]: (184.1327770562457,1)
[1228]: (184.4298324467561,1)
[1229]: (184.1708886655863,1)
[1230]: (184.3288455027381,1)
[1231]: (184.9499604123196,1)
[1232]: (184.7051382549399,1)
[1233]: (184.2187267197558,1)
[1234]: (184.5529552502695,1)
[1235]: (184.7532916792665,1)
[1236]: (184.3107901934282,1)
[1237]: (184.1196905219101,1)
[1238]: (184.2123936778831,1)
[1239]: (184.9004384473068,1)
[1240]: (184.0246174226484,1)
[1241]: (185.0182161677207,1)
[1242]: (184.8261719006572,1)
[1243]: (184.5197017432188,1)
[1244]: (184.6227174179337,1)
[1245]: (184.049015302684,1)
[1246]: (184.1139292876536,1)
[1247]: (184.1690079839333,1)
[1248]: (184.1371035560536,1)
[1249]: (184.256440818474,1)
[1250]: (184.7518452366203,1)
[1251]: (184.9429178142546,1)
[1252]: (184.1280782823868,1)
[1253]: (184.1751459004028,1)
[1254]: (184.2992145196524,1)
[1255]: (184.1584828158782,1)
[1256]: (185.0954897611175,1)
[1257]: (184.2012678590312,1)
[1258]: (184.4749597685396,1)
[1259]: (184.3250141267211,1)
[1260]: (184.3073850218197,1)
[1261]: (184.2837246304649,1)
[1262]: (184.6213402614897,1)
[1263]: (184.0085660879393,1)
[1264]: (184.0279877532031,1)
[1265]: (184.0750138998742,1)
[1266]: (184.6453133972703,1)
[1267]: (184.9745043727447,1)
[1268]: (184.0910099174276,1)
[1269]: (184.2525134589717,1)
[1270]: (184.2104856548795,1)
[1271]: (184.6500827729102,1)
[1272]: (184.1329139963284,1)
[1273]: (184.4930984399788,1)
[1274]: (184.2886484905662,1)
[1275]: (184.3100348139887,1)
[1276]: (184.3683743167862,1)
[1277]: (184.0637158618142,1)
[1278]: (184.3684832787261,1)
[1279]: (184.302967817879,1)
[1280]: (184.9930668793679,1)
[1281]: (184.0116839361733,1)
[1282]: (184.0110549509583,1)
[1283]: (184.1960298154165,1)
[1284]: (185.1820782394516,1)
[1285]: (184.0197944149186,1)
[1286]: (184.280315055913,1)
[1287]: (184.1083784986931,1)
[1288]: (184.1692413368085,1)
[1289]: (184.117540518643,1)
[1290]: (184.4495393459453,1)
[1291]: (184.7327322112492,1)
[1292]: (184.1910352441329,1)
[1293]: (184.1404455960278,1)
[1294]: (184.1607980402371,1)
[1295]: (184.2972522400375,1)
[1296]: (184.653778645927,1)
[1297]: (185.5758718481477,1)
[1298]: (184.0071796165046,1)
[1299]: (185.0434088828843,1)
[1300]: (184.2025449211065,1)
[1301]: (184.2930252631893,1)
[1302]: (184.0865023446058,1)
[1303]: (184.1009822400635,1)
[1304]: (184.3639511674674,1)
[1305]: (184.1722915964318,1)
[1306]: (184.4092476867083,1)
[1307]: (185.465157462915,1)
[1308]: (184.183221769924,1)
[1309]: (184.1933285188582,1)
[1310]: (184.1614244264281,1)
[1311]: (184.1473730235849,1)
[1312]: (184.5694232621992,1)
[1313]: (184.192745792738,1)
[1314]: (184.8062144881643,1)
[1315]: (184.2095739131586,1)
[1316]: (184.4393334969844,1)
[1317]: (184.316752314094,1)
[1318]: (184.224419268606,1)
[1319]: (185.3213873431323,1)
[1320]: (184.3299456471047,1)
[1321]: (184.3282052690017,1)
[1322]: (184.0160149956223,1)
[1323]: (184.0492041067035,1)
[1324]: (184.0705586819984,1)
[1325]: (184.4534371295408,1)
[1326]: (184.2902411356189,1)
[1327]: (184.1111069091497,1)
[1328]: (184.0181145161294,1)
[1329]: (184.7635483322249,1)
[1330]: (184.2314722698248,1)
[1331]: (184.7973824090724,1)
[1332]: (184.2671967659673,1)
[1333]: (185.012406821487,1)
[1334]: (184.0547866030779,1)
[1335]: (184.0571954666511,1)
[1336]: (184.1365769425754,1)
[1337]: (185.039113841213,1)
[1338]: (184.2749618935571,1)
[1339]: (184.2022917749438,1)
[1340]: (184.091426620348,1)
[1341]: (184.2928249900277,1)
[1342]: (184.0807542356784,1)
[1343]: (184.0923926738125,1)
[1344]: (184.2376308978766,1)
[1345]: (184.434609504465,1)
[1346]: (184.1557969814048,1)
[1347]: (184.4022053727466,1)
[1348]: (184.4684505289571,1)
[1349]: (184.0418175377634,1)
[1350]: (184.595356048152,1)
[1351]: (184.2686865539885,1)
[1352]: (184.6761349826801,1)
[1353]: (184.0987354167127,1)
[1354]: (184.2473931915459,1)
[1355]: (184.0588409588696,1)
[1356]: (184.0500833729731,1)
[1357]: (184.8380643330897,1)
[1358]: (184.4618216680717,1)
[1359]: (184.2059394300484,1)
[1360]: (184.5046901966027,1)
[1361]: (184.0255367093461,1)
[1362]: (184.2437635380932,1)
[1363]: (184.3525330585913,1)
[1364]: (184.4345892910833,1)
[1365]: (184.2885603971594,1)
[1366]: (184.6957753154442,1)
[1367]: (184.0532147689418,1)
[1368]: (185.1332900967018,1)
[1369]: (184.1686196308681,1)
[1370]: (184.5644273986876,1)
[1371]: (184.850713569032,1)
[1372]: (184.0137082301192,1)
[1373]: (184.0984648100782,1)
[1374]: (184.800673709337,1)
[1375]: (184.4378201932892,1)
[1376]: (184.0398784378849,1)
[1377]: (184.6139454153274,1)
[1378]: (186.0392713491566,1)
[1379]: (184.4331359822912,1)
[1380]: (184.0238803470289,1)
[1381]: (184.0780029813157,1)
[1382]: (184.4158445072584,1)
[1383]: (184.2280177801912,1)
[1384]: (184.6172163301012,1)
[1385]: (184.0299994333859,1)
[1386]: (184.8375593260608,1)
[1387]: (184.129485513421,1)
[1388]: (184.1206454392504,1)
[1389]: (184.4469249763502,1)
[1390]: (184.8660204585696,1)
[1391]: (184.127785038655,1)
[1392]: (185.8929434066113,1)
[1393]: (184.1310641137367,1)
[1394]: (184.0111697796874,1)
[1395]: (184.1189395740332,1)
[1396]: (184.3687648006843,1)
[1397]: (184.4155665145773,1)
[1398]: (184.1561638338123,1)
[1399]: (184.0378758923743,1)
[1400]: (184.1965276462527,1)
[1401]: (184.1172972989834,1)
[1402]: (184.026448678998,1)
[1403]: (184.3056670765481,1)
[1404]: (184.4016494109977,1)
[1405]: (184.0789148455001,1)
[1406]: (184.1770076251441,1)
[1407]: (184.0833330295756,1)
[1408]: (184.3944022384013,1)
[1409]: (184.3992383617036,1)
[1410]: (184.214220967948,1)
[1411]: (184.0924801367766,1)
[1412]: (184.6689253625583,1)
[1413]: (184.4033497513096,1)
[1414]: (184.2478033650804,1)
[1415]: (184.2965777166443,1)
[1416]: (184.0763856255293,1)
[1417]: (184.2033431319261,1)
[1418]: (185.0371451578841,1)
[1419]: (185.8034705502394,1)
[1420]: (185.3054217266994,1)
[1421]: (184.1117266461866,1)
[1422]: (184.244268198963,1)
[1423]: (184.3620162246413,1)
[1424]: (184.0908593360142,1)
[1425]: (184.4040951594149,1)
[1426]: (184.3295797416276,1)
[1427]: (184.2826975186356,1)
[1428]: (184.0812350743568,1)
[1429]: (185.0286233609831,1)
[1430]: (184.0388720409557,1)
[1431]: (184.1777414785211,1)
[1432]: (184.0752110870581,1)
[1433]: (184.193290125938,1)
[1434]: (184.7101285060951,1)
[1435]: (184.0585377071754,1)
[1436]: (184.1469124305117,1)
[1437]: (184.4749263971037,1)
[1438]: (184.1345752402448,1)
[1439]: (184.2376936831782,1)
[1440]: (184.1900864552123,1)
[1441]: (184.6920769769665,1)
[1442]: (185.1216958687761,1)
[1443]: (184.093379543462,1)
[1444]: (184.0994922317992,1)
[1445]: (184.1521271439184,1)
[1446]: (185.159688584347,1)
[1447]: (184.0871354519055,1)
[1448]: (184.1576310071374,1)
[1449]: (184.3133394987612,1)
[1450]: (184.0259565358512,1)
[1451]: (184.6086024580181,1)
[1452]: (184.3166765756079,1)
[1453]: (185.011930128893,1)
[1454]: (184.1407537373585,1)
[1455]: (184.0249346599051,1)
[1456]: (184.9079729346345,1)
[1457]: (184.1283984791174,1)
[1458]: (184.9488091345555,1)
[1459]: (184.0980247884746,1)
[1460]: (184.0419525782621,1)
[1461]: (184.1733893855785,1)
[1462]: (184.4139036117252,1)
[1463]: (184.4397606429828,1)
[1464]: (184.3328940099729,1)
[1465]: (184.0958730664934,1)
[1466]: (184.4608310088774,1)
[1467]: (185.0954470641127,1)
[1468]: (184.3102384823612,1)
[1469]: (184.3399248349148,1)
[1470]: (184.0954489405674,1)
[1471]: (184.017059381875,1)
[1472]: (184.1781426108754,1)
[1473]: (184.1881041837956,1)
[1474]: (184.2367063591945,1)
[1475]: (184.3403624986244,1)
[1476]: (184.4029240993793,1)
[1477]: (184.5468282099287,1)
[1478]: (184.763562087968,1)
[1479]: (184.0987625058923,1)
[1480]: (184.4203379207325,1)
[1481]: (184.0058829971677,1)
[1482]: (184.8099481732066,1)
[1483]: (184.5105358809608,1)
[1484]: (184.1831910119851,1)
[1485]: (184.0350035890759,1)
[1486]: (184.0567024249389,1)
[1487]: (184.1306767945103,1)
[1488]: (185.212982769392,1)
[1489]: (184.3307578457974,1)
[1490]: (184.0341747587912,1)
[1491]: (184.5962258687799,1)
[1492]: (184.0224088327929,1)
[1493]: (184.0349657083646,1)
[1494]: (184.2135663461181,1)
[1495]: (184.0402510254497,1)
[1496]: (184.0294987649732,1)
[1497]: (184.0365375036562,1)
[1498]: (184.2004955503743,1)
[1499]: (184.5349068927497,1)
[1500]: (184.0618219850186,1)
[1501]: (184.412185308729,1)
[1502]: (184.3213325591107,1)
[1503]: (184.0306364237604,1)
[1504]: (184.1632258814583,1)
[1505]: (184.0642986882093,1)
[1506]: (186.7057278941685,1)
[1507]: (184.1956835636678,1)
[1508]: (184.0948796175634,1)
[1509]: (184.303081786584,1)
[1510]: (184.3223910910251,1)
[1511]: (184.1122905302135,1)
[1512]: (184.1766322092979,1)
[1513]: (184.6348269237955,1)
[1514]: (184.2505898830348,1)
[1515]: (184.0109410775857,1)
[1516]: (184.7097445248381,1)
[1517]: (185.132879440528,1)
[1518]: (184.7917066987277,1)
[1519]: (184.1482902573906,1)
[1520]: (184.772557815838,1)
[1521]: (184.9350070591427,1)
[1522]: (184.1108798500053,1)
[1523]: (184.0078639089357,1)
[1524]: (184.2924696134341,1)
[1525]: (184.1980958459333,1)
[1526]: (185.1409492294409,1)
[1527]: (184.7301902776478,1)
[1528]: (184.4530665030632,1)
[1529]: (184.1818893094358,1)
[1530]: (184.5117399931339,1)
[1531]: (184.1229479881658,1)
[1532]: (184.3874174786918,1)
[1533]: (184.1910887100414,1)
[1534]: (184.027096252632,1)
[1535]: (184.0289088702215,1)
[1536]: (184.1729227752252,1)
[1537]: (184.1253872759293,1)
[1538]: (184.0446353454367,1)
[1539]: (184.2738473270039,1)
[1540]: (184.4540156204913,1)
[1541]: (184.2100688834518,1)
[1542]: (184.1738287289299,1)
[1543]: (184.0690818578856,1)
[1544]: (184.1274419202734,1)
[1545]: (184.0186719790702,1)
[1546]: (184.5869764497227,1)
[1547]: (184.6890772397801,1)
[1548]: (184.8569052879594,1)
[1549]: (184.4642291961735,1)
[1550]: (184.1495513683025,1)
[1551]: (184.1048395694017,1)
[1552]: (184.3434912426094,1)
[1553]: (184.6605554453119,1)
[1554]: (184.1642540228261,1)
[1555]: (184.1630217766184,1)
[1556]: (184.0138025281096,1)
[1557]: (184.1880856552241,1)
[1558]: (184.7620570080104,1)
[1559]: (184.1268750619966,1)
[1560]: (184.2338751989053,1)
[1561]: (184.3660051746024,1)
[1562]: (184.4515572309994,1)
[1563]: (184.1045759678242,1)
[1564]: (184.0304707494174,1)
[1565]: (184.0362183789736,1)
[1566]: (184.0931243636771,1)
[1567]: (184.4268678338422,1)
[1568]: (184.1101441852053,1)
[1569]: (184.6215467129211,1)
[1570]: (184.116602657185,1)
[1571]: (184.0379002958752,1)
[1572]: (184.9312384824788,1)
[1573]: (185.2477864115842,1)
[1574]: (184.1832816925573,1)
[1575]: (184.0405392916153,1)
[1576]: (184.045497227718,1)
[1577]: (184.1061396312172,1)
[1578]: (184.1254416859754,1)
[1579]: (184.1202840946169,1)
[1580]: (184.8076263584025,1)
[1581]: (184.0724508367955,1)
[1582]: (184.0984768333731,1)
[1583]: (184.2857175194698,1)
[1584]: (184.0859870277595,1)
[1585]: (184.5351301052477,1)
[1586]: (184.0880678539247,1)
[1587]: (184.0086162498123,1)
[1588]: (184.4339886947145,1)
[1589]: (184.0140215597338,1)
[1590]: (184.0170686775257,1)
[1591]: (184.4381812819799,1)
[1592]: (184.3405320207134,1)
[1593]: (184.0440401758283,1)
[1594]: (184.4173559993019,1)
[1595]: (184.0216425220611,1)
[1596]: (184.1726044700534,1)
[1597]: (184.382652935732,1)
[1598]: (184.1337724040526,1)
[1599]: (184.1109347153028,1)
[1600]: (184.0026133809857,1)
[1601]: (184.9233900151381,1)
[1602]: (184.3296827344056,1)
[1603]: (184.4507449177961,1)
[1604]: (184.0229013645177,1)
[1605]: (184.1304970342698,1)
[1606]: (184.2988386711222,1)
[1607]: (184.0156485654034,1)
[1608]: (184.0334858458013,1)
[1609]: (184.3353162748011,1)
[1610]: (185.0518083296973,1)
[1611]: (184.1391887317986,1)
[1612]: (184.751765048482,1)
[1613]: (185.669697459747,1)
[1614]: (184.100608043741,1)
[1615]: (184.1214919907632,1)
[1616]: (184.1150162120969,1)
[1617]: (184.8988231192993,1)
[1618]: (184.1287811496285,1)
[1619]: (184.1664601671926,1)
[1620]: (184.0907328830185,1)
[1621]: (184.2701452310429,1)
[1622]: (184.0896802277735,1)
[1623]: (184.9217042055068,1)
[1624]: (184.0400435763598,1)
[1625]: (184.0279182149466,1)
[1626]: (184.6511499503665,1)
[1627]: (184.3330902033446,1)
[1628]: (184.6114621898277,1)
[1629]: (184.0835350905294,1)
[1630]: (184.2819653014903,1)
[1631]: (184.2624994086857,1)
[1632]: (184.3936421982084,1)
[1633]: (184.0968630454489,1)
[1634]: (184.5093944432239,1)
[1635]: (184.2869984650831,1)
[1636]: (184.1165111498026,1)
[1637]: (184.0615901713279,1)
[1638]: (184.5058009607633,1)
[1639]: (184.784353125037,1)
[1640]: (184.8514025598399,1)
[1641]: (184.2376365189406,1)
[1642]: (184.3268877543263,1)
[1643]: (184.6999492813092,1)
[1644]: (184.2281630663648,1)
[1645]: (184.1804732202793,1)
[1646]: (184.1815689606259,1)
[1647]: (184.1613430855572,1)
[1648]: (184.1149553510887,1)
[1649]: (184.0805931411788,1)
[1650]: (184.747113749189,1)
[1651]: (184.9320651491812,1)
[1652]: (184.2086375920179,1)
[1653]: (184.1110864247635,1)
[1654]: (184.5783489567457,1)
[1655]: (184.067379267483,1)
[1656]: (184.9750586826942,1)
[1657]: (184.1268250918734,1)
[1658]: (184.2428600253661,1)
[1659]: (184.3601691821542,1)
[1660]: (184.1021513657735,1)
[1661]: (185.051637279296,1)
[1662]: (184.0959097416449,1)
[1663]: (184.0077338233804,1)
[1664]: (184.2806787264322,1)
[1665]: (184.3133096580435,1)
[1666]: (184.211934592477,1)
[1667]: (184.071980737993,1)
[1668]: (184.0752098959285,1)
[1669]: (184.1309814973269,1)
[1670]: (184.3788877123748,1)
[1671]: (184.0711493741768,1)
[1672]: (184.4987548779361,1)
[1673]: (184.1618716404951,1)
[1674]: (184.5724944209985,1)
[1675]: (184.291279198074,1)
[1676]: (184.3560629898437,1)
[1677]: (184.0465442560546,1)
[1678]: (184.1959276204811,1)
[1679]: (184.0258433407676,1)
[1680]: (184.2694562703761,1)
[1681]: (184.2828631903983,1)
[1682]: (184.0494834118918,1)
[1683]: (184.7071715406876,1)
[1684]: (184.3490021411319,1)
[1685]: (184.0553343623952,1)
[1686]: (184.0892638750394,1)
[1687]: (184.6388195499607,1)
[1688]: (184.271292037216,1)
[1689]: (184.1689467046845,1)
[1690]: (184.3584675714282,1)
[1691]: (184.2457986778914,1)
[1692]: (184.8611044590833,1)
[1693]: (184.8105875816433,1)
[1694]: (184.0209856955899,1)
[1695]: (184.6786268473533,1)
[1696]: (184.0014932308923,1)
[1697]: (184.4317593907361,1)
[1698]: (184.4006510465373,1)
[1699]: (184.0282428527513,1)
[1700]: (184.4035727373756,1)
[1701]: (184.0178017534388,1)
[1702]: (184.2893192918111,1)
[1703]: (184.1891751854476,1)
[1704]: (184.3822875185858,1)
[1705]: (184.2978325933659,1)
[1706]: (184.4127076344078,1)
[1707]: (184.1717431367652,1)
[1708]: (184.1040003627798,1)
[1709]: (185.050610470199,1)
[1710]: (184.0861154779906,1)
[1711]: (184.3114146912496,1)
[1712]: (184.0706179905989,1)
[1713]: (184.3198764970123,1)
[1714]: (185.1818441851603,1)
[1715]: (184.6020934495973,1)
[1716]: (184.1297887120996,1)
[1717]: (184.967289498389,1)
[1718]: (184.049662924797,1)
[1719]: (184.2384053151391,1)
[1720]: (184.4668842947784,1)
[1721]: (184.456252036046,1)
[1722]: (184.4779240678234,1)
[1723]: (184.1804609489616,1)
[1724]: (184.1133838157013,1)
[1725]: (184.7202039276077,1)
[1726]: (184.1527571549462,1)
[1727]: (184.3728047831044,1)
[1728]: (184.0065285763125,1)
[1729]: (184.027670086772,1)
[1730]: (184.1464901250545,1)
[1731]: (185.0264848012103,1)
[1732]: (184.5858368684047,1)
[1733]: (184.343298752615,1)
[1734]: (184.1667352484398,1)
[1735]: (184.123812034499,1)
[1736]: (184.0433035327761,1)
[1737]: (184.3977280990251,1)
[1738]: (184.0153055628377,1)
[1739]: (184.5696202874889,1)
[1740]: (184.2384599425477,1)
[1741]: (184.5743018811952,1)
[1742]: (184.1847021015264,1)
[1743]: (184.0808846048313,1)
[1744]: (184.0380347762224,1)
[1745]: (184.8466294137527,1)
[1746]: (184.7096874015704,1)
[1747]: (184.1994740976926,1)
[1748]: (184.7266555087764,1)
[1749]: (185.4978267836706,1)
[1750]: (184.4999456453548,1)
[1751]: (184.1578133622105,1)
[1752]: (184.2667644877786,1)
[1753]: (184.0601711237081,1)
[1754]: (184.1222202833828,1)
[1755]: (184.3179037938705,1)
[1756]: (185.1034207349107,1)
[1757]: (184.0923364895052,1)
[1758]: (184.7887834557202,1)
[1759]: (184.0832615480525,1)
[1760]: (184.0920729693206,1)
[1761]: (184.0406310029902,1)
[1762]: (184.5324199194168,1)
[1763]: (184.7725728881773,1)
[1764]: (184.0802764988431,1)
[1765]: (184.3397049385952,1)
[1766]: (184.837641920032,1)
[1767]: (184.0852812642321,1)
[1768]: (184.9398097871412,1)
[1769]: (184.1680938592833,1)
[1770]: (184.0709894528656,1)
[1771]: (184.032123290707,1)
[1772]: (184.142913628764,1)
[1773]: (184.220086389367,1)
[1774]: (184.0058198876485,1)
[1775]: (184.4325872773823,1)
[1776]: (184.4572007296751,1)
[1777]: (184.8443065484446,1)
[1778]: (184.5346398181523,1)
[1779]: (184.0276223092482,1)
[1780]: (184.0482590929672,1)
[1781]: (184.2753729855414,1)
[1782]: (184.6595758050049,1)
[1783]: (184.5270289470965,1)
[1784]: (184.1204423398778,1)
[1785]: (184.0791423908391,1)
[1786]: (184.3098476462186,1)
[1787]: (185.4535106455905,1)
[1788]: (184.7642104164261,1)
[1789]: (185.3110016965746,1)
[1790]: (184.3420957369243,1)
[1791]: (184.3401514634095,1)
[1792]: (184.6646266422005,1)
[1793]: (184.0967504089616,1)
[1794]: (184.0126014158558,1)
[1795]: (184.9147146489196,1)
[1796]: (184.1055336195735,1)
[1797]: (184.5615584477673,1)
[1798]: (184.1591333093537,1)
[1799]: (184.1607153920401,1)
[1800]: (184.5686878715551,1)
[1801]: (184.3245117844227,1)
[1802]: (184.1068109123145,1)
[1803]: (184.5183338858537,1)
[1804]: (184.022126922003,1)
[1805]: (184.8693417391129,1)
[1806]: (184.1264175167845,1)
[1807]: (184.2047617202894,1)
[1808]: (184.3895728371678,1)
[1809]: (184.6444675641304,1)
[1810]: (184.1234457824297,1)
[1811]: (184.2430551099843,1)
[1812]: (184.1366537928355,1)
[1813]: (184.0586029932586,1)
[1814]: (184.115674274657,1)
[1815]: (184.1035788256025,1)
[1816]: (184.0140141301675,1)
[1817]: (184.5072023131667,1)
[1818]: (184.9919107131265,1)
[1819]: (184.1315269370387,1)
[1820]: (184.4152989207238,1)
[1821]: (184.3333655466479,1)
[1822]: (184.0165440003368,1)
[1823]: (184.4185142874968,1)
[1824]: (184.2138387503775,1)
[1825]: (184.4325760386986,1)
[1826]: (184.0477757865384,1)
[1827]: (184.0548424976193,1)
[1828]: (184.8673316483815,1)
[1829]: (184.5208406213124,1)
[1830]: (184.1576837965124,1)
[1831]: (184.6948817514242,1)
[1832]: (184.0991773592519,1)
[1833]: (184.0470833370044,1)
[1834]: (184.1513670762545,1)
[1835]: (184.0647150682194,1)
[1836]: (184.4930634944189,1)
[1837]: (184.3711134749675,1)
[1838]: (184.4873718998479,1)
[1839]: (184.4135153155307,1)
[1840]: (184.0014659912849,1)
[1841]: (184.1210814831611,1)
[1842]: (184.0812757467342,1)
[1843]: (184.3343328910916,1)
[1844]: (184.0202986021177,1)
[1845]: (184.5102187552936,1)
[1846]: (184.6856918632111,1)
[1847]: (184.6031631689958,1)
[1848]: (184.0624467346986,1)
[1849]: (184.0156007974194,1)
[1850]: (184.7188676835672,1)
[1851]: (184.5367952229305,1)
[1852]: (184.5628748307232,1)
[1853]: (184.0690983941765,1)
[1854]: (184.2284550717661,1)
[1855]: (184.5601070979384,1)
[1856]: (184.0155185554191,1)
[1857]: (184.1415402008156,1)
[1858]: (184.3542374135082,1)
[1859]: (184.6765014709217,1)
[1860]: (184.3002835933943,1)
[1861]: (184.2847521898575,1)
[1862]: (184.5230119564407,1)
[1863]: (184.1396193630231,1)
[1864]: (184.2730112874075,1)
[1865]: (184.8949437509502,1)
[1866]: (184.3146413101984,1)
[1867]: (184.2786948623898,1)
[1868]: (184.0001450114393,1)
[1869]: (184.6639367002709,1)
[1870]: (184.91295464325,1)
[1871]: (184.1937322614164,1)
[1872]: (184.0625017858872,1)
[1873]: (184.4522188999225,1)
[1874]: (184.0624236659531,1)
[1875]: (184.07571151428,1)
[1876]: (184.0290475825902,1)
[1877]: (184.092295896741,1)
[1878]: (184.3148049005707,1)
[1879]: (184.6539954894984,1)
[1880]: (184.3446193849939,1)
[1881]: (184.4260412810185,1)
[1882]: (184.3741172271635,1)
[1883]: (184.1456766416152,1)
[1884]: (184.3074911218376,1)
[1885]: (184.5100649210914,1)
[1886]: (184.3457687176273,1)
[1887]: (184.3677476659683,1)
[1888]: (184.0251228000436,1)
[1889]: (184.1634197573931,1)
[1890]: (185.7577167692258,1)
[1891]: (184.2826943140565,1)
[1892]: (184.3391211929031,1)
[1893]: (184.0235642475639,1)
[1894]: (184.1243344420527,1)
[1895]: (184.3171738202475,1)
[1896]: (184.0907002911903,1)
[1897]: (184.0729079631558,1)
[1898]: (184.5767074926434,1)
[1899]: (184.094588994169,1)
[1900]: (184.0707182304968,1)
[1901]: (184.3679067512115,1)
[1902]: (184.5189449354994,1)
[1903]: (184.5881509727092,1)
[1904]: (184.198743097429,1)
[1905]: (184.0416782088891,1)
[1906]: (184.6226145285555,1)
[1907]: (184.1203451312938,1)
[1908]: (184.6070935609926,1)
[1909]: (184.6558689973671,1)
[1910]: (185.6529536291245,1)
[1911]: (184.4883508900126,1)
[1912]: (185.0339828915899,1)
[1913]: (184.2964820114532,1)
[1914]: (184.2241384201469,1)
[1915]: (184.6423894650259,1)
[1916]: (184.1663513831608,1)
[1917]: (184.1114906571235,1)
[1918]: (184.8608934729361,1)
[1919]: (184.300913043693,1)
[1920]: (184.9771694707689,1)
[1921]: (184.3843928691209,1)
[1922]: (184.0965491870015,1)
[1923]: (184.0578101407051,1)
[1924]: (184.8942330156376,1)
[1925]: (184.1376068961751,1)
[1926]: (184.6731677748242,1)
[1927]: (185.1985553103566,1)
[1928]: (184.1482033079446,1)
[1929]: (184.6238242361941,1)
[1930]: (184.3730254362818,1)
[1931]: (184.658630089962,1)
[1932]: (184.219277032598,1)
[1933]: (184.4260957489012,1)
[1934]: (184.017982212552,1)
[1935]: (184.0844490979662,1)
[1936]: (184.1391571006888,1)
[1937]: (184.2875724210889,1)
[1938]: (184.18576176195,1)
[1939]: (184.5195702515537,1)
[1940]: (184.0305519602891,1)
[1941]: (184.0569319948231,1)
[1942]: (184.5092655738965,1)
[1943]: (184.4114248613161,1)
[1944]: (184.0956727335079,1)
[1945]: (184.2735645157472,1)
[1946]: (184.0339542998157,1)
[1947]: (184.1097673895832,1)
[1948]: (184.0500563367536,1)
[1949]: (184.5854858425853,1)
[1950]: (184.1568135602513,1)
[1951]: (184.7635694234411,1)
[1952]: (184.189556858841,1)
[1953]: (184.4007327337501,1)
[1954]: (184.0801982975966,1)
[1955]: (184.0348186464334,1)
[1956]: (184.1674064251903,1)
[1957]: (184.6299384888927,1)
[1958]: (184.3683178269166,1)
[1959]: (184.4000381620841,1)
[1960]: (184.4444250823941,1)
[1961]: (184.045475077323,1)
[1962]: (184.0559870516111,1)
[1963]: (184.1194918628386,1)
[1964]: (184.9749531377554,1)
[1965]: (184.2836505303064,1)
[1966]: (184.9041573690893,1)
[1967]: (184.1900660059358,1)
[1968]: (184.3710730659894,1)
[1969]: (184.5690584820026,1)
[1970]: (184.0378867146051,1)
[1971]: (184.0444105675406,1)
[1972]: (184.6356025316302,1)
[1973]: (184.1074847727428,1)
[1974]: (184.9344342043137,1)
[1975]: (184.0007698988912,1)
[1976]: (184.4402620912924,1)
[1977]: (184.098618193618,1)
[1978]: (184.1821294459815,1)
[1979]: (184.326257331903,1)
[1980]: (184.1253578897769,1)
[1981]: (184.0553992773369,1)
[1982]: (184.2317956648154,1)
[1983]: (184.0107358157302,1)
[1984]: (185.1286628192921,1)
[1985]: (184.1617132365407,1)
[1986]: (184.2045705787423,1)
[1987]: (184.0982403477032,1)
[1988]: (184.218292283987,1)
[1989]: (184.9818969540185,1)
[1990]: (184.1612934747326,1)
[1991]: (184.3719731267358,1)
[1992]: (184.7180718653942,1)
[1993]: (184.0766648342563,1)
[1994]: (184.5920660425403,1)
[1995]: (184.0497477494247,1)
[1996]: (184.5656437586298,1)
[1997]: (184.0710468769164,1)
[1998]: (184.0663433245631,1)
[1999]: (184.2175868637724,1)
 -- States explored : 0 states
 -- CPU user time used : 20420 ms
 -- Virtual memory used : 52120 KiB
 -- Resident memory used : 13448 KiB
executionTime: 117
