core file size          (blocks, -c) unlimited
data seg size           (kbytes, -d) unlimited
scheduling priority             (-e) 0
file size               (blocks, -f) unlimited
pending signals                 (-i) 4077086
max locked memory       (kbytes, -l) 64
max memory size         (kbytes, -m) 32505856
open files                      (-n) 4096
pipe size            (512 bytes, -p) 8
POSIX message queues     (bytes, -q) 819200
real-time priority              (-r) 0
stack size              (kbytes, -s) 8192
cpu time               (seconds, -t) unlimited
max user processes              (-u) 4077086
virtual memory          (kbytes, -v) 31000000
file locks                      (-x) unlimited
Options for the verification:
  Generating some trace
  Search order is random depth first
  Using conservative space optimisation
  Seed is 1556896712
  State space representation uses minimal constraint systems
  Using HashMap + Compress integers for discrete state storage

Verifying formula 1 at ../queries/SN_50_144_16.q:1
 -- Formula is satisfied.
(9000 runs)
Learning statistics for best strategy: 
	Number of resets: 1
	Number of iterations in last reset: 13
	Number of iterations in total: 24

 -- States explored : 0 states
 -- CPU user time used : 76180 ms
 -- Virtual memory used : 192932 KiB
 -- Resident memory used : 154596 KiB

Verifying formula 2 at ../queries/SN_50_144_16.q:3
 -- Formula is satisfied.
Composer.Done:
[0]: (0,0) (93.14554705697462,1)
[1]: (93.18288933177307,1)
[2]: (93.30785628205291,1)
[3]: (93.23010035513101,1)
[4]: (93.57270942493378,1)
[5]: (93.1906552604902,1)
[6]: (93.30536348431691,1)
[7]: (93.67271366091019,1)
[8]: (93.56081106955195,1)
[9]: (93.34677460781282,1)
[10]: (93.62206413962356,1)
[11]: (93.38251256091006,1)
[12]: (93.12037969892194,1)
[13]: (93.75762191241817,1)
[14]: (93.19348364741992,1)
[15]: (93.34017781491301,1)
[16]: (93.15671759575011,1)
[17]: (93.31784096336276,1)
[18]: (93.8967657549041,1)
[19]: (93.12370984853563,1)
[20]: (93.12495371361342,1)
[21]: (93.05006582960769,1)
[22]: (93.22041150649559,1)
[23]: (93.0529701244176,1)
[24]: (93.24843226185865,1)
[25]: (93.42661331587736,1)
[26]: (93.34861057525504,1)
[27]: (93.18154153822198,1)
[28]: (93.4788138303215,1)
[29]: (93.00921538022128,1)
[30]: (93.10041963307623,1)
[31]: (93.00034499082001,1)
[32]: (93.51586320109148,1)
[33]: (93.03013213051395,1)
[34]: (93.02070116644991,1)
[35]: (93.13833857646515,1)
[36]: (93.04571497889987,1)
[37]: (93.40838349223175,1)
[38]: (93.70701581817293,1)
[39]: (93.01382856686591,1)
[40]: (94.28480911027283,1)
[41]: (93.0852845823654,1)
[42]: (93.09307451622519,1)
[43]: (93.36206300912212,1)
[44]: (93.21753464989079,1)
[45]: (93.31848510899046,1)
[46]: (93.28730044651192,1)
[47]: (93.07434680491824,1)
[48]: (93.13272051120497,1)
[49]: (93.07433586861572,1)
[50]: (93.63975435792612,1)
[51]: (93.15439749146974,1)
[52]: (93.60797040922094,1)
[53]: (93.14459695765392,1)
[54]: (93.30393781351137,1)
[55]: (93.1725210760715,1)
[56]: (93.01153197567511,1)
[57]: (93.07956445688997,1)
[58]: (93.12063452983001,1)
[59]: (93.56577021313477,1)
[60]: (93.19281560019799,1)
[61]: (93.79789006745871,1)
[62]: (93.23409195292712,1)
[63]: (93.68839704496132,1)
[64]: (93.52876994126781,1)
[65]: (93.33885918149538,1)
[66]: (93.0706987682188,1)
[67]: (94.63049080177809,1)
[68]: (93.24722822334569,1)
[69]: (93.39504299251763,1)
[70]: (93.58871400959335,1)
[71]: (93.00418217637741,1)
[72]: (93.30443588051567,1)
[73]: (93.26449990187319,1)
[74]: (93.6232242351,1)
[75]: (93.47963648955574,1)
[76]: (93.53517477704628,1)
[77]: (93.14211698086977,1)
[78]: (93.22302494574178,1)
[79]: (94.53962920836605,1)
[80]: (93.3205874550352,1)
[81]: (93.43681434435339,1)
[82]: (93.04377883780326,1)
[83]: (93.00018537050339,1)
[84]: (93.06699312782236,1)
[85]: (93.08424961955858,1)
[86]: (93.09990099506062,1)
[87]: (93.58449106517611,1)
[88]: (93.33702583048631,1)
[89]: (93.03693179328138,1)
[90]: (93.3651921063791,1)
[91]: (93.02704221157263,1)
[92]: (93.2209140333396,1)
[93]: (93.77182782084191,1)
[94]: (93.05762065823697,1)
[95]: (93.15320477835022,1)
[96]: (93.77966407453046,1)
[97]: (93.01607427593956,1)
[98]: (93.35536739677296,1)
[99]: (93.33783969565997,1)
[100]: (93.13265369043903,1)
[101]: (93.03510815827886,1)
[102]: (93.6681723705253,1)
[103]: (93.19064581023359,1)
[104]: (93.20876268786306,1)
[105]: (93.17455525568596,1)
[106]: (93.39219668215677,1)
[107]: (93.12510084677275,1)
[108]: (93.06353378288074,1)
[109]: (93.24340284130226,1)
[110]: (93.41123308261623,1)
[111]: (93.57822047740422,1)
[112]: (93.15111012341086,1)
[113]: (93.35877844031263,1)
[114]: (93.07094367116886,1)
[115]: (93.24914857277246,1)
[116]: (93.13120556146465,1)
[117]: (93.00776369126157,1)
[118]: (93.16576602518495,1)
[119]: (94.10577596169867,1)
[120]: (93.29610636324352,1)
[121]: (93.78321032488829,1)
[122]: (93.26567395824067,1)
[123]: (93.10313954388621,1)
[124]: (93.78056727748512,1)
[125]: (93.33364195942434,1)
[126]: (93.72755507471159,1)
[127]: (93.19055529777256,1)
[128]: (93.53289234014872,1)
[129]: (93.16873182361579,1)
[130]: (93.09940575360034,1)
[131]: (93.13774990064113,1)
[132]: (93.32998621911584,1)
[133]: (93.76147480563525,1)
[134]: (93.62105099800299,1)
[135]: (93.27289032028608,1)
[136]: (93.53968736700321,1)
[137]: (93.21314611166065,1)
[138]: (93.08005377342042,1)
[139]: (93.20590147258132,1)
[140]: (93.3658286808335,1)
[141]: (93.42480550735939,1)
[142]: (93.32402054582039,1)
[143]: (93.27329779398437,1)
[144]: (93.4512905726119,1)
[145]: (93.07150902704133,1)
[146]: (93.25251847790268,1)
[147]: (93.55247219785147,1)
[148]: (93.13180497273788,1)
[149]: (93.06705340560735,1)
[150]: (93.09775378246478,1)
[151]: (93.93022798252595,1)
[152]: (93.4443019824553,1)
[153]: (93.28993136035345,1)
[154]: (93.02565897783323,1)
[155]: (93.3346788538295,1)
[156]: (93.0076024177222,1)
[157]: (93.50842802350999,1)
[158]: (93.22859077334229,1)
[159]: (93.07940274733399,1)
[160]: (93.17547439559635,1)
[161]: (93.12573448799955,1)
[162]: (93.31844598723585,1)
[163]: (93.09028772152161,1)
[164]: (93.28268892475621,1)
[165]: (94.35777559004002,1)
[166]: (93.20833122522812,1)
[167]: (93.05827790398762,1)
[168]: (93.33055620470516,1)
[169]: (93.28690398177885,1)
[170]: (93.04670466727066,1)
[171]: (93.1490873426842,1)
[172]: (93.26520692774235,1)
[173]: (93.00731142211545,1)
[174]: (93.17903246931175,1)
[175]: (93.18747699019133,1)
[176]: (93.11677498128107,1)
[177]: (93.65131550494378,1)
[178]: (93.03832167445766,1)
[179]: (93.49624638920147,1)
[180]: (93.52993012650401,1)
[181]: (93.32594840666953,1)
[182]: (93.09623180693077,1)
[183]: (93.07179140018992,1)
[184]: (93.10776001801143,1)
[185]: (93.32862854553218,1)
[186]: (93.16415890627148,1)
[187]: (93.22318565370519,1)
[188]: (93.17459698830208,1)
[189]: (93.03538939257419,1)
[190]: (93.19800340448184,1)
[191]: (93.06439016398474,1)
[192]: (93.00784468770057,1)
[193]: (93.43066358409241,1)
[194]: (93.12673365243789,1)
[195]: (93.4551897846308,1)
[196]: (93.05171678651823,1)
[197]: (93.51579956657287,1)
[198]: (93.79374134871064,1)
[199]: (93.11335813159647,1)
[200]: (93.29171678996556,1)
[201]: (93.29371055052994,1)
[202]: (94.03246542517135,1)
[203]: (93.10242707328341,1)
[204]: (93.2359238837151,1)
[205]: (93.01114836106071,1)
[206]: (93.57062280348623,1)
[207]: (93.02452402143928,1)
[208]: (93.27634170117763,1)
[209]: (93.35205371942207,1)
[210]: (93.32887061312093,1)
[211]: (93.93618703899666,1)
[212]: (93.32177228491513,1)
[213]: (93.69882290914835,1)
[214]: (93.01379357936109,1)
[215]: (93.10599729169141,1)
[216]: (93.15403996328916,1)
[217]: (93.27565111099959,1)
[218]: (93.6172176653203,1)
[219]: (93.15193685321708,1)
[220]: (93.0858041302224,1)
[221]: (93.00815341665756,1)
[222]: (93.12910061018685,1)
[223]: (93.08238834517277,1)
[224]: (93.20866499846524,1)
[225]: (93.0347208283946,1)
[226]: (93.02389388099877,1)
[227]: (93.11378895186301,1)
[228]: (93.04559520098972,1)
[229]: (93.29946012941636,1)
[230]: (93.40097946784907,1)
[231]: (93.69666084980314,1)
[232]: (93.1313994019222,1)
[233]: (93.07877038859347,1)
[234]: (93.10628677229455,1)
[235]: (94.2777835028739,1)
[236]: (93.03197593932923,1)
[237]: (93.09019375121717,1)
[238]: (94.24189354360658,1)
[239]: (93.31983522363301,1)
[240]: (93.23426275646743,1)
[241]: (93.23139416413244,1)
[242]: (93.09889474463154,1)
[243]: (93.10107073607328,1)
[244]: (93.16680850821545,1)
[245]: (93.40089449256189,1)
[246]: (93.06305335925468,1)
[247]: (93.35190939254034,1)
[248]: (93.22584573215168,1)
[249]: (93.00725909220463,1)
[250]: (93.06027488139141,1)
[251]: (93.55040893033518,1)
[252]: (93.02208832164581,1)
[253]: (93.1236801570021,1)
[254]: (93.072189283114,1)
[255]: (93.01885579564481,1)
[256]: (93.68935288610049,1)
[257]: (93.98393348590244,1)
[258]: (93.07426611619518,1)
[259]: (93.0980732332027,1)
[260]: (93.10981197808805,1)
[261]: (93.40303650249359,1)
[262]: (93.14482416003854,1)
[263]: (93.58454774223826,1)
[264]: (93.01689892421258,1)
[265]: (93.15275947858674,1)
[266]: (93.23649632467495,1)
[267]: (93.63945895564322,1)
[268]: (93.26600630765775,1)
[269]: (93.33859573548388,1)
[270]: (94.65276317877797,1)
[271]: (93.61178397303163,1)
[272]: (93.84218917719009,1)
[273]: (93.06650660693333,1)
[274]: (93.12341398412126,1)
[275]: (93.47668751592532,1)
[276]: (93.3621944047913,1)
[277]: (93.02365056550309,1)
[278]: (93.2015591639607,1)
[279]: (94.17669483189211,1)
[280]: (93.36070016156199,1)
[281]: (93.99450926016229,1)
[282]: (93.31424690908217,1)
[283]: (93.04408743618558,1)
[284]: (93.81331520692777,1)
[285]: (93.0012829652142,1)
[286]: (93.0744310246162,1)
[287]: (93.1853964393102,1)
[288]: (93.65243848882626,1)
[289]: (93.95370611835749,1)
[290]: (93.63939511242116,1)
[291]: (93.29724088640663,1)
[292]: (93.0889180169363,1)
[293]: (93.17634691535021,1)
[294]: (93.17026368489084,1)
[295]: (93.21739048137012,1)
[296]: (93.01531992721824,1)
[297]: (93.51521503746497,1)
[298]: (93.03657333732627,1)
[299]: (93.14924659483816,1)
[300]: (93.27139177731364,1)
[301]: (93.28969474554521,1)
[302]: (93.08030162126815,1)
[303]: (93.15422151433678,1)
[304]: (93.16460077835525,1)
[305]: (93.04201353465859,1)
[306]: (93.23894117865562,1)
[307]: (93.4956767703068,1)
[308]: (93.33233586884106,1)
[309]: (93.63837469608674,1)
[310]: (93.39725039658539,1)
[311]: (93.20783849952169,1)
[312]: (93.07818185692693,1)
[313]: (93.02141305824136,1)
[314]: (93.08251553567602,1)
[315]: (93.77960228970738,1)
[316]: (93.28705527589166,1)
[317]: (93.62051988457038,1)
[318]: (94.69216858948379,1)
[319]: (93.4452549488775,1)
[320]: (93.19102910418917,1)
[321]: (93.06661685909127,1)
[322]: (93.53420132131508,1)
[323]: (93.10398943877826,1)
[324]: (93.55817686156961,1)
[325]: (93.53448938454559,1)
[326]: (93.29558044763888,1)
[327]: (93.08179572960263,1)
[328]: (93.60541972213939,1)
[329]: (93.03968547672802,1)
[330]: (93.46150116525334,1)
[331]: (93.27225714118052,1)
[332]: (93.27987348028245,1)
[333]: (93.07074227763762,1)
[334]: (93.30274570125842,1)
[335]: (93.00344105900797,1)
[336]: (93.01882749504819,1)
[337]: (93.82274276965136,1)
[338]: (94.03138997094909,1)
[339]: (93.0322649329955,1)
[340]: (93.26454547119131,1)
[341]: (93.12467643940016,1)
[342]: (93.04233073955456,1)
[343]: (94.20545587059483,1)
[344]: (93.00163965017013,1)
[345]: (93.6967359927511,1)
[346]: (93.2696785324484,1)
[347]: (93.10375290915201,1)
[348]: (93.02970003998682,1)
[349]: (93.06944402198698,1)
[350]: (93.06090465570416,1)
[351]: (93.20443559899071,1)
[352]: (93.2055579225177,1)
[353]: (93.22169220132132,1)
[354]: (93.51727929831939,1)
[355]: (93.08569474401767,1)
[356]: (93.0931332115386,1)
[357]: (94.20647119779655,1)
[358]: (93.27209697057295,1)
[359]: (93.16689921390611,1)
[360]: (93.45417667461348,1)
[361]: (93.04341107934187,1)
[362]: (93.54537830689692,1)
[363]: (93.41379453904545,1)
[364]: (93.12073925188376,1)
[365]: (93.38522800498659,1)
[366]: (93.10641298937757,1)
[367]: (93.3306447190338,1)
[368]: (93.54263938576632,1)
[369]: (93.14965462080094,1)
[370]: (93.1507294254655,1)
[371]: (93.05362490197157,1)
[372]: (93.02474915433635,1)
[373]: (93.06096596840365,1)
[374]: (93.13939757567776,1)
[375]: (93.37595827278864,1)
[376]: (93.15110402792412,1)
[377]: (93.00827593780717,1)
[378]: (93.26805712764518,1)
[379]: (93.93194156421335,1)
[380]: (93.18905148300666,1)
[381]: (93.20320667995095,1)
[382]: (93.08912714969624,1)
[383]: (93.22069319900514,1)
[384]: (93.42387037714423,1)
[385]: (93.10992430247109,1)
[386]: (93.21894526646192,1)
[387]: (93.28963133972634,1)
[388]: (93.17137714555875,1)
[389]: (93.23434277534872,1)
[390]: (93.00809033850855,1)
[391]: (93.03434311759152,1)
[392]: (93.12329175891709,1)
[393]: (93.06759127756861,1)
[394]: (93.37296077509221,1)
[395]: (93.46928057622503,1)
[396]: (93.27002769372412,1)
[397]: (93.21667156019832,1)
[398]: (93.2879589600615,1)
[399]: (93.54045489098354,1)
[400]: (94.67423727794733,1)
[401]: (93.69543772933716,1)
[402]: (94.04734729608714,1)
[403]: (93.04711397168373,1)
[404]: (93.38258289300988,1)
[405]: (94.00118777105607,1)
[406]: (93.03780734776397,1)
[407]: (93.17400213484422,1)
[408]: (93.23095100180399,1)
[409]: (93.03173758391929,1)
[410]: (93.49073289223384,1)
[411]: (93.68477471840018,1)
[412]: (93.51281546925547,1)
[413]: (93.24976709905401,1)
[414]: (93.0351457024948,1)
[415]: (93.07606617286368,1)
[416]: (93.73107835965094,1)
[417]: (93.32593162042058,1)
[418]: (93.08804704617535,1)
[419]: (93.0539582907913,1)
[420]: (93.37726131194529,1)
[421]: (94.24583940807723,1)
[422]: (93.63006090321628,1)
[423]: (93.1689219864017,1)
[424]: (93.39325712024208,1)
[425]: (93.46169364070666,1)
[426]: (93.05486666418697,1)
[427]: (93.54402405392484,1)
[428]: (93.72619804934823,1)
[429]: (93.02592025359139,1)
[430]: (93.2900456477816,1)
[431]: (93.14657573541382,1)
[432]: (94.52148876126982,1)
[433]: (93.14365810974223,1)
[434]: (93.20842119231868,1)
[435]: (93.10624784979788,1)
[436]: (93.49433830014598,1)
[437]: (93.69990902026827,1)
[438]: (93.28429265239129,1)
[439]: (93.01249511603083,1)
[440]: (93.19082971718996,1)
[441]: (93.01961230175469,1)
[442]: (93.17286782807163,1)
[443]: (93.19334657927779,1)
[444]: (93.15582187783674,1)
[445]: (93.01611099379458,1)
[446]: (93.01211416,1)
[447]: (93.16310651923473,1)
[448]: (93.06908875796019,1)
[449]: (93.12830164009902,1)
[450]: (93.20817818396107,1)
[451]: (93.3118544530991,1)
[452]: (93.09225007013109,1)
[453]: (93.39006736482322,1)
[454]: (93.13105940280295,1)
[455]: (93.72656991114025,1)
[456]: (94.23379779331401,1)
[457]: (93.09903183962852,1)
[458]: (93.95905842320528,1)
[459]: (93.38550817207984,1)
[460]: (93.02428807063241,1)
[461]: (93.33773678475436,1)
[462]: (93.15536393565739,1)
[463]: (93.0933348192025,1)
[464]: (93.08195253646134,1)
[465]: (93.74196083092389,1)
[466]: (93.18390144069106,1)
[467]: (93.18672810181897,1)
[468]: (93.42450221510528,1)
[469]: (93.0831148102386,1)
[470]: (94.13127155186882,1)
[471]: (93.19442608968019,1)
[472]: (93.52213491444957,1)
[473]: (93.06113988313845,1)
[474]: (93.01640674531625,1)
[475]: (93.07577214267637,1)
[476]: (93.39281317644621,1)
[477]: (93.44894593673348,1)
[478]: (93.04448871704638,1)
[479]: (93.44853052456959,1)
[480]: (93.1081192645223,1)
[481]: (93.30452396924028,1)
[482]: (93.57244460179044,1)
[483]: (93.35247942337458,1)
[484]: (93.15808718647871,1)
[485]: (93.8280722067135,1)
[486]: (93.1703981124768,1)
[487]: (93.15722448021822,1)
[488]: (93.68379735284435,1)
[489]: (93.06327131777353,1)
[490]: (93.1510502008706,1)
[491]: (93.21302838217197,1)
[492]: (93.09065783970077,1)
[493]: (93.10082031064911,1)
[494]: (93.47562815391285,1)
[495]: (93.10584707210943,1)
[496]: (93.04375918415779,1)
[497]: (93.28469950705789,1)
[498]: (93.1743983798174,1)
[499]: (93.90095543035184,1)
[500]: (93.29500479087007,1)
[501]: (93.23090582800151,1)
[502]: (93.30194251313895,1)
[503]: (93.01882877683659,1)
[504]: (93.34393875054856,1)
[505]: (93.49357650973181,1)
[506]: (93.35495517381918,1)
[507]: (93.52923863148418,1)
[508]: (93.9662926882539,1)
[509]: (93.96953423191478,1)
[510]: (93.21068617915266,1)
[511]: (93.31120858871724,1)
[512]: (93.00635161431975,1)
[513]: (93.14007910064083,1)
[514]: (93.81982558382614,1)
[515]: (93.03084548333914,1)
[516]: (93.38827465566973,1)
[517]: (93.08467995047208,1)
[518]: (93.08213741589046,1)
[519]: (93.21164217868692,1)
[520]: (93.01873527069642,1)
[521]: (93.39323199415858,1)
[522]: (93.55575783328089,1)
[523]: (93.36490990427322,1)
[524]: (93.70590984778394,1)
[525]: (93.03536231629261,1)
[526]: (93.2149104560844,1)
[527]: (93.1483444753766,1)
[528]: (93.01332646034341,1)
[529]: (93.15116418947888,1)
[530]: (93.41956211489955,1)
[531]: (93.32036366838678,1)
[532]: (93.48472382118656,1)
[533]: (93.49712999682239,1)
[534]: (93.71224102236405,1)
[535]: (93.11244917251155,1)
[536]: (94.05367578701464,1)
[537]: (93.37609503146598,1)
[538]: (93.03280173377377,1)
[539]: (93.33376803643263,1)
[540]: (93.05268750814125,1)
[541]: (93.74371619074311,1)
[542]: (93.00963231331674,1)
[543]: (93.3539878989375,1)
[544]: (93.01455327352186,1)
[545]: (93.10511062998884,1)
[546]: (93.17328528429078,1)
[547]: (93.40666268519922,1)
[548]: (93.14091289409339,1)
[549]: (93.14638766313207,1)
[550]: (93.15946720329738,1)
[551]: (93.40381976940449,1)
[552]: (93.23723726138529,1)
[553]: (93.27812317269449,1)
[554]: (93.42604040554225,1)
[555]: (93.12826327490826,1)
[556]: (93.22300306520758,1)
[557]: (93.21431357236472,1)
[558]: (93.07374789182106,1)
[559]: (93.80769696847356,1)
[560]: (93.49654084588748,1)
[561]: (93.3387702399279,1)
[562]: (93.42276618594242,1)
[563]: (93.87347432356165,1)
[564]: (93.39179917929032,1)
[565]: (93.45426111196207,1)
[566]: (93.46853985427808,1)
[567]: (93.35007741047345,1)
[568]: (93.25155065133151,1)
[569]: (93.08289419553185,1)
[570]: (93.04835937781168,1)
[571]: (93.53439570167549,1)
[572]: (93.73300687994922,1)
[573]: (93.03697231924234,1)
[574]: (93.12345676926995,1)
[575]: (93.09644689864726,1)
[576]: (93.53071812451293,1)
[577]: (93.33912305146465,1)
[578]: (93.91250016470953,1)
[579]: (93.47092469942905,1)
[580]: (93.69457922448223,1)
[581]: (93.32941978918322,1)
[582]: (93.03958288872384,1)
[583]: (94.08297139595199,1)
[584]: (93.00955437615315,1)
[585]: (93.2963934384066,1)
[586]: (93.14123412949255,1)
[587]: (93.39932302695559,1)
[588]: (93.37482528505605,1)
[589]: (93.47050509131141,1)
[590]: (93.0119779108235,1)
[591]: (93.24321592116772,1)
[592]: (93.66501765400523,1)
[593]: (93.38598664858266,1)
[594]: (93.52438011151207,1)
[595]: (93.33589731908603,1)
[596]: (93.69331329349123,1)
[597]: (93.48725564990009,1)
[598]: (93.12327190233547,1)
[599]: (93.29508642303391,1)
[600]: (93.0358418813786,1)
[601]: (93.35588791854806,1)
[602]: (93.38167627525749,1)
[603]: (93.47157313026594,1)
[604]: (93.33533623455203,1)
[605]: (93.5203555400772,1)
[606]: (93.24405168303851,1)
[607]: (93.21839845026335,1)
[608]: (93.70532026911742,1)
[609]: (93.8368440239818,1)
[610]: (93.19411633358001,1)
[611]: (93.0611586430922,1)
[612]: (93.91615879561674,1)
[613]: (94.12649986662495,1)
[614]: (93.63986200390714,1)
[615]: (93.09324601447065,1)
[616]: (93.04560386866355,1)
[617]: (93.87708651559183,1)
[618]: (93.00691503237356,1)
[619]: (93.14861042334554,1)
[620]: (93.70960130255909,1)
[621]: (93.42132721238114,1)
[622]: (93.69661851972283,1)
[623]: (93.01128881156143,1)
[624]: (94.12107766617119,1)
[625]: (93.68995809723701,1)
[626]: (93.86412492898114,1)
[627]: (93.34745913209849,1)
[628]: (93.22101259193228,1)
[629]: (93.62156357624083,1)
[630]: (93.0584937890071,1)
[631]: (94.27849044939538,1)
[632]: (93.22851890631381,1)
[633]: (93.97933388028618,1)
[634]: (93.11691957701082,1)
[635]: (93.65347385896463,1)
[636]: (93.01563628767128,1)
[637]: (93.82001290960348,1)
[638]: (93.57425848101046,1)
[639]: (93.03146607929177,1)
[640]: (93.52776591807412,1)
[641]: (93.63787927635288,1)
[642]: (93.28127582608359,1)
[643]: (93.10996347966186,1)
[644]: (93.05610881822695,1)
[645]: (93.06901613317017,1)
[646]: (93.65776526813059,1)
[647]: (93.47299496598197,1)
[648]: (93.01345714207488,1)
[649]: (93.07067113328358,1)
[650]: (93.03438753910324,1)
[651]: (94.30842159003106,1)
[652]: (93.244547458184,1)
[653]: (93.17477828492703,1)
[654]: (94.03764828307246,1)
[655]: (94.03817342089133,1)
[656]: (93.25704547400458,1)
[657]: (93.25927815302884,1)
[658]: (93.4513127407198,1)
[659]: (93.02346656328291,1)
[660]: (93.05627534078884,1)
[661]: (93.72468098141123,1)
[662]: (93.38348922324536,1)
[663]: (93.02034276820889,1)
[664]: (94.21055739375824,1)
[665]: (93.34964450718554,1)
[666]: (93.30543425995056,1)
[667]: (93.21122009907977,1)
[668]: (93.58247467108239,1)
[669]: (93.00203492450787,1)
[670]: (94.02072189353775,1)
[671]: (93.22691949614041,1)
[672]: (93.16528058441644,1)
[673]: (93.41826782327917,1)
[674]: (93.61198290050329,1)
[675]: (93.28577541335613,1)
[676]: (93.35014184746088,1)
[677]: (93.30763580606087,1)
[678]: (94.36687691952638,1)
[679]: (93.5740169877845,1)
[680]: (93.08075823360049,1)
[681]: (93.04032927719237,1)
[682]: (93.38442863368213,1)
[683]: (93.18433164539613,1)
[684]: (93.15359125294948,1)
[685]: (93.18036002449288,1)
[686]: (94.02369367965682,1)
[687]: (93.33206405673256,1)
[688]: (93.00564982956871,1)
[689]: (93.29818882148616,1)
[690]: (93.58155415604702,1)
[691]: (93.13065370776526,1)
[692]: (93.27262230115203,1)
[693]: (93.12772761887955,1)
[694]: (93.10940452275746,1)
[695]: (93.23827995232054,1)
[696]: (93.48414131347175,1)
[697]: (93.02088450272983,1)
[698]: (93.20561631090531,1)
[699]: (93.40969417986109,1)
[700]: (93.28799958636394,1)
[701]: (93.33786808121333,1)
[702]: (93.24695431031256,1)
[703]: (94.64181451787141,1)
[704]: (93.22360153666087,1)
[705]: (94.50629468533937,1)
[706]: (93.02079934946551,1)
[707]: (93.0186584742705,1)
[708]: (93.13705611658395,1)
[709]: (93.2034152176346,1)
[710]: (93.07408975781289,1)
[711]: (93.23906614813124,1)
[712]: (93.1615332173166,1)
[713]: (93.53238907704922,1)
[714]: (93.13597199182261,1)
[715]: (93.46738945169187,1)
[716]: (94.29121143766123,1)
[717]: (93.48207484901231,1)
[718]: (94.42970652901141,1)
[719]: (93.54103638977237,1)
[720]: (93.71856262629275,1)
[721]: (93.62443581070212,1)
[722]: (93.23711983200423,1)
[723]: (93.26981389007298,1)
[724]: (93.1504129164929,1)
[725]: (93.26052087642988,1)
[726]: (93.06639786938861,1)
[727]: (93.09605834655352,1)
[728]: (93.50289622993589,1)
[729]: (93.32325734690095,1)
[730]: (93.21572710824177,1)
[731]: (93.15114759587192,1)
[732]: (94.20458687126349,1)
[733]: (93.39591834389144,1)
[734]: (93.68463938929955,1)
[735]: (93.24584160196738,1)
[736]: (93.26347348737853,1)
[737]: (93.9451621757897,1)
[738]: (93.01217742727641,1)
[739]: (93.29948883508368,1)
[740]: (93.34973870542964,1)
[741]: (93.2245598604396,1)
[742]: (93.29268382034759,1)
[743]: (93.34931914510706,1)
[744]: (93.50172776542384,1)
[745]: (93.57742134898454,1)
[746]: (93.78864048964975,1)
[747]: (93.99740344502942,1)
[748]: (93.11995375398297,1)
[749]: (93.5244392164829,1)
[750]: (93.53709505484299,1)
[751]: (93.08176552951304,1)
[752]: (93.54291349039347,1)
[753]: (93.14598953563782,1)
[754]: (93.02296465016573,1)
[755]: (93.52993077127026,1)
[756]: (93.05894461126485,1)
[757]: (93.03301799317985,1)
[758]: (93.00880900647513,1)
[759]: (93.23277313542518,1)
[760]: (93.10871123286149,1)
[761]: (93.41335945470668,1)
[762]: (93.55969626753797,1)
[763]: (93.25379639101273,1)
[764]: (93.27941512387645,1)
[765]: (93.31494963458597,1)
[766]: (93.0031616733436,1)
[767]: (93.21241808346363,1)
[768]: (93.57577715200702,1)
[769]: (93.0627440199674,1)
[770]: (93.32910937744678,1)
[771]: (93.04985034598461,1)
[772]: (94.41653820888057,1)
[773]: (93.26516338475349,1)
[774]: (93.29349407494219,1)
[775]: (93.32578925423002,1)
[776]: (93.22182818557809,1)
[777]: (93.38509276446659,1)
[778]: (93.56149052339234,1)
[779]: (93.04904465378837,1)
[780]: (93.6875226073328,1)
[781]: (93.21710533040985,1)
[782]: (93.10343918499763,1)
[783]: (93.56411084376687,1)
[784]: (93.62113737491535,1)
[785]: (93.36559240439392,1)
[786]: (93.64939113472585,1)
[787]: (93.05405631454299,1)
[788]: (93.18672320394823,1)
[789]: (93.8601677714413,1)
[790]: (93.06853885473807,1)
[791]: (94.3198839011005,1)
[792]: (93.39649175558347,1)
[793]: (93.21988033120884,1)
[794]: (93.20681709246833,1)
[795]: (93.17645762753361,1)
[796]: (93.31084850232583,1)
[797]: (93.28627395988495,1)
[798]: (93.07043709183785,1)
[799]: (93.05335511541159,1)
[800]: (93.09678286983237,1)
[801]: (93.07262134030177,1)
[802]: (93.27320301677076,1)
[803]: (93.01435742086657,1)
[804]: (93.12270727052027,1)
[805]: (93.73805386574877,1)
[806]: (93.17765711928175,1)
[807]: (93.92268046068953,1)
[808]: (93.00491187085704,1)
[809]: (93.11385346279167,1)
[810]: (93.46310445593893,1)
[811]: (93.0997393691747,1)
[812]: (93.07850483190238,1)
[813]: (93.28291861575885,1)
[814]: (93.40339012243102,1)
[815]: (93.09793468752522,1)
[816]: (93.40809688289451,1)
[817]: (93.09072100268891,1)
[818]: (93.13630193459277,1)
[819]: (93.06450290735738,1)
[820]: (93.57294285393498,1)
[821]: (93.3754261863976,1)
[822]: (93.21152815880694,1)
[823]: (93.49026168377492,1)
[824]: (93.25459433945363,1)
[825]: (93.29340950638341,1)
[826]: (93.00308166929294,1)
[827]: (93.19888186008764,1)
[828]: (93.06016111357231,1)
[829]: (93.273561384126,1)
[830]: (94.53079102101184,1)
[831]: (93.13614423310153,1)
[832]: (93.503922681524,1)
[833]: (93.22636594255354,1)
[834]: (93.00422731594325,1)
[835]: (93.26377369556879,1)
[836]: (93.07198937849007,1)
[837]: (93.23980094774276,1)
[838]: (93.05536176674688,1)
[839]: (94.03093192004626,1)
[840]: (93.15560383917054,1)
[841]: (93.0302187926598,1)
[842]: (93.11434698285204,1)
[843]: (93.4814669213371,1)
[844]: (93.73124660334841,1)
[845]: (93.03600173320761,1)
[846]: (93.23136064123196,1)
[847]: (93.20053917725161,1)
[848]: (93.89933405728888,1)
[849]: (93.72514139231069,1)
[850]: (93.01551064189985,1)
[851]: (93.00256669364738,1)
[852]: (93.14555859215899,1)
[853]: (93.24187824582987,1)
[854]: (93.26042725145307,1)
[855]: (93.35354934274595,1)
[856]: (93.12921760710752,1)
[857]: (93.28759177614943,1)
[858]: (93.63618032736937,1)
[859]: (93.10257120010195,1)
[860]: (93.2602572043391,1)
[861]: (93.08959096701226,1)
[862]: (93.97057182446386,1)
[863]: (93.39119111901765,1)
[864]: (93.4727075829925,1)
[865]: (94.44837038522951,1)
[866]: (93.15746175996497,1)
[867]: (93.84318668913654,1)
[868]: (93.47853980487689,1)
[869]: (93.56182931966914,1)
[870]: (93.0648899454302,1)
[871]: (93.21831110524926,1)
[872]: (93.15663485822249,1)
[873]: (93.06313943098452,1)
[874]: (93.70653737813231,1)
[875]: (93.01290850261505,1)
[876]: (93.01217710089644,1)
[877]: (93.19717193982969,1)
[878]: (93.02009499742638,1)
[879]: (93.50770469365456,1)
[880]: (93.13696786044673,1)
[881]: (93.86839002117424,1)
[882]: (93.05809160170908,1)
[883]: (93.03297283965748,1)
[884]: (93.04377734778772,1)
[885]: (93.31874006614132,1)
[886]: (93.58878046312985,1)
[887]: (93.0621481514662,1)
[888]: (94.70583429927642,1)
[889]: (93.57906749944826,1)
[890]: (95.36835430082643,1)
[891]: (93.01002044954605,1)
[892]: (93.28095131676869,1)
[893]: (93.28177015321322,1)
[894]: (94.04725515539165,1)
[895]: (93.94211926842458,1)
[896]: (93.63220962582037,1)
[897]: (93.22346132179506,1)
[898]: (93.48452693078399,1)
[899]: (93.03533413690033,1)
[900]: (93.02618625146206,1)
[901]: (93.02354006120706,1)
[902]: (93.47033510539622,1)
[903]: (93.31379831202145,1)
[904]: (93.00527851363206,1)
[905]: (93.4352501282532,1)
[906]: (93.58834347016187,1)
[907]: (93.32144441595136,1)
[908]: (93.00832624941309,1)
[909]: (93.41077363648087,1)
[910]: (93.07551321878526,1)
[911]: (93.61307836119363,1)
[912]: (93.17714578412554,1)
[913]: (93.43564603550581,1)
[914]: (93.11327168167725,1)
[915]: (93.26646490556374,1)
[916]: (93.81508957984887,1)
[917]: (93.09139720693662,1)
[918]: (93.5896691465349,1)
[919]: (93.03663033845413,1)
[920]: (94.04305428860197,1)
[921]: (93.21997003544597,1)
[922]: (93.25725002289954,1)
[923]: (93.04570038889922,1)
[924]: (93.11978104842821,1)
[925]: (93.0882540096983,1)
[926]: (93.03879218541161,1)
[927]: (93.05401807733874,1)
[928]: (93.82313035938341,1)
[929]: (93.4024177496167,1)
[930]: (93.22908811666125,1)
[931]: (93.05272074823279,1)
[932]: (93.41312435552791,1)
[933]: (93.86758319893886,1)
[934]: (93.41407720329195,1)
[935]: (93.24551215821194,1)
[936]: (93.34623992943004,1)
[937]: (93.3890593676571,1)
[938]: (93.08065572864264,1)
[939]: (93.35726771879413,1)
[940]: (93.48220515440696,1)
[941]: (94.42172567021736,1)
[942]: (93.3395631883496,1)
[943]: (93.02318243460178,1)
[944]: (93.03431771801449,1)
[945]: (93.40901795266075,1)
[946]: (93.32586099220624,1)
[947]: (95.0003106352269,1)
[948]: (93.04363792177448,1)
[949]: (93.12225459940355,1)
[950]: (93.34664379358615,1)
[951]: (93.45630293501658,1)
[952]: (93.15090489839828,1)
[953]: (94.34477635091052,1)
[954]: (93.63744606005265,1)
[955]: (93.45156005516547,1)
[956]: (93.08587220429946,1)
[957]: (93.29453394312542,1)
[958]: (93.16124337207897,1)
[959]: (93.62616898834985,1)
[960]: (93.03947960271145,1)
[961]: (93.40219389111788,1)
[962]: (93.07864981835834,1)
[963]: (93.00975057273115,1)
[964]: (93.46866524259171,1)
[965]: (93.48670089863337,1)
[966]: (93.03782665190951,1)
[967]: (93.5248511411573,1)
[968]: (93.01883977425868,1)
[969]: (93.03897177436245,1)
[970]: (93.10650104691922,1)
[971]: (93.08746714093186,1)
[972]: (93.15524059813983,1)
[973]: (93.31007985529696,1)
[974]: (93.53786111036558,1)
[975]: (94.12528866126222,1)
[976]: (93.86317201682525,1)
[977]: (93.48846082313608,1)
[978]: (93.26877345872362,1)
[979]: (93.27620316667885,1)
[980]: (93.41955741297025,1)
[981]: (93.30495844433874,1)
[982]: (94.87062968678988,1)
[983]: (93.14212946543653,1)
[984]: (93.06121782049362,1)
[985]: (93.15452677470117,1)
[986]: (93.25642724718779,1)
[987]: (93.06344870094871,1)
[988]: (93.02017328046662,1)
[989]: (93.33604719643277,1)
[990]: (93.07087052292943,1)
[991]: (93.25290733252477,1)
[992]: (93.05003801976997,1)
[993]: (93.09650337818006,1)
[994]: (93.53774965883873,1)
[995]: (94.65450262489112,1)
[996]: (93.48414329663807,1)
[997]: (94.42902865332185,1)
[998]: (93.23577426843801,1)
[999]: (93.44260527615626,1)
[1000]: (93.1330405946547,1)
[1001]: (93.13706167075249,1)
[1002]: (93.1091443806653,1)
[1003]: (93.63189076279171,1)
[1004]: (93.10027020055524,1)
[1005]: (93.61024058268031,1)
[1006]: (93.88253970085154,1)
[1007]: (93.26120240398326,1)
[1008]: (93.62006358361319,1)
[1009]: (93.07330318817678,1)
[1010]: (94.09846826411992,1)
[1011]: (93.79305735217818,1)
[1012]: (93.07389797645246,1)
[1013]: (93.07701232553799,1)
[1014]: (93.42722080498051,1)
[1015]: (93.97745308763466,1)
[1016]: (93.03526405179568,1)
[1017]: (93.37362999478883,1)
[1018]: (93.8355975379489,1)
[1019]: (93.1039397766428,1)
[1020]: (93.67122965733024,1)
[1021]: (93.36352510444191,1)
[1022]: (93.02877751553828,1)
[1023]: (93.14792867113852,1)
[1024]: (93.1880258091647,1)
[1025]: (93.2515405373658,1)
[1026]: (93.57066610107582,1)
[1027]: (93.52210560186336,1)
[1028]: (93.01740081870413,1)
[1029]: (93.94224347287631,1)
[1030]: (93.3823714403954,1)
[1031]: (93.27832112311445,1)
[1032]: (93.04066540613593,1)
[1033]: (93.22957768272832,1)
[1034]: (94.02899714830781,1)
[1035]: (93.77093279886775,1)
[1036]: (93.80369420257499,1)
[1037]: (93.85561548695878,1)
[1038]: (93.08038776369455,1)
[1039]: (93.04611332802321,1)
[1040]: (93.09551907704359,1)
[1041]: (93.17377171431883,1)
[1042]: (93.11864623590687,1)
[1043]: (93.15183250999829,1)
[1044]: (93.0664930009349,1)
[1045]: (94.35128024520917,1)
[1046]: (93.14623623787604,1)
[1047]: (93.97733650994881,1)
[1048]: (94.66958575407256,1)
[1049]: (93.05752610112951,1)
[1050]: (93.29974340429929,1)
[1051]: (93.45418575498979,1)
[1052]: (93.62505097815583,1)
[1053]: (93.13570687173154,1)
[1054]: (93.36208164867197,1)
[1055]: (93.39296657048939,1)
[1056]: (93.05545441629341,1)
[1057]: (93.2758777369871,1)
[1058]: (94.40350857357036,1)
[1059]: (93.0867559762213,1)
[1060]: (93.2386852210397,1)
[1061]: (94.62203568385014,1)
[1062]: (94.11650584687634,1)
[1063]: (93.28525861704264,1)
[1064]: (93.37076241456528,1)
[1065]: (93.61016589492108,1)
[1066]: (93.68246848046076,1)
[1067]: (93.74335880887335,1)
[1068]: (93.68332147971635,1)
[1069]: (93.28421596374666,1)
[1070]: (93.13368578636549,1)
[1071]: (93.86128410862912,1)
[1072]: (94.45862400380501,1)
[1073]: (93.39790164500093,1)
[1074]: (93.03221569865573,1)
[1075]: (93.11588332607174,1)
[1076]: (93.18985348301574,1)
[1077]: (93.35464647480599,1)
[1078]: (93.13045305518193,1)
[1079]: (93.08047260188549,1)
[1080]: (93.59885947392593,1)
[1081]: (93.42033249389148,1)
[1082]: (93.04116878878284,1)
[1083]: (93.61796377544566,1)
[1084]: (93.8251481555953,1)
[1085]: (93.28513110847436,1)
[1086]: (93.00794036525838,1)
[1087]: (94.38749025461442,1)
[1088]: (93.2061114169271,1)
[1089]: (93.26965274865456,1)
[1090]: (93.11552731126113,1)
[1091]: (93.26977171883647,1)
[1092]: (93.98397425597493,1)
[1093]: (94.00260160482948,1)
[1094]: (93.49228178883482,1)
[1095]: (93.3770112761582,1)
[1096]: (93.65695872455088,1)
[1097]: (93.30395844701698,1)
[1098]: (93.68658896813041,1)
[1099]: (93.25685420777626,1)
[1100]: (93.04339029549763,1)
[1101]: (93.47820805899769,1)
[1102]: (93.04143667526775,1)
[1103]: (93.00006018738711,1)
[1104]: (93.20142103971907,1)
[1105]: (93.13048175638616,1)
[1106]: (93.14430691386234,1)
[1107]: (93.08618808003614,1)
[1108]: (93.07110986173224,1)
[1109]: (93.18978264518269,1)
[1110]: (93.13191621566953,1)
[1111]: (93.03316553786505,1)
[1112]: (93.00753985528557,1)
[1113]: (93.19776629887268,1)
[1114]: (93.05017967547947,1)
[1115]: (93.79092564030948,1)
[1116]: (93.17629987256312,1)
[1117]: (93.14703970821063,1)
[1118]: (93.21847218375559,1)
[1119]: (93.14903456370016,1)
[1120]: (93.0313104174662,1)
[1121]: (93.28682738450848,1)
[1122]: (93.54778797993654,1)
[1123]: (93.04648155439088,1)
[1124]: (93.14256934980351,1)
[1125]: (93.42829265171299,1)
[1126]: (93.14925498255249,1)
[1127]: (93.19612972262289,1)
[1128]: (94.3622959960003,1)
[1129]: (93.5228882006452,1)
[1130]: (93.28253090060605,1)
[1131]: (93.03403224871046,1)
[1132]: (93.20976653012407,1)
[1133]: (93.31049753583696,1)
[1134]: (93.18066762317072,1)
[1135]: (93.09599946010569,1)
[1136]: (93.14197065825698,1)
[1137]: (94.06902647038774,1)
[1138]: (93.00863159113572,1)
[1139]: (93.69117491715537,1)
[1140]: (93.24997642799457,1)
[1141]: (93.50415215115875,1)
[1142]: (93.38144336775028,1)
[1143]: (93.22748876024859,1)
[1144]: (93.07816559075378,1)
[1145]: (93.39004115359674,1)
[1146]: (93.23010127215805,1)
[1147]: (93.00363038269188,1)
[1148]: (93.51060925673387,1)
[1149]: (93.00514390748152,1)
[1150]: (93.10589847969796,1)
[1151]: (93.07535656472119,1)
[1152]: (93.09027601111443,1)
[1153]: (93.19903189897084,1)
[1154]: (93.17311246614747,1)
[1155]: (93.59532042113923,1)
[1156]: (93.35284279806849,1)
[1157]: (93.31501805119468,1)
[1158]: (93.37632494681081,1)
[1159]: (93.07731704611031,1)
[1160]: (94.27178700279993,1)
[1161]: (93.03253281541369,1)
[1162]: (93.40616593300687,1)
[1163]: (93.1443987535212,1)
[1164]: (93.20499342493923,1)
[1165]: (93.4279922974367,1)
[1166]: (93.3542460087054,1)
[1167]: (93.49747686774553,1)
[1168]: (93.01908756428591,1)
[1169]: (94.3456276500148,1)
[1170]: (93.60642336458226,1)
[1171]: (93.40501666870132,1)
[1172]: (93.03939838400956,1)
[1173]: (93.1015875479528,1)
[1174]: (93.24236494004205,1)
[1175]: (93.02495264010403,1)
[1176]: (94.22635284423555,1)
[1177]: (93.51192912669244,1)
[1178]: (93.17637550275374,1)
[1179]: (93.03066044072928,1)
[1180]: (93.30248941258417,1)
[1181]: (93.0387035906476,1)
[1182]: (93.78191635462093,1)
[1183]: (93.12624721178854,1)
[1184]: (93.21692467005943,1)
[1185]: (93.60162333765358,1)
[1186]: (93.43691155617914,1)
[1187]: (93.01607260651838,1)
[1188]: (93.69407070135844,1)
[1189]: (93.03097244134547,1)
[1190]: (93.57190327158831,1)
[1191]: (93.48162773930305,1)
[1192]: (93.03854512991083,1)
[1193]: (93.7569702590396,1)
[1194]: (93.27479149389308,1)
[1195]: (93.36991821315621,1)
[1196]: (93.22300982525576,1)
[1197]: (93.77567898180102,1)
[1198]: (93.71813963134765,1)
[1199]: (93.28917886973591,1)
[1200]: (93.30227134460193,1)
[1201]: (93.31881886749292,1)
[1202]: (93.38924973528709,1)
[1203]: (93.04666340395119,1)
[1204]: (93.02096214521356,1)
[1205]: (93.16541462818239,1)
[1206]: (93.29989945327664,1)
[1207]: (94.01324392869502,1)
[1208]: (93.28540572997626,1)
[1209]: (93.05008830046555,1)
[1210]: (94.9600043048827,1)
[1211]: (93.45401497792122,1)
[1212]: (93.33664418320289,1)
[1213]: (93.07632671675708,1)
[1214]: (93.21890592493405,1)
[1215]: (93.08884661768548,1)
[1216]: (93.31945120823298,1)
[1217]: (93.03225412180467,1)
[1218]: (93.26271335253885,1)
[1219]: (93.24723696697787,1)
[1220]: (93.2340897396015,1)
[1221]: (93.00980392391023,1)
[1222]: (93.07508965063977,1)
[1223]: (93.91226432039174,1)
[1224]: (93.35817512608271,1)
[1225]: (93.03758566465466,1)
[1226]: (93.80703196119246,1)
[1227]: (93.56016684731567,1)
[1228]: (93.01937766099711,1)
[1229]: (93.20370802083808,1)
[1230]: (93.02633996966904,1)
[1231]: (93.22899460258839,1)
[1232]: (93.05883938965246,1)
[1233]: (93.39246564721716,1)
[1234]: (93.28593283651404,1)
[1235]: (93.19060789464433,1)
[1236]: (93.1594001918732,1)
[1237]: (93.29777100382162,1)
[1238]: (93.40517340120923,1)
[1239]: (93.35271383313992,1)
[1240]: (93.07015700487328,1)
[1241]: (93.64630795288565,1)
[1242]: (93.3045420051058,1)
[1243]: (93.28150317212173,1)
[1244]: (93.07730824518296,1)
[1245]: (93.06441036737229,1)
[1246]: (93.0615939920597,1)
[1247]: (93.20120097551644,1)
[1248]: (93.20120623896695,1)
[1249]: (93.02045180468285,1)
[1250]: (93.36419662456221,1)
[1251]: (93.07170934157058,1)
[1252]: (93.43237190993143,1)
[1253]: (93.9867139414434,1)
[1254]: (93.16559583891858,1)
[1255]: (93.88070703819734,1)
[1256]: (93.36252442856981,1)
[1257]: (93.6556619296282,1)
[1258]: (93.21989744996397,1)
[1259]: (93.11187849127874,1)
[1260]: (93.00069861462249,1)
[1261]: (93.75621633529963,1)
[1262]: (93.1724272806843,1)
[1263]: (93.10693374800175,1)
[1264]: (93.05767793344876,1)
[1265]: (93.30557478234478,1)
[1266]: (93.18741710860546,1)
[1267]: (93.77603049442232,1)
[1268]: (93.06937883413518,1)
[1269]: (93.56831630527228,1)
[1270]: (93.48712589793374,1)
[1271]: (93.02847752267213,1)
[1272]: (93.02563858171028,1)
[1273]: (93.22411974162645,1)
[1274]: (93.10076298249287,1)
[1275]: (93.61019481120674,1)
[1276]: (93.48733583748742,1)
[1277]: (93.35235550967474,1)
[1278]: (93.19359971620968,1)
[1279]: (94.51828438006471,1)
[1280]: (94.39888965974021,1)
[1281]: (93.25737285934349,1)
[1282]: (93.56380499118153,1)
[1283]: (93.58652813268476,1)
[1284]: (93.10688725691995,1)
[1285]: (93.40801843980817,1)
[1286]: (93.00305545879941,1)
[1287]: (93.38690475625057,1)
[1288]: (93.0876895902334,1)
[1289]: (93.68518292414132,1)
[1290]: (93.06342271035442,1)
[1291]: (93.18419636943615,1)
[1292]: (93.18983768107488,1)
[1293]: (93.79990118307978,1)
[1294]: (93.75600928824721,1)
[1295]: (93.01007231084806,1)
[1296]: (93.35711364871248,1)
[1297]: (93.23081440537938,1)
[1298]: (93.01790172484407,1)
[1299]: (93.38628419498195,1)
[1300]: (93.02378218038655,1)
[1301]: (93.9569428828123,1)
[1302]: (93.16658117892196,1)
[1303]: (93.26385817216475,1)
[1304]: (93.18902400236138,1)
[1305]: (93.21832586310155,1)
[1306]: (93.24783265611975,1)
[1307]: (93.27098524744277,1)
[1308]: (93.00965606132101,1)
[1309]: (93.12135636397697,1)
[1310]: (93.22211978253223,1)
[1311]: (93.00989909983355,1)
[1312]: (93.02008253556853,1)
[1313]: (93.89892283364253,1)
[1314]: (93.59173106219511,1)
[1315]: (93.31988700924832,1)
[1316]: (93.13704878065283,1)
[1317]: (93.13241830897429,1)
[1318]: (93.19250235248835,1)
[1319]: (93.06367015189412,1)
[1320]: (95.01392911380391,1)
[1321]: (93.23136756932612,1)
[1322]: (93.14560333920639,1)
[1323]: (93.09384780847255,1)
[1324]: (93.70378792552566,1)
[1325]: (93.17799359538841,1)
[1326]: (93.06929073658713,1)
[1327]: (93.01044052304388,1)
[1328]: (93.0468676546874,1)
[1329]: (93.05562918030679,1)
[1330]: (93.5475027481987,1)
[1331]: (93.38435835703768,1)
[1332]: (93.11340760972971,1)
[1333]: (93.37993643721737,1)
[1334]: (93.03763557759562,1)
[1335]: (93.16763445820261,1)
[1336]: (93.02953005274819,1)
[1337]: (93.12620345244757,1)
[1338]: (93.13606353410144,1)
[1339]: (93.14980372570629,1)
[1340]: (93.28800413601093,1)
[1341]: (93.17342437725821,1)
[1342]: (93.29459852712002,1)
[1343]: (93.45327655031875,1)
[1344]: (93.01354903763662,1)
[1345]: (93.11975302380671,1)
[1346]: (93.10493527227241,1)
[1347]: (93.62642278471522,1)
[1348]: (93.0315251146168,1)
[1349]: (93.44304544047469,1)
[1350]: (93.34835444674307,1)
[1351]: (93.33827691332864,1)
[1352]: (93.02788663332448,1)
[1353]: (93.02862844548444,1)
[1354]: (93.14154511873167,1)
[1355]: (93.06883783505141,1)
[1356]: (93.19982029176873,1)
[1357]: (93.12818692270103,1)
[1358]: (93.05258221343944,1)
[1359]: (93.58706666875469,1)
[1360]: (93.25056653138247,1)
[1361]: (93.04383770016753,1)
[1362]: (93.0691068154557,1)
[1363]: (93.20442147289414,1)
[1364]: (93.98629023743975,1)
[1365]: (93.2977227731393,1)
[1366]: (93.00197443302359,1)
[1367]: (93.08629121736136,1)
[1368]: (93.0647606094182,1)
[1369]: (93.73521457267654,1)
[1370]: (93.09832537603603,1)
[1371]: (93.34260150582881,1)
[1372]: (93.12807322639203,1)
[1373]: (93.99696595893177,1)
[1374]: (93.20000222233902,1)
[1375]: (93.00103756404363,1)
[1376]: (93.25605506009447,1)
[1377]: (93.07127657944579,1)
[1378]: (93.20330521881154,1)
[1379]: (93.3729348450229,1)
[1380]: (93.23903575537872,1)
[1381]: (93.59372977304672,1)
[1382]: (93.12788874908924,1)
[1383]: (93.11706861708191,1)
[1384]: (93.08026521523971,1)
[1385]: (93.16614002630692,1)
[1386]: (93.07557907583084,1)
[1387]: (93.37206977341782,1)
[1388]: (93.82673637164683,1)
[1389]: (93.15941371764974,1)
[1390]: (93.18765786130173,1)
[1391]: (93.02721601950405,1)
[1392]: (93.35580580712771,1)
[1393]: (93.02857123902494,1)
[1394]: (93.19503468619865,1)
[1395]: (93.08435839533072,1)
[1396]: (93.08713457809644,1)
[1397]: (93.06132676189392,1)
[1398]: (93.03091037706123,1)
[1399]: (93.75472969817855,1)
[1400]: (93.51073607877886,1)
[1401]: (93.3062363570041,1)
[1402]: (93.5898193708686,1)
[1403]: (93.06004634035864,1)
[1404]: (93.0390288198427,1)
[1405]: (93.01055586635329,1)
[1406]: (93.03301076853643,1)
[1407]: (93.10864683371244,1)
[1408]: (93.31531622524646,1)
[1409]: (93.04379604780532,1)
[1410]: (93.22503782256516,1)
[1411]: (93.32199569935115,1)
[1412]: (93.10518310389986,1)
[1413]: (93.02857292608307,1)
[1414]: (93.22609149131814,1)
[1415]: (93.1620835703966,1)
[1416]: (94.37815884872691,1)
[1417]: (93.23500160305517,1)
[1418]: (93.73898481756703,1)
[1419]: (93.2013299195899,1)
[1420]: (93.44823098007733,1)
[1421]: (93.07707370983441,1)
[1422]: (93.3544102722723,1)
[1423]: (93.68762517109009,1)
[1424]: (93.11213269596267,1)
[1425]: (93.67725701628314,1)
[1426]: (93.25973246329914,1)
[1427]: (93.17212932961034,1)
[1428]: (93.02432775339138,1)
[1429]: (93.12101018869808,1)
[1430]: (93.05266192966444,1)
[1431]: (94.36014321163793,1)
[1432]: (94.47417801718888,1)
[1433]: (93.19562585719903,1)
[1434]: (93.73269393174446,1)
[1435]: (94.29269495665233,1)
[1436]: (93.0053921045028,1)
[1437]: (93.05228390184681,1)
[1438]: (93.16712889241015,1)
[1439]: (93.13730883714096,1)
[1440]: (93.68379216052759,1)
[1441]: (93.12029861331682,1)
[1442]: (93.34364643052,1)
[1443]: (93.84782528826671,1)
[1444]: (93.07741938109588,1)
[1445]: (93.87558275622412,1)
[1446]: (93.25649271937642,1)
[1447]: (93.33251143490311,1)
[1448]: (93.71451441896107,1)
[1449]: (93.22097075781279,1)
[1450]: (93.75310174768876,1)
[1451]: (93.2793017283353,1)
[1452]: (93.11059964807717,1)
[1453]: (93.38643250908213,1)
[1454]: (93.18626303730294,1)
[1455]: (93.32065250234731,1)
[1456]: (93.01358726798998,1)
[1457]: (93.21578115125061,1)
[1458]: (93.05792807557498,1)
[1459]: (93.04129232272699,1)
[1460]: (93.45274650850949,1)
[1461]: (93.3354333320295,1)
[1462]: (93.51341039596399,1)
[1463]: (93.01018385753952,1)
[1464]: (93.41510685600124,1)
[1465]: (93.06815395119925,1)
[1466]: (93.36967315797547,1)
[1467]: (93.32609413777971,1)
[1468]: (93.20400100843736,1)
[1469]: (93.14977844572188,1)
[1470]: (93.33854588471678,1)
[1471]: (93.33185571854905,1)
[1472]: (93.74493685019068,1)
[1473]: (93.01458976423329,1)
[1474]: (93.26345186441063,1)
[1475]: (93.02249700755806,1)
[1476]: (93.04490779558088,1)
[1477]: (93.89585805695747,1)
[1478]: (93.21321543843672,1)
[1479]: (93.63430482022012,1)
[1480]: (93.10734559477595,1)
[1481]: (93.03025707778059,1)
[1482]: (93.14682740475125,1)
[1483]: (94.28671298558211,1)
[1484]: (93.0250813443762,1)
[1485]: (93.14820803972391,1)
[1486]: (93.56877048642102,1)
[1487]: (93.43827553102004,1)
[1488]: (93.02850781971513,1)
[1489]: (93.0391558634125,1)
[1490]: (94.0822825229676,1)
[1491]: (93.06808716221174,1)
[1492]: (93.22544503464553,1)
[1493]: (93.70459316903515,1)
[1494]: (93.22628690502368,1)
[1495]: (94.18188825354463,1)
[1496]: (93.02236480151163,1)
[1497]: (93.02887148920469,1)
[1498]: (94.66722207868781,1)
[1499]: (93.07780870652751,1)
[1500]: (93.05939963301408,1)
[1501]: (93.18198990869405,1)
[1502]: (93.08670654031657,1)
[1503]: (93.00218564578303,1)
[1504]: (93.05251121909666,1)
[1505]: (93.40239383682884,1)
[1506]: (93.39121958355906,1)
[1507]: (93.58313216004363,1)
[1508]: (93.08494787338871,1)
[1509]: (93.60154026380904,1)
[1510]: (93.0783670307096,1)
[1511]: (93.26637764587831,1)
[1512]: (93.17707551474653,1)
[1513]: (93.06227560126898,1)
[1514]: (93.24300258472168,1)
[1515]: (93.26445537717542,1)
[1516]: (93.4294545920403,1)
[1517]: (93.12340526500427,1)
[1518]: (93.27485689114242,1)
[1519]: (93.28258961772696,1)
[1520]: (94.95378587184496,1)
[1521]: (93.39113668562223,1)
[1522]: (93.85877224467029,1)
[1523]: (93.44489582983803,1)
[1524]: (93.45405175196474,1)
[1525]: (93.04344538308551,1)
[1526]: (93.07925984878285,1)
[1527]: (93.6363294171626,1)
[1528]: (93.66041889511627,1)
[1529]: (93.08531545247067,1)
[1530]: (93.72417804275393,1)
[1531]: (93.00386975091872,1)
[1532]: (93.82160870556046,1)
[1533]: (93.11759156878188,1)
[1534]: (94.6521552403967,1)
[1535]: (94.07743037809126,1)
[1536]: (93.05019335426665,1)
[1537]: (93.0385427166584,1)
[1538]: (93.19883569339407,1)
[1539]: (93.37675043715802,1)
[1540]: (93.34865624124301,1)
[1541]: (93.7022872261241,1)
[1542]: (93.36624305211353,1)
[1543]: (93.39820577986431,1)
[1544]: (93.42521594940143,1)
[1545]: (93.1694594220305,1)
[1546]: (93.18063364532016,1)
[1547]: (93.37094760652838,1)
[1548]: (93.16592589388067,1)
[1549]: (93.33473921047634,1)
[1550]: (93.83012980393427,1)
[1551]: (93.23390805349722,1)
[1552]: (93.40648929516598,1)
[1553]: (93.28101818627184,1)
[1554]: (93.42834816699006,1)
[1555]: (93.47732363112576,1)
[1556]: (93.11635669867916,1)
[1557]: (93.46284939026989,1)
[1558]: (94.17203943243693,1)
[1559]: (93.25878486795364,1)
[1560]: (93.586548514047,1)
[1561]: (93.30732976980421,1)
[1562]: (93.6227784587748,1)
[1563]: (93.27851464838263,1)
[1564]: (94.12582566286257,1)
[1565]: (93.23456318367431,1)
[1566]: (93.16432133050657,1)
[1567]: (93.2357647831723,1)
[1568]: (94.08899183392714,1)
[1569]: (93.14515006137434,1)
[1570]: (93.04708949963211,1)
[1571]: (93.21070087419599,1)
[1572]: (93.64324521961422,1)
[1573]: (93.0003877226054,1)
[1574]: (93.34637222280618,1)
[1575]: (93.56530227626629,1)
[1576]: (93.20157418065811,1)
[1577]: (93.79398330757095,1)
[1578]: (93.11833348930834,1)
[1579]: (93.77048811224442,1)
[1580]: (93.18669530892564,1)
[1581]: (93.15293424909042,1)
[1582]: (93.29538119790072,1)
[1583]: (93.10748499773908,1)
[1584]: (93.76260442765077,1)
[1585]: (93.10628238317247,1)
[1586]: (93.17786588289466,1)
[1587]: (93.59421197744295,1)
[1588]: (93.17840881481725,1)
[1589]: (93.17375806675747,1)
[1590]: (93.37665761285061,1)
[1591]: (93.15214431405586,1)
[1592]: (93.53533274422651,1)
[1593]: (93.46980899268782,1)
[1594]: (93.51621215036985,1)
[1595]: (93.79279814930409,1)
[1596]: (93.4766895435518,1)
[1597]: (93.70930067453531,1)
[1598]: (93.14215230881668,1)
[1599]: (93.24033357080917,1)
[1600]: (93.98709329486032,1)
[1601]: (93.36087040187488,1)
[1602]: (93.81456585984317,1)
[1603]: (93.26486972993943,1)
[1604]: (93.01256879182812,1)
[1605]: (93.0870192754742,1)
[1606]: (93.25737973786289,1)
[1607]: (93.00755870689547,1)
[1608]: (93.35612602427318,1)
[1609]: (94.54003469665709,1)
[1610]: (93.12147814607872,1)
[1611]: (93.04473181052943,1)
[1612]: (93.18769801246111,1)
[1613]: (93.01317890989337,1)
[1614]: (93.35269710249543,1)
[1615]: (93.33880359091644,1)
[1616]: (93.20469467447957,1)
[1617]: (93.73669955071541,1)
[1618]: (93.84140203567368,1)
[1619]: (93.16091163166591,1)
[1620]: (93.33698249633869,1)
[1621]: (93.14183883595275,1)
[1622]: (93.06377704907854,1)
[1623]: (93.17483143089044,1)
[1624]: (93.67037586682216,1)
[1625]: (93.56492268223505,1)
[1626]: (93.03908892433141,1)
[1627]: (93.18008537253684,1)
[1628]: (93.74927213468585,1)
[1629]: (93.18456289179149,1)
[1630]: (93.66997447933691,1)
[1631]: (93.61167819131592,1)
[1632]: (93.04710635969352,1)
[1633]: (94.41156480611039,1)
[1634]: (93.26896731744156,1)
[1635]: (93.13153431465732,1)
[1636]: (94.88305702114047,1)
[1637]: (93.15284287980282,1)
[1638]: (93.88108209751978,1)
[1639]: (93.45789440829763,1)
[1640]: (93.09465275139171,1)
[1641]: (93.47921089990402,1)
[1642]: (93.64490138640521,1)
[1643]: (93.30387021897964,1)
[1644]: (93.50763474992853,1)
[1645]: (93.00708108096975,1)
[1646]: (93.50801334945832,1)
[1647]: (93.12795782127807,1)
[1648]: (93.05810843987186,1)
[1649]: (93.16203018940404,1)
[1650]: (93.32222612529397,1)
[1651]: (93.74360208462319,1)
[1652]: (93.55612751958341,1)
[1653]: (94.67057814356383,1)
[1654]: (93.05553329239693,1)
[1655]: (93.03267768888408,1)
[1656]: (93.03678877248241,1)
[1657]: (93.42108402437125,1)
[1658]: (93.00467960232315,1)
[1659]: (93.22025028348712,1)
[1660]: (93.10136968206052,1)
[1661]: (93.04843503792051,1)
[1662]: (93.2258092609048,1)
[1663]: (94.0271784881981,1)
[1664]: (93.70824033240523,1)
[1665]: (93.172449065411,1)
[1666]: (93.08216502749423,1)
[1667]: (93.03498759860955,1)
[1668]: (93.67737678132377,1)
[1669]: (93.48382418065272,1)
[1670]: (93.10637451138726,1)
[1671]: (93.12053966592005,1)
[1672]: (93.21934132465654,1)
[1673]: (93.23316436942675,1)
[1674]: (93.63502986003822,1)
[1675]: (93.11026116174394,1)
[1676]: (93.03054138259111,1)
[1677]: (94.24751367302679,1)
[1678]: (93.73484195331559,1)
[1679]: (93.18611285014646,1)
[1680]: (93.3886094573519,1)
[1681]: (93.28754609662158,1)
[1682]: (93.48438764659677,1)
[1683]: (93.50880627307022,1)
[1684]: (93.09547368279047,1)
[1685]: (93.0438328025061,1)
[1686]: (93.84756931052021,1)
[1687]: (93.00068834196051,1)
[1688]: (93.45145226589517,1)
[1689]: (93.59810290676263,1)
[1690]: (93.92014024627689,1)
[1691]: (93.5382954123962,1)
[1692]: (93.46358371980568,1)
[1693]: (93.58554966629134,1)
[1694]: (93.01293958936748,1)
[1695]: (93.05466649578334,1)
[1696]: (93.35888088478774,1)
[1697]: (93.66412510801483,1)
[1698]: (93.48596736966827,1)
[1699]: (93.4613894257209,1)
[1700]: (93.0416630676509,1)
[1701]: (93.0511930768855,1)
[1702]: (93.37835355294679,1)
[1703]: (93.53213562719466,1)
[1704]: (93.0237279267924,1)
[1705]: (93.16350703917414,1)
[1706]: (93.08816064359215,1)
[1707]: (93.22631883553525,1)
[1708]: (93.02988161748669,1)
[1709]: (93.07379932635632,1)
[1710]: (93.21641490991557,1)
[1711]: (93.7854020456367,1)
[1712]: (93.30271408563416,1)
[1713]: (94.83350136199127,1)
[1714]: (93.05243128369672,1)
[1715]: (93.19104258340407,1)
[1716]: (93.0086829706943,1)
[1717]: (93.14549885634987,1)
[1718]: (93.2617114524561,1)
[1719]: (93.1268039219316,1)
[1720]: (93.41000349988943,1)
[1721]: (93.19701004945632,1)
[1722]: (93.25442317487691,1)
[1723]: (93.00327997419841,1)
[1724]: (93.27007220612104,1)
[1725]: (93.08337513208585,1)
[1726]: (93.50156801582469,1)
[1727]: (93.12574953961048,1)
[1728]: (93.22871541348174,1)
[1729]: (93.50051870457973,1)
[1730]: (93.35733117930343,1)
[1731]: (93.04904148311145,1)
[1732]: (93.08442371241993,1)
[1733]: (93.16510235617046,1)
[1734]: (93.32342145560857,1)
[1735]: (93.56373730342858,1)
[1736]: (93.19907147062263,1)
[1737]: (93.38830419167238,1)
[1738]: (93.11840656176649,1)
[1739]: (93.18215668689579,1)
[1740]: (93.02408705796819,1)
[1741]: (93.21355139669984,1)
[1742]: (93.10356694447272,1)
[1743]: (93.24098996791771,1)
[1744]: (93.34632503730876,1)
[1745]: (93.17059771975025,1)
[1746]: (93.72034186320921,1)
[1747]: (93.2876170168842,1)
[1748]: (93.36904313636309,1)
[1749]: (93.16956545123725,1)
[1750]: (93.1062299728336,1)
[1751]: (93.95485879165837,1)
[1752]: (93.02144896108817,1)
[1753]: (93.43664008312354,1)
[1754]: (93.16266720542566,1)
[1755]: (93.09078044221435,1)
[1756]: (93.04623852903174,1)
[1757]: (93.42865803237953,1)
[1758]: (93.54255916882833,1)
[1759]: (94.13402862533468,1)
[1760]: (93.07220351073505,1)
[1761]: (93.07367187179325,1)
[1762]: (93.45050268566244,1)
[1763]: (93.15479198414204,1)
[1764]: (93.43442297571667,1)
[1765]: (93.22122407617469,1)
[1766]: (93.41082486725732,1)
[1767]: (93.26921631903025,1)
[1768]: (93.13382993748341,1)
[1769]: (93.08244988466851,1)
[1770]: (93.4419789516822,1)
[1771]: (93.26821104613974,1)
[1772]: (93.16555356204758,1)
[1773]: (93.0357458052451,1)
[1774]: (93.08059521479302,1)
[1775]: (93.4212498296931,1)
[1776]: (93.58397548224589,1)
[1777]: (94.12007419634918,1)
[1778]: (94.04668217983252,1)
[1779]: (93.69015985343654,1)
[1780]: (94.5278973434429,1)
[1781]: (93.00060271152013,1)
[1782]: (93.02002441406299,1)
[1783]: (93.14515769531938,1)
[1784]: (93.53023395940721,1)
[1785]: (93.05560842111679,1)
[1786]: (93.72333703918379,1)
[1787]: (94.15219171703713,1)
[1788]: (93.98103095978622,1)
[1789]: (93.03199583704368,1)
[1790]: (93.04421478779312,1)
[1791]: (93.22377599240649,1)
[1792]: (93.25977939839345,1)
[1793]: (93.14177334974414,1)
[1794]: (93.6687833071399,1)
[1795]: (93.42341519439529,1)
[1796]: (93.5109386087034,1)
[1797]: (93.17171351533584,1)
[1798]: (93.00512442895214,1)
[1799]: (93.20506338685101,1)
[1800]: (94.17966357572647,1)
[1801]: (93.19563829040172,1)
[1802]: (94.07075018476634,1)
[1803]: (93.14015437183807,1)
[1804]: (93.21806559006112,1)
[1805]: (93.02375920996934,1)
[1806]: (93.00297843933481,1)
[1807]: (93.02952892354497,1)
[1808]: (93.7273967070673,1)
[1809]: (93.21040918000202,1)
[1810]: (93.44187827268856,1)
[1811]: (93.20892024109862,1)
[1812]: (93.22587517798476,1)
[1813]: (93.03444109406155,1)
[1814]: (93.15463312924571,1)
[1815]: (93.29905126764234,1)
[1816]: (94.12603352436274,1)
[1817]: (93.36977352086031,1)
[1818]: (93.11238290793422,1)
[1819]: (93.38761424110486,1)
[1820]: (93.31174173613599,1)
[1821]: (93.42556008355069,1)
[1822]: (93.28328686968673,1)
[1823]: (93.0445868980463,1)
[1824]: (93.09907631215712,1)
[1825]: (93.05340119309373,1)
[1826]: (93.56705159912705,1)
[1827]: (93.24920088899098,1)
[1828]: (93.40884738911184,1)
[1829]: (93.33173920249205,1)
[1830]: (93.47089924044921,1)
[1831]: (93.62633903027438,1)
[1832]: (93.01130606583661,1)
[1833]: (93.09160675189197,1)
[1834]: (93.44267447806678,1)
[1835]: (93.52547614058328,1)
[1836]: (93.31651747750128,1)
[1837]: (93.00334081422952,1)
[1838]: (93.0705094807787,1)
[1839]: (93.17232292455562,1)
[1840]: (93.29059219335015,1)
[1841]: (93.11732496510872,1)
[1842]: (93.41011084671898,1)
[1843]: (93.28324100532743,1)
[1844]: (93.045796906612,1)
[1845]: (93.55484038318248,1)
[1846]: (93.32135865871419,1)
[1847]: (93.13140262306146,1)
[1848]: (93.2951364065061,1)
[1849]: (93.33385242213375,1)
[1850]: (93.00019705524971,1)
[1851]: (93.12027211239375,1)
[1852]: (93.21541599187861,1)
[1853]: (94.5616947279409,1)
[1854]: (93.15253518763807,1)
[1855]: (93.09527337154525,1)
[1856]: (93.02079884913631,1)
[1857]: (93.10472280309737,1)
[1858]: (93.06218658230806,1)
[1859]: (93.53464329625031,1)
[1860]: (93.79563751652485,1)
[1861]: (93.07384954114684,1)
[1862]: (93.14813695487506,1)
[1863]: (93.46143906909646,1)
[1864]: (93.28534403114632,1)
[1865]: (93.25928519855263,1)
[1866]: (93.40577486225821,1)
[1867]: (95.15346393919545,1)
[1868]: (93.23134326430144,1)
[1869]: (93.22527814599755,1)
[1870]: (93.11969781036413,1)
[1871]: (93.38448394908259,1)
[1872]: (93.34337710370873,1)
[1873]: (93.15110668847238,1)
[1874]: (93.29516693007473,1)
[1875]: (93.91178626399672,1)
[1876]: (93.10640199373906,1)
[1877]: (93.23126628630713,1)
[1878]: (94.81667924982716,1)
[1879]: (93.22251333502176,1)
[1880]: (93.08118956183493,1)
[1881]: (93.00078092268822,1)
[1882]: (93.28660901608977,1)
[1883]: (93.14944524092067,1)
[1884]: (93.20865040403288,1)
[1885]: (93.2047973885664,1)
[1886]: (93.36402117795001,1)
[1887]: (93.03144232773005,1)
[1888]: (93.28977675012059,1)
[1889]: (93.14950784297486,1)
[1890]: (93.98589024644362,1)
[1891]: (93.37997649599987,1)
[1892]: (93.12575186228563,1)
[1893]: (93.01975657662913,1)
[1894]: (93.20237468478376,1)
[1895]: (93.16843019083369,1)
[1896]: (93.92374626932559,1)
[1897]: (93.37509828156288,1)
[1898]: (93.13603813738142,1)
[1899]: (93.09019429770522,1)
[1900]: (93.15500815351687,1)
[1901]: (93.24627672563906,1)
[1902]: (93.03998115087167,1)
[1903]: (93.10894459826842,1)
[1904]: (93.78234155185704,1)
[1905]: (93.08909452991352,1)
[1906]: (93.04755588944296,1)
[1907]: (93.06734966752758,1)
[1908]: (93.28261716346404,1)
[1909]: (93.10710327768437,1)
[1910]: (93.76660434809369,1)
[1911]: (93.10566067680732,1)
[1912]: (93.29639508428357,1)
[1913]: (93.02532192229786,1)
[1914]: (93.01845637830462,1)
[1915]: (93.08163825185653,1)
[1916]: (93.59734181024589,1)
[1917]: (93.15022183992586,1)
[1918]: (93.27785845572038,1)
[1919]: (93.01542951162683,1)
[1920]: (93.23299821420621,1)
[1921]: (93.92943306095768,1)
[1922]: (93.10449997153511,1)
[1923]: (93.23210293365437,1)
[1924]: (93.33560479271593,1)
[1925]: (93.35161609127573,1)
[1926]: (93.15144774791058,1)
[1927]: (93.03343545318978,1)
[1928]: (93.38951597275879,1)
[1929]: (93.17905706603612,1)
[1930]: (93.18346644847806,1)
[1931]: (93.07783618969081,1)
[1932]: (93.27530739167355,1)
[1933]: (93.10328350816705,1)
[1934]: (94.0483496126455,1)
[1935]: (93.76938534945293,1)
[1936]: (93.41685832371262,1)
[1937]: (93.08260451226523,1)
[1938]: (93.44680462427527,1)
[1939]: (93.3663437394212,1)
[1940]: (93.43855771330074,1)
[1941]: (94.04473178703326,1)
[1942]: (93.23295567600928,1)
[1943]: (94.06440811320972,1)
[1944]: (93.02547582984556,1)
[1945]: (93.0174547150993,1)
[1946]: (93.00307367695451,1)
[1947]: (93.30002433359715,1)
[1948]: (93.37377811919357,1)
[1949]: (93.56491203411002,1)
[1950]: (93.16236000799725,1)
[1951]: (93.15828258085514,1)
[1952]: (93.03844988548904,1)
[1953]: (93.11508950929047,1)
[1954]: (93.04015605167618,1)
[1955]: (93.02862600887369,1)
[1956]: (93.23678269226801,1)
[1957]: (93.06822124446326,1)
[1958]: (93.54776762801137,1)
[1959]: (93.10188702144326,1)
[1960]: (93.81101847661309,1)
[1961]: (93.15260573788872,1)
[1962]: (94.76964312030871,1)
[1963]: (93.4407732014338,1)
[1964]: (93.41343681722874,1)
[1965]: (93.04702181856955,1)
[1966]: (93.85163176241328,1)
[1967]: (93.02714346024472,1)
[1968]: (93.28001836222938,1)
[1969]: (93.03715798951906,1)
[1970]: (93.19246156660326,1)
[1971]: (93.90827930588011,1)
[1972]: (93.19783495907237,1)
[1973]: (93.48522140922076,1)
[1974]: (93.46578706503998,1)
[1975]: (93.23302989394837,1)
[1976]: (93.26781940854512,1)
[1977]: (93.30412819661098,1)
[1978]: (93.85036984362722,1)
[1979]: (93.52098805868586,1)
[1980]: (93.00371279494935,1)
[1981]: (93.00428353701886,1)
[1982]: (93.20139042669837,1)
[1983]: (93.13551051088753,1)
[1984]: (93.34637230988034,1)
[1985]: (93.07907293650226,1)
[1986]: (93.38625254299319,1)
[1987]: (93.5526195025445,1)
[1988]: (93.12202918304159,1)
[1989]: (94.51784217936726,1)
[1990]: (93.01881406711416,1)
[1991]: (93.06904446881342,1)
[1992]: (93.13345491889352,1)
[1993]: (93.18060924270172,1)
[1994]: (93.37270373868398,1)
[1995]: (93.07202094166267,1)
[1996]: (93.08259631379721,1)
[1997]: (93.10638220265973,1)
[1998]: (93.08236066980251,1)
[1999]: (93.09908564390331,1)
 -- States explored : 0 states
 -- CPU user time used : 14410 ms
 -- Virtual memory used : 192932 KiB
 -- Resident memory used : 154660 KiB
executionTime: 91
