core file size          (blocks, -c) unlimited
data seg size           (kbytes, -d) unlimited
scheduling priority             (-e) 0
file size               (blocks, -f) unlimited
pending signals                 (-i) 4077086
max locked memory       (kbytes, -l) 64
max memory size         (kbytes, -m) 32505856
open files                      (-n) 4096
pipe size            (512 bytes, -p) 8
POSIX message queues     (bytes, -q) 819200
real-time priority              (-r) 0
stack size              (kbytes, -s) 8192
cpu time               (seconds, -t) unlimited
max user processes              (-u) 4077086
virtual memory          (kbytes, -v) 31000000
file locks                      (-x) unlimited
Options for the verification:
  Generating some trace
  Search order is random depth first
  Using conservative space optimisation
  Seed is 1556899887
  State space representation uses minimal constraint systems
  Using HashMap + Compress integers for discrete state storage

Verifying formula 1 at ../queries/SN_50_68_16.q:1
 -- Formula is satisfied.
(9000 runs)
Learning statistics for best strategy: 
	Number of resets: 1
	Number of iterations in last reset: 10
	Number of iterations in total: 26

 -- States explored : 0 states
 -- CPU user time used : 69990 ms
 -- Virtual memory used : 56228 KiB
 -- Resident memory used : 17648 KiB

Verifying formula 2 at ../queries/SN_50_68_16.q:3
 -- Formula is satisfied.
Composer.Done:
[0]: (0,0) (172.2121680725406,1)
[1]: (172.1464208819546,1)
[2]: (172.2039519924731,1)
[3]: (172.3133940536202,1)
[4]: (172.3380741582207,1)
[5]: (172.044239770715,1)
[6]: (172.2115451867865,1)
[7]: (172.1468745947625,1)
[8]: (172.7310477904919,1)
[9]: (172.1102029235124,1)
[10]: (172.1471915542044,1)
[11]: (172.0489362480462,1)
[12]: (172.1427134498216,1)
[13]: (172.2241587884635,1)
[14]: (172.6754811056247,1)
[15]: (172.2189844420116,1)
[16]: (172.2937382828164,1)
[17]: (172.1046350720476,1)
[18]: (172.9172554185087,1)
[19]: (172.3921450694236,1)
[20]: (172.4590769675188,1)
[21]: (172.3160467402539,1)
[22]: (172.4100390338751,1)
[23]: (172.0162749541799,1)
[24]: (172.2780504489728,1)
[25]: (172.0602061577404,1)
[26]: (172.2953397677597,1)
[27]: (172.3705080391483,1)
[28]: (172.2676443752797,1)
[29]: (172.2372707788679,1)
[30]: (173.1507246184028,1)
[31]: (172.5977224451081,1)
[32]: (172.0246600136411,1)
[33]: (172.0701228181341,1)
[34]: (172.4999597439369,1)
[35]: (172.1131723667306,1)
[36]: (172.5322840042257,1)
[37]: (172.1398002962772,1)
[38]: (172.1909691474791,1)
[39]: (172.0307416842611,1)
[40]: (172.2654489929826,1)
[41]: (172.3137585978968,1)
[42]: (172.1211053675206,1)
[43]: (172.3494329197168,1)
[44]: (172.2117641068584,1)
[45]: (172.1295518783785,1)
[46]: (172.5475446910966,1)
[47]: (172.4365433904437,1)
[48]: (172.0185380620026,1)
[49]: (172.0619207745067,1)
[50]: (172.1350840996161,1)
[51]: (172.4401710276032,1)
[52]: (172.1533041690682,1)
[53]: (172.3762138056942,1)
[54]: (172.4174429070704,1)
[55]: (172.2156210274159,1)
[56]: (172.1654075630681,1)
[57]: (172.1716327553796,1)
[58]: (172.0088736127712,1)
[59]: (172.2141010244337,1)
[60]: (173.3049754575605,1)
[61]: (172.0481100038134,1)
[62]: (172.7241268233072,1)
[63]: (172.7674515552246,1)
[64]: (172.0018700086892,1)
[65]: (172.1946718857635,1)
[66]: (172.3340301435122,1)
[67]: (172.1284607336415,1)
[68]: (172.0241688370844,1)
[69]: (172.3503677098353,1)
[70]: (172.5543425790411,1)
[71]: (172.7262051894101,1)
[72]: (173.0613832600293,1)
[73]: (172.1409815342276,1)
[74]: (172.4843856692942,1)
[75]: (172.1297157999126,1)
[76]: (172.029746996312,1)
[77]: (172.0319578223258,1)
[78]: (172.2701263479495,1)
[79]: (172.5726159204909,1)
[80]: (172.5497229081773,1)
[81]: (172.1659039292547,1)
[82]: (172.0620380686249,1)
[83]: (172.4839368075264,1)
[84]: (172.2217252263058,1)
[85]: (172.0758936608053,1)
[86]: (173.4022775118092,1)
[87]: (173.1972637133966,1)
[88]: (172.0284234904662,1)
[89]: (172.1812852781365,1)
[90]: (172.0560476809844,1)
[91]: (172.250197188147,1)
[92]: (172.2693514310147,1)
[93]: (172.1519982307435,1)
[94]: (173.2481208659524,1)
[95]: (172.8791118042556,1)
[96]: (172.1871415832627,1)
[97]: (172.2832480445687,1)
[98]: (172.372093955105,1)
[99]: (172.2406889026062,1)
[100]: (172.1473569688592,1)
[101]: (172.0766207908354,1)
[102]: (172.3649743757919,1)
[103]: (172.4556498827398,1)
[104]: (172.0531516749764,1)
[105]: (172.5334311151704,1)
[106]: (172.0611544153491,1)
[107]: (173.0552663054667,1)
[108]: (172.2678929032953,1)
[109]: (172.5499339605852,1)
[110]: (172.1201389631027,1)
[111]: (172.5452103993209,1)
[112]: (172.1803927531181,1)
[113]: (172.0687375713714,1)
[114]: (172.2179332195066,1)
[115]: (172.4879825979453,1)
[116]: (173.6405327933375,1)
[117]: (172.4384602788215,1)
[118]: (172.1133521943767,1)
[119]: (172.758264001787,1)
[120]: (172.7572703916018,1)
[121]: (172.009673027356,1)
[122]: (172.5122943323024,1)
[123]: (172.022331874575,1)
[124]: (172.1014791447753,1)
[125]: (173.1934737522863,1)
[126]: (172.0153601745734,1)
[127]: (172.3126608961577,1)
[128]: (172.2363213569942,1)
[129]: (172.4494624476559,1)
[130]: (172.1692265337735,1)
[131]: (172.4914764841432,1)
[132]: (173.0439521636978,1)
[133]: (172.7077107110191,1)
[134]: (172.2756594954903,1)
[135]: (172.0713173707636,1)
[136]: (172.8486114569248,1)
[137]: (172.0787701783948,1)
[138]: (172.0471235780879,1)
[139]: (172.3047431390433,1)
[140]: (172.1407579834803,1)
[141]: (172.2547293861336,1)
[142]: (172.0104606870331,1)
[143]: (172.0444244597883,1)
[144]: (172.0299201632291,1)
[145]: (172.0347059877619,1)
[146]: (172.3053684030558,1)
[147]: (172.0933772210947,1)
[148]: (172.6308099334852,1)
[149]: (172.0726459099987,1)
[150]: (172.4130534604451,1)
[151]: (172.2539210649417,1)
[152]: (172.1002609095529,1)
[153]: (172.4794932225068,1)
[154]: (172.4953783984351,1)
[155]: (172.2918475401631,1)
[156]: (172.4194847157083,1)
[157]: (172.4677532158138,1)
[158]: (172.2867017609129,1)
[159]: (172.8121902076597,1)
[160]: (172.5343747643897,1)
[161]: (172.276135366892,1)
[162]: (172.0008479944512,1)
[163]: (172.3420608811659,1)
[164]: (172.8512716303792,1)
[165]: (172.3465319376642,1)
[166]: (172.3975683920283,1)
[167]: (172.9384086873447,1)
[168]: (172.3155574074294,1)
[169]: (172.8603070188857,1)
[170]: (172.2510249487536,1)
[171]: (172.0798188736538,1)
[172]: (172.287152151793,1)
[173]: (172.1857667494036,1)
[174]: (172.7146187087675,1)
[175]: (173.0140230761881,1)
[176]: (172.4520574817403,1)
[177]: (172.2963966831016,1)
[178]: (172.2517558720413,1)
[179]: (172.0863208287139,1)
[180]: (172.041153253887,1)
[181]: (172.0532932127305,1)
[182]: (172.1307913171726,1)
[183]: (172.0023452504705,1)
[184]: (172.2189640389689,1)
[185]: (172.7894836505115,1)
[186]: (172.0592222453869,1)
[187]: (172.2506458736337,1)
[188]: (172.4575727988061,1)
[189]: (172.6559504245542,1)
[190]: (172.0416505718769,1)
[191]: (172.0367758675827,1)
[192]: (172.0702003653201,1)
[193]: (172.2207066441921,1)
[194]: (172.2671337250941,1)
[195]: (172.1469319759753,1)
[196]: (172.2095079380284,1)
[197]: (172.6830379299863,1)
[198]: (172.7491074273306,1)
[199]: (172.0964498606693,1)
[200]: (172.2091772082746,1)
[201]: (172.4161091220277,1)
[202]: (172.0587740532613,1)
[203]: (173.0229409864601,1)
[204]: (172.460386647105,1)
[205]: (173.7787374014704,1)
[206]: (172.0813974696752,1)
[207]: (172.011389712572,1)
[208]: (172.4185981664653,1)
[209]: (172.1535963186935,1)
[210]: (172.0291994255886,1)
[211]: (172.9470808778631,1)
[212]: (172.1504074170409,1)
[213]: (172.103128318087,1)
[214]: (172.0125207053121,1)
[215]: (172.5690970807705,1)
[216]: (172.8641823663548,1)
[217]: (172.7361743613914,1)
[218]: (172.702934169024,1)
[219]: (172.0416162331421,1)
[220]: (172.0886224364094,1)
[221]: (172.3859470306228,1)
[222]: (172.2008270022633,1)
[223]: (172.4148318450091,1)
[224]: (172.2738376176623,1)
[225]: (172.1111609743851,1)
[226]: (172.8072498577193,1)
[227]: (172.3310726055632,1)
[228]: (172.387996326634,1)
[229]: (172.3782442091626,1)
[230]: (172.1386904009341,1)
[231]: (172.688543279432,1)
[232]: (172.0135898649095,1)
[233]: (172.1314572441555,1)
[234]: (172.2255435856211,1)
[235]: (173.3545425275466,1)
[236]: (172.1564209800785,1)
[237]: (172.0811968987452,1)
[238]: (172.8264061848611,1)
[239]: (172.0035753376756,1)
[240]: (172.1810610817585,1)
[241]: (172.3471147184675,1)
[242]: (172.1225152383987,1)
[243]: (172.3237655273908,1)
[244]: (172.1036539466255,1)
[245]: (172.8558505088783,1)
[246]: (172.000299515194,1)
[247]: (172.0366557383743,1)
[248]: (172.2432172764932,1)
[249]: (172.2308738112174,1)
[250]: (172.0070870058277,1)
[251]: (172.1693861347854,1)
[252]: (172.2036740756451,1)
[253]: (172.0426861462046,1)
[254]: (172.2099281315629,1)
[255]: (172.17648994257,1)
[256]: (172.2108213521416,1)
[257]: (172.0382952909624,1)
[258]: (172.0881595825753,1)
[259]: (172.1156937768112,1)
[260]: (172.0191352068265,1)
[261]: (172.1583541151429,1)
[262]: (172.3853685988949,1)
[263]: (172.6230221897001,1)
[264]: (172.1381203218541,1)
[265]: (172.6081984151845,1)
[266]: (172.1392246962969,1)
[267]: (172.2857780495125,1)
[268]: (172.3372697742215,1)
[269]: (172.2044320832967,1)
[270]: (172.1316692186249,1)
[271]: (172.3489072693,1)
[272]: (172.5767187365962,1)
[273]: (172.4585303982084,1)
[274]: (172.3696893699979,1)
[275]: (172.9676294288328,1)
[276]: (172.264200720834,1)
[277]: (172.1320893193702,1)
[278]: (172.5300145425176,1)
[279]: (172.0051463179163,1)
[280]: (172.2408990265378,1)
[281]: (172.018253756328,1)
[282]: (172.3305961954682,1)
[283]: (172.4260911604027,1)
[284]: (172.229066801632,1)
[285]: (172.0805571555883,1)
[286]: (172.4470155232301,1)
[287]: (172.4136189530941,1)
[288]: (172.5079313297693,1)
[289]: (172.2531064081734,1)
[290]: (172.1152503899119,1)
[291]: (172.2689349539021,1)
[292]: (172.2386879987823,1)
[293]: (172.0477898167342,1)
[294]: (172.5373977173981,1)
[295]: (172.1554680704163,1)
[296]: (172.277814452156,1)
[297]: (172.4193983105937,1)
[298]: (172.8658826132229,1)
[299]: (172.2444027622711,1)
[300]: (173.3350462935257,1)
[301]: (172.3819449885648,1)
[302]: (172.6612523699682,1)
[303]: (172.1393321668219,1)
[304]: (172.0622594579096,1)
[305]: (172.3731823805707,1)
[306]: (172.4366428265723,1)
[307]: (172.067225612823,1)
[308]: (172.1958897958833,1)
[309]: (172.1758004553741,1)
[310]: (172.5022411582812,1)
[311]: (172.1298764291585,1)
[312]: (172.2942450446812,1)
[313]: (172.1129995684013,1)
[314]: (172.1197883103425,1)
[315]: (172.1235641372323,1)
[316]: (172.6642726628742,1)
[317]: (172.089227679737,1)
[318]: (172.0154953995284,1)
[319]: (172.1840731399238,1)
[320]: (172.5350980544424,1)
[321]: (172.3837220968495,1)
[322]: (172.5366564272929,1)
[323]: (174.1479388116208,1)
[324]: (173.0905664166647,1)
[325]: (172.0738397003569,1)
[326]: (172.2563099134174,1)
[327]: (172.1265363385043,1)
[328]: (172.4141657186802,1)
[329]: (172.3829319503935,1)
[330]: (172.0623450087741,1)
[331]: (172.1445022982204,1)
[332]: (172.1002278433897,1)
[333]: (172.3289940662865,1)
[334]: (172.2274852858958,1)
[335]: (172.1840823608697,1)
[336]: (172.0060203741592,1)
[337]: (172.7347284414272,1)
[338]: (172.3277289082315,1)
[339]: (172.0935299292902,1)
[340]: (172.1615852886328,1)
[341]: (173.5375479536002,1)
[342]: (172.4771538794112,1)
[343]: (172.8565232825587,1)
[344]: (172.0804395830596,1)
[345]: (172.0352590550287,1)
[346]: (172.2477580155424,1)
[347]: (172.2493619264039,1)
[348]: (172.2107550109743,1)
[349]: (172.5129569308064,1)
[350]: (172.0307423526544,1)
[351]: (172.0111938631932,1)
[352]: (172.4723622778116,1)
[353]: (172.761781961307,1)
[354]: (172.1236421148785,1)
[355]: (172.6203434653592,1)
[356]: (172.1372294324846,1)
[357]: (172.685159300559,1)
[358]: (172.040208827757,1)
[359]: (172.0107743483804,1)
[360]: (172.1651509151328,1)
[361]: (172.9211292909606,1)
[362]: (172.0264104902424,1)
[363]: (172.5161003714313,1)
[364]: (172.4628305564946,1)
[365]: (172.5051211718945,1)
[366]: (172.4027026754348,1)
[367]: (172.9242800908766,1)
[368]: (172.3066094299589,1)
[369]: (172.052671310676,1)
[370]: (172.1859617227394,1)
[371]: (172.004136646966,1)
[372]: (173.077286607555,1)
[373]: (172.1078492341498,1)
[374]: (172.5954108401525,1)
[375]: (172.1606453457158,1)
[376]: (172.0248104778875,1)
[377]: (172.5133214391561,1)
[378]: (172.4833410449573,1)
[379]: (172.1279931701712,1)
[380]: (172.230814081668,1)
[381]: (172.1308538543715,1)
[382]: (172.3232228914028,1)
[383]: (172.3776390893702,1)
[384]: (172.2143975564791,1)
[385]: (172.1410879047338,1)
[386]: (172.3271983424846,1)
[387]: (172.1790331428587,1)
[388]: (172.0154286436858,1)
[389]: (172.2215315429404,1)
[390]: (172.0244213432762,1)
[391]: (172.7313188403781,1)
[392]: (172.2444374342501,1)
[393]: (172.2628787573743,1)
[394]: (172.8044262307422,1)
[395]: (172.5873935891962,1)
[396]: (172.2988894041198,1)
[397]: (172.3742284511835,1)
[398]: (172.158329312416,1)
[399]: (172.1086778014402,1)
[400]: (172.1100654519764,1)
[401]: (172.1746936883312,1)
[402]: (172.6313910358398,1)
[403]: (172.16616437663,1)
[404]: (172.3515739254407,1)
[405]: (172.1025649183075,1)
[406]: (172.47201466281,1)
[407]: (172.9383702840162,1)
[408]: (172.0231666769661,1)
[409]: (172.270513106592,1)
[410]: (172.096157517236,1)
[411]: (172.0217916964518,1)
[412]: (172.0425961776183,1)
[413]: (172.5972840022353,1)
[414]: (172.3080476442841,1)
[415]: (172.0342204829824,1)
[416]: (172.6949878096224,1)
[417]: (172.1101691001619,1)
[418]: (172.2912779712551,1)
[419]: (172.8324508906415,1)
[420]: (172.1513602969379,1)
[421]: (172.4361953158355,1)
[422]: (172.0349160149228,1)
[423]: (172.2636197130249,1)
[424]: (172.0666806960718,1)
[425]: (172.0104905228939,1)
[426]: (172.0023246407553,1)
[427]: (172.0915643241394,1)
[428]: (172.1653042816183,1)
[429]: (172.0440444022549,1)
[430]: (172.715474795797,1)
[431]: (172.6365436491252,1)
[432]: (172.8634475994171,1)
[433]: (172.0015517013181,1)
[434]: (172.4532451576483,1)
[435]: (172.8913021472304,1)
[436]: (172.6670016794147,1)
[437]: (172.8608409870945,1)
[438]: (172.2632053556925,1)
[439]: (172.84941333381,1)
[440]: (172.0739778184909,1)
[441]: (172.1135779347726,1)
[442]: (172.0112522383725,1)
[443]: (172.0450727449236,1)
[444]: (172.4685312764971,1)
[445]: (172.0259610388705,1)
[446]: (172.1981621635044,1)
[447]: (172.10691996992,1)
[448]: (172.8775757780884,1)
[449]: (172.5689928520611,1)
[450]: (172.6683057926267,1)
[451]: (173.0154848610028,1)
[452]: (172.1205530369095,1)
[453]: (172.0218093263154,1)
[454]: (172.0765227441523,1)
[455]: (172.1121140889576,1)
[456]: (172.4870474533166,1)
[457]: (172.0703650288918,1)
[458]: (172.0065126852705,1)
[459]: (172.0478033817624,1)
[460]: (172.0872228989367,1)
[461]: (172.4645445915342,1)
[462]: (172.0541226776864,1)
[463]: (172.8681885437174,1)
[464]: (172.0471371115637,1)
[465]: (172.1544520505018,1)
[466]: (172.0334484485993,1)
[467]: (172.1928831692714,1)
[468]: (172.2341190563722,1)
[469]: (172.6299219115456,1)
[470]: (172.0670234195425,1)
[471]: (172.015535947507,1)
[472]: (172.2395493591728,1)
[473]: (172.4223582843667,1)
[474]: (172.2167309744186,1)
[475]: (172.9216311409993,1)
[476]: (172.0966284942484,1)
[477]: (173.3772805913383,1)
[478]: (172.6100463077349,1)
[479]: (172.2124006933473,1)
[480]: (174.057378060624,1)
[481]: (172.1333904256457,1)
[482]: (172.5917425565526,1)
[483]: (172.3807415132609,1)
[484]: (172.1660991237879,1)
[485]: (172.2986061955348,1)
[486]: (172.8961273625651,1)
[487]: (172.6377232695006,1)
[488]: (172.0505161989533,1)
[489]: (172.1467395257155,1)
[490]: (172.339085260582,1)
[491]: (173.1313943411742,1)
[492]: (172.3745642650986,1)
[493]: (172.3208482150421,1)
[494]: (172.0274776874296,1)
[495]: (172.0683970044979,1)
[496]: (172.090335324193,1)
[497]: (172.0149796906164,1)
[498]: (172.0305386889653,1)
[499]: (172.3371714407213,1)
[500]: (172.4612317188714,1)
[501]: (172.4638037373369,1)
[502]: (172.0258733363258,1)
[503]: (172.6232696759757,1)
[504]: (172.1120557212074,1)
[505]: (172.7621343539971,1)
[506]: (172.3319898966487,1)
[507]: (172.2680141444054,1)
[508]: (172.7586918357799,1)
[509]: (172.136735413513,1)
[510]: (172.0199310075026,1)
[511]: (172.0927270202929,1)
[512]: (172.0762445956105,1)
[513]: (172.390291753454,1)
[514]: (172.7843644146878,1)
[515]: (172.1831363527844,1)
[516]: (172.0865301020514,1)
[517]: (172.054797651396,1)
[518]: (172.0588108346191,1)
[519]: (172.5618662824881,1)
[520]: (172.007671430709,1)
[521]: (172.0961923482521,1)
[522]: (172.0717793978744,1)
[523]: (172.4140622846788,1)
[524]: (172.0011948081495,1)
[525]: (172.9333658075638,1)
[526]: (172.505535128245,1)
[527]: (172.2525350409212,1)
[528]: (173.5527862602236,1)
[529]: (172.1581497781764,1)
[530]: (172.1702899057486,1)
[531]: (173.2247266219489,1)
[532]: (172.2483034693079,1)
[533]: (172.2688474277269,1)
[534]: (172.3620212850019,1)
[535]: (172.0573049536063,1)
[536]: (172.0830263240512,1)
[537]: (172.5776731349753,1)
[538]: (172.0565305677196,1)
[539]: (172.1220408133631,1)
[540]: (172.050605486687,1)
[541]: (172.0917563626759,1)
[542]: (172.1231142664345,1)
[543]: (172.0502805194529,1)
[544]: (172.0173596388702,1)
[545]: (173.2631599847448,1)
[546]: (172.7483198253426,1)
[547]: (172.0929154976775,1)
[548]: (172.079325938496,1)
[549]: (174.2913797835054,1)
[550]: (172.2311529494334,1)
[551]: (173.2296209724053,1)
[552]: (172.6150804054062,1)
[553]: (172.0801260580828,1)
[554]: (172.1371313228424,1)
[555]: (172.3982428960948,1)
[556]: (172.0065250086234,1)
[557]: (172.1775109350577,1)
[558]: (172.553847589361,1)
[559]: (172.4629627686526,1)
[560]: (172.5423217308248,1)
[561]: (172.0694356024787,1)
[562]: (172.7623692358007,1)
[563]: (172.1562391235332,1)
[564]: (172.5384399291457,1)
[565]: (172.0872411723527,1)
[566]: (172.4399568650418,1)
[567]: (172.1832171128476,1)
[568]: (172.5011326922264,1)
[569]: (172.5307999152409,1)
[570]: (172.5851404710639,1)
[571]: (172.204876304729,1)
[572]: (172.04619038564,1)
[573]: (172.3946741616775,1)
[574]: (172.4428410924966,1)
[575]: (172.0358968744712,1)
[576]: (172.2811204794294,1)
[577]: (172.1927041338355,1)
[578]: (172.0169064115412,1)
[579]: (172.4902854248314,1)
[580]: (172.0440327846306,1)
[581]: (172.4039771874331,1)
[582]: (172.6278622900737,1)
[583]: (172.0843750508322,1)
[584]: (172.3430344402614,1)
[585]: (172.5105196540719,1)
[586]: (172.9854730938367,1)
[587]: (172.8124330175265,1)
[588]: (172.5936769544382,1)
[589]: (172.0395981718468,1)
[590]: (172.2594036664839,1)
[591]: (172.5440920127769,1)
[592]: (172.2595692633722,1)
[593]: (172.143937586946,1)
[594]: (172.1017666776561,1)
[595]: (172.4249439337441,1)
[596]: (172.0369022009942,1)
[597]: (172.163085778679,1)
[598]: (172.0343361444681,1)
[599]: (172.572087481917,1)
[600]: (172.0364602133845,1)
[601]: (172.4404216423679,1)
[602]: (172.0026630879887,1)
[603]: (173.0763601560402,1)
[604]: (172.1524275268667,1)
[605]: (172.3184723365899,1)
[606]: (172.1979418811279,1)
[607]: (172.099029102962,1)
[608]: (172.2344316100818,1)
[609]: (172.0632379844473,1)
[610]: (172.0510277116989,1)
[611]: (172.1420499805384,1)
[612]: (172.1192282206807,1)
[613]: (172.0480360131467,1)
[614]: (172.4042202423041,1)
[615]: (172.5468285397315,1)
[616]: (173.1292767409187,1)
[617]: (172.2563761567065,1)
[618]: (172.4370896516567,1)
[619]: (172.4770080091287,1)
[620]: (172.3285864699448,1)
[621]: (174.5433759903298,1)
[622]: (172.3238737312585,1)
[623]: (172.1326532982847,1)
[624]: (172.0417316972701,1)
[625]: (172.6296748020457,1)
[626]: (172.278787358069,1)
[627]: (172.2844794333445,1)
[628]: (172.0346599981293,1)
[629]: (172.0402338436992,1)
[630]: (172.1822117552773,1)
[631]: (172.7620702011742,1)
[632]: (172.7744446484247,1)
[633]: (172.1496368495155,1)
[634]: (172.5001284151087,1)
[635]: (172.4544505864741,1)
[636]: (172.4030391188846,1)
[637]: (172.0324862171508,1)
[638]: (172.1895079254264,1)
[639]: (172.463044502431,1)
[640]: (172.6139551655489,1)
[641]: (172.2162628273624,1)
[642]: (172.0987688930817,1)
[643]: (172.1667492948444,1)
[644]: (172.1904515241575,1)
[645]: (172.0087094149741,1)
[646]: (172.243964780377,1)
[647]: (172.1939820216683,1)
[648]: (172.9129875031535,1)
[649]: (172.0869421483297,1)
[650]: (172.1371069844266,1)
[651]: (172.8840378111391,1)
[652]: (172.6581530238703,1)
[653]: (173.6475952968691,1)
[654]: (172.5545661306958,1)
[655]: (172.0974150315722,1)
[656]: (172.131750286059,1)
[657]: (173.1946873749121,1)
[658]: (172.4630973362272,1)
[659]: (172.1338546779726,1)
[660]: (172.2073519438416,1)
[661]: (172.2018274157221,1)
[662]: (172.1295003866958,1)
[663]: (172.3687714661773,1)
[664]: (172.3313187701876,1)
[665]: (172.1951483149643,1)
[666]: (172.0718061543151,1)
[667]: (172.138355135707,1)
[668]: (172.1764294480779,1)
[669]: (172.0104837579266,1)
[670]: (172.0542930189023,1)
[671]: (172.1569018217702,1)
[672]: (172.3458961263332,1)
[673]: (172.4682661834731,1)
[674]: (173.0945360235847,1)
[675]: (172.3753037066628,1)
[676]: (172.0911375781386,1)
[677]: (172.0046303195407,1)
[678]: (172.1421312092389,1)
[679]: (172.2554864495498,1)
[680]: (172.1020136232519,1)
[681]: (172.5187254527389,1)
[682]: (173.0428225626518,1)
[683]: (172.0748885804448,1)
[684]: (172.2820221268697,1)
[685]: (172.3037650386355,1)
[686]: (172.879866483173,1)
[687]: (172.1328224834406,1)
[688]: (172.1310938591567,1)
[689]: (172.0118062900214,1)
[690]: (172.4488275580677,1)
[691]: (172.1675272480828,1)
[692]: (172.0597707653674,1)
[693]: (173.1899984689668,1)
[694]: (172.2097955582045,1)
[695]: (172.2968073268723,1)
[696]: (172.5258829874693,1)
[697]: (172.7931812478228,1)
[698]: (172.1996421843083,1)
[699]: (172.0598674008312,1)
[700]: (172.1338818472149,1)
[701]: (172.2537965101127,1)
[702]: (172.2246587110532,1)
[703]: (172.1257752613997,1)
[704]: (172.5958184526484,1)
[705]: (172.0222543491573,1)
[706]: (172.058296826343,1)
[707]: (172.2131264372464,1)
[708]: (172.0694954478693,1)
[709]: (172.1402136696331,1)
[710]: (172.3733471015618,1)
[711]: (172.2675292225076,1)
[712]: (172.0841418328257,1)
[713]: (172.0287547972501,1)
[714]: (172.298405776116,1)
[715]: (172.0594457063725,1)
[716]: (172.2254211217397,1)
[717]: (172.1631395963635,1)
[718]: (172.2257613339881,1)
[719]: (172.0504891357589,1)
[720]: (172.1244657091465,1)
[721]: (172.6971761719253,1)
[722]: (172.1096972260037,1)
[723]: (172.4910437784298,1)
[724]: (172.2952448695234,1)
[725]: (172.1652633607125,1)
[726]: (172.5257440891988,1)
[727]: (172.0004254999805,1)
[728]: (172.0005402519359,1)
[729]: (172.1348930832966,1)
[730]: (172.2623485543863,1)
[731]: (172.2061594136057,1)
[732]: (172.4387155794377,1)
[733]: (172.6182468795502,1)
[734]: (172.2689698768328,1)
[735]: (172.0793836307791,1)
[736]: (172.011529762004,1)
[737]: (172.4046307513539,1)
[738]: (172.2958353761712,1)
[739]: (172.1892758255077,1)
[740]: (172.2554336470372,1)
[741]: (172.2002110292102,1)
[742]: (172.0269984289106,1)
[743]: (172.0821004158651,1)
[744]: (172.4551020152319,1)
[745]: (172.8485698169845,1)
[746]: (172.5297360784069,1)
[747]: (172.0199026377109,1)
[748]: (172.3804297543321,1)
[749]: (172.6193979318613,1)
[750]: (172.732962107209,1)
[751]: (172.0841007364798,1)
[752]: (172.4456649252832,1)
[753]: (173.7722900521433,1)
[754]: (173.0758668226219,1)
[755]: (172.4390355655675,1)
[756]: (172.2063223482916,1)
[757]: (172.1193489422689,1)
[758]: (172.2200843586727,1)
[759]: (172.6163991166004,1)
[760]: (172.2897585745804,1)
[761]: (172.5637482036227,1)
[762]: (172.3768830218529,1)
[763]: (172.8079275609339,1)
[764]: (172.3782864791124,1)
[765]: (172.5504035710151,1)
[766]: (172.1738439547285,1)
[767]: (172.702580572625,1)
[768]: (172.4199474679127,1)
[769]: (172.392970366872,1)
[770]: (172.148158906607,1)
[771]: (172.1211259609035,1)
[772]: (172.3844060935907,1)
[773]: (172.2661328358528,1)
[774]: (172.1862162940799,1)
[775]: (173.3636968673534,1)
[776]: (172.0031706140502,1)
[777]: (172.4560363826338,1)
[778]: (172.6007022918385,1)
[779]: (172.0652406200603,1)
[780]: (172.4900117328739,1)
[781]: (172.0396375561348,1)
[782]: (172.0739643272418,1)
[783]: (172.3291377279875,1)
[784]: (172.0814185023266,1)
[785]: (172.601992307608,1)
[786]: (172.9634233203625,1)
[787]: (172.1290578277631,1)
[788]: (173.0231085357089,1)
[789]: (172.4833521570868,1)
[790]: (172.0106121785444,1)
[791]: (172.4583369883765,1)
[792]: (172.4042872310564,1)
[793]: (172.0287080215898,1)
[794]: (172.2177904219978,1)
[795]: (172.3711763537285,1)
[796]: (172.1695914484317,1)
[797]: (172.5583162645891,1)
[798]: (172.5017266904841,1)
[799]: (172.0812770361961,1)
[800]: (172.1135074022433,1)
[801]: (172.1021058303009,1)
[802]: (172.224352661792,1)
[803]: (172.2777528005529,1)
[804]: (173.2962274067333,1)
[805]: (172.2457070751773,1)
[806]: (172.2615577286891,1)
[807]: (172.081358495237,1)
[808]: (172.2792371725642,1)
[809]: (172.0646786205189,1)
[810]: (172.0840563376653,1)
[811]: (172.7456883712253,1)
[812]: (172.6781386603733,1)
[813]: (172.3331517229849,1)
[814]: (172.3739539033645,1)
[815]: (172.0268839999745,1)
[816]: (172.6371125471407,1)
[817]: (172.0635085735368,1)
[818]: (172.5649264011395,1)
[819]: (172.1871019901427,1)
[820]: (172.0378275539396,1)
[821]: (172.123726159804,1)
[822]: (172.2256156650778,1)
[823]: (172.4765070797936,1)
[824]: (172.6256692414532,1)
[825]: (172.5238537911542,1)
[826]: (172.2203475540092,1)
[827]: (172.7843551784298,1)
[828]: (172.3810403857015,1)
[829]: (172.1356399457452,1)
[830]: (172.2562261536338,1)
[831]: (172.0287888638615,1)
[832]: (172.0911321422863,1)
[833]: (172.4911679245765,1)
[834]: (173.2410567905387,1)
[835]: (172.2534617270613,1)
[836]: (172.2083593642974,1)
[837]: (172.137429637132,1)
[838]: (172.2025993125255,1)
[839]: (172.2423546292448,1)
[840]: (172.0308126929988,1)
[841]: (172.7735623842522,1)
[842]: (172.2581295771945,1)
[843]: (172.0624856592789,1)
[844]: (172.4892610802046,1)
[845]: (173.5386616230053,1)
[846]: (172.6109062539741,1)
[847]: (172.0418915051127,1)
[848]: (172.2928342915856,1)
[849]: (172.0243069162333,1)
[850]: (172.0080397810653,1)
[851]: (172.5766487146589,1)
[852]: (172.0939616971824,1)
[853]: (172.1362620929224,1)
[854]: (172.1428258538157,1)
[855]: (172.355812901504,1)
[856]: (172.3269524937605,1)
[857]: (174.2260633828637,1)
[858]: (173.4707832183834,1)
[859]: (172.2751968295788,1)
[860]: (172.1272917060592,1)
[861]: (172.3629754387428,1)
[862]: (172.2357011840341,1)
[863]: (172.2584532856232,1)
[864]: (172.6069544475495,1)
[865]: (172.1219611801834,1)
[866]: (172.0976990492472,1)
[867]: (172.2589718732998,1)
[868]: (172.1674594891091,1)
[869]: (172.1881830395081,1)
[870]: (172.2800489645695,1)
[871]: (172.1732882840356,1)
[872]: (172.3055305109382,1)
[873]: (172.0014937340535,1)
[874]: (173.4601660227564,1)
[875]: (172.0147836439083,1)
[876]: (172.2709824580581,1)
[877]: (172.3525216550153,1)
[878]: (172.2516121479118,1)
[879]: (172.0499415481111,1)
[880]: (172.1467468648283,1)
[881]: (172.0390768791296,1)
[882]: (172.0405562578287,1)
[883]: (172.1873441014235,1)
[884]: (172.5292510111767,1)
[885]: (172.0535711417907,1)
[886]: (172.1331280151071,1)
[887]: (172.2320658376932,1)
[888]: (172.6022900520329,1)
[889]: (172.5883667949279,1)
[890]: (173.6338053606534,1)
[891]: (172.4428135494854,1)
[892]: (173.395113275881,1)
[893]: (172.2993261781019,1)
[894]: (172.1585125117645,1)
[895]: (172.2019855997733,1)
[896]: (172.0148159097812,1)
[897]: (172.2556710274525,1)
[898]: (172.0109156965775,1)
[899]: (172.0226716985817,1)
[900]: (172.249805734866,1)
[901]: (172.0988245463298,1)
[902]: (172.409001837664,1)
[903]: (172.0173088464585,1)
[904]: (172.5056375766841,1)
[905]: (172.0208336087091,1)
[906]: (172.0648044812676,1)
[907]: (172.3998467762148,1)
[908]: (172.2640991077811,1)
[909]: (172.2825055061141,1)
[910]: (172.0359295062616,1)
[911]: (172.0334454588932,1)
[912]: (172.1836050045604,1)
[913]: (172.0207865362569,1)
[914]: (172.291452850744,1)
[915]: (172.0093514864985,1)
[916]: (172.4845369033888,1)
[917]: (172.6224422664711,1)
[918]: (172.2248035551279,1)
[919]: (172.373190534986,1)
[920]: (172.6342572319215,1)
[921]: (172.0865694922711,1)
[922]: (172.8272955071976,1)
[923]: (172.466227551058,1)
[924]: (172.0351645997026,1)
[925]: (172.172809698281,1)
[926]: (172.1328760593479,1)
[927]: (172.1060131723182,1)
[928]: (172.1227908194984,1)
[929]: (172.6671844641086,1)
[930]: (172.5167074285805,1)
[931]: (172.2929253113507,1)
[932]: (172.1369181779334,1)
[933]: (172.5216058465267,1)
[934]: (173.7071501534785,1)
[935]: (172.2015332956543,1)
[936]: (172.0821212600116,1)
[937]: (172.0836978131059,1)
[938]: (172.4908286618476,1)
[939]: (172.5143215007136,1)
[940]: (173.5168952897601,1)
[941]: (172.5245143569056,1)
[942]: (173.7813242484004,1)
[943]: (172.0667306136307,1)
[944]: (172.1311608198984,1)
[945]: (172.3898931610545,1)
[946]: (172.434092381712,1)
[947]: (172.9034739747206,1)
[948]: (172.1365839124538,1)
[949]: (172.106225695957,1)
[950]: (172.2687119106826,1)
[951]: (172.2939613506575,1)
[952]: (172.1819682315026,1)
[953]: (172.0785518211568,1)
[954]: (172.5990296372924,1)
[955]: (172.7631386319448,1)
[956]: (172.0766220686866,1)
[957]: (172.2614557602309,1)
[958]: (172.2576829892868,1)
[959]: (172.2085796887061,1)
[960]: (172.1542983636667,1)
[961]: (172.2079036814191,1)
[962]: (172.2874203084756,1)
[963]: (172.2922767557916,1)
[964]: (172.0943210257514,1)
[965]: (172.351381819609,1)
[966]: (172.117202692475,1)
[967]: (172.1683782633001,1)
[968]: (172.2068790503134,1)
[969]: (172.6566731967168,1)
[970]: (172.3746232507947,1)
[971]: (172.1431640825607,1)
[972]: (172.0470730290206,1)
[973]: (172.0335349782912,1)
[974]: (173.2047383359539,1)
[975]: (172.0409140247952,1)
[976]: (173.0124558373558,1)
[977]: (172.3772039126368,1)
[978]: (172.0201134658542,1)
[979]: (172.0922758017342,1)
[980]: (172.7420194068476,1)
[981]: (172.1659150358136,1)
[982]: (172.015386500501,1)
[983]: (172.4504819599451,1)
[984]: (172.1510252418989,1)
[985]: (172.9015524979253,1)
[986]: (172.1272846005777,1)
[987]: (172.1956633051368,1)
[988]: (172.2561080909298,1)
[989]: (172.6988912912049,1)
[990]: (172.0027445730887,1)
[991]: (172.5279996336528,1)
[992]: (172.1899474330798,1)
[993]: (172.1461511490991,1)
[994]: (172.0449833424258,1)
[995]: (172.9086181854392,1)
[996]: (172.2473573163596,1)
[997]: (173.098047056222,1)
[998]: (172.0825549484432,1)
[999]: (172.0699460019758,1)
[1000]: (172.3341364060017,1)
[1001]: (172.2906446069753,1)
[1002]: (172.4070943352376,1)
[1003]: (172.2290362403775,1)
[1004]: (172.0904870992019,1)
[1005]: (172.3890860933076,1)
[1006]: (172.0113761570575,1)
[1007]: (172.1107806770625,1)
[1008]: (172.5904352452572,1)
[1009]: (172.146204665343,1)
[1010]: (172.193451427779,1)
[1011]: (172.367719119738,1)
[1012]: (172.7600301456951,1)
[1013]: (172.1654296322395,1)
[1014]: (172.0177363456627,1)
[1015]: (172.3600589461449,1)
[1016]: (172.6073003026809,1)
[1017]: (172.2812862527446,1)
[1018]: (172.3823767073386,1)
[1019]: (174.0904642721613,1)
[1020]: (172.2020720147721,1)
[1021]: (172.5364974925584,1)
[1022]: (172.2025923039992,1)
[1023]: (172.2788166704358,1)
[1024]: (172.2018036538513,1)
[1025]: (172.1439049315605,1)
[1026]: (172.3359774439556,1)
[1027]: (173.1177570948728,1)
[1028]: (172.4691366184914,1)
[1029]: (172.2457008280159,1)
[1030]: (172.1648739779013,1)
[1031]: (172.3712296574204,1)
[1032]: (173.0748998719256,1)
[1033]: (172.1134971013392,1)
[1034]: (172.2233290671745,1)
[1035]: (172.0105495668894,1)
[1036]: (172.4368266034934,1)
[1037]: (172.5796564389168,1)
[1038]: (172.3474385683208,1)
[1039]: (172.1098173815544,1)
[1040]: (172.3105685696842,1)
[1041]: (172.0641543615208,1)
[1042]: (172.1647291294578,1)
[1043]: (172.1169257854587,1)
[1044]: (172.4326098237182,1)
[1045]: (172.2293707435437,1)
[1046]: (172.1727109552378,1)
[1047]: (172.0319870520094,1)
[1048]: (172.7175390366957,1)
[1049]: (172.9266360816117,1)
[1050]: (172.2074272083782,1)
[1051]: (172.05919501619,1)
[1052]: (172.1526191021177,1)
[1053]: (172.7288034571149,1)
[1054]: (172.6325776629058,1)
[1055]: (172.483559703481,1)
[1056]: (172.5302232244171,1)
[1057]: (172.0691645729862,1)
[1058]: (172.0627144918965,1)
[1059]: (172.6868945852351,1)
[1060]: (172.0413958017387,1)
[1061]: (172.2765927817253,1)
[1062]: (172.0926491523163,1)
[1063]: (172.1926453562281,1)
[1064]: (172.0346405912365,1)
[1065]: (172.4985869056625,1)
[1066]: (172.0651875724865,1)
[1067]: (173.2406666393054,1)
[1068]: (172.2994908116858,1)
[1069]: (172.6671882599193,1)
[1070]: (172.0453287078772,1)
[1071]: (172.5423097504408,1)
[1072]: (172.1994916668283,1)
[1073]: (173.1691076654625,1)
[1074]: (173.3102732661389,1)
[1075]: (172.4387841521143,1)
[1076]: (173.14768312923,1)
[1077]: (172.1943865846746,1)
[1078]: (172.0003893070605,1)
[1079]: (172.2876173584754,1)
[1080]: (172.3544992039941,1)
[1081]: (172.3676332792677,1)
[1082]: (172.237198993642,1)
[1083]: (172.4028508750123,1)
[1084]: (172.8150972685373,1)
[1085]: (172.2764878530658,1)
[1086]: (172.3104315872638,1)
[1087]: (172.2361074894842,1)
[1088]: (172.2304295526037,1)
[1089]: (172.1096557942319,1)
[1090]: (172.131575487133,1)
[1091]: (172.084975441959,1)
[1092]: (172.8043732875707,1)
[1093]: (172.2224544087622,1)
[1094]: (172.073491466781,1)
[1095]: (172.7470086772737,1)
[1096]: (172.5826605236071,1)
[1097]: (172.6033901931843,1)
[1098]: (172.249425925473,1)
[1099]: (172.8716877641426,1)
[1100]: (172.0359919393416,1)
[1101]: (172.1314067823204,1)
[1102]: (172.5015831420556,1)
[1103]: (172.1297594159178,1)
[1104]: (172.2581993757098,1)
[1105]: (172.0535241192019,1)
[1106]: (172.0203774948175,1)
[1107]: (173.0034764453297,1)
[1108]: (172.204717616509,1)
[1109]: (172.1153504441652,1)
[1110]: (172.1051937448152,1)
[1111]: (172.0042439466049,1)
[1112]: (172.3767023784652,1)
[1113]: (172.2192372198148,1)
[1114]: (172.3029146256982,1)
[1115]: (172.1822072410847,1)
[1116]: (172.2902748026202,1)
[1117]: (172.0704553357088,1)
[1118]: (172.2849817633322,1)
[1119]: (172.0588942106499,1)
[1120]: (172.1006579891103,1)
[1121]: (172.1748106787892,1)
[1122]: (172.0628118470279,1)
[1123]: (172.3780434289069,1)
[1124]: (172.2471883654063,1)
[1125]: (172.2447182362475,1)
[1126]: (172.0320138655448,1)
[1127]: (172.5031135242442,1)
[1128]: (172.4535571263581,1)
[1129]: (172.2397870840605,1)
[1130]: (172.4079511102395,1)
[1131]: (172.2879417938698,1)
[1132]: (172.1382334846872,1)
[1133]: (172.4184081504967,1)
[1134]: (172.0720655303035,1)
[1135]: (172.2181500526767,1)
[1136]: (172.1862738472625,1)
[1137]: (172.6336899016629,1)
[1138]: (172.3308769640166,1)
[1139]: (172.5449708778073,1)
[1140]: (172.4381513131019,1)
[1141]: (172.0333055627434,1)
[1142]: (172.1735843053939,1)
[1143]: (172.2255187546614,1)
[1144]: (172.0796241411707,1)
[1145]: (172.1672659561358,1)
[1146]: (172.6167508030937,1)
[1147]: (172.262118520624,1)
[1148]: (172.6117805828239,1)
[1149]: (172.0310180123505,1)
[1150]: (172.4910033821488,1)
[1151]: (172.6508655211738,1)
[1152]: (172.4175821007473,1)
[1153]: (172.5716711929229,1)
[1154]: (172.0576060875681,1)
[1155]: (172.6198826416564,1)
[1156]: (172.0558311736174,1)
[1157]: (172.1829636149429,1)
[1158]: (172.3918685567345,1)
[1159]: (172.132583296514,1)
[1160]: (172.3593880720411,1)
[1161]: (172.7308491550013,1)
[1162]: (172.2956506265339,1)
[1163]: (172.6735306052146,1)
[1164]: (172.0721119980009,1)
[1165]: (172.296011998944,1)
[1166]: (172.0319398686614,1)
[1167]: (172.0958631018211,1)
[1168]: (172.6364148715285,1)
[1169]: (172.0037118033334,1)
[1170]: (172.0923288249136,1)
[1171]: (174.2297587052075,1)
[1172]: (172.0699655728956,1)
[1173]: (172.3805779358629,1)
[1174]: (172.0454995630412,1)
[1175]: (172.1086898810118,1)
[1176]: (172.4563577824024,1)
[1177]: (172.180819290822,1)
[1178]: (172.0158694554349,1)
[1179]: (172.3516019222812,1)
[1180]: (172.0830054513322,1)
[1181]: (172.1332509075685,1)
[1182]: (172.0074571251645,1)
[1183]: (172.6962308473554,1)
[1184]: (173.0323832689042,1)
[1185]: (172.0122733282437,1)
[1186]: (172.0108575560253,1)
[1187]: (172.0685911438985,1)
[1188]: (172.1873767031235,1)
[1189]: (172.0928944019142,1)
[1190]: (172.5730134002691,1)
[1191]: (172.0891565038404,1)
[1192]: (172.1317702772809,1)
[1193]: (172.0283447992922,1)
[1194]: (172.3923585586539,1)
[1195]: (172.2970265868157,1)
[1196]: (172.712228499492,1)
[1197]: (172.8359251465029,1)
[1198]: (172.637460279619,1)
[1199]: (172.180763954646,1)
[1200]: (172.1371369235662,1)
[1201]: (173.3882806971349,1)
[1202]: (172.2300171172036,1)
[1203]: (172.0295984929604,1)
[1204]: (172.0520974473909,1)
[1205]: (172.5706156167916,1)
[1206]: (172.0779662642908,1)
[1207]: (172.9467381914349,1)
[1208]: (172.2794613060287,1)
[1209]: (172.1200111612833,1)
[1210]: (172.0482639739819,1)
[1211]: (172.0669840535526,1)
[1212]: (172.2238077085666,1)
[1213]: (172.1328422799581,1)
[1214]: (172.7384044289004,1)
[1215]: (172.0194748091302,1)
[1216]: (172.0389644263851,1)
[1217]: (172.8100186436383,1)
[1218]: (172.1886977903773,1)
[1219]: (172.1098720338912,1)
[1220]: (172.1694029132838,1)
[1221]: (172.4238502098848,1)
[1222]: (172.1721375687061,1)
[1223]: (173.4682540027194,1)
[1224]: (172.611187548231,1)
[1225]: (172.3650500890577,1)
[1226]: (172.0919989764468,1)
[1227]: (173.0456047905173,1)
[1228]: (172.2087521256083,1)
[1229]: (172.005194386421,1)
[1230]: (172.1879418253115,1)
[1231]: (172.8086333700999,1)
[1232]: (172.1423243227088,1)
[1233]: (172.0016794687819,1)
[1234]: (172.0904594602655,1)
[1235]: (172.2734800668675,1)
[1236]: (172.4430650009726,1)
[1237]: (172.039363801546,1)
[1238]: (172.0067926995571,1)
[1239]: (172.2733561008285,1)
[1240]: (172.3085221319341,1)
[1241]: (172.8480445223456,1)
[1242]: (173.6587774177009,1)
[1243]: (172.1883352762181,1)
[1244]: (172.3304838090336,1)
[1245]: (172.1506559213309,1)
[1246]: (172.2729761147678,1)
[1247]: (172.4228591294335,1)
[1248]: (172.5589973445896,1)
[1249]: (172.3148079018197,1)
[1250]: (172.1808957002203,1)
[1251]: (172.7192816563095,1)
[1252]: (172.1874942774469,1)
[1253]: (172.0127004580627,1)
[1254]: (172.2835338813563,1)
[1255]: (172.8466449609541,1)
[1256]: (172.1427437220622,1)
[1257]: (172.0585985342512,1)
[1258]: (172.1827583413711,1)
[1259]: (172.1071857972777,1)
[1260]: (172.3655823809311,1)
[1261]: (172.0366619590643,1)
[1262]: (172.5064839886431,1)
[1263]: (172.2178741979919,1)
[1264]: (172.2080566818261,1)
[1265]: (172.4279580626578,1)
[1266]: (172.1281267700363,1)
[1267]: (172.2092379712383,1)
[1268]: (172.177520565786,1)
[1269]: (172.5144843605572,1)
[1270]: (172.2989215466275,1)
[1271]: (172.3249310991028,1)
[1272]: (172.419687273021,1)
[1273]: (172.4538605363875,1)
[1274]: (172.5637248564851,1)
[1275]: (172.2676218272165,1)
[1276]: (172.3802732144217,1)
[1277]: (172.1423624237973,1)
[1278]: (172.1101203906036,1)
[1279]: (172.1384756900987,1)
[1280]: (172.3000373576544,1)
[1281]: (172.0611595524796,1)
[1282]: (172.0899713975021,1)
[1283]: (172.3572735508614,1)
[1284]: (172.0178515664951,1)
[1285]: (172.0858442570574,1)
[1286]: (172.3005242219897,1)
[1287]: (172.2011842931911,1)
[1288]: (172.5385997926546,1)
[1289]: (172.2780044911532,1)
[1290]: (172.16181982166,1)
[1291]: (172.3571877110673,1)
[1292]: (172.1404163562174,1)
[1293]: (172.5647285892342,1)
[1294]: (172.2563703576457,1)
[1295]: (172.9204465773879,1)
[1296]: (172.7725682103311,1)
[1297]: (172.1586671532642,1)
[1298]: (172.2275456004151,1)
[1299]: (172.0924666754898,1)
[1300]: (172.0166059235911,1)
[1301]: (172.3030612492005,1)
[1302]: (172.1720380618252,1)
[1303]: (172.2296490330562,1)
[1304]: (172.1302793106106,1)
[1305]: (172.2391999446867,1)
[1306]: (172.0195809916463,1)
[1307]: (172.0871458208679,1)
[1308]: (172.0277688676625,1)
[1309]: (172.4228396819651,1)
[1310]: (173.2174188207342,1)
[1311]: (172.2811041625988,1)
[1312]: (172.1749465242762,1)
[1313]: (172.0300450435523,1)
[1314]: (172.2291669242489,1)
[1315]: (172.4021712120979,1)
[1316]: (172.8305171729442,1)
[1317]: (172.283717641841,1)
[1318]: (173.4376298526082,1)
[1319]: (172.2377273708765,1)
[1320]: (172.234447947866,1)
[1321]: (172.9181175305513,1)
[1322]: (172.0510717620652,1)
[1323]: (172.9678594705678,1)
[1324]: (172.3252442507849,1)
[1325]: (172.1416895891132,1)
[1326]: (172.1848082307773,1)
[1327]: (172.2550573966432,1)
[1328]: (172.1170074999166,1)
[1329]: (172.3109208973091,1)
[1330]: (172.210433339016,1)
[1331]: (172.627765681588,1)
[1332]: (172.3051262449848,1)
[1333]: (172.5256731673647,1)
[1334]: (172.3033945887756,1)
[1335]: (172.8608976858796,1)
[1336]: (172.5667133667935,1)
[1337]: (172.7892174450283,1)
[1338]: (172.3278414662581,1)
[1339]: (172.3272289381031,1)
[1340]: (172.3690361478147,1)
[1341]: (172.0597494939466,1)
[1342]: (172.2674833828413,1)
[1343]: (172.2884883162488,1)
[1344]: (172.5639980138682,1)
[1345]: (172.1017835286225,1)
[1346]: (172.3068119209092,1)
[1347]: (172.1660634370421,1)
[1348]: (172.691734538699,1)
[1349]: (172.1423877751936,1)
[1350]: (172.0799234489238,1)
[1351]: (172.4779536347823,1)
[1352]: (172.7259419054938,1)
[1353]: (172.0678702933741,1)
[1354]: (172.214173832562,1)
[1355]: (172.4148144670615,1)
[1356]: (173.0807004967847,1)
[1357]: (172.9840504016402,1)
[1358]: (172.3427131276337,1)
[1359]: (172.1983323385113,1)
[1360]: (172.2188583183123,1)
[1361]: (172.3432071539871,1)
[1362]: (172.1470156102958,1)
[1363]: (172.1022473342044,1)
[1364]: (172.159315528386,1)
[1365]: (172.0158185689459,1)
[1366]: (172.5288703914687,1)
[1367]: (172.1537114752129,1)
[1368]: (172.281860577417,1)
[1369]: (172.0029683220011,1)
[1370]: (172.2598552253307,1)
[1371]: (172.5122806707452,1)
[1372]: (172.3277837620915,1)
[1373]: (172.5872123447074,1)
[1374]: (172.1225040830689,1)
[1375]: (172.2210646515416,1)
[1376]: (172.5046217672828,1)
[1377]: (172.0569238832884,1)
[1378]: (172.1726281744358,1)
[1379]: (172.0686070329964,1)
[1380]: (172.0607181575316,1)
[1381]: (172.1511296617243,1)
[1382]: (172.0942955456611,1)
[1383]: (172.1086856287117,1)
[1384]: (172.2853640634732,1)
[1385]: (172.0359617502502,1)
[1386]: (172.0716688911891,1)
[1387]: (172.5459290181734,1)
[1388]: (172.3202448612776,1)
[1389]: (172.1892878419658,1)
[1390]: (172.2405202843456,1)
[1391]: (172.4006024379127,1)
[1392]: (172.1017408105397,1)
[1393]: (172.0976518876328,1)
[1394]: (172.4851699364199,1)
[1395]: (172.0727955138071,1)
[1396]: (172.8621345653834,1)
[1397]: (172.0627471459786,1)
[1398]: (172.1503563759329,1)
[1399]: (172.1723630353742,1)
[1400]: (172.7583311275201,1)
[1401]: (172.204312683101,1)
[1402]: (172.2087657647778,1)
[1403]: (172.0843753587332,1)
[1404]: (172.0314836660535,1)
[1405]: (172.0513116050521,1)
[1406]: (172.7816360754581,1)
[1407]: (172.2481251984414,1)
[1408]: (172.1214074110162,1)
[1409]: (172.5426578046508,1)
[1410]: (172.1390650156312,1)
[1411]: (172.5928884813189,1)
[1412]: (172.5126290384563,1)
[1413]: (172.4181758228937,1)
[1414]: (172.5061213812539,1)
[1415]: (172.154443408016,1)
[1416]: (172.2156928651188,1)
[1417]: (172.0470353390447,1)
[1418]: (172.0545533341609,1)
[1419]: (172.3405937061216,1)
[1420]: (172.0452351852706,1)
[1421]: (172.1007976914003,1)
[1422]: (172.1733401154579,1)
[1423]: (172.3465345561771,1)
[1424]: (172.1372106427088,1)
[1425]: (172.0647229149461,1)
[1426]: (172.6215541057076,1)
[1427]: (172.1269073287851,1)
[1428]: (172.2475924958906,1)
[1429]: (172.2437038372864,1)
[1430]: (172.6689364909861,1)
[1431]: (172.1430875171948,1)
[1432]: (172.9086125212609,1)
[1433]: (172.6958305377551,1)
[1434]: (173.0992212863101,1)
[1435]: (173.5062839161741,1)
[1436]: (172.2414725313493,1)
[1437]: (172.0808817437591,1)
[1438]: (172.1166486287664,1)
[1439]: (172.2040728891378,1)
[1440]: (172.1720311020307,1)
[1441]: (172.0413494171644,1)
[1442]: (172.4160534733475,1)
[1443]: (172.1291717378748,1)
[1444]: (172.586887664981,1)
[1445]: (172.4097712419836,1)
[1446]: (172.2248086098685,1)
[1447]: (172.6134182730182,1)
[1448]: (172.4528007554044,1)
[1449]: (172.4426458739336,1)
[1450]: (172.329102645308,1)
[1451]: (172.0199745137882,1)
[1452]: (172.3389014314607,1)
[1453]: (173.0253443569187,1)
[1454]: (172.2849947082184,1)
[1455]: (172.0361255095638,1)
[1456]: (172.0118327721404,1)
[1457]: (172.0209889401569,1)
[1458]: (172.671206132661,1)
[1459]: (172.1343893566822,1)
[1460]: (172.0918953201362,1)
[1461]: (172.3921449140148,1)
[1462]: (172.395951269161,1)
[1463]: (172.2215066958924,1)
[1464]: (173.8765682159548,1)
[1465]: (172.0312036399291,1)
[1466]: (172.3780719423013,1)
[1467]: (172.4961016229959,1)
[1468]: (172.718084486586,1)
[1469]: (172.1926037151671,1)
[1470]: (172.1746809231286,1)
[1471]: (172.4427353908974,1)
[1472]: (173.6316365857877,1)
[1473]: (172.6640920194801,1)
[1474]: (172.0434135469133,1)
[1475]: (172.221424494835,1)
[1476]: (172.0216165953835,1)
[1477]: (172.3255044429322,1)
[1478]: (172.0063010352764,1)
[1479]: (172.0138598121117,1)
[1480]: (172.2242123648223,1)
[1481]: (172.0259975793329,1)
[1482]: (172.0800032496037,1)
[1483]: (172.0457978339963,1)
[1484]: (172.506415087674,1)
[1485]: (172.2158593796391,1)
[1486]: (172.0283206932115,1)
[1487]: (172.5287668214595,1)
[1488]: (172.0704270442998,1)
[1489]: (172.3222811840967,1)
[1490]: (172.3388986076045,1)
[1491]: (172.8558695327814,1)
[1492]: (172.948271203796,1)
[1493]: (172.7341843327783,1)
[1494]: (172.3944096873516,1)
[1495]: (172.5270288279602,1)
[1496]: (172.4396279000597,1)
[1497]: (172.0350719384597,1)
[1498]: (172.2812824250514,1)
[1499]: (172.3323051587903,1)
[1500]: (173.294682356856,1)
[1501]: (172.1394245270205,1)
[1502]: (172.4764047507391,1)
[1503]: (172.4829458450992,1)
[1504]: (172.0316838606692,1)
[1505]: (172.7023911623061,1)
[1506]: (172.1481656729048,1)
[1507]: (172.4132040577775,1)
[1508]: (172.142227735359,1)
[1509]: (172.2756717275163,1)
[1510]: (172.0426352532559,1)
[1511]: (172.3932075637906,1)
[1512]: (172.9201506971518,1)
[1513]: (172.0250673366199,1)
[1514]: (172.0371413041225,1)
[1515]: (172.0198684049602,1)
[1516]: (172.3121156598196,1)
[1517]: (172.9979106980431,1)
[1518]: (172.2433743340756,1)
[1519]: (172.114871115902,1)
[1520]: (172.7226430650136,1)
[1521]: (172.1106278078581,1)
[1522]: (172.3831721792086,1)
[1523]: (172.0186864117847,1)
[1524]: (172.544498194827,1)
[1525]: (172.0283266198908,1)
[1526]: (172.3866757848262,1)
[1527]: (172.079302169615,1)
[1528]: (172.6484469376284,1)
[1529]: (172.3317443537974,1)
[1530]: (172.8782440952345,1)
[1531]: (172.3753593590929,1)
[1532]: (172.8083718413044,1)
[1533]: (172.2589349289856,1)
[1534]: (173.4151145742338,1)
[1535]: (172.1458321486946,1)
[1536]: (172.0136213739311,1)
[1537]: (172.0826576879964,1)
[1538]: (172.4358761154376,1)
[1539]: (172.5981157036069,1)
[1540]: (173.0142863033322,1)
[1541]: (172.4366550294883,1)
[1542]: (172.2182284026075,1)
[1543]: (172.2315994889933,1)
[1544]: (172.0453386583766,1)
[1545]: (172.2019510746647,1)
[1546]: (172.1100138252087,1)
[1547]: (172.5080854682805,1)
[1548]: (172.0755021698859,1)
[1549]: (172.205194752004,1)
[1550]: (172.3567949610808,1)
[1551]: (172.1319347581418,1)
[1552]: (172.0643262923047,1)
[1553]: (172.2065027693035,1)
[1554]: (173.0693174638717,1)
[1555]: (172.083985601701,1)
[1556]: (172.0117430344804,1)
[1557]: (172.2119332948747,1)
[1558]: (172.0673558210958,1)
[1559]: (172.0501721446753,1)
[1560]: (172.2296369963528,1)
[1561]: (172.3562249253931,1)
[1562]: (172.3297189500653,1)
[1563]: (172.0809750393597,1)
[1564]: (172.1348556290435,1)
[1565]: (172.4175870939154,1)
[1566]: (172.5690159502021,1)
[1567]: (172.4760279994623,1)
[1568]: (172.2213346837914,1)
[1569]: (172.1409579751535,1)
[1570]: (172.2699376545109,1)
[1571]: (172.089436305353,1)
[1572]: (172.7621975775446,1)
[1573]: (172.3983687949176,1)
[1574]: (172.1296844978688,1)
[1575]: (172.0047061478726,1)
[1576]: (172.2958840164026,1)
[1577]: (173.0910914699378,1)
[1578]: (172.1597835134426,1)
[1579]: (172.3827915413501,1)
[1580]: (172.0510166437689,1)
[1581]: (172.626449211229,1)
[1582]: (172.5729129214964,1)
[1583]: (172.0388400901779,1)
[1584]: (172.1272326801955,1)
[1585]: (172.0145967318531,1)
[1586]: (172.1062465672254,1)
[1587]: (172.0492812026033,1)
[1588]: (173.6649913476087,1)
[1589]: (172.7770983466097,1)
[1590]: (172.269750112984,1)
[1591]: (172.2178615808856,1)
[1592]: (173.2745556506711,1)
[1593]: (172.2043538836302,1)
[1594]: (172.75041994543,1)
[1595]: (172.2725579281266,1)
[1596]: (172.0487088211976,1)
[1597]: (172.1352943900104,1)
[1598]: (172.038336902648,1)
[1599]: (172.2439566998167,1)
[1600]: (172.7035092388344,1)
[1601]: (172.1304202678724,1)
[1602]: (172.0657449874795,1)
[1603]: (172.4818243823998,1)
[1604]: (172.158554915678,1)
[1605]: (172.0349447994363,1)
[1606]: (172.4602619648281,1)
[1607]: (172.2949951856245,1)
[1608]: (172.3846313802918,1)
[1609]: (172.2579952063018,1)
[1610]: (172.1942956264081,1)
[1611]: (172.7110032098075,1)
[1612]: (172.2054151831313,1)
[1613]: (172.8218794402515,1)
[1614]: (172.1633367688949,1)
[1615]: (172.0071505493745,1)
[1616]: (173.3967990734292,1)
[1617]: (172.4841054950401,1)
[1618]: (172.4010918824624,1)
[1619]: (172.5170999083027,1)
[1620]: (172.3280233730035,1)
[1621]: (172.2132003288997,1)
[1622]: (172.0091800811464,1)
[1623]: (172.9588040814115,1)
[1624]: (172.6657445174137,1)
[1625]: (172.0783300477894,1)
[1626]: (172.1435775274473,1)
[1627]: (172.187266959535,1)
[1628]: (172.0633425240806,1)
[1629]: (172.0042690164569,1)
[1630]: (172.0518335720597,1)
[1631]: (172.0164059589331,1)
[1632]: (172.5103580278839,1)
[1633]: (172.5871989539489,1)
[1634]: (172.2228542914998,1)
[1635]: (172.4163469895271,1)
[1636]: (172.0067871926248,1)
[1637]: (172.2516508016529,1)
[1638]: (172.2121179903418,1)
[1639]: (172.1594010073835,1)
[1640]: (172.1714245817402,1)
[1641]: (172.1284456703032,1)
[1642]: (172.0199448720251,1)
[1643]: (172.0428914257012,1)
[1644]: (172.3460796881856,1)
[1645]: (172.0743692450587,1)
[1646]: (172.0177809678918,1)
[1647]: (172.9797299018051,1)
[1648]: (172.0681608269974,1)
[1649]: (172.2275124319291,1)
[1650]: (172.0367816179486,1)
[1651]: (172.0452975688929,1)
[1652]: (172.6108066510188,1)
[1653]: (172.4951743303882,1)
[1654]: (172.1659441410169,1)
[1655]: (172.488508856992,1)
[1656]: (172.3379876263625,1)
[1657]: (172.1815748194255,1)
[1658]: (172.2646412216186,1)
[1659]: (172.9503350818143,1)
[1660]: (172.1046295530645,1)
[1661]: (172.1671312248327,1)
[1662]: (172.0582213261111,1)
[1663]: (172.4919292231745,1)
[1664]: (172.1825853430008,1)
[1665]: (172.5017704321465,1)
[1666]: (172.0483521391914,1)
[1667]: (172.1134129537308,1)
[1668]: (172.0204677596891,1)
[1669]: (172.5698185954458,1)
[1670]: (172.2746654068251,1)
[1671]: (172.1549167245513,1)
[1672]: (172.0281343674127,1)
[1673]: (172.1786976350353,1)
[1674]: (172.4360913935274,1)
[1675]: (172.2124301681123,1)
[1676]: (172.2427213200286,1)
[1677]: (172.0543912911292,1)
[1678]: (172.2020751033257,1)
[1679]: (172.0892361427952,1)
[1680]: (172.4736189155302,1)
[1681]: (172.5310859403917,1)
[1682]: (172.2264746407724,1)
[1683]: (172.0501016456997,1)
[1684]: (172.0350968057626,1)
[1685]: (172.4199292583511,1)
[1686]: (172.6230533578905,1)
[1687]: (172.1492162062531,1)
[1688]: (172.4200313112985,1)
[1689]: (172.2378721869958,1)
[1690]: (172.0589473104753,1)
[1691]: (172.0490548334185,1)
[1692]: (172.3769805340384,1)
[1693]: (172.2838348248998,1)
[1694]: (172.3803512436314,1)
[1695]: (172.0025545317539,1)
[1696]: (172.3678877744414,1)
[1697]: (172.3544013606126,1)
[1698]: (172.4851400654218,1)
[1699]: (172.2636542308424,1)
[1700]: (172.0753083479711,1)
[1701]: (172.104283324941,1)
[1702]: (172.8893611740751,1)
[1703]: (172.3375706362332,1)
[1704]: (172.9413203004432,1)
[1705]: (172.0068611279642,1)
[1706]: (172.722919761022,1)
[1707]: (172.2771142269879,1)
[1708]: (172.0338635674908,1)
[1709]: (172.2165946328831,1)
[1710]: (172.0034039860556,1)
[1711]: (172.2334124393689,1)
[1712]: (172.0229609647743,1)
[1713]: (172.3411115544726,1)
[1714]: (172.0648061168707,1)
[1715]: (172.4814530257459,1)
[1716]: (172.0690535978688,1)
[1717]: (172.4541773376695,1)
[1718]: (172.120621507713,1)
[1719]: (172.7288535597093,1)
[1720]: (172.4930842258854,1)
[1721]: (172.042611864192,1)
[1722]: (172.6692444254292,1)
[1723]: (173.2956951902987,1)
[1724]: (172.1234759577424,1)
[1725]: (172.231816294472,1)
[1726]: (172.3551642687555,1)
[1727]: (172.5867821901326,1)
[1728]: (172.0422736288782,1)
[1729]: (172.0775215705708,1)
[1730]: (172.1871168963784,1)
[1731]: (172.1234890408095,1)
[1732]: (172.2263591941043,1)
[1733]: (172.1549404239456,1)
[1734]: (172.9385623739457,1)
[1735]: (172.3506202213288,1)
[1736]: (172.0951731790732,1)
[1737]: (172.5128439483425,1)
[1738]: (172.2484564798101,1)
[1739]: (172.0372991393734,1)
[1740]: (172.1562405690453,1)
[1741]: (172.682240913831,1)
[1742]: (172.2258312255253,1)
[1743]: (172.260829758939,1)
[1744]: (172.0566126564775,1)
[1745]: (172.1159087241229,1)
[1746]: (172.7588340560767,1)
[1747]: (172.8243021248251,1)
[1748]: (172.8016361104631,1)
[1749]: (172.5907513032642,1)
[1750]: (172.1261294287727,1)
[1751]: (172.0397259974164,1)
[1752]: (172.508947045276,1)
[1753]: (172.0141901561083,1)
[1754]: (172.0699373985186,1)
[1755]: (172.2334903746538,1)
[1756]: (172.239984832939,1)
[1757]: (172.1063037277131,1)
[1758]: (172.0859148146942,1)
[1759]: (172.2953085786826,1)
[1760]: (172.2979560446687,1)
[1761]: (173.3699978947353,1)
[1762]: (172.1047666861477,1)
[1763]: (173.0678319455388,1)
[1764]: (172.0106150799928,1)
[1765]: (172.0679417271638,1)
[1766]: (172.0446769697778,1)
[1767]: (172.0572843002873,1)
[1768]: (172.0534605500227,1)
[1769]: (172.0130242634747,1)
[1770]: (173.4086028941681,1)
[1771]: (172.5142250813099,1)
[1772]: (172.1811194297582,1)
[1773]: (172.0124605926855,1)
[1774]: (172.5997125037993,1)
[1775]: (172.314189528297,1)
[1776]: (172.0424182813956,1)
[1777]: (172.8815723166324,1)
[1778]: (172.1369631686219,1)
[1779]: (172.0591093468006,1)
[1780]: (172.0234743249168,1)
[1781]: (172.1544534675149,1)
[1782]: (172.4016713649828,1)
[1783]: (172.101494427679,1)
[1784]: (172.1443235893122,1)
[1785]: (172.1118261359512,1)
[1786]: (172.1963159805631,1)
[1787]: (172.0847442028711,1)
[1788]: (172.0315691099702,1)
[1789]: (172.0064354677573,1)
[1790]: (172.6956771121893,1)
[1791]: (172.0123637026764,1)
[1792]: (172.0907905550591,1)
[1793]: (173.4621291218868,1)
[1794]: (172.0163878312537,1)
[1795]: (172.03381900499,1)
[1796]: (172.3955422435568,1)
[1797]: (172.2607566612342,1)
[1798]: (172.7129722801216,1)
[1799]: (172.4795825368053,1)
[1800]: (172.3382479160665,1)
[1801]: (172.0993842895763,1)
[1802]: (172.1738623912451,1)
[1803]: (172.6292556560526,1)
[1804]: (172.1813506737263,1)
[1805]: (172.2095964762813,1)
[1806]: (172.4815948011652,1)
[1807]: (172.6759871851705,1)
[1808]: (173.1625809740283,1)
[1809]: (172.1493098831845,1)
[1810]: (172.0208900322272,1)
[1811]: (173.0416159853417,1)
[1812]: (172.1402208403169,1)
[1813]: (172.1574906171539,1)
[1814]: (172.2269530280098,1)
[1815]: (172.0831400665942,1)
[1816]: (172.4751074904086,1)
[1817]: (172.1499677473364,1)
[1818]: (172.0397902909036,1)
[1819]: (172.5666572938799,1)
[1820]: (172.0028223135737,1)
[1821]: (173.0267198958029,1)
[1822]: (172.4186384979502,1)
[1823]: (172.0210565762209,1)
[1824]: (172.1451815471853,1)
[1825]: (172.0200146151739,1)
[1826]: (172.0297738486141,1)
[1827]: (173.4167382093437,1)
[1828]: (172.901995569949,1)
[1829]: (172.8803712339034,1)
[1830]: (172.165812494071,1)
[1831]: (172.0725385986872,1)
[1832]: (172.0793973858886,1)
[1833]: (172.6280977365912,1)
[1834]: (172.1535872300526,1)
[1835]: (172.5452065099048,1)
[1836]: (172.6576508224959,1)
[1837]: (172.4239822593826,1)
[1838]: (172.1602217142361,1)
[1839]: (173.3251672013079,1)
[1840]: (172.3252830198836,1)
[1841]: (172.452802148426,1)
[1842]: (172.1432681663729,1)
[1843]: (172.3602584242074,1)
[1844]: (172.185874385947,1)
[1845]: (172.1882066749058,1)
[1846]: (172.0859810304906,1)
[1847]: (172.1416673714083,1)
[1848]: (172.0720655866131,1)
[1849]: (172.1874120249117,1)
[1850]: (172.0227387297385,1)
[1851]: (172.029366528684,1)
[1852]: (172.2790659581935,1)
[1853]: (172.0867598173924,1)
[1854]: (172.4090291072137,1)
[1855]: (172.1774202803284,1)
[1856]: (173.4169151627733,1)
[1857]: (172.0467525564904,1)
[1858]: (172.1617152040674,1)
[1859]: (172.0812387619959,1)
[1860]: (172.0117250217239,1)
[1861]: (172.2277524720666,1)
[1862]: (172.1004609974222,1)
[1863]: (172.0563910816228,1)
[1864]: (172.2290798472902,1)
[1865]: (172.1069206022505,1)
[1866]: (172.0343214758512,1)
[1867]: (172.2936562176996,1)
[1868]: (172.8885497977521,1)
[1869]: (172.5234735863236,1)
[1870]: (172.1953598436582,1)
[1871]: (172.7380992052362,1)
[1872]: (172.0495586358994,1)
[1873]: (172.0265668810483,1)
[1874]: (172.1234797303643,1)
[1875]: (172.5525617065239,1)
[1876]: (172.0287451267988,1)
[1877]: (172.3368383348368,1)
[1878]: (172.5389358168678,1)
[1879]: (172.2725350991964,1)
[1880]: (172.1906911186213,1)
[1881]: (172.3449849985979,1)
[1882]: (172.0178300447089,1)
[1883]: (172.2283260590875,1)
[1884]: (172.1893314108196,1)
[1885]: (172.2649271088745,1)
[1886]: (172.2680873637271,1)
[1887]: (172.3141073769153,1)
[1888]: (172.4849540773417,1)
[1889]: (172.3673926595112,1)
[1890]: (172.2173174607469,1)
[1891]: (172.1355854952349,1)
[1892]: (172.0200781841146,1)
[1893]: (172.6949971670196,1)
[1894]: (172.281844374888,1)
[1895]: (173.6068660141413,1)
[1896]: (172.0442038128251,1)
[1897]: (173.2212805187522,1)
[1898]: (172.1054026231697,1)
[1899]: (172.041598699034,1)
[1900]: (172.0387989701889,1)
[1901]: (172.453212789202,1)
[1902]: (172.4021815083683,1)
[1903]: (172.0666064770435,1)
[1904]: (172.1816256635295,1)
[1905]: (172.787645278318,1)
[1906]: (172.7755454608048,1)
[1907]: (172.1697759973511,1)
[1908]: (172.0355673760847,1)
[1909]: (172.3914618018963,1)
[1910]: (172.0521085582393,1)
[1911]: (172.4772528182487,1)
[1912]: (172.057424572777,1)
[1913]: (172.0884752883561,1)
[1914]: (172.2614339321908,1)
[1915]: (172.0931816814489,1)
[1916]: (172.3410151363883,1)
[1917]: (172.1776055704119,1)
[1918]: (172.4318044700662,1)
[1919]: (172.0919868713844,1)
[1920]: (172.2582405512575,1)
[1921]: (172.0427390828314,1)
[1922]: (172.0031922550673,1)
[1923]: (172.0115807917887,1)
[1924]: (172.6804055488782,1)
[1925]: (172.604113665533,1)
[1926]: (172.5805951761998,1)
[1927]: (172.8032524635445,1)
[1928]: (172.3610752879638,1)
[1929]: (172.3284817602488,1)
[1930]: (172.2622940195589,1)
[1931]: (172.0073577582199,1)
[1932]: (172.0945968214055,1)
[1933]: (172.4398142879735,1)
[1934]: (172.7841612065795,1)
[1935]: (172.4898152987627,1)
[1936]: (172.3785637793258,1)
[1937]: (172.345392228526,1)
[1938]: (173.0854568197561,1)
[1939]: (172.5124905296416,1)
[1940]: (172.2247035806993,1)
[1941]: (172.0028124372312,1)
[1942]: (172.1045986295784,1)
[1943]: (172.0869567803549,1)
[1944]: (172.2609986295908,1)
[1945]: (172.0970365741223,1)
[1946]: (172.0652851696684,1)
[1947]: (172.3708128342157,1)
[1948]: (172.2816672412148,1)
[1949]: (172.1807236439637,1)
[1950]: (172.0338587847105,1)
[1951]: (172.2293977702774,1)
[1952]: (172.0684326206797,1)
[1953]: (173.7920996536121,1)
[1954]: (172.5978224111895,1)
[1955]: (172.6009818020749,1)
[1956]: (172.3415913818245,1)
[1957]: (172.2563169428309,1)
[1958]: (172.6881727656843,1)
[1959]: (172.484393582149,1)
[1960]: (172.7009427860993,1)
[1961]: (172.0737624669306,1)
[1962]: (172.395957764627,1)
[1963]: (172.6168066002986,1)
[1964]: (172.3594198090042,1)
[1965]: (172.5245382124499,1)
[1966]: (172.1246498069932,1)
[1967]: (172.7183136290419,1)
[1968]: (172.0425116351939,1)
[1969]: (172.3650377835458,1)
[1970]: (172.138511603678,1)
[1971]: (172.2329518625085,1)
[1972]: (172.0030882790664,1)
[1973]: (172.1535334065948,1)
[1974]: (172.4640896060508,1)
[1975]: (172.8998768971572,1)
[1976]: (172.0641572396585,1)
[1977]: (172.2662694962599,1)
[1978]: (172.4859882014563,1)
[1979]: (172.4391671639284,1)
[1980]: (172.5814305919783,1)
[1981]: (172.2969807791429,1)
[1982]: (172.0141767019994,1)
[1983]: (172.6078682298591,1)
[1984]: (172.0282747502749,1)
[1985]: (172.1837740014458,1)
[1986]: (172.0614511763073,1)
[1987]: (172.6672801906987,1)
[1988]: (172.3750162931224,1)
[1989]: (172.0116660382799,1)
[1990]: (172.5360727558634,1)
[1991]: (172.7184744772768,1)
[1992]: (172.499217143454,1)
[1993]: (173.2729479874976,1)
[1994]: (172.1669124596795,1)
[1995]: (172.1197263412688,1)
[1996]: (172.0322724754193,1)
[1997]: (172.1657619743747,1)
[1998]: (172.8819396843665,1)
[1999]: (172.1138066563321,1)
 -- States explored : 0 states
 -- CPU user time used : 14140 ms
 -- Virtual memory used : 56228 KiB
 -- Resident memory used : 17712 KiB
executionTime: 85
