core file size          (blocks, -c) unlimited
data seg size           (kbytes, -d) unlimited
scheduling priority             (-e) 0
file size               (blocks, -f) unlimited
pending signals                 (-i) 4077086
max locked memory       (kbytes, -l) 64
max memory size         (kbytes, -m) 32505856
open files                      (-n) 4096
pipe size            (512 bytes, -p) 8
POSIX message queues     (bytes, -q) 819200
real-time priority              (-r) 0
stack size              (kbytes, -s) 8192
cpu time               (seconds, -t) unlimited
max user processes              (-u) 4077086
virtual memory          (kbytes, -v) 31000000
file locks                      (-x) unlimited
Options for the verification:
  Generating some trace
  Search order is random depth first
  Using conservative space optimisation
  Seed is 1556898908
  State space representation uses minimal constraint systems
  Using HashMap + Compress integers for discrete state storage

Verifying formula 1 at ../queries/SN_50_49_16.q:1
 -- Formula is satisfied.
(9000 runs)
Learning statistics for best strategy: 
	Number of resets: 1
	Number of iterations in last reset: 14
	Number of iterations in total: 25

 -- States explored : 0 states
 -- CPU user time used : 68980 ms
 -- Virtual memory used : 58000 KiB
 -- Resident memory used : 19632 KiB

Verifying formula 2 at ../queries/SN_50_49_16.q:3
 -- Formula is satisfied.
Composer.Done:
[0]: (0,0) (97.08800972075096,1)
[1]: (97.86092592892165,1)
[2]: (97.02766443431948,1)
[3]: (97.65303171546086,1)
[4]: (97.11923314659005,1)
[5]: (97.09575324959046,1)
[6]: (97.13608119028873,1)
[7]: (97.05448703149504,1)
[8]: (97.04189293865797,1)
[9]: (97.8716006842881,1)
[10]: (97.0090787926117,1)
[11]: (97.0082648841551,1)
[12]: (97.69206711379647,1)
[13]: (97.00390449433125,1)
[14]: (97.32023558821447,1)
[15]: (97.66555994947315,1)
[16]: (97.24856943220604,1)
[17]: (97.15890051542473,1)
[18]: (97.3445001441299,1)
[19]: (97.25006905435312,1)
[20]: (97.44274574918386,1)
[21]: (98.30369987296798,1)
[22]: (97.13578050690899,1)
[23]: (97.24079322194699,1)
[24]: (97.65324116069041,1)
[25]: (97.08015991371259,1)
[26]: (98.26825066894548,1)
[27]: (97.06493086860367,1)
[28]: (97.11144545713834,1)
[29]: (97.003886641536,1)
[30]: (97.41658905369771,1)
[31]: (97.71763285968464,1)
[32]: (97.49938296216278,1)
[33]: (97.07732764544485,1)
[34]: (97.11429081462046,1)
[35]: (97.06280153860105,1)
[36]: (97.38262820836415,1)
[37]: (97.92405123376311,1)
[38]: (97.00910338659159,1)
[39]: (97.09642305041605,1)
[40]: (97.66833822573133,1)
[41]: (97.01567478244372,1)
[42]: (97.16615091867614,1)
[43]: (98.00574170251377,1)
[44]: (97.7636317773661,1)
[45]: (97.21688453595667,1)
[46]: (97.42655099608295,1)
[47]: (97.78987054502575,1)
[48]: (97.07786082314779,1)
[49]: (97.36901653667105,1)
[50]: (97.39823907684874,1)
[51]: (97.06200784388538,1)
[52]: (97.3692942095326,1)
[53]: (97.88866688535931,1)
[54]: (97.04940829521458,1)
[55]: (97.14836266642257,1)
[56]: (97.40802793294237,1)
[57]: (97.0368482375935,1)
[58]: (97.25058760206888,1)
[59]: (97.1370441474336,1)
[60]: (97.1318284301544,1)
[61]: (97.01250026817259,1)
[62]: (97.06548667176141,1)
[63]: (97.06467178196625,1)
[64]: (97.54515279114817,1)
[65]: (97.09744941521635,1)
[66]: (97.14824093156074,1)
[67]: (97.11688096335226,1)
[68]: (97.16468352667295,1)
[69]: (97.07780241260984,1)
[70]: (97.05400454681607,1)
[71]: (97.20585670425797,1)
[72]: (97.15836404948868,1)
[73]: (97.09887888894197,1)
[74]: (97.51129406859739,1)
[75]: (97.31131005705429,1)
[76]: (97.03655210398513,1)
[77]: (97.67752735076915,1)
[78]: (97.29902556331923,1)
[79]: (97.76491868595755,1)
[80]: (97.57585305674965,1)
[81]: (97.06582613277672,1)
[82]: (97.96893523143534,1)
[83]: (97.12345623819998,1)
[84]: (97.10357535512667,1)
[85]: (97.06977427422353,1)
[86]: (97.13203373128674,1)
[87]: (97.233964552747,1)
[88]: (97.31656997760524,1)
[89]: (97.90521967131892,1)
[90]: (97.77660035187377,1)
[91]: (97.21146516084039,1)
[92]: (97.14738026173903,1)
[93]: (97.01198232044158,1)
[94]: (98.05493250256136,1)
[95]: (97.71862267482756,1)
[96]: (97.08796454537777,1)
[97]: (98.35662021802125,1)
[98]: (97.57674523293703,1)
[99]: (97.02030677133983,1)
[100]: (97.94549238870896,1)
[101]: (97.1440727798163,1)
[102]: (98.261276152973,1)
[103]: (97.1944878659535,1)
[104]: (98.16311092246819,1)
[105]: (97.29704540819604,1)
[106]: (97.05662149745888,1)
[107]: (98.14812275561289,1)
[108]: (97.01070906201905,1)
[109]: (97.42213924760533,1)
[110]: (97.08107643467827,1)
[111]: (97.56945899248382,1)
[112]: (97.0185332218033,1)
[113]: (97.64166202885822,1)
[114]: (97.77837665454248,1)
[115]: (97.21591642103415,1)
[116]: (97.069892615642,1)
[117]: (98.73671772269078,1)
[118]: (97.40175572191755,1)
[119]: (97.3459738224754,1)
[120]: (97.05610211634652,1)
[121]: (97.09808340537342,1)
[122]: (97.31643795986137,1)
[123]: (97.18984643375607,1)
[124]: (97.17719867486404,1)
[125]: (97.47018762170943,1)
[126]: (97.12156921857209,1)
[127]: (97.33203275917104,1)
[128]: (97.11390040364215,1)
[129]: (97.20756015633079,1)
[130]: (97.33781453469572,1)
[131]: (97.17807509399211,1)
[132]: (97.01236413844016,1)
[133]: (97.23625084957158,1)
[134]: (97.17188439185792,1)
[135]: (97.00128785772414,1)
[136]: (97.08818985620852,1)
[137]: (97.07886739338593,1)
[138]: (97.94683695634325,1)
[139]: (97.54572139133836,1)
[140]: (97.48099282773497,1)
[141]: (97.01210435560898,1)
[142]: (97.02850276630535,1)
[143]: (97.00164196928483,1)
[144]: (97.08584276343399,1)
[145]: (97.23273363248431,1)
[146]: (97.22786247422728,1)
[147]: (97.71928468125503,1)
[148]: (97.29328176622107,1)
[149]: (97.18365122951205,1)
[150]: (97.12165011533186,1)
[151]: (97.04915951407803,1)
[152]: (98.12846780791931,1)
[153]: (97.08973514515959,1)
[154]: (97.0812801000408,1)
[155]: (97.11358178274052,1)
[156]: (97.05709292049538,1)
[157]: (97.23323268383989,1)
[158]: (97.20510567395999,1)
[159]: (97.68774144262129,1)
[160]: (97.16892947764661,1)
[161]: (97.1133363573876,1)
[162]: (97.00554018380228,1)
[163]: (97.07989538297346,1)
[164]: (97.88940407202483,1)
[165]: (97.21086202412604,1)
[166]: (97.36039749686736,1)
[167]: (98.14321156890912,1)
[168]: (97.08344910975137,1)
[169]: (97.10835122204419,1)
[170]: (97.19678245054433,1)
[171]: (97.29769976454848,1)
[172]: (97.18593367953743,1)
[173]: (97.01074035141657,1)
[174]: (97.45692827920179,1)
[175]: (97.17547272516217,1)
[176]: (97.49941037582381,1)
[177]: (97.00925402224655,1)
[178]: (97.39632869576108,1)
[179]: (97.02435901620193,1)
[180]: (97.15917610186324,1)
[181]: (97.97685898634586,1)
[182]: (98.47762770425176,1)
[183]: (97.03818151960517,1)
[184]: (97.61091254911069,1)
[185]: (97.54846963047478,1)
[186]: (97.43479881537705,1)
[187]: (97.01292729590007,1)
[188]: (97.80287503243198,1)
[189]: (97.06527352887939,1)
[190]: (97.36064224946773,1)
[191]: (97.02165845663379,1)
[192]: (97.06399674894436,1)
[193]: (97.41995433098442,1)
[194]: (97.13010669761323,1)
[195]: (97.03224439405065,1)
[196]: (97.09396607910242,1)
[197]: (97.06243454275045,1)
[198]: (97.01698545425573,1)
[199]: (97.0614821158109,1)
[200]: (97.32556173080897,1)
[201]: (97.00130507546712,1)
[202]: (97.83835279154555,1)
[203]: (97.00662831873795,1)
[204]: (98.35557326324768,1)
[205]: (97.35804450526045,1)
[206]: (97.02895155448323,1)
[207]: (97.61008648333026,1)
[208]: (97.27541831899879,1)
[209]: (97.26116951159888,1)
[210]: (97.65720995753347,1)
[211]: (97.48982613925578,1)
[212]: (97.24259863145352,1)
[213]: (97.52758539273917,1)
[214]: (97.67696348416243,1)
[215]: (97.34565546559229,1)
[216]: (97.00865393273041,1)
[217]: (97.16319913813854,1)
[218]: (97.15720925288674,1)
[219]: (97.01519132946331,1)
[220]: (97.68388228246208,1)
[221]: (97.3674452929333,1)
[222]: (97.06155222548368,1)
[223]: (97.06316626838408,1)
[224]: (97.54634082908295,1)
[225]: (97.29521066102477,1)
[226]: (97.04250230424793,1)
[227]: (97.07694047505076,1)
[228]: (97.84783482565757,1)
[229]: (97.04025104222687,1)
[230]: (97.24348135965896,1)
[231]: (97.10244818131738,1)
[232]: (97.32224744638123,1)
[233]: (98.06251925498249,1)
[234]: (98.08098979562143,1)
[235]: (97.07317289212034,1)
[236]: (97.44882966743926,1)
[237]: (97.07342171963688,1)
[238]: (97.03672359042302,1)
[239]: (97.32859534744019,1)
[240]: (97.18229467024707,1)
[241]: (97.20149326507652,1)
[242]: (97.36251086381047,1)
[243]: (98.20883208963393,1)
[244]: (97.13251206315559,1)
[245]: (97.40409407932228,1)
[246]: (97.18599688018436,1)
[247]: (97.3295446775613,1)
[248]: (97.11450162555943,1)
[249]: (97.2345123365064,1)
[250]: (97.07087594312141,1)
[251]: (97.16916408948498,1)
[252]: (97.07918071529288,1)
[253]: (98.90199004491693,1)
[254]: (97.08081996436368,1)
[255]: (97.07549960811514,1)
[256]: (97.30998052793487,1)
[257]: (97.58763139138924,1)
[258]: (97.30328463493169,1)
[259]: (97.05224164840682,1)
[260]: (97.65131939030918,1)
[261]: (97.84688941240921,1)
[262]: (97.22581354997104,1)
[263]: (97.0209397412136,1)
[264]: (97.21260287715396,1)
[265]: (97.53665823630176,1)
[266]: (97.09823618469869,1)
[267]: (97.11222616195906,1)
[268]: (97.18984256421609,1)
[269]: (97.132522299862,1)
[270]: (97.23491043577914,1)
[271]: (97.39237321131588,1)
[272]: (97.09955400855632,1)
[273]: (97.10240919095151,1)
[274]: (97.20251264348602,1)
[275]: (97.00518601900478,1)
[276]: (97.36536735088265,1)
[277]: (97.43324069476679,1)
[278]: (97.69102909207813,1)
[279]: (97.12471074293656,1)
[280]: (97.09643137450568,1)
[281]: (97.95789074702978,1)
[282]: (97.09675328575021,1)
[283]: (97.04546796490514,1)
[284]: (97.04367830100753,1)
[285]: (97.36015110634578,1)
[286]: (97.17746860950375,1)
[287]: (97.24640957553329,1)
[288]: (97.12132575148844,1)
[289]: (97.26651849727931,1)
[290]: (98.05276051804158,1)
[291]: (97.03793286679102,1)
[292]: (97.51913777160979,1)
[293]: (97.27319030084823,1)
[294]: (97.01171037279872,1)
[295]: (98.34441921594194,1)
[296]: (97.11042123262013,1)
[297]: (97.07852924510345,1)
[298]: (97.34587849230957,1)
[299]: (97.53162157953317,1)
[300]: (97.02632300532207,1)
[301]: (97.09208518037504,1)
[302]: (97.12012018184788,1)
[303]: (97.20405206438843,1)
[304]: (97.56829522682285,1)
[305]: (97.76412070496883,1)
[306]: (97.58097574507609,1)
[307]: (97.18368516793048,1)
[308]: (97.0935588086284,1)
[309]: (97.07872061264723,1)
[310]: (97.38436022658148,1)
[311]: (97.66496261802516,1)
[312]: (97.03510958071912,1)
[313]: (97.48206442388589,1)
[314]: (97.36849524914706,1)
[315]: (97.12972496973129,1)
[316]: (97.0111313796902,1)
[317]: (97.62590149803115,1)
[318]: (98.05974180108871,1)
[319]: (97.18967776648816,1)
[320]: (97.26620907317637,1)
[321]: (97.21731364232632,1)
[322]: (97.05487078797984,1)
[323]: (97.46947506123445,1)
[324]: (97.96194568329805,1)
[325]: (97.2116373815235,1)
[326]: (97.05215076916434,1)
[327]: (97.20788175202087,1)
[328]: (97.70744987966231,1)
[329]: (97.00166650277224,1)
[330]: (97.20105960796246,1)
[331]: (97.02872857577769,1)
[332]: (97.30538555853911,1)
[333]: (97.05606718763667,1)
[334]: (97.00903115145566,1)
[335]: (97.44647516722856,1)
[336]: (97.32167345531414,1)
[337]: (97.6502322044819,1)
[338]: (97.40644577260998,1)
[339]: (97.15615120785715,1)
[340]: (97.29988893292837,1)
[341]: (97.51012559235683,1)
[342]: (97.13829283761484,1)
[343]: (97.70511339830567,1)
[344]: (97.5115856534361,1)
[345]: (97.80297475323388,1)
[346]: (97.18828642561697,1)
[347]: (97.40027437361587,1)
[348]: (97.07020097176434,1)
[349]: (97.21572473860179,1)
[350]: (97.18819710607663,1)
[351]: (97.26793196240415,1)
[352]: (97.02449056216908,1)
[353]: (97.17050144873296,1)
[354]: (97.23554000128266,1)
[355]: (97.03328960854324,1)
[356]: (97.08260722841077,1)
[357]: (97.27790506909476,1)
[358]: (97.14475136337438,1)
[359]: (97.72302479684006,1)
[360]: (97.15241467711186,1)
[361]: (97.52863671878497,1)
[362]: (97.12789492257396,1)
[363]: (97.12258005155408,1)
[364]: (97.13825834097771,1)
[365]: (97.19261085253039,1)
[366]: (97.33877795507436,1)
[367]: (97.1259516291866,1)
[368]: (97.00215734290251,1)
[369]: (97.06308227825768,1)
[370]: (97.17414636057755,1)
[371]: (97.03063213991845,1)
[372]: (98.00552600875103,1)
[373]: (97.46824562682595,1)
[374]: (97.20413389469564,1)
[375]: (97.23132978075918,1)
[376]: (97.19199115392695,1)
[377]: (97.38789844474198,1)
[378]: (97.19452908734421,1)
[379]: (97.22349035131683,1)
[380]: (97.13303372280281,1)
[381]: (97.02417231944909,1)
[382]: (97.48900045007213,1)
[383]: (97.05570604129502,1)
[384]: (97.47129313808705,1)
[385]: (97.00373984625838,1)
[386]: (97.06333404187218,1)
[387]: (97.47251564124458,1)
[388]: (97.27140617602008,1)
[389]: (97.04934023063632,1)
[390]: (97.16603611500496,1)
[391]: (97.00040552489597,1)
[392]: (97.30337849504426,1)
[393]: (97.39295209871923,1)
[394]: (97.73575224177861,1)
[395]: (97.03593593286969,1)
[396]: (97.39000941398308,1)
[397]: (97.2260765760934,1)
[398]: (98.19005626055558,1)
[399]: (97.54862456617245,1)
[400]: (97.29787208655461,1)
[401]: (97.03631519371562,1)
[402]: (97.29501420899599,1)
[403]: (97.08938653589757,1)
[404]: (97.34897413125402,1)
[405]: (97.46737769845052,1)
[406]: (97.17119075341456,1)
[407]: (97.96199381128386,1)
[408]: (97.1259160557764,1)
[409]: (97.09638147400031,1)
[410]: (97.3695004266595,1)
[411]: (97.08354865723362,1)
[412]: (97.2092340233841,1)
[413]: (97.1426112366713,1)
[414]: (97.05809468218217,1)
[415]: (97.10987536680744,1)
[416]: (97.19067644400974,1)
[417]: (97.00812565179393,1)
[418]: (97.17681542774706,1)
[419]: (97.3070951354656,1)
[420]: (97.4328577212014,1)
[421]: (97.57736781733287,1)
[422]: (97.02821346909795,1)
[423]: (97.32103462966265,1)
[424]: (97.69694575980814,1)
[425]: (97.2863495270023,1)
[426]: (97.95563639229523,1)
[427]: (97.06111553700666,1)
[428]: (97.08151191587473,1)
[429]: (97.06421273353904,1)
[430]: (97.31795186928983,1)
[431]: (97.00634555123541,1)
[432]: (97.01400861297189,1)
[433]: (97.03902446254595,1)
[434]: (97.10740771862994,1)
[435]: (97.25282156171164,1)
[436]: (97.1869218479569,1)
[437]: (97.99220482268011,1)
[438]: (97.45422257996441,1)
[439]: (97.17698036247867,1)
[440]: (97.28380705036847,1)
[441]: (97.09614974204855,1)
[442]: (97.09486253137158,1)
[443]: (97.29075362994014,1)
[444]: (97.30179250204945,1)
[445]: (97.06696721825922,1)
[446]: (97.3532430588143,1)
[447]: (97.08372808456107,1)
[448]: (97.02822124200082,1)
[449]: (97.09364369703619,1)
[450]: (97.20513442180143,1)
[451]: (97.00707509541276,1)
[452]: (97.39158890583802,1)
[453]: (97.08060487806142,1)
[454]: (97.04171889655113,1)
[455]: (97.01793315782784,1)
[456]: (97.26068447697469,1)
[457]: (98.46689662224257,1)
[458]: (98.106449918259,1)
[459]: (97.07225933925508,1)
[460]: (97.35172404160274,1)
[461]: (97.21942423133277,1)
[462]: (97.12317716198163,1)
[463]: (97.01738328878605,1)
[464]: (97.27482393042376,1)
[465]: (97.10558073593099,1)
[466]: (97.1794545269843,1)
[467]: (97.01243040221658,1)
[468]: (97.91814428369013,1)
[469]: (97.43833762813433,1)
[470]: (97.3860189851019,1)
[471]: (98.05805115283202,1)
[472]: (97.02166294151243,1)
[473]: (97.3485337520279,1)
[474]: (97.01070713266586,1)
[475]: (97.39782124369474,1)
[476]: (97.00143218604575,1)
[477]: (97.00718291912847,1)
[478]: (97.1111145937725,1)
[479]: (97.58071928690261,1)
[480]: (97.03887425236778,1)
[481]: (97.27907392816131,1)
[482]: (98.2985024319901,1)
[483]: (97.18083805834124,1)
[484]: (97.73093638090846,1)
[485]: (97.05611249026481,1)
[486]: (97.26589159631618,1)
[487]: (97.20764234106862,1)
[488]: (97.74588929466752,1)
[489]: (97.23982798252007,1)
[490]: (97.07080581239373,1)
[491]: (98.10736774563094,1)
[492]: (97.63839409431037,1)
[493]: (97.78806135617906,1)
[494]: (97.00128481704394,1)
[495]: (97.02034995361242,1)
[496]: (97.76570169254305,1)
[497]: (97.02042503088948,1)
[498]: (97.54405209722108,1)
[499]: (97.37682406468755,1)
[500]: (97.48619805130481,1)
[501]: (97.36102196118706,1)
[502]: (97.05255458968942,1)
[503]: (97.82411578308538,1)
[504]: (97.10551154333547,1)
[505]: (97.26956421812946,1)
[506]: (97.37415613152353,1)
[507]: (97.14964603424036,1)
[508]: (97.33395339456951,1)
[509]: (97.59487862828564,1)
[510]: (97.56060673298566,1)
[511]: (97.74069531340322,1)
[512]: (97.07088088651429,1)
[513]: (97.40673077528697,1)
[514]: (98.0140398000425,1)
[515]: (97.06133172226504,1)
[516]: (97.01889276167114,1)
[517]: (97.10774705177595,1)
[518]: (97.49962083836189,1)
[519]: (97.32907353818977,1)
[520]: (97.32238828464149,1)
[521]: (97.04877042591811,1)
[522]: (97.55378089726536,1)
[523]: (97.78706950698917,1)
[524]: (97.10758293614222,1)
[525]: (97.07935345432681,1)
[526]: (98.39702242910583,1)
[527]: (97.1418630211801,1)
[528]: (97.16303762506188,1)
[529]: (97.16472336066511,1)
[530]: (97.0961731459784,1)
[531]: (97.67729899873378,1)
[532]: (97.25125857033974,1)
[533]: (97.06862250341106,1)
[534]: (97.10736401510795,1)
[535]: (97.20785515828273,1)
[536]: (97.41795310657861,1)
[537]: (97.51238572250605,1)
[538]: (97.42168851145048,1)
[539]: (97.22713556977692,1)
[540]: (97.08609576282319,1)
[541]: (97.15587979730114,1)
[542]: (97.987161863883,1)
[543]: (97.50139167604567,1)
[544]: (97.04896346288535,1)
[545]: (97.40230222790156,1)
[546]: (97.51264092199206,1)
[547]: (99.48000135706572,1)
[548]: (97.01375862798044,1)
[549]: (97.53746556934352,1)
[550]: (97.39275138373749,1)
[551]: (97.03337086576934,1)
[552]: (97.85226633139401,1)
[553]: (97.00522919564254,1)
[554]: (97.78808289622003,1)
[555]: (97.4103008841014,1)
[556]: (97.15301178424573,1)
[557]: (98.14613663463136,1)
[558]: (97.21297479264379,1)
[559]: (97.39669610264021,1)
[560]: (97.243698661379,1)
[561]: (97.11621628002905,1)
[562]: (97.16362802476712,1)
[563]: (97.20874540483406,1)
[564]: (97.19983395797108,1)
[565]: (97.25321626144935,1)
[566]: (97.28182905707722,1)
[567]: (97.34321375969134,1)
[568]: (97.04750564530006,1)
[569]: (97.82051429746903,1)
[570]: (97.22671697065367,1)
[571]: (97.12266214692741,1)
[572]: (97.0063648588316,1)
[573]: (97.02527101410529,1)
[574]: (97.10098572420382,1)
[575]: (97.04837922026827,1)
[576]: (97.25472289048308,1)
[577]: (97.30252955222669,1)
[578]: (98.3083721687744,1)
[579]: (97.13029986297519,1)
[580]: (97.06814533480869,1)
[581]: (97.48450027185068,1)
[582]: (97.32322165829426,1)
[583]: (97.72755016857791,1)
[584]: (97.07340078964819,1)
[585]: (97.00994204462164,1)
[586]: (97.6550782117294,1)
[587]: (97.29484702749397,1)
[588]: (97.14106922203672,1)
[589]: (97.74964371135366,1)
[590]: (97.17117845928708,1)
[591]: (98.14030495389187,1)
[592]: (97.22335187254997,1)
[593]: (97.13712334031064,1)
[594]: (97.12108506016736,1)
[595]: (97.59928634671051,1)
[596]: (97.12472831555289,1)
[597]: (97.73051482595295,1)
[598]: (97.02580995385769,1)
[599]: (97.1100411692411,1)
[600]: (97.14504067819313,1)
[601]: (97.40865836307475,1)
[602]: (97.25703927642999,1)
[603]: (97.38428252910487,1)
[604]: (97.22389808369641,1)
[605]: (97.18525337939251,1)
[606]: (97.73789409839077,1)
[607]: (97.08109057619953,1)
[608]: (97.17715105804588,1)
[609]: (97.03776862087187,1)
[610]: (97.64870998106225,1)
[611]: (97.27144903278568,1)
[612]: (97.28925850599585,1)
[613]: (97.23027390730374,1)
[614]: (97.18075197951831,1)
[615]: (97.11963373670505,1)
[616]: (97.31046384872725,1)
[617]: (97.67410343102405,1)
[618]: (97.12153661489245,1)
[619]: (97.02935079134792,1)
[620]: (97.16678121308038,1)
[621]: (97.08111396845509,1)
[622]: (97.583552800864,1)
[623]: (97.47658422408932,1)
[624]: (98.01710968611073,1)
[625]: (98.4794403966694,1)
[626]: (97.25541164376243,1)
[627]: (97.72270386413081,1)
[628]: (97.14832941533736,1)
[629]: (97.22811303739927,1)
[630]: (97.82600138100786,1)
[631]: (97.43687075139168,1)
[632]: (97.20763623740045,1)
[633]: (98.89922042167888,1)
[634]: (97.09642664904975,1)
[635]: (97.01181290112858,1)
[636]: (97.52478022020028,1)
[637]: (97.31164925192667,1)
[638]: (97.10528822028454,1)
[639]: (97.26063571599013,1)
[640]: (97.13791067240899,1)
[641]: (97.68882238956925,1)
[642]: (97.31255005520688,1)
[643]: (97.37792568179019,1)
[644]: (97.12013671846144,1)
[645]: (97.07665999626737,1)
[646]: (97.02365957066944,1)
[647]: (97.32663075057522,1)
[648]: (97.2696536903422,1)
[649]: (97.05570330469686,1)
[650]: (97.06582479043345,1)
[651]: (97.49705626988894,1)
[652]: (97.29932654796859,1)
[653]: (97.00613402910466,1)
[654]: (97.10579271317945,1)
[655]: (97.22957950861397,1)
[656]: (97.14520110026828,1)
[657]: (97.77960153736522,1)
[658]: (97.7424155126149,1)
[659]: (97.63617063426392,1)
[660]: (97.01073791091792,1)
[661]: (97.08791722519658,1)
[662]: (97.01680553313653,1)
[663]: (97.12457230781824,1)
[664]: (97.09071035558676,1)
[665]: (97.33083307857515,1)
[666]: (97.08355807236333,1)
[667]: (97.232957326538,1)
[668]: (97.26671852070615,1)
[669]: (97.10287122448932,1)
[670]: (97.42969839144122,1)
[671]: (97.04047400409446,1)
[672]: (97.02637487393257,1)
[673]: (97.84080422769514,1)
[674]: (97.98889311345033,1)
[675]: (97.05112717260566,1)
[676]: (97.39813748852993,1)
[677]: (97.55476756633102,1)
[678]: (97.33298660030866,1)
[679]: (97.17430728997022,1)
[680]: (97.27219416508503,1)
[681]: (97.45072456178049,1)
[682]: (97.28985481069071,1)
[683]: (97.19048155764263,1)
[684]: (97.02077585075307,1)
[685]: (97.17263819935789,1)
[686]: (97.09156871151713,1)
[687]: (97.15836469334388,1)
[688]: (97.12518017648654,1)
[689]: (97.51300905918275,1)
[690]: (97.2705448695302,1)
[691]: (97.43169449648892,1)
[692]: (97.23919831117817,1)
[693]: (97.29709341153631,1)
[694]: (97.30265631233029,1)
[695]: (97.01449213317923,1)
[696]: (97.15523457598435,1)
[697]: (97.34837344025458,1)
[698]: (97.22913518583609,1)
[699]: (97.05277313948213,1)
[700]: (97.34240827679325,1)
[701]: (97.12013237309482,1)
[702]: (97.23685330085347,1)
[703]: (97.41241684329654,1)
[704]: (97.01565266113697,1)
[705]: (97.35372772630612,1)
[706]: (97.95306381258499,1)
[707]: (97.18653026172174,1)
[708]: (97.08553895436333,1)
[709]: (97.57722980897248,1)
[710]: (97.10827093023464,1)
[711]: (97.53183048378339,1)
[712]: (97.33728281997654,1)
[713]: (97.46761338782802,1)
[714]: (97.14300488009162,1)
[715]: (97.7121330724311,1)
[716]: (97.10389656026291,1)
[717]: (97.5564130057795,1)
[718]: (97.67977301322064,1)
[719]: (98.08272217232411,1)
[720]: (97.11131730672547,1)
[721]: (97.01084008623403,1)
[722]: (98.61497537619647,1)
[723]: (97.201468458685,1)
[724]: (97.1070378295653,1)
[725]: (97.037539047474,1)
[726]: (97.01996229885658,1)
[727]: (97.02928413943907,1)
[728]: (97.05995888640042,1)
[729]: (97.09429028761481,1)
[730]: (97.29219001768078,1)
[731]: (97.12114232798621,1)
[732]: (97.04833581663718,1)
[733]: (97.73103395146796,1)
[734]: (97.44007999110937,1)
[735]: (97.66426698460123,1)
[736]: (97.36779302596015,1)
[737]: (97.03467032072884,1)
[738]: (97.1189311360978,1)
[739]: (97.06379140536684,1)
[740]: (98.04490748954765,1)
[741]: (97.37447154495636,1)
[742]: (97.42367747367503,1)
[743]: (97.20045678908447,1)
[744]: (97.10526262193891,1)
[745]: (97.11166377246252,1)
[746]: (97.03843035570735,1)
[747]: (97.17793274880694,1)
[748]: (97.10811034927059,1)
[749]: (97.80287275442637,1)
[750]: (97.25560572445936,1)
[751]: (97.32930335816081,1)
[752]: (97.08375825529332,1)
[753]: (97.1768058364959,1)
[754]: (97.09378544128005,1)
[755]: (97.6828422582292,1)
[756]: (97.09502851808968,1)
[757]: (97.07097611062601,1)
[758]: (97.17579383670783,1)
[759]: (97.17939759633967,1)
[760]: (97.5194735714162,1)
[761]: (97.24830080286652,1)
[762]: (97.29539986482934,1)
[763]: (98.26569781695841,1)
[764]: (97.07928456553202,1)
[765]: (97.15283691155304,1)
[766]: (97.70905002552703,1)
[767]: (97.09592365256995,1)
[768]: (97.82455119547319,1)
[769]: (97.18676346567372,1)
[770]: (97.03484718589371,1)
[771]: (97.05516140243913,1)
[772]: (97.14532386140769,1)
[773]: (97.86674842112861,1)
[774]: (97.96124172041553,1)
[775]: (97.09283691973127,1)
[776]: (97.69277790315012,1)
[777]: (97.15203093133398,1)
[778]: (97.05441448462339,1)
[779]: (97.35523641348418,1)
[780]: (97.17132519408165,1)
[781]: (97.16654919318158,1)
[782]: (97.05687284581605,1)
[783]: (97.11259153780597,1)
[784]: (97.20655591417528,1)
[785]: (97.16718573771314,1)
[786]: (97.43433249525805,1)
[787]: (97.35733201550374,1)
[788]: (97.04922624926741,1)
[789]: (97.5233539572544,1)
[790]: (97.7094210654531,1)
[791]: (97.16091512333938,1)
[792]: (97.16814427662581,1)
[793]: (97.49236400275927,1)
[794]: (97.4184298795543,1)
[795]: (97.18550302990184,1)
[796]: (97.80934559376294,1)
[797]: (97.84683785194069,1)
[798]: (97.38184482285206,1)
[799]: (97.00930070313267,1)
[800]: (97.06658841710237,1)
[801]: (97.76370734221415,1)
[802]: (97.01075166147432,1)
[803]: (97.07093473834313,1)
[804]: (97.14732626086013,1)
[805]: (97.09115859100251,1)
[806]: (97.03019989211765,1)
[807]: (97.06871977703659,1)
[808]: (97.27058482373702,1)
[809]: (98.13513917260136,1)
[810]: (97.13278159529989,1)
[811]: (97.37719553770665,1)
[812]: (97.98318798654036,1)
[813]: (97.28926767129644,1)
[814]: (97.03594041353728,1)
[815]: (98.36335456635928,1)
[816]: (97.0517666121488,1)
[817]: (97.15212127576936,1)
[818]: (97.00474421502102,1)
[819]: (97.90806241940223,1)
[820]: (97.87494760099042,1)
[821]: (97.41745940797369,1)
[822]: (97.02309835036324,1)
[823]: (97.99323334308741,1)
[824]: (97.13631797246323,1)
[825]: (97.31688927688813,1)
[826]: (97.06658086356506,1)
[827]: (97.01808569277567,1)
[828]: (97.39545509193584,1)
[829]: (97.04128379957156,1)
[830]: (97.00448236151261,1)
[831]: (97.13980750213445,1)
[832]: (97.20563260685498,1)
[833]: (97.63848899055631,1)
[834]: (97.45541205570501,1)
[835]: (97.01230679080209,1)
[836]: (98.09333657780287,1)
[837]: (97.04545089565575,1)
[838]: (97.02245635731744,1)
[839]: (98.88697375112147,1)
[840]: (97.34274893437971,1)
[841]: (97.5229489268954,1)
[842]: (97.16997548313722,1)
[843]: (97.29402843799431,1)
[844]: (97.14296863334768,1)
[845]: (97.26179670146921,1)
[846]: (97.08137198764629,1)
[847]: (97.75562705249513,1)
[848]: (97.16362997954073,1)
[849]: (97.1375846212996,1)
[850]: (97.07594394620048,1)
[851]: (97.08607569680547,1)
[852]: (97.20255843390235,1)
[853]: (97.41342349212353,1)
[854]: (97.04283311519114,1)
[855]: (97.02033879705409,1)
[856]: (97.27351156478279,1)
[857]: (97.05766134871644,1)
[858]: (97.23662940723769,1)
[859]: (97.52217726433314,1)
[860]: (97.16779577880509,1)
[861]: (97.08410379137791,1)
[862]: (97.90071481277792,1)
[863]: (97.08285829453483,1)
[864]: (97.34012452244883,1)
[865]: (97.28842931979142,1)
[866]: (97.2849869747368,1)
[867]: (97.39237822344917,1)
[868]: (97.48659806395828,1)
[869]: (97.09627744885583,1)
[870]: (97.21841521541759,1)
[871]: (97.52494250254082,1)
[872]: (97.12711249654123,1)
[873]: (97.20942891568336,1)
[874]: (97.14627787109195,1)
[875]: (97.60147285821053,1)
[876]: (97.5021243069021,1)
[877]: (97.08495620740793,1)
[878]: (97.02866290177569,1)
[879]: (97.83671630727525,1)
[880]: (97.13049654796959,1)
[881]: (98.06488666284257,1)
[882]: (97.20780730017186,1)
[883]: (97.22783559366574,1)
[884]: (97.04026216238347,1)
[885]: (97.29344781083852,1)
[886]: (97.27104731763406,1)
[887]: (97.06874223424667,1)
[888]: (97.29396611936484,1)
[889]: (97.87510849408707,1)
[890]: (97.27889119652019,1)
[891]: (97.18271485004638,1)
[892]: (97.23267670376113,1)
[893]: (97.69113376243975,1)
[894]: (97.19794997954102,1)
[895]: (97.4775523038693,1)
[896]: (97.06413160345031,1)
[897]: (97.21229197541847,1)
[898]: (97.49010051118991,1)
[899]: (97.19711744205931,1)
[900]: (97.07209659919769,1)
[901]: (97.51086700722107,1)
[902]: (97.0931275826112,1)
[903]: (97.0486929046496,1)
[904]: (97.03071853073217,1)
[905]: (97.34777530200935,1)
[906]: (97.23385963778227,1)
[907]: (97.07826139006775,1)
[908]: (97.20251650644379,1)
[909]: (97.14571138831604,1)
[910]: (97.06012340942088,1)
[911]: (97.21865011387679,1)
[912]: (97.15133700122246,1)
[913]: (97.13809538414816,1)
[914]: (97.26067676576588,1)
[915]: (97.03666261934542,1)
[916]: (97.69810029903421,1)
[917]: (97.20903913650257,1)
[918]: (97.36155873730129,1)
[919]: (97.44882271017683,1)
[920]: (97.10684708498212,1)
[921]: (97.45150375808969,1)
[922]: (98.76055034739328,1)
[923]: (97.26884732002365,1)
[924]: (97.4003952865332,1)
[925]: (97.53956508401096,1)
[926]: (98.19161642145907,1)
[927]: (97.06703169972342,1)
[928]: (97.20860679624575,1)
[929]: (97.02454708538502,1)
[930]: (97.0831264696769,1)
[931]: (97.25919985578606,1)
[932]: (97.07124592541025,1)
[933]: (97.02099931728218,1)
[934]: (97.08316319251978,1)
[935]: (97.16529986959212,1)
[936]: (98.45969662324511,1)
[937]: (97.61017961929407,1)
[938]: (97.27785481045835,1)
[939]: (97.62551144579095,1)
[940]: (97.33175523184006,1)
[941]: (97.09933012631924,1)
[942]: (97.17229657022357,1)
[943]: (97.23523055045997,1)
[944]: (97.05435828376902,1)
[945]: (97.2122647747844,1)
[946]: (97.1178060515175,1)
[947]: (97.17998799593389,1)
[948]: (97.48882207600317,1)
[949]: (97.22478955404348,1)
[950]: (97.44968506291116,1)
[951]: (97.12402396543609,1)
[952]: (97.25257760181162,1)
[953]: (97.38602479205852,1)
[954]: (97.77451539889185,1)
[955]: (97.34984189548815,1)
[956]: (97.16705537320087,1)
[957]: (97.12856633232488,1)
[958]: (97.20749920372728,1)
[959]: (97.39329105842828,1)
[960]: (97.05033625801342,1)
[961]: (97.06019189239662,1)
[962]: (97.0130613101508,1)
[963]: (97.26220590692986,1)
[964]: (97.03700098992454,1)
[965]: (97.32122661837204,1)
[966]: (97.01955976662792,1)
[967]: (97.03955140539793,1)
[968]: (97.04723374876787,1)
[969]: (97.39685820250659,1)
[970]: (97.85092554839068,1)
[971]: (97.77472738761763,1)
[972]: (97.02846535292437,1)
[973]: (97.11141128863378,1)
[974]: (97.17965207375194,1)
[975]: (97.70938412459392,1)
[976]: (97.29331540022461,1)
[977]: (97.0088770909684,1)
[978]: (98.1184360940551,1)
[979]: (97.17178090341355,1)
[980]: (97.21658978385082,1)
[981]: (97.1547144041303,1)
[982]: (97.07353277163575,1)
[983]: (97.30694468669424,1)
[984]: (97.19049761346875,1)
[985]: (97.12331334609532,1)
[986]: (97.55917224418457,1)
[987]: (97.44541577673493,1)
[988]: (97.77838450786402,1)
[989]: (97.49420213139322,1)
[990]: (97.39018835233165,1)
[991]: (97.07662393069873,1)
[992]: (97.0225460937944,1)
[993]: (97.01656135817557,1)
[994]: (97.07679036663677,1)
[995]: (97.09838130692505,1)
[996]: (97.13399870023676,1)
[997]: (97.12653106616918,1)
[998]: (97.07283540437112,1)
[999]: (97.05194344696821,1)
[1000]: (97.10390275914533,1)
[1001]: (97.52009846168284,1)
[1002]: (97.14291093513806,1)
[1003]: (97.03620395613164,1)
[1004]: (97.03015582802907,1)
[1005]: (97.40665042018502,1)
[1006]: (97.65482661263408,1)
[1007]: (97.04739364776349,1)
[1008]: (97.00601429952657,1)
[1009]: (97.30773710657463,1)
[1010]: (97.10858451683171,1)
[1011]: (97.07185441160227,1)
[1012]: (97.12108648933477,1)
[1013]: (97.64755596349956,1)
[1014]: (97.10459890756611,1)
[1015]: (97.22219616708534,1)
[1016]: (97.07475206358382,1)
[1017]: (97.08602006424178,1)
[1018]: (97.50592047725426,1)
[1019]: (97.55612935576112,1)
[1020]: (97.26770999206526,1)
[1021]: (97.00441340102614,1)
[1022]: (97.09953206528027,1)
[1023]: (97.45548352951886,1)
[1024]: (97.24706578915183,1)
[1025]: (97.68389055047129,1)
[1026]: (97.47607855832771,1)
[1027]: (97.33544320512284,1)
[1028]: (97.07890541750625,1)
[1029]: (97.78613741221224,1)
[1030]: (97.35589930374711,1)
[1031]: (97.04099029201473,1)
[1032]: (97.06546564756619,1)
[1033]: (97.04951776228442,1)
[1034]: (97.08752993173758,1)
[1035]: (97.49620065399459,1)
[1036]: (97.03764872160146,1)
[1037]: (97.34629582572634,1)
[1038]: (97.08294126484219,1)
[1039]: (97.20881696727717,1)
[1040]: (97.70587327235835,1)
[1041]: (97.11972436458419,1)
[1042]: (97.6695930101485,1)
[1043]: (97.01988739376961,1)
[1044]: (97.13922094891367,1)
[1045]: (97.26326387587409,1)
[1046]: (97.21450831880638,1)
[1047]: (97.13437611039936,1)
[1048]: (97.44101041246564,1)
[1049]: (97.30129758973608,1)
[1050]: (97.86197657100003,1)
[1051]: (97.79888281401611,1)
[1052]: (97.30598840517513,1)
[1053]: (97.02615813349246,1)
[1054]: (97.52854276790779,1)
[1055]: (98.08900819761959,1)
[1056]: (97.37824642047151,1)
[1057]: (97.14461702708158,1)
[1058]: (97.0178525228262,1)
[1059]: (97.24754520905039,1)
[1060]: (97.04361575351049,1)
[1061]: (97.27401447105623,1)
[1062]: (97.06632208165296,1)
[1063]: (97.80289387699654,1)
[1064]: (97.2195977869262,1)
[1065]: (97.17592321181222,1)
[1066]: (97.37978469089805,1)
[1067]: (97.19500913051444,1)
[1068]: (97.28171630279425,1)
[1069]: (98.02793706609398,1)
[1070]: (97.49882315523315,1)
[1071]: (97.11942896521145,1)
[1072]: (97.30859210272283,1)
[1073]: (97.02657416931598,1)
[1074]: (97.89177733564433,1)
[1075]: (97.09575762334423,1)
[1076]: (97.46057714055078,1)
[1077]: (97.06775684235792,1)
[1078]: (97.02937762856355,1)
[1079]: (97.72092363491005,1)
[1080]: (97.90934596512903,1)
[1081]: (97.00179995671006,1)
[1082]: (97.13304937336903,1)
[1083]: (97.03826256415554,1)
[1084]: (97.18327991683473,1)
[1085]: (97.32250422407535,1)
[1086]: (97.09518653945445,1)
[1087]: (97.60960498352109,1)
[1088]: (97.03376940026442,1)
[1089]: (97.64910566728888,1)
[1090]: (97.19384982143364,1)
[1091]: (97.2297127269088,1)
[1092]: (97.29777591486115,1)
[1093]: (97.02499107992595,1)
[1094]: (97.08180589198582,1)
[1095]: (97.13781039032506,1)
[1096]: (98.01871921437204,1)
[1097]: (97.19947765200818,1)
[1098]: (97.32178624198266,1)
[1099]: (97.20184153097435,1)
[1100]: (97.01327082359926,1)
[1101]: (97.28569278369753,1)
[1102]: (97.40111602544776,1)
[1103]: (97.04480463684375,1)
[1104]: (97.11813653218304,1)
[1105]: (97.33776440989,1)
[1106]: (97.83273771766139,1)
[1107]: (97.62614135792668,1)
[1108]: (97.07463848449888,1)
[1109]: (97.209096295649,1)
[1110]: (97.25653448339605,1)
[1111]: (97.00328016322766,1)
[1112]: (97.44409207606127,1)
[1113]: (97.09824822997601,1)
[1114]: (97.14647436304818,1)
[1115]: (97.38420884686479,1)
[1116]: (97.04417820798052,1)
[1117]: (97.73665307445718,1)
[1118]: (97.52097601404353,1)
[1119]: (97.07405172302366,1)
[1120]: (97.06578351961005,1)
[1121]: (97.23127595944848,1)
[1122]: (97.76953516186747,1)
[1123]: (97.52957766222887,1)
[1124]: (97.09487110251008,1)
[1125]: (97.67511901688444,1)
[1126]: (97.10724681242039,1)
[1127]: (97.73760586475639,1)
[1128]: (97.07373109386999,1)
[1129]: (97.74697522653794,1)
[1130]: (97.05860134283547,1)
[1131]: (97.09401682203554,1)
[1132]: (97.27227187033209,1)
[1133]: (97.46852094527594,1)
[1134]: (97.00350553481516,1)
[1135]: (97.43687390360665,1)
[1136]: (97.20767065232721,1)
[1137]: (97.08911181161825,1)
[1138]: (97.0533612935412,1)
[1139]: (98.00951945193525,1)
[1140]: (97.55981843092023,1)
[1141]: (97.0923058522115,1)
[1142]: (97.03324977471344,1)
[1143]: (97.0968511121973,1)
[1144]: (97.15343541436788,1)
[1145]: (97.31636095695355,1)
[1146]: (97.11680938261979,1)
[1147]: (97.07306162896384,1)
[1148]: (97.0524596371622,1)
[1149]: (97.76175130509937,1)
[1150]: (97.00938827639548,1)
[1151]: (97.43648322513852,1)
[1152]: (97.24900308111313,1)
[1153]: (97.0067291690515,1)
[1154]: (97.17729666419434,1)
[1155]: (97.20386563585784,1)
[1156]: (97.13261227082195,1)
[1157]: (98.36764330664927,1)
[1158]: (97.12850925383179,1)
[1159]: (97.48790961978096,1)
[1160]: (97.34979085949124,1)
[1161]: (97.04663333617408,1)
[1162]: (97.11009761413486,1)
[1163]: (97.63393369648276,1)
[1164]: (97.05775737800278,1)
[1165]: (97.00795007637022,1)
[1166]: (99.14594859629184,1)
[1167]: (97.387664118557,1)
[1168]: (97.01758731061869,1)
[1169]: (97.07456962730566,1)
[1170]: (98.84883008132918,1)
[1171]: (97.20298598008556,1)
[1172]: (97.04426286013805,1)
[1173]: (97.02139430032257,1)
[1174]: (97.19051324047147,1)
[1175]: (97.38789000755531,1)
[1176]: (97.71742375182953,1)
[1177]: (97.45394301595564,1)
[1178]: (97.20033741773368,1)
[1179]: (97.02422038736944,1)
[1180]: (97.34575563629309,1)
[1181]: (97.27305732720004,1)
[1182]: (97.11529094567918,1)
[1183]: (97.16534407984369,1)
[1184]: (97.16587715527234,1)
[1185]: (97.00816819486727,1)
[1186]: (97.13917600439291,1)
[1187]: (97.56989994917042,1)
[1188]: (97.22834866493976,1)
[1189]: (97.26384413774836,1)
[1190]: (97.02152815278296,1)
[1191]: (97.19028419756668,1)
[1192]: (97.69641210421447,1)
[1193]: (97.05237648794068,1)
[1194]: (97.13282848908835,1)
[1195]: (97.06013665593531,1)
[1196]: (97.04405394468611,1)
[1197]: (97.79465230599743,1)
[1198]: (97.02018106217709,1)
[1199]: (97.02358145441872,1)
[1200]: (97.36963219790425,1)
[1201]: (97.10268133424984,1)
[1202]: (97.18265324839587,1)
[1203]: (97.03552561024684,1)
[1204]: (97.0316513280335,1)
[1205]: (97.28417098060132,1)
[1206]: (97.00651870500896,1)
[1207]: (97.17733239226388,1)
[1208]: (97.08171274470394,1)
[1209]: (97.04965313356402,1)
[1210]: (97.01601513991972,1)
[1211]: (97.01695558777709,1)
[1212]: (97.43508916932673,1)
[1213]: (98.73106450189006,1)
[1214]: (97.09931106046885,1)
[1215]: (97.66063388121218,1)
[1216]: (97.11521189786536,1)
[1217]: (97.64930269697733,1)
[1218]: (97.18843654949413,1)
[1219]: (97.23867784522858,1)
[1220]: (97.02842444759986,1)
[1221]: (97.24895818835958,1)
[1222]: (97.54875351180088,1)
[1223]: (97.18081876891787,1)
[1224]: (97.24842767630859,1)
[1225]: (97.47535311069784,1)
[1226]: (97.07774276383759,1)
[1227]: (97.96607121445395,1)
[1228]: (97.17370550431016,1)
[1229]: (97.49500468292426,1)
[1230]: (97.19123952709843,1)
[1231]: (97.09194174284742,1)
[1232]: (97.11152835397225,1)
[1233]: (97.2191013838159,1)
[1234]: (97.45821490994611,1)
[1235]: (97.14110482763586,1)
[1236]: (97.09736601904571,1)
[1237]: (97.20827049951133,1)
[1238]: (97.13107309751059,1)
[1239]: (97.30565017505498,1)
[1240]: (97.09623145377881,1)
[1241]: (97.02652235733727,1)
[1242]: (97.02490940083824,1)
[1243]: (97.30709332596994,1)
[1244]: (97.66941971466103,1)
[1245]: (97.25631963610167,1)
[1246]: (97.27745722337794,1)
[1247]: (97.46590215571135,1)
[1248]: (97.14940880365248,1)
[1249]: (97.17406381309698,1)
[1250]: (97.43065238052152,1)
[1251]: (97.33408148630542,1)
[1252]: (98.50846944062646,1)
[1253]: (97.38914387246682,1)
[1254]: (97.02718264337827,1)
[1255]: (97.17618851889146,1)
[1256]: (97.71653986456135,1)
[1257]: (97.15936320144434,1)
[1258]: (97.48238698411572,1)
[1259]: (97.40559264131581,1)
[1260]: (97.6086092927966,1)
[1261]: (99.35692699793145,1)
[1262]: (97.26004509885757,1)
[1263]: (97.30848954134392,1)
[1264]: (97.10085560088524,1)
[1265]: (97.2384347348257,1)
[1266]: (97.09556605337848,1)
[1267]: (97.54212384167376,1)
[1268]: (97.6384052815597,1)
[1269]: (97.75512504943089,1)
[1270]: (97.23177438439492,1)
[1271]: (97.40386053511909,1)
[1272]: (97.06955547241,1)
[1273]: (97.37997559616934,1)
[1274]: (97.33474035828856,1)
[1275]: (97.23604031457097,1)
[1276]: (97.69236570732566,1)
[1277]: (97.15422037422722,1)
[1278]: (97.38732302670535,1)
[1279]: (97.02953227883941,1)
[1280]: (97.04056196000143,1)
[1281]: (97.95061703716598,1)
[1282]: (97.02653338430409,1)
[1283]: (97.3426222327667,1)
[1284]: (97.13903851851573,1)
[1285]: (97.03567433230552,1)
[1286]: (98.06102182826825,1)
[1287]: (97.60350266903902,1)
[1288]: (97.04236296510375,1)
[1289]: (97.0553128529303,1)
[1290]: (97.86838719425462,1)
[1291]: (97.78854114382493,1)
[1292]: (97.18854725382897,1)
[1293]: (97.01457975198575,1)
[1294]: (97.1339411400798,1)
[1295]: (97.55864932854804,1)
[1296]: (98.43566243512471,1)
[1297]: (97.257470357478,1)
[1298]: (97.24320297813011,1)
[1299]: (97.10712697550825,1)
[1300]: (97.11934478725532,1)
[1301]: (97.71334080337843,1)
[1302]: (97.57521463911363,1)
[1303]: (97.07927248395545,1)
[1304]: (97.10402266464875,1)
[1305]: (97.13264059401777,1)
[1306]: (97.93463474469577,1)
[1307]: (97.91766018725663,1)
[1308]: (97.00997622480941,1)
[1309]: (97.03068833175661,1)
[1310]: (97.6604276766891,1)
[1311]: (97.33323064720909,1)
[1312]: (97.03387324471501,1)
[1313]: (97.2286344892275,1)
[1314]: (97.18837005237482,1)
[1315]: (97.14815821401535,1)
[1316]: (97.56635667246034,1)
[1317]: (97.79350270013906,1)
[1318]: (97.76040625579799,1)
[1319]: (97.17863369238003,1)
[1320]: (97.06570139189714,1)
[1321]: (98.46416246179787,1)
[1322]: (97.04070211811438,1)
[1323]: (98.13509455788733,1)
[1324]: (97.56007141547558,1)
[1325]: (97.88574007436669,1)
[1326]: (97.0080906511796,1)
[1327]: (97.03409459374888,1)
[1328]: (97.46604464289466,1)
[1329]: (97.26339086116771,1)
[1330]: (97.03055224775035,1)
[1331]: (97.14493578193093,1)
[1332]: (97.84163580701596,1)
[1333]: (97.31586382260397,1)
[1334]: (97.33231147427354,1)
[1335]: (97.49221310858042,1)
[1336]: (97.28767814121377,1)
[1337]: (97.18875524910024,1)
[1338]: (97.22867665388412,1)
[1339]: (98.32267129093287,1)
[1340]: (97.35112609540627,1)
[1341]: (97.01121573378119,1)
[1342]: (97.00699477113184,1)
[1343]: (97.2519877329723,1)
[1344]: (97.18768994660668,1)
[1345]: (97.07256138020685,1)
[1346]: (97.35875630019403,1)
[1347]: (97.02554854572914,1)
[1348]: (97.18559310591083,1)
[1349]: (97.76175046521767,1)
[1350]: (97.15720010233449,1)
[1351]: (97.03290239014454,1)
[1352]: (97.40213951010821,1)
[1353]: (97.15358924672189,1)
[1354]: (97.54395427385789,1)
[1355]: (97.2771782831127,1)
[1356]: (97.29799990873587,1)
[1357]: (97.2900322084583,1)
[1358]: (97.12173024906262,1)
[1359]: (97.23966915579508,1)
[1360]: (97.72970819096886,1)
[1361]: (97.53008162133894,1)
[1362]: (97.05189575733769,1)
[1363]: (97.00799818514677,1)
[1364]: (97.31186323640664,1)
[1365]: (97.49589852074313,1)
[1366]: (97.02608861654096,1)
[1367]: (97.20490238120124,1)
[1368]: (97.01271459805811,1)
[1369]: (97.29745041324361,1)
[1370]: (98.03512823045847,1)
[1371]: (97.01993253512174,1)
[1372]: (97.33516343160733,1)
[1373]: (97.22901582169874,1)
[1374]: (97.07069352948503,1)
[1375]: (97.07281972247034,1)
[1376]: (97.24135189547218,1)
[1377]: (97.32572914323643,1)
[1378]: (97.0780298107872,1)
[1379]: (97.19237221428452,1)
[1380]: (97.20177527871978,1)
[1381]: (97.48733088374688,1)
[1382]: (97.7705923885198,1)
[1383]: (97.2197491056276,1)
[1384]: (97.17090285938804,1)
[1385]: (97.25253866347057,1)
[1386]: (97.21354323382911,1)
[1387]: (97.01193577363161,1)
[1388]: (97.38067350632923,1)
[1389]: (97.0730215823515,1)
[1390]: (97.30219007613566,1)
[1391]: (97.24586249279294,1)
[1392]: (97.01098636505067,1)
[1393]: (98.81551036597864,1)
[1394]: (97.2050881379181,1)
[1395]: (97.69658516157119,1)
[1396]: (97.31163940239412,1)
[1397]: (97.47205665482944,1)
[1398]: (97.12620126077316,1)
[1399]: (97.10712290212454,1)
[1400]: (97.5677915778839,1)
[1401]: (97.06953785313168,1)
[1402]: (97.15519723027168,1)
[1403]: (97.778086011759,1)
[1404]: (97.10369576364215,1)
[1405]: (97.90084608692423,1)
[1406]: (97.35634902178772,1)
[1407]: (97.13599879068255,1)
[1408]: (97.25408800293495,1)
[1409]: (97.1201865708786,1)
[1410]: (97.61397952569284,1)
[1411]: (97.25532538413452,1)
[1412]: (97.54997407076667,1)
[1413]: (97.14174657840603,1)
[1414]: (97.19441123032806,1)
[1415]: (97.08225635730635,1)
[1416]: (97.11817810011526,1)
[1417]: (97.72053806526552,1)
[1418]: (97.22953373213819,1)
[1419]: (97.37820659923162,1)
[1420]: (97.48870704180125,1)
[1421]: (97.24040256662725,1)
[1422]: (97.42937924665422,1)
[1423]: (97.18909543849136,1)
[1424]: (97.39715920793442,1)
[1425]: (97.00654380051245,1)
[1426]: (97.12737080506581,1)
[1427]: (97.07614798785073,1)
[1428]: (97.03545635571527,1)
[1429]: (97.33982935667004,1)
[1430]: (97.32349998392847,1)
[1431]: (97.2131972263543,1)
[1432]: (97.43453118187952,1)
[1433]: (97.31796432355114,1)
[1434]: (97.24709043459332,1)
[1435]: (97.57625208116411,1)
[1436]: (97.06259544872051,1)
[1437]: (97.31199355438467,1)
[1438]: (97.25753402422031,1)
[1439]: (97.04452304421382,1)
[1440]: (97.22520541645467,1)
[1441]: (97.01310524301518,1)
[1442]: (97.07269188252869,1)
[1443]: (97.02211900804666,1)
[1444]: (97.01276665648302,1)
[1445]: (97.2748027799616,1)
[1446]: (97.00952925942751,1)
[1447]: (97.56505744101682,1)
[1448]: (97.59320769458463,1)
[1449]: (97.19164430410778,1)
[1450]: (97.22102935971593,1)
[1451]: (98.01385115543414,1)
[1452]: (97.03929761575947,1)
[1453]: (97.01131778081266,1)
[1454]: (97.75233607517735,1)
[1455]: (97.19489316990462,1)
[1456]: (97.09883965894646,1)
[1457]: (97.04624664531453,1)
[1458]: (97.66917051844221,1)
[1459]: (97.03469140915431,1)
[1460]: (97.15899888403158,1)
[1461]: (97.2356069729007,1)
[1462]: (97.00555358058173,1)
[1463]: (97.21158922040671,1)
[1464]: (97.03871371833444,1)
[1465]: (98.04551594172798,1)
[1466]: (98.1199066143726,1)
[1467]: (97.4805336199593,1)
[1468]: (97.17579660843413,1)
[1469]: (98.10489875691668,1)
[1470]: (97.09706867017007,1)
[1471]: (97.02797334647043,1)
[1472]: (97.6204865683508,1)
[1473]: (97.11730677009334,1)
[1474]: (97.26880814819765,1)
[1475]: (97.03827619500322,1)
[1476]: (97.15826228042465,1)
[1477]: (97.31362364604583,1)
[1478]: (97.00449915805454,1)
[1479]: (97.66272937375923,1)
[1480]: (97.11667222070228,1)
[1481]: (97.1354636948513,1)
[1482]: (97.15349998666905,1)
[1483]: (97.33090676747187,1)
[1484]: (97.7063135541645,1)
[1485]: (97.52344492144289,1)
[1486]: (97.73697534374477,1)
[1487]: (97.22064958811015,1)
[1488]: (97.13627383658356,1)
[1489]: (97.0735826467005,1)
[1490]: (97.78205160138472,1)
[1491]: (97.23885171726525,1)
[1492]: (97.07660160718571,1)
[1493]: (97.05846903423067,1)
[1494]: (97.68269217608476,1)
[1495]: (97.24023841139847,1)
[1496]: (97.13217976379129,1)
[1497]: (97.66301999901667,1)
[1498]: (97.28107134779376,1)
[1499]: (97.35228378027325,1)
[1500]: (97.3208197762244,1)
[1501]: (97.33113549431677,1)
[1502]: (97.20120570555534,1)
[1503]: (97.29466321085239,1)
[1504]: (97.28064740188458,1)
[1505]: (97.15750068134562,1)
[1506]: (97.53521975961938,1)
[1507]: (97.91898214792566,1)
[1508]: (97.24351094868713,1)
[1509]: (97.14986390082237,1)
[1510]: (97.07773713761587,1)
[1511]: (97.19995965441964,1)
[1512]: (97.52602093501334,1)
[1513]: (97.25652317081861,1)
[1514]: (97.16079735980294,1)
[1515]: (98.76416074547986,1)
[1516]: (97.73683418204436,1)
[1517]: (97.10267516414845,1)
[1518]: (97.02750005096182,1)
[1519]: (97.03393409725314,1)
[1520]: (97.10629820816341,1)
[1521]: (97.32746041886523,1)
[1522]: (97.13544952639879,1)
[1523]: (97.2975899889878,1)
[1524]: (97.25449252068377,1)
[1525]: (97.81545596494129,1)
[1526]: (97.48226530116966,1)
[1527]: (97.30871413247114,1)
[1528]: (97.4329648079585,1)
[1529]: (97.15849839199386,1)
[1530]: (97.08860728506733,1)
[1531]: (97.13680764612147,1)
[1532]: (97.63840144686955,1)
[1533]: (97.27137521532595,1)
[1534]: (97.03829588874784,1)
[1535]: (97.11695254611539,1)
[1536]: (97.45513893873479,1)
[1537]: (97.23256362475419,1)
[1538]: (97.29283107015303,1)
[1539]: (97.47466310759054,1)
[1540]: (97.76237903370009,1)
[1541]: (97.53121453782242,1)
[1542]: (97.14469577935563,1)
[1543]: (97.17244922664688,1)
[1544]: (97.28525401830331,1)
[1545]: (97.66011892169902,1)
[1546]: (97.03805897376068,1)
[1547]: (97.01736835782758,1)
[1548]: (97.21328970869548,1)
[1549]: (97.55145625643091,1)
[1550]: (97.19058595431108,1)
[1551]: (97.08435539512341,1)
[1552]: (97.18119712496465,1)
[1553]: (97.79583819727129,1)
[1554]: (97.57237874659701,1)
[1555]: (97.70733922663386,1)
[1556]: (97.13402374196423,1)
[1557]: (97.24099318198859,1)
[1558]: (98.6989085760234,1)
[1559]: (97.49166359805724,1)
[1560]: (97.19208547935364,1)
[1561]: (97.77840307709526,1)
[1562]: (97.11962330720706,1)
[1563]: (97.19421124037399,1)
[1564]: (97.77124857748851,1)
[1565]: (98.27720708539928,1)
[1566]: (97.1680667050785,1)
[1567]: (97.3755568806569,1)
[1568]: (97.20549947112754,1)
[1569]: (97.97753672069007,1)
[1570]: (97.35413353361018,1)
[1571]: (97.67926030193816,1)
[1572]: (97.03491151669934,1)
[1573]: (97.12685639442307,1)
[1574]: (97.31219150059339,1)
[1575]: (97.12262378004574,1)
[1576]: (97.23437219341339,1)
[1577]: (97.05678800668946,1)
[1578]: (97.04559197922386,1)
[1579]: (98.17833165766197,1)
[1580]: (97.04914468683506,1)
[1581]: (97.01551495448116,1)
[1582]: (97.19724171575898,1)
[1583]: (97.01131462054643,1)
[1584]: (97.02163381020398,1)
[1585]: (97.00854965723154,1)
[1586]: (97.03556599041362,1)
[1587]: (97.07570754430013,1)
[1588]: (97.79415498313749,1)
[1589]: (97.15838013769392,1)
[1590]: (97.12294965587128,1)
[1591]: (97.11852442055856,1)
[1592]: (97.53746673214712,1)
[1593]: (97.21667834944074,1)
[1594]: (97.49959075646072,1)
[1595]: (97.14940921622826,1)
[1596]: (97.76424148309536,1)
[1597]: (97.48210221987577,1)
[1598]: (97.10438362806661,1)
[1599]: (97.73001207761041,1)
[1600]: (97.20372329306403,1)
[1601]: (97.48469567371399,1)
[1602]: (97.0803767869607,1)
[1603]: (97.89281724879736,1)
[1604]: (98.22600194261203,1)
[1605]: (97.86599194796203,1)
[1606]: (97.02041406878011,1)
[1607]: (97.25617061680907,1)
[1608]: (97.61618941150034,1)
[1609]: (97.42857925582103,1)
[1610]: (97.54891249809796,1)
[1611]: (97.44177027074556,1)
[1612]: (97.28560952334144,1)
[1613]: (97.20465693901605,1)
[1614]: (97.03650560115034,1)
[1615]: (97.53012260597754,1)
[1616]: (97.07889083553975,1)
[1617]: (97.09028554937051,1)
[1618]: (97.09377250642044,1)
[1619]: (97.90878880618156,1)
[1620]: (97.58186047317803,1)
[1621]: (97.08993127061952,1)
[1622]: (97.53928213262414,1)
[1623]: (97.69707033712159,1)
[1624]: (97.50458625807349,1)
[1625]: (97.24976446727096,1)
[1626]: (97.81652883942068,1)
[1627]: (97.12129876102364,1)
[1628]: (97.34307974678956,1)
[1629]: (97.82070559889968,1)
[1630]: (97.34235872460202,1)
[1631]: (97.00762533531345,1)
[1632]: (97.41242370493347,1)
[1633]: (97.29863371831986,1)
[1634]: (97.1106573331661,1)
[1635]: (97.05238858804537,1)
[1636]: (97.12385611337666,1)
[1637]: (97.83974381660967,1)
[1638]: (97.17152638462949,1)
[1639]: (97.37827302357998,1)
[1640]: (97.29507364045998,1)
[1641]: (97.06498747649617,1)
[1642]: (97.05025279016211,1)
[1643]: (97.10407151369192,1)
[1644]: (97.04462891552528,1)
[1645]: (97.45029868050226,1)
[1646]: (97.07360572051962,1)
[1647]: (97.09480786559044,1)
[1648]: (97.56451406951645,1)
[1649]: (97.20074591010886,1)
[1650]: (97.13490793228333,1)
[1651]: (98.21457685744406,1)
[1652]: (97.05805041560629,1)
[1653]: (97.02242499588721,1)
[1654]: (97.20836603020706,1)
[1655]: (97.21785081999082,1)
[1656]: (97.39354074075901,1)
[1657]: (97.03213535105021,1)
[1658]: (97.05931978849385,1)
[1659]: (97.16054576115363,1)
[1660]: (97.01254908447791,1)
[1661]: (97.13152112412851,1)
[1662]: (97.41127648851885,1)
[1663]: (97.03757852957608,1)
[1664]: (97.00102899186543,1)
[1665]: (97.25347617676942,1)
[1666]: (97.5716963043985,1)
[1667]: (97.49845489991962,1)
[1668]: (97.60306991644607,1)
[1669]: (97.45656941081477,1)
[1670]: (97.2524179901846,1)
[1671]: (97.0676653112626,1)
[1672]: (97.42909615892614,1)
[1673]: (97.26580350148294,1)
[1674]: (98.02842252315992,1)
[1675]: (97.2271663172302,1)
[1676]: (97.16876521529544,1)
[1677]: (97.61471779613449,1)
[1678]: (97.02275036342526,1)
[1679]: (97.53574871390828,1)
[1680]: (97.05653080289407,1)
[1681]: (97.62850420417593,1)
[1682]: (97.02567250890439,1)
[1683]: (97.11576200178817,1)
[1684]: (97.05177908593436,1)
[1685]: (97.32010469570267,1)
[1686]: (97.05583320467284,1)
[1687]: (97.51674319178473,1)
[1688]: (97.13620031702258,1)
[1689]: (97.24448102612247,1)
[1690]: (97.23323016443847,1)
[1691]: (97.49031275398187,1)
[1692]: (97.87367683232135,1)
[1693]: (97.53161768531109,1)
[1694]: (97.29481900542312,1)
[1695]: (97.0465002077345,1)
[1696]: (97.11341644991997,1)
[1697]: (97.07059997317792,1)
[1698]: (97.57721145235377,1)
[1699]: (97.5589202066806,1)
[1700]: (97.02848896276443,1)
[1701]: (97.4381321232718,1)
[1702]: (97.03023815882979,1)
[1703]: (98.57415304032513,1)
[1704]: (97.01198303041076,1)
[1705]: (98.51895966994215,1)
[1706]: (97.01575018545516,1)
[1707]: (97.45027166810598,1)
[1708]: (98.6931417580297,1)
[1709]: (97.25275850945562,1)
[1710]: (97.30386114889846,1)
[1711]: (97.03748431626006,1)
[1712]: (97.39377572522542,1)
[1713]: (97.04110259379316,1)
[1714]: (99.63509232801884,1)
[1715]: (97.03354059739303,1)
[1716]: (97.11619486045099,1)
[1717]: (97.92823695893404,1)
[1718]: (97.38375313323456,1)
[1719]: (97.44502173312294,1)
[1720]: (97.10986729500029,1)
[1721]: (97.53736145665349,1)
[1722]: (97.15501272753268,1)
[1723]: (97.11462506413429,1)
[1724]: (97.60119224527317,1)
[1725]: (97.19981792973707,1)
[1726]: (97.4185542984454,1)
[1727]: (97.42040028832106,1)
[1728]: (97.06682113934113,1)
[1729]: (97.0700823980925,1)
[1730]: (97.15041892105495,1)
[1731]: (97.0208122418868,1)
[1732]: (97.45051962654759,1)
[1733]: (97.75554790971442,1)
[1734]: (97.61867143024183,1)
[1735]: (98.20257081767345,1)
[1736]: (97.14299998215331,1)
[1737]: (97.64545544217847,1)
[1738]: (97.13392577017592,1)
[1739]: (97.19548436243942,1)
[1740]: (97.45680923146534,1)
[1741]: (97.21342932518506,1)
[1742]: (97.41537030431952,1)
[1743]: (98.58148078025852,1)
[1744]: (97.06252221354951,1)
[1745]: (97.18947580902206,1)
[1746]: (97.13637809876435,1)
[1747]: (97.27127918486134,1)
[1748]: (97.11534317552616,1)
[1749]: (97.66562957699645,1)
[1750]: (97.06658059245653,1)
[1751]: (97.11542075057952,1)
[1752]: (97.05527268410088,1)
[1753]: (97.32631081975464,1)
[1754]: (97.25696632318616,1)
[1755]: (97.21715071667725,1)
[1756]: (97.30620516363561,1)
[1757]: (97.38007916995323,1)
[1758]: (97.25812118596508,1)
[1759]: (97.00812370218466,1)
[1760]: (97.06606511646359,1)
[1761]: (97.26362712801172,1)
[1762]: (97.0508003889374,1)
[1763]: (97.30811621490221,1)
[1764]: (97.09254548742871,1)
[1765]: (97.0984935481998,1)
[1766]: (97.07829313955952,1)
[1767]: (97.47383749099649,1)
[1768]: (97.35259630989906,1)
[1769]: (97.12008671155453,1)
[1770]: (97.09420779256271,1)
[1771]: (97.20600035280961,1)
[1772]: (97.12602223782271,1)
[1773]: (97.02272539912086,1)
[1774]: (97.79338845060474,1)
[1775]: (98.07900863709905,1)
[1776]: (97.77531536307829,1)
[1777]: (97.33558726673047,1)
[1778]: (98.12334802400264,1)
[1779]: (97.13621043678279,1)
[1780]: (97.4195560291403,1)
[1781]: (97.06171520165293,1)
[1782]: (98.28765707057362,1)
[1783]: (97.76398824791075,1)
[1784]: (97.39392564558713,1)
[1785]: (97.43306186375693,1)
[1786]: (97.06937903268395,1)
[1787]: (97.61353855459751,1)
[1788]: (97.04712008286072,1)
[1789]: (97.4511547303963,1)
[1790]: (97.3481835277103,1)
[1791]: (97.75459913445306,1)
[1792]: (97.04535463233131,1)
[1793]: (97.48027314790302,1)
[1794]: (97.48506329790378,1)
[1795]: (97.40569189870499,1)
[1796]: (97.49261668404741,1)
[1797]: (97.79645706965208,1)
[1798]: (97.37925246984007,1)
[1799]: (97.54737625189306,1)
[1800]: (97.07802371928133,1)
[1801]: (97.61021781465467,1)
[1802]: (97.07968853903002,1)
[1803]: (97.4919897033087,1)
[1804]: (97.56730600946327,1)
[1805]: (97.31513300904183,1)
[1806]: (97.11975449501259,1)
[1807]: (97.10749085135011,1)
[1808]: (97.04801755879149,1)
[1809]: (97.01595222038894,1)
[1810]: (98.20154251274266,1)
[1811]: (97.15595976134784,1)
[1812]: (97.28345466539734,1)
[1813]: (97.93043353746592,1)
[1814]: (97.95749232262324,1)
[1815]: (97.29768666804858,1)
[1816]: (98.56515046648639,1)
[1817]: (97.80222310436345,1)
[1818]: (97.02514206150738,1)
[1819]: (97.25687986206482,1)
[1820]: (97.23509817076088,1)
[1821]: (97.62584573481131,1)
[1822]: (97.14803340586147,1)
[1823]: (97.05086042577726,1)
[1824]: (97.23479039367828,1)
[1825]: (97.41657077993975,1)
[1826]: (97.02619254946791,1)
[1827]: (97.12809780398764,1)
[1828]: (97.27525243306411,1)
[1829]: (97.1117323876871,1)
[1830]: (99.36877745077724,1)
[1831]: (97.12187260961615,1)
[1832]: (97.07292055965176,1)
[1833]: (97.20449596590477,1)
[1834]: (97.06708240802962,1)
[1835]: (97.15260071885973,1)
[1836]: (97.46589456294413,1)
[1837]: (97.53482090014393,1)
[1838]: (97.41775771520999,1)
[1839]: (97.3527329344417,1)
[1840]: (97.00315672276156,1)
[1841]: (97.8271100721735,1)
[1842]: (98.30847400085622,1)
[1843]: (97.34940924676623,1)
[1844]: (97.09469078938102,1)
[1845]: (97.18751526645241,1)
[1846]: (97.5578372481848,1)
[1847]: (97.27407042921608,1)
[1848]: (97.06317438197976,1)
[1849]: (97.4779483187001,1)
[1850]: (97.79199480027908,1)
[1851]: (98.07881748652446,1)
[1852]: (97.26612278742212,1)
[1853]: (97.13670906278971,1)
[1854]: (97.00021376886166,1)
[1855]: (97.32500207600482,1)
[1856]: (97.31729588325589,1)
[1857]: (97.16883046452269,1)
[1858]: (97.09323232155616,1)
[1859]: (97.40169982497679,1)
[1860]: (97.56856660994357,1)
[1861]: (98.49728403025911,1)
[1862]: (97.70483609528033,1)
[1863]: (97.12034893645483,1)
[1864]: (98.07921847434373,1)
[1865]: (97.02991968420231,1)
[1866]: (97.25111514397123,1)
[1867]: (97.19283730449305,1)
[1868]: (97.15208926385999,1)
[1869]: (98.21628922568702,1)
[1870]: (97.63654873299812,1)
[1871]: (97.60893449933118,1)
[1872]: (97.58602546142204,1)
[1873]: (97.05534093826917,1)
[1874]: (97.00565095409185,1)
[1875]: (97.31254223106627,1)
[1876]: (97.16180244236089,1)
[1877]: (97.50694569537747,1)
[1878]: (98.36540971900251,1)
[1879]: (97.13227488470308,1)
[1880]: (97.3719128109863,1)
[1881]: (97.35039621885183,1)
[1882]: (97.07789089532986,1)
[1883]: (97.13232280683523,1)
[1884]: (97.07508481467845,1)
[1885]: (97.06503382436171,1)
[1886]: (97.17453133016744,1)
[1887]: (97.03264354801689,1)
[1888]: (97.66481436845238,1)
[1889]: (97.75765120851604,1)
[1890]: (97.654580597228,1)
[1891]: (97.5972892711949,1)
[1892]: (97.94915931863331,1)
[1893]: (97.34471894895398,1)
[1894]: (97.04934053818803,1)
[1895]: (97.35450303463054,1)
[1896]: (97.07036299791538,1)
[1897]: (97.05428053760463,1)
[1898]: (97.68449031255437,1)
[1899]: (98.31605815133805,1)
[1900]: (97.29306359688398,1)
[1901]: (97.21874462147841,1)
[1902]: (97.10736418985233,1)
[1903]: (97.11892064745817,1)
[1904]: (97.2355658006813,1)
[1905]: (97.09127477159308,1)
[1906]: (97.13673395014722,1)
[1907]: (97.55377846896015,1)
[1908]: (97.07817658067455,1)
[1909]: (97.10939529943664,1)
[1910]: (97.38722903586756,1)
[1911]: (97.55917583633486,1)
[1912]: (97.02371842704216,1)
[1913]: (97.36662202932101,1)
[1914]: (97.03206909028025,1)
[1915]: (97.27762378379494,1)
[1916]: (97.27559913986063,1)
[1917]: (97.04846999074734,1)
[1918]: (97.00535870988472,1)
[1919]: (97.19272381939591,1)
[1920]: (97.1516076469009,1)
[1921]: (97.02499694848746,1)
[1922]: (97.00572746496566,1)
[1923]: (97.51205142389665,1)
[1924]: (97.42759148923673,1)
[1925]: (97.39103524855707,1)
[1926]: (97.04394170319526,1)
[1927]: (97.13372843731763,1)
[1928]: (97.52274772987768,1)
[1929]: (97.4387915392909,1)
[1930]: (97.14212621133478,1)
[1931]: (97.22536969478983,1)
[1932]: (97.0207937697147,1)
[1933]: (97.08061756604928,1)
[1934]: (97.22090346298205,1)
[1935]: (97.52266102350893,1)
[1936]: (97.03445434255512,1)
[1937]: (97.43607862444972,1)
[1938]: (98.54868485366622,1)
[1939]: (98.32608782174594,1)
[1940]: (97.00266104854906,1)
[1941]: (97.17448008632591,1)
[1942]: (97.18610886149989,1)
[1943]: (97.20021268391443,1)
[1944]: (97.86100842328591,1)
[1945]: (97.00877473100758,1)
[1946]: (97.07344032992989,1)
[1947]: (97.38953509332296,1)
[1948]: (97.04746333610649,1)
[1949]: (97.29131848039057,1)
[1950]: (97.02568581037583,1)
[1951]: (97.20391790970643,1)
[1952]: (97.15971963908905,1)
[1953]: (97.27978227184454,1)
[1954]: (97.01433106895246,1)
[1955]: (97.02775987160484,1)
[1956]: (97.15453595427945,1)
[1957]: (97.50451141252776,1)
[1958]: (97.37663833974408,1)
[1959]: (97.01987471348183,1)
[1960]: (97.04244922431862,1)
[1961]: (97.05930827826354,1)
[1962]: (97.02768214572305,1)
[1963]: (97.29222883953307,1)
[1964]: (97.24606317169922,1)
[1965]: (97.21767905539537,1)
[1966]: (97.47109784190802,1)
[1967]: (97.27086768961823,1)
[1968]: (97.34667442138841,1)
[1969]: (97.06924149813393,1)
[1970]: (97.05446616914973,1)
[1971]: (97.36301944066214,1)
[1972]: (97.00433127064599,1)
[1973]: (97.22068007902283,1)
[1974]: (97.01649033481019,1)
[1975]: (97.33778119167175,1)
[1976]: (97.96956530905868,1)
[1977]: (97.08985252966215,1)
[1978]: (97.03699431959284,1)
[1979]: (97.04431446358585,1)
[1980]: (97.64176424581152,1)
[1981]: (97.06764361566894,1)
[1982]: (97.8610495373527,1)
[1983]: (97.25522206084239,1)
[1984]: (97.14304301592809,1)
[1985]: (97.82983333305285,1)
[1986]: (97.26148589641809,1)
[1987]: (97.10507715037828,1)
[1988]: (97.02607558053516,1)
[1989]: (97.06711443683542,1)
[1990]: (97.14756382251298,1)
[1991]: (97.84056423708032,1)
[1992]: (97.08265855318048,1)
[1993]: (97.13723243881799,1)
[1994]: (97.22731823681983,1)
[1995]: (97.56784372935334,1)
[1996]: (97.28751998894303,1)
[1997]: (97.0984280494167,1)
[1998]: (97.52999675058949,1)
[1999]: (97.22547601075446,1)
 -- States explored : 0 states
 -- CPU user time used : 13440 ms
 -- Virtual memory used : 58000 KiB
 -- Resident memory used : 19632 KiB
executionTime: 82
