core file size          (blocks, -c) unlimited
data seg size           (kbytes, -d) unlimited
scheduling priority             (-e) 0
file size               (blocks, -f) unlimited
pending signals                 (-i) 4077086
max locked memory       (kbytes, -l) 64
max memory size         (kbytes, -m) 32505856
open files                      (-n) 4096
pipe size            (512 bytes, -p) 8
POSIX message queues     (bytes, -q) 819200
real-time priority              (-r) 0
stack size              (kbytes, -s) 8192
cpu time               (seconds, -t) unlimited
max user processes              (-u) 4077086
virtual memory          (kbytes, -v) 31000000
file locks                      (-x) unlimited
Options for the verification:
  Generating some trace
  Search order is random depth first
  Using conservative space optimisation
  Seed is 1556896772
  State space representation uses minimal constraint systems
  Using HashMap + Compress integers for discrete state storage

Verifying formula 1 at ../queries/SN_50_147_16.q:1
 -- Formula is satisfied.
(9000 runs)
Learning statistics for best strategy: 
	Number of resets: 0
	Number of iterations in last reset: 7
	Number of iterations in total: 7

 -- States explored : 0 states
 -- CPU user time used : 92740 ms
 -- Virtual memory used : 203400 KiB
 -- Resident memory used : 164748 KiB

Verifying formula 2 at ../queries/SN_50_147_16.q:3
 -- Formula is satisfied.
Composer.Done:
[0]: (0,0) (47.2726123886561,1)
[1]: (47.69222261439909,1)
[2]: (47.14075127411839,1)
[3]: (47.58625555614046,1)
[4]: (47.60135160882302,1)
[5]: (47.17448313923778,1)
[6]: (47.86661711852168,1)
[7]: (47.02721486527994,1)
[8]: (47.77726644774604,1)
[9]: (47.34084921752497,1)
[10]: (47.28096862689713,1)
[11]: (48.53770322917649,1)
[12]: (47.40642493682056,1)
[13]: (47.60784112348756,1)
[14]: (47.1319508603801,1)
[15]: (47.44546002176445,1)
[16]: (47.64113601557069,1)
[17]: (47.14417841229163,1)
[18]: (47.0739787925493,1)
[19]: (48.02699213839281,1)
[20]: (47.16052061257181,1)
[21]: (47.78658648923238,1)
[22]: (47.10249321546788,1)
[23]: (47.02953053924733,1)
[24]: (47.37709502625239,1)
[25]: (47.03215925242183,1)
[26]: (47.22704024048543,1)
[27]: (47.55235690475795,1)
[28]: (47.79405595095176,1)
[29]: (47.24169338262784,1)
[30]: (47.05899730147677,1)
[31]: (47.24287442496473,1)
[32]: (47.59509054840138,1)
[33]: (47.45482380225472,1)
[34]: (48.49428010276341,1)
[35]: (47.02910498371486,1)
[36]: (47.04986308424158,1)
[37]: (47.02473309202845,1)
[38]: (47.52467208862647,1)
[39]: (47.44684387585085,1)
[40]: (47.34907882884769,1)
[41]: (47.21032172721646,1)
[42]: (47.02733137451296,1)
[43]: (47.42872874774991,1)
[44]: (47.9555856402151,1)
[45]: (47.10835309691811,1)
[46]: (47.33025145524953,1)
[47]: (47.09582124649792,1)
[48]: (47.18539031672393,1)
[49]: (47.78348819935444,1)
[50]: (47.58406773798765,1)
[51]: (47.04419550393748,1)
[52]: (47.03480369280707,1)
[53]: (47.34727622699284,1)
[54]: (47.0691665309857,1)
[55]: (47.04350518067785,1)
[56]: (47.36637498248432,1)
[57]: (48.48024788010706,1)
[58]: (47.37320443130571,1)
[59]: (47.30841761811431,1)
[60]: (47.09825260283007,1)
[61]: (47.36786702875592,1)
[62]: (47.19093920811419,1)
[63]: (47.013845738649,1)
[64]: (47.17478783233025,1)
[65]: (47.53146526132852,1)
[66]: (47.42160325957391,1)
[67]: (47.21514142599824,1)
[68]: (47.56285905997212,1)
[69]: (48.05914257102742,1)
[70]: (47.42390933280944,1)
[71]: (47.07050148069539,1)
[72]: (47.35188961290496,1)
[73]: (47.03010978535245,1)
[74]: (47.1933544700629,1)
[75]: (47.21999508533294,1)
[76]: (47.08546159554287,1)
[77]: (47.29619486293902,1)
[78]: (47.6482401159514,1)
[79]: (47.10834466938754,1)
[80]: (47.02906062273218,1)
[81]: (47.2113397119273,1)
[82]: (47.17446906475743,1)
[83]: (47.52600250566491,1)
[84]: (47.25988591426501,1)
[85]: (47.03607073488308,1)
[86]: (47.51305590575858,1)
[87]: (47.08883897880502,1)
[88]: (47.12830756702891,1)
[89]: (47.33976771171579,1)
[90]: (47.12063217248107,1)
[91]: (47.03046349404319,1)
[92]: (47.31846461426108,1)
[93]: (47.21673882438029,1)
[94]: (47.98033247646952,1)
[95]: (47.27219648876965,1)
[96]: (47.03350678699406,1)
[97]: (47.32410387647052,1)
[98]: (47.03522709746292,1)
[99]: (47.93305457353752,1)
[100]: (47.24038609191904,1)
[101]: (47.22578722821311,1)
[102]: (47.21764625658131,1)
[103]: (47.30042182822352,1)
[104]: (47.26696944208146,1)
[105]: (47.37823552753787,1)
[106]: (47.11050294390785,1)
[107]: (47.66056200111262,1)
[108]: (47.47653059380828,1)
[109]: (47.5834723373108,1)
[110]: (47.16004791053683,1)
[111]: (47.26767719584755,1)
[112]: (47.22340283956354,1)
[113]: (47.23942295650932,1)
[114]: (47.12182466501748,1)
[115]: (47.18491974666675,1)
[116]: (47.14408459955624,1)
[117]: (47.07045070345119,1)
[118]: (47.2209099087213,1)
[119]: (48.15858122427207,1)
[120]: (47.39647062917808,1)
[121]: (47.25882593346103,1)
[122]: (47.4499749260614,1)
[123]: (47.70679789731113,1)
[124]: (47.25526599978927,1)
[125]: (47.26683140220066,1)
[126]: (47.07780364417518,1)
[127]: (47.05674470662078,1)
[128]: (47.2507708482518,1)
[129]: (47.11263490640498,1)
[130]: (47.37106721861997,1)
[131]: (47.30727433480854,1)
[132]: (47.25928326553492,1)
[133]: (47.02176870978685,1)
[134]: (47.74134744270188,1)
[135]: (47.24852527435569,1)
[136]: (47.37858343798916,1)
[137]: (47.30764957646386,1)
[138]: (47.37886770328665,1)
[139]: (47.63753990757614,1)
[140]: (47.2813352965111,1)
[141]: (47.17219181546346,1)
[142]: (47.01519824841844,1)
[143]: (47.53460484420255,1)
[144]: (47.99321071113035,1)
[145]: (47.01410554387568,1)
[146]: (47.45360826170198,1)
[147]: (47.04321765212286,1)
[148]: (47.02487204581286,1)
[149]: (47.53766611492684,1)
[150]: (47.96530052564341,1)
[151]: (47.63935175178963,1)
[152]: (47.08633588297849,1)
[153]: (47.4901562825992,1)
[154]: (47.23929916262482,1)
[155]: (47.51369473815061,1)
[156]: (47.28420038775514,1)
[157]: (47.31896939165109,1)
[158]: (47.28288830638954,1)
[159]: (47.70591054854348,1)
[160]: (47.48095856889331,1)
[161]: (47.11191775758421,1)
[162]: (47.10215216400725,1)
[163]: (49.46205057006109,1)
[164]: (47.24153434111648,1)
[165]: (47.19656442770515,1)
[166]: (47.27362492466171,1)
[167]: (47.28162531460975,1)
[168]: (47.21745634320532,1)
[169]: (47.3631205446891,1)
[170]: (47.05754795792822,1)
[171]: (48.96600864285226,1)
[172]: (47.22474735827636,1)
[173]: (47.0048307543154,1)
[174]: (47.09712683998669,1)
[175]: (47.33831337895352,1)
[176]: (47.25419170511506,1)
[177]: (47.27867497090266,1)
[178]: (47.70083250924196,1)
[179]: (47.00291859187961,1)
[180]: (47.744109109616,1)
[181]: (47.22119549038213,1)
[182]: (47.95483990896174,1)
[183]: (47.71196678178806,1)
[184]: (47.25669939229341,1)
[185]: (47.15620992701786,1)
[186]: (47.56162058794687,1)
[187]: (47.15022558874841,1)
[188]: (47.53486246098259,1)
[189]: (47.61253500873622,1)
[190]: (47.51182566220497,1)
[191]: (47.12401589009728,1)
[192]: (47.09782155979259,1)
[193]: (47.23654056588585,1)
[194]: (47.16369143792657,1)
[195]: (47.24196243903799,1)
[196]: (47.85132385031123,1)
[197]: (47.03693136907653,1)
[198]: (47.00401956137415,1)
[199]: (47.00764678290805,1)
[200]: (47.19802101192626,1)
[201]: (48.04982980516,1)
[202]: (47.10449449835024,1)
[203]: (47.38523634974127,1)
[204]: (47.92870003584476,1)
[205]: (48.45066243859613,1)
[206]: (47.05617082520537,1)
[207]: (47.04469684451981,1)
[208]: (47.38811297812102,1)
[209]: (47.31224138875043,1)
[210]: (47.19878953922179,1)
[211]: (47.44917514178478,1)
[212]: (47.24307701507214,1)
[213]: (47.78014059158676,1)
[214]: (48.55267798915707,1)
[215]: (47.42191505712944,1)
[216]: (47.03935505657519,1)
[217]: (47.46260144194425,1)
[218]: (47.0181856511711,1)
[219]: (47.48798016227902,1)
[220]: (47.29277768103187,1)
[221]: (47.10459707958844,1)
[222]: (47.69385782701702,1)
[223]: (47.06462666791199,1)
[224]: (47.23417446385498,1)
[225]: (47.14652857969741,1)
[226]: (47.82710623618995,1)
[227]: (47.65447095310041,1)
[228]: (47.99118647508191,1)
[229]: (47.07006362980125,1)
[230]: (47.15713616762845,1)
[231]: (47.16423693359032,1)
[232]: (47.14772807258912,1)
[233]: (47.19783650729242,1)
[234]: (47.61573632941885,1)
[235]: (48.08701096079913,1)
[236]: (47.30969353855073,1)
[237]: (47.23682865771924,1)
[238]: (47.0645280510746,1)
[239]: (47.45286061479408,1)
[240]: (47.0738214710844,1)
[241]: (47.46426449659137,1)
[242]: (47.34771377864243,1)
[243]: (47.57105506316673,1)
[244]: (47.13864626500536,1)
[245]: (47.05414669781351,1)
[246]: (47.31376470852251,1)
[247]: (47.09394957146914,1)
[248]: (47.00100013559847,1)
[249]: (48.35610254056579,1)
[250]: (47.51125170575801,1)
[251]: (47.15699612635542,1)
[252]: (47.39836893998488,1)
[253]: (47.01554283148623,1)
[254]: (47.22377749824108,1)
[255]: (47.15926785528017,1)
[256]: (47.4414190648133,1)
[257]: (47.05128022177112,1)
[258]: (48.50743972742186,1)
[259]: (47.0760110389142,1)
[260]: (47.16294565466197,1)
[261]: (47.82954515397046,1)
[262]: (47.03937091165984,1)
[263]: (47.75195886824147,1)
[264]: (47.35775974135191,1)
[265]: (47.44813519312861,1)
[266]: (47.13351933252926,1)
[267]: (47.5381169564387,1)
[268]: (47.01979179081456,1)
[269]: (47.05768835809149,1)
[270]: (47.0906886164152,1)
[271]: (47.54455986116841,1)
[272]: (47.12732693810968,1)
[273]: (47.17582250615564,1)
[274]: (47.17718694419857,1)
[275]: (47.15330315896416,1)
[276]: (47.29108539947315,1)
[277]: (47.29058708044973,1)
[278]: (47.03317500153172,1)
[279]: (47.47700935809777,1)
[280]: (47.09686959572753,1)
[281]: (47.75830553021382,1)
[282]: (47.67322283796921,1)
[283]: (47.01975548645228,1)
[284]: (47.12801224797215,1)
[285]: (47.16662046935711,1)
[286]: (47.63829125612274,1)
[287]: (47.02906262826629,1)
[288]: (47.49536732476572,1)
[289]: (47.2799050416582,1)
[290]: (47.72561569678834,1)
[291]: (47.17000601419738,1)
[292]: (48.04025926909159,1)
[293]: (47.10504180634783,1)
[294]: (47.68766801998613,1)
[295]: (47.0635933012347,1)
[296]: (47.00601429687311,1)
[297]: (47.33834311564757,1)
[298]: (47.14966653606566,1)
[299]: (47.01544241865444,1)
[300]: (47.2953778109019,1)
[301]: (47.2170391461405,1)
[302]: (47.1588589860309,1)
[303]: (47.86710126848159,1)
[304]: (47.34718255889724,1)
[305]: (47.22120065794091,1)
[306]: (47.42940129241455,1)
[307]: (47.27970022316241,1)
[308]: (47.47005503335976,1)
[309]: (47.04678263275913,1)
[310]: (47.12161179302937,1)
[311]: (47.3624672135739,1)
[312]: (47.28496057513481,1)
[313]: (47.46661443516937,1)
[314]: (47.17425568385568,1)
[315]: (47.6612817233325,1)
[316]: (47.02870418819352,1)
[317]: (47.02027117597466,1)
[318]: (47.29758813407736,1)
[319]: (47.45420562754082,1)
[320]: (47.88592086960832,1)
[321]: (47.39736175019829,1)
[322]: (47.0398395928926,1)
[323]: (47.20957969630926,1)
[324]: (47.33141152189295,1)
[325]: (47.07707894965201,1)
[326]: (47.09607709700447,1)
[327]: (47.047200913673,1)
[328]: (47.07593140953862,1)
[329]: (47.14483584702071,1)
[330]: (47.21857449989391,1)
[331]: (47.17531095885283,1)
[332]: (48.02293739438817,1)
[333]: (47.46346299533577,1)
[334]: (47.06426283967944,1)
[335]: (47.58374257569376,1)
[336]: (47.18697252164429,1)
[337]: (47.00583328219273,1)
[338]: (47.29958161363155,1)
[339]: (47.23558436117194,1)
[340]: (47.1060632971454,1)
[341]: (47.11738839735546,1)
[342]: (47.29272128598912,1)
[343]: (47.10654353544202,1)
[344]: (47.09887194286826,1)
[345]: (47.54903798565843,1)
[346]: (47.32481985671163,1)
[347]: (47.11656709301997,1)
[348]: (47.02043985863357,1)
[349]: (47.00367318134284,1)
[350]: (47.12585856643769,1)
[351]: (47.71482778599768,1)
[352]: (47.05670288723969,1)
[353]: (48.23787080984489,1)
[354]: (47.00798347230175,1)
[355]: (47.24726109803817,1)
[356]: (47.19565464063892,1)
[357]: (47.87799722907653,1)
[358]: (47.2566749347137,1)
[359]: (47.50120480951878,1)
[360]: (47.11877679212353,1)
[361]: (47.18369284300865,1)
[362]: (47.44953814238126,1)
[363]: (47.1357519120395,1)
[364]: (47.46856948421184,1)
[365]: (47.05936382631486,1)
[366]: (47.02721325261281,1)
[367]: (47.04268556477673,1)
[368]: (47.32914846897782,1)
[369]: (47.33872027683986,1)
[370]: (47.0320707616774,1)
[371]: (47.656985322317,1)
[372]: (47.33975094733847,1)
[373]: (47.01154433525946,1)
[374]: (47.84447352482704,1)
[375]: (47.37440075179577,1)
[376]: (47.52588567788583,1)
[377]: (47.39236815037345,1)
[378]: (47.33451425046948,1)
[379]: (47.03092699406275,1)
[380]: (47.15843609379888,1)
[381]: (47.2450495921675,1)
[382]: (47.08004948953138,1)
[383]: (47.07937560797897,1)
[384]: (47.8811160339184,1)
[385]: (47.13424811167497,1)
[386]: (47.02731633772517,1)
[387]: (47.08342471896589,1)
[388]: (47.76184233632404,1)
[389]: (47.27440229588615,1)
[390]: (47.3266776122423,1)
[391]: (47.05918142998672,1)
[392]: (47.83890481697541,1)
[393]: (47.1617740427794,1)
[394]: (47.83774363931058,1)
[395]: (47.04207874223856,1)
[396]: (47.93769982720237,1)
[397]: (47.17562942437226,1)
[398]: (47.07391995218823,1)
[399]: (47.24732648040619,1)
[400]: (47.29211653670519,1)
[401]: (47.42204847927059,1)
[402]: (47.3991153452696,1)
[403]: (47.16353637622868,1)
[404]: (47.29514750644471,1)
[405]: (47.22398243127555,1)
[406]: (47.30563975204321,1)
[407]: (47.58024712485607,1)
[408]: (47.63608385090554,1)
[409]: (47.80878660446889,1)
[410]: (47.03279850570971,1)
[411]: (47.23456253139901,1)
[412]: (47.21690598271147,1)
[413]: (47.01768509591887,1)
[414]: (47.02916669643254,1)
[415]: (47.04086275555634,1)
[416]: (47.31518115938535,1)
[417]: (47.10963449086656,1)
[418]: (47.00522534279275,1)
[419]: (47.17319165706881,1)
[420]: (47.23713719743128,1)
[421]: (47.33185605168186,1)
[422]: (47.02036295297746,1)
[423]: (47.59888986078255,1)
[424]: (47.65516492519928,1)
[425]: (47.15481191337166,1)
[426]: (47.34258238712182,1)
[427]: (47.45571391368566,1)
[428]: (47.16529243634036,1)
[429]: (47.35621646126898,1)
[430]: (47.57775750264006,1)
[431]: (47.20951872212897,1)
[432]: (47.54436775475578,1)
[433]: (47.09589856298828,1)
[434]: (47.29648097385706,1)
[435]: (47.32080831893118,1)
[436]: (47.68711910666044,1)
[437]: (47.42321729284507,1)
[438]: (47.43416750874042,1)
[439]: (47.33141187474891,1)
[440]: (47.71204136053877,1)
[441]: (47.51185034812291,1)
[442]: (47.01120952972445,1)
[443]: (47.47847011334619,1)
[444]: (47.52925720615197,1)
[445]: (47.17860329921808,1)
[446]: (47.29111783785267,1)
[447]: (47.26750612161146,1)
[448]: (47.27398784945402,1)
[449]: (47.90008001890554,1)
[450]: (47.07915890079604,1)
[451]: (47.23701127055556,1)
[452]: (47.54361858810324,1)
[453]: (47.29103717667678,1)
[454]: (47.52047294318367,1)
[455]: (47.43775664487301,1)
[456]: (48.41922264943715,1)
[457]: (47.08023982550254,1)
[458]: (47.06730659769038,1)
[459]: (47.24861201782185,1)
[460]: (47.13700637016689,1)
[461]: (47.2476875008782,1)
[462]: (47.27613901430189,1)
[463]: (47.30473782144443,1)
[464]: (48.08736249897981,1)
[465]: (48.29792070179878,1)
[466]: (47.08656142965317,1)
[467]: (47.33332560688205,1)
[468]: (47.63426773657359,1)
[469]: (47.93836277123862,1)
[470]: (47.02695588870681,1)
[471]: (47.0820325599121,1)
[472]: (47.39140370879626,1)
[473]: (47.33468432843157,1)
[474]: (47.05585632524622,1)
[475]: (47.09451921678437,1)
[476]: (47.1142664617963,1)
[477]: (47.05801173553521,1)
[478]: (47.16165683136447,1)
[479]: (48.03563307173375,1)
[480]: (47.28052784031473,1)
[481]: (47.67604649973664,1)
[482]: (47.03892565941369,1)
[483]: (47.04064889349528,1)
[484]: (47.13165908919203,1)
[485]: (47.39779403115846,1)
[486]: (47.18091686902955,1)
[487]: (47.97986436486548,1)
[488]: (48.65475262270348,1)
[489]: (47.5941926742491,1)
[490]: (47.14401119239278,1)
[491]: (47.12547049747047,1)
[492]: (47.32190871433912,1)
[493]: (47.2169429522933,1)
[494]: (47.04840754792953,1)
[495]: (47.10271236474102,1)
[496]: (47.40511449429168,1)
[497]: (47.22643113328863,1)
[498]: (47.10447683604771,1)
[499]: (47.10896385909253,1)
[500]: (47.48390872731326,1)
[501]: (47.16530155967617,1)
[502]: (47.7241572224935,1)
[503]: (47.56361491719932,1)
[504]: (47.11596301811908,1)
[505]: (47.65677795946729,1)
[506]: (48.49114815221984,1)
[507]: (47.66105732228568,1)
[508]: (47.3979203405078,1)
[509]: (47.01666639890548,1)
[510]: (47.26106736820662,1)
[511]: (47.06958928058197,1)
[512]: (47.01470695576505,1)
[513]: (47.10881168908678,1)
[514]: (47.05105931068691,1)
[515]: (47.72009149217688,1)
[516]: (47.20828885604048,1)
[517]: (47.34791625109744,1)
[518]: (47.3391647341931,1)
[519]: (47.56796444361436,1)
[520]: (47.84734268563663,1)
[521]: (47.03148148818525,1)
[522]: (47.04074109887728,1)
[523]: (47.02635963825672,1)
[524]: (47.35199741733503,1)
[525]: (47.12655258034314,1)
[526]: (47.48216804216887,1)
[527]: (47.11347615795451,1)
[528]: (47.02640369366944,1)
[529]: (47.56760887092437,1)
[530]: (47.34527104880096,1)
[531]: (47.50229120588847,1)
[532]: (47.04629145854999,1)
[533]: (47.40535255327727,1)
[534]: (47.94086327927973,1)
[535]: (47.11242840271346,1)
[536]: (47.0474154334096,1)
[537]: (47.02783936624596,1)
[538]: (48.40838440445857,1)
[539]: (47.0896035778758,1)
[540]: (47.51803129310495,1)
[541]: (47.0025734602853,1)
[542]: (47.70186492684553,1)
[543]: (47.51565683362973,1)
[544]: (47.20757307563964,1)
[545]: (47.41982992432304,1)
[546]: (47.32828000264526,1)
[547]: (47.00558928787626,1)
[548]: (47.2039434123628,1)
[549]: (47.0503078437792,1)
[550]: (47.02905314857655,1)
[551]: (47.74686548903843,1)
[552]: (47.04199040444508,1)
[553]: (47.4386422961193,1)
[554]: (47.02560539334284,1)
[555]: (47.14663259569305,1)
[556]: (47.85997387301906,1)
[557]: (47.06878086549394,1)
[558]: (47.08803716548186,1)
[559]: (47.40432695243547,1)
[560]: (47.54787770081219,1)
[561]: (47.0719677121472,1)
[562]: (47.37613010257388,1)
[563]: (47.00930643110554,1)
[564]: (47.05793401919049,1)
[565]: (47.61437999374606,1)
[566]: (47.1307301110821,1)
[567]: (47.19395689847728,1)
[568]: (47.29324260148701,1)
[569]: (47.07910498430751,1)
[570]: (47.01717951148121,1)
[571]: (47.11456697015259,1)
[572]: (47.00567754375366,1)
[573]: (47.04328683438753,1)
[574]: (47.22414868038031,1)
[575]: (47.27365006679008,1)
[576]: (47.77092139917572,1)
[577]: (47.33375126006749,1)
[578]: (47.89498748831569,1)
[579]: (47.05644519529729,1)
[580]: (47.02455603455815,1)
[581]: (47.22297458914401,1)
[582]: (47.57163778370926,1)
[583]: (47.62148746588398,1)
[584]: (47.66582645476375,1)
[585]: (47.10294762049882,1)
[586]: (47.10033871366243,1)
[587]: (47.04719364463423,1)
[588]: (47.57520186140968,1)
[589]: (47.54374659375902,1)
[590]: (47.14252253516538,1)
[591]: (47.33583351199501,1)
[592]: (47.08764083634891,1)
[593]: (47.05176391766929,1)
[594]: (47.11010813163016,1)
[595]: (47.01030281443141,1)
[596]: (47.52563997497501,1)
[597]: (48.24424390560966,1)
[598]: (47.04545332921778,1)
[599]: (47.37025247427517,1)
[600]: (47.57321955143649,1)
[601]: (47.17234616761723,1)
[602]: (47.04633793423248,1)
[603]: (47.31011104770241,1)
[604]: (47.46024942425696,1)
[605]: (48.77370188257071,1)
[606]: (47.01928399628054,1)
[607]: (47.06694724372156,1)
[608]: (47.23657608476442,1)
[609]: (47.26152639714767,1)
[610]: (47.41663023618516,1)
[611]: (47.32528949553502,1)
[612]: (47.29242005091452,1)
[613]: (47.32110640661568,1)
[614]: (47.30914937701226,1)
[615]: (47.55476448823709,1)
[616]: (47.36389353992587,1)
[617]: (47.29527725876718,1)
[618]: (47.65097030703134,1)
[619]: (47.52897551635169,1)
[620]: (47.03273972026739,1)
[621]: (47.42052317232194,1)
[622]: (47.09678675439876,1)
[623]: (47.66075600083544,1)
[624]: (47.61187536032538,1)
[625]: (47.01456810359237,1)
[626]: (47.13147476773382,1)
[627]: (47.37591792533379,1)
[628]: (47.12231336143991,1)
[629]: (47.04963218139159,1)
[630]: (47.13610275731128,1)
[631]: (47.13930314826453,1)
[632]: (47.48824076200542,1)
[633]: (47.18944670984811,1)
[634]: (47.16215066117261,1)
[635]: (47.00720659338746,1)
[636]: (47.33589755543593,1)
[637]: (47.0597867614092,1)
[638]: (47.33644278835129,1)
[639]: (47.51937367558456,1)
[640]: (47.37997332260124,1)
[641]: (47.10268045803674,1)
[642]: (47.10617457267412,1)
[643]: (47.3533642881418,1)
[644]: (47.55028501230422,1)
[645]: (47.32472568445652,1)
[646]: (47.13360338054522,1)
[647]: (47.08309905370685,1)
[648]: (47.01929398361276,1)
[649]: (47.42522107914603,1)
[650]: (47.17819309037628,1)
[651]: (47.09104331723288,1)
[652]: (47.94202691181843,1)
[653]: (47.37491182877723,1)
[654]: (47.33324151736483,1)
[655]: (47.41069131032756,1)
[656]: (47.27641712017243,1)
[657]: (47.03079266222669,1)
[658]: (47.33648440982235,1)
[659]: (47.22575483112285,1)
[660]: (47.44078724292705,1)
[661]: (47.06007263127712,1)
[662]: (47.12768828116757,1)
[663]: (47.33427455131133,1)
[664]: (47.6052794311327,1)
[665]: (47.14601063772974,1)
[666]: (47.57500411644767,1)
[667]: (47.06790194348343,1)
[668]: (47.02823034531048,1)
[669]: (47.29521037274156,1)
[670]: (47.29120581726205,1)
[671]: (47.22716269515301,1)
[672]: (47.23805347456855,1)
[673]: (47.00223885964712,1)
[674]: (47.19857713146296,1)
[675]: (47.47101916650441,1)
[676]: (47.47257267623139,1)
[677]: (47.43294893635309,1)
[678]: (47.03659788585252,1)
[679]: (47.30888603116716,1)
[680]: (47.04390306335599,1)
[681]: (47.40398863682042,1)
[682]: (47.22829145476132,1)
[683]: (47.16619135585086,1)
[684]: (48.52158948693135,1)
[685]: (47.19688342266676,1)
[686]: (47.19470012536651,1)
[687]: (47.00059354157404,1)
[688]: (47.20727693642339,1)
[689]: (47.27613958560602,1)
[690]: (47.00313318589452,1)
[691]: (47.27788667885609,1)
[692]: (47.25522412021058,1)
[693]: (47.05200187829509,1)
[694]: (47.32522120334393,1)
[695]: (47.05525069830529,1)
[696]: (47.44084597856449,1)
[697]: (47.18376470934201,1)
[698]: (47.35250742708858,1)
[699]: (47.16547002286313,1)
[700]: (47.36558793809044,1)
[701]: (47.21838343777306,1)
[702]: (47.60562525532218,1)
[703]: (47.39572733353837,1)
[704]: (47.26840599791953,1)
[705]: (47.50892105233059,1)
[706]: (47.81060579818605,1)
[707]: (47.05234416707393,1)
[708]: (47.14507468951145,1)
[709]: (47.56410724628449,1)
[710]: (47.24905395275263,1)
[711]: (47.06736722403374,1)
[712]: (47.33100868068403,1)
[713]: (47.46936578284632,1)
[714]: (47.5678816991479,1)
[715]: (47.09496514289432,1)
[716]: (47.18872359717599,1)
[717]: (47.03384286221617,1)
[718]: (47.44310799915409,1)
[719]: (47.08128948377524,1)
[720]: (48.10913835291533,1)
[721]: (47.33530526679737,1)
[722]: (47.88199920372739,1)
[723]: (47.04616974298474,1)
[724]: (47.42925049317359,1)
[725]: (47.03899355526314,1)
[726]: (47.59045449734863,1)
[727]: (48.2560100411785,1)
[728]: (47.31937501259761,1)
[729]: (47.12685979290802,1)
[730]: (47.50637598498998,1)
[731]: (47.18263171006612,1)
[732]: (47.44430668965148,1)
[733]: (47.12801476173037,1)
[734]: (48.10714660061613,1)
[735]: (47.36465473841792,1)
[736]: (47.7565060867616,1)
[737]: (47.01986967967314,1)
[738]: (47.15874019447183,1)
[739]: (47.04878244313157,1)
[740]: (47.01484119163707,1)
[741]: (47.04648954957391,1)
[742]: (47.37389434415406,1)
[743]: (47.24236696694923,1)
[744]: (47.06109538417554,1)
[745]: (47.23541066821053,1)
[746]: (48.19322383891355,1)
[747]: (47.06922674829261,1)
[748]: (47.05608813842044,1)
[749]: (47.39421051002993,1)
[750]: (47.39141731670295,1)
[751]: (47.03170414394341,1)
[752]: (47.19282151973959,1)
[753]: (48.17281773299123,1)
[754]: (47.48376921491013,1)
[755]: (47.14690239494222,1)
[756]: (47.06936461664756,1)
[757]: (47.17918465778942,1)
[758]: (47.10319118322107,1)
[759]: (47.67682891162385,1)
[760]: (47.2762232597827,1)
[761]: (47.00539475032421,1)
[762]: (47.00235384526437,1)
[763]: (47.38945588071439,1)
[764]: (47.03515533498562,1)
[765]: (47.10291132696705,1)
[766]: (47.51893577029809,1)
[767]: (48.22200634812244,1)
[768]: (47.39899879614655,1)
[769]: (47.12502747914501,1)
[770]: (47.28500370557969,1)
[771]: (48.8229394204353,1)
[772]: (47.07731729163935,1)
[773]: (48.67284016229461,1)
[774]: (47.41846543459359,1)
[775]: (47.13124698380727,1)
[776]: (47.09328833524879,1)
[777]: (47.40467476750754,1)
[778]: (47.0274207996654,1)
[779]: (47.13563909828486,1)
[780]: (47.9182954176783,1)
[781]: (47.39862036532467,1)
[782]: (47.20343605748436,1)
[783]: (47.59068949602293,1)
[784]: (47.79318928913063,1)
[785]: (48.02454005362242,1)
[786]: (47.70109560158981,1)
[787]: (47.23817960030475,1)
[788]: (47.12270447875639,1)
[789]: (47.36155119855489,1)
[790]: (47.36019945037152,1)
[791]: (47.51323607349985,1)
[792]: (47.10653054572747,1)
[793]: (47.70627005854147,1)
[794]: (47.44209234356578,1)
[795]: (47.75015021670323,1)
[796]: (47.20504936616934,1)
[797]: (47.02700430383069,1)
[798]: (47.45868130247087,1)
[799]: (47.27951104579824,1)
[800]: (47.46239234725017,1)
[801]: (47.17740815798793,1)
[802]: (47.11648504466999,1)
[803]: (47.08007198658409,1)
[804]: (47.4174144011148,1)
[805]: (47.35544468712481,1)
[806]: (47.22139056549634,1)
[807]: (47.27307242501056,1)
[808]: (47.3816963890721,1)
[809]: (47.72861675979308,1)
[810]: (47.54740703550902,1)
[811]: (47.39406208562453,1)
[812]: (47.00765656864358,1)
[813]: (47.2458643138727,1)
[814]: (47.28595772385851,1)
[815]: (47.00436212106933,1)
[816]: (47.13411413061819,1)
[817]: (47.09988918462527,1)
[818]: (47.19221121976093,1)
[819]: (47.33834888892915,1)
[820]: (47.02088203716644,1)
[821]: (47.05224319957851,1)
[822]: (47.35980557776828,1)
[823]: (47.18021534337557,1)
[824]: (47.3300424905437,1)
[825]: (47.96772507180121,1)
[826]: (47.34608738011889,1)
[827]: (47.61547565223637,1)
[828]: (47.98569422070757,1)
[829]: (47.17532887354312,1)
[830]: (47.02585734643613,1)
[831]: (47.77697921987681,1)
[832]: (47.14668250374329,1)
[833]: (47.14465527384256,1)
[834]: (47.43623082727704,1)
[835]: (47.06428292252946,1)
[836]: (47.00300114400154,1)
[837]: (48.41172073267975,1)
[838]: (47.10957928076911,1)
[839]: (47.10879278693398,1)
[840]: (47.11388015688296,1)
[841]: (47.81662505514296,1)
[842]: (47.21736688368173,1)
[843]: (47.44730402425164,1)
[844]: (47.16722322824907,1)
[845]: (47.28021864996199,1)
[846]: (47.03859765052455,1)
[847]: (47.83535430163137,1)
[848]: (47.14329856927411,1)
[849]: (47.18312071012038,1)
[850]: (47.15830910820751,1)
[851]: (47.47791163019195,1)
[852]: (47.32800042724018,1)
[853]: (47.71245158402672,1)
[854]: (47.5178242725009,1)
[855]: (47.59832373685914,1)
[856]: (47.31526386131909,1)
[857]: (47.10797935157157,1)
[858]: (47.52756810620955,1)
[859]: (47.32141047704062,1)
[860]: (47.12416825435342,1)
[861]: (47.04533546106278,1)
[862]: (47.48718636025508,1)
[863]: (47.3571395388667,1)
[864]: (47.07091930768959,1)
[865]: (47.07575340072518,1)
[866]: (47.54289090612174,1)
[867]: (47.13402745791021,1)
[868]: (47.14818793948064,1)
[869]: (47.82881280288207,1)
[870]: (47.59843945814163,1)
[871]: (47.50447844249204,1)
[872]: (47.57837154132175,1)
[873]: (47.10519024949512,1)
[874]: (47.81427463130428,1)
[875]: (47.18576819606788,1)
[876]: (47.22235111596907,1)
[877]: (47.52666568943678,1)
[878]: (47.87559049777583,1)
[879]: (47.21028767148442,1)
[880]: (47.45471383046264,1)
[881]: (47.13727999878301,1)
[882]: (47.99198317867416,1)
[883]: (47.02519326380907,1)
[884]: (47.49133510464439,1)
[885]: (47.14612215644376,1)
[886]: (47.41917242867825,1)
[887]: (47.96528410873783,1)
[888]: (47.08955851430186,1)
[889]: (47.18922432110014,1)
[890]: (47.81704273676375,1)
[891]: (47.02190964361403,1)
[892]: (47.78492866394338,1)
[893]: (47.10493347190335,1)
[894]: (47.0652555881396,1)
[895]: (47.57250742893942,1)
[896]: (47.54806154487049,1)
[897]: (47.03895801516374,1)
[898]: (48.07237373414992,1)
[899]: (49.8880574149188,1)
[900]: (47.00843594604634,1)
[901]: (47.08691178635257,1)
[902]: (47.72732767387258,1)
[903]: (47.20860309367735,1)
[904]: (47.0077259993752,1)
[905]: (47.18116645293215,1)
[906]: (47.02613529605865,1)
[907]: (47.61802281385777,1)
[908]: (47.20314687931959,1)
[909]: (47.47338756884279,1)
[910]: (47.38358103564508,1)
[911]: (47.44217474091065,1)
[912]: (47.17530299393915,1)
[913]: (47.66726180531934,1)
[914]: (47.06342324797394,1)
[915]: (47.92656460684123,1)
[916]: (47.2514909687985,1)
[917]: (47.59667893851613,1)
[918]: (47.07114398149729,1)
[919]: (47.17269687236383,1)
[920]: (47.23030455041797,1)
[921]: (47.31037198169416,1)
[922]: (47.21814620321399,1)
[923]: (47.1520463060577,1)
[924]: (47.04386303425051,1)
[925]: (47.12570197344971,1)
[926]: (47.81574750399732,1)
[927]: (47.48949840737232,1)
[928]: (47.13589946129704,1)
[929]: (47.05321188826235,1)
[930]: (47.07877105492258,1)
[931]: (47.22836880718692,1)
[932]: (47.19072032258798,1)
[933]: (47.52420415940431,1)
[934]: (47.11104982936455,1)
[935]: (47.05949461632991,1)
[936]: (47.5064728350877,1)
[937]: (47.91592955387758,1)
[938]: (48.43549129743082,1)
[939]: (47.1800380719117,1)
[940]: (47.19608975240665,1)
[941]: (47.08099530353692,1)
[942]: (47.84357853305308,1)
[943]: (47.43592363320374,1)
[944]: (47.25530763228556,1)
[945]: (48.29936538372536,1)
[946]: (47.04194302736148,1)
[947]: (47.37190580331024,1)
[948]: (47.27506720498865,1)
[949]: (47.62517539307,1)
[950]: (47.33951147185285,1)
[951]: (47.07211730867225,1)
[952]: (47.14556937767905,1)
[953]: (47.03014108065572,1)
[954]: (47.00977513404545,1)
[955]: (47.42678730411925,1)
[956]: (47.05750335786415,1)
[957]: (47.34706251051632,1)
[958]: (47.79832003298534,1)
[959]: (47.48153496604911,1)
[960]: (47.55712675954154,1)
[961]: (47.25580552925405,1)
[962]: (47.70961548472207,1)
[963]: (47.33462898128196,1)
[964]: (47.06801957698871,1)
[965]: (47.03969101335828,1)
[966]: (47.07099628153583,1)
[967]: (47.44119099621573,1)
[968]: (47.10811307455409,1)
[969]: (47.05194287741695,1)
[970]: (47.56494938341085,1)
[971]: (47.78483390320478,1)
[972]: (47.24678077335124,1)
[973]: (47.2522199817171,1)
[974]: (47.13930453037968,1)
[975]: (47.07747482708451,1)
[976]: (47.20562235377494,1)
[977]: (47.63461274883288,1)
[978]: (47.71004376393961,1)
[979]: (47.95025464652768,1)
[980]: (48.15199053329904,1)
[981]: (47.01953303518,1)
[982]: (47.3097229315659,1)
[983]: (47.09637310413746,1)
[984]: (47.31212474933525,1)
[985]: (47.00145492585214,1)
[986]: (47.16497265175939,1)
[987]: (47.15711562523076,1)
[988]: (47.21850891211729,1)
[989]: (47.79650193532935,1)
[990]: (47.08096168542151,1)
[991]: (47.20943213267504,1)
[992]: (48.06075572105473,1)
[993]: (47.04697295727683,1)
[994]: (47.64695744547191,1)
[995]: (47.65913227585382,1)
[996]: (48.28171156804027,1)
[997]: (47.22548167913781,1)
[998]: (47.82799423008456,1)
[999]: (47.00482098987681,1)
[1000]: (47.42624655645576,1)
[1001]: (48.22013764543996,1)
[1002]: (47.11191345994432,1)
[1003]: (47.21078997809514,1)
[1004]: (47.00493024614264,1)
[1005]: (47.35457066873918,1)
[1006]: (47.78985009613035,1)
[1007]: (47.68890852691695,1)
[1008]: (47.15063060986542,1)
[1009]: (47.06610830359998,1)
[1010]: (47.11543214621474,1)
[1011]: (48.85632567212761,1)
[1012]: (47.2639355362718,1)
[1013]: (47.2043119873132,1)
[1014]: (47.20954454372526,1)
[1015]: (47.7041094925755,1)
[1016]: (47.19333556851435,1)
[1017]: (47.10280293351388,1)
[1018]: (47.13585067248932,1)
[1019]: (47.04051274335878,1)
[1020]: (47.34182460883316,1)
[1021]: (47.14304805062749,1)
[1022]: (47.83788979481718,1)
[1023]: (47.03981609532021,1)
[1024]: (47.35851118566395,1)
[1025]: (47.17144804510392,1)
[1026]: (47.27369681394254,1)
[1027]: (47.73777374446954,1)
[1028]: (47.09707951317382,1)
[1029]: (47.85459174148411,1)
[1030]: (47.01550761477737,1)
[1031]: (47.08325905524441,1)
[1032]: (47.11304453963493,1)
[1033]: (47.37918061344051,1)
[1034]: (47.60809206040788,1)
[1035]: (47.4014623564159,1)
[1036]: (47.13141734796337,1)
[1037]: (47.00154049462738,1)
[1038]: (47.45801162269444,1)
[1039]: (47.04199683636165,1)
[1040]: (47.29440184569287,1)
[1041]: (47.26840566852933,1)
[1042]: (47.55058769470648,1)
[1043]: (47.91732222588356,1)
[1044]: (47.22241727062764,1)
[1045]: (47.07123220257117,1)
[1046]: (47.10070946021127,1)
[1047]: (48.74768833941315,1)
[1048]: (47.12862002666933,1)
[1049]: (47.11071145890217,1)
[1050]: (48.02344078571686,1)
[1051]: (47.26808862165919,1)
[1052]: (47.1625674918577,1)
[1053]: (47.06184320637354,1)
[1054]: (47.21236736730403,1)
[1055]: (47.05014266817364,1)
[1056]: (47.29349361119224,1)
[1057]: (47.35528662481233,1)
[1058]: (47.07579353733779,1)
[1059]: (47.71033023729925,1)
[1060]: (47.08593872259818,1)
[1061]: (47.0190447593564,1)
[1062]: (47.01325897415618,1)
[1063]: (47.11824821027152,1)
[1064]: (47.1439545022512,1)
[1065]: (47.38765701008613,1)
[1066]: (47.098943809362,1)
[1067]: (47.17932600969336,1)
[1068]: (47.1466090801915,1)
[1069]: (47.02135200703073,1)
[1070]: (47.0034055991947,1)
[1071]: (47.62126967540632,1)
[1072]: (47.14032608142713,1)
[1073]: (47.02235843302621,1)
[1074]: (47.0125381151318,1)
[1075]: (47.14120496109371,1)
[1076]: (47.44234011066344,1)
[1077]: (47.14159236126571,1)
[1078]: (47.38906474439942,1)
[1079]: (47.24952993002409,1)
[1080]: (47.04662209175194,1)
[1081]: (47.19219189082958,1)
[1082]: (47.0256018169264,1)
[1083]: (47.24892034651275,1)
[1084]: (48.34171498629191,1)
[1085]: (47.11521670408636,1)
[1086]: (47.92565675318188,1)
[1087]: (47.35757083602976,1)
[1088]: (47.08917869865604,1)
[1089]: (47.4396070290722,1)
[1090]: (47.10983575946126,1)
[1091]: (48.21955780891169,1)
[1092]: (47.09505486284016,1)
[1093]: (47.58205544058613,1)
[1094]: (47.5065733083397,1)
[1095]: (47.74446652865531,1)
[1096]: (47.13882528474174,1)
[1097]: (47.00245900280009,1)
[1098]: (47.02550261716583,1)
[1099]: (47.53077432325207,1)
[1100]: (47.551431629845,1)
[1101]: (47.30010540249017,1)
[1102]: (47.52078847716835,1)
[1103]: (47.0217993025065,1)
[1104]: (47.88398229868315,1)
[1105]: (47.47141549062863,1)
[1106]: (47.61409765584167,1)
[1107]: (47.65058107877375,1)
[1108]: (47.76849714306856,1)
[1109]: (48.90607574303484,1)
[1110]: (47.07778952997936,1)
[1111]: (47.07445088191961,1)
[1112]: (47.00995252158118,1)
[1113]: (47.18929379999951,1)
[1114]: (48.94266778603161,1)
[1115]: (47.23335489109888,1)
[1116]: (47.25178821315335,1)
[1117]: (47.37966804298802,1)
[1118]: (47.2051316626621,1)
[1119]: (47.17343112494185,1)
[1120]: (47.1297229518115,1)
[1121]: (47.221527587289,1)
[1122]: (47.222798525458,1)
[1123]: (47.67530425626501,1)
[1124]: (47.21247853308142,1)
[1125]: (47.24040374157196,1)
[1126]: (47.11119061873235,1)
[1127]: (47.57243723417177,1)
[1128]: (47.0948612593903,1)
[1129]: (47.00551298666404,1)
[1130]: (47.04190337473229,1)
[1131]: (47.22160872688637,1)
[1132]: (47.05559789388794,1)
[1133]: (47.58335051316723,1)
[1134]: (47.86619745863158,1)
[1135]: (47.08568082122836,1)
[1136]: (47.40418785203646,1)
[1137]: (47.38953964947559,1)
[1138]: (47.0806605241191,1)
[1139]: (47.32295060368642,1)
[1140]: (47.18406804652421,1)
[1141]: (47.99894930668577,1)
[1142]: (47.05309455878387,1)
[1143]: (47.16562670309281,1)
[1144]: (47.31292232236482,1)
[1145]: (47.1920922523621,1)
[1146]: (47.52906531382067,1)
[1147]: (47.44062342171175,1)
[1148]: (47.46215998997373,1)
[1149]: (47.33912980378361,1)
[1150]: (47.85903102435632,1)
[1151]: (47.03610110383057,1)
[1152]: (47.39783091836475,1)
[1153]: (48.40165684240226,1)
[1154]: (47.15753522970172,1)
[1155]: (47.41520891041481,1)
[1156]: (47.22671402274565,1)
[1157]: (47.39254246184191,1)
[1158]: (47.2237226711951,1)
[1159]: (47.10767205595787,1)
[1160]: (47.31850446440438,1)
[1161]: (47.10540937397631,1)
[1162]: (47.42317761729934,1)
[1163]: (47.17736572487439,1)
[1164]: (47.1855545500032,1)
[1165]: (47.26655192057719,1)
[1166]: (47.00729502572622,1)
[1167]: (47.42256983684707,1)
[1168]: (47.25015562480015,1)
[1169]: (47.34641955779513,1)
[1170]: (47.2239329025095,1)
[1171]: (47.13219537913283,1)
[1172]: (47.23464124801798,1)
[1173]: (47.11362899242454,1)
[1174]: (47.28229174974736,1)
[1175]: (47.37170646097462,1)
[1176]: (48.07285304918703,1)
[1177]: (47.51719961795315,1)
[1178]: (47.32722798347619,1)
[1179]: (47.67170779418909,1)
[1180]: (47.36972410496359,1)
[1181]: (47.73098724837733,1)
[1182]: (47.62893343285828,1)
[1183]: (47.39250213979307,1)
[1184]: (47.19034715136154,1)
[1185]: (47.00574988095449,1)
[1186]: (47.59307663931344,1)
[1187]: (47.00679961829955,1)
[1188]: (47.61277361553115,1)
[1189]: (47.17405802301074,1)
[1190]: (47.22686641956021,1)
[1191]: (47.63549197829327,1)
[1192]: (47.07713034095436,1)
[1193]: (47.25732102142175,1)
[1194]: (47.63635342763956,1)
[1195]: (47.03621129777098,1)
[1196]: (47.26479876143237,1)
[1197]: (47.40717677763575,1)
[1198]: (47.50976455160558,1)
[1199]: (47.2227661095655,1)
[1200]: (47.14149602953078,1)
[1201]: (47.08861185983979,1)
[1202]: (47.01531546982713,1)
[1203]: (47.24499529194011,1)
[1204]: (47.14285530231367,1)
[1205]: (47.02386911918404,1)
[1206]: (47.33910472096016,1)
[1207]: (47.18409955367137,1)
[1208]: (47.52733017719996,1)
[1209]: (47.1234020538827,1)
[1210]: (47.07350367145795,1)
[1211]: (47.0397962251796,1)
[1212]: (47.02572046046616,1)
[1213]: (47.07075676767795,1)
[1214]: (47.00392228838198,1)
[1215]: (47.28551176050045,1)
[1216]: (47.33208205805455,1)
[1217]: (48.23695244398867,1)
[1218]: (47.17486307726584,1)
[1219]: (47.0284783079437,1)
[1220]: (47.48421917837091,1)
[1221]: (47.02184773921581,1)
[1222]: (47.06195799773849,1)
[1223]: (47.81143595312127,1)
[1224]: (47.36437417892932,1)
[1225]: (47.04188003650781,1)
[1226]: (47.18018890150478,1)
[1227]: (47.31624997730346,1)
[1228]: (47.39547874748784,1)
[1229]: (47.01508089315286,1)
[1230]: (47.37469575965775,1)
[1231]: (47.26409707386539,1)
[1232]: (47.06925887177593,1)
[1233]: (47.87131330036461,1)
[1234]: (47.3252556696705,1)
[1235]: (47.11349248145209,1)
[1236]: (47.19059119581328,1)
[1237]: (47.08189480392632,1)
[1238]: (47.21239371596497,1)
[1239]: (47.73604846909097,1)
[1240]: (47.27040129631418,1)
[1241]: (47.00879045494587,1)
[1242]: (47.26451444794876,1)
[1243]: (47.21265668540036,1)
[1244]: (47.88738812400301,1)
[1245]: (47.10363450290312,1)
[1246]: (47.4564403631102,1)
[1247]: (47.48155384776294,1)
[1248]: (47.15050929901046,1)
[1249]: (47.1534409312668,1)
[1250]: (47.54536207968886,1)
[1251]: (47.09093124151322,1)
[1252]: (47.19596223900896,1)
[1253]: (47.29886544392712,1)
[1254]: (47.17514374435762,1)
[1255]: (47.14239746319328,1)
[1256]: (47.43465233061846,1)
[1257]: (47.88550829188451,1)
[1258]: (47.0086393776833,1)
[1259]: (47.48156575426664,1)
[1260]: (47.38957190203091,1)
[1261]: (47.3233594987914,1)
[1262]: (47.25585447130473,1)
[1263]: (47.51036230937773,1)
[1264]: (47.34973231880153,1)
[1265]: (47.06492200091551,1)
[1266]: (47.34749682504787,1)
[1267]: (47.16100678832724,1)
[1268]: (47.17225636533348,1)
[1269]: (47.20473664344704,1)
[1270]: (47.75720790395059,1)
[1271]: (48.47763653624912,1)
[1272]: (47.01295879177539,1)
[1273]: (47.85790219252239,1)
[1274]: (47.27033258044587,1)
[1275]: (47.30243532997618,1)
[1276]: (47.16529547899793,1)
[1277]: (47.18429863153575,1)
[1278]: (47.32062614404456,1)
[1279]: (47.05403053903685,1)
[1280]: (47.00406844329726,1)
[1281]: (47.05554910748787,1)
[1282]: (47.04368825636289,1)
[1283]: (47.52791502609187,1)
[1284]: (47.10543422624804,1)
[1285]: (47.45025086523509,1)
[1286]: (47.10295605831339,1)
[1287]: (47.31208356291736,1)
[1288]: (48.54398167504353,1)
[1289]: (47.37757052242759,1)
[1290]: (47.12684898208771,1)
[1291]: (47.24778257299381,1)
[1292]: (47.23772956756083,1)
[1293]: (47.03924417312433,1)
[1294]: (47.04597841915733,1)
[1295]: (47.58354838609207,1)
[1296]: (47.16310660381497,1)
[1297]: (47.1400539131539,1)
[1298]: (47.50122584836756,1)
[1299]: (47.12925908972212,1)
[1300]: (47.20383602051431,1)
[1301]: (47.4154632250849,1)
[1302]: (47.04415093355699,1)
[1303]: (47.05806576388348,1)
[1304]: (47.0973590361875,1)
[1305]: (47.51485659555257,1)
[1306]: (47.37280936316827,1)
[1307]: (47.42767863352019,1)
[1308]: (47.31539306531903,1)
[1309]: (47.08905492898779,1)
[1310]: (47.07597929000531,1)
[1311]: (47.06537059785337,1)
[1312]: (47.23512144250199,1)
[1313]: (47.15469313391588,1)
[1314]: (47.07990554143367,1)
[1315]: (47.00739175907125,1)
[1316]: (47.28451310716183,1)
[1317]: (47.10912215373794,1)
[1318]: (47.25616627658904,1)
[1319]: (47.20337572305385,1)
[1320]: (47.01981440992849,1)
[1321]: (47.40909976889617,1)
[1322]: (47.10429068988005,1)
[1323]: (47.2754788158535,1)
[1324]: (47.17175997628054,1)
[1325]: (47.42976913591023,1)
[1326]: (47.75655918758063,1)
[1327]: (47.05864122820189,1)
[1328]: (47.18037415473704,1)
[1329]: (47.45444672536325,1)
[1330]: (47.41867223383418,1)
[1331]: (47.50373067086112,1)
[1332]: (47.38231271555052,1)
[1333]: (47.28811494777691,1)
[1334]: (47.04547343235291,1)
[1335]: (47.55996806814436,1)
[1336]: (48.11204946949572,1)
[1337]: (47.21907206778248,1)
[1338]: (47.45529759459102,1)
[1339]: (47.70777705330512,1)
[1340]: (47.21068178568278,1)
[1341]: (47.95451093861185,1)
[1342]: (47.14651125665092,1)
[1343]: (47.25904921918951,1)
[1344]: (47.21459602821944,1)
[1345]: (47.01735424581277,1)
[1346]: (47.03647280167475,1)
[1347]: (47.10585539666239,1)
[1348]: (47.0682281815044,1)
[1349]: (47.29362208504657,1)
[1350]: (47.61756131281774,1)
[1351]: (47.73678030905022,1)
[1352]: (47.26747330586258,1)
[1353]: (47.81249290045643,1)
[1354]: (47.43364437073939,1)
[1355]: (47.62788879857991,1)
[1356]: (47.79416430552352,1)
[1357]: (48.97627566600312,1)
[1358]: (47.1091963525369,1)
[1359]: (47.29775578051823,1)
[1360]: (47.29596662416458,1)
[1361]: (48.106399269895,1)
[1362]: (47.10593501672187,1)
[1363]: (47.32934209615019,1)
[1364]: (47.58504178362644,1)
[1365]: (47.5325853477156,1)
[1366]: (47.4106532729343,1)
[1367]: (47.01402944035185,1)
[1368]: (47.69143491863616,1)
[1369]: (47.04301768008563,1)
[1370]: (47.59753903209535,1)
[1371]: (47.2396034102229,1)
[1372]: (47.46808258928093,1)
[1373]: (47.13618410467901,1)
[1374]: (47.46999700886902,1)
[1375]: (47.16001947435464,1)
[1376]: (47.14261894794327,1)
[1377]: (47.32792348079995,1)
[1378]: (47.39849124260669,1)
[1379]: (47.89549603149518,1)
[1380]: (48.23105405264828,1)
[1381]: (48.26524915616398,1)
[1382]: (47.41077659322142,1)
[1383]: (47.13863800249921,1)
[1384]: (47.00537429688028,1)
[1385]: (47.60190547400941,1)
[1386]: (47.27994021299721,1)
[1387]: (47.73519697015879,1)
[1388]: (47.01630078406383,1)
[1389]: (47.05500684973613,1)
[1390]: (47.35569221667971,1)
[1391]: (47.01599278206614,1)
[1392]: (47.57086637399483,1)
[1393]: (47.60105316113498,1)
[1394]: (47.38206040857152,1)
[1395]: (47.47257934994161,1)
[1396]: (47.4851479297495,1)
[1397]: (47.29902236431609,1)
[1398]: (47.22573463320945,1)
[1399]: (47.15491180331482,1)
[1400]: (47.15650956827932,1)
[1401]: (47.36774519448755,1)
[1402]: (47.68258524203771,1)
[1403]: (47.41091932309646,1)
[1404]: (48.70026968347045,1)
[1405]: (47.70872478255068,1)
[1406]: (47.55888283081133,1)
[1407]: (47.06172208092324,1)
[1408]: (47.18885727829581,1)
[1409]: (47.00409511394053,1)
[1410]: (47.05003391229643,1)
[1411]: (47.21817979847127,1)
[1412]: (47.3905798137721,1)
[1413]: (47.63177817118454,1)
[1414]: (47.00070075887351,1)
[1415]: (47.03275192312579,1)
[1416]: (47.06099942359846,1)
[1417]: (47.05834072338457,1)
[1418]: (47.01739493421255,1)
[1419]: (47.19512258495389,1)
[1420]: (47.26167807878507,1)
[1421]: (47.39087577780832,1)
[1422]: (47.5874474126331,1)
[1423]: (47.33714680858738,1)
[1424]: (47.17302263514793,1)
[1425]: (47.06395682642081,1)
[1426]: (47.26864831878417,1)
[1427]: (47.41708757474888,1)
[1428]: (47.21421569190947,1)
[1429]: (47.0635658591645,1)
[1430]: (47.15795128867597,1)
[1431]: (47.15323370743501,1)
[1432]: (47.88249774881221,1)
[1433]: (47.02936223149749,1)
[1434]: (47.2096619730188,1)
[1435]: (47.08112281937171,1)
[1436]: (47.49701108662309,1)
[1437]: (47.48196524662423,1)
[1438]: (47.08694263817947,1)
[1439]: (47.05335113036372,1)
[1440]: (47.3579306584904,1)
[1441]: (47.2340320254166,1)
[1442]: (47.26602129641602,1)
[1443]: (47.30761614322386,1)
[1444]: (47.29789496485645,1)
[1445]: (47.22088375243015,1)
[1446]: (47.01874810739681,1)
[1447]: (47.05391379129356,1)
[1448]: (47.12159456059498,1)
[1449]: (47.51661507793676,1)
[1450]: (47.152030313725,1)
[1451]: (49.60144315797569,1)
[1452]: (47.10957978916628,1)
[1453]: (47.49025772749378,1)
[1454]: (48.04477954816745,1)
[1455]: (47.30951458756779,1)
[1456]: (47.40803695764064,1)
[1457]: (48.69176313379338,1)
[1458]: (47.00420305272579,1)
[1459]: (47.25437803702672,1)
[1460]: (47.18469146400888,1)
[1461]: (47.02862207641342,1)
[1462]: (47.19362900599234,1)
[1463]: (47.51984257502998,1)
[1464]: (47.18794944171154,1)
[1465]: (47.73250378888279,1)
[1466]: (47.12815591777714,1)
[1467]: (47.07967341835407,1)
[1468]: (47.01678514577252,1)
[1469]: (47.21986257990641,1)
[1470]: (47.10972265371475,1)
[1471]: (47.00943403779757,1)
[1472]: (47.10436907640911,1)
[1473]: (47.31314316669555,1)
[1474]: (47.214071788116,1)
[1475]: (47.24540270909732,1)
[1476]: (47.25367774172548,1)
[1477]: (47.48560076626413,1)
[1478]: (47.04295530853797,1)
[1479]: (47.23468368455863,1)
[1480]: (47.70033673326644,1)
[1481]: (47.31744197416165,1)
[1482]: (47.00248791464998,1)
[1483]: (47.36588754026488,1)
[1484]: (47.06145845478095,1)
[1485]: (47.06244794650033,1)
[1486]: (47.07873541825516,1)
[1487]: (47.17676793917215,1)
[1488]: (47.52835177419022,1)
[1489]: (47.0714959893168,1)
[1490]: (47.01647096649256,1)
[1491]: (48.21655227112937,1)
[1492]: (47.06245562242422,1)
[1493]: (48.00870975150211,1)
[1494]: (47.55340519972852,1)
[1495]: (47.24074980492262,1)
[1496]: (47.03282905548393,1)
[1497]: (47.08891902101607,1)
[1498]: (47.4870994594056,1)
[1499]: (48.67586791996661,1)
[1500]: (47.59172539420039,1)
[1501]: (47.06189159718694,1)
[1502]: (47.44822092671718,1)
[1503]: (47.03208711072605,1)
[1504]: (47.62629096058959,1)
[1505]: (47.05125974000994,1)
[1506]: (47.26079147223297,1)
[1507]: (47.28955688968608,1)
[1508]: (47.61929403018047,1)
[1509]: (47.12505272452349,1)
[1510]: (47.02935768719875,1)
[1511]: (47.05047294796714,1)
[1512]: (47.38264801472508,1)
[1513]: (47.41031467684622,1)
[1514]: (47.35271812340552,1)
[1515]: (47.03318100406168,1)
[1516]: (47.8824588843274,1)
[1517]: (47.1803905524745,1)
[1518]: (47.26027207152027,1)
[1519]: (47.12423117484976,1)
[1520]: (47.1155772591899,1)
[1521]: (47.10309676289489,1)
[1522]: (47.05999033297203,1)
[1523]: (47.11658367397794,1)
[1524]: (47.03270600640442,1)
[1525]: (47.26354320599416,1)
[1526]: (47.27907990585046,1)
[1527]: (48.7438389493128,1)
[1528]: (48.06780844849361,1)
[1529]: (47.05212489733501,1)
[1530]: (47.59498603761475,1)
[1531]: (47.70360533827166,1)
[1532]: (47.87730276710424,1)
[1533]: (47.98854501927757,1)
[1534]: (47.89432356276892,1)
[1535]: (47.80556494526569,1)
[1536]: (47.77051242814774,1)
[1537]: (47.0694911287445,1)
[1538]: (48.10678826771844,1)
[1539]: (47.07192589627498,1)
[1540]: (47.52939410063369,1)
[1541]: (47.46162273871472,1)
[1542]: (47.00627694366634,1)
[1543]: (47.35739960609902,1)
[1544]: (47.6462566320596,1)
[1545]: (47.37054002345249,1)
[1546]: (47.80797119596534,1)
[1547]: (47.54436819691467,1)
[1548]: (47.05140757001717,1)
[1549]: (48.4466367413126,1)
[1550]: (47.56454730326782,1)
[1551]: (47.03081927967264,1)
[1552]: (47.11733473297151,1)
[1553]: (47.01393037833606,1)
[1554]: (47.63626695075866,1)
[1555]: (47.04068947595576,1)
[1556]: (48.11075541002396,1)
[1557]: (47.20165501422957,1)
[1558]: (47.17171783588446,1)
[1559]: (47.16974685674146,1)
[1560]: (47.834661185777,1)
[1561]: (48.11179104205956,1)
[1562]: (48.51058165702354,1)
[1563]: (47.53660221161105,1)
[1564]: (47.18469069112096,1)
[1565]: (47.29421999084757,1)
[1566]: (47.58775624002221,1)
[1567]: (47.34425683141566,1)
[1568]: (47.43861975509386,1)
[1569]: (47.27451162736104,1)
[1570]: (47.47070106655868,1)
[1571]: (47.09447984195271,1)
[1572]: (47.50384545130274,1)
[1573]: (47.12724217276735,1)
[1574]: (47.71751850633252,1)
[1575]: (47.00517502017414,1)
[1576]: (47.31752723095099,1)
[1577]: (47.09309486244574,1)
[1578]: (47.02174076938125,1)
[1579]: (47.40791215658982,1)
[1580]: (47.38903885965185,1)
[1581]: (47.81394383781618,1)
[1582]: (47.55143126512125,1)
[1583]: (47.04419504739694,1)
[1584]: (47.24682561103513,1)
[1585]: (47.08557697232779,1)
[1586]: (47.06975657800185,1)
[1587]: (48.06406863564881,1)
[1588]: (47.06088870322604,1)
[1589]: (47.9321036626483,1)
[1590]: (47.72800462461509,1)
[1591]: (47.09591889811514,1)
[1592]: (47.14953201268614,1)
[1593]: (47.42769029130181,1)
[1594]: (47.02347338514309,1)
[1595]: (47.0487462844898,1)
[1596]: (47.4287325959309,1)
[1597]: (47.43806627823142,1)
[1598]: (47.70401806980526,1)
[1599]: (47.02621291786633,1)
[1600]: (49.13412618086389,1)
[1601]: (47.42236140080177,1)
[1602]: (47.13712901825752,1)
[1603]: (47.42469935053771,1)
[1604]: (47.30047328042888,1)
[1605]: (47.81249271637832,1)
[1606]: (47.40201499746433,1)
[1607]: (47.92545257793457,1)
[1608]: (47.18803428693549,1)
[1609]: (47.94891729422218,1)
[1610]: (48.79951152632935,1)
[1611]: (47.26208195161251,1)
[1612]: (47.1361106969554,1)
[1613]: (47.18554283038834,1)
[1614]: (47.26688655433833,1)
[1615]: (47.43022634163287,1)
[1616]: (47.13974698305538,1)
[1617]: (47.0851058197951,1)
[1618]: (48.03766082275316,1)
[1619]: (47.21788669946961,1)
[1620]: (47.61690198703823,1)
[1621]: (48.2067910944211,1)
[1622]: (47.75590987146487,1)
[1623]: (47.10707578084086,1)
[1624]: (47.97115247050055,1)
[1625]: (47.93899036940516,1)
[1626]: (47.65101977371964,1)
[1627]: (47.32955586702209,1)
[1628]: (47.31183694244198,1)
[1629]: (47.02698069413672,1)
[1630]: (47.22120935302373,1)
[1631]: (47.48856815837168,1)
[1632]: (47.50214964696782,1)
[1633]: (47.08948227208105,1)
[1634]: (47.16788687263273,1)
[1635]: (47.54173398893106,1)
[1636]: (48.29767577851286,1)
[1637]: (47.56471580973675,1)
[1638]: (47.56536974229848,1)
[1639]: (47.18106308142837,1)
[1640]: (47.28617720708011,1)
[1641]: (47.03206867749652,1)
[1642]: (47.32960701262873,1)
[1643]: (47.05832684231674,1)
[1644]: (47.01024235576613,1)
[1645]: (47.09844228945834,1)
[1646]: (47.60484555600195,1)
[1647]: (47.5790014601255,1)
[1648]: (47.38305985597112,1)
[1649]: (47.97508424371514,1)
[1650]: (47.24975940192853,1)
[1651]: (47.43374966054265,1)
[1652]: (47.07840523306755,1)
[1653]: (47.64615192072214,1)
[1654]: (47.47388807336702,1)
[1655]: (47.38893460024779,1)
[1656]: (47.12153067414888,1)
[1657]: (47.09027697187179,1)
[1658]: (47.73767656252681,1)
[1659]: (47.16469712276907,1)
[1660]: (47.46698841569329,1)
[1661]: (47.52420910552062,1)
[1662]: (47.06253242585129,1)
[1663]: (47.16012602715437,1)
[1664]: (47.22208137327067,1)
[1665]: (47.56647348511814,1)
[1666]: (47.44319188896826,1)
[1667]: (47.02501166662555,1)
[1668]: (47.51462314683911,1)
[1669]: (47.09457278823293,1)
[1670]: (47.66711923685905,1)
[1671]: (47.60082571497322,1)
[1672]: (47.38544528414521,1)
[1673]: (47.13013419908849,1)
[1674]: (47.02776157101025,1)
[1675]: (47.1856051136259,1)
[1676]: (47.4684272137812,1)
[1677]: (47.07465076245536,1)
[1678]: (47.32904013689981,1)
[1679]: (47.00479463291402,1)
[1680]: (47.51072746746654,1)
[1681]: (47.2191992254426,1)
[1682]: (47.04521165531698,1)
[1683]: (47.46740839465023,1)
[1684]: (47.63939925031915,1)
[1685]: (47.56799892200832,1)
[1686]: (47.38061096694267,1)
[1687]: (47.34873644953941,1)
[1688]: (47.51914257236368,1)
[1689]: (47.07604934714482,1)
[1690]: (47.89486898444065,1)
[1691]: (47.34030574888916,1)
[1692]: (47.00688521055092,1)
[1693]: (47.03009891756302,1)
[1694]: (47.56122205720573,1)
[1695]: (47.2653161740209,1)
[1696]: (47.27038147824129,1)
[1697]: (47.04050696410292,1)
[1698]: (47.23995036469821,1)
[1699]: (47.53215682933114,1)
[1700]: (47.33024447007449,1)
[1701]: (49.13103202671008,1)
[1702]: (47.86296731409329,1)
[1703]: (47.160208732626,1)
[1704]: (48.23603385472258,1)
[1705]: (47.82217629758723,1)
[1706]: (47.05094577567333,1)
[1707]: (47.07681336381357,1)
[1708]: (47.23268167203853,1)
[1709]: (47.0248733468796,1)
[1710]: (47.86265413905288,1)
[1711]: (47.30746763245381,1)
[1712]: (47.07308440646695,1)
[1713]: (47.01151678480005,1)
[1714]: (47.17081993172341,1)
[1715]: (47.08986537340336,1)
[1716]: (47.26539517086854,1)
[1717]: (47.9620748649637,1)
[1718]: (47.7249036498046,1)
[1719]: (47.20613118608554,1)
[1720]: (47.20771694879641,1)
[1721]: (47.24177203426832,1)
[1722]: (47.41499003452353,1)
[1723]: (47.08801089579645,1)
[1724]: (47.76200421612639,1)
[1725]: (47.01794992016909,1)
[1726]: (47.16220773783214,1)
[1727]: (47.2151719937964,1)
[1728]: (47.70926584910908,1)
[1729]: (47.39593083027005,1)
[1730]: (47.00040038785654,1)
[1731]: (47.08412895575756,1)
[1732]: (47.4312858827057,1)
[1733]: (47.05235222003629,1)
[1734]: (47.25511733263459,1)
[1735]: (47.41452313119394,1)
[1736]: (47.37081733259385,1)
[1737]: (47.03146823639845,1)
[1738]: (47.09448073507632,1)
[1739]: (47.09970286154265,1)
[1740]: (47.20149295161289,1)
[1741]: (47.23189046138221,1)
[1742]: (47.20258148143085,1)
[1743]: (47.26732776033379,1)
[1744]: (47.45685620749047,1)
[1745]: (47.06433262122475,1)
[1746]: (47.71483820929,1)
[1747]: (47.53799170568613,1)
[1748]: (47.22443839995895,1)
[1749]: (47.45084398434644,1)
[1750]: (47.06857102120042,1)
[1751]: (47.30838067840261,1)
[1752]: (47.08541192632791,1)
[1753]: (47.652675663073,1)
[1754]: (47.93269886354234,1)
[1755]: (47.1043425092939,1)
[1756]: (47.70716870673807,1)
[1757]: (47.01428732313903,1)
[1758]: (47.31992045756822,1)
[1759]: (47.44335085557633,1)
[1760]: (47.023411595414,1)
[1761]: (47.11867949457045,1)
[1762]: (47.42718991110006,1)
[1763]: (47.64276233876448,1)
[1764]: (47.45253495723023,1)
[1765]: (47.75499315848801,1)
[1766]: (47.14603042784233,1)
[1767]: (47.14482378794368,1)
[1768]: (48.51706212930929,1)
[1769]: (47.54761348764833,1)
[1770]: (47.26759562448947,1)
[1771]: (47.46632813719348,1)
[1772]: (47.134529120494,1)
[1773]: (47.11225800883452,1)
[1774]: (47.02107558109102,1)
[1775]: (47.01573901065316,1)
[1776]: (47.44360285882117,1)
[1777]: (48.27134889459245,1)
[1778]: (47.71516270241924,1)
[1779]: (47.05150610044139,1)
[1780]: (47.00963003431251,1)
[1781]: (47.39869239787495,1)
[1782]: (47.4065820636358,1)
[1783]: (47.34607214968977,1)
[1784]: (47.19829357099804,1)
[1785]: (47.27841314605438,1)
[1786]: (47.28186179217266,1)
[1787]: (47.3039246544079,1)
[1788]: (47.68193064999664,1)
[1789]: (47.45092882472821,1)
[1790]: (47.03026726170697,1)
[1791]: (47.74115073528443,1)
[1792]: (47.03124244385769,1)
[1793]: (47.23286036545984,1)
[1794]: (47.40027398159553,1)
[1795]: (47.75439807376097,1)
[1796]: (47.77836420214585,1)
[1797]: (47.16158334432614,1)
[1798]: (47.00271064282499,1)
[1799]: (47.11831391454518,1)
[1800]: (47.0909256639727,1)
[1801]: (47.1988050574632,1)
[1802]: (47.06432821493976,1)
[1803]: (47.07516423308744,1)
[1804]: (47.05144320069941,1)
[1805]: (47.14750841331146,1)
[1806]: (47.12604358168149,1)
[1807]: (47.64760357187926,1)
[1808]: (47.0618787501361,1)
[1809]: (47.00485731779305,1)
[1810]: (47.17503316496182,1)
[1811]: (47.34489416852827,1)
[1812]: (47.1062110400419,1)
[1813]: (47.15317098746633,1)
[1814]: (47.12291510349495,1)
[1815]: (47.23345760783374,1)
[1816]: (47.36341589218166,1)
[1817]: (47.11136501074249,1)
[1818]: (48.3892263658155,1)
[1819]: (47.09304946363783,1)
[1820]: (47.15583149331584,1)
[1821]: (47.20291169544794,1)
[1822]: (47.07032437972833,1)
[1823]: (47.30802403222156,1)
[1824]: (48.08356051553221,1)
[1825]: (47.02978759417083,1)
[1826]: (47.4312007450765,1)
[1827]: (47.05455979063327,1)
[1828]: (47.26525316089013,1)
[1829]: (47.27750553981474,1)
[1830]: (47.08324694411095,1)
[1831]: (47.23433403257549,1)
[1832]: (47.05362087505458,1)
[1833]: (47.31016626436165,1)
[1834]: (47.015891200757,1)
[1835]: (47.02979913591118,1)
[1836]: (48.09989617022579,1)
[1837]: (47.79805444813097,1)
[1838]: (48.2841053033691,1)
[1839]: (48.23270953028938,1)
[1840]: (47.24276175186517,1)
[1841]: (47.41310184588907,1)
[1842]: (47.67761623080062,1)
[1843]: (47.06664178044952,1)
[1844]: (47.71847500307225,1)
[1845]: (47.58740865967965,1)
[1846]: (47.01137092792834,1)
[1847]: (47.36480607849033,1)
[1848]: (47.09049304201581,1)
[1849]: (48.50056550326913,1)
[1850]: (47.5993059196813,1)
[1851]: (47.19546530119775,1)
[1852]: (47.24278823221455,1)
[1853]: (47.02699145378881,1)
[1854]: (47.19827012650877,1)
[1855]: (47.15137818737822,1)
[1856]: (47.08663398883843,1)
[1857]: (47.06887793537117,1)
[1858]: (47.3012927078632,1)
[1859]: (47.09815214510238,1)
[1860]: (47.41743621482056,1)
[1861]: (47.26742752281726,1)
[1862]: (47.20655670997506,1)
[1863]: (47.04403381555491,1)
[1864]: (47.07594546276854,1)
[1865]: (47.1416527995328,1)
[1866]: (47.02354766878339,1)
[1867]: (48.00055285569955,1)
[1868]: (48.21478691234262,1)
[1869]: (47.13989893672557,1)
[1870]: (47.50268947258764,1)
[1871]: (47.44325820199914,1)
[1872]: (47.03684640905877,1)
[1873]: (47.85976640995702,1)
[1874]: (47.64513847863074,1)
[1875]: (47.1252459163133,1)
[1876]: (47.05025768553572,1)
[1877]: (47.20722858023254,1)
[1878]: (47.43983196256961,1)
[1879]: (47.53287852723935,1)
[1880]: (47.08912804507651,1)
[1881]: (47.16117692251218,1)
[1882]: (47.3646971740058,1)
[1883]: (47.069607799167,1)
[1884]: (47.15809769790038,1)
[1885]: (47.53129018053085,1)
[1886]: (48.18858700791433,1)
[1887]: (47.30346955470606,1)
[1888]: (47.3261503398233,1)
[1889]: (47.09038814648519,1)
[1890]: (47.01469854494226,1)
[1891]: (47.13018186958698,1)
[1892]: (47.3775975293737,1)
[1893]: (47.00795168915495,1)
[1894]: (47.13552916415862,1)
[1895]: (47.1069380542628,1)
[1896]: (47.5270868639948,1)
[1897]: (47.02210177796989,1)
[1898]: (47.24201179585179,1)
[1899]: (47.02144170934222,1)
[1900]: (47.64112088313033,1)
[1901]: (47.03245286200854,1)
[1902]: (47.06316763222215,1)
[1903]: (47.12031134471848,1)
[1904]: (47.37357679366815,1)
[1905]: (47.0882777763795,1)
[1906]: (47.02465145190722,1)
[1907]: (48.04104073842703,1)
[1908]: (47.70318191146114,1)
[1909]: (47.19711815468173,1)
[1910]: (47.39851226399659,1)
[1911]: (47.50462803825393,1)
[1912]: (48.39530093425734,1)
[1913]: (47.14772607409903,1)
[1914]: (48.48350655290573,1)
[1915]: (47.0042288184121,1)
[1916]: (47.07036102439084,1)
[1917]: (47.11436288775821,1)
[1918]: (47.78026361498044,1)
[1919]: (47.16195312454212,1)
[1920]: (47.67360443798407,1)
[1921]: (47.65177298737994,1)
[1922]: (47.00030158711215,1)
[1923]: (47.90300430350587,1)
[1924]: (47.29352541555167,1)
[1925]: (47.1635005617418,1)
[1926]: (48.2179036462671,1)
[1927]: (47.02396211330007,1)
[1928]: (47.35747162122317,1)
[1929]: (47.00140344994289,1)
[1930]: (47.15225218392626,1)
[1931]: (47.21371071671939,1)
[1932]: (47.20464848600174,1)
[1933]: (47.04849687728028,1)
[1934]: (47.6515249777465,1)
[1935]: (48.33118411043635,1)
[1936]: (47.48521858016684,1)
[1937]: (47.31957359344918,1)
[1938]: (47.04133323791955,1)
[1939]: (47.44335764431489,1)
[1940]: (47.09290538770215,1)
[1941]: (47.5962346533606,1)
[1942]: (47.51948315110341,1)
[1943]: (47.06369628648637,1)
[1944]: (47.24192555704359,1)
[1945]: (47.03131445705932,1)
[1946]: (47.04386040458359,1)
[1947]: (47.02529741331089,1)
[1948]: (48.37228877879873,1)
[1949]: (47.33148490658986,1)
[1950]: (47.08607787295511,1)
[1951]: (47.19704571982527,1)
[1952]: (47.11444078288513,1)
[1953]: (47.87970688547657,1)
[1954]: (47.23468628201483,1)
[1955]: (47.08620081785479,1)
[1956]: (47.31363266678709,1)
[1957]: (47.13230851275375,1)
[1958]: (47.16696164016572,1)
[1959]: (47.6211684641047,1)
[1960]: (47.48399120421325,1)
[1961]: (47.49111739921037,1)
[1962]: (47.62252069259362,1)
[1963]: (47.12257527952327,1)
[1964]: (47.69596163054263,1)
[1965]: (47.06097072783266,1)
[1966]: (47.61895059629973,1)
[1967]: (47.33805699847898,1)
[1968]: (47.09795399931047,1)
[1969]: (47.02310449057855,1)
[1970]: (47.32413221106305,1)
[1971]: (48.1861365464791,1)
[1972]: (47.20888537468482,1)
[1973]: (47.39401518268375,1)
[1974]: (47.40030711308405,1)
[1975]: (47.5481410696226,1)
[1976]: (47.38756226230079,1)
[1977]: (47.3941386952879,1)
[1978]: (47.1742064208835,1)
[1979]: (47.13780570013508,1)
[1980]: (47.40512607833887,1)
[1981]: (47.53065366464109,1)
[1982]: (47.3746463986996,1)
[1983]: (47.29735241804336,1)
[1984]: (47.06721858539262,1)
[1985]: (47.51158721118268,1)
[1986]: (47.01916657658393,1)
[1987]: (47.01125038209158,1)
[1988]: (47.30484053398578,1)
[1989]: (47.16341157009061,1)
[1990]: (47.24104943030463,1)
[1991]: (48.25712772961759,1)
[1992]: (47.16703262664692,1)
[1993]: (47.43924912702173,1)
[1994]: (47.32272082633326,1)
[1995]: (47.28866367600197,1)
[1996]: (47.40309932719388,1)
[1997]: (47.27133429213275,1)
[1998]: (47.18789103029019,1)
[1999]: (47.43971325391404,1)
 -- States explored : 0 states
 -- CPU user time used : 16580 ms
 -- Virtual memory used : 203400 KiB
 -- Resident memory used : 164748 KiB
executionTime: 110
