core file size          (blocks, -c) unlimited
data seg size           (kbytes, -d) unlimited
scheduling priority             (-e) 0
file size               (blocks, -f) unlimited
pending signals                 (-i) 4077086
max locked memory       (kbytes, -l) 64
max memory size         (kbytes, -m) 32505856
open files                      (-n) 4096
pipe size            (512 bytes, -p) 8
POSIX message queues     (bytes, -q) 819200
real-time priority              (-r) 0
stack size              (kbytes, -s) 8192
cpu time               (seconds, -t) unlimited
max user processes              (-u) 4077086
virtual memory          (kbytes, -v) 31000000
file locks                      (-x) unlimited
Options for the verification:
  Generating some trace
  Search order is random depth first
  Using conservative space optimisation
  Seed is 1556912443
  State space representation uses minimal constraint systems
  Using HashMap + Compress integers for discrete state storage

Verifying formula 1 at ../queries/SP_50_149_8.q:1
 -- Formula is satisfied.
(9000 runs)
Learning statistics for best strategy: 
	Number of resets: 0
	Number of iterations in last reset: 27
	Number of iterations in total: 27

 -- States explored : 0 states
 -- CPU user time used : 370730 ms
 -- Virtual memory used : 12014184 KiB
 -- Resident memory used : 11975544 KiB

Verifying formula 2 at ../queries/SP_50_149_8.q:2
 -- Formula is satisfied.
Composer.Done:
[0]: (0,0) (66.38081125769106,1)
[1]: (66.07275818564329,1)
[2]: (66.05512205593135,1)
[3]: (65.14530001782791,1)
[4]: (59.66058079517668,1)
[5]: (62.03397140445706,1)
[6]: (63.29392365546609,1)
[7]: (67.08251212753926,1)
[8]: (65.1980347744813,1)
[9]: (70.06717405294856,1)
[10]: (62.00449122098692,1)
[11]: (62.28970683206483,1)
[12]: (64.17675565958766,1)
[13]: (60.39085853620038,1)
[14]: (61.0680191326235,1)
[15]: (61.06498686425503,1)
[16]: (67.51320549009873,1)
[17]: (63.36278683890945,1)
[18]: (62.37534256572185,1)
[19]: (64.01036827998118,1)
[20]: (63.14027066395514,1)
[21]: (60.06907593870735,1)
[22]: (68.29025870686453,1)
[23]: (65.41550274345059,1)
[24]: (60.39462130036051,1)
[25]: (63.25835930074913,1)
[26]: (64.16702219008312,1)
[27]: (62.16387527315841,1)
[28]: (62.18638375413018,1)
[29]: (61.09329623022676,1)
[30]: (63.10155195571054,1)
[31]: (64.25940215681314,1)
[32]: (63.04128725696089,1)
[33]: (63.44754184143202,1)
[34]: (69.15104942869583,1)
[35]: (61.87814047883817,1)
[36]: (69.11967630388783,1)
[37]: (69.12672244149267,1)
[38]: (61.00614725305297,1)
[39]: (61.01676611697253,1)
[40]: (61.01168180769662,1)
[41]: (62.02967991426902,1)
[42]: (62.09997428252511,1)
[43]: (62.46372456214049,1)
[44]: (61.51343844054366,1)
[45]: (63.10355454139852,1)
[46]: (64.14456360921417,1)
[47]: (64.01249594717204,1)
[48]: (64.0510668323323,1)
[49]: (60.09785590433216,1)
[50]: (64.47450406312392,1)
[51]: (62.15094912229577,1)
[52]: (61.42110496140658,1)
[53]: (64.21880355496943,1)
[54]: (66.15184708860681,1)
[55]: (66.86899288586586,1)
[56]: (65.26263948771739,1)
[57]: (66.57230984952551,1)
[58]: (65.46074412878814,1)
[59]: (62.22212739316672,1)
[60]: (62.00315142349122,1)
[61]: (63.3801061719988,1)
[62]: (61.52451259784074,1)
[63]: (63.5732004319749,1)
[64]: (61.10933603616603,1)
[65]: (65.39265554663784,1)
[66]: (61.32821679257602,1)
[67]: (62.061630774215,1)
[68]: (61.61155268290112,1)
[69]: (62.09893580864361,1)
[70]: (64.79928142734774,1)
[71]: (60.25474641562977,1)
[72]: (65.03568055524786,1)
[73]: (62.3243436901074,1)
[74]: (59.37071005840073,1)
[75]: (63.08659160184707,1)
[76]: (67.07016855831047,1)
[77]: (63.14996112046805,1)
[78]: (64.01338834329036,1)
[79]: (65.63824216536949,1)
[80]: (63.01901224317697,1)
[81]: (62.26727553466053,1)
[82]: (64.64579936165522,1)
[83]: (62.11826602521526,1)
[84]: (66.57839093289959,1)
[85]: (66.43719635123669,1)
[86]: (60.13006718082546,1)
[87]: (61.1173052373499,1)
[88]: (63.02884560653145,1)
[89]: (63.1190806015547,1)
[90]: (64.54581307979515,1)
[91]: (67.04745486032853,1)
[92]: (61.14712897278425,1)
[93]: (66.26467872582634,1)
[94]: (61.07258321357831,1)
[95]: (58.04649374787682,1)
[96]: (60.51301711947019,1)
[97]: (64.10186489575163,1)
[98]: (60.13627846419873,1)
[99]: (62.47062125528426,1)
[100]: (66.95344380557763,1)
[101]: (65.29047563519153,1)
[102]: (62.31245030280295,1)
[103]: (60.89354763223665,1)
[104]: (62.62356453557119,1)
[105]: (61.18646660746286,1)
[106]: (64.61220194129046,1)
[107]: (66.00779336176211,1)
[108]: (61.78028380524093,1)
[109]: (63.4427756065839,1)
[110]: (62.04593484442349,1)
[111]: (63.0873376840838,1)
[112]: (62.17403535898995,1)
[113]: (63.26856675414769,1)
[114]: (62.03035414994891,1)
[115]: (64.86650606039876,1)
[116]: (65.28242355525174,1)
[117]: (62.09611836900049,1)
[118]: (62.0059002913389,1)
[119]: (65.29158535627347,1)
[120]: (63.17239275186876,1)
[121]: (62.13303844650159,1)
[122]: (66.05712522270946,1)
[123]: (65.56329218462926,1)
[124]: (65.14433393248649,1)
[125]: (63.04231258243349,1)
[126]: (67.68621264884686,1)
[127]: (63.13696306939926,1)
[128]: (64.48450452670521,1)
[129]: (66.53800917724445,1)
[130]: (64.17966038983458,1)
[131]: (61.16720224101828,1)
[132]: (66.86532264610481,1)
[133]: (63.05135397759864,1)
[134]: (62.03897801907546,1)
[135]: (61.53443976339515,1)
[136]: (63.03153407488244,1)
[137]: (64.1213766409352,1)
[138]: (62.69807853132568,1)
[139]: (64.39139674431554,1)
[140]: (64.19649190626782,1)
[141]: (62.02424816694622,1)
[142]: (61.35316426705943,1)
[143]: (59.06931838145356,1)
[144]: (61.14944186515815,1)
[145]: (65.22090838172555,1)
[146]: (65.04237386252343,1)
[147]: (61.68342923767479,1)
[148]: (65.13350686768065,1)
[149]: (64.01456091261487,1)
[150]: (60.85490925012748,1)
[151]: (67.05410560740258,1)
[152]: (63.01841715040711,1)
[153]: (63.6164907485814,1)
[154]: (64.70255777547756,1)
[155]: (61.33398597978167,1)
[156]: (63.41379281527576,1)
[157]: (62.70548578496415,1)
[158]: (62.16199383217044,1)
[159]: (62.01712323784384,1)
[160]: (62.34074595744381,1)
[161]: (62.21041448808093,1)
[162]: (63.57133219737486,1)
[163]: (61.05365609408849,1)
[164]: (61.00472657000999,1)
[165]: (61.11734780864349,1)
[166]: (61.14895015187697,1)
[167]: (68.28452509397675,1)
[168]: (61.06226130202145,1)
[169]: (61.77461550976466,1)
[170]: (62.54272756350938,1)
[171]: (63.78973462734402,1)
[172]: (61.23318889488736,1)
[173]: (62.32098196787653,1)
[174]: (67.0138984489891,1)
[175]: (62.50166278604665,1)
[176]: (60.2248684856529,1)
[177]: (64.1073565672972,1)
[178]: (64.27548373915761,1)
[179]: (62.02369323259681,1)
[180]: (65.55962065019551,1)
[181]: (62.15284203778074,1)
[182]: (63.08316959392454,1)
[183]: (65.95469808510498,1)
[184]: (61.02468772289875,1)
[185]: (62.09928942720972,1)
[186]: (63.69197294860555,1)
[187]: (66.70195253423276,1)
[188]: (62.65484986409272,1)
[189]: (61.06657743800735,1)
[190]: (63.13642634839454,1)
[191]: (63.37051697285839,1)
[192]: (62.07925511543052,1)
[193]: (62.36893806645404,1)
[194]: (60.18507999024424,1)
[195]: (63.1421886895137,1)
[196]: (63.85636031872443,1)
[197]: (64.61001897220491,1)
[198]: (63.55504255323403,1)
[199]: (60.23572699526682,1)
[200]: (63.0744522211181,1)
[201]: (67.1319436960197,1)
[202]: (62.14682241438245,1)
[203]: (63.06391556004705,1)
[204]: (65.08719412252854,1)
[205]: (66.56166768362267,1)
[206]: (66.23084268729188,1)
[207]: (60.50877037655208,1)
[208]: (61.00483862037363,1)
[209]: (65.13388417397942,1)
[210]: (61.37998512291184,1)
[211]: (65.0750703447615,1)
[212]: (62.58407166125285,1)
[213]: (62.22321641358042,1)
[214]: (63.01807723467229,1)
[215]: (65.47432294767931,1)
[216]: (68.61976906641816,1)
[217]: (59.16910999724723,1)
[218]: (64.48139685167105,1)
[219]: (62.18390435837291,1)
[220]: (64.97063540717528,1)
[221]: (63.05994884913423,1)
[222]: (61.11560935107491,1)
[223]: (66.2550058658147,1)
[224]: (65.19555030923912,1)
[225]: (65.36738400590941,1)
[226]: (65.03779632454206,1)
[227]: (63.13703476682152,1)
[228]: (63.44692193183798,1)
[229]: (62.76014274344963,1)
[230]: (66.33100146853225,1)
[231]: (61.01342585563766,1)
[232]: (64.14853079746541,1)
[233]: (63.87696161716395,1)
[234]: (63.02829677833115,1)
[235]: (63.07213886966061,1)
[236]: (68.54224422666582,1)
[237]: (66.07473093876152,1)
[238]: (69.20537011520463,1)
[239]: (63.22738577177645,1)
[240]: (63.19286469578753,1)
[241]: (67.06161271643433,1)
[242]: (62.45351111296636,1)
[243]: (61.0790019932076,1)
[244]: (61.16533395364204,1)
[245]: (60.54471693703058,1)
[246]: (61.21878439039762,1)
[247]: (62.16550876083112,1)
[248]: (66.24744629977067,1)
[249]: (62.2495335774172,1)
[250]: (67.70925568943225,1)
[251]: (61.43391356789976,1)
[252]: (68.94392933153759,1)
[253]: (63.0994588205436,1)
[254]: (62.0068954350895,1)
[255]: (63.02374128583021,1)
[256]: (63.68164033409889,1)
[257]: (62.38569649522904,1)
[258]: (64.13523295272383,1)
[259]: (63.02521507129301,1)
[260]: (62.1555611652181,1)
[261]: (61.08341225268504,1)
[262]: (65.32460077637178,1)
[263]: (64.01099574820392,1)
[264]: (68.23479768770071,1)
[265]: (62.25739106819121,1)
[266]: (60.37217450569347,1)
[267]: (60.14131051637231,1)
[268]: (62.03435966361101,1)
[269]: (62.08239052366931,1)
[270]: (65.01041249731479,1)
[271]: (65.29056504384899,1)
[272]: (64.56281980028619,1)
[273]: (61.43954604303377,1)
[274]: (64.06248898978315,1)
[275]: (64.36113510937601,1)
[276]: (63.12152782220684,1)
[277]: (62.17893532766189,1)
[278]: (62.069623222188,1)
[279]: (63.31133082502429,1)
[280]: (62.00222869641889,1)
[281]: (61.01580913069903,1)
[282]: (62.18065290190751,1)
[283]: (63.25839387060039,1)
[284]: (68.22165988492132,1)
[285]: (61.16237817814768,1)
[286]: (59.41567206761309,1)
[287]: (63.42349135653474,1)
[288]: (65.53582600532874,1)
[289]: (61.00950965626404,1)
[290]: (62.09829752296302,1)
[291]: (62.04567532258871,1)
[292]: (62.1711080643281,1)
[293]: (65.00132560172602,1)
[294]: (63.72074602996003,1)
[295]: (62.27746893175815,1)
[296]: (64.27659695064914,1)
[297]: (61.73999064861609,1)
[298]: (64.92430776497652,1)
[299]: (65.08293480693341,1)
[300]: (59.43184325222563,1)
[301]: (66.16636058208614,1)
[302]: (64.04285613691714,1)
[303]: (63.34711962928473,1)
[304]: (62.31004301209532,1)
[305]: (66.28323926561742,1)
[306]: (64.28545029767173,1)
[307]: (63.12161561476178,1)
[308]: (61.05763489939181,1)
[309]: (66.09031659728262,1)
[310]: (62.17707545159189,1)
[311]: (66.31458794544018,1)
[312]: (62.15145810708765,1)
[313]: (62.09408310239457,1)
[314]: (63.12301346430175,1)
[315]: (63.1875977966989,1)
[316]: (64.56334095847669,1)
[317]: (62.92145963606756,1)
[318]: (62.32894685761624,1)
[319]: (65.05522684619079,1)
[320]: (60.52153837881047,1)
[321]: (61.09090067793025,1)
[322]: (66.27218320860528,1)
[323]: (66.03439193847804,1)
[324]: (67.43786076546724,1)
[325]: (68.26180758744719,1)
[326]: (65.57901967291104,1)
[327]: (62.30133571945766,1)
[328]: (62.17806280279058,1)
[329]: (62.60793472635163,1)
[330]: (64.04243928761584,1)
[331]: (68.29838264902949,1)
[332]: (62.237786676957,1)
[333]: (62.23236820824234,1)
[334]: (62.11840728280839,1)
[335]: (65.42663893447018,1)
[336]: (64.6607601014659,1)
[337]: (61.28954963835718,1)
[338]: (64.57299467491889,1)
[339]: (66.13011197468916,1)
[340]: (62.47236720145924,1)
[341]: (62.90839644766672,1)
[342]: (62.00149498653352,1)
[343]: (64.47355108444927,1)
[344]: (62.46176025554652,1)
[345]: (64.00065705070236,1)
[346]: (61.04849226186316,1)
[347]: (64.87043917830398,1)
[348]: (63.36292570005724,1)
[349]: (60.48501931608716,1)
[350]: (64.64507542735248,1)
[351]: (61.05901470319395,1)
[352]: (60.01075959764174,1)
[353]: (64.1497621820409,1)
[354]: (61.24446145465107,1)
[355]: (61.87219404778591,1)
[356]: (65.60392941919643,1)
[357]: (61.0642215529991,1)
[358]: (64.79385256494753,1)
[359]: (64.04374724919072,1)
[360]: (62.24016690210411,1)
[361]: (61.85878318489585,1)
[362]: (65.03882043502139,1)
[363]: (62.30001017910796,1)
[364]: (63.0228756084535,1)
[365]: (64.14575442537009,1)
[366]: (65.53160915802246,1)
[367]: (61.13502836590695,1)
[368]: (64.050725621239,1)
[369]: (65.75475439613083,1)
[370]: (60.16083422997345,1)
[371]: (63.00413568329397,1)
[372]: (64.6942199091481,1)
[373]: (61.08682719117095,1)
[374]: (62.03209922964164,1)
[375]: (65.08444951849937,1)
[376]: (63.5133272148047,1)
[377]: (64.1298879053567,1)
[378]: (60.37209946038603,1)
[379]: (69.37825366646432,1)
[380]: (64.25156155897584,1)
[381]: (64.11336901863146,1)
[382]: (62.57080718937478,1)
[383]: (63.03354733029891,1)
[384]: (62.93243767766944,1)
[385]: (64.08137197531001,1)
[386]: (64.49586888849369,1)
[387]: (61.54131407424403,1)
[388]: (62.47738314091232,1)
[389]: (62.06261031435854,1)
[390]: (65.04878967135345,1)
[391]: (61.76521290692111,1)
[392]: (63.72513943315489,1)
[393]: (62.08213874186395,1)
[394]: (62.16235235994866,1)
[395]: (68.73258308412268,1)
[396]: (64.01560988796533,1)
[397]: (62.0741651737807,1)
[398]: (64.12058680531085,1)
[399]: (61.18663055321089,1)
[400]: (62.52316210294092,1)
[401]: (62.27139438002706,1)
[402]: (62.97718183441528,1)
[403]: (63.46091669091685,1)
[404]: (62.03528996400252,1)
[405]: (63.01331739106244,1)
[406]: (63.59371172301901,1)
[407]: (61.57556369451775,1)
[408]: (67.38744691934909,1)
[409]: (66.18784083615513,1)
[410]: (62.49637535443327,1)
[411]: (65.30392652046412,1)
[412]: (60.54556308285245,1)
[413]: (62.10740575783335,1)
[414]: (66.100301199603,1)
[415]: (62.0198405569323,1)
[416]: (63.34406536181538,1)
[417]: (65.59118702898166,1)
[418]: (62.02982560281625,1)
[419]: (62.19873122794281,1)
[420]: (65.29572374931226,1)
[421]: (59.04232804530171,1)
[422]: (64.11912845151181,1)
[423]: (64.06394286582767,1)
[424]: (67.2901772377851,1)
[425]: (63.12433953858118,1)
[426]: (62.33423394356713,1)
[427]: (63.12723862332933,1)
[428]: (60.70374593355074,1)
[429]: (63.51239770655465,1)
[430]: (61.68409671304509,1)
[431]: (65.24030170367971,1)
[432]: (70.13878464809852,1)
[433]: (63.10458036635618,1)
[434]: (63.2162760093216,1)
[435]: (61.12038989312622,1)
[436]: (67.24956474759324,1)
[437]: (63.34396565706984,1)
[438]: (63.19254279245106,1)
[439]: (64.18027992377139,1)
[440]: (64.81061742137689,1)
[441]: (64.63909486708911,1)
[442]: (65.7597482982887,1)
[443]: (62.06986581137814,1)
[444]: (65.29825328338218,1)
[445]: (61.3314033254736,1)
[446]: (63.32875662151501,1)
[447]: (66.5686874052563,1)
[448]: (63.06169789350845,1)
[449]: (65.19777256722334,1)
[450]: (65.10620150594542,1)
[451]: (61.53712872026721,1)
[452]: (65.08213501353003,1)
[453]: (63.11194553742033,1)
[454]: (62.08132645831007,1)
[455]: (67.32219588371781,1)
[456]: (62.87006381372494,1)
[457]: (61.31900261114176,1)
[458]: (64.09632510010246,1)
[459]: (62.12105899930964,1)
[460]: (65.3292574772299,1)
[461]: (61.41390170914997,1)
[462]: (61.14761758598934,1)
[463]: (62.19093584878283,1)
[464]: (69.38992342423619,1)
[465]: (62.29443049804144,1)
[466]: (63.22209798581486,1)
[467]: (61.03085661054727,1)
[468]: (63.16319676504964,1)
[469]: (61.07698385822195,1)
[470]: (62.10574904029762,1)
[471]: (64.06307684877584,1)
[472]: (62.39561099018218,1)
[473]: (66.30736120903772,1)
[474]: (63.18957574307392,1)
[475]: (68.05186809869166,1)
[476]: (63.05940339469903,1)
[477]: (64.09981361715191,1)
[478]: (61.13604153932209,1)
[479]: (66.38047371129265,1)
[480]: (63.51651706359024,1)
[481]: (65.18048811567883,1)
[482]: (66.23672126554246,1)
[483]: (64.10093722655672,1)
[484]: (64.31625138338921,1)
[485]: (65.16207029527959,1)
[486]: (64.92930237059255,1)
[487]: (63.13605758168538,1)
[488]: (61.07870683737951,1)
[489]: (64.60329866934815,1)
[490]: (61.05993737284705,1)
[491]: (61.77861270553901,1)
[492]: (66.22265353801966,1)
[493]: (60.40384553167559,1)
[494]: (61.37844256051383,1)
[495]: (63.11311681087689,1)
[496]: (62.70460693482962,1)
[497]: (61.0833531100299,1)
[498]: (59.04579316001892,1)
[499]: (66.60125945013134,1)
[500]: (61.82881610033166,1)
[501]: (60.53756364953851,1)
[502]: (66.60906877590457,1)
[503]: (63.35609157591166,1)
[504]: (63.32054048093734,1)
[505]: (68.02989470938101,1)
[506]: (60.18931354539198,1)
[507]: (63.19742590220386,1)
[508]: (65.04273816129593,1)
[509]: (63.07949038234658,1)
[510]: (63.25330749241082,1)
[511]: (61.22920946716347,1)
[512]: (61.08452247640758,1)
[513]: (61.37497844787784,1)
[514]: (65.2012580445607,1)
[515]: (64.39651631834656,1)
[516]: (64.16106361341002,1)
[517]: (62.38633940085159,1)
[518]: (65.45919675065886,1)
[519]: (65.3264841777209,1)
[520]: (61.29351347955716,1)
[521]: (61.09584194769199,1)
[522]: (63.12360469069846,1)
[523]: (63.31001377361154,1)
[524]: (63.37902711598694,1)
[525]: (60.05972645690483,1)
[526]: (68.78565405851653,1)
[527]: (62.61715672154141,1)
[528]: (62.19896582730192,1)
[529]: (63.7292671699586,1)
[530]: (64.35767576282089,1)
[531]: (62.39253327065815,1)
[532]: (60.11084640106071,1)
[533]: (61.06371649226258,1)
[534]: (64.34902731428812,1)
[535]: (62.13786656160725,1)
[536]: (63.23096492912971,1)
[537]: (65.44209841711408,1)
[538]: (62.03932631050144,1)
[539]: (61.34483655985026,1)
[540]: (63.07960958156349,1)
[541]: (64.3327233772869,1)
[542]: (67.12158766612393,1)
[543]: (66.27890494571059,1)
[544]: (61.03583716676783,1)
[545]: (63.22585220186517,1)
[546]: (62.20740362181402,1)
[547]: (66.35763631609132,1)
[548]: (62.05144333490122,1)
[549]: (65.07990796583879,1)
[550]: (66.39827456762258,1)
[551]: (61.16099665774549,1)
[552]: (67.01275521743153,1)
[553]: (62.04717882924497,1)
[554]: (63.3404406138373,1)
[555]: (64.18063418574678,1)
[556]: (66.29129209798198,1)
[557]: (62.28114743743011,1)
[558]: (63.3220196420831,1)
[559]: (63.54258377526759,1)
[560]: (65.27003371438602,1)
[561]: (61.25239519796818,1)
[562]: (61.25168280089921,1)
[563]: (62.29714370332051,1)
[564]: (67.39767855371701,1)
[565]: (62.01823406550297,1)
[566]: (66.10378995796661,1)
[567]: (63.28848492130408,1)
[568]: (65.96264714287229,1)
[569]: (61.05644889180462,1)
[570]: (62.38612727570379,1)
[571]: (61.54907534747634,1)
[572]: (63.41872996998144,1)
[573]: (62.05114667658948,1)
[574]: (67.63182003937848,1)
[575]: (66.34762721136235,1)
[576]: (63.01358558051857,1)
[577]: (65.18780822662181,1)
[578]: (67.0679368743086,1)
[579]: (65.06586891294074,1)
[580]: (64.24038066346156,1)
[581]: (64.06734355122182,1)
[582]: (63.46830852259647,1)
[583]: (66.11523764711816,1)
[584]: (65.49073413897099,1)
[585]: (64.16951407671668,1)
[586]: (64.15758304440782,1)
[587]: (63.00019472030364,1)
[588]: (66.12859557698954,1)
[589]: (62.12467873950858,1)
[590]: (62.02924108854415,1)
[591]: (66.49439835687643,1)
[592]: (63.10249743158097,1)
[593]: (64.21560083549063,1)
[594]: (61.28193651332219,1)
[595]: (63.024050034928,1)
[596]: (64.22336321753011,1)
[597]: (60.2302246074966,1)
[598]: (60.30502434891606,1)
[599]: (63.31146700390033,1)
[600]: (61.24887743349264,1)
[601]: (62.38528621724679,1)
[602]: (64.6960290464805,1)
[603]: (65.79837529643594,1)
[604]: (63.19150711295309,1)
[605]: (61.00470694233468,1)
[606]: (62.16050486776778,1)
[607]: (64.06403766822429,1)
[608]: (62.48522111322252,1)
[609]: (61.18956127715216,1)
[610]: (60.61737745949284,1)
[611]: (65.19943703381543,1)
[612]: (64.47934587101423,1)
[613]: (62.0442559253331,1)
[614]: (62.74435684127524,1)
[615]: (62.19019227356642,1)
[616]: (61.03897769230164,1)
[617]: (62.05267894257585,1)
[618]: (64.07147479304756,1)
[619]: (66.14405632198178,1)
[620]: (65.61447212628937,1)
[621]: (62.72531571942694,1)
[622]: (62.904847667236,1)
[623]: (63.14259763472734,1)
[624]: (62.39172235937216,1)
[625]: (62.20501173572629,1)
[626]: (61.29096019733877,1)
[627]: (64.19942454374565,1)
[628]: (63.25158840206576,1)
[629]: (62.37443916782482,1)
[630]: (63.32378733710738,1)
[631]: (62.24107668418897,1)
[632]: (63.85106929778448,1)
[633]: (63.18597730169508,1)
[634]: (63.21035713191595,1)
[635]: (63.46842249391509,1)
[636]: (65.57518827512743,1)
[637]: (68.01095868877728,1)
[638]: (65.23870747761869,1)
[639]: (61.0237768567183,1)
[640]: (63.04576119238914,1)
[641]: (65.02594486263359,1)
[642]: (59.06832184934754,1)
[643]: (62.54129173208209,1)
[644]: (63.08953447867789,1)
[645]: (62.09673167207421,1)
[646]: (64.29338509940506,1)
[647]: (61.07236677797214,1)
[648]: (65.43668989968779,1)
[649]: (63.06646005928483,1)
[650]: (64.57123165986586,1)
[651]: (63.08080337378906,1)
[652]: (65.19378474925453,1)
[653]: (64.10442990101056,1)
[654]: (61.20702265533492,1)
[655]: (61.49777901484448,1)
[656]: (62.16748028964307,1)
[657]: (64.7248803211057,1)
[658]: (65.02233909855632,1)
[659]: (64.02399541335608,1)
[660]: (63.4805988195533,1)
[661]: (63.00985208320485,1)
[662]: (63.02979013349997,1)
[663]: (65.36902279362074,1)
[664]: (66.02993661247044,1)
[665]: (65.07636267591532,1)
[666]: (61.33347682963716,1)
[667]: (63.55619104507053,1)
[668]: (61.23037224809554,1)
[669]: (61.08519537353619,1)
[670]: (62.8942446108104,1)
[671]: (65.09381895882322,1)
[672]: (63.23385158755246,1)
[673]: (63.36582899693845,1)
[674]: (62.17577071742437,1)
[675]: (67.31648563114597,1)
[676]: (68.10161979160659,1)
[677]: (64.2826918384246,1)
[678]: (63.01366250191414,1)
[679]: (65.05862872496685,1)
[680]: (61.3042815525323,1)
[681]: (61.05933405774872,1)
[682]: (68.19835775322518,1)
[683]: (65.49990729734341,1)
[684]: (60.49901982919979,1)
[685]: (63.05092518110964,1)
[686]: (66.22216083660581,1)
[687]: (62.48678889577441,1)
[688]: (61.88510734218268,1)
[689]: (64.31259970784616,1)
[690]: (66.08980488504925,1)
[691]: (64.21970379624906,1)
[692]: (62.00759653938661,1)
[693]: (65.01710394179135,1)
[694]: (63.02255327125137,1)
[695]: (66.28823290074743,1)
[696]: (67.11370385092631,1)
[697]: (64.0007638338142,1)
[698]: (64.70398953116384,1)
[699]: (61.40193627709257,1)
[700]: (64.36101384189556,1)
[701]: (63.30259334976087,1)
[702]: (61.34253763149729,1)
[703]: (62.18962019011205,1)
[704]: (68.09986362379597,1)
[705]: (63.13773985969725,1)
[706]: (64.96564925238276,1)
[707]: (62.34663153365058,1)
[708]: (61.39207041466685,1)
[709]: (63.13361201306053,1)
[710]: (64.69671036565097,1)
[711]: (67.4933753136996,1)
[712]: (67.54678239530814,1)
[713]: (66.52514097132699,1)
[714]: (64.1973461245028,1)
[715]: (61.05035095071986,1)
[716]: (64.34386639107973,1)
[717]: (59.46986103089473,1)
[718]: (64.23978972449403,1)
[719]: (59.74456051781841,1)
[720]: (66.03349255900227,1)
[721]: (66.25712666562077,1)
[722]: (61.15105969313051,1)
[723]: (63.80394162733049,1)
[724]: (64.09206402303057,1)
[725]: (61.23614291851212,1)
[726]: (62.02564438247459,1)
[727]: (62.35484799572731,1)
[728]: (68.44863386750276,1)
[729]: (68.00660282725109,1)
[730]: (66.69947747403398,1)
[731]: (67.0498666101182,1)
[732]: (62.05440944239536,1)
[733]: (67.1137633070813,1)
[734]: (62.11905812025822,1)
[735]: (63.23705968504614,1)
[736]: (63.59421304982809,1)
[737]: (60.41830774266741,1)
[738]: (61.52240563500365,1)
[739]: (66.02546134001368,1)
[740]: (60.73439436429786,1)
[741]: (63.24202330570211,1)
[742]: (62.04828056436894,1)
[743]: (62.25535926799238,1)
[744]: (59.08362024751373,1)
[745]: (63.19287336240961,1)
[746]: (61.36704915219342,1)
[747]: (67.65698983489941,1)
[748]: (64.48860338128652,1)
[749]: (66.58158577503573,1)
[750]: (61.29081152050318,1)
[751]: (60.09038238959203,1)
[752]: (62.57182622144649,1)
[753]: (61.15152537569863,1)
[754]: (65.77111002843232,1)
[755]: (63.21276525505991,1)
[756]: (60.46354207112426,1)
[757]: (63.21165473616011,1)
[758]: (62.1508686058621,1)
[759]: (62.22521359566583,1)
[760]: (62.06529675301288,1)
[761]: (66.04194925538609,1)
[762]: (62.18642781406375,1)
[763]: (61.36632375884954,1)
[764]: (62.43829485109421,1)
[765]: (66.53006093555486,1)
[766]: (58.02568042620955,1)
[767]: (66.85416475613916,1)
[768]: (66.01079317501636,1)
[769]: (65.95091239915971,1)
[770]: (62.0492546511978,1)
[771]: (66.618839279407,1)
[772]: (63.07540125972393,1)
[773]: (67.07187981857415,1)
[774]: (61.35304211145311,1)
[775]: (69.03858690458171,1)
[776]: (60.25387107844237,1)
[777]: (68.38091137913692,1)
[778]: (63.04710752576942,1)
[779]: (62.19164913158114,1)
[780]: (61.19735972997655,1)
[781]: (64.48173025951998,1)
[782]: (65.73442159920948,1)
[783]: (69.57799207934858,1)
[784]: (66.28140687891606,1)
[785]: (61.03499523525166,1)
[786]: (62.77055168561186,1)
[787]: (64.01473399323847,1)
[788]: (64.8505893996068,1)
[789]: (62.03151508196541,1)
[790]: (60.38414091840696,1)
[791]: (64.09725923003509,1)
[792]: (64.15434833023393,1)
[793]: (61.1363316049872,1)
[794]: (65.09968432322188,1)
[795]: (63.47025538623029,1)
[796]: (65.20415064782337,1)
[797]: (65.06954129327755,1)
[798]: (60.23470700764315,1)
[799]: (62.14458662875175,1)
[800]: (62.01466561372704,1)
[801]: (63.67446045784386,1)
[802]: (68.50860257754643,1)
[803]: (65.02162458640937,1)
[804]: (65.38292836354101,1)
[805]: (64.22588205112066,1)
[806]: (62.5492571761614,1)
[807]: (62.07060617031723,1)
[808]: (65.2074421577195,1)
[809]: (63.15658366784663,1)
[810]: (60.84440074486859,1)
[811]: (61.02560536373488,1)
[812]: (63.01999272784033,1)
[813]: (62.05365881051013,1)
[814]: (66.43312194036172,1)
[815]: (62.51019673440532,1)
[816]: (62.90762144991977,1)
[817]: (64.42028790895304,1)
[818]: (62.20469391467044,1)
[819]: (65.45644566374897,1)
[820]: (62.08293566672521,1)
[821]: (62.11519693047202,1)
[822]: (62.3021238584867,1)
[823]: (63.02149607331297,1)
[824]: (59.62270749440267,1)
[825]: (63.38034716259828,1)
[826]: (62.22933724718734,1)
[827]: (67.0271156486977,1)
[828]: (67.04543603442961,1)
[829]: (61.08120608965621,1)
[830]: (63.00722195383753,1)
[831]: (67.21274666633984,1)
[832]: (63.11606557588621,1)
[833]: (65.28154164410677,1)
[834]: (62.20461646690055,1)
[835]: (63.25623418240951,1)
[836]: (68.59750901244239,1)
[837]: (60.40346924716786,1)
[838]: (65.59130711364635,1)
[839]: (66.21772469002035,1)
[840]: (62.37053878315502,1)
[841]: (64.34292462271334,1)
[842]: (60.55466044482657,1)
[843]: (62.06222721429398,1)
[844]: (64.02521168334262,1)
[845]: (62.89263696502158,1)
[846]: (64.66434948332322,1)
[847]: (63.74228151141394,1)
[848]: (71.44593771940391,1)
[849]: (63.81357381001776,1)
[850]: (63.30314443090129,1)
[851]: (62.85374800929259,1)
[852]: (63.35960897329208,1)
[853]: (63.29346178528498,1)
[854]: (65.17171050783378,1)
[855]: (62.08241598069056,1)
[856]: (62.86308023768098,1)
[857]: (65.27332148196545,1)
[858]: (63.15343498167776,1)
[859]: (64.0642004748433,1)
[860]: (63.16639120983257,1)
[861]: (65.70674342468712,1)
[862]: (62.50545050579243,1)
[863]: (63.17403156723073,1)
[864]: (58.03964557021038,1)
[865]: (63.35051229198044,1)
[866]: (63.14854522408118,1)
[867]: (62.08168011754999,1)
[868]: (60.50817941695585,1)
[869]: (64.22424496350564,1)
[870]: (65.41627991546099,1)
[871]: (65.74035767457001,1)
[872]: (66.21653489916848,1)
[873]: (64.41082040888813,1)
[874]: (59.31883207828703,1)
[875]: (66.32169917305586,1)
[876]: (64.81654522217615,1)
[877]: (61.23863198160986,1)
[878]: (63.02938815967091,1)
[879]: (64.95888466105006,1)
[880]: (65.20375590377017,1)
[881]: (66.78254799941554,1)
[882]: (61.14674449916501,1)
[883]: (61.21767925717124,1)
[884]: (60.07896055360855,1)
[885]: (63.34266641002836,1)
[886]: (62.34040884411677,1)
[887]: (65.34006857971536,1)
[888]: (66.40496861747899,1)
[889]: (63.37534243975719,1)
[890]: (64.22288025597844,1)
[891]: (61.44081827898817,1)
[892]: (60.05878845250661,1)
[893]: (60.13989971426349,1)
[894]: (61.60864895177442,1)
[895]: (62.20521058807969,1)
[896]: (64.45172506595745,1)
[897]: (68.19807264957593,1)
[898]: (63.49766736071589,1)
[899]: (62.06225084497907,1)
[900]: (61.02314853571659,1)
[901]: (69.06756839596352,1)
[902]: (64.03383126367414,1)
[903]: (63.33001552323537,1)
[904]: (63.00974048652936,1)
[905]: (65.89489958869024,1)
[906]: (65.51965917902007,1)
[907]: (65.17939906886436,1)
[908]: (65.15938709387638,1)
[909]: (61.22606667481524,1)
[910]: (65.36618656574285,1)
[911]: (62.10443427743979,1)
[912]: (60.00046195052553,1)
[913]: (60.39984274537974,1)
[914]: (64.25636261242526,1)
[915]: (64.40373024082479,1)
[916]: (62.21734708971946,1)
[917]: (63.02879314310462,1)
[918]: (61.15268836626505,1)
[919]: (62.83942011794768,1)
[920]: (64.44086164070633,1)
[921]: (64.00924161297418,1)
[922]: (63.56400499522022,1)
[923]: (64.1438931440623,1)
[924]: (63.6251973191856,1)
[925]: (63.17764457849413,1)
[926]: (62.01710503089952,1)
[927]: (64.12749131488941,1)
[928]: (64.05151138810328,1)
[929]: (63.00923325750549,1)
[930]: (62.52345889876061,1)
[931]: (62.20138031626012,1)
[932]: (60.15502146490145,1)
[933]: (67.21417575615671,1)
[934]: (65.05029904425703,1)
[935]: (64.54799428276259,1)
[936]: (63.62709583675763,1)
[937]: (62.23002592776208,1)
[938]: (68.22238711118958,1)
[939]: (65.29632813460032,1)
[940]: (64.38688914773304,1)
[941]: (61.36444332558936,1)
[942]: (64.00842169842498,1)
[943]: (65.13753602075067,1)
[944]: (67.15870115087485,1)
[945]: (64.62193285548071,1)
[946]: (61.32302911778343,1)
[947]: (66.54183592820502,1)
[948]: (61.19963761087676,1)
[949]: (60.88405105265921,1)
[950]: (62.25361916759787,1)
[951]: (62.43705997248683,1)
[952]: (63.15519291320033,1)
[953]: (64.0046679342678,1)
[954]: (60.07736612896213,1)
[955]: (60.47642648837069,1)
[956]: (66.46659614400124,1)
[957]: (64.13765684196485,1)
[958]: (65.1089988971983,1)
[959]: (67.13453413406349,1)
[960]: (66.85522343508475,1)
[961]: (62.2855978903638,1)
[962]: (64.5420078219698,1)
[963]: (63.2511185464795,1)
[964]: (67.03448612207532,1)
[965]: (63.02933853000124,1)
[966]: (65.02452679295429,1)
[967]: (67.14417158713439,1)
[968]: (63.18282388305457,1)
[969]: (62.3653799085865,1)
[970]: (61.71945845895523,1)
[971]: (64.16644364734039,1)
[972]: (60.15149225657031,1)
[973]: (63.19848335053373,1)
[974]: (65.39682409468972,1)
[975]: (65.02466171961976,1)
[976]: (64.26706221114451,1)
[977]: (61.20102400390005,1)
[978]: (63.69373065713065,1)
[979]: (68.40216389361028,1)
[980]: (59.18463081500706,1)
[981]: (66.07213205779661,1)
[982]: (63.03531137604248,1)
[983]: (64.0384517987772,1)
[984]: (67.27843566944775,1)
[985]: (63.30126252433585,1)
[986]: (62.62969599296938,1)
[987]: (62.49697124032066,1)
[988]: (62.51570292382045,1)
[989]: (62.00158340863594,1)
[990]: (63.06060488387121,1)
[991]: (65.26140182022959,1)
[992]: (66.31979081458475,1)
[993]: (61.02710847790907,1)
[994]: (64.07448043301373,1)
[995]: (65.04138937299109,1)
[996]: (61.12277863887066,1)
[997]: (64.23058250570428,1)
[998]: (65.16530857362271,1)
[999]: (65.19918308274467,1)
[1000]: (64.49885995848787,1)
[1001]: (61.5837769050308,1)
[1002]: (64.59073333914904,1)
[1003]: (60.18313825820238,1)
[1004]: (61.12739471972962,1)
[1005]: (61.00185358777667,1)
[1006]: (62.21708169093745,1)
[1007]: (63.56140977558221,1)
[1008]: (60.09766491367449,1)
[1009]: (63.2304110035829,1)
[1010]: (64.30035082406354,1)
[1011]: (62.0432949708981,1)
[1012]: (63.53299302943594,1)
[1013]: (63.05470867491616,1)
[1014]: (63.06023360106452,1)
[1015]: (64.28959286949745,1)
[1016]: (64.45750577649683,1)
[1017]: (63.10207748089135,1)
[1018]: (61.2414735687597,1)
[1019]: (62.15218041167832,1)
[1020]: (60.70432997179763,1)
[1021]: (62.26433774732556,1)
[1022]: (67.47407556163114,1)
[1023]: (62.06662149122076,1)
[1024]: (61.07580809475654,1)
[1025]: (65.0645761712243,1)
[1026]: (65.09680252061284,1)
[1027]: (62.39594951776233,1)
[1028]: (62.19831254256404,1)
[1029]: (63.24673189787261,1)
[1030]: (65.18868937847725,1)
[1031]: (63.10614724485824,1)
[1032]: (60.26054585575507,1)
[1033]: (65.45921701795922,1)
[1034]: (61.26139561219271,1)
[1035]: (62.13376513187821,1)
[1036]: (62.24789578400892,1)
[1037]: (65.03128063809335,1)
[1038]: (62.30111626508216,1)
[1039]: (64.12610811721547,1)
[1040]: (65.33499751827864,1)
[1041]: (64.06778510434289,1)
[1042]: (64.3668121363646,1)
[1043]: (62.12896344563383,1)
[1044]: (67.2069013600256,1)
[1045]: (64.01314690723068,1)
[1046]: (60.34014782042268,1)
[1047]: (59.06868423331785,1)
[1048]: (62.29356946773279,1)
[1049]: (61.09272052569971,1)
[1050]: (64.04738152552576,1)
[1051]: (64.28419190494513,1)
[1052]: (63.29596113184299,1)
[1053]: (62.07184081062573,1)
[1054]: (65.29196889635649,1)
[1055]: (65.55093486983753,1)
[1056]: (63.27090180361952,1)
[1057]: (61.30205855042129,1)
[1058]: (63.06347457548881,1)
[1059]: (65.45180964885157,1)
[1060]: (64.05625126209928,1)
[1061]: (66.18405066671127,1)
[1062]: (63.01351087030727,1)
[1063]: (64.27669077524017,1)
[1064]: (65.03391503779429,1)
[1065]: (62.35475935469343,1)
[1066]: (61.18749607525054,1)
[1067]: (61.49657862072119,1)
[1068]: (64.92154287587503,1)
[1069]: (60.92844639165979,1)
[1070]: (62.60163415946752,1)
[1071]: (63.32525889927445,1)
[1072]: (61.27777421579411,1)
[1073]: (65.49789231462506,1)
[1074]: (63.20636273267661,1)
[1075]: (64.31202448521576,1)
[1076]: (68.17332845775381,1)
[1077]: (60.00024331175698,1)
[1078]: (63.73282520557475,1)
[1079]: (65.09942819582785,1)
[1080]: (63.07257507105238,1)
[1081]: (63.27062567456174,1)
[1082]: (65.37547954692846,1)
[1083]: (64.0941887638152,1)
[1084]: (65.1397698059622,1)
[1085]: (66.11979630634248,1)
[1086]: (65.13594167545411,1)
[1087]: (63.03852406410014,1)
[1088]: (64.46008847153476,1)
[1089]: (66.45566426018915,1)
[1090]: (64.2918295849671,1)
[1091]: (62.24431252946902,1)
[1092]: (62.31711853511812,1)
[1093]: (62.41937907062479,1)
[1094]: (69.00011995737063,1)
[1095]: (62.02065127636639,1)
[1096]: (64.23093463063118,1)
[1097]: (64.17228646947129,1)
[1098]: (63.24460356850357,1)
[1099]: (63.10724260979509,1)
[1100]: (62.31177022676994,1)
[1101]: (63.21285066348963,1)
[1102]: (63.32737713535267,1)
[1103]: (61.16606504192656,1)
[1104]: (63.00978106352116,1)
[1105]: (64.57372653797579,1)
[1106]: (68.75529337302382,1)
[1107]: (62.04245012692466,1)
[1108]: (61.05988688838801,1)
[1109]: (61.37285350542923,1)
[1110]: (62.77471948652011,1)
[1111]: (64.5735464098739,1)
[1112]: (61.58546436752419,1)
[1113]: (64.02470957195577,1)
[1114]: (63.22134875300043,1)
[1115]: (62.19263027653421,1)
[1116]: (64.02192281159171,1)
[1117]: (62.05709450171977,1)
[1118]: (62.0979539918135,1)
[1119]: (64.34492970121416,1)
[1120]: (62.25970396456331,1)
[1121]: (63.33132654907332,1)
[1122]: (64.36354534027954,1)
[1123]: (62.20236592734226,1)
[1124]: (59.70203680663232,1)
[1125]: (61.26452513147145,1)
[1126]: (64.67395473544134,1)
[1127]: (64.33045973428293,1)
[1128]: (63.71270868153167,1)
[1129]: (61.48296836596845,1)
[1130]: (62.26565638544114,1)
[1131]: (64.09766578219124,1)
[1132]: (62.18135268127426,1)
[1133]: (62.26287742248722,1)
[1134]: (63.16230118266199,1)
[1135]: (69.54887533364322,1)
[1136]: (63.0119685461805,1)
[1137]: (66.2825367870683,1)
[1138]: (64.23146747143103,1)
[1139]: (63.16458177832437,1)
[1140]: (63.19330678934891,1)
[1141]: (71.04590589686006,1)
[1142]: (62.01591340995559,1)
[1143]: (61.24541239249213,1)
[1144]: (63.02403438404889,1)
[1145]: (60.4780072198987,1)
[1146]: (61.14708870591033,1)
[1147]: (65.18301817084182,1)
[1148]: (65.55031951612322,1)
[1149]: (61.07084077847997,1)
[1150]: (61.41293865269773,1)
[1151]: (64.68149642454466,1)
[1152]: (59.24353241129955,1)
[1153]: (64.22070796596709,1)
[1154]: (60.33812095853655,1)
[1155]: (60.34648953935539,1)
[1156]: (64.18978403491248,1)
[1157]: (65.44736763127365,1)
[1158]: (63.55264020581511,1)
[1159]: (63.84047826758204,1)
[1160]: (62.20836267355491,1)
[1161]: (63.31709528262225,1)
[1162]: (61.19100622053036,1)
[1163]: (63.11065710497062,1)
[1164]: (63.03718379612166,1)
[1165]: (61.00775401414715,1)
[1166]: (63.56270498487583,1)
[1167]: (64.5876659266285,1)
[1168]: (61.23261406865998,1)
[1169]: (61.54101477522928,1)
[1170]: (63.09835555506406,1)
[1171]: (62.33005777359989,1)
[1172]: (62.10856735636754,1)
[1173]: (63.03394408647641,1)
[1174]: (64.4152573582445,1)
[1175]: (62.62195659120886,1)
[1176]: (67.34259650889615,1)
[1177]: (63.03456742435517,1)
[1178]: (65.90922290914558,1)
[1179]: (66.10162093320017,1)
[1180]: (65.56988207463645,1)
[1181]: (68.36991255034538,1)
[1182]: (61.18188899707485,1)
[1183]: (61.04352907426259,1)
[1184]: (61.12212608271282,1)
[1185]: (62.28183151945705,1)
[1186]: (63.01640130433394,1)
[1187]: (61.3786241363212,1)
[1188]: (61.83823320738353,1)
[1189]: (63.23693181596433,1)
[1190]: (65.72690046975272,1)
[1191]: (62.7621194370172,1)
[1192]: (63.19150795347206,1)
[1193]: (68.04864365984027,1)
[1194]: (65.25414530564532,1)
[1195]: (64.08044243916302,1)
[1196]: (62.65719541748341,1)
[1197]: (61.19546929812579,1)
[1198]: (64.58759575558595,1)
[1199]: (62.24898652021469,1)
[1200]: (63.16944369153563,1)
[1201]: (64.23911142790897,1)
[1202]: (62.18467661557442,1)
[1203]: (61.03367691480489,1)
[1204]: (65.28245108647886,1)
[1205]: (65.26929134933768,1)
[1206]: (66.03413592777757,1)
[1207]: (61.07759112783054,1)
[1208]: (62.09244780603685,1)
[1209]: (60.18582520166269,1)
[1210]: (63.04750121444285,1)
[1211]: (63.23637639711406,1)
[1212]: (62.07927755618424,1)
[1213]: (66.02668359644846,1)
[1214]: (61.93212186151885,1)
[1215]: (60.09761353282907,1)
[1216]: (62.50974522556758,1)
[1217]: (60.27157550475292,1)
[1218]: (62.13582378651954,1)
[1219]: (64.40417015057507,1)
[1220]: (61.81714111836492,1)
[1221]: (61.15129934690481,1)
[1222]: (63.52031907523555,1)
[1223]: (61.03016328675655,1)
[1224]: (61.13865399061044,1)
[1225]: (62.71014850143592,1)
[1226]: (66.65475842733444,1)
[1227]: (62.38380977395095,1)
[1228]: (61.0353263140555,1)
[1229]: (62.52192690667844,1)
[1230]: (63.05496204399117,1)
[1231]: (66.54891228383532,1)
[1232]: (63.26360906632125,1)
[1233]: (63.28926037248757,1)
[1234]: (65.23056794892771,1)
[1235]: (59.88573646779447,1)
[1236]: (63.12076205638157,1)
[1237]: (62.02209132176962,1)
[1238]: (61.17401788335842,1)
[1239]: (63.0058989375305,1)
[1240]: (60.44488933970553,1)
[1241]: (60.09520025065344,1)
[1242]: (61.55804879084624,1)
[1243]: (64.37065507233012,1)
[1244]: (62.24344660168114,1)
[1245]: (64.20905577114637,1)
[1246]: (62.91872955824756,1)
[1247]: (63.05233723660734,1)
[1248]: (62.43453634443052,1)
[1249]: (65.10699430315378,1)
[1250]: (69.3870685097116,1)
[1251]: (63.53539345353744,1)
[1252]: (63.09891935845946,1)
[1253]: (62.90124404628418,1)
[1254]: (64.58159492952306,1)
[1255]: (63.06922037588129,1)
[1256]: (64.73179482460233,1)
[1257]: (65.23961038198142,1)
[1258]: (65.21212194715085,1)
[1259]: (60.30857053439602,1)
[1260]: (63.05707923951686,1)
[1261]: (62.03609760265657,1)
[1262]: (65.21370614654955,1)
[1263]: (66.31787760468058,1)
[1264]: (67.75250401995959,1)
[1265]: (61.95065215415576,1)
[1266]: (61.12734041270728,1)
[1267]: (68.14084289360794,1)
[1268]: (61.19713080646262,1)
[1269]: (65.013861099792,1)
[1270]: (61.04225468388989,1)
[1271]: (64.61839460579223,1)
[1272]: (62.24737393495771,1)
[1273]: (60.3395337989302,1)
[1274]: (64.24455077255905,1)
[1275]: (64.0275783394809,1)
[1276]: (63.75773739478755,1)
[1277]: (63.78806319602708,1)
[1278]: (65.29352960586127,1)
[1279]: (62.8233229469127,1)
[1280]: (65.04110225468085,1)
[1281]: (64.25252262107554,1)
[1282]: (62.35840415601356,1)
[1283]: (65.38720518104007,1)
[1284]: (63.80917405167989,1)
[1285]: (63.01503343605778,1)
[1286]: (63.1656855631359,1)
[1287]: (61.71825516828095,1)
[1288]: (66.12288999496349,1)
[1289]: (66.67692188617687,1)
[1290]: (63.09916449571866,1)
[1291]: (60.13174290837556,1)
[1292]: (62.26603346928184,1)
[1293]: (64.50445736796453,1)
[1294]: (63.86807427392792,1)
[1295]: (65.01044779450973,1)
[1296]: (62.07825608502724,1)
[1297]: (63.25445017030704,1)
[1298]: (61.06686745060344,1)
[1299]: (63.72182587573394,1)
[1300]: (65.50675947391382,1)
[1301]: (60.28915156509919,1)
[1302]: (62.41433092411378,1)
[1303]: (62.061500442959,1)
[1304]: (62.11950635277836,1)
[1305]: (65.01073415701856,1)
[1306]: (62.35693817117991,1)
[1307]: (65.7572358073444,1)
[1308]: (64.02594587733103,1)
[1309]: (66.19954625115155,1)
[1310]: (63.00540073584247,1)
[1311]: (62.0281310628696,1)
[1312]: (62.11603600413189,1)
[1313]: (63.75905738601099,1)
[1314]: (69.52706720085243,1)
[1315]: (64.16335828062084,1)
[1316]: (62.19784791505407,1)
[1317]: (63.18019595147735,1)
[1318]: (66.58264353976138,1)
[1319]: (61.92398412221947,1)
[1320]: (64.01109109786752,1)
[1321]: (63.24050996616312,1)
[1322]: (62.23955746801754,1)
[1323]: (63.37071774709231,1)
[1324]: (66.27218959952867,1)
[1325]: (67.0366024320393,1)
[1326]: (63.00378353719042,1)
[1327]: (64.08022676864222,1)
[1328]: (59.23675133236041,1)
[1329]: (64.1496970608539,1)
[1330]: (63.0423696147605,1)
[1331]: (66.02563086677786,1)
[1332]: (64.73194345580491,1)
[1333]: (65.24532966785192,1)
[1334]: (62.04899779923133,1)
[1335]: (65.68454957283714,1)
[1336]: (64.40190281967763,1)
[1337]: (65.59305760443269,1)
[1338]: (62.32927576192849,1)
[1339]: (62.88395388064007,1)
[1340]: (67.15121178082636,1)
[1341]: (63.10259778977469,1)
[1342]: (62.16404398104454,1)
[1343]: (65.17209235404381,1)
[1344]: (61.74739597372849,1)
[1345]: (62.18689196483863,1)
[1346]: (59.27668363823454,1)
[1347]: (63.09940653249507,1)
[1348]: (62.39076528111968,1)
[1349]: (65.02974210987753,1)
[1350]: (62.02708490654242,1)
[1351]: (65.01086389234361,1)
[1352]: (62.29926416561403,1)
[1353]: (61.1463189257646,1)
[1354]: (64.23071896505844,1)
[1355]: (62.03004655023012,1)
[1356]: (68.08742533860558,1)
[1357]: (63.01880122520728,1)
[1358]: (64.07894328249263,1)
[1359]: (65.12075569408722,1)
[1360]: (62.08813918880853,1)
[1361]: (65.24137327660316,1)
[1362]: (66.23987919176894,1)
[1363]: (64.36680244290955,1)
[1364]: (64.93500423471518,1)
[1365]: (65.08479752443998,1)
[1366]: (64.22016005021437,1)
[1367]: (61.03693865940632,1)
[1368]: (63.38354960284127,1)
[1369]: (64.01896255638704,1)
[1370]: (64.15295732901524,1)
[1371]: (61.39250121356725,1)
[1372]: (70.0506368535095,1)
[1373]: (64.38790686847098,1)
[1374]: (66.36827607666508,1)
[1375]: (66.36389082820072,1)
[1376]: (62.01613793925541,1)
[1377]: (63.37923298287568,1)
[1378]: (64.11391062402394,1)
[1379]: (61.32093873393876,1)
[1380]: (64.07522717970433,1)
[1381]: (62.29250517136114,1)
[1382]: (61.5331047222045,1)
[1383]: (62.2284646344925,1)
[1384]: (64.24102756431266,1)
[1385]: (61.48070993386273,1)
[1386]: (62.19178699824962,1)
[1387]: (59.05829490801784,1)
[1388]: (64.20745041211441,1)
[1389]: (63.18787584635849,1)
[1390]: (67.0138814317385,1)
[1391]: (62.32139882179529,1)
[1392]: (65.11512673367859,1)
[1393]: (63.06603193020664,1)
[1394]: (65.01597404113581,1)
[1395]: (65.49507479953918,1)
[1396]: (62.49265496928694,1)
[1397]: (61.44049734224922,1)
[1398]: (65.01637425916591,1)
[1399]: (63.65628363965656,1)
[1400]: (63.40510500760809,1)
[1401]: (67.23934558132234,1)
[1402]: (63.59335676040096,1)
[1403]: (63.50198176885748,1)
[1404]: (62.58860083745075,1)
[1405]: (65.28671188236243,1)
[1406]: (63.24699646920855,1)
[1407]: (66.16522747729472,1)
[1408]: (64.86758847355267,1)
[1409]: (62.12656174347265,1)
[1410]: (62.0598339600627,1)
[1411]: (65.15801058233127,1)
[1412]: (67.194591109462,1)
[1413]: (63.14125470817197,1)
[1414]: (59.27719155440976,1)
[1415]: (63.0678751117274,1)
[1416]: (63.61489251676443,1)
[1417]: (64.10765695661493,1)
[1418]: (63.06600468614382,1)
[1419]: (64.65670630590242,1)
[1420]: (61.1053322801633,1)
[1421]: (64.86240721038814,1)
[1422]: (59.08200107955322,1)
[1423]: (66.18277343869798,1)
[1424]: (63.08201128062566,1)
[1425]: (62.13297270496224,1)
[1426]: (62.30833211733226,1)
[1427]: (60.32795999798019,1)
[1428]: (67.26792567847683,1)
[1429]: (64.24478754302874,1)
[1430]: (62.29128447559128,1)
[1431]: (63.08916773052303,1)
[1432]: (64.33887249047294,1)
[1433]: (65.04562934940691,1)
[1434]: (65.54020547159008,1)
[1435]: (61.18735579543704,1)
[1436]: (68.06783868280093,1)
[1437]: (63.29289651959233,1)
[1438]: (64.21205062351298,1)
[1439]: (64.31319242196379,1)
[1440]: (66.18610248100732,1)
[1441]: (59.19010088334441,1)
[1442]: (63.0223412600016,1)
[1443]: (64.1523856668891,1)
[1444]: (63.12203781590447,1)
[1445]: (62.21139826508037,1)
[1446]: (64.13835315890495,1)
[1447]: (63.85820320614121,1)
[1448]: (61.09943718431186,1)
[1449]: (62.23698758594401,1)
[1450]: (65.02346873282909,1)
[1451]: (62.29837778839435,1)
[1452]: (64.40938827833057,1)
[1453]: (63.71087315169054,1)
[1454]: (62.84687335114873,1)
[1455]: (67.07296910308327,1)
[1456]: (64.10009503070221,1)
[1457]: (63.27789663384551,1)
[1458]: (60.0906712618255,1)
[1459]: (61.13297777035022,1)
[1460]: (63.7127736350201,1)
[1461]: (61.15730034746583,1)
[1462]: (63.12342845759177,1)
[1463]: (67.11324710332649,1)
[1464]: (63.21105398165137,1)
[1465]: (66.0028048653802,1)
[1466]: (67.01781927757008,1)
[1467]: (62.56430280010708,1)
[1468]: (67.15979976830057,1)
[1469]: (62.21335858612395,1)
[1470]: (66.19593488926803,1)
[1471]: (61.14875843556318,1)
[1472]: (58.24406393830728,1)
[1473]: (61.55310699966854,1)
[1474]: (63.04495753248752,1)
[1475]: (59.08885631470986,1)
[1476]: (61.66259565812219,1)
[1477]: (64.06342904701272,1)
[1478]: (63.00029348191162,1)
[1479]: (63.23809915845296,1)
[1480]: (61.31701379013987,1)
[1481]: (63.33465249198819,1)
[1482]: (68.03894078128549,1)
[1483]: (61.48399149367444,1)
[1484]: (67.24982382821021,1)
[1485]: (62.17768514856491,1)
[1486]: (68.01837553116111,1)
[1487]: (63.34475014651302,1)
[1488]: (63.03228523009166,1)
[1489]: (61.14053177294237,1)
[1490]: (64.05851291140705,1)
[1491]: (63.11454013668487,1)
[1492]: (61.09757403306057,1)
[1493]: (62.27795764856899,1)
[1494]: (65.01816227747651,1)
[1495]: (61.36309526187814,1)
[1496]: (61.1534884707542,1)
[1497]: (64.07501669246194,1)
[1498]: (60.43999886091174,1)
[1499]: (66.22686469959919,1)
[1500]: (63.57135151937756,1)
[1501]: (68.29682561243602,1)
[1502]: (64.67448419220311,1)
[1503]: (63.20845883212241,1)
[1504]: (64.52419667116054,1)
[1505]: (64.46373661396645,1)
[1506]: (61.3219427039644,1)
[1507]: (66.20307128842613,1)
[1508]: (61.02635985219397,1)
[1509]: (61.03824022867373,1)
[1510]: (63.23678140078307,1)
[1511]: (63.23320578518009,1)
[1512]: (63.55942605535248,1)
[1513]: (61.22141526671072,1)
[1514]: (63.21603778571038,1)
[1515]: (67.40709424949651,1)
[1516]: (67.25034439211431,1)
[1517]: (66.16456196746572,1)
[1518]: (65.10661666787202,1)
[1519]: (65.01227928594426,1)
[1520]: (62.70159844891024,1)
[1521]: (65.38025095738101,1)
[1522]: (63.28969040124834,1)
[1523]: (61.06008165984652,1)
[1524]: (63.02927460165044,1)
[1525]: (66.30411640936374,1)
[1526]: (63.16605815981185,1)
[1527]: (66.33681272860461,1)
[1528]: (62.19304904837326,1)
[1529]: (66.28566182899814,1)
[1530]: (63.00763864305179,1)
[1531]: (63.08934201461813,1)
[1532]: (62.18926405527456,1)
[1533]: (65.51405204195416,1)
[1534]: (65.10602347212851,1)
[1535]: (63.01644155090912,1)
[1536]: (62.42062697963736,1)
[1537]: (63.09922199908957,1)
[1538]: (62.04891278133806,1)
[1539]: (64.01704948729234,1)
[1540]: (65.0056808677181,1)
[1541]: (62.02636592300706,1)
[1542]: (63.17591338218296,1)
[1543]: (64.28523571747083,1)
[1544]: (62.05355676488642,1)
[1545]: (64.26890492192649,1)
[1546]: (66.10613409959873,1)
[1547]: (69.45931879214422,1)
[1548]: (62.85791270650949,1)
[1549]: (60.41879324124881,1)
[1550]: (62.44988086190686,1)
[1551]: (62.15271828608,1)
[1552]: (63.06195545434008,1)
[1553]: (62.80015716637072,1)
[1554]: (68.13327310400803,1)
[1555]: (65.76855317863489,1)
[1556]: (68.16173090190374,1)
[1557]: (62.27098046407522,1)
[1558]: (59.03271290833251,1)
[1559]: (66.13688561131337,1)
[1560]: (66.78720815907849,1)
[1561]: (64.07428449938601,1)
[1562]: (61.36084689393572,1)
[1563]: (61.08211985267671,1)
[1564]: (62.29877505421659,1)
[1565]: (63.41833038112128,1)
[1566]: (63.28755038603676,1)
[1567]: (64.57238816908881,1)
[1568]: (62.06475924928985,1)
[1569]: (66.38585494024873,1)
[1570]: (66.27529963815094,1)
[1571]: (63.54244960515049,1)
[1572]: (62.29718805688891,1)
[1573]: (67.20508518200586,1)
[1574]: (62.48017278707758,1)
[1575]: (64.61866491214592,1)
[1576]: (64.84223148664229,1)
[1577]: (62.12470350412272,1)
[1578]: (60.51686523620932,1)
[1579]: (60.8090572835561,1)
[1580]: (64.25731597710056,1)
[1581]: (67.34535460325671,1)
[1582]: (64.05411941200308,1)
[1583]: (61.96052898458107,1)
[1584]: (62.191678615901,1)
[1585]: (64.2002810692794,1)
[1586]: (62.86953044649849,1)
[1587]: (62.49690274857319,1)
[1588]: (62.18103669259831,1)
[1589]: (62.139057983658,1)
[1590]: (61.0417212356957,1)
[1591]: (65.19489575503739,1)
[1592]: (63.73149806014565,1)
[1593]: (64.03528986349933,1)
[1594]: (61.06570442429545,1)
[1595]: (66.31928287084962,1)
[1596]: (63.17372461980766,1)
[1597]: (65.26612922792175,1)
[1598]: (67.28931920962752,1)
[1599]: (60.43278781430526,1)
[1600]: (62.08043120915524,1)
[1601]: (60.19242420958004,1)
[1602]: (67.25159139270731,1)
[1603]: (63.11787592772151,1)
[1604]: (60.06694468635929,1)
[1605]: (61.23469363075516,1)
[1606]: (63.91008800415209,1)
[1607]: (61.32759628407865,1)
[1608]: (61.2768929583787,1)
[1609]: (63.05961914244284,1)
[1610]: (63.22976922244819,1)
[1611]: (63.26187928638763,1)
[1612]: (66.21959409163685,1)
[1613]: (64.32551528216258,1)
[1614]: (61.61926740527552,1)
[1615]: (63.02496315747954,1)
[1616]: (61.10472237398032,1)
[1617]: (67.03168844686576,1)
[1618]: (62.59168699756367,1)
[1619]: (62.07511465420512,1)
[1620]: (62.23542525332476,1)
[1621]: (63.06244448099557,1)
[1622]: (63.04751466591019,1)
[1623]: (66.07263531009104,1)
[1624]: (65.37809654577211,1)
[1625]: (63.14076615199001,1)
[1626]: (61.20871881910496,1)
[1627]: (64.03757414540586,1)
[1628]: (60.17375029021211,1)
[1629]: (62.15469627273644,1)
[1630]: (63.00864775878343,1)
[1631]: (61.03277932517352,1)
[1632]: (63.00551781777374,1)
[1633]: (68.05531781027094,1)
[1634]: (62.80783263589873,1)
[1635]: (63.16274442953979,1)
[1636]: (62.13847059768035,1)
[1637]: (68.53830867458996,1)
[1638]: (62.26391626294589,1)
[1639]: (66.48007961932228,1)
[1640]: (62.01439048593405,1)
[1641]: (63.42342158420781,1)
[1642]: (63.18080357177425,1)
[1643]: (67.32547889502254,1)
[1644]: (62.64207651051291,1)
[1645]: (64.01026337506011,1)
[1646]: (66.09414748584534,1)
[1647]: (66.83371345085017,1)
[1648]: (61.37603533943145,1)
[1649]: (64.67491589370655,1)
[1650]: (62.19956359142176,1)
[1651]: (60.39785684983591,1)
[1652]: (67.81770843433449,1)
[1653]: (68.16953112818622,1)
[1654]: (62.0771608659146,1)
[1655]: (62.13052941059998,1)
[1656]: (61.35112726439446,1)
[1657]: (64.38652846110595,1)
[1658]: (60.7173283982029,1)
[1659]: (60.69564936426659,1)
[1660]: (62.10557479759505,1)
[1661]: (64.39875509627927,1)
[1662]: (68.31356902769758,1)
[1663]: (61.83476331509598,1)
[1664]: (66.06109718082743,1)
[1665]: (61.22763728062187,1)
[1666]: (63.18412925721537,1)
[1667]: (65.36389563029404,1)
[1668]: (61.18840875080254,1)
[1669]: (62.6350010934612,1)
[1670]: (62.586405906769,1)
[1671]: (63.08074756516891,1)
[1672]: (64.59173029192998,1)
[1673]: (64.3100577805949,1)
[1674]: (61.1647825147686,1)
[1675]: (62.46345324042206,1)
[1676]: (64.06601815876577,1)
[1677]: (63.02282460472598,1)
[1678]: (62.07871916283079,1)
[1679]: (61.85840494194335,1)
[1680]: (62.05002557811203,1)
[1681]: (63.21079956911991,1)
[1682]: (64.04842300629031,1)
[1683]: (63.00547293457348,1)
[1684]: (64.45120259108434,1)
[1685]: (62.05759433807346,1)
[1686]: (63.04853356203262,1)
[1687]: (64.24721872828846,1)
[1688]: (63.23768287974316,1)
[1689]: (59.28085833675942,1)
[1690]: (61.16815903795946,1)
[1691]: (67.16002600029157,1)
[1692]: (62.0622014263714,1)
[1693]: (63.1288643139055,1)
[1694]: (60.64003764983082,1)
[1695]: (62.80512074888043,1)
[1696]: (63.17181791825432,1)
[1697]: (61.02021806757943,1)
[1698]: (63.0157383689949,1)
[1699]: (62.79739667897665,1)
[1700]: (64.78273734505082,1)
[1701]: (63.87237439243163,1)
[1702]: (63.05282582424471,1)
[1703]: (66.00380303626198,1)
[1704]: (64.21223985687034,1)
[1705]: (64.20223808699994,1)
[1706]: (61.85523460047466,1)
[1707]: (63.31920503046423,1)
[1708]: (66.10778256659137,1)
[1709]: (65.10202887475471,1)
[1710]: (63.04688872469218,1)
[1711]: (63.09693497265794,1)
[1712]: (63.65801811207368,1)
[1713]: (68.46717264117055,1)
[1714]: (62.24855848795819,1)
[1715]: (62.25238585485143,1)
[1716]: (65.01911275273162,1)
[1717]: (65.29675454304422,1)
[1718]: (63.09828549180114,1)
[1719]: (64.70369008875002,1)
[1720]: (61.14927135620076,1)
[1721]: (61.57327221018001,1)
[1722]: (63.50341528938851,1)
[1723]: (61.01301888465405,1)
[1724]: (60.55620971008034,1)
[1725]: (63.1818769495599,1)
[1726]: (61.07003106018033,1)
[1727]: (64.04171625816464,1)
[1728]: (66.16155196490821,1)
[1729]: (62.20207263623575,1)
[1730]: (60.56476830670657,1)
[1731]: (62.56811334331593,1)
[1732]: (64.52811218945773,1)
[1733]: (64.28886454890866,1)
[1734]: (63.15916088500863,1)
[1735]: (63.32522881981905,1)
[1736]: (65.19782412079478,1)
[1737]: (61.12538696298563,1)
[1738]: (60.14668285388093,1)
[1739]: (63.5562615204932,1)
[1740]: (66.28525652885642,1)
[1741]: (62.00626584572559,1)
[1742]: (63.27352309909563,1)
[1743]: (61.37351136939238,1)
[1744]: (63.14718222914687,1)
[1745]: (61.13245394569536,1)
[1746]: (68.00848896210526,1)
[1747]: (62.30238559423137,1)
[1748]: (62.16314264476072,1)
[1749]: (64.23394424928964,1)
[1750]: (62.70093134949634,1)
[1751]: (63.07842247003524,1)
[1752]: (64.04956440937478,1)
[1753]: (62.72366822534152,1)
[1754]: (59.28725901493627,1)
[1755]: (64.17632098056664,1)
[1756]: (69.06060365282637,1)
[1757]: (63.57011123736203,1)
[1758]: (62.26042938530859,1)
[1759]: (64.91343675954737,1)
[1760]: (65.08963766664345,1)
[1761]: (62.29292462584449,1)
[1762]: (61.09573850029724,1)
[1763]: (62.71907328331949,1)
[1764]: (62.09728689682575,1)
[1765]: (64.13464571009048,1)
[1766]: (65.12103098830032,1)
[1767]: (66.05120881725925,1)
[1768]: (60.58516208242124,1)
[1769]: (66.39076410106557,1)
[1770]: (62.19629945285244,1)
[1771]: (65.11958968563717,1)
[1772]: (62.29120572219176,1)
[1773]: (63.78608508141923,1)
[1774]: (62.25502174593839,1)
[1775]: (62.12455792161318,1)
[1776]: (63.03640704722756,1)
[1777]: (63.17754973400515,1)
[1778]: (65.20296418744817,1)
[1779]: (62.21538188558188,1)
[1780]: (62.69596992511469,1)
[1781]: (63.10612230290293,1)
[1782]: (64.98657984117381,1)
[1783]: (64.22340574006107,1)
[1784]: (63.57869765038155,1)
[1785]: (63.05966140027505,1)
[1786]: (61.02294153003236,1)
[1787]: (66.3298187965031,1)
[1788]: (64.03262999992863,1)
[1789]: (62.16211999844885,1)
[1790]: (61.08124881790271,1)
[1791]: (64.1469241659706,1)
[1792]: (63.20564886306851,1)
[1793]: (65.19655001571152,1)
[1794]: (63.01749600304264,1)
[1795]: (66.15747723927099,1)
[1796]: (64.06882412927852,1)
[1797]: (64.46503680793556,1)
[1798]: (64.85187984213441,1)
[1799]: (63.16928560671487,1)
[1800]: (62.0464396778371,1)
[1801]: (61.14854844204206,1)
[1802]: (62.36659613966749,1)
[1803]: (68.02302521717075,1)
[1804]: (61.48930052389183,1)
[1805]: (64.14302261807362,1)
[1806]: (65.29806497043711,1)
[1807]: (65.48950690035301,1)
[1808]: (63.10880182453642,1)
[1809]: (63.24296016163334,1)
[1810]: (63.11884046038265,1)
[1811]: (62.15993185471261,1)
[1812]: (63.38349634655232,1)
[1813]: (65.18712652374747,1)
[1814]: (63.32842913114272,1)
[1815]: (65.3120990403476,1)
[1816]: (62.48219654597036,1)
[1817]: (61.07876761521016,1)
[1818]: (60.01595824486763,1)
[1819]: (62.54472727765905,1)
[1820]: (62.06585610722559,1)
[1821]: (64.52957655674842,1)
[1822]: (63.24343187342552,1)
[1823]: (65.15591857309612,1)
[1824]: (64.14148733089436,1)
[1825]: (63.39194845182492,1)
[1826]: (61.12077269385825,1)
[1827]: (62.8946778141897,1)
[1828]: (62.5363003652343,1)
[1829]: (60.22085681343133,1)
[1830]: (60.14159640315311,1)
[1831]: (65.65948906910234,1)
[1832]: (62.26255860590442,1)
[1833]: (62.06469002408159,1)
[1834]: (64.55755655364048,1)
[1835]: (64.257730481449,1)
[1836]: (63.38436188798604,1)
[1837]: (67.49474995718209,1)
[1838]: (63.33240387223655,1)
[1839]: (68.26397361915194,1)
[1840]: (65.18502236157735,1)
[1841]: (68.36297742827455,1)
[1842]: (64.09588869649305,1)
[1843]: (62.06782349930129,1)
[1844]: (67.68925197482942,1)
[1845]: (63.90272782004833,1)
[1846]: (61.25527092971049,1)
[1847]: (62.3519558906868,1)
[1848]: (65.00910275429035,1)
[1849]: (61.58364666063631,1)
[1850]: (61.55948350809747,1)
[1851]: (61.09176131410724,1)
[1852]: (67.16606898778213,1)
[1853]: (66.37385205915554,1)
[1854]: (64.98781282243571,1)
[1855]: (64.2237573557575,1)
[1856]: (61.30070559817607,1)
[1857]: (63.76111627192016,1)
[1858]: (63.32179175894594,1)
[1859]: (63.10197494196813,1)
[1860]: (63.10411841289793,1)
[1861]: (62.14005874809442,1)
[1862]: (66.35763654616461,1)
[1863]: (67.96288244457855,1)
[1864]: (63.37585339211671,1)
[1865]: (64.22512926184349,1)
[1866]: (63.27395057972225,1)
[1867]: (67.28202323690837,1)
[1868]: (64.3297420535896,1)
[1869]: (65.09807651011174,1)
[1870]: (65.01010238684719,1)
[1871]: (61.51796351762871,1)
[1872]: (62.99181433059134,1)
[1873]: (63.06166911848895,1)
[1874]: (60.78078937596671,1)
[1875]: (62.13969232395495,1)
[1876]: (64.07942931196274,1)
[1877]: (63.57136833321081,1)
[1878]: (64.40661719254284,1)
[1879]: (65.7886054869403,1)
[1880]: (64.01507871425821,1)
[1881]: (62.13848336643792,1)
[1882]: (65.32080533795852,1)
[1883]: (65.10502369936604,1)
[1884]: (64.06494092614231,1)
[1885]: (63.15217439537381,1)
[1886]: (60.66745375920778,1)
[1887]: (61.42859091960818,1)
[1888]: (62.66990843733236,1)
[1889]: (61.3029247497909,1)
[1890]: (62.03890461533577,1)
[1891]: (59.18758041976447,1)
[1892]: (61.14034482605857,1)
[1893]: (63.371056579927,1)
[1894]: (67.71619345416259,1)
[1895]: (60.1355582549727,1)
[1896]: (63.27884326896364,1)
[1897]: (63.62026950613398,1)
[1898]: (61.21295284849782,1)
[1899]: (65.14467841595152,1)
[1900]: (61.72527905852291,1)
[1901]: (65.66802591668075,1)
[1902]: (62.02300563901068,1)
[1903]: (60.98885066737346,1)
[1904]: (62.29591421859797,1)
[1905]: (64.68899996498573,1)
[1906]: (64.02939168928306,1)
[1907]: (58.27758370296391,1)
[1908]: (63.05132176267927,1)
[1909]: (67.13134037666627,1)
[1910]: (64.29690834118769,1)
[1911]: (62.71024354213007,1)
[1912]: (67.39126595281355,1)
[1913]: (62.7359200709268,1)
[1914]: (64.43849690950181,1)
[1915]: (66.93396357506751,1)
[1916]: (64.40407061802684,1)
[1917]: (61.30470114094363,1)
[1918]: (65.2013933633397,1)
[1919]: (64.29536084688633,1)
[1920]: (65.286736634755,1)
[1921]: (61.03156438455515,1)
[1922]: (63.61399350876359,1)
[1923]: (63.04000835062705,1)
[1924]: (64.69540678276925,1)
[1925]: (65.08741489758214,1)
[1926]: (62.51358420531341,1)
[1927]: (64.40752560645973,1)
[1928]: (61.91752422651935,1)
[1929]: (61.26156125449342,1)
[1930]: (62.22979139424018,1)
[1931]: (63.71651442554439,1)
[1932]: (63.20775452728459,1)
[1933]: (60.01337790723383,1)
[1934]: (65.21510749771659,1)
[1935]: (66.05355118146223,1)
[1936]: (68.11028944210308,1)
[1937]: (64.44057897595215,1)
[1938]: (62.18794402802425,1)
[1939]: (65.17319481191082,1)
[1940]: (62.12933188784064,1)
[1941]: (62.27438956169949,1)
[1942]: (63.54607622716048,1)
[1943]: (63.31396496453972,1)
[1944]: (65.10333467696228,1)
[1945]: (63.07491056875983,1)
[1946]: (61.15126098295293,1)
[1947]: (61.68536868938635,1)
[1948]: (64.03306839659966,1)
[1949]: (62.35941376419029,1)
[1950]: (61.11548307227975,1)
[1951]: (62.57583683798116,1)
[1952]: (64.15857649239223,1)
[1953]: (62.35757044730246,1)
[1954]: (61.5247578691941,1)
[1955]: (62.05064527850148,1)
[1956]: (68.05170111149336,1)
[1957]: (65.03142825278644,1)
[1958]: (63.08753522418877,1)
[1959]: (62.22204861103579,1)
[1960]: (62.01939518770934,1)
[1961]: (66.06445114595157,1)
[1962]: (62.05589070968693,1)
[1963]: (64.45575382362193,1)
[1964]: (62.29251183896115,1)
[1965]: (62.83261988742001,1)
[1966]: (60.33332798042426,1)
[1967]: (63.10233047016801,1)
[1968]: (62.26339263046052,1)
[1969]: (63.27600943911904,1)
[1970]: (64.61939933739419,1)
[1971]: (66.0978483263883,1)
[1972]: (65.51303206746785,1)
[1973]: (66.3179698522102,1)
[1974]: (63.4038196546372,1)
[1975]: (64.00926922350224,1)
[1976]: (69.32152978560795,1)
[1977]: (63.12822984321754,1)
[1978]: (64.04919374878899,1)
[1979]: (61.05666243158082,1)
[1980]: (61.23620683021117,1)
[1981]: (66.02724399116941,1)
[1982]: (61.53529047126267,1)
[1983]: (65.56920879729338,1)
[1984]: (63.72151030097943,1)
[1985]: (61.08028102285918,1)
[1986]: (64.22003284703288,1)
[1987]: (65.06353106260995,1)
[1988]: (64.42374277814073,1)
[1989]: (63.82009572237914,1)
[1990]: (63.07214377356059,1)
[1991]: (66.00933050360825,1)
[1992]: (63.17118691769394,1)
[1993]: (64.20160710809475,1)
[1994]: (62.11747713889197,1)
[1995]: (65.10140377198572,1)
[1996]: (61.37172835465523,1)
[1997]: (63.44033203954573,1)
[1998]: (64.18131011343662,1)
[1999]: (61.41833601204348,1)
 -- States explored : 0 states
 -- CPU user time used : 52110 ms
 -- Virtual memory used : 12014184 KiB
 -- Resident memory used : 11975608 KiB
executionTime: 438
