core file size          (blocks, -c) unlimited
data seg size           (kbytes, -d) unlimited
scheduling priority             (-e) 0
file size               (blocks, -f) unlimited
pending signals                 (-i) 4077086
max locked memory       (kbytes, -l) 64
max memory size         (kbytes, -m) 32505856
open files                      (-n) 4096
pipe size            (512 bytes, -p) 8
POSIX message queues     (bytes, -q) 819200
real-time priority              (-r) 0
stack size              (kbytes, -s) 8192
cpu time               (seconds, -t) unlimited
max user processes              (-u) 4077086
virtual memory          (kbytes, -v) 31000000
file locks                      (-x) unlimited
Options for the verification:
  Generating some trace
  Search order is random depth first
  Using conservative space optimisation
  Seed is 1556856416
  State space representation uses minimal constraint systems
  Using HashMap + Compress integers for discrete state storage

Verifying formula 1 at ../queries/SP_50_69_16.q:1
 -- Formula is satisfied.
(9000 runs)
Learning statistics for best strategy: 
	Number of resets: 0
	Number of iterations in last reset: 5
	Number of iterations in total: 5

 -- States explored : 0 states
 -- CPU user time used : 134380 ms
 -- Virtual memory used : 52852 KiB
 -- Resident memory used : 14172 KiB

Verifying formula 2 at ../queries/SP_50_69_16.q:3
 -- Formula is satisfied.
Composer.Done:
[0]: (0,0) (464.5937948858557,1)
[1]: (464.7332229967546,1)
[2]: (464.2148933314722,1)
[3]: (464.417884779992,1)
[4]: (464.1156865615725,1)
[5]: (464.1041544302829,1)
[6]: (464.1618084657514,1)
[7]: (464.2608872945293,1)
[8]: (464.2857085483124,1)
[9]: (464.395279378752,1)
[10]: (464.5972351825528,1)
[11]: (464.9081633483141,1)
[12]: (464.0989498239773,1)
[13]: (464.1644112531823,1)
[14]: (464.0374639102295,1)
[15]: (464.469962077292,1)
[16]: (464.4749670831413,1)
[17]: (464.4559374811926,1)
[18]: (465.1503556328182,1)
[19]: (464.0587268890865,1)
[20]: (464.2451046090754,1)
[21]: (464.6844385587637,1)
[22]: (464.4152799490166,1)
[23]: (464.6981602620764,1)
[24]: (464.297446506264,1)
[25]: (465.5497577442553,1)
[26]: (464.3843686097086,1)
[27]: (464.0320413657305,1)
[28]: (464.1037741047712,1)
[29]: (464.5969340224232,1)
[30]: (464.3380465627653,1)
[31]: (464.695165641296,1)
[32]: (464.111433168158,1)
[33]: (464.26454706691,1)
[34]: (465.0339231341393,1)
[35]: (464.3650645412261,1)
[36]: (464.1156530605062,1)
[37]: (464.9702632835211,1)
[38]: (464.2587843429441,1)
[39]: (464.0530919663479,1)
[40]: (464.2783369655975,1)
[41]: (464.7543306425821,1)
[42]: (464.1939229653757,1)
[43]: (464.7898023730471,1)
[44]: (464.4052818679982,1)
[45]: (464.081510933668,1)
[46]: (465.2460024899618,1)
[47]: (464.522111335727,1)
[48]: (464.2781130578861,1)
[49]: (464.0157835464906,1)
[50]: (465.0756489344205,1)
[51]: (464.0075782949984,1)
[52]: (464.4330688903971,1)
[53]: (464.2746635249558,1)
[54]: (464.4672065978468,1)
[55]: (464.0672422337844,1)
[56]: (464.0058374768435,1)
[57]: (464.238444687347,1)
[58]: (464.0134867282031,1)
[59]: (464.6032751958685,1)
[60]: (464.1531044537872,1)
[61]: (464.3853639559029,1)
[62]: (464.33410978405,1)
[63]: (464.1717556556559,1)
[64]: (464.1860475337877,1)
[65]: (464.1294569152939,1)
[66]: (464.3782906756203,1)
[67]: (464.3528486235051,1)
[68]: (464.1812143022274,1)
[69]: (464.1495115953248,1)
[70]: (464.2218094215223,1)
[71]: (465.627421842195,1)
[72]: (464.2626655089195,1)
[73]: (464.2074680835442,1)
[74]: (464.2486589601733,1)
[75]: (464.2964174512508,1)
[76]: (464.0250002492583,1)
[77]: (464.7741294894686,1)
[78]: (464.1765728648464,1)
[79]: (464.6184508282964,1)
[80]: (464.0173810576343,1)
[81]: (464.3093749115841,1)
[82]: (464.0503191985675,1)
[83]: (464.0788748522628,1)
[84]: (464.1640290631956,1)
[85]: (464.3355639847042,1)
[86]: (464.9450934138069,1)
[87]: (464.1638120327115,1)
[88]: (464.1099000199088,1)
[89]: (464.4551059838261,1)
[90]: (464.2634854300543,1)
[91]: (464.208320807522,1)
[92]: (464.0151147113526,1)
[93]: (464.0719676695415,1)
[94]: (464.0246049436168,1)
[95]: (464.3856435617907,1)
[96]: (464.8015170733407,1)
[97]: (464.5243687260655,1)
[98]: (464.0357773732014,1)
[99]: (464.8391417705397,1)
[100]: (464.3385394029501,1)
[101]: (464.2106370692951,1)
[102]: (464.0049958532907,1)
[103]: (464.318925439322,1)
[104]: (464.077245707377,1)
[105]: (464.5890228339349,1)
[106]: (464.6495084348925,1)
[107]: (464.6532300955766,1)
[108]: (464.1495904844762,1)
[109]: (464.0978464507914,1)
[110]: (464.4612983512093,1)
[111]: (464.3704792146175,1)
[112]: (464.1395727736466,1)
[113]: (464.0513673866743,1)
[114]: (464.4831865898094,1)
[115]: (464.282591759954,1)
[116]: (464.2081268209261,1)
[117]: (464.2308711928131,1)
[118]: (464.0752214826294,1)
[119]: (464.3123135198648,1)
[120]: (464.153536877053,1)
[121]: (464.4601250334598,1)
[122]: (464.1850158824034,1)
[123]: (464.6674567249208,1)
[124]: (464.2273063683341,1)
[125]: (464.1846771017663,1)
[126]: (464.0885325166441,1)
[127]: (464.1027197820083,1)
[128]: (464.8958923304271,1)
[129]: (465.5182398314342,1)
[130]: (464.1804855353058,1)
[131]: (464.0303051665213,1)
[132]: (464.9679289277228,1)
[133]: (464.0951468146413,1)
[134]: (464.3924306472186,1)
[135]: (464.1919480883617,1)
[136]: (464.2456358735116,1)
[137]: (464.1435051598043,1)
[138]: (464.0673454203244,1)
[139]: (464.0911725134781,1)
[140]: (464.11539206696,1)
[141]: (464.3551509420678,1)
[142]: (464.0434047726512,1)
[143]: (464.3083406447568,1)
[144]: (464.3583676260129,1)
[145]: (464.3378388181075,1)
[146]: (464.2602272292519,1)
[147]: (464.1630931553615,1)
[148]: (464.0963041459541,1)
[149]: (464.3724780509764,1)
[150]: (464.8331822516095,1)
[151]: (464.3764543719671,1)
[152]: (464.4770880855332,1)
[153]: (464.3351276721792,1)
[154]: (464.559913737234,1)
[155]: (464.2358467050536,1)
[156]: (464.6461362522434,1)
[157]: (464.5465805722874,1)
[158]: (464.3745695850862,1)
[159]: (464.7901344180465,1)
[160]: (464.4737803342319,1)
[161]: (464.2475591560861,1)
[162]: (464.642969293808,1)
[163]: (464.1771491530926,1)
[164]: (464.1847407879586,1)
[165]: (464.3864872107335,1)
[166]: (464.1830992397524,1)
[167]: (464.6412290808155,1)
[168]: (464.4427801148067,1)
[169]: (464.1634449224787,1)
[170]: (464.0365451263247,1)
[171]: (464.0941106073306,1)
[172]: (464.1645325600277,1)
[173]: (464.8569684531419,1)
[174]: (464.5787024241185,1)
[175]: (464.0487461580194,1)
[176]: (465.419561895048,1)
[177]: (465.0836759002623,1)
[178]: (464.207511364813,1)
[179]: (464.0325206129251,1)
[180]: (464.5925560887771,1)
[181]: (464.2394430413204,1)
[182]: (464.014244609043,1)
[183]: (464.4349177438987,1)
[184]: (464.64728298459,1)
[185]: (464.1525939813705,1)
[186]: (464.085258545028,1)
[187]: (464.0725248815101,1)
[188]: (464.0119138054702,1)
[189]: (464.1002840989597,1)
[190]: (464.5108895900456,1)
[191]: (464.213763798432,1)
[192]: (464.0260557846115,1)
[193]: (464.5546619662571,1)
[194]: (465.171991297982,1)
[195]: (464.2713789377845,1)
[196]: (464.0833157679821,1)
[197]: (464.0171727723474,1)
[198]: (464.193247557656,1)
[199]: (464.4064716031226,1)
[200]: (464.6078932607091,1)
[201]: (464.16330261684,1)
[202]: (464.4925836717536,1)
[203]: (464.2047056150849,1)
[204]: (464.4963221589527,1)
[205]: (464.4161439006369,1)
[206]: (465.0135002653509,1)
[207]: (464.0009109503168,1)
[208]: (464.2597538838828,1)
[209]: (464.8597598487694,1)
[210]: (464.1596497490927,1)
[211]: (464.0537171388555,1)
[212]: (464.008380253817,1)
[213]: (464.4147854237007,1)
[214]: (464.1726285484282,1)
[215]: (464.2216340708304,1)
[216]: (464.069926043363,1)
[217]: (464.4428194759665,1)
[218]: (464.2402201339607,1)
[219]: (464.0598660885319,1)
[220]: (464.1571661013452,1)
[221]: (464.0914851838453,1)
[222]: (464.1991213562377,1)
[223]: (464.2968476986831,1)
[224]: (464.7218878512432,1)
[225]: (464.4446576167549,1)
[226]: (464.1296044735042,1)
[227]: (464.3408218636923,1)
[228]: (464.1769800449027,1)
[229]: (464.386680206172,1)
[230]: (464.0467334845311,1)
[231]: (464.0325011507372,1)
[232]: (465.4899386800962,1)
[233]: (464.5219840831303,1)
[234]: (464.3195958216656,1)
[235]: (464.0849964794684,1)
[236]: (464.1208163042614,1)
[237]: (464.0632719753354,1)
[238]: (464.0616187476019,1)
[239]: (464.3295407810263,1)
[240]: (464.3099644183539,1)
[241]: (464.3768175447859,1)
[242]: (464.006543830636,1)
[243]: (464.208342224807,1)
[244]: (464.109196335294,1)
[245]: (464.3808443810153,1)
[246]: (465.032198588993,1)
[247]: (464.2375804613273,1)
[248]: (464.4130794306527,1)
[249]: (464.9495284527515,1)
[250]: (464.1001575910079,1)
[251]: (464.1790698247402,1)
[252]: (464.1005555332428,1)
[253]: (464.1315708990129,1)
[254]: (465.1030069514738,1)
[255]: (464.0459022722574,1)
[256]: (464.0073143452615,1)
[257]: (464.4151458363131,1)
[258]: (464.0233501053954,1)
[259]: (465.1145031163005,1)
[260]: (464.1282778007044,1)
[261]: (464.0931796600601,1)
[262]: (464.6212597796317,1)
[263]: (464.0736499725425,1)
[264]: (464.0047423219839,1)
[265]: (464.0117479140862,1)
[266]: (464.2286277086985,1)
[267]: (464.0078138649119,1)
[268]: (464.5808225224328,1)
[269]: (464.0295767400113,1)
[270]: (465.0393587007117,1)
[271]: (464.4562327855297,1)
[272]: (464.1860598184608,1)
[273]: (464.3690232207069,1)
[274]: (464.1750282871518,1)
[275]: (464.1209047536969,1)
[276]: (464.078436481573,1)
[277]: (464.265074799961,1)
[278]: (464.0079242659302,1)
[279]: (465.2486966148572,1)
[280]: (464.0603024684139,1)
[281]: (464.1390441222431,1)
[282]: (464.0166912147674,1)
[283]: (464.6909570163355,1)
[284]: (465.0928791208585,1)
[285]: (464.4045498969516,1)
[286]: (464.1908403202141,1)
[287]: (464.3533516941217,1)
[288]: (464.0914623087144,1)
[289]: (464.0820601833296,1)
[290]: (464.1153690870096,1)
[291]: (464.0017043540844,1)
[292]: (464.0072184353058,1)
[293]: (464.0971369725659,1)
[294]: (464.5379345953362,1)
[295]: (464.0262879881076,1)
[296]: (464.6165116972212,1)
[297]: (464.6034154454396,1)
[298]: (464.2858480817923,1)
[299]: (464.4375476249334,1)
[300]: (464.136914397746,1)
[301]: (464.2053123082121,1)
[302]: (464.1024663447197,1)
[303]: (464.0433547707202,1)
[304]: (464.72515470977,1)
[305]: (465.4313935481448,1)
[306]: (466.0049941783059,1)
[307]: (464.0406829428009,1)
[308]: (464.0804650373943,1)
[309]: (464.1311290731454,1)
[310]: (464.1023854072656,1)
[311]: (464.1729572772177,1)
[312]: (465.0568432769172,1)
[313]: (464.6792514936283,1)
[314]: (464.4725012553522,1)
[315]: (464.1036442281477,1)
[316]: (464.1825119185524,1)
[317]: (464.0780364478701,1)
[318]: (464.1143948612884,1)
[319]: (464.2114364471259,1)
[320]: (464.2378283371421,1)
[321]: (464.0889566175024,1)
[322]: (464.2286681085614,1)
[323]: (464.1987748695286,1)
[324]: (464.0832220696636,1)
[325]: (464.0749999178455,1)
[326]: (464.2514005286518,1)
[327]: (464.0624615746481,1)
[328]: (464.227677063167,1)
[329]: (464.060102887984,1)
[330]: (464.2105405783519,1)
[331]: (464.977383815376,1)
[332]: (464.0439534404304,1)
[333]: (464.9603074134034,1)
[334]: (464.2668191536346,1)
[335]: (464.2575074609454,1)
[336]: (464.7655703817431,1)
[337]: (464.1285128487542,1)
[338]: (464.0751389210055,1)
[339]: (464.2334226472905,1)
[340]: (464.7773737567353,1)
[341]: (464.2470929412524,1)
[342]: (464.1644879036951,1)
[343]: (464.1303652727861,1)
[344]: (464.0689623499507,1)
[345]: (465.330808219878,1)
[346]: (464.5300993864909,1)
[347]: (464.1164832363809,1)
[348]: (464.9510164685069,1)
[349]: (464.2382615785482,1)
[350]: (464.1373443242818,1)
[351]: (464.2996497464666,1)
[352]: (464.1438619042733,1)
[353]: (464.4914243576148,1)
[354]: (464.2462439429667,1)
[355]: (465.1972787066293,1)
[356]: (464.5690829421336,1)
[357]: (465.0758031793384,1)
[358]: (464.2811494409084,1)
[359]: (464.2712870361368,1)
[360]: (464.0735199530185,1)
[361]: (464.1301320825765,1)
[362]: (464.0534392634172,1)
[363]: (464.2217632083083,1)
[364]: (464.3840134867709,1)
[365]: (464.7679002289788,1)
[366]: (464.043508153268,1)
[367]: (464.0310138970179,1)
[368]: (464.1266066116648,1)
[369]: (464.2582984503263,1)
[370]: (464.057574054114,1)
[371]: (464.1097751807739,1)
[372]: (464.6938735509022,1)
[373]: (464.0005240832893,1)
[374]: (464.7296174889698,1)
[375]: (464.0076570896986,1)
[376]: (464.0595784706622,1)
[377]: (464.9582926386539,1)
[378]: (464.1906558696008,1)
[379]: (464.2954322298644,1)
[380]: (464.7311126485224,1)
[381]: (464.019239234157,1)
[382]: (464.1787347961515,1)
[383]: (464.3565345002089,1)
[384]: (464.1517623459642,1)
[385]: (464.1173080324521,1)
[386]: (464.7942300245214,1)
[387]: (464.1477170455675,1)
[388]: (464.2831511428569,1)
[389]: (464.1168873328626,1)
[390]: (464.0944131722694,1)
[391]: (464.2543852404525,1)
[392]: (465.0016691219553,1)
[393]: (464.0531420354223,1)
[394]: (464.2804775202508,1)
[395]: (464.9644841444406,1)
[396]: (464.0044514278821,1)
[397]: (464.3153171196396,1)
[398]: (464.3418951862426,1)
[399]: (464.4356107019628,1)
[400]: (464.0137935313473,1)
[401]: (464.2636866013557,1)
[402]: (464.0145400117543,1)
[403]: (464.4615064878118,1)
[404]: (464.3327502264414,1)
[405]: (464.512053282623,1)
[406]: (464.0573895084061,1)
[407]: (464.3083245557772,1)
[408]: (464.4548097003961,1)
[409]: (464.5700179514202,1)
[410]: (464.7530148326475,1)
[411]: (464.9662242692887,1)
[412]: (464.3674142975399,1)
[413]: (464.2577749050549,1)
[414]: (464.2071602216063,1)
[415]: (464.3858074827408,1)
[416]: (464.2328289632408,1)
[417]: (464.2732567586309,1)
[418]: (464.3388481008368,1)
[419]: (464.0815868802184,1)
[420]: (464.2787815617239,1)
[421]: (464.4533453878234,1)
[422]: (464.3095646273414,1)
[423]: (464.2427485652956,1)
[424]: (464.1372768079903,1)
[425]: (464.2951935620629,1)
[426]: (464.0572938873008,1)
[427]: (464.0250086345967,1)
[428]: (464.008158743918,1)
[429]: (464.8653357234306,1)
[430]: (464.0688232263002,1)
[431]: (464.0257264801888,1)
[432]: (464.0908626878272,1)
[433]: (464.0825751383841,1)
[434]: (464.0037038113009,1)
[435]: (464.2046601243933,1)
[436]: (464.2753168569162,1)
[437]: (464.6283386949272,1)
[438]: (464.128852382742,1)
[439]: (464.0788895635435,1)
[440]: (464.3803745102196,1)
[441]: (464.5748826598427,1)
[442]: (464.023713795299,1)
[443]: (464.1843036071178,1)
[444]: (465.7300785134775,1)
[445]: (464.0492925528442,1)
[446]: (464.1348013815824,1)
[447]: (464.5004078195385,1)
[448]: (464.2131895182556,1)
[449]: (464.1597063364641,1)
[450]: (464.1066983227553,1)
[451]: (464.2349519172707,1)
[452]: (464.3988596233864,1)
[453]: (465.0101499096466,1)
[454]: (464.1855677663281,1)
[455]: (464.2970283521802,1)
[456]: (464.0445255963623,1)
[457]: (464.0878378945907,1)
[458]: (466.4777427303342,1)
[459]: (464.2092859241981,1)
[460]: (464.7668647926328,1)
[461]: (464.0279228232813,1)
[462]: (464.0087597019348,1)
[463]: (464.0125810148878,1)
[464]: (464.7639733840242,1)
[465]: (464.1526785012038,1)
[466]: (464.0255974369315,1)
[467]: (464.0432855568046,1)
[468]: (464.7519747377142,1)
[469]: (464.0406843091378,1)
[470]: (464.1412457760499,1)
[471]: (464.5808284065311,1)
[472]: (464.4721567858777,1)
[473]: (464.3462025970109,1)
[474]: (464.1712894861916,1)
[475]: (464.0569777962148,1)
[476]: (464.3096517091522,1)
[477]: (464.5137885762262,1)
[478]: (464.142651098232,1)
[479]: (464.1399055101524,1)
[480]: (464.0510492834113,1)
[481]: (464.0554189406791,1)
[482]: (464.482973191001,1)
[483]: (464.2311614521674,1)
[484]: (464.063929035494,1)
[485]: (464.801645242617,1)
[486]: (464.6662488424944,1)
[487]: (464.3627401701862,1)
[488]: (464.5386945833611,1)
[489]: (464.4568310076218,1)
[490]: (464.3254966315691,1)
[491]: (464.0943896881512,1)
[492]: (464.5671836516979,1)
[493]: (465.8051350360361,1)
[494]: (464.0572224266991,1)
[495]: (464.2394523082424,1)
[496]: (465.3404379579889,1)
[497]: (464.1793758752667,1)
[498]: (464.2066494337158,1)
[499]: (465.7656229224673,1)
[500]: (464.1920754936351,1)
[501]: (465.2374182924657,1)
[502]: (464.2359307456777,1)
[503]: (464.1180878947714,1)
[504]: (464.0377092717647,1)
[505]: (464.3255859040353,1)
[506]: (464.1988714033151,1)
[507]: (464.0441422561724,1)
[508]: (464.002844902766,1)
[509]: (465.0284051551756,1)
[510]: (464.0291353620656,1)
[511]: (464.1658134331827,1)
[512]: (464.8230878370204,1)
[513]: (465.0859275103797,1)
[514]: (464.3452334586108,1)
[515]: (464.4576208924064,1)
[516]: (464.3617045526711,1)
[517]: (465.6764482288975,1)
[518]: (464.4421311016424,1)
[519]: (464.1341073986369,1)
[520]: (464.1802996229841,1)
[521]: (464.506596772501,1)
[522]: (464.2982012401927,1)
[523]: (464.5391557638977,1)
[524]: (464.1704656172351,1)
[525]: (464.561120416541,1)
[526]: (464.5023480866675,1)
[527]: (464.2769384685973,1)
[528]: (464.0007399939086,1)
[529]: (464.6195185616389,1)
[530]: (464.3566279470945,1)
[531]: (464.3194718891529,1)
[532]: (464.62431587446,1)
[533]: (464.6629451761245,1)
[534]: (464.0617438132553,1)
[535]: (464.286867140689,1)
[536]: (464.5349435388472,1)
[537]: (464.4819577444542,1)
[538]: (464.4002942139688,1)
[539]: (464.6796867922516,1)
[540]: (464.0005565124373,1)
[541]: (464.1915552304869,1)
[542]: (464.3766851845389,1)
[543]: (464.7090276293873,1)
[544]: (464.6561767119798,1)
[545]: (464.1082218977188,1)
[546]: (465.2177887601517,1)
[547]: (464.5283881302805,1)
[548]: (464.5627129393446,1)
[549]: (464.1424433750233,1)
[550]: (464.2621422325643,1)
[551]: (464.0401403396136,1)
[552]: (464.0638439131434,1)
[553]: (464.5992055304279,1)
[554]: (464.1652938198235,1)
[555]: (464.2419826712083,1)
[556]: (464.1929206387156,1)
[557]: (464.0736328694409,1)
[558]: (464.224517959292,1)
[559]: (464.4264306258027,1)
[560]: (464.6940452535934,1)
[561]: (464.1393911519477,1)
[562]: (464.2538021631194,1)
[563]: (464.5872864332901,1)
[564]: (464.9181663316281,1)
[565]: (464.2136076422237,1)
[566]: (464.3470177037747,1)
[567]: (464.0175154639919,1)
[568]: (464.2082088170816,1)
[569]: (464.0910016570535,1)
[570]: (464.2405650926157,1)
[571]: (464.1147222179307,1)
[572]: (465.1900070241412,1)
[573]: (464.1036465734306,1)
[574]: (464.020324597692,1)
[575]: (464.1712410789656,1)
[576]: (464.4844672045845,1)
[577]: (464.5691045578029,1)
[578]: (464.546975239198,1)
[579]: (464.0623042917784,1)
[580]: (464.3306337749382,1)
[581]: (464.7658028394479,1)
[582]: (464.4238310299736,1)
[583]: (464.195451139612,1)
[584]: (464.1321969290766,1)
[585]: (464.3591463166062,1)
[586]: (464.5809540397576,1)
[587]: (465.2934275701871,1)
[588]: (464.1198984654848,1)
[589]: (464.0749609157385,1)
[590]: (464.1592557807035,1)
[591]: (464.3014343381303,1)
[592]: (465.7768200267915,1)
[593]: (464.010947082157,1)
[594]: (464.3441404239688,1)
[595]: (464.2421975222833,1)
[596]: (464.4752275377734,1)
[597]: (465.9246322448707,1)
[598]: (464.0787201354142,1)
[599]: (464.1376473165861,1)
[600]: (464.2125223644682,1)
[601]: (464.1321925374553,1)
[602]: (464.438275074211,1)
[603]: (464.1267509057221,1)
[604]: (464.5331908586583,1)
[605]: (464.3958692378574,1)
[606]: (464.8630203762257,1)
[607]: (464.1079247596485,1)
[608]: (464.0403196694102,1)
[609]: (464.1018840131885,1)
[610]: (464.0511193406882,1)
[611]: (464.3321660828777,1)
[612]: (464.0177569817395,1)
[613]: (464.4789799138974,1)
[614]: (464.1593792987213,1)
[615]: (464.4538792338561,1)
[616]: (464.1813515754463,1)
[617]: (464.3612714175564,1)
[618]: (464.488512157244,1)
[619]: (464.2256803221755,1)
[620]: (464.2022885050122,1)
[621]: (464.6868380008833,1)
[622]: (464.1221875250926,1)
[623]: (464.7682839380862,1)
[624]: (464.0026602207853,1)
[625]: (464.1221308899729,1)
[626]: (464.135183832021,1)
[627]: (465.2903041710068,1)
[628]: (464.2980289684141,1)
[629]: (464.4312147099706,1)
[630]: (464.0220658137719,1)
[631]: (464.2636147805078,1)
[632]: (464.3702013432659,1)
[633]: (464.2923184545341,1)
[634]: (464.1475156235367,1)
[635]: (464.0038469806032,1)
[636]: (464.021138114195,1)
[637]: (464.7893973393121,1)
[638]: (464.1166265180478,1)
[639]: (464.688280093426,1)
[640]: (464.4758251816683,1)
[641]: (464.0411751650448,1)
[642]: (464.2171208965018,1)
[643]: (464.1552545954409,1)
[644]: (464.5517655950362,1)
[645]: (464.3710028907587,1)
[646]: (464.5773217539908,1)
[647]: (464.0764817137484,1)
[648]: (464.4400491044975,1)
[649]: (464.8066453489637,1)
[650]: (464.0157299186874,1)
[651]: (464.4782491484839,1)
[652]: (464.5327951145387,1)
[653]: (464.0490652363921,1)
[654]: (464.1435980877067,1)
[655]: (464.064234121049,1)
[656]: (464.8151308929928,1)
[657]: (464.051442846653,1)
[658]: (464.4540400498046,1)
[659]: (464.1513767322313,1)
[660]: (464.0551115832388,1)
[661]: (464.1677288216482,1)
[662]: (464.3536027760193,1)
[663]: (464.5361816009238,1)
[664]: (464.00024397762,1)
[665]: (464.1786413552293,1)
[666]: (464.0268074199271,1)
[667]: (464.304601772836,1)
[668]: (464.6346357518254,1)
[669]: (464.518976776849,1)
[670]: (464.2862020470429,1)
[671]: (464.1873268971787,1)
[672]: (464.1420701868004,1)
[673]: (464.4847194658385,1)
[674]: (464.4238734826095,1)
[675]: (464.0573857747601,1)
[676]: (464.4140173494824,1)
[677]: (464.1801350390832,1)
[678]: (464.4079198085071,1)
[679]: (464.1499468239307,1)
[680]: (464.0257412919714,1)
[681]: (464.1283571012985,1)
[682]: (464.4977736317813,1)
[683]: (464.3221842316026,1)
[684]: (464.58658996088,1)
[685]: (464.5938814598003,1)
[686]: (464.0254807625327,1)
[687]: (464.0500579114338,1)
[688]: (464.7749728813631,1)
[689]: (464.0778727282885,1)
[690]: (464.3097522487645,1)
[691]: (464.4642004728138,1)
[692]: (464.0756854009915,1)
[693]: (464.2236070369355,1)
[694]: (464.2454377345182,1)
[695]: (464.7845576069483,1)
[696]: (464.0654912432936,1)
[697]: (464.1421495899833,1)
[698]: (464.4732333568452,1)
[699]: (464.3332188600246,1)
[700]: (464.3437656783346,1)
[701]: (464.2851396288303,1)
[702]: (464.1127891267408,1)
[703]: (464.2490685931166,1)
[704]: (464.4325566752246,1)
[705]: (464.2019196796075,1)
[706]: (464.1438549116665,1)
[707]: (464.2409612786722,1)
[708]: (464.3283126360637,1)
[709]: (465.4110628572242,1)
[710]: (464.4966026526391,1)
[711]: (464.2022469947202,1)
[712]: (464.3283220858527,1)
[713]: (464.03127294361,1)
[714]: (464.1763353920819,1)
[715]: (464.1483929113898,1)
[716]: (464.5887272160821,1)
[717]: (464.9310338712964,1)
[718]: (464.8321936900343,1)
[719]: (464.5420762223916,1)
[720]: (464.2780236573191,1)
[721]: (464.4778130367986,1)
[722]: (464.5081422347105,1)
[723]: (464.5088053825691,1)
[724]: (464.0938349967364,1)
[725]: (464.0595599940305,1)
[726]: (464.0370437642898,1)
[727]: (464.4837424807619,1)
[728]: (464.0210365961735,1)
[729]: (464.0272640931656,1)
[730]: (464.2427070616766,1)
[731]: (464.5059008695952,1)
[732]: (464.0849484536681,1)
[733]: (464.3418325274012,1)
[734]: (464.4221171984952,1)
[735]: (464.0012332126951,1)
[736]: (464.2991437794802,1)
[737]: (464.6603858940356,1)
[738]: (464.2797209592567,1)
[739]: (464.2601668781396,1)
[740]: (464.6869817533928,1)
[741]: (464.2097241527245,1)
[742]: (464.404747104492,1)
[743]: (464.9744527819877,1)
[744]: (464.1560129375464,1)
[745]: (465.0685099014319,1)
[746]: (464.2211839906437,1)
[747]: (464.1512535909654,1)
[748]: (464.3993985427074,1)
[749]: (464.0006621726156,1)
[750]: (464.0093337255214,1)
[751]: (464.8042789075053,1)
[752]: (464.349926334952,1)
[753]: (465.3318887773025,1)
[754]: (464.3015485965319,1)
[755]: (464.0775531239966,1)
[756]: (464.0333180551749,1)
[757]: (464.6798099961547,1)
[758]: (464.6110987392934,1)
[759]: (464.0800746701906,1)
[760]: (464.5023158102091,1)
[761]: (464.5623427036752,1)
[762]: (464.0494276146994,1)
[763]: (464.0379923207809,1)
[764]: (464.1824983767251,1)
[765]: (465.0843848456502,1)
[766]: (464.9239867216269,1)
[767]: (464.2709549939799,1)
[768]: (464.1064638012934,1)
[769]: (464.0827862090181,1)
[770]: (464.1001952142673,1)
[771]: (464.0913140842107,1)
[772]: (464.1697112632021,1)
[773]: (464.293008629818,1)
[774]: (464.4771132701977,1)
[775]: (464.0384088515471,1)
[776]: (464.1315494074066,1)
[777]: (465.418370282793,1)
[778]: (464.7854173319864,1)
[779]: (464.2139780972971,1)
[780]: (464.222301061946,1)
[781]: (464.4152705088981,1)
[782]: (464.2283495976894,1)
[783]: (464.0741190644952,1)
[784]: (464.2443886875847,1)
[785]: (464.0014247954148,1)
[786]: (464.5115959233621,1)
[787]: (464.1161224194157,1)
[788]: (464.151458012264,1)
[789]: (464.1254568831737,1)
[790]: (464.132060106294,1)
[791]: (464.1864417040854,1)
[792]: (465.3307753013917,1)
[793]: (464.0209195813588,1)
[794]: (464.6133136168685,1)
[795]: (464.3377035967835,1)
[796]: (464.2615876125586,1)
[797]: (464.2423942782676,1)
[798]: (464.6941664457007,1)
[799]: (464.603474118291,1)
[800]: (464.1776394755473,1)
[801]: (464.1442432185321,1)
[802]: (464.3386577310672,1)
[803]: (464.3019089626479,1)
[804]: (464.0103881765322,1)
[805]: (464.1162708804655,1)
[806]: (464.5657345717369,1)
[807]: (465.8089818191315,1)
[808]: (464.3534033863329,1)
[809]: (464.3902287414169,1)
[810]: (464.2867884795455,1)
[811]: (464.3800776842812,1)
[812]: (464.2628591638017,1)
[813]: (464.1219243252289,1)
[814]: (464.1879790358379,1)
[815]: (464.3099994038049,1)
[816]: (464.0578056908648,1)
[817]: (464.4104202220346,1)
[818]: (464.1093097011591,1)
[819]: (464.0381234698764,1)
[820]: (464.9815886043409,1)
[821]: (464.1434512581101,1)
[822]: (464.0362920704438,1)
[823]: (464.2480730617982,1)
[824]: (464.0579395012521,1)
[825]: (464.1081211951681,1)
[826]: (465.1701937311203,1)
[827]: (464.3723452443274,1)
[828]: (464.8516086858556,1)
[829]: (464.6250290333087,1)
[830]: (464.0215176518508,1)
[831]: (464.3153526919559,1)
[832]: (464.1732026846745,1)
[833]: (464.9318535543974,1)
[834]: (464.4510425701863,1)
[835]: (464.041109672954,1)
[836]: (464.4727484363667,1)
[837]: (464.3659748382896,1)
[838]: (464.114265292491,1)
[839]: (464.0985236161795,1)
[840]: (464.21615979944,1)
[841]: (464.0543865725819,1)
[842]: (464.0589147447313,1)
[843]: (464.1466084175733,1)
[844]: (464.3312440058232,1)
[845]: (464.6662616341669,1)
[846]: (464.0430857092168,1)
[847]: (464.2305016481028,1)
[848]: (464.6163945764016,1)
[849]: (464.6761610528589,1)
[850]: (464.1286886320654,1)
[851]: (464.0153769549905,1)
[852]: (464.3219402950398,1)
[853]: (464.4801058754238,1)
[854]: (464.0770571034192,1)
[855]: (464.7844361766691,1)
[856]: (464.3094294458937,1)
[857]: (464.0472382237974,1)
[858]: (464.0078905573754,1)
[859]: (464.4010526309601,1)
[860]: (464.5198972684555,1)
[861]: (464.1819627549412,1)
[862]: (464.4259621774586,1)
[863]: (464.1714625667365,1)
[864]: (464.1234305705228,1)
[865]: (464.1661426834078,1)
[866]: (464.1525046186351,1)
[867]: (464.9764558830364,1)
[868]: (464.2351084226426,1)
[869]: (465.0912177001463,1)
[870]: (464.6478736560169,1)
[871]: (464.5005234868743,1)
[872]: (464.1391459334264,1)
[873]: (465.1133903402788,1)
[874]: (464.4474042422896,1)
[875]: (464.2806881397098,1)
[876]: (464.1747197385933,1)
[877]: (464.2458700752119,1)
[878]: (464.0325497814383,1)
[879]: (464.2221246522202,1)
[880]: (464.170991668443,1)
[881]: (464.457280440812,1)
[882]: (464.0224774799692,1)
[883]: (464.5791796812961,1)
[884]: (464.117517572056,1)
[885]: (464.2940800432664,1)
[886]: (464.481032204589,1)
[887]: (464.1872311244577,1)
[888]: (464.0400898667262,1)
[889]: (464.0432863798582,1)
[890]: (464.6101563734651,1)
[891]: (464.0063678827715,1)
[892]: (464.7870026836979,1)
[893]: (464.2691521254968,1)
[894]: (464.0077916012413,1)
[895]: (464.0547126180434,1)
[896]: (464.5991310769012,1)
[897]: (464.0380012495147,1)
[898]: (464.5114356192836,1)
[899]: (464.2896990098398,1)
[900]: (464.5660472859788,1)
[901]: (464.4954368342865,1)
[902]: (464.3024947391816,1)
[903]: (464.3294326843377,1)
[904]: (464.0036562787911,1)
[905]: (464.1817172392242,1)
[906]: (464.3744249357908,1)
[907]: (464.1151352886192,1)
[908]: (465.3624278744538,1)
[909]: (464.558456137425,1)
[910]: (464.8294414419543,1)
[911]: (464.0745334923082,1)
[912]: (464.6305021381428,1)
[913]: (464.256536064409,1)
[914]: (464.1744498066356,1)
[915]: (464.2063571802288,1)
[916]: (464.0405315362407,1)
[917]: (464.5456724531761,1)
[918]: (464.2963002813124,1)
[919]: (464.8444519763148,1)
[920]: (465.3885416708783,1)
[921]: (464.0878994943914,1)
[922]: (464.349515845098,1)
[923]: (464.1113993281923,1)
[924]: (464.4363278599153,1)
[925]: (464.0437784332487,1)
[926]: (464.9425612921427,1)
[927]: (464.0454981093318,1)
[928]: (464.7346161939577,1)
[929]: (464.3393155590187,1)
[930]: (464.667304745721,1)
[931]: (464.2187741955605,1)
[932]: (465.4348396676923,1)
[933]: (464.7396812459579,1)
[934]: (464.4003006756409,1)
[935]: (464.0202135917959,1)
[936]: (464.0035127093132,1)
[937]: (464.044682268589,1)
[938]: (464.2770506851379,1)
[939]: (464.4521321389798,1)
[940]: (464.3319798723828,1)
[941]: (464.0449131615779,1)
[942]: (464.1976038768451,1)
[943]: (464.0319351554818,1)
[944]: (464.0822977240769,1)
[945]: (464.148380433808,1)
[946]: (464.0564536434237,1)
[947]: (464.0836837006867,1)
[948]: (464.1199938281661,1)
[949]: (464.9964101107358,1)
[950]: (464.1829241242681,1)
[951]: (464.0302591856204,1)
[952]: (464.5149323657661,1)
[953]: (464.0695594569798,1)
[954]: (464.0718981570084,1)
[955]: (464.1168737629175,1)
[956]: (464.4135448350943,1)
[957]: (464.5265411446746,1)
[958]: (464.9705701536524,1)
[959]: (464.0483066857624,1)
[960]: (464.869157604186,1)
[961]: (465.376480050865,1)
[962]: (464.0824026765727,1)
[963]: (464.3886733560249,1)
[964]: (464.4571172591126,1)
[965]: (464.4425040667853,1)
[966]: (464.4137085674722,1)
[967]: (464.7724135340115,1)
[968]: (464.7594298047551,1)
[969]: (464.4012055357738,1)
[970]: (464.6816396225173,1)
[971]: (464.1592622317883,1)
[972]: (464.0099311000789,1)
[973]: (464.7272609471299,1)
[974]: (464.0079273779076,1)
[975]: (464.1208439166854,1)
[976]: (465.0817749848568,1)
[977]: (464.0246719699317,1)
[978]: (464.5069932662302,1)
[979]: (464.6586216376135,1)
[980]: (465.0344755842702,1)
[981]: (464.6068191162616,1)
[982]: (464.1101443044127,1)
[983]: (464.052075874755,1)
[984]: (464.6711813819496,1)
[985]: (464.3142731293346,1)
[986]: (464.1302276594363,1)
[987]: (464.0546638092195,1)
[988]: (464.0552872982491,1)
[989]: (464.0907363546354,1)
[990]: (464.2147130983095,1)
[991]: (464.2839410600465,1)
[992]: (464.5244590681874,1)
[993]: (464.2186699686556,1)
[994]: (464.6266694474022,1)
[995]: (464.0154186551563,1)
[996]: (464.0002820586813,1)
[997]: (465.0269489621143,1)
[998]: (464.5507850341425,1)
[999]: (464.3126170697681,1)
[1000]: (464.7292710193892,1)
[1001]: (464.6643269795103,1)
[1002]: (464.1054925161301,1)
[1003]: (464.2594785677506,1)
[1004]: (464.2089460970478,1)
[1005]: (464.0950796154971,1)
[1006]: (464.0044445537557,1)
[1007]: (464.7132780169051,1)
[1008]: (464.8449173402038,1)
[1009]: (464.4720105710622,1)
[1010]: (464.0678249420636,1)
[1011]: (464.2374049874867,1)
[1012]: (464.1063738171719,1)
[1013]: (464.6497354477049,1)
[1014]: (464.2863119674797,1)
[1015]: (464.8546812859571,1)
[1016]: (464.2430011697559,1)
[1017]: (464.3524885361684,1)
[1018]: (464.4699600300863,1)
[1019]: (464.1927933391871,1)
[1020]: (465.068122656588,1)
[1021]: (464.427956317335,1)
[1022]: (464.2217487837292,1)
[1023]: (464.1605674291819,1)
[1024]: (464.1979860350112,1)
[1025]: (464.0151964176442,1)
[1026]: (464.3792427601939,1)
[1027]: (464.4709352969273,1)
[1028]: (464.0113992363113,1)
[1029]: (464.0918114007149,1)
[1030]: (464.2572095915864,1)
[1031]: (464.7267854833922,1)
[1032]: (464.4483074473685,1)
[1033]: (464.0466010022869,1)
[1034]: (464.4303912902986,1)
[1035]: (464.0147782966833,1)
[1036]: (464.1188216362589,1)
[1037]: (464.0862085047049,1)
[1038]: (464.0966818262679,1)
[1039]: (464.1152470809064,1)
[1040]: (464.2693145996508,1)
[1041]: (464.1385737817194,1)
[1042]: (464.0230923135144,1)
[1043]: (464.5486123793078,1)
[1044]: (464.3972302953241,1)
[1045]: (464.3205824507629,1)
[1046]: (464.2782472002316,1)
[1047]: (464.0361925683636,1)
[1048]: (464.1579728371154,1)
[1049]: (464.0381851750143,1)
[1050]: (464.1924432175318,1)
[1051]: (464.3163692567429,1)
[1052]: (464.4231337194191,1)
[1053]: (464.1398091868022,1)
[1054]: (464.1621528128365,1)
[1055]: (464.4841995766172,1)
[1056]: (464.2224331925061,1)
[1057]: (464.0889305354078,1)
[1058]: (464.5626636633195,1)
[1059]: (464.1974019511204,1)
[1060]: (464.0408785237676,1)
[1061]: (466.0540667311768,1)
[1062]: (464.8550429855332,1)
[1063]: (464.1076713114755,1)
[1064]: (464.1027263736148,1)
[1065]: (464.1223940013195,1)
[1066]: (464.8869826414271,1)
[1067]: (464.5312123719316,1)
[1068]: (464.44155256172,1)
[1069]: (464.3203041593848,1)
[1070]: (465.0222215404571,1)
[1071]: (464.1391615263366,1)
[1072]: (464.1133212646122,1)
[1073]: (464.2251592999673,1)
[1074]: (464.0931621814441,1)
[1075]: (464.0153266766131,1)
[1076]: (464.6311233156048,1)
[1077]: (464.2180340658109,1)
[1078]: (464.2300268838119,1)
[1079]: (464.8939288079554,1)
[1080]: (464.4150459615369,1)
[1081]: (465.1161619690222,1)
[1082]: (464.446077458876,1)
[1083]: (464.6172190849379,1)
[1084]: (464.0080199539603,1)
[1085]: (464.1507173142183,1)
[1086]: (464.3258768139086,1)
[1087]: (464.5799108797668,1)
[1088]: (464.3564474330454,1)
[1089]: (464.0702639710324,1)
[1090]: (464.204791687689,1)
[1091]: (464.6439910241772,1)
[1092]: (464.2576769619582,1)
[1093]: (464.5704189868013,1)
[1094]: (464.1617216826615,1)
[1095]: (464.2621244345389,1)
[1096]: (464.4767040415163,1)
[1097]: (464.0407381365059,1)
[1098]: (464.6594028198725,1)
[1099]: (465.0040663167854,1)
[1100]: (464.7955231197502,1)
[1101]: (464.8806553812144,1)
[1102]: (464.6536459285227,1)
[1103]: (464.0571478210659,1)
[1104]: (465.022034867686,1)
[1105]: (464.1839580889347,1)
[1106]: (464.3404754047125,1)
[1107]: (464.5136446465068,1)
[1108]: (464.0921732792094,1)
[1109]: (464.3016609797776,1)
[1110]: (464.2814359660081,1)
[1111]: (464.056942741417,1)
[1112]: (464.1503563525825,1)
[1113]: (464.3753647920671,1)
[1114]: (464.3133609772882,1)
[1115]: (464.7196292479567,1)
[1116]: (464.1640076238489,1)
[1117]: (464.1738181188435,1)
[1118]: (465.0947441987504,1)
[1119]: (464.8364029612816,1)
[1120]: (464.047399249055,1)
[1121]: (464.0273536148996,1)
[1122]: (464.6650225754465,1)
[1123]: (464.9748024435589,1)
[1124]: (464.0145016256553,1)
[1125]: (464.6630809055882,1)
[1126]: (464.0301043868562,1)
[1127]: (464.0672755699889,1)
[1128]: (464.0282279854901,1)
[1129]: (464.0730974350808,1)
[1130]: (464.0647431218831,1)
[1131]: (464.0454283060948,1)
[1132]: (464.0520226900604,1)
[1133]: (464.234958821677,1)
[1134]: (465.3817568491553,1)
[1135]: (464.3994556191175,1)
[1136]: (464.2093848449894,1)
[1137]: (464.0248276063638,1)
[1138]: (464.4446676079538,1)
[1139]: (464.0254161254542,1)
[1140]: (464.9312852619182,1)
[1141]: (464.2667100928324,1)
[1142]: (464.6699033554046,1)
[1143]: (464.0107643643056,1)
[1144]: (464.028122137822,1)
[1145]: (464.0063660330661,1)
[1146]: (464.1539507589231,1)
[1147]: (464.0711830011856,1)
[1148]: (464.0479554592287,1)
[1149]: (464.0364386463229,1)
[1150]: (464.5860812287061,1)
[1151]: (464.0548193496955,1)
[1152]: (464.2627530478846,1)
[1153]: (464.0187316463459,1)
[1154]: (464.4629652969455,1)
[1155]: (464.9483952702133,1)
[1156]: (464.4497658732375,1)
[1157]: (464.6586729353481,1)
[1158]: (464.1508513302078,1)
[1159]: (464.6805448769348,1)
[1160]: (464.1230350400924,1)
[1161]: (464.0860583542929,1)
[1162]: (464.0285783623798,1)
[1163]: (464.1748819630882,1)
[1164]: (464.0000655090838,1)
[1165]: (464.0432721217218,1)
[1166]: (464.194171690367,1)
[1167]: (464.0982422470261,1)
[1168]: (464.4258834207182,1)
[1169]: (464.1320720188057,1)
[1170]: (464.0052600846346,1)
[1171]: (464.0681991263345,1)
[1172]: (464.094911291425,1)
[1173]: (464.7640356805167,1)
[1174]: (464.0816917236287,1)
[1175]: (464.3698923866542,1)
[1176]: (464.0461602121491,1)
[1177]: (464.2079793453992,1)
[1178]: (464.1354033093968,1)
[1179]: (464.1927424597928,1)
[1180]: (464.309431123539,1)
[1181]: (464.0202808135977,1)
[1182]: (464.1684875798854,1)
[1183]: (464.0998771766536,1)
[1184]: (464.530758403443,1)
[1185]: (464.6668810838087,1)
[1186]: (464.381506963103,1)
[1187]: (464.2806616956879,1)
[1188]: (464.0238000504883,1)
[1189]: (464.0183599908317,1)
[1190]: (464.4126953292007,1)
[1191]: (464.1853753920283,1)
[1192]: (464.6993877446353,1)
[1193]: (464.8185189031759,1)
[1194]: (464.5434635252142,1)
[1195]: (464.8998583172906,1)
[1196]: (464.5928178377608,1)
[1197]: (464.1876289159139,1)
[1198]: (464.1708149654793,1)
[1199]: (464.5419961537286,1)
[1200]: (464.1223276597875,1)
[1201]: (464.3550135554173,1)
[1202]: (464.1288264975823,1)
[1203]: (464.1093083275148,1)
[1204]: (464.1089193960397,1)
[1205]: (464.1317814415351,1)
[1206]: (464.2729194533769,1)
[1207]: (464.1780429412827,1)
[1208]: (464.9430306589011,1)
[1209]: (464.0538434050058,1)
[1210]: (464.04387659727,1)
[1211]: (465.1413386352604,1)
[1212]: (464.2495896325721,1)
[1213]: (464.1242928799038,1)
[1214]: (464.0520914681269,1)
[1215]: (464.1665547782479,1)
[1216]: (464.3624642441536,1)
[1217]: (464.1858095189927,1)
[1218]: (464.2573665698654,1)
[1219]: (464.2504590988066,1)
[1220]: (464.1466845319306,1)
[1221]: (464.011588493573,1)
[1222]: (464.0773722974506,1)
[1223]: (464.3332963002481,1)
[1224]: (464.0142645838735,1)
[1225]: (464.453584369504,1)
[1226]: (464.2584325320375,1)
[1227]: (464.0861720756123,1)
[1228]: (464.2017139242571,1)
[1229]: (464.6960771286413,1)
[1230]: (464.3733489131545,1)
[1231]: (464.0235092699861,1)
[1232]: (464.0449287731178,1)
[1233]: (464.0392586066508,1)
[1234]: (464.3475412922061,1)
[1235]: (464.0768497942285,1)
[1236]: (464.2117675850125,1)
[1237]: (464.480939142285,1)
[1238]: (465.0598324255541,1)
[1239]: (464.00176954606,1)
[1240]: (464.623162236805,1)
[1241]: (464.2739701148215,1)
[1242]: (464.2629160158911,1)
[1243]: (464.3308696017639,1)
[1244]: (464.0324682628216,1)
[1245]: (464.2850444417453,1)
[1246]: (464.8242403666325,1)
[1247]: (464.5075628002867,1)
[1248]: (464.0392778903214,1)
[1249]: (464.1417202035408,1)
[1250]: (464.107515162454,1)
[1251]: (464.0124421269459,1)
[1252]: (464.2667542494804,1)
[1253]: (464.0056695556417,1)
[1254]: (464.9152036822807,1)
[1255]: (464.1826995428324,1)
[1256]: (464.1471582384614,1)
[1257]: (464.6379898455427,1)
[1258]: (464.1338029191385,1)
[1259]: (464.0686133330655,1)
[1260]: (464.3546059573032,1)
[1261]: (464.5734461730775,1)
[1262]: (464.0951555007071,1)
[1263]: (464.4989088539014,1)
[1264]: (464.2939105601049,1)
[1265]: (464.0179888308215,1)
[1266]: (464.2247539883042,1)
[1267]: (465.0352896385203,1)
[1268]: (464.5314163515951,1)
[1269]: (464.210796475757,1)
[1270]: (464.0603568364821,1)
[1271]: (464.5645245398278,1)
[1272]: (464.2551348764447,1)
[1273]: (464.062347429502,1)
[1274]: (465.0651974132149,1)
[1275]: (464.0325673071295,1)
[1276]: (464.0762650386892,1)
[1277]: (464.2432583935736,1)
[1278]: (464.0833026952832,1)
[1279]: (464.7870372081707,1)
[1280]: (464.1718505263388,1)
[1281]: (464.1539807646445,1)
[1282]: (464.2625984443056,1)
[1283]: (464.1969309878366,1)
[1284]: (464.3194291579022,1)
[1285]: (464.0167791826156,1)
[1286]: (464.2818090891231,1)
[1287]: (464.0971529719366,1)
[1288]: (464.0297819685069,1)
[1289]: (464.55579891435,1)
[1290]: (464.0166976253856,1)
[1291]: (464.142200472456,1)
[1292]: (464.3213349305015,1)
[1293]: (464.030600599181,1)
[1294]: (464.2910209361588,1)
[1295]: (464.4960586942025,1)
[1296]: (464.4295554806354,1)
[1297]: (465.1894761384881,1)
[1298]: (464.4569076077236,1)
[1299]: (464.1231793670835,1)
[1300]: (464.0240528158353,1)
[1301]: (464.0433054833854,1)
[1302]: (464.3082222668752,1)
[1303]: (464.0311437850015,1)
[1304]: (464.9848825531374,1)
[1305]: (464.0247842837579,1)
[1306]: (464.8284350455486,1)
[1307]: (464.4166484537102,1)
[1308]: (464.0387055700232,1)
[1309]: (464.1782774841486,1)
[1310]: (464.0140092730105,1)
[1311]: (464.745810756975,1)
[1312]: (464.3226581761139,1)
[1313]: (464.2493297898445,1)
[1314]: (464.9001998797955,1)
[1315]: (464.3333976586385,1)
[1316]: (464.0406271391853,1)
[1317]: (464.264193710707,1)
[1318]: (466.3090917850194,1)
[1319]: (464.7754428603076,1)
[1320]: (464.076409830998,1)
[1321]: (464.5750842876703,1)
[1322]: (464.0683536967122,1)
[1323]: (464.0412405732417,1)
[1324]: (464.3886454276449,1)
[1325]: (464.0597888617655,1)
[1326]: (465.6129544451144,1)
[1327]: (464.2179071671922,1)
[1328]: (464.5185250841139,1)
[1329]: (464.2536801942929,1)
[1330]: (464.0527031725537,1)
[1331]: (464.645689787418,1)
[1332]: (464.0018143956559,1)
[1333]: (464.6818657791647,1)
[1334]: (464.9876137045176,1)
[1335]: (464.5659062535261,1)
[1336]: (464.1505996998593,1)
[1337]: (464.3882002481724,1)
[1338]: (464.0711560663893,1)
[1339]: (464.1140869766964,1)
[1340]: (465.0649578477855,1)
[1341]: (464.1111372869012,1)
[1342]: (464.0221518451287,1)
[1343]: (464.2266408016314,1)
[1344]: (464.0781862899188,1)
[1345]: (464.4913407557412,1)
[1346]: (464.143214057282,1)
[1347]: (464.1265210913102,1)
[1348]: (464.5909149237535,1)
[1349]: (464.2673837746965,1)
[1350]: (464.1746607376181,1)
[1351]: (464.0558873682123,1)
[1352]: (464.5559634322433,1)
[1353]: (464.117619561603,1)
[1354]: (464.4964568070989,1)
[1355]: (464.3402744585692,1)
[1356]: (464.7921386037579,1)
[1357]: (464.8932242623894,1)
[1358]: (464.3302560248378,1)
[1359]: (464.2731860927839,1)
[1360]: (464.5144149699486,1)
[1361]: (464.6693227423356,1)
[1362]: (464.2021582893885,1)
[1363]: (464.3816791657701,1)
[1364]: (464.6557459667459,1)
[1365]: (464.1099255238406,1)
[1366]: (464.3453291449652,1)
[1367]: (464.3265176380024,1)
[1368]: (465.0070436339282,1)
[1369]: (464.2657921523955,1)
[1370]: (464.0941641346647,1)
[1371]: (464.4209040580784,1)
[1372]: (464.4281727251526,1)
[1373]: (464.1911359269563,1)
[1374]: (464.0571947693202,1)
[1375]: (464.2408056093064,1)
[1376]: (464.5252574873138,1)
[1377]: (464.0883776064692,1)
[1378]: (464.7958037301176,1)
[1379]: (464.4509514925901,1)
[1380]: (464.2465104259098,1)
[1381]: (464.6241005689452,1)
[1382]: (464.0540756344693,1)
[1383]: (464.0828825503953,1)
[1384]: (464.0909917878748,1)
[1385]: (464.2872807816602,1)
[1386]: (464.2382468571871,1)
[1387]: (464.1140843786445,1)
[1388]: (464.1953954812577,1)
[1389]: (464.2980085479722,1)
[1390]: (464.1650038464703,1)
[1391]: (464.5816364108946,1)
[1392]: (464.0998476097026,1)
[1393]: (464.2282525868287,1)
[1394]: (464.1176098130481,1)
[1395]: (464.1463059941301,1)
[1396]: (464.0606220236251,1)
[1397]: (464.5102246384267,1)
[1398]: (464.4439160513217,1)
[1399]: (465.1691751612655,1)
[1400]: (465.0963644543435,1)
[1401]: (464.2215247894845,1)
[1402]: (464.0201922742472,1)
[1403]: (464.1408678878851,1)
[1404]: (464.3238299815286,1)
[1405]: (464.3235740560683,1)
[1406]: (464.0820857900674,1)
[1407]: (464.0129553570882,1)
[1408]: (464.2700905175024,1)
[1409]: (464.1690371189281,1)
[1410]: (464.1876359047617,1)
[1411]: (464.3077256314385,1)
[1412]: (464.9890835844549,1)
[1413]: (464.1007254733559,1)
[1414]: (464.6775617121731,1)
[1415]: (464.5145320393043,1)
[1416]: (464.166202267155,1)
[1417]: (465.9632616643378,1)
[1418]: (464.0163337649246,1)
[1419]: (464.1769206667444,1)
[1420]: (464.1320226149328,1)
[1421]: (464.4495990278447,1)
[1422]: (464.5998868236723,1)
[1423]: (464.2694505781648,1)
[1424]: (464.5758253489164,1)
[1425]: (464.1229563430738,1)
[1426]: (464.2235907422472,1)
[1427]: (464.3176784274062,1)
[1428]: (464.6961253080183,1)
[1429]: (464.3803122796858,1)
[1430]: (464.527033425351,1)
[1431]: (464.0073779769236,1)
[1432]: (464.7505659404167,1)
[1433]: (464.0955618026571,1)
[1434]: (464.0050838863008,1)
[1435]: (464.0834748329013,1)
[1436]: (464.3262872156388,1)
[1437]: (464.2459575802576,1)
[1438]: (464.1246944604275,1)
[1439]: (464.3394113763748,1)
[1440]: (464.1830919038594,1)
[1441]: (464.728509872887,1)
[1442]: (464.5634671134197,1)
[1443]: (464.6365357738204,1)
[1444]: (464.0975328394919,1)
[1445]: (464.1813372778636,1)
[1446]: (464.3250662104413,1)
[1447]: (464.234237635777,1)
[1448]: (464.0605409154017,1)
[1449]: (464.3190145784948,1)
[1450]: (464.1583681562776,1)
[1451]: (465.1702400187932,1)
[1452]: (464.9899511288098,1)
[1453]: (464.1375626465365,1)
[1454]: (464.1829984514634,1)
[1455]: (464.1169564694189,1)
[1456]: (464.2895736621192,1)
[1457]: (464.335069021558,1)
[1458]: (464.757167470988,1)
[1459]: (464.1129964446129,1)
[1460]: (464.4301858561685,1)
[1461]: (464.4142266449099,1)
[1462]: (464.3568664997593,1)
[1463]: (464.22862648123,1)
[1464]: (465.229922456943,1)
[1465]: (464.5483692296643,1)
[1466]: (464.1146822864334,1)
[1467]: (464.26686421049,1)
[1468]: (464.3339952567232,1)
[1469]: (464.0488474452093,1)
[1470]: (464.550726098584,1)
[1471]: (464.0544788708397,1)
[1472]: (464.1973057811315,1)
[1473]: (464.8426433834529,1)
[1474]: (464.1352524008036,1)
[1475]: (464.0094266323485,1)
[1476]: (464.3658806023672,1)
[1477]: (464.41891494238,1)
[1478]: (464.3819049501317,1)
[1479]: (464.1430409431346,1)
[1480]: (464.0185077280001,1)
[1481]: (464.9915232668924,1)
[1482]: (464.2456101311798,1)
[1483]: (464.1293877703214,1)
[1484]: (464.4595158323059,1)
[1485]: (464.4839115166002,1)
[1486]: (464.4978608908432,1)
[1487]: (464.3182572479731,1)
[1488]: (464.8499317460676,1)
[1489]: (464.5293202648704,1)
[1490]: (464.1641800449406,1)
[1491]: (464.1992803129912,1)
[1492]: (464.0823316713815,1)
[1493]: (464.5013186037281,1)
[1494]: (464.2163470215037,1)
[1495]: (464.3892515947763,1)
[1496]: (464.4697211196579,1)
[1497]: (464.363003553451,1)
[1498]: (465.1720878343417,1)
[1499]: (464.3877723337026,1)
[1500]: (464.2674287091428,1)
[1501]: (464.0095281740465,1)
[1502]: (465.2304410489281,1)
[1503]: (465.3462423321605,1)
[1504]: (464.033917017008,1)
[1505]: (464.0570578319494,1)
[1506]: (464.2295258097623,1)
[1507]: (464.0356404408715,1)
[1508]: (464.0399714192046,1)
[1509]: (464.2614282781643,1)
[1510]: (464.1098868788067,1)
[1511]: (464.175995556606,1)
[1512]: (464.645725351839,1)
[1513]: (464.0005188993294,1)
[1514]: (464.1625804216856,1)
[1515]: (464.650826898997,1)
[1516]: (464.3300612814224,1)
[1517]: (464.405144231702,1)
[1518]: (464.0472322205491,1)
[1519]: (464.1969375810681,1)
[1520]: (464.6667520336844,1)
[1521]: (464.2806134163989,1)
[1522]: (464.3146063410528,1)
[1523]: (464.7527167728299,1)
[1524]: (464.7157453381762,1)
[1525]: (464.2148767040267,1)
[1526]: (464.3825275001346,1)
[1527]: (464.1550451742584,1)
[1528]: (464.0219725552038,1)
[1529]: (464.1078484776563,1)
[1530]: (464.3518743399288,1)
[1531]: (464.3402029461061,1)
[1532]: (464.0347514563254,1)
[1533]: (464.0034214079702,1)
[1534]: (464.2822655158337,1)
[1535]: (464.0394912510289,1)
[1536]: (464.0001758827138,1)
[1537]: (464.1888067791689,1)
[1538]: (464.2101262552237,1)
[1539]: (464.2551314730374,1)
[1540]: (464.110356618868,1)
[1541]: (464.0168118040982,1)
[1542]: (464.077795056775,1)
[1543]: (464.0503262615263,1)
[1544]: (464.4372346995345,1)
[1545]: (464.2460375972145,1)
[1546]: (464.709321886864,1)
[1547]: (464.8779382834649,1)
[1548]: (464.0198946081833,1)
[1549]: (464.0728771939128,1)
[1550]: (464.717384351084,1)
[1551]: (464.1439632250952,1)
[1552]: (464.0830828076191,1)
[1553]: (464.5478612597373,1)
[1554]: (464.0795110677934,1)
[1555]: (464.4310056731019,1)
[1556]: (464.0338671687157,1)
[1557]: (464.8165016328705,1)
[1558]: (464.0005120625326,1)
[1559]: (464.2844980580765,1)
[1560]: (464.1066399546936,1)
[1561]: (464.1625991870063,1)
[1562]: (464.0255713250472,1)
[1563]: (464.3581062211637,1)
[1564]: (464.6805619374466,1)
[1565]: (464.0954453168276,1)
[1566]: (464.5017014641996,1)
[1567]: (464.0415418623519,1)
[1568]: (464.1207756574181,1)
[1569]: (464.2870648267462,1)
[1570]: (464.4314695867329,1)
[1571]: (465.0635846943514,1)
[1572]: (464.1645736326913,1)
[1573]: (464.0478976842932,1)
[1574]: (464.033993345087,1)
[1575]: (464.1709084801028,1)
[1576]: (464.1538778267666,1)
[1577]: (464.082077427988,1)
[1578]: (464.0246965230604,1)
[1579]: (464.1666527209894,1)
[1580]: (464.2271606439809,1)
[1581]: (464.0771378800059,1)
[1582]: (464.1946551523856,1)
[1583]: (464.2693770905756,1)
[1584]: (464.1389826987809,1)
[1585]: (464.2394085590803,1)
[1586]: (464.1913122767138,1)
[1587]: (464.0720627552552,1)
[1588]: (464.2838982024018,1)
[1589]: (464.049823880962,1)
[1590]: (464.3418572329722,1)
[1591]: (464.060989479329,1)
[1592]: (464.5599384471588,1)
[1593]: (464.8182104154561,1)
[1594]: (464.1193596222008,1)
[1595]: (464.1174988681094,1)
[1596]: (464.0634470904416,1)
[1597]: (464.0350977673584,1)
[1598]: (465.0170537362728,1)
[1599]: (464.3768262755018,1)
[1600]: (464.0798759583175,1)
[1601]: (464.3932699328425,1)
[1602]: (464.9243834737234,1)
[1603]: (464.1592730903934,1)
[1604]: (465.0902379627249,1)
[1605]: (464.2269044036626,1)
[1606]: (464.077291258476,1)
[1607]: (464.1026549812339,1)
[1608]: (464.3667276447766,1)
[1609]: (464.2256510662232,1)
[1610]: (464.0937762958292,1)
[1611]: (464.377259883029,1)
[1612]: (464.2985221192989,1)
[1613]: (464.1449398191491,1)
[1614]: (464.1745437530927,1)
[1615]: (464.3127935651524,1)
[1616]: (464.1220529994457,1)
[1617]: (464.2778611664458,1)
[1618]: (464.5451348039094,1)
[1619]: (464.2878003778295,1)
[1620]: (464.4210445056441,1)
[1621]: (464.3100805084094,1)
[1622]: (464.5171689237778,1)
[1623]: (464.4097422869731,1)
[1624]: (464.1322705576195,1)
[1625]: (465.7957279569187,1)
[1626]: (464.2715243940875,1)
[1627]: (464.2440594476249,1)
[1628]: (464.1623084206927,1)
[1629]: (464.0170118904329,1)
[1630]: (464.1595783731965,1)
[1631]: (464.2389464511066,1)
[1632]: (464.0612147800159,1)
[1633]: (465.6051149867678,1)
[1634]: (464.5403895092424,1)
[1635]: (465.2422753843907,1)
[1636]: (464.3432306043471,1)
[1637]: (464.9000226674314,1)
[1638]: (464.1518177796717,1)
[1639]: (464.1693509804219,1)
[1640]: (464.3781756803156,1)
[1641]: (464.0208935902484,1)
[1642]: (465.0993406014784,1)
[1643]: (464.1481798599036,1)
[1644]: (464.3764978376444,1)
[1645]: (464.2569171549846,1)
[1646]: (464.1381021938334,1)
[1647]: (464.2211947062476,1)
[1648]: (464.072730068462,1)
[1649]: (464.0486384549147,1)
[1650]: (464.3030851540752,1)
[1651]: (464.2845766094087,1)
[1652]: (464.3208002630673,1)
[1653]: (464.6245875489063,1)
[1654]: (464.4765530662057,1)
[1655]: (464.1618821387951,1)
[1656]: (464.1558585217909,1)
[1657]: (464.1913111820297,1)
[1658]: (464.3456066630756,1)
[1659]: (464.2857162828335,1)
[1660]: (464.0078913901859,1)
[1661]: (464.0436797826944,1)
[1662]: (464.4696505416423,1)
[1663]: (464.004991568031,1)
[1664]: (464.2956171155448,1)
[1665]: (465.1727652820791,1)
[1666]: (464.914669568698,1)
[1667]: (464.0619579428237,1)
[1668]: (464.3149685459249,1)
[1669]: (464.0588839959099,1)
[1670]: (464.1331252647609,1)
[1671]: (464.0542553055275,1)
[1672]: (464.0791999550495,1)
[1673]: (464.3083021009438,1)
[1674]: (464.3672451958312,1)
[1675]: (464.0029537145477,1)
[1676]: (464.1492652635798,1)
[1677]: (464.5359804517788,1)
[1678]: (464.1246120169737,1)
[1679]: (464.3004353025216,1)
[1680]: (464.0781068224946,1)
[1681]: (464.2611657270605,1)
[1682]: (466.1456667761201,1)
[1683]: (464.1560303276789,1)
[1684]: (465.1095227951844,1)
[1685]: (464.1746014007356,1)
[1686]: (464.4209375577772,1)
[1687]: (464.2541944656487,1)
[1688]: (464.1552669258561,1)
[1689]: (464.7437911015322,1)
[1690]: (464.1565446857695,1)
[1691]: (464.0335809786338,1)
[1692]: (464.0050204354313,1)
[1693]: (464.5525934719722,1)
[1694]: (464.3681590321783,1)
[1695]: (464.0641415671159,1)
[1696]: (464.1684213911252,1)
[1697]: (464.1538867039591,1)
[1698]: (464.1366517561058,1)
[1699]: (464.5132077634014,1)
[1700]: (464.1100388676461,1)
[1701]: (464.1397939813934,1)
[1702]: (464.1726229587953,1)
[1703]: (464.0905103142265,1)
[1704]: (464.3240294765479,1)
[1705]: (464.0109511556315,1)
[1706]: (464.0302337490083,1)
[1707]: (464.0277382911457,1)
[1708]: (464.1306413443406,1)
[1709]: (464.0196108161294,1)
[1710]: (464.3661003219706,1)
[1711]: (464.4319275880397,1)
[1712]: (464.405083544098,1)
[1713]: (464.4222949479603,1)
[1714]: (464.5590563340521,1)
[1715]: (464.0083774383016,1)
[1716]: (464.209717779487,1)
[1717]: (464.0539120517793,1)
[1718]: (464.0051934089577,1)
[1719]: (464.8577005339576,1)
[1720]: (464.2500451184414,1)
[1721]: (464.0980689342538,1)
[1722]: (464.1799566332501,1)
[1723]: (464.4614511754055,1)
[1724]: (464.1739070701217,1)
[1725]: (464.6491570816262,1)
[1726]: (464.0594299903913,1)
[1727]: (464.0795188358337,1)
[1728]: (464.0482383652673,1)
[1729]: (464.4774212398381,1)
[1730]: (464.2047570771149,1)
[1731]: (464.1757898913521,1)
[1732]: (464.4039962563969,1)
[1733]: (464.1956904339177,1)
[1734]: (464.2698710104223,1)
[1735]: (464.0599391947587,1)
[1736]: (464.6174883418391,1)
[1737]: (464.5413658575497,1)
[1738]: (464.0886151745033,1)
[1739]: (464.6671913514252,1)
[1740]: (464.0098541422839,1)
[1741]: (464.130715358122,1)
[1742]: (464.3263588465056,1)
[1743]: (464.0633550526338,1)
[1744]: (464.055373510929,1)
[1745]: (465.0957825476921,1)
[1746]: (464.725187187532,1)
[1747]: (464.2825404341394,1)
[1748]: (464.4834055276716,1)
[1749]: (464.7432813099362,1)
[1750]: (464.3125625751039,1)
[1751]: (464.9335824067776,1)
[1752]: (464.0060222702459,1)
[1753]: (464.1732843080343,1)
[1754]: (464.2739846468919,1)
[1755]: (464.4023148832404,1)
[1756]: (464.4421610971464,1)
[1757]: (464.0292509738459,1)
[1758]: (464.5528643762219,1)
[1759]: (464.8794783064577,1)
[1760]: (464.2922709269283,1)
[1761]: (464.3824242147879,1)
[1762]: (464.0882622551797,1)
[1763]: (464.7001598437525,1)
[1764]: (464.1517539555143,1)
[1765]: (464.1613006335157,1)
[1766]: (464.0347713673085,1)
[1767]: (464.1706976352993,1)
[1768]: (464.4959056806478,1)
[1769]: (464.1940186311321,1)
[1770]: (464.0032319548492,1)
[1771]: (464.87955363848,1)
[1772]: (464.9334964986919,1)
[1773]: (464.41633538433,1)
[1774]: (464.2641014331065,1)
[1775]: (464.3426313077061,1)
[1776]: (464.7132981147411,1)
[1777]: (464.2744419230355,1)
[1778]: (464.3715410703352,1)
[1779]: (464.4019118393992,1)
[1780]: (464.0362946241173,1)
[1781]: (464.3357887314964,1)
[1782]: (464.2237911624675,1)
[1783]: (464.0520362421157,1)
[1784]: (464.3809766705203,1)
[1785]: (464.1632283023134,1)
[1786]: (464.1900337056388,1)
[1787]: (464.0170326381499,1)
[1788]: (464.2185650610724,1)
[1789]: (464.2429210681859,1)
[1790]: (465.826586370729,1)
[1791]: (464.129722170356,1)
[1792]: (464.0333924689714,1)
[1793]: (464.0017310635737,1)
[1794]: (464.4316864371184,1)
[1795]: (464.1448078794601,1)
[1796]: (464.0630470914406,1)
[1797]: (465.0199532385006,1)
[1798]: (464.0447799793199,1)
[1799]: (464.3186523122766,1)
[1800]: (464.3584592168034,1)
[1801]: (464.036131649159,1)
[1802]: (464.1618962558099,1)
[1803]: (464.1787206832839,1)
[1804]: (464.6012422401085,1)
[1805]: (464.2487944196443,1)
[1806]: (464.1579112854777,1)
[1807]: (464.0689185919189,1)
[1808]: (464.0135418409669,1)
[1809]: (464.0891540309127,1)
[1810]: (464.0077724193716,1)
[1811]: (464.0217356486183,1)
[1812]: (464.1467289544589,1)
[1813]: (464.1166254819567,1)
[1814]: (464.1750328527672,1)
[1815]: (464.1502279323511,1)
[1816]: (464.2362496370878,1)
[1817]: (464.1439691056475,1)
[1818]: (464.2998244144115,1)
[1819]: (464.2397378136686,1)
[1820]: (464.1995359766014,1)
[1821]: (464.9720862747592,1)
[1822]: (464.4570550276324,1)
[1823]: (464.8438999154931,1)
[1824]: (464.0125707079597,1)
[1825]: (464.0692607262656,1)
[1826]: (464.042143711803,1)
[1827]: (464.2675336805003,1)
[1828]: (464.3856049020441,1)
[1829]: (464.1851036384801,1)
[1830]: (464.4435037771538,1)
[1831]: (464.3997417682739,1)
[1832]: (464.1631923657469,1)
[1833]: (464.4082744176105,1)
[1834]: (464.3781667521201,1)
[1835]: (464.1616134857055,1)
[1836]: (464.4170004807106,1)
[1837]: (464.0449273735997,1)
[1838]: (464.0579184852958,1)
[1839]: (464.3329869204516,1)
[1840]: (464.8941478508534,1)
[1841]: (464.4996445973298,1)
[1842]: (464.4888527980979,1)
[1843]: (464.4124824833737,1)
[1844]: (464.0421316217827,1)
[1845]: (464.6052322989768,1)
[1846]: (464.7704200806673,1)
[1847]: (464.1949500356732,1)
[1848]: (464.0861558786835,1)
[1849]: (464.6192410596249,1)
[1850]: (464.1658039598133,1)
[1851]: (464.7384113402766,1)
[1852]: (464.2109892769111,1)
[1853]: (464.0503781907732,1)
[1854]: (464.0908847448578,1)
[1855]: (464.4210659641258,1)
[1856]: (464.5388565124554,1)
[1857]: (464.2488990666738,1)
[1858]: (464.0222731966618,1)
[1859]: (464.2801302452382,1)
[1860]: (464.1256674624184,1)
[1861]: (464.4328547740311,1)
[1862]: (464.1845121611955,1)
[1863]: (464.2561775843827,1)
[1864]: (464.7298639244864,1)
[1865]: (464.0753072208503,1)
[1866]: (464.3515864133335,1)
[1867]: (464.6275341736554,1)
[1868]: (464.1814227660646,1)
[1869]: (464.3344070456204,1)
[1870]: (464.0499217964462,1)
[1871]: (465.0711609071085,1)
[1872]: (464.0914633479229,1)
[1873]: (464.7753048084631,1)
[1874]: (464.1094012989081,1)
[1875]: (464.0108464350727,1)
[1876]: (464.2061813096755,1)
[1877]: (464.0404116495122,1)
[1878]: (464.9499744425587,1)
[1879]: (464.1507236981541,1)
[1880]: (464.084217090966,1)
[1881]: (464.065205252495,1)
[1882]: (464.1610532741445,1)
[1883]: (464.0800230100652,1)
[1884]: (464.0084845105746,1)
[1885]: (464.0381924291642,1)
[1886]: (464.1046685140896,1)
[1887]: (464.2659770353865,1)
[1888]: (464.7872721670216,1)
[1889]: (464.2119772421487,1)
[1890]: (464.2779512368176,1)
[1891]: (464.0206564484093,1)
[1892]: (464.4004390356517,1)
[1893]: (464.4403632509395,1)
[1894]: (464.1451785027041,1)
[1895]: (464.4266167651559,1)
[1896]: (464.689169804209,1)
[1897]: (464.0386335955164,1)
[1898]: (464.3627258381468,1)
[1899]: (464.4535477758867,1)
[1900]: (464.6628119761862,1)
[1901]: (464.1372386127146,1)
[1902]: (464.5172425493398,1)
[1903]: (465.0622571553562,1)
[1904]: (464.0333404549449,1)
[1905]: (464.0455709453942,1)
[1906]: (464.1725268463557,1)
[1907]: (464.012695128724,1)
[1908]: (465.4934688926614,1)
[1909]: (464.4671543167334,1)
[1910]: (464.2428485219066,1)
[1911]: (464.6494686797213,1)
[1912]: (464.9570554804114,1)
[1913]: (464.2379534708583,1)
[1914]: (464.8797549261205,1)
[1915]: (464.0793064750456,1)
[1916]: (464.0773293884029,1)
[1917]: (464.6556253494271,1)
[1918]: (464.4683655240254,1)
[1919]: (464.0234352824614,1)
[1920]: (464.1046811138698,1)
[1921]: (464.0026561230807,1)
[1922]: (464.097689736742,1)
[1923]: (464.051376426561,1)
[1924]: (464.0157664450671,1)
[1925]: (464.4169482975427,1)
[1926]: (464.1549946504813,1)
[1927]: (464.1333485443815,1)
[1928]: (464.1101383408597,1)
[1929]: (464.5537530474089,1)
[1930]: (464.4104075441523,1)
[1931]: (464.8014069198431,1)
[1932]: (464.6578550325312,1)
[1933]: (465.4647290389617,1)
[1934]: (464.4978074987035,1)
[1935]: (464.0050539132484,1)
[1936]: (464.3082496262391,1)
[1937]: (464.2167588619484,1)
[1938]: (466.3896646764135,1)
[1939]: (464.5341696387748,1)
[1940]: (464.2377441546109,1)
[1941]: (464.2263876949828,1)
[1942]: (464.0323523823602,1)
[1943]: (464.0117996867234,1)
[1944]: (464.3745911934142,1)
[1945]: (464.1622436838017,1)
[1946]: (464.1598312443293,1)
[1947]: (465.602471510503,1)
[1948]: (464.054709274182,1)
[1949]: (464.8234583520663,1)
[1950]: (464.0942796245522,1)
[1951]: (464.6633894152369,1)
[1952]: (464.0893304845321,1)
[1953]: (464.0935216922763,1)
[1954]: (464.0420583644826,1)
[1955]: (464.2570755995998,1)
[1956]: (464.5401246050741,1)
[1957]: (464.0451853167489,1)
[1958]: (464.0834463941456,1)
[1959]: (464.411157109669,1)
[1960]: (464.0299363913774,1)
[1961]: (464.0793956578917,1)
[1962]: (464.0675737766711,1)
[1963]: (464.1018899443447,1)
[1964]: (464.6324076722845,1)
[1965]: (464.181321926646,1)
[1966]: (464.1888080848558,1)
[1967]: (464.5732939959093,1)
[1968]: (464.0615323220356,1)
[1969]: (464.3915292744489,1)
[1970]: (466.2299817326026,1)
[1971]: (464.1098588628863,1)
[1972]: (464.5674094326974,1)
[1973]: (464.4736164902299,1)
[1974]: (464.0581446058226,1)
[1975]: (464.0524451190156,1)
[1976]: (464.0090955588381,1)
[1977]: (464.1050525917647,1)
[1978]: (464.072778153562,1)
[1979]: (464.4244102302313,1)
[1980]: (464.4905058321173,1)
[1981]: (464.2075720887449,1)
[1982]: (464.0324584496547,1)
[1983]: (464.1335148969922,1)
[1984]: (464.2674654103968,1)
[1985]: (464.3846896692659,1)
[1986]: (464.03966800013,1)
[1987]: (464.3762320471727,1)
[1988]: (464.1035898616027,1)
[1989]: (465.3930609736333,1)
[1990]: (464.4903050374656,1)
[1991]: (464.1202950429813,1)
[1992]: (465.3902056891955,1)
[1993]: (464.3534927696948,1)
[1994]: (464.2237562525019,1)
[1995]: (464.1707630927871,1)
[1996]: (464.0319194926212,1)
[1997]: (464.1391768795294,1)
[1998]: (464.6307741526868,1)
[1999]: (464.1065668133685,1)
 -- States explored : 0 states
 -- CPU user time used : 28530 ms
 -- Virtual memory used : 53004 KiB
 -- Resident memory used : 14252 KiB
executionTime: 163
