core file size          (blocks, -c) unlimited
data seg size           (kbytes, -d) unlimited
scheduling priority             (-e) 0
file size               (blocks, -f) unlimited
pending signals                 (-i) 4077086
max locked memory       (kbytes, -l) 64
max memory size         (kbytes, -m) 32505856
open files                      (-n) 4096
pipe size            (512 bytes, -p) 8
POSIX message queues     (bytes, -q) 819200
real-time priority              (-r) 0
stack size              (kbytes, -s) 8192
cpu time               (seconds, -t) unlimited
max user processes              (-u) 4077086
virtual memory          (kbytes, -v) 31000000
file locks                      (-x) unlimited
Options for the verification:
  Generating some trace
  Search order is random depth first
  Using conservative space optimisation
  Seed is 1556856317
  State space representation uses minimal constraint systems
  Using HashMap + Compress integers for discrete state storage

Verifying formula 1 at ../queries/SP_50_60_16.q:1
 -- Formula is satisfied.
(9000 runs)
Learning statistics for best strategy: 
	Number of resets: 0
	Number of iterations in last reset: 10
	Number of iterations in total: 10

 -- States explored : 0 states
 -- CPU user time used : 132200 ms
 -- Virtual memory used : 66576 KiB
 -- Resident memory used : 27912 KiB

Verifying formula 2 at ../queries/SP_50_60_16.q:3
 -- Formula is satisfied.
Composer.Done:
[0]: (0,0) (157.0154335995818,1)
[1]: (157.4941661475381,1)
[2]: (157.9375659610927,1)
[3]: (157.1919320487383,1)
[4]: (157.1092548600143,1)
[5]: (157.4388118588736,1)
[6]: (157.0544349202367,1)
[7]: (157.1183295209387,1)
[8]: (157.5681340662503,1)
[9]: (157.2099297025138,1)
[10]: (157.3416146285449,1)
[11]: (157.1359335887582,1)
[12]: (157.832974740537,1)
[13]: (157.558849896332,1)
[14]: (157.5157617145772,1)
[15]: (157.7539308472025,1)
[16]: (157.6249675049253,1)
[17]: (157.0004529522191,1)
[18]: (158.2204746721579,1)
[19]: (157.676752444175,1)
[20]: (157.3494109338538,1)
[21]: (157.5821407936509,1)
[22]: (157.4349116448017,1)
[23]: (157.023060300147,1)
[24]: (157.5419288141249,1)
[25]: (157.276031928079,1)
[26]: (157.3267122024894,1)
[27]: (157.3564830125791,1)
[28]: (158.7012176221765,1)
[29]: (157.9141199774331,1)
[30]: (157.7615232394856,1)
[31]: (157.0076701267604,1)
[32]: (157.0187945368146,1)
[33]: (157.9913273321764,1)
[34]: (157.1274541034877,1)
[35]: (157.8027207217346,1)
[36]: (157.0443009075841,1)
[37]: (157.2868338356111,1)
[38]: (157.2655839276501,1)
[39]: (157.515492013704,1)
[40]: (157.580408156298,1)
[41]: (158.1268910997898,1)
[42]: (157.1548670066622,1)
[43]: (157.3445976386178,1)
[44]: (157.4555582934328,1)
[45]: (158.0177218345666,1)
[46]: (157.5707460494738,1)
[47]: (157.1818328763715,1)
[48]: (157.451785685302,1)
[49]: (157.7674708786854,1)
[50]: (157.2194934545798,1)
[51]: (157.0555236080158,1)
[52]: (157.4816541939058,1)
[53]: (157.2583979326194,1)
[54]: (158.0463891799462,1)
[55]: (157.1272251268499,1)
[56]: (157.3984805077628,1)
[57]: (157.0303087041377,1)
[58]: (157.0143708227477,1)
[59]: (157.101320526556,1)
[60]: (157.3596660920881,1)
[61]: (157.001650646418,1)
[62]: (157.4785332793968,1)
[63]: (157.3011146382825,1)
[64]: (157.1754153535155,1)
[65]: (157.8668237921523,1)
[66]: (157.178970187067,1)
[67]: (157.0859526702023,1)
[68]: (157.0797396240361,1)
[69]: (157.4359126133681,1)
[70]: (157.5371489730782,1)
[71]: (157.1960125900661,1)
[72]: (157.0389827031151,1)
[73]: (157.2196046223336,1)
[74]: (157.3846814955829,1)
[75]: (157.1027253657604,1)
[76]: (157.1831525656769,1)
[77]: (157.5315109045659,1)
[78]: (157.1554851357896,1)
[79]: (157.0563902885983,1)
[80]: (157.0218339703627,1)
[81]: (157.053454778012,1)
[82]: (157.0113154244101,1)
[83]: (157.4520766011691,1)
[84]: (157.1857624826089,1)
[85]: (157.2055714261043,1)
[86]: (157.281041805261,1)
[87]: (157.7379314949921,1)
[88]: (157.3614046243507,1)
[89]: (157.0025673766717,1)
[90]: (157.1352055472932,1)
[91]: (157.461161496649,1)
[92]: (157.1320283990407,1)
[93]: (157.8162308257583,1)
[94]: (157.1208162031274,1)
[95]: (157.0143537909409,1)
[96]: (157.0522907565319,1)
[97]: (157.0116187113019,1)
[98]: (157.5210939705251,1)
[99]: (157.2127064044654,1)
[100]: (157.2167417517635,1)
[101]: (157.3423825409774,1)
[102]: (157.1967305217183,1)
[103]: (157.1474765732827,1)
[104]: (157.7554554962472,1)
[105]: (157.1204921631308,1)
[106]: (157.2857922284979,1)
[107]: (157.160541108451,1)
[108]: (157.2268744079887,1)
[109]: (157.0841097242575,1)
[110]: (157.0344258300494,1)
[111]: (157.3703943363882,1)
[112]: (157.4892410224648,1)
[113]: (157.1331935799844,1)
[114]: (157.0481721447902,1)
[115]: (158.0901063240296,1)
[116]: (158.027877207474,1)
[117]: (157.3131461965839,1)
[118]: (157.057725441363,1)
[119]: (157.0651571711579,1)
[120]: (157.0040943095736,1)
[121]: (157.0379308219273,1)
[122]: (157.5266544427817,1)
[123]: (157.1749039516504,1)
[124]: (157.5221173385978,1)
[125]: (157.3744390537234,1)
[126]: (157.1517949783638,1)
[127]: (157.3211056865709,1)
[128]: (157.1428701101592,1)
[129]: (157.1758957114878,1)
[130]: (157.3117404318088,1)
[131]: (157.0394915918632,1)
[132]: (157.0825463005575,1)
[133]: (157.5975715446985,1)
[134]: (157.4741593270619,1)
[135]: (157.450087647221,1)
[136]: (158.1893127346475,1)
[137]: (157.4202950901461,1)
[138]: (157.0141179627584,1)
[139]: (157.158230482474,1)
[140]: (157.8780251111924,1)
[141]: (157.0257952244973,1)
[142]: (157.4087209835676,1)
[143]: (157.2416253941525,1)
[144]: (157.5141134666501,1)
[145]: (157.346323474794,1)
[146]: (157.3910833261516,1)
[147]: (158.6733717378403,1)
[148]: (157.0937383158436,1)
[149]: (158.5730900095294,1)
[150]: (157.0008128752179,1)
[151]: (157.0077612939753,1)
[152]: (157.0683703358445,1)
[153]: (157.9981172184461,1)
[154]: (157.2023585521682,1)
[155]: (158.3517664984545,1)
[156]: (157.0590912843209,1)
[157]: (157.3117351792956,1)
[158]: (157.2165587078995,1)
[159]: (157.342066272923,1)
[160]: (157.0640634477573,1)
[161]: (157.5991646536004,1)
[162]: (157.0441076340261,1)
[163]: (158.5743072046327,1)
[164]: (157.0656118059736,1)
[165]: (157.0374767824239,1)
[166]: (157.6073480621496,1)
[167]: (157.4876885324825,1)
[168]: (157.4241306360169,1)
[169]: (157.3707146941915,1)
[170]: (157.1575500572297,1)
[171]: (158.0180604014342,1)
[172]: (157.2773643901111,1)
[173]: (157.202103519835,1)
[174]: (157.473888318757,1)
[175]: (157.2995080187834,1)
[176]: (157.0313389299883,1)
[177]: (157.039092022002,1)
[178]: (157.0096914939592,1)
[179]: (157.0233947438597,1)
[180]: (157.5127106406131,1)
[181]: (157.2052329858595,1)
[182]: (157.1210366877257,1)
[183]: (157.7703789624493,1)
[184]: (157.1988589698647,1)
[185]: (157.2387956310392,1)
[186]: (157.4220842901002,1)
[187]: (157.5323798489386,1)
[188]: (157.9938669217919,1)
[189]: (157.6344688665141,1)
[190]: (157.5714321844714,1)
[191]: (157.2906114427723,1)
[192]: (157.0111803588429,1)
[193]: (157.4017169486397,1)
[194]: (157.2014643486357,1)
[195]: (157.1016850622879,1)
[196]: (157.2192203761078,1)
[197]: (157.0788377216265,1)
[198]: (157.6785574362536,1)
[199]: (157.0025534246174,1)
[200]: (157.0608662700876,1)
[201]: (157.4620256909635,1)
[202]: (157.0773979609708,1)
[203]: (157.4194624678775,1)
[204]: (157.0162973804245,1)
[205]: (157.3749367112061,1)
[206]: (157.0192917987704,1)
[207]: (157.5870371066781,1)
[208]: (157.2488812131291,1)
[209]: (157.681870550376,1)
[210]: (157.1908173284727,1)
[211]: (157.0592028720705,1)
[212]: (157.3328476297612,1)
[213]: (157.5593129401479,1)
[214]: (157.1608197136051,1)
[215]: (157.440968953584,1)
[216]: (157.0441380484845,1)
[217]: (157.6730323417607,1)
[218]: (157.0803001432228,1)
[219]: (157.1742838782524,1)
[220]: (157.0073882537263,1)
[221]: (157.3373330198599,1)
[222]: (157.6939415191123,1)
[223]: (157.6830390220116,1)
[224]: (157.4038409907559,1)
[225]: (157.0553300462635,1)
[226]: (157.7498483449104,1)
[227]: (157.7315104179571,1)
[228]: (158.115994491407,1)
[229]: (157.0731850823065,1)
[230]: (157.424406128184,1)
[231]: (157.1208613603508,1)
[232]: (158.6938814294685,1)
[233]: (157.0112085745724,1)
[234]: (157.0633810178734,1)
[235]: (157.0238151392817,1)
[236]: (157.1009718633358,1)
[237]: (157.2109844089354,1)
[238]: (157.1049751092834,1)
[239]: (157.5054620448376,1)
[240]: (157.0231505003238,1)
[241]: (157.151950127011,1)
[242]: (157.2173735367601,1)
[243]: (157.4575831540498,1)
[244]: (157.2403453609171,1)
[245]: (157.0352541528381,1)
[246]: (157.2994864231871,1)
[247]: (157.4146742357945,1)
[248]: (157.7615100606996,1)
[249]: (157.0442363277584,1)
[250]: (157.6592677346952,1)
[251]: (157.11697064936,1)
[252]: (157.2280504345319,1)
[253]: (157.113665218973,1)
[254]: (157.3885275683787,1)
[255]: (158.4420621928629,1)
[256]: (157.0302461186703,1)
[257]: (157.7420955477349,1)
[258]: (157.1792362410232,1)
[259]: (157.0743955406326,1)
[260]: (157.2575523726852,1)
[261]: (157.0444009128267,1)
[262]: (157.9234671839039,1)
[263]: (157.3334232994643,1)
[264]: (157.0854929364013,1)
[265]: (157.2597769972159,1)
[266]: (157.2131414556778,1)
[267]: (157.0184555791577,1)
[268]: (157.3462874756519,1)
[269]: (157.0993575891723,1)
[270]: (157.5115348312433,1)
[271]: (157.5703590684842,1)
[272]: (157.7794917389532,1)
[273]: (157.2087014164855,1)
[274]: (157.1090284487239,1)
[275]: (157.1733266776556,1)
[276]: (157.5925844969856,1)
[277]: (157.1124262320559,1)
[278]: (157.0511539234915,1)
[279]: (157.074141104563,1)
[280]: (157.0328556790381,1)
[281]: (157.4937771674854,1)
[282]: (157.2454486624877,1)
[283]: (157.3536095514716,1)
[284]: (157.4210544771296,1)
[285]: (157.1242971064409,1)
[286]: (157.0608320367769,1)
[287]: (157.028198040494,1)
[288]: (157.9709313620466,1)
[289]: (157.0999273592917,1)
[290]: (157.057256070751,1)
[291]: (157.013179922796,1)
[292]: (157.1078197912961,1)
[293]: (157.6043479814816,1)
[294]: (157.6500091412007,1)
[295]: (157.1104211947734,1)
[296]: (157.2264987087022,1)
[297]: (157.4188244205018,1)
[298]: (157.1983420116491,1)
[299]: (157.7938632013471,1)
[300]: (157.2794703827018,1)
[301]: (157.2227316851153,1)
[302]: (157.0688868866086,1)
[303]: (157.1607732003959,1)
[304]: (157.4839226078415,1)
[305]: (157.0745434740537,1)
[306]: (157.0036290520621,1)
[307]: (157.3043428804329,1)
[308]: (157.2442907897351,1)
[309]: (157.0979002559417,1)
[310]: (157.0261178090509,1)
[311]: (157.2167674839806,1)
[312]: (157.0230786725158,1)
[313]: (157.0040364709506,1)
[314]: (157.0116688202633,1)
[315]: (158.2692131554781,1)
[316]: (158.0240798851942,1)
[317]: (157.2477762247207,1)
[318]: (157.6011157798541,1)
[319]: (157.3724786762401,1)
[320]: (157.1949912933974,1)
[321]: (157.1751953028397,1)
[322]: (157.2628372518566,1)
[323]: (157.1860889680838,1)
[324]: (157.0760036670211,1)
[325]: (157.4272672319526,1)
[326]: (157.0158703186252,1)
[327]: (157.8123049931419,1)
[328]: (157.5816227210256,1)
[329]: (157.3365162462823,1)
[330]: (157.0059137441355,1)
[331]: (157.1697406081021,1)
[332]: (157.8332043136967,1)
[333]: (157.0001696067794,1)
[334]: (157.8601547257653,1)
[335]: (157.0111613234268,1)
[336]: (157.0442639953419,1)
[337]: (157.1544248465246,1)
[338]: (157.2189472482631,1)
[339]: (157.4434734830056,1)
[340]: (157.4093486463864,1)
[341]: (157.2406400790911,1)
[342]: (157.1744061446404,1)
[343]: (157.0383594837606,1)
[344]: (157.2538089139359,1)
[345]: (157.0577315556566,1)
[346]: (157.0619307249514,1)
[347]: (157.1898758614194,1)
[348]: (157.1704678187036,1)
[349]: (157.0164809734133,1)
[350]: (157.0778384992338,1)
[351]: (157.1191304525785,1)
[352]: (157.0359382371141,1)
[353]: (157.0614833568463,1)
[354]: (157.0251118993461,1)
[355]: (158.0766978751768,1)
[356]: (157.4610909720456,1)
[357]: (157.2306293082254,1)
[358]: (157.0548706540987,1)
[359]: (157.64434196772,1)
[360]: (157.3426877825167,1)
[361]: (157.0704223679438,1)
[362]: (157.2400306632291,1)
[363]: (157.3671575298507,1)
[364]: (158.2487121952883,1)
[365]: (157.5150229259843,1)
[366]: (157.1512935285291,1)
[367]: (157.1618865352914,1)
[368]: (157.5493752150505,1)
[369]: (157.1443343310411,1)
[370]: (157.9928446168037,1)
[371]: (157.3857427484958,1)
[372]: (157.1228488883581,1)
[373]: (157.0668000066885,1)
[374]: (157.2265270285336,1)
[375]: (157.2081586603179,1)
[376]: (157.0596186264643,1)
[377]: (157.2036742322925,1)
[378]: (157.3838528953737,1)
[379]: (157.3971918375357,1)
[380]: (157.0682513621677,1)
[381]: (157.0190917558327,1)
[382]: (157.0086923706394,1)
[383]: (157.0963158721302,1)
[384]: (157.2166465473282,1)
[385]: (157.0985035451588,1)
[386]: (157.4636794991561,1)
[387]: (157.1449050211872,1)
[388]: (157.1469851485062,1)
[389]: (157.3497612400432,1)
[390]: (157.1952204404128,1)
[391]: (157.3800478604009,1)
[392]: (157.7935793474185,1)
[393]: (157.1004962509658,1)
[394]: (158.0733361802428,1)
[395]: (157.0040534340378,1)
[396]: (157.4054563914767,1)
[397]: (157.6419758673042,1)
[398]: (157.0763551814508,1)
[399]: (157.0435681323087,1)
[400]: (157.0577100642254,1)
[401]: (157.5967315812866,1)
[402]: (157.2768467639839,1)
[403]: (157.2767791031388,1)
[404]: (157.1510867015436,1)
[405]: (157.1960439487661,1)
[406]: (157.0835120991117,1)
[407]: (157.2712570028388,1)
[408]: (157.1539078425082,1)
[409]: (157.5283919098736,1)
[410]: (157.2209670291647,1)
[411]: (157.1158140271035,1)
[412]: (157.3989204345541,1)
[413]: (157.0515850321052,1)
[414]: (157.3199418054827,1)
[415]: (158.5142884725778,1)
[416]: (158.2241611915758,1)
[417]: (157.0003010949083,1)
[418]: (157.7712611505178,1)
[419]: (157.1606121132787,1)
[420]: (157.361484871943,1)
[421]: (157.2888127768778,1)
[422]: (157.3891819653933,1)
[423]: (157.3434406434757,1)
[424]: (157.0986084658964,1)
[425]: (158.2882108530304,1)
[426]: (157.0080416354781,1)
[427]: (157.17889305045,1)
[428]: (157.1542897149003,1)
[429]: (157.5059740023221,1)
[430]: (157.0235550241225,1)
[431]: (157.2483346493365,1)
[432]: (157.2472497563571,1)
[433]: (157.1953069037349,1)
[434]: (158.2050003313047,1)
[435]: (157.3918882094285,1)
[436]: (157.8969889235845,1)
[437]: (157.8329787473976,1)
[438]: (157.1246501680544,1)
[439]: (157.0663006431145,1)
[440]: (157.0802865332293,1)
[441]: (157.4020243150685,1)
[442]: (157.2979261356659,1)
[443]: (157.1072251080913,1)
[444]: (157.109436612743,1)
[445]: (157.278870060258,1)
[446]: (157.4184881089697,1)
[447]: (157.359940964515,1)
[448]: (157.1448542510716,1)
[449]: (157.1306112100758,1)
[450]: (157.3140016503592,1)
[451]: (157.2572940017679,1)
[452]: (157.0816270848767,1)
[453]: (157.3378386630225,1)
[454]: (157.6704731010814,1)
[455]: (157.0714498326869,1)
[456]: (157.6482951856255,1)
[457]: (157.4080420195274,1)
[458]: (157.4768422669728,1)
[459]: (157.9549396566277,1)
[460]: (157.1541384247872,1)
[461]: (157.0659304963867,1)
[462]: (157.6686160187752,1)
[463]: (157.1987795607103,1)
[464]: (157.8112990599515,1)
[465]: (157.8645665349537,1)
[466]: (157.8139620566648,1)
[467]: (157.5772062018856,1)
[468]: (157.651279039426,1)
[469]: (157.1595206695603,1)
[470]: (157.1570470853719,1)
[471]: (157.9105406918624,1)
[472]: (157.4901437110859,1)
[473]: (157.2530126974272,1)
[474]: (157.3680238540732,1)
[475]: (157.6217635571642,1)
[476]: (157.7742374043769,1)
[477]: (157.3450590068017,1)
[478]: (157.032250693871,1)
[479]: (157.0141989549741,1)
[480]: (157.0733376299536,1)
[481]: (157.5295733934442,1)
[482]: (157.4966762999792,1)
[483]: (157.8427976126039,1)
[484]: (157.0711463555784,1)
[485]: (157.2565192565245,1)
[486]: (157.2528526502554,1)
[487]: (157.0306115903244,1)
[488]: (158.0216929239297,1)
[489]: (157.3392824818915,1)
[490]: (157.3357699359153,1)
[491]: (157.4566679302896,1)
[492]: (157.0912462385124,1)
[493]: (157.138913533864,1)
[494]: (157.4399122412522,1)
[495]: (157.3113747821452,1)
[496]: (157.4632068231622,1)
[497]: (157.0606557346352,1)
[498]: (157.3149869589703,1)
[499]: (157.0561037862294,1)
[500]: (157.1330242061519,1)
[501]: (157.7186529358603,1)
[502]: (157.3871345400565,1)
[503]: (157.0346864411017,1)
[504]: (157.3263913500343,1)
[505]: (157.4243807267111,1)
[506]: (157.2798637689436,1)
[507]: (157.149087265464,1)
[508]: (157.1100506716963,1)
[509]: (157.1568577759877,1)
[510]: (157.0312453640097,1)
[511]: (157.2879078806245,1)
[512]: (157.0839023701026,1)
[513]: (157.4004191832744,1)
[514]: (157.0136020488696,1)
[515]: (157.4836075270237,1)
[516]: (157.347292377105,1)
[517]: (157.1566935071036,1)
[518]: (157.2580704736622,1)
[519]: (157.2670009714707,1)
[520]: (157.4701806655297,1)
[521]: (157.0791943272763,1)
[522]: (157.0813381317616,1)
[523]: (157.1146642707005,1)
[524]: (157.0443833225902,1)
[525]: (157.301830200636,1)
[526]: (158.5661674158301,1)
[527]: (157.2063409496343,1)
[528]: (157.2982631504424,1)
[529]: (157.0285495276625,1)
[530]: (158.1892731735044,1)
[531]: (157.2323485869119,1)
[532]: (157.47197392003,1)
[533]: (157.1491154161596,1)
[534]: (157.2050429219496,1)
[535]: (158.1817683949986,1)
[536]: (157.0851631933284,1)
[537]: (157.6004069184156,1)
[538]: (159.6918762633263,1)
[539]: (157.3504923774187,1)
[540]: (157.3180256749826,1)
[541]: (157.2719765523125,1)
[542]: (157.0391637852835,1)
[543]: (157.3360021842527,1)
[544]: (157.464873057679,1)
[545]: (157.418670670146,1)
[546]: (158.0086309810409,1)
[547]: (157.5004760081175,1)
[548]: (157.0584000864218,1)
[549]: (157.4694266925453,1)
[550]: (157.2608528877609,1)
[551]: (157.0845161919007,1)
[552]: (157.8962260211773,1)
[553]: (157.3290454486656,1)
[554]: (157.260423748745,1)
[555]: (157.6061250374174,1)
[556]: (157.0642860225664,1)
[557]: (157.1900469969177,1)
[558]: (157.0829231987683,1)
[559]: (157.6933238537856,1)
[560]: (157.3563761584365,1)
[561]: (157.0036995642761,1)
[562]: (157.1089635993103,1)
[563]: (157.2288515711861,1)
[564]: (157.5212641539638,1)
[565]: (157.4118628784319,1)
[566]: (157.4842442580489,1)
[567]: (157.0708117318606,1)
[568]: (157.0675921621438,1)
[569]: (157.1948013800661,1)
[570]: (157.110031658094,1)
[571]: (157.1075347280733,1)
[572]: (157.4695938575043,1)
[573]: (157.231488495527,1)
[574]: (157.325765066408,1)
[575]: (157.2575991564684,1)
[576]: (157.1261217278493,1)
[577]: (157.1508351256298,1)
[578]: (157.638491922816,1)
[579]: (157.1351731773521,1)
[580]: (157.0585064693617,1)
[581]: (157.1894054615938,1)
[582]: (157.6047925704875,1)
[583]: (157.1389730512975,1)
[584]: (157.4814469142304,1)
[585]: (157.1406674676749,1)
[586]: (158.2647612838562,1)
[587]: (157.2561478612417,1)
[588]: (157.0358669693786,1)
[589]: (157.0635034591497,1)
[590]: (157.0340974128024,1)
[591]: (157.8978866147655,1)
[592]: (157.1771848537614,1)
[593]: (157.0507760288255,1)
[594]: (157.2027217719368,1)
[595]: (157.5709244409821,1)
[596]: (157.3276237656643,1)
[597]: (157.4958866366508,1)
[598]: (157.1011740761286,1)
[599]: (157.2258124059207,1)
[600]: (157.031429865996,1)
[601]: (157.4663461978847,1)
[602]: (157.9238526763205,1)
[603]: (157.3185984804256,1)
[604]: (157.8250014584377,1)
[605]: (157.4614666152997,1)
[606]: (157.3361867351402,1)
[607]: (157.000228462869,1)
[608]: (157.3424677608742,1)
[609]: (157.3679118516978,1)
[610]: (157.064063343511,1)
[611]: (157.0639118627417,1)
[612]: (157.3646418722883,1)
[613]: (157.8511701918215,1)
[614]: (157.6517691080859,1)
[615]: (157.0562702267316,1)
[616]: (157.2970903434603,1)
[617]: (157.8037784437968,1)
[618]: (157.5685902460208,1)
[619]: (157.211289181683,1)
[620]: (157.2478231456109,1)
[621]: (158.2528874569048,1)
[622]: (158.2883529982704,1)
[623]: (157.0513032837432,1)
[624]: (157.4333295052174,1)
[625]: (157.5532684085193,1)
[626]: (157.2187186260857,1)
[627]: (157.5420852898039,1)
[628]: (157.3561335944563,1)
[629]: (157.6685527706408,1)
[630]: (157.1957653316976,1)
[631]: (157.0212750900626,1)
[632]: (157.0776642137005,1)
[633]: (157.4768846311705,1)
[634]: (157.8214847857996,1)
[635]: (157.6667610470696,1)
[636]: (157.6719985608924,1)
[637]: (157.4739634823599,1)
[638]: (158.0956135836904,1)
[639]: (157.0154167790474,1)
[640]: (157.1753148716155,1)
[641]: (157.1666404928138,1)
[642]: (157.2358922438716,1)
[643]: (157.2971267358602,1)
[644]: (157.0836100416398,1)
[645]: (157.3249800272102,1)
[646]: (157.2229312333473,1)
[647]: (157.8397768828216,1)
[648]: (157.2304786078826,1)
[649]: (157.3161699578699,1)
[650]: (157.328871950726,1)
[651]: (157.1905477982022,1)
[652]: (157.4095419590631,1)
[653]: (157.060824620074,1)
[654]: (157.0260983159148,1)
[655]: (158.0746055657259,1)
[656]: (157.0797539780333,1)
[657]: (157.0483447391441,1)
[658]: (157.8775550736139,1)
[659]: (157.0033252245338,1)
[660]: (157.7277983057232,1)
[661]: (157.2456009805033,1)
[662]: (157.1409614733941,1)
[663]: (157.3082906153209,1)
[664]: (157.2082033112475,1)
[665]: (157.4336783984298,1)
[666]: (157.0753376559908,1)
[667]: (157.0039354865779,1)
[668]: (157.1271218377033,1)
[669]: (157.0076626342464,1)
[670]: (157.1556574251435,1)
[671]: (158.7839840116638,1)
[672]: (157.2767894630059,1)
[673]: (157.6117287403182,1)
[674]: (157.2972620351895,1)
[675]: (157.1561891081578,1)
[676]: (157.5115553495819,1)
[677]: (157.0036788299228,1)
[678]: (157.1662512298419,1)
[679]: (157.1369325064771,1)
[680]: (157.3348773797326,1)
[681]: (157.3268605161936,1)
[682]: (157.6609046059721,1)
[683]: (157.1341202046355,1)
[684]: (157.0848126913378,1)
[685]: (157.0016875116996,1)
[686]: (157.1185479921022,1)
[687]: (157.1389838414587,1)
[688]: (157.4846552817344,1)
[689]: (157.0886828861622,1)
[690]: (157.4702932363323,1)
[691]: (157.149364041105,1)
[692]: (157.0041326305594,1)
[693]: (157.3433666427889,1)
[694]: (157.2213988855805,1)
[695]: (157.4818752354844,1)
[696]: (157.0696008300891,1)
[697]: (157.1281736603345,1)
[698]: (157.0236604275398,1)
[699]: (157.0348485733453,1)
[700]: (157.0991419782562,1)
[701]: (157.0771335453178,1)
[702]: (157.1522283137014,1)
[703]: (157.3122147979499,1)
[704]: (157.3844892983961,1)
[705]: (157.2104661552098,1)
[706]: (157.7178539593569,1)
[707]: (157.237699324085,1)
[708]: (158.3397977029696,1)
[709]: (157.1382224837799,1)
[710]: (157.016984179993,1)
[711]: (157.0306391721412,1)
[712]: (157.0830834158234,1)
[713]: (157.2002157755596,1)
[714]: (157.0081411160904,1)
[715]: (157.4880758990273,1)
[716]: (157.0964797379789,1)
[717]: (157.3177257347241,1)
[718]: (157.5609726134091,1)
[719]: (157.0837760894861,1)
[720]: (157.2031757939184,1)
[721]: (157.9884394810099,1)
[722]: (157.1898075438699,1)
[723]: (157.6459485256406,1)
[724]: (157.338507284219,1)
[725]: (157.0053137769024,1)
[726]: (157.1366120424705,1)
[727]: (157.3392157259665,1)
[728]: (157.1568803484705,1)
[729]: (157.2245549975008,1)
[730]: (157.3448437148585,1)
[731]: (157.0524394651269,1)
[732]: (157.3973766968172,1)
[733]: (157.036686740719,1)
[734]: (157.0319507633037,1)
[735]: (157.7069784214532,1)
[736]: (157.5017690398709,1)
[737]: (157.2446842117562,1)
[738]: (157.7224208199052,1)
[739]: (157.4985289528546,1)
[740]: (157.4500064519179,1)
[741]: (157.1953464058784,1)
[742]: (157.0229409004075,1)
[743]: (157.1409701513207,1)
[744]: (157.3416442455584,1)
[745]: (158.1272508520302,1)
[746]: (157.172765862182,1)
[747]: (157.6220156945991,1)
[748]: (157.3652402904494,1)
[749]: (157.958906633893,1)
[750]: (157.11227178973,1)
[751]: (157.29435259031,1)
[752]: (157.3451035823265,1)
[753]: (157.2773535570389,1)
[754]: (157.1334112412713,1)
[755]: (157.2943562117521,1)
[756]: (157.1446308845603,1)
[757]: (157.5203244250416,1)
[758]: (157.1049229580016,1)
[759]: (157.8277487155019,1)
[760]: (157.2590820732526,1)
[761]: (157.3393273492216,1)
[762]: (157.0505516185841,1)
[763]: (157.3774623483073,1)
[764]: (157.1604535319011,1)
[765]: (157.1353940923736,1)
[766]: (157.2974599434188,1)
[767]: (157.0073157217992,1)
[768]: (157.0506284916435,1)
[769]: (157.0875893582678,1)
[770]: (157.0234179443961,1)
[771]: (157.6310612594161,1)
[772]: (157.9756307479729,1)
[773]: (158.0210802733674,1)
[774]: (157.0866864591013,1)
[775]: (157.1554247075416,1)
[776]: (157.0573816967062,1)
[777]: (157.7251987751269,1)
[778]: (157.3708460124824,1)
[779]: (157.0268572480943,1)
[780]: (157.1348778457148,1)
[781]: (157.0110283966104,1)
[782]: (157.108778785125,1)
[783]: (157.2078119073758,1)
[784]: (157.1367722921924,1)
[785]: (157.3805316421048,1)
[786]: (157.126063729918,1)
[787]: (157.1241738145231,1)
[788]: (157.8489298980015,1)
[789]: (157.3601592180869,1)
[790]: (157.5537689582945,1)
[791]: (157.3913117527259,1)
[792]: (157.3959395033259,1)
[793]: (157.3167759818622,1)
[794]: (157.109537234337,1)
[795]: (157.0979430184985,1)
[796]: (157.1319874895317,1)
[797]: (158.0231390774016,1)
[798]: (157.4199845119276,1)
[799]: (157.6812892895389,1)
[800]: (157.0354033810853,1)
[801]: (157.2127855102513,1)
[802]: (157.6464844950396,1)
[803]: (157.8441593638643,1)
[804]: (157.2343098130275,1)
[805]: (157.3468687637169,1)
[806]: (157.2239401968737,1)
[807]: (157.1650112230821,1)
[808]: (157.3313626761092,1)
[809]: (157.0943019476008,1)
[810]: (157.1967460036531,1)
[811]: (157.2325349640595,1)
[812]: (157.8837724134336,1)
[813]: (157.9401463054552,1)
[814]: (157.2510408076645,1)
[815]: (157.9546980105016,1)
[816]: (158.9063414381353,1)
[817]: (157.5185554369687,1)
[818]: (157.0367271887368,1)
[819]: (157.7174483032067,1)
[820]: (157.312227311069,1)
[821]: (157.6840001734054,1)
[822]: (157.6952622445471,1)
[823]: (157.3209370892935,1)
[824]: (157.0959991417764,1)
[825]: (157.039035701022,1)
[826]: (157.5263130919996,1)
[827]: (157.3454118824282,1)
[828]: (157.5949271612898,1)
[829]: (157.780693181028,1)
[830]: (157.1576011175553,1)
[831]: (157.3726864278805,1)
[832]: (157.7776016974086,1)
[833]: (157.1620882529971,1)
[834]: (157.383836279332,1)
[835]: (157.0756223031156,1)
[836]: (157.1910946847093,1)
[837]: (157.4968696559291,1)
[838]: (157.2063059238936,1)
[839]: (157.0191680993853,1)
[840]: (157.1302729695095,1)
[841]: (157.2374669022093,1)
[842]: (157.4570842557746,1)
[843]: (157.161132938271,1)
[844]: (157.1767131751289,1)
[845]: (157.4315382681869,1)
[846]: (157.2042008083858,1)
[847]: (157.3341338037075,1)
[848]: (158.4213630003411,1)
[849]: (157.7289369263548,1)
[850]: (157.562865885989,1)
[851]: (157.3548995465891,1)
[852]: (157.7865081616139,1)
[853]: (157.1360657547715,1)
[854]: (157.435325842198,1)
[855]: (157.2334671376558,1)
[856]: (158.3645146017653,1)
[857]: (157.1764983898596,1)
[858]: (158.0814028765359,1)
[859]: (157.0003867719385,1)
[860]: (157.219968655266,1)
[861]: (157.3776737452561,1)
[862]: (157.5129939350598,1)
[863]: (157.3405696525751,1)
[864]: (157.1200044269269,1)
[865]: (157.0164540091,1)
[866]: (157.8005747637028,1)
[867]: (157.7882616210728,1)
[868]: (157.0774552425832,1)
[869]: (157.1687434503658,1)
[870]: (157.3951978200678,1)
[871]: (157.0272759271803,1)
[872]: (157.3311745728797,1)
[873]: (157.2379114199303,1)
[874]: (157.5564009968236,1)
[875]: (157.099859406582,1)
[876]: (157.9243670614473,1)
[877]: (157.5863843252573,1)
[878]: (157.0904740613269,1)
[879]: (157.325800543539,1)
[880]: (157.5158893914516,1)
[881]: (157.5689735821786,1)
[882]: (157.0502293556781,1)
[883]: (157.5259102507852,1)
[884]: (157.2794996426786,1)
[885]: (157.2476902215441,1)
[886]: (157.9222360373633,1)
[887]: (157.4007069197648,1)
[888]: (157.1711921455847,1)
[889]: (157.096449758648,1)
[890]: (157.0560723879782,1)
[891]: (157.3474423028886,1)
[892]: (157.1631188428342,1)
[893]: (157.1616532871244,1)
[894]: (157.1174366748207,1)
[895]: (157.1292498877669,1)
[896]: (157.4153448299291,1)
[897]: (157.2024697390135,1)
[898]: (157.3993000110949,1)
[899]: (157.991540551518,1)
[900]: (157.3526521157612,1)
[901]: (157.0438074876781,1)
[902]: (157.6532330456995,1)
[903]: (157.1933968215087,1)
[904]: (157.0266068741669,1)
[905]: (157.4379550335534,1)
[906]: (157.9184220108206,1)
[907]: (157.0221878670103,1)
[908]: (157.0225350582405,1)
[909]: (157.6341098087284,1)
[910]: (157.2054529271338,1)
[911]: (157.2390026328021,1)
[912]: (157.0960434590317,1)
[913]: (157.2090664925069,1)
[914]: (157.3024060928624,1)
[915]: (157.4124578667415,1)
[916]: (157.3910259346889,1)
[917]: (157.3724495348731,1)
[918]: (157.2116161534527,1)
[919]: (157.2594317372069,1)
[920]: (157.2966103352409,1)
[921]: (157.3243014764009,1)
[922]: (157.5742079899026,1)
[923]: (157.0167951392093,1)
[924]: (157.672307707765,1)
[925]: (157.2112143415867,1)
[926]: (157.2562153832887,1)
[927]: (157.0583778017701,1)
[928]: (157.4308621186574,1)
[929]: (157.0167775012582,1)
[930]: (157.1338971916772,1)
[931]: (157.2140554610249,1)
[932]: (157.2393971251213,1)
[933]: (157.0700813039583,1)
[934]: (157.1189258284222,1)
[935]: (157.0901918326796,1)
[936]: (157.5863698399942,1)
[937]: (157.0311313853469,1)
[938]: (157.0026136856061,1)
[939]: (157.3652072333473,1)
[940]: (158.0862850258353,1)
[941]: (158.5981421106808,1)
[942]: (157.3225733394087,1)
[943]: (157.0363270618706,1)
[944]: (157.6753777625496,1)
[945]: (157.2221891287716,1)
[946]: (157.0740292812376,1)
[947]: (157.2841044150852,1)
[948]: (157.6686514727081,1)
[949]: (157.0082876695177,1)
[950]: (157.3971789848412,1)
[951]: (157.1290462277726,1)
[952]: (157.3302352846213,1)
[953]: (157.1636680691086,1)
[954]: (157.7262737061477,1)
[955]: (157.0103820255077,1)
[956]: (157.0445226169811,1)
[957]: (157.0401920906513,1)
[958]: (157.0201536758123,1)
[959]: (157.0375432097929,1)
[960]: (157.0416281755821,1)
[961]: (157.0131260747499,1)
[962]: (157.0843053585337,1)
[963]: (157.4248625212702,1)
[964]: (157.0305452442419,1)
[965]: (157.2905320734328,1)
[966]: (157.0822919370388,1)
[967]: (157.2662181925142,1)
[968]: (157.1632041255328,1)
[969]: (157.2596149963679,1)
[970]: (157.0717954032836,1)
[971]: (157.1518893712105,1)
[972]: (157.4748428195089,1)
[973]: (157.0709527258229,1)
[974]: (157.083837628423,1)
[975]: (157.3961006206587,1)
[976]: (158.0393981298998,1)
[977]: (157.2257847090574,1)
[978]: (157.1861479237556,1)
[979]: (157.2166764846875,1)
[980]: (157.1039889283139,1)
[981]: (157.3880695538793,1)
[982]: (157.0423757675231,1)
[983]: (157.4136466001253,1)
[984]: (157.1993998987599,1)
[985]: (157.1665417344156,1)
[986]: (157.0956895929193,1)
[987]: (157.6212399153936,1)
[988]: (158.0254950166591,1)
[989]: (157.141990230166,1)
[990]: (157.0219532524073,1)
[991]: (157.0519673738507,1)
[992]: (157.2438031737811,1)
[993]: (157.1699615109098,1)
[994]: (157.8508991630717,1)
[995]: (157.1035879455687,1)
[996]: (157.0164724241297,1)
[997]: (157.0640439353263,1)
[998]: (157.4159930511629,1)
[999]: (157.004924347961,1)
[1000]: (157.0425924972731,1)
[1001]: (157.1491842700006,1)
[1002]: (157.4424568710866,1)
[1003]: (157.1535597124232,1)
[1004]: (157.2189461989244,1)
[1005]: (157.0495164632123,1)
[1006]: (157.7375530289138,1)
[1007]: (157.2939922632973,1)
[1008]: (157.1006711246922,1)
[1009]: (157.3737205032002,1)
[1010]: (157.0670210973062,1)
[1011]: (157.0503240532968,1)
[1012]: (157.0114990725034,1)
[1013]: (157.4725041568159,1)
[1014]: (157.5394389974418,1)
[1015]: (157.4094410293559,1)
[1016]: (157.8877493946303,1)
[1017]: (157.6007795516408,1)
[1018]: (157.1854068959297,1)
[1019]: (157.3021347787457,1)
[1020]: (158.3044617820051,1)
[1021]: (157.0478476149629,1)
[1022]: (157.0112985241458,1)
[1023]: (157.3363254219978,1)
[1024]: (157.1358614233201,1)
[1025]: (157.157831599804,1)
[1026]: (157.1392526234487,1)
[1027]: (157.5279222233967,1)
[1028]: (157.1645546955626,1)
[1029]: (158.2510655550247,1)
[1030]: (157.2852953724958,1)
[1031]: (157.0745382545703,1)
[1032]: (157.6583239468812,1)
[1033]: (157.737706586682,1)
[1034]: (157.089507033938,1)
[1035]: (157.3560092234091,1)
[1036]: (158.1664148594907,1)
[1037]: (158.3866745698938,1)
[1038]: (157.1424363191733,1)
[1039]: (157.7381796783312,1)
[1040]: (157.3708721560496,1)
[1041]: (157.2311935860321,1)
[1042]: (157.1047943280393,1)
[1043]: (157.0267869918602,1)
[1044]: (157.1074144578109,1)
[1045]: (157.533976762997,1)
[1046]: (157.3724179073872,1)
[1047]: (157.1211676517605,1)
[1048]: (157.3461011430842,1)
[1049]: (157.1968246439678,1)
[1050]: (157.3766430863799,1)
[1051]: (157.0855506014381,1)
[1052]: (157.3344467309464,1)
[1053]: (157.5403074916296,1)
[1054]: (157.3806061887709,1)
[1055]: (157.2329852739724,1)
[1056]: (157.0640077735675,1)
[1057]: (158.4471270567794,1)
[1058]: (157.2298110069324,1)
[1059]: (157.5599677890464,1)
[1060]: (157.039025618861,1)
[1061]: (157.0236635749461,1)
[1062]: (157.2561793732667,1)
[1063]: (157.6799697312511,1)
[1064]: (157.1112657128874,1)
[1065]: (157.2074122338595,1)
[1066]: (157.0732527757098,1)
[1067]: (157.2470872791275,1)
[1068]: (157.6862118119016,1)
[1069]: (157.6582510851493,1)
[1070]: (157.655730451384,1)
[1071]: (157.1188710251614,1)
[1072]: (157.2426467807541,1)
[1073]: (157.3178334126023,1)
[1074]: (157.0227761449904,1)
[1075]: (157.0227809075226,1)
[1076]: (157.1290916372078,1)
[1077]: (157.6292465364315,1)
[1078]: (157.1102883900712,1)
[1079]: (157.0337480590677,1)
[1080]: (157.2088911712588,1)
[1081]: (157.0824677675707,1)
[1082]: (157.1096902504108,1)
[1083]: (157.7011066759912,1)
[1084]: (157.0913565989939,1)
[1085]: (157.533705857915,1)
[1086]: (157.2209315504942,1)
[1087]: (157.1354710358007,1)
[1088]: (157.5213643436541,1)
[1089]: (157.1279562459269,1)
[1090]: (157.1991211831832,1)
[1091]: (158.1315363267352,1)
[1092]: (157.1734542834085,1)
[1093]: (157.3899096359648,1)
[1094]: (157.2449785838475,1)
[1095]: (157.551454687429,1)
[1096]: (157.1398583481676,1)
[1097]: (157.0189754138916,1)
[1098]: (157.7967209796226,1)
[1099]: (157.0388660898037,1)
[1100]: (158.5404388335399,1)
[1101]: (157.2752603002906,1)
[1102]: (157.012547249882,1)
[1103]: (157.1515550532443,1)
[1104]: (157.0606723142219,1)
[1105]: (157.2570815084354,1)
[1106]: (157.5637392558315,1)
[1107]: (157.2936592744647,1)
[1108]: (157.9813240642004,1)
[1109]: (157.0177437100677,1)
[1110]: (157.4578944081427,1)
[1111]: (157.2316665653567,1)
[1112]: (157.019236067753,1)
[1113]: (157.767515937842,1)
[1114]: (157.3162988486981,1)
[1115]: (157.485795564419,1)
[1116]: (157.0088484648881,1)
[1117]: (157.5985801620464,1)
[1118]: (157.1742625957809,1)
[1119]: (157.5871031083782,1)
[1120]: (157.4359224888716,1)
[1121]: (157.2451549170761,1)
[1122]: (157.2646614594772,1)
[1123]: (157.128306184906,1)
[1124]: (157.1695421387589,1)
[1125]: (157.0525191454761,1)
[1126]: (157.4046973903752,1)
[1127]: (157.1743225015818,1)
[1128]: (157.4043535029429,1)
[1129]: (157.0609735757817,1)
[1130]: (157.0080211843189,1)
[1131]: (157.2584686075456,1)
[1132]: (157.1164015062216,1)
[1133]: (157.0996889413845,1)
[1134]: (157.1614702986471,1)
[1135]: (157.3511408957447,1)
[1136]: (157.038915357911,1)
[1137]: (157.524057844106,1)
[1138]: (157.653577833229,1)
[1139]: (157.0809589543817,1)
[1140]: (157.2601031994929,1)
[1141]: (157.2602186361708,1)
[1142]: (158.1581693020299,1)
[1143]: (158.1379980754934,1)
[1144]: (157.1454403071266,1)
[1145]: (157.043516733109,1)
[1146]: (157.059878867432,1)
[1147]: (157.7859330785475,1)
[1148]: (157.7743204010144,1)
[1149]: (157.2290920640368,1)
[1150]: (157.2278074997735,1)
[1151]: (157.1433003955879,1)
[1152]: (157.3046414979866,1)
[1153]: (157.5535812728205,1)
[1154]: (157.94904577685,1)
[1155]: (157.0386199611195,1)
[1156]: (157.7365154132287,1)
[1157]: (157.053760867594,1)
[1158]: (157.5196913968221,1)
[1159]: (157.0519848121741,1)
[1160]: (157.1201846823511,1)
[1161]: (157.2011073982657,1)
[1162]: (157.4518240296832,1)
[1163]: (157.2306450873877,1)
[1164]: (157.0196985171156,1)
[1165]: (157.1125025877998,1)
[1166]: (157.3731494321,1)
[1167]: (157.3775945837671,1)
[1168]: (157.5903041504253,1)
[1169]: (157.3659181742396,1)
[1170]: (157.6898242690226,1)
[1171]: (157.1116549144153,1)
[1172]: (157.4054267948338,1)
[1173]: (157.2500078316544,1)
[1174]: (157.7850000181308,1)
[1175]: (157.5932195011231,1)
[1176]: (157.6545049299027,1)
[1177]: (157.4854492495878,1)
[1178]: (157.2407152781356,1)
[1179]: (157.0586698280558,1)
[1180]: (157.5991506649906,1)
[1181]: (157.0804034382868,1)
[1182]: (157.1024954922619,1)
[1183]: (157.0027476375679,1)
[1184]: (157.4881837897267,1)
[1185]: (157.0911554317083,1)
[1186]: (157.8119384120315,1)
[1187]: (157.019132164732,1)
[1188]: (157.1622196739898,1)
[1189]: (157.1570603450302,1)
[1190]: (157.2368785618602,1)
[1191]: (157.0070552288238,1)
[1192]: (157.0341739707298,1)
[1193]: (157.5841992439679,1)
[1194]: (157.4950148082473,1)
[1195]: (157.1671635052802,1)
[1196]: (157.1397674949432,1)
[1197]: (157.8160492741864,1)
[1198]: (157.6780988916061,1)
[1199]: (157.0171235114573,1)
[1200]: (157.0880590836896,1)
[1201]: (157.0772456383541,1)
[1202]: (157.1709882059732,1)
[1203]: (157.1746045675492,1)
[1204]: (158.2796735618632,1)
[1205]: (157.0184728852302,1)
[1206]: (157.0387107425504,1)
[1207]: (157.3668291979646,1)
[1208]: (157.0533108093812,1)
[1209]: (157.189832417292,1)
[1210]: (157.1230560512232,1)
[1211]: (157.4331592481326,1)
[1212]: (157.4702945441493,1)
[1213]: (157.290971372824,1)
[1214]: (157.1996530685177,1)
[1215]: (157.0543239618287,1)
[1216]: (157.6723556436223,1)
[1217]: (157.6175078739779,1)
[1218]: (157.0206297249973,1)
[1219]: (157.0429684461862,1)
[1220]: (157.2658274407422,1)
[1221]: (157.1557684268856,1)
[1222]: (157.0335131593878,1)
[1223]: (157.0262600880678,1)
[1224]: (157.3443615460959,1)
[1225]: (157.0425490371857,1)
[1226]: (157.2046429775633,1)
[1227]: (157.3404394271523,1)
[1228]: (157.2398023367265,1)
[1229]: (157.4288398643905,1)
[1230]: (157.146642714366,1)
[1231]: (157.1981183337681,1)
[1232]: (157.0824867921043,1)
[1233]: (157.2143422500254,1)
[1234]: (157.0268621801671,1)
[1235]: (157.0497908342494,1)
[1236]: (157.4333991398723,1)
[1237]: (157.1389367847055,1)
[1238]: (157.2240265557996,1)
[1239]: (157.2180451926228,1)
[1240]: (157.5824654168713,1)
[1241]: (157.3201644929845,1)
[1242]: (157.9037343451976,1)
[1243]: (157.3759045750816,1)
[1244]: (157.2109968887662,1)
[1245]: (158.9638045292891,1)
[1246]: (157.3814763520228,1)
[1247]: (157.8815793052323,1)
[1248]: (157.2250188045839,1)
[1249]: (157.3179371612881,1)
[1250]: (157.1017967357751,1)
[1251]: (157.2094912507106,1)
[1252]: (157.4697387948586,1)
[1253]: (157.1513090661807,1)
[1254]: (158.2209759529417,1)
[1255]: (157.2545379774675,1)
[1256]: (157.1421423785225,1)
[1257]: (157.5303415323532,1)
[1258]: (157.1678257341636,1)
[1259]: (157.1305940184984,1)
[1260]: (157.4153434438143,1)
[1261]: (157.0177536799112,1)
[1262]: (157.0296429644358,1)
[1263]: (157.454350677369,1)
[1264]: (157.4524726938135,1)
[1265]: (157.7357666622931,1)
[1266]: (157.0249133665112,1)
[1267]: (157.4741283868269,1)
[1268]: (157.3431324969482,1)
[1269]: (157.1508352771178,1)
[1270]: (157.6273721358625,1)
[1271]: (157.0145296946544,1)
[1272]: (157.0756572618297,1)
[1273]: (157.0674170467752,1)
[1274]: (158.0801001984433,1)
[1275]: (157.0272662629321,1)
[1276]: (157.1343155692979,1)
[1277]: (157.4923213151631,1)
[1278]: (157.504111763271,1)
[1279]: (158.460314645205,1)
[1280]: (157.6116016791223,1)
[1281]: (157.0179529242904,1)
[1282]: (157.4214253521145,1)
[1283]: (157.0114331353544,1)
[1284]: (157.0711687497003,1)
[1285]: (157.2842370774515,1)
[1286]: (157.0532491993767,1)
[1287]: (157.1592050620415,1)
[1288]: (157.0116944913964,1)
[1289]: (157.0552362715759,1)
[1290]: (157.0028228633774,1)
[1291]: (157.1240844323663,1)
[1292]: (157.9321368854465,1)
[1293]: (157.6919360719647,1)
[1294]: (157.0878868782198,1)
[1295]: (157.4344521127795,1)
[1296]: (157.1084272243563,1)
[1297]: (157.6681059765481,1)
[1298]: (157.5030829590401,1)
[1299]: (157.265902156312,1)
[1300]: (157.1433173552422,1)
[1301]: (157.1096214203592,1)
[1302]: (157.3564190298793,1)
[1303]: (157.2369337312053,1)
[1304]: (157.0374737199828,1)
[1305]: (157.0028907389699,1)
[1306]: (157.094927929491,1)
[1307]: (157.0705177751722,1)
[1308]: (157.0562503273906,1)
[1309]: (157.2432007993947,1)
[1310]: (157.5354579822832,1)
[1311]: (157.0214854098844,1)
[1312]: (157.1572380821803,1)
[1313]: (157.4488383782945,1)
[1314]: (157.2111126682325,1)
[1315]: (157.0510422458877,1)
[1316]: (157.2935887604033,1)
[1317]: (158.3397244331881,1)
[1318]: (157.1125098240998,1)
[1319]: (157.2326442939552,1)
[1320]: (157.8393399358339,1)
[1321]: (158.2482993565008,1)
[1322]: (157.4151630564204,1)
[1323]: (157.641708749329,1)
[1324]: (157.2158330648001,1)
[1325]: (157.3271569254856,1)
[1326]: (157.1513653878673,1)
[1327]: (157.4544779560152,1)
[1328]: (157.1639578142935,1)
[1329]: (157.1244042910597,1)
[1330]: (157.872249046495,1)
[1331]: (157.0465628943977,1)
[1332]: (157.459649524768,1)
[1333]: (157.4315601056767,1)
[1334]: (157.4924356692144,1)
[1335]: (157.006957312237,1)
[1336]: (157.0852783695472,1)
[1337]: (157.0609828750416,1)
[1338]: (157.7646420341914,1)
[1339]: (157.6122752466237,1)
[1340]: (157.3549218664852,1)
[1341]: (157.2329630709004,1)
[1342]: (157.1496951419968,1)
[1343]: (157.0557822037266,1)
[1344]: (157.6753310359084,1)
[1345]: (157.1761989035639,1)
[1346]: (157.844850729334,1)
[1347]: (157.0145938857921,1)
[1348]: (157.575693738552,1)
[1349]: (157.3952360091383,1)
[1350]: (157.3214907043869,1)
[1351]: (157.1602806567943,1)
[1352]: (157.1216587230699,1)
[1353]: (158.318944699571,1)
[1354]: (157.1089822528804,1)
[1355]: (158.0086350749564,1)
[1356]: (157.4097824781394,1)
[1357]: (157.0303416129651,1)
[1358]: (157.0110231967531,1)
[1359]: (157.0419360113324,1)
[1360]: (157.7041317819858,1)
[1361]: (157.1558780196044,1)
[1362]: (157.88150635541,1)
[1363]: (157.0688146133978,1)
[1364]: (157.0816534739373,1)
[1365]: (157.0737973956155,1)
[1366]: (157.145377128059,1)
[1367]: (157.9598608653254,1)
[1368]: (157.2006591373981,1)
[1369]: (157.0769108228697,1)
[1370]: (157.1328336975703,1)
[1371]: (157.3090979204886,1)
[1372]: (157.4508579761674,1)
[1373]: (157.3365759382652,1)
[1374]: (157.3320223672101,1)
[1375]: (157.8195184841123,1)
[1376]: (157.1376912529502,1)
[1377]: (157.6455886162217,1)
[1378]: (157.165875846818,1)
[1379]: (157.7968824315319,1)
[1380]: (157.1025667829014,1)
[1381]: (157.3521520227497,1)
[1382]: (157.4163532321834,1)
[1383]: (157.1767345279096,1)
[1384]: (157.5717458100744,1)
[1385]: (157.0445325665952,1)
[1386]: (157.4317827877582,1)
[1387]: (157.6918303600049,1)
[1388]: (157.0303020476964,1)
[1389]: (157.1826950373501,1)
[1390]: (157.2670842713178,1)
[1391]: (157.0758291424209,1)
[1392]: (157.2149167268651,1)
[1393]: (157.4708064214705,1)
[1394]: (157.0577181133068,1)
[1395]: (157.0655265414851,1)
[1396]: (157.132334684677,1)
[1397]: (157.0296060447109,1)
[1398]: (157.5160981861174,1)
[1399]: (157.1728697337031,1)
[1400]: (157.5441478890584,1)
[1401]: (157.5004185604402,1)
[1402]: (157.1782695287833,1)
[1403]: (157.3973813565775,1)
[1404]: (157.6438403343895,1)
[1405]: (157.1615079590529,1)
[1406]: (157.0053934380926,1)
[1407]: (157.2920789221408,1)
[1408]: (157.3859942483632,1)
[1409]: (157.0487959583754,1)
[1410]: (157.1161354930944,1)
[1411]: (157.2409038845893,1)
[1412]: (157.9941218085772,1)
[1413]: (157.0702491053597,1)
[1414]: (157.3324674314071,1)
[1415]: (157.3670718898143,1)
[1416]: (157.0876250093223,1)
[1417]: (157.3688856113947,1)
[1418]: (157.0769604071813,1)
[1419]: (157.1693654793621,1)
[1420]: (157.2960445588068,1)
[1421]: (157.5993394522564,1)
[1422]: (157.526688859537,1)
[1423]: (157.2174917460613,1)
[1424]: (157.5939146978304,1)
[1425]: (157.1137880439398,1)
[1426]: (157.2943515765922,1)
[1427]: (157.0629157052968,1)
[1428]: (157.1341621700104,1)
[1429]: (157.5520683076982,1)
[1430]: (157.0885528070027,1)
[1431]: (157.457577062288,1)
[1432]: (157.2131345781541,1)
[1433]: (157.2520076836678,1)
[1434]: (157.0294689228633,1)
[1435]: (157.1251185229228,1)
[1436]: (157.2801377473906,1)
[1437]: (157.432198274883,1)
[1438]: (157.5573063217721,1)
[1439]: (157.4294773865169,1)
[1440]: (157.5996124198296,1)
[1441]: (157.5158289428197,1)
[1442]: (157.1049466776317,1)
[1443]: (157.6117314861962,1)
[1444]: (157.2979296386387,1)
[1445]: (157.0230877746523,1)
[1446]: (157.295294664366,1)
[1447]: (157.0300951759066,1)
[1448]: (157.4671883265003,1)
[1449]: (157.071967975661,1)
[1450]: (157.388074681991,1)
[1451]: (157.1092823436998,1)
[1452]: (157.1606630038967,1)
[1453]: (157.072603618874,1)
[1454]: (157.5948433416989,1)
[1455]: (157.0622039190376,1)
[1456]: (157.5832610481569,1)
[1457]: (157.0630488466691,1)
[1458]: (157.8416847350971,1)
[1459]: (157.2346348681452,1)
[1460]: (157.3559198080754,1)
[1461]: (157.0942058909061,1)
[1462]: (157.7497649903377,1)
[1463]: (157.804717677383,1)
[1464]: (157.9892632509282,1)
[1465]: (157.0694082314507,1)
[1466]: (157.144521772487,1)
[1467]: (158.334039107881,1)
[1468]: (157.045492656921,1)
[1469]: (158.1691241131473,1)
[1470]: (157.0361254713743,1)
[1471]: (157.0533636247425,1)
[1472]: (157.6638954330141,1)
[1473]: (157.1556698353761,1)
[1474]: (157.7095928967456,1)
[1475]: (157.0524296765311,1)
[1476]: (157.3696955626408,1)
[1477]: (158.3445426987936,1)
[1478]: (157.1487491187144,1)
[1479]: (157.218501448311,1)
[1480]: (157.9490803061449,1)
[1481]: (157.6544831095493,1)
[1482]: (157.3312289467964,1)
[1483]: (157.7959140998032,1)
[1484]: (157.1438176325124,1)
[1485]: (157.2734908343159,1)
[1486]: (157.2258695372057,1)
[1487]: (157.0451106347515,1)
[1488]: (157.4797388022917,1)
[1489]: (157.5446950340462,1)
[1490]: (157.2460211841138,1)
[1491]: (157.1601469160042,1)
[1492]: (157.1948304542662,1)
[1493]: (157.0910292861118,1)
[1494]: (157.3385024360678,1)
[1495]: (157.0337095336753,1)
[1496]: (157.9353347203145,1)
[1497]: (157.0460894067288,1)
[1498]: (157.013780550902,1)
[1499]: (157.5036058547614,1)
[1500]: (157.3689355638553,1)
[1501]: (157.1138557799797,1)
[1502]: (157.2815712177819,1)
[1503]: (157.0191379904912,1)
[1504]: (157.0301662468942,1)
[1505]: (158.1886342974719,1)
[1506]: (157.0476005471559,1)
[1507]: (157.0269309901455,1)
[1508]: (157.0509592636427,1)
[1509]: (157.331136667346,1)
[1510]: (157.4074548691813,1)
[1511]: (157.0751146303573,1)
[1512]: (157.2110796634768,1)
[1513]: (157.1294155123256,1)
[1514]: (157.0700091512799,1)
[1515]: (157.3831090303823,1)
[1516]: (157.0306226437285,1)
[1517]: (157.144716053214,1)
[1518]: (157.0526284373924,1)
[1519]: (157.3457063806222,1)
[1520]: (157.0422247010579,1)
[1521]: (157.1360437641561,1)
[1522]: (157.0484767755229,1)
[1523]: (157.1658246186774,1)
[1524]: (157.0031326198429,1)
[1525]: (157.2541187736082,1)
[1526]: (157.0479833505327,1)
[1527]: (157.0544750826324,1)
[1528]: (157.0948070660377,1)
[1529]: (157.6370301885372,1)
[1530]: (157.3406374510467,1)
[1531]: (157.2389523661466,1)
[1532]: (157.0511280699554,1)
[1533]: (157.2065492305529,1)
[1534]: (157.1193942291182,1)
[1535]: (157.1643097607229,1)
[1536]: (157.2384353167588,1)
[1537]: (157.1380279741613,1)
[1538]: (157.1282631627148,1)
[1539]: (157.269297052997,1)
[1540]: (157.0467735510573,1)
[1541]: (157.3661150705893,1)
[1542]: (157.0065521905779,1)
[1543]: (157.1526421574494,1)
[1544]: (157.1027367052839,1)
[1545]: (157.3670129765488,1)
[1546]: (157.1981458463922,1)
[1547]: (157.1767349386436,1)
[1548]: (157.5423537263387,1)
[1549]: (157.1457456525763,1)
[1550]: (157.3653808946191,1)
[1551]: (158.227000214623,1)
[1552]: (157.1503572068729,1)
[1553]: (157.8882095856212,1)
[1554]: (157.6945137646563,1)
[1555]: (157.1971132099297,1)
[1556]: (157.5286499336964,1)
[1557]: (157.550638748793,1)
[1558]: (157.7050854251743,1)
[1559]: (157.1878971016629,1)
[1560]: (157.2407900944121,1)
[1561]: (157.1797849047236,1)
[1562]: (157.0335470781993,1)
[1563]: (157.0607300833307,1)
[1564]: (157.0770598280368,1)
[1565]: (157.7291103533625,1)
[1566]: (157.0389067512616,1)
[1567]: (157.1461702842168,1)
[1568]: (157.0110112247079,1)
[1569]: (158.2794115912412,1)
[1570]: (157.1299848309445,1)
[1571]: (157.1071763510377,1)
[1572]: (157.3392670699769,1)
[1573]: (157.1808152310791,1)
[1574]: (157.4047573823191,1)
[1575]: (158.1649389536359,1)
[1576]: (157.2576736283864,1)
[1577]: (158.6212055358848,1)
[1578]: (157.769916309875,1)
[1579]: (157.1172927948656,1)
[1580]: (157.4169790479749,1)
[1581]: (157.2361195881301,1)
[1582]: (157.5321699295648,1)
[1583]: (157.5658728901011,1)
[1584]: (157.1516698319827,1)
[1585]: (157.6923917562057,1)
[1586]: (157.0380730953994,1)
[1587]: (157.3665512606538,1)
[1588]: (157.4711068342772,1)
[1589]: (157.0295022527631,1)
[1590]: (157.2072021687571,1)
[1591]: (157.2862335170463,1)
[1592]: (157.1060958697058,1)
[1593]: (157.4626559707828,1)
[1594]: (157.1585491111949,1)
[1595]: (157.1774365944224,1)
[1596]: (157.1063342674644,1)
[1597]: (157.1541960125514,1)
[1598]: (157.0125778764864,1)
[1599]: (157.1643361570226,1)
[1600]: (157.2316988691776,1)
[1601]: (157.5293789860807,1)
[1602]: (157.3310953331842,1)
[1603]: (157.3954635745713,1)
[1604]: (157.4701874504115,1)
[1605]: (157.3164955979697,1)
[1606]: (157.0505382532181,1)
[1607]: (157.3925403853101,1)
[1608]: (157.3745012443684,1)
[1609]: (157.0132100177177,1)
[1610]: (157.335838825351,1)
[1611]: (157.4165444503396,1)
[1612]: (158.1256716355985,1)
[1613]: (157.2874988159941,1)
[1614]: (157.0071029854687,1)
[1615]: (157.005280514807,1)
[1616]: (157.0158899038473,1)
[1617]: (157.0193896877632,1)
[1618]: (157.1169053745464,1)
[1619]: (157.1424919170197,1)
[1620]: (157.2819958859741,1)
[1621]: (157.4262198244523,1)
[1622]: (157.6661484539046,1)
[1623]: (157.1106099459563,1)
[1624]: (157.8797612206823,1)
[1625]: (157.0474675804756,1)
[1626]: (157.1131931683513,1)
[1627]: (157.7599245868306,1)
[1628]: (157.094854173431,1)
[1629]: (157.2188624248112,1)
[1630]: (157.2725858592325,1)
[1631]: (157.4542105965944,1)
[1632]: (157.2850798884881,1)
[1633]: (157.4202411548409,1)
[1634]: (157.2142946509802,1)
[1635]: (157.1867255420767,1)
[1636]: (157.0291543463178,1)
[1637]: (157.043157761486,1)
[1638]: (157.6150750513698,1)
[1639]: (157.4448661074744,1)
[1640]: (157.2547800219158,1)
[1641]: (157.2080766524099,1)
[1642]: (157.5963533422115,1)
[1643]: (157.8984681295966,1)
[1644]: (157.2151477372946,1)
[1645]: (157.8477097338574,1)
[1646]: (157.1096430647207,1)
[1647]: (157.2424224303163,1)
[1648]: (157.0560053227109,1)
[1649]: (157.6226501738563,1)
[1650]: (157.6330128102272,1)
[1651]: (157.3842161791267,1)
[1652]: (157.272973143084,1)
[1653]: (157.1564046745226,1)
[1654]: (157.1759918497169,1)
[1655]: (157.4778669463712,1)
[1656]: (157.0144557020986,1)
[1657]: (157.3993396838038,1)
[1658]: (157.2639072212823,1)
[1659]: (157.2106419767004,1)
[1660]: (157.0960419923656,1)
[1661]: (157.0393619153105,1)
[1662]: (158.1352057890091,1)
[1663]: (157.1908908755343,1)
[1664]: (157.1398035320504,1)
[1665]: (157.3917737904043,1)
[1666]: (157.1347466831103,1)
[1667]: (157.5404916503791,1)
[1668]: (157.1286514362702,1)
[1669]: (157.2274274977618,1)
[1670]: (157.1139571996451,1)
[1671]: (157.0276073667471,1)
[1672]: (157.6229025760616,1)
[1673]: (157.5502282086242,1)
[1674]: (157.060402309428,1)
[1675]: (157.0668294955388,1)
[1676]: (157.4918460311583,1)
[1677]: (157.1817801507478,1)
[1678]: (157.2768797982265,1)
[1679]: (157.0599544041582,1)
[1680]: (157.201264051236,1)
[1681]: (157.3548232771539,1)
[1682]: (157.2632542057054,1)
[1683]: (157.1620146686212,1)
[1684]: (157.2536239960255,1)
[1685]: (157.4926451724803,1)
[1686]: (157.0791706754759,1)
[1687]: (157.3121098252392,1)
[1688]: (158.8100447067824,1)
[1689]: (157.4613480470701,1)
[1690]: (157.2659503706447,1)
[1691]: (157.4292344921393,1)
[1692]: (157.7020601699345,1)
[1693]: (157.5106588190487,1)
[1694]: (157.0857708347505,1)
[1695]: (157.0144766271553,1)
[1696]: (157.1359986419868,1)
[1697]: (157.245904163664,1)
[1698]: (157.9499478000056,1)
[1699]: (157.414098371087,1)
[1700]: (157.2804601471917,1)
[1701]: (157.1344188374013,1)
[1702]: (157.2054731093693,1)
[1703]: (157.1484419705974,1)
[1704]: (157.2953765309796,1)
[1705]: (157.1555149301168,1)
[1706]: (158.1626104818605,1)
[1707]: (157.8792673596463,1)
[1708]: (157.4516426582952,1)
[1709]: (157.1237259635295,1)
[1710]: (157.3107073737036,1)
[1711]: (157.0850369055759,1)
[1712]: (157.1857872948194,1)
[1713]: (157.7342170674436,1)
[1714]: (157.0327583661941,1)
[1715]: (157.1359049194172,1)
[1716]: (157.683153794313,1)
[1717]: (157.9870508186912,1)
[1718]: (157.9301395907909,1)
[1719]: (157.1409423168584,1)
[1720]: (157.0606684183125,1)
[1721]: (157.0701734529297,1)
[1722]: (157.4001827296506,1)
[1723]: (157.203109913218,1)
[1724]: (157.3571841479146,1)
[1725]: (157.4624385821125,1)
[1726]: (157.2617954555458,1)
[1727]: (157.4981383847139,1)
[1728]: (157.8242092280722,1)
[1729]: (157.3455906401259,1)
[1730]: (157.5706573009375,1)
[1731]: (157.9489956177542,1)
[1732]: (157.1031955283459,1)
[1733]: (158.9309573725228,1)
[1734]: (157.6610678821424,1)
[1735]: (157.0363044008439,1)
[1736]: (157.4402305167035,1)
[1737]: (157.4336538913269,1)
[1738]: (157.6316969811341,1)
[1739]: (157.0189936992507,1)
[1740]: (157.0139528883415,1)
[1741]: (158.1297993828478,1)
[1742]: (157.1044457387915,1)
[1743]: (157.688867041879,1)
[1744]: (158.0038105511761,1)
[1745]: (157.1566861654471,1)
[1746]: (157.436213128065,1)
[1747]: (157.100672802978,1)
[1748]: (157.0620578110364,1)
[1749]: (157.1424741972584,1)
[1750]: (157.1486875283849,1)
[1751]: (157.3247432723934,1)
[1752]: (158.7886070074773,1)
[1753]: (157.5425945372382,1)
[1754]: (157.4741064749411,1)
[1755]: (157.2905062572809,1)
[1756]: (157.3858982769299,1)
[1757]: (157.3045511724969,1)
[1758]: (157.4072861766483,1)
[1759]: (157.8121510200092,1)
[1760]: (157.4808553137053,1)
[1761]: (157.3058488259174,1)
[1762]: (157.3503740644325,1)
[1763]: (157.4003082204767,1)
[1764]: (157.6251787659496,1)
[1765]: (157.3237800047258,1)
[1766]: (158.054915273057,1)
[1767]: (157.3380249614801,1)
[1768]: (157.1850760365388,1)
[1769]: (157.3266491530756,1)
[1770]: (157.8191714196485,1)
[1771]: (157.2275744603926,1)
[1772]: (157.0371758345085,1)
[1773]: (157.0238630756996,1)
[1774]: (157.3779811409039,1)
[1775]: (157.2507399539631,1)
[1776]: (157.3277759077629,1)
[1777]: (157.0658366468927,1)
[1778]: (157.2193542910769,1)
[1779]: (157.0354397208081,1)
[1780]: (157.2182633475082,1)
[1781]: (157.2653426415845,1)
[1782]: (157.5743443632835,1)
[1783]: (157.2439484839411,1)
[1784]: (157.2724823186707,1)
[1785]: (157.1019393495667,1)
[1786]: (157.0349537808771,1)
[1787]: (157.7070102407787,1)
[1788]: (157.0108541755325,1)
[1789]: (157.1709768151186,1)
[1790]: (157.1787961985975,1)
[1791]: (157.0966797090862,1)
[1792]: (157.2448797663007,1)
[1793]: (157.2611696550522,1)
[1794]: (157.1318678817716,1)
[1795]: (157.0574179384878,1)
[1796]: (157.0952514055384,1)
[1797]: (157.3526581312124,1)
[1798]: (157.0473299432125,1)
[1799]: (157.1328664685796,1)
[1800]: (157.1724764485866,1)
[1801]: (157.1206402244915,1)
[1802]: (157.5803090050435,1)
[1803]: (157.3624648968461,1)
[1804]: (157.3514429689205,1)
[1805]: (157.7433864453631,1)
[1806]: (157.2225356269159,1)
[1807]: (157.2806689721881,1)
[1808]: (157.3373293384237,1)
[1809]: (157.3394748694283,1)
[1810]: (157.6403309420312,1)
[1811]: (157.1184183229747,1)
[1812]: (157.1206616884436,1)
[1813]: (157.3679676123922,1)
[1814]: (157.021255952805,1)
[1815]: (157.0522304678804,1)
[1816]: (157.1220860520866,1)
[1817]: (157.0371608276284,1)
[1818]: (157.4736978609192,1)
[1819]: (157.0239049398871,1)
[1820]: (157.2591067579807,1)
[1821]: (157.0921066179986,1)
[1822]: (157.7513753342304,1)
[1823]: (157.2509620501713,1)
[1824]: (157.257178248898,1)
[1825]: (157.0554086615377,1)
[1826]: (157.182604816406,1)
[1827]: (157.0148399763542,1)
[1828]: (159.0525746292316,1)
[1829]: (157.8562879973089,1)
[1830]: (157.0741265547445,1)
[1831]: (157.3452126958309,1)
[1832]: (157.015285752276,1)
[1833]: (157.0478243369843,1)
[1834]: (157.2318578259166,1)
[1835]: (157.0363148648299,1)
[1836]: (157.0777803380672,1)
[1837]: (157.0041439215604,1)
[1838]: (157.7418435212338,1)
[1839]: (157.0264721746168,1)
[1840]: (157.0643262111353,1)
[1841]: (157.5867771472331,1)
[1842]: (157.8628912841162,1)
[1843]: (157.0731429656043,1)
[1844]: (157.5607961627332,1)
[1845]: (157.1823700442581,1)
[1846]: (158.0956713986442,1)
[1847]: (157.8078332465963,1)
[1848]: (157.3251631690995,1)
[1849]: (157.2643171776073,1)
[1850]: (157.2117023901603,1)
[1851]: (157.3798412224757,1)
[1852]: (157.1558066581657,1)
[1853]: (157.3105521657164,1)
[1854]: (157.2493695823735,1)
[1855]: (157.073967818128,1)
[1856]: (157.0199176358785,1)
[1857]: (157.8684192733478,1)
[1858]: (157.2959899735097,1)
[1859]: (157.0012593175404,1)
[1860]: (157.2653672173888,1)
[1861]: (157.6316545513598,1)
[1862]: (157.0683109053129,1)
[1863]: (157.5561924442352,1)
[1864]: (157.3329244901661,1)
[1865]: (157.0175334314515,1)
[1866]: (157.1144931804455,1)
[1867]: (157.2249798621343,1)
[1868]: (157.5409112043537,1)
[1869]: (157.2673732742337,1)
[1870]: (157.8761051201108,1)
[1871]: (157.1297268640545,1)
[1872]: (157.069135387855,1)
[1873]: (157.008406467423,1)
[1874]: (158.0716775863826,1)
[1875]: (157.0967415520045,1)
[1876]: (157.2745828409436,1)
[1877]: (157.3847287110282,1)
[1878]: (157.2401854904952,1)
[1879]: (157.479915147632,1)
[1880]: (157.1299760901469,1)
[1881]: (157.0954750859798,1)
[1882]: (158.4405667019049,1)
[1883]: (157.1664485036398,1)
[1884]: (157.3285197738005,1)
[1885]: (157.0008690335357,1)
[1886]: (157.0698320364107,1)
[1887]: (157.3416101120965,1)
[1888]: (157.0651606741906,1)
[1889]: (157.4817434018798,1)
[1890]: (157.1615945616573,1)
[1891]: (157.1596087803868,1)
[1892]: (157.0705094838377,1)
[1893]: (157.0989730097956,1)
[1894]: (157.4251730622127,1)
[1895]: (157.5682878381664,1)
[1896]: (157.3397812953302,1)
[1897]: (157.5468822928005,1)
[1898]: (157.8464066566958,1)
[1899]: (157.1952363436272,1)
[1900]: (157.0335056534547,1)
[1901]: (157.6862040251104,1)
[1902]: (157.1302886952664,1)
[1903]: (157.0825207931273,1)
[1904]: (157.2672582995262,1)
[1905]: (157.4906973767443,1)
[1906]: (157.3757303204671,1)
[1907]: (157.0400992609145,1)
[1908]: (157.2551760037888,1)
[1909]: (157.0569205026644,1)
[1910]: (157.1167143298439,1)
[1911]: (157.123820505792,1)
[1912]: (157.4846613241045,1)
[1913]: (157.5679559852816,1)
[1914]: (157.1435372282566,1)
[1915]: (157.808551895886,1)
[1916]: (158.1693128052883,1)
[1917]: (157.0685563912768,1)
[1918]: (157.4257619222939,1)
[1919]: (157.5733470969321,1)
[1920]: (157.2294707856827,1)
[1921]: (157.2421283915473,1)
[1922]: (157.4924643497063,1)
[1923]: (157.278051605087,1)
[1924]: (157.2654247685537,1)
[1925]: (158.507746718843,1)
[1926]: (157.6985458568397,1)
[1927]: (157.0191445846683,1)
[1928]: (157.5329671455782,1)
[1929]: (157.1356188066719,1)
[1930]: (157.1344724867443,1)
[1931]: (157.0433069418941,1)
[1932]: (157.5261963106279,1)
[1933]: (157.0137520684144,1)
[1934]: (157.4680899306128,1)
[1935]: (158.458849557522,1)
[1936]: (157.427229395208,1)
[1937]: (157.0291376013561,1)
[1938]: (157.4875487712663,1)
[1939]: (157.8829195917843,1)
[1940]: (157.361602187542,1)
[1941]: (157.0231893472248,1)
[1942]: (157.024895475403,1)
[1943]: (157.3125700521562,1)
[1944]: (158.0362768185967,1)
[1945]: (157.2205200421925,1)
[1946]: (157.6226305578873,1)
[1947]: (157.5388706610992,1)
[1948]: (157.2882030334839,1)
[1949]: (157.5139218319451,1)
[1950]: (158.407696490807,1)
[1951]: (157.561417027669,1)
[1952]: (157.1030235685447,1)
[1953]: (157.0242628045874,1)
[1954]: (157.0014595430095,1)
[1955]: (157.1686284935552,1)
[1956]: (157.0830249929953,1)
[1957]: (157.4815265950857,1)
[1958]: (157.33986822671,1)
[1959]: (157.0833636771142,1)
[1960]: (157.0796226136851,1)
[1961]: (157.5101807758715,1)
[1962]: (157.4313975837343,1)
[1963]: (157.0408538135807,1)
[1964]: (157.6092185817654,1)
[1965]: (157.2377436508216,1)
[1966]: (157.7286021538693,1)
[1967]: (157.8349054279755,1)
[1968]: (157.0270861225702,1)
[1969]: (157.1171429238989,1)
[1970]: (157.1770137722722,1)
[1971]: (157.8274293865351,1)
[1972]: (157.6333153907661,1)
[1973]: (157.2302255380563,1)
[1974]: (157.0024141983288,1)
[1975]: (157.3730398020505,1)
[1976]: (157.3230541594813,1)
[1977]: (157.0339913219323,1)
[1978]: (157.249931244043,1)
[1979]: (157.4763372154043,1)
[1980]: (157.0027798793078,1)
[1981]: (157.252085965777,1)
[1982]: (157.1518822500598,1)
[1983]: (157.3211251804268,1)
[1984]: (157.5015340706745,1)
[1985]: (157.2205140711008,1)
[1986]: (157.0528037937967,1)
[1987]: (157.0311131089781,1)
[1988]: (157.2354454258112,1)
[1989]: (157.0242509565138,1)
[1990]: (157.1916275942343,1)
[1991]: (157.9265634098507,1)
[1992]: (157.3893260151151,1)
[1993]: (158.7203712907671,1)
[1994]: (157.0604768563542,1)
[1995]: (157.000449598326,1)
[1996]: (158.2102911631689,1)
[1997]: (157.1458315246888,1)
[1998]: (157.1394666752402,1)
[1999]: (157.2995376157281,1)
 -- States explored : 0 states
 -- CPU user time used : 26700 ms
 -- Virtual memory used : 66576 KiB
 -- Resident memory used : 27976 KiB
executionTime: 159
