core file size          (blocks, -c) unlimited
data seg size           (kbytes, -d) unlimited
scheduling priority             (-e) 0
file size               (blocks, -f) unlimited
pending signals                 (-i) 4077086
max locked memory       (kbytes, -l) 64
max memory size         (kbytes, -m) 32505856
open files                      (-n) 4096
pipe size            (512 bytes, -p) 8
POSIX message queues     (bytes, -q) 819200
real-time priority              (-r) 0
stack size              (kbytes, -s) 8192
cpu time               (seconds, -t) unlimited
max user processes              (-u) 4077086
virtual memory          (kbytes, -v) 31000000
file locks                      (-x) unlimited
Options for the verification:
  Generating some trace
  Search order is random depth first
  Using conservative space optimisation
  Seed is 1556789598
  State space representation uses minimal constraint systems
  Using HashMap + Compress integers for discrete state storage

Verifying formula 1 at ../queries/SP_50_116_16.q:1
 -- Formula is satisfied.
(9000 runs)
Learning statistics for best strategy: 
	Number of resets: 0
	Number of iterations in last reset: 14
	Number of iterations in total: 14

 -- States explored : 0 states
 -- CPU user time used : 400240 ms
 -- Virtual memory used : 4759444 KiB
 -- Resident memory used : 4720940 KiB

Verifying formula 2 at ../queries/SP_50_116_16.q:3
 -- Formula is satisfied.
Composer.Done:
[0]: (0,0) (70.08154046108433,1)
[1]: (70.43409514191549,1)
[2]: (70.38471869761761,1)
[3]: (70.05611560927545,1)
[4]: (70.44470785827383,1)
[5]: (70.04359117879773,1)
[6]: (70.16554268760862,1)
[7]: (70.21487456695452,1)
[8]: (70.15139543433169,1)
[9]: (71.33823020625616,1)
[10]: (70.33216323603078,1)
[11]: (70.17552685218786,1)
[12]: (70.86087758940853,1)
[13]: (71.00896208608783,1)
[14]: (70.04765301714474,1)
[15]: (70.05874841940704,1)
[16]: (70.02836094320226,1)
[17]: (70.33884735848348,1)
[18]: (70.02150130361684,1)
[19]: (70.40813553877489,1)
[20]: (70.84498321094115,1)
[21]: (70.22766758356546,1)
[22]: (70.09506919008358,1)
[23]: (70.83999597072248,1)
[24]: (70.00939788410642,1)
[25]: (70.17354827517376,1)
[26]: (71.21810182458549,1)
[27]: (71.05296954948925,1)
[28]: (70.02107429104554,1)
[29]: (70.23736194136175,1)
[30]: (70.97652923958371,1)
[31]: (70.48518224789153,1)
[32]: (70.16513864374308,1)
[33]: (70.81755231679351,1)
[34]: (70.0447745785856,1)
[35]: (71.09551445904611,1)
[36]: (70.11790961276779,1)
[37]: (70.04336689513373,1)
[38]: (70.33650985259791,1)
[39]: (71.00567750628895,1)
[40]: (70.04481171381509,1)
[41]: (70.20053368543192,1)
[42]: (70.10776766188273,1)
[43]: (70.08562103255336,1)
[44]: (70.68726976219665,1)
[45]: (70.00417996817718,1)
[46]: (70.13929025463378,1)
[47]: (70.306467018752,1)
[48]: (70.83166530953693,1)
[49]: (70.12712383521068,1)
[50]: (70.08216051849396,1)
[51]: (70.3206816786336,1)
[52]: (70.0657249173224,1)
[53]: (70.72457719065632,1)
[54]: (70.41517018720461,1)
[55]: (70.08147972364078,1)
[56]: (71.0571541712054,1)
[57]: (70.30879233962236,1)
[58]: (70.03176564494929,1)
[59]: (70.00706203456322,1)
[60]: (70.17679128169684,1)
[61]: (70.26975654261994,1)
[62]: (70.74945093249109,1)
[63]: (70.20990021566949,1)
[64]: (70.18799813570001,1)
[65]: (70.12077987412229,1)
[66]: (70.46215204535551,1)
[67]: (70.1419262142272,1)
[68]: (70.74229326159167,1)
[69]: (70.4257376086224,1)
[70]: (70.45284104751055,1)
[71]: (71.03221299210919,1)
[72]: (70.00820502179231,1)
[73]: (70.21212624552973,1)
[74]: (70.08299003641979,1)
[75]: (70.42874704007075,1)
[76]: (70.55949741134513,1)
[77]: (70.31666431581171,1)
[78]: (70.30246112418537,1)
[79]: (70.86988409146859,1)
[80]: (71.42612881670216,1)
[81]: (70.13309849649376,1)
[82]: (70.24716501617537,1)
[83]: (70.05156227573455,1)
[84]: (70.34290915951517,1)
[85]: (70.11734159001854,1)
[86]: (70.39617087710526,1)
[87]: (71.02513359608521,1)
[88]: (70.10076951279966,1)
[89]: (70.10707805720412,1)
[90]: (70.11170243448635,1)
[91]: (70.68437728684731,1)
[92]: (70.35812400581808,1)
[93]: (70.01844067734369,1)
[94]: (70.5443721952885,1)
[95]: (70.17894123641499,1)
[96]: (70.12652914386454,1)
[97]: (70.67051567395373,1)
[98]: (70.246031711155,1)
[99]: (70.70321413605092,1)
[100]: (70.42019728655865,1)
[101]: (70.41154836333794,1)
[102]: (70.20781775570184,1)
[103]: (70.23934828991364,1)
[104]: (70.5707241940536,1)
[105]: (70.27545213622125,1)
[106]: (70.82213753545274,1)
[107]: (70.368461985745,1)
[108]: (70.00711563545221,1)
[109]: (70.56770065499278,1)
[110]: (70.11606001122288,1)
[111]: (70.0245638565022,1)
[112]: (70.14486204832875,1)
[113]: (70.22845501325064,1)
[114]: (70.49552615997455,1)
[115]: (70.32961465855253,1)
[116]: (70.1443633007343,1)
[117]: (70.93924239540641,1)
[118]: (70.0842293844222,1)
[119]: (70.02941420041299,1)
[120]: (70.33485321378059,1)
[121]: (70.17820292655645,1)
[122]: (70.62630179921118,1)
[123]: (70.13964772999135,1)
[124]: (70.23940817804447,1)
[125]: (70.41375898066552,1)
[126]: (70.02023160310472,1)
[127]: (70.00921089270311,1)
[128]: (70.96629391162494,1)
[129]: (70.18500221439544,1)
[130]: (70.46514520172408,1)
[131]: (70.59347480417539,1)
[132]: (70.00660511482221,1)
[133]: (70.60597038763922,1)
[134]: (70.05380119723984,1)
[135]: (70.27957324746725,1)
[136]: (70.3676505754981,1)
[137]: (70.01189281987675,1)
[138]: (70.24782718476321,1)
[139]: (70.86921281448753,1)
[140]: (70.42416139524389,1)
[141]: (70.23822015761758,1)
[142]: (70.13536278602602,1)
[143]: (70.12288795623013,1)
[144]: (70.74257173153232,1)
[145]: (70.08380088837457,1)
[146]: (71.17005290007931,1)
[147]: (70.74661916616056,1)
[148]: (70.04408070594164,1)
[149]: (70.18659919861793,1)
[150]: (70.77705989062065,1)
[151]: (70.5811947333785,1)
[152]: (70.00224193615749,1)
[153]: (70.14165946622407,1)
[154]: (70.2463392435249,1)
[155]: (70.08826726267974,1)
[156]: (70.0893085974551,1)
[157]: (70.12335565158882,1)
[158]: (70.10097022602041,1)
[159]: (70.37744975858905,1)
[160]: (70.87490466569685,1)
[161]: (70.0568986567483,1)
[162]: (70.25926666549994,1)
[163]: (70.0449278626109,1)
[164]: (70.88636112973813,1)
[165]: (70.14834790244549,1)
[166]: (70.04578852671969,1)
[167]: (70.22134559593468,1)
[168]: (70.37265956276413,1)
[169]: (70.0606281220758,1)
[170]: (70.22055738533908,1)
[171]: (70.17896371814668,1)
[172]: (70.30446489252751,1)
[173]: (70.00265882702247,1)
[174]: (70.42258779184787,1)
[175]: (70.47277282901389,1)
[176]: (70.09770756671111,1)
[177]: (70.06208392948366,1)
[178]: (70.39460096429031,1)
[179]: (70.09314390956507,1)
[180]: (70.19634986226841,1)
[181]: (70.44701830333621,1)
[182]: (70.74597604754817,1)
[183]: (70.24268417279286,1)
[184]: (70.45655977575049,1)
[185]: (70.04945797731675,1)
[186]: (70.14190099069079,1)
[187]: (70.7783165528799,1)
[188]: (70.25825749428743,1)
[189]: (70.13010103845592,1)
[190]: (70.1256321264764,1)
[191]: (70.76087187335168,1)
[192]: (70.26458705097326,1)
[193]: (70.52771770315456,1)
[194]: (71.35019055839845,1)
[195]: (70.50514196562052,1)
[196]: (70.30716614888293,1)
[197]: (70.55609384383878,1)
[198]: (70.78837433269824,1)
[199]: (70.09660038353528,1)
[200]: (70.02017745458039,1)
[201]: (70.07085738246397,1)
[202]: (70.30960256781893,1)
[203]: (70.5420810189524,1)
[204]: (70.18871754458945,1)
[205]: (71.45264407895009,1)
[206]: (70.23705818481646,1)
[207]: (70.58314346552142,1)
[208]: (70.16833687620969,1)
[209]: (70.52218523561341,1)
[210]: (70.41263881638083,1)
[211]: (70.23566694111881,1)
[212]: (70.07229165954737,1)
[213]: (70.33878229151361,1)
[214]: (70.15977718847697,1)
[215]: (70.11235001837788,1)
[216]: (70.07985620292439,1)
[217]: (70.16687305517944,1)
[218]: (70.48015748890863,1)
[219]: (70.00818365576644,1)
[220]: (70.82718843016082,1)
[221]: (70.32306534651777,1)
[222]: (70.05153156408383,1)
[223]: (70.46093028225793,1)
[224]: (70.00405919627541,1)
[225]: (70.31317877402699,1)
[226]: (70.14949369372853,1)
[227]: (71.34245604799727,1)
[228]: (70.40344442740775,1)
[229]: (71.43736294554961,1)
[230]: (70.07532957512127,1)
[231]: (70.00650566250937,1)
[232]: (70.17300533544008,1)
[233]: (71.04450897192882,1)
[234]: (70.05066251679843,1)
[235]: (70.74676724757582,1)
[236]: (70.1302265274313,1)
[237]: (70.03038839710851,1)
[238]: (70.3988190904235,1)
[239]: (70.65189141621636,1)
[240]: (70.50234600236109,1)
[241]: (70.03288289297161,1)
[242]: (70.01838883269113,1)
[243]: (70.05489057403152,1)
[244]: (70.06815025019895,1)
[245]: (70.08239746765629,1)
[246]: (70.14847484887284,1)
[247]: (70.27461420461216,1)
[248]: (70.15255178880635,1)
[249]: (70.32517693023534,1)
[250]: (70.37701630959633,1)
[251]: (70.46382833428569,1)
[252]: (70.15695837507089,1)
[253]: (70.07461405840016,1)
[254]: (70.43069828475646,1)
[255]: (70.23354416397935,1)
[256]: (71.03761265720981,1)
[257]: (70.65303428599283,1)
[258]: (70.88615674536906,1)
[259]: (70.28321644338692,1)
[260]: (70.85618855034296,1)
[261]: (70.21502915039028,1)
[262]: (70.25144299014453,1)
[263]: (70.62630864716154,1)
[264]: (70.43034815435719,1)
[265]: (70.91039754336272,1)
[266]: (70.03386462986747,1)
[267]: (70.66835678263249,1)
[268]: (70.01601213299087,1)
[269]: (70.25938328643603,1)
[270]: (70.18023615885826,1)
[271]: (70.03388730471839,1)
[272]: (70.15950096866881,1)
[273]: (70.04610007048949,1)
[274]: (70.37325332697768,1)
[275]: (70.21611858353354,1)
[276]: (70.59283305135317,1)
[277]: (70.16018876694523,1)
[278]: (70.21741984170197,1)
[279]: (70.18330192794367,1)
[280]: (70.00188074031513,1)
[281]: (70.09320560476414,1)
[282]: (70.14217984007432,1)
[283]: (70.13036520038014,1)
[284]: (70.14294046654143,1)
[285]: (70.26740478345971,1)
[286]: (71.10363900215008,1)
[287]: (70.86584660338028,1)
[288]: (70.23796663989646,1)
[289]: (70.89509577819254,1)
[290]: (70.30782568932884,1)
[291]: (70.0798694863519,1)
[292]: (70.0885657049796,1)
[293]: (70.08447100354962,1)
[294]: (70.44686193751741,1)
[295]: (70.40212372602946,1)
[296]: (70.23855334905159,1)
[297]: (70.65283347498956,1)
[298]: (70.58287177373059,1)
[299]: (70.142611999472,1)
[300]: (70.65491641234692,1)
[301]: (70.14270474410931,1)
[302]: (70.16423273283893,1)
[303]: (70.56789597980624,1)
[304]: (70.48433156199226,1)
[305]: (70.24010615745992,1)
[306]: (70.393683544065,1)
[307]: (70.63497368374976,1)
[308]: (70.08155815296708,1)
[309]: (70.02436559021022,1)
[310]: (70.19350252158848,1)
[311]: (70.17708241939701,1)
[312]: (70.04903062298999,1)
[313]: (70.33817609243782,1)
[314]: (70.17353753130449,1)
[315]: (70.02504542703575,1)
[316]: (70.39718409854615,1)
[317]: (70.47716626302773,1)
[318]: (70.12708181630803,1)
[319]: (70.07403057443477,1)
[320]: (70.22517026694752,1)
[321]: (70.0587128557014,1)
[322]: (70.60277176123475,1)
[323]: (70.17111916168339,1)
[324]: (70.14149426923794,1)
[325]: (70.08461572882904,1)
[326]: (70.40426859978668,1)
[327]: (70.20564718997893,1)
[328]: (70.26123100229017,1)
[329]: (70.13634592806366,1)
[330]: (70.20422830388715,1)
[331]: (70.7867237763674,1)
[332]: (70.11698225754816,1)
[333]: (70.11308274973571,1)
[334]: (70.01539123574211,1)
[335]: (70.00074581190732,1)
[336]: (70.02315810282539,1)
[337]: (70.03041448468527,1)
[338]: (70.05801331932481,1)
[339]: (70.03284729427197,1)
[340]: (70.19111279032977,1)
[341]: (70.75678817567135,1)
[342]: (70.3877383885422,1)
[343]: (70.23400905948768,1)
[344]: (70.16996478766782,1)
[345]: (70.46888848078284,1)
[346]: (70.26410210300376,1)
[347]: (70.89038891154142,1)
[348]: (70.96341908671641,1)
[349]: (70.52302642806181,1)
[350]: (70.5014202646195,1)
[351]: (70.00724388883592,1)
[352]: (70.09946062080891,1)
[353]: (70.1140636375262,1)
[354]: (70.33614351669016,1)
[355]: (70.0596399753784,1)
[356]: (70.31885090803317,1)
[357]: (71.37274256415772,1)
[358]: (70.17933796946473,1)
[359]: (70.31849542736931,1)
[360]: (70.18656490680956,1)
[361]: (70.30770222806515,1)
[362]: (70.00646580937743,1)
[363]: (70.56232894908236,1)
[364]: (70.56443541423026,1)
[365]: (70.11662770827033,1)
[366]: (70.46471128314765,1)
[367]: (70.4472411571292,1)
[368]: (70.74197418922562,1)
[369]: (70.58411803807527,1)
[370]: (70.22352109745611,1)
[371]: (70.27953211624906,1)
[372]: (70.37678095808792,1)
[373]: (70.14379274625497,1)
[374]: (70.64253426271139,1)
[375]: (70.03196951707334,1)
[376]: (70.06488700126256,1)
[377]: (70.67335490784768,1)
[378]: (70.62006739931469,1)
[379]: (70.1945369256413,1)
[380]: (70.38598037280003,1)
[381]: (70.5019276436532,1)
[382]: (70.26265092196603,1)
[383]: (70.15396107899124,1)
[384]: (70.33239929759425,1)
[385]: (70.12574716670848,1)
[386]: (70.69628810840904,1)
[387]: (70.11343289779768,1)
[388]: (70.19912723413337,1)
[389]: (70.13338152125289,1)
[390]: (70.62007913281855,1)
[391]: (70.41832253435578,1)
[392]: (70.78266763356613,1)
[393]: (70.15188172739036,1)
[394]: (70.31266996913402,1)
[395]: (70.08196319640513,1)
[396]: (70.16843951233747,1)
[397]: (70.14457635137214,1)
[398]: (70.17111150546948,1)
[399]: (70.46938923578601,1)
[400]: (70.28250423087974,1)
[401]: (70.01896335011965,1)
[402]: (70.13809395119615,1)
[403]: (70.1513999965976,1)
[404]: (70.60723009133085,1)
[405]: (70.29799603143495,1)
[406]: (71.50535806282454,1)
[407]: (70.07669423612629,1)
[408]: (70.17412147884126,1)
[409]: (70.01595498052292,1)
[410]: (70.54327660286354,1)
[411]: (70.42955100074498,1)
[412]: (70.71440459693996,1)
[413]: (70.43605565882135,1)
[414]: (70.6206482994492,1)
[415]: (70.31362742606173,1)
[416]: (70.1167625122315,1)
[417]: (71.15516970961149,1)
[418]: (70.00501374668622,1)
[419]: (70.1040071863309,1)
[420]: (70.44386462416485,1)
[421]: (70.52599116004497,1)
[422]: (70.01071252941981,1)
[423]: (70.05817571358821,1)
[424]: (70.78240404200844,1)
[425]: (70.37841712124965,1)
[426]: (70.57777154107204,1)
[427]: (70.72612761351304,1)
[428]: (70.35034411089501,1)
[429]: (70.27329158148629,1)
[430]: (70.10969658184028,1)
[431]: (70.09845362528507,1)
[432]: (70.28251293397631,1)
[433]: (71.0905056097107,1)
[434]: (70.271764277223,1)
[435]: (70.8938822736461,1)
[436]: (70.04645879060523,1)
[437]: (70.6205464473309,1)
[438]: (71.25737481325615,1)
[439]: (70.22799162201639,1)
[440]: (70.12458938744606,1)
[441]: (70.17770132208557,1)
[442]: (70.31643040521108,1)
[443]: (70.27166515326989,1)
[444]: (70.16875074473867,1)
[445]: (72.232790328219,1)
[446]: (70.46639465292219,1)
[447]: (70.09964827086678,1)
[448]: (70.27927819223005,1)
[449]: (70.87975373372021,1)
[450]: (70.19320653628343,1)
[451]: (70.2321443515015,1)
[452]: (70.09164613096875,1)
[453]: (70.21502426619695,1)
[454]: (70.00851943425333,1)
[455]: (70.12889586672239,1)
[456]: (70.13829305309677,1)
[457]: (71.38835266334411,1)
[458]: (70.4844612567166,1)
[459]: (70.41477880533783,1)
[460]: (70.44313999853945,1)
[461]: (70.7456129434711,1)
[462]: (70.95032724460209,1)
[463]: (70.27681873052592,1)
[464]: (70.59503909894309,1)
[465]: (70.33400875802127,1)
[466]: (70.31472352429479,1)
[467]: (70.73820605523098,1)
[468]: (70.78250553094146,1)
[469]: (70.19706588436154,1)
[470]: (70.24704210100597,1)
[471]: (70.75600688446626,1)
[472]: (70.25623784505015,1)
[473]: (70.47172497160452,1)
[474]: (70.06318204653154,1)
[475]: (70.00245103572904,1)
[476]: (70.4751133920325,1)
[477]: (70.57737622600061,1)
[478]: (70.17434075531447,1)
[479]: (70.06013722824868,1)
[480]: (70.22517862840223,1)
[481]: (70.04303597099522,1)
[482]: (70.23811130139252,1)
[483]: (70.24036750798798,1)
[484]: (70.2391164872045,1)
[485]: (70.0427219589799,1)
[486]: (70.37817986875596,1)
[487]: (70.92842532197371,1)
[488]: (70.3196014109861,1)
[489]: (70.46733123979831,1)
[490]: (71.37091121988905,1)
[491]: (70.21949858735836,1)
[492]: (70.71288710173634,1)
[493]: (70.085880880267,1)
[494]: (70.46603636718561,1)
[495]: (70.97983236845332,1)
[496]: (70.90685132579544,1)
[497]: (70.30285702494722,1)
[498]: (70.29262449599442,1)
[499]: (70.44392503628877,1)
[500]: (70.11964453233882,1)
[501]: (70.12258336829672,1)
[502]: (70.29365671299713,1)
[503]: (70.14387870381609,1)
[504]: (70.38078601191357,1)
[505]: (70.02689596175269,1)
[506]: (70.1289733284091,1)
[507]: (70.22746180600191,1)
[508]: (70.03175549063361,1)
[509]: (70.14266338093334,1)
[510]: (70.03753384296397,1)
[511]: (70.0994483083648,1)
[512]: (70.89711932331483,1)
[513]: (70.39820668556409,1)
[514]: (70.25579858606092,1)
[515]: (70.04242983625053,1)
[516]: (70.07297074433269,1)
[517]: (70.33275810087302,1)
[518]: (70.05114271049214,1)
[519]: (70.23928515300763,1)
[520]: (70.13539985803162,1)
[521]: (70.17150262152119,1)
[522]: (70.55963692125805,1)
[523]: (70.06414445194832,1)
[524]: (70.35507757800012,1)
[525]: (70.04699213015196,1)
[526]: (70.39395655077747,1)
[527]: (70.54238438258633,1)
[528]: (70.08855763905062,1)
[529]: (70.65948699915434,1)
[530]: (70.0573754802857,1)
[531]: (70.62889041457085,1)
[532]: (70.63900066103218,1)
[533]: (70.04877883244025,1)
[534]: (70.06737743884547,1)
[535]: (70.09700985724203,1)
[536]: (70.53276690721096,1)
[537]: (70.76933039928284,1)
[538]: (70.18754059748703,1)
[539]: (70.02630734787128,1)
[540]: (70.14075820373317,1)
[541]: (70.67249315744043,1)
[542]: (70.07617658391726,1)
[543]: (70.22683227734169,1)
[544]: (70.17529733298815,1)
[545]: (70.11709617650416,1)
[546]: (70.11016293106334,1)
[547]: (70.25089827200617,1)
[548]: (70.00010406492594,1)
[549]: (70.47937961797854,1)
[550]: (71.13081864536284,1)
[551]: (70.02520151674382,1)
[552]: (70.28094396836853,1)
[553]: (70.3951283067296,1)
[554]: (70.68502620377384,1)
[555]: (70.40284623996695,1)
[556]: (70.09354158984303,1)
[557]: (70.23628933091489,1)
[558]: (70.35204130278019,1)
[559]: (70.85917383590392,1)
[560]: (70.0452945091095,1)
[561]: (70.56189857877929,1)
[562]: (70.13041870998282,1)
[563]: (70.04052391177245,1)
[564]: (70.08866934720646,1)
[565]: (70.08721453995618,1)
[566]: (70.64634717766744,1)
[567]: (70.13129049380838,1)
[568]: (70.05582678427525,1)
[569]: (70.36061834735341,1)
[570]: (70.01457721656014,1)
[571]: (70.31736605577268,1)
[572]: (70.40361095575136,1)
[573]: (70.64358658525552,1)
[574]: (70.61691270492899,1)
[575]: (70.72108063198019,1)
[576]: (70.00520649734186,1)
[577]: (70.09846509550725,1)
[578]: (70.50041078726566,1)
[579]: (70.25929832746455,1)
[580]: (70.72860478090736,1)
[581]: (70.05185697632103,1)
[582]: (70.37805332468491,1)
[583]: (70.19581900505395,1)
[584]: (70.75534490587475,1)
[585]: (70.22413676925939,1)
[586]: (70.14948412672571,1)
[587]: (70.03013973250555,1)
[588]: (70.05778524235527,1)
[589]: (70.5264886194725,1)
[590]: (70.15129917786803,1)
[591]: (71.29605241128101,1)
[592]: (70.54994976599401,1)
[593]: (70.77192765335475,1)
[594]: (70.24669648533876,1)
[595]: (70.1746367931009,1)
[596]: (70.26420657464266,1)
[597]: (70.69840773402424,1)
[598]: (70.60192868460007,1)
[599]: (70.11180211490388,1)
[600]: (70.01260138744813,1)
[601]: (70.61871723228667,1)
[602]: (70.04732165857442,1)
[603]: (70.55839242879107,1)
[604]: (70.79362509190968,1)
[605]: (70.01009623272765,1)
[606]: (70.71005950003513,1)
[607]: (70.21145589935804,1)
[608]: (70.22290090016982,1)
[609]: (70.46853972502474,1)
[610]: (70.06403116544534,1)
[611]: (70.05982016655194,1)
[612]: (70.1412013436065,1)
[613]: (70.36017086804256,1)
[614]: (70.1086303748089,1)
[615]: (70.08115872358474,1)
[616]: (70.03155563613051,1)
[617]: (70.12577192336859,1)
[618]: (70.07043836475457,1)
[619]: (70.39910552640193,1)
[620]: (70.36032654368988,1)
[621]: (70.02244579198806,1)
[622]: (70.28847514158538,1)
[623]: (70.0037539068818,1)
[624]: (70.13233482729923,1)
[625]: (70.82925374494077,1)
[626]: (70.49294325372307,1)
[627]: (73.73622587823951,1)
[628]: (70.30617270344419,1)
[629]: (70.17370560854688,1)
[630]: (70.09790767391912,1)
[631]: (70.28508593050967,1)
[632]: (70.51732899910814,1)
[633]: (70.37788006135371,1)
[634]: (70.07982595340432,1)
[635]: (70.10836696866633,1)
[636]: (70.9462835315705,1)
[637]: (70.0147281189941,1)
[638]: (70.21014222208127,1)
[639]: (70.79443662421653,1)
[640]: (70.37391990825486,1)
[641]: (70.27715822793371,1)
[642]: (70.60331351884457,1)
[643]: (70.2115066913771,1)
[644]: (70.05481568195333,1)
[645]: (70.16129399978529,1)
[646]: (70.28494942240322,1)
[647]: (70.26714041944415,1)
[648]: (70.40393028074726,1)
[649]: (70.03124252113589,1)
[650]: (70.97348972535808,1)
[651]: (70.34300223812932,1)
[652]: (70.1069788620409,1)
[653]: (70.00977939181946,1)
[654]: (70.02635526570116,1)
[655]: (70.0609538910773,1)
[656]: (70.44750396211141,1)
[657]: (70.03679021557146,1)
[658]: (70.31026109520798,1)
[659]: (70.63327701885753,1)
[660]: (70.00693916845151,1)
[661]: (70.11822894627986,1)
[662]: (70.12581237998558,1)
[663]: (70.44621898252163,1)
[664]: (70.06582953339807,1)
[665]: (70.10498824308146,1)
[666]: (70.01880803005841,1)
[667]: (70.73381725202979,1)
[668]: (70.01909324215895,1)
[669]: (70.43877444068893,1)
[670]: (70.06834257475477,1)
[671]: (70.54527886405695,1)
[672]: (70.47319651540211,1)
[673]: (70.16007740508354,1)
[674]: (70.18628460611406,1)
[675]: (70.10726207779143,1)
[676]: (70.13562955787052,1)
[677]: (70.44881494432165,1)
[678]: (70.10025029484332,1)
[679]: (70.27743203420853,1)
[680]: (70.21582577166181,1)
[681]: (70.68312065406705,1)
[682]: (70.08006629995694,1)
[683]: (70.16150680560941,1)
[684]: (70.87397123638075,1)
[685]: (70.33395785615373,1)
[686]: (70.97362293646539,1)
[687]: (70.34028937862355,1)
[688]: (70.24192328348893,1)
[689]: (70.76259628790639,1)
[690]: (70.0140935705173,1)
[691]: (70.23026021457912,1)
[692]: (70.0935578629054,1)
[693]: (70.08579417194424,1)
[694]: (70.41490265619748,1)
[695]: (70.00297369668554,1)
[696]: (71.179564077154,1)
[697]: (70.04057285941201,1)
[698]: (71.04267700070906,1)
[699]: (70.4633698062475,1)
[700]: (70.01449464722212,1)
[701]: (70.63892883974493,1)
[702]: (70.03143645706891,1)
[703]: (70.19092291241834,1)
[704]: (70.01104431482723,1)
[705]: (70.25616819240972,1)
[706]: (70.04856215129475,1)
[707]: (70.07147683292678,1)
[708]: (70.29416034604476,1)
[709]: (70.52783367771553,1)
[710]: (70.21872780200164,1)
[711]: (70.08794523905036,1)
[712]: (70.30445290233021,1)
[713]: (70.36602371079125,1)
[714]: (70.34349766173071,1)
[715]: (70.70046366374677,1)
[716]: (70.73568521628604,1)
[717]: (70.19230252034743,1)
[718]: (70.00808066804436,1)
[719]: (70.2597322367789,1)
[720]: (70.58929691874621,1)
[721]: (70.03862215777274,1)
[722]: (70.13594737906116,1)
[723]: (71.14691135307366,1)
[724]: (70.07913840668373,1)
[725]: (70.13936356091801,1)
[726]: (70.30705559384755,1)
[727]: (70.00175532439339,1)
[728]: (70.21872867310734,1)
[729]: (70.46036540707762,1)
[730]: (70.26653563826505,1)
[731]: (70.32748673822881,1)
[732]: (70.19060564662033,1)
[733]: (70.29789737291385,1)
[734]: (71.36177537370438,1)
[735]: (70.49279446044757,1)
[736]: (70.94842296151002,1)
[737]: (70.040783637481,1)
[738]: (70.27289174195784,1)
[739]: (70.69378058889224,1)
[740]: (70.17412291735634,1)
[741]: (70.0127959210088,1)
[742]: (70.80538488056099,1)
[743]: (70.37468740385339,1)
[744]: (70.68997591950556,1)
[745]: (70.0112561980812,1)
[746]: (70.66745839274543,1)
[747]: (70.08191768221543,1)
[748]: (70.52757770356908,1)
[749]: (70.73839851861742,1)
[750]: (70.44422542645502,1)
[751]: (70.10784298005794,1)
[752]: (70.2829291899321,1)
[753]: (70.32006434630135,1)
[754]: (70.20761578942484,1)
[755]: (70.48334756247597,1)
[756]: (70.0644540877334,1)
[757]: (70.00735840634047,1)
[758]: (70.1427885907154,1)
[759]: (70.73657671578101,1)
[760]: (70.15794735832738,1)
[761]: (70.55598816360569,1)
[762]: (70.02069040692234,1)
[763]: (71.07166122536142,1)
[764]: (70.67853390019614,1)
[765]: (70.8051401378609,1)
[766]: (70.22057773284847,1)
[767]: (70.04608569197829,1)
[768]: (70.18162620322471,1)
[769]: (70.30070127381889,1)
[770]: (70.35358312778389,1)
[771]: (70.53781023769875,1)
[772]: (70.25858294973551,1)
[773]: (70.0073178567547,1)
[774]: (70.48158185563098,1)
[775]: (71.54587571019356,1)
[776]: (70.11102943646422,1)
[777]: (71.03815513794058,1)
[778]: (70.17280675481186,1)
[779]: (70.26129620030873,1)
[780]: (70.22023245724949,1)
[781]: (70.23646046818342,1)
[782]: (70.20479637506517,1)
[783]: (70.58466184029665,1)
[784]: (70.01443069677933,1)
[785]: (70.10187737216029,1)
[786]: (71.67091867156496,1)
[787]: (70.25471803036463,1)
[788]: (70.26345486124795,1)
[789]: (70.15978098171138,1)
[790]: (70.58898056750544,1)
[791]: (70.34378860613025,1)
[792]: (70.48358976669284,1)
[793]: (70.20821286515029,1)
[794]: (70.26324286886322,1)
[795]: (70.49689442562739,1)
[796]: (70.07457343027711,1)
[797]: (70.15094938546909,1)
[798]: (70.36848341940663,1)
[799]: (70.47566343116037,1)
[800]: (70.48050763300502,1)
[801]: (70.39264063636553,1)
[802]: (70.59225224069715,1)
[803]: (70.50292890310959,1)
[804]: (71.5102198718003,1)
[805]: (70.0084145724128,1)
[806]: (70.45239069860092,1)
[807]: (70.1922718532343,1)
[808]: (70.31908334721707,1)
[809]: (70.11661292429213,1)
[810]: (70.1562691057579,1)
[811]: (70.4781288437194,1)
[812]: (70.03817234650467,1)
[813]: (70.27905323954424,1)
[814]: (70.80663402170687,1)
[815]: (70.00080952829992,1)
[816]: (70.67484305786098,1)
[817]: (72.22912729219999,1)
[818]: (70.34225479744299,1)
[819]: (70.82623098798916,1)
[820]: (70.09394599555215,1)
[821]: (70.9335558587112,1)
[822]: (71.23986333146831,1)
[823]: (70.16048791293889,1)
[824]: (70.16177037098223,1)
[825]: (70.22491563461097,1)
[826]: (70.16578738985913,1)
[827]: (71.07612160736139,1)
[828]: (70.524692323499,1)
[829]: (70.2248991920535,1)
[830]: (70.42594236550299,1)
[831]: (70.67010888288229,1)
[832]: (70.47457367297898,1)
[833]: (70.48764351535301,1)
[834]: (70.16407499706148,1)
[835]: (70.50675700474781,1)
[836]: (70.2720605897406,1)
[837]: (70.35072857957219,1)
[838]: (70.06469651890613,1)
[839]: (70.25399473285204,1)
[840]: (70.1245866216056,1)
[841]: (70.16923277717258,1)
[842]: (70.02332110347888,1)
[843]: (70.69930923650661,1)
[844]: (70.19216190043782,1)
[845]: (70.12731544050617,1)
[846]: (70.1759640625387,1)
[847]: (70.02578575770136,1)
[848]: (71.15823245990258,1)
[849]: (70.07032116277843,1)
[850]: (70.4362966294847,1)
[851]: (70.08686333525134,1)
[852]: (70.25184738823349,1)
[853]: (70.14299485985987,1)
[854]: (70.05181286080719,1)
[855]: (70.25498702200487,1)
[856]: (70.19917936315856,1)
[857]: (70.22491183716811,1)
[858]: (70.0021215748398,1)
[859]: (70.17938520141355,1)
[860]: (70.28016332899983,1)
[861]: (70.25302734523916,1)
[862]: (70.00954074068491,1)
[863]: (70.07946281167185,1)
[864]: (70.45587722851842,1)
[865]: (70.12397750714906,1)
[866]: (70.06042349386875,1)
[867]: (70.30188274844566,1)
[868]: (70.11748990519644,1)
[869]: (70.62254639425319,1)
[870]: (70.05491892122066,1)
[871]: (70.02111850792149,1)
[872]: (70.66862326489081,1)
[873]: (70.14021541266449,1)
[874]: (70.18930666055829,1)
[875]: (70.01268966356542,1)
[876]: (70.08607453298615,1)
[877]: (70.08495127731798,1)
[878]: (70.33715143880113,1)
[879]: (70.31345336430954,1)
[880]: (70.23907462269784,1)
[881]: (70.4948813300509,1)
[882]: (70.26845555914826,1)
[883]: (70.42574232155508,1)
[884]: (70.95734043216939,1)
[885]: (70.18539693673411,1)
[886]: (70.10927156171222,1)
[887]: (70.23963570277283,1)
[888]: (70.14903989761028,1)
[889]: (70.42568294190292,1)
[890]: (70.09288506487667,1)
[891]: (70.86722155059572,1)
[892]: (70.25371707359248,1)
[893]: (70.01102874257062,1)
[894]: (70.12497760667011,1)
[895]: (70.01133025677004,1)
[896]: (70.23792985839079,1)
[897]: (70.51038727890264,1)
[898]: (70.2930305334329,1)
[899]: (70.01911596849686,1)
[900]: (70.04818991570831,1)
[901]: (70.28200779278966,1)
[902]: (70.27960675562571,1)
[903]: (70.03970472161365,1)
[904]: (70.22938769005431,1)
[905]: (70.19999348742728,1)
[906]: (70.94785230527934,1)
[907]: (70.52475917670372,1)
[908]: (70.07659009510716,1)
[909]: (70.2804340235248,1)
[910]: (70.15093881729106,1)
[911]: (70.50887315820867,1)
[912]: (70.65640435834855,1)
[913]: (70.3978765368491,1)
[914]: (70.46587567126721,1)
[915]: (70.55402417191056,1)
[916]: (70.44517108764012,1)
[917]: (70.3905487616648,1)
[918]: (70.11843270136538,1)
[919]: (70.01557809064549,1)
[920]: (70.70794774126482,1)
[921]: (70.6924363762125,1)
[922]: (70.29485504826894,1)
[923]: (70.39696998782718,1)
[924]: (70.1701872607462,1)
[925]: (70.218853290347,1)
[926]: (70.37129196725476,1)
[927]: (70.00477056285121,1)
[928]: (70.00453937388251,1)
[929]: (70.34111632367477,1)
[930]: (72.72361062831159,1)
[931]: (71.71360370014756,1)
[932]: (70.01775132322622,1)
[933]: (70.16555131427023,1)
[934]: (70.20814725365199,1)
[935]: (70.70204664174145,1)
[936]: (70.0531868737632,1)
[937]: (70.42364483486124,1)
[938]: (70.14612127265056,1)
[939]: (70.01640532198421,1)
[940]: (70.29966093574876,1)
[941]: (70.33637049769395,1)
[942]: (70.43251679368163,1)
[943]: (71.27945027592803,1)
[944]: (70.34081557155359,1)
[945]: (70.69768553376899,1)
[946]: (70.5343991599932,1)
[947]: (70.87620507406076,1)
[948]: (70.07387843317777,1)
[949]: (70.00504063631476,1)
[950]: (70.39031691869957,1)
[951]: (70.24675253725876,1)
[952]: (70.25780748748362,1)
[953]: (70.02989388982373,1)
[954]: (70.3325669554133,1)
[955]: (70.35781986268609,1)
[956]: (70.04000327957245,1)
[957]: (70.53173475952255,1)
[958]: (70.73612349911205,1)
[959]: (70.05563441634054,1)
[960]: (70.50578515782456,1)
[961]: (70.19746431015334,1)
[962]: (70.31732425109226,1)
[963]: (70.52887392683554,1)
[964]: (70.41703358538082,1)
[965]: (70.4486812291106,1)
[966]: (70.12222597975662,1)
[967]: (70.36510200875726,1)
[968]: (70.37525367638216,1)
[969]: (70.03121369003263,1)
[970]: (70.39660635531128,1)
[971]: (70.25412183757564,1)
[972]: (70.61474685580059,1)
[973]: (70.40347421269665,1)
[974]: (70.41753682387629,1)
[975]: (70.08867688648196,1)
[976]: (70.4081568092421,1)
[977]: (70.31915018631832,1)
[978]: (70.44705860801065,1)
[979]: (70.06433955765532,1)
[980]: (70.11666063054692,1)
[981]: (70.54514946117364,1)
[982]: (70.7689277435518,1)
[983]: (70.00288650671155,1)
[984]: (70.09166500413428,1)
[985]: (70.04363704552669,1)
[986]: (70.04863875076617,1)
[987]: (70.00967400703594,1)
[988]: (70.03277194929002,1)
[989]: (70.31940858118703,1)
[990]: (70.18242901223553,1)
[991]: (70.92009256664871,1)
[992]: (70.11689509762725,1)
[993]: (70.85872464651153,1)
[994]: (70.2221288357067,1)
[995]: (70.48535077210079,1)
[996]: (70.61078117968101,1)
[997]: (70.6650099512824,1)
[998]: (70.36194965589665,1)
[999]: (70.29077920237953,1)
[1000]: (70.21388442420026,1)
[1001]: (70.6555407593617,1)
[1002]: (70.38848322461915,1)
[1003]: (70.24634229123343,1)
[1004]: (72.26012398160982,1)
[1005]: (70.29706779898896,1)
[1006]: (70.77933513529794,1)
[1007]: (70.0030199080331,1)
[1008]: (70.11374427619037,1)
[1009]: (70.29080271287373,1)
[1010]: (70.85211649717981,1)
[1011]: (70.1173008060146,1)
[1012]: (70.65509010965411,1)
[1013]: (70.18327169212149,1)
[1014]: (71.20847375539104,1)
[1015]: (70.75460316567626,1)
[1016]: (70.03903667257293,1)
[1017]: (70.18729680862945,1)
[1018]: (70.25520853779607,1)
[1019]: (70.10114315826614,1)
[1020]: (70.94382599924496,1)
[1021]: (70.17684307778714,1)
[1022]: (70.06799676701168,1)
[1023]: (70.15754051308922,1)
[1024]: (70.25358326430084,1)
[1025]: (70.05819263759635,1)
[1026]: (70.61782586073208,1)
[1027]: (70.43876637011952,1)
[1028]: (70.51059719571336,1)
[1029]: (70.15907334331774,1)
[1030]: (70.14953600538598,1)
[1031]: (70.0752702655133,1)
[1032]: (71.20466859647652,1)
[1033]: (70.1472606233088,1)
[1034]: (70.29991719045741,1)
[1035]: (70.68269171699013,1)
[1036]: (70.58358216099619,1)
[1037]: (70.25410713541297,1)
[1038]: (71.08193954086707,1)
[1039]: (70.98098992038406,1)
[1040]: (70.16762769574304,1)
[1041]: (70.11722531861503,1)
[1042]: (70.0049643370923,1)
[1043]: (70.07401385327084,1)
[1044]: (70.73899513013569,1)
[1045]: (70.07996307669536,1)
[1046]: (70.69945254041771,1)
[1047]: (70.49518050663451,1)
[1048]: (70.09172614281525,1)
[1049]: (70.21937719908146,1)
[1050]: (70.29985561317135,1)
[1051]: (70.01062636540536,1)
[1052]: (70.69410702367735,1)
[1053]: (70.28974518820553,1)
[1054]: (70.12927580849116,1)
[1055]: (70.07565217668498,1)
[1056]: (70.51459174603957,1)
[1057]: (70.45166670939766,1)
[1058]: (70.30502838419881,1)
[1059]: (70.0181566451607,1)
[1060]: (70.33652543798198,1)
[1061]: (70.41955423138197,1)
[1062]: (70.46555036478898,1)
[1063]: (71.22944422351614,1)
[1064]: (70.17241149022529,1)
[1065]: (71.14543168056217,1)
[1066]: (70.0881023270791,1)
[1067]: (70.36345055281662,1)
[1068]: (70.25774341320913,1)
[1069]: (70.32944879461996,1)
[1070]: (70.03728047405311,1)
[1071]: (70.15182432530855,1)
[1072]: (70.00201132439167,1)
[1073]: (70.19276220101614,1)
[1074]: (70.06506092724352,1)
[1075]: (70.4109948631947,1)
[1076]: (70.4846781347057,1)
[1077]: (70.00599863069093,1)
[1078]: (71.41800560265703,1)
[1079]: (71.01091279675558,1)
[1080]: (70.05753666330301,1)
[1081]: (70.53077818309927,1)
[1082]: (70.53268996827723,1)
[1083]: (70.2535826195992,1)
[1084]: (70.63545416281636,1)
[1085]: (70.12982611400805,1)
[1086]: (70.18593283474941,1)
[1087]: (70.24155833177946,1)
[1088]: (70.209104167985,1)
[1089]: (70.33233581772619,1)
[1090]: (70.5255013084486,1)
[1091]: (70.098047777452,1)
[1092]: (70.52601588799693,1)
[1093]: (70.3837014596316,1)
[1094]: (70.04394472317544,1)
[1095]: (70.04647223890807,1)
[1096]: (70.03963041481501,1)
[1097]: (70.30108873667496,1)
[1098]: (70.52387232830851,1)
[1099]: (70.4550142344697,1)
[1100]: (70.12471197866515,1)
[1101]: (70.49434114387468,1)
[1102]: (70.06791814228487,1)
[1103]: (70.52085175256684,1)
[1104]: (70.2354534198422,1)
[1105]: (70.37970328588055,1)
[1106]: (70.18979667322159,1)
[1107]: (70.15947890892109,1)
[1108]: (70.98495704577424,1)
[1109]: (70.09277828578324,1)
[1110]: (71.18196284701158,1)
[1111]: (70.27139431958005,1)
[1112]: (70.25744796843719,1)
[1113]: (70.69505994223442,1)
[1114]: (70.34496516729462,1)
[1115]: (70.12324320623223,1)
[1116]: (70.04212707366763,1)
[1117]: (70.04797985898576,1)
[1118]: (70.05188601683446,1)
[1119]: (70.23197269125014,1)
[1120]: (70.90929540766851,1)
[1121]: (70.8418900568799,1)
[1122]: (70.35664193178835,1)
[1123]: (70.19257826585105,1)
[1124]: (70.38097748430332,1)
[1125]: (70.91288220572282,1)
[1126]: (70.28783753262375,1)
[1127]: (70.09145398442611,1)
[1128]: (70.03668469314312,1)
[1129]: (70.2977886590994,1)
[1130]: (70.13849680025226,1)
[1131]: (70.0797813158689,1)
[1132]: (70.32283307544053,1)
[1133]: (70.08101101962134,1)
[1134]: (70.01418950976904,1)
[1135]: (70.49064584641737,1)
[1136]: (70.2100350146422,1)
[1137]: (70.06304415428825,1)
[1138]: (70.51208952535119,1)
[1139]: (71.08331822087922,1)
[1140]: (70.878891281452,1)
[1141]: (70.09539678655156,1)
[1142]: (70.42653338389178,1)
[1143]: (70.70525085592259,1)
[1144]: (70.36698531638186,1)
[1145]: (70.12996167574761,1)
[1146]: (70.5109924121453,1)
[1147]: (70.06852812759038,1)
[1148]: (70.18335047733159,1)
[1149]: (70.49111588485199,1)
[1150]: (70.10433305714037,1)
[1151]: (70.55519641771387,1)
[1152]: (70.58065762337181,1)
[1153]: (70.28379984714122,1)
[1154]: (70.82355567135488,1)
[1155]: (70.17804500886723,1)
[1156]: (70.02176425028001,1)
[1157]: (70.07236227237166,1)
[1158]: (70.03551152017396,1)
[1159]: (70.61014593072477,1)
[1160]: (71.12633391701455,1)
[1161]: (70.01068756087867,1)
[1162]: (70.1113697506695,1)
[1163]: (70.1526621649726,1)
[1164]: (70.28694389519536,1)
[1165]: (70.06033187796858,1)
[1166]: (70.40546226091951,1)
[1167]: (70.01408489453316,1)
[1168]: (70.0352841719364,1)
[1169]: (70.05986917766108,1)
[1170]: (70.07360999999469,1)
[1171]: (70.08982710175553,1)
[1172]: (70.04419118229245,1)
[1173]: (70.19916466587138,1)
[1174]: (70.37339735474062,1)
[1175]: (70.97207768626268,1)
[1176]: (70.15077502797953,1)
[1177]: (70.61222893620052,1)
[1178]: (70.2473850663805,1)
[1179]: (70.50677340755428,1)
[1180]: (70.38315211430172,1)
[1181]: (70.4265732030764,1)
[1182]: (70.02560685579176,1)
[1183]: (70.68604381844727,1)
[1184]: (70.36355972669266,1)
[1185]: (70.307955388907,1)
[1186]: (70.14093895287876,1)
[1187]: (70.86322607309762,1)
[1188]: (70.33816949878081,1)
[1189]: (70.06002453329064,1)
[1190]: (70.5329802930892,1)
[1191]: (70.08539245706653,1)
[1192]: (70.02912601300571,1)
[1193]: (70.11224317004678,1)
[1194]: (70.02274760653168,1)
[1195]: (70.33817317512947,1)
[1196]: (70.77398972641579,1)
[1197]: (70.42990196801766,1)
[1198]: (70.54984760796552,1)
[1199]: (70.63458191560764,1)
[1200]: (70.11236043759185,1)
[1201]: (70.28737394303681,1)
[1202]: (70.02980517375302,1)
[1203]: (70.13445070598794,1)
[1204]: (70.08136048972867,1)
[1205]: (70.07680414749717,1)
[1206]: (70.44765631786183,1)
[1207]: (70.30549532997446,1)
[1208]: (70.04804716945073,1)
[1209]: (70.1987893221638,1)
[1210]: (70.0694197945998,1)
[1211]: (70.0079950026046,1)
[1212]: (70.13665604320829,1)
[1213]: (70.44453453876038,1)
[1214]: (70.47580744416993,1)
[1215]: (70.6817316620389,1)
[1216]: (70.12981608874145,1)
[1217]: (70.06998887917862,1)
[1218]: (70.28488336473714,1)
[1219]: (70.08225413909483,1)
[1220]: (70.2804914909521,1)
[1221]: (70.16624305810032,1)
[1222]: (70.35849941502229,1)
[1223]: (70.06475294881015,1)
[1224]: (70.19777662768634,1)
[1225]: (70.39653570218664,1)
[1226]: (71.04833836786395,1)
[1227]: (70.0497499095389,1)
[1228]: (70.22059872541425,1)
[1229]: (71.28993511901454,1)
[1230]: (70.13972171641957,1)
[1231]: (70.14014968193776,1)
[1232]: (70.42041867960926,1)
[1233]: (71.01126531081833,1)
[1234]: (70.46027131855145,1)
[1235]: (70.25378679993712,1)
[1236]: (70.0888889418643,1)
[1237]: (70.97127659320417,1)
[1238]: (70.19321572912041,1)
[1239]: (70.62794381112975,1)
[1240]: (70.20817254134546,1)
[1241]: (70.34971325311281,1)
[1242]: (71.83973544400317,1)
[1243]: (70.44184340840908,1)
[1244]: (70.48410360488944,1)
[1245]: (70.0113997499825,1)
[1246]: (70.06196877181473,1)
[1247]: (70.31243990309491,1)
[1248]: (71.04889138537995,1)
[1249]: (70.21877302424225,1)
[1250]: (70.07748008400195,1)
[1251]: (70.17519850806158,1)
[1252]: (70.1288669535672,1)
[1253]: (71.440207639535,1)
[1254]: (70.04762352387102,1)
[1255]: (70.48435644254766,1)
[1256]: (70.07676664664505,1)
[1257]: (70.08463630013962,1)
[1258]: (70.31948436891044,1)
[1259]: (70.07745170060153,1)
[1260]: (70.07007894491758,1)
[1261]: (70.14081847187282,1)
[1262]: (70.44692025405521,1)
[1263]: (70.65960510615652,1)
[1264]: (70.13998587870128,1)
[1265]: (70.16219853075931,1)
[1266]: (70.8548582460334,1)
[1267]: (70.13629205550924,1)
[1268]: (71.49631127818448,1)
[1269]: (70.18693760815654,1)
[1270]: (70.71379757305593,1)
[1271]: (70.16728598044831,1)
[1272]: (70.27590994443413,1)
[1273]: (70.56633971973524,1)
[1274]: (70.12804050306831,1)
[1275]: (70.80415881849443,1)
[1276]: (70.44498694943933,1)
[1277]: (70.38284684332415,1)
[1278]: (70.26025724860823,1)
[1279]: (70.09608096664091,1)
[1280]: (70.01904693852926,1)
[1281]: (70.359013262763,1)
[1282]: (70.22029435042444,1)
[1283]: (70.16278504505607,1)
[1284]: (70.15114641647266,1)
[1285]: (70.41285946811956,1)
[1286]: (70.16469377004091,1)
[1287]: (70.27921468814627,1)
[1288]: (70.17063532995925,1)
[1289]: (70.31648176105462,1)
[1290]: (71.12180844141216,1)
[1291]: (70.32943120608945,1)
[1292]: (70.00963150611337,1)
[1293]: (70.089301086383,1)
[1294]: (70.75733898456926,1)
[1295]: (70.27300222129223,1)
[1296]: (70.16680972557428,1)
[1297]: (70.11161590959198,1)
[1298]: (71.09688747184475,1)
[1299]: (70.43498231346049,1)
[1300]: (71.00294800662965,1)
[1301]: (70.77588412001222,1)
[1302]: (70.24584118276805,1)
[1303]: (70.48392157775469,1)
[1304]: (70.10594350426612,1)
[1305]: (70.8975976278262,1)
[1306]: (70.0810703413013,1)
[1307]: (70.04932169150811,1)
[1308]: (70.15736947600654,1)
[1309]: (70.38919373968523,1)
[1310]: (70.01491869002861,1)
[1311]: (70.31797056659542,1)
[1312]: (70.0854285094702,1)
[1313]: (70.14418315093144,1)
[1314]: (70.27292055302846,1)
[1315]: (70.04503582998726,1)
[1316]: (70.01207963933791,1)
[1317]: (70.31710258210879,1)
[1318]: (70.13518852463375,1)
[1319]: (70.61619799225143,1)
[1320]: (71.18051611762802,1)
[1321]: (70.03351074393423,1)
[1322]: (70.37197308969417,1)
[1323]: (70.43487821314885,1)
[1324]: (70.23357210435913,1)
[1325]: (70.72347949558608,1)
[1326]: (70.15438154233249,1)
[1327]: (70.89681510717423,1)
[1328]: (71.05492741761267,1)
[1329]: (70.24558731034764,1)
[1330]: (70.23859575796696,1)
[1331]: (70.25223433269809,1)
[1332]: (71.33961932782451,1)
[1333]: (70.93455945176773,1)
[1334]: (71.41341543490861,1)
[1335]: (70.03414667027332,1)
[1336]: (70.03648075620706,1)
[1337]: (70.31451080285944,1)
[1338]: (70.34591268171292,1)
[1339]: (70.05311492876453,1)
[1340]: (70.01551393580597,1)
[1341]: (70.27368333023804,1)
[1342]: (70.15766400464072,1)
[1343]: (70.09110262147479,1)
[1344]: (70.6368552076809,1)
[1345]: (70.88109905427537,1)
[1346]: (70.90196765330677,1)
[1347]: (70.05420756606244,1)
[1348]: (70.82119056487772,1)
[1349]: (71.40343371657447,1)
[1350]: (70.43421483146822,1)
[1351]: (70.41482095061366,1)
[1352]: (70.59006303811577,1)
[1353]: (70.26033496361735,1)
[1354]: (70.42941671253385,1)
[1355]: (70.52691963267335,1)
[1356]: (70.44256845855691,1)
[1357]: (70.12874763143419,1)
[1358]: (70.22614641369459,1)
[1359]: (70.17619386485617,1)
[1360]: (70.22800413821265,1)
[1361]: (70.92072255186035,1)
[1362]: (70.19699326902914,1)
[1363]: (70.7776853581581,1)
[1364]: (70.19077533373014,1)
[1365]: (70.05144753357153,1)
[1366]: (70.11990302508887,1)
[1367]: (70.30712555113548,1)
[1368]: (70.08876698354028,1)
[1369]: (70.20442813468613,1)
[1370]: (70.05623925820917,1)
[1371]: (70.02377561784914,1)
[1372]: (71.13818415728026,1)
[1373]: (70.26928767195199,1)
[1374]: (70.34147037904387,1)
[1375]: (70.3314132891785,1)
[1376]: (70.04691014553487,1)
[1377]: (70.7216203592983,1)
[1378]: (71.16423756709308,1)
[1379]: (70.16501260593088,1)
[1380]: (70.5204931478774,1)
[1381]: (70.31917243603247,1)
[1382]: (70.66246486807533,1)
[1383]: (70.03158959540643,1)
[1384]: (70.36397142072488,1)
[1385]: (70.01664224710792,1)
[1386]: (70.18498021272914,1)
[1387]: (70.47568197457011,1)
[1388]: (70.03703787929093,1)
[1389]: (70.02292355862878,1)
[1390]: (70.00201805732699,1)
[1391]: (70.51416901161082,1)
[1392]: (70.09943772023703,1)
[1393]: (70.89670126140162,1)
[1394]: (70.19807989988996,1)
[1395]: (70.09544375543005,1)
[1396]: (70.53483519827783,1)
[1397]: (70.94290067495875,1)
[1398]: (70.2189437588234,1)
[1399]: (70.01686858508401,1)
[1400]: (70.73409923620174,1)
[1401]: (70.11191783507029,1)
[1402]: (70.15455479191023,1)
[1403]: (70.63187707882931,1)
[1404]: (70.96501079425273,1)
[1405]: (71.82282679828126,1)
[1406]: (70.02203373815024,1)
[1407]: (70.51858790437532,1)
[1408]: (70.1378929603088,1)
[1409]: (70.47282319909992,1)
[1410]: (70.56817566038215,1)
[1411]: (70.55256120431029,1)
[1412]: (70.11432460239774,1)
[1413]: (70.20057998103486,1)
[1414]: (70.02020006815678,1)
[1415]: (71.74431953474945,1)
[1416]: (71.08897838607272,1)
[1417]: (70.32843247594892,1)
[1418]: (70.52221678435154,1)
[1419]: (70.07755232034657,1)
[1420]: (70.78578267320746,1)
[1421]: (70.65994132532641,1)
[1422]: (70.01580622016427,1)
[1423]: (71.41149278939956,1)
[1424]: (70.05391266598451,1)
[1425]: (70.41957790845093,1)
[1426]: (70.73863233477951,1)
[1427]: (70.45247614755552,1)
[1428]: (70.14156548696801,1)
[1429]: (70.06784386145915,1)
[1430]: (70.2857511174047,1)
[1431]: (70.13202541624563,1)
[1432]: (70.18216709246296,1)
[1433]: (70.62234272708272,1)
[1434]: (70.23604027085405,1)
[1435]: (70.04310395566685,1)
[1436]: (70.08559506348452,1)
[1437]: (70.33795624313323,1)
[1438]: (70.05892675063356,1)
[1439]: (70.17660740503658,1)
[1440]: (70.16206795960234,1)
[1441]: (70.2115250297859,1)
[1442]: (70.23215574402582,1)
[1443]: (70.43863134512384,1)
[1444]: (70.10938036533726,1)
[1445]: (71.17012099761671,1)
[1446]: (70.41947126704821,1)
[1447]: (70.10087633378203,1)
[1448]: (70.03078429322822,1)
[1449]: (70.6014793488679,1)
[1450]: (70.32591500104029,1)
[1451]: (70.45002533204676,1)
[1452]: (70.20982131980315,1)
[1453]: (70.74990075508927,1)
[1454]: (70.51127430984394,1)
[1455]: (70.39975312032654,1)
[1456]: (70.41993460087346,1)
[1457]: (70.11725496003896,1)
[1458]: (70.28538948095542,1)
[1459]: (70.12486422084044,1)
[1460]: (70.3888208489784,1)
[1461]: (70.0521970382872,1)
[1462]: (70.19500539995838,1)
[1463]: (70.18398994776001,1)
[1464]: (70.2406503990067,1)
[1465]: (70.65914656993336,1)
[1466]: (70.46591993238769,1)
[1467]: (70.63590133449669,1)
[1468]: (70.39864664513313,1)
[1469]: (70.02726613803904,1)
[1470]: (70.07650242880854,1)
[1471]: (70.50980195383408,1)
[1472]: (70.08657010589019,1)
[1473]: (70.33886841798135,1)
[1474]: (70.02680646524357,1)
[1475]: (70.68482920779435,1)
[1476]: (70.15192811140111,1)
[1477]: (70.05430241224228,1)
[1478]: (70.36362146085018,1)
[1479]: (70.0493656863281,1)
[1480]: (70.25614459820656,1)
[1481]: (70.43814557947398,1)
[1482]: (71.23388099015814,1)
[1483]: (70.09752729878484,1)
[1484]: (70.05754708008166,1)
[1485]: (70.35933001533134,1)
[1486]: (70.14073668021226,1)
[1487]: (70.1001816188642,1)
[1488]: (71.1027177869321,1)
[1489]: (70.21796315456787,1)
[1490]: (70.35210004160042,1)
[1491]: (70.70116652963971,1)
[1492]: (70.40773190198891,1)
[1493]: (70.55828762953695,1)
[1494]: (70.66426523316871,1)
[1495]: (70.09713931891558,1)
[1496]: (70.24586530420875,1)
[1497]: (70.79044969746856,1)
[1498]: (70.03713049556818,1)
[1499]: (70.33377101272451,1)
[1500]: (70.02866918427371,1)
[1501]: (70.48132488050108,1)
[1502]: (70.30752163795376,1)
[1503]: (70.28466615469783,1)
[1504]: (70.00091764875138,1)
[1505]: (70.00584640156512,1)
[1506]: (70.13551355165758,1)
[1507]: (70.78603912277168,1)
[1508]: (70.42866249313364,1)
[1509]: (70.00617822294043,1)
[1510]: (70.45747336912247,1)
[1511]: (70.01967454029852,1)
[1512]: (70.00755141108007,1)
[1513]: (70.43556464854346,1)
[1514]: (70.10732163356087,1)
[1515]: (70.25412468537652,1)
[1516]: (70.12705025418184,1)
[1517]: (70.7781648750593,1)
[1518]: (70.7092928051959,1)
[1519]: (70.52125380584582,1)
[1520]: (70.44135517157035,1)
[1521]: (70.11776382276115,1)
[1522]: (70.04511967438602,1)
[1523]: (70.06895281290558,1)
[1524]: (70.1553646578071,1)
[1525]: (70.60687411478521,1)
[1526]: (70.00168848872892,1)
[1527]: (70.59894024378816,1)
[1528]: (70.93876052218651,1)
[1529]: (71.16363007481182,1)
[1530]: (70.07019978606166,1)
[1531]: (70.76845239971694,1)
[1532]: (70.06702690154616,1)
[1533]: (70.28213968684868,1)
[1534]: (70.33563952413095,1)
[1535]: (70.28894904191698,1)
[1536]: (71.29853446933119,1)
[1537]: (70.65134965059273,1)
[1538]: (70.17134682949226,1)
[1539]: (70.03768243402905,1)
[1540]: (70.4575474469316,1)
[1541]: (71.09304795696846,1)
[1542]: (70.16843749122788,1)
[1543]: (70.06560229884865,1)
[1544]: (70.23866790593536,1)
[1545]: (70.14719196783676,1)
[1546]: (70.28585549083476,1)
[1547]: (70.14519063635873,1)
[1548]: (71.72599305401614,1)
[1549]: (70.12570698411272,1)
[1550]: (70.49603695509374,1)
[1551]: (71.4590926632998,1)
[1552]: (70.04612814058729,1)
[1553]: (70.07873279153863,1)
[1554]: (70.13616416884705,1)
[1555]: (70.86558921289905,1)
[1556]: (70.23585248390607,1)
[1557]: (70.14603068339837,1)
[1558]: (70.39504058136409,1)
[1559]: (70.5667792880085,1)
[1560]: (70.58562842856581,1)
[1561]: (70.37527913470512,1)
[1562]: (70.32269365080091,1)
[1563]: (70.64035184221424,1)
[1564]: (70.0158352937477,1)
[1565]: (70.89978814023939,1)
[1566]: (70.25870710847671,1)
[1567]: (70.44412051280254,1)
[1568]: (70.40347990409879,1)
[1569]: (70.85633908671679,1)
[1570]: (70.06391911727803,1)
[1571]: (70.21286348560085,1)
[1572]: (70.45769490665033,1)
[1573]: (70.24376650695238,1)
[1574]: (70.34321816311842,1)
[1575]: (70.40403238711629,1)
[1576]: (70.15771874848711,1)
[1577]: (70.35188539240193,1)
[1578]: (70.4720607285127,1)
[1579]: (70.14984764119603,1)
[1580]: (70.42833309794378,1)
[1581]: (70.19561686019017,1)
[1582]: (70.27376364766893,1)
[1583]: (70.17516752091308,1)
[1584]: (70.05813002679753,1)
[1585]: (70.03218988932888,1)
[1586]: (70.03140605986208,1)
[1587]: (70.89405541426154,1)
[1588]: (70.30694963743186,1)
[1589]: (70.30445464413204,1)
[1590]: (70.25978722972184,1)
[1591]: (70.09467523523936,1)
[1592]: (70.04012032498038,1)
[1593]: (70.16499321166268,1)
[1594]: (70.94646141969611,1)
[1595]: (70.11273028490785,1)
[1596]: (70.02540639172429,1)
[1597]: (70.10469311654592,1)
[1598]: (70.49098364069445,1)
[1599]: (70.09859780259522,1)
[1600]: (70.720440370071,1)
[1601]: (70.32032126089398,1)
[1602]: (70.15778824151512,1)
[1603]: (70.31365680288199,1)
[1604]: (70.52726225251152,1)
[1605]: (70.09657231174279,1)
[1606]: (70.15184538100115,1)
[1607]: (70.09454939373779,1)
[1608]: (70.18613968874924,1)
[1609]: (70.3480132206205,1)
[1610]: (70.36906042033249,1)
[1611]: (70.06154324205295,1)
[1612]: (70.38372104943295,1)
[1613]: (70.12480117089223,1)
[1614]: (70.45855375162387,1)
[1615]: (70.1156237352199,1)
[1616]: (70.02558408428611,1)
[1617]: (70.3463856681671,1)
[1618]: (70.14880391355976,1)
[1619]: (70.20003635790364,1)
[1620]: (70.13187526717323,1)
[1621]: (70.57115245471238,1)
[1622]: (70.26789911322383,1)
[1623]: (70.53061921929182,1)
[1624]: (70.08192114363399,1)
[1625]: (70.22489600447145,1)
[1626]: (70.17698383294771,1)
[1627]: (70.09124686600809,1)
[1628]: (70.41883429313174,1)
[1629]: (70.19769358944149,1)
[1630]: (70.22522116580497,1)
[1631]: (70.64466052893523,1)
[1632]: (70.03939928465992,1)
[1633]: (70.43882125808099,1)
[1634]: (70.17983731740929,1)
[1635]: (70.43718413128427,1)
[1636]: (70.68125145697164,1)
[1637]: (70.19958753205692,1)
[1638]: (70.03044095751757,1)
[1639]: (70.62937966978386,1)
[1640]: (70.04815386147526,1)
[1641]: (70.08974395322554,1)
[1642]: (70.01762025998808,1)
[1643]: (70.36564110041782,1)
[1644]: (70.52811570568517,1)
[1645]: (70.0147088265099,1)
[1646]: (70.21967919071068,1)
[1647]: (70.01168363502701,1)
[1648]: (70.1077109494137,1)
[1649]: (70.8246660104697,1)
[1650]: (70.07852539145755,1)
[1651]: (70.24387039782975,1)
[1652]: (70.5142111336292,1)
[1653]: (70.10409418284017,1)
[1654]: (70.09493997647418,1)
[1655]: (70.00699086017971,1)
[1656]: (70.2201595093392,1)
[1657]: (70.28473647281881,1)
[1658]: (70.40731794050407,1)
[1659]: (70.49073751637553,1)
[1660]: (70.03454910128195,1)
[1661]: (70.31943206694892,1)
[1662]: (70.47630464170277,1)
[1663]: (70.0196785844856,1)
[1664]: (70.1553287657968,1)
[1665]: (70.08072120545266,1)
[1666]: (70.67867169907714,1)
[1667]: (70.1362127242962,1)
[1668]: (70.0428555546635,1)
[1669]: (70.3829912484799,1)
[1670]: (70.36125009975918,1)
[1671]: (70.15184608221092,1)
[1672]: (70.54678053709759,1)
[1673]: (70.41677660766626,1)
[1674]: (70.89383422735567,1)
[1675]: (70.51078922420079,1)
[1676]: (70.18372287735539,1)
[1677]: (70.15403296801986,1)
[1678]: (70.6689857934536,1)
[1679]: (71.46092257312054,1)
[1680]: (70.31071983249083,1)
[1681]: (70.57824058101352,1)
[1682]: (70.77164946682112,1)
[1683]: (70.14166291713019,1)
[1684]: (70.1220354305722,1)
[1685]: (71.16820359270768,1)
[1686]: (70.15534630081032,1)
[1687]: (70.15364336052485,1)
[1688]: (70.96262122126323,1)
[1689]: (70.12237401343546,1)
[1690]: (70.74809092906375,1)
[1691]: (70.4055526232225,1)
[1692]: (70.29294402952813,1)
[1693]: (70.31398941217853,1)
[1694]: (70.14700050077775,1)
[1695]: (70.07544027465214,1)
[1696]: (70.01732613783172,1)
[1697]: (70.21348152496977,1)
[1698]: (70.45487296739566,1)
[1699]: (70.32210705492524,1)
[1700]: (70.05585132533555,1)
[1701]: (70.12507094169841,1)
[1702]: (70.30995400982131,1)
[1703]: (70.10801568618322,1)
[1704]: (71.20579234290264,1)
[1705]: (70.33203205624589,1)
[1706]: (70.43218562845246,1)
[1707]: (70.09090225720693,1)
[1708]: (70.39230400278065,1)
[1709]: (70.44901462538161,1)
[1710]: (70.0552792555761,1)
[1711]: (70.20417307224881,1)
[1712]: (70.10165765811028,1)
[1713]: (70.07785771943193,1)
[1714]: (70.75363479006369,1)
[1715]: (70.10970292525742,1)
[1716]: (71.46617035704226,1)
[1717]: (70.30620263888274,1)
[1718]: (70.1533565218806,1)
[1719]: (70.05787244267859,1)
[1720]: (70.28658078233369,1)
[1721]: (70.61200295042961,1)
[1722]: (70.21440147505569,1)
[1723]: (70.34115542006636,1)
[1724]: (70.37219792829025,1)
[1725]: (70.20442543481698,1)
[1726]: (70.24234605302208,1)
[1727]: (70.01378079509553,1)
[1728]: (70.13715137018374,1)
[1729]: (71.0750837055119,1)
[1730]: (70.72487317072118,1)
[1731]: (70.25590772365726,1)
[1732]: (70.20156541201118,1)
[1733]: (70.53793410975941,1)
[1734]: (70.42411977828702,1)
[1735]: (70.1679491028266,1)
[1736]: (70.03292307785739,1)
[1737]: (70.07556441671943,1)
[1738]: (70.28273588758029,1)
[1739]: (70.3691948946249,1)
[1740]: (70.03298220230394,1)
[1741]: (70.14172661408119,1)
[1742]: (70.66564052447056,1)
[1743]: (70.91736487938212,1)
[1744]: (70.02624708027453,1)
[1745]: (70.2766712477939,1)
[1746]: (70.04456134603511,1)
[1747]: (70.05855485881187,1)
[1748]: (70.29070353902313,1)
[1749]: (71.33364365214376,1)
[1750]: (70.06859571228981,1)
[1751]: (70.04695800099027,1)
[1752]: (70.24644571087444,1)
[1753]: (70.09826009106311,1)
[1754]: (71.36657054913957,1)
[1755]: (70.0720939138447,1)
[1756]: (70.23803393575386,1)
[1757]: (70.12970607731675,1)
[1758]: (70.01711128884304,1)
[1759]: (70.47547814683044,1)
[1760]: (70.04251588310002,1)
[1761]: (70.78226635093803,1)
[1762]: (70.28957813130154,1)
[1763]: (70.16525114656639,1)
[1764]: (70.30966014433874,1)
[1765]: (70.07009844561659,1)
[1766]: (70.21935247859696,1)
[1767]: (70.33705306096425,1)
[1768]: (70.42103621026443,1)
[1769]: (70.20682025570495,1)
[1770]: (70.0265516909311,1)
[1771]: (70.18085893473395,1)
[1772]: (70.43639177173648,1)
[1773]: (70.45772884410093,1)
[1774]: (70.82757354732139,1)
[1775]: (70.20449414440311,1)
[1776]: (70.04891199802104,1)
[1777]: (70.60233130765943,1)
[1778]: (70.46601449837746,1)
[1779]: (70.36934315075349,1)
[1780]: (70.31888090056768,1)
[1781]: (71.02456212465994,1)
[1782]: (70.13464701751536,1)
[1783]: (70.10174465225744,1)
[1784]: (70.26146369163075,1)
[1785]: (71.45187452886377,1)
[1786]: (70.02395016872664,1)
[1787]: (72.14868500554039,1)
[1788]: (70.15087641407582,1)
[1789]: (70.02248437296227,1)
[1790]: (70.32856432198199,1)
[1791]: (70.13903690705529,1)
[1792]: (70.67263933070113,1)
[1793]: (70.01391638527527,1)
[1794]: (70.01321673124615,1)
[1795]: (70.61326736786087,1)
[1796]: (70.56412297827983,1)
[1797]: (70.89063020726492,1)
[1798]: (70.30587489002315,1)
[1799]: (70.2380146014664,1)
[1800]: (70.21615374930347,1)
[1801]: (70.11419985574928,1)
[1802]: (70.01074079909554,1)
[1803]: (70.15796985757501,1)
[1804]: (70.27414339054091,1)
[1805]: (70.20052712847854,1)
[1806]: (70.24481237168141,1)
[1807]: (71.04993344434065,1)
[1808]: (70.04861564086005,1)
[1809]: (70.46227721546204,1)
[1810]: (70.00443101191597,1)
[1811]: (70.611141462039,1)
[1812]: (70.49603622383695,1)
[1813]: (70.10765404813731,1)
[1814]: (70.03442581771245,1)
[1815]: (70.01479910536602,1)
[1816]: (70.38029121659429,1)
[1817]: (70.11290471601657,1)
[1818]: (70.60498944288558,1)
[1819]: (70.04230856600452,1)
[1820]: (70.0437721366839,1)
[1821]: (70.16328998335865,1)
[1822]: (70.41551715204912,1)
[1823]: (70.10051290803949,1)
[1824]: (71.76155716727813,1)
[1825]: (71.47149020334192,1)
[1826]: (70.04200614195156,1)
[1827]: (70.06897744030766,1)
[1828]: (70.33190040352119,1)
[1829]: (70.24301928875052,1)
[1830]: (70.50496677886208,1)
[1831]: (70.24617102952558,1)
[1832]: (70.29917941244335,1)
[1833]: (70.16028138518658,1)
[1834]: (70.24410714277673,1)
[1835]: (70.29527808050497,1)
[1836]: (70.18252358036007,1)
[1837]: (70.06747753520487,1)
[1838]: (70.1374285427697,1)
[1839]: (70.58988312956041,1)
[1840]: (70.04554270428996,1)
[1841]: (70.04463183111663,1)
[1842]: (70.03849967662744,1)
[1843]: (70.10777057103851,1)
[1844]: (70.12514540626159,1)
[1845]: (70.36268099081336,1)
[1846]: (70.23463058335055,1)
[1847]: (70.5545144252041,1)
[1848]: (70.30900734798902,1)
[1849]: (70.42343188323882,1)
[1850]: (70.23027972265471,1)
[1851]: (70.26884219128013,1)
[1852]: (70.32873842126034,1)
[1853]: (70.8329620867619,1)
[1854]: (70.53764769752529,1)
[1855]: (70.1260304107382,1)
[1856]: (70.10704901768477,1)
[1857]: (70.57091736361659,1)
[1858]: (70.23240901196236,1)
[1859]: (70.41659010474609,1)
[1860]: (70.25118143919386,1)
[1861]: (70.05488885207781,1)
[1862]: (70.05152836203041,1)
[1863]: (70.01876118879828,1)
[1864]: (70.29920555571167,1)
[1865]: (70.17172795135085,1)
[1866]: (70.47662436523458,1)
[1867]: (70.36592427352554,1)
[1868]: (70.48880933356267,1)
[1869]: (70.17047300704017,1)
[1870]: (70.15356246747682,1)
[1871]: (70.38269825979035,1)
[1872]: (70.10217796144975,1)
[1873]: (70.63193829887352,1)
[1874]: (70.03755277185992,1)
[1875]: (70.58024748469235,1)
[1876]: (70.06557809180438,1)
[1877]: (70.11261932303307,1)
[1878]: (70.03444008311598,1)
[1879]: (70.54229860521635,1)
[1880]: (70.07541581979042,1)
[1881]: (70.32358159224255,1)
[1882]: (70.20415334190972,1)
[1883]: (71.73519023309954,1)
[1884]: (70.55706584978465,1)
[1885]: (70.39500743036551,1)
[1886]: (70.3249675230948,1)
[1887]: (70.15809235795858,1)
[1888]: (70.22323085144639,1)
[1889]: (70.11370193928343,1)
[1890]: (70.85508898104723,1)
[1891]: (70.10906196638736,1)
[1892]: (70.17227260689151,1)
[1893]: (70.6360365794573,1)
[1894]: (70.06022301910947,1)
[1895]: (70.00543953992617,1)
[1896]: (70.08232014289482,1)
[1897]: (70.04248608280645,1)
[1898]: (70.13457223517096,1)
[1899]: (70.32196012045985,1)
[1900]: (70.16913457773499,1)
[1901]: (70.60520392324399,1)
[1902]: (70.1892681727516,1)
[1903]: (70.42280919461108,1)
[1904]: (70.21932328089532,1)
[1905]: (70.67798958520765,1)
[1906]: (70.63584903750026,1)
[1907]: (70.29577627998137,1)
[1908]: (70.25689905055248,1)
[1909]: (70.39740189082838,1)
[1910]: (70.323905724282,1)
[1911]: (70.20133975189047,1)
[1912]: (70.33289739603978,1)
[1913]: (70.18061919955434,1)
[1914]: (70.12120715435435,1)
[1915]: (70.00242378434662,1)
[1916]: (70.26872437256775,1)
[1917]: (70.20670080203398,1)
[1918]: (70.14630053092438,1)
[1919]: (70.98941559093345,1)
[1920]: (70.19090493366043,1)
[1921]: (70.00085603208922,1)
[1922]: (70.75945834634121,1)
[1923]: (70.1799390024395,1)
[1924]: (70.96186717021205,1)
[1925]: (70.04338118944125,1)
[1926]: (70.77027601119708,1)
[1927]: (70.17662306430682,1)
[1928]: (70.27427801774101,1)
[1929]: (70.01744869521077,1)
[1930]: (70.2291213005041,1)
[1931]: (70.04837566290713,1)
[1932]: (70.31655912982359,1)
[1933]: (70.68854633868125,1)
[1934]: (70.10370381889048,1)
[1935]: (70.55126300778932,1)
[1936]: (70.28718121636796,1)
[1937]: (70.14207332103224,1)
[1938]: (70.27674830674468,1)
[1939]: (70.07747957014566,1)
[1940]: (70.24542721640471,1)
[1941]: (70.13023140062894,1)
[1942]: (70.51445143068081,1)
[1943]: (70.07663277612342,1)
[1944]: (70.1247712772895,1)
[1945]: (70.06820232058782,1)
[1946]: (70.46736021762273,1)
[1947]: (70.14046204806441,1)
[1948]: (70.78371750400966,1)
[1949]: (70.12607958276601,1)
[1950]: (70.07298630947649,1)
[1951]: (70.70790771737009,1)
[1952]: (70.29861629631975,1)
[1953]: (70.55151914415195,1)
[1954]: (70.01397951240355,1)
[1955]: (70.04872719136903,1)
[1956]: (70.31860628344104,1)
[1957]: (70.35198954609342,1)
[1958]: (70.70189118656207,1)
[1959]: (70.04653350844518,1)
[1960]: (71.00622010425688,1)
[1961]: (70.22213925710147,1)
[1962]: (70.35419803671677,1)
[1963]: (70.16104428694084,1)
[1964]: (70.38114387462943,1)
[1965]: (70.13888166621645,1)
[1966]: (70.2267187339327,1)
[1967]: (70.33169870703614,1)
[1968]: (70.37048448576364,1)
[1969]: (70.23841307003313,1)
[1970]: (70.05455921169418,1)
[1971]: (70.43773273362203,1)
[1972]: (70.37492972292145,1)
[1973]: (70.10425860579947,1)
[1974]: (70.33414244335469,1)
[1975]: (70.90065314262408,1)
[1976]: (70.04306429931817,1)
[1977]: (70.04710068528428,1)
[1978]: (70.00904353726328,1)
[1979]: (70.12890273262063,1)
[1980]: (70.49226480761506,1)
[1981]: (70.42280302805172,1)
[1982]: (71.19934094538935,1)
[1983]: (70.89676856158783,1)
[1984]: (70.12026540817122,1)
[1985]: (70.04675237264965,1)
[1986]: (70.04643902634906,1)
[1987]: (70.51160002054266,1)
[1988]: (71.05528076550335,1)
[1989]: (71.01675010200084,1)
[1990]: (70.21601827896134,1)
[1991]: (71.02830871668648,1)
[1992]: (70.04051273723108,1)
[1993]: (71.0254985219904,1)
[1994]: (70.22704492983611,1)
[1995]: (70.17550727264384,1)
[1996]: (70.42941113082375,1)
[1997]: (70.48786912029911,1)
[1998]: (70.04719936642276,1)
[1999]: (70.87473853542279,1)
 -- States explored : 0 states
 -- CPU user time used : 71630 ms
 -- Virtual memory used : 4759444 KiB
 -- Resident memory used : 4721004 KiB
executionTime: 478
