core file size          (blocks, -c) unlimited
data seg size           (kbytes, -d) unlimited
scheduling priority             (-e) 0
file size               (blocks, -f) unlimited
pending signals                 (-i) 4077086
max locked memory       (kbytes, -l) 64
max memory size         (kbytes, -m) 32505856
open files                      (-n) 4096
pipe size            (512 bytes, -p) 8
POSIX message queues     (bytes, -q) 819200
real-time priority              (-r) 0
stack size              (kbytes, -s) 8192
cpu time               (seconds, -t) unlimited
max user processes              (-u) 4077086
virtual memory          (kbytes, -v) 31000000
file locks                      (-x) unlimited
Options for the verification:
  Generating some trace
  Search order is random depth first
  Using conservative space optimisation
  Seed is 1556912442
  State space representation uses minimal constraint systems
  Using HashMap + Compress integers for discrete state storage

Verifying formula 1 at ../queries/SP_50_65_2.q:1
 -- Formula is satisfied.
(9000 runs)
Learning statistics for best strategy: 
	Number of resets: 0
	Number of iterations in last reset: 19
	Number of iterations in total: 19

 -- States explored : 0 states
 -- CPU user time used : 117800 ms
 -- Virtual memory used : 1016520 KiB
 -- Resident memory used : 977992 KiB

Verifying formula 2 at ../queries/SP_50_65_2.q:2
 -- Formula is satisfied.
Composer.Done:
[0]: (0,0) (286.8719250389515,1)
[1]: (286.4832911209533,1)
[2]: (286.1761651193514,1)
[3]: (286.1442402559724,1)
[4]: (286.097397485369,1)
[5]: (286.0823953754538,1)
[6]: (286.2622266154673,1)
[7]: (286.3305083528402,1)
[8]: (286.2088610414586,1)
[9]: (286.3867053231404,1)
[10]: (287.1502161040401,1)
[11]: (286.4758801592752,1)
[12]: (286.4982114379322,1)
[13]: (286.659920527306,1)
[14]: (286.3632207134933,1)
[15]: (286.4124828521822,1)
[16]: (286.7594134003223,1)
[17]: (286.7907663674242,1)
[18]: (286.6898814102202,1)
[19]: (287.3499469747767,1)
[20]: (286.6209796141281,1)
[21]: (286.2437861261361,1)
[22]: (287.1425170735498,1)
[23]: (286.1739201264525,1)
[24]: (286.3179239500836,1)
[25]: (286.9367559779161,1)
[26]: (286.0523584589031,1)
[27]: (286.331724188699,1)
[28]: (286.2588874993751,1)
[29]: (286.1761710588212,1)
[30]: (287.0703867303203,1)
[31]: (286.0384917158195,1)
[32]: (286.8720830834246,1)
[33]: (286.7219745877874,1)
[34]: (286.22587276499,1)
[35]: (287.4251126683507,1)
[36]: (286.291992549423,1)
[37]: (286.6070192121644,1)
[38]: (286.4378500709473,1)
[39]: (286.0329965477532,1)
[40]: (286.083756453988,1)
[41]: (286.9942163603778,1)
[42]: (286.3731166813035,1)
[43]: (286.1180385894145,1)
[44]: (287.9571149428448,1)
[45]: (287.0402520356971,1)
[46]: (286.2935820995319,1)
[47]: (287.1528786648422,1)
[48]: (286.1352129910472,1)
[49]: (286.1577564675531,1)
[50]: (286.3241811025791,1)
[51]: (286.614611690477,1)
[52]: (286.3999788886504,1)
[53]: (286.2421450893777,1)
[54]: (286.3420149792283,1)
[55]: (286.1345833474494,1)
[56]: (286.5013599356862,1)
[57]: (286.4330788508321,1)
[58]: (286.5229069335591,1)
[59]: (286.4801884806602,1)
[60]: (286.5321905362621,1)
[61]: (286.4858716935922,1)
[62]: (286.1967306402829,1)
[63]: (286.5625117643814,1)
[64]: (286.7005759048308,1)
[65]: (287.0089015572844,1)
[66]: (286.3590695919447,1)
[67]: (286.5093551137086,1)
[68]: (286.4548794122967,1)
[69]: (286.2128375905633,1)
[70]: (286.8695306347743,1)
[71]: (286.25621792381,1)
[72]: (286.57786459413,1)
[73]: (286.6977471425376,1)
[74]: (286.2063254148052,1)
[75]: (286.2080534219735,1)
[76]: (286.4730644078464,1)
[77]: (286.3039279578128,1)
[78]: (286.2306251663818,1)
[79]: (286.3082507127252,1)
[80]: (286.7389218183042,1)
[81]: (286.2499153292594,1)
[82]: (286.2073635308258,1)
[83]: (286.3052420140329,1)
[84]: (286.4152005736807,1)
[85]: (287.2293802600333,1)
[86]: (286.1919263253235,1)
[87]: (286.1014339867307,1)
[88]: (286.2489525846298,1)
[89]: (286.8292614991738,1)
[90]: (287.0068698361874,1)
[91]: (286.9263249422967,1)
[92]: (286.4288019660966,1)
[93]: (286.5788096703836,1)
[94]: (286.892887640426,1)
[95]: (286.90790332995,1)
[96]: (286.5516527930765,1)
[97]: (286.2621169304522,1)
[98]: (286.1621406171612,1)
[99]: (286.1234276656647,1)
[100]: (286.4601202862439,1)
[101]: (286.5804340633017,1)
[102]: (286.1147581507487,1)
[103]: (286.6159688349208,1)
[104]: (286.7089445602875,1)
[105]: (286.1126850377983,1)
[106]: (286.4521262473878,1)
[107]: (286.8165418781687,1)
[108]: (286.8275632142882,1)
[109]: (286.1697174012654,1)
[110]: (286.3551496275633,1)
[111]: (286.5002059319296,1)
[112]: (286.3440533874908,1)
[113]: (286.8267425893491,1)
[114]: (286.2731722843674,1)
[115]: (286.7324241438463,1)
[116]: (286.8059022501683,1)
[117]: (286.5206067927837,1)
[118]: (286.4119540933781,1)
[119]: (286.9016621437228,1)
[120]: (286.8087139603114,1)
[121]: (286.4167436260821,1)
[122]: (286.8087173301417,1)
[123]: (286.464704516171,1)
[124]: (286.2468042248382,1)
[125]: (288.5321764782992,1)
[126]: (286.413855280824,1)
[127]: (286.5123332349821,1)
[128]: (286.6153747208779,1)
[129]: (286.6156137337236,1)
[130]: (286.1217947916442,1)
[131]: (286.7038454385954,1)
[132]: (286.5071914976173,1)
[133]: (286.8394952356298,1)
[134]: (286.238931003202,1)
[135]: (286.2149908203638,1)
[136]: (286.9525443044314,1)
[137]: (286.2891355138239,1)
[138]: (286.3494650877458,1)
[139]: (286.9100207736299,1)
[140]: (286.1471415675076,1)
[141]: (286.3507833924983,1)
[142]: (286.8433336385646,1)
[143]: (286.359531615601,1)
[144]: (286.253377376824,1)
[145]: (287.2521022807123,1)
[146]: (286.3180397476746,1)
[147]: (286.3308416292116,1)
[148]: (286.6017851193523,1)
[149]: (286.3460674250182,1)
[150]: (286.290349703067,1)
[151]: (287.8089438522745,1)
[152]: (286.5208181463528,1)
[153]: (286.4502411767096,1)
[154]: (286.4416943120733,1)
[155]: (287.5015816875293,1)
[156]: (286.5328190549205,1)
[157]: (286.4510639764243,1)
[158]: (286.2229542024771,1)
[159]: (286.6426914908471,1)
[160]: (287.0081171971538,1)
[161]: (286.2270031438786,1)
[162]: (286.2871189508915,1)
[163]: (286.8492516649816,1)
[164]: (287.2869130103113,1)
[165]: (286.09735977772,1)
[166]: (286.7587216771313,1)
[167]: (286.153684707272,1)
[168]: (286.5522650961946,1)
[169]: (287.237801959574,1)
[170]: (286.0159232833076,1)
[171]: (286.6452830471936,1)
[172]: (286.3716630202514,1)
[173]: (286.1256370803536,1)
[174]: (286.9341846911296,1)
[175]: (286.7844590674023,1)
[176]: (286.2729436938435,1)
[177]: (286.224152384926,1)
[178]: (286.5117839274794,1)
[179]: (286.7817983491286,1)
[180]: (286.0515224635433,1)
[181]: (286.1081961605588,1)
[182]: (286.3010357273908,1)
[183]: (286.1423116909704,1)
[184]: (286.4500032941426,1)
[185]: (286.6235242832137,1)
[186]: (286.0176009839192,1)
[187]: (286.2546896882308,1)
[188]: (286.0763517631443,1)
[189]: (286.4455909566547,1)
[190]: (286.2721618060778,1)
[191]: (286.8863414078377,1)
[192]: (286.1923594994268,1)
[193]: (286.2163997334414,1)
[194]: (286.0988354748289,1)
[195]: (286.4231134911039,1)
[196]: (286.3302207784701,1)
[197]: (286.5192067729178,1)
[198]: (286.1101271438185,1)
[199]: (286.571080772419,1)
[200]: (286.0806762059692,1)
[201]: (286.0248841825127,1)
[202]: (286.3171569541249,1)
[203]: (287.1121130073328,1)
[204]: (286.465352296828,1)
[205]: (287.1038760137845,1)
[206]: (286.4305911666438,1)
[207]: (287.2011487520979,1)
[208]: (286.3659447318216,1)
[209]: (286.2672368451579,1)
[210]: (286.7978769668455,1)
[211]: (286.5625919000016,1)
[212]: (286.7181884250673,1)
[213]: (286.4676018349564,1)
[214]: (286.3683234085776,1)
[215]: (287.0533546663262,1)
[216]: (286.5263182973497,1)
[217]: (286.6539117407092,1)
[218]: (286.1845945990015,1)
[219]: (286.1374267102977,1)
[220]: (286.2244623503546,1)
[221]: (286.2814595655557,1)
[222]: (286.9182916973663,1)
[223]: (286.9106505458245,1)
[224]: (286.8638621287205,1)
[225]: (286.479275069855,1)
[226]: (286.214485562494,1)
[227]: (286.9886189593662,1)
[228]: (286.1896835024299,1)
[229]: (286.1037629959793,1)
[230]: (286.6544595376822,1)
[231]: (286.2287063479645,1)
[232]: (287.8448175339806,1)
[233]: (286.135820974114,1)
[234]: (286.5171552408493,1)
[235]: (286.6279352663505,1)
[236]: (286.5972661926111,1)
[237]: (286.1780943236753,1)
[238]: (286.1390044425408,1)
[239]: (286.4889815544619,1)
[240]: (286.5104701026471,1)
[241]: (286.2369984057588,1)
[242]: (286.5159451945244,1)
[243]: (286.438183120641,1)
[244]: (286.5449843817906,1)
[245]: (286.1106454842237,1)
[246]: (286.4117229255183,1)
[247]: (286.0804447825964,1)
[248]: (286.3087990724529,1)
[249]: (286.2053986978404,1)
[250]: (286.0314780675634,1)
[251]: (287.3811790788708,1)
[252]: (286.2934475241715,1)
[253]: (286.2312928419128,1)
[254]: (286.5708034837803,1)
[255]: (286.1891153791896,1)
[256]: (286.4651504354944,1)
[257]: (286.5084899335165,1)
[258]: (286.2942415159548,1)
[259]: (286.1827538092267,1)
[260]: (286.2708620690247,1)
[261]: (286.4979097285135,1)
[262]: (286.2647747137534,1)
[263]: (286.8997587122194,1)
[264]: (286.4224348171726,1)
[265]: (286.650869282832,1)
[266]: (286.4510050382285,1)
[267]: (286.2119090791255,1)
[268]: (286.240534122083,1)
[269]: (286.816967949217,1)
[270]: (286.6759722146648,1)
[271]: (286.5160233438262,1)
[272]: (286.2919403436778,1)
[273]: (288.1392522273081,1)
[274]: (286.4848489819569,1)
[275]: (286.5618060170302,1)
[276]: (286.549242683629,1)
[277]: (286.6820932194991,1)
[278]: (286.6456086687338,1)
[279]: (286.6221133700614,1)
[280]: (286.3279006266349,1)
[281]: (286.7565076661661,1)
[282]: (286.3226178000797,1)
[283]: (286.075559119345,1)
[284]: (286.1487358046184,1)
[285]: (286.0815839666844,1)
[286]: (286.0821286088132,1)
[287]: (286.9730340975261,1)
[288]: (287.1386519775759,1)
[289]: (286.3599541372751,1)
[290]: (286.0258301156467,1)
[291]: (286.786291797308,1)
[292]: (287.9670556383322,1)
[293]: (286.0627677058407,1)
[294]: (286.2874588636067,1)
[295]: (286.3998002918209,1)
[296]: (286.1506640981532,1)
[297]: (286.9034128549122,1)
[298]: (286.4955053284809,1)
[299]: (286.2698741951018,1)
[300]: (287.0298403187986,1)
[301]: (286.4821660287765,1)
[302]: (286.4886013162823,1)
[303]: (286.4420891408178,1)
[304]: (286.2812649940228,1)
[305]: (286.2304082704318,1)
[306]: (286.9523064098445,1)
[307]: (286.2472115272128,1)
[308]: (286.5745447366414,1)
[309]: (286.610640852496,1)
[310]: (286.947386106074,1)
[311]: (286.3907372721348,1)
[312]: (286.3874983535465,1)
[313]: (286.4296732600388,1)
[314]: (286.2172330102059,1)
[315]: (286.7072696982879,1)
[316]: (287.6063546324089,1)
[317]: (286.2692227425071,1)
[318]: (286.9301967378204,1)
[319]: (287.4536109408596,1)
[320]: (286.3895344473081,1)
[321]: (286.3993892529922,1)
[322]: (286.0498398305852,1)
[323]: (286.0618587529023,1)
[324]: (286.4252153921585,1)
[325]: (286.3154051219009,1)
[326]: (286.1107999475657,1)
[327]: (286.5562291424925,1)
[328]: (286.0792615963683,1)
[329]: (286.3897885129462,1)
[330]: (286.8293872515099,1)
[331]: (286.2177290720251,1)
[332]: (286.7707194572275,1)
[333]: (287.4740392171652,1)
[334]: (286.1398313482634,1)
[335]: (286.3132404008666,1)
[336]: (286.1660453703525,1)
[337]: (286.8888095460266,1)
[338]: (286.2089515531063,1)
[339]: (286.2320357321762,1)
[340]: (287.2710787400325,1)
[341]: (286.7609886777466,1)
[342]: (286.5290664544939,1)
[343]: (286.2354754119223,1)
[344]: (286.7078161488083,1)
[345]: (287.2695023238411,1)
[346]: (286.418717693644,1)
[347]: (286.2661242832183,1)
[348]: (286.3202940146653,1)
[349]: (286.3459010418145,1)
[350]: (286.2715373523068,1)
[351]: (286.6319936600384,1)
[352]: (286.4405132118447,1)
[353]: (286.6672689363401,1)
[354]: (286.4570368689828,1)
[355]: (286.2308946554895,1)
[356]: (286.4516490333552,1)
[357]: (286.1600185164943,1)
[358]: (286.4656356126708,1)
[359]: (287.4595509035598,1)
[360]: (286.4272546047036,1)
[361]: (286.5170050730603,1)
[362]: (286.3198007867119,1)
[363]: (286.1965163309185,1)
[364]: (286.0758302249464,1)
[365]: (286.038392433884,1)
[366]: (286.321225634687,1)
[367]: (286.2267180772236,1)
[368]: (286.6674957529412,1)
[369]: (286.0364915016098,1)
[370]: (286.2704449986676,1)
[371]: (286.0927123016261,1)
[372]: (286.3100823695085,1)
[373]: (286.5947690932093,1)
[374]: (286.4049995774571,1)
[375]: (286.9571103406934,1)
[376]: (286.7664239644678,1)
[377]: (286.8379013220688,1)
[378]: (286.3528169339207,1)
[379]: (287.0427426746674,1)
[380]: (286.0727927048486,1)
[381]: (287.1779442385064,1)
[382]: (286.4524686800326,1)
[383]: (286.2742735681617,1)
[384]: (286.1551522221982,1)
[385]: (286.2529738565659,1)
[386]: (286.2206500650807,1)
[387]: (286.0296660942117,1)
[388]: (286.2793621655258,1)
[389]: (286.6596736475416,1)
[390]: (286.8678434044489,1)
[391]: (286.1885768795509,1)
[392]: (286.1601176557393,1)
[393]: (286.5831948955252,1)
[394]: (286.5806384512596,1)
[395]: (286.2402586382305,1)
[396]: (286.5445821826921,1)
[397]: (286.8923831541198,1)
[398]: (286.4525973221061,1)
[399]: (286.7567900192003,1)
[400]: (286.2067975167674,1)
[401]: (286.0735605834832,1)
[402]: (286.5084370406136,1)
[403]: (286.438974577493,1)
[404]: (286.1508028479292,1)
[405]: (286.1367686532282,1)
[406]: (286.6737125978564,1)
[407]: (286.5685124437073,1)
[408]: (286.2389033174413,1)
[409]: (287.0274307980426,1)
[410]: (286.0099518597601,1)
[411]: (286.5576734360225,1)
[412]: (286.650457437034,1)
[413]: (286.2963457526822,1)
[414]: (286.3194371264106,1)
[415]: (286.6681052099308,1)
[416]: (286.6086832501042,1)
[417]: (286.7115422146567,1)
[418]: (286.3283640299274,1)
[419]: (287.0822541456889,1)
[420]: (286.3649031445071,1)
[421]: (287.1515891019612,1)
[422]: (286.2792414884016,1)
[423]: (286.4778695571192,1)
[424]: (286.3875895580268,1)
[425]: (286.8288494530781,1)
[426]: (286.823289567782,1)
[427]: (286.0445683332285,1)
[428]: (287.6699608816969,1)
[429]: (286.8270576190229,1)
[430]: (286.3355818102644,1)
[431]: (286.1619979531699,1)
[432]: (286.0461187088026,1)
[433]: (286.5003698178034,1)
[434]: (286.8063863188235,1)
[435]: (286.3992026031515,1)
[436]: (286.3663391957529,1)
[437]: (286.1620313314783,1)
[438]: (286.0588609937349,1)
[439]: (286.171472016186,1)
[440]: (286.6763479812643,1)
[441]: (287.1236210918615,1)
[442]: (286.3090580078936,1)
[443]: (286.3143138494211,1)
[444]: (286.0287885748281,1)
[445]: (286.1114057665884,1)
[446]: (286.6846095227659,1)
[447]: (287.3187727812108,1)
[448]: (286.3605994702747,1)
[449]: (286.2730433422793,1)
[450]: (286.4205329483354,1)
[451]: (286.4399326478374,1)
[452]: (286.7106049336841,1)
[453]: (287.0391260197748,1)
[454]: (286.8909218363684,1)
[455]: (286.1196951709153,1)
[456]: (286.770964721351,1)
[457]: (286.1323517307671,1)
[458]: (286.0741422471759,1)
[459]: (286.1414396140732,1)
[460]: (286.6064027793702,1)
[461]: (286.0671063173546,1)
[462]: (286.1939437340164,1)
[463]: (286.248139605857,1)
[464]: (286.3879308929785,1)
[465]: (286.4978754089294,1)
[466]: (286.680384729446,1)
[467]: (286.1852013927479,1)
[468]: (287.0510794385485,1)
[469]: (286.655263777793,1)
[470]: (286.4651051399197,1)
[471]: (286.2085040287067,1)
[472]: (286.3697132779284,1)
[473]: (286.5241113914705,1)
[474]: (286.1883283998399,1)
[475]: (286.517815831873,1)
[476]: (286.2034876535966,1)
[477]: (286.8322969780729,1)
[478]: (286.7307647051894,1)
[479]: (286.595183972658,1)
[480]: (287.4029721351012,1)
[481]: (286.1489325892642,1)
[482]: (286.2446972997196,1)
[483]: (286.5282722891608,1)
[484]: (286.174625782642,1)
[485]: (286.4795353372107,1)
[486]: (286.4951868583243,1)
[487]: (286.2171735943826,1)
[488]: (286.9157433244951,1)
[489]: (286.8394608627472,1)
[490]: (286.3780214794267,1)
[491]: (286.2068406182805,1)
[492]: (287.1168480222101,1)
[493]: (286.437995373998,1)
[494]: (286.3548985215569,1)
[495]: (287.3142985686757,1)
[496]: (286.8794246186643,1)
[497]: (286.4363669450655,1)
[498]: (286.1876630757204,1)
[499]: (286.307318279529,1)
[500]: (286.3446494162794,1)
[501]: (286.816177220212,1)
[502]: (286.3577103975787,1)
[503]: (286.4281456653806,1)
[504]: (286.0749290568195,1)
[505]: (286.6689840487782,1)
[506]: (286.5958211122681,1)
[507]: (286.5271227831202,1)
[508]: (286.2403666967116,1)
[509]: (286.1499623812408,1)
[510]: (286.5759960779699,1)
[511]: (286.6319961534375,1)
[512]: (286.5288916668304,1)
[513]: (286.1223303178741,1)
[514]: (286.4139043089941,1)
[515]: (286.2387764119852,1)
[516]: (286.2654193191659,1)
[517]: (286.2924639122279,1)
[518]: (286.8276331290722,1)
[519]: (286.6613558207961,1)
[520]: (286.2029036556811,1)
[521]: (286.7015611010994,1)
[522]: (286.5298119521574,1)
[523]: (286.5241548202726,1)
[524]: (286.1912509003935,1)
[525]: (286.4080140734591,1)
[526]: (286.1836826223745,1)
[527]: (286.1191349977893,1)
[528]: (286.4505467296,1)
[529]: (286.2880242708541,1)
[530]: (286.286665576618,1)
[531]: (286.1985680347751,1)
[532]: (286.2835004932045,1)
[533]: (286.2112536339239,1)
[534]: (286.3679670374536,1)
[535]: (286.8834203954366,1)
[536]: (286.2816648091599,1)
[537]: (287.4715178432559,1)
[538]: (286.3875460497444,1)
[539]: (286.5521499205784,1)
[540]: (286.3617526465496,1)
[541]: (286.5939955173328,1)
[542]: (286.0297428832246,1)
[543]: (286.1516305234503,1)
[544]: (287.0945972626915,1)
[545]: (286.3604545531126,1)
[546]: (286.3871545621521,1)
[547]: (286.1001153392827,1)
[548]: (286.3347769248111,1)
[549]: (286.0947640717845,1)
[550]: (286.5067387000781,1)
[551]: (286.5168788371411,1)
[552]: (286.7374055708113,1)
[553]: (286.9439068875214,1)
[554]: (286.4853353943189,1)
[555]: (286.2090976519798,1)
[556]: (286.2534000198674,1)
[557]: (287.4465078970246,1)
[558]: (286.9850592533795,1)
[559]: (286.8548623696092,1)
[560]: (286.1768920080545,1)
[561]: (286.9682092321375,1)
[562]: (286.2630090975856,1)
[563]: (286.4434598165448,1)
[564]: (286.9116835204497,1)
[565]: (286.6822165065429,1)
[566]: (286.6952096900479,1)
[567]: (286.9183919387641,1)
[568]: (286.1852293020439,1)
[569]: (287.2143546563374,1)
[570]: (286.6418073724543,1)
[571]: (286.1070778158635,1)
[572]: (286.182131204739,1)
[573]: (286.3973828517881,1)
[574]: (287.3617122690885,1)
[575]: (286.543348949036,1)
[576]: (286.5007053791423,1)
[577]: (286.2889017520995,1)
[578]: (286.2704355521018,1)
[579]: (286.5470371439737,1)
[580]: (286.3079167151035,1)
[581]: (286.7497569285327,1)
[582]: (286.2032557768812,1)
[583]: (286.0878460817094,1)
[584]: (286.6965145590819,1)
[585]: (286.7285855488982,1)
[586]: (286.7083560907153,1)
[587]: (286.7656262983255,1)
[588]: (286.3541650782655,1)
[589]: (286.5347199321717,1)
[590]: (287.0622119078328,1)
[591]: (286.5804826538705,1)
[592]: (286.6584389887379,1)
[593]: (286.2326600413688,1)
[594]: (286.6298506941766,1)
[595]: (286.2987095883652,1)
[596]: (286.2757207142956,1)
[597]: (286.8887902577436,1)
[598]: (286.3760697529208,1)
[599]: (286.0280467251333,1)
[600]: (286.5463742447316,1)
[601]: (287.1090790648081,1)
[602]: (286.2075632490368,1)
[603]: (286.0822970308682,1)
[604]: (286.2008499581932,1)
[605]: (287.2438150513901,1)
[606]: (286.278038044945,1)
[607]: (286.9319601270341,1)
[608]: (286.4249171539661,1)
[609]: (286.3406761131641,1)
[610]: (286.4953962503778,1)
[611]: (286.1197442019608,1)
[612]: (286.2362647396019,1)
[613]: (287.0099951289573,1)
[614]: (286.839801882974,1)
[615]: (286.2808033282725,1)
[616]: (286.9749177924963,1)
[617]: (287.0742299224908,1)
[618]: (286.2605020017384,1)
[619]: (287.5541866191917,1)
[620]: (286.3249152923828,1)
[621]: (286.0871197487387,1)
[622]: (286.6623825813008,1)
[623]: (286.5535299092136,1)
[624]: (286.048216918263,1)
[625]: (286.4034596233212,1)
[626]: (286.0475551980788,1)
[627]: (287.139856688459,1)
[628]: (286.356015017529,1)
[629]: (286.3152398746975,1)
[630]: (288.5976029093673,1)
[631]: (286.003389821863,1)
[632]: (286.2245586275243,1)
[633]: (286.0376694348418,1)
[634]: (286.1214303168449,1)
[635]: (287.6607963844983,1)
[636]: (286.8834687729808,1)
[637]: (286.0577278177162,1)
[638]: (286.8884665124645,1)
[639]: (286.6595539680205,1)
[640]: (287.0025427065268,1)
[641]: (286.5341297657786,1)
[642]: (286.1694330831787,1)
[643]: (287.0697949609239,1)
[644]: (286.4826031237321,1)
[645]: (287.0668034984873,1)
[646]: (286.1041976148408,1)
[647]: (286.3719951152817,1)
[648]: (286.08617913991,1)
[649]: (286.4361632484396,1)
[650]: (286.281500798422,1)
[651]: (286.4281583924205,1)
[652]: (287.7338625631686,1)
[653]: (286.316965497925,1)
[654]: (287.584415595828,1)
[655]: (286.2168714056961,1)
[656]: (286.413118073251,1)
[657]: (286.0770810090708,1)
[658]: (286.4367534611598,1)
[659]: (286.5006346965708,1)
[660]: (286.3157193816776,1)
[661]: (287.3026138317064,1)
[662]: (286.0758578739949,1)
[663]: (286.2465783301717,1)
[664]: (286.2882707827305,1)
[665]: (286.2808438954216,1)
[666]: (286.1998340687168,1)
[667]: (286.3478129909173,1)
[668]: (286.9087314357491,1)
[669]: (286.0153244068084,1)
[670]: (286.3586618776187,1)
[671]: (286.3036734350784,1)
[672]: (286.0130195836455,1)
[673]: (286.0842654093339,1)
[674]: (286.4018361139585,1)
[675]: (286.3921965587955,1)
[676]: (286.6784911982935,1)
[677]: (286.4829521760785,1)
[678]: (286.9260952565679,1)
[679]: (287.1477218751045,1)
[680]: (286.1121598644678,1)
[681]: (286.4995533503806,1)
[682]: (286.2151774900263,1)
[683]: (286.1839766864267,1)
[684]: (287.0269546829612,1)
[685]: (286.1859571459618,1)
[686]: (286.5711288704768,1)
[687]: (286.1119168431527,1)
[688]: (286.5146061764568,1)
[689]: (286.5218699918971,1)
[690]: (286.159473701751,1)
[691]: (286.2002793195235,1)
[692]: (286.4269075326441,1)
[693]: (286.428643873878,1)
[694]: (286.5374788575327,1)
[695]: (286.7321776395714,1)
[696]: (286.3426905864006,1)
[697]: (286.9294628153324,1)
[698]: (286.7962513483488,1)
[699]: (286.2844595816538,1)
[700]: (286.9492879921472,1)
[701]: (286.5476076345765,1)
[702]: (286.8371392514948,1)
[703]: (286.8118310831325,1)
[704]: (286.148804271519,1)
[705]: (286.1998592094246,1)
[706]: (286.6044433190044,1)
[707]: (286.5593082243423,1)
[708]: (286.37393205009,1)
[709]: (286.9911001884859,1)
[710]: (286.7264658767317,1)
[711]: (286.5500601871217,1)
[712]: (286.0814316718271,1)
[713]: (286.6253494329167,1)
[714]: (286.4014466330588,1)
[715]: (286.9286999981168,1)
[716]: (286.0889038475325,1)
[717]: (287.2097639941211,1)
[718]: (286.2667863062039,1)
[719]: (286.5369581404637,1)
[720]: (286.2464576267183,1)
[721]: (286.1637023772973,1)
[722]: (286.1760837193371,1)
[723]: (286.4034173560611,1)
[724]: (286.2538324262649,1)
[725]: (286.371373405676,1)
[726]: (286.2035468927689,1)
[727]: (286.7088997451693,1)
[728]: (286.4827355521184,1)
[729]: (286.3965286205681,1)
[730]: (286.3752106578941,1)
[731]: (286.341110289942,1)
[732]: (286.0345622274556,1)
[733]: (287.8455555942634,1)
[734]: (286.1057097803576,1)
[735]: (286.3551006840887,1)
[736]: (286.6236912105988,1)
[737]: (286.319059351648,1)
[738]: (286.2771606325391,1)
[739]: (286.5594859364293,1)
[740]: (286.8012483916516,1)
[741]: (286.7778981991315,1)
[742]: (286.1962381949759,1)
[743]: (286.1988259773084,1)
[744]: (286.6608270580414,1)
[745]: (286.0851204724697,1)
[746]: (287.0473409914071,1)
[747]: (286.2103366401422,1)
[748]: (286.1625847522221,1)
[749]: (286.3182848857982,1)
[750]: (286.7711426526275,1)
[751]: (286.2428844050207,1)
[752]: (287.8882604182874,1)
[753]: (286.3169445253294,1)
[754]: (286.9334680903531,1)
[755]: (288.2253849318445,1)
[756]: (286.3363825494068,1)
[757]: (286.135321701592,1)
[758]: (286.054177195667,1)
[759]: (286.4312160736231,1)
[760]: (287.7071997453148,1)
[761]: (286.5524109805123,1)
[762]: (286.5923970334962,1)
[763]: (286.3440425137326,1)
[764]: (286.2016139146613,1)
[765]: (286.5456014136425,1)
[766]: (286.5836486435753,1)
[767]: (286.5053896859545,1)
[768]: (286.3646256749695,1)
[769]: (286.2360330438444,1)
[770]: (286.2966552068109,1)
[771]: (286.4758952264218,1)
[772]: (287.2313163801314,1)
[773]: (286.657913970255,1)
[774]: (287.0521650769221,1)
[775]: (286.7187544907131,1)
[776]: (286.1803985844631,1)
[777]: (287.0919457605426,1)
[778]: (286.0763411383321,1)
[779]: (286.4695466912137,1)
[780]: (286.2253979689291,1)
[781]: (286.7670178689769,1)
[782]: (286.6916321883396,1)
[783]: (286.55168994173,1)
[784]: (286.4124872162807,1)
[785]: (286.2734575560781,1)
[786]: (286.2964466020167,1)
[787]: (286.142209531037,1)
[788]: (286.0242179934571,1)
[789]: (286.537805964162,1)
[790]: (286.3089464684542,1)
[791]: (286.1383055571341,1)
[792]: (286.2607783492803,1)
[793]: (286.7380501028973,1)
[794]: (286.3475693402277,1)
[795]: (286.5311394158454,1)
[796]: (286.3312618273568,1)
[797]: (286.8698791130944,1)
[798]: (286.4453898847376,1)
[799]: (286.2844204518733,1)
[800]: (286.4983121954197,1)
[801]: (287.1895629333991,1)
[802]: (286.1489404630138,1)
[803]: (286.5492120722684,1)
[804]: (286.4751159929742,1)
[805]: (286.3046473539265,1)
[806]: (286.9105953198211,1)
[807]: (286.5411130216991,1)
[808]: (286.3246399610555,1)
[809]: (290.0324444812071,1)
[810]: (286.1395122634994,1)
[811]: (286.3772812416925,1)
[812]: (286.1228684565978,1)
[813]: (287.4665715451293,1)
[814]: (286.2550685716159,1)
[815]: (286.8829787107661,1)
[816]: (286.2228410024337,1)
[817]: (286.3738082107697,1)
[818]: (286.2245632926678,1)
[819]: (286.4156298700892,1)
[820]: (286.2187676243489,1)
[821]: (286.5208683474145,1)
[822]: (286.294539826519,1)
[823]: (286.747278458566,1)
[824]: (286.7123433364491,1)
[825]: (286.9598598907086,1)
[826]: (286.2227754766504,1)
[827]: (286.6111986982966,1)
[828]: (286.8534123697215,1)
[829]: (286.0098180090081,1)
[830]: (286.4221306091017,1)
[831]: (286.2524854138408,1)
[832]: (286.1676997015784,1)
[833]: (286.1162302195655,1)
[834]: (286.2665985551525,1)
[835]: (286.8237796056878,1)
[836]: (286.2258935333824,1)
[837]: (286.9992950623477,1)
[838]: (286.1542567438656,1)
[839]: (286.173395099622,1)
[840]: (286.1968405249636,1)
[841]: (286.0739835491233,1)
[842]: (286.0700221559368,1)
[843]: (286.2096825183527,1)
[844]: (287.2496252997475,1)
[845]: (286.9099969772165,1)
[846]: (286.2181537655627,1)
[847]: (286.2203805796142,1)
[848]: (286.4080984238416,1)
[849]: (286.2265381860842,1)
[850]: (286.5937760092716,1)
[851]: (286.25781363134,1)
[852]: (286.3530963808895,1)
[853]: (286.3183309551036,1)
[854]: (286.3121343481919,1)
[855]: (286.4709431621168,1)
[856]: (286.0776420731278,1)
[857]: (286.851761232212,1)
[858]: (286.4476499131866,1)
[859]: (287.0370832346932,1)
[860]: (286.8868792230793,1)
[861]: (286.9548383789663,1)
[862]: (286.7591342520189,1)
[863]: (286.4343778689077,1)
[864]: (287.1543031497033,1)
[865]: (286.4218539206026,1)
[866]: (286.8344795834302,1)
[867]: (286.3206934841957,1)
[868]: (286.2566934387133,1)
[869]: (286.6481555330836,1)
[870]: (286.357677408007,1)
[871]: (286.9367997439884,1)
[872]: (286.3541192693145,1)
[873]: (286.1908407099322,1)
[874]: (286.3138207561094,1)
[875]: (286.3384268430748,1)
[876]: (286.2911245517436,1)
[877]: (286.1987907570796,1)
[878]: (286.0837682653844,1)
[879]: (286.55039537497,1)
[880]: (286.2961831642245,1)
[881]: (286.3038605352099,1)
[882]: (286.3836831323486,1)
[883]: (286.3863503093792,1)
[884]: (286.3785484143469,1)
[885]: (286.0334550925514,1)
[886]: (286.2721600774422,1)
[887]: (286.5129515434479,1)
[888]: (286.1792372976696,1)
[889]: (286.2153180859631,1)
[890]: (286.0856767822968,1)
[891]: (288.2484766524171,1)
[892]: (286.6130114943316,1)
[893]: (286.3634014333705,1)
[894]: (286.9701066433166,1)
[895]: (286.4659971392358,1)
[896]: (286.6313974769238,1)
[897]: (286.2155795424995,1)
[898]: (287.2197958276139,1)
[899]: (286.1299066252025,1)
[900]: (286.0664954682296,1)
[901]: (286.5260323752529,1)
[902]: (286.4146611944761,1)
[903]: (286.3149297046621,1)
[904]: (286.2504408864296,1)
[905]: (286.7970910357585,1)
[906]: (286.2022283343114,1)
[907]: (286.5009600505384,1)
[908]: (286.4628357175848,1)
[909]: (286.8094270025913,1)
[910]: (286.3793112076523,1)
[911]: (286.3058879891746,1)
[912]: (286.7183538620865,1)
[913]: (286.4706465286326,1)
[914]: (286.4251974581748,1)
[915]: (286.3339165541201,1)
[916]: (286.3279201668763,1)
[917]: (286.0706695459417,1)
[918]: (286.1479879735613,1)
[919]: (286.8157293992011,1)
[920]: (286.3561075642037,1)
[921]: (287.3477559905794,1)
[922]: (286.4181801329703,1)
[923]: (286.6806834671236,1)
[924]: (286.3218151773884,1)
[925]: (286.4743275620796,1)
[926]: (286.0733701269851,1)
[927]: (286.2407395242257,1)
[928]: (286.0657285208507,1)
[929]: (286.2665078744967,1)
[930]: (286.3701680894942,1)
[931]: (286.1533134423825,1)
[932]: (286.1254883883343,1)
[933]: (286.4593297076131,1)
[934]: (286.2636664512357,1)
[935]: (287.3815963835077,1)
[936]: (287.0461213875357,1)
[937]: (287.3615296052454,1)
[938]: (286.5850928751551,1)
[939]: (287.3658759052793,1)
[940]: (287.4182721644509,1)
[941]: (288.097152865722,1)
[942]: (286.8772032485718,1)
[943]: (286.323431287376,1)
[944]: (286.1262478467405,1)
[945]: (286.3120116866247,1)
[946]: (286.5819476856332,1)
[947]: (286.3738879055039,1)
[948]: (286.7864539492273,1)
[949]: (286.5689701625096,1)
[950]: (287.0674654020117,1)
[951]: (286.0775611160201,1)
[952]: (286.01763186865,1)
[953]: (288.8655095457904,1)
[954]: (286.5072397254025,1)
[955]: (286.3792426183389,1)
[956]: (286.2966101165649,1)
[957]: (286.1940914962071,1)
[958]: (286.3042146668364,1)
[959]: (286.1995967650125,1)
[960]: (286.3123348973617,1)
[961]: (286.3601678020996,1)
[962]: (286.2048670582714,1)
[963]: (286.3996996552218,1)
[964]: (286.428924428684,1)
[965]: (286.1486975637676,1)
[966]: (286.4808884377251,1)
[967]: (287.4563400897589,1)
[968]: (286.8953519438086,1)
[969]: (286.8501516316223,1)
[970]: (286.2397588539646,1)
[971]: (286.7648502380575,1)
[972]: (286.1313803909152,1)
[973]: (286.1846452188726,1)
[974]: (286.3408853677674,1)
[975]: (286.642938111431,1)
[976]: (286.241308583522,1)
[977]: (286.352846434077,1)
[978]: (286.5269922041212,1)
[979]: (286.1064361626623,1)
[980]: (286.1157428445234,1)
[981]: (286.1591511219884,1)
[982]: (287.314785837359,1)
[983]: (286.6030753744779,1)
[984]: (286.3468379830431,1)
[985]: (286.4370961906527,1)
[986]: (286.2474575040117,1)
[987]: (286.3806198758726,1)
[988]: (286.7631234981358,1)
[989]: (286.1860744284035,1)
[990]: (286.1111866234413,1)
[991]: (286.3037691745192,1)
[992]: (286.1248761359241,1)
[993]: (286.8824916966969,1)
[994]: (286.5029079981444,1)
[995]: (287.3269646150438,1)
[996]: (286.4304242330311,1)
[997]: (286.7389256821438,1)
[998]: (286.4536974174175,1)
[999]: (287.7769770668139,1)
[1000]: (286.5903384422218,1)
[1001]: (286.3146347337624,1)
[1002]: (286.3796838632695,1)
[1003]: (286.9234503935651,1)
[1004]: (286.8352527741363,1)
[1005]: (288.2226533109956,1)
[1006]: (287.3656572222455,1)
[1007]: (286.6546660435816,1)
[1008]: (286.6137192370457,1)
[1009]: (286.3256217182497,1)
[1010]: (286.2246330040163,1)
[1011]: (287.1967878287094,1)
[1012]: (286.23869791053,1)
[1013]: (286.9761177442671,1)
[1014]: (286.2906797099753,1)
[1015]: (286.5607410648619,1)
[1016]: (286.2814592051598,1)
[1017]: (286.3378938859446,1)
[1018]: (286.1522755576129,1)
[1019]: (286.2512028595368,1)
[1020]: (286.5104532387913,1)
[1021]: (287.0369431701673,1)
[1022]: (286.4677079422281,1)
[1023]: (286.089381721827,1)
[1024]: (286.4551630639223,1)
[1025]: (286.1732439733559,1)
[1026]: (286.3416656244986,1)
[1027]: (287.3505509927347,1)
[1028]: (286.6151038075088,1)
[1029]: (287.3776798050719,1)
[1030]: (286.3965940765298,1)
[1031]: (286.3877836940341,1)
[1032]: (286.2711051528876,1)
[1033]: (287.1128046598853,1)
[1034]: (286.1517320711127,1)
[1035]: (286.4062995820383,1)
[1036]: (286.5235116395203,1)
[1037]: (286.3001444145513,1)
[1038]: (286.4163369472711,1)
[1039]: (286.8316608003921,1)
[1040]: (287.0065432491372,1)
[1041]: (286.8975117857331,1)
[1042]: (287.196936348365,1)
[1043]: (286.6221965355545,1)
[1044]: (286.2468968800292,1)
[1045]: (286.2802295431594,1)
[1046]: (287.3083517595364,1)
[1047]: (286.3489110091795,1)
[1048]: (286.6311952360002,1)
[1049]: (286.1079991551892,1)
[1050]: (286.1568719856018,1)
[1051]: (287.2575808144644,1)
[1052]: (286.1333923091572,1)
[1053]: (286.6540107410968,1)
[1054]: (287.1719717429274,1)
[1055]: (286.5454423435409,1)
[1056]: (286.3559781134372,1)
[1057]: (286.4421491280677,1)
[1058]: (286.2156785574655,1)
[1059]: (286.5955570230746,1)
[1060]: (286.372571409657,1)
[1061]: (286.1333927117657,1)
[1062]: (286.7031440911282,1)
[1063]: (286.3837337975668,1)
[1064]: (286.546962497315,1)
[1065]: (287.2179768966509,1)
[1066]: (286.545037553615,1)
[1067]: (286.5953943690228,1)
[1068]: (286.3618244569031,1)
[1069]: (287.3795796071553,1)
[1070]: (286.5936924535991,1)
[1071]: (286.270691155394,1)
[1072]: (286.1886143543121,1)
[1073]: (286.118317054854,1)
[1074]: (286.8157486991856,1)
[1075]: (286.5138936516706,1)
[1076]: (286.4465935679696,1)
[1077]: (286.8516412176218,1)
[1078]: (286.3196262561389,1)
[1079]: (286.3211722184444,1)
[1080]: (286.732165722705,1)
[1081]: (286.3499398813311,1)
[1082]: (286.3731332972719,1)
[1083]: (286.5480172230796,1)
[1084]: (286.2945536977621,1)
[1085]: (286.3548464566284,1)
[1086]: (286.4440792673537,1)
[1087]: (286.0453026040509,1)
[1088]: (286.2040343721694,1)
[1089]: (286.361867991885,1)
[1090]: (286.1148589502392,1)
[1091]: (286.0193194918551,1)
[1092]: (286.2759707298813,1)
[1093]: (287.0217991417491,1)
[1094]: (286.1640396349648,1)
[1095]: (286.5448366728305,1)
[1096]: (286.3365175349262,1)
[1097]: (287.151225342834,1)
[1098]: (288.2060204248822,1)
[1099]: (286.3175172408095,1)
[1100]: (287.3160797236419,1)
[1101]: (286.7016619776482,1)
[1102]: (286.1760479423951,1)
[1103]: (286.0889948026826,1)
[1104]: (287.324674576047,1)
[1105]: (286.7279185154337,1)
[1106]: (286.1752844386684,1)
[1107]: (286.6581791185884,1)
[1108]: (287.9723164497551,1)
[1109]: (286.077559363545,1)
[1110]: (286.3158329721746,1)
[1111]: (286.4203069052095,1)
[1112]: (286.6944062510271,1)
[1113]: (286.1000037155839,1)
[1114]: (286.6765545423565,1)
[1115]: (286.0624708045427,1)
[1116]: (287.1204466656968,1)
[1117]: (286.354668881795,1)
[1118]: (286.3861923985662,1)
[1119]: (286.2813084433783,1)
[1120]: (286.1643305382536,1)
[1121]: (286.1855593905072,1)
[1122]: (286.8603135717669,1)
[1123]: (286.6188472825755,1)
[1124]: (286.6696559895059,1)
[1125]: (286.7387184064812,1)
[1126]: (286.7963297102016,1)
[1127]: (288.2552271570952,1)
[1128]: (286.4087157895832,1)
[1129]: (286.4005043980903,1)
[1130]: (286.2690263007146,1)
[1131]: (286.252061913123,1)
[1132]: (286.397825087518,1)
[1133]: (286.9497310722202,1)
[1134]: (286.9635472522686,1)
[1135]: (286.2058595820237,1)
[1136]: (286.2156834513743,1)
[1137]: (286.0904052981996,1)
[1138]: (286.1702442075375,1)
[1139]: (286.3111902532515,1)
[1140]: (286.2394207940015,1)
[1141]: (287.1759635555734,1)
[1142]: (286.2553474496914,1)
[1143]: (287.734787973546,1)
[1144]: (287.3696602194256,1)
[1145]: (286.2172947452103,1)
[1146]: (286.3522965965348,1)
[1147]: (286.1377875976636,1)
[1148]: (286.1537225724655,1)
[1149]: (286.098565580451,1)
[1150]: (286.7025974725753,1)
[1151]: (287.5193076637119,1)
[1152]: (286.1023482061623,1)
[1153]: (287.0425048885834,1)
[1154]: (286.4316653721276,1)
[1155]: (286.2663151185548,1)
[1156]: (286.217124187672,1)
[1157]: (286.873944190606,1)
[1158]: (286.0084814203418,1)
[1159]: (286.3543796495714,1)
[1160]: (286.2102671040944,1)
[1161]: (286.6569195959887,1)
[1162]: (289.1752204969756,1)
[1163]: (286.4350808337775,1)
[1164]: (286.6188801051774,1)
[1165]: (286.259101665383,1)
[1166]: (286.1882906782432,1)
[1167]: (286.6900021662694,1)
[1168]: (286.8432029036991,1)
[1169]: (286.3508848111337,1)
[1170]: (287.1736335112286,1)
[1171]: (286.9193774656473,1)
[1172]: (286.8211103627464,1)
[1173]: (286.2662694859924,1)
[1174]: (286.283599500638,1)
[1175]: (286.4078532138512,1)
[1176]: (287.1303203815757,1)
[1177]: (286.4475653697183,1)
[1178]: (287.5324527423171,1)
[1179]: (286.8941764318846,1)
[1180]: (286.7007797298844,1)
[1181]: (286.8599921173845,1)
[1182]: (286.925037720125,1)
[1183]: (286.9024830787895,1)
[1184]: (286.5855750389545,1)
[1185]: (286.6804061681402,1)
[1186]: (286.5299728829151,1)
[1187]: (286.2204069951874,1)
[1188]: (286.7558093142364,1)
[1189]: (286.3137251971916,1)
[1190]: (286.478225795706,1)
[1191]: (286.7666679781476,1)
[1192]: (286.2160885863369,1)
[1193]: (286.5618069954272,1)
[1194]: (286.2741849146724,1)
[1195]: (286.392258361974,1)
[1196]: (286.9067801788737,1)
[1197]: (286.3118215922763,1)
[1198]: (286.3414933151462,1)
[1199]: (286.5485782606698,1)
[1200]: (287.2181647126554,1)
[1201]: (286.197467392178,1)
[1202]: (287.0816313578226,1)
[1203]: (286.1084546881754,1)
[1204]: (286.2963404486325,1)
[1205]: (286.1705648889987,1)
[1206]: (286.3917639454913,1)
[1207]: (286.3095346584222,1)
[1208]: (286.3729792016625,1)
[1209]: (286.304744200611,1)
[1210]: (286.1458876563147,1)
[1211]: (286.5102627849572,1)
[1212]: (286.1528503587043,1)
[1213]: (286.8263570472048,1)
[1214]: (286.4014295364113,1)
[1215]: (286.5831408606771,1)
[1216]: (287.1215418454379,1)
[1217]: (286.0727490510426,1)
[1218]: (287.4609611775195,1)
[1219]: (286.2574914970982,1)
[1220]: (286.428524602502,1)
[1221]: (286.5975811866971,1)
[1222]: (286.3782056787479,1)
[1223]: (286.3606858225084,1)
[1224]: (286.3807042803455,1)
[1225]: (286.6325604804097,1)
[1226]: (286.2856015174997,1)
[1227]: (286.2862837383507,1)
[1228]: (286.6217483720972,1)
[1229]: (286.5006885189227,1)
[1230]: (286.2892948749337,1)
[1231]: (286.2054527839907,1)
[1232]: (286.4294496334296,1)
[1233]: (286.5887631384031,1)
[1234]: (287.0049258767162,1)
[1235]: (286.0347625095863,1)
[1236]: (286.8300528564432,1)
[1237]: (286.926108983565,1)
[1238]: (286.0907531396306,1)
[1239]: (286.2161428468283,1)
[1240]: (286.2809768551171,1)
[1241]: (286.3028270264622,1)
[1242]: (286.1893102755454,1)
[1243]: (286.0581674720969,1)
[1244]: (286.1070482598041,1)
[1245]: (286.5326630475494,1)
[1246]: (287.2666246643836,1)
[1247]: (286.1195896311984,1)
[1248]: (286.2747056413893,1)
[1249]: (286.1204309596096,1)
[1250]: (286.6143044357866,1)
[1251]: (286.2039487845048,1)
[1252]: (287.2054442883164,1)
[1253]: (286.5545160122014,1)
[1254]: (286.2682122208306,1)
[1255]: (286.3840986531357,1)
[1256]: (286.4821908188645,1)
[1257]: (286.4869727431138,1)
[1258]: (286.6259509816917,1)
[1259]: (286.0591368065168,1)
[1260]: (287.2055403500507,1)
[1261]: (286.1874716260056,1)
[1262]: (286.8335480956602,1)
[1263]: (286.1975237849308,1)
[1264]: (286.0830057675396,1)
[1265]: (286.8804480097102,1)
[1266]: (286.6811307623682,1)
[1267]: (286.1666422563975,1)
[1268]: (286.1300741168594,1)
[1269]: (286.5010606054375,1)
[1270]: (286.5460497235396,1)
[1271]: (286.2147490597868,1)
[1272]: (286.4928672834504,1)
[1273]: (286.6219724245651,1)
[1274]: (286.2911329880212,1)
[1275]: (286.2502934809098,1)
[1276]: (286.1345305626831,1)
[1277]: (286.7684306322761,1)
[1278]: (287.0392338959264,1)
[1279]: (286.7288999782339,1)
[1280]: (286.3633525242088,1)
[1281]: (286.9702446479903,1)
[1282]: (286.4129254554761,1)
[1283]: (286.7755479021345,1)
[1284]: (286.8431103747641,1)
[1285]: (286.682207684591,1)
[1286]: (286.6805424035322,1)
[1287]: (286.2023496632768,1)
[1288]: (287.0433252026293,1)
[1289]: (286.1855459539939,1)
[1290]: (286.4715112329404,1)
[1291]: (287.0209528182813,1)
[1292]: (286.1703901205614,1)
[1293]: (287.0365119593318,1)
[1294]: (286.5021943103974,1)
[1295]: (286.5459649218395,1)
[1296]: (286.1693921342621,1)
[1297]: (286.3796377394185,1)
[1298]: (286.6427843279882,1)
[1299]: (286.3035865163739,1)
[1300]: (286.3930646641419,1)
[1301]: (286.3809585024852,1)
[1302]: (286.2210346452188,1)
[1303]: (286.6365988784083,1)
[1304]: (286.2285422210555,1)
[1305]: (286.3111244912172,1)
[1306]: (286.0653476946385,1)
[1307]: (286.6311516268484,1)
[1308]: (286.8435811952196,1)
[1309]: (286.8325948000626,1)
[1310]: (288.0248349625512,1)
[1311]: (287.1065037195244,1)
[1312]: (286.1598215349063,1)
[1313]: (286.2277800637433,1)
[1314]: (286.1336465494134,1)
[1315]: (287.1512774715983,1)
[1316]: (286.4421566100116,1)
[1317]: (287.3546526322505,1)
[1318]: (286.1358279375474,1)
[1319]: (287.4099108004659,1)
[1320]: (286.3823410427224,1)
[1321]: (286.3281128351761,1)
[1322]: (287.3868606730805,1)
[1323]: (286.4737360689514,1)
[1324]: (286.9124603441556,1)
[1325]: (286.5419814883463,1)
[1326]: (286.4561729314156,1)
[1327]: (286.1433385247369,1)
[1328]: (286.7146674926673,1)
[1329]: (286.2106732309093,1)
[1330]: (286.1137171759033,1)
[1331]: (286.5550728802042,1)
[1332]: (286.1832833373065,1)
[1333]: (286.5953115512872,1)
[1334]: (286.2096987457306,1)
[1335]: (286.1302478098398,1)
[1336]: (286.7230058069338,1)
[1337]: (286.3386460251807,1)
[1338]: (286.2059137910268,1)
[1339]: (286.2170764329261,1)
[1340]: (286.6079435802128,1)
[1341]: (286.6173064483187,1)
[1342]: (286.7580852606562,1)
[1343]: (286.3931700700702,1)
[1344]: (286.3094006400153,1)
[1345]: (286.1515779826057,1)
[1346]: (286.4574531234773,1)
[1347]: (287.5064763211939,1)
[1348]: (286.4481929392087,1)
[1349]: (286.2913242048277,1)
[1350]: (286.3871306903406,1)
[1351]: (286.2896906913427,1)
[1352]: (286.4669824506026,1)
[1353]: (288.0460800880834,1)
[1354]: (286.0951209803319,1)
[1355]: (286.6293222598608,1)
[1356]: (286.191605836123,1)
[1357]: (286.7824326279626,1)
[1358]: (286.3396034349884,1)
[1359]: (287.3908309083407,1)
[1360]: (286.3087320100172,1)
[1361]: (286.0669658131073,1)
[1362]: (286.1513390205895,1)
[1363]: (286.6760502674857,1)
[1364]: (286.5868629429542,1)
[1365]: (286.1657036108423,1)
[1366]: (286.1782765246696,1)
[1367]: (286.3209459954186,1)
[1368]: (286.1297956481616,1)
[1369]: (286.5772368285291,1)
[1370]: (286.0968153631159,1)
[1371]: (286.6338684632588,1)
[1372]: (286.7890931044732,1)
[1373]: (286.1901464064816,1)
[1374]: (286.8330514323302,1)
[1375]: (286.6769673532673,1)
[1376]: (286.3953015875712,1)
[1377]: (286.9344108579438,1)
[1378]: (286.5398173975705,1)
[1379]: (286.0964892289514,1)
[1380]: (286.3857295400523,1)
[1381]: (286.3309913747995,1)
[1382]: (286.2525021043769,1)
[1383]: (286.0063710985562,1)
[1384]: (286.1219522992212,1)
[1385]: (286.3842106759048,1)
[1386]: (286.4907892197349,1)
[1387]: (286.2007439411416,1)
[1388]: (287.1474636508004,1)
[1389]: (286.2669116749331,1)
[1390]: (286.7514628090613,1)
[1391]: (286.6504904696648,1)
[1392]: (287.3370735631525,1)
[1393]: (286.5487931133223,1)
[1394]: (286.5493209253483,1)
[1395]: (286.2530773471229,1)
[1396]: (286.0942749165214,1)
[1397]: (286.3193671754228,1)
[1398]: (286.2864627843456,1)
[1399]: (286.782825755903,1)
[1400]: (286.2877401326026,1)
[1401]: (287.4023084332156,1)
[1402]: (286.3378284831701,1)
[1403]: (286.9969501352222,1)
[1404]: (286.4772622031228,1)
[1405]: (286.3710161172675,1)
[1406]: (286.3065809746799,1)
[1407]: (286.3599024678517,1)
[1408]: (286.12934537878,1)
[1409]: (286.2301888009829,1)
[1410]: (286.5931510571148,1)
[1411]: (286.1198313957705,1)
[1412]: (286.330727643542,1)
[1413]: (286.6982261147645,1)
[1414]: (286.1812049995401,1)
[1415]: (286.2084054610308,1)
[1416]: (286.3080460538053,1)
[1417]: (286.4002025367021,1)
[1418]: (286.1189784845391,1)
[1419]: (286.4294946187305,1)
[1420]: (286.6558333112724,1)
[1421]: (286.7752075457253,1)
[1422]: (286.1141270076636,1)
[1423]: (286.4510960329313,1)
[1424]: (286.4210407764895,1)
[1425]: (286.3100807357118,1)
[1426]: (287.0635587120042,1)
[1427]: (287.2802384861077,1)
[1428]: (286.5433979412053,1)
[1429]: (286.6795706777584,1)
[1430]: (286.2408400702835,1)
[1431]: (287.4215016451595,1)
[1432]: (287.3873214850315,1)
[1433]: (286.4557412262453,1)
[1434]: (286.5739043827538,1)
[1435]: (287.0054945365903,1)
[1436]: (286.271538194192,1)
[1437]: (286.1895855021977,1)
[1438]: (286.5425175200266,1)
[1439]: (286.187995433772,1)
[1440]: (286.5010467440175,1)
[1441]: (287.1678919170349,1)
[1442]: (286.796032979852,1)
[1443]: (286.3854451951172,1)
[1444]: (286.2460648372395,1)
[1445]: (286.1521055818698,1)
[1446]: (286.111314386604,1)
[1447]: (286.3036973414985,1)
[1448]: (286.1558505246308,1)
[1449]: (286.2096823394461,1)
[1450]: (286.2523757420673,1)
[1451]: (286.1170501865325,1)
[1452]: (286.4998451118934,1)
[1453]: (286.4057806379897,1)
[1454]: (286.3597265547237,1)
[1455]: (286.0722198578675,1)
[1456]: (286.3055544507165,1)
[1457]: (286.8221013189564,1)
[1458]: (286.716207554969,1)
[1459]: (286.4811188143178,1)
[1460]: (286.4457395487866,1)
[1461]: (286.5455241991722,1)
[1462]: (286.4607913049202,1)
[1463]: (286.2147399459747,1)
[1464]: (286.6490347530668,1)
[1465]: (286.8446776598601,1)
[1466]: (286.106591746859,1)
[1467]: (286.8958112160804,1)
[1468]: (286.5931187198294,1)
[1469]: (286.4277511350739,1)
[1470]: (286.6186725763479,1)
[1471]: (286.1962111213932,1)
[1472]: (286.0973562047911,1)
[1473]: (286.2766795461588,1)
[1474]: (286.4913331799625,1)
[1475]: (286.1758847091909,1)
[1476]: (286.4202382069272,1)
[1477]: (286.7709734008184,1)
[1478]: (286.1609015212123,1)
[1479]: (286.0295314791385,1)
[1480]: (286.1834811841783,1)
[1481]: (286.6171977678449,1)
[1482]: (286.1879258836416,1)
[1483]: (286.4628846153585,1)
[1484]: (286.1267363056687,1)
[1485]: (286.8643297796214,1)
[1486]: (286.5619147059077,1)
[1487]: (286.5427305528837,1)
[1488]: (286.6438732074373,1)
[1489]: (286.1588406979625,1)
[1490]: (286.2923373933785,1)
[1491]: (286.1812747728475,1)
[1492]: (286.5052660109546,1)
[1493]: (287.2174216627278,1)
[1494]: (286.7974264111474,1)
[1495]: (286.8098621011762,1)
[1496]: (286.5800316976606,1)
[1497]: (286.6048617431645,1)
[1498]: (286.8458266853616,1)
[1499]: (286.4926635460635,1)
[1500]: (286.9948703052764,1)
[1501]: (286.0655134985612,1)
[1502]: (286.3515181074616,1)
[1503]: (286.9001133904821,1)
[1504]: (286.5775934251527,1)
[1505]: (286.0925907223462,1)
[1506]: (286.5456418576069,1)
[1507]: (287.0950254190387,1)
[1508]: (286.6977475051603,1)
[1509]: (286.4041426694905,1)
[1510]: (286.3476691793713,1)
[1511]: (287.2617161673423,1)
[1512]: (287.1110324264462,1)
[1513]: (286.5085472730644,1)
[1514]: (287.252128479317,1)
[1515]: (286.4630331718883,1)
[1516]: (286.4876328626926,1)
[1517]: (286.993601419776,1)
[1518]: (286.6508431232516,1)
[1519]: (286.3795971793452,1)
[1520]: (287.2494581171274,1)
[1521]: (286.616790920951,1)
[1522]: (287.1724860390119,1)
[1523]: (286.3926370198972,1)
[1524]: (286.4719909599401,1)
[1525]: (286.6805622074227,1)
[1526]: (286.7611087629716,1)
[1527]: (286.2646158984509,1)
[1528]: (286.5397265817127,1)
[1529]: (286.4653587707737,1)
[1530]: (287.1206755033594,1)
[1531]: (286.2329664675797,1)
[1532]: (286.1177245300262,1)
[1533]: (288.5497472114657,1)
[1534]: (286.5451021515325,1)
[1535]: (286.1932226932893,1)
[1536]: (286.069574239935,1)
[1537]: (286.6294169173165,1)
[1538]: (286.302507488467,1)
[1539]: (286.533401132705,1)
[1540]: (286.3673508080901,1)
[1541]: (286.243869789995,1)
[1542]: (287.9441659743483,1)
[1543]: (286.3396186131031,1)
[1544]: (286.9113589212658,1)
[1545]: (286.7380673765196,1)
[1546]: (286.1229980328237,1)
[1547]: (286.0406834816769,1)
[1548]: (286.5287924441859,1)
[1549]: (286.3574422255594,1)
[1550]: (286.3957599666269,1)
[1551]: (287.0446005167994,1)
[1552]: (286.4216437104113,1)
[1553]: (286.1268214546088,1)
[1554]: (286.4619271720129,1)
[1555]: (286.4070817343775,1)
[1556]: (286.4811861771182,1)
[1557]: (286.2599353436813,1)
[1558]: (287.2403007316136,1)
[1559]: (286.5985456933129,1)
[1560]: (286.1131014285294,1)
[1561]: (286.3428561405703,1)
[1562]: (286.6554437847234,1)
[1563]: (287.4737405516211,1)
[1564]: (286.4346485669369,1)
[1565]: (286.7642290528449,1)
[1566]: (287.859307766871,1)
[1567]: (286.6447732126149,1)
[1568]: (286.612466933328,1)
[1569]: (286.2400299942845,1)
[1570]: (286.1941882306311,1)
[1571]: (286.7523046678199,1)
[1572]: (286.1456822885524,1)
[1573]: (286.9669646957645,1)
[1574]: (286.1394514027419,1)
[1575]: (286.8262325729036,1)
[1576]: (286.3648573838002,1)
[1577]: (287.426414095894,1)
[1578]: (286.1993899927797,1)
[1579]: (286.4131118062875,1)
[1580]: (286.412939097594,1)
[1581]: (286.3458219340461,1)
[1582]: (286.2505241830864,1)
[1583]: (287.3132672834164,1)
[1584]: (286.2839426591763,1)
[1585]: (286.1301785067746,1)
[1586]: (286.473041635073,1)
[1587]: (286.0660371006919,1)
[1588]: (286.369161287989,1)
[1589]: (287.2845225927064,1)
[1590]: (286.7820906404664,1)
[1591]: (286.6619550256535,1)
[1592]: (286.3232587281905,1)
[1593]: (286.5853876019661,1)
[1594]: (286.8966859371259,1)
[1595]: (286.6933466022321,1)
[1596]: (286.2525869472564,1)
[1597]: (287.6259608006436,1)
[1598]: (286.0926042233749,1)
[1599]: (286.0654254660579,1)
[1600]: (286.5988525079811,1)
[1601]: (286.2534143137964,1)
[1602]: (286.2652153096686,1)
[1603]: (286.0581911765962,1)
[1604]: (286.0724446110352,1)
[1605]: (286.8966297375759,1)
[1606]: (286.1772323546462,1)
[1607]: (286.5554364578867,1)
[1608]: (286.8428752821372,1)
[1609]: (286.1478883623105,1)
[1610]: (286.2890397587432,1)
[1611]: (286.7901684775528,1)
[1612]: (286.2718338556865,1)
[1613]: (286.2032622748407,1)
[1614]: (286.3261360654521,1)
[1615]: (287.3854794521795,1)
[1616]: (286.0437409896976,1)
[1617]: (286.2476791540401,1)
[1618]: (286.1607610538283,1)
[1619]: (286.3450452730943,1)
[1620]: (286.2050635805144,1)
[1621]: (286.1455737548573,1)
[1622]: (286.8233167472046,1)
[1623]: (286.1847219990022,1)
[1624]: (287.839562320039,1)
[1625]: (286.7353152267954,1)
[1626]: (286.4333697532693,1)
[1627]: (286.2336223938225,1)
[1628]: (286.0865446799908,1)
[1629]: (286.5049571241566,1)
[1630]: (286.6938611153245,1)
[1631]: (287.0378766433093,1)
[1632]: (286.1965107575339,1)
[1633]: (286.8255997488025,1)
[1634]: (286.5563463779959,1)
[1635]: (286.3707377754899,1)
[1636]: (286.7081636527789,1)
[1637]: (286.1946274655852,1)
[1638]: (286.0538441390629,1)
[1639]: (286.5131694655227,1)
[1640]: (286.5618945418707,1)
[1641]: (286.3956880697068,1)
[1642]: (287.1755327893429,1)
[1643]: (286.2500227679317,1)
[1644]: (287.0856669910874,1)
[1645]: (286.752386891661,1)
[1646]: (286.2980291530513,1)
[1647]: (286.5291712568592,1)
[1648]: (286.7370510005166,1)
[1649]: (286.0061730743897,1)
[1650]: (286.2027936436294,1)
[1651]: (286.0275474992,1)
[1652]: (287.0783456129489,1)
[1653]: (286.615499261679,1)
[1654]: (286.5387770196202,1)
[1655]: (286.6744259658255,1)
[1656]: (286.2683834460765,1)
[1657]: (286.3929200688074,1)
[1658]: (286.5608290298803,1)
[1659]: (286.8588976939852,1)
[1660]: (286.7037169808755,1)
[1661]: (286.0617108469321,1)
[1662]: (286.8292823340009,1)
[1663]: (288.0590037726906,1)
[1664]: (286.0856066421626,1)
[1665]: (286.1459988863564,1)
[1666]: (286.5339271936013,1)
[1667]: (286.7098273493158,1)
[1668]: (286.4896653114494,1)
[1669]: (286.2221190129948,1)
[1670]: (286.8074820707943,1)
[1671]: (286.2314685689994,1)
[1672]: (286.478878910317,1)
[1673]: (286.2121009333576,1)
[1674]: (286.0813441567862,1)
[1675]: (286.5904936634353,1)
[1676]: (287.0786272937795,1)
[1677]: (286.0768425808924,1)
[1678]: (286.3310739968831,1)
[1679]: (286.2138463938323,1)
[1680]: (286.2547650550126,1)
[1681]: (286.6307508056852,1)
[1682]: (286.2169792501576,1)
[1683]: (286.0252669872676,1)
[1684]: (286.4827797828261,1)
[1685]: (286.2398113641607,1)
[1686]: (286.5103380593823,1)
[1687]: (287.0762408057304,1)
[1688]: (286.5751177580832,1)
[1689]: (286.5598316246736,1)
[1690]: (286.3491545205053,1)
[1691]: (286.7285869021342,1)
[1692]: (286.1738819004257,1)
[1693]: (286.1784772831918,1)
[1694]: (286.2189969262029,1)
[1695]: (286.6300786982005,1)
[1696]: (286.4437694925127,1)
[1697]: (286.3549929419149,1)
[1698]: (286.7007402659115,1)
[1699]: (286.7521520491545,1)
[1700]: (286.6242543787228,1)
[1701]: (286.3221179197988,1)
[1702]: (286.1626981680583,1)
[1703]: (286.188061798288,1)
[1704]: (286.1049767252307,1)
[1705]: (286.4596820467324,1)
[1706]: (287.1292055168486,1)
[1707]: (286.644291242266,1)
[1708]: (286.2367290373501,1)
[1709]: (286.2303305988709,1)
[1710]: (286.2504891393565,1)
[1711]: (286.1404067020031,1)
[1712]: (286.7760903604607,1)
[1713]: (286.3547853986335,1)
[1714]: (286.4993355784769,1)
[1715]: (286.2422413234597,1)
[1716]: (286.9817591851225,1)
[1717]: (287.0199868565092,1)
[1718]: (287.0048158541636,1)
[1719]: (286.2268680427698,1)
[1720]: (286.1000060150994,1)
[1721]: (286.1599821177571,1)
[1722]: (286.4253878683363,1)
[1723]: (286.9682746270556,1)
[1724]: (286.3598016592982,1)
[1725]: (286.9260969304637,1)
[1726]: (286.1405655915299,1)
[1727]: (286.0802662076143,1)
[1728]: (286.4292966340271,1)
[1729]: (286.1745716197887,1)
[1730]: (286.1512258957237,1)
[1731]: (286.3996520786992,1)
[1732]: (286.4130425882166,1)
[1733]: (286.9949173353415,1)
[1734]: (286.6904708610947,1)
[1735]: (286.3245665257016,1)
[1736]: (286.0076115229882,1)
[1737]: (286.4413486015008,1)
[1738]: (286.2502649794416,1)
[1739]: (286.5995477771392,1)
[1740]: (287.157837904115,1)
[1741]: (286.1610708350414,1)
[1742]: (286.3325377487091,1)
[1743]: (286.5161566637229,1)
[1744]: (286.0590198922909,1)
[1745]: (286.2454580460147,1)
[1746]: (286.2423786694087,1)
[1747]: (286.3408904417983,1)
[1748]: (288.2567174050764,1)
[1749]: (286.3950752040391,1)
[1750]: (286.8528578378573,1)
[1751]: (286.2317884109137,1)
[1752]: (286.3992228946252,1)
[1753]: (286.6728438807756,1)
[1754]: (286.327246720611,1)
[1755]: (286.7357281852637,1)
[1756]: (286.3352879071414,1)
[1757]: (286.1675695749453,1)
[1758]: (287.6474751746716,1)
[1759]: (286.3171782463258,1)
[1760]: (286.1439942542853,1)
[1761]: (286.6726344224135,1)
[1762]: (286.3154405429645,1)
[1763]: (286.5582438789716,1)
[1764]: (286.5107720135435,1)
[1765]: (286.536699217177,1)
[1766]: (286.7144756840438,1)
[1767]: (287.4270428884532,1)
[1768]: (286.723939395904,1)
[1769]: (286.6324640474705,1)
[1770]: (286.5614594436429,1)
[1771]: (286.2879155426701,1)
[1772]: (286.3047424903251,1)
[1773]: (286.6319841763344,1)
[1774]: (286.4488113562558,1)
[1775]: (286.5769441236205,1)
[1776]: (286.9264083526265,1)
[1777]: (286.8413143583606,1)
[1778]: (286.2891590306479,1)
[1779]: (288.5668796262337,1)
[1780]: (286.2351584419246,1)
[1781]: (286.6759388679022,1)
[1782]: (286.3888036608631,1)
[1783]: (286.1398523991184,1)
[1784]: (286.4082584450215,1)
[1785]: (286.6104788824274,1)
[1786]: (286.2046518937545,1)
[1787]: (286.1037663488174,1)
[1788]: (286.2172885596154,1)
[1789]: (286.1744655398936,1)
[1790]: (286.2222715449206,1)
[1791]: (286.2055114765157,1)
[1792]: (286.6941583308419,1)
[1793]: (286.6513636033888,1)
[1794]: (286.279096238124,1)
[1795]: (286.3378365307856,1)
[1796]: (286.1404081738355,1)
[1797]: (286.3649181327957,1)
[1798]: (286.1390899606739,1)
[1799]: (286.6437062657598,1)
[1800]: (286.2258483074214,1)
[1801]: (286.4182764714909,1)
[1802]: (286.7785826143233,1)
[1803]: (286.1055124198333,1)
[1804]: (286.8304421040069,1)
[1805]: (286.263564672502,1)
[1806]: (286.5890444609614,1)
[1807]: (286.0920573148411,1)
[1808]: (287.1820019650808,1)
[1809]: (286.491995990459,1)
[1810]: (286.5110628883467,1)
[1811]: (286.3512668869035,1)
[1812]: (287.2066611979226,1)
[1813]: (286.367683192462,1)
[1814]: (286.6262826164596,1)
[1815]: (287.0293081058799,1)
[1816]: (286.4296223538714,1)
[1817]: (286.1967631759763,1)
[1818]: (286.0313648765357,1)
[1819]: (286.1146198424154,1)
[1820]: (286.8489923836834,1)
[1821]: (286.1463823358924,1)
[1822]: (286.9207909589309,1)
[1823]: (286.4533253309976,1)
[1824]: (286.3451169144499,1)
[1825]: (286.2469936552533,1)
[1826]: (286.2475854300937,1)
[1827]: (286.3191837653486,1)
[1828]: (286.4864810193276,1)
[1829]: (286.3794442586783,1)
[1830]: (286.7246949796497,1)
[1831]: (286.1315539365152,1)
[1832]: (286.3638403816225,1)
[1833]: (286.2895895928363,1)
[1834]: (286.2439626994453,1)
[1835]: (286.4656298211716,1)
[1836]: (287.016811618229,1)
[1837]: (286.4034686130934,1)
[1838]: (286.2265672383755,1)
[1839]: (286.974729718923,1)
[1840]: (287.0452290133884,1)
[1841]: (286.7012260719528,1)
[1842]: (286.2256196461309,1)
[1843]: (286.5660625336793,1)
[1844]: (286.3421503071424,1)
[1845]: (286.6578590853471,1)
[1846]: (286.2646829524646,1)
[1847]: (287.0724258313066,1)
[1848]: (286.0856546786013,1)
[1849]: (286.68368411337,1)
[1850]: (286.2999631361427,1)
[1851]: (286.1547369634779,1)
[1852]: (286.3492563762692,1)
[1853]: (286.6380252591967,1)
[1854]: (286.3059558113125,1)
[1855]: (286.2162329188319,1)
[1856]: (286.462462491663,1)
[1857]: (286.5319742963442,1)
[1858]: (286.552439252627,1)
[1859]: (286.5566531133122,1)
[1860]: (286.6780702952203,1)
[1861]: (286.203438906369,1)
[1862]: (286.1553975736986,1)
[1863]: (286.3065990746337,1)
[1864]: (286.3418406865092,1)
[1865]: (286.366437817292,1)
[1866]: (286.3876572427165,1)
[1867]: (286.2798572449335,1)
[1868]: (286.5894305484783,1)
[1869]: (286.2101486722642,1)
[1870]: (286.127612897109,1)
[1871]: (286.3771084861854,1)
[1872]: (286.220634193079,1)
[1873]: (286.2319861326044,1)
[1874]: (286.8318897631935,1)
[1875]: (286.4249536798728,1)
[1876]: (286.642394446714,1)
[1877]: (286.4232075791481,1)
[1878]: (286.2759089032151,1)
[1879]: (286.7535756814814,1)
[1880]: (286.5312718221513,1)
[1881]: (286.4623005174964,1)
[1882]: (286.1408685307585,1)
[1883]: (286.193943971398,1)
[1884]: (286.2626059389916,1)
[1885]: (286.0901575970078,1)
[1886]: (286.4035122753226,1)
[1887]: (286.4391959870092,1)
[1888]: (286.4243295940278,1)
[1889]: (286.3358938820937,1)
[1890]: (287.4241889011437,1)
[1891]: (286.1348357990458,1)
[1892]: (286.2106212563331,1)
[1893]: (286.6726613394379,1)
[1894]: (286.6957861914496,1)
[1895]: (287.1923148139257,1)
[1896]: (287.3057597050004,1)
[1897]: (286.5830158155815,1)
[1898]: (286.2494229846899,1)
[1899]: (286.8115648382114,1)
[1900]: (286.4119436930714,1)
[1901]: (286.1244438487321,1)
[1902]: (286.2460941363488,1)
[1903]: (286.5722892842051,1)
[1904]: (286.5465180956126,1)
[1905]: (286.5222316604526,1)
[1906]: (286.3585578889032,1)
[1907]: (286.6894375908846,1)
[1908]: (286.3130562879963,1)
[1909]: (286.7504814255493,1)
[1910]: (286.8099616099871,1)
[1911]: (286.6400681462547,1)
[1912]: (286.3004849297273,1)
[1913]: (286.2093157775941,1)
[1914]: (286.2461328796797,1)
[1915]: (286.2910559227306,1)
[1916]: (286.3196168172067,1)
[1917]: (286.503791620451,1)
[1918]: (286.368023382363,1)
[1919]: (286.3330345451009,1)
[1920]: (286.3525023079087,1)
[1921]: (286.1077105254276,1)
[1922]: (286.169031342837,1)
[1923]: (286.2220423079716,1)
[1924]: (286.3955324383336,1)
[1925]: (286.1475561608441,1)
[1926]: (286.2124894462781,1)
[1927]: (287.1319299871035,1)
[1928]: (286.3551371307428,1)
[1929]: (288.1813852307057,1)
[1930]: (287.2105237808651,1)
[1931]: (286.2587366190412,1)
[1932]: (286.0541549013226,1)
[1933]: (286.5865282594739,1)
[1934]: (286.2199078186897,1)
[1935]: (286.1647041882001,1)
[1936]: (286.7545481372422,1)
[1937]: (286.1787789990499,1)
[1938]: (286.2197305349329,1)
[1939]: (286.7150910117123,1)
[1940]: (286.2095718227613,1)
[1941]: (286.2697325765028,1)
[1942]: (286.308710527251,1)
[1943]: (286.6194146469052,1)
[1944]: (286.4398410367846,1)
[1945]: (286.5149884342532,1)
[1946]: (286.7077501180734,1)
[1947]: (286.7442241042574,1)
[1948]: (286.2849517025858,1)
[1949]: (286.3088878149951,1)
[1950]: (286.6518435051284,1)
[1951]: (286.2923027184953,1)
[1952]: (286.1969694872878,1)
[1953]: (286.6599978444273,1)
[1954]: (286.3565054998857,1)
[1955]: (286.074802375487,1)
[1956]: (286.4977173640935,1)
[1957]: (286.4259704589721,1)
[1958]: (286.1196084028545,1)
[1959]: (286.3298460905291,1)
[1960]: (286.1744190000688,1)
[1961]: (286.3321588014138,1)
[1962]: (286.2279166433918,1)
[1963]: (286.2723566526679,1)
[1964]: (286.0234201781603,1)
[1965]: (286.5794402435861,1)
[1966]: (286.249005764373,1)
[1967]: (286.0960144384248,1)
[1968]: (286.0317094645917,1)
[1969]: (286.1014758446252,1)
[1970]: (286.4305995755593,1)
[1971]: (286.8477045984785,1)
[1972]: (286.4234437850612,1)
[1973]: (286.9890100145592,1)
[1974]: (286.1265074532971,1)
[1975]: (286.3063098618002,1)
[1976]: (286.2037793635408,1)
[1977]: (286.345944028275,1)
[1978]: (286.3059250033753,1)
[1979]: (286.3766608396714,1)
[1980]: (286.8671212210626,1)
[1981]: (286.197453594061,1)
[1982]: (286.8116883071921,1)
[1983]: (286.2026364440644,1)
[1984]: (286.0978400221476,1)
[1985]: (286.4601914915087,1)
[1986]: (286.9793065074035,1)
[1987]: (286.3360841279018,1)
[1988]: (286.1438192721932,1)
[1989]: (286.1538325865908,1)
[1990]: (287.1747091529691,1)
[1991]: (286.167387018734,1)
[1992]: (286.1478759357731,1)
[1993]: (286.35695928324,1)
[1994]: (286.1294167263493,1)
[1995]: (286.3691919978773,1)
[1996]: (287.0944720991791,1)
[1997]: (286.5526944617335,1)
[1998]: (286.4982905292625,1)
[1999]: (286.1819385733112,1)
 -- States explored : 0 states
 -- CPU user time used : 18970 ms
 -- Virtual memory used : 1016520 KiB
 -- Resident memory used : 978056 KiB
executionTime: 138
