core file size          (blocks, -c) unlimited
data seg size           (kbytes, -d) unlimited
scheduling priority             (-e) 0
file size               (blocks, -f) unlimited
pending signals                 (-i) 4077086
max locked memory       (kbytes, -l) 64
max memory size         (kbytes, -m) 32505856
open files                      (-n) 4096
pipe size            (512 bytes, -p) 8
POSIX message queues     (bytes, -q) 819200
real-time priority              (-r) 0
stack size              (kbytes, -s) 8192
cpu time               (seconds, -t) unlimited
max user processes              (-u) 4077086
virtual memory          (kbytes, -v) 31000000
file locks                      (-x) unlimited
Options for the verification:
  Generating some trace
  Search order is random depth first
  Using conservative space optimisation
  Seed is 1556855550
  State space representation uses minimal constraint systems
  Using HashMap + Compress integers for discrete state storage

Verifying formula 1 at ../queries/SP_50_20_16.q:1
 -- Formula is satisfied.
(9000 runs)
Learning statistics for best strategy: 
	Number of resets: 0
	Number of iterations in last reset: 15
	Number of iterations in total: 15

 -- States explored : 0 states
 -- CPU user time used : 287390 ms
 -- Virtual memory used : 4035724 KiB
 -- Resident memory used : 3997324 KiB

Verifying formula 2 at ../queries/SP_50_20_16.q:3
 -- Formula is satisfied.
Composer.Done:
[0]: (0,0) (45.27392855532572,1)
[1]: (45.01229845117427,1)
[2]: (45.01390072260374,1)
[3]: (45.04528499865367,1)
[4]: (46.00819034488772,1)
[5]: (45.74608719145409,1)
[6]: (45.7014282171596,1)
[7]: (45.62382038078363,1)
[8]: (45.03770736665799,1)
[9]: (45.05612685918896,1)
[10]: (45.08364664213318,1)
[11]: (45.32984726451895,1)
[12]: (45.80191035776077,1)
[13]: (45.25380096706532,1)
[14]: (45.44503181479894,1)
[15]: (45.04215906177987,1)
[16]: (45.01679483523703,1)
[17]: (45.09828145775074,1)
[18]: (45.27828206175636,1)
[19]: (45.21898803959906,1)
[20]: (45.0035112999913,1)
[21]: (45.07683224789409,1)
[22]: (45.15266817534997,1)
[23]: (45.88142896537999,1)
[24]: (45.54517970629879,1)
[25]: (45.19708307398579,1)
[26]: (45.15218241546548,1)
[27]: (45.30216810096719,1)
[28]: (45.18890105084613,1)
[29]: (45.23999878704024,1)
[30]: (45.74138260889497,1)
[31]: (45.19191611785272,1)
[32]: (45.00325244271284,1)
[33]: (45.43462029854643,1)
[34]: (45.44110738333874,1)
[35]: (45.1133355682277,1)
[36]: (46.12109067994314,1)
[37]: (45.01821163147659,1)
[38]: (45.01854522570203,1)
[39]: (45.39522562367302,1)
[40]: (45.09536075829764,1)
[41]: (45.07965653554476,1)
[42]: (45.52301893283275,1)
[43]: (45.1553548142231,1)
[44]: (45.0094238294923,1)
[45]: (45.54808321240046,1)
[46]: (45.4478389632119,1)
[47]: (45.0125465704633,1)
[48]: (45.57362534287044,1)
[49]: (45.40721499118264,1)
[50]: (45.31384702390627,1)
[51]: (45.26154791637914,1)
[52]: (45.06332622694531,1)
[53]: (46.52611312743904,1)
[54]: (45.09607774119556,1)
[55]: (45.39159207087213,1)
[56]: (45.17104591049095,1)
[57]: (45.07304311412731,1)
[58]: (45.35118005992545,1)
[59]: (45.23782930534029,1)
[60]: (45.2856597710196,1)
[61]: (45.01330024112107,1)
[62]: (45.19704371556369,1)
[63]: (45.01097251152895,1)
[64]: (45.08884192334971,1)
[65]: (45.37184005149066,1)
[66]: (46.77794578681428,1)
[67]: (45.01173826723009,1)
[68]: (45.42383468074069,1)
[69]: (45.13447462310354,1)
[70]: (45.3089238573314,1)
[71]: (45.87632162300908,1)
[72]: (45.06151669434004,1)
[73]: (45.28748624753053,1)
[74]: (45.20119553444441,1)
[75]: (45.11090454448005,1)
[76]: (45.16150402673109,1)
[77]: (45.13584811640025,1)
[78]: (46.23116481338005,1)
[79]: (45.33742683395811,1)
[80]: (46.58114647805871,1)
[81]: (45.07167555809747,1)
[82]: (45.47093002261202,1)
[83]: (45.1587324557963,1)
[84]: (45.10377762946165,1)
[85]: (45.08416705735647,1)
[86]: (45.09353562574934,1)
[87]: (45.07025113005955,1)
[88]: (47.15085474292358,1)
[89]: (45.1143025624849,1)
[90]: (45.23157481027281,1)
[91]: (45.98486173869562,1)
[92]: (45.20801387270546,1)
[93]: (45.31564434135591,1)
[94]: (45.49603970841064,1)
[95]: (45.33261005289489,1)
[96]: (45.14931501789758,1)
[97]: (45.54121575639742,1)
[98]: (45.19186385808726,1)
[99]: (45.04626959182892,1)
[100]: (45.47798573442319,1)
[101]: (45.28835163025899,1)
[102]: (45.36782551327881,1)
[103]: (45.0874347287492,1)
[104]: (45.25473572272857,1)
[105]: (46.60819391929961,1)
[106]: (45.17807300976815,1)
[107]: (45.07389250047765,1)
[108]: (45.01465918783045,1)
[109]: (45.46794339373038,1)
[110]: (45.36927373147075,1)
[111]: (45.61075624970426,1)
[112]: (46.0356688527235,1)
[113]: (45.67470532311964,1)
[114]: (45.21852235271442,1)
[115]: (46.88252282650632,1)
[116]: (45.03241459396357,1)
[117]: (45.02202684557835,1)
[118]: (45.7041792049224,1)
[119]: (45.67378174899051,1)
[120]: (46.12653760019494,1)
[121]: (45.45977050114228,1)
[122]: (46.03736180277103,1)
[123]: (45.62258505633109,1)
[124]: (45.12140053725863,1)
[125]: (45.45518502100001,1)
[126]: (45.9538350618618,1)
[127]: (45.18763949509609,1)
[128]: (45.21779290183012,1)
[129]: (45.03709857266047,1)
[130]: (45.19959461910567,1)
[131]: (45.00624193565274,1)
[132]: (45.0440317686929,1)
[133]: (45.80976764941053,1)
[134]: (45.66056903210828,1)
[135]: (45.17593573565249,1)
[136]: (45.41713370777326,1)
[137]: (45.53722215119967,1)
[138]: (45.29610081811899,1)
[139]: (45.23066499927447,1)
[140]: (45.05433114212413,1)
[141]: (45.31064819952466,1)
[142]: (45.58424593618999,1)
[143]: (45.27976359446157,1)
[144]: (45.07689013452707,1)
[145]: (45.28381244253848,1)
[146]: (45.28364296890367,1)
[147]: (45.72303800349886,1)
[148]: (45.05877817406582,1)
[149]: (45.20472819334675,1)
[150]: (45.16314313134561,1)
[151]: (45.19779782375671,1)
[152]: (45.26654226346508,1)
[153]: (45.58770588265641,1)
[154]: (45.42911830087627,1)
[155]: (45.14520728259042,1)
[156]: (45.39688594490073,1)
[157]: (46.21351888230997,1)
[158]: (45.43023564034004,1)
[159]: (45.3950082455999,1)
[160]: (45.04185315339235,1)
[161]: (45.42899697770893,1)
[162]: (45.10672141187476,1)
[163]: (45.04275257853003,1)
[164]: (45.11593761200338,1)
[165]: (46.05068276375155,1)
[166]: (45.73484008860164,1)
[167]: (45.28156146669168,1)
[168]: (45.09694415861858,1)
[169]: (46.07687527803095,1)
[170]: (45.117983619729,1)
[171]: (45.06640978482874,1)
[172]: (45.05417603977002,1)
[173]: (45.3429251876027,1)
[174]: (45.31883045079542,1)
[175]: (45.21093331563213,1)
[176]: (45.03184348926976,1)
[177]: (45.83107656649174,1)
[178]: (45.17753314799569,1)
[179]: (45.25160701371681,1)
[180]: (45.17278178022198,1)
[181]: (45.86167413399972,1)
[182]: (45.48073450986915,1)
[183]: (45.10660874885274,1)
[184]: (45.36106417762974,1)
[185]: (45.07227289667893,1)
[186]: (45.14444948388956,1)
[187]: (45.87532717611343,1)
[188]: (45.35554626061418,1)
[189]: (45.16683830134922,1)
[190]: (45.08805559803173,1)
[191]: (45.02756474518125,1)
[192]: (45.39030761590732,1)
[193]: (46.35003260076953,1)
[194]: (45.43984227532822,1)
[195]: (45.40159025441252,1)
[196]: (45.03192305224702,1)
[197]: (45.13672357487105,1)
[198]: (45.36946924363336,1)
[199]: (45.74816539779304,1)
[200]: (45.04098796074631,1)
[201]: (45.11514825633453,1)
[202]: (45.69205258716788,1)
[203]: (45.0930891012414,1)
[204]: (45.44343357826634,1)
[205]: (45.35505647084727,1)
[206]: (45.41495322416954,1)
[207]: (45.77825332053565,1)
[208]: (45.13575583828874,1)
[209]: (45.04352136840775,1)
[210]: (45.98087104313861,1)
[211]: (45.05146114335486,1)
[212]: (45.5160912857198,1)
[213]: (45.125785456612,1)
[214]: (45.26046450833456,1)
[215]: (45.03062758892229,1)
[216]: (45.44611184471845,1)
[217]: (46.2563331304323,1)
[218]: (45.05777413655077,1)
[219]: (45.11485498054883,1)
[220]: (45.05411768539486,1)
[221]: (45.2377242915974,1)
[222]: (45.44508167565258,1)
[223]: (45.32269908729603,1)
[224]: (45.18416038840652,1)
[225]: (45.42607921467264,1)
[226]: (45.72019430762951,1)
[227]: (46.12607100533285,1)
[228]: (45.68977121910137,1)
[229]: (46.09712373231299,1)
[230]: (45.90178353257499,1)
[231]: (45.0467108961314,1)
[232]: (45.07765223399233,1)
[233]: (45.04900999148804,1)
[234]: (45.03317298606061,1)
[235]: (46.81965355918929,1)
[236]: (45.24702233272083,1)
[237]: (45.32643678774991,1)
[238]: (45.1477218573915,1)
[239]: (45.18259461365754,1)
[240]: (45.34422449302456,1)
[241]: (45.1691068099524,1)
[242]: (45.01609968777012,1)
[243]: (45.58644292907054,1)
[244]: (45.20721695289167,1)
[245]: (45.00452820364436,1)
[246]: (45.15604222231433,1)
[247]: (45.90027509727584,1)
[248]: (45.10263687288033,1)
[249]: (45.03659846933983,1)
[250]: (45.05183548404922,1)
[251]: (45.00155761193623,1)
[252]: (45.08679260635601,1)
[253]: (45.48736603017593,1)
[254]: (45.50812822662463,1)
[255]: (45.00499468997603,1)
[256]: (45.48784824544378,1)
[257]: (45.19998503321585,1)
[258]: (45.05467371658951,1)
[259]: (45.00100706002227,1)
[260]: (46.09803935139973,1)
[261]: (45.47155379306613,1)
[262]: (45.40298462208975,1)
[263]: (45.10013070952904,1)
[264]: (45.16162788707319,1)
[265]: (45.01896297197765,1)
[266]: (45.02121778023653,1)
[267]: (45.1261316802867,1)
[268]: (46.89610475952,1)
[269]: (46.06070883766903,1)
[270]: (45.37208157271096,1)
[271]: (45.06502403131169,1)
[272]: (45.59415059988818,1)
[273]: (46.1093406806945,1)
[274]: (45.25834350845809,1)
[275]: (45.24676568933407,1)
[276]: (45.23830501960256,1)
[277]: (45.04052221600546,1)
[278]: (45.07615478976942,1)
[279]: (45.72710610434851,1)
[280]: (45.3113496187909,1)
[281]: (45.10236205774329,1)
[282]: (45.23957117255704,1)
[283]: (45.1397591703705,1)
[284]: (45.46637322476021,1)
[285]: (45.17665727046185,1)
[286]: (45.01527614533959,1)
[287]: (45.05747858513502,1)
[288]: (45.35726592178908,1)
[289]: (46.05034769574274,1)
[290]: (45.74497836131714,1)
[291]: (45.250654229279,1)
[292]: (45.50340876481467,1)
[293]: (45.29919752662051,1)
[294]: (45.09490793666294,1)
[295]: (45.07957445754327,1)
[296]: (45.01523569982568,1)
[297]: (45.19330131043471,1)
[298]: (45.01002960240266,1)
[299]: (45.35443793956685,1)
[300]: (45.1098116516966,1)
[301]: (45.02850603461115,1)
[302]: (45.28457078076733,1)
[303]: (45.23513945077134,1)
[304]: (45.10197548678133,1)
[305]: (45.12154552414121,1)
[306]: (46.35752989180388,1)
[307]: (45.03224798383807,1)
[308]: (45.18186125054439,1)
[309]: (45.45170590831894,1)
[310]: (45.51014154828912,1)
[311]: (45.27803918381085,1)
[312]: (45.0542914010145,1)
[313]: (45.66590622524036,1)
[314]: (45.59079850080489,1)
[315]: (46.14513907265079,1)
[316]: (45.37623756056924,1)
[317]: (45.10045249164388,1)
[318]: (45.00516705406046,1)
[319]: (45.92176770431882,1)
[320]: (45.25325186148461,1)
[321]: (45.12883480805974,1)
[322]: (45.29389997742042,1)
[323]: (45.47696362805608,1)
[324]: (45.24308898597392,1)
[325]: (45.843752583581,1)
[326]: (45.41111313606509,1)
[327]: (45.11268124088563,1)
[328]: (45.72655720207988,1)
[329]: (45.23768516630486,1)
[330]: (45.00737766259466,1)
[331]: (45.55332436143556,1)
[332]: (45.09355528648916,1)
[333]: (45.14291934444542,1)
[334]: (45.29323185421372,1)
[335]: (45.62625361758936,1)
[336]: (45.61797910841624,1)
[337]: (45.19121348520657,1)
[338]: (45.24685501180962,1)
[339]: (45.32141028650536,1)
[340]: (45.08665217011414,1)
[341]: (45.40678478506899,1)
[342]: (45.21886493924861,1)
[343]: (45.18456006970413,1)
[344]: (46.05005642978281,1)
[345]: (45.08120390249253,1)
[346]: (45.16171880072653,1)
[347]: (45.35367361453651,1)
[348]: (45.18488467953068,1)
[349]: (45.05320921060925,1)
[350]: (45.14894013492797,1)
[351]: (45.25131822892308,1)
[352]: (45.11802598501934,1)
[353]: (45.64713234517838,1)
[354]: (45.20019354175307,1)
[355]: (45.11247788291678,1)
[356]: (45.14160148126518,1)
[357]: (45.98080927889816,1)
[358]: (45.19706256891514,1)
[359]: (45.86079878386103,1)
[360]: (45.64482419084484,1)
[361]: (45.77617416771742,1)
[362]: (45.95783084299867,1)
[363]: (45.28142147156453,1)
[364]: (45.11291254777011,1)
[365]: (45.07629173254867,1)
[366]: (45.07883100517459,1)
[367]: (45.03309968504961,1)
[368]: (45.10407723518349,1)
[369]: (46.99939637873689,1)
[370]: (46.61264739774818,1)
[371]: (45.24426581543315,1)
[372]: (45.70437761999943,1)
[373]: (45.19268173034742,1)
[374]: (45.40600982075095,1)
[375]: (45.3336930394125,1)
[376]: (45.10639214874748,1)
[377]: (45.21827582311489,1)
[378]: (45.07798530042883,1)
[379]: (45.7098821995231,1)
[380]: (45.009083402515,1)
[381]: (45.3247469358241,1)
[382]: (45.09270159720123,1)
[383]: (45.3010736131388,1)
[384]: (45.2027764623749,1)
[385]: (45.21370866582278,1)
[386]: (45.71587303351405,1)
[387]: (45.40467229545758,1)
[388]: (45.19705042193957,1)
[389]: (45.18962395936584,1)
[390]: (45.03106706208442,1)
[391]: (45.52722517815067,1)
[392]: (45.26759874897151,1)
[393]: (45.50276812664989,1)
[394]: (46.08897660907007,1)
[395]: (45.19820265701236,1)
[396]: (45.36339615316191,1)
[397]: (45.81254431058031,1)
[398]: (45.2581514522401,1)
[399]: (45.08803634808458,1)
[400]: (45.09293301588015,1)
[401]: (45.98726257829974,1)
[402]: (45.06098164797884,1)
[403]: (45.50424406597218,1)
[404]: (45.12951904672634,1)
[405]: (45.29718760662242,1)
[406]: (45.25876508460053,1)
[407]: (45.20771259324066,1)
[408]: (45.17777697480062,1)
[409]: (45.10820422456081,1)
[410]: (45.5262613929592,1)
[411]: (45.03030491514524,1)
[412]: (45.13973434303318,1)
[413]: (45.11556028832103,1)
[414]: (45.15755862008309,1)
[415]: (45.01341927955175,1)
[416]: (45.5600299405565,1)
[417]: (45.47989977407118,1)
[418]: (46.34546771259935,1)
[419]: (45.00848045311508,1)
[420]: (45.42024792892494,1)
[421]: (45.08582308973719,1)
[422]: (45.19268209296808,1)
[423]: (45.16682916581794,1)
[424]: (45.94860614958363,1)
[425]: (45.32097486800094,1)
[426]: (45.1887909963135,1)
[427]: (45.43061985757411,1)
[428]: (45.15369398982063,1)
[429]: (45.16644600798451,1)
[430]: (45.13503179116136,1)
[431]: (46.22557002750777,1)
[432]: (45.04397373421889,1)
[433]: (45.02178445981536,1)
[434]: (45.35399462946327,1)
[435]: (45.10257940308723,1)
[436]: (45.39983856729594,1)
[437]: (45.48388670036132,1)
[438]: (45.53952509995984,1)
[439]: (45.25877767859585,1)
[440]: (45.47574206159486,1)
[441]: (45.07021101931377,1)
[442]: (45.17097955973931,1)
[443]: (45.35804997773604,1)
[444]: (45.19699742497055,1)
[445]: (45.58442694222618,1)
[446]: (45.37556615770342,1)
[447]: (45.54401400381873,1)
[448]: (45.24475992686701,1)
[449]: (45.55489056580722,1)
[450]: (45.30707061728312,1)
[451]: (45.28396263364935,1)
[452]: (45.09259346833482,1)
[453]: (45.30355376081952,1)
[454]: (45.52989920825352,1)
[455]: (45.03316147808524,1)
[456]: (45.13655577794642,1)
[457]: (45.2560485427817,1)
[458]: (45.4923808872146,1)
[459]: (45.77640840016861,1)
[460]: (45.6498168465592,1)
[461]: (45.21953149259133,1)
[462]: (45.75522522021444,1)
[463]: (45.02159630386593,1)
[464]: (45.37976468778471,1)
[465]: (45.20630395201366,1)
[466]: (45.17190586071492,1)
[467]: (45.25686630535007,1)
[468]: (45.18745595361615,1)
[469]: (45.21653157117496,1)
[470]: (45.47933060087196,1)
[471]: (45.25655873453942,1)
[472]: (45.72224679294143,1)
[473]: (45.0121205083147,1)
[474]: (45.13977181670145,1)
[475]: (45.22214988174169,1)
[476]: (45.53472482287632,1)
[477]: (45.11694471430711,1)
[478]: (45.37104234876137,1)
[479]: (45.62708383216528,1)
[480]: (45.24293791822678,1)
[481]: (45.12767011720096,1)
[482]: (45.11628268791828,1)
[483]: (45.24033916341399,1)
[484]: (46.20576254605486,1)
[485]: (45.00935351947474,1)
[486]: (45.08143553377112,1)
[487]: (45.59344551153998,1)
[488]: (45.58333894090781,1)
[489]: (45.06880605844182,1)
[490]: (45.02203904835196,1)
[491]: (45.28867720146556,1)
[492]: (45.29846416622588,1)
[493]: (46.09853843992393,1)
[494]: (45.70915190953144,1)
[495]: (45.20285307639202,1)
[496]: (45.02120926482001,1)
[497]: (45.71413480795144,1)
[498]: (45.09471315116622,1)
[499]: (45.15435529408339,1)
[500]: (45.61770671287961,1)
[501]: (45.48119156149534,1)
[502]: (45.24718553574263,1)
[503]: (45.40305117409206,1)
[504]: (45.0797768943279,1)
[505]: (45.28114367528021,1)
[506]: (45.10392263110726,1)
[507]: (45.03914299760073,1)
[508]: (45.29525750444824,1)
[509]: (45.19231282786793,1)
[510]: (45.24468061101376,1)
[511]: (45.10830992997253,1)
[512]: (45.06851516641348,1)
[513]: (45.24463163279441,1)
[514]: (45.34501847225855,1)
[515]: (45.70734869539189,1)
[516]: (45.36274699649364,1)
[517]: (45.5926574704451,1)
[518]: (45.11079977060477,1)
[519]: (45.03898258853977,1)
[520]: (45.25676098549413,1)
[521]: (45.00322870225478,1)
[522]: (45.11350690813314,1)
[523]: (45.05729700309175,1)
[524]: (45.08503326566046,1)
[525]: (45.51778245667506,1)
[526]: (45.46857551996872,1)
[527]: (45.10654471922336,1)
[528]: (45.35249110301156,1)
[529]: (45.11244891523332,1)
[530]: (45.00323838708169,1)
[531]: (45.50754744704876,1)
[532]: (46.09944843946083,1)
[533]: (45.07574544500701,1)
[534]: (45.20162957258646,1)
[535]: (45.64189800385402,1)
[536]: (45.13831736831717,1)
[537]: (45.84862127041749,1)
[538]: (45.01916233972872,1)
[539]: (45.08184036271869,1)
[540]: (45.14295338971981,1)
[541]: (45.37381174676422,1)
[542]: (45.34005956038158,1)
[543]: (45.20346713828506,1)
[544]: (45.04395533056501,1)
[545]: (45.07622212051863,1)
[546]: (45.3018838699502,1)
[547]: (45.23516528696416,1)
[548]: (45.0593916354116,1)
[549]: (45.32186869921302,1)
[550]: (45.03438360866796,1)
[551]: (45.64595021549702,1)
[552]: (45.16387721536235,1)
[553]: (45.67169774568229,1)
[554]: (45.73589384347914,1)
[555]: (45.36671889064226,1)
[556]: (45.04716374500876,1)
[557]: (45.63862421604772,1)
[558]: (45.07770654365602,1)
[559]: (45.17721554051914,1)
[560]: (45.37382278203243,1)
[561]: (45.33931255796774,1)
[562]: (45.10969489301665,1)
[563]: (45.19039180411773,1)
[564]: (45.00044696295777,1)
[565]: (46.24633795416037,1)
[566]: (45.27360604641795,1)
[567]: (45.56078830921523,1)
[568]: (45.39625799602524,1)
[569]: (45.04273771424025,1)
[570]: (45.00466574456013,1)
[571]: (45.2348886942916,1)
[572]: (45.41051734048877,1)
[573]: (45.30730619523578,1)
[574]: (45.24007914783549,1)
[575]: (45.37473711354779,1)
[576]: (45.12388026195703,1)
[577]: (45.66648908840909,1)
[578]: (45.63917344859301,1)
[579]: (45.54328254464725,1)
[580]: (45.09019300228186,1)
[581]: (45.17836146172056,1)
[582]: (45.76882680816176,1)
[583]: (45.02252214821272,1)
[584]: (45.01791168831255,1)
[585]: (45.03717709861819,1)
[586]: (45.19680814705324,1)
[587]: (45.45594336309575,1)
[588]: (45.43129223590395,1)
[589]: (45.07763819550025,1)
[590]: (45.35727857501398,1)
[591]: (45.01523999895756,1)
[592]: (45.29190793504866,1)
[593]: (45.28545123173976,1)
[594]: (45.75040324755222,1)
[595]: (46.27640450014812,1)
[596]: (45.12308115283123,1)
[597]: (45.03671355228966,1)
[598]: (45.37892897909182,1)
[599]: (45.03200213402365,1)
[600]: (45.02075890378197,1)
[601]: (45.24045156076425,1)
[602]: (45.14534481289106,1)
[603]: (46.18154146503179,1)
[604]: (46.26998507331751,1)
[605]: (45.3681402061659,1)
[606]: (45.29995197588907,1)
[607]: (45.05703322925649,1)
[608]: (45.23892331417483,1)
[609]: (45.34867417537986,1)
[610]: (45.19228555230427,1)
[611]: (45.18768753212372,1)
[612]: (45.23691976082515,1)
[613]: (45.18534606804003,1)
[614]: (45.43756184800988,1)
[615]: (45.39543028023681,1)
[616]: (45.22960117912717,1)
[617]: (45.20306077795634,1)
[618]: (45.43066270180246,1)
[619]: (45.14421916695853,1)
[620]: (45.01503674082095,1)
[621]: (45.03988122696271,1)
[622]: (45.07857619061962,1)
[623]: (45.16867522277344,1)
[624]: (45.0328826944448,1)
[625]: (45.13791177262321,1)
[626]: (45.04011255185446,1)
[627]: (45.62343926983336,1)
[628]: (46.03946907949852,1)
[629]: (45.57826361430117,1)
[630]: (45.07425130383885,1)
[631]: (45.36033464581823,1)
[632]: (45.40828792509687,1)
[633]: (45.00418260785123,1)
[634]: (45.29169688940724,1)
[635]: (45.8265385033701,1)
[636]: (45.38762822890919,1)
[637]: (45.5054236004793,1)
[638]: (45.8423641365868,1)
[639]: (45.2256195696765,1)
[640]: (45.35346667776368,1)
[641]: (45.3914408366762,1)
[642]: (45.19806105018213,1)
[643]: (45.17935361675207,1)
[644]: (45.00653573868057,1)
[645]: (45.61245254161329,1)
[646]: (45.87503256907114,1)
[647]: (45.10341905402248,1)
[648]: (45.02133329874675,1)
[649]: (45.40523535601904,1)
[650]: (45.1949821018239,1)
[651]: (45.82535737305565,1)
[652]: (45.26037556698923,1)
[653]: (45.10257172757296,1)
[654]: (45.36731336794132,1)
[655]: (45.27476986490688,1)
[656]: (45.18466796895135,1)
[657]: (45.01575289223247,1)
[658]: (45.06522840998252,1)
[659]: (45.14244052083077,1)
[660]: (45.07171837805633,1)
[661]: (45.81135117190603,1)
[662]: (45.29197134603501,1)
[663]: (45.04564596406438,1)
[664]: (45.77732215780478,1)
[665]: (45.67656065973549,1)
[666]: (45.5245414044935,1)
[667]: (45.02960428861876,1)
[668]: (45.81349935300702,1)
[669]: (45.01155914839595,1)
[670]: (45.41724259993546,1)
[671]: (45.81487704331596,1)
[672]: (45.23879113030202,1)
[673]: (45.42400893765367,1)
[674]: (45.0296994254881,1)
[675]: (45.19550343524678,1)
[676]: (45.19043853866712,1)
[677]: (45.14036381897248,1)
[678]: (45.00654327524312,1)
[679]: (45.00773644564145,1)
[680]: (45.21769142863918,1)
[681]: (45.8603397175066,1)
[682]: (46.05633251644992,1)
[683]: (45.01164592139541,1)
[684]: (45.47883913542258,1)
[685]: (45.14071570418726,1)
[686]: (45.54471562023662,1)
[687]: (45.37790637076191,1)
[688]: (45.36842840110028,1)
[689]: (45.22050053404859,1)
[690]: (45.13320838571906,1)
[691]: (45.28931871969457,1)
[692]: (45.31061034495188,1)
[693]: (45.42729663804742,1)
[694]: (45.01438591790571,1)
[695]: (45.15668305669918,1)
[696]: (45.48344969664301,1)
[697]: (45.43016971486114,1)
[698]: (45.08183481936842,1)
[699]: (45.01389107315085,1)
[700]: (45.12306110648024,1)
[701]: (45.88949381577783,1)
[702]: (45.26766463662067,1)
[703]: (45.43402021716346,1)
[704]: (45.02549836652886,1)
[705]: (45.43891985761586,1)
[706]: (45.07103307625933,1)
[707]: (45.06866367235409,1)
[708]: (45.24725994602173,1)
[709]: (45.51888516175185,1)
[710]: (45.30059200726947,1)
[711]: (45.34492422747019,1)
[712]: (45.50571425179817,1)
[713]: (45.17419656587243,1)
[714]: (45.52263671385543,1)
[715]: (45.11268470104478,1)
[716]: (45.62000993283851,1)
[717]: (45.19889158527186,1)
[718]: (45.26867574612098,1)
[719]: (45.11789087354852,1)
[720]: (45.11404561504886,1)
[721]: (45.30662221016296,1)
[722]: (45.13856242156695,1)
[723]: (45.14064833702872,1)
[724]: (46.08343241110953,1)
[725]: (45.29716484097391,1)
[726]: (45.25127928876761,1)
[727]: (45.32899326145039,1)
[728]: (45.29762964325832,1)
[729]: (45.01503328859506,1)
[730]: (45.49200037027535,1)
[731]: (46.99210211779267,1)
[732]: (45.53843390042489,1)
[733]: (45.01358428827331,1)
[734]: (45.01906194945076,1)
[735]: (45.80474505998102,1)
[736]: (45.54403223887197,1)
[737]: (45.02344875489288,1)
[738]: (45.01629835352293,1)
[739]: (45.11294698624459,1)
[740]: (45.05278527146601,1)
[741]: (45.66544936165274,1)
[742]: (45.16535144628597,1)
[743]: (45.09925947834065,1)
[744]: (45.42716829257878,1)
[745]: (45.64370715086536,1)
[746]: (45.23266699691347,1)
[747]: (45.30930744127082,1)
[748]: (46.22894905544223,1)
[749]: (45.27843560849564,1)
[750]: (45.42535613615453,1)
[751]: (45.31235557757827,1)
[752]: (45.76604166898311,1)
[753]: (46.06996818133812,1)
[754]: (45.79136908514898,1)
[755]: (45.08503079054763,1)
[756]: (45.04512547060598,1)
[757]: (45.40971288259885,1)
[758]: (45.72315600478677,1)
[759]: (45.18467379590473,1)
[760]: (45.39042033611999,1)
[761]: (45.19348236693427,1)
[762]: (45.2185645130791,1)
[763]: (45.07823679730571,1)
[764]: (45.74540660561517,1)
[765]: (45.29341676817289,1)
[766]: (45.18058176154549,1)
[767]: (45.98586210730677,1)
[768]: (45.1854808421955,1)
[769]: (45.63611686712238,1)
[770]: (45.20250874811408,1)
[771]: (45.03524783542642,1)
[772]: (45.51739583757483,1)
[773]: (45.16965501197596,1)
[774]: (45.13396714251383,1)
[775]: (45.92674713303578,1)
[776]: (45.75367523306278,1)
[777]: (45.00056699228801,1)
[778]: (45.98724740627383,1)
[779]: (45.12950905942121,1)
[780]: (45.10142204056292,1)
[781]: (45.48757726922364,1)
[782]: (45.43303648040727,1)
[783]: (45.518388508719,1)
[784]: (45.27104829613358,1)
[785]: (45.05013938030865,1)
[786]: (45.03736404986439,1)
[787]: (45.00840833713146,1)
[788]: (46.56247967988711,1)
[789]: (45.86484028419011,1)
[790]: (45.2344391383291,1)
[791]: (45.17946854955784,1)
[792]: (45.55887892747186,1)
[793]: (45.51538081310286,1)
[794]: (45.45892216700341,1)
[795]: (45.04882935501173,1)
[796]: (45.01939754730315,1)
[797]: (45.38127990338773,1)
[798]: (45.26311896801008,1)
[799]: (45.48157561771897,1)
[800]: (45.37068127568519,1)
[801]: (46.11404400897916,1)
[802]: (45.37321254985417,1)
[803]: (45.44070542605913,1)
[804]: (45.17065976545371,1)
[805]: (46.0972183322075,1)
[806]: (45.23390182131168,1)
[807]: (45.73754077125377,1)
[808]: (45.60662935582764,1)
[809]: (45.61925735763158,1)
[810]: (45.51393286111114,1)
[811]: (45.50637015049507,1)
[812]: (45.45610647736502,1)
[813]: (45.0355853161618,1)
[814]: (45.86720289884838,1)
[815]: (45.30333170691767,1)
[816]: (45.39379859812517,1)
[817]: (45.10050130786993,1)
[818]: (45.02377543631102,1)
[819]: (45.53216501059829,1)
[820]: (46.27006384024367,1)
[821]: (45.49050389804864,1)
[822]: (45.82937967446594,1)
[823]: (45.09734766860144,1)
[824]: (45.00298593975155,1)
[825]: (45.02102223234538,1)
[826]: (45.75923349938434,1)
[827]: (45.42277786861406,1)
[828]: (45.26396568780276,1)
[829]: (45.22560246779607,1)
[830]: (45.2426436687839,1)
[831]: (45.0025724690158,1)
[832]: (45.30242270441937,1)
[833]: (45.16251336809524,1)
[834]: (45.27072893362987,1)
[835]: (45.26998311810723,1)
[836]: (45.20737864024419,1)
[837]: (45.07923163703072,1)
[838]: (45.04649038836295,1)
[839]: (45.36035644119458,1)
[840]: (45.27531749806654,1)
[841]: (45.03545228648762,1)
[842]: (45.47436820797456,1)
[843]: (45.05753149880865,1)
[844]: (45.07721852565375,1)
[845]: (45.20944725229247,1)
[846]: (45.21600161297675,1)
[847]: (45.24536424421624,1)
[848]: (46.59141983370333,1)
[849]: (45.9506096778546,1)
[850]: (45.40373696695914,1)
[851]: (45.3607674310886,1)
[852]: (45.81780461793694,1)
[853]: (45.04584051139197,1)
[854]: (45.99193276156374,1)
[855]: (45.90437416791033,1)
[856]: (45.35492070948768,1)
[857]: (45.24055484325707,1)
[858]: (45.00543485227752,1)
[859]: (45.23436678682459,1)
[860]: (46.13731609613391,1)
[861]: (45.03271232765341,1)
[862]: (45.13742277749095,1)
[863]: (45.15304792581598,1)
[864]: (45.56174869755426,1)
[865]: (45.44010288037036,1)
[866]: (45.0941951491705,1)
[867]: (45.83779018134791,1)
[868]: (45.11524218442946,1)
[869]: (45.23748289033487,1)
[870]: (45.25131415748477,1)
[871]: (45.30305285176203,1)
[872]: (45.00791023258475,1)
[873]: (45.72780356229399,1)
[874]: (45.12479545255594,1)
[875]: (45.21861399869803,1)
[876]: (45.95744965956073,1)
[877]: (45.81487104814871,1)
[878]: (45.0152453526025,1)
[879]: (45.69344187344458,1)
[880]: (45.7796347737951,1)
[881]: (45.20131310330826,1)
[882]: (45.08778350317753,1)
[883]: (45.01497528879782,1)
[884]: (45.04383529790398,1)
[885]: (45.08755785573652,1)
[886]: (45.35825023197257,1)
[887]: (45.19523375534683,1)
[888]: (45.5099475817664,1)
[889]: (45.04008540191505,1)
[890]: (45.23047489660429,1)
[891]: (45.40165817079697,1)
[892]: (45.4374890658888,1)
[893]: (45.28294293556878,1)
[894]: (46.11737390682342,1)
[895]: (45.27866890331017,1)
[896]: (45.6155340368593,1)
[897]: (45.00073131846063,1)
[898]: (45.92873736915413,1)
[899]: (45.0317497025797,1)
[900]: (45.11622565696744,1)
[901]: (45.40575681375499,1)
[902]: (45.95894385608149,1)
[903]: (45.07011938902707,1)
[904]: (45.20209448422633,1)
[905]: (45.056360120664,1)
[906]: (46.24201616466327,1)
[907]: (45.46044305094088,1)
[908]: (45.1281443416909,1)
[909]: (45.63124382870078,1)
[910]: (45.93458894838982,1)
[911]: (45.05265904417685,1)
[912]: (45.73498521650748,1)
[913]: (46.13724869177948,1)
[914]: (45.06430987802397,1)
[915]: (45.06973161766494,1)
[916]: (45.05499383215878,1)
[917]: (45.32418932787177,1)
[918]: (45.14654638320814,1)
[919]: (45.19700286429399,1)
[920]: (45.1149288559515,1)
[921]: (45.05562142730226,1)
[922]: (45.12768869921363,1)
[923]: (45.01894768952035,1)
[924]: (45.67132373454427,1)
[925]: (45.7270831977422,1)
[926]: (45.20614985507346,1)
[927]: (45.08622366231454,1)
[928]: (45.47910146146511,1)
[929]: (45.17134099653229,1)
[930]: (45.58600565051618,1)
[931]: (45.14861882585566,1)
[932]: (45.06817335988759,1)
[933]: (45.31711379035405,1)
[934]: (45.12851929411015,1)
[935]: (45.07475315098987,1)
[936]: (46.05143964063342,1)
[937]: (45.12980270838019,1)
[938]: (45.77575390949875,1)
[939]: (45.21208026269532,1)
[940]: (47.57597184890349,1)
[941]: (45.11789003067287,1)
[942]: (45.74959033252873,1)
[943]: (45.05864655412799,1)
[944]: (45.61749829911201,1)
[945]: (45.18199116534104,1)
[946]: (45.2830220043166,1)
[947]: (45.17609725309418,1)
[948]: (45.08071196784061,1)
[949]: (45.008062871051,1)
[950]: (45.1047608907027,1)
[951]: (46.2839801138884,1)
[952]: (45.63797588119838,1)
[953]: (45.72053873663938,1)
[954]: (45.75498762341486,1)
[955]: (45.16552039208599,1)
[956]: (45.43842055637208,1)
[957]: (45.16917423784178,1)
[958]: (45.09938149101126,1)
[959]: (45.55901486028527,1)
[960]: (45.02994100996151,1)
[961]: (45.30163934845426,1)
[962]: (46.15857128021473,1)
[963]: (45.78725343585334,1)
[964]: (45.42384615140509,1)
[965]: (45.37027571797289,1)
[966]: (45.62365791446668,1)
[967]: (45.87279285019655,1)
[968]: (45.1430690837901,1)
[969]: (45.17005258419402,1)
[970]: (45.14434386946384,1)
[971]: (45.00986987230671,1)
[972]: (45.11192347633413,1)
[973]: (45.02398716958072,1)
[974]: (45.50721274684576,1)
[975]: (45.37922797701395,1)
[976]: (45.06257319874494,1)
[977]: (45.41652440949007,1)
[978]: (45.08029674666814,1)
[979]: (45.05928365581102,1)
[980]: (45.45072950248547,1)
[981]: (45.57086112070812,1)
[982]: (46.2615685055402,1)
[983]: (45.12345956111419,1)
[984]: (45.2671825329569,1)
[985]: (45.03433748914784,1)
[986]: (45.47105751970874,1)
[987]: (45.05550541262249,1)
[988]: (45.32393927276185,1)
[989]: (46.22373448936659,1)
[990]: (45.07164986092411,1)
[991]: (45.56107166812102,1)
[992]: (45.04747545916781,1)
[993]: (45.46924233717624,1)
[994]: (45.13600106783352,1)
[995]: (45.31388751098305,1)
[996]: (45.4488197875779,1)
[997]: (45.21681224395626,1)
[998]: (45.43603647192037,1)
[999]: (45.61310046072477,1)
[1000]: (45.20503228539894,1)
[1001]: (45.17131519111907,1)
[1002]: (45.05120843786737,1)
[1003]: (45.7879597117505,1)
[1004]: (45.1470033847951,1)
[1005]: (45.20313096003069,1)
[1006]: (45.2166145931349,1)
[1007]: (45.21453575809453,1)
[1008]: (45.12220905857926,1)
[1009]: (45.94252198709894,1)
[1010]: (45.10320959472076,1)
[1011]: (45.06763999769061,1)
[1012]: (45.01537331905357,1)
[1013]: (45.162343450988,1)
[1014]: (45.18695447907949,1)
[1015]: (45.07881540600102,1)
[1016]: (45.4305536634304,1)
[1017]: (45.40201699782005,1)
[1018]: (45.77809632338369,1)
[1019]: (45.45346625639465,1)
[1020]: (45.28592550789746,1)
[1021]: (45.84224626952307,1)
[1022]: (45.11962741636589,1)
[1023]: (45.05216893743881,1)
[1024]: (45.05381456894175,1)
[1025]: (45.32164436216478,1)
[1026]: (45.00441921408916,1)
[1027]: (45.30152166379553,1)
[1028]: (45.39994909354746,1)
[1029]: (45.35910595293694,1)
[1030]: (45.37011773416197,1)
[1031]: (45.08831173211227,1)
[1032]: (45.66218021749402,1)
[1033]: (45.03687760786579,1)
[1034]: (45.29370055964932,1)
[1035]: (45.08488433795462,1)
[1036]: (45.50502529427074,1)
[1037]: (45.22761821052484,1)
[1038]: (45.0700096437189,1)
[1039]: (45.50090680444011,1)
[1040]: (45.56972970207482,1)
[1041]: (45.18441315807503,1)
[1042]: (45.63913896073308,1)
[1043]: (45.07186892265878,1)
[1044]: (45.44927695044092,1)
[1045]: (45.12507407670973,1)
[1046]: (45.24342530779986,1)
[1047]: (45.17325412177072,1)
[1048]: (45.01337176966407,1)
[1049]: (45.39094468911802,1)
[1050]: (45.32195499998022,1)
[1051]: (45.7895879420244,1)
[1052]: (45.45463225078049,1)
[1053]: (45.05864619450102,1)
[1054]: (45.09705827214204,1)
[1055]: (45.00254127939523,1)
[1056]: (45.20627195370925,1)
[1057]: (45.08530282029714,1)
[1058]: (45.10626052608038,1)
[1059]: (45.06229776441456,1)
[1060]: (45.4780615311787,1)
[1061]: (45.18041053485556,1)
[1062]: (45.3641403656467,1)
[1063]: (46.11482084418246,1)
[1064]: (45.07452943077499,1)
[1065]: (45.04053030940887,1)
[1066]: (45.04618746112583,1)
[1067]: (45.26740528977464,1)
[1068]: (45.11506610876202,1)
[1069]: (45.93489462134961,1)
[1070]: (45.07624305931128,1)
[1071]: (45.06694832257217,1)
[1072]: (45.10937618603579,1)
[1073]: (45.27494729014591,1)
[1074]: (45.08419997001254,1)
[1075]: (45.08820369999713,1)
[1076]: (45.55654317319822,1)
[1077]: (45.43585638924896,1)
[1078]: (45.12040836172562,1)
[1079]: (45.09375791033873,1)
[1080]: (46.56265103901925,1)
[1081]: (45.48549507299976,1)
[1082]: (46.15587197174727,1)
[1083]: (45.0456541693742,1)
[1084]: (45.08017283173084,1)
[1085]: (45.01291052255508,1)
[1086]: (45.23183386459475,1)
[1087]: (45.54192851898673,1)
[1088]: (45.16647903269195,1)
[1089]: (45.147767280828,1)
[1090]: (45.18724511866365,1)
[1091]: (45.27731752477361,1)
[1092]: (45.21077580512679,1)
[1093]: (45.15530481418917,1)
[1094]: (45.29521725936198,1)
[1095]: (46.1102549482566,1)
[1096]: (45.28715320507466,1)
[1097]: (45.21777207388456,1)
[1098]: (45.41755035008815,1)
[1099]: (45.62908533214583,1)
[1100]: (45.30104493958774,1)
[1101]: (45.05067126412411,1)
[1102]: (45.96695501152072,1)
[1103]: (45.70718082806741,1)
[1104]: (45.21628540876986,1)
[1105]: (45.03400423543971,1)
[1106]: (45.23454577668002,1)
[1107]: (45.18034535590736,1)
[1108]: (45.10068155647475,1)
[1109]: (45.91522597737259,1)
[1110]: (45.49209255086067,1)
[1111]: (45.37078292834221,1)
[1112]: (45.105081800133,1)
[1113]: (45.1511570459072,1)
[1114]: (45.0093237422449,1)
[1115]: (45.12827670825212,1)
[1116]: (45.25419560193635,1)
[1117]: (45.22249353462229,1)
[1118]: (45.35817365615169,1)
[1119]: (45.31460805064133,1)
[1120]: (45.29107616957933,1)
[1121]: (45.8095607359619,1)
[1122]: (45.67497415827423,1)
[1123]: (45.22078797589782,1)
[1124]: (45.50768783931005,1)
[1125]: (45.00541011909828,1)
[1126]: (47.11342823580342,1)
[1127]: (45.03883753534726,1)
[1128]: (45.09975201056115,1)
[1129]: (45.44063334440509,1)
[1130]: (45.14033624427832,1)
[1131]: (45.13560579075119,1)
[1132]: (45.69363092183285,1)
[1133]: (45.31531519250801,1)
[1134]: (45.19987925651681,1)
[1135]: (45.09006944216129,1)
[1136]: (45.06781506065003,1)
[1137]: (45.01794284777476,1)
[1138]: (45.16836758249111,1)
[1139]: (45.53945064124217,1)
[1140]: (45.10550875140952,1)
[1141]: (45.1522663098409,1)
[1142]: (45.27114945433632,1)
[1143]: (45.5299756539085,1)
[1144]: (45.21212733753959,1)
[1145]: (45.05040872311337,1)
[1146]: (45.38660236766398,1)
[1147]: (45.26761850413148,1)
[1148]: (45.02682805476758,1)
[1149]: (45.5772519175793,1)
[1150]: (45.68027192788309,1)
[1151]: (45.26116354849985,1)
[1152]: (45.25278145157048,1)
[1153]: (45.22950429560596,1)
[1154]: (45.11102927976581,1)
[1155]: (45.33871070303037,1)
[1156]: (45.04692808498634,1)
[1157]: (45.03640632631515,1)
[1158]: (45.9640600136206,1)
[1159]: (45.59613258705541,1)
[1160]: (45.19112754820748,1)
[1161]: (45.10235070239093,1)
[1162]: (45.01560462946385,1)
[1163]: (45.64851296856834,1)
[1164]: (45.45666855264737,1)
[1165]: (45.51193620945391,1)
[1166]: (45.22397588097835,1)
[1167]: (45.591270590868,1)
[1168]: (45.16412800750376,1)
[1169]: (45.37565954643844,1)
[1170]: (45.03046869844895,1)
[1171]: (45.30919344207233,1)
[1172]: (45.78183400780227,1)
[1173]: (45.11823962352904,1)
[1174]: (45.36826015103512,1)
[1175]: (45.92963036097822,1)
[1176]: (45.01710871609738,1)
[1177]: (45.03835041050686,1)
[1178]: (45.23129747094176,1)
[1179]: (45.39796488034123,1)
[1180]: (45.54508692773778,1)
[1181]: (45.3274221711692,1)
[1182]: (45.01054004689468,1)
[1183]: (45.00339335742587,1)
[1184]: (45.19372608962554,1)
[1185]: (45.24684035571434,1)
[1186]: (45.0839424509163,1)
[1187]: (45.05594453631331,1)
[1188]: (45.19580807947582,1)
[1189]: (45.26505256271528,1)
[1190]: (45.30945744061503,1)
[1191]: (45.37290068811057,1)
[1192]: (45.19515004821572,1)
[1193]: (45.02166252504178,1)
[1194]: (45.65078094267717,1)
[1195]: (45.22143200580596,1)
[1196]: (45.21623833632332,1)
[1197]: (45.03516511863319,1)
[1198]: (45.14692421779835,1)
[1199]: (45.08434425174288,1)
[1200]: (45.63804761213576,1)
[1201]: (45.59265000341183,1)
[1202]: (45.2767602530117,1)
[1203]: (45.0117330116881,1)
[1204]: (45.73333699944892,1)
[1205]: (45.16546330963578,1)
[1206]: (45.16307303594629,1)
[1207]: (45.25927650687837,1)
[1208]: (45.21740108764729,1)
[1209]: (45.97283913648594,1)
[1210]: (45.40462073127728,1)
[1211]: (45.07669094050596,1)
[1212]: (45.23237007105617,1)
[1213]: (45.14762894277513,1)
[1214]: (45.03504654929715,1)
[1215]: (46.15137663645399,1)
[1216]: (45.43009654822829,1)
[1217]: (45.04137462398979,1)
[1218]: (45.23036964735279,1)
[1219]: (45.13419410263452,1)
[1220]: (45.68789050308298,1)
[1221]: (45.53506330490377,1)
[1222]: (45.30896177023423,1)
[1223]: (45.41734688045504,1)
[1224]: (45.07610112435974,1)
[1225]: (45.10188389051519,1)
[1226]: (45.41743843045248,1)
[1227]: (45.20032554121748,1)
[1228]: (45.18413385609818,1)
[1229]: (45.18591217169597,1)
[1230]: (45.1044383617207,1)
[1231]: (45.0354670849925,1)
[1232]: (47.51102842124028,1)
[1233]: (45.19141614722506,1)
[1234]: (45.17483412797282,1)
[1235]: (45.12490546915378,1)
[1236]: (45.46988931682323,1)
[1237]: (45.46493278851497,1)
[1238]: (45.35908976808811,1)
[1239]: (45.22099253892144,1)
[1240]: (45.62415464250335,1)
[1241]: (45.10363648758815,1)
[1242]: (45.8918658620745,1)
[1243]: (45.26710484616152,1)
[1244]: (45.28191804928002,1)
[1245]: (45.1069186583732,1)
[1246]: (45.26841399139449,1)
[1247]: (45.54669638289631,1)
[1248]: (46.12339285661411,1)
[1249]: (46.00286145570294,1)
[1250]: (45.11194382294245,1)
[1251]: (45.17608729591851,1)
[1252]: (45.49052965308147,1)
[1253]: (45.1867521942921,1)
[1254]: (45.06886853184474,1)
[1255]: (45.42913733584144,1)
[1256]: (45.19996835999799,1)
[1257]: (46.09554873903891,1)
[1258]: (45.07355601326527,1)
[1259]: (45.07639527639891,1)
[1260]: (45.40258202616521,1)
[1261]: (45.36226486880503,1)
[1262]: (45.66838777980701,1)
[1263]: (45.3481180839052,1)
[1264]: (45.64896947709785,1)
[1265]: (45.78362235746785,1)
[1266]: (45.02445460086815,1)
[1267]: (45.89360120901303,1)
[1268]: (45.38568267179691,1)
[1269]: (45.85930061003442,1)
[1270]: (45.04289589882753,1)
[1271]: (45.21348131896598,1)
[1272]: (45.49296313449656,1)
[1273]: (45.23233755744749,1)
[1274]: (45.45855184704217,1)
[1275]: (45.04722072652133,1)
[1276]: (45.11003062731059,1)
[1277]: (45.53146598396439,1)
[1278]: (45.69426318336608,1)
[1279]: (45.25979057773576,1)
[1280]: (45.12304972384735,1)
[1281]: (45.56041751410688,1)
[1282]: (45.01487070000491,1)
[1283]: (45.10702697399849,1)
[1284]: (45.09634099466745,1)
[1285]: (45.50003039096248,1)
[1286]: (45.01015881623456,1)
[1287]: (45.44055573471404,1)
[1288]: (45.60604158780054,1)
[1289]: (45.36795021990434,1)
[1290]: (45.58003442425186,1)
[1291]: (45.62249336897748,1)
[1292]: (45.81108790779925,1)
[1293]: (45.31881178684878,1)
[1294]: (45.13387738984869,1)
[1295]: (45.06459591787136,1)
[1296]: (45.39859236499716,1)
[1297]: (45.91774886839807,1)
[1298]: (45.04571674393217,1)
[1299]: (45.41548611846279,1)
[1300]: (45.31044749762039,1)
[1301]: (45.50340989593247,1)
[1302]: (45.29456490367303,1)
[1303]: (45.53408468289291,1)
[1304]: (45.01580861260229,1)
[1305]: (45.12251628335709,1)
[1306]: (45.24149383322162,1)
[1307]: (45.1271473785547,1)
[1308]: (45.07135189536451,1)
[1309]: (45.69270313697913,1)
[1310]: (45.54024589960528,1)
[1311]: (45.45007206009359,1)
[1312]: (45.27869839391171,1)
[1313]: (45.21247512464199,1)
[1314]: (45.2189236306791,1)
[1315]: (45.92261854578263,1)
[1316]: (45.2303961740492,1)
[1317]: (45.24972851273126,1)
[1318]: (45.13294170212486,1)
[1319]: (45.09918977730007,1)
[1320]: (45.07419491712454,1)
[1321]: (45.2808313537663,1)
[1322]: (45.03106811732029,1)
[1323]: (45.27553514311054,1)
[1324]: (45.0938476423037,1)
[1325]: (45.24147813024405,1)
[1326]: (45.00496186028047,1)
[1327]: (45.17680632613104,1)
[1328]: (45.44454471419659,1)
[1329]: (45.24507140657857,1)
[1330]: (45.06193092986644,1)
[1331]: (45.56363698710716,1)
[1332]: (45.15904243969011,1)
[1333]: (45.27779728676097,1)
[1334]: (45.02945407936803,1)
[1335]: (46.19060683430917,1)
[1336]: (45.16537870286545,1)
[1337]: (45.06629339253747,1)
[1338]: (45.15234660841934,1)
[1339]: (45.27965125650202,1)
[1340]: (45.00068779336241,1)
[1341]: (45.11827413024889,1)
[1342]: (45.45172054812472,1)
[1343]: (45.20776255066936,1)
[1344]: (45.04286093498178,1)
[1345]: (45.08216793718472,1)
[1346]: (45.20211885842061,1)
[1347]: (45.09611650259366,1)
[1348]: (45.40498723426919,1)
[1349]: (45.00555353201022,1)
[1350]: (45.17140266293021,1)
[1351]: (45.42590364911016,1)
[1352]: (45.02359200627445,1)
[1353]: (45.04466147994359,1)
[1354]: (45.4834801789909,1)
[1355]: (45.09115915594261,1)
[1356]: (45.11662509946108,1)
[1357]: (45.25972240020253,1)
[1358]: (45.45871318171243,1)
[1359]: (45.3346925975948,1)
[1360]: (45.08897963601412,1)
[1361]: (45.13180685260299,1)
[1362]: (45.07623382210003,1)
[1363]: (45.69264579793496,1)
[1364]: (45.48891274917121,1)
[1365]: (45.16090813250317,1)
[1366]: (45.15867042634715,1)
[1367]: (45.13343247156875,1)
[1368]: (45.05279055092837,1)
[1369]: (45.60404345235238,1)
[1370]: (45.08049192096428,1)
[1371]: (45.82727633920907,1)
[1372]: (45.10975148151939,1)
[1373]: (45.08493413546627,1)
[1374]: (45.67780956968981,1)
[1375]: (45.09424595033033,1)
[1376]: (45.37053289916836,1)
[1377]: (45.39466326209776,1)
[1378]: (45.69082933459855,1)
[1379]: (45.13071673539427,1)
[1380]: (45.3749874832433,1)
[1381]: (45.1664395552181,1)
[1382]: (45.77726698626668,1)
[1383]: (45.73055731469221,1)
[1384]: (45.20419602553786,1)
[1385]: (45.18508022143973,1)
[1386]: (45.32922190783083,1)
[1387]: (45.29438306646252,1)
[1388]: (45.49556756477403,1)
[1389]: (45.09785202034057,1)
[1390]: (45.04246536489067,1)
[1391]: (45.89751098839579,1)
[1392]: (45.4854856867064,1)
[1393]: (45.00582829708778,1)
[1394]: (45.53254843529323,1)
[1395]: (45.42421307162454,1)
[1396]: (45.68314535578943,1)
[1397]: (45.17392604535023,1)
[1398]: (45.09656392776381,1)
[1399]: (45.19154374181602,1)
[1400]: (45.13909419170711,1)
[1401]: (45.34553063260921,1)
[1402]: (45.29508169727351,1)
[1403]: (45.06289718486939,1)
[1404]: (45.13262976611549,1)
[1405]: (45.88333851926249,1)
[1406]: (45.16361689269545,1)
[1407]: (45.35955198953175,1)
[1408]: (45.23884421780718,1)
[1409]: (45.28190012074121,1)
[1410]: (45.58057064447751,1)
[1411]: (45.08027544925138,1)
[1412]: (45.05469602725753,1)
[1413]: (46.16270496557,1)
[1414]: (45.61667883197723,1)
[1415]: (45.54113849604571,1)
[1416]: (45.8650032853734,1)
[1417]: (45.0499420454783,1)
[1418]: (45.03368941400267,1)
[1419]: (45.04245210245601,1)
[1420]: (45.10681872403441,1)
[1421]: (45.06528766243481,1)
[1422]: (45.05670470369077,1)
[1423]: (45.3849466442195,1)
[1424]: (45.02390475107195,1)
[1425]: (45.53147622910283,1)
[1426]: (46.32001633368436,1)
[1427]: (45.58246397054435,1)
[1428]: (45.56128391969555,1)
[1429]: (45.74578844960231,1)
[1430]: (45.30947493892809,1)
[1431]: (45.36164315480418,1)
[1432]: (45.37249373328683,1)
[1433]: (45.62621954194874,1)
[1434]: (45.72650216076342,1)
[1435]: (45.23169505819229,1)
[1436]: (45.89055031059494,1)
[1437]: (45.12352763341256,1)
[1438]: (45.12683075803218,1)
[1439]: (45.79200113126522,1)
[1440]: (45.03026663581781,1)
[1441]: (45.55052678649687,1)
[1442]: (45.26848174176372,1)
[1443]: (45.2735552300955,1)
[1444]: (45.33146117359347,1)
[1445]: (45.1545695223345,1)
[1446]: (45.68454767696453,1)
[1447]: (45.2579478342837,1)
[1448]: (45.67956648286949,1)
[1449]: (45.27918584016095,1)
[1450]: (45.52926618027967,1)
[1451]: (45.55579864061245,1)
[1452]: (45.09890146819205,1)
[1453]: (45.16194882514058,1)
[1454]: (46.14398208582701,1)
[1455]: (45.45176979442613,1)
[1456]: (45.25624179793186,1)
[1457]: (45.39883085789855,1)
[1458]: (45.30256347202814,1)
[1459]: (45.06920231015006,1)
[1460]: (45.11028293994308,1)
[1461]: (45.09761273508064,1)
[1462]: (45.10833017500291,1)
[1463]: (45.34738575267004,1)
[1464]: (45.02240880348025,1)
[1465]: (45.11179313370845,1)
[1466]: (45.21177512720478,1)
[1467]: (45.2677089670031,1)
[1468]: (45.05617270753297,1)
[1469]: (45.08331948015085,1)
[1470]: (45.12592657380458,1)
[1471]: (45.12451198250269,1)
[1472]: (45.17620918484992,1)
[1473]: (45.10574682751862,1)
[1474]: (45.42233053518056,1)
[1475]: (45.0498173657781,1)
[1476]: (45.63981941788633,1)
[1477]: (45.54154995068581,1)
[1478]: (45.56437847304712,1)
[1479]: (45.22460685842235,1)
[1480]: (45.1007717695447,1)
[1481]: (45.01433565784686,1)
[1482]: (45.23148521750395,1)
[1483]: (45.74690438250688,1)
[1484]: (45.20971984916196,1)
[1485]: (45.01318289391496,1)
[1486]: (45.17489025895438,1)
[1487]: (45.18419328521025,1)
[1488]: (45.1782485537873,1)
[1489]: (45.07571026048188,1)
[1490]: (45.02754414199401,1)
[1491]: (45.27275897722681,1)
[1492]: (45.09879894046198,1)
[1493]: (45.65072953135338,1)
[1494]: (45.25167752708299,1)
[1495]: (45.38801508379097,1)
[1496]: (45.03606946288335,1)
[1497]: (45.03026535507833,1)
[1498]: (45.64631551142872,1)
[1499]: (45.09965933609142,1)
[1500]: (45.39354169995193,1)
[1501]: (46.1376831460845,1)
[1502]: (45.88495601756728,1)
[1503]: (45.04411769884735,1)
[1504]: (45.09197743270187,1)
[1505]: (45.05701216329346,1)
[1506]: (45.56508337552611,1)
[1507]: (45.05886515254753,1)
[1508]: (45.09334351236782,1)
[1509]: (45.03347474377372,1)
[1510]: (45.0818060990689,1)
[1511]: (45.28000372933281,1)
[1512]: (45.02305464749405,1)
[1513]: (45.15295815406726,1)
[1514]: (45.14454156663263,1)
[1515]: (45.09007179940798,1)
[1516]: (45.84246212361823,1)
[1517]: (45.16513571511128,1)
[1518]: (45.34654629258493,1)
[1519]: (45.04375580436037,1)
[1520]: (45.09361939533852,1)
[1521]: (45.44145740363658,1)
[1522]: (45.37662939672254,1)
[1523]: (45.29157511938947,1)
[1524]: (45.28760937092346,1)
[1525]: (45.15456392404482,1)
[1526]: (45.46737689746283,1)
[1527]: (45.8411436571034,1)
[1528]: (45.17920670756937,1)
[1529]: (45.23507300254754,1)
[1530]: (45.13872811449856,1)
[1531]: (45.73882908702037,1)
[1532]: (46.25634534121352,1)
[1533]: (45.34614473255395,1)
[1534]: (45.24625359986089,1)
[1535]: (45.25585582679714,1)
[1536]: (45.4710457885859,1)
[1537]: (45.77258593054581,1)
[1538]: (45.16501204780137,1)
[1539]: (45.2299268878994,1)
[1540]: (45.88372691356355,1)
[1541]: (45.34166514570231,1)
[1542]: (45.0281740418647,1)
[1543]: (45.11965635017778,1)
[1544]: (46.44752858742436,1)
[1545]: (45.10851826887878,1)
[1546]: (45.28037644420048,1)
[1547]: (45.23775121339027,1)
[1548]: (45.00305704016242,1)
[1549]: (45.69894944745813,1)
[1550]: (45.61938718934138,1)
[1551]: (45.10871011385287,1)
[1552]: (45.50320663195716,1)
[1553]: (45.02459217226275,1)
[1554]: (45.344701973431,1)
[1555]: (45.40514938073416,1)
[1556]: (45.26682532394409,1)
[1557]: (45.00686043314622,1)
[1558]: (45.26955375069615,1)
[1559]: (45.23572044038968,1)
[1560]: (45.48338990749811,1)
[1561]: (45.26137472299538,1)
[1562]: (45.31286490932963,1)
[1563]: (45.64763095473132,1)
[1564]: (45.0632211015088,1)
[1565]: (45.16372711249311,1)
[1566]: (45.07305805191699,1)
[1567]: (45.54184484077962,1)
[1568]: (45.3981935808467,1)
[1569]: (45.38443132405075,1)
[1570]: (45.72400824303497,1)
[1571]: (46.98766309080576,1)
[1572]: (45.41421128336493,1)
[1573]: (45.24501377538528,1)
[1574]: (45.09469302125341,1)
[1575]: (45.74917613042487,1)
[1576]: (45.16585329941103,1)
[1577]: (45.13367156974903,1)
[1578]: (45.06330822634639,1)
[1579]: (45.39763884933605,1)
[1580]: (45.17089115227797,1)
[1581]: (45.05729808903582,1)
[1582]: (45.22333555287646,1)
[1583]: (45.42098355291572,1)
[1584]: (45.01779278000807,1)
[1585]: (45.07082016093255,1)
[1586]: (45.07377866832308,1)
[1587]: (45.35727869738883,1)
[1588]: (45.12111317388516,1)
[1589]: (45.10451398023901,1)
[1590]: (45.08582736638594,1)
[1591]: (45.15275965064063,1)
[1592]: (45.19113341581353,1)
[1593]: (46.02935859959889,1)
[1594]: (45.95992844687074,1)
[1595]: (45.11448974903816,1)
[1596]: (45.67510177626913,1)
[1597]: (45.18025674352159,1)
[1598]: (45.61881706877696,1)
[1599]: (45.67911999052636,1)
[1600]: (45.11109127233105,1)
[1601]: (45.13996008818166,1)
[1602]: (45.355274140474,1)
[1603]: (45.04710580136496,1)
[1604]: (46.20843129685169,1)
[1605]: (45.8481446660096,1)
[1606]: (45.00987433676426,1)
[1607]: (45.01914576131829,1)
[1608]: (45.10854082127518,1)
[1609]: (45.04117273839485,1)
[1610]: (45.16795732909306,1)
[1611]: (45.19397633202671,1)
[1612]: (45.14451836143443,1)
[1613]: (45.12359061378153,1)
[1614]: (45.13613429208409,1)
[1615]: (45.22225101914866,1)
[1616]: (46.31443335299967,1)
[1617]: (45.3921749662698,1)
[1618]: (45.0834746101314,1)
[1619]: (45.23065583551632,1)
[1620]: (45.67685868409295,1)
[1621]: (45.28054154339216,1)
[1622]: (45.11638757494938,1)
[1623]: (45.84048564478311,1)
[1624]: (45.47505551260187,1)
[1625]: (45.94676960606792,1)
[1626]: (45.1830404993725,1)
[1627]: (45.00858066121425,1)
[1628]: (46.00517393835604,1)
[1629]: (45.24221438292206,1)
[1630]: (45.48790812383113,1)
[1631]: (45.23579703015177,1)
[1632]: (45.7988758507063,1)
[1633]: (45.74933015960803,1)
[1634]: (45.16171357021681,1)
[1635]: (45.32844368078392,1)
[1636]: (45.18753222715281,1)
[1637]: (45.01246466283233,1)
[1638]: (45.78928605506089,1)
[1639]: (45.11744502100463,1)
[1640]: (45.09144960953642,1)
[1641]: (45.42334620423343,1)
[1642]: (45.21075058833887,1)
[1643]: (45.39306454236529,1)
[1644]: (45.90379563024732,1)
[1645]: (45.2151633817734,1)
[1646]: (45.26597397494617,1)
[1647]: (45.23078949952058,1)
[1648]: (45.15055180934842,1)
[1649]: (45.42323157185917,1)
[1650]: (45.86759981537169,1)
[1651]: (45.28648081393819,1)
[1652]: (46.38257131180941,1)
[1653]: (45.5121669973764,1)
[1654]: (45.13198095097345,1)
[1655]: (45.47990699233083,1)
[1656]: (45.55972149325821,1)
[1657]: (45.2910364282282,1)
[1658]: (45.96893938393006,1)
[1659]: (45.52537949890824,1)
[1660]: (45.76670638859182,1)
[1661]: (45.99688414711366,1)
[1662]: (45.61265258910515,1)
[1663]: (45.45756149341425,1)
[1664]: (45.12280644303546,1)
[1665]: (45.18960384836592,1)
[1666]: (45.58907223217163,1)
[1667]: (45.2676370793482,1)
[1668]: (46.43815483540838,1)
[1669]: (46.3218571114485,1)
[1670]: (45.0310653093773,1)
[1671]: (45.68675288594432,1)
[1672]: (45.16839830887648,1)
[1673]: (45.69603447734738,1)
[1674]: (45.08894361325991,1)
[1675]: (46.17074177388604,1)
[1676]: (45.39061317381111,1)
[1677]: (45.04940143517298,1)
[1678]: (45.35189858819065,1)
[1679]: (45.11321892122842,1)
[1680]: (45.33604006010177,1)
[1681]: (45.26618344488359,1)
[1682]: (45.27094237949829,1)
[1683]: (45.16388567271828,1)
[1684]: (45.158980013267,1)
[1685]: (46.19295663524127,1)
[1686]: (45.01649450789644,1)
[1687]: (45.17151079368296,1)
[1688]: (45.98688505458418,1)
[1689]: (45.82555878495874,1)
[1690]: (45.25247101075551,1)
[1691]: (45.69285092296123,1)
[1692]: (45.73437794771203,1)
[1693]: (45.13210357248482,1)
[1694]: (45.28818125081914,1)
[1695]: (45.12284895221865,1)
[1696]: (45.06211040602946,1)
[1697]: (45.34916149305969,1)
[1698]: (45.08568262946803,1)
[1699]: (45.68919909486338,1)
[1700]: (45.5470311398252,1)
[1701]: (45.33783872193376,1)
[1702]: (45.16343723422554,1)
[1703]: (46.09170599487443,1)
[1704]: (46.02148803244592,1)
[1705]: (45.16383158203962,1)
[1706]: (45.39578475507881,1)
[1707]: (45.06626091582209,1)
[1708]: (45.12370891895858,1)
[1709]: (45.69458269401094,1)
[1710]: (45.49082335568099,1)
[1711]: (45.43771918560787,1)
[1712]: (45.29942041274919,1)
[1713]: (45.27619901456939,1)
[1714]: (45.02561230929014,1)
[1715]: (45.01753694296077,1)
[1716]: (45.58597222848846,1)
[1717]: (45.76003791000387,1)
[1718]: (45.18732983876051,1)
[1719]: (45.12211806434778,1)
[1720]: (45.2275932415922,1)
[1721]: (45.16664337687779,1)
[1722]: (45.34475990175218,1)
[1723]: (45.1234424900982,1)
[1724]: (45.58316266954485,1)
[1725]: (45.19542865458536,1)
[1726]: (45.5482429400022,1)
[1727]: (45.04505996088007,1)
[1728]: (45.87247898487455,1)
[1729]: (45.33041516770062,1)
[1730]: (45.63246812180579,1)
[1731]: (45.27352441901429,1)
[1732]: (45.14239955751055,1)
[1733]: (45.09009453695218,1)
[1734]: (45.84520773010247,1)
[1735]: (45.48350552444196,1)
[1736]: (45.08997494431786,1)
[1737]: (45.13759141803847,1)
[1738]: (45.12980662737712,1)
[1739]: (45.10115892100499,1)
[1740]: (45.65356340562634,1)
[1741]: (45.50246824093798,1)
[1742]: (45.7997624893252,1)
[1743]: (45.22453774030995,1)
[1744]: (45.13804022442254,1)
[1745]: (46.1254451903629,1)
[1746]: (46.091912882785,1)
[1747]: (45.40283220386227,1)
[1748]: (46.42836649847685,1)
[1749]: (45.15894052267956,1)
[1750]: (45.15490924346463,1)
[1751]: (45.26748614052425,1)
[1752]: (45.67281462351574,1)
[1753]: (45.14364026958716,1)
[1754]: (45.84797236684967,1)
[1755]: (45.21316102997299,1)
[1756]: (45.95248798849662,1)
[1757]: (45.13579514154365,1)
[1758]: (45.35708318406322,1)
[1759]: (45.27023126334993,1)
[1760]: (45.13468848003985,1)
[1761]: (45.14483421245492,1)
[1762]: (45.37407784637762,1)
[1763]: (45.4456391080736,1)
[1764]: (45.36160370440712,1)
[1765]: (45.89947398701804,1)
[1766]: (45.2648027693966,1)
[1767]: (45.06841246494739,1)
[1768]: (45.00443496767399,1)
[1769]: (45.18912557617151,1)
[1770]: (45.14587034326465,1)
[1771]: (45.02443662857502,1)
[1772]: (46.16404852995465,1)
[1773]: (45.93598349250725,1)
[1774]: (45.55804422669348,1)
[1775]: (45.93240046207502,1)
[1776]: (45.25336218563591,1)
[1777]: (45.01690639739166,1)
[1778]: (45.13202021936706,1)
[1779]: (45.15968584273673,1)
[1780]: (45.16359889755564,1)
[1781]: (45.11020003103222,1)
[1782]: (45.08878809776035,1)
[1783]: (45.02742768009826,1)
[1784]: (45.08847819993372,1)
[1785]: (45.31457895062587,1)
[1786]: (45.4378571181802,1)
[1787]: (45.01759768966453,1)
[1788]: (46.03559259374127,1)
[1789]: (45.14917382437905,1)
[1790]: (45.34654210560425,1)
[1791]: (45.24915157432121,1)
[1792]: (45.60219156917509,1)
[1793]: (45.08433691065501,1)
[1794]: (45.53839716810951,1)
[1795]: (45.45247793835634,1)
[1796]: (45.38240949922402,1)
[1797]: (45.19043137388498,1)
[1798]: (45.46543105428799,1)
[1799]: (45.21677811919339,1)
[1800]: (45.55006826576861,1)
[1801]: (45.34933442847762,1)
[1802]: (45.25999178692831,1)
[1803]: (45.12880036902493,1)
[1804]: (45.30165056889296,1)
[1805]: (45.643089305565,1)
[1806]: (45.08954911112455,1)
[1807]: (45.1826124160767,1)
[1808]: (45.05448159085941,1)
[1809]: (45.92307930395416,1)
[1810]: (45.29384701299414,1)
[1811]: (45.36837582541686,1)
[1812]: (45.94979821903557,1)
[1813]: (46.28041658584041,1)
[1814]: (45.11372640495996,1)
[1815]: (45.20560793122964,1)
[1816]: (45.1809345671458,1)
[1817]: (45.48309841902361,1)
[1818]: (45.21777390376885,1)
[1819]: (45.63566313452509,1)
[1820]: (45.45201183475516,1)
[1821]: (45.14175809464704,1)
[1822]: (45.13094253095498,1)
[1823]: (45.02632381122228,1)
[1824]: (45.41744356494328,1)
[1825]: (45.0241958563443,1)
[1826]: (46.17581761426146,1)
[1827]: (45.24729355129291,1)
[1828]: (45.2700222767325,1)
[1829]: (45.1762356845813,1)
[1830]: (45.32290687877271,1)
[1831]: (45.07271623196652,1)
[1832]: (45.04576037082591,1)
[1833]: (45.0321888013469,1)
[1834]: (45.44553421031399,1)
[1835]: (45.54883480502073,1)
[1836]: (45.26836494890874,1)
[1837]: (45.55684382910962,1)
[1838]: (45.26618978624253,1)
[1839]: (46.0894102927678,1)
[1840]: (45.02668959782547,1)
[1841]: (45.35333046708603,1)
[1842]: (45.07133581276194,1)
[1843]: (45.6043126828683,1)
[1844]: (45.5394678742572,1)
[1845]: (45.15864742966396,1)
[1846]: (45.67248544502081,1)
[1847]: (45.01604884275311,1)
[1848]: (45.28381235704872,1)
[1849]: (45.02328903007848,1)
[1850]: (45.08259507264105,1)
[1851]: (45.15365596717268,1)
[1852]: (45.26367271251899,1)
[1853]: (45.20119059076537,1)
[1854]: (45.55651730005417,1)
[1855]: (45.30692485981444,1)
[1856]: (45.36218816237481,1)
[1857]: (45.30358768460515,1)
[1858]: (45.04082002507172,1)
[1859]: (45.09558775061762,1)
[1860]: (45.08806053582918,1)
[1861]: (45.17741100596398,1)
[1862]: (45.20025299721629,1)
[1863]: (45.14257805572565,1)
[1864]: (45.03341289158765,1)
[1865]: (45.75190794434591,1)
[1866]: (45.36117256030132,1)
[1867]: (45.10370675066838,1)
[1868]: (45.17340320954865,1)
[1869]: (45.53995118521917,1)
[1870]: (45.27280722214751,1)
[1871]: (45.12832891223565,1)
[1872]: (45.30171865804911,1)
[1873]: (45.8430093108099,1)
[1874]: (45.81208161306899,1)
[1875]: (45.49349891017446,1)
[1876]: (45.11980638505057,1)
[1877]: (45.29521487565588,1)
[1878]: (45.42898851681092,1)
[1879]: (45.22522913072361,1)
[1880]: (45.39368604631027,1)
[1881]: (45.42254824609597,1)
[1882]: (45.83721142116831,1)
[1883]: (45.58641505842949,1)
[1884]: (45.23217345664465,1)
[1885]: (45.17584674119917,1)
[1886]: (45.12353789947473,1)
[1887]: (46.00262118340213,1)
[1888]: (45.23947355907225,1)
[1889]: (45.53853972570868,1)
[1890]: (45.34850266789991,1)
[1891]: (45.08652791466486,1)
[1892]: (45.03610581794926,1)
[1893]: (45.19636093048194,1)
[1894]: (45.6628592309434,1)
[1895]: (45.06505178196655,1)
[1896]: (45.02409138308191,1)
[1897]: (45.41340507301621,1)
[1898]: (45.62915252524515,1)
[1899]: (45.64844868488763,1)
[1900]: (45.20349232428973,1)
[1901]: (45.15950760021899,1)
[1902]: (45.49550407123138,1)
[1903]: (46.11824954183566,1)
[1904]: (45.21033076205965,1)
[1905]: (45.3041587815245,1)
[1906]: (45.01370990244261,1)
[1907]: (46.52307384461623,1)
[1908]: (45.42718418431984,1)
[1909]: (45.01574688434538,1)
[1910]: (45.32066597036698,1)
[1911]: (45.06088535798273,1)
[1912]: (45.42534389476454,1)
[1913]: (45.69332163519078,1)
[1914]: (45.11022967192846,1)
[1915]: (46.13458999335312,1)
[1916]: (45.20291559912266,1)
[1917]: (45.72268852385638,1)
[1918]: (45.05835763994433,1)
[1919]: (45.67552282274534,1)
[1920]: (45.57320740776235,1)
[1921]: (45.23949145119867,1)
[1922]: (45.74223361760022,1)
[1923]: (45.20349590899259,1)
[1924]: (45.6967368418076,1)
[1925]: (45.0354000487147,1)
[1926]: (45.9234418845896,1)
[1927]: (45.32041366130816,1)
[1928]: (45.98002547531406,1)
[1929]: (45.11106904068365,1)
[1930]: (45.07914057947791,1)
[1931]: (45.10283048122097,1)
[1932]: (45.54727973292911,1)
[1933]: (45.4981049920386,1)
[1934]: (45.98457742092731,1)
[1935]: (45.03254236581474,1)
[1936]: (45.33937837494413,1)
[1937]: (45.10194772048828,1)
[1938]: (45.14056976186165,1)
[1939]: (46.5650523799155,1)
[1940]: (46.42201732584966,1)
[1941]: (45.31536337815264,1)
[1942]: (45.00711380572838,1)
[1943]: (45.59399805098008,1)
[1944]: (46.05046407128009,1)
[1945]: (45.27784833235744,1)
[1946]: (45.10800874219606,1)
[1947]: (45.30867186107105,1)
[1948]: (45.12981655685957,1)
[1949]: (45.77715145427994,1)
[1950]: (45.11247525519741,1)
[1951]: (46.18244473104028,1)
[1952]: (45.01410432147619,1)
[1953]: (45.27806242061072,1)
[1954]: (45.11136598911253,1)
[1955]: (45.3851501282106,1)
[1956]: (45.34706201065679,1)
[1957]: (45.48565068703994,1)
[1958]: (45.19956468096456,1)
[1959]: (45.34613698568493,1)
[1960]: (45.21911324610765,1)
[1961]: (45.01138213817098,1)
[1962]: (45.2703208130763,1)
[1963]: (45.66897763519678,1)
[1964]: (45.10024229242072,1)
[1965]: (45.46240392027783,1)
[1966]: (45.37052971431351,1)
[1967]: (45.66226747329175,1)
[1968]: (45.06625996794869,1)
[1969]: (45.37023188222807,1)
[1970]: (45.53695524089076,1)
[1971]: (45.45265342297715,1)
[1972]: (45.17851198403282,1)
[1973]: (45.52175482032429,1)
[1974]: (46.45662518875643,1)
[1975]: (45.00256005703303,1)
[1976]: (45.29675936158709,1)
[1977]: (45.43213959372619,1)
[1978]: (45.44002700093935,1)
[1979]: (45.77029150614553,1)
[1980]: (45.10130000640192,1)
[1981]: (45.51469089094704,1)
[1982]: (45.93638260390467,1)
[1983]: (45.65877989336251,1)
[1984]: (45.80524495673296,1)
[1985]: (45.05211786221553,1)
[1986]: (45.22502120074819,1)
[1987]: (45.51399356600781,1)
[1988]: (45.41055289244949,1)
[1989]: (45.69910706931049,1)
[1990]: (45.37153747066915,1)
[1991]: (45.03161736499751,1)
[1992]: (45.29892797029398,1)
[1993]: (45.28453836692938,1)
[1994]: (45.23526046690415,1)
[1995]: (45.08684033010432,1)
[1996]: (45.37938974438982,1)
[1997]: (45.66388876243839,1)
[1998]: (45.42954915935174,1)
[1999]: (45.13128739212126,1)
 -- States explored : 0 states
 -- CPU user time used : 46680 ms
 -- Virtual memory used : 4035724 KiB
 -- Resident memory used : 3997388 KiB
executionTime: 340
