core file size          (blocks, -c) unlimited
data seg size           (kbytes, -d) unlimited
scheduling priority             (-e) 0
file size               (blocks, -f) unlimited
pending signals                 (-i) 4077086
max locked memory       (kbytes, -l) 64
max memory size         (kbytes, -m) 32505856
open files                      (-n) 4096
pipe size            (512 bytes, -p) 8
POSIX message queues     (bytes, -q) 819200
real-time priority              (-r) 0
stack size              (kbytes, -s) 8192
cpu time               (seconds, -t) unlimited
max user processes              (-u) 4077086
virtual memory          (kbytes, -v) 31000000
file locks                      (-x) unlimited
Options for the verification:
  Generating some trace
  Search order is random depth first
  Using conservative space optimisation
  Seed is 1556720028
  State space representation uses minimal constraint systems
  Using HashMap + Compress integers for discrete state storage

Verifying formula 1 at ../queries/SP_50_110_16.q:1
 -- Formula is satisfied.
(9000 runs)
Learning statistics for best strategy: 
	Number of resets: 0
	Number of iterations in last reset: 19
	Number of iterations in total: 19

 -- States explored : 0 states
 -- CPU user time used : 729470 ms
 -- Virtual memory used : 5157196 KiB
 -- Resident memory used : 5118832 KiB

Verifying formula 2 at ../queries/SP_50_110_16.q:3
 -- Formula is satisfied.
Composer.Done:
[0]: (0,0) (33.46436795346205,1)
[1]: (32.60282019605826,1)
[2]: (32.10873552804627,1)
[3]: (32.11600312233216,1)
[4]: (32.13102190400996,1)
[5]: (32.43378182409084,1)
[6]: (32.45452635815887,1)
[7]: (32.46483939668653,1)
[8]: (32.20548557575092,1)
[9]: (32.54376062096773,1)
[10]: (32.37347703433465,1)
[11]: (32.76003807389296,1)
[12]: (32.02850347887141,1)
[13]: (32.10114016095056,1)
[14]: (32.4651280704492,1)
[15]: (32.40105938423324,1)
[16]: (32.50348082080037,1)
[17]: (32.3568753229216,1)
[18]: (32.41739580923874,1)
[19]: (32.14943060763511,1)
[20]: (32.40240751987212,1)
[21]: (32.68020888183253,1)
[22]: (32.3871585034498,1)
[23]: (32.57926478659523,1)
[24]: (33.61137147253741,1)
[25]: (32.28863113482522,1)
[26]: (32.10288456470501,1)
[27]: (32.2187495043709,1)
[28]: (32.97218566549049,1)
[29]: (32.42166315654233,1)
[30]: (32.20292307254122,1)
[31]: (33.12879162288943,1)
[32]: (32.12168861346333,1)
[33]: (32.85967854120862,1)
[34]: (32.19323842635229,1)
[35]: (32.25077998366007,1)
[36]: (32.34630916844505,1)
[37]: (32.23249931910379,1)
[38]: (32.21963165485136,1)
[39]: (32.4930997247674,1)
[40]: (32.44807785220414,1)
[41]: (32.18841889254719,1)
[42]: (32.66418720775481,1)
[43]: (32.0194097061707,1)
[44]: (32.35610728564606,1)
[45]: (32.28062661267617,1)
[46]: (32.15634124837916,1)
[47]: (32.11707538693719,1)
[48]: (32.42747195657275,1)
[49]: (33.99705561951574,1)
[50]: (32.83636066502853,1)
[51]: (32.61893313392824,1)
[52]: (32.33021853199935,1)
[53]: (32.37521582002317,1)
[54]: (32.60204518708078,1)
[55]: (33.17800748833869,1)
[56]: (32.37070480317139,1)
[57]: (32.07181997935054,1)
[58]: (32.13687890559306,1)
[59]: (32.21216701039882,1)
[60]: (32.26066168334106,1)
[61]: (32.05701190441534,1)
[62]: (32.49573501470761,1)
[63]: (32.53964840993693,1)
[64]: (32.14126777629426,1)
[65]: (32.08691839088667,1)
[66]: (32.21385229857537,1)
[67]: (32.37418681566469,1)
[68]: (32.83782805117286,1)
[69]: (32.36889663110866,1)
[70]: (32.48059939265084,1)
[71]: (32.16977432500448,1)
[72]: (32.19898808300008,1)
[73]: (32.59069508152924,1)
[74]: (32.14926791531639,1)
[75]: (32.17857026737904,1)
[76]: (33.25331645719655,1)
[77]: (33.02971847014872,1)
[78]: (32.66922351244187,1)
[79]: (32.0154214201723,1)
[80]: (32.13105762691369,1)
[81]: (32.28827986370089,1)
[82]: (32.14287784172142,1)
[83]: (32.09267499432894,1)
[84]: (32.12639707937103,1)
[85]: (32.29187755233504,1)
[86]: (32.53328461110802,1)
[87]: (32.4302101615232,1)
[88]: (32.21751372503447,1)
[89]: (32.08938815152523,1)
[90]: (32.14636376017059,1)
[91]: (33.16332589042533,1)
[92]: (32.43943631083005,1)
[93]: (32.37922926998373,1)
[94]: (32.25583203546729,1)
[95]: (32.8571605349045,1)
[96]: (32.41163980639811,1)
[97]: (32.55186857392154,1)
[98]: (32.75714219256164,1)
[99]: (33.01371939727603,1)
[100]: (32.02973113906892,1)
[101]: (32.34267333244451,1)
[102]: (32.21455049275616,1)
[103]: (32.23728237314108,1)
[104]: (32.78774213469111,1)
[105]: (32.51375917320321,1)
[106]: (32.45140637483414,1)
[107]: (32.21254269266427,1)
[108]: (34.11221496063234,1)
[109]: (32.16484698394067,1)
[110]: (32.65769092678964,1)
[111]: (32.52443018261962,1)
[112]: (32.37060009949712,1)
[113]: (32.10576524763798,1)
[114]: (32.96563304727529,1)
[115]: (32.45352374813279,1)
[116]: (32.75161781055301,1)
[117]: (32.67008736976425,1)
[118]: (32.51132645029553,1)
[119]: (32.14728140558559,1)
[120]: (33.11737920806198,1)
[121]: (32.2673045351474,1)
[122]: (32.67065611445069,1)
[123]: (32.25036228842992,1)
[124]: (32.51057333496318,1)
[125]: (32.62633369152582,1)
[126]: (33.56666544160588,1)
[127]: (32.05741434207302,1)
[128]: (32.82501057127401,1)
[129]: (32.67132114004472,1)
[130]: (33.25973603964339,1)
[131]: (32.141221380091,1)
[132]: (32.31507388390503,1)
[133]: (32.32453994218875,1)
[134]: (33.21683337427913,1)
[135]: (32.74364812965882,1)
[136]: (32.37845136426507,1)
[137]: (32.77234487828781,1)
[138]: (32.08837530286586,1)
[139]: (32.84410873402273,1)
[140]: (32.2162078766539,1)
[141]: (32.27589620469191,1)
[142]: (32.39062095629749,1)
[143]: (32.05392889723933,1)
[144]: (33.26582403204323,1)
[145]: (32.56311215516579,1)
[146]: (32.44180315444004,1)
[147]: (32.62272916781431,1)
[148]: (32.23940493391838,1)
[149]: (32.87333998841188,1)
[150]: (32.5070691762734,1)
[151]: (33.07732260370404,1)
[152]: (32.28081375294832,1)
[153]: (32.16500236209352,1)
[154]: (32.21448111894119,1)
[155]: (32.70336742362007,1)
[156]: (32.28284064113026,1)
[157]: (32.27405497320018,1)
[158]: (33.63542807564028,1)
[159]: (32.41762189507105,1)
[160]: (33.64675973329152,1)
[161]: (32.66469207925122,1)
[162]: (32.66774159241652,1)
[163]: (32.43668651979346,1)
[164]: (32.60445407547673,1)
[165]: (32.16444847441566,1)
[166]: (32.38957176165941,1)
[167]: (32.38776658274509,1)
[168]: (32.34611984346314,1)
[169]: (33.1362710883259,1)
[170]: (32.21697688957624,1)
[171]: (32.23667046328148,1)
[172]: (32.63528924502621,1)
[173]: (33.26398207833842,1)
[174]: (32.50521454345531,1)
[175]: (32.21747981409464,1)
[176]: (32.58205692119283,1)
[177]: (32.97147091754646,1)
[178]: (33.02218072634282,1)
[179]: (33.29533171209947,1)
[180]: (32.28309407863681,1)
[181]: (32.41145501396357,1)
[182]: (32.24632407058114,1)
[183]: (32.20521466707154,1)
[184]: (32.50544099361763,1)
[185]: (32.13578269691845,1)
[186]: (32.44307990809416,1)
[187]: (33.17826658378957,1)
[188]: (33.08347638813126,1)
[189]: (32.12346761921751,1)
[190]: (32.47294779574634,1)
[191]: (32.96429585131367,1)
[192]: (32.72348656826087,1)
[193]: (32.45212565412296,1)
[194]: (32.29795660934994,1)
[195]: (32.23167402941883,1)
[196]: (33.5789507935574,1)
[197]: (32.13151411844558,1)
[198]: (32.42964722938781,1)
[199]: (32.91675051073398,1)
[200]: (32.41763423360577,1)
[201]: (32.44302321636948,1)
[202]: (32.33519607488632,1)
[203]: (32.58955524748234,1)
[204]: (32.63911129373231,1)
[205]: (32.17107875593652,1)
[206]: (32.75391593705052,1)
[207]: (33.45172523710909,1)
[208]: (32.48883489920642,1)
[209]: (32.14037471329928,1)
[210]: (32.04270685551172,1)
[211]: (32.22790898819644,1)
[212]: (32.11537532550365,1)
[213]: (32.13911475768638,1)
[214]: (33.31527282451571,1)
[215]: (32.21653069205428,1)
[216]: (32.31332132860305,1)
[217]: (32.5220147660908,1)
[218]: (32.52107200854734,1)
[219]: (32.42111279735902,1)
[220]: (32.32416745886423,1)
[221]: (32.28888827494437,1)
[222]: (32.33217263950437,1)
[223]: (32.08160199016759,1)
[224]: (32.05389675516484,1)
[225]: (33.70004382015703,1)
[226]: (33.14283228756705,1)
[227]: (32.19212166995755,1)
[228]: (32.31768443580959,1)
[229]: (32.55580116162384,1)
[230]: (32.24491757450439,1)
[231]: (32.82675736426631,1)
[232]: (32.1861095311553,1)
[233]: (32.13323046440318,1)
[234]: (32.20244636861759,1)
[235]: (32.1934575867152,1)
[236]: (32.24906721757442,1)
[237]: (32.18883604383435,1)
[238]: (33.17733649234773,1)
[239]: (32.34725636839006,1)
[240]: (32.68620766860827,1)
[241]: (32.49665599995571,1)
[242]: (33.20697483326055,1)
[243]: (32.14175635945308,1)
[244]: (32.25114492378704,1)
[245]: (32.04066838609491,1)
[246]: (32.02661291813885,1)
[247]: (32.29751118887665,1)
[248]: (33.67452172809353,1)
[249]: (33.03481518157318,1)
[250]: (32.2308538110434,1)
[251]: (32.86997435717489,1)
[252]: (32.55589864309941,1)
[253]: (32.78247108575784,1)
[254]: (32.21043545942738,1)
[255]: (32.26710176983757,1)
[256]: (32.20580375554986,1)
[257]: (32.25878692894042,1)
[258]: (32.41365771083836,1)
[259]: (32.26481722542082,1)
[260]: (32.23397636887664,1)
[261]: (32.26961384102481,1)
[262]: (32.33176081752828,1)
[263]: (32.82090028015262,1)
[264]: (32.56284456764981,1)
[265]: (32.42071906563923,1)
[266]: (32.36640955073121,1)
[267]: (32.40700639609524,1)
[268]: (32.64730447538237,1)
[269]: (32.17805282328406,1)
[270]: (32.22947745919041,1)
[271]: (32.76356571299738,1)
[272]: (32.31668686173272,1)
[273]: (32.59052389221187,1)
[274]: (32.07372617202024,1)
[275]: (32.12571067896949,1)
[276]: (32.86170641308605,1)
[277]: (32.2683863964545,1)
[278]: (32.46043736659205,1)
[279]: (32.8256859106293,1)
[280]: (33.19943445751744,1)
[281]: (33.2680625319007,1)
[282]: (33.30157755344478,1)
[283]: (32.31862772583443,1)
[284]: (32.32519078261564,1)
[285]: (32.61019512557818,1)
[286]: (33.12752460476256,1)
[287]: (32.59317796715517,1)
[288]: (32.19732529058479,1)
[289]: (34.15457553791057,1)
[290]: (32.49325532607994,1)
[291]: (32.06731662746163,1)
[292]: (33.21781969919583,1)
[293]: (32.54753637397484,1)
[294]: (32.34728006627121,1)
[295]: (32.33909053598215,1)
[296]: (32.14299791618421,1)
[297]: (32.33891694651084,1)
[298]: (32.82867537144957,1)
[299]: (32.36391716892955,1)
[300]: (32.05499061217615,1)
[301]: (32.6896294677783,1)
[302]: (32.86858627820055,1)
[303]: (32.84691806799499,1)
[304]: (32.42173339960254,1)
[305]: (32.3890817483571,1)
[306]: (33.14800752598588,1)
[307]: (32.43418837794599,1)
[308]: (32.3923875480882,1)
[309]: (32.18710657566991,1)
[310]: (32.27025345445606,1)
[311]: (32.79267289926289,1)
[312]: (32.30102238524947,1)
[313]: (32.74954493942099,1)
[314]: (32.55583583672937,1)
[315]: (32.90641907858372,1)
[316]: (32.31123777435163,1)
[317]: (32.12720243014856,1)
[318]: (32.80336647400136,1)
[319]: (33.0546113312383,1)
[320]: (32.34928567657362,1)
[321]: (32.09485177528668,1)
[322]: (32.45976099979681,1)
[323]: (33.37934608309299,1)
[324]: (32.30541318757832,1)
[325]: (32.39218058710355,1)
[326]: (32.55916050354836,1)
[327]: (32.91145409996638,1)
[328]: (32.60408954422635,1)
[329]: (32.08288268491962,1)
[330]: (32.30075240545408,1)
[331]: (33.3122998059288,1)
[332]: (32.19215800933047,1)
[333]: (32.06526849289168,1)
[334]: (32.06884627226889,1)
[335]: (32.09658178412808,1)
[336]: (32.35050939698535,1)
[337]: (32.81039340899358,1)
[338]: (32.29518210138553,1)
[339]: (32.50014278538246,1)
[340]: (32.41476770992855,1)
[341]: (32.36179224158655,1)
[342]: (32.36816742246309,1)
[343]: (32.30663806462209,1)
[344]: (32.41023402208507,1)
[345]: (32.71037234400787,1)
[346]: (32.9540295635792,1)
[347]: (32.22423968645178,1)
[348]: (32.40308044746353,1)
[349]: (32.85587832790441,1)
[350]: (32.38159312093867,1)
[351]: (32.09429085082296,1)
[352]: (32.20912649764976,1)
[353]: (32.95509272115563,1)
[354]: (32.22331575422584,1)
[355]: (33.76986448401629,1)
[356]: (32.36996235026822,1)
[357]: (32.54738587708574,1)
[358]: (32.16152265258092,1)
[359]: (32.81996515251545,1)
[360]: (32.58935107710977,1)
[361]: (32.36548476955296,1)
[362]: (32.14534555064603,1)
[363]: (32.70857720621587,1)
[364]: (32.37470544897808,1)
[365]: (32.88031736625457,1)
[366]: (32.04612520697142,1)
[367]: (32.9725583405348,1)
[368]: (32.77032796709321,1)
[369]: (32.32395111230613,1)
[370]: (32.11087640322598,1)
[371]: (32.08090844212794,1)
[372]: (32.41894182295231,1)
[373]: (32.31528615374243,1)
[374]: (32.34022889799436,1)
[375]: (33.36797036405257,1)
[376]: (32.03542040483472,1)
[377]: (32.46026389222349,1)
[378]: (32.3740431112065,1)
[379]: (32.52697121682439,1)
[380]: (32.62653301239607,1)
[381]: (32.42625279332421,1)
[382]: (33.79239135223137,1)
[383]: (33.4040975497185,1)
[384]: (32.7757640856317,1)
[385]: (32.32801442035215,1)
[386]: (32.29345371031831,1)
[387]: (32.57609008076206,1)
[388]: (32.20184432592834,1)
[389]: (32.57524874631215,1)
[390]: (33.02043167281487,1)
[391]: (32.77365045977506,1)
[392]: (33.0165999096764,1)
[393]: (32.20176001538339,1)
[394]: (32.84788807606544,1)
[395]: (32.24779831362748,1)
[396]: (32.19510197740946,1)
[397]: (32.42593427339413,1)
[398]: (32.55741245517746,1)
[399]: (32.65965602443897,1)
[400]: (32.69343340452069,1)
[401]: (32.47481727771626,1)
[402]: (32.55279360830901,1)
[403]: (32.55493493796682,1)
[404]: (32.65722219488791,1)
[405]: (32.21678696993477,1)
[406]: (32.34769678252606,1)
[407]: (32.7915484543731,1)
[408]: (32.12440955477896,1)
[409]: (33.6331810017815,1)
[410]: (32.84807976584167,1)
[411]: (32.33269158994322,1)
[412]: (32.14794394657899,1)
[413]: (32.17529372784792,1)
[414]: (32.08733906668893,1)
[415]: (32.22784050240143,1)
[416]: (32.25165955495363,1)
[417]: (32.69032126928212,1)
[418]: (33.1635608064834,1)
[419]: (32.14724571915551,1)
[420]: (32.46266341490109,1)
[421]: (32.49479420067418,1)
[422]: (32.61952030090134,1)
[423]: (32.3582077130754,1)
[424]: (32.23892424396278,1)
[425]: (32.32358946953384,1)
[426]: (32.11912730099356,1)
[427]: (32.62219867869067,1)
[428]: (33.07044178920373,1)
[429]: (32.50687681340362,1)
[430]: (32.34173068825508,1)
[431]: (32.28067002292188,1)
[432]: (32.36621884678396,1)
[433]: (33.39529307713667,1)
[434]: (32.75102139905828,1)
[435]: (32.15257486735484,1)
[436]: (32.28837294832427,1)
[437]: (32.33244927551735,1)
[438]: (32.29959876403724,1)
[439]: (32.19378781664944,1)
[440]: (32.78862554424675,1)
[441]: (32.23727170140788,1)
[442]: (32.57254598277781,1)
[443]: (32.77193465978136,1)
[444]: (32.24141612829892,1)
[445]: (32.52972716409547,1)
[446]: (32.6383582927104,1)
[447]: (33.51153737142416,1)
[448]: (32.54098282852499,1)
[449]: (32.37705653765692,1)
[450]: (32.62019387999241,1)
[451]: (32.1489070348059,1)
[452]: (32.28273772235497,1)
[453]: (32.19699733298684,1)
[454]: (32.74240252862931,1)
[455]: (33.33249070851617,1)
[456]: (33.02114254981449,1)
[457]: (32.48376747697643,1)
[458]: (32.18072922198817,1)
[459]: (32.62016775919324,1)
[460]: (33.19895614116507,1)
[461]: (32.38496716760762,1)
[462]: (32.3804520123016,1)
[463]: (32.80937602451915,1)
[464]: (32.50159861422014,1)
[465]: (32.48126700182838,1)
[466]: (32.24226726694577,1)
[467]: (32.96878820482875,1)
[468]: (32.49733172123839,1)
[469]: (32.46980896898717,1)
[470]: (32.62739531448874,1)
[471]: (32.40937015469557,1)
[472]: (33.07435106950845,1)
[473]: (32.21995016206957,1)
[474]: (32.35697496247393,1)
[475]: (32.04488655366701,1)
[476]: (32.82085914883373,1)
[477]: (32.74732391154743,1)
[478]: (32.72597081757218,1)
[479]: (32.26111121484078,1)
[480]: (32.94080346385537,1)
[481]: (32.39686630761472,1)
[482]: (32.75684505860588,1)
[483]: (32.23735477450261,1)
[484]: (32.84872398687433,1)
[485]: (32.29428773482787,1)
[486]: (32.84467049216173,1)
[487]: (32.59818079389143,1)
[488]: (32.38024134332271,1)
[489]: (32.30437004635592,1)
[490]: (32.31334917665743,1)
[491]: (32.27901884341057,1)
[492]: (32.61991545964099,1)
[493]: (32.25410511550766,1)
[494]: (32.58647257442001,1)
[495]: (33.4894404989817,1)
[496]: (32.21844856386458,1)
[497]: (32.16305049555177,1)
[498]: (32.20263980417368,1)
[499]: (32.18418886459975,1)
[500]: (32.51078355416729,1)
[501]: (32.26073001373285,1)
[502]: (32.15050354412728,1)
[503]: (32.25275548093425,1)
[504]: (32.19282143363661,1)
[505]: (32.15281563125431,1)
[506]: (32.08632214958369,1)
[507]: (32.83274499447784,1)
[508]: (32.17458492462118,1)
[509]: (32.09991392829263,1)
[510]: (32.11888518698544,1)
[511]: (32.44744003042388,1)
[512]: (32.39703417579817,1)
[513]: (32.39389446798337,1)
[514]: (32.32323237041544,1)
[515]: (32.58266605475526,1)
[516]: (32.95203339261504,1)
[517]: (32.37587087030033,1)
[518]: (33.24070024988874,1)
[519]: (32.37865365480314,1)
[520]: (32.93394179710182,1)
[521]: (32.42216642334453,1)
[522]: (32.36024543428202,1)
[523]: (32.01881521871521,1)
[524]: (32.39359953010236,1)
[525]: (32.28292533756934,1)
[526]: (32.33308259160628,1)
[527]: (32.29856492724382,1)
[528]: (33.07884386425847,1)
[529]: (32.49811196591145,1)
[530]: (32.40346833970434,1)
[531]: (32.4757115546935,1)
[532]: (32.7219831798576,1)
[533]: (32.81223232176747,1)
[534]: (32.21932568083512,1)
[535]: (32.33691629399042,1)
[536]: (32.50355884111912,1)
[537]: (32.17169267713101,1)
[538]: (32.2662936045456,1)
[539]: (32.42464302302768,1)
[540]: (32.58454239531526,1)
[541]: (32.37179935538715,1)
[542]: (32.38211990917787,1)
[543]: (32.06927001522082,1)
[544]: (33.54748607690362,1)
[545]: (32.79239673565699,1)
[546]: (32.24297904626598,1)
[547]: (32.83997058215779,1)
[548]: (32.35310395958863,1)
[549]: (32.83272181179921,1)
[550]: (33.71469572219614,1)
[551]: (32.10107885112205,1)
[552]: (32.10028524561315,1)
[553]: (33.37064652504834,1)
[554]: (32.28904587933535,1)
[555]: (33.30960579239221,1)
[556]: (32.27042464925589,1)
[557]: (32.44802534404615,1)
[558]: (32.71518534841046,1)
[559]: (33.07581952504295,1)
[560]: (32.34793706525006,1)
[561]: (32.66787473808322,1)
[562]: (32.39217818603606,1)
[563]: (32.5007361647119,1)
[564]: (32.29434376760668,1)
[565]: (32.7096012492124,1)
[566]: (33.24189321066639,1)
[567]: (32.93625589993032,1)
[568]: (32.1151416320991,1)
[569]: (32.79043270002162,1)
[570]: (32.46650464460561,1)
[571]: (33.0046992814607,1)
[572]: (32.51708128560626,1)
[573]: (32.81623167879057,1)
[574]: (32.21526703507828,1)
[575]: (32.46520549066742,1)
[576]: (32.67681617522906,1)
[577]: (33.34002334998254,1)
[578]: (32.33421655241786,1)
[579]: (32.21387574345044,1)
[580]: (32.46629162177398,1)
[581]: (32.22557624744981,1)
[582]: (32.26666307666772,1)
[583]: (32.48179833840284,1)
[584]: (32.59318574246821,1)
[585]: (32.27178790252368,1)
[586]: (32.20400934089578,1)
[587]: (33.37563119158641,1)
[588]: (32.22074849252559,1)
[589]: (32.50623497595635,1)
[590]: (32.63832464256593,1)
[591]: (32.27918709930115,1)
[592]: (32.39526799450663,1)
[593]: (32.12545800425289,1)
[594]: (32.34194912840702,1)
[595]: (32.44929676958011,1)
[596]: (32.70764758097501,1)
[597]: (32.24854172918523,1)
[598]: (32.44921511481686,1)
[599]: (32.27058305015136,1)
[600]: (32.7158877048612,1)
[601]: (32.52443450908341,1)
[602]: (33.54365063869624,1)
[603]: (32.54487602948798,1)
[604]: (32.27935792107225,1)
[605]: (33.23896063092795,1)
[606]: (32.60798544517311,1)
[607]: (32.62639751365482,1)
[608]: (32.2011935009104,1)
[609]: (32.14375774393076,1)
[610]: (32.4771456835825,1)
[611]: (32.75332314177627,1)
[612]: (32.23622015900577,1)
[613]: (32.45330960806675,1)
[614]: (32.21919578610676,1)
[615]: (32.18071369865476,1)
[616]: (32.38360648125807,1)
[617]: (32.73422894456401,1)
[618]: (32.07900891047766,1)
[619]: (32.21828702159672,1)
[620]: (32.24452470569985,1)
[621]: (32.28012843993812,1)
[622]: (32.08593276268715,1)
[623]: (32.29888893054824,1)
[624]: (32.24901680721993,1)
[625]: (32.2932015375541,1)
[626]: (32.03887799196748,1)
[627]: (32.54746021859104,1)
[628]: (32.16717616937895,1)
[629]: (32.14130432635153,1)
[630]: (32.09532694683206,1)
[631]: (32.28271968094348,1)
[632]: (32.59908782665019,1)
[633]: (32.62937810554646,1)
[634]: (32.28704878121814,1)
[635]: (32.14267090344035,1)
[636]: (32.3356858313972,1)
[637]: (32.90777913252096,1)
[638]: (32.92974065556871,1)
[639]: (32.63854665255263,1)
[640]: (33.29238541493946,1)
[641]: (32.92360814145395,1)
[642]: (32.33079765956573,1)
[643]: (33.63147036593696,1)
[644]: (32.06519880846595,1)
[645]: (32.38600294783189,1)
[646]: (32.35726013976156,1)
[647]: (32.47857816642696,1)
[648]: (32.43326023490206,1)
[649]: (33.52749277448221,1)
[650]: (32.25464873414806,1)
[651]: (33.46115359604541,1)
[652]: (32.95322832395124,1)
[653]: (32.89132171232325,1)
[654]: (32.60845699867275,1)
[655]: (32.88952535439606,1)
[656]: (32.1503605755987,1)
[657]: (32.27415884207667,1)
[658]: (32.21697760284088,1)
[659]: (32.18290775302457,1)
[660]: (32.16979322740381,1)
[661]: (32.26562256909854,1)
[662]: (32.54938895598168,1)
[663]: (32.64679306242189,1)
[664]: (32.96908243033933,1)
[665]: (32.29781772592067,1)
[666]: (32.11779894630436,1)
[667]: (32.09107957855978,1)
[668]: (32.16938884785336,1)
[669]: (32.34357535123514,1)
[670]: (32.70882097959836,1)
[671]: (32.36178525186546,1)
[672]: (32.4169481319006,1)
[673]: (32.59126864929983,1)
[674]: (32.09791025642926,1)
[675]: (33.13865920695824,1)
[676]: (32.453703671365,1)
[677]: (32.57218073998997,1)
[678]: (32.89932203682007,1)
[679]: (32.59336061838171,1)
[680]: (32.87834022715279,1)
[681]: (32.24885234850564,1)
[682]: (32.40577444553541,1)
[683]: (33.22147072944068,1)
[684]: (32.17764694223755,1)
[685]: (32.362354733633,1)
[686]: (32.1037950737455,1)
[687]: (32.45567052182284,1)
[688]: (32.22179615349724,1)
[689]: (33.14946219563644,1)
[690]: (32.12651440218566,1)
[691]: (32.41886034863462,1)
[692]: (32.29517524833835,1)
[693]: (32.12879480816213,1)
[694]: (32.28350358332604,1)
[695]: (32.62356881251411,1)
[696]: (32.89606524574181,1)
[697]: (32.49251947978902,1)
[698]: (33.68247958296045,1)
[699]: (32.11254479993703,1)
[700]: (32.57994569692799,1)
[701]: (32.23598496176734,1)
[702]: (32.34679646508852,1)
[703]: (32.37158510081161,1)
[704]: (32.59811256051486,1)
[705]: (32.53242913505241,1)
[706]: (32.60002826209324,1)
[707]: (32.09468523733127,1)
[708]: (33.11218545561808,1)
[709]: (32.11917502146297,1)
[710]: (32.55961694900209,1)
[711]: (32.12824137318791,1)
[712]: (32.03838446249203,1)
[713]: (33.20965988914432,1)
[714]: (32.95871576123671,1)
[715]: (32.28817979114783,1)
[716]: (32.41841358702813,1)
[717]: (32.23683152257893,1)
[718]: (32.64520193182535,1)
[719]: (33.35826521745086,1)
[720]: (32.90498823165863,1)
[721]: (32.36749140072347,1)
[722]: (32.93516850874788,1)
[723]: (32.76488407832895,1)
[724]: (32.69723676559198,1)
[725]: (32.259960316655,1)
[726]: (32.47325569044314,1)
[727]: (32.08795571372262,1)
[728]: (32.14651846413624,1)
[729]: (32.7061038000015,1)
[730]: (32.06851175106546,1)
[731]: (32.42962598178381,1)
[732]: (32.91070472667245,1)
[733]: (32.15382433291673,1)
[734]: (32.78379616414323,1)
[735]: (33.18382965409332,1)
[736]: (32.11448989651434,1)
[737]: (32.43540415649979,1)
[738]: (32.67743008951984,1)
[739]: (32.08933696634775,1)
[740]: (32.21256930981276,1)
[741]: (32.79997983413791,1)
[742]: (32.07251578667847,1)
[743]: (32.57469990857236,1)
[744]: (32.60171431354293,1)
[745]: (32.09465882252009,1)
[746]: (32.21835522723207,1)
[747]: (32.84043014423057,1)
[748]: (32.26285030609981,1)
[749]: (32.28438652297064,1)
[750]: (32.8081673498054,1)
[751]: (32.41884529058687,1)
[752]: (32.47951779300193,1)
[753]: (32.39558945043002,1)
[754]: (32.63276902096512,1)
[755]: (32.34617607985477,1)
[756]: (32.56097814083567,1)
[757]: (32.965650956861,1)
[758]: (32.30832583540218,1)
[759]: (32.69712603032745,1)
[760]: (32.58455908055267,1)
[761]: (32.69658888913735,1)
[762]: (32.73938454562314,1)
[763]: (33.3377174506044,1)
[764]: (32.18377380212122,1)
[765]: (32.18246749259168,1)
[766]: (32.1768758823535,1)
[767]: (32.46423672821841,1)
[768]: (32.9640722437878,1)
[769]: (32.05136885939117,1)
[770]: (32.85443542110621,1)
[771]: (32.69895380375347,1)
[772]: (32.84309408591576,1)
[773]: (32.55072583214284,1)
[774]: (32.43647864995058,1)
[775]: (32.25845203071518,1)
[776]: (32.35050852213563,1)
[777]: (32.67596431792554,1)
[778]: (32.68531226186548,1)
[779]: (32.07888818018929,1)
[780]: (32.2849423209839,1)
[781]: (32.22586609451355,1)
[782]: (32.61787173699608,1)
[783]: (32.37023668758771,1)
[784]: (32.61217875886409,1)
[785]: (32.57320590716873,1)
[786]: (32.78703528272369,1)
[787]: (32.69115297852858,1)
[788]: (32.15808670593554,1)
[789]: (32.15702779185597,1)
[790]: (32.42735007757788,1)
[791]: (32.21192874588254,1)
[792]: (32.16959373599848,1)
[793]: (32.21252491169447,1)
[794]: (33.18904474639852,1)
[795]: (32.27295862556891,1)
[796]: (32.59391434922627,1)
[797]: (32.01944798331655,1)
[798]: (32.73329004646879,1)
[799]: (32.35312922998052,1)
[800]: (32.55738612425886,1)
[801]: (32.2649366311146,1)
[802]: (32.64900771109311,1)
[803]: (32.53192208901956,1)
[804]: (32.66761508659631,1)
[805]: (32.86514956936065,1)
[806]: (32.13570578427822,1)
[807]: (32.39533244916932,1)
[808]: (32.45573365027169,1)
[809]: (32.22546904703442,1)
[810]: (32.58448212654152,1)
[811]: (32.33150289250629,1)
[812]: (32.7679716681868,1)
[813]: (32.07281014904844,1)
[814]: (32.4981034679798,1)
[815]: (32.5550682623558,1)
[816]: (33.16510466154125,1)
[817]: (32.06313050795895,1)
[818]: (32.02522432646521,1)
[819]: (32.46339890513286,1)
[820]: (32.3315249455742,1)
[821]: (32.44909111258934,1)
[822]: (32.45262585210417,1)
[823]: (32.40033273593986,1)
[824]: (32.20945576663887,1)
[825]: (32.40954380340191,1)
[826]: (32.24317665933835,1)
[827]: (32.17803815771889,1)
[828]: (32.3297559817965,1)
[829]: (33.52363721394489,1)
[830]: (32.52647240110586,1)
[831]: (32.41651775439205,1)
[832]: (33.21944046330137,1)
[833]: (33.01418841721592,1)
[834]: (33.01760086009515,1)
[835]: (32.50887818246979,1)
[836]: (32.28503041635631,1)
[837]: (32.86250687463033,1)
[838]: (32.28647650469452,1)
[839]: (32.28001870109941,1)
[840]: (32.70046045323144,1)
[841]: (32.85816648397635,1)
[842]: (32.17496092395216,1)
[843]: (32.42242115230028,1)
[844]: (33.43764206589459,1)
[845]: (32.43028997939297,1)
[846]: (32.0049774119758,1)
[847]: (32.77774678589021,1)
[848]: (32.4395985133363,1)
[849]: (32.38451401561044,1)
[850]: (32.27574824872568,1)
[851]: (32.62037598128809,1)
[852]: (32.74216032109716,1)
[853]: (32.54176218282083,1)
[854]: (32.65869464990377,1)
[855]: (33.06017335877418,1)
[856]: (32.10311596100396,1)
[857]: (32.26041359188697,1)
[858]: (33.93081440203893,1)
[859]: (32.45035373148536,1)
[860]: (32.7542895754109,1)
[861]: (32.75997085796014,1)
[862]: (32.3961999661411,1)
[863]: (32.33074004465507,1)
[864]: (32.05669009023617,1)
[865]: (33.04712772365745,1)
[866]: (32.16274593008398,1)
[867]: (32.5383269419028,1)
[868]: (32.86867795084908,1)
[869]: (32.22120984759666,1)
[870]: (32.64012221676934,1)
[871]: (32.547348648178,1)
[872]: (32.86028279121709,1)
[873]: (33.69834378644024,1)
[874]: (32.90954459405342,1)
[875]: (32.17895358430277,1)
[876]: (32.07580841847257,1)
[877]: (32.43044924517856,1)
[878]: (32.18986625989566,1)
[879]: (33.13721219185571,1)
[880]: (32.42025322894855,1)
[881]: (32.15066992676165,1)
[882]: (32.31181818855357,1)
[883]: (32.21661259609096,1)
[884]: (32.67358018850003,1)
[885]: (32.05396671799981,1)
[886]: (32.23618497231821,1)
[887]: (32.67146579447977,1)
[888]: (33.22337004732235,1)
[889]: (32.53998602267572,1)
[890]: (32.29634167261607,1)
[891]: (33.20860776535376,1)
[892]: (32.43359546616468,1)
[893]: (32.46207332006431,1)
[894]: (32.68154814879046,1)
[895]: (32.25097470075653,1)
[896]: (33.09209235149142,1)
[897]: (32.20025947947754,1)
[898]: (32.45862784241125,1)
[899]: (32.82881384715397,1)
[900]: (32.58639858246708,1)
[901]: (32.44421797686957,1)
[902]: (32.7735655850058,1)
[903]: (32.10336699774606,1)
[904]: (32.81526863981976,1)
[905]: (32.21312676746516,1)
[906]: (32.09482437620414,1)
[907]: (32.36215100342114,1)
[908]: (32.56180620595939,1)
[909]: (32.0815525171624,1)
[910]: (32.32649177535687,1)
[911]: (32.27742090349668,1)
[912]: (32.38537085565888,1)
[913]: (32.17422449117347,1)
[914]: (32.23613205068421,1)
[915]: (32.13795220235465,1)
[916]: (32.17054966596075,1)
[917]: (32.54253903673936,1)
[918]: (32.31074918171021,1)
[919]: (32.44964346087608,1)
[920]: (32.89345362601958,1)
[921]: (32.14381374647088,1)
[922]: (32.47492257241022,1)
[923]: (32.1482004149375,1)
[924]: (32.73866282775029,1)
[925]: (32.4185121663673,1)
[926]: (32.15217764387404,1)
[927]: (32.17861524414771,1)
[928]: (32.74135163458014,1)
[929]: (32.14447950526107,1)
[930]: (32.80551169167573,1)
[931]: (32.83643334870239,1)
[932]: (32.40811643338166,1)
[933]: (32.20121920694584,1)
[934]: (32.30841919490413,1)
[935]: (32.6647697210261,1)
[936]: (32.25278324487471,1)
[937]: (32.50915872676902,1)
[938]: (32.12440919368881,1)
[939]: (32.5561608264092,1)
[940]: (32.26865798346712,1)
[941]: (33.05799443815184,1)
[942]: (33.32819109205161,1)
[943]: (32.23356269679037,1)
[944]: (33.22448066824474,1)
[945]: (32.1629596722223,1)
[946]: (32.9908608947291,1)
[947]: (32.13421070144793,1)
[948]: (32.45196386524733,1)
[949]: (33.3750546061387,1)
[950]: (32.11634772301147,1)
[951]: (32.33382423977222,1)
[952]: (32.39582919104284,1)
[953]: (32.56280931839511,1)
[954]: (32.45086590456634,1)
[955]: (32.29160179377843,1)
[956]: (33.05441275978808,1)
[957]: (32.69591524058484,1)
[958]: (32.56708007028291,1)
[959]: (32.18694575475782,1)
[960]: (32.25029041455074,1)
[961]: (32.68231909354587,1)
[962]: (32.50620183913555,1)
[963]: (32.49140112847618,1)
[964]: (32.65008742442666,1)
[965]: (32.35765836426874,1)
[966]: (32.5512430561367,1)
[967]: (32.20714472126392,1)
[968]: (32.58584494312464,1)
[969]: (32.49283728814503,1)
[970]: (32.7299409876611,1)
[971]: (32.68552350801226,1)
[972]: (32.87567647476428,1)
[973]: (32.31673644503446,1)
[974]: (33.34811975602617,1)
[975]: (32.9132491947685,1)
[976]: (32.10512780851868,1)
[977]: (32.16433949548799,1)
[978]: (32.21611225718717,1)
[979]: (33.12701615466633,1)
[980]: (32.93472542077505,1)
[981]: (33.30301078378471,1)
[982]: (32.82747698715413,1)
[983]: (32.25775346938014,1)
[984]: (32.31981557436482,1)
[985]: (32.09464079090893,1)
[986]: (32.51473688070422,1)
[987]: (33.37741838014934,1)
[988]: (32.08636196462125,1)
[989]: (32.6486471046322,1)
[990]: (32.2605588660009,1)
[991]: (34.26640412848889,1)
[992]: (32.87490076327912,1)
[993]: (32.18279350034405,1)
[994]: (32.94545052974848,1)
[995]: (33.02555955024456,1)
[996]: (32.42712676804734,1)
[997]: (32.48515442678862,1)
[998]: (32.88216896269297,1)
[999]: (32.91572214386918,1)
[1000]: (32.31793840353539,1)
[1001]: (33.14191157826062,1)
[1002]: (32.45241944344982,1)
[1003]: (32.45597908502648,1)
[1004]: (32.07740350449152,1)
[1005]: (32.33433984834398,1)
[1006]: (33.14202396300607,1)
[1007]: (32.13305062732127,1)
[1008]: (32.69298775010773,1)
[1009]: (32.33907104657488,1)
[1010]: (32.29549848047189,1)
[1011]: (32.16744079588675,1)
[1012]: (32.89080829437324,1)
[1013]: (32.24633660170129,1)
[1014]: (32.10211569856737,1)
[1015]: (32.16558069242657,1)
[1016]: (32.56423535818548,1)
[1017]: (32.8032098444911,1)
[1018]: (32.44205732744917,1)
[1019]: (32.65381035277791,1)
[1020]: (32.18393058536516,1)
[1021]: (33.32793409264712,1)
[1022]: (32.20234617025009,1)
[1023]: (32.33617444825272,1)
[1024]: (32.10146969847106,1)
[1025]: (32.6538607530185,1)
[1026]: (32.17565336188905,1)
[1027]: (32.40480295111281,1)
[1028]: (32.4221712173707,1)
[1029]: (32.10325519426704,1)
[1030]: (32.68296773969432,1)
[1031]: (32.58919815498712,1)
[1032]: (33.59063507703361,1)
[1033]: (32.51379469533526,1)
[1034]: (32.32718094734716,1)
[1035]: (32.75506421947836,1)
[1036]: (32.20904755379702,1)
[1037]: (32.94725566547712,1)
[1038]: (32.27301382285627,1)
[1039]: (32.37074169747421,1)
[1040]: (32.32478379833787,1)
[1041]: (32.4006782760932,1)
[1042]: (32.2481744724603,1)
[1043]: (32.31849329318619,1)
[1044]: (32.59714870900439,1)
[1045]: (32.13573480658945,1)
[1046]: (32.35094597711679,1)
[1047]: (32.51235461720543,1)
[1048]: (32.14908702920462,1)
[1049]: (32.80518111241567,1)
[1050]: (32.64440233950948,1)
[1051]: (32.4667022241616,1)
[1052]: (32.5001798350135,1)
[1053]: (32.16659517345722,1)
[1054]: (32.63649828451955,1)
[1055]: (32.62344443385062,1)
[1056]: (33.07027229210946,1)
[1057]: (32.14173260069633,1)
[1058]: (32.52547966552699,1)
[1059]: (32.18906662080627,1)
[1060]: (32.95715686304725,1)
[1061]: (32.55341833408711,1)
[1062]: (32.61146769864713,1)
[1063]: (33.1722718082063,1)
[1064]: (32.1922022376443,1)
[1065]: (32.58737861022075,1)
[1066]: (32.56591343812845,1)
[1067]: (32.55661256367169,1)
[1068]: (32.928529723344,1)
[1069]: (32.47108642139997,1)
[1070]: (32.19203562143523,1)
[1071]: (32.24087099177789,1)
[1072]: (32.62471838754733,1)
[1073]: (32.40673617006549,1)
[1074]: (32.78679515584855,1)
[1075]: (32.64880911187191,1)
[1076]: (32.22731979567457,1)
[1077]: (32.15090408837319,1)
[1078]: (32.41517447614913,1)
[1079]: (32.45685790525722,1)
[1080]: (32.14421624815169,1)
[1081]: (32.34154802378732,1)
[1082]: (32.43329686878669,1)
[1083]: (32.33527497630241,1)
[1084]: (32.54189871756174,1)
[1085]: (32.39073304878634,1)
[1086]: (32.89838924505164,1)
[1087]: (32.21801110354678,1)
[1088]: (32.21104635032568,1)
[1089]: (33.0766796769563,1)
[1090]: (32.35921949960758,1)
[1091]: (33.0044671338166,1)
[1092]: (32.33010804623246,1)
[1093]: (32.61219863856364,1)
[1094]: (32.34540248380286,1)
[1095]: (34.21243221740649,1)
[1096]: (32.2655683758201,1)
[1097]: (32.33875809627449,1)
[1098]: (32.45379261898947,1)
[1099]: (32.24047051069154,1)
[1100]: (32.44067912651926,1)
[1101]: (32.58028368475109,1)
[1102]: (32.23643665761826,1)
[1103]: (32.17084647260945,1)
[1104]: (32.52463592311504,1)
[1105]: (32.74790487043649,1)
[1106]: (32.21610393577934,1)
[1107]: (32.17787032289721,1)
[1108]: (32.8454479613913,1)
[1109]: (32.1652342381402,1)
[1110]: (32.19532937122818,1)
[1111]: (32.56561926420031,1)
[1112]: (32.21274623291226,1)
[1113]: (32.81458558878381,1)
[1114]: (32.31701874205468,1)
[1115]: (32.59019275713134,1)
[1116]: (32.64714191586857,1)
[1117]: (32.26651766660965,1)
[1118]: (32.31095641507302,1)
[1119]: (32.62569960344832,1)
[1120]: (32.42298338172841,1)
[1121]: (32.09199411173987,1)
[1122]: (32.79933090053625,1)
[1123]: (33.00523098056205,1)
[1124]: (32.84252708887764,1)
[1125]: (32.66346464611711,1)
[1126]: (33.77632785790271,1)
[1127]: (32.14428764949695,1)
[1128]: (32.45483696560844,1)
[1129]: (32.73267541143576,1)
[1130]: (32.20103866578003,1)
[1131]: (32.91058856925034,1)
[1132]: (32.70551856252294,1)
[1133]: (32.1652038037339,1)
[1134]: (32.32861459828807,1)
[1135]: (32.45393357334358,1)
[1136]: (33.73120411226141,1)
[1137]: (32.52414652442178,1)
[1138]: (33.03373587993875,1)
[1139]: (32.05400615117554,1)
[1140]: (32.30497794105351,1)
[1141]: (32.42524814662686,1)
[1142]: (33.25893752003068,1)
[1143]: (32.20928041402806,1)
[1144]: (32.29296138296682,1)
[1145]: (32.28874189483292,1)
[1146]: (32.44034834810876,1)
[1147]: (32.58523094217542,1)
[1148]: (32.35109605411554,1)
[1149]: (33.44754188282224,1)
[1150]: (32.68735173962873,1)
[1151]: (32.3010664069222,1)
[1152]: (32.80027545965967,1)
[1153]: (32.23718935235767,1)
[1154]: (32.01220666203359,1)
[1155]: (32.3656143900963,1)
[1156]: (32.78612790475466,1)
[1157]: (32.18048893142345,1)
[1158]: (32.22961554888006,1)
[1159]: (33.26894837865098,1)
[1160]: (33.53652289619448,1)
[1161]: (32.45193749675173,1)
[1162]: (32.64720552714073,1)
[1163]: (32.90703840077553,1)
[1164]: (32.83189250988103,1)
[1165]: (32.43375743673101,1)
[1166]: (32.31720057503207,1)
[1167]: (32.82498058505541,1)
[1168]: (32.93963616303468,1)
[1169]: (32.35248221008963,1)
[1170]: (32.27089355005145,1)
[1171]: (32.18867545183662,1)
[1172]: (32.32175289286479,1)
[1173]: (32.26667334609149,1)
[1174]: (32.56913812048015,1)
[1175]: (32.11403220663657,1)
[1176]: (32.30811740210903,1)
[1177]: (32.42600844960599,1)
[1178]: (32.49106467383152,1)
[1179]: (32.32812618220638,1)
[1180]: (32.43352418505265,1)
[1181]: (32.66065314583197,1)
[1182]: (32.85580504936069,1)
[1183]: (32.73824859351306,1)
[1184]: (32.37934683100593,1)
[1185]: (32.53683961803272,1)
[1186]: (32.22074450444653,1)
[1187]: (32.40167384388985,1)
[1188]: (32.34753370586617,1)
[1189]: (32.50605753415433,1)
[1190]: (32.4488826452389,1)
[1191]: (32.47941850552122,1)
[1192]: (32.10591578923499,1)
[1193]: (32.6712849062664,1)
[1194]: (32.14469661694037,1)
[1195]: (32.2842359077054,1)
[1196]: (32.33031906760403,1)
[1197]: (33.42855693435951,1)
[1198]: (32.77884103841824,1)
[1199]: (32.20637201334947,1)
[1200]: (32.2486277451376,1)
[1201]: (32.15805801682775,1)
[1202]: (32.4185648505524,1)
[1203]: (32.35093643917782,1)
[1204]: (32.11120206227336,1)
[1205]: (32.4577096324773,1)
[1206]: (33.0318663482163,1)
[1207]: (32.21184511079366,1)
[1208]: (32.66486156515919,1)
[1209]: (32.26030647798898,1)
[1210]: (32.74405038575865,1)
[1211]: (32.55352453977709,1)
[1212]: (32.32683993565953,1)
[1213]: (32.12735427974566,1)
[1214]: (32.2190521412703,1)
[1215]: (32.94426005538299,1)
[1216]: (32.02825213825759,1)
[1217]: (32.13825177605293,1)
[1218]: (32.46642622197317,1)
[1219]: (32.04986641763535,1)
[1220]: (32.33316424853421,1)
[1221]: (32.280408840408,1)
[1222]: (32.16499043623397,1)
[1223]: (32.38316071152423,1)
[1224]: (32.83058050190042,1)
[1225]: (33.31186081221784,1)
[1226]: (32.15328732645188,1)
[1227]: (32.15630527900318,1)
[1228]: (32.49997267439638,1)
[1229]: (32.44035560614986,1)
[1230]: (32.36906174824793,1)
[1231]: (32.13384658913932,1)
[1232]: (32.67876889134915,1)
[1233]: (32.68614458950172,1)
[1234]: (32.55095595186629,1)
[1235]: (32.32304173616826,1)
[1236]: (32.27049031591615,1)
[1237]: (32.65326622120647,1)
[1238]: (32.78106909854013,1)
[1239]: (32.18604647251994,1)
[1240]: (32.79051566366653,1)
[1241]: (32.16666173474151,1)
[1242]: (32.45828097733114,1)
[1243]: (32.45278226938818,1)
[1244]: (32.70808576968233,1)
[1245]: (32.20489347163514,1)
[1246]: (32.87017773528065,1)
[1247]: (32.7113259855942,1)
[1248]: (33.29617730712982,1)
[1249]: (32.49681493097904,1)
[1250]: (32.98297548998386,1)
[1251]: (33.18090551710382,1)
[1252]: (32.17226370229827,1)
[1253]: (33.715827405804,1)
[1254]: (32.10069174379015,1)
[1255]: (32.77015329831503,1)
[1256]: (32.2629624403046,1)
[1257]: (32.61558675642625,1)
[1258]: (32.37730455868091,1)
[1259]: (32.51050361568365,1)
[1260]: (32.05858886091024,1)
[1261]: (32.31900025795522,1)
[1262]: (32.31402967604253,1)
[1263]: (32.32889922582767,1)
[1264]: (32.34996847808393,1)
[1265]: (32.95400921948531,1)
[1266]: (33.14170371660823,1)
[1267]: (32.33377240115301,1)
[1268]: (32.71423976962289,1)
[1269]: (32.51696572950061,1)
[1270]: (32.5580448221004,1)
[1271]: (32.25058340280445,1)
[1272]: (32.11381226778224,1)
[1273]: (32.14064453486181,1)
[1274]: (32.34700934173267,1)
[1275]: (32.6762777583515,1)
[1276]: (33.8841449361683,1)
[1277]: (32.44756343779737,1)
[1278]: (32.13280610566934,1)
[1279]: (32.12859530691554,1)
[1280]: (32.52947249833717,1)
[1281]: (32.21237848749103,1)
[1282]: (32.17994328208182,1)
[1283]: (32.27956564768819,1)
[1284]: (32.19015141861257,1)
[1285]: (32.3070278533605,1)
[1286]: (32.06469984575111,1)
[1287]: (32.77460754607372,1)
[1288]: (32.17911118979359,1)
[1289]: (33.0845387714248,1)
[1290]: (32.54727765246428,1)
[1291]: (32.47298795266656,1)
[1292]: (33.57431696259789,1)
[1293]: (32.45368384794496,1)
[1294]: (32.35919231812499,1)
[1295]: (32.34668182931026,1)
[1296]: (32.41954239547019,1)
[1297]: (32.46536144492539,1)
[1298]: (32.52106794907648,1)
[1299]: (32.87647537473087,1)
[1300]: (32.87018238593288,1)
[1301]: (32.4168746949079,1)
[1302]: (32.49593114407442,1)
[1303]: (32.89099979761604,1)
[1304]: (32.33721125096255,1)
[1305]: (32.34257946918043,1)
[1306]: (32.5965860167089,1)
[1307]: (32.14415481613797,1)
[1308]: (32.72098743096957,1)
[1309]: (32.58963716626668,1)
[1310]: (33.22385424779374,1)
[1311]: (32.25382683962693,1)
[1312]: (32.56001215466662,1)
[1313]: (32.23542540998622,1)
[1314]: (32.42135548183271,1)
[1315]: (32.12690530525986,1)
[1316]: (32.24398154277689,1)
[1317]: (33.03103597488663,1)
[1318]: (32.42652427773686,1)
[1319]: (32.45196797788752,1)
[1320]: (32.44955037625832,1)
[1321]: (32.63955955519602,1)
[1322]: (32.16002481241729,1)
[1323]: (32.65848722299191,1)
[1324]: (32.20737647258259,1)
[1325]: (32.58069331181732,1)
[1326]: (32.6077575063335,1)
[1327]: (32.65282945634092,1)
[1328]: (32.40675660889988,1)
[1329]: (32.11812593831599,1)
[1330]: (32.98117816778328,1)
[1331]: (33.20716955335185,1)
[1332]: (32.75990381955755,1)
[1333]: (32.65057201835977,1)
[1334]: (34.0305831748402,1)
[1335]: (32.43367740747789,1)
[1336]: (32.45340928762543,1)
[1337]: (32.23346368894804,1)
[1338]: (32.13618311524718,1)
[1339]: (32.31971712854153,1)
[1340]: (32.0924994776681,1)
[1341]: (32.52290117766133,1)
[1342]: (32.98380858691677,1)
[1343]: (32.23599966052164,1)
[1344]: (32.30612822571784,1)
[1345]: (33.12502993751697,1)
[1346]: (32.15231352547892,1)
[1347]: (32.91908778160334,1)
[1348]: (32.24285725670465,1)
[1349]: (32.23435672802503,1)
[1350]: (32.39146657932291,1)
[1351]: (33.28764571692005,1)
[1352]: (32.07787928727561,1)
[1353]: (32.39973816315972,1)
[1354]: (32.80002396978389,1)
[1355]: (33.08783273643456,1)
[1356]: (32.29589680665753,1)
[1357]: (32.57286033301947,1)
[1358]: (32.32245409191574,1)
[1359]: (32.69280592856169,1)
[1360]: (32.33103203117807,1)
[1361]: (33.05495636729582,1)
[1362]: (32.50787511329894,1)
[1363]: (33.04462948816816,1)
[1364]: (32.80172834832688,1)
[1365]: (32.19720743680831,1)
[1366]: (32.46932739618966,1)
[1367]: (32.17206299207907,1)
[1368]: (32.7826196415097,1)
[1369]: (32.13858914194176,1)
[1370]: (32.28596717292547,1)
[1371]: (32.13218447296531,1)
[1372]: (32.87064252785006,1)
[1373]: (32.25788435479613,1)
[1374]: (32.6392262329127,1)
[1375]: (32.39038769738229,1)
[1376]: (33.65693067054985,1)
[1377]: (32.39413586602745,1)
[1378]: (32.45587966762678,1)
[1379]: (32.83935349404765,1)
[1380]: (32.22047262698317,1)
[1381]: (32.49835669213476,1)
[1382]: (32.68797566684407,1)
[1383]: (32.58192957231069,1)
[1384]: (32.46339187034229,1)
[1385]: (32.52620156010862,1)
[1386]: (32.05143818886898,1)
[1387]: (32.77450486756754,1)
[1388]: (32.60582599307994,1)
[1389]: (32.19919821184526,1)
[1390]: (32.31726183382666,1)
[1391]: (32.23519578000763,1)
[1392]: (32.36153409227694,1)
[1393]: (32.6317493424443,1)
[1394]: (34.04740468355261,1)
[1395]: (32.21809537504797,1)
[1396]: (32.73959511135116,1)
[1397]: (32.35504623429281,1)
[1398]: (32.52664852761096,1)
[1399]: (32.16501093523164,1)
[1400]: (32.16951211067711,1)
[1401]: (32.24842658541563,1)
[1402]: (32.4446514762117,1)
[1403]: (32.09706923712778,1)
[1404]: (32.2725473091789,1)
[1405]: (32.53075060138422,1)
[1406]: (32.15176121474064,1)
[1407]: (32.43984775205291,1)
[1408]: (32.63725790276276,1)
[1409]: (32.66893976677686,1)
[1410]: (32.50996989031323,1)
[1411]: (32.29146118106714,1)
[1412]: (32.87203977310192,1)
[1413]: (33.3094764084919,1)
[1414]: (32.28618868197356,1)
[1415]: (32.55258139710357,1)
[1416]: (32.44528082628513,1)
[1417]: (33.11263769950168,1)
[1418]: (32.68050472131226,1)
[1419]: (32.82007638530893,1)
[1420]: (32.54735659871976,1)
[1421]: (32.49108134002113,1)
[1422]: (32.74434918392757,1)
[1423]: (32.22696256503106,1)
[1424]: (32.17351249244397,1)
[1425]: (32.54194273155685,1)
[1426]: (33.11897418879202,1)
[1427]: (32.58777710581346,1)
[1428]: (32.09278896209041,1)
[1429]: (32.31754922347153,1)
[1430]: (32.51546670553822,1)
[1431]: (32.43566236182864,1)
[1432]: (32.52737352713878,1)
[1433]: (32.66616398597562,1)
[1434]: (32.16043602747902,1)
[1435]: (32.44492936094646,1)
[1436]: (32.71563461582212,1)
[1437]: (32.7308259777498,1)
[1438]: (33.10864173294312,1)
[1439]: (32.40475167282099,1)
[1440]: (32.56450729479231,1)
[1441]: (33.75673995049769,1)
[1442]: (32.90072443474546,1)
[1443]: (32.04124700625339,1)
[1444]: (32.62405467144113,1)
[1445]: (32.39080382770026,1)
[1446]: (32.327159858845,1)
[1447]: (32.79276569619651,1)
[1448]: (32.57497540243058,1)
[1449]: (32.31993558380415,1)
[1450]: (32.14950320291219,1)
[1451]: (32.51824632670888,1)
[1452]: (32.70268796433691,1)
[1453]: (32.08680165827757,1)
[1454]: (32.17330636561331,1)
[1455]: (32.4836020001614,1)
[1456]: (32.45839290838052,1)
[1457]: (32.32962289893917,1)
[1458]: (32.8507520457431,1)
[1459]: (32.25807294636817,1)
[1460]: (32.31429724473613,1)
[1461]: (32.12101253343243,1)
[1462]: (32.27823625592739,1)
[1463]: (32.51275911946573,1)
[1464]: (32.28247481540097,1)
[1465]: (32.53238383869024,1)
[1466]: (32.06944273270388,1)
[1467]: (33.48359307100873,1)
[1468]: (32.89425737557796,1)
[1469]: (32.00766982820688,1)
[1470]: (32.34844411476846,1)
[1471]: (32.61772683258723,1)
[1472]: (33.52807842214066,1)
[1473]: (32.40457602174251,1)
[1474]: (32.13196333533029,1)
[1475]: (32.62553325761744,1)
[1476]: (32.56188935409015,1)
[1477]: (32.18579626417282,1)
[1478]: (32.22779010384141,1)
[1479]: (32.14536180065129,1)
[1480]: (32.89021851931994,1)
[1481]: (33.29612062562379,1)
[1482]: (33.3810088668909,1)
[1483]: (32.21714923302776,1)
[1484]: (32.45505059875411,1)
[1485]: (32.70247531794063,1)
[1486]: (32.26748437863257,1)
[1487]: (33.33936977925175,1)
[1488]: (32.66457602909234,1)
[1489]: (32.20509190573287,1)
[1490]: (32.26998924090138,1)
[1491]: (32.35172335847133,1)
[1492]: (32.2860463651206,1)
[1493]: (33.0073014472769,1)
[1494]: (32.21859024130181,1)
[1495]: (32.38034726991916,1)
[1496]: (33.14065307883997,1)
[1497]: (32.34825331874247,1)
[1498]: (33.04635278791682,1)
[1499]: (32.13258271975919,1)
[1500]: (33.32803735350065,1)
[1501]: (32.35182856163625,1)
[1502]: (33.32523116286609,1)
[1503]: (32.33324148106043,1)
[1504]: (32.36245622949448,1)
[1505]: (32.55316958557591,1)
[1506]: (32.98179298339499,1)
[1507]: (32.48309488019837,1)
[1508]: (32.30289709677976,1)
[1509]: (32.17621257115258,1)
[1510]: (32.62327525227774,1)
[1511]: (32.43515312143972,1)
[1512]: (32.06542200718509,1)
[1513]: (32.13572398992567,1)
[1514]: (32.26675005973757,1)
[1515]: (32.22499903940664,1)
[1516]: (32.47338066368338,1)
[1517]: (32.35421400273277,1)
[1518]: (32.286090453235,1)
[1519]: (32.19666919802756,1)
[1520]: (33.21431877758536,1)
[1521]: (32.27903063435502,1)
[1522]: (32.65931813640718,1)
[1523]: (33.04818502361218,1)
[1524]: (32.55105134718799,1)
[1525]: (32.2711152161591,1)
[1526]: (32.97767355437661,1)
[1527]: (32.53730987019092,1)
[1528]: (32.14724523822304,1)
[1529]: (32.80066998712811,1)
[1530]: (33.31739468757964,1)
[1531]: (32.43081032465025,1)
[1532]: (32.62095279289496,1)
[1533]: (32.98453439905096,1)
[1534]: (32.25075592835842,1)
[1535]: (32.66254380173825,1)
[1536]: (32.33685638037399,1)
[1537]: (32.25224745819394,1)
[1538]: (32.62748333396027,1)
[1539]: (32.29434821732679,1)
[1540]: (32.75454328571899,1)
[1541]: (32.35125093573414,1)
[1542]: (32.42152416145345,1)
[1543]: (32.49445187032661,1)
[1544]: (32.51981099221775,1)
[1545]: (32.24562789667339,1)
[1546]: (32.02072811720134,1)
[1547]: (32.04152960723313,1)
[1548]: (33.01930046621035,1)
[1549]: (32.0344802933553,1)
[1550]: (32.29681247632322,1)
[1551]: (32.71859994194213,1)
[1552]: (32.36198967207311,1)
[1553]: (33.89928146310294,1)
[1554]: (33.45655825330544,1)
[1555]: (32.18165885581865,1)
[1556]: (32.28729150671845,1)
[1557]: (33.66523581462133,1)
[1558]: (32.27996152808931,1)
[1559]: (32.11669298613092,1)
[1560]: (33.73605048129184,1)
[1561]: (32.47168191244784,1)
[1562]: (32.07525650123824,1)
[1563]: (32.57380499199947,1)
[1564]: (32.98701569862148,1)
[1565]: (32.123951708553,1)
[1566]: (32.36002479589746,1)
[1567]: (32.40417040756816,1)
[1568]: (32.55317303183516,1)
[1569]: (32.3329570226104,1)
[1570]: (32.87236245301465,1)
[1571]: (32.53422422119294,1)
[1572]: (32.25234585399684,1)
[1573]: (32.70752746211952,1)
[1574]: (33.43949250067789,1)
[1575]: (32.12629349132286,1)
[1576]: (33.26674678206084,1)
[1577]: (32.37817700661509,1)
[1578]: (32.65001747418641,1)
[1579]: (32.20958115826016,1)
[1580]: (32.23438622690946,1)
[1581]: (33.13963450035242,1)
[1582]: (32.21020003246179,1)
[1583]: (32.7343095393308,1)
[1584]: (32.22036994234895,1)
[1585]: (32.37227963808024,1)
[1586]: (32.19360664707043,1)
[1587]: (32.07606450331282,1)
[1588]: (32.58303139071105,1)
[1589]: (32.30029946450427,1)
[1590]: (32.04248001262266,1)
[1591]: (32.65641351912819,1)
[1592]: (32.47012722425539,1)
[1593]: (32.37948202146745,1)
[1594]: (32.16901077371422,1)
[1595]: (33.05267907581323,1)
[1596]: (32.14576244699692,1)
[1597]: (32.03801376488362,1)
[1598]: (32.64846376873435,1)
[1599]: (32.22225944828682,1)
[1600]: (33.74505942358763,1)
[1601]: (32.44292089245495,1)
[1602]: (32.70990436423078,1)
[1603]: (32.78625079216246,1)
[1604]: (32.25101913069543,1)
[1605]: (32.55067236044829,1)
[1606]: (32.30629636202713,1)
[1607]: (32.26328628086554,1)
[1608]: (32.14067175610956,1)
[1609]: (32.60651087157694,1)
[1610]: (33.02686048041926,1)
[1611]: (34.67825753757146,1)
[1612]: (32.50918453886772,1)
[1613]: (32.43342297678115,1)
[1614]: (33.12219675120236,1)
[1615]: (32.19124252254488,1)
[1616]: (32.16755286979372,1)
[1617]: (33.31902975530153,1)
[1618]: (32.35932791557742,1)
[1619]: (32.18699756208973,1)
[1620]: (32.32701765677788,1)
[1621]: (33.22545285722086,1)
[1622]: (32.49307926366694,1)
[1623]: (32.30719404614777,1)
[1624]: (32.22803044492495,1)
[1625]: (32.170185788818,1)
[1626]: (32.07914246591846,1)
[1627]: (32.39708112125381,1)
[1628]: (32.38120045881735,1)
[1629]: (32.81670502332916,1)
[1630]: (32.59731156744729,1)
[1631]: (32.88106905303052,1)
[1632]: (32.74963310463245,1)
[1633]: (32.50022216996754,1)
[1634]: (32.42038012442805,1)
[1635]: (32.1919331034004,1)
[1636]: (32.57701708087366,1)
[1637]: (32.26660390275113,1)
[1638]: (32.21911058906488,1)
[1639]: (32.06780390161396,1)
[1640]: (32.53644179191728,1)
[1641]: (32.98327099479339,1)
[1642]: (32.30464119589049,1)
[1643]: (32.15724016909448,1)
[1644]: (32.31071738289074,1)
[1645]: (32.2389676993429,1)
[1646]: (32.74112841416289,1)
[1647]: (32.25067956676587,1)
[1648]: (32.54645699815551,1)
[1649]: (32.35489788939979,1)
[1650]: (32.14230364509182,1)
[1651]: (32.26838661905585,1)
[1652]: (32.21116792072846,1)
[1653]: (32.90041412907952,1)
[1654]: (32.6705000102985,1)
[1655]: (32.28135861909802,1)
[1656]: (32.5218150040528,1)
[1657]: (32.69054452434174,1)
[1658]: (32.08690763158443,1)
[1659]: (32.24670076875872,1)
[1660]: (32.40732269407143,1)
[1661]: (32.29475391975797,1)
[1662]: (33.11964944978546,1)
[1663]: (32.76094194440758,1)
[1664]: (32.19915480508242,1)
[1665]: (32.50082716097796,1)
[1666]: (32.56280655903532,1)
[1667]: (32.42023504685244,1)
[1668]: (32.05850505881703,1)
[1669]: (32.65064786157563,1)
[1670]: (32.58268077635871,1)
[1671]: (33.07710376983459,1)
[1672]: (32.45375111404858,1)
[1673]: (33.26827853350577,1)
[1674]: (32.33063423584223,1)
[1675]: (32.60212613484912,1)
[1676]: (32.69467498649917,1)
[1677]: (32.40676778141224,1)
[1678]: (32.43426079761053,1)
[1679]: (32.52790136386416,1)
[1680]: (32.1783347748202,1)
[1681]: (32.60440915158821,1)
[1682]: (32.2200317118378,1)
[1683]: (32.35587715999429,1)
[1684]: (32.1830396407514,1)
[1685]: (32.57096385230361,1)
[1686]: (32.8994626871416,1)
[1687]: (32.09271369092131,1)
[1688]: (32.0981033680876,1)
[1689]: (32.09923157387538,1)
[1690]: (32.43083259106739,1)
[1691]: (32.48262825013857,1)
[1692]: (32.20564405754541,1)
[1693]: (32.49918908228202,1)
[1694]: (32.86834899862778,1)
[1695]: (32.45678189634338,1)
[1696]: (32.65658907552856,1)
[1697]: (32.12606525096358,1)
[1698]: (32.27390880304958,1)
[1699]: (33.3989908815484,1)
[1700]: (32.60064498977766,1)
[1701]: (32.51680504702775,1)
[1702]: (32.30741603834618,1)
[1703]: (32.79747159025435,1)
[1704]: (32.35667347372673,1)
[1705]: (32.27957977168802,1)
[1706]: (32.31117769214239,1)
[1707]: (32.20981542003675,1)
[1708]: (32.56232206492896,1)
[1709]: (32.30159461484031,1)
[1710]: (32.18166824582036,1)
[1711]: (32.26535207018565,1)
[1712]: (32.93654963105892,1)
[1713]: (32.17445479272436,1)
[1714]: (32.61490528727028,1)
[1715]: (32.45748598005694,1)
[1716]: (32.39800273636207,1)
[1717]: (33.23279039322279,1)
[1718]: (32.35996870302784,1)
[1719]: (32.39711267812955,1)
[1720]: (32.56584622232405,1)
[1721]: (32.06561353215345,1)
[1722]: (32.0286297756542,1)
[1723]: (32.56808367637423,1)
[1724]: (32.70655691795812,1)
[1725]: (32.10432073304159,1)
[1726]: (32.39707071889273,1)
[1727]: (32.45874539827756,1)
[1728]: (32.66156637547931,1)
[1729]: (32.42530814983719,1)
[1730]: (32.61707431004329,1)
[1731]: (32.64568422570032,1)
[1732]: (32.36249894582194,1)
[1733]: (32.52874205722334,1)
[1734]: (32.13018227690908,1)
[1735]: (33.03946680764459,1)
[1736]: (32.55643034682485,1)
[1737]: (32.3630449839339,1)
[1738]: (32.12186582711055,1)
[1739]: (32.08408288707368,1)
[1740]: (32.29535161229672,1)
[1741]: (32.75946536490942,1)
[1742]: (32.42437147444791,1)
[1743]: (32.84400186632163,1)
[1744]: (32.37674925638732,1)
[1745]: (32.04648766957622,1)
[1746]: (32.6539226720842,1)
[1747]: (32.41380993336306,1)
[1748]: (32.18229808775003,1)
[1749]: (32.29331063010747,1)
[1750]: (32.05906096500004,1)
[1751]: (32.27906845251642,1)
[1752]: (32.87250770217841,1)
[1753]: (32.14715625524295,1)
[1754]: (32.49638692853395,1)
[1755]: (32.34334037605462,1)
[1756]: (32.77011511209685,1)
[1757]: (32.80923848474595,1)
[1758]: (32.17427530770063,1)
[1759]: (32.23293419110312,1)
[1760]: (32.31516572909663,1)
[1761]: (32.18212595591407,1)
[1762]: (32.33657637455406,1)
[1763]: (32.16898454192808,1)
[1764]: (32.2989000295159,1)
[1765]: (33.53120837858767,1)
[1766]: (32.11666722591628,1)
[1767]: (32.21162011898042,1)
[1768]: (32.44813415123032,1)
[1769]: (33.21729131800162,1)
[1770]: (32.36200485010142,1)
[1771]: (33.2464421334093,1)
[1772]: (32.46600971749417,1)
[1773]: (32.50589802585322,1)
[1774]: (32.31406222538361,1)
[1775]: (32.22819542149707,1)
[1776]: (32.21131579935616,1)
[1777]: (32.99354762771754,1)
[1778]: (32.12168494807554,1)
[1779]: (32.22216540131411,1)
[1780]: (32.22185408177833,1)
[1781]: (32.21727132826416,1)
[1782]: (32.10186702850415,1)
[1783]: (32.41945701284239,1)
[1784]: (33.37317445490199,1)
[1785]: (33.53984281650965,1)
[1786]: (32.53974833631646,1)
[1787]: (32.37200026817403,1)
[1788]: (32.7135704208635,1)
[1789]: (32.69258280061734,1)
[1790]: (32.75122960247971,1)
[1791]: (32.11152325081495,1)
[1792]: (32.31342339514797,1)
[1793]: (32.04503407027439,1)
[1794]: (32.20061507323222,1)
[1795]: (32.95480674961806,1)
[1796]: (32.28097922658946,1)
[1797]: (32.70997549066597,1)
[1798]: (32.09417288978095,1)
[1799]: (32.46672655759024,1)
[1800]: (32.60611905037516,1)
[1801]: (32.73200268088075,1)
[1802]: (32.64232214038626,1)
[1803]: (32.79118128876964,1)
[1804]: (32.38877493218417,1)
[1805]: (33.56982878479535,1)
[1806]: (32.69471017987004,1)
[1807]: (32.67898982904193,1)
[1808]: (32.38602896181668,1)
[1809]: (32.56366462945631,1)
[1810]: (32.81108905515602,1)
[1811]: (33.70061249841846,1)
[1812]: (32.09683542910695,1)
[1813]: (32.1998520666179,1)
[1814]: (33.17321413429117,1)
[1815]: (32.15816398404961,1)
[1816]: (32.48905800732877,1)
[1817]: (32.38609109067087,1)
[1818]: (33.16868289259224,1)
[1819]: (32.23436162138869,1)
[1820]: (32.43410424466652,1)
[1821]: (32.27497144834849,1)
[1822]: (32.3199414784748,1)
[1823]: (32.40911361378635,1)
[1824]: (32.2432715903292,1)
[1825]: (34.05304939418619,1)
[1826]: (32.46839573613884,1)
[1827]: (32.58792812105777,1)
[1828]: (32.69449048085753,1)
[1829]: (32.84607244126551,1)
[1830]: (32.30699884109689,1)
[1831]: (32.56744785519701,1)
[1832]: (32.42538202213264,1)
[1833]: (32.52697407307987,1)
[1834]: (32.52810742767028,1)
[1835]: (32.88452321904645,1)
[1836]: (32.38899032756254,1)
[1837]: (32.09313972902862,1)
[1838]: (33.10780551702084,1)
[1839]: (33.05486910149139,1)
[1840]: (32.75820413131634,1)
[1841]: (33.87367080647797,1)
[1842]: (33.08959176475833,1)
[1843]: (32.0216394031515,1)
[1844]: (32.2201639588447,1)
[1845]: (32.21235696018937,1)
[1846]: (33.8814527263528,1)
[1847]: (32.78126731574788,1)
[1848]: (32.73434020769941,1)
[1849]: (32.84822190427179,1)
[1850]: (32.51456322257029,1)
[1851]: (32.22033267615961,1)
[1852]: (32.11721188551815,1)
[1853]: (32.7296040040753,1)
[1854]: (32.54071663625547,1)
[1855]: (32.41523091096771,1)
[1856]: (32.53825184111517,1)
[1857]: (32.33429877846059,1)
[1858]: (32.23628690333585,1)
[1859]: (32.70135731677203,1)
[1860]: (32.44550477044514,1)
[1861]: (32.42394030655215,1)
[1862]: (32.77342110686658,1)
[1863]: (32.19519590529702,1)
[1864]: (32.73666172800095,1)
[1865]: (32.37746860491396,1)
[1866]: (32.26610833822686,1)
[1867]: (32.13632216846067,1)
[1868]: (32.28332353127801,1)
[1869]: (32.2493751579208,1)
[1870]: (32.36421118192603,1)
[1871]: (32.08847010935478,1)
[1872]: (32.36468477850565,1)
[1873]: (32.48452527898825,1)
[1874]: (32.63225648676937,1)
[1875]: (32.56238329847964,1)
[1876]: (32.54532659320945,1)
[1877]: (32.4148606839564,1)
[1878]: (32.45368268549129,1)
[1879]: (32.17119019203277,1)
[1880]: (32.47603317310689,1)
[1881]: (32.05541656491815,1)
[1882]: (32.31173282558269,1)
[1883]: (32.47313920344693,1)
[1884]: (32.24752981937077,1)
[1885]: (32.36191916886286,1)
[1886]: (32.16790594472091,1)
[1887]: (32.48901111878157,1)
[1888]: (32.05262572654812,1)
[1889]: (32.72137395603674,1)
[1890]: (32.65040090784841,1)
[1891]: (33.00189811628629,1)
[1892]: (32.11331523768695,1)
[1893]: (32.23804599242052,1)
[1894]: (32.45931740185524,1)
[1895]: (32.10366195012789,1)
[1896]: (32.15031981855275,1)
[1897]: (32.29591044245385,1)
[1898]: (32.40295680314852,1)
[1899]: (32.56449059387925,1)
[1900]: (33.33622089281873,1)
[1901]: (32.16567577910111,1)
[1902]: (32.82922853887536,1)
[1903]: (32.63955560098633,1)
[1904]: (32.29530803593001,1)
[1905]: (32.19928241903961,1)
[1906]: (32.27404768559101,1)
[1907]: (32.50447397436223,1)
[1908]: (32.38617195007517,1)
[1909]: (32.38318503619137,1)
[1910]: (32.58982093818725,1)
[1911]: (32.19053753059769,1)
[1912]: (32.09911964005836,1)
[1913]: (32.23101718036549,1)
[1914]: (32.64321045628455,1)
[1915]: (32.32498845808541,1)
[1916]: (32.04903266956746,1)
[1917]: (32.18178391207432,1)
[1918]: (32.28467001693765,1)
[1919]: (32.08191533907765,1)
[1920]: (32.18946875042978,1)
[1921]: (32.35138362874574,1)
[1922]: (32.20593074428215,1)
[1923]: (32.5351906258083,1)
[1924]: (32.13922086182971,1)
[1925]: (32.83214706589417,1)
[1926]: (32.15857657676865,1)
[1927]: (32.68454646280414,1)
[1928]: (32.85162639188187,1)
[1929]: (33.10958150923465,1)
[1930]: (32.10469802323482,1)
[1931]: (32.22207571701124,1)
[1932]: (32.92300673613491,1)
[1933]: (33.54469013494844,1)
[1934]: (32.23601392267909,1)
[1935]: (32.55596898267151,1)
[1936]: (32.45322497322348,1)
[1937]: (32.67182067104702,1)
[1938]: (32.163186495758,1)
[1939]: (32.61815525951277,1)
[1940]: (32.53708325527138,1)
[1941]: (32.53843562306368,1)
[1942]: (32.06301829094981,1)
[1943]: (32.14557351012837,1)
[1944]: (32.49373574551487,1)
[1945]: (32.47763583605455,1)
[1946]: (32.16552267486322,1)
[1947]: (32.47989283945655,1)
[1948]: (32.24945123293568,1)
[1949]: (32.59123722889589,1)
[1950]: (32.21017792589104,1)
[1951]: (32.43388936113607,1)
[1952]: (32.74162217496337,1)
[1953]: (33.35972202253185,1)
[1954]: (32.50842915484549,1)
[1955]: (32.13344098961611,1)
[1956]: (32.40011887011711,1)
[1957]: (32.2578073562505,1)
[1958]: (32.2987666969311,1)
[1959]: (32.33549797817138,1)
[1960]: (32.52188752349267,1)
[1961]: (32.20598030141682,1)
[1962]: (32.98476128822372,1)
[1963]: (32.45087422926659,1)
[1964]: (32.55721840018429,1)
[1965]: (32.91195009667596,1)
[1966]: (32.16515043031871,1)
[1967]: (32.60462327604893,1)
[1968]: (32.18636172314898,1)
[1969]: (32.26669327446553,1)
[1970]: (32.77799066646933,1)
[1971]: (32.54735927806381,1)
[1972]: (32.19369918466015,1)
[1973]: (32.47958006758939,1)
[1974]: (33.7401345706694,1)
[1975]: (33.15973068892733,1)
[1976]: (32.03957454062802,1)
[1977]: (32.03121341088121,1)
[1978]: (32.70481474926216,1)
[1979]: (32.43765315637862,1)
[1980]: (32.40567528158025,1)
[1981]: (32.10958084148508,1)
[1982]: (32.65327469754771,1)
[1983]: (32.05507514864227,1)
[1984]: (32.51788042143361,1)
[1985]: (32.85812394500201,1)
[1986]: (32.46693462009568,1)
[1987]: (32.65381570981987,1)
[1988]: (32.60658374428787,1)
[1989]: (32.12666621235705,1)
[1990]: (32.38177173880774,1)
[1991]: (33.59507166162377,1)
[1992]: (32.85229939249886,1)
[1993]: (32.15674892073832,1)
[1994]: (32.35721761623432,1)
[1995]: (33.16490525365099,1)
[1996]: (32.49017571534096,1)
[1997]: (32.97657208101879,1)
[1998]: (32.42118426505596,1)
[1999]: (33.73273501682161,1)
 -- States explored : 0 states
 -- CPU user time used : 147660 ms
 -- Virtual memory used : 5157196 KiB
 -- Resident memory used : 5118896 KiB
executionTime: 885
