core file size          (blocks, -c) unlimited
data seg size           (kbytes, -d) unlimited
scheduling priority             (-e) 0
file size               (blocks, -f) unlimited
pending signals                 (-i) 4077086
max locked memory       (kbytes, -l) 64
max memory size         (kbytes, -m) 99614720
open files                      (-n) 4096
pipe size            (512 bytes, -p) 8
POSIX message queues     (bytes, -q) 819200
real-time priority              (-r) 0
stack size              (kbytes, -s) 8192
cpu time               (seconds, -t) unlimited
max user processes              (-u) 4077086
virtual memory          (kbytes, -v) 95000000
file locks                      (-x) unlimited
Options for the verification:
  Generating some trace
  Search order is random depth first
  Using conservative space optimisation
  Seed is 1556893479
  State space representation uses minimal constraint systems
  Using HashMap + Compress integers for discrete state storage

Verifying formula 1 at ../queries/SN_300_55_16.q:1
 -- Formula is satisfied.
(9000 runs)
Learning statistics for best strategy: 
	Number of resets: 0
	Number of iterations in last reset: 2
	Number of iterations in total: 2

 -- States explored : 0 states
 -- CPU user time used : 5800780 ms
 -- Virtual memory used : 514692 KiB
 -- Resident memory used : 477520 KiB

Verifying formula 2 at ../queries/SN_300_55_16.q:3
 -- Formula is satisfied.
Composer.Done:
[0]: (0,0) (340.0112518073163,1)
[1]: (340.0548218897706,1)
[2]: (340.2332366409038,1)
[3]: (340.5074935800876,1)
[4]: (340.9619376863874,1)
[5]: (340.0700490877611,1)
[6]: (340.1219521725245,1)
[7]: (340.901474734232,1)
[8]: (340.1759548371475,1)
[9]: (340.1936333144446,1)
[10]: (340.0289515506892,1)
[11]: (340.4239040403432,1)
[12]: (340.074063473903,1)
[13]: (340.0252357948688,1)
[14]: (341.0308210481837,1)
[15]: (340.4199996863562,1)
[16]: (340.3428978844591,1)
[17]: (340.1181672536183,1)
[18]: (340.1292332142914,1)
[19]: (340.0091515070881,1)
[20]: (340.3711918232232,1)
[21]: (341.0935516096969,1)
[22]: (340.26906268348,1)
[23]: (340.8787392332793,1)
[24]: (340.3477414888755,1)
[25]: (340.2865943947975,1)
[26]: (340.0938769944156,1)
[27]: (340.2108689746655,1)
[28]: (340.5115894943218,1)
[29]: (341.1905818261535,1)
[30]: (340.1481018747159,1)
[31]: (340.2574397459391,1)
[32]: (340.7803009965216,1)
[33]: (340.4010608308799,1)
[34]: (340.0195991847906,1)
[35]: (340.0316444838577,1)
[36]: (341.4271023365205,1)
[37]: (340.6019608558931,1)
[38]: (340.1251256174241,1)
[39]: (340.2675451658922,1)
[40]: (341.0138933108799,1)
[41]: (340.1341116354881,1)
[42]: (340.0865817594405,1)
[43]: (340.3115157950234,1)
[44]: (340.326252420838,1)
[45]: (340.1881196018297,1)
[46]: (340.4404060081015,1)
[47]: (340.3142510091483,1)
[48]: (340.6568894069508,1)
[49]: (340.2812731410702,1)
[50]: (340.0789464056725,1)
[51]: (340.3345317396021,1)
[52]: (340.0031915580074,1)
[53]: (340.6639057357817,1)
[54]: (340.2937918148146,1)
[55]: (340.4637293811252,1)
[56]: (340.1466963506463,1)
[57]: (340.0064525859195,1)
[58]: (340.5498502122799,1)
[59]: (340.0908224501076,1)
[60]: (340.2893176201297,1)
[61]: (340.112482856636,1)
[62]: (340.2636561300135,1)
[63]: (340.3955704411459,1)
[64]: (340.1538791814402,1)
[65]: (340.0082607143521,1)
[66]: (341.2985969197623,1)
[67]: (340.4718855291268,1)
[68]: (340.1074384185665,1)
[69]: (340.2145651107091,1)
[70]: (340.0467048219781,1)
[71]: (340.0188236302589,1)
[72]: (340.3329820878656,1)
[73]: (340.0859682129365,1)
[74]: (340.1995768914567,1)
[75]: (340.9173650283519,1)
[76]: (340.0519259980548,1)
[77]: (340.0252505396426,1)
[78]: (340.1158613832927,1)
[79]: (340.118344352302,1)
[80]: (340.2174282699391,1)
[81]: (340.5749960571835,1)
[82]: (340.4083965651703,1)
[83]: (340.8966806039043,1)
[84]: (340.8756046034989,1)
[85]: (340.0301298852428,1)
[86]: (340.5701661997292,1)
[87]: (340.7112817946196,1)
[88]: (340.0609301013337,1)
[89]: (340.3330908548747,1)
[90]: (341.1546035742869,1)
[91]: (340.0339537230543,1)
[92]: (340.2875063318793,1)
[93]: (340.0721114692251,1)
[94]: (340.5197080637512,1)
[95]: (340.0543769940567,1)
[96]: (340.0230374387299,1)
[97]: (340.0556098362807,1)
[98]: (340.3651560171398,1)
[99]: (341.0125535270704,1)
[100]: (340.0281407749342,1)
[101]: (340.244272751127,1)
[102]: (340.4639924837039,1)
[103]: (340.0034307321959,1)
[104]: (340.1537763252701,1)
[105]: (340.0307077687935,1)
[106]: (340.7772858098912,1)
[107]: (340.0639338841012,1)
[108]: (340.2726624452531,1)
[109]: (340.2095271948246,1)
[110]: (340.1338591336495,1)
[111]: (340.3295352112752,1)
[112]: (340.0996048372811,1)
[113]: (340.9976613097597,1)
[114]: (340.039182288744,1)
[115]: (341.3291989280534,1)
[116]: (340.377602211729,1)
[117]: (340.449538357205,1)
[118]: (340.1796579148894,1)
[119]: (340.8423644110952,1)
[120]: (340.030883886111,1)
[121]: (340.6860247530051,1)
[122]: (340.1402945176761,1)
[123]: (340.0511117801328,1)
[124]: (340.4639614665623,1)
[125]: (340.4446782686084,1)
[126]: (340.0835568617384,1)
[127]: (340.1572793560741,1)
[128]: (340.0510597453637,1)
[129]: (340.2455541539442,1)
[130]: (340.2639781699586,1)
[131]: (340.2183331334917,1)
[132]: (340.0074807782241,1)
[133]: (340.6895006707104,1)
[134]: (340.3474785905034,1)
[135]: (340.0399059488641,1)
[136]: (340.2085572502944,1)
[137]: (340.3613219501802,1)
[138]: (340.2878314103476,1)
[139]: (340.5840494454796,1)
[140]: (340.2256014158574,1)
[141]: (341.0378786789473,1)
[142]: (340.0233591084644,1)
[143]: (340.5147307842939,1)
[144]: (340.1366821925372,1)
[145]: (340.3703307494864,1)
[146]: (340.9378470545601,1)
[147]: (340.3799661623605,1)
[148]: (340.0945473443543,1)
[149]: (340.1043152627822,1)
[150]: (340.1150136533267,1)
[151]: (340.2449127086951,1)
[152]: (340.1020691769604,1)
[153]: (340.0651361919096,1)
[154]: (340.2188088018734,1)
[155]: (340.0806806773206,1)
[156]: (341.0233194423068,1)
[157]: (340.8722159237549,1)
[158]: (340.4286428730985,1)
[159]: (340.6912542998307,1)
[160]: (340.3814456373321,1)
[161]: (340.6818228423843,1)
[162]: (340.8406559589021,1)
[163]: (340.1293971432641,1)
[164]: (340.387708585759,1)
[165]: (340.0932989805719,1)
[166]: (340.1287636032902,1)
[167]: (340.1456219292839,1)
[168]: (340.3017584123457,1)
[169]: (340.7283848552412,1)
[170]: (340.1244834657759,1)
[171]: (340.1193453639987,1)
[172]: (340.2486149332041,1)
[173]: (340.2931903739442,1)
[174]: (340.0191854707815,1)
[175]: (340.5521075832842,1)
[176]: (340.0178598928341,1)
[177]: (340.0623239247644,1)
[178]: (340.3185995268053,1)
[179]: (340.2858198518326,1)
[180]: (340.2680074447536,1)
[181]: (340.9397069343402,1)
[182]: (340.5681909707935,1)
[183]: (340.3537350693687,1)
[184]: (340.6254526199534,1)
[185]: (340.0018576772339,1)
[186]: (340.1588604042486,1)
[187]: (340.3785624766041,1)
[188]: (340.5321740342187,1)
[189]: (340.2275547370381,1)
[190]: (340.1448372943171,1)
[191]: (340.131738642759,1)
[192]: (340.4352516234143,1)
[193]: (340.1998218301206,1)
[194]: (340.1796326925669,1)
[195]: (340.1227036829192,1)
[196]: (340.2984477705413,1)
[197]: (340.8600999077235,1)
[198]: (340.7161688357647,1)
[199]: (342.3742448926791,1)
[200]: (340.1304461028241,1)
[201]: (340.0588061354427,1)
[202]: (340.2226832984859,1)
[203]: (340.2106007803843,1)
[204]: (340.2332719553276,1)
[205]: (340.1875313780109,1)
[206]: (340.6871888097551,1)
[207]: (340.6779148858012,1)
[208]: (340.2012198770568,1)
[209]: (340.1421621924414,1)
[210]: (340.9076264543993,1)
[211]: (340.2150809332023,1)
[212]: (340.3517920717582,1)
[213]: (340.190927334953,1)
[214]: (340.6819015437488,1)
[215]: (340.0715002140818,1)
[216]: (340.124076830075,1)
[217]: (340.04168356001,1)
[218]: (340.3726753081505,1)
[219]: (340.3206732319123,1)
[220]: (341.1897523102096,1)
[221]: (340.3260565504029,1)
[222]: (340.0529769932864,1)
[223]: (340.1296912995005,1)
[224]: (341.2237596938653,1)
[225]: (340.5657915951265,1)
[226]: (340.0755957219909,1)
[227]: (340.3845722980782,1)
[228]: (340.0792150505169,1)
[229]: (340.2077035500337,1)
[230]: (340.0231421607594,1)
[231]: (340.6106415725924,1)
[232]: (340.1731716903832,1)
[233]: (340.4259941865021,1)
[234]: (340.6412756938749,1)
[235]: (340.101014645396,1)
[236]: (340.4218345841377,1)
[237]: (340.408684927427,1)
[238]: (340.4561937963476,1)
[239]: (340.0936709354226,1)
[240]: (340.2089462089688,1)
[241]: (340.0619899759131,1)
[242]: (340.5236501898662,1)
[243]: (340.090620159716,1)
[244]: (340.0783197113033,1)
[245]: (340.0428353844667,1)
[246]: (340.3488708163757,1)
[247]: (340.3067524481687,1)
[248]: (340.3994046463222,1)
[249]: (340.4964487544868,1)
[250]: (340.4633828025121,1)
[251]: (340.0867293644217,1)
[252]: (340.225792129381,1)
[253]: (340.1941885754206,1)
[254]: (340.0059164007372,1)
[255]: (340.4691001103085,1)
[256]: (340.1980477027171,1)
[257]: (340.6713909025797,1)
[258]: (340.3565243746269,1)
[259]: (340.060682372899,1)
[260]: (340.1156558129009,1)
[261]: (340.2763850110577,1)
[262]: (340.2102179385574,1)
[263]: (340.5474452674556,1)
[264]: (340.2147537224673,1)
[265]: (340.0248453635656,1)
[266]: (340.2989279740329,1)
[267]: (341.1611695259901,1)
[268]: (340.9097324521771,1)
[269]: (340.1647644517429,1)
[270]: (340.1498396739561,1)
[271]: (340.035012610972,1)
[272]: (340.4061799760242,1)
[273]: (340.6047482859156,1)
[274]: (340.073593886001,1)
[275]: (341.0562650084409,1)
[276]: (340.1743610461881,1)
[277]: (340.6291822066206,1)
[278]: (340.0908706895376,1)
[279]: (340.0020539026002,1)
[280]: (340.1835144158958,1)
[281]: (340.0335855536567,1)
[282]: (340.8103360669151,1)
[283]: (340.1762683847296,1)
[284]: (340.071275359387,1)
[285]: (340.0978951973378,1)
[286]: (340.2525928184574,1)
[287]: (340.8427364358873,1)
[288]: (340.3691849951618,1)
[289]: (340.6386935051368,1)
[290]: (340.0939170431694,1)
[291]: (340.4395104399461,1)
[292]: (340.1073392539643,1)
[293]: (340.1070919951311,1)
[294]: (340.013062180685,1)
[295]: (340.240904505162,1)
[296]: (340.4093855231608,1)
[297]: (340.2079215373408,1)
[298]: (340.1290305775937,1)
[299]: (340.7029126480892,1)
[300]: (341.3146630827621,1)
[301]: (340.0137958844865,1)
[302]: (340.0353672643797,1)
[303]: (340.3792169320972,1)
[304]: (340.2336615663195,1)
[305]: (340.1406224692472,1)
[306]: (340.1546132892077,1)
[307]: (340.0405732034544,1)
[308]: (340.2594819705635,1)
[309]: (340.361409393559,1)
[310]: (340.0645953517014,1)
[311]: (340.2918143622533,1)
[312]: (340.7221593125815,1)
[313]: (340.3443184762927,1)
[314]: (340.0948053680764,1)
[315]: (340.243480448862,1)
[316]: (340.5356627508248,1)
[317]: (340.1437598202103,1)
[318]: (340.7957095564772,1)
[319]: (340.0521747292657,1)
[320]: (340.1287320537855,1)
[321]: (341.0958330493874,1)
[322]: (340.155212331884,1)
[323]: (340.137115160069,1)
[324]: (340.1418627928531,1)
[325]: (340.5247984515494,1)
[326]: (340.4107997909368,1)
[327]: (340.2251402814023,1)
[328]: (340.8697281499211,1)
[329]: (340.1151858919153,1)
[330]: (340.2853394487048,1)
[331]: (340.4706352681639,1)
[332]: (340.200978100615,1)
[333]: (340.8640022013628,1)
[334]: (340.1821027068834,1)
[335]: (340.5801978840276,1)
[336]: (340.2450876890464,1)
[337]: (340.4254990747649,1)
[338]: (340.8531339129486,1)
[339]: (340.2678801245315,1)
[340]: (340.2555944634963,1)
[341]: (340.0373799351179,1)
[342]: (340.2589927765227,1)
[343]: (340.0738377401752,1)
[344]: (340.39072288777,1)
[345]: (340.0090554751051,1)
[346]: (340.4886660757949,1)
[347]: (340.451729789766,1)
[348]: (340.1757984591471,1)
[349]: (340.0781896240219,1)
[350]: (340.3115306744807,1)
[351]: (340.7880108941146,1)
[352]: (340.1485989647723,1)
[353]: (340.2129867527584,1)
[354]: (340.1113206873146,1)
[355]: (340.4291235291979,1)
[356]: (340.0257039350307,1)
[357]: (340.2246233880455,1)
[358]: (340.1093506123301,1)
[359]: (340.0906027070913,1)
[360]: (341.3193471817734,1)
[361]: (340.1825480349579,1)
[362]: (340.244325381895,1)
[363]: (340.25080755358,1)
[364]: (340.5834172214512,1)
[365]: (341.0940601399899,1)
[366]: (340.1980418748078,1)
[367]: (340.2300864413917,1)
[368]: (340.0427539219968,1)
[369]: (340.1053127846939,1)
[370]: (340.1227894601447,1)
[371]: (340.3860496572196,1)
[372]: (340.1782588916208,1)
[373]: (340.2322388595533,1)
[374]: (340.0140774213919,1)
[375]: (340.4199652742651,1)
[376]: (341.3618382226966,1)
[377]: (340.283954109343,1)
[378]: (340.0402652652324,1)
[379]: (340.002917365981,1)
[380]: (340.1426426919408,1)
[381]: (340.9897651243593,1)
[382]: (340.4819366870636,1)
[383]: (340.0182024722249,1)
[384]: (340.1590541943054,1)
[385]: (340.0846797168246,1)
[386]: (341.4250720462575,1)
[387]: (340.4323662329572,1)
[388]: (340.3114919227967,1)
[389]: (340.7276991142211,1)
[390]: (340.435794389798,1)
[391]: (340.1152989571593,1)
[392]: (340.262707638909,1)
[393]: (340.0501369108107,1)
[394]: (340.7838629416036,1)
[395]: (340.0632232981465,1)
[396]: (340.1813007387982,1)
[397]: (340.2677721761175,1)
[398]: (340.1131227803486,1)
[399]: (340.2312025786824,1)
[400]: (340.0809609292703,1)
[401]: (340.5980073002421,1)
[402]: (340.5050594092682,1)
[403]: (340.8193130712715,1)
[404]: (340.154590564157,1)
[405]: (340.0810877584831,1)
[406]: (340.6354807572916,1)
[407]: (340.4255370434215,1)
[408]: (340.1685944315204,1)
[409]: (340.058705163642,1)
[410]: (340.4590637852671,1)
[411]: (340.7690809506532,1)
[412]: (340.1755941633347,1)
[413]: (340.5447083264776,1)
[414]: (340.1744108327233,1)
[415]: (340.221156448963,1)
[416]: (340.4725464103196,1)
[417]: (340.2285716264823,1)
[418]: (340.181359818829,1)
[419]: (340.2678958733227,1)
[420]: (340.0880578768226,1)
[421]: (340.7382154921645,1)
[422]: (340.2788023593241,1)
[423]: (340.5429210871046,1)
[424]: (340.1843944701491,1)
[425]: (340.8311873819306,1)
[426]: (340.3793482420573,1)
[427]: (340.1377035575235,1)
[428]: (340.0613887334555,1)
[429]: (340.5497511745389,1)
[430]: (340.6605147062392,1)
[431]: (340.594791493076,1)
[432]: (340.6628441576342,1)
[433]: (340.5163044447034,1)
[434]: (340.4971151162894,1)
[435]: (340.4817595669122,1)
[436]: (340.0594997639266,1)
[437]: (340.3563887412383,1)
[438]: (340.1381727597155,1)
[439]: (340.0270047026613,1)
[440]: (340.1428194459761,1)
[441]: (340.2101739905218,1)
[442]: (340.4891636405383,1)
[443]: (340.130798841376,1)
[444]: (341.1790169334722,1)
[445]: (340.1685465689616,1)
[446]: (340.093583760953,1)
[447]: (340.140131719592,1)
[448]: (340.0490823800592,1)
[449]: (340.1820579508687,1)
[450]: (341.6581386326808,1)
[451]: (340.1029996861428,1)
[452]: (340.6226773784659,1)
[453]: (340.0417422431285,1)
[454]: (340.3493833392442,1)
[455]: (340.058567609341,1)
[456]: (340.6833613730542,1)
[457]: (340.8431733263574,1)
[458]: (340.2122912995657,1)
[459]: (340.0887462109031,1)
[460]: (340.1955792602463,1)
[461]: (340.093823057714,1)
[462]: (340.9576778255911,1)
[463]: (340.0902605278522,1)
[464]: (340.1562243316085,1)
[465]: (340.588987090694,1)
[466]: (340.3953589435076,1)
[467]: (340.0281530897194,1)
[468]: (340.1000499829777,1)
[469]: (340.5217033044556,1)
[470]: (340.1054757529312,1)
[471]: (340.1576551212289,1)
[472]: (340.3813164801963,1)
[473]: (340.1281606418785,1)
[474]: (340.1527464927617,1)
[475]: (340.2132770344474,1)
[476]: (340.0030431348923,1)
[477]: (340.146079302743,1)
[478]: (340.3782646323909,1)
[479]: (340.4351572348773,1)
[480]: (340.1800498822504,1)
[481]: (340.0167673632668,1)
[482]: (340.0585163819546,1)
[483]: (340.6059357234678,1)
[484]: (340.3689431087791,1)
[485]: (340.8953071603909,1)
[486]: (340.1365987002392,1)
[487]: (340.0546025892713,1)
[488]: (340.0322386419784,1)
[489]: (340.5995766031606,1)
[490]: (340.0828489702358,1)
[491]: (340.3043016618049,1)
[492]: (340.3721133358287,1)
[493]: (340.0393949864986,1)
[494]: (340.1206057928691,1)
[495]: (340.4451920121762,1)
[496]: (340.2071763923971,1)
[497]: (340.8725595851049,1)
[498]: (341.3500533169838,1)
[499]: (340.1783666272411,1)
[500]: (340.0656010183876,1)
[501]: (340.0343794325842,1)
[502]: (340.0035716208881,1)
[503]: (340.0383371077224,1)
[504]: (340.09567177308,1)
[505]: (340.4412163919545,1)
[506]: (340.3605321365603,1)
[507]: (341.1078133574565,1)
[508]: (340.0988842847153,1)
[509]: (341.4199045971583,1)
[510]: (340.5183315834815,1)
[511]: (340.1570968121285,1)
[512]: (340.3776436239814,1)
[513]: (340.2785555176727,1)
[514]: (340.194847570253,1)
[515]: (340.0320775824869,1)
[516]: (340.0608002138183,1)
[517]: (340.130865643926,1)
[518]: (340.3817720011955,1)
[519]: (340.1154467067624,1)
[520]: (340.0284157249465,1)
[521]: (340.0698146024415,1)
[522]: (340.1026049405347,1)
[523]: (340.1482269933647,1)
[524]: (340.993502671713,1)
[525]: (340.2571350226694,1)
[526]: (340.8779290573764,1)
[527]: (340.2495827346536,1)
[528]: (340.2584647641626,1)
[529]: (341.4215702601466,1)
[530]: (340.534879999155,1)
[531]: (340.3768281515833,1)
[532]: (340.1504202231997,1)
[533]: (340.4522486212364,1)
[534]: (340.1133397912504,1)
[535]: (340.2532473756241,1)
[536]: (340.0854463499788,1)
[537]: (340.8626455493352,1)
[538]: (340.4362453872337,1)
[539]: (340.0686013548437,1)
[540]: (340.2788608025545,1)
[541]: (340.0111447950858,1)
[542]: (340.2377232486413,1)
[543]: (340.0724580499683,1)
[544]: (340.49692471546,1)
[545]: (340.8009341314362,1)
[546]: (340.0325610464537,1)
[547]: (340.061847296369,1)
[548]: (340.2145715523135,1)
[549]: (340.5672415166804,1)
[550]: (340.8068482626015,1)
[551]: (340.021548134475,1)
[552]: (340.3785392817858,1)
[553]: (340.3280900093077,1)
[554]: (340.2737660999073,1)
[555]: (340.4295425747221,1)
[556]: (341.6150057098667,1)
[557]: (340.337215318904,1)
[558]: (340.6078410442649,1)
[559]: (340.0797133181885,1)
[560]: (340.1866976397918,1)
[561]: (340.4513770122801,1)
[562]: (340.0027769232209,1)
[563]: (340.5151225597647,1)
[564]: (340.1630696990622,1)
[565]: (340.2401383970227,1)
[566]: (340.3034321330013,1)
[567]: (340.0223766462498,1)
[568]: (340.6922244839662,1)
[569]: (340.2793750644715,1)
[570]: (340.9656717276911,1)
[571]: (340.4431625693267,1)
[572]: (340.3189917012394,1)
[573]: (340.771334486964,1)
[574]: (340.0194603534296,1)
[575]: (340.2256153587535,1)
[576]: (340.5264587692649,1)
[577]: (340.5225645305442,1)
[578]: (340.2802210036066,1)
[579]: (340.0350183721233,1)
[580]: (340.3189339404943,1)
[581]: (340.2805836131855,1)
[582]: (340.4677184147588,1)
[583]: (340.6904968764867,1)
[584]: (340.1490716981003,1)
[585]: (340.0611190076873,1)
[586]: (340.2486799845576,1)
[587]: (340.265033567824,1)
[588]: (340.6011119545332,1)
[589]: (340.0307867241029,1)
[590]: (340.5975619378675,1)
[591]: (340.2877519542043,1)
[592]: (340.1176181571758,1)
[593]: (340.9997693714192,1)
[594]: (340.1231242450706,1)
[595]: (340.4286995032727,1)
[596]: (340.1226854370045,1)
[597]: (340.3638579224043,1)
[598]: (340.4808351873235,1)
[599]: (340.1433436141458,1)
[600]: (340.0077991020028,1)
[601]: (340.3020069875451,1)
[602]: (340.0641361177554,1)
[603]: (340.0434639965778,1)
[604]: (340.0672136637908,1)
[605]: (340.127494462294,1)
[606]: (340.2635655480379,1)
[607]: (340.4632854256046,1)
[608]: (340.0072257803922,1)
[609]: (340.0157196413221,1)
[610]: (340.1868862364761,1)
[611]: (340.6830889125225,1)
[612]: (340.7882033565868,1)
[613]: (340.3754830778911,1)
[614]: (340.4830017392022,1)
[615]: (341.0662250467215,1)
[616]: (340.2254492622635,1)
[617]: (340.0389024106903,1)
[618]: (340.0206574917,1)
[619]: (340.5332427735649,1)
[620]: (340.1488861948521,1)
[621]: (340.7370231568191,1)
[622]: (340.100573216866,1)
[623]: (340.4853732542525,1)
[624]: (340.1271811860632,1)
[625]: (340.1104533516816,1)
[626]: (340.0187519883265,1)
[627]: (340.231384780958,1)
[628]: (340.0304250265311,1)
[629]: (340.0510265199172,1)
[630]: (340.071504984587,1)
[631]: (340.3366227374554,1)
[632]: (340.1557568043299,1)
[633]: (340.5650357618252,1)
[634]: (340.0781428208226,1)
[635]: (340.0565264705143,1)
[636]: (340.1283041748249,1)
[637]: (340.16566711947,1)
[638]: (340.0754163439307,1)
[639]: (340.2003946214411,1)
[640]: (340.6609454375836,1)
[641]: (340.0373219455629,1)
[642]: (340.1877164744523,1)
[643]: (340.286893666391,1)
[644]: (340.2022153397499,1)
[645]: (340.1456168239055,1)
[646]: (340.1108552613151,1)
[647]: (340.105842221143,1)
[648]: (340.0166136580506,1)
[649]: (340.0455700392388,1)
[650]: (340.13347097892,1)
[651]: (340.0770697759208,1)
[652]: (340.1448586183959,1)
[653]: (340.2211925218793,1)
[654]: (340.4888227517696,1)
[655]: (340.3029082452746,1)
[656]: (340.4022816239583,1)
[657]: (340.6368916557247,1)
[658]: (340.4807711762526,1)
[659]: (340.1529137307738,1)
[660]: (340.1833728462419,1)
[661]: (340.5409779181038,1)
[662]: (340.046143971029,1)
[663]: (340.1070931270949,1)
[664]: (340.299133306538,1)
[665]: (340.7068250118422,1)
[666]: (340.1548869172623,1)
[667]: (340.0033577914933,1)
[668]: (340.6781331416373,1)
[669]: (340.181368000062,1)
[670]: (340.0584462126743,1)
[671]: (340.5169248796001,1)
[672]: (340.2283499147898,1)
[673]: (340.1938017241671,1)
[674]: (340.4200420064806,1)
[675]: (340.2427017998194,1)
[676]: (340.5499526588389,1)
[677]: (340.3044647207666,1)
[678]: (340.099154475863,1)
[679]: (340.0193343510358,1)
[680]: (340.0293748545019,1)
[681]: (340.0761915738,1)
[682]: (340.0848490522163,1)
[683]: (340.7768649810071,1)
[684]: (340.5266930856566,1)
[685]: (340.7986890170731,1)
[686]: (340.2055043773668,1)
[687]: (341.2690349140062,1)
[688]: (340.5445528380947,1)
[689]: (340.0233113243171,1)
[690]: (340.5517917023903,1)
[691]: (340.0111264911832,1)
[692]: (340.5005962375756,1)
[693]: (340.1320494482533,1)
[694]: (340.1482043536789,1)
[695]: (340.1700583544359,1)
[696]: (340.1951789292182,1)
[697]: (340.3142213678657,1)
[698]: (340.4829490851527,1)
[699]: (340.1583580001951,1)
[700]: (340.0403564007565,1)
[701]: (340.1318110781652,1)
[702]: (340.3445492847698,1)
[703]: (341.3544060833613,1)
[704]: (341.0027478126206,1)
[705]: (340.0557760929811,1)
[706]: (340.1145985206041,1)
[707]: (341.0600046390794,1)
[708]: (340.2876213342084,1)
[709]: (340.2484212511173,1)
[710]: (340.8093820297229,1)
[711]: (340.0681579993484,1)
[712]: (340.6032792821219,1)
[713]: (340.7331405443102,1)
[714]: (340.3175249732845,1)
[715]: (341.0917280914348,1)
[716]: (340.1976085181144,1)
[717]: (340.1333613878762,1)
[718]: (340.4232720123995,1)
[719]: (340.0237191846113,1)
[720]: (340.4037054328981,1)
[721]: (340.1610169040552,1)
[722]: (340.0730580056563,1)
[723]: (340.5617009860931,1)
[724]: (340.074883780144,1)
[725]: (340.28034794012,1)
[726]: (340.2939710766102,1)
[727]: (340.3480288374517,1)
[728]: (340.975764962834,1)
[729]: (340.0200884311808,1)
[730]: (340.677967435171,1)
[731]: (340.2660530948679,1)
[732]: (340.5546041134629,1)
[733]: (340.5237457002627,1)
[734]: (340.5510178672788,1)
[735]: (340.0854514825834,1)
[736]: (340.1282337351274,1)
[737]: (340.2074173435295,1)
[738]: (341.419821532709,1)
[739]: (340.1709171074341,1)
[740]: (340.1970809188178,1)
[741]: (340.3119561929321,1)
[742]: (340.0766093329917,1)
[743]: (340.531327811034,1)
[744]: (340.2463504958048,1)
[745]: (341.5832193307228,1)
[746]: (340.2667721154049,1)
[747]: (340.4963626024035,1)
[748]: (340.0109193505236,1)
[749]: (340.0812878134118,1)
[750]: (340.3669506079554,1)
[751]: (340.5903027649508,1)
[752]: (341.5144779706112,1)
[753]: (340.0857441972724,1)
[754]: (340.1026248284621,1)
[755]: (340.145068349252,1)
[756]: (340.0725735924202,1)
[757]: (340.8049914143023,1)
[758]: (340.0401677978883,1)
[759]: (340.1452472263558,1)
[760]: (340.4656053020256,1)
[761]: (340.0366638389542,1)
[762]: (340.251930154026,1)
[763]: (340.2138957301059,1)
[764]: (340.0351627109864,1)
[765]: (340.0967725889242,1)
[766]: (340.2873411732475,1)
[767]: (340.3488931177515,1)
[768]: (340.0057364709779,1)
[769]: (340.447455716918,1)
[770]: (340.3301509812522,1)
[771]: (340.4959550321814,1)
[772]: (340.2901267823297,1)
[773]: (340.4078650451307,1)
[774]: (340.3421999639554,1)
[775]: (340.1046046832522,1)
[776]: (340.2630137819629,1)
[777]: (340.0283364123309,1)
[778]: (340.1940522827887,1)
[779]: (340.1665949520404,1)
[780]: (340.4427300403107,1)
[781]: (340.2253808523088,1)
[782]: (340.7753742045276,1)
[783]: (341.0240321494565,1)
[784]: (340.4014516604336,1)
[785]: (340.4917684976688,1)
[786]: (340.0717667415478,1)
[787]: (340.2292992271121,1)
[788]: (340.0002619956929,1)
[789]: (340.0355224000172,1)
[790]: (340.1235296266691,1)
[791]: (340.3208546629252,1)
[792]: (340.3016163550694,1)
[793]: (340.1005901641814,1)
[794]: (340.7143748233976,1)
[795]: (340.7812654894113,1)
[796]: (340.1892863207554,1)
[797]: (340.1231702524324,1)
[798]: (340.317346792251,1)
[799]: (340.0449141444238,1)
[800]: (340.0000783853234,1)
[801]: (340.1981713784983,1)
[802]: (340.0315468003836,1)
[803]: (340.8484646180018,1)
[804]: (340.4089998181954,1)
[805]: (340.3375321520104,1)
[806]: (340.2022570325337,1)
[807]: (341.5727719684462,1)
[808]: (340.4914356551961,1)
[809]: (340.2632667307043,1)
[810]: (340.0243581139654,1)
[811]: (340.1038046780109,1)
[812]: (340.0947116448331,1)
[813]: (340.0657901630744,1)
[814]: (340.1616274961418,1)
[815]: (340.1227455554581,1)
[816]: (340.2560197647527,1)
[817]: (340.1258870503245,1)
[818]: (340.4165660881878,1)
[819]: (340.1239031560067,1)
[820]: (340.2806008561269,1)
[821]: (340.103259281458,1)
[822]: (340.4573348091343,1)
[823]: (340.3673002280165,1)
[824]: (340.0046403865822,1)
[825]: (340.5552788637098,1)
[826]: (340.3679384596438,1)
[827]: (340.5766986544467,1)
[828]: (340.5978556948227,1)
[829]: (340.1107846790576,1)
[830]: (340.8365257321558,1)
[831]: (340.3653575525464,1)
[832]: (340.9396839420086,1)
[833]: (341.1278439101849,1)
[834]: (340.5964955686097,1)
[835]: (340.1363532652593,1)
[836]: (340.485798945299,1)
[837]: (340.3819655876528,1)
[838]: (340.3314593422117,1)
[839]: (340.2788333022038,1)
[840]: (341.2971993689845,1)
[841]: (340.1245220567808,1)
[842]: (340.0219013274765,1)
[843]: (340.1280104198354,1)
[844]: (340.253438624823,1)
[845]: (340.0218377070136,1)
[846]: (340.0632814082683,1)
[847]: (340.1534551651039,1)
[848]: (340.395470925877,1)
[849]: (340.0469288860885,1)
[850]: (340.1034503813381,1)
[851]: (340.4780461751478,1)
[852]: (340.300055801678,1)
[853]: (340.1217647743704,1)
[854]: (340.1676653432846,1)
[855]: (340.7196961331965,1)
[856]: (340.4868946261285,1)
[857]: (340.1596677650513,1)
[858]: (340.9542578748011,1)
[859]: (340.2416738177826,1)
[860]: (340.327590754314,1)
[861]: (340.0572526464074,1)
[862]: (340.396266599073,1)
[863]: (342.5821938878752,1)
[864]: (340.4574708365159,1)
[865]: (340.3657081172392,1)
[866]: (340.0558961031247,1)
[867]: (340.6647705461618,1)
[868]: (340.072394919461,1)
[869]: (340.0181737355546,1)
[870]: (340.3887668065875,1)
[871]: (340.4782362220072,1)
[872]: (340.0123236140805,1)
[873]: (340.1495426400421,1)
[874]: (340.4661948011903,1)
[875]: (340.1769006883368,1)
[876]: (340.0416768640827,1)
[877]: (340.5367966518065,1)
[878]: (340.7877817303833,1)
[879]: (340.4286405813046,1)
[880]: (340.0168340986005,1)
[881]: (340.1550909349954,1)
[882]: (340.0793175675523,1)
[883]: (340.2182068178162,1)
[884]: (340.0678994840687,1)
[885]: (340.3432591392232,1)
[886]: (340.0044334579575,1)
[887]: (340.0003162058937,1)
[888]: (340.174133734752,1)
[889]: (340.041560792258,1)
[890]: (340.1364002550586,1)
[891]: (340.0252731103254,1)
[892]: (340.14175436518,1)
[893]: (340.237081966253,1)
[894]: (340.0425639912439,1)
[895]: (340.7735773788315,1)
[896]: (340.1183933778047,1)
[897]: (340.0476757837152,1)
[898]: (340.2784758057786,1)
[899]: (340.5149239632805,1)
[900]: (340.1277861484111,1)
[901]: (340.2200574837715,1)
[902]: (340.0738424952402,1)
[903]: (340.0223297246987,1)
[904]: (340.0148350848665,1)
[905]: (340.2257319789647,1)
[906]: (340.0429898855589,1)
[907]: (340.1930291570925,1)
[908]: (340.5042188207073,1)
[909]: (340.119021188175,1)
[910]: (340.5073662622717,1)
[911]: (340.0150019637689,1)
[912]: (340.2711852635881,1)
[913]: (340.5191854779591,1)
[914]: (340.185393278783,1)
[915]: (340.1368290704556,1)
[916]: (340.4555221176665,1)
[917]: (340.1322264990923,1)
[918]: (340.7043898503483,1)
[919]: (340.2244188564626,1)
[920]: (340.0533093452817,1)
[921]: (340.5628174267096,1)
[922]: (340.1999567509611,1)
[923]: (340.067098116699,1)
[924]: (340.1416110950419,1)
[925]: (340.4299662449541,1)
[926]: (340.5642833873682,1)
[927]: (340.4837347108723,1)
[928]: (340.2924519858034,1)
[929]: (340.0150146075834,1)
[930]: (340.1134168437176,1)
[931]: (340.7768964784284,1)
[932]: (340.0913901851603,1)
[933]: (341.1932910439554,1)
[934]: (341.4224655885241,1)
[935]: (340.4131460241783,1)
[936]: (340.374284547199,1)
[937]: (340.1243889886967,1)
[938]: (340.0142466580023,1)
[939]: (340.2043787852814,1)
[940]: (340.1332388763999,1)
[941]: (340.9911058483713,1)
[942]: (340.2633089172032,1)
[943]: (340.8124664761358,1)
[944]: (341.0455135522893,1)
[945]: (340.0106038260522,1)
[946]: (340.1292582081182,1)
[947]: (340.8199717160047,1)
[948]: (340.0339091852665,1)
[949]: (340.621723676515,1)
[950]: (340.0521595353512,1)
[951]: (340.5414129136175,1)
[952]: (340.3807076948214,1)
[953]: (340.072795706494,1)
[954]: (340.5004456825575,1)
[955]: (340.2951060839371,1)
[956]: (340.0089578609815,1)
[957]: (340.0302009783287,1)
[958]: (341.2419620147636,1)
[959]: (340.1102939151694,1)
[960]: (340.2838652706244,1)
[961]: (340.014730613178,1)
[962]: (340.0553306368535,1)
[963]: (340.7908579473041,1)
[964]: (341.2210130423107,1)
[965]: (340.1074216823776,1)
[966]: (340.7795499744476,1)
[967]: (340.095592553299,1)
[968]: (340.0413679697214,1)
[969]: (340.0780967111955,1)
[970]: (340.087382664559,1)
[971]: (340.7380559127105,1)
[972]: (340.0457556617612,1)
[973]: (342.1614439545588,1)
[974]: (340.8725816156232,1)
[975]: (340.1177327919128,1)
[976]: (340.3138279613428,1)
[977]: (340.0914075496415,1)
[978]: (340.1402538065981,1)
[979]: (340.2299872074274,1)
[980]: (340.2598152863954,1)
[981]: (340.3218983979871,1)
[982]: (340.5519249608822,1)
[983]: (340.300335515236,1)
[984]: (340.0006824398026,1)
[985]: (340.1434646093439,1)
[986]: (340.6652416865497,1)
[987]: (341.3424760736745,1)
[988]: (340.1553938036155,1)
[989]: (340.0346008861608,1)
[990]: (340.3267269895263,1)
[991]: (340.4789384534679,1)
[992]: (340.0838406370666,1)
[993]: (340.0317985632977,1)
[994]: (340.1350018087175,1)
[995]: (340.1704893608432,1)
[996]: (340.2717727007534,1)
[997]: (340.7336925324046,1)
[998]: (340.4309546610897,1)
[999]: (340.217604505154,1)
[1000]: (340.1224893079577,1)
[1001]: (340.0737585254429,1)
[1002]: (340.3903271548064,1)
[1003]: (340.3531765526363,1)
[1004]: (340.824939785581,1)
[1005]: (340.0762795996747,1)
[1006]: (340.1702886206444,1)
[1007]: (340.0254409669292,1)
[1008]: (340.3422760337465,1)
[1009]: (340.0895113472249,1)
[1010]: (340.9538778665137,1)
[1011]: (340.188458938208,1)
[1012]: (340.2976844027281,1)
[1013]: (340.1325256773337,1)
[1014]: (340.0291310839536,1)
[1015]: (340.0774470648881,1)
[1016]: (340.4582072854429,1)
[1017]: (340.00805057475,1)
[1018]: (340.6103331061187,1)
[1019]: (340.1025813657025,1)
[1020]: (340.0247090497536,1)
[1021]: (340.3314396640185,1)
[1022]: (340.0949226839118,1)
[1023]: (342.2389436359572,1)
[1024]: (340.0371188579361,1)
[1025]: (340.2994058811879,1)
[1026]: (340.0822698038955,1)
[1027]: (340.3251691949689,1)
[1028]: (340.0901978349329,1)
[1029]: (340.0171051041632,1)
[1030]: (340.2485238001123,1)
[1031]: (340.5773497047112,1)
[1032]: (340.108011703694,1)
[1033]: (340.0269019970872,1)
[1034]: (340.0423603612041,1)
[1035]: (340.3581076146503,1)
[1036]: (340.6563360366184,1)
[1037]: (340.0478287647088,1)
[1038]: (340.6298401381814,1)
[1039]: (340.0622551243803,1)
[1040]: (340.4998508688861,1)
[1041]: (340.3311980194817,1)
[1042]: (340.1768898830485,1)
[1043]: (340.2943880625497,1)
[1044]: (340.0543077653674,1)
[1045]: (340.0571146413116,1)
[1046]: (340.0756019611255,1)
[1047]: (341.0884230221614,1)
[1048]: (340.0018626258483,1)
[1049]: (340.1117844911448,1)
[1050]: (340.1527321563356,1)
[1051]: (340.0286998546601,1)
[1052]: (340.6161128417203,1)
[1053]: (340.338924100063,1)
[1054]: (340.193692632507,1)
[1055]: (340.2980270569226,1)
[1056]: (340.7844925715468,1)
[1057]: (340.1767320312968,1)
[1058]: (341.0239480376663,1)
[1059]: (340.2841589755106,1)
[1060]: (340.0661818842448,1)
[1061]: (340.8814429775231,1)
[1062]: (340.0854609080558,1)
[1063]: (340.2136644611932,1)
[1064]: (340.1536171446834,1)
[1065]: (340.2382714231129,1)
[1066]: (340.1485501958954,1)
[1067]: (340.0968005673405,1)
[1068]: (340.7321403989982,1)
[1069]: (340.1387494428217,1)
[1070]: (340.4416223394263,1)
[1071]: (340.3845908891818,1)
[1072]: (340.6413581406932,1)
[1073]: (340.8588414447569,1)
[1074]: (340.2773145465704,1)
[1075]: (340.4978905752527,1)
[1076]: (340.1085180162852,1)
[1077]: (340.3246755479436,1)
[1078]: (340.4796987781024,1)
[1079]: (340.0590654479265,1)
[1080]: (340.0017170580019,1)
[1081]: (340.2367033710077,1)
[1082]: (340.7479223912192,1)
[1083]: (340.0750896865604,1)
[1084]: (340.4383803065361,1)
[1085]: (340.0188411825653,1)
[1086]: (340.059682079502,1)
[1087]: (340.2580473790914,1)
[1088]: (340.113958323415,1)
[1089]: (340.1386461394349,1)
[1090]: (340.3873356066091,1)
[1091]: (340.3512769706314,1)
[1092]: (340.7824054813171,1)
[1093]: (340.9919880198759,1)
[1094]: (340.1477286044788,1)
[1095]: (340.443546960648,1)
[1096]: (340.410113862185,1)
[1097]: (340.1875787618122,1)
[1098]: (341.0583531597205,1)
[1099]: (340.0852295542461,1)
[1100]: (340.0136416426233,1)
[1101]: (340.5329504853205,1)
[1102]: (340.0876088022902,1)
[1103]: (340.2972275136011,1)
[1104]: (340.2164964651824,1)
[1105]: (340.5802192774552,1)
[1106]: (340.2901800960055,1)
[1107]: (340.4300185859521,1)
[1108]: (340.051490380434,1)
[1109]: (340.3967878109111,1)
[1110]: (340.3692871098062,1)
[1111]: (340.1906410945901,1)
[1112]: (340.1691486257327,1)
[1113]: (340.064642170854,1)
[1114]: (340.1465182793656,1)
[1115]: (340.9180418116441,1)
[1116]: (340.2241392305928,1)
[1117]: (340.2113747099154,1)
[1118]: (340.2158702640503,1)
[1119]: (340.1013373963731,1)
[1120]: (340.3213260045867,1)
[1121]: (340.1187629067089,1)
[1122]: (340.088283674514,1)
[1123]: (340.4316502858536,1)
[1124]: (340.1802659422343,1)
[1125]: (340.1873802096032,1)
[1126]: (340.0628866648117,1)
[1127]: (340.0401231682491,1)
[1128]: (340.0222334495004,1)
[1129]: (340.1496904611735,1)
[1130]: (340.0034192757054,1)
[1131]: (340.7821224133446,1)
[1132]: (341.324892172195,1)
[1133]: (340.6621720168291,1)
[1134]: (341.1583768938565,1)
[1135]: (340.5280162749198,1)
[1136]: (340.3000900179179,1)
[1137]: (340.5447023259395,1)
[1138]: (340.1771220420067,1)
[1139]: (340.3281848281874,1)
[1140]: (341.3627257977746,1)
[1141]: (340.1878924295954,1)
[1142]: (340.0380800481453,1)
[1143]: (340.1797473636539,1)
[1144]: (340.3703574589031,1)
[1145]: (342.7145986620233,1)
[1146]: (340.2637486052154,1)
[1147]: (340.8891004329036,1)
[1148]: (340.2141179672272,1)
[1149]: (340.0237273659816,1)
[1150]: (340.755915469502,1)
[1151]: (340.7324930763878,1)
[1152]: (340.0781413495861,1)
[1153]: (340.157559285012,1)
[1154]: (340.0541268140537,1)
[1155]: (340.0913214256459,1)
[1156]: (340.3144203018317,1)
[1157]: (340.0142156604454,1)
[1158]: (340.363648157243,1)
[1159]: (340.2334385866559,1)
[1160]: (340.9870100591707,1)
[1161]: (340.2120700566339,1)
[1162]: (340.9150120280049,1)
[1163]: (340.4809252015371,1)
[1164]: (340.5821847282239,1)
[1165]: (340.8162512226908,1)
[1166]: (340.4775433574948,1)
[1167]: (340.6432041920832,1)
[1168]: (340.3418054492391,1)
[1169]: (340.8545889899137,1)
[1170]: (340.1028524439193,1)
[1171]: (340.5035732277743,1)
[1172]: (340.2260100900064,1)
[1173]: (340.0298830601678,1)
[1174]: (340.3505598223776,1)
[1175]: (340.1910891527703,1)
[1176]: (340.3568963790006,1)
[1177]: (340.4930932037866,1)
[1178]: (340.7244382893958,1)
[1179]: (340.0413595412537,1)
[1180]: (340.034602232712,1)
[1181]: (340.1019585933896,1)
[1182]: (340.0538187535137,1)
[1183]: (340.6280975069275,1)
[1184]: (340.0653121944928,1)
[1185]: (340.074980169975,1)
[1186]: (340.2996626106141,1)
[1187]: (340.1289033388211,1)
[1188]: (340.0899206603187,1)
[1189]: (340.0060793217523,1)
[1190]: (340.5547401175662,1)
[1191]: (340.5458400531617,1)
[1192]: (340.2574621236557,1)
[1193]: (340.0801323746599,1)
[1194]: (340.2268426621702,1)
[1195]: (340.0395207979809,1)
[1196]: (340.0328294859322,1)
[1197]: (340.1833702596011,1)
[1198]: (340.003129051107,1)
[1199]: (340.469968010796,1)
[1200]: (340.2054382805664,1)
[1201]: (340.8567862000053,1)
[1202]: (340.2771749287912,1)
[1203]: (341.5317970701615,1)
[1204]: (340.862509065693,1)
[1205]: (340.6638088514537,1)
[1206]: (340.5222343029553,1)
[1207]: (340.4846594357099,1)
[1208]: (340.3530270280939,1)
[1209]: (340.1284651022192,1)
[1210]: (340.4209360109414,1)
[1211]: (340.5301490382838,1)
[1212]: (340.2736689435479,1)
[1213]: (340.5811083690394,1)
[1214]: (340.3864532909068,1)
[1215]: (340.7571536364512,1)
[1216]: (340.0048653230343,1)
[1217]: (340.0137702492866,1)
[1218]: (340.231143379217,1)
[1219]: (340.1598337737157,1)
[1220]: (340.1180762200107,1)
[1221]: (340.0502245149173,1)
[1222]: (340.4450459604137,1)
[1223]: (340.0815212954114,1)
[1224]: (340.0211061228413,1)
[1225]: (340.0734506712356,1)
[1226]: (340.0367229428518,1)
[1227]: (340.1374913323017,1)
[1228]: (340.3445952269565,1)
[1229]: (340.2486095891672,1)
[1230]: (340.0012134709561,1)
[1231]: (341.7359844347504,1)
[1232]: (340.1079204617047,1)
[1233]: (340.0834459242815,1)
[1234]: (340.1330614537895,1)
[1235]: (340.7272247171357,1)
[1236]: (340.2274593684679,1)
[1237]: (340.0395455876387,1)
[1238]: (340.0965673994073,1)
[1239]: (340.9352988934675,1)
[1240]: (340.259560904379,1)
[1241]: (340.0647643428842,1)
[1242]: (340.0163438021864,1)
[1243]: (340.2046715765822,1)
[1244]: (340.793356068129,1)
[1245]: (340.4388597941917,1)
[1246]: (340.1496190628254,1)
[1247]: (340.695229831195,1)
[1248]: (340.6609436306952,1)
[1249]: (340.1473733341112,1)
[1250]: (340.0541663440573,1)
[1251]: (340.4249070100878,1)
[1252]: (340.7697594422459,1)
[1253]: (340.2568097804113,1)
[1254]: (340.6171139251491,1)
[1255]: (340.9136809891818,1)
[1256]: (340.1482082148028,1)
[1257]: (340.0154450026235,1)
[1258]: (340.1420268462031,1)
[1259]: (340.0841644399844,1)
[1260]: (340.0143142677198,1)
[1261]: (340.5159342398981,1)
[1262]: (340.1125145439099,1)
[1263]: (342.8161514375261,1)
[1264]: (340.0901669778559,1)
[1265]: (340.2520703428588,1)
[1266]: (340.2134988809518,1)
[1267]: (340.5268579441777,1)
[1268]: (340.040165876008,1)
[1269]: (340.6345224867261,1)
[1270]: (340.1597436708215,1)
[1271]: (340.1564248529337,1)
[1272]: (340.555749506319,1)
[1273]: (340.0257656508826,1)
[1274]: (340.0946245234626,1)
[1275]: (340.3139489164513,1)
[1276]: (340.6535504271814,1)
[1277]: (340.1130088656288,1)
[1278]: (340.2541238404676,1)
[1279]: (340.5122838706478,1)
[1280]: (340.1852463425747,1)
[1281]: (340.1831128245969,1)
[1282]: (340.130177296028,1)
[1283]: (340.0941189480682,1)
[1284]: (340.8572137294693,1)
[1285]: (340.4715806620465,1)
[1286]: (340.7673084831112,1)
[1287]: (340.8742368233882,1)
[1288]: (340.1475426080749,1)
[1289]: (340.608064154062,1)
[1290]: (340.3646742734158,1)
[1291]: (340.041181945474,1)
[1292]: (340.1514778566135,1)
[1293]: (340.0653854650046,1)
[1294]: (340.2829157102386,1)
[1295]: (340.313212285394,1)
[1296]: (340.5764557491528,1)
[1297]: (340.5391493863649,1)
[1298]: (340.1656151445421,1)
[1299]: (340.2775814177447,1)
[1300]: (341.0707621823192,1)
[1301]: (340.0178321865075,1)
[1302]: (340.054167899434,1)
[1303]: (340.1121189685522,1)
[1304]: (340.0394230895862,1)
[1305]: (340.354074529311,1)
[1306]: (340.2767687107672,1)
[1307]: (340.3924578170784,1)
[1308]: (340.3419057041157,1)
[1309]: (340.1537712399655,1)
[1310]: (340.7497507556116,1)
[1311]: (340.0247998604229,1)
[1312]: (340.4239515432807,1)
[1313]: (340.5951763577069,1)
[1314]: (340.2119034946788,1)
[1315]: (340.7837758047817,1)
[1316]: (340.2360497528549,1)
[1317]: (340.3879736048825,1)
[1318]: (340.2751154539403,1)
[1319]: (340.2704948616988,1)
[1320]: (340.0321299263399,1)
[1321]: (340.0732530870802,1)
[1322]: (340.1343537069241,1)
[1323]: (340.0416203238666,1)
[1324]: (340.172968537765,1)
[1325]: (340.300533854614,1)
[1326]: (341.3849280350708,1)
[1327]: (340.3017538136268,1)
[1328]: (340.2273729232144,1)
[1329]: (340.0672318230754,1)
[1330]: (340.1727659577894,1)
[1331]: (340.0273511406629,1)
[1332]: (340.1288631291436,1)
[1333]: (340.0080338040904,1)
[1334]: (340.2730904759875,1)
[1335]: (340.0797738754756,1)
[1336]: (340.3593534126427,1)
[1337]: (340.1710079742913,1)
[1338]: (340.2883961915485,1)
[1339]: (340.0821122368767,1)
[1340]: (340.0977203594834,1)
[1341]: (340.5351609054993,1)
[1342]: (340.501638591918,1)
[1343]: (340.4472673081602,1)
[1344]: (340.3940521884953,1)
[1345]: (340.4006897814988,1)
[1346]: (340.0412467385004,1)
[1347]: (340.434967191482,1)
[1348]: (340.0692975664546,1)
[1349]: (340.0744029218941,1)
[1350]: (340.3244143123403,1)
[1351]: (340.2766373088485,1)
[1352]: (340.1773058375023,1)
[1353]: (341.1495327798862,1)
[1354]: (340.0015432358525,1)
[1355]: (340.085222555318,1)
[1356]: (340.1326226373114,1)
[1357]: (340.0481835109561,1)
[1358]: (340.2187400898857,1)
[1359]: (340.0660573966126,1)
[1360]: (340.4405978492657,1)
[1361]: (340.161150463892,1)
[1362]: (340.2601718889234,1)
[1363]: (340.1246001242055,1)
[1364]: (340.257841189666,1)
[1365]: (340.1094988800455,1)
[1366]: (340.0451620271729,1)
[1367]: (340.1412737504583,1)
[1368]: (340.310864444601,1)
[1369]: (340.1309338598189,1)
[1370]: (340.1282183834342,1)
[1371]: (340.2599416602741,1)
[1372]: (340.357070964997,1)
[1373]: (340.4319564191698,1)
[1374]: (341.2085994478232,1)
[1375]: (340.1281731687687,1)
[1376]: (340.160422610059,1)
[1377]: (340.0183541273902,1)
[1378]: (340.2436910406415,1)
[1379]: (340.7207441748252,1)
[1380]: (340.5052831640533,1)
[1381]: (340.1092529355701,1)
[1382]: (340.3398228396042,1)
[1383]: (340.2764032959382,1)
[1384]: (341.737611451887,1)
[1385]: (340.1080419140288,1)
[1386]: (340.3162795623468,1)
[1387]: (340.1673379700414,1)
[1388]: (340.9737107864628,1)
[1389]: (340.0424324917057,1)
[1390]: (340.1646870686948,1)
[1391]: (340.1142810569993,1)
[1392]: (340.1123992212914,1)
[1393]: (340.0204501967829,1)
[1394]: (340.1610852304307,1)
[1395]: (340.5236722804755,1)
[1396]: (340.8631423097821,1)
[1397]: (340.1063670403273,1)
[1398]: (340.7480003399414,1)
[1399]: (340.7135201401344,1)
[1400]: (340.9338958266349,1)
[1401]: (340.9388578345984,1)
[1402]: (340.7480359229142,1)
[1403]: (340.1698207792118,1)
[1404]: (340.2199432707957,1)
[1405]: (340.7022043160986,1)
[1406]: (340.163616121878,1)
[1407]: (340.2807444396063,1)
[1408]: (341.4835278098353,1)
[1409]: (340.0613087482846,1)
[1410]: (341.2116324794558,1)
[1411]: (340.2635000743819,1)
[1412]: (340.2777682010444,1)
[1413]: (340.908496628782,1)
[1414]: (340.5403680633138,1)
[1415]: (340.033313586599,1)
[1416]: (340.6649262103942,1)
[1417]: (340.2237229324243,1)
[1418]: (340.180113250379,1)
[1419]: (340.121260732833,1)
[1420]: (340.1253624328592,1)
[1421]: (340.5052449833325,1)
[1422]: (340.1909354254073,1)
[1423]: (340.1524690392181,1)
[1424]: (340.3822627283058,1)
[1425]: (340.1983988379864,1)
[1426]: (340.0187334158577,1)
[1427]: (340.8984397216938,1)
[1428]: (340.1277815920183,1)
[1429]: (340.3196744420133,1)
[1430]: (340.7315589025531,1)
[1431]: (340.0629123728458,1)
[1432]: (340.0298559932206,1)
[1433]: (341.2335143201,1)
[1434]: (340.4651819153549,1)
[1435]: (341.0159620409829,1)
[1436]: (340.236294808033,1)
[1437]: (343.230621055886,1)
[1438]: (340.0928333464606,1)
[1439]: (340.1555851659961,1)
[1440]: (340.1052779144219,1)
[1441]: (340.3702377268803,1)
[1442]: (340.4391993080535,1)
[1443]: (340.6360704648145,1)
[1444]: (340.34648099279,1)
[1445]: (340.0708481561316,1)
[1446]: (340.2632371384611,1)
[1447]: (341.7941752046664,1)
[1448]: (340.2050368722669,1)
[1449]: (340.1582659953074,1)
[1450]: (341.1281969168605,1)
[1451]: (340.3310874606505,1)
[1452]: (340.0726265288886,1)
[1453]: (340.0186306539152,1)
[1454]: (340.2102545259277,1)
[1455]: (340.2228021828455,1)
[1456]: (340.5812507488271,1)
[1457]: (341.5014479566364,1)
[1458]: (340.2371737466178,1)
[1459]: (340.319703041112,1)
[1460]: (340.1147018071976,1)
[1461]: (340.1661895733637,1)
[1462]: (340.2640953107377,1)
[1463]: (340.087206038545,1)
[1464]: (340.2660346528248,1)
[1465]: (340.0285568907836,1)
[1466]: (340.8532110194599,1)
[1467]: (340.0161961788322,1)
[1468]: (340.0352016794267,1)
[1469]: (340.1536961963816,1)
[1470]: (341.0478216019683,1)
[1471]: (340.0469339077763,1)
[1472]: (340.352484481864,1)
[1473]: (340.6424272867171,1)
[1474]: (340.0615169161818,1)
[1475]: (340.3300249143767,1)
[1476]: (340.2001344846728,1)
[1477]: (340.1701809777088,1)
[1478]: (340.2667707777856,1)
[1479]: (340.0438019837352,1)
[1480]: (340.6135217559276,1)
[1481]: (340.2308666264859,1)
[1482]: (340.4797785413205,1)
[1483]: (340.9984766726326,1)
[1484]: (340.7588586780546,1)
[1485]: (340.1443355572846,1)
[1486]: (340.5540166399075,1)
[1487]: (340.6606352556499,1)
[1488]: (340.4532768965956,1)
[1489]: (340.2006693798707,1)
[1490]: (340.493162203193,1)
[1491]: (340.0695459569263,1)
[1492]: (340.5515280443248,1)
[1493]: (340.5809056233098,1)
[1494]: (340.0805505852162,1)
[1495]: (340.3199023334862,1)
[1496]: (340.4871567148793,1)
[1497]: (340.2774686125753,1)
[1498]: (340.2064981132806,1)
[1499]: (340.5935054130073,1)
[1500]: (340.604325226927,1)
[1501]: (340.0205133559546,1)
[1502]: (340.1611344774847,1)
[1503]: (340.6877411758371,1)
[1504]: (340.7345654470549,1)
[1505]: (340.7008564052493,1)
[1506]: (340.2162976917337,1)
[1507]: (340.3675696796919,1)
[1508]: (340.03368682159,1)
[1509]: (340.0734282705091,1)
[1510]: (340.0618854636522,1)
[1511]: (340.2804853041989,1)
[1512]: (340.4751028830426,1)
[1513]: (340.9715405327339,1)
[1514]: (340.2820371180356,1)
[1515]: (340.0465603802489,1)
[1516]: (340.2406872754142,1)
[1517]: (340.1354357122273,1)
[1518]: (341.5007589124437,1)
[1519]: (340.176572467367,1)
[1520]: (340.4450080162954,1)
[1521]: (340.2784801255338,1)
[1522]: (340.571731351366,1)
[1523]: (340.468280043323,1)
[1524]: (340.4607276647244,1)
[1525]: (340.3801494471793,1)
[1526]: (341.0033843632917,1)
[1527]: (341.4341138933897,1)
[1528]: (340.1388169458431,1)
[1529]: (340.1067013912029,1)
[1530]: (340.4671738722432,1)
[1531]: (340.0713246736864,1)
[1532]: (340.0330880375727,1)
[1533]: (340.197130221468,1)
[1534]: (340.6950813013827,1)
[1535]: (340.7115507041982,1)
[1536]: (340.1851599318667,1)
[1537]: (340.1784738038601,1)
[1538]: (340.0006039740599,1)
[1539]: (340.1287320260086,1)
[1540]: (340.8146266826448,1)
[1541]: (340.4716755860049,1)
[1542]: (340.0340460289729,1)
[1543]: (340.9748612341691,1)
[1544]: (340.3386533469653,1)
[1545]: (340.1345070130128,1)
[1546]: (340.4293111124347,1)
[1547]: (340.3085077227137,1)
[1548]: (340.0228957370705,1)
[1549]: (340.0960165641325,1)
[1550]: (341.0170349866362,1)
[1551]: (340.8390629895738,1)
[1552]: (340.7160272272241,1)
[1553]: (340.3468327591697,1)
[1554]: (340.5038664654738,1)
[1555]: (340.0791182654568,1)
[1556]: (340.2610216293745,1)
[1557]: (340.1884396210721,1)
[1558]: (340.091175870416,1)
[1559]: (340.0784444243504,1)
[1560]: (340.3411316856776,1)
[1561]: (340.0858945375348,1)
[1562]: (340.562116291711,1)
[1563]: (340.357176119642,1)
[1564]: (341.1146537196619,1)
[1565]: (340.0009291925077,1)
[1566]: (340.0052376953379,1)
[1567]: (340.4716515571961,1)
[1568]: (340.5036013779028,1)
[1569]: (340.0910407228707,1)
[1570]: (340.3006082019759,1)
[1571]: (340.5315894720006,1)
[1572]: (340.2451977611437,1)
[1573]: (340.6751584575175,1)
[1574]: (340.9393768948102,1)
[1575]: (340.9511827174355,1)
[1576]: (340.5206677881173,1)
[1577]: (340.2199253281524,1)
[1578]: (340.066909993005,1)
[1579]: (340.9894030164198,1)
[1580]: (340.7774934880543,1)
[1581]: (340.0870633689169,1)
[1582]: (341.1628733878946,1)
[1583]: (340.0572703934863,1)
[1584]: (341.3027136941062,1)
[1585]: (340.9888831670793,1)
[1586]: (340.3780497425363,1)
[1587]: (340.0615601695951,1)
[1588]: (340.2617005885916,1)
[1589]: (340.2377869907142,1)
[1590]: (340.4674524823497,1)
[1591]: (340.1577579128506,1)
[1592]: (340.1435610800523,1)
[1593]: (341.067925040873,1)
[1594]: (340.0711113287201,1)
[1595]: (340.3485788418205,1)
[1596]: (340.0343079445263,1)
[1597]: (340.2987406426431,1)
[1598]: (340.3561031805183,1)
[1599]: (340.6596775442565,1)
[1600]: (340.1710522172235,1)
[1601]: (340.1778792736901,1)
[1602]: (340.1602139820079,1)
[1603]: (340.0514747792995,1)
[1604]: (340.037274207914,1)
[1605]: (340.1358907123571,1)
[1606]: (340.0267765089228,1)
[1607]: (340.163868648677,1)
[1608]: (340.1742902990478,1)
[1609]: (340.2151044356956,1)
[1610]: (340.0426760975554,1)
[1611]: (340.1472045430563,1)
[1612]: (340.2792104110721,1)
[1613]: (340.1505796318106,1)
[1614]: (341.8716812144791,1)
[1615]: (340.196513422719,1)
[1616]: (340.1270679708493,1)
[1617]: (340.4625496642222,1)
[1618]: (340.4968012091304,1)
[1619]: (341.674000542269,1)
[1620]: (340.7967517076735,1)
[1621]: (340.9933367667071,1)
[1622]: (340.0430061511478,1)
[1623]: (340.0385394713871,1)
[1624]: (340.3135896169687,1)
[1625]: (340.6302301436012,1)
[1626]: (340.0794416719001,1)
[1627]: (340.0283943728786,1)
[1628]: (341.3888244394851,1)
[1629]: (340.2887177492076,1)
[1630]: (340.5048840926692,1)
[1631]: (340.4556275657176,1)
[1632]: (340.1190904855926,1)
[1633]: (340.2789009691447,1)
[1634]: (340.1750804895239,1)
[1635]: (340.0239798891075,1)
[1636]: (340.0992654627378,1)
[1637]: (340.0987986711713,1)
[1638]: (340.3882648863539,1)
[1639]: (340.2832767894866,1)
[1640]: (340.0713304108756,1)
[1641]: (340.5028112693101,1)
[1642]: (340.0819245645769,1)
[1643]: (340.1628023411146,1)
[1644]: (340.0478203688137,1)
[1645]: (340.1623703203408,1)
[1646]: (340.464243845974,1)
[1647]: (340.136337147379,1)
[1648]: (340.7104195526237,1)
[1649]: (341.177864959776,1)
[1650]: (340.0714441309145,1)
[1651]: (340.0532437614399,1)
[1652]: (340.2059298203843,1)
[1653]: (340.080191182491,1)
[1654]: (340.0654720007362,1)
[1655]: (340.9319329134264,1)
[1656]: (340.1939184276316,1)
[1657]: (340.5907456567247,1)
[1658]: (340.3572107701228,1)
[1659]: (340.4343443769696,1)
[1660]: (340.6653054632685,1)
[1661]: (340.8010428997756,1)
[1662]: (340.2488006801003,1)
[1663]: (340.0708397584019,1)
[1664]: (340.018956423698,1)
[1665]: (340.255036696464,1)
[1666]: (340.5971817553099,1)
[1667]: (340.9309357345201,1)
[1668]: (340.1068412757549,1)
[1669]: (340.3571119501402,1)
[1670]: (340.3161690521273,1)
[1671]: (340.639316003165,1)
[1672]: (340.2594974248998,1)
[1673]: (340.0742534714039,1)
[1674]: (340.1254477171707,1)
[1675]: (340.279205493165,1)
[1676]: (340.2680737278171,1)
[1677]: (340.0463628058484,1)
[1678]: (340.5201400409353,1)
[1679]: (340.095105758414,1)
[1680]: (340.5320984222992,1)
[1681]: (340.1393684562684,1)
[1682]: (340.6822124515655,1)
[1683]: (340.2223743308933,1)
[1684]: (340.4402074345877,1)
[1685]: (340.2362818754196,1)
[1686]: (340.1371575977315,1)
[1687]: (340.0180417771361,1)
[1688]: (340.5528764858973,1)
[1689]: (340.1087641963625,1)
[1690]: (340.0120938483076,1)
[1691]: (340.4498728120629,1)
[1692]: (340.658603800372,1)
[1693]: (340.1680143143298,1)
[1694]: (340.4214971158111,1)
[1695]: (340.079860223447,1)
[1696]: (340.1106331092814,1)
[1697]: (340.0920217968996,1)
[1698]: (340.518954943611,1)
[1699]: (340.002520071649,1)
[1700]: (340.4554662861571,1)
[1701]: (340.7906012416421,1)
[1702]: (340.4084504282687,1)
[1703]: (340.7463184627732,1)
[1704]: (340.4074754826749,1)
[1705]: (340.1271049213057,1)
[1706]: (340.1553860849209,1)
[1707]: (340.1578477225417,1)
[1708]: (340.7237774570025,1)
[1709]: (340.1154358649333,1)
[1710]: (340.1397570852382,1)
[1711]: (340.7549225944326,1)
[1712]: (340.0687594590175,1)
[1713]: (340.1809650221596,1)
[1714]: (340.2242604088553,1)
[1715]: (340.3533240910642,1)
[1716]: (340.5407162585819,1)
[1717]: (340.0074323168121,1)
[1718]: (340.1653846512762,1)
[1719]: (340.66024317136,1)
[1720]: (340.0121501805061,1)
[1721]: (340.1618747876263,1)
[1722]: (340.7021540149394,1)
[1723]: (340.0300237952236,1)
[1724]: (340.1128866083594,1)
[1725]: (340.0336016580383,1)
[1726]: (340.0454978440621,1)
[1727]: (340.0575007006189,1)
[1728]: (340.332621900387,1)
[1729]: (340.1338422007614,1)
[1730]: (341.2683855098363,1)
[1731]: (340.3520338812385,1)
[1732]: (340.3398131261403,1)
[1733]: (340.4172604209547,1)
[1734]: (340.0666926856443,1)
[1735]: (340.1869544707066,1)
[1736]: (340.7859625090481,1)
[1737]: (341.08801169464,1)
[1738]: (340.1123270569728,1)
[1739]: (341.0348047702159,1)
[1740]: (340.6925152079507,1)
[1741]: (340.4395997034732,1)
[1742]: (340.2565572536384,1)
[1743]: (340.1965795564113,1)
[1744]: (340.2176722202441,1)
[1745]: (340.1004768765527,1)
[1746]: (340.0541800848869,1)
[1747]: (340.6775449066431,1)
[1748]: (340.4677604527456,1)
[1749]: (340.0133468340135,1)
[1750]: (340.0971049416495,1)
[1751]: (340.2343980677483,1)
[1752]: (340.3045028993339,1)
[1753]: (340.7562784719985,1)
[1754]: (340.0336226193945,1)
[1755]: (340.2061516316714,1)
[1756]: (340.3025977871158,1)
[1757]: (340.3234402364841,1)
[1758]: (340.1674375077454,1)
[1759]: (340.1562381727991,1)
[1760]: (340.0016514593826,1)
[1761]: (340.623957783822,1)
[1762]: (340.0840280837641,1)
[1763]: (340.5515662483226,1)
[1764]: (340.6455952145057,1)
[1765]: (340.4153672095073,1)
[1766]: (340.0381038924378,1)
[1767]: (340.466100486081,1)
[1768]: (340.3073176893131,1)
[1769]: (340.7957891988074,1)
[1770]: (340.7908174321321,1)
[1771]: (341.6218206780829,1)
[1772]: (340.0971389135175,1)
[1773]: (340.8051892826379,1)
[1774]: (340.2652139319119,1)
[1775]: (340.5963552336036,1)
[1776]: (340.1882120289623,1)
[1777]: (340.2686453689716,1)
[1778]: (340.1417341797684,1)
[1779]: (340.0153744166963,1)
[1780]: (340.5828699988438,1)
[1781]: (340.5041283991168,1)
[1782]: (340.3531210496701,1)
[1783]: (340.0479578158295,1)
[1784]: (341.2734536809093,1)
[1785]: (341.077421952009,1)
[1786]: (340.7926102948018,1)
[1787]: (340.0590192957962,1)
[1788]: (340.4174908717539,1)
[1789]: (340.1497084011735,1)
[1790]: (340.1239917242238,1)
[1791]: (340.6464692086173,1)
[1792]: (340.2977739611696,1)
[1793]: (340.0008374630551,1)
[1794]: (340.0513604796798,1)
[1795]: (341.5834548915549,1)
[1796]: (340.5535226007802,1)
[1797]: (340.2565121760269,1)
[1798]: (340.1823871369659,1)
[1799]: (340.107369308822,1)
[1800]: (340.1844946120625,1)
[1801]: (340.1047628618028,1)
[1802]: (341.5220225941332,1)
[1803]: (340.6844898097677,1)
[1804]: (340.2409961785068,1)
[1805]: (340.5937921584477,1)
[1806]: (340.399416082089,1)
[1807]: (340.0738033512424,1)
[1808]: (340.4059730972771,1)
[1809]: (340.4366377442508,1)
[1810]: (340.1981886162268,1)
[1811]: (340.0976205789635,1)
[1812]: (340.1879843107727,1)
[1813]: (340.0314730126238,1)
[1814]: (340.0721686678205,1)
[1815]: (340.6963141741803,1)
[1816]: (340.2842235049955,1)
[1817]: (340.1156275553018,1)
[1818]: (340.1719704045962,1)
[1819]: (340.2327312234441,1)
[1820]: (340.0180135196838,1)
[1821]: (340.7827586712161,1)
[1822]: (340.0055425479963,1)
[1823]: (340.0644280265457,1)
[1824]: (340.2634844572286,1)
[1825]: (340.138010043175,1)
[1826]: (340.1491383240939,1)
[1827]: (340.0235060678284,1)
[1828]: (340.9629279928322,1)
[1829]: (340.3456280729633,1)
[1830]: (340.1208210010319,1)
[1831]: (340.0925323517316,1)
[1832]: (340.3898932122307,1)
[1833]: (340.0549951364458,1)
[1834]: (340.8557958249312,1)
[1835]: (340.7084162240083,1)
[1836]: (340.2409858751853,1)
[1837]: (340.4498922570417,1)
[1838]: (341.454055743359,1)
[1839]: (340.3831672358163,1)
[1840]: (340.1228549588268,1)
[1841]: (340.0316854106624,1)
[1842]: (340.303579112544,1)
[1843]: (340.2184729243063,1)
[1844]: (340.4227177186762,1)
[1845]: (340.1303985372545,1)
[1846]: (340.2032648522559,1)
[1847]: (340.327656296102,1)
[1848]: (340.0335552792203,1)
[1849]: (340.3354416298939,1)
[1850]: (340.2956011102716,1)
[1851]: (340.1834851977275,1)
[1852]: (340.0536422037918,1)
[1853]: (341.4622425715935,1)
[1854]: (340.5862753313632,1)
[1855]: (340.8446098285837,1)
[1856]: (340.0387247630289,1)
[1857]: (340.2425409150363,1)
[1858]: (340.227329107258,1)
[1859]: (340.0861967181353,1)
[1860]: (340.105030563946,1)
[1861]: (340.0415593990513,1)
[1862]: (340.723174685548,1)
[1863]: (340.1208822730752,1)
[1864]: (340.067181671384,1)
[1865]: (340.0316164834319,1)
[1866]: (340.0887124648722,1)
[1867]: (341.0616852727112,1)
[1868]: (340.1822583767814,1)
[1869]: (340.2921780440645,1)
[1870]: (340.4901390775497,1)
[1871]: (340.9954098845271,1)
[1872]: (340.1817007264007,1)
[1873]: (340.1559888535321,1)
[1874]: (340.7477295248506,1)
[1875]: (340.2800290888382,1)
[1876]: (340.0284332140204,1)
[1877]: (340.1786866880283,1)
[1878]: (340.0797069373301,1)
[1879]: (340.4562953288931,1)
[1880]: (340.4731601481859,1)
[1881]: (340.1430225542232,1)
[1882]: (340.6110054806776,1)
[1883]: (340.2721356278285,1)
[1884]: (340.6444946329411,1)
[1885]: (340.487432610058,1)
[1886]: (340.6478901705269,1)
[1887]: (340.1347374309259,1)
[1888]: (340.0474005429728,1)
[1889]: (340.4765477927859,1)
[1890]: (340.5841182314654,1)
[1891]: (340.1281179604866,1)
[1892]: (340.4708373195791,1)
[1893]: (340.4259550371148,1)
[1894]: (340.6973949245427,1)
[1895]: (340.1157466545662,1)
[1896]: (340.0130959025005,1)
[1897]: (340.2623200887922,1)
[1898]: (340.1740794377551,1)
[1899]: (340.2552198322353,1)
[1900]: (340.9542176397994,1)
[1901]: (340.2834306385922,1)
[1902]: (340.1254315034156,1)
[1903]: (340.0716071544158,1)
[1904]: (340.1123413923403,1)
[1905]: (341.1736165601574,1)
[1906]: (340.9105387069498,1)
[1907]: (340.0557360809722,1)
[1908]: (340.1697187976283,1)
[1909]: (342.0769834157696,1)
[1910]: (340.1542925946666,1)
[1911]: (340.040243260751,1)
[1912]: (340.7268493959673,1)
[1913]: (340.022680572214,1)
[1914]: (340.9124917182736,1)
[1915]: (340.3657255175241,1)
[1916]: (340.7179967021688,1)
[1917]: (340.01005853085,1)
[1918]: (340.4125762212164,1)
[1919]: (340.1752073343722,1)
[1920]: (340.7775448652905,1)
[1921]: (340.0058369750928,1)
[1922]: (340.096184471367,1)
[1923]: (340.5697512760349,1)
[1924]: (340.2198862897114,1)
[1925]: (340.0730438400693,1)
[1926]: (340.203856373084,1)
[1927]: (340.0226104108997,1)
[1928]: (340.0246641904704,1)
[1929]: (340.504985612272,1)
[1930]: (340.5994116404556,1)
[1931]: (340.1381819068388,1)
[1932]: (340.0847611923775,1)
[1933]: (340.8856632263503,1)
[1934]: (340.5048320974265,1)
[1935]: (340.1996547448481,1)
[1936]: (340.2181824625732,1)
[1937]: (340.0064824163954,1)
[1938]: (340.1661367498625,1)
[1939]: (340.4403984319814,1)
[1940]: (340.8730675511848,1)
[1941]: (340.4352699994628,1)
[1942]: (342.4201310947101,1)
[1943]: (341.4629783266506,1)
[1944]: (340.3363314157713,1)
[1945]: (340.0900163508545,1)
[1946]: (340.3006911514152,1)
[1947]: (340.4032829342246,1)
[1948]: (340.5673349391836,1)
[1949]: (340.0859425693864,1)
[1950]: (340.5807146632051,1)
[1951]: (340.4293140209753,1)
[1952]: (340.246636105995,1)
[1953]: (340.5271699794319,1)
[1954]: (340.0428283900246,1)
[1955]: (340.2248384266392,1)
[1956]: (340.004470860417,1)
[1957]: (340.0310802324263,1)
[1958]: (340.412563769267,1)
[1959]: (340.776608557742,1)
[1960]: (340.010268425287,1)
[1961]: (340.0054339464716,1)
[1962]: (340.2465242268435,1)
[1963]: (340.1026780442967,1)
[1964]: (340.5146742067092,1)
[1965]: (340.3303213625143,1)
[1966]: (340.2613842221287,1)
[1967]: (340.6223164762051,1)
[1968]: (340.1700344899489,1)
[1969]: (340.1204778641601,1)
[1970]: (340.0055674999935,1)
[1971]: (340.2597492809911,1)
[1972]: (340.2546926904093,1)
[1973]: (341.6645811981986,1)
[1974]: (340.4956127466675,1)
[1975]: (340.2014430138956,1)
[1976]: (340.6277284619619,1)
[1977]: (341.1041275497153,1)
[1978]: (340.0686668375553,1)
[1979]: (340.2958466206616,1)
[1980]: (340.2470729628645,1)
[1981]: (340.4564492736976,1)
[1982]: (340.0576796092832,1)
[1983]: (342.3276842775023,1)
[1984]: (340.4544187180833,1)
[1985]: (340.4412917930795,1)
[1986]: (340.0991495262681,1)
[1987]: (340.1818009706716,1)
[1988]: (340.2404605956967,1)
[1989]: (340.6636381741083,1)
[1990]: (340.3575350003027,1)
[1991]: (340.2784868476414,1)
[1992]: (340.1935692366074,1)
[1993]: (340.3946149669985,1)
[1994]: (340.3766727308989,1)
[1995]: (340.0937619398023,1)
[1996]: (340.0039628601357,1)
[1997]: (340.9168534474369,1)
[1998]: (340.0957026641524,1)
[1999]: (340.0345269474794,1)
 -- States explored : 0 states
 -- CPU user time used : 1206450 ms
 -- Virtual memory used : 514692 KiB
 -- Resident memory used : 477908 KiB
executionTime: 7013
