core file size          (blocks, -c) unlimited
data seg size           (kbytes, -d) unlimited
scheduling priority             (-e) 0
file size               (blocks, -f) unlimited
pending signals                 (-i) 4077086
max locked memory       (kbytes, -l) 64
max memory size         (kbytes, -m) 99614720
open files                      (-n) 4096
pipe size            (512 bytes, -p) 8
POSIX message queues     (bytes, -q) 819200
real-time priority              (-r) 0
stack size              (kbytes, -s) 8192
cpu time               (seconds, -t) unlimited
max user processes              (-u) 4077086
virtual memory          (kbytes, -v) 95000000
file locks                      (-x) unlimited
Options for the verification:
  Generating some trace
  Search order is random depth first
  Using conservative space optimisation
  Seed is 1556891430
  State space representation uses minimal constraint systems
  Using HashMap + Compress integers for discrete state storage

Verifying formula 1 at ../queries/SN_300_43_16.q:1
 -- Formula is satisfied.
(9000 runs)
Learning statistics for best strategy: 
	Number of resets: 1
	Number of iterations in last reset: 11
	Number of iterations in total: 30

 -- States explored : 0 states
 -- CPU user time used : 3606270 ms
 -- Virtual memory used : 2725316 KiB
 -- Resident memory used : 2686012 KiB

Verifying formula 2 at ../queries/SN_300_43_16.q:3
 -- Formula is satisfied.
Composer.Done:
[0]: (0,0) (194.1134208778626,1)
[1]: (194.0470064364338,1)
[2]: (194.7055597269297,1)
[3]: (194.3265112054099,1)
[4]: (194.1199109190256,1)
[5]: (194.4872699220122,1)
[6]: (194.2932567177013,1)
[7]: (194.2213016146851,1)
[8]: (194.3795701329061,1)
[9]: (194.8530568954531,1)
[10]: (194.6907254896833,1)
[11]: (194.0610361127141,1)
[12]: (194.956664758477,1)
[13]: (194.2106302098826,1)
[14]: (194.1698887144637,1)
[15]: (194.9242277775874,1)
[16]: (195.2771534380774,1)
[17]: (194.1128013403086,1)
[18]: (194.5756313901415,1)
[19]: (194.4768630332764,1)
[20]: (194.4170332046706,1)
[21]: (194.2669525366871,1)
[22]: (194.3883307541601,1)
[23]: (194.2256923641902,1)
[24]: (194.3142170784734,1)
[25]: (194.4188309473567,1)
[26]: (194.0786019411238,1)
[27]: (194.7094559517887,1)
[28]: (194.3675185664303,1)
[29]: (194.001769323808,1)
[30]: (194.0238831083411,1)
[31]: (195.8476632354239,1)
[32]: (194.2271893842253,1)
[33]: (194.6731698308237,1)
[34]: (194.0021667778526,1)
[35]: (194.1997275253514,1)
[36]: (194.4635075408575,1)
[37]: (194.5283734226796,1)
[38]: (194.1713997238406,1)
[39]: (194.2739655570973,1)
[40]: (194.4766682465589,1)
[41]: (194.3835820108413,1)
[42]: (194.0733920533569,1)
[43]: (194.1937689986657,1)
[44]: (194.9721053190079,1)
[45]: (194.0004807429458,1)
[46]: (194.2544090221415,1)
[47]: (194.4739888528334,1)
[48]: (194.2105248201644,1)
[49]: (194.5627427478488,1)
[50]: (194.6020024835015,1)
[51]: (194.6628623362343,1)
[52]: (194.1855790135461,1)
[53]: (194.1174570786901,1)
[54]: (194.2444322188694,1)
[55]: (194.0324843941577,1)
[56]: (194.5245746691813,1)
[57]: (194.3404473873864,1)
[58]: (194.5392211881361,1)
[59]: (194.0052474994995,1)
[60]: (194.2556745537482,1)
[61]: (195.3723470361813,1)
[62]: (194.4169227751607,1)
[63]: (194.0794868999842,1)
[64]: (194.2839564204269,1)
[65]: (194.0489996161838,1)
[66]: (194.1822019377008,1)
[67]: (194.0995018266399,1)
[68]: (194.1499435915784,1)
[69]: (194.3743511638649,1)
[70]: (194.0705405368604,1)
[71]: (194.1550330062201,1)
[72]: (194.7724642711662,1)
[73]: (194.1845296465035,1)
[74]: (194.2584692753208,1)
[75]: (194.2434064611047,1)
[76]: (194.2472910034801,1)
[77]: (194.0326770879352,1)
[78]: (194.0280657241584,1)
[79]: (194.1546921433626,1)
[80]: (194.0241781880482,1)
[81]: (194.1922261179184,1)
[82]: (194.2874396807089,1)
[83]: (194.2284995860814,1)
[84]: (194.2634099036934,1)
[85]: (194.2579955811005,1)
[86]: (194.087360290481,1)
[87]: (194.0427476676975,1)
[88]: (194.3464207330303,1)
[89]: (194.3436259227348,1)
[90]: (194.3722848519822,1)
[91]: (194.8149297829178,1)
[92]: (194.2641001004473,1)
[93]: (194.310654521447,1)
[94]: (194.2923840495576,1)
[95]: (194.1385957792839,1)
[96]: (195.0424064625004,1)
[97]: (194.3582684784324,1)
[98]: (194.7052260106162,1)
[99]: (194.1771137937466,1)
[100]: (194.0665159658536,1)
[101]: (194.5186768356034,1)
[102]: (194.4603995945984,1)
[103]: (194.5880513037667,1)
[104]: (194.059988953119,1)
[105]: (194.6629502381031,1)
[106]: (194.1175623310617,1)
[107]: (194.3475465089707,1)
[108]: (194.0128472108223,1)
[109]: (194.0349372621279,1)
[110]: (194.0020950605322,1)
[111]: (194.0202791409935,1)
[112]: (194.1624298446067,1)
[113]: (194.1934399274522,1)
[114]: (195.0656289931299,1)
[115]: (194.3517641411725,1)
[116]: (194.3613568757051,1)
[117]: (194.4062923149629,1)
[118]: (194.2883878669184,1)
[119]: (194.0186949157755,1)
[120]: (194.5220643360424,1)
[121]: (194.0358335723003,1)
[122]: (194.0313290150954,1)
[123]: (194.1064368569988,1)
[124]: (194.2586008272701,1)
[125]: (194.3156585992454,1)
[126]: (194.2147049591186,1)
[127]: (195.0753363914786,1)
[128]: (194.2433044494364,1)
[129]: (194.6166362453676,1)
[130]: (194.0418659318596,1)
[131]: (194.3930564919877,1)
[132]: (194.4169637030751,1)
[133]: (194.6567737468949,1)
[134]: (194.195205962243,1)
[135]: (194.6439499426531,1)
[136]: (194.243914185153,1)
[137]: (195.0502445172406,1)
[138]: (194.2994554073892,1)
[139]: (194.0641875664672,1)
[140]: (194.7936038935661,1)
[141]: (194.1470044262799,1)
[142]: (194.5331467712698,1)
[143]: (194.1073063339963,1)
[144]: (194.5227409849919,1)
[145]: (194.07402388721,1)
[146]: (194.1353960967271,1)
[147]: (194.1342101125866,1)
[148]: (194.0051585663171,1)
[149]: (194.5654266855393,1)
[150]: (194.0735485288798,1)
[151]: (194.3482024618692,1)
[152]: (194.1678072661073,1)
[153]: (194.6425656774834,1)
[154]: (194.4844020548044,1)
[155]: (196.3836847196184,1)
[156]: (194.1189562857244,1)
[157]: (194.1307693139053,1)
[158]: (194.4563457717877,1)
[159]: (194.0747022731917,1)
[160]: (194.0872915532546,1)
[161]: (194.141855281129,1)
[162]: (194.4724919575886,1)
[163]: (194.1826087223521,1)
[164]: (194.8929215512768,1)
[165]: (194.5031689601403,1)
[166]: (194.5731790284396,1)
[167]: (194.2330658718375,1)
[168]: (194.2735476276627,1)
[169]: (194.200093880855,1)
[170]: (194.3230991222372,1)
[171]: (194.4282776232388,1)
[172]: (194.0277808585755,1)
[173]: (194.1594492945819,1)
[174]: (194.5447206689944,1)
[175]: (194.1899501253152,1)
[176]: (194.3114657759932,1)
[177]: (194.0026697597937,1)
[178]: (194.0444215521982,1)
[179]: (194.116799544679,1)
[180]: (194.0450904506376,1)
[181]: (194.127636215835,1)
[182]: (194.3611537865733,1)
[183]: (194.0727217998905,1)
[184]: (194.01255304976,1)
[185]: (194.0331437790562,1)
[186]: (194.2630543680646,1)
[187]: (194.1828540412264,1)
[188]: (194.3355206850792,1)
[189]: (194.0180894155415,1)
[190]: (194.8546570427836,1)
[191]: (194.134888007291,1)
[192]: (194.0534534047947,1)
[193]: (194.1168624124631,1)
[194]: (194.0389169591241,1)
[195]: (194.2593700613495,1)
[196]: (194.8141943464128,1)
[197]: (194.0367023380716,1)
[198]: (194.6085880140013,1)
[199]: (194.3726356141918,1)
[200]: (194.1610141637272,1)
[201]: (194.0429981559194,1)
[202]: (194.0204525900201,1)
[203]: (194.6857126139687,1)
[204]: (194.0785767095807,1)
[205]: (194.1573340905263,1)
[206]: (195.0029522566965,1)
[207]: (194.0091357497469,1)
[208]: (194.1065848644505,1)
[209]: (194.1662634544553,1)
[210]: (194.153460854937,1)
[211]: (194.1300828793007,1)
[212]: (194.0697942112471,1)
[213]: (194.0540617718731,1)
[214]: (194.08058356564,1)
[215]: (195.6200860586607,1)
[216]: (194.5282138489878,1)
[217]: (194.0009753436856,1)
[218]: (194.2802274053861,1)
[219]: (194.4441467745598,1)
[220]: (194.1620703420346,1)
[221]: (194.0537811631844,1)
[222]: (194.0725565004299,1)
[223]: (194.0525717957433,1)
[224]: (194.1553264140036,1)
[225]: (194.2604019198283,1)
[226]: (194.103326300649,1)
[227]: (194.0259532149233,1)
[228]: (194.7240297526961,1)
[229]: (194.0218948294096,1)
[230]: (194.0808369819839,1)
[231]: (194.134018868962,1)
[232]: (194.5731777854833,1)
[233]: (194.4197603761931,1)
[234]: (194.2826049301063,1)
[235]: (194.1070357626056,1)
[236]: (194.2931224622568,1)
[237]: (194.5729017920777,1)
[238]: (194.0222712238631,1)
[239]: (194.3929700043867,1)
[240]: (194.0534900506511,1)
[241]: (195.1314429265438,1)
[242]: (194.123983538866,1)
[243]: (194.34137007764,1)
[244]: (194.3332149481299,1)
[245]: (194.4913508019798,1)
[246]: (194.4441770067312,1)
[247]: (194.3226053795528,1)
[248]: (194.3588603890566,1)
[249]: (194.051751856025,1)
[250]: (194.0688649978545,1)
[251]: (194.9800192051528,1)
[252]: (194.2216961345609,1)
[253]: (194.9509349801307,1)
[254]: (194.0203850897079,1)
[255]: (194.3625990012151,1)
[256]: (194.3910167063339,1)
[257]: (195.25951577225,1)
[258]: (195.2073744280586,1)
[259]: (194.429877081431,1)
[260]: (194.0973975380966,1)
[261]: (194.0006564062213,1)
[262]: (195.1884353656994,1)
[263]: (194.0602685287268,1)
[264]: (195.3546022348211,1)
[265]: (194.4339258089432,1)
[266]: (194.1281086498308,1)
[267]: (194.1342746057136,1)
[268]: (194.6911046732598,1)
[269]: (194.0756000082842,1)
[270]: (194.2517909678699,1)
[271]: (194.1210089904371,1)
[272]: (194.0062688287044,1)
[273]: (194.0742306594109,1)
[274]: (194.0889098611112,1)
[275]: (194.1758222568259,1)
[276]: (194.5554570094158,1)
[277]: (194.0091771023978,1)
[278]: (194.0500743756526,1)
[279]: (194.1647439353361,1)
[280]: (194.1122389755563,1)
[281]: (194.4136424331895,1)
[282]: (194.019221694598,1)
[283]: (194.0533900093672,1)
[284]: (194.0008871432767,1)
[285]: (194.1255818705662,1)
[286]: (194.1685951674459,1)
[287]: (194.5973301097316,1)
[288]: (194.3964157838537,1)
[289]: (194.0058067111373,1)
[290]: (195.6766635957422,1)
[291]: (194.0092322856102,1)
[292]: (194.4767898212951,1)
[293]: (194.114439216048,1)
[294]: (194.3163251929035,1)
[295]: (194.8360800821094,1)
[296]: (194.0414131994307,1)
[297]: (194.507526407424,1)
[298]: (194.4705066080503,1)
[299]: (194.1692473794588,1)
[300]: (194.8269928898582,1)
[301]: (194.127758557991,1)
[302]: (194.2671222201597,1)
[303]: (194.276333964331,1)
[304]: (194.1006535369456,1)
[305]: (194.4864094201005,1)
[306]: (194.0073635707465,1)
[307]: (194.064730876011,1)
[308]: (194.5494514312945,1)
[309]: (194.8106130724994,1)
[310]: (194.42397081415,1)
[311]: (194.3248496028804,1)
[312]: (194.9853381346405,1)
[313]: (194.028820719988,1)
[314]: (194.449581155759,1)
[315]: (194.1493272270255,1)
[316]: (194.4442026033693,1)
[317]: (194.1878058776089,1)
[318]: (194.0171495607692,1)
[319]: (194.3064536099417,1)
[320]: (194.3081253874456,1)
[321]: (194.024021297832,1)
[322]: (194.1383901005333,1)
[323]: (194.0974534274726,1)
[324]: (194.1942532216588,1)
[325]: (194.3165611864411,1)
[326]: (194.0262305454401,1)
[327]: (194.2271806697946,1)
[328]: (194.8741193144469,1)
[329]: (194.4429532574833,1)
[330]: (194.7853493845879,1)
[331]: (194.8089927916139,1)
[332]: (194.1867795704344,1)
[333]: (194.5239150971787,1)
[334]: (194.0390934623592,1)
[335]: (194.014070337521,1)
[336]: (194.0019860312945,1)
[337]: (194.0550558089395,1)
[338]: (195.1064729785989,1)
[339]: (194.2918577626952,1)
[340]: (194.2955346000415,1)
[341]: (194.7092127361506,1)
[342]: (194.0514651762916,1)
[343]: (194.1199658464841,1)
[344]: (194.1009262302062,1)
[345]: (194.1344779488208,1)
[346]: (194.2212307972922,1)
[347]: (194.116857887534,1)
[348]: (194.884330054496,1)
[349]: (194.2402322725017,1)
[350]: (194.0283635256421,1)
[351]: (194.2234380315013,1)
[352]: (195.5566490383409,1)
[353]: (194.3100806293489,1)
[354]: (194.5138561609177,1)
[355]: (194.0263581262639,1)
[356]: (194.3704311459392,1)
[357]: (194.2841914765991,1)
[358]: (194.0566501887337,1)
[359]: (194.35065907832,1)
[360]: (194.412236018669,1)
[361]: (194.0134534559962,1)
[362]: (194.5101481278284,1)
[363]: (194.0295708518917,1)
[364]: (194.0478932231455,1)
[365]: (194.2076855807179,1)
[366]: (194.0228070098809,1)
[367]: (194.4279477757191,1)
[368]: (194.4905272281269,1)
[369]: (194.4007145761055,1)
[370]: (196.0826665751249,1)
[371]: (194.7110935639599,1)
[372]: (195.0146366100572,1)
[373]: (194.2901935738696,1)
[374]: (194.4376421909737,1)
[375]: (194.0295992162445,1)
[376]: (194.3118043781325,1)
[377]: (194.342507679788,1)
[378]: (194.0614189273441,1)
[379]: (194.3924388577199,1)
[380]: (194.0014823361303,1)
[381]: (194.0049022263657,1)
[382]: (194.6485979373444,1)
[383]: (195.0578169741518,1)
[384]: (194.1837816265338,1)
[385]: (194.1560122662059,1)
[386]: (194.5459391821554,1)
[387]: (194.0024151968295,1)
[388]: (194.1024634563068,1)
[389]: (194.0848945203576,1)
[390]: (195.5658713964141,1)
[391]: (194.2871541296259,1)
[392]: (194.2241800577746,1)
[393]: (194.3507224741866,1)
[394]: (194.0324578779911,1)
[395]: (194.7675946359325,1)
[396]: (194.7821159679783,1)
[397]: (194.4142080526288,1)
[398]: (194.2943370537817,1)
[399]: (194.6450631291646,1)
[400]: (194.28329247951,1)
[401]: (194.0103678094335,1)
[402]: (194.4531352773625,1)
[403]: (194.2562676489461,1)
[404]: (194.9018361726571,1)
[405]: (194.4488994437347,1)
[406]: (195.3522915114411,1)
[407]: (194.2076639082404,1)
[408]: (194.4304128789322,1)
[409]: (194.0672775105265,1)
[410]: (194.8798655909007,1)
[411]: (194.0955200753774,1)
[412]: (194.1006134185051,1)
[413]: (194.1472722160834,1)
[414]: (194.8412358253874,1)
[415]: (194.3807725998765,1)
[416]: (194.0540513848488,1)
[417]: (194.0994800152713,1)
[418]: (194.5644598588842,1)
[419]: (194.2220044346442,1)
[420]: (194.3123799339098,1)
[421]: (194.5323984241969,1)
[422]: (194.4200255492464,1)
[423]: (194.1065934831992,1)
[424]: (194.2578304756392,1)
[425]: (194.0118280117347,1)
[426]: (194.8629698963022,1)
[427]: (194.1022696391381,1)
[428]: (194.2398654724222,1)
[429]: (194.2984465104044,1)
[430]: (194.2804716796735,1)
[431]: (194.1781587088481,1)
[432]: (194.2136900631266,1)
[433]: (194.4295519471629,1)
[434]: (194.1502129748507,1)
[435]: (194.1725408405525,1)
[436]: (194.1138443231465,1)
[437]: (194.4093778327939,1)
[438]: (194.3726399888598,1)
[439]: (194.2369584543954,1)
[440]: (194.1309376913396,1)
[441]: (194.239171516798,1)
[442]: (194.4580818270429,1)
[443]: (194.2085487598557,1)
[444]: (194.1017292592401,1)
[445]: (194.0133289010109,1)
[446]: (194.6216683065864,1)
[447]: (194.3614900692127,1)
[448]: (194.3302273241804,1)
[449]: (194.1455075341576,1)
[450]: (194.1895103413734,1)
[451]: (194.1678464295455,1)
[452]: (194.1389750220445,1)
[453]: (194.668248059745,1)
[454]: (195.4569042204135,1)
[455]: (194.0722077860789,1)
[456]: (194.1133636621203,1)
[457]: (194.1220273171442,1)
[458]: (195.9998827701666,1)
[459]: (194.289735548591,1)
[460]: (194.3021384693846,1)
[461]: (194.8509303607242,1)
[462]: (194.2807148806985,1)
[463]: (194.9328147949486,1)
[464]: (194.0089332965345,1)
[465]: (195.2401766651811,1)
[466]: (194.3092243978413,1)
[467]: (194.0579192415121,1)
[468]: (194.0656314950047,1)
[469]: (194.6994613015196,1)
[470]: (194.1282544390128,1)
[471]: (194.009128471485,1)
[472]: (194.0619305999298,1)
[473]: (194.1756015213972,1)
[474]: (194.0063682068535,1)
[475]: (195.2335319508855,1)
[476]: (194.4520572750929,1)
[477]: (194.3476611672604,1)
[478]: (194.0609795366878,1)
[479]: (194.0406572895131,1)
[480]: (194.1431461770683,1)
[481]: (195.4598429375168,1)
[482]: (194.0301189087278,1)
[483]: (194.3002900297833,1)
[484]: (194.4524291286299,1)
[485]: (194.6940340994067,1)
[486]: (195.1194521308375,1)
[487]: (194.2407737477411,1)
[488]: (195.2325474210933,1)
[489]: (194.4499510148601,1)
[490]: (194.3227899704803,1)
[491]: (194.548362662557,1)
[492]: (194.4916473302211,1)
[493]: (194.8498080170393,1)
[494]: (194.9950378279453,1)
[495]: (194.0640577432293,1)
[496]: (194.3808696668636,1)
[497]: (194.6468690057833,1)
[498]: (194.325084726208,1)
[499]: (194.2394214353475,1)
[500]: (194.8557911532212,1)
[501]: (194.2140610638706,1)
[502]: (194.1445128062787,1)
[503]: (194.6222738725696,1)
[504]: (194.6783779374074,1)
[505]: (194.1240995769573,1)
[506]: (194.4786591295873,1)
[507]: (195.7133607964583,1)
[508]: (194.0767518174173,1)
[509]: (194.2766842621089,1)
[510]: (194.2936500716665,1)
[511]: (194.4334733813573,1)
[512]: (194.567928323611,1)
[513]: (194.6455455873525,1)
[514]: (194.2596012574189,1)
[515]: (194.2597961032144,1)
[516]: (194.215829780979,1)
[517]: (194.8367157485921,1)
[518]: (194.1297344691855,1)
[519]: (194.0133816687927,1)
[520]: (194.3374027285905,1)
[521]: (194.6430767840583,1)
[522]: (194.0046808429517,1)
[523]: (194.3169231362106,1)
[524]: (194.472343104523,1)
[525]: (194.0307485463087,1)
[526]: (194.0103030271426,1)
[527]: (194.8518893364447,1)
[528]: (194.0243241846781,1)
[529]: (194.179793647935,1)
[530]: (194.0682052781137,1)
[531]: (194.738961038252,1)
[532]: (194.0489733441538,1)
[533]: (194.0313999714049,1)
[534]: (194.0370600878667,1)
[535]: (194.5616872447741,1)
[536]: (194.14556373554,1)
[537]: (194.5997586548709,1)
[538]: (194.1368133853756,1)
[539]: (194.42808961822,1)
[540]: (194.238786124739,1)
[541]: (194.1955761530637,1)
[542]: (194.1477113227919,1)
[543]: (194.1810851048788,1)
[544]: (194.1655222936088,1)
[545]: (194.0418379122112,1)
[546]: (194.1341661590959,1)
[547]: (194.099436285903,1)
[548]: (194.0413539127564,1)
[549]: (194.4450326712453,1)
[550]: (194.0214838891512,1)
[551]: (194.1281891211786,1)
[552]: (194.3326139020714,1)
[553]: (194.0160139515945,1)
[554]: (194.4240578117575,1)
[555]: (194.1457453165278,1)
[556]: (195.1301286037084,1)
[557]: (194.2467211514197,1)
[558]: (194.1652570554489,1)
[559]: (194.302532634383,1)
[560]: (194.1308767127898,1)
[561]: (194.7121773158836,1)
[562]: (194.3905157046818,1)
[563]: (194.53213823132,1)
[564]: (195.1036215841887,1)
[565]: (194.7106182278047,1)
[566]: (194.3189267935035,1)
[567]: (194.2190988695957,1)
[568]: (194.3153468473104,1)
[569]: (194.0711395775141,1)
[570]: (194.2576724879292,1)
[571]: (194.3321765312249,1)
[572]: (194.1423837688459,1)
[573]: (194.1247513949992,1)
[574]: (194.2707497235802,1)
[575]: (194.3014346347821,1)
[576]: (194.4064052573292,1)
[577]: (194.3611155252043,1)
[578]: (194.1679507852175,1)
[579]: (195.0727611798561,1)
[580]: (194.7537930426556,1)
[581]: (194.1146189694964,1)
[582]: (194.2122960104227,1)
[583]: (194.1592404165805,1)
[584]: (194.1649682463301,1)
[585]: (194.2194793890251,1)
[586]: (194.9773697742916,1)
[587]: (194.0376545348722,1)
[588]: (194.0500997495571,1)
[589]: (194.1890238745366,1)
[590]: (194.1325853750446,1)
[591]: (194.6449820939921,1)
[592]: (194.1781341028803,1)
[593]: (194.190747075741,1)
[594]: (194.1675887597539,1)
[595]: (194.566603810949,1)
[596]: (194.5754334972161,1)
[597]: (194.1947354819015,1)
[598]: (194.0607697624149,1)
[599]: (194.0534442570437,1)
[600]: (194.1794772756509,1)
[601]: (194.1315047510957,1)
[602]: (194.9046403199317,1)
[603]: (194.5364481858111,1)
[604]: (194.0741312186178,1)
[605]: (194.0553598151251,1)
[606]: (194.2573972996427,1)
[607]: (194.7991205658308,1)
[608]: (194.1493607085165,1)
[609]: (194.395809321615,1)
[610]: (194.8748427924332,1)
[611]: (194.0191951253711,1)
[612]: (194.4816166509835,1)
[613]: (194.2841235971537,1)
[614]: (194.2099136609082,1)
[615]: (194.4337331416551,1)
[616]: (194.0229390510002,1)
[617]: (194.0298733785708,1)
[618]: (194.6203958977852,1)
[619]: (194.373672576126,1)
[620]: (194.004078902063,1)
[621]: (194.1792577021934,1)
[622]: (194.0357363495513,1)
[623]: (194.3171655695097,1)
[624]: (194.0542776821628,1)
[625]: (194.2053370359559,1)
[626]: (194.1315898993465,1)
[627]: (194.2075336924556,1)
[628]: (194.733773131703,1)
[629]: (194.017225246276,1)
[630]: (194.0689555787382,1)
[631]: (194.3643891982508,1)
[632]: (194.1884090079607,1)
[633]: (194.138627549352,1)
[634]: (194.0666863358656,1)
[635]: (194.0899477079254,1)
[636]: (194.2140031115214,1)
[637]: (194.1488293536846,1)
[638]: (194.2632036623422,1)
[639]: (194.0055095634717,1)
[640]: (194.700802056658,1)
[641]: (194.0133708424673,1)
[642]: (194.0390307538617,1)
[643]: (194.1281692791056,1)
[644]: (194.1027833223972,1)
[645]: (194.2765412598977,1)
[646]: (194.0030674901261,1)
[647]: (194.2832625579574,1)
[648]: (194.0268233017431,1)
[649]: (194.1149587987313,1)
[650]: (194.7243078638419,1)
[651]: (195.6508187025707,1)
[652]: (194.6511948766281,1)
[653]: (194.7191049907852,1)
[654]: (194.9218544795625,1)
[655]: (194.5741378659824,1)
[656]: (194.6888155832962,1)
[657]: (194.2622984434352,1)
[658]: (194.3477622186935,1)
[659]: (194.1051537754348,1)
[660]: (194.1138825218968,1)
[661]: (194.3932951431871,1)
[662]: (194.0779790175242,1)
[663]: (194.1832748644131,1)
[664]: (194.0557806851913,1)
[665]: (194.1370254551904,1)
[666]: (194.4184716363267,1)
[667]: (195.5299198339737,1)
[668]: (194.1651972528123,1)
[669]: (194.1580318804633,1)
[670]: (194.3005391304356,1)
[671]: (194.4359557355207,1)
[672]: (194.0261464798844,1)
[673]: (194.2872966457968,1)
[674]: (194.01566971841,1)
[675]: (194.4753171267012,1)
[676]: (194.0394737482146,1)
[677]: (194.340968222234,1)
[678]: (194.1143498910916,1)
[679]: (194.2960490644897,1)
[680]: (194.2221366653176,1)
[681]: (194.0631402277577,1)
[682]: (194.6756643099459,1)
[683]: (194.0515079327506,1)
[684]: (194.879721655117,1)
[685]: (194.2043567791836,1)
[686]: (195.3788570279259,1)
[687]: (194.0084994252572,1)
[688]: (194.2792047496043,1)
[689]: (194.1681366896222,1)
[690]: (194.9265675878981,1)
[691]: (194.4087099507771,1)
[692]: (194.858383361525,1)
[693]: (196.0608524945615,1)
[694]: (194.0486532170434,1)
[695]: (194.4577826287746,1)
[696]: (194.4844539137733,1)
[697]: (194.0072603498197,1)
[698]: (194.0515792933343,1)
[699]: (194.1910528190029,1)
[700]: (195.0533516937895,1)
[701]: (194.0704973422892,1)
[702]: (194.2938216841445,1)
[703]: (194.1000179795346,1)
[704]: (194.7735226858118,1)
[705]: (194.4613239930778,1)
[706]: (194.2480813532704,1)
[707]: (194.3026287230794,1)
[708]: (194.1148766245346,1)
[709]: (194.342461172317,1)
[710]: (194.0282496704644,1)
[711]: (194.1204946272137,1)
[712]: (194.0315892663136,1)
[713]: (194.1308713624823,1)
[714]: (194.5693444054877,1)
[715]: (194.1962078659414,1)
[716]: (194.2429946107435,1)
[717]: (194.5547346082956,1)
[718]: (194.783857155637,1)
[719]: (194.388720197342,1)
[720]: (194.2165918460675,1)
[721]: (194.3945895904107,1)
[722]: (194.006817870431,1)
[723]: (194.0865263494166,1)
[724]: (194.434682485057,1)
[725]: (194.3393997183131,1)
[726]: (194.0637838900475,1)
[727]: (194.0556716684815,1)
[728]: (194.1529858118071,1)
[729]: (194.8404977970546,1)
[730]: (194.1002823660586,1)
[731]: (194.0114159720081,1)
[732]: (194.4797194950283,1)
[733]: (194.0885301839173,1)
[734]: (194.0963515391358,1)
[735]: (194.1623089979178,1)
[736]: (195.1683240935151,1)
[737]: (194.8854222705654,1)
[738]: (194.1197154567265,1)
[739]: (194.1329333026328,1)
[740]: (194.0513657212085,1)
[741]: (194.0824810602374,1)
[742]: (194.034716016578,1)
[743]: (194.9063367815211,1)
[744]: (194.5018083912497,1)
[745]: (194.0631054331765,1)
[746]: (194.2419759266929,1)
[747]: (194.0497096713962,1)
[748]: (194.417013363178,1)
[749]: (194.1238398807304,1)
[750]: (194.3025330038378,1)
[751]: (194.3661157868008,1)
[752]: (194.5563298563201,1)
[753]: (194.2774541048839,1)
[754]: (195.749130638456,1)
[755]: (194.000312423423,1)
[756]: (194.0073739816145,1)
[757]: (194.0882295994263,1)
[758]: (194.4017041880779,1)
[759]: (194.4179632035468,1)
[760]: (194.0269068509779,1)
[761]: (194.2468085819492,1)
[762]: (194.5032145529016,1)
[763]: (194.4570335020093,1)
[764]: (194.3784816250321,1)
[765]: (194.3620553291126,1)
[766]: (194.1004358287306,1)
[767]: (194.1297527239249,1)
[768]: (194.3254900115142,1)
[769]: (194.4250991361419,1)
[770]: (194.6877943590356,1)
[771]: (194.3539436968266,1)
[772]: (194.2448054340556,1)
[773]: (194.176981425133,1)
[774]: (194.0569174523666,1)
[775]: (194.0815915891003,1)
[776]: (194.051958690813,1)
[777]: (194.5994456859233,1)
[778]: (194.0862897785865,1)
[779]: (194.917890820634,1)
[780]: (194.4406847102514,1)
[781]: (194.3719932892756,1)
[782]: (194.4945062501522,1)
[783]: (194.6245043109256,1)
[784]: (194.5063758454123,1)
[785]: (194.6249455803842,1)
[786]: (194.006587160826,1)
[787]: (194.3282238621211,1)
[788]: (194.1490311776292,1)
[789]: (194.1567904123599,1)
[790]: (194.0060641620749,1)
[791]: (194.490094314637,1)
[792]: (194.1608874149374,1)
[793]: (194.2429638591467,1)
[794]: (194.0973613240493,1)
[795]: (194.2746443537798,1)
[796]: (194.1943505537104,1)
[797]: (194.4227426162921,1)
[798]: (194.1689610378037,1)
[799]: (194.333152749164,1)
[800]: (194.343139407325,1)
[801]: (194.0033166020432,1)
[802]: (194.1722633088572,1)
[803]: (194.0695270124168,1)
[804]: (194.6371762358863,1)
[805]: (195.7159358560525,1)
[806]: (194.6191194009103,1)
[807]: (194.794759248703,1)
[808]: (195.403610678618,1)
[809]: (194.1090766094121,1)
[810]: (194.0803014135994,1)
[811]: (194.2889694945396,1)
[812]: (194.3610971960027,1)
[813]: (194.3155824214013,1)
[814]: (194.393208094408,1)
[815]: (195.389134104036,1)
[816]: (194.0296662791148,1)
[817]: (194.2500342534429,1)
[818]: (194.1506030024915,1)
[819]: (194.1063908209697,1)
[820]: (194.9662038167661,1)
[821]: (194.0555121348635,1)
[822]: (194.4749483438965,1)
[823]: (194.0663725541872,1)
[824]: (194.2707000776479,1)
[825]: (194.4123232332148,1)
[826]: (194.4214467535222,1)
[827]: (194.3399622882027,1)
[828]: (194.3933064224649,1)
[829]: (194.1190470663802,1)
[830]: (194.2101426637846,1)
[831]: (195.1116986713327,1)
[832]: (194.1733061620516,1)
[833]: (194.3829159383781,1)
[834]: (194.1441996194373,1)
[835]: (194.0241460743759,1)
[836]: (194.0934575602257,1)
[837]: (194.1930429101043,1)
[838]: (194.5327792599278,1)
[839]: (195.0451128605137,1)
[840]: (194.0582356182444,1)
[841]: (194.7589386592519,1)
[842]: (194.2478954440604,1)
[843]: (194.7200900672404,1)
[844]: (194.0988388004854,1)
[845]: (194.5926112064658,1)
[846]: (194.0405079652143,1)
[847]: (194.9769122507157,1)
[848]: (194.0453940801558,1)
[849]: (194.9552051122444,1)
[850]: (194.1489670061726,1)
[851]: (194.1058502078082,1)
[852]: (194.4331637302401,1)
[853]: (194.0491963737284,1)
[854]: (194.4135098724435,1)
[855]: (194.6806677694998,1)
[856]: (194.7008994870663,1)
[857]: (194.6389594701697,1)
[858]: (194.135619671888,1)
[859]: (194.5276854730146,1)
[860]: (194.1482934118466,1)
[861]: (194.8942824487704,1)
[862]: (194.0358904285986,1)
[863]: (194.055851671772,1)
[864]: (194.9214939871082,1)
[865]: (194.4041729766314,1)
[866]: (195.2984377408505,1)
[867]: (194.1155241045636,1)
[868]: (194.1848297305879,1)
[869]: (194.0737241235923,1)
[870]: (194.4424944900756,1)
[871]: (194.4156611414952,1)
[872]: (194.3613978420164,1)
[873]: (194.8008433553335,1)
[874]: (194.0318477246511,1)
[875]: (194.2341251319255,1)
[876]: (194.0872865108552,1)
[877]: (194.4918920053332,1)
[878]: (194.2660783311135,1)
[879]: (194.2716758981181,1)
[880]: (194.0747466812627,1)
[881]: (194.6758802359989,1)
[882]: (195.5271562707015,1)
[883]: (194.5612870352506,1)
[884]: (194.0310592777509,1)
[885]: (194.5268251834669,1)
[886]: (194.5368569511309,1)
[887]: (194.1943320728448,1)
[888]: (194.2789289343484,1)
[889]: (194.1176490368315,1)
[890]: (195.8028801773575,1)
[891]: (194.0844735765041,1)
[892]: (194.0472368571521,1)
[893]: (194.0754958249871,1)
[894]: (194.1231412954023,1)
[895]: (194.1550018238913,1)
[896]: (195.320712536287,1)
[897]: (194.1388500572234,1)
[898]: (194.0128655140905,1)
[899]: (194.3804175499035,1)
[900]: (194.3479664593481,1)
[901]: (195.191489404151,1)
[902]: (194.2820709123398,1)
[903]: (194.1540706937981,1)
[904]: (194.5142758220153,1)
[905]: (194.0122947092612,1)
[906]: (194.5077551433023,1)
[907]: (194.341752388513,1)
[908]: (194.0305725446077,1)
[909]: (194.2277725582665,1)
[910]: (194.3421740796707,1)
[911]: (195.5685143374849,1)
[912]: (194.2239225019271,1)
[913]: (194.1657098940855,1)
[914]: (194.3166452118991,1)
[915]: (194.3692796946281,1)
[916]: (194.0812435857187,1)
[917]: (194.0159932290148,1)
[918]: (194.8724479898302,1)
[919]: (194.0435928731096,1)
[920]: (194.9749679389104,1)
[921]: (194.442552545943,1)
[922]: (194.0102702301501,1)
[923]: (194.1096513329782,1)
[924]: (195.0235856989301,1)
[925]: (194.1417188757862,1)
[926]: (194.2313288716271,1)
[927]: (194.7590820139783,1)
[928]: (194.1116414660828,1)
[929]: (194.0965614870697,1)
[930]: (194.1250463156254,1)
[931]: (194.1971307058778,1)
[932]: (194.529027431611,1)
[933]: (194.0703408761612,1)
[934]: (194.0233782751522,1)
[935]: (194.0904444212001,1)
[936]: (194.0553728923393,1)
[937]: (194.4140030621501,1)
[938]: (194.4099245169093,1)
[939]: (194.4953872850772,1)
[940]: (194.1142502247886,1)
[941]: (194.2929936735099,1)
[942]: (194.4137444834147,1)
[943]: (194.8765193483962,1)
[944]: (194.1433066694677,1)
[945]: (194.2089265894016,1)
[946]: (194.1979497430641,1)
[947]: (194.0102722142284,1)
[948]: (194.5684119406471,1)
[949]: (194.2284947257558,1)
[950]: (194.0957927986134,1)
[951]: (194.8611241054663,1)
[952]: (194.1990655894875,1)
[953]: (195.0388055715221,1)
[954]: (194.6511309724075,1)
[955]: (194.0827116729901,1)
[956]: (194.6581553438751,1)
[957]: (194.0878683610928,1)
[958]: (194.6675183575564,1)
[959]: (194.0133771003052,1)
[960]: (194.2263969292073,1)
[961]: (194.3800102633574,1)
[962]: (195.1210921728791,1)
[963]: (194.0437328346077,1)
[964]: (194.2357006004898,1)
[965]: (194.5136636470371,1)
[966]: (194.1390587991986,1)
[967]: (195.3937424219677,1)
[968]: (194.0958063063633,1)
[969]: (194.9255359386529,1)
[970]: (194.0044464600412,1)
[971]: (194.2537786648895,1)
[972]: (194.4052148706859,1)
[973]: (194.5924767928468,1)
[974]: (194.2632564030414,1)
[975]: (194.4144761224817,1)
[976]: (194.2971819437374,1)
[977]: (194.1273843615532,1)
[978]: (194.7310532485145,1)
[979]: (194.5800392835149,1)
[980]: (194.2463483957299,1)
[981]: (195.0888466311958,1)
[982]: (194.2145737265553,1)
[983]: (194.3860840482067,1)
[984]: (194.4955543927251,1)
[985]: (194.1295055044929,1)
[986]: (194.2261005205369,1)
[987]: (194.6719759013216,1)
[988]: (194.1524863212895,1)
[989]: (194.0426663161621,1)
[990]: (194.3235843451825,1)
[991]: (194.9425910260491,1)
[992]: (194.0084220349782,1)
[993]: (194.0767032323519,1)
[994]: (194.4178344669073,1)
[995]: (194.5035107907053,1)
[996]: (194.29027622891,1)
[997]: (194.8759257622987,1)
[998]: (194.4831815642676,1)
[999]: (194.8532321801757,1)
[1000]: (194.1930116872577,1)
[1001]: (194.25410467239,1)
[1002]: (194.7883824512399,1)
[1003]: (195.4991985156422,1)
[1004]: (194.7874852745632,1)
[1005]: (194.49317154798,1)
[1006]: (194.617007483824,1)
[1007]: (194.200587471562,1)
[1008]: (194.0093630572977,1)
[1009]: (194.0768727160259,1)
[1010]: (194.2247890928087,1)
[1011]: (194.0156029581499,1)
[1012]: (194.8665788399461,1)
[1013]: (194.0259940268773,1)
[1014]: (194.4123953107905,1)
[1015]: (194.1484072937016,1)
[1016]: (194.0940109007382,1)
[1017]: (194.3803173111272,1)
[1018]: (194.1135651224293,1)
[1019]: (194.1035640650718,1)
[1020]: (194.0943951355033,1)
[1021]: (194.0035432868301,1)
[1022]: (194.0488404206076,1)
[1023]: (194.0357629103647,1)
[1024]: (194.1152125447406,1)
[1025]: (194.6926315279438,1)
[1026]: (194.5518109378332,1)
[1027]: (194.0085530209587,1)
[1028]: (194.723908098743,1)
[1029]: (194.7229546832659,1)
[1030]: (194.0419106725143,1)
[1031]: (194.0813638379173,1)
[1032]: (194.0705985419726,1)
[1033]: (194.1547985524579,1)
[1034]: (194.0109300060358,1)
[1035]: (194.3828159278002,1)
[1036]: (194.0308317637939,1)
[1037]: (194.2510119278147,1)
[1038]: (194.2861073052542,1)
[1039]: (194.9971352833626,1)
[1040]: (194.5996525804362,1)
[1041]: (194.2617470791468,1)
[1042]: (194.157605624753,1)
[1043]: (194.1014950894192,1)
[1044]: (194.0969474031279,1)
[1045]: (194.6810135720455,1)
[1046]: (194.1205818299495,1)
[1047]: (194.2389746280504,1)
[1048]: (194.0495517323715,1)
[1049]: (194.1841183959893,1)
[1050]: (194.6403871170843,1)
[1051]: (194.0427872897548,1)
[1052]: (194.0920913660259,1)
[1053]: (194.429288687128,1)
[1054]: (194.2734532069165,1)
[1055]: (194.0614058047542,1)
[1056]: (194.6887451823456,1)
[1057]: (194.2526414519984,1)
[1058]: (194.3424497851064,1)
[1059]: (194.1451061696124,1)
[1060]: (194.0130459934746,1)
[1061]: (194.1415953999856,1)
[1062]: (194.3891602040934,1)
[1063]: (194.0620206863554,1)
[1064]: (194.9940176164377,1)
[1065]: (194.552758289698,1)
[1066]: (195.1776457805229,1)
[1067]: (194.2439617141289,1)
[1068]: (194.1677050852504,1)
[1069]: (194.0542736561397,1)
[1070]: (195.3097455106954,1)
[1071]: (194.4089730813147,1)
[1072]: (194.3962164516256,1)
[1073]: (194.5037796033309,1)
[1074]: (196.2039558972695,1)
[1075]: (194.4498252887128,1)
[1076]: (194.171704871568,1)
[1077]: (194.0502606689575,1)
[1078]: (194.5917165536834,1)
[1079]: (194.1570022678364,1)
[1080]: (194.5467529520452,1)
[1081]: (194.2455016692161,1)
[1082]: (194.1132353354588,1)
[1083]: (194.7397003981239,1)
[1084]: (194.252618296509,1)
[1085]: (194.144510174427,1)
[1086]: (194.1841182764897,1)
[1087]: (194.5765624323761,1)
[1088]: (194.3721735549963,1)
[1089]: (194.1080562641422,1)
[1090]: (194.0563190466838,1)
[1091]: (195.0471655244382,1)
[1092]: (194.0075790105773,1)
[1093]: (194.0500448119975,1)
[1094]: (194.2930956077485,1)
[1095]: (195.3052025521716,1)
[1096]: (194.8176998127192,1)
[1097]: (194.0954697398615,1)
[1098]: (194.2183350203802,1)
[1099]: (194.3801983782091,1)
[1100]: (194.0678687139232,1)
[1101]: (194.7428499394125,1)
[1102]: (194.5709286674265,1)
[1103]: (194.2892390473681,1)
[1104]: (194.7178832314242,1)
[1105]: (194.8305615411843,1)
[1106]: (194.1304652506943,1)
[1107]: (194.1468412186749,1)
[1108]: (194.2366897563596,1)
[1109]: (194.2341763065511,1)
[1110]: (194.1006589205001,1)
[1111]: (194.4195608061264,1)
[1112]: (194.4192322326027,1)
[1113]: (194.3213560395596,1)
[1114]: (194.405654109176,1)
[1115]: (195.0401033071098,1)
[1116]: (194.3106739087225,1)
[1117]: (194.1391754684958,1)
[1118]: (194.0417545300837,1)
[1119]: (195.3124779738923,1)
[1120]: (194.4664939669649,1)
[1121]: (194.0786457842295,1)
[1122]: (194.0058831355651,1)
[1123]: (194.1496366163216,1)
[1124]: (194.1465102680128,1)
[1125]: (194.0117579886992,1)
[1126]: (194.219226147769,1)
[1127]: (194.8313480051001,1)
[1128]: (194.4210205773874,1)
[1129]: (194.5806442354388,1)
[1130]: (194.2943792699437,1)
[1131]: (194.0714731302673,1)
[1132]: (196.5085505850535,1)
[1133]: (194.1809859396107,1)
[1134]: (194.151469365083,1)
[1135]: (194.0492866015626,1)
[1136]: (195.9036841121749,1)
[1137]: (194.0393658625254,1)
[1138]: (194.0971339982635,1)
[1139]: (194.166953105598,1)
[1140]: (195.065641386078,1)
[1141]: (194.0798944784737,1)
[1142]: (195.9533363907455,1)
[1143]: (194.4147472609322,1)
[1144]: (194.5283916334555,1)
[1145]: (194.5217236337793,1)
[1146]: (194.502335652363,1)
[1147]: (194.0599123389683,1)
[1148]: (194.053065864253,1)
[1149]: (194.2773390650405,1)
[1150]: (194.0698565620106,1)
[1151]: (194.0170854035077,1)
[1152]: (194.2070014341578,1)
[1153]: (194.0730650238392,1)
[1154]: (194.0678745787402,1)
[1155]: (194.4418070563481,1)
[1156]: (194.1081526789013,1)
[1157]: (194.2168259698362,1)
[1158]: (194.1129409498411,1)
[1159]: (194.0319125205867,1)
[1160]: (194.6027475545279,1)
[1161]: (194.2731628120354,1)
[1162]: (194.0081597168705,1)
[1163]: (194.1537405148668,1)
[1164]: (195.236589399633,1)
[1165]: (194.4318027908428,1)
[1166]: (194.0882423193157,1)
[1167]: (194.3219360070796,1)
[1168]: (194.1607599260163,1)
[1169]: (194.2335724498802,1)
[1170]: (194.6059103435722,1)
[1171]: (194.3136725931492,1)
[1172]: (194.1326780497371,1)
[1173]: (194.6958016148493,1)
[1174]: (195.3219293455973,1)
[1175]: (194.0699308194684,1)
[1176]: (194.0081418891685,1)
[1177]: (194.0460522483547,1)
[1178]: (194.0057827688414,1)
[1179]: (194.061119274403,1)
[1180]: (194.3613909371005,1)
[1181]: (194.3617585951195,1)
[1182]: (194.0824341411648,1)
[1183]: (194.1410341904338,1)
[1184]: (194.0571958612625,1)
[1185]: (194.5379123757963,1)
[1186]: (194.2459942935723,1)
[1187]: (194.8016461605871,1)
[1188]: (194.0541446665599,1)
[1189]: (194.2249883734219,1)
[1190]: (194.0551444379727,1)
[1191]: (194.1365861741421,1)
[1192]: (195.3052012902806,1)
[1193]: (194.2683847106687,1)
[1194]: (194.4502671262134,1)
[1195]: (194.6101139034186,1)
[1196]: (194.0064683646207,1)
[1197]: (194.0440894288168,1)
[1198]: (194.2192405899919,1)
[1199]: (194.0534122197167,1)
[1200]: (194.239947935892,1)
[1201]: (195.1287656571187,1)
[1202]: (194.350359581626,1)
[1203]: (194.2757202637584,1)
[1204]: (194.0624172758723,1)
[1205]: (194.2826293786914,1)
[1206]: (194.1525474405633,1)
[1207]: (194.7030588614438,1)
[1208]: (194.1166774722778,1)
[1209]: (194.021409325857,1)
[1210]: (194.1060751330914,1)
[1211]: (194.1922662201323,1)
[1212]: (194.2897264837808,1)
[1213]: (194.4509682644783,1)
[1214]: (194.5197069237961,1)
[1215]: (194.6456544422895,1)
[1216]: (194.4886884768872,1)
[1217]: (194.3444349816169,1)
[1218]: (194.1590709281453,1)
[1219]: (194.2188198400136,1)
[1220]: (194.2689083748947,1)
[1221]: (194.2435921962846,1)
[1222]: (194.6525269035935,1)
[1223]: (194.1293500270158,1)
[1224]: (194.4004039492105,1)
[1225]: (194.223907877438,1)
[1226]: (194.0032730162973,1)
[1227]: (194.5284152180062,1)
[1228]: (194.313999611082,1)
[1229]: (194.10452324638,1)
[1230]: (194.0963893954332,1)
[1231]: (194.2090601149035,1)
[1232]: (194.5931002945768,1)
[1233]: (194.1756309907753,1)
[1234]: (194.4322233196601,1)
[1235]: (194.4670892731341,1)
[1236]: (194.0437932773247,1)
[1237]: (194.1791985228813,1)
[1238]: (194.2382701510033,1)
[1239]: (194.0313032918511,1)
[1240]: (194.8785720530254,1)
[1241]: (194.1044135305371,1)
[1242]: (194.860504043096,1)
[1243]: (194.0306625281629,1)
[1244]: (194.1597848765968,1)
[1245]: (194.0415932832023,1)
[1246]: (194.4600521640909,1)
[1247]: (194.030202967001,1)
[1248]: (194.5696795118266,1)
[1249]: (194.2036283800775,1)
[1250]: (194.916898323522,1)
[1251]: (194.0963638207733,1)
[1252]: (194.4417236314153,1)
[1253]: (194.1749821125673,1)
[1254]: (194.5846564869312,1)
[1255]: (194.453398026748,1)
[1256]: (194.2564505878009,1)
[1257]: (194.2868024232275,1)
[1258]: (194.2669569414795,1)
[1259]: (194.8359746939319,1)
[1260]: (194.0551357427563,1)
[1261]: (194.2494767082515,1)
[1262]: (194.2541813228648,1)
[1263]: (194.6569028601654,1)
[1264]: (194.0346556831267,1)
[1265]: (194.0835582400019,1)
[1266]: (194.3546626762507,1)
[1267]: (194.7576179349744,1)
[1268]: (194.21424555235,1)
[1269]: (194.7185047069167,1)
[1270]: (194.0166839661173,1)
[1271]: (195.0725690553357,1)
[1272]: (194.3794471008755,1)
[1273]: (195.4982638949346,1)
[1274]: (194.5340035957292,1)
[1275]: (195.1414778954769,1)
[1276]: (195.4338796439992,1)
[1277]: (194.5991350778569,1)
[1278]: (194.2217954998478,1)
[1279]: (194.303052438606,1)
[1280]: (194.2577272022832,1)
[1281]: (195.358164944958,1)
[1282]: (194.4211385702602,1)
[1283]: (194.6149091376186,1)
[1284]: (194.1749546204184,1)
[1285]: (194.0203468077363,1)
[1286]: (194.0342623685701,1)
[1287]: (194.5318319851195,1)
[1288]: (194.1497629917722,1)
[1289]: (194.6563568815778,1)
[1290]: (195.4202904509611,1)
[1291]: (194.9117949595,1)
[1292]: (194.0091646187387,1)
[1293]: (194.1304261085454,1)
[1294]: (194.1579547980585,1)
[1295]: (194.0435461374179,1)
[1296]: (194.0212572962276,1)
[1297]: (194.6020250968056,1)
[1298]: (194.2311818164228,1)
[1299]: (194.0732844059404,1)
[1300]: (194.7843198594712,1)
[1301]: (194.0883361052229,1)
[1302]: (194.059847832914,1)
[1303]: (194.7197405602231,1)
[1304]: (194.1776887519954,1)
[1305]: (194.3160234922038,1)
[1306]: (194.3251168476677,1)
[1307]: (194.3271618036324,1)
[1308]: (194.0056996308918,1)
[1309]: (194.1748884931864,1)
[1310]: (194.3806503778041,1)
[1311]: (194.4997999893342,1)
[1312]: (194.300291673824,1)
[1313]: (194.1305440991297,1)
[1314]: (195.5802893618191,1)
[1315]: (194.0098109693255,1)
[1316]: (194.0941114540471,1)
[1317]: (194.0945214022134,1)
[1318]: (194.1589387706515,1)
[1319]: (194.3186696344922,1)
[1320]: (194.156710224135,1)
[1321]: (194.6766902952247,1)
[1322]: (194.3097778951921,1)
[1323]: (194.1048992250179,1)
[1324]: (194.1222344393779,1)
[1325]: (194.3358659790696,1)
[1326]: (194.0419793557939,1)
[1327]: (194.2380569927121,1)
[1328]: (194.1174030174428,1)
[1329]: (195.6120304121782,1)
[1330]: (194.3766688827635,1)
[1331]: (194.0320302263947,1)
[1332]: (194.084266872243,1)
[1333]: (194.0261879621076,1)
[1334]: (194.2873578715544,1)
[1335]: (194.3134931133204,1)
[1336]: (194.3046341200347,1)
[1337]: (194.0329940974155,1)
[1338]: (194.4951481042305,1)
[1339]: (194.1267269728226,1)
[1340]: (194.2012153369517,1)
[1341]: (194.2598355956512,1)
[1342]: (194.1974809986618,1)
[1343]: (194.0979064449433,1)
[1344]: (194.0579812204812,1)
[1345]: (194.3439871027819,1)
[1346]: (194.3040435412584,1)
[1347]: (194.2327372963834,1)
[1348]: (194.2170178667948,1)
[1349]: (194.3901068887045,1)
[1350]: (194.3954849896688,1)
[1351]: (194.0973227589382,1)
[1352]: (194.1257964229234,1)
[1353]: (194.0675757690137,1)
[1354]: (194.1186911551533,1)
[1355]: (194.1719910406951,1)
[1356]: (194.8046444434068,1)
[1357]: (194.0827334938116,1)
[1358]: (194.6023780849838,1)
[1359]: (194.2883366549449,1)
[1360]: (194.3642765737546,1)
[1361]: (194.6117881303061,1)
[1362]: (194.1771045209366,1)
[1363]: (194.3083261136675,1)
[1364]: (194.0730719826224,1)
[1365]: (194.4238211403208,1)
[1366]: (194.281728187487,1)
[1367]: (194.0381167814981,1)
[1368]: (194.8331733769782,1)
[1369]: (194.085345589107,1)
[1370]: (194.1676409078762,1)
[1371]: (194.1904197541431,1)
[1372]: (194.8995869101122,1)
[1373]: (194.2127051548485,1)
[1374]: (194.2034145430293,1)
[1375]: (194.7259613862252,1)
[1376]: (194.1221338151732,1)
[1377]: (194.0630475782331,1)
[1378]: (194.3411353085098,1)
[1379]: (194.241043319158,1)
[1380]: (194.4303771393127,1)
[1381]: (194.5899955837346,1)
[1382]: (195.5212100052798,1)
[1383]: (194.0174597079251,1)
[1384]: (194.5516670985466,1)
[1385]: (194.2392672143975,1)
[1386]: (194.1312379893328,1)
[1387]: (194.8567267434687,1)
[1388]: (194.8593798403768,1)
[1389]: (194.0478520659698,1)
[1390]: (194.4803265957012,1)
[1391]: (194.9284733131321,1)
[1392]: (194.2102221636296,1)
[1393]: (194.3505994655572,1)
[1394]: (194.4137722858129,1)
[1395]: (194.2123370148979,1)
[1396]: (194.4239586534637,1)
[1397]: (194.0105349200714,1)
[1398]: (194.1214507612246,1)
[1399]: (194.021281362582,1)
[1400]: (195.1249279867126,1)
[1401]: (194.5906966761547,1)
[1402]: (194.5226914012871,1)
[1403]: (194.9107565705138,1)
[1404]: (194.0380018558793,1)
[1405]: (194.0585262670888,1)
[1406]: (194.0327304303939,1)
[1407]: (194.2629002966354,1)
[1408]: (194.0682506942941,1)
[1409]: (194.236630139488,1)
[1410]: (194.1126800682345,1)
[1411]: (194.0597780334427,1)
[1412]: (194.2353641339316,1)
[1413]: (194.5017313378642,1)
[1414]: (194.097034987048,1)
[1415]: (194.9593077692135,1)
[1416]: (194.0777650170087,1)
[1417]: (194.2532919502078,1)
[1418]: (194.6723445058418,1)
[1419]: (194.2460111973318,1)
[1420]: (194.2138860513263,1)
[1421]: (195.2353169348915,1)
[1422]: (194.3981580184384,1)
[1423]: (194.0000647260059,1)
[1424]: (194.630889219685,1)
[1425]: (194.6395851734488,1)
[1426]: (194.5281622662544,1)
[1427]: (194.0052721871421,1)
[1428]: (194.0781389791978,1)
[1429]: (194.0623250393539,1)
[1430]: (194.0570725509507,1)
[1431]: (194.8807397738334,1)
[1432]: (194.4926384224406,1)
[1433]: (194.0761535320379,1)
[1434]: (194.8598972832696,1)
[1435]: (194.7232845972244,1)
[1436]: (194.0287836716919,1)
[1437]: (194.2951888540297,1)
[1438]: (194.3169924305491,1)
[1439]: (194.4045714255814,1)
[1440]: (194.430706111325,1)
[1441]: (194.2557281162075,1)
[1442]: (194.0211111959874,1)
[1443]: (194.3636797377662,1)
[1444]: (194.3092900406834,1)
[1445]: (194.2467626555855,1)
[1446]: (194.0229689264506,1)
[1447]: (194.5177532643669,1)
[1448]: (194.3390941644692,1)
[1449]: (194.2213969033178,1)
[1450]: (194.8147232806084,1)
[1451]: (194.044812574088,1)
[1452]: (194.0185115106896,1)
[1453]: (194.3134788184663,1)
[1454]: (194.6225874235865,1)
[1455]: (194.2045707123155,1)
[1456]: (194.1583244020849,1)
[1457]: (194.8893286628559,1)
[1458]: (194.4912375724996,1)
[1459]: (194.1244093638809,1)
[1460]: (194.8194298202073,1)
[1461]: (194.0043374096893,1)
[1462]: (194.5121398118082,1)
[1463]: (194.0162199193142,1)
[1464]: (194.0249600777851,1)
[1465]: (194.07846186204,1)
[1466]: (194.024172835104,1)
[1467]: (194.1634813441848,1)
[1468]: (194.068943314676,1)
[1469]: (194.5160386130896,1)
[1470]: (194.0096315791224,1)
[1471]: (194.1138829740817,1)
[1472]: (194.1184639736419,1)
[1473]: (194.9027942991162,1)
[1474]: (194.1139750380787,1)
[1475]: (194.1950131015641,1)
[1476]: (194.280469931763,1)
[1477]: (194.2359379247581,1)
[1478]: (194.1336608986424,1)
[1479]: (194.0908246099042,1)
[1480]: (194.30311631808,1)
[1481]: (194.1153663685642,1)
[1482]: (194.1549682620724,1)
[1483]: (194.2893367039276,1)
[1484]: (194.4852565316739,1)
[1485]: (194.3099749433561,1)
[1486]: (194.4284312743259,1)
[1487]: (194.685327488569,1)
[1488]: (194.0942696251009,1)
[1489]: (194.1859159919773,1)
[1490]: (195.3394146477086,1)
[1491]: (194.3866041754405,1)
[1492]: (194.200907158023,1)
[1493]: (195.0358382293144,1)
[1494]: (194.0161224036412,1)
[1495]: (194.4001497098628,1)
[1496]: (194.4330806993406,1)
[1497]: (194.6418045536952,1)
[1498]: (194.9228588593327,1)
[1499]: (194.2686184053791,1)
[1500]: (194.1151703200121,1)
[1501]: (194.1704617320915,1)
[1502]: (195.6573239373729,1)
[1503]: (195.7721535578541,1)
[1504]: (194.2090061812342,1)
[1505]: (194.041512831543,1)
[1506]: (194.0513132476103,1)
[1507]: (194.0428779516461,1)
[1508]: (194.1111569463777,1)
[1509]: (194.3579392497662,1)
[1510]: (195.0284759644246,1)
[1511]: (194.5429304967062,1)
[1512]: (194.0484721041748,1)
[1513]: (194.7277288176024,1)
[1514]: (195.0042375403011,1)
[1515]: (194.1661902518384,1)
[1516]: (194.1241426980761,1)
[1517]: (194.1792059914713,1)
[1518]: (194.4507923157011,1)
[1519]: (194.0335157076049,1)
[1520]: (194.0653141013704,1)
[1521]: (194.1514275595603,1)
[1522]: (194.1702530527094,1)
[1523]: (194.4217786951897,1)
[1524]: (194.0040384407298,1)
[1525]: (194.0052067061376,1)
[1526]: (195.9471510706817,1)
[1527]: (194.0096237855996,1)
[1528]: (194.0095836215869,1)
[1529]: (194.1318288675635,1)
[1530]: (194.1832102610438,1)
[1531]: (194.1777525023836,1)
[1532]: (194.0040348984436,1)
[1533]: (194.3830647411671,1)
[1534]: (194.9971157520539,1)
[1535]: (194.0216568225858,1)
[1536]: (194.4677681854999,1)
[1537]: (194.1978423140521,1)
[1538]: (194.9104289549833,1)
[1539]: (194.3141420044936,1)
[1540]: (194.6374657893073,1)
[1541]: (194.0067540003706,1)
[1542]: (194.4714758661487,1)
[1543]: (194.1316161941967,1)
[1544]: (194.5757228436906,1)
[1545]: (194.143598390542,1)
[1546]: (194.074321702905,1)
[1547]: (194.1448878705684,1)
[1548]: (194.8325593398954,1)
[1549]: (194.0851834061675,1)
[1550]: (195.1050505782741,1)
[1551]: (194.1004780995941,1)
[1552]: (194.1539087529765,1)
[1553]: (194.0296305869499,1)
[1554]: (194.100598722118,1)
[1555]: (194.5334466150715,1)
[1556]: (194.2593583000654,1)
[1557]: (194.1944178346808,1)
[1558]: (194.4673144282935,1)
[1559]: (194.1298509771198,1)
[1560]: (194.002341044753,1)
[1561]: (194.1303756911917,1)
[1562]: (194.0593161639281,1)
[1563]: (194.0289973057586,1)
[1564]: (195.0981615356315,1)
[1565]: (194.1838616837267,1)
[1566]: (194.5062705718368,1)
[1567]: (194.9079493361636,1)
[1568]: (194.3288392930499,1)
[1569]: (194.2129568400886,1)
[1570]: (194.0736764562259,1)
[1571]: (194.0336096010526,1)
[1572]: (194.0917383355374,1)
[1573]: (194.1786036678523,1)
[1574]: (194.0022732200341,1)
[1575]: (194.197324758279,1)
[1576]: (194.3773736702079,1)
[1577]: (194.3537494734765,1)
[1578]: (194.0477061555379,1)
[1579]: (194.0201346663238,1)
[1580]: (194.5330666520456,1)
[1581]: (194.2117866558696,1)
[1582]: (194.2169934233372,1)
[1583]: (194.6730206434156,1)
[1584]: (194.6358180592908,1)
[1585]: (194.2198122895978,1)
[1586]: (194.3890791333775,1)
[1587]: (194.1704581580979,1)
[1588]: (194.3960456530294,1)
[1589]: (194.0047455857842,1)
[1590]: (194.0453669334593,1)
[1591]: (194.8697720901153,1)
[1592]: (194.2083848094214,1)
[1593]: (194.0441806556017,1)
[1594]: (194.0621942968864,1)
[1595]: (194.3858511389592,1)
[1596]: (194.5152780468925,1)
[1597]: (194.2220551902762,1)
[1598]: (194.8744317423953,1)
[1599]: (194.6399211626737,1)
[1600]: (194.5329251946287,1)
[1601]: (194.2097577960709,1)
[1602]: (194.004356074538,1)
[1603]: (194.0171310702436,1)
[1604]: (194.0392730486917,1)
[1605]: (194.372330593416,1)
[1606]: (194.339260429415,1)
[1607]: (194.1666474484961,1)
[1608]: (194.0295195650727,1)
[1609]: (195.0620929268227,1)
[1610]: (194.4788916290096,1)
[1611]: (194.5193441662832,1)
[1612]: (194.2426963832235,1)
[1613]: (194.0666702635702,1)
[1614]: (194.3800674831983,1)
[1615]: (194.5994704950769,1)
[1616]: (194.1346308581474,1)
[1617]: (194.1500293584601,1)
[1618]: (194.2457737069169,1)
[1619]: (194.7166144550827,1)
[1620]: (194.0149630072052,1)
[1621]: (194.1866789128783,1)
[1622]: (194.4852296491088,1)
[1623]: (194.6626571805152,1)
[1624]: (194.044556445222,1)
[1625]: (194.3260316954843,1)
[1626]: (194.1499387095245,1)
[1627]: (194.1174893356395,1)
[1628]: (194.0472125952004,1)
[1629]: (194.1139888144726,1)
[1630]: (194.3369829069366,1)
[1631]: (194.0025274843205,1)
[1632]: (194.1625013957793,1)
[1633]: (194.0484795724273,1)
[1634]: (194.0335519808198,1)
[1635]: (194.0931913542249,1)
[1636]: (194.1280510669242,1)
[1637]: (194.8692338807911,1)
[1638]: (194.3634316219759,1)
[1639]: (194.3493308216206,1)
[1640]: (194.8509452495911,1)
[1641]: (194.1869281882804,1)
[1642]: (194.2856658474403,1)
[1643]: (194.5488508625871,1)
[1644]: (194.2477052848849,1)
[1645]: (194.3098035022446,1)
[1646]: (194.3992028714007,1)
[1647]: (194.0372388572323,1)
[1648]: (194.2483780795688,1)
[1649]: (194.2353362735484,1)
[1650]: (194.2306052175621,1)
[1651]: (194.3163875402551,1)
[1652]: (194.2051335108456,1)
[1653]: (194.471695020573,1)
[1654]: (194.0728295594325,1)
[1655]: (194.0703414341812,1)
[1656]: (194.5244549685819,1)
[1657]: (194.2988673246012,1)
[1658]: (194.2527576715083,1)
[1659]: (194.2233044988571,1)
[1660]: (194.0074628295086,1)
[1661]: (194.0206052151754,1)
[1662]: (194.6486296778234,1)
[1663]: (195.0730011117871,1)
[1664]: (194.3056665569891,1)
[1665]: (194.5646176016996,1)
[1666]: (194.0151630765825,1)
[1667]: (194.3163248515716,1)
[1668]: (194.2895123963276,1)
[1669]: (194.0610621764082,1)
[1670]: (194.0879055995274,1)
[1671]: (194.4360574641299,1)
[1672]: (194.4677318295757,1)
[1673]: (194.4493929994381,1)
[1674]: (194.1013746322057,1)
[1675]: (194.3780199478587,1)
[1676]: (194.3190182264093,1)
[1677]: (194.457306174813,1)
[1678]: (194.487894820851,1)
[1679]: (194.2447788452891,1)
[1680]: (194.1918374187675,1)
[1681]: (194.0879977378104,1)
[1682]: (194.1626818102579,1)
[1683]: (194.44449473282,1)
[1684]: (194.4645204074503,1)
[1685]: (194.3120905812242,1)
[1686]: (195.0496657678551,1)
[1687]: (194.231875566831,1)
[1688]: (194.0337976763413,1)
[1689]: (195.1343561705582,1)
[1690]: (194.7640222628583,1)
[1691]: (194.4245004827199,1)
[1692]: (194.4624240559575,1)
[1693]: (194.0739151991444,1)
[1694]: (194.2247482938191,1)
[1695]: (194.0649746549028,1)
[1696]: (194.4201325336851,1)
[1697]: (194.1364359536123,1)
[1698]: (194.2741193627273,1)
[1699]: (194.1093860843417,1)
[1700]: (194.1118161381705,1)
[1701]: (194.0768512363059,1)
[1702]: (194.1665724167622,1)
[1703]: (194.2192397656717,1)
[1704]: (194.2913187349166,1)
[1705]: (194.6255913982879,1)
[1706]: (194.3686111876006,1)
[1707]: (194.0681072414312,1)
[1708]: (194.2487285656573,1)
[1709]: (194.0512322502103,1)
[1710]: (194.1201159926,1)
[1711]: (194.1380542413223,1)
[1712]: (194.0014959668056,1)
[1713]: (194.0268010277821,1)
[1714]: (194.2207782124718,1)
[1715]: (194.107967989231,1)
[1716]: (194.0529863457344,1)
[1717]: (194.0996208471597,1)
[1718]: (194.3442576779465,1)
[1719]: (194.0207398797882,1)
[1720]: (194.323240913694,1)
[1721]: (194.0573954102935,1)
[1722]: (194.0349760583391,1)
[1723]: (194.1608826191499,1)
[1724]: (194.196965766527,1)
[1725]: (194.1842847347606,1)
[1726]: (194.0452413606622,1)
[1727]: (194.2153403364996,1)
[1728]: (194.0575727586262,1)
[1729]: (194.8619719656356,1)
[1730]: (194.0893301178911,1)
[1731]: (194.0083000478209,1)
[1732]: (194.0334640740331,1)
[1733]: (194.8605624318062,1)
[1734]: (194.4749604353339,1)
[1735]: (194.0772687751843,1)
[1736]: (194.1199929960678,1)
[1737]: (194.2851141090679,1)
[1738]: (194.1786820048623,1)
[1739]: (194.1824049323071,1)
[1740]: (195.0564707099122,1)
[1741]: (194.2360225997736,1)
[1742]: (194.0772814314141,1)
[1743]: (194.0917560500068,1)
[1744]: (194.0782462119577,1)
[1745]: (194.1884039130784,1)
[1746]: (194.6173716007431,1)
[1747]: (194.6265350514231,1)
[1748]: (194.2040780994575,1)
[1749]: (194.1383649179322,1)
[1750]: (194.2391535684201,1)
[1751]: (194.3177683404172,1)
[1752]: (194.2545501356327,1)
[1753]: (194.0971649617938,1)
[1754]: (194.2576661381684,1)
[1755]: (194.0502013875033,1)
[1756]: (194.549533044067,1)
[1757]: (194.0085478015693,1)
[1758]: (194.3033161710943,1)
[1759]: (194.629734870826,1)
[1760]: (194.2566251475089,1)
[1761]: (194.2760151444358,1)
[1762]: (194.0156535708444,1)
[1763]: (194.0068051447255,1)
[1764]: (194.6733053627219,1)
[1765]: (194.1893265037287,1)
[1766]: (194.0491431739428,1)
[1767]: (194.2143876483932,1)
[1768]: (194.1164623332,1)
[1769]: (194.1633964569149,1)
[1770]: (194.1481686257063,1)
[1771]: (194.0341241984182,1)
[1772]: (194.0358185626394,1)
[1773]: (194.0602917870389,1)
[1774]: (194.4640506133444,1)
[1775]: (194.222587883301,1)
[1776]: (194.4892488755253,1)
[1777]: (194.4199364839857,1)
[1778]: (195.4831299862369,1)
[1779]: (194.7119371709491,1)
[1780]: (194.0189538081526,1)
[1781]: (194.0579550213207,1)
[1782]: (194.4205311681788,1)
[1783]: (194.161793708431,1)
[1784]: (194.3537603780617,1)
[1785]: (194.478901485054,1)
[1786]: (194.0112838005596,1)
[1787]: (194.9965255279732,1)
[1788]: (194.336787641352,1)
[1789]: (194.0177648391738,1)
[1790]: (194.1524253499468,1)
[1791]: (194.6247217055971,1)
[1792]: (194.0838777045064,1)
[1793]: (194.0748014116849,1)
[1794]: (194.2104219255435,1)
[1795]: (194.1202938314493,1)
[1796]: (194.1128444378245,1)
[1797]: (194.004615253073,1)
[1798]: (194.2287340745503,1)
[1799]: (194.4591445229314,1)
[1800]: (194.2419437255784,1)
[1801]: (194.0921986601354,1)
[1802]: (194.0761382081751,1)
[1803]: (194.0799906081853,1)
[1804]: (194.3262159859528,1)
[1805]: (195.2337311425781,1)
[1806]: (194.3212617542545,1)
[1807]: (194.1893208760616,1)
[1808]: (195.0113803472271,1)
[1809]: (194.0092163705375,1)
[1810]: (194.1852392121874,1)
[1811]: (194.3928671042262,1)
[1812]: (194.0392243581811,1)
[1813]: (194.7207127162823,1)
[1814]: (194.0237071263758,1)
[1815]: (194.2357965820322,1)
[1816]: (194.425516088915,1)
[1817]: (194.8895290697726,1)
[1818]: (194.1500717207332,1)
[1819]: (194.2261584269533,1)
[1820]: (194.0201174833981,1)
[1821]: (194.3019177803824,1)
[1822]: (194.2664874309238,1)
[1823]: (194.5964471304233,1)
[1824]: (194.1072070925737,1)
[1825]: (194.6254692187729,1)
[1826]: (194.5972804531174,1)
[1827]: (194.0383585797394,1)
[1828]: (194.3889022721048,1)
[1829]: (194.6016017659321,1)
[1830]: (194.2526425992022,1)
[1831]: (194.3007488046947,1)
[1832]: (194.3766549208894,1)
[1833]: (194.7148238319006,1)
[1834]: (194.3746003385941,1)
[1835]: (194.155403647359,1)
[1836]: (194.005612001333,1)
[1837]: (194.0470285300456,1)
[1838]: (194.0949761044692,1)
[1839]: (194.3375812771021,1)
[1840]: (194.3171978021558,1)
[1841]: (194.6201265956579,1)
[1842]: (194.0381326898584,1)
[1843]: (194.2099178180747,1)
[1844]: (194.1693484120443,1)
[1845]: (194.4287686767857,1)
[1846]: (194.4229525024658,1)
[1847]: (194.0305462780581,1)
[1848]: (194.376972177565,1)
[1849]: (194.0381444453274,1)
[1850]: (194.1409419373347,1)
[1851]: (194.1550432442765,1)
[1852]: (194.3455299991169,1)
[1853]: (194.3023156072628,1)
[1854]: (194.7354686525033,1)
[1855]: (194.0479901356806,1)
[1856]: (194.1189729709936,1)
[1857]: (194.0691995494504,1)
[1858]: (194.9197480766703,1)
[1859]: (194.0595971054025,1)
[1860]: (194.5445474943813,1)
[1861]: (194.1707155371012,1)
[1862]: (195.523481899217,1)
[1863]: (194.0272572836027,1)
[1864]: (194.6413235456897,1)
[1865]: (194.1545303648417,1)
[1866]: (194.0348497413202,1)
[1867]: (194.1540137925271,1)
[1868]: (194.1546752207001,1)
[1869]: (194.3194246587891,1)
[1870]: (194.4416866564791,1)
[1871]: (194.7647914953791,1)
[1872]: (194.3940454468596,1)
[1873]: (194.0375838549065,1)
[1874]: (194.4776912396725,1)
[1875]: (194.8686340348809,1)
[1876]: (194.1463086701748,1)
[1877]: (194.6820644172803,1)
[1878]: (194.2382856792056,1)
[1879]: (194.8470653101967,1)
[1880]: (194.7637069171462,1)
[1881]: (194.2450337488041,1)
[1882]: (194.3715889586914,1)
[1883]: (194.2830686916594,1)
[1884]: (194.6012111027645,1)
[1885]: (194.0080774747547,1)
[1886]: (194.0588064050167,1)
[1887]: (194.3000521134175,1)
[1888]: (194.7089904120921,1)
[1889]: (194.1214554438145,1)
[1890]: (194.0751903884378,1)
[1891]: (194.6579569627372,1)
[1892]: (194.8415493164763,1)
[1893]: (194.005973249248,1)
[1894]: (194.0196993031859,1)
[1895]: (194.0217957314731,1)
[1896]: (194.1730204707798,1)
[1897]: (194.6356459823186,1)
[1898]: (194.6474110263387,1)
[1899]: (194.0348995603194,1)
[1900]: (194.1242627691271,1)
[1901]: (195.3378203857119,1)
[1902]: (194.2249421974348,1)
[1903]: (194.1173716069635,1)
[1904]: (194.2862915783501,1)
[1905]: (194.0220187507652,1)
[1906]: (194.5367866067791,1)
[1907]: (194.3651179617605,1)
[1908]: (194.7966995173533,1)
[1909]: (194.2782306804778,1)
[1910]: (194.4343056438466,1)
[1911]: (194.151678295391,1)
[1912]: (194.2737376867505,1)
[1913]: (194.1020670683328,1)
[1914]: (194.6724254533014,1)
[1915]: (194.7957766629236,1)
[1916]: (194.691687381889,1)
[1917]: (194.1374697769261,1)
[1918]: (194.0264388955867,1)
[1919]: (194.8185678054018,1)
[1920]: (194.1478881916862,1)
[1921]: (194.1650707818986,1)
[1922]: (194.361253585886,1)
[1923]: (194.2794620813172,1)
[1924]: (194.0376295009357,1)
[1925]: (194.223073720321,1)
[1926]: (195.3927820487852,1)
[1927]: (194.0571811244087,1)
[1928]: (194.0427283188017,1)
[1929]: (194.1403175829056,1)
[1930]: (194.3854382496442,1)
[1931]: (194.0477243613389,1)
[1932]: (194.3638341454096,1)
[1933]: (194.0218559472902,1)
[1934]: (194.1295988882659,1)
[1935]: (194.2164734742578,1)
[1936]: (194.4192513201328,1)
[1937]: (194.0715815398015,1)
[1938]: (194.0988711296111,1)
[1939]: (194.9903588914423,1)
[1940]: (194.0981255469661,1)
[1941]: (194.1014023688739,1)
[1942]: (194.00253228817,1)
[1943]: (194.3107303699404,1)
[1944]: (194.2440397579248,1)
[1945]: (194.0521328476449,1)
[1946]: (194.9002413712167,1)
[1947]: (194.2723691162844,1)
[1948]: (194.4060046925741,1)
[1949]: (194.2476199933217,1)
[1950]: (194.0633840603003,1)
[1951]: (194.429232598321,1)
[1952]: (194.2050613833104,1)
[1953]: (194.234257612371,1)
[1954]: (194.7634390688854,1)
[1955]: (194.9575208617652,1)
[1956]: (194.0024963789986,1)
[1957]: (194.0223882168934,1)
[1958]: (194.0914218707218,1)
[1959]: (194.1226548569786,1)
[1960]: (194.1682896067975,1)
[1961]: (194.140367471569,1)
[1962]: (194.0759799784485,1)
[1963]: (194.2432299483922,1)
[1964]: (194.0226900428036,1)
[1965]: (194.3428072366302,1)
[1966]: (196.0179312030434,1)
[1967]: (194.4256417952043,1)
[1968]: (194.4484459940282,1)
[1969]: (194.5840472515468,1)
[1970]: (194.4925955075761,1)
[1971]: (194.2108545791801,1)
[1972]: (194.4197710399647,1)
[1973]: (194.0014882950763,1)
[1974]: (194.0010181958446,1)
[1975]: (195.2489336500207,1)
[1976]: (194.0387767151003,1)
[1977]: (194.012234995069,1)
[1978]: (194.3016219683083,1)
[1979]: (194.1806306167906,1)
[1980]: (194.7924545677475,1)
[1981]: (194.0698195158991,1)
[1982]: (194.0988794432539,1)
[1983]: (194.577746669743,1)
[1984]: (194.1941781457666,1)
[1985]: (194.1815611022926,1)
[1986]: (194.3477886034781,1)
[1987]: (194.0186612340802,1)
[1988]: (194.0981024130318,1)
[1989]: (194.710996581055,1)
[1990]: (194.0422713934563,1)
[1991]: (195.4047024211834,1)
[1992]: (194.0182597706527,1)
[1993]: (194.3897311188271,1)
[1994]: (194.3893700264853,1)
[1995]: (195.8724328262089,1)
[1996]: (194.0144267466841,1)
[1997]: (194.3671915207526,1)
[1998]: (194.59384449267,1)
[1999]: (194.0294611860489,1)
 -- States explored : 0 states
 -- CPU user time used : 716520 ms
 -- Virtual memory used : 2725316 KiB
 -- Resident memory used : 2686552 KiB
executionTime: 4330
