core file size          (blocks, -c) unlimited
data seg size           (kbytes, -d) unlimited
scheduling priority             (-e) 0
file size               (blocks, -f) unlimited
pending signals                 (-i) 4077086
max locked memory       (kbytes, -l) 64
max memory size         (kbytes, -m) 99614720
open files                      (-n) 4096
pipe size            (512 bytes, -p) 8
POSIX message queues     (bytes, -q) 819200
real-time priority              (-r) 0
stack size              (kbytes, -s) 8192
cpu time               (seconds, -t) unlimited
max user processes              (-u) 4077086
virtual memory          (kbytes, -v) 95000000
file locks                      (-x) unlimited
Options for the verification:
  Generating some trace
  Search order is random depth first
  Using conservative space optimisation
  Seed is 1556870196
  State space representation uses minimal constraint systems
  Using HashMap + Compress integers for discrete state storage

Verifying formula 1 at ../queries/SN_300_115_16.q:1
 -- Formula is satisfied.
(9000 runs)
Learning statistics for best strategy: 
	Number of resets: 0
	Number of iterations in last reset: 9
	Number of iterations in total: 9

 -- States explored : 0 states
 -- CPU user time used : 1814660 ms
 -- Virtual memory used : 25234228 KiB
 -- Resident memory used : 25195308 KiB

Verifying formula 2 at ../queries/SN_300_115_16.q:3
 -- Formula is satisfied.
Composer.Done:
[0]: (0,0) (233.5705961747302,1)
[1]: (223.9942083791918,1)
[2]: (220.1641001761436,1)
[3]: (227.1665197331276,1)
[4]: (226.0417801106903,1)
[5]: (225.6251443705472,1)
[6]: (225.1337135971689,1)
[7]: (224.7359518562341,1)
[8]: (229.6174438051607,1)
[9]: (220.028103975555,1)
[10]: (226.0798272743187,1)
[11]: (223.5562542506858,1)
[12]: (227.1058909108306,1)
[13]: (227.0931130375501,1)
[14]: (224.2854858031381,1)
[15]: (224.4531365954855,1)
[16]: (221.2795107659354,1)
[17]: (217.0304045971793,1)
[18]: (228.4426510580069,1)
[19]: (217.5090038533195,1)
[20]: (225.1879337970691,1)
[21]: (228.1864211874402,1)
[22]: (224.1929293664127,1)
[23]: (225.1306068136797,1)
[24]: (222.1174184802285,1)
[25]: (227.281815297195,1)
[26]: (220.1559905959289,1)
[27]: (222.2742604343085,1)
[28]: (226.061105148192,1)
[29]: (217.0039907558412,1)
[30]: (222.2358634811985,1)
[31]: (230.0757265800095,1)
[32]: (224.0598609759918,1)
[33]: (223.2087894200087,1)
[34]: (228.023667462194,1)
[35]: (222.0866988530601,1)
[36]: (225.0064884343167,1)
[37]: (227.0839833602999,1)
[38]: (232.1127719798332,1)
[39]: (223.0000194932579,1)
[40]: (215.283535066888,1)
[41]: (226.0469481085366,1)
[42]: (226.0262631331437,1)
[43]: (226.2322297160316,1)
[44]: (223.1405443076049,1)
[45]: (224.246390404738,1)
[46]: (220.0095168328748,1)
[47]: (217.6944740364627,1)
[48]: (221.9146387403196,1)
[49]: (216.6970300352707,1)
[50]: (228.5705872244501,1)
[51]: (219.1272325352921,1)
[52]: (229.5894607285826,1)
[53]: (227.1996297412025,1)
[54]: (220.0034631076393,1)
[55]: (220.1412711853466,1)
[56]: (225.8087750788276,1)
[57]: (225.1344595720573,1)
[58]: (227.011379122779,1)
[59]: (226.0179104271609,1)
[60]: (220.2279654657937,1)
[61]: (221.56358599688,1)
[62]: (221.1808186985674,1)
[63]: (228.1439594850546,1)
[64]:
[65]: (229.7541867035173,1)
[66]: (220.3810343895533,1)
[67]: (222.0652833552908,1)
[68]: (224.419032912215,1)
[69]: (224.3388585633933,1)
[70]: (223.4370455279949,1)
[71]: (223.0776921890081,1)
[72]: (223.4010499712626,1)
[73]: (219.0114081164732,1)
[74]: (225.0617004016436,1)
[75]: (222.0379078238088,1)
[76]: (223.2767535496596,1)
[77]: (215.6820599807031,1)
[78]: (220.3767082373623,1)
[79]: (230.0872289543379,1)
[80]: (221.6585642937341,1)
[81]: (222.038363707778,1)
[82]: (220.5900822025011,1)
[83]: (216.6342555854997,1)
[84]: (218.2266218486553,1)
[85]: (222.3022530934708,1)
[86]:
[87]: (225.5750144466294,1)
[88]: (221.0942933990082,1)
[89]: (226.0137369649045,1)
[90]: (230.1804086604517,1)
[91]: (219.3977060013928,1)
[92]: (225.3224589658442,1)
[93]: (216.7422934029465,1)
[94]: (224.1725857368578,1)
[95]: (220.2880896120859,1)
[96]: (224.1013654233574,1)
[97]: (225.0003659276812,1)
[98]: (227.1778398981019,1)
[99]: (218.1714565506986,1)
[100]: (224.4974704307041,1)
[101]: (225.329608775307,1)
[102]: (220.7037067291425,1)
[103]: (221.0403992488149,1)
[104]: (227.1985572533193,1)
[105]: (222.6677845356888,1)
[106]: (222.0028599814294,1)
[107]: (221.4858165566193,1)
[108]: (218.3125382888104,1)
[109]: (230.4010549165987,1)
[110]: (231.1495297755867,1)
[111]: (221.5513642396974,1)
[112]: (225.0059734124688,1)
[113]: (226.7478377540218,1)
[114]: (221.3732314692359,1)
[115]: (219.4512791638975,1)
[116]: (224.1136640230397,1)
[117]: (219.042906757916,1)
[118]: (231.5338611504449,1)
[119]: (221.4206734925959,1)
[120]: (230.2217534972337,1)
[121]: (220.4014453450789,1)
[122]: (221.0151470867461,1)
[123]: (232.0117161653771,1)
[124]: (227.0677213398149,1)
[125]: (221.1265623347318,1)
[126]: (219.1294466750269,1)
[127]: (222.1105784364916,1)
[128]: (227.0268258405087,1)
[129]: (228.5822927099809,1)
[130]: (224.1761107361639,1)
[131]: (226.0318490357794,1)
[132]: (226.4435281768377,1)
[133]: (225.6587992776956,1)
[134]: (221.3233178221811,1)
[135]: (231.3407699504717,1)
[136]: (216.1651170733731,1)
[137]: (220.0143274471087,1)
[138]: (220.1648007069578,1)
[139]: (217.2160426055502,1)
[140]: (223.0819299330311,1)
[141]: (220.2943258526498,1)
[142]: (227.2770290717704,1)
[143]: (222.1874526694252,1)
[144]: (231.0944056921771,1)
[145]: (227.5841730962162,1)
[146]: (224.210939815574,1)
[147]: (221.2168451200519,1)
[148]: (224.0715706997722,1)
[149]: (218.1860349307886,1)
[150]: (217.509731792564,1)
[151]: (225.254030179842,1)
[152]: (224.0422423092088,1)
[153]: (223.2535352988921,1)
[154]: (219.199077738098,1)
[155]: (214.4702350414226,1)
[156]: (215.3816367159881,1)
[157]: (229.1769571165855,1)
[158]: (222.4295313057376,1)
[159]: (225.3809068883581,1)
[160]: (223.4695959957205,1)
[161]: (220.3742868570354,1)
[162]: (222.5490073686001,1)
[163]: (220.3356891792525,1)
[164]: (226.164372366344,1)
[165]: (222.4963308543393,1)
[166]: (231.1149278072085,1)
[167]: (229.0882185444742,1)
[168]: (220.0639450694852,1)
[169]: (223.785544968817,1)
[170]: (230.1431294260482,1)
[171]: (225.2538554857391,1)
[172]: (220.7316051829457,1)
[173]: (226.2687882278215,1)
[174]: (221.8314463295128,1)
[175]: (224.3993789158992,1)
[176]: (226.0798281339782,1)
[177]:
[178]: (223.1102811089078,1)
[179]: (225.1034628291054,1)
[180]: (220.5659866805284,1)
[181]: (226.4844183566145,1)
[182]: (220.1098216901984,1)
[183]: (224.020322476084,1)
[184]: (226.0702481399967,1)
[185]: (220.1834811025385,1)
[186]: (215.8976865996871,1)
[187]: (218.7343288918619,1)
[188]: (221.0821925815523,1)
[189]: (217.207423247437,1)
[190]: (221.0841241013294,1)
[191]: (224.0336814263852,1)
[192]: (214.5025614762152,1)
[193]: (227.0336187993012,1)
[194]: (228.3998366550313,1)
[195]: (223.8154792593243,1)
[196]: (216.0055480294104,1)
[197]: (221.2269649299429,1)
[198]: (224.4906887345103,1)
[199]: (221.1086340037153,1)
[200]: (218.0640425332718,1)
[201]: (226.4707408834611,1)
[202]: (217.2556899129861,1)
[203]: (228.5750067821862,1)
[204]: (224.2614315748739,1)
[205]: (230.1180606789186,1)
[206]: (227.272675645332,1)
[207]: (226.2383655855875,1)
[208]: (225.6631483781237,1)
[209]: (217.1537047814818,1)
[210]: (221.7945870445254,1)
[211]: (221.5654854346577,1)
[212]: (221.3401205291673,1)
[213]: (217.2964113970938,1)
[214]: (229.1764504844709,1)
[215]: (219.8654335986004,1)
[216]: (219.258002266643,1)
[217]: (223.3528749941019,1)
[218]: (222.1005586880068,1)
[219]: (219.1917978326542,1)
[220]: (225.1684846254549,1)
[221]: (228.2248434098446,1)
[222]: (220.080313191113,1)
[223]: (219.1758311122005,1)
[224]: (226.1776086615176,1)
[225]: (227.1393166975581,1)
[226]: (220.0760814558179,1)
[227]: (222.225595800415,1)
[228]: (221.0596657991295,1)
[229]: (225.4362659065372,1)
[230]: (227.1396089957748,1)
[231]: (223.0384575708843,1)
[232]: (226.2408027058082,1)
[233]: (225.8758597656419,1)
[234]: (222.7931261454812,1)
[235]: (226.0720285058226,1)
[236]: (224.1950481246585,1)
[237]: (223.1392264519365,1)
[238]: (228.3970803568562,1)
[239]: (229.4915181930165,1)
[240]: (217.3572414626491,1)
[241]: (231.0260666112759,1)
[242]: (218.5267527285727,1)
[243]: (226.3039683916358,1)
[244]: (221.8601563329837,1)
[245]: (227.7189792624193,1)
[246]: (224.7316742425488,1)
[247]: (225.0007008611177,1)
[248]: (225.1618533247628,1)
[249]: (229.2249342959701,1)
[250]: (220.0262996696639,1)
[251]: (226.4185160181473,1)
[252]: (224.0610894053897,1)
[253]: (224.2329997085213,1)
[254]: (220.1927083838828,1)
[255]: (221.3591600926185,1)
[256]: (222.0049666845043,1)
[257]: (222.1559917597689,1)
[258]: (222.1991132181718,1)
[259]: (221.1391351616594,1)
[260]: (218.9809907549445,1)
[261]: (222.1675116516319,1)
[262]: (218.3933278119578,1)
[263]: (223.4790253079989,1)
[264]: (221.2223084521799,1)
[265]: (227.0426216396535,1)
[266]: (222.0549171543479,1)
[267]: (218.046047167262,1)
[268]: (226.2470108141209,1)
[269]: (233.5723375862444,1)
[270]: (221.0349881160483,1)
[271]: (220.4837298947838,1)
[272]: (223.5504490745126,1)
[273]: (219.133256136571,1)
[274]: (231.2223155284398,1)
[275]: (224.0541875685618,1)
[276]: (227.2203477486361,1)
[277]: (224.1675944885497,1)
[278]: (228.1843484497899,1)
[279]: (222.0315453631424,1)
[280]: (224.4263251739912,1)
[281]: (227.3964878293565,1)
[282]: (221.5393165610484,1)
[283]: (217.0450272568796,1)
[284]: (221.1669505903857,1)
[285]: (221.0092376961795,1)
[286]: (222.302993966618,1)
[287]: (226.334095778002,1)
[288]: (226.2918120596694,1)
[289]: (224.0910007494712,1)
[290]: (227.0823557032105,1)
[291]:
[292]: (219.2965880818386,1)
[293]: (224.1612179359219,1)
[294]: (220.5504412889976,1)
[295]: (231.1099023093979,1)
[296]: (220.5604908055635,1)
[297]: (219.618627459189,1)
[298]: (214.1982373756498,1)
[299]: (218.3172631965775,1)
[300]: (231.0419728764599,1)
[301]: (226.1043602449679,1)
[302]: (217.3396158304301,1)
[303]: (217.2680900834835,1)
[304]: (209.4295849328394,1)
[305]: (219.0230496809714,1)
[306]: (225.1886258913152,1)
[307]: (223.1578784287963,1)
[308]: (226.5337296689839,1)
[309]: (230.5808265974952,1)
[310]: (222.0096031794142,1)
[311]: (228.1129796679571,1)
[312]: (224.0211531221257,1)
[313]: (226.5683129939876,1)
[314]: (225.0605867751168,1)
[315]: (224.3736704092435,1)
[316]: (218.1311978157021,1)
[317]: (218.2234220157317,1)
[318]: (218.5564037178799,1)
[319]: (229.4052129748385,1)
[320]: (221.0773667705559,1)
[321]: (220.0202473377047,1)
[322]: (225.2768589186622,1)
[323]: (215.2591175765556,1)
[324]: (222.1930652728934,1)
[325]: (223.0783526005846,1)
[326]: (230.8036257497075,1)
[327]: (218.2933213709982,1)
[328]: (228.6591857701008,1)
[329]: (226.0190058891007,1)
[330]: (222.1036658129633,1)
[331]: (224.1365633180562,1)
[332]: (226.5014051361089,1)
[333]: (224.0314915925151,1)
[334]: (218.213540900458,1)
[335]: (219.6866277892333,1)
[336]: (219.3189607216609,1)
[337]: (227.0284410786581,1)
[338]: (231.0895574641994,1)
[339]: (214.2635318971601,1)
[340]: (226.1469764150118,1)
[341]: (216.0628330049134,1)
[342]: (221.0314696088788,1)
[343]: (220.3482085217739,1)
[344]: (215.4971753137306,1)
[345]:
[346]: (220.4089787427513,1)
[347]: (220.3031306024988,1)
[348]: (221.3011342400716,1)
[349]: (223.0613687289328,1)
[350]: (221.5431153281951,1)
[351]: (228.0178810607756,1)
[352]: (228.1926025009568,1)
[353]: (225.6220095724964,1)
[354]: (222.6315932700507,1)
[355]: (227.5917951749715,1)
[356]: (225.013487422372,1)
[357]: (223.0407338685696,1)
[358]: (228.1385080443969,1)
[359]: (227.0519840194511,1)
[360]: (216.7918686822346,1)
[361]: (232.7574875496939,1)
[362]: (227.2253056460476,1)
[363]: (225.1069726849152,1)
[364]: (224.2505556665628,1)
[365]: (222.1742739870056,1)
[366]: (220.3922691084483,1)
[367]: (219.2208646388991,1)
[368]: (229.0679820395172,1)
[369]: (229.3436510880247,1)
[370]: (219.098686550048,1)
[371]: (221.3387893647224,1)
[372]: (224.119337932217,1)
[373]: (225.1651631108243,1)
[374]: (228.043488739759,1)
[375]:
[376]: (220.4320270212887,1)
[377]: (225.0318449585112,1)
[378]: (227.1495499385397,1)
[379]: (227.0912006057033,1)
[380]: (227.7391749298405,1)
[381]: (217.1846937754316,1)
[382]: (228.5745443456868,1)
[383]: (232.0483926431766,1)
[384]: (226.3536436550462,1)
[385]: (232.2304112597301,1)
[386]: (226.9918232172078,1)
[387]: (218.0495860331415,1)
[388]: (217.4541888148409,1)
[389]: (225.2155211025105,1)
[390]: (226.0176979699464,1)
[391]: (226.3799660544451,1)
[392]: (221.0819286912789,1)
[393]: (227.6544936034079,1)
[394]: (225.0640179082518,1)
[395]: (225.0263562983391,1)
[396]: (223.9443696416884,1)
[397]: (223.7029327798209,1)
[398]:
[399]: (232.3554745572646,1)
[400]: (223.1097534196673,1)
[401]: (228.581112475047,1)
[402]: (229.2895283990221,1)
[403]: (224.0181576656726,1)
[404]: (223.4242837923052,1)
[405]: (220.1109399458937,1)
[406]: (225.1488465470983,1)
[407]: (222.352996910426,1)
[408]: (223.0971486891229,1)
[409]: (220.0691602004637,1)
[410]: (220.1831862605102,1)
[411]: (223.4888301302475,1)
[412]: (222.7920447801378,1)
[413]: (231.8332132083308,1)
[414]: (221.2570324094799,1)
[415]: (221.524385726238,1)
[416]: (228.0479072288731,1)
[417]: (228.5974466057522,1)
[418]: (226.0227643521376,1)
[419]: (225.8359018338685,1)
[420]: (227.5425725376188,1)
[421]: (219.0932042971176,1)
[422]: (224.208104708195,1)
[423]: (224.316266702002,1)
[424]: (215.16960443643,1)
[425]: (218.43497074926,1)
[426]: (228.904671031671,1)
[427]: (227.0673283545083,1)
[428]: (220.2104232153007,1)
[429]: (225.181093335115,1)
[430]: (226.0957338476198,1)
[431]: (219.4450965167478,1)
[432]: (219.6416699481017,1)
[433]: (222.7536975087213,1)
[434]: (221.3757178914274,1)
[435]: (216.4465522313332,1)
[436]: (220.0980024930992,1)
[437]: (218.3078252103068,1)
[438]: (230.6445687406271,1)
[439]: (219.1647376477098,1)
[440]: (226.3056219560333,1)
[441]: (213.1211771498587,1)
[442]: (233.0919258742198,1)
[443]: (223.3152025695723,1)
[444]: (232.4504805205719,1)
[445]: (232.3430237808244,1)
[446]: (221.3813753641464,1)
[447]: (230.0731728728901,1)
[448]: (223.2078751655394,1)
[449]: (225.0202605632648,1)
[450]: (227.4306282440308,1)
[451]: (230.0908590943167,1)
[452]: (218.9700890248794,1)
[453]: (224.0102508865872,1)
[454]: (227.0724162248314,1)
[455]: (223.4043925159053,1)
[456]: (224.1372073753755,1)
[457]: (220.3983780049286,1)
[458]: (227.3428348597106,1)
[459]: (224.5262399111199,1)
[460]: (221.1260666917541,1)
[461]: (223.0477519750831,1)
[462]: (222.0643658211898,1)
[463]: (226.1025224814065,1)
[464]: (226.5098253154475,1)
[465]: (219.1648762243837,1)
[466]: (220.3530938099952,1)
[467]: (220.6965047545553,1)
[468]: (222.4308249554198,1)
[469]: (223.0601989249885,1)
[470]: (217.0241642793902,1)
[471]: (217.0962092100409,1)
[472]: (219.4231079655714,1)
[473]: (219.0033196965898,1)
[474]: (221.3143415120873,1)
[475]: (222.3034691542501,1)
[476]: (224.4589091763559,1)
[477]: (223.7115672207331,1)
[478]: (228.4206074698183,1)
[479]: (220.0140119075257,1)
[480]: (222.0780693264722,1)
[481]: (232.5212688270695,1)
[482]: (231.0093831041595,1)
[483]: (227.2385937832904,1)
[484]: (229.2709801878851,1)
[485]: (224.3413670459207,1)
[486]: (223.2190160471955,1)
[487]: (224.0219302831619,1)
[488]: (226.7021714078101,1)
[489]: (226.1626095294781,1)
[490]: (222.2053875352491,1)
[491]: (224.2040494422414,1)
[492]: (227.6482660118739,1)
[493]: (223.2865674854663,1)
[494]: (230.0772979840349,1)
[495]: (217.8521488192121,1)
[496]:
[497]: (221.3963788780259,1)
[498]: (227.2573265653834,1)
[499]: (222.8266485628272,1)
[500]: (228.5787439398883,1)
[501]: (225.1430368819753,1)
[502]: (228.1164713540917,1)
[503]:
[504]: (223.3576578595379,1)
[505]: (224.7225874866287,1)
[506]: (229.4052866669101,1)
[507]: (222.5600423073373,1)
[508]: (226.443656672971,1)
[509]: (232.3816116891833,1)
[510]: (226.1497339915873,1)
[511]: (222.0723880860794,1)
[512]: (228.0902635111391,1)
[513]: (224.1111030168852,1)
[514]: (217.762066640084,1)
[515]: (223.0136036719945,1)
[516]: (223.258359830083,1)
[517]: (222.614733387856,1)
[518]: (226.1579931093122,1)
[519]: (224.1146028954539,1)
[520]: (222.9401387556066,1)
[521]: (211.3872956341571,1)
[522]: (224.2161959792584,1)
[523]: (231.1472572640397,1)
[524]: (227.0010035361922,1)
[525]: (224.241367623454,1)
[526]: (223.3500853260915,1)
[527]: (224.1741975672782,1)
[528]: (221.8055593295782,1)
[529]: (229.1348245589251,1)
[530]: (223.0390996035849,1)
[531]: (225.0279512340071,1)
[532]: (222.5039221491554,1)
[533]: (223.2626441176462,1)
[534]: (228.4719324194925,1)
[535]:
[536]: (225.1267796343893,1)
[537]: (226.5260540227207,1)
[538]: (225.0955133024846,1)
[539]: (219.3650926219777,1)
[540]: (225.3311032440495,1)
[541]: (229.2342605057874,1)
[542]: (216.1498732827594,1)
[543]: (225.3298768888151,1)
[544]: (230.1061856815672,1)
[545]: (227.0842360862421,1)
[546]: (219.1079025663862,1)
[547]: (222.0276505518429,1)
[548]: (227.6966491197546,1)
[549]: (224.0078363847272,1)
[550]: (217.9425077492012,1)
[551]: (226.8933253560218,1)
[552]: (227.1356353897255,1)
[553]: (227.1563519435788,1)
[554]: (216.3618933353935,1)
[555]: (219.063649941815,1)
[556]: (215.0935762976658,1)
[557]: (223.1862907710336,1)
[558]: (221.0691530408995,1)
[559]: (220.1825398048695,1)
[560]: (223.0649728761363,1)
[561]: (221.5389098687234,1)
[562]: (221.1142097009249,1)
[563]: (220.1701662343685,1)
[564]: (222.1240045763702,1)
[565]: (224.0413338046344,1)
[566]: (225.0583890149705,1)
[567]: (220.2720612870137,1)
[568]: (223.132991562953,1)
[569]: (224.0871801324265,1)
[570]: (228.0802751438546,1)
[571]: (227.0664266874068,1)
[572]: (225.4457105206628,1)
[573]: (222.1203611974885,1)
[574]: (220.3992402275271,1)
[575]: (226.375907837074,1)
[576]: (227.0316212857375,1)
[577]: (221.3699005587389,1)
[578]: (226.1692371639548,1)
[579]: (224.758248525674,1)
[580]: (222.1610369283107,1)
[581]: (224.9269796061674,1)
[582]: (225.7993432364245,1)
[583]: (229.200730672317,1)
[584]: (230.0061528278277,1)
[585]: (227.0497789084706,1)
[586]: (222.0739932609234,1)
[587]: (230.0492924840946,1)
[588]: (223.2419313410909,1)
[589]: (223.0768994824809,1)
[590]: (222.1898275117863,1)
[591]: (223.8005145971727,1)
[592]: (228.2483008652424,1)
[593]: (225.2528409815253,1)
[594]: (225.4792493628417,1)
[595]: (229.0625995456661,1)
[596]:
[597]: (224.6550083566187,1)
[598]: (219.4531146510481,1)
[599]: (228.4564763743298,1)
[600]: (226.3142573267631,1)
[601]: (219.7496933070125,1)
[602]: (227.5717356085523,1)
[603]: (226.0207708376256,1)
[604]: (227.5330091192614,1)
[605]: (226.4143973300569,1)
[606]: (220.1426167155305,1)
[607]: (223.2873338138186,1)
[608]: (230.2276978168605,1)
[609]: (225.4880168689832,1)
[610]: (227.8117336881891,1)
[611]: (218.9154567650256,1)
[612]: (226.069389743849,1)
[613]: (226.5569090675966,1)
[614]: (217.3666339762881,1)
[615]: (230.1106515758636,1)
[616]: (228.2120536512159,1)
[617]: (215.4304520483755,1)
[618]: (225.1050750271813,1)
[619]: (226.3097661406973,1)
[620]: (227.1010555913045,1)
[621]: (221.0977070898447,1)
[622]: (217.0041243060314,1)
[623]:
[624]: (228.5552461802189,1)
[625]: (218.3567155726253,1)
[626]: (223.0135551763581,1)
[627]: (226.2162630932079,1)
[628]: (228.1640596670333,1)
[629]: (222.0025322126503,1)
[630]: (223.3669464516619,1)
[631]: (220.1481890057264,1)
[632]: (216.4336529717439,1)
[633]: (233.0941097340187,1)
[634]: (220.7358937470535,1)
[635]: (219.5004042590448,1)
[636]: (222.2090511791811,1)
[637]: (226.132434638769,1)
[638]: (232.4832866083375,1)
[639]: (220.2025159587363,1)
[640]: (219.6214136962941,1)
[641]: (223.1858191646663,1)
[642]: (213.4510811935489,1)
[643]: (229.0662957058375,1)
[644]: (221.0136485480228,1)
[645]: (228.1098917686531,1)
[646]: (224.5340999598023,1)
[647]: (225.239087110555,1)
[648]: (215.385847655485,1)
[649]: (232.2113713919814,1)
[650]: (222.2920834806289,1)
[651]: (232.1573942950517,1)
[652]: (218.4059474058176,1)
[653]: (223.1471457426501,1)
[654]: (227.7761481440286,1)
[655]: (227.0198268604591,1)
[656]: (225.7747063027432,1)
[657]: (222.3269751856784,1)
[658]: (223.1727135288004,1)
[659]: (222.0498274352956,1)
[660]: (226.0335724069754,1)
[661]: (219.3748192492395,1)
[662]: (230.2688256292211,1)
[663]: (229.8994621317522,1)
[664]: (223.2508631222806,1)
[665]: (222.6152221639056,1)
[666]: (225.3077496757161,1)
[667]: (215.7561821824525,1)
[668]: (223.7828443973362,1)
[669]: (228.5036261158535,1)
[670]: (219.4409233514772,1)
[671]: (222.5653155934112,1)
[672]: (227.0003907888005,1)
[673]: (225.0276781297516,1)
[674]: (223.0063203551908,1)
[675]: (231.8579684398294,1)
[676]: (227.2740538488115,1)
[677]: (231.0277545446221,1)
[678]: (226.3043430495587,1)
[679]: (222.0779023299844,1)
[680]: (226.3083780931762,1)
[681]: (221.1996716500468,1)
[682]: (231.2703262322748,1)
[683]: (221.2371663829138,1)
[684]: (230.1541106871673,1)
[685]: (216.0311795001383,1)
[686]: (232.1706045817035,1)
[687]: (219.1473197094703,1)
[688]: (220.1196117514691,1)
[689]: (220.0670392420498,1)
[690]: (227.6309012370282,1)
[691]: (223.3366324960035,1)
[692]: (221.1024523098537,1)
[693]: (222.1534234972924,1)
[694]: (226.1699398088235,1)
[695]: (222.6425305421252,1)
[696]: (225.0312451525829,1)
[697]: (222.2486330594101,1)
[698]: (221.1434966235368,1)
[699]: (217.2248425052453,1)
[700]: (223.5154878579612,1)
[701]: (226.0075448172215,1)
[702]: (225.2353454086458,1)
[703]: (226.2144119021418,1)
[704]: (222.1664957809771,1)
[705]: (220.0642063585508,1)
[706]: (219.0075707841269,1)
[707]:
[708]: (224.4421228798705,1)
[709]: (224.0297250972432,1)
[710]: (219.0447475852585,1)
[711]: (230.1127032487321,1)
[712]: (217.1792438176281,1)
[713]: (222.0132366038655,1)
[714]: (233.1556867234649,1)
[715]: (228.0463149272812,1)
[716]: (221.8692050106671,1)
[717]: (217.0285067833583,1)
[718]: (228.2156658346568,1)
[719]: (222.4431155672784,1)
[720]: (229.1094447766867,1)
[721]: (224.4442807962679,1)
[722]: (221.0260065843425,1)
[723]: (219.1575190925364,1)
[724]: (226.0137860782268,1)
[725]: (218.1482331261468,1)
[726]: (223.1355732657669,1)
[727]: (223.0012327435525,1)
[728]: (217.2324445450119,1)
[729]: (229.2523213446816,1)
[730]: (229.8985791157129,1)
[731]: (223.0401262044167,1)
[732]: (221.0188757622828,1)
[733]: (220.5989114005469,1)
[734]: (220.0346590208198,1)
[735]: (220.599048704522,1)
[736]: (226.2297357876859,1)
[737]: (227.6281026752697,1)
[738]: (217.7029207394454,1)
[739]: (227.2003479481083,1)
[740]: (228.6368554400834,1)
[741]: (229.8476726399984,1)
[742]: (228.139251097345,1)
[743]: (220.253736395383,1)
[744]:
[745]: (219.0922930254288,1)
[746]: (230.2192637978739,1)
[747]: (228.8217156172804,1)
[748]: (226.658609786145,1)
[749]: (218.0950399450583,1)
[750]: (230.0436638676738,1)
[751]: (216.0913974901531,1)
[752]: (224.365496364407,1)
[753]: (220.0969792614715,1)
[754]: (222.4474874197245,1)
[755]: (218.3270745969562,1)
[756]: (225.2415127823961,1)
[757]: (224.1191557427875,1)
[758]: (221.9029854393848,1)
[759]: (222.0431503652308,1)
[760]: (227.3029480777967,1)
[761]: (220.246705089531,1)
[762]: (222.2436116348363,1)
[763]: (220.850528763468,1)
[764]: (226.2173899986798,1)
[765]: (228.4304998298653,1)
[766]: (219.0909873957227,1)
[767]: (224.0484142509909,1)
[768]: (230.3449291963105,1)
[769]: (227.2356405175878,1)
[770]: (222.3055875019723,1)
[771]: (217.2913020649765,1)
[772]: (224.6600761969455,1)
[773]: (225.5885340254825,1)
[774]: (231.2858707836684,1)
[775]: (229.872827027244,1)
[776]: (228.1880395908476,1)
[777]: (223.2911692684744,1)
[778]: (225.0290220318353,1)
[779]: (217.1858200605472,1)
[780]: (227.0476473988802,1)
[781]: (220.408581458545,1)
[782]: (220.5562707697646,1)
[783]: (221.326349301906,1)
[784]: (228.1738843242286,1)
[785]: (224.6406554168512,1)
[786]: (221.1737228905537,1)
[787]: (225.1919889155083,1)
[788]: (227.693430888531,1)
[789]: (224.3083360475409,1)
[790]: (215.0350991624527,1)
[791]: (227.1511983885594,1)
[792]: (218.5715098896077,1)
[793]: (224.0470965383452,1)
[794]: (223.1013082374732,1)
[795]: (221.1920530467786,1)
[796]: (220.7645236554785,1)
[797]: (222.7709955384271,1)
[798]: (224.2384122227289,1)
[799]: (228.3097282616933,1)
[800]: (226.4562266868022,1)
[801]: (228.6837838307104,1)
[802]: (220.5782857288386,1)
[803]: (225.357905663337,1)
[804]: (218.0172894359865,1)
[805]: (219.0056025652736,1)
[806]: (221.639884392269,1)
[807]: (218.0003507269762,1)
[808]: (228.1728507351629,1)
[809]: (223.1381562388545,1)
[810]: (224.2254543770802,1)
[811]: (221.0286993337243,1)
[812]: (223.4500599873251,1)
[813]: (219.3090083389537,1)
[814]: (230.2081243340881,1)
[815]: (231.2293125442141,1)
[816]: (220.0259403701413,1)
[817]: (222.3980038531979,1)
[818]: (229.6896757339337,1)
[819]: (230.0514563086813,1)
[820]: (221.2100698690346,1)
[821]: (227.0411500448182,1)
[822]: (223.1758628902292,1)
[823]: (227.0822766397244,1)
[824]: (219.1928395737958,1)
[825]:
[826]: (223.0067790962592,1)
[827]: (224.177868958118,1)
[828]: (225.3105676792028,1)
[829]: (229.0211946287765,1)
[830]: (224.0467453210107,1)
[831]: (226.4275370252165,1)
[832]: (227.0741408491302,1)
[833]: (224.4848198573977,1)
[834]: (221.266560185024,1)
[835]: (221.4445795598589,1)
[836]: (219.0557478587001,1)
[837]: (223.021219966074,1)
[838]: (220.3208552923802,1)
[839]: (212.0511021570745,1)
[840]: (230.0475090193396,1)
[841]: (219.1695432087329,1)
[842]: (221.2840807875466,1)
[843]: (228.1747064479116,1)
[844]: (228.19012321911,1)
[845]: (216.7199219944083,1)
[846]: (226.0861572899977,1)
[847]: (225.1703452480793,1)
[848]: (222.0936647669947,1)
[849]: (222.2057893320767,1)
[850]: (221.0664227142489,1)
[851]: (214.0079121913077,1)
[852]: (230.3212156775249,1)
[853]: (225.5790121123503,1)
[854]: (228.2092675027555,1)
[855]: (218.1555413212854,1)
[856]: (218.0348900425522,1)
[857]: (224.2539891159243,1)
[858]: (222.2924217681757,1)
[859]: (226.2062617921581,1)
[860]: (226.3440995413926,1)
[861]: (222.2334389246195,1)
[862]: (220.2190456406556,1)
[863]: (219.0038712796036,1)
[864]: (216.1324802772807,1)
[865]: (227.803699651914,1)
[866]: (225.4267708288562,1)
[867]: (219.1998403407522,1)
[868]: (217.5840324728727,1)
[869]: (224.6936229029428,1)
[870]: (225.0148342262623,1)
[871]: (223.0271904741935,1)
[872]: (225.0039628468541,1)
[873]: (226.652950244392,1)
[874]: (220.6169603843753,1)
[875]: (222.2846648099544,1)
[876]: (225.2624969752849,1)
[877]: (221.3016134390204,1)
[878]: (219.0092798665867,1)
[879]: (222.109838886333,1)
[880]: (223.0684582610863,1)
[881]: (224.0256647776863,1)
[882]: (222.2847957196867,1)
[883]: (219.1954659956984,1)
[884]: (219.9577160358523,1)
[885]: (224.0739850542081,1)
[886]: (221.0479125748961,1)
[887]: (230.4715820173286,1)
[888]: (220.8421689978704,1)
[889]: (214.3279757569069,1)
[890]: (228.7595606167522,1)
[891]: (233.1914031369069,1)
[892]: (217.8822420301166,1)
[893]: (225.0564706304075,1)
[894]: (224.7725626708452,1)
[895]: (229.1126683786222,1)
[896]: (228.029088184238,1)
[897]: (225.3110001776928,1)
[898]: (219.0656837625657,1)
[899]: (219.1022623185709,1)
[900]: (225.0612789511964,1)
[901]: (229.1722107946032,1)
[902]: (233.2488526152009,1)
[903]: (218.0163164772743,1)
[904]: (224.4411950220621,1)
[905]: (228.0838042661641,1)
[906]: (227.1199836456925,1)
[907]: (219.3531072414974,1)
[908]: (229.323211427276,1)
[909]: (225.6334592265497,1)
[910]: (222.3489871337411,1)
[911]: (229.0433735365413,1)
[912]: (228.1976805889736,1)
[913]: (222.3781418546277,1)
[914]: (225.5439686892345,1)
[915]: (223.2855307607635,1)
[916]: (230.0714017751152,1)
[917]: (216.5394126991071,1)
[918]: (221.0916105280888,1)
[919]: (217.2095809822958,1)
[920]: (228.2523185384217,1)
[921]: (229.0910794090064,1)
[922]: (218.1532923284715,1)
[923]: (219.0335472877753,1)
[924]: (227.11265471344,1)
[925]: (225.325649872303,1)
[926]: (225.7977988674937,1)
[927]: (226.0893455338983,1)
[928]: (230.7614034102643,1)
[929]: (225.5375015617653,1)
[930]: (216.4200830432605,1)
[931]: (230.4520886826022,1)
[932]: (231.1028023176512,1)
[933]: (218.7435093155036,1)
[934]: (232.1744320143133,1)
[935]: (224.4104152809875,1)
[936]: (220.1397681902197,1)
[937]:
[938]: (221.0034956493988,1)
[939]: (225.1362087234263,1)
[940]: (213.1213870221555,1)
[941]: (221.0604842020697,1)
[942]: (219.2648948443159,1)
[943]: (227.1907713603987,1)
[944]: (228.6929525170218,1)
[945]: (221.2907997688094,1)
[946]: (220.4095604999327,1)
[947]: (221.2757506140373,1)
[948]: (223.2197857121788,1)
[949]: (228.1739241834414,1)
[950]: (217.0621392439982,1)
[951]: (230.3375739911195,1)
[952]: (224.023939906573,1)
[953]: (223.1351442062461,1)
[954]: (229.1972595746477,1)
[955]: (221.6345189872202,1)
[956]: (221.3485073447396,1)
[957]: (221.1355834274142,1)
[958]: (221.0299424309305,1)
[959]: (224.234047946086,1)
[960]: (218.1718380924181,1)
[961]: (221.3791587880943,1)
[962]: (230.9858972482871,1)
[963]: (220.2977542620576,1)
[964]: (220.1075076299208,1)
[965]: (220.2104263928558,1)
[966]: (217.3916422650241,1)
[967]: (226.506642792036,1)
[968]: (226.0054627735018,1)
[969]: (221.1719312904653,1)
[970]: (229.0217797690572,1)
[971]: (233.2246468377216,1)
[972]: (229.5635481042438,1)
[973]: (221.140098900878,1)
[974]: (228.2915912950583,1)
[975]: (218.9910691497086,1)
[976]: (217.354316117318,1)
[977]: (219.0007312260146,1)
[978]: (222.2485958645912,1)
[979]: (221.0034997430266,1)
[980]: (219.2631926512273,1)
[981]: (224.2811358913162,1)
[982]: (225.298671690264,1)
[983]: (222.0494345087117,1)
[984]: (222.2496423265076,1)
[985]: (219.0409905460166,1)
[986]: (220.29224555459,1)
[987]: (227.1852717658565,1)
[988]: (226.2181368835906,1)
[989]: (220.1340699913869,1)
[990]: (223.0529956384231,1)
[991]: (229.1837780524998,1)
[992]: (223.1539005602541,1)
[993]: (224.0398311648883,1)
[994]: (221.0308905754422,1)
[995]: (223.2721692840882,1)
[996]: (218.2627815091333,1)
[997]: (213.0837104791844,1)
[998]: (226.0771945327613,1)
[999]: (222.0278443749258,1)
[1000]: (225.6422129736721,1)
[1001]: (226.0687024712364,1)
[1002]: (220.2665008698771,1)
[1003]: (218.9167868216872,1)
[1004]: (225.1311697831367,1)
[1005]: (229.1694976203759,1)
[1006]: (221.2392259767432,1)
[1007]: (231.3330399863615,1)
[1008]: (226.7112627311324,1)
[1009]: (230.0461654247789,1)
[1010]: (226.1252390908313,1)
[1011]: (225.9905949695303,1)
[1012]: (227.4332493396318,1)
[1013]: (227.3989526413534,1)
[1014]: (218.0048883605164,1)
[1015]: (220.4103782870178,1)
[1016]: (221.0162755552134,1)
[1017]: (226.2720857943469,1)
[1018]: (224.2491493374969,1)
[1019]: (223.4845022496036,1)
[1020]: (222.0441151402735,1)
[1021]: (217.2208140461942,1)
[1022]: (222.2521225549646,1)
[1023]: (229.085908076067,1)
[1024]: (225.3940984979576,1)
[1025]: (215.0574886223317,1)
[1026]: (227.0776288868094,1)
[1027]: (221.3577040358504,1)
[1028]: (223.1273518217609,1)
[1029]: (221.4341596229381,1)
[1030]: (218.337513943089,1)
[1031]: (224.3486812747365,1)
[1032]: (217.7957993819071,1)
[1033]: (229.0409933665825,1)
[1034]: (230.0286163937938,1)
[1035]: (230.2168096656688,1)
[1036]: (226.2006152701701,1)
[1037]: (224.12122082091,1)
[1038]: (229.2501526096095,1)
[1039]: (224.0857094521395,1)
[1040]: (221.3725543135477,1)
[1041]: (227.5893137204055,1)
[1042]: (224.1332014191678,1)
[1043]: (218.2599573214155,1)
[1044]: (224.2803795534814,1)
[1045]: (223.6692153323258,1)
[1046]: (224.5769115276086,1)
[1047]: (223.014429773468,1)
[1048]: (222.0223156368185,1)
[1049]: (223.2224492793712,1)
[1050]: (220.5271461049702,1)
[1051]: (218.17813976771,1)
[1052]: (224.0991021896429,1)
[1053]: (224.0513005376188,1)
[1054]: (228.1252345179817,1)
[1055]: (220.2156324908889,1)
[1056]: (222.0840092814784,1)
[1057]: (228.118025851665,1)
[1058]: (223.4069088628334,1)
[1059]: (226.1584084773225,1)
[1060]: (224.1673231807311,1)
[1061]: (232.172066973337,1)
[1062]: (220.1697217211849,1)
[1063]: (221.3122424060979,1)
[1064]: (217.5953525471777,1)
[1065]: (220.2006713179322,1)
[1066]: (222.7850070151834,1)
[1067]: (227.6127151741836,1)
[1068]: (220.3218938955746,1)
[1069]:
[1070]: (227.111190618493,1)
[1071]: (223.2226841019576,1)
[1072]: (226.4666778805811,1)
[1073]: (224.0701431298034,1)
[1074]: (218.5816873408464,1)
[1075]: (226.2383594689088,1)
[1076]: (217.1511526281658,1)
[1077]: (214.1905420202498,1)
[1078]: (227.0850953894696,1)
[1079]: (219.850901461719,1)
[1080]: (227.697882873593,1)
[1081]: (220.5268986012854,1)
[1082]: (219.2442391945095,1)
[1083]: (228.1589852046514,1)
[1084]: (225.4003070789424,1)
[1085]: (228.1948180515759,1)
[1086]: (222.3761432871094,1)
[1087]: (219.2575923043215,1)
[1088]: (230.1496835662762,1)
[1089]: (218.0145208890934,1)
[1090]: (229.5314314548037,1)
[1091]: (222.3236885566734,1)
[1092]: (221.4268322679112,1)
[1093]: (219.3445498033739,1)
[1094]: (221.2444644009416,1)
[1095]: (228.0702667681288,1)
[1096]: (227.9242354949949,1)
[1097]: (225.6868178363561,1)
[1098]: (224.2562755874301,1)
[1099]: (219.107199908364,1)
[1100]: (226.1627058143997,1)
[1101]: (226.5427626826133,1)
[1102]: (230.3530459792104,1)
[1103]: (220.613599885888,1)
[1104]: (219.4021757336154,1)
[1105]: (226.7496091673071,1)
[1106]:
[1107]: (226.3030441409263,1)
[1108]: (221.7528254304468,1)
[1109]: (222.2821559617026,1)
[1110]: (225.2683142789499,1)
[1111]: (222.2809843745774,1)
[1112]: (226.8891997846085,1)
[1113]: (229.0394633535361,1)
[1114]: (225.0141284054444,1)
[1115]: (227.5375431596285,1)
[1116]: (228.504472666743,1)
[1117]: (225.4717251502455,1)
[1118]:
[1119]: (226.7784721630304,1)
[1120]: (224.2558283574254,1)
[1121]: (226.1765519678827,1)
[1122]: (225.5285986151582,1)
[1123]: (223.0743893808759,1)
[1124]: (219.1742685872156,1)
[1125]: (222.1693201930791,1)
[1126]: (223.1633686401774,1)
[1127]: (227.0017101766862,1)
[1128]:
[1129]: (224.0338765164146,1)
[1130]: (227.2029760566424,1)
[1131]: (222.0491922349833,1)
[1132]: (229.0300996314977,1)
[1133]: (224.9848096342228,1)
[1134]: (221.0182505358419,1)
[1135]: (224.3555920304003,1)
[1136]: (224.4891154293636,1)
[1137]: (223.1980604110892,1)
[1138]: (220.3125233898005,1)
[1139]: (221.2026935599854,1)
[1140]: (215.1822739074753,1)
[1141]:
[1142]: (228.0285888459958,1)
[1143]: (222.0927337364361,1)
[1144]: (228.4449174378584,1)
[1145]: (226.223488183385,1)
[1146]: (228.1102774937787,1)
[1147]: (224.8230833101047,1)
[1148]: (219.2880005052822,1)
[1149]: (230.4997940526448,1)
[1150]: (222.3908370138514,1)
[1151]: (231.0866074960836,1)
[1152]: (226.0164142610947,1)
[1153]: (230.2217596476346,1)
[1154]: (226.3103754131038,1)
[1155]: (222.1853616771526,1)
[1156]: (227.2531567209144,1)
[1157]: (220.2417944746878,1)
[1158]: (226.2014953712088,1)
[1159]: (212.3523909072091,1)
[1160]: (223.0010694413331,1)
[1161]: (217.4368828492042,1)
[1162]: (223.3509219542473,1)
[1163]: (228.1076673054041,1)
[1164]: (221.3357985902207,1)
[1165]: (226.1321787874177,1)
[1166]: (226.9142419270259,1)
[1167]: (227.6533609887779,1)
[1168]: (221.0530593848233,1)
[1169]: (219.0713547035442,1)
[1170]: (226.274580680894,1)
[1171]: (218.0144842852652,1)
[1172]: (230.8475900314317,1)
[1173]: (214.2825016282129,1)
[1174]: (226.1845287950209,1)
[1175]: (221.5358516270066,1)
[1176]: (225.2062220747738,1)
[1177]: (225.6130045164099,1)
[1178]: (222.0718050599215,1)
[1179]: (224.3412634749464,1)
[1180]: (222.0387677079169,1)
[1181]: (227.1362648687916,1)
[1182]: (224.1548715626789,1)
[1183]: (223.2983842727126,1)
[1184]: (224.1076382005066,1)
[1185]: (228.2498206962415,1)
[1186]: (218.4499711511603,1)
[1187]: (229.3718299246826,1)
[1188]: (221.1150636839721,1)
[1189]: (226.3700453354219,1)
[1190]: (233.5120120955411,1)
[1191]: (222.298125240145,1)
[1192]: (222.8237299021722,1)
[1193]: (225.197864019869,1)
[1194]: (219.0629993013866,1)
[1195]: (221.1924021072309,1)
[1196]: (220.2760350773316,1)
[1197]: (221.1738851417691,1)
[1198]: (229.291240279828,1)
[1199]: (225.5233314042587,1)
[1200]: (227.6692287190162,1)
[1201]: (228.2217082926711,1)
[1202]: (219.0746916083355,1)
[1203]: (227.3529051326472,1)
[1204]:
[1205]: (219.1095121167161,1)
[1206]: (221.1450607885488,1)
[1207]: (227.4362713336068,1)
[1208]: (228.3334760381374,1)
[1209]: (232.6496246331371,1)
[1210]: (220.4161766189999,1)
[1211]: (215.1918187931578,1)
[1212]: (225.1108172359597,1)
[1213]: (229.5868060963361,1)
[1214]: (222.3977216326961,1)
[1215]: (225.1330891314492,1)
[1216]: (220.0706370061571,1)
[1217]: (225.1280980448001,1)
[1218]: (216.2977052100447,1)
[1219]: (221.6342774589298,1)
[1220]: (230.0809353181135,1)
[1221]: (221.0655725712822,1)
[1222]: (221.0802877977663,1)
[1223]: (223.2520112271081,1)
[1224]: (227.4625058040994,1)
[1225]: (216.4242800165185,1)
[1226]: (220.1643640692232,1)
[1227]: (226.2857011979177,1)
[1228]: (218.9576682008298,1)
[1229]: (220.3410096529771,1)
[1230]: (224.3359005542209,1)
[1231]: (228.1540118793291,1)
[1232]: (221.0591299974167,1)
[1233]: (226.1510099584613,1)
[1234]: (226.2893936951209,1)
[1235]: (221.0333537396328,1)
[1236]: (229.0995993383397,1)
[1237]: (232.5452705009888,1)
[1238]: (219.29422833259,1)
[1239]: (226.0701410109804,1)
[1240]: (223.2398386361838,1)
[1241]: (218.6840875464464,1)
[1242]: (225.269846725223,1)
[1243]: (229.1995574028811,1)
[1244]: (227.7004835188237,1)
[1245]: (220.5906742031977,1)
[1246]: (229.1307730497287,1)
[1247]: (223.6146538016841,1)
[1248]: (227.4192782714162,1)
[1249]: (226.4084086367105,1)
[1250]: (228.2943286780799,1)
[1251]: (220.4158607176906,1)
[1252]: (222.3050401203896,1)
[1253]: (223.6212276532611,1)
[1254]: (223.3241623122105,1)
[1255]: (216.145576604073,1)
[1256]: (225.2708503855677,1)
[1257]: (228.4193118359928,1)
[1258]: (229.4280515101992,1)
[1259]: (227.1158123083324,1)
[1260]: (220.0037632353001,1)
[1261]: (221.918294378091,1)
[1262]: (229.063228632378,1)
[1263]: (225.0712362293593,1)
[1264]: (220.0639008756158,1)
[1265]: (217.171559940161,1)
[1266]: (227.1386305127303,1)
[1267]: (217.3902502871248,1)
[1268]: (226.0557795913151,1)
[1269]: (216.0416168469251,1)
[1270]: (219.0452536292373,1)
[1271]: (220.9240442468293,1)
[1272]: (225.0756257212432,1)
[1273]: (221.0183414361846,1)
[1274]: (224.2063143226648,1)
[1275]: (226.4713669130907,1)
[1276]: (224.3938823806973,1)
[1277]: (223.9487779437499,1)
[1278]: (232.0001610192166,1)
[1279]: (220.4598176973815,1)
[1280]: (225.0787846366769,1)
[1281]: (225.2699980569066,1)
[1282]: (224.2223193366461,1)
[1283]: (229.3672598212432,1)
[1284]: (220.5260559082838,1)
[1285]: (218.7102079155146,1)
[1286]: (227.6586960419754,1)
[1287]: (218.1863972298605,1)
[1288]: (227.2723357318214,1)
[1289]: (223.0066532900187,1)
[1290]: (222.1960941606121,1)
[1291]: (223.2126673326431,1)
[1292]: (221.6551082963349,1)
[1293]: (233.0494788283842,1)
[1294]: (224.1580030282838,1)
[1295]: (229.173560937076,1)
[1296]: (224.677012807893,1)
[1297]: (223.1628492014043,1)
[1298]: (223.0113893402546,1)
[1299]: (222.4516583699514,1)
[1300]: (225.2760525997481,1)
[1301]: (221.1779725291163,1)
[1302]: (219.1469561914665,1)
[1303]: (218.0447550027272,1)
[1304]: (217.1342095449814,1)
[1305]: (224.4818630073965,1)
[1306]: (218.0235476406149,1)
[1307]: (217.0323318553927,1)
[1308]: (222.1427772880018,1)
[1309]: (222.1785226850479,1)
[1310]: (220.0452334348075,1)
[1311]: (220.2920795065342,1)
[1312]: (225.5379604852141,1)
[1313]: (230.4472397954687,1)
[1314]: (228.0082044504703,1)
[1315]: (227.9027040499065,1)
[1316]: (224.0682581517738,1)
[1317]: (223.9689809620904,1)
[1318]: (217.1811454740431,1)
[1319]: (220.6559780595365,1)
[1320]: (218.3373813642231,1)
[1321]: (230.4861395030844,1)
[1322]: (224.0260543285975,1)
[1323]: (225.0038751901807,1)
[1324]: (231.0958109046897,1)
[1325]: (221.0430948609068,1)
[1326]: (218.6797339335477,1)
[1327]: (223.0844628933561,1)
[1328]: (219.1878100370283,1)
[1329]: (224.7903018036116,1)
[1330]: (230.5324636809698,1)
[1331]: (231.2726215504792,1)
[1332]: (225.199714453238,1)
[1333]: (222.0152830538983,1)
[1334]: (219.1321731626567,1)
[1335]: (220.4632512098875,1)
[1336]: (221.149673629301,1)
[1337]: (223.6006947116042,1)
[1338]: (227.1889886591336,1)
[1339]: (220.2193506662367,1)
[1340]: (228.061555961867,1)
[1341]: (222.7022285213915,1)
[1342]: (222.0377728204186,1)
[1343]: (223.0069963414019,1)
[1344]: (220.1811566883987,1)
[1345]: (226.2877324277452,1)
[1346]: (230.1191938303423,1)
[1347]: (218.3636957117938,1)
[1348]: (223.5908422021126,1)
[1349]: (221.1112057925621,1)
[1350]: (222.3107923766649,1)
[1351]: (226.5371073320431,1)
[1352]: (222.6287096113055,1)
[1353]: (222.7519749797681,1)
[1354]: (225.3298630198583,1)
[1355]: (225.5814104344405,1)
[1356]: (218.0011732616239,1)
[1357]: (220.973208879749,1)
[1358]: (220.2348630327443,1)
[1359]: (222.337690978913,1)
[1360]: (222.1273151744253,1)
[1361]: (222.2633437339202,1)
[1362]: (229.2783660073946,1)
[1363]: (221.4991838863596,1)
[1364]: (221.2821863055185,1)
[1365]: (229.2711649559282,1)
[1366]: (226.3591072230438,1)
[1367]: (228.2637480554245,1)
[1368]: (225.2853377499574,1)
[1369]: (218.0445748277332,1)
[1370]: (217.0004122941877,1)
[1371]: (228.3161545158199,1)
[1372]: (219.6986926403342,1)
[1373]: (220.4316206156819,1)
[1374]: (221.1933470602352,1)
[1375]: (226.5363249101415,1)
[1376]: (230.0995755483751,1)
[1377]: (229.2647068267768,1)
[1378]: (221.0305595982035,1)
[1379]: (217.1272225223975,1)
[1380]: (227.0468448179584,1)
[1381]: (224.3351685955222,1)
[1382]: (221.5687293452128,1)
[1383]: (223.043919595055,1)
[1384]: (228.0294771462516,1)
[1385]: (220.1722440205674,1)
[1386]: (223.344827059428,1)
[1387]: (219.0434012188692,1)
[1388]: (220.4185002648831,1)
[1389]: (217.0837519508422,1)
[1390]: (225.0814015898013,1)
[1391]: (220.6815954563188,1)
[1392]: (226.0574647278717,1)
[1393]: (222.501405632449,1)
[1394]:
[1395]: (228.0927875922049,1)
[1396]: (224.4547510132735,1)
[1397]: (222.154652716175,1)
[1398]: (215.1862798978513,1)
[1399]: (223.6433402784514,1)
[1400]: (225.2162167609688,1)
[1401]: (226.0157564378091,1)
[1402]: (222.0383393239639,1)
[1403]: (228.1235355072952,1)
[1404]: (220.6474634297348,1)
[1405]: (221.3465948829285,1)
[1406]: (224.0580677922268,1)
[1407]: (222.3484108704054,1)
[1408]: (221.0221221821658,1)
[1409]: (220.2845506651711,1)
[1410]: (223.2474200157203,1)
[1411]: (219.2070785986361,1)
[1412]: (221.323942557951,1)
[1413]: (221.1002765202797,1)
[1414]: (217.0440269623662,1)
[1415]: (220.1781307592843,1)
[1416]:
[1417]: (232.3317651839445,1)
[1418]: (226.0706536812833,1)
[1419]: (221.4161101627271,1)
[1420]: (215.0623623792643,1)
[1421]: (219.1594323501123,1)
[1422]: (221.0616393622888,1)
[1423]: (223.5790311458979,1)
[1424]: (224.5572483129671,1)
[1425]: (226.1120042795057,1)
[1426]: (227.0374999862476,1)
[1427]: (220.0046933449404,1)
[1428]: (224.0591691531469,1)
[1429]: (217.1225677142532,1)
[1430]: (232.2580461305598,1)
[1431]: (226.0200560308326,1)
[1432]: (224.0123875902499,1)
[1433]: (221.3859079865471,1)
[1434]: (230.1040018737725,1)
[1435]: (227.1108834847655,1)
[1436]: (218.035352822513,1)
[1437]: (220.0190513287577,1)
[1438]: (228.4394600075792,1)
[1439]: (224.8385068154706,1)
[1440]: (224.085492592166,1)
[1441]: (233.0383599967175,1)
[1442]: (226.8277909286308,1)
[1443]: (222.4859494101358,1)
[1444]: (225.0272115694542,1)
[1445]: (220.1783688785532,1)
[1446]: (225.8561138334663,1)
[1447]: (226.0324424408828,1)
[1448]: (223.0012391631825,1)
[1449]: (223.1627274184403,1)
[1450]: (221.3181502282874,1)
[1451]: (218.3548251901064,1)
[1452]: (227.1625653942172,1)
[1453]: (220.2894152665897,1)
[1454]: (217.7029903222225,1)
[1455]:
[1456]: (223.4230996696845,1)
[1457]: (229.2978520111064,1)
[1458]: (219.2101954517373,1)
[1459]: (221.0148837618966,1)
[1460]: (220.1056665423917,1)
[1461]: (222.0794433742824,1)
[1462]: (225.25885133841,1)
[1463]: (217.0868487397275,1)
[1464]: (216.8679918223941,1)
[1465]: (220.0692745734706,1)
[1466]: (231.053470433531,1)
[1467]: (221.4060352709457,1)
[1468]: (224.0535420511778,1)
[1469]: (218.0332403729293,1)
[1470]: (224.0064900507536,1)
[1471]: (229.0517300076861,1)
[1472]: (221.1365125255415,1)
[1473]: (216.3208467252032,1)
[1474]: (220.7853297695674,1)
[1475]: (220.2284063776242,1)
[1476]: (227.3216691486306,1)
[1477]: (231.4255769921276,1)
[1478]: (227.4305325450724,1)
[1479]: (213.2370142962369,1)
[1480]: (222.3063883517665,1)
[1481]: (221.2607161574351,1)
[1482]: (223.170672478393,1)
[1483]: (222.2098222905056,1)
[1484]: (224.1271211309968,1)
[1485]: (216.3762518551245,1)
[1486]: (224.0712395664258,1)
[1487]: (224.1974860477673,1)
[1488]: (222.1100207530546,1)
[1489]: (223.0392163917808,1)
[1490]: (219.2905818863728,1)
[1491]: (221.8273226806019,1)
[1492]: (222.8022896278221,1)
[1493]: (230.4463419314519,1)
[1494]: (226.0176739165071,1)
[1495]: (219.2815934984766,1)
[1496]: (227.356207398398,1)
[1497]: (218.1444606160812,1)
[1498]:
[1499]: (217.3866122595796,1)
[1500]: (219.0074393375908,1)
[1501]: (227.0245817161568,1)
[1502]: (224.4597396670126,1)
[1503]: (220.0370280842553,1)
[1504]: (226.1123663504621,1)
[1505]: (226.0240011615494,1)
[1506]: (222.4018832530334,1)
[1507]: (216.2362486579877,1)
[1508]: (223.2840211390322,1)
[1509]: (222.4309130209203,1)
[1510]: (224.5353723511143,1)
[1511]: (222.6145679983766,1)
[1512]: (227.4571480780849,1)
[1513]: (230.2215118429271,1)
[1514]: (227.1219154713832,1)
[1515]: (218.1644414475925,1)
[1516]: (225.138641785515,1)
[1517]: (223.237457550492,1)
[1518]: (221.1556391785637,1)
[1519]: (224.2008038927271,1)
[1520]: (223.1258395582276,1)
[1521]: (222.1454246169059,1)
[1522]: (222.4736380516039,1)
[1523]: (215.0043259364168,1)
[1524]: (226.1678867387322,1)
[1525]: (221.149689927877,1)
[1526]: (219.2266365428663,1)
[1527]: (226.7902747232812,1)
[1528]: (222.7979517127888,1)
[1529]: (223.0089703833617,1)
[1530]: (216.4549902835905,1)
[1531]: (218.0353290407937,1)
[1532]:
[1533]: (229.5857444096096,1)
[1534]: (225.6307266114346,1)
[1535]: (219.3161930099998,1)
[1536]: (221.6866008083961,1)
[1537]: (225.3077852531253,1)
[1538]: (220.1409570073572,1)
[1539]: (227.1893745907649,1)
[1540]: (233.0048837288597,1)
[1541]: (225.0222029208471,1)
[1542]: (222.0237492559357,1)
[1543]: (216.240418942886,1)
[1544]: (221.3902431455652,1)
[1545]: (222.0556923319802,1)
[1546]: (222.0872839966425,1)
[1547]: (225.0379176092515,1)
[1548]: (220.2298745330249,1)
[1549]: (217.4349950901957,1)
[1550]: (231.3670461839704,1)
[1551]: (229.003339022431,1)
[1552]: (222.002289330625,1)
[1553]: (225.0012319021399,1)
[1554]: (220.3860238665481,1)
[1555]: (222.2465108926962,1)
[1556]: (233.0665643259629,1)
[1557]: (220.0791910779041,1)
[1558]: (217.2979739166932,1)
[1559]: (219.3688297362231,1)
[1560]: (223.1330180383195,1)
[1561]: (225.0121315592379,1)
[1562]: (219.0336956046229,1)
[1563]: (232.1314120755214,1)
[1564]: (228.0789213461041,1)
[1565]: (224.0915979036747,1)
[1566]: (221.3513049474346,1)
[1567]: (226.1264968913444,1)
[1568]: (225.2230753558819,1)
[1569]: (214.0520985517156,1)
[1570]:
[1571]: (229.9488968199452,1)
[1572]: (225.3706946848042,1)
[1573]: (223.5078011766562,1)
[1574]: (222.5273288628079,1)
[1575]: (228.9694042959044,1)
[1576]: (219.1731950894813,1)
[1577]: (219.1580561189587,1)
[1578]: (220.2068011396631,1)
[1579]: (219.10627870414,1)
[1580]: (219.4144749842494,1)
[1581]: (224.0246906467665,1)
[1582]: (231.2607701843645,1)
[1583]: (225.0196786411086,1)
[1584]: (217.3285056270797,1)
[1585]: (226.2468338331194,1)
[1586]: (218.0562362556082,1)
[1587]: (220.0364452952721,1)
[1588]: (220.0949439572621,1)
[1589]: (222.0525646237622,1)
[1590]: (225.4046530452825,1)
[1591]: (228.0373848403584,1)
[1592]: (225.9938616200127,1)
[1593]: (218.3159668725052,1)
[1594]: (214.174846958674,1)
[1595]: (221.0938352950927,1)
[1596]: (223.0041547425876,1)
[1597]: (223.2834744314207,1)
[1598]: (219.0899595905294,1)
[1599]: (218.3268019307183,1)
[1600]: (227.1359726924495,1)
[1601]: (223.1249158892225,1)
[1602]: (222.1044812909421,1)
[1603]: (226.0659193841076,1)
[1604]: (221.3844687438256,1)
[1605]: (218.7098789832887,1)
[1606]: (233.4469005866194,1)
[1607]: (226.875550545002,1)
[1608]: (219.0360881883625,1)
[1609]: (216.645405802913,1)
[1610]: (218.3619242485653,1)
[1611]: (221.1564716830322,1)
[1612]:
[1613]: (220.0958815419237,1)
[1614]: (231.1340053332572,1)
[1615]: (233.2258436180955,1)
[1616]: (227.2984581314631,1)
[1617]: (226.1155890336238,1)
[1618]: (220.3847087729495,1)
[1619]: (223.1242694997763,1)
[1620]: (220.1172143021934,1)
[1621]: (218.8570811895122,1)
[1622]: (226.0372566166031,1)
[1623]: (219.4619099842423,1)
[1624]: (228.5936999160863,1)
[1625]: (223.2405674511552,1)
[1626]: (217.2731880640023,1)
[1627]: (219.1708060881301,1)
[1628]: (219.3973092493638,1)
[1629]: (224.5910639269618,1)
[1630]: (223.4429217436568,1)
[1631]: (223.5657398888955,1)
[1632]: (216.0531044219281,1)
[1633]: (224.0296134703207,1)
[1634]: (228.2586502501915,1)
[1635]: (220.6947999585553,1)
[1636]: (226.0111868348713,1)
[1637]: (221.2225582246816,1)
[1638]: (225.4115817431607,1)
[1639]: (224.0274530966679,1)
[1640]: (217.4098321449171,1)
[1641]: (224.143467021728,1)
[1642]: (218.2626801761211,1)
[1643]: (224.1510602906748,1)
[1644]: (230.4516372554577,1)
[1645]: (222.2009198233426,1)
[1646]: (222.0983684815226,1)
[1647]: (222.0857726136835,1)
[1648]: (216.5157741047871,1)
[1649]: (224.1048388114207,1)
[1650]: (218.0767284032692,1)
[1651]: (217.9523032679472,1)
[1652]: (221.0669501546268,1)
[1653]: (224.4891975839862,1)
[1654]: (221.5443258596179,1)
[1655]: (222.1444437528061,1)
[1656]: (228.1221623968314,1)
[1657]: (223.097030873236,1)
[1658]: (231.3412882965948,1)
[1659]: (223.4124214542068,1)
[1660]: (230.3152091792679,1)
[1661]: (219.4051346522974,1)
[1662]: (218.254396764968,1)
[1663]: (223.1352281781499,1)
[1664]: (232.4225454773602,1)
[1665]: (226.363777394765,1)
[1666]: (218.3385737403541,1)
[1667]: (229.0837925706322,1)
[1668]: (223.8564480639991,1)
[1669]: (221.224294036455,1)
[1670]: (220.0779749664382,1)
[1671]: (224.0856717079409,1)
[1672]: (227.1496420418344,1)
[1673]: (225.0356626265825,1)
[1674]: (223.571198418817,1)
[1675]: (229.678202559131,1)
[1676]: (225.2095759290081,1)
[1677]: (220.4095472920744,1)
[1678]: (223.1120942154618,1)
[1679]: (228.5320030759343,1)
[1680]: (229.6779026272576,1)
[1681]: (225.5945939283944,1)
[1682]: (226.0917569146975,1)
[1683]: (226.3146759464437,1)
[1684]: (225.508913363596,1)
[1685]: (225.0809338618252,1)
[1686]: (224.4837069210961,1)
[1687]: (227.1501836083689,1)
[1688]: (230.0785307183329,1)
[1689]: (225.1228330201499,1)
[1690]: (222.8342841037109,1)
[1691]: (220.146940846253,1)
[1692]: (218.2117180382692,1)
[1693]: (221.4819841938052,1)
[1694]: (226.4314805988941,1)
[1695]: (215.6587465256829,1)
[1696]: (218.2396896183048,1)
[1697]: (222.4837918141669,1)
[1698]: (220.3057703725841,1)
[1699]: (226.9567958954353,1)
[1700]: (223.0146985129906,1)
[1701]: (228.1458375425907,1)
[1702]: (217.1143129401208,1)
[1703]: (230.2191203956498,1)
[1704]: (217.4457273550126,1)
[1705]: (229.7538856601398,1)
[1706]: (222.0323254262071,1)
[1707]:
[1708]: (219.4063441301117,1)
[1709]: (226.0856313691359,1)
[1710]: (220.5315822304976,1)
[1711]: (221.1556346359341,1)
[1712]: (222.3340812226733,1)
[1713]: (219.2737377377165,1)
[1714]: (227.0629114898076,1)
[1715]: (219.1061781394426,1)
[1716]: (221.0560885258188,1)
[1717]: (226.220175269981,1)
[1718]: (220.1224595695064,1)
[1719]: (224.2538706483946,1)
[1720]: (226.1723497764234,1)
[1721]: (226.0208650998045,1)
[1722]: (217.8306776220395,1)
[1723]: (230.0982205258156,1)
[1724]: (225.9839132885978,1)
[1725]: (224.1954039042634,1)
[1726]: (225.9991257021401,1)
[1727]: (225.1755375387287,1)
[1728]: (217.014577435123,1)
[1729]: (227.0901788136062,1)
[1730]: (223.0860563775357,1)
[1731]: (231.0646685014331,1)
[1732]: (226.2084413308331,1)
[1733]: (221.4413660502682,1)
[1734]: (223.052757390388,1)
[1735]: (225.5196691780055,1)
[1736]: (231.0780713750039,1)
[1737]: (220.290340744811,1)
[1738]: (225.4420665137217,1)
[1739]: (228.1179276783932,1)
[1740]: (222.0077773174852,1)
[1741]: (214.1139816196664,1)
[1742]: (223.2363520743311,1)
[1743]: (215.0906208382203,1)
[1744]: (232.1921487522039,1)
[1745]: (217.0292945306689,1)
[1746]: (220.3046341392248,1)
[1747]: (220.1448238906085,1)
[1748]: (227.2871061696141,1)
[1749]: (218.4579165921049,1)
[1750]: (226.060104394964,1)
[1751]: (224.1257727357713,1)
[1752]: (225.7894588559564,1)
[1753]: (220.0573698390599,1)
[1754]: (221.6597119117121,1)
[1755]: (232.1012114548834,1)
[1756]: (227.3416025144101,1)
[1757]: (223.0989685020049,1)
[1758]: (226.0408567315824,1)
[1759]: (219.1076314603879,1)
[1760]: (226.2599711255356,1)
[1761]: (226.1546556156673,1)
[1762]: (229.1609656823752,1)
[1763]: (224.3579568897015,1)
[1764]: (218.2487351402281,1)
[1765]: (221.5143425142043,1)
[1766]: (220.073438403746,1)
[1767]: (220.121059024243,1)
[1768]: (222.802729859238,1)
[1769]: (222.8281353610817,1)
[1770]: (224.2370804980695,1)
[1771]: (221.2071477329352,1)
[1772]: (228.3584353963879,1)
[1773]: (219.2537522876316,1)
[1774]: (228.1412493484229,1)
[1775]: (227.8207816805527,1)
[1776]: (221.0029099458102,1)
[1777]: (231.0058066301845,1)
[1778]: (215.1366523261293,1)
[1779]: (219.7678215233169,1)
[1780]: (221.654027334098,1)
[1781]: (220.0662250535849,1)
[1782]: (223.1268278024311,1)
[1783]: (232.3403602793091,1)
[1784]: (220.6475536635563,1)
[1785]:
[1786]: (218.1177322333544,1)
[1787]: (228.5640575372015,1)
[1788]: (222.0030236853001,1)
[1789]: (230.5752012908508,1)
[1790]: (232.5114743790425,1)
[1791]: (221.1280922170043,1)
[1792]: (224.2820772157353,1)
[1793]: (224.4630845395307,1)
[1794]: (222.4482078649027,1)
[1795]: (223.201634258983,1)
[1796]: (228.1439661635756,1)
[1797]: (226.0361026056186,1)
[1798]: (221.0297091966882,1)
[1799]: (233.4177857490293,1)
[1800]: (223.818859631842,1)
[1801]: (227.0805784325995,1)
[1802]: (215.8638031919577,1)
[1803]: (226.037016530665,1)
[1804]: (219.2783706652569,1)
[1805]: (225.0598953961882,1)
[1806]: (224.1818062758592,1)
[1807]: (224.405777173141,1)
[1808]: (222.7586167818166,1)
[1809]: (226.1594642901252,1)
[1810]: (218.5736168051611,1)
[1811]: (222.1426385939297,1)
[1812]: (223.2009879387658,1)
[1813]: (219.765870839761,1)
[1814]: (221.2594483402701,1)
[1815]: (230.1580233802915,1)
[1816]: (231.2890673653482,1)
[1817]: (221.577762446021,1)
[1818]: (227.3805096579619,1)
[1819]: (217.1798582396446,1)
[1820]: (228.4520528187837,1)
[1821]: (230.280593301678,1)
[1822]: (226.242807672596,1)
[1823]: (229.1488887066498,1)
[1824]: (216.5524836626202,1)
[1825]: (229.1384840643786,1)
[1826]: (217.4040940649913,1)
[1827]: (223.0486693497081,1)
[1828]: (221.2469813923272,1)
[1829]:
[1830]: (222.1881430911178,1)
[1831]: (215.6726860575568,1)
[1832]: (222.3640055286673,1)
[1833]: (227.0144005616784,1)
[1834]: (223.1144373062323,1)
[1835]: (221.0087291782107,1)
[1836]: (225.3090618144446,1)
[1837]: (227.2522887670783,1)
[1838]: (221.5545891224097,1)
[1839]: (222.0531728775725,1)
[1840]: (228.4366559100685,1)
[1841]: (217.4113075020744,1)
[1842]: (224.146028131805,1)
[1843]: (227.4369330385881,1)
[1844]: (230.5218966297111,1)
[1845]: (224.7525280838688,1)
[1846]: (224.4800055218361,1)
[1847]: (226.5226236937665,1)
[1848]: (219.852900610881,1)
[1849]: (229.4299016666876,1)
[1850]: (222.2462593744455,1)
[1851]: (230.7403960215883,1)
[1852]: (220.0516589539242,1)
[1853]: (221.1300847847356,1)
[1854]: (228.3027653625417,1)
[1855]: (219.647907902418,1)
[1856]: (230.3459653358317,1)
[1857]: (228.5567397630701,1)
[1858]: (215.3113246575563,1)
[1859]: (223.2341527529011,1)
[1860]: (227.013419229201,1)
[1861]: (222.3316989431281,1)
[1862]: (222.0112952527792,1)
[1863]: (218.5695236711981,1)
[1864]: (222.0540227673765,1)
[1865]: (228.2358038161426,1)
[1866]: (219.0473119765758,1)
[1867]: (221.0728189859381,1)
[1868]: (222.2964338609954,1)
[1869]: (224.2387367780521,1)
[1870]: (223.5816908561256,1)
[1871]: (227.6134486549148,1)
[1872]: (226.3245023609863,1)
[1873]: (228.1019547103115,1)
[1874]: (222.3154836697395,1)
[1875]: (222.1615236361797,1)
[1876]: (221.0674074459731,1)
[1877]: (221.4774723903464,1)
[1878]: (226.0555760968084,1)
[1879]: (215.0487545352903,1)
[1880]: (227.1148959617823,1)
[1881]: (219.4050476197536,1)
[1882]: (222.2655128944302,1)
[1883]: (226.0155132312454,1)
[1884]: (226.1282800405568,1)
[1885]: (224.1974045998416,1)
[1886]: (224.1477856408307,1)
[1887]: (227.0203075483777,1)
[1888]: (223.4525264076204,1)
[1889]: (227.8125688180427,1)
[1890]: (220.5900320704903,1)
[1891]: (219.0893857457356,1)
[1892]: (222.0085040425667,1)
[1893]: (222.0136480246018,1)
[1894]: (225.7835969487678,1)
[1895]: (218.989821578637,1)
[1896]: (221.4827963528039,1)
[1897]: (229.2418631924692,1)
[1898]: (223.3642340267843,1)
[1899]: (218.0825659103644,1)
[1900]: (230.0055255093668,1)
[1901]: (227.5188214355982,1)
[1902]: (225.3921178936929,1)
[1903]: (219.0885126265386,1)
[1904]: (219.4373655632371,1)
[1905]: (222.0502846428927,1)
[1906]: (220.0142880498877,1)
[1907]: (226.0330987164161,1)
[1908]: (225.3278573650218,1)
[1909]: (219.272789557105,1)
[1910]: (226.2105436185971,1)
[1911]: (224.3996217625512,1)
[1912]: (223.0581715995266,1)
[1913]: (222.1130867962295,1)
[1914]: (226.0213424368811,1)
[1915]: (223.6259306205659,1)
[1916]: (221.0084160282203,1)
[1917]: (218.5613821089991,1)
[1918]: (225.0415780257247,1)
[1919]: (224.1736508993228,1)
[1920]: (233.1238065642962,1)
[1921]: (219.6043320988953,1)
[1922]: (224.0892102468042,1)
[1923]: (220.0868226668048,1)
[1924]: (232.0996670852436,1)
[1925]: (226.1984935997992,1)
[1926]: (220.2892499290077,1)
[1927]: (232.2115335395461,1)
[1928]: (228.6763969810331,1)
[1929]:
[1930]: (226.3089978417647,1)
[1931]: (220.0691523180151,1)
[1932]: (223.0954328204587,1)
[1933]: (216.3189726358596,1)
[1934]: (225.1118353092803,1)
[1935]: (228.3326763769904,1)
[1936]:
[1937]: (226.4231329983947,1)
[1938]: (225.2030185781809,1)
[1939]: (224.3723912222929,1)
[1940]: (222.1462551250916,1)
[1941]: (219.2390163985577,1)
[1942]: (225.0213756740319,1)
[1943]: (221.0907583668176,1)
[1944]: (222.5070684124052,1)
[1945]: (221.2236287526654,1)
[1946]: (220.5222189592153,1)
[1947]: (232.2294410207657,1)
[1948]: (227.2783325814771,1)
[1949]: (228.3167037624058,1)
[1950]: (216.4906257732766,1)
[1951]: (228.3378479669356,1)
[1952]: (226.133279555758,1)
[1953]: (221.209982281382,1)
[1954]: (223.1881603464889,1)
[1955]: (221.0105777731455,1)
[1956]: (226.362176476411,1)
[1957]: (221.4477187421288,1)
[1958]: (226.2731506098083,1)
[1959]: (230.0988281543746,1)
[1960]: (223.1314365660729,1)
[1961]: (216.8421776786401,1)
[1962]: (227.5910664725054,1)
[1963]: (222.9820102731743,1)
[1964]: (216.4705838259954,1)
[1965]: (222.5956383781536,1)
[1966]: (220.0965737619583,1)
[1967]: (221.0382281152877,1)
[1968]: (223.5282815828026,1)
[1969]: (225.7903583783284,1)
[1970]: (224.3858916482386,1)
[1971]: (229.3754891395798,1)
[1972]: (225.5025038931026,1)
[1973]: (221.1622672262662,1)
[1974]: (223.0780160272965,1)
[1975]: (214.0589423936599,1)
[1976]: (230.1004272522525,1)
[1977]: (223.641777248585,1)
[1978]: (227.1526859713092,1)
[1979]: (221.1598116012283,1)
[1980]: (220.0257017333757,1)
[1981]: (226.0439221700563,1)
[1982]: (226.1362324294551,1)
[1983]: (225.5516033762943,1)
[1984]: (222.0290709193877,1)
[1985]: (223.6630008168513,1)
[1986]: (220.1587788762289,1)
[1987]: (220.438630687946,1)
[1988]: (225.3323856267824,1)
[1989]: (228.4373687740164,1)
[1990]: (222.5964686392138,1)
[1991]: (228.1397978335249,1)
[1992]: (226.6180284917102,1)
[1993]: (218.1500432827326,1)
[1994]: (226.0483551165068,1)
[1995]: (224.1342335247822,1)
[1996]: (218.3791417876054,1)
[1997]: (219.3678571951964,1)
[1998]: (226.1278969325746,1)
[1999]: (224.8222773147759,1)
 -- States explored : 0 states
 -- CPU user time used : 312550 ms
 -- Virtual memory used : 25234228 KiB
 -- Resident memory used : 25195308 KiB
executionTime: 2152
