core file size          (blocks, -c) unlimited
data seg size           (kbytes, -d) unlimited
scheduling priority             (-e) 0
file size               (blocks, -f) unlimited
pending signals                 (-i) 4077086
max locked memory       (kbytes, -l) 64
max memory size         (kbytes, -m) 99614720
open files                      (-n) 4096
pipe size            (512 bytes, -p) 8
POSIX message queues     (bytes, -q) 819200
real-time priority              (-r) 0
stack size              (kbytes, -s) 8192
cpu time               (seconds, -t) unlimited
max user processes              (-u) 4077086
virtual memory          (kbytes, -v) 95000000
file locks                      (-x) unlimited
Options for the verification:
  Generating some trace
  Search order is random depth first
  Using conservative space optimisation
  Seed is 1556615765
  State space representation uses minimal constraint systems
  Using HashMap + Compress integers for discrete state storage

Verifying formula 1 at ../queries/SN_300_49_4.q:1
 -- Formula is satisfied.
(9000 runs)
Learning statistics for best strategy: 
	Number of resets: 0
	Number of iterations in last reset: 16
	Number of iterations in total: 16

 -- States explored : 0 states
 -- CPU user time used : 2718980 ms
 -- Virtual memory used : 28874052 KiB
 -- Resident memory used : 28835552 KiB

Verifying formula 2 at ../queries/SN_300_49_4.q:2
 -- Formula is satisfied.
Composer.Done:
[0]: (0,0) (862.0868986030582,1)
[1]: (853.1028958000686,1)
[2]: (878.0393703435719,1)
[3]: (856.7262969351065,1)
[4]: (858.058021622006,1)
[5]: (878.1522854239693,1)
[6]: (864.1548333970945,1)
[7]: (859.1091615057434,1)
[8]: (867.5712800218328,1)
[9]: (877.1380782770663,1)
[10]: (857.0213875831946,1)
[11]: (852.3894268723775,1)
[12]: (865.0760971529877,1)
[13]: (861.4892815357613,1)
[14]: (870.0457484358914,1)
[15]: (869.7675436416433,1)
[16]: (854.1355670291134,1)
[17]: (882.1678741292914,1)
[18]: (860.2160739767496,1)
[19]: (881.0287358925277,1)
[20]: (862.0665112301501,1)
[21]: (857.0540268517971,1)
[22]: (885.5633617063452,1)
[23]: (857.2401522791708,1)
[24]: (874.3981974309124,1)
[25]: (882.253781692894,1)
[26]: (876.138646918187,1)
[27]: (870.064056124638,1)
[28]: (873.1396139312649,1)
[29]: (872.3438370801762,1)
[30]: (865.6693962748628,1)
[31]: (862.1169252543838,1)
[32]: (880.0304814325099,1)
[33]: (865.2527504058808,1)
[34]: (863.0999235847996,1)
[35]: (868.6001946072513,1)
[36]: (881.0510101143458,1)
[37]: (865.4029840908731,1)
[38]: (884.5824270900497,1)
[39]: (862.6691774199617,1)
[40]: (865.0976601498622,1)
[41]: (864.1404140412888,1)
[42]: (869.0792376967228,1)
[43]: (857.0972576483721,1)
[44]: (893.0311071356663,1)
[45]: (863.0066129859317,1)
[46]: (873.0516862843108,1)
[47]: (854.0254385011224,1)
[48]: (861.566559550103,1)
[49]: (851.2052681025859,1)
[50]: (865.1759258184354,1)
[51]: (870.0404276421231,1)
[52]: (879.1658647410476,1)
[53]: (871.26991180802,1)
[54]: (852.0686045888718,1)
[55]: (878.2579792911746,1)
[56]: (854.1240626984223,1)
[57]: (878.3028542719489,1)
[58]: (864.1111405663733,1)
[59]: (867.0047382195879,1)
[60]: (890.405549418413,1)
[61]: (871.5995645601959,1)
[62]: (875.28432524783,1)
[63]: (863.0687354139171,1)
[64]: (852.2213394280254,1)
[65]: (860.3282114440669,1)
[66]: (876.150539708077,1)
[67]: (903.0225540308967,1)
[68]: (851.4135630040904,1)
[69]: (879.6422868423861,1)
[70]: (862.0421883251622,1)
[71]: (862.0671971403463,1)
[72]: (860.3024073352402,1)
[73]: (881.2125426826667,1)
[74]: (877.2791921951599,1)
[75]: (866.1435949802843,1)
[76]: (860.6941520829072,1)
[77]: (849.7672109625694,1)
[78]: (859.5268000397544,1)
[79]: (853.0399071001766,1)
[80]: (870.1689956738409,1)
[81]: (876.2428273712856,1)
[82]: (887.2751856046075,1)
[83]: (891.0638822321758,1)
[84]: (852.0637555806751,1)
[85]: (880.2157354114817,1)
[86]: (874.2055537166431,1)
[87]: (875.2333149219545,1)
[88]: (867.1391645972924,1)
[89]: (854.2803281157072,1)
[90]: (867.2735093878914,1)
[91]: (857.2584559524283,1)
[92]: (864.1990654109875,1)
[93]: (872.5342244422228,1)
[94]: (853.5628093251405,1)
[95]: (880.1428159439153,1)
[96]: (887.0325842170002,1)
[97]: (849.216825807491,1)
[98]: (875.2217342482414,1)
[99]: (871.7513312469188,1)
[100]: (873.3206051905782,1)
[101]: (858.2625750405327,1)
[102]: (868.1790780316824,1)
[103]: (864.0855300816867,1)
[104]: (879.0162239000086,1)
[105]: (854.1396517513452,1)
[106]: (881.469300423541,1)
[107]: (877.2303843793617,1)
[108]: (893.6464402937244,1)
[109]: (891.297664519921,1)
[110]: (853.1084582875513,1)
[111]: (865.1431156559263,1)
[112]: (874.1668986714451,1)
[113]: (852.2637515369596,1)
[114]: (882.0065503440425,1)
[115]: (872.009151244778,1)
[116]: (862.0659839420439,1)
[117]: (861.3541928907281,1)
[118]: (862.0258130715447,1)
[119]: (866.0635887660169,1)
[120]: (866.1035689315745,1)
[121]: (852.1522318934761,1)
[122]: (854.0726188132676,1)
[123]: (909.036405398512,1)
[124]: (884.0152612207554,1)
[125]: (881.3119106298409,1)
[126]: (867.1204357840338,1)
[127]: (869.0516475513003,1)
[128]: (866.1977480444294,1)
[129]: (870.4811836558453,1)
[130]: (864.0739249515925,1)
[131]: (866.0220926564557,1)
[132]: (869.3799232895929,1)
[133]: (860.1836491203294,1)
[134]: (851.0437993757303,1)
[135]: (866.2787949591791,1)
[136]: (871.0116014882111,1)
[137]: (854.2596394208744,1)
[138]: (883.0087463757126,1)
[139]: (873.1351455044373,1)
[140]: (854.0750643690184,1)
[141]: (857.1511691901602,1)
[142]: (858.0509418089557,1)
[143]: (865.2423927679869,1)
[144]: (871.0325434005834,1)
[145]: (867.0047205517191,1)
[146]: (885.0293900655313,1)
[147]: (869.2509039203838,1)
[148]: (851.2065811389554,1)
[149]: (866.1903994327342,1)
[150]: (881.1694300073402,1)
[151]: (859.0680711477538,1)
[152]: (895.8744296709565,1)
[153]: (874.0759185198305,1)
[154]: (856.0829963834989,1)
[155]: (865.8789047640122,1)
[156]: (871.3211145786332,1)
[157]: (861.1385297322593,1)
[158]: (854.2568755391515,1)
[159]: (857.0534294353782,1)
[160]: (861.2703710568494,1)
[161]: (871.0278013898408,1)
[162]: (868.1026112384476,1)
[163]: (869.052615373183,1)
[164]: (854.4926640582901,1)
[165]: (856.2711576871779,1)
[166]: (877.2553805693391,1)
[167]: (868.2338564742828,1)
[168]: (855.3042835580274,1)
[169]: (895.0023693181946,1)
[170]: (867.4445642937343,1)
[171]: (868.7107316059355,1)
[172]: (883.2597912981278,1)
[173]: (868.0104855093646,1)
[174]: (875.1144091174682,1)
[175]: (896.511764089173,1)
[176]: (882.2072451256772,1)
[177]: (857.1885959682506,1)
[178]: (854.2921186606613,1)
[179]: (858.0208082193508,1)
[180]: (870.0150051738987,1)
[181]: (876.2990745280063,1)
[182]: (909.2101388310705,1)
[183]: (873.2768522499802,1)
[184]: (865.1670918254507,1)
[185]: (863.0118350252623,1)
[186]: (896.0458438226941,1)
[187]: (853.2040930041219,1)
[188]: (857.196660617298,1)
[189]: (856.2800007252899,1)
[190]: (855.3006056707762,1)
[191]: (862.0003417914247,1)
[192]: (855.1495289779926,1)
[193]: (900.1900428771224,1)
[194]: (874.2561377643439,1)
[195]: (859.1777460356465,1)
[196]: (876.853067342529,1)
[197]: (858.6414333501839,1)
[198]: (862.3469179885622,1)
[199]: (868.1332460227275,1)
[200]: (867.2946489781651,1)
[201]: (853.233589538764,1)
[202]: (876.1211007566631,1)
[203]: (865.4569624092688,1)
[204]: (872.1275787705446,1)
[205]: (875.5944127337863,1)
[206]: (875.5521564016174,1)
[207]: (874.6676783959286,1)
[208]: (872.4287935117967,1)
[209]: (868.0001115542913,1)
[210]: (878.4822524898628,1)
[211]: (856.5648101995649,1)
[212]: (864.2968286932584,1)
[213]: (855.1344739588096,1)
[214]: (857.1614038979619,1)
[215]: (878.095846782796,1)
[216]: (877.8541877405723,1)
[217]: (857.4243316632425,1)
[218]: (859.3489227423898,1)
[219]: (883.1697624077273,1)
[220]: (865.588551597371,1)
[221]: (854.8847713455087,1)
[222]: (862.6305207551122,1)
[223]: (872.3680476437411,1)
[224]: (856.1585859033538,1)
[225]: (861.0432371856374,1)
[226]: (867.0202361446679,1)
[227]: (876.001823227507,1)
[228]: (904.1289802874305,1)
[229]: (884.5755391850665,1)
[230]: (868.223456992783,1)
[231]: (860.0675472290454,1)
[232]: (854.1932404397795,1)
[233]: (858.0941678180794,1)
[234]: (887.4651744785491,1)
[235]: (882.4752071909323,1)
[236]: (853.1719365701626,1)
[237]: (866.0051060886218,1)
[238]: (891.1587424754031,1)
[239]: (870.3741619123207,1)
[240]: (850.2053532920507,1)
[241]: (855.9785641116873,1)
[242]: (868.1442017716139,1)
[243]: (857.9635337134629,1)
[244]: (879.0516055320176,1)
[245]: (883.186472307042,1)
[246]: (876.10176109964,1)
[247]: (874.2549834522215,1)
[248]: (862.0151954285337,1)
[249]: (873.06174925116,1)
[250]: (895.3588743157385,1)
[251]: (851.0623900726694,1)
[252]: (917.1573021018982,1)
[253]: (864.0905371158925,1)
[254]: (879.6238684678958,1)
[255]: (876.3041445641059,1)
[256]: (872.042110277857,1)
[257]: (896.6228425841401,1)
[258]: (864.2023600453373,1)
[259]: (864.01341845466,1)
[260]: (878.1173114884054,1)
[261]: (877.0962201972932,1)
[262]: (853.3519869329897,1)
[263]: (862.0758838281009,1)
[264]: (886.5844754595804,1)
[265]: (854.0190820619687,1)
[266]: (888.0649886346151,1)
[267]: (860.1392761432801,1)
[268]: (874.002450682426,1)
[269]: (871.1519211118415,1)
[270]: (885.3002379423973,1)
[271]: (870.5261653662446,1)
[272]: (852.4422730196254,1)
[273]: (855.972001666797,1)
[274]: (858.2767921469958,1)
[275]: (858.1666596165156,1)
[276]: (870.2987945380421,1)
[277]: (867.01920985144,1)
[278]: (872.2449115013095,1)
[279]: (862.4724113194333,1)
[280]: (860.4903212002268,1)
[281]: (906.1837924228369,1)
[282]: (853.1571404741597,1)
[283]: (869.0276808318732,1)
[284]: (875.1486966278666,1)
[285]: (873.1237797016065,1)
[286]: (860.3804851280713,1)
[287]: (851.1701798922626,1)
[288]: (879.6171744437798,1)
[289]: (871.1261084011212,1)
[290]: (885.0912681643775,1)
[291]: (863.3849820922754,1)
[292]: (866.9458658590703,1)
[293]: (871.286091003177,1)
[294]: (875.3288333915027,1)
[295]: (858.1227183499118,1)
[296]: (855.0711568734816,1)
[297]: (880.6972271436587,1)
[298]: (889.0980553025021,1)
[299]: (865.3836262135846,1)
[300]: (863.1077279112195,1)
[301]: (874.0766197675719,1)
[302]: (892.1010286388914,1)
[303]: (862.0374882547339,1)
[304]: (864.3640193769144,1)
[305]: (866.25583529152,1)
[306]: (869.1998825606403,1)
[307]: (862.1383252271883,1)
[308]: (869.4654322090759,1)
[309]: (867.0843085209639,1)
[310]: (854.0117518241144,1)
[311]: (871.0789606477584,1)
[312]: (869.3636780731683,1)
[313]: (900.2078618370701,1)
[314]: (851.8981552385023,1)
[315]: (869.0309877372813,1)
[316]: (853.0297050939632,1)
[317]: (889.2223887009333,1)
[318]: (856.0604232851119,1)
[319]: (901.2495960849388,1)
[320]: (859.2706798155609,1)
[321]: (880.0522419244221,1)
[322]: (857.1016714414571,1)
[323]: (872.8109546091702,1)
[324]: (865.0855424084129,1)
[325]: (875.253980980681,1)
[326]: (898.5519631336996,1)
[327]: (878.1942498082686,1)
[328]: (865.1886021915743,1)
[329]: (861.962312877803,1)
[330]: (896.8403234251298,1)
[331]: (888.2222107093203,1)
[332]: (873.1338294075928,1)
[333]: (872.2102202377793,1)
[334]: (859.13468271048,1)
[335]: (858.0465880733498,1)
[336]: (859.9021468011073,1)
[337]: (884.208211774161,1)
[338]: (877.2306793894735,1)
[339]: (875.0311800787537,1)
[340]: (857.2579045455467,1)
[341]: (889.5644126267732,1)
[342]: (882.5944854187049,1)
[343]: (869.1251283039514,1)
[344]: (858.1175049771753,1)
[345]: (889.0159475162502,1)
[346]: (853.6350913566419,1)
[347]: (873.2192517249513,1)
[348]: (860.0259053562152,1)
[349]: (868.678113342423,1)
[350]: (861.0513926857933,1)
[351]: (853.4425149526058,1)
[352]: (870.3546085418535,1)
[353]: (857.4744267279085,1)
[354]: (863.3697741452686,1)
[355]: (866.0073222059929,1)
[356]: (862.1166833942007,1)
[357]: (901.0573645945467,1)
[358]: (870.2454367819469,1)
[359]: (867.758635905665,1)
[360]: (865.2878081234371,1)
[361]: (862.0545877828688,1)
[362]: (895.1166496522267,1)
[363]: (868.1209329769385,1)
[364]: (861.4321207931984,1)
[365]: (885.1284654898652,1)
[366]: (860.1860374207063,1)
[367]: (862.1300391137265,1)
[368]: (856.52555875413,1)
[369]: (854.075512551148,1)
[370]: (862.5275888540992,1)
[371]: (878.1106926485788,1)
[372]: (853.1487359899678,1)
[373]: (870.0773483429258,1)
[374]: (853.1622871414754,1)
[375]: (859.7611461248375,1)
[376]: (856.2758523451795,1)
[377]: (861.5156725616874,1)
[378]: (850.0220844928824,1)
[379]: (856.3950893109768,1)
[380]: (860.594404119173,1)
[381]: (865.3908460236239,1)
[382]: (857.8122789741248,1)
[383]: (863.4706608533123,1)
[384]: (868.2764573434902,1)
[385]: (868.0764165648372,1)
[386]: (859.0715204730288,1)
[387]: (865.5021115709138,1)
[388]: (866.0874196395846,1)
[389]: (863.3091788880677,1)
[390]: (865.1662708628946,1)
[391]: (876.0357003647882,1)
[392]: (855.0507575589539,1)
[393]: (880.6662287181587,1)
[394]: (867.1505303164083,1)
[395]: (891.1383384562589,1)
[396]: (854.0201548671141,1)
[397]: (871.0048137595314,1)
[398]: (873.4571921308108,1)
[399]: (869.3736934208204,1)
[400]: (883.2093369819002,1)
[401]: (863.5185877475126,1)
[402]: (873.2546421768429,1)
[403]: (895.4423048500282,1)
[404]: (868.0333831815125,1)
[405]: (868.3874642567755,1)
[406]: (877.8294356359926,1)
[407]: (860.1404328578025,1)
[408]: (877.0610591821776,1)
[409]: (873.3768137768162,1)
[410]: (876.7046756844971,1)
[411]: (862.4238309343817,1)
[412]: (876.0529264265851,1)
[413]: (861.3699901642719,1)
[414]: (857.2939047893734,1)
[415]: (889.9483022038187,1)
[416]: (866.1237727289963,1)
[417]: (876.7401634636648,1)
[418]: (853.6745273467659,1)
[419]: (874.4608901559527,1)
[420]: (859.0472832274739,1)
[421]: (887.3329643126328,1)
[422]: (868.5983020973106,1)
[423]: (856.5068691742214,1)
[424]: (858.5434199407715,1)
[425]: (881.45390258294,1)
[426]: (858.3220727163545,1)
[427]: (859.2223181148015,1)
[428]: (857.0526885058034,1)
[429]: (866.121566665843,1)
[430]: (854.2243486791307,1)
[431]: (868.0310963058411,1)
[432]: (896.6230134820933,1)
[433]: (860.062552655759,1)
[434]: (852.6327856239863,1)
[435]: (861.0503667981673,1)
[436]: (865.1001615994741,1)
[437]: (888.5448818870623,1)
[438]: (886.1130728747978,1)
[439]: (858.3088447011742,1)
[440]: (860.3708812641324,1)
[441]: (865.0660711806114,1)
[442]: (860.1786533448761,1)
[443]: (874.1649797595276,1)
[444]: (855.1429003149356,1)
[445]: (855.0821508719757,1)
[446]: (872.1997871337653,1)
[447]: (859.3170339316886,1)
[448]: (855.1573876581103,1)
[449]: (874.3283384605596,1)
[450]: (862.4348633519713,1)
[451]: (889.273740594215,1)
[452]: (857.3162729475169,1)
[453]: (865.0141668384381,1)
[454]: (870.1290383242808,1)
[455]: (856.0991300721444,1)
[456]: (858.1794914110042,1)
[457]: (859.3046802346244,1)
[458]: (855.7741590871614,1)
[459]: (880.3747657461161,1)
[460]: (855.2787495361318,1)
[461]: (890.889486014065,1)
[462]: (878.2803222215841,1)
[463]: (856.7225403018447,1)
[464]: (875.2010115259142,1)
[465]: (853.2226467854364,1)
[466]: (864.0252963887257,1)
[467]: (869.0177898017378,1)
[468]: (869.1989319734802,1)
[469]: (860.1680595203945,1)
[470]: (855.7478868005139,1)
[471]: (855.0443957332348,1)
[472]: (854.0818146223874,1)
[473]: (884.4632148064956,1)
[474]: (878.0429823870529,1)
[475]: (857.094285635063,1)
[476]: (862.2020764043281,1)
[477]: (879.0049963731029,1)
[478]: (857.1256805829858,1)
[479]: (864.2523297216361,1)
[480]: (856.3247750854256,1)
[481]: (863.1150305590988,1)
[482]: (851.0259271914672,1)
[483]: (871.1169973880106,1)
[484]: (856.3456622674603,1)
[485]: (859.0254214419239,1)
[486]: (853.0648304295285,1)
[487]: (855.179579986273,1)
[488]: (859.0056729981643,1)
[489]: (860.0002917095867,1)
[490]: (860.4698075169686,1)
[491]: (879.0055285353767,1)
[492]: (873.9429737825776,1)
[493]: (850.4767091841071,1)
[494]: (856.0960753467898,1)
[495]: (857.3757550386277,1)
[496]: (889.2643517506073,1)
[497]: (857.8676812379018,1)
[498]: (860.2884906552362,1)
[499]: (875.0888426605163,1)
[500]: (851.2541264277213,1)
[501]: (862.7315954536639,1)
[502]: (863.4791667832088,1)
[503]: (863.1561065183512,1)
[504]: (863.2921236882655,1)
[505]: (895.1335095587706,1)
[506]: (876.3075196690996,1)
[507]: (885.0388916349137,1)
[508]: (857.0874884876472,1)
[509]: (867.0666529708589,1)
[510]: (867.1850817676427,1)
[511]: (863.4340493361814,1)
[512]: (873.9920694223948,1)
[513]: (857.5275396556016,1)
[514]: (875.9796285641022,1)
[515]: (852.085870688082,1)
[516]: (867.0258421878417,1)
[517]: (867.207898365107,1)
[518]: (863.091848422772,1)
[519]: (857.1027193611658,1)
[520]: (864.3182925889239,1)
[521]: (859.476354224289,1)
[522]: (861.0933993660856,1)
[523]: (852.3094180994492,1)
[524]: (881.1131506604763,1)
[525]: (879.0673035463805,1)
[526]: (858.0909460819445,1)
[527]: (862.0647469259426,1)
[528]: (858.2685254879575,1)
[529]: (862.443930140794,1)
[530]: (869.2265338547785,1)
[531]: (881.0479148738218,1)
[532]: (855.3532297669726,1)
[533]: (860.1210127902691,1)
[534]: (862.143787537804,1)
[535]: (878.2625460531102,1)
[536]: (895.6099635937375,1)
[537]: (868.2101447161234,1)
[538]: (879.2007035963488,1)
[539]: (884.5226074232686,1)
[540]: (871.2850822692044,1)
[541]: (864.0903673938477,1)
[542]: (857.796681206279,1)
[543]: (865.0529256049466,1)
[544]: (871.0936837708149,1)
[545]: (860.0593208418496,1)
[546]: (870.6779595328269,1)
[547]: (854.0670030437328,1)
[548]: (881.3285347949092,1)
[549]: (884.0763666280885,1)
[550]: (859.529721979223,1)
[551]: (871.2440371649276,1)
[552]: (870.2375121908844,1)
[553]: (867.1545779393983,1)
[554]: (858.1120982356568,1)
[555]: (854.0552831412559,1)
[556]: (856.1371056924598,1)
[557]: (859.0277573314397,1)
[558]: (861.3945350155718,1)
[559]: (857.2037907466372,1)
[560]: (854.0792265066203,1)
[561]: (897.402293480921,1)
[562]: (853.2550472947967,1)
[563]: (852.7667744558416,1)
[564]: (876.2225929099181,1)
[565]: (861.7970511062277,1)
[566]: (874.0542848870618,1)
[567]: (853.0571459730444,1)
[568]: (851.1635022761042,1)
[569]: (855.1624059079975,1)
[570]: (898.429780059671,1)
[571]: (867.7807222747565,1)
[572]: (876.0994234356914,1)
[573]: (854.2190163457651,1)
[574]: (897.1587093119731,1)
[575]: (874.200842992814,1)
[576]: (887.783958788047,1)
[577]: (864.1368035610191,1)
[578]: (873.3579327812038,1)
[579]: (871.1869759860634,1)
[580]: (859.299223784826,1)
[581]: (860.422572084289,1)
[582]: (868.2382878573404,1)
[583]: (875.1471679564781,1)
[584]: (892.5958886091316,1)
[585]: (857.254975068563,1)
[586]: (874.1783760821676,1)
[587]: (867.2818784299897,1)
[588]: (872.0064948611423,1)
[589]: (864.0715820842696,1)
[590]: (854.7039642243608,1)
[591]: (864.2776751029734,1)
[592]: (861.3772992440363,1)
[593]: (863.2814135282671,1)
[594]: (873.0817900863499,1)
[595]: (851.7104623739579,1)
[596]: (866.2150150942924,1)
[597]: (868.1440972149841,1)
[598]: (873.5969798106078,1)
[599]: (885.8489148389052,1)
[600]: (856.0229167387013,1)
[601]: (856.5430794581537,1)
[602]: (860.2787832234097,1)
[603]: (861.4271144053062,1)
[604]: (861.3131007039714,1)
[605]: (868.0754215716224,1)
[606]: (882.293823749024,1)
[607]: (875.1938844326866,1)
[608]: (856.2338335668163,1)
[609]: (862.028169820614,1)
[610]: (869.0769714873811,1)
[611]: (903.5898424784965,1)
[612]: (854.1864365484206,1)
[613]: (871.1266054690714,1)
[614]: (863.3611574539258,1)
[615]: (880.0497233990153,1)
[616]: (862.1451423191437,1)
[617]: (858.6319063496003,1)
[618]: (857.5739981375929,1)
[619]: (874.2722270054401,1)
[620]: (874.5048086554715,1)
[621]: (856.2019920533843,1)
[622]: (859.8242427635889,1)
[623]: (858.3961334599346,1)
[624]: (877.5727726124047,1)
[625]: (879.1350572031922,1)
[626]: (891.3452472075571,1)
[627]: (881.2953237115171,1)
[628]: (863.6112212686827,1)
[629]: (880.0305524499182,1)
[630]: (874.2888779971798,1)
[631]: (869.3292856472395,1)
[632]: (868.5810826238094,1)
[633]: (888.1429318219107,1)
[634]: (886.0820665660509,1)
[635]: (867.2832311622374,1)
[636]: (856.9772472675497,1)
[637]: (857.77109452848,1)
[638]: (864.0583130722486,1)
[639]: (865.4085595364411,1)
[640]: (859.30525279847,1)
[641]: (861.2778444145667,1)
[642]: (858.4122933478442,1)
[643]: (866.0971715325817,1)
[644]: (855.5574737844646,1)
[645]: (875.257335355974,1)
[646]: (864.2965025335217,1)
[647]: (854.02198091324,1)
[648]: (873.4946622970401,1)
[649]: (855.0421666452373,1)
[650]: (862.266252395705,1)
[651]: (861.9727568995264,1)
[652]: (896.0203835623554,1)
[653]: (863.3320165902641,1)
[654]: (870.0652949152666,1)
[655]: (871.1104994765286,1)
[656]: (854.2666030346195,1)
[657]: (864.3883847668985,1)
[658]: (866.1860373355271,1)
[659]: (865.1477049053327,1)
[660]: (859.0792403790043,1)
[661]: (853.8276988901212,1)
[662]: (879.0566391453132,1)
[663]: (868.2244550201987,1)
[664]: (870.0794421219784,1)
[665]: (876.0971067907234,1)
[666]: (875.8158999987911,1)
[667]: (865.1971098686287,1)
[668]: (866.1552443707967,1)
[669]: (868.2002424261822,1)
[670]: (883.1335545556298,1)
[671]: (855.6881088356273,1)
[672]: (881.3559537162749,1)
[673]: (874.2128271213935,1)
[674]: (869.3520649288379,1)
[675]: (858.094685740726,1)
[676]: (858.1854396784449,1)
[677]: (869.2307468443081,1)
[678]: (853.2465826480652,1)
[679]: (854.1527273343116,1)
[680]: (864.6427387178884,1)
[681]: (865.3112225003423,1)
[682]: (876.199633497461,1)
[683]: (871.0311021631528,1)
[684]: (893.1728486418633,1)
[685]: (863.531189165054,1)
[686]: (862.4198166589235,1)
[687]: (860.318695870089,1)
[688]: (855.0449017448975,1)
[689]: (861.0214961612695,1)
[690]: (863.0382686639114,1)
[691]: (876.1507646769195,1)
[692]: (858.437220348041,1)
[693]: (886.1394815602167,1)
[694]: (873.2585771572493,1)
[695]: (879.1279843525037,1)
[696]: (854.1006238178368,1)
[697]: (875.2377325001227,1)
[698]: (883.181568430341,1)
[699]: (873.1168506066706,1)
[700]: (876.1868286823915,1)
[701]: (860.3320030486833,1)
[702]: (882.0021809939278,1)
[703]: (867.449675633783,1)
[704]: (869.2040108105242,1)
[705]: (861.3014832968735,1)
[706]: (870.2734839542641,1)
[707]: (870.2180310049632,1)
[708]: (861.0060271938248,1)
[709]: (864.207000060797,1)
[710]: (859.0967189074447,1)
[711]: (863.0089863965703,1)
[712]: (886.217285374057,1)
[713]: (852.0629279570873,1)
[714]: (887.138891247899,1)
[715]: (854.2221713747499,1)
[716]: (866.2563511805291,1)
[717]: (883.2838533942551,1)
[718]: (867.1017138292883,1)
[719]: (892.0494202906619,1)
[720]: (866.0890608284093,1)
[721]: (879.0869591960212,1)
[722]: (861.1336651559035,1)
[723]: (854.4526055281035,1)
[724]: (874.2247998361776,1)
[725]: (880.3123091132588,1)
[726]: (858.2493850515865,1)
[727]: (862.0850173687335,1)
[728]: (861.0766814289691,1)
[729]: (858.2760419401803,1)
[730]: (854.4648387723249,1)
[731]: (874.0975360458758,1)
[732]: (883.1611486316814,1)
[733]: (884.5104016346048,1)
[734]: (866.9057150831711,1)
[735]: (860.2271771921253,1)
[736]: (872.135504961768,1)
[737]: (863.0452318699751,1)
[738]: (859.30861681058,1)
[739]: (862.3123844010596,1)
[740]: (869.1065774953671,1)
[741]: (868.0248092212322,1)
[742]: (861.1503479753929,1)
[743]: (858.4205516064434,1)
[744]: (878.1985104515309,1)
[745]: (896.0271041420451,1)
[746]: (867.2563960610307,1)
[747]: (885.1097434947225,1)
[748]: (866.1091902804454,1)
[749]: (859.0764257065406,1)
[750]: (876.2711006049467,1)
[751]: (861.3034029215311,1)
[752]: (855.1087023807813,1)
[753]: (890.1644800909697,1)
[754]: (855.269460606831,1)
[755]: (877.4897900892805,1)
[756]: (860.0009167606482,1)
[757]: (873.0926783626415,1)
[758]: (874.0422109243561,1)
[759]: (892.1244349041516,1)
[760]: (890.4712620148503,1)
[761]: (855.7350512437013,1)
[762]: (869.544169350893,1)
[763]: (852.6070888786455,1)
[764]: (851.0792555518744,1)
[765]: (869.1612595078336,1)
[766]: (884.0907629942658,1)
[767]: (863.3124224233435,1)
[768]: (908.3491111145196,1)
[769]: (856.1309836721166,1)
[770]: (856.5590108412406,1)
[771]: (860.3864750150747,1)
[772]: (860.0513256892143,1)
[773]: (897.226072881299,1)
[774]: (858.304730307103,1)
[775]: (859.2369771953202,1)
[776]: (862.2137252410511,1)
[777]: (865.0556548190973,1)
[778]: (865.1256519662599,1)
[779]: (870.4221225306612,1)
[780]: (853.0332668666836,1)
[781]: (878.025001688256,1)
[782]: (877.5833066742756,1)
[783]: (872.0271104309975,1)
[784]: (904.1875302922498,1)
[785]: (876.0646393839821,1)
[786]: (877.4624693703063,1)
[787]: (862.3309071173227,1)
[788]: (855.2115960089415,1)
[789]: (866.7456427369713,1)
[790]: (870.48650495749,1)
[791]: (857.2363630317354,1)
[792]: (864.2900908579019,1)
[793]: (874.2319561525796,1)
[794]: (886.0339459379352,1)
[795]: (852.4785642514577,1)
[796]: (877.0844001836164,1)
[797]: (866.143765244743,1)
[798]: (886.2127894767366,1)
[799]: (876.0922927534232,1)
[800]: (849.3198897428975,1)
[801]: (886.0685227031844,1)
[802]: (862.0877833898106,1)
[803]: (864.1056465650015,1)
[804]: (865.0647076734128,1)
[805]: (861.1760325140025,1)
[806]: (866.4022417595974,1)
[807]: (869.009143800301,1)
[808]: (867.0501674418305,1)
[809]: (879.3611170703334,1)
[810]: (866.1747085222399,1)
[811]: (880.156461606647,1)
[812]: (855.1930019314894,1)
[813]: (850.0771767499767,1)
[814]: (858.2252157903773,1)
[815]: (870.055330060213,1)
[816]: (912.2126072940013,1)
[817]: (874.4651338771604,1)
[818]: (886.0586561395398,1)
[819]: (852.3363921404803,1)
[820]: (854.1164591727667,1)
[821]: (871.2537358914761,1)
[822]: (859.338097175497,1)
[823]: (862.031172604213,1)
[824]: (875.9768792586805,1)
[825]: (870.8385387830748,1)
[826]: (851.3096220104243,1)
[827]: (859.0320918102231,1)
[828]: (861.7533994692407,1)
[829]: (853.2900780421371,1)
[830]: (885.0513371224353,1)
[831]: (871.2146904904612,1)
[832]: (854.7068863629889,1)
[833]: (864.3317085842899,1)
[834]: (852.6048108838905,1)
[835]: (870.1004567043192,1)
[836]: (877.8173435455537,1)
[837]: (872.0770960719334,1)
[838]: (866.2519983813767,1)
[839]: (890.1839843200612,1)
[840]: (880.0058281633329,1)
[841]: (873.5097290584472,1)
[842]: (855.7922839640805,1)
[843]: (894.7641476817362,1)
[844]: (849.5748541173288,1)
[845]: (871.1417690130971,1)
[846]: (871.0042690017142,1)
[847]: (868.2275172306237,1)
[848]: (883.1952357533714,1)
[849]: (868.8076665659405,1)
[850]: (863.8137580008606,1)
[851]: (868.0794224266899,1)
[852]: (861.0979777746834,1)
[853]: (864.7093333962491,1)
[854]: (872.1874752634807,1)
[855]: (867.2855446915559,1)
[856]: (883.4744568818954,1)
[857]: (856.0011624262006,1)
[858]: (886.0012293460527,1)
[859]: (856.3369526112164,1)
[860]: (856.1923622970889,1)
[861]: (870.0018734107651,1)
[862]: (862.0129308182957,1)
[863]: (855.3124740292143,1)
[864]: (863.0392079087629,1)
[865]: (870.0258878303631,1)
[866]: (867.0396910921079,1)
[867]: (857.3867480937806,1)
[868]: (874.8808501963904,1)
[869]: (857.026332250626,1)
[870]: (893.1060479515115,1)
[871]: (860.0014156315716,1)
[872]: (856.207134735159,1)
[873]: (863.2282938162623,1)
[874]: (865.3509047396848,1)
[875]: (859.1907104225168,1)
[876]: (888.1920003328279,1)
[877]: (861.5508811435259,1)
[878]: (877.6086519825108,1)
[879]: (873.3637345035617,1)
[880]: (864.6843716458682,1)
[881]: (858.1226837676693,1)
[882]: (858.0653456036684,1)
[883]: (858.1971810851629,1)
[884]: (866.1865615650051,1)
[885]: (859.0116591234395,1)
[886]: (902.1789640724028,1)
[887]: (854.072590249479,1)
[888]: (882.0387951390272,1)
[889]: (912.1808407700292,1)
[890]: (857.0045008340609,1)
[891]: (852.2478117116328,1)
[892]: (864.0316994395142,1)
[893]: (852.5565508509192,1)
[894]: (853.5384857957696,1)
[895]: (859.589986439977,1)
[896]: (863.2506333194041,1)
[897]: (898.3311769124002,1)
[898]: (861.1621543645733,1)
[899]: (863.0901134687534,1)
[900]: (881.6068150908701,1)
[901]: (863.0861773796165,1)
[902]: (908.5049760831995,1)
[903]: (885.113225748137,1)
[904]: (865.3836391721563,1)
[905]: (862.2264273891033,1)
[906]: (861.4456015160945,1)
[907]: (858.1283826649583,1)
[908]: (887.066642622534,1)
[909]: (883.2415552584843,1)
[910]: (855.0750452236383,1)
[911]: (873.8037639644257,1)
[912]: (885.1166845625023,1)
[913]: (882.0247589825727,1)
[914]: (868.824711325831,1)
[915]: (865.3612589012467,1)
[916]: (871.1020956149083,1)
[917]: (863.2318417783893,1)
[918]: (858.4735146943951,1)
[919]: (891.1382828232537,1)
[920]: (867.0485391214429,1)
[921]: (886.1139945061516,1)
[922]: (874.0937707985981,1)
[923]: (880.8592562864118,1)
[924]: (858.1797654128452,1)
[925]: (871.1585350804577,1)
[926]: (867.0306802975131,1)
[927]: (886.237724450997,1)
[928]: (860.1463139972302,1)
[929]: (854.0651152655074,1)
[930]: (858.1523199853139,1)
[931]: (876.2180863288187,1)
[932]: (881.113287120543,1)
[933]: (870.2448978384916,1)
[934]: (870.1378835212643,1)
[935]: (858.0522450053694,1)
[936]: (858.0243308642894,1)
[937]: (877.2302802293908,1)
[938]: (877.8490764239036,1)
[939]: (857.0558126468379,1)
[940]: (873.1722960150053,1)
[941]: (861.2216573373324,1)
[942]: (872.0830072908501,1)
[943]: (885.3866151546166,1)
[944]: (880.3602668778886,1)
[945]: (890.0994231733544,1)
[946]: (884.1615198616696,1)
[947]: (858.2334720524771,1)
[948]: (863.1045551889132,1)
[949]: (856.312543153504,1)
[950]: (856.0908362755976,1)
[951]: (886.1756790970404,1)
[952]: (887.010446688226,1)
[953]: (854.1399737505684,1)
[954]: (857.1497609935917,1)
[955]: (861.0536409940788,1)
[956]: (912.2514818216422,1)
[957]: (870.561262495859,1)
[958]: (853.0941758504566,1)
[959]: (866.5124985166349,1)
[960]: (863.2225159646451,1)
[961]: (864.7201726046801,1)
[962]: (881.7493164933854,1)
[963]: (859.2274845142146,1)
[964]: (865.1637084879412,1)
[965]: (855.4131970285923,1)
[966]: (866.0539601951305,1)
[967]: (893.3544162515118,1)
[968]: (855.6070394294283,1)
[969]: (879.2332745127923,1)
[970]: (866.6644836476013,1)
[971]: (868.2549721626402,1)
[972]: (881.1742582171826,1)
[973]: (861.0057628066803,1)
[974]: (873.620797754466,1)
[975]: (870.1948183643893,1)
[976]: (856.4649585117326,1)
[977]: (851.1705872662365,1)
[978]: (888.5723614185567,1)
[979]: (883.0075329086573,1)
[980]: (875.1846911843489,1)
[981]: (855.2296220964222,1)
[982]: (869.4867426449399,1)
[983]: (857.5443631936835,1)
[984]: (892.1569811693312,1)
[985]: (865.2484745705864,1)
[986]: (871.002302624704,1)
[987]: (858.1108522906692,1)
[988]: (883.7579986144139,1)
[989]: (851.401012277666,1)
[990]: (872.130653692732,1)
[991]: (865.1166877570706,1)
[992]: (892.2885967169442,1)
[993]: (865.5524826914788,1)
[994]: (864.9921631227256,1)
[995]: (868.5394662370686,1)
[996]: (851.2173424944642,1)
[997]: (866.6375899948769,1)
[998]: (856.0127798359164,1)
[999]: (908.2728548240168,1)
[1000]: (896.1841646307169,1)
[1001]: (852.1000136490701,1)
[1002]: (877.4694483912642,1)
[1003]: (861.3500210558587,1)
[1004]: (860.2195542194524,1)
[1005]: (863.3430146420567,1)
[1006]: (881.8144934915763,1)
[1007]: (888.0245993514055,1)
[1008]: (881.4415602333203,1)
[1009]: (861.5781714959247,1)
[1010]: (897.0230248959501,1)
[1011]: (861.0896679700616,1)
[1012]: (865.1746329551499,1)
[1013]: (862.1658515038421,1)
[1014]: (866.4944917211766,1)
[1015]: (888.7085752122658,1)
[1016]: (858.424079896628,1)
[1017]: (864.8062527285432,1)
[1018]: (858.8039041100035,1)
[1019]: (872.0590284172744,1)
[1020]: (860.9098903719763,1)
[1021]: (851.8540900204083,1)
[1022]: (878.0564061087342,1)
[1023]: (875.1906808756488,1)
[1024]: (871.1702893918258,1)
[1025]: (856.2432719001812,1)
[1026]: (852.0354389114465,1)
[1027]: (855.0734542860534,1)
[1028]: (871.9314990996113,1)
[1029]: (856.492989571746,1)
[1030]: (868.0059721717276,1)
[1031]: (884.0276090342463,1)
[1032]: (893.6927948465259,1)
[1033]: (867.0827771515952,1)
[1034]: (870.3952608907733,1)
[1035]: (901.0042479002745,1)
[1036]: (855.1561640400841,1)
[1037]: (866.4026864762048,1)
[1038]: (861.650330262888,1)
[1039]: (872.4360281240424,1)
[1040]: (865.8752110818469,1)
[1041]: (869.3310401067547,1)
[1042]: (851.1957276904253,1)
[1043]: (863.5990049234928,1)
[1044]: (871.1031951841957,1)
[1045]: (881.1556956072333,1)
[1046]: (885.0261270884512,1)
[1047]: (884.0336245970029,1)
[1048]: (868.0240944486185,1)
[1049]: (868.239328055936,1)
[1050]: (883.361271968781,1)
[1051]: (856.2757323899815,1)
[1052]: (921.5214662504097,1)
[1053]: (866.1623271979558,1)
[1054]: (855.2442599371919,1)
[1055]: (854.0620383449326,1)
[1056]: (884.6169205079173,1)
[1057]: (906.0024903665965,1)
[1058]: (866.7064556646428,1)
[1059]: (900.441729634251,1)
[1060]: (861.7168991872255,1)
[1061]: (888.9121783917667,1)
[1062]: (864.2758307117783,1)
[1063]: (878.2171918997154,1)
[1064]: (872.105748018196,1)
[1065]: (869.0841331380167,1)
[1066]: (852.4804713166781,1)
[1067]: (856.1593737610405,1)
[1068]: (875.256856238903,1)
[1069]: (862.099365023331,1)
[1070]: (860.4254960156053,1)
[1071]: (877.1033237357519,1)
[1072]: (865.093214795806,1)
[1073]: (864.1037733535624,1)
[1074]: (854.3307635084765,1)
[1075]: (866.4875285782323,1)
[1076]: (889.9482819447762,1)
[1077]: (886.2071155605796,1)
[1078]: (861.3647982645281,1)
[1079]: (875.0631268689957,1)
[1080]: (864.421397845437,1)
[1081]: (871.4631248907046,1)
[1082]: (858.2750838222519,1)
[1083]: (874.0005273023315,1)
[1084]: (853.2017398116112,1)
[1085]: (864.0159880510494,1)
[1086]: (856.2177544011485,1)
[1087]: (851.5249950200155,1)
[1088]: (882.3430858431331,1)
[1089]: (867.0340759473464,1)
[1090]: (888.0375815935641,1)
[1091]: (864.3542602399424,1)
[1092]: (861.0037571586012,1)
[1093]: (866.2534860611094,1)
[1094]: (863.09292470164,1)
[1095]: (853.0560766768817,1)
[1096]: (873.3717305003933,1)
[1097]: (865.3260379744488,1)
[1098]: (852.0550781826536,1)
[1099]: (865.1656419695684,1)
[1100]: (879.5268697427852,1)
[1101]: (857.4984679839489,1)
[1102]: (852.6254091762263,1)
[1103]: (888.1946375767744,1)
[1104]: (855.5521159882952,1)
[1105]: (856.4506324882135,1)
[1106]: (873.1283828877079,1)
[1107]: (878.2713879428106,1)
[1108]: (876.3470420915271,1)
[1109]: (866.3069498636232,1)
[1110]: (874.6752260390083,1)
[1111]: (860.6570411114492,1)
[1112]: (884.3760704002074,1)
[1113]: (861.0684921426824,1)
[1114]: (863.0419044876494,1)
[1115]: (873.2677505829546,1)
[1116]: (851.3035992005417,1)
[1117]: (875.0732998202194,1)
[1118]: (851.7397424684569,1)
[1119]: (875.0783316987049,1)
[1120]: (879.0506294139971,1)
[1121]: (854.0660390429507,1)
[1122]: (853.1487872684645,1)
[1123]: (887.2641367407485,1)
[1124]: (856.113156070841,1)
[1125]: (854.0551050486254,1)
[1126]: (856.0260963295499,1)
[1127]: (854.1149930638211,1)
[1128]: (874.0057323146115,1)
[1129]: (862.3030853163441,1)
[1130]: (877.3099206567274,1)
[1131]: (870.2266422520662,1)
[1132]: (877.0118803952309,1)
[1133]: (898.1075216874582,1)
[1134]: (869.1675817734982,1)
[1135]: (886.2453555572218,1)
[1136]: (866.0468454358491,1)
[1137]: (857.5357217951763,1)
[1138]: (855.2074326839123,1)
[1139]: (854.7659769911194,1)
[1140]: (861.020689324408,1)
[1141]: (869.4358336702685,1)
[1142]: (866.1022703673988,1)
[1143]: (892.1479533812156,1)
[1144]: (867.5084739137702,1)
[1145]: (850.6177714080937,1)
[1146]: (886.0944853295833,1)
[1147]: (869.3222061557232,1)
[1148]: (868.3983494375417,1)
[1149]: (865.3823796119574,1)
[1150]: (869.0651974706528,1)
[1151]: (872.0128420733668,1)
[1152]: (851.1867708047457,1)
[1153]: (868.3091106095717,1)
[1154]: (866.1522675572913,1)
[1155]: (858.6591701120001,1)
[1156]: (853.2129706488288,1)
[1157]: (868.1538525746579,1)
[1158]: (857.5278007966069,1)
[1159]: (897.253497056918,1)
[1160]: (865.7618751976357,1)
[1161]: (896.0854913230852,1)
[1162]: (854.0006296096207,1)
[1163]: (853.2577192478406,1)
[1164]: (867.3169052614103,1)
[1165]: (868.1094757913321,1)
[1166]: (868.2258342651043,1)
[1167]: (888.0270389486664,1)
[1168]: (877.1524198533729,1)
[1169]: (869.6952069015118,1)
[1170]: (871.1686559660619,1)
[1171]: (868.4969658761484,1)
[1172]: (853.0221504076503,1)
[1173]: (883.0369634476432,1)
[1174]: (868.9346861292831,1)
[1175]: (859.008961122766,1)
[1176]: (868.1204562483969,1)
[1177]: (862.1772924108077,1)
[1178]: (861.174924268982,1)
[1179]: (853.1172903403962,1)
[1180]: (882.6948018579373,1)
[1181]: (881.2575009278045,1)
[1182]: (870.1526352983193,1)
[1183]: (862.5868241619272,1)
[1184]: (867.1793774147392,1)
[1185]: (898.0277759611668,1)
[1186]: (874.4367956502874,1)
[1187]: (853.0171147476493,1)
[1188]: (865.0859239601687,1)
[1189]: (867.2368271211408,1)
[1190]: (864.2764481655843,1)
[1191]: (862.2001908745372,1)
[1192]: (855.3974389879344,1)
[1193]: (861.3390358999361,1)
[1194]: (882.0570142162776,1)
[1195]: (865.3330483848772,1)
[1196]: (872.4613749979875,1)
[1197]: (856.7902225985468,1)
[1198]: (908.3633546921171,1)
[1199]: (889.5548935326419,1)
[1200]: (851.3798256282462,1)
[1201]: (871.1693074905353,1)
[1202]: (855.018408237903,1)
[1203]: (862.2501050312312,1)
[1204]: (859.1554601858148,1)
[1205]: (866.0686109240011,1)
[1206]: (864.1184832656254,1)
[1207]: (868.6424671907851,1)
[1208]: (851.0328854578398,1)
[1209]: (858.2233930210521,1)
[1210]: (862.6653709186824,1)
[1211]: (857.4495849973932,1)
[1212]: (885.1846178989504,1)
[1213]: (872.0758650187594,1)
[1214]: (889.7430932095674,1)
[1215]: (854.6474574534797,1)
[1216]: (851.4470590177016,1)
[1217]: (866.3982829605219,1)
[1218]: (856.610385616797,1)
[1219]: (867.022867355782,1)
[1220]: (900.0909341651529,1)
[1221]: (871.0957472562405,1)
[1222]: (869.0150978281576,1)
[1223]: (880.1000895874419,1)
[1224]: (876.3170068385355,1)
[1225]: (867.0851720481669,1)
[1226]: (867.4347901059624,1)
[1227]: (858.1373883230358,1)
[1228]: (853.0941705221541,1)
[1229]: (869.2100221432328,1)
[1230]: (852.0746257775207,1)
[1231]: (853.2815620514549,1)
[1232]: (852.2875231701288,1)
[1233]: (876.0235429866052,1)
[1234]: (873.2713773494556,1)
[1235]: (865.0604398625553,1)
[1236]: (864.0285560166197,1)
[1237]: (867.1405127806887,1)
[1238]: (888.3530325883016,1)
[1239]: (864.0262363129815,1)
[1240]: (857.3398870080399,1)
[1241]: (875.042042661995,1)
[1242]: (873.2062826555753,1)
[1243]: (870.5727051925519,1)
[1244]: (879.4970487496761,1)
[1245]: (858.0631973233659,1)
[1246]: (877.8168731729714,1)
[1247]: (901.6489321871893,1)
[1248]: (854.3978125982991,1)
[1249]: (867.0333760373262,1)
[1250]: (867.141348447289,1)
[1251]: (879.0163456604504,1)
[1252]: (879.0746269654486,1)
[1253]: (854.04116704341,1)
[1254]: (862.1590389816297,1)
[1255]: (865.7166220357697,1)
[1256]: (854.1305215966698,1)
[1257]: (906.4113663050491,1)
[1258]: (902.3450725055029,1)
[1259]: (876.0297844806026,1)
[1260]: (862.0962013327961,1)
[1261]: (873.0888915500799,1)
[1262]: (859.9067813030873,1)
[1263]: (851.1341614453214,1)
[1264]: (883.7968572654162,1)
[1265]: (861.5174249707146,1)
[1266]: (866.030433779745,1)
[1267]: (858.0509008328135,1)
[1268]: (857.3750652552025,1)
[1269]: (852.3121328410487,1)
[1270]: (866.5119296233519,1)
[1271]: (892.0382801823706,1)
[1272]: (876.1801767177478,1)
[1273]: (859.6073383906103,1)
[1274]: (861.764527173876,1)
[1275]: (855.1324702809039,1)
[1276]: (851.1809335267441,1)
[1277]: (859.407414027363,1)
[1278]: (888.0979877143797,1)
[1279]: (851.1181544476721,1)
[1280]: (878.6981432230873,1)
[1281]: (860.034950786399,1)
[1282]: (901.2094621922024,1)
[1283]: (872.2558086381999,1)
[1284]: (858.1552022842931,1)
[1285]: (862.0181983390212,1)
[1286]: (869.1602045733177,1)
[1287]: (867.0523633393367,1)
[1288]: (873.6107065221519,1)
[1289]: (856.8026124943126,1)
[1290]: (871.1695321259992,1)
[1291]: (874.304115499693,1)
[1292]: (891.2506862841881,1)
[1293]: (875.1035345992697,1)
[1294]: (863.2411777198105,1)
[1295]: (876.0278910976718,1)
[1296]: (862.137124283764,1)
[1297]: (851.0759986253361,1)
[1298]: (858.1632474302764,1)
[1299]: (887.0059710986167,1)
[1300]: (858.8771201893115,1)
[1301]: (885.7608299047429,1)
[1302]: (853.1429582046694,1)
[1303]: (860.1564591067172,1)
[1304]: (888.0125840250657,1)
[1305]: (860.1901790799964,1)
[1306]: (854.3490139353847,1)
[1307]: (851.2022566151227,1)
[1308]: (883.433055362952,1)
[1309]: (886.8706076051233,1)
[1310]: (856.3742955295237,1)
[1311]: (861.0597096162469,1)
[1312]: (864.2257155644139,1)
[1313]: (862.0227838693868,1)
[1314]: (874.4203083647784,1)
[1315]: (882.2108740772974,1)
[1316]: (855.0911471535949,1)
[1317]: (859.0140523293695,1)
[1318]: (855.2935594991775,1)
[1319]: (874.2766222661086,1)
[1320]: (874.319317908024,1)
[1321]: (870.1977376491899,1)
[1322]: (902.5026515369491,1)
[1323]: (857.076712294952,1)
[1324]: (851.0929728915783,1)
[1325]: (865.4720600320878,1)
[1326]: (857.2231998892811,1)
[1327]: (856.2787132962852,1)
[1328]: (876.3645325635986,1)
[1329]: (881.1999292678563,1)
[1330]: (864.1607923454554,1)
[1331]: (870.1801010083323,1)
[1332]: (868.1340773522276,1)
[1333]: (888.1787763207898,1)
[1334]: (897.0188144092895,1)
[1335]: (874.1342191313115,1)
[1336]: (874.0007203745497,1)
[1337]: (873.4901247318719,1)
[1338]: (871.0745406661355,1)
[1339]: (857.511639608945,1)
[1340]: (861.0465444965801,1)
[1341]: (867.0235250519838,1)
[1342]: (852.5145151281218,1)
[1343]: (882.3092253146191,1)
[1344]: (867.22858087917,1)
[1345]: (891.1388703612137,1)
[1346]: (869.6087574804955,1)
[1347]: (867.0395595842598,1)
[1348]: (855.5398237936436,1)
[1349]: (853.215607852256,1)
[1350]: (850.0810143775507,1)
[1351]: (882.1037818537383,1)
[1352]: (898.0760256370602,1)
[1353]: (857.193219319118,1)
[1354]: (853.1144326255173,1)
[1355]: (854.3779044281131,1)
[1356]: (866.282586863031,1)
[1357]: (858.0691081653515,1)
[1358]: (856.2036058856106,1)
[1359]: (855.2610875850269,1)
[1360]: (858.1447665599408,1)
[1361]: (901.714349283891,1)
[1362]: (860.0496532900203,1)
[1363]: (906.1495352060762,1)
[1364]: (850.4507175487405,1)
[1365]: (857.2760348570174,1)
[1366]: (869.1822998076364,1)
[1367]: (866.685887666947,1)
[1368]: (852.0172400763463,1)
[1369]: (855.9661191397663,1)
[1370]: (889.0838407633482,1)
[1371]: (872.7418674147325,1)
[1372]: (857.0548731158967,1)
[1373]: (865.2480424447851,1)
[1374]: (869.049207617005,1)
[1375]: (872.269174152359,1)
[1376]: (854.5054319384728,1)
[1377]: (852.2371120593049,1)
[1378]: (865.0224565392891,1)
[1379]: (869.0030723920165,1)
[1380]: (859.161585651839,1)
[1381]: (864.1346926992093,1)
[1382]: (863.0558017077859,1)
[1383]: (872.3298772626883,1)
[1384]: (872.5155794642145,1)
[1385]: (876.0572210746743,1)
[1386]: (853.214233389173,1)
[1387]: (877.2653571809037,1)
[1388]: (858.4924723224336,1)
[1389]: (882.0333460263809,1)
[1390]: (873.3625981079424,1)
[1391]: (875.3191878257068,1)
[1392]: (854.0840337785608,1)
[1393]: (857.166122285132,1)
[1394]: (849.6771499650346,1)
[1395]: (871.14752312034,1)
[1396]: (863.3802531915172,1)
[1397]: (871.3059723823226,1)
[1398]: (852.107093533997,1)
[1399]: (885.0705883403973,1)
[1400]: (868.0495155513614,1)
[1401]: (861.1486145941486,1)
[1402]: (870.0153719798636,1)
[1403]: (857.1378475579282,1)
[1404]: (907.1214866532503,1)
[1405]: (886.1274604580512,1)
[1406]: (853.112989360615,1)
[1407]: (871.5770830877982,1)
[1408]: (856.3356784633384,1)
[1409]: (853.0820253695435,1)
[1410]: (856.7530424073913,1)
[1411]: (853.9350773117399,1)
[1412]: (855.181672662586,1)
[1413]: (862.0485990184316,1)
[1414]: (878.1865147018897,1)
[1415]: (877.850772607641,1)
[1416]: (864.7828616290227,1)
[1417]: (857.8065843638691,1)
[1418]: (874.0327177151754,1)
[1419]: (893.1230193948264,1)
[1420]: (870.1003206719569,1)
[1421]: (865.0046954707443,1)
[1422]: (856.0508171563566,1)
[1423]: (868.158185098657,1)
[1424]: (861.144146269345,1)
[1425]: (872.1582481790266,1)
[1426]: (854.1801549830334,1)
[1427]: (853.2088239318543,1)
[1428]: (876.4522913490284,1)
[1429]: (870.0388508283303,1)
[1430]: (858.1976339998189,1)
[1431]: (861.4408004791911,1)
[1432]: (867.1112931661354,1)
[1433]: (858.0130005005853,1)
[1434]: (875.7806564186867,1)
[1435]: (851.0746210577581,1)
[1436]: (854.5845354092149,1)
[1437]: (857.5037654987708,1)
[1438]: (877.5855789307802,1)
[1439]: (881.5054177524963,1)
[1440]: (870.3800046181473,1)
[1441]: (855.3281209958442,1)
[1442]: (867.3112389732204,1)
[1443]: (878.2655471750479,1)
[1444]: (862.5619167373072,1)
[1445]: (861.9392258658788,1)
[1446]: (855.0455171221482,1)
[1447]: (863.1066315560435,1)
[1448]: (852.5484796142035,1)
[1449]: (854.0232335592445,1)
[1450]: (862.1601883346468,1)
[1451]: (851.2579136604293,1)
[1452]: (868.2690067524437,1)
[1453]: (868.4930017029557,1)
[1454]: (883.8398741764072,1)
[1455]: (875.0947298548124,1)
[1456]: (870.5162306999136,1)
[1457]: (860.0152473286726,1)
[1458]: (873.2370622322508,1)
[1459]: (864.5039153267589,1)
[1460]: (857.6849224373045,1)
[1461]: (865.4170378998497,1)
[1462]: (864.3982618367131,1)
[1463]: (883.1101706813389,1)
[1464]: (850.1805679308158,1)
[1465]: (871.0196100173073,1)
[1466]: (863.3889257094245,1)
[1467]: (870.0465120525304,1)
[1468]: (856.3782327568081,1)
[1469]: (864.8420617610318,1)
[1470]: (850.6139460119936,1)
[1471]: (866.507714740146,1)
[1472]: (876.2441528018755,1)
[1473]: (879.1329982105516,1)
[1474]: (872.0790792905178,1)
[1475]: (857.1653701930909,1)
[1476]: (860.8232729039012,1)
[1477]: (856.580051315305,1)
[1478]: (867.4670575160767,1)
[1479]: (879.003148111686,1)
[1480]: (853.5015539089966,1)
[1481]: (858.4397202634362,1)
[1482]: (865.0558538467733,1)
[1483]: (854.495908887959,1)
[1484]: (871.1429995355106,1)
[1485]: (855.2995008725522,1)
[1486]: (874.156231916554,1)
[1487]: (849.708375626836,1)
[1488]: (880.3249781345812,1)
[1489]: (859.0327349244814,1)
[1490]: (884.2214161303845,1)
[1491]: (861.3016524165415,1)
[1492]: (898.121650932584,1)
[1493]: (869.4192440894133,1)
[1494]: (875.1660640131556,1)
[1495]: (881.2368948902563,1)
[1496]: (909.1740462238823,1)
[1497]: (866.0099692126862,1)
[1498]: (861.4687843221249,1)
[1499]: (871.3594105244416,1)
[1500]: (865.4001479278917,1)
[1501]: (864.1585468935328,1)
[1502]: (871.3386650865949,1)
[1503]: (853.1090935439896,1)
[1504]: (852.6802729482741,1)
[1505]: (856.272376945575,1)
[1506]: (884.1411442115584,1)
[1507]: (878.2314943066633,1)
[1508]: (873.0290119694282,1)
[1509]: (853.070930436703,1)
[1510]: (865.0814875276367,1)
[1511]: (871.0321036029278,1)
[1512]: (899.794138444484,1)
[1513]: (865.2543671734149,1)
[1514]: (897.0682362240466,1)
[1515]: (862.626211300809,1)
[1516]: (855.4807950227146,1)
[1517]: (851.3186868552939,1)
[1518]: (874.032057510218,1)
[1519]: (868.1462060879574,1)
[1520]: (875.1279642091697,1)
[1521]: (875.0389538577617,1)
[1522]: (857.8450397345966,1)
[1523]: (858.3940763705474,1)
[1524]: (875.9291978349991,1)
[1525]: (870.006305509492,1)
[1526]: (864.6275639301264,1)
[1527]: (854.1600681881929,1)
[1528]: (853.2452315489355,1)
[1529]: (899.3920082124496,1)
[1530]: (857.2356860542569,1)
[1531]: (872.0982819071791,1)
[1532]: (866.1146168309607,1)
[1533]: (880.0026095842468,1)
[1534]: (873.3890932665568,1)
[1535]: (859.65072563271,1)
[1536]: (870.0306582669574,1)
[1537]: (874.2171488569951,1)
[1538]: (859.2573893302529,1)
[1539]: (866.0568814262666,1)
[1540]: (889.2931075486219,1)
[1541]: (902.2787904146551,1)
[1542]: (873.1042190718231,1)
[1543]: (856.2707382967127,1)
[1544]: (871.3924581446929,1)
[1545]: (897.0270395391821,1)
[1546]: (864.1242600436125,1)
[1547]: (874.4705361691903,1)
[1548]: (876.0201386239488,1)
[1549]: (856.2777238310399,1)
[1550]: (869.1092878760652,1)
[1551]: (880.3133423316898,1)
[1552]: (852.326648046851,1)
[1553]: (881.0730171264204,1)
[1554]: (860.8959408364678,1)
[1555]: (873.0961520483853,1)
[1556]: (896.3423867018315,1)
[1557]: (861.0722768108886,1)
[1558]: (866.0354274638936,1)
[1559]: (864.2076569481075,1)
[1560]: (859.1696454384614,1)
[1561]: (861.2017559087324,1)
[1562]: (872.0508905632319,1)
[1563]: (853.287054380312,1)
[1564]: (858.3283761585282,1)
[1565]: (885.2139189195917,1)
[1566]: (863.1979802310327,1)
[1567]: (857.9277684858154,1)
[1568]: (868.5051012048581,1)
[1569]: (885.2464665325124,1)
[1570]: (868.3620208170705,1)
[1571]: (875.0109470223534,1)
[1572]: (853.0510690444418,1)
[1573]: (876.0616984153548,1)
[1574]: (875.2552679782584,1)
[1575]: (864.9442259901456,1)
[1576]: (876.5084196821712,1)
[1577]: (873.0840492307035,1)
[1578]: (860.157545316299,1)
[1579]: (865.065912212959,1)
[1580]: (892.7307349387992,1)
[1581]: (880.0121936536167,1)
[1582]: (895.1898714208305,1)
[1583]: (866.5059038212418,1)
[1584]: (873.2599980196591,1)
[1585]: (913.3232659079459,1)
[1586]: (863.2903757934592,1)
[1587]: (856.0316207520796,1)
[1588]: (856.2523489800144,1)
[1589]: (862.0867906033654,1)
[1590]: (866.0397176881675,1)
[1591]: (883.056223143535,1)
[1592]: (861.0378555841121,1)
[1593]: (866.2435605254699,1)
[1594]: (867.1266590159727,1)
[1595]: (866.1349237782196,1)
[1596]: (861.2298513786307,1)
[1597]: (864.0813684269804,1)
[1598]: (874.0547218387329,1)
[1599]: (865.0310657023028,1)
[1600]: (852.1019993332259,1)
[1601]: (863.6602220687128,1)
[1602]: (875.6852054617544,1)
[1603]: (860.2800022400489,1)
[1604]: (876.0806092955137,1)
[1605]: (878.2709670021844,1)
[1606]: (878.0259833701659,1)
[1607]: (889.0723384068151,1)
[1608]: (868.7149456800455,1)
[1609]: (872.4978850317631,1)
[1610]: (872.2229675932316,1)
[1611]: (861.1352093781499,1)
[1612]: (881.2456354595732,1)
[1613]: (867.0942597595504,1)
[1614]: (873.1411175618942,1)
[1615]: (890.0091886815577,1)
[1616]: (863.1734549800345,1)
[1617]: (892.4300041190282,1)
[1618]: (865.7776745731044,1)
[1619]: (872.3964877830973,1)
[1620]: (867.417425553155,1)
[1621]: (871.2925572704206,1)
[1622]: (874.0925330057847,1)
[1623]: (865.3295661465652,1)
[1624]: (858.1392000356856,1)
[1625]: (870.8589063573959,1)
[1626]: (863.0007956906737,1)
[1627]: (879.3963355764089,1)
[1628]: (871.1150973833278,1)
[1629]: (856.3329337799981,1)
[1630]: (853.047705715982,1)
[1631]: (867.9492044464023,1)
[1632]: (879.1789263319539,1)
[1633]: (863.1636940610193,1)
[1634]: (861.0053002339731,1)
[1635]: (857.1283999579273,1)
[1636]: (851.5493847137859,1)
[1637]: (873.0311737707343,1)
[1638]: (883.1944308146863,1)
[1639]: (884.6848181979403,1)
[1640]: (868.2897721915308,1)
[1641]: (862.4539615926072,1)
[1642]: (852.2126601877076,1)
[1643]: (889.302591321974,1)
[1644]: (867.6417788429806,1)
[1645]: (872.696131127524,1)
[1646]: (866.0649853516071,1)
[1647]: (869.5611489235001,1)
[1648]: (859.1413031482555,1)
[1649]: (868.0929704086715,1)
[1650]: (860.0828744462555,1)
[1651]: (854.0531003959201,1)
[1652]: (885.1152850284369,1)
[1653]: (906.1731557501906,1)
[1654]: (850.5862882878414,1)
[1655]: (855.5196709223841,1)
[1656]: (852.5154918062141,1)
[1657]: (863.2090197041617,1)
[1658]: (861.3167766633038,1)
[1659]: (882.3336211625406,1)
[1660]: (899.2500115571479,1)
[1661]: (880.0614355505223,1)
[1662]: (866.0258544969396,1)
[1663]: (869.0267770936631,1)
[1664]: (864.0795443080184,1)
[1665]: (859.7781316731224,1)
[1666]: (878.4255809119462,1)
[1667]: (862.4637825381723,1)
[1668]: (860.0176457487842,1)
[1669]: (865.1520200492868,1)
[1670]: (877.4486372288994,1)
[1671]: (901.0167131163979,1)
[1672]: (856.0434359928051,1)
[1673]: (857.2314886526123,1)
[1674]: (861.1377396483409,1)
[1675]: (872.3761550503672,1)
[1676]: (889.249769657054,1)
[1677]: (875.1691535372561,1)
[1678]: (865.9366824450258,1)
[1679]: (857.0316590823874,1)
[1680]: (852.10736166135,1)
[1681]: (859.6524191549407,1)
[1682]: (872.0179137456983,1)
[1683]: (859.824501524629,1)
[1684]: (864.2774386798186,1)
[1685]: (858.7893167362752,1)
[1686]: (853.0637851300388,1)
[1687]: (856.4187830182811,1)
[1688]: (855.8737124366979,1)
[1689]: (866.2890329565561,1)
[1690]: (865.2614576481541,1)
[1691]: (872.307414692882,1)
[1692]: (878.0209367762648,1)
[1693]: (866.6349779235334,1)
[1694]: (857.0392763451838,1)
[1695]: (850.3303303558522,1)
[1696]: (878.1679306493927,1)
[1697]: (870.2125781797658,1)
[1698]: (871.0097431199755,1)
[1699]: (867.0674345985094,1)
[1700]: (878.1539396823958,1)
[1701]: (879.5157327360315,1)
[1702]: (864.4500283807105,1)
[1703]: (858.1642692449861,1)
[1704]: (862.4287288627397,1)
[1705]: (853.4433981314514,1)
[1706]: (852.2131383538863,1)
[1707]: (856.0480909744715,1)
[1708]: (856.223506332656,1)
[1709]: (861.7725259261597,1)
[1710]: (856.2909822442664,1)
[1711]: (853.3906119037904,1)
[1712]: (864.1171091739459,1)
[1713]: (862.1056411729624,1)
[1714]: (850.1920937183889,1)
[1715]: (886.3163555298619,1)
[1716]: (869.0680870715801,1)
[1717]: (876.2267587655155,1)
[1718]: (896.2339682697894,1)
[1719]: (899.1767818839896,1)
[1720]: (851.0432406991363,1)
[1721]: (864.6935727838838,1)
[1722]: (865.49699254297,1)
[1723]: (872.2025447424675,1)
[1724]: (889.1573934495093,1)
[1725]: (861.860071536189,1)
[1726]: (880.0029479556182,1)
[1727]: (881.0777135557457,1)
[1728]: (852.4002703070034,1)
[1729]: (856.3029619806433,1)
[1730]: (859.5763079468875,1)
[1731]: (856.1416227287185,1)
[1732]: (857.1031098197857,1)
[1733]: (866.3711899355559,1)
[1734]: (865.1930307587681,1)
[1735]: (857.0904355173774,1)
[1736]: (873.2540502345507,1)
[1737]: (868.0449652199103,1)
[1738]: (873.0261311632098,1)
[1739]: (860.6863503666568,1)
[1740]: (898.2181966254016,1)
[1741]: (856.1168046865832,1)
[1742]: (855.9502875057209,1)
[1743]: (860.5149761860586,1)
[1744]: (893.61387015618,1)
[1745]: (866.3886846598257,1)
[1746]: (856.4313396959005,1)
[1747]: (858.0050709948697,1)
[1748]: (871.0125752162506,1)
[1749]: (862.1537330232875,1)
[1750]: (863.0013895173709,1)
[1751]: (860.6159389804262,1)
[1752]: (864.1987090657877,1)
[1753]: (856.2518372319868,1)
[1754]: (876.3676209162926,1)
[1755]: (858.0063187520177,1)
[1756]: (877.0797563471149,1)
[1757]: (879.0015507367385,1)
[1758]: (887.1580470788133,1)
[1759]: (855.3533565569297,1)
[1760]: (866.3252106002391,1)
[1761]: (869.3616755469793,1)
[1762]: (859.2600844528031,1)
[1763]: (866.0290725939236,1)
[1764]: (901.2050966794632,1)
[1765]: (884.4056236278,1)
[1766]: (871.0685855275822,1)
[1767]: (873.5360421784414,1)
[1768]: (873.7654603745714,1)
[1769]: (881.9478219683501,1)
[1770]: (868.0760047462476,1)
[1771]: (877.1400341054918,1)
[1772]: (868.97266429737,1)
[1773]: (858.3504190374731,1)
[1774]: (852.2468708199899,1)
[1775]: (853.0170917049162,1)
[1776]: (894.0200121302418,1)
[1777]: (887.3185477939338,1)
[1778]: (875.171382531296,1)
[1779]: (856.7290704177904,1)
[1780]: (870.0163590036536,1)
[1781]: (899.0558255191025,1)
[1782]: (857.6416654954846,1)
[1783]: (875.0651863248529,1)
[1784]: (873.0574693207185,1)
[1785]: (860.0623036472948,1)
[1786]: (886.3819368791465,1)
[1787]: (868.0350391014281,1)
[1788]: (879.3587782110658,1)
[1789]: (867.0147341498364,1)
[1790]: (863.0802354177629,1)
[1791]: (861.0953484218818,1)
[1792]: (854.619096431104,1)
[1793]: (856.1728254381208,1)
[1794]: (862.5003320644822,1)
[1795]: (874.144280378444,1)
[1796]: (863.1118816297419,1)
[1797]: (866.2532371651125,1)
[1798]: (872.698633486639,1)
[1799]: (856.3793154439178,1)
[1800]: (885.2519712381071,1)
[1801]: (868.1065395674926,1)
[1802]: (865.9024236400298,1)
[1803]: (887.2150361048248,1)
[1804]: (865.7043433570373,1)
[1805]: (904.0222990368339,1)
[1806]: (881.2147194773406,1)
[1807]: (878.2574769945203,1)
[1808]: (858.4115808030523,1)
[1809]: (872.3940985160933,1)
[1810]: (860.1144831688767,1)
[1811]: (870.0783305902851,1)
[1812]: (866.01612002705,1)
[1813]: (851.229443611683,1)
[1814]: (863.2488275053876,1)
[1815]: (868.6318928763004,1)
[1816]: (880.1028130740285,1)
[1817]: (871.860282533142,1)
[1818]: (861.1692942149608,1)
[1819]: (870.1710431106865,1)
[1820]: (864.0416974643279,1)
[1821]: (851.6164945437188,1)
[1822]: (864.1757234692031,1)
[1823]: (866.142939507095,1)
[1824]: (863.2034301061861,1)
[1825]: (868.5936144207748,1)
[1826]: (864.0923402128345,1)
[1827]: (860.1127074520649,1)
[1828]: (895.262314017317,1)
[1829]: (892.0581849626059,1)
[1830]: (859.0336812860531,1)
[1831]: (864.1904798304658,1)
[1832]: (883.454679933797,1)
[1833]: (874.0483490777175,1)
[1834]: (877.1786971043867,1)
[1835]: (878.3202115976743,1)
[1836]: (862.1237624724948,1)
[1837]: (866.6000251944855,1)
[1838]: (871.0683392106107,1)
[1839]: (872.0305329734957,1)
[1840]: (869.0586636747845,1)
[1841]: (863.0292717012943,1)
[1842]: (862.6539953899767,1)
[1843]: (865.244875263853,1)
[1844]: (888.1095764811312,1)
[1845]: (860.0557386601242,1)
[1846]: (854.0596923000491,1)
[1847]: (859.0087670871382,1)
[1848]: (874.1717745856745,1)
[1849]: (867.0700357777839,1)
[1850]: (873.68835598763,1)
[1851]: (870.1554740421795,1)
[1852]: (865.3359446062163,1)
[1853]: (856.4339518081069,1)
[1854]: (862.1450520583128,1)
[1855]: (882.4338225396233,1)
[1856]: (878.5397162806532,1)
[1857]: (866.4507345326303,1)
[1858]: (889.3762585054316,1)
[1859]: (878.1272682760191,1)
[1860]: (868.050688376443,1)
[1861]: (861.4998301998078,1)
[1862]: (875.6843187290817,1)
[1863]: (881.9008970381855,1)
[1864]: (859.4313815412902,1)
[1865]: (860.2868668183096,1)
[1866]: (855.1130686157115,1)
[1867]: (872.0778168622089,1)
[1868]: (854.2738564024379,1)
[1869]: (868.7825949681112,1)
[1870]: (871.0166876550325,1)
[1871]: (876.1209385203115,1)
[1872]: (870.2204333238003,1)
[1873]: (859.3993659483332,1)
[1874]: (856.4881081377672,1)
[1875]: (863.1674620962941,1)
[1876]: (856.0781563325274,1)
[1877]: (858.1974988047463,1)
[1878]: (874.7354059207737,1)
[1879]: (872.9083277396466,1)
[1880]: (867.1884282207396,1)
[1881]: (861.0756002532347,1)
[1882]: (854.0731294819774,1)
[1883]: (875.0052432871207,1)
[1884]: (873.0954547684843,1)
[1885]: (865.1150402202188,1)
[1886]: (869.5274676597529,1)
[1887]: (858.3200705491649,1)
[1888]: (863.111747296949,1)
[1889]: (851.6478109377795,1)
[1890]: (857.4861431557421,1)
[1891]: (874.3954495670474,1)
[1892]: (857.182009534028,1)
[1893]: (856.9017908039835,1)
[1894]: (875.0011085326802,1)
[1895]: (873.8720759052959,1)
[1896]: (867.2366855744655,1)
[1897]: (862.5024808143935,1)
[1898]: (854.8009164993176,1)
[1899]: (859.5383497770591,1)
[1900]: (864.1082745697754,1)
[1901]: (861.3175186327061,1)
[1902]: (859.6049657223371,1)
[1903]: (859.3420954238235,1)
[1904]: (893.2351459911785,1)
[1905]: (859.8377180981183,1)
[1906]: (862.2102492447725,1)
[1907]: (852.2990731344252,1)
[1908]: (868.0753632996463,1)
[1909]: (872.2167930695808,1)
[1910]: (863.3104516719021,1)
[1911]: (877.5697181119428,1)
[1912]: (860.8245797052692,1)
[1913]: (872.2722837952419,1)
[1914]: (877.1072429120561,1)
[1915]: (877.1292768244291,1)
[1916]: (885.1110723672499,1)
[1917]: (853.3944268800186,1)
[1918]: (885.2059386509276,1)
[1919]: (856.4764119996062,1)
[1920]: (878.1239016315312,1)
[1921]: (856.6974841553979,1)
[1922]: (862.3370395916877,1)
[1923]: (885.1210108180039,1)
[1924]: (859.3674882839634,1)
[1925]: (865.373489340516,1)
[1926]: (876.0623721823246,1)
[1927]: (880.0803997583148,1)
[1928]: (857.1994812267995,1)
[1929]: (854.578466554892,1)
[1930]: (867.0419295145388,1)
[1931]: (861.652870347779,1)
[1932]: (875.1125460333059,1)
[1933]: (882.9567089939554,1)
[1934]: (864.294223487824,1)
[1935]: (883.0681149292038,1)
[1936]: (860.526850498157,1)
[1937]: (853.0061830966658,1)
[1938]: (863.3620347092658,1)
[1939]: (869.7963236535542,1)
[1940]: (858.197146291385,1)
[1941]: (863.1150249741834,1)
[1942]: (860.2121328652212,1)
[1943]: (867.5478532623791,1)
[1944]: (861.1340321700474,1)
[1945]: (881.3749257488557,1)
[1946]: (855.6479202683812,1)
[1947]: (858.1703349569307,1)
[1948]: (869.3297417971543,1)
[1949]: (852.37835158539,1)
[1950]: (872.6298105119615,1)
[1951]: (855.0008682771604,1)
[1952]: (853.1806767519064,1)
[1953]: (869.0412446087499,1)
[1954]: (871.1891841239268,1)
[1955]: (863.4678756347115,1)
[1956]: (880.2096379545477,1)
[1957]: (875.0922258883057,1)
[1958]: (875.0835506547593,1)
[1959]: (887.5869612308961,1)
[1960]: (892.6403543184209,1)
[1961]: (861.0494373246366,1)
[1962]: (862.1447227586334,1)
[1963]: (854.0293638231999,1)
[1964]: (871.9825269413118,1)
[1965]: (884.0026588745276,1)
[1966]: (857.4163714271765,1)
[1967]: (880.9306325337024,1)
[1968]: (861.2045825565484,1)
[1969]: (871.175550586892,1)
[1970]: (853.3200745851577,1)
[1971]: (855.4219950840946,1)
[1972]: (869.2091574246286,1)
[1973]: (880.1424086073813,1)
[1974]: (871.4548133912036,1)
[1975]: (872.1615261897665,1)
[1976]: (888.1989890772327,1)
[1977]: (874.0667505777775,1)
[1978]: (865.1966387234502,1)
[1979]: (853.2814971158031,1)
[1980]: (878.586058509902,1)
[1981]: (855.1167187451912,1)
[1982]: (886.7809045103227,1)
[1983]: (852.1320363819616,1)
[1984]: (866.3892632975301,1)
[1985]: (868.2982655620136,1)
[1986]: (884.2964799808001,1)
[1987]: (873.7753935281262,1)
[1988]: (855.6872672210122,1)
[1989]: (874.1907346797357,1)
[1990]: (882.2049037454376,1)
[1991]: (853.0064787152334,1)
[1992]: (870.0067630795784,1)
[1993]: (854.3624401749352,1)
[1994]: (867.1307830797404,1)
[1995]: (855.2040893397993,1)
[1996]: (875.2447448441835,1)
[1997]: (858.0453083437096,1)
[1998]: (872.0045447912682,1)
[1999]: (872.0584831254105,1)
 -- States explored : 0 states
 -- CPU user time used : 496780 ms
 -- Virtual memory used : 28874052 KiB
 -- Resident memory used : 28835616 KiB
executionTime: 3247
