core file size          (blocks, -c) unlimited
data seg size           (kbytes, -d) unlimited
scheduling priority             (-e) 0
file size               (blocks, -f) unlimited
pending signals                 (-i) 4077086
max locked memory       (kbytes, -l) 64
max memory size         (kbytes, -m) 99614720
open files                      (-n) 4096
pipe size            (512 bytes, -p) 8
POSIX message queues     (bytes, -q) 819200
real-time priority              (-r) 0
stack size              (kbytes, -s) 8192
cpu time               (seconds, -t) unlimited
max user processes              (-u) 4077086
virtual memory          (kbytes, -v) 95000000
file locks                      (-x) unlimited
Options for the verification:
  Generating some trace
  Search order is random depth first
  Using conservative space optimisation
  Seed is 1556897332
  State space representation uses minimal constraint systems
  Using HashMap + Compress integers for discrete state storage

Verifying formula 1 at ../queries/SN_300_93_16.q:1
 -- Formula is satisfied.
(9000 runs)
Learning statistics for best strategy: 
	Number of resets: 0
	Number of iterations in last reset: 17
	Number of iterations in total: 17

 -- States explored : 0 states
 -- CPU user time used : 3594010 ms
 -- Virtual memory used : 3645180 KiB
 -- Resident memory used : 3606536 KiB

Verifying formula 2 at ../queries/SN_300_93_16.q:3
 -- Formula is satisfied.
Composer.Done:
[0]: (0,0) (171.1640922379198,1)
[1]: (171.516134189716,1)
[2]: (171.1010080175839,1)
[3]: (171.6387645985512,1)
[4]: (171.2088451961629,1)
[5]: (171.3286425315122,1)
[6]: (171.2957407826126,1)
[7]: (171.5130179798782,1)
[8]: (172.3794156192692,1)
[9]: (171.5411895856755,1)
[10]: (171.4033053355657,1)
[11]: (171.4896061562343,1)
[12]: (171.1718966601189,1)
[13]: (172.7325972305221,1)
[14]: (171.2276011172142,1)
[15]: (171.4754407594954,1)
[16]: (171.5112523423205,1)
[17]: (171.8604452473834,1)
[18]: (172.2741179235678,1)
[19]: (172.1885222891355,1)
[20]: (171.2087866834592,1)
[21]: (171.3989196596148,1)
[22]: (171.066780174873,1)
[23]: (171.2582908260185,1)
[24]: (171.1162022296132,1)
[25]: (171.169406287262,1)
[26]: (171.1902794035989,1)
[27]: (171.1351990574548,1)
[28]: (171.1180603530061,1)
[29]: (171.5495221679797,1)
[30]: (171.694822468975,1)
[31]: (172.0909101592112,1)
[32]: (171.9767933689118,1)
[33]: (171.9468875524209,1)
[34]: (171.3739569252635,1)
[35]: (171.2563793508929,1)
[36]: (171.8374375013119,1)
[37]: (171.1477769155237,1)
[38]: (171.7255763179578,1)
[39]: (171.4492293283757,1)
[40]: (171.3680936376869,1)
[41]: (173.4677204935003,1)
[42]: (172.1683458960788,1)
[43]: (171.3455669032891,1)
[44]: (171.4616965532923,1)
[45]: (171.6955245335315,1)
[46]: (171.2472884950503,1)
[47]: (171.1705309745698,1)
[48]: (171.2071038434549,1)
[49]: (171.4654712891152,1)
[50]: (171.5476817262924,1)
[51]: (171.0735774465653,1)
[52]: (171.0910767917046,1)
[53]: (171.1438243313457,1)
[54]: (171.4480955774409,1)
[55]: (171.3361106027539,1)
[56]: (171.4289429276931,1)
[57]: (171.5790413127431,1)
[58]: (171.5264065514649,1)
[59]: (171.0929966174533,1)
[60]: (171.3729087817075,1)
[61]: (171.2642015733588,1)
[62]: (171.1214850897386,1)
[63]: (172.122707827204,1)
[64]: (171.0771481647543,1)
[65]: (171.5209598182354,1)
[66]: (171.3387128235363,1)
[67]: (171.1237819130985,1)
[68]: (171.9700878863601,1)
[69]: (171.4151003094858,1)
[70]: (171.1138674846682,1)
[71]: (171.1768834416366,1)
[72]: (171.3428865757762,1)
[73]: (171.505904727406,1)
[74]: (171.6913553713655,1)
[75]: (171.66552555639,1)
[76]: (171.1517479799677,1)
[77]: (172.0531175944829,1)
[78]: (171.1856516269024,1)
[79]: (171.3614435007839,1)
[80]: (171.9083701372226,1)
[81]: (171.1815069195571,1)
[82]: (171.2484903082059,1)
[83]: (171.228534196658,1)
[84]: (171.3824691793511,1)
[85]: (172.1321927916557,1)
[86]: (171.283899280332,1)
[87]: (171.2293692872976,1)
[88]: (171.3164117889314,1)
[89]: (171.2233082568391,1)
[90]: (171.1409906467872,1)
[91]: (171.4639390841909,1)
[92]: (171.3039511002548,1)
[93]: (171.4021800350448,1)
[94]: (171.1871509318412,1)
[95]: (171.3998778368904,1)
[96]: (171.5343678026198,1)
[97]: (171.5180883943265,1)
[98]: (172.075857089237,1)
[99]: (171.1734966932871,1)
[100]: (171.6345395587942,1)
[101]: (171.5251809706364,1)
[102]: (171.4310522524425,1)
[103]: (171.1867577430564,1)
[104]: (171.0620444343883,1)
[105]: (171.1453793197767,1)
[106]: (171.3396464431928,1)
[107]: (171.2706031151502,1)
[108]: (171.0096624384618,1)
[109]: (171.9703739186693,1)
[110]: (171.0319093283026,1)
[111]: (171.1129917634968,1)
[112]: (171.8722283222147,1)
[113]: (171.0956589685992,1)
[114]: (171.7995177287326,1)
[115]: (171.3626448402671,1)
[116]: (171.3068070044277,1)
[117]: (171.704358167694,1)
[118]: (171.1477279833229,1)
[119]: (171.2712446435144,1)
[120]: (171.6575203776133,1)
[121]: (171.5638928635086,1)
[122]: (171.1845078197991,1)
[123]: (171.2267004813671,1)
[124]: (171.3897453095686,1)
[125]: (171.2648852175004,1)
[126]: (171.3895611652909,1)
[127]: (171.0969118208016,1)
[128]: (171.3295805817625,1)
[129]: (171.5953596672541,1)
[130]: (171.7462785396471,1)
[131]: (171.1606246606085,1)
[132]: (171.4785467968326,1)
[133]: (171.5984113493968,1)
[134]: (171.9723016047855,1)
[135]: (171.2468723388361,1)
[136]: (171.552385540009,1)
[137]: (171.5220852323784,1)
[138]: (171.2247298519551,1)
[139]: (171.2024578073067,1)
[140]: (171.9288063377276,1)
[141]: (171.5735588591072,1)
[142]: (171.3350006267883,1)
[143]: (171.7133727352299,1)
[144]: (171.5247133038236,1)
[145]: (171.3557325746131,1)
[146]: (171.2945999515735,1)
[147]: (171.9215102596311,1)
[148]: (171.4445189779894,1)
[149]: (171.3668235637517,1)
[150]: (171.0672694317365,1)
[151]: (172.3024509396196,1)
[152]: (171.498549023103,1)
[153]: (171.3718788414161,1)
[154]: (171.37860922177,1)
[155]: (171.308363182121,1)
[156]: (171.7800577102829,1)
[157]: (171.5358266459043,1)
[158]: (171.3555946274283,1)
[159]: (171.0189105235391,1)
[160]: (171.2241691253438,1)
[161]: (171.4381161151039,1)
[162]: (171.7549437140793,1)
[163]: (171.6751001365039,1)
[164]: (171.3221788117156,1)
[165]: (171.2173798672428,1)
[166]: (171.446646292979,1)
[167]: (171.5196533241964,1)
[168]: (171.1833019075992,1)
[169]: (172.0183427910338,1)
[170]: (171.3596460304168,1)
[171]: (171.1917472012169,1)
[172]: (171.9117908879104,1)
[173]: (171.6968810042206,1)
[174]: (171.9810264857115,1)
[175]: (171.3750276071667,1)
[176]: (171.5274247636017,1)
[177]: (171.2194352132863,1)
[178]: (172.0452039984911,1)
[179]: (171.6703436059433,1)
[180]: (173.0273517121222,1)
[181]: (171.5635396123911,1)
[182]: (171.4807393347365,1)
[183]: (171.2228138615792,1)
[184]: (172.2166493410243,1)
[185]: (171.3020654073746,1)
[186]: (171.5695054119965,1)
[187]: (171.3002641558103,1)
[188]: (171.5337216220549,1)
[189]: (171.1947129219799,1)
[190]: (171.4317200661493,1)
[191]: (172.1248390956242,1)
[192]: (171.1789102926329,1)
[193]: (172.4578723115375,1)
[194]: (171.7407953175201,1)
[195]: (171.6772024403856,1)
[196]: (171.3009764358224,1)
[197]: (171.2698338694581,1)
[198]: (171.2114991598768,1)
[199]: (171.3309927531002,1)
[200]: (171.2505996477086,1)
[201]: (171.3730946585474,1)
[202]: (171.4750885313401,1)
[203]: (171.871269731765,1)
[204]: (172.0587744822137,1)
[205]: (171.3335470190335,1)
[206]: (171.5934424103072,1)
[207]: (171.2417544714162,1)
[208]: (171.3901910185588,1)
[209]: (171.3081984843247,1)
[210]: (171.3564562216472,1)
[211]: (171.7749606008489,1)
[212]: (171.6707767934299,1)
[213]: (171.5407902017903,1)
[214]: (171.0519452778217,1)
[215]: (171.5457720358236,1)
[216]: (171.4606303817173,1)
[217]: (171.2820623869226,1)
[218]: (171.4701544324649,1)
[219]: (172.0500977206354,1)
[220]: (171.0594726209516,1)
[221]: (171.1454593663621,1)
[222]: (171.0130088039562,1)
[223]: (171.3621063770675,1)
[224]: (171.1747966441637,1)
[225]: (171.5732052434261,1)
[226]: (171.2363224050617,1)
[227]: (171.5133489803487,1)
[228]: (171.2291233183374,1)
[229]: (171.2201379388387,1)
[230]: (171.3120246131619,1)
[231]: (171.3873819741097,1)
[232]: (171.283038355308,1)
[233]: (171.6267390604413,1)
[234]: (171.2059308694302,1)
[235]: (171.1878908511829,1)
[236]: (171.6041400289613,1)
[237]: (171.0945600598249,1)
[238]: (171.5465745621253,1)
[239]: (171.1531208267933,1)
[240]: (171.4758174782518,1)
[241]: (173.1065593625978,1)
[242]: (171.6709492271536,1)
[243]: (171.2281443042137,1)
[244]: (171.2438574742696,1)
[245]: (171.2226664868017,1)
[246]: (171.2376833350507,1)
[247]: (171.8656086566911,1)
[248]: (171.3909456999403,1)
[249]: (171.100571171896,1)
[250]: (171.5266394165782,1)
[251]: (171.6003657693838,1)
[252]: (171.2595604175233,1)
[253]: (171.6479397056455,1)
[254]: (171.7530412601536,1)
[255]: (172.8298278821244,1)
[256]: (171.0958798263384,1)
[257]: (171.3180458256785,1)
[258]: (171.8050877799648,1)
[259]: (171.3096168576565,1)
[260]: (171.4007760758857,1)
[261]: (171.0734045742474,1)
[262]: (171.0719608163329,1)
[263]: (171.1283033560547,1)
[264]: (171.1667227863682,1)
[265]: (171.1031806595283,1)
[266]: (171.2745946408477,1)
[267]: (171.3624088938297,1)
[268]: (171.520144660019,1)
[269]: (171.0741187314608,1)
[270]: (171.3530950317013,1)
[271]: (171.4815914905059,1)
[272]: (171.3689382711667,1)
[273]: (171.5583577649679,1)
[274]: (171.112383069773,1)
[275]: (171.3863364162603,1)
[276]: (171.2451157594949,1)
[277]: (171.4505844354964,1)
[278]: (171.2998633717385,1)
[279]: (171.3803983801073,1)
[280]: (172.0545929205748,1)
[281]: (171.515579193886,1)
[282]: (171.173362052963,1)
[283]: (171.0894171085074,1)
[284]: (171.3293791042871,1)
[285]: (171.3920904796124,1)
[286]: (171.5559126425997,1)
[287]: (171.767998387631,1)
[288]: (171.1572770232346,1)
[289]: (171.8847918505578,1)
[290]: (171.3694382270445,1)
[291]: (171.4861767720417,1)
[292]: (172.0419740402075,1)
[293]: (171.2173896105538,1)
[294]: (171.5255831209484,1)
[295]: (171.3703894508574,1)
[296]: (172.205634888976,1)
[297]: (171.5782320225845,1)
[298]: (171.7202398881208,1)
[299]: (171.7357499168898,1)
[300]: (172.301393724594,1)
[301]: (171.4466267323559,1)
[302]: (171.7951737733232,1)
[303]: (171.2878345494714,1)
[304]: (171.7017479342657,1)
[305]: (171.6794119467093,1)
[306]: (171.4402687463011,1)
[307]: (171.1168163783454,1)
[308]: (171.2451526344681,1)
[309]: (171.4081958032932,1)
[310]: (171.2997650661165,1)
[311]: (171.7567230588509,1)
[312]: (171.9233958424244,1)
[313]: (171.7541838001787,1)
[314]: (172.0198788909201,1)
[315]: (171.5278793955642,1)
[316]: (171.2340926671897,1)
[317]: (171.2893574801295,1)
[318]: (171.7958720140074,1)
[319]: (171.9631692895665,1)
[320]: (171.4987871005098,1)
[321]: (171.0905967147573,1)
[322]: (171.8225876045267,1)
[323]: (171.8563493541988,1)
[324]: (172.083043150136,1)
[325]: (171.7259848728036,1)
[326]: (171.3577420198872,1)
[327]: (171.6411664502496,1)
[328]: (171.5289236719752,1)
[329]: (171.1792285366942,1)
[330]: (171.6715823053624,1)
[331]: (171.5299722270322,1)
[332]: (171.201690311391,1)
[333]: (171.2025379991196,1)
[334]: (171.9712811858358,1)
[335]: (171.2755866483667,1)
[336]: (171.9228290469918,1)
[337]: (171.4219289077657,1)
[338]: (171.5911879178998,1)
[339]: (171.2992773094284,1)
[340]: (171.6431644068972,1)
[341]: (171.4744591953715,1)
[342]: (171.1415638333407,1)
[343]: (171.7767190775137,1)
[344]: (171.3865498333982,1)
[345]: (171.6050697686539,1)
[346]: (171.9849366403863,1)
[347]: (171.4183234511534,1)
[348]: (171.258847349676,1)
[349]: (171.1624962462756,1)
[350]: (171.1108238472503,1)
[351]: (171.1312755473609,1)
[352]: (171.3292420921252,1)
[353]: (171.1952540569928,1)
[354]: (171.200596569817,1)
[355]: (171.8855087139702,1)
[356]: (171.1478109162131,1)
[357]: (171.1197932145175,1)
[358]: (172.1741715351752,1)
[359]: (171.2917661569937,1)
[360]: (171.5033609777162,1)
[361]: (171.1343834755742,1)
[362]: (171.7997739879521,1)
[363]: (171.0945016077837,1)
[364]: (171.422662952162,1)
[365]: (171.5231189918102,1)
[366]: (171.4987196636668,1)
[367]: (171.5738309200406,1)
[368]: (171.4749553663127,1)
[369]: (171.7548386485301,1)
[370]: (172.8321646946168,1)
[371]: (171.129397759531,1)
[372]: (171.1098441005503,1)
[373]: (172.6235826104439,1)
[374]: (172.0458619628136,1)
[375]: (171.2267853914101,1)
[376]: (171.3654087704302,1)
[377]: (171.7579559357551,1)
[378]: (171.2022987858008,1)
[379]: (171.2847237334045,1)
[380]: (171.2658223725702,1)
[381]: (171.2602047721138,1)
[382]: (171.0808639501732,1)
[383]: (171.1962057365652,1)
[384]: (171.3586884186314,1)
[385]: (171.3161121646829,1)
[386]: (171.1554946752116,1)
[387]: (171.5232090774979,1)
[388]: (171.4284800847605,1)
[389]: (171.4203650038388,1)
[390]: (171.534458543248,1)
[391]: (172.3812615189348,1)
[392]: (171.3366152526755,1)
[393]: (171.3531273852182,1)
[394]: (171.7720794736423,1)
[395]: (171.7422715643431,1)
[396]: (171.3103384432201,1)
[397]: (171.3462804363126,1)
[398]: (171.716441913715,1)
[399]: (171.0394052341196,1)
[400]: (171.3086501689586,1)
[401]: (171.0605656381176,1)
[402]: (171.4995261637601,1)
[403]: (171.680832865352,1)
[404]: (171.1351726336641,1)
[405]: (171.4057990317037,1)
[406]: (171.7682934713465,1)
[407]: (171.3383719130255,1)
[408]: (171.2881218208093,1)
[409]: (171.0887429349403,1)
[410]: (171.8260340375309,1)
[411]: (171.3202231543065,1)
[412]: (171.4790122376726,1)
[413]: (171.0334670720563,1)
[414]: (171.1657917241357,1)
[415]: (171.5067008387241,1)
[416]: (171.34223724259,1)
[417]: (171.6206767811089,1)
[418]: (171.2521575271406,1)
[419]: (171.3994166166642,1)
[420]: (171.3412180043828,1)
[421]: (171.486097856804,1)
[422]: (171.2069823478871,1)
[423]: (171.3112149040239,1)
[424]: (171.5992983251635,1)
[425]: (171.4429405219198,1)
[426]: (171.0588437797094,1)
[427]: (171.2588373686451,1)
[428]: (172.0831374690335,1)
[429]: (171.2427438848121,1)
[430]: (171.6977782639566,1)
[431]: (171.6395979330482,1)
[432]: (171.2848273449493,1)
[433]: (171.7736308134467,1)
[434]: (171.751247185207,1)
[435]: (171.2785460049182,1)
[436]: (171.0800449693109,1)
[437]: (171.5691040747695,1)
[438]: (171.1538918503741,1)
[439]: (171.0874681540274,1)
[440]: (171.3817390802826,1)
[441]: (172.4477679101803,1)
[442]: (171.1848142836836,1)
[443]: (171.4314440132036,1)
[444]: (171.1387984978104,1)
[445]: (172.0281422675093,1)
[446]: (171.2693492268846,1)
[447]: (171.3549401928449,1)
[448]: (171.6056405450701,1)
[449]: (171.6105039672991,1)
[450]: (171.2595167858805,1)
[451]: (171.5728936938929,1)
[452]: (171.3074638451869,1)
[453]: (171.2203927381044,1)
[454]: (171.3775895651519,1)
[455]: (171.5355444286344,1)
[456]: (171.2136158213832,1)
[457]: (172.2768959535279,1)
[458]: (172.6815924957637,1)
[459]: (171.2646475113866,1)
[460]: (171.2295215610038,1)
[461]: (171.4214053819583,1)
[462]: (171.2496393259447,1)
[463]: (172.1529229222959,1)
[464]: (171.2801646457725,1)
[465]: (171.3334048027618,1)
[466]: (171.6648030562898,1)
[467]: (171.1707500030634,1)
[468]: (171.0579839389223,1)
[469]: (172.3980153574286,1)
[470]: (171.3631478545416,1)
[471]: (171.164141561181,1)
[472]: (171.4934631795169,1)
[473]: (171.6530134115796,1)
[474]: (171.0854480325522,1)
[475]: (171.0947207928105,1)
[476]: (171.1309400505945,1)
[477]: (171.2294369882842,1)
[478]: (171.2944238644432,1)
[479]: (171.4666401634725,1)
[480]: (171.3510401335487,1)
[481]: (171.3325517994673,1)
[482]: (171.4333422731141,1)
[483]: (171.6396344047231,1)
[484]: (171.5644993872587,1)
[485]: (171.5884348469322,1)
[486]: (171.6045347908168,1)
[487]: (171.4417695081045,1)
[488]: (171.6364107151496,1)
[489]: (171.5572468064582,1)
[490]: (171.3278186509307,1)
[491]: (171.3833829334741,1)
[492]: (171.1881975828254,1)
[493]: (171.2903635547993,1)
[494]: (171.2637022482996,1)
[495]: (171.2375177527227,1)
[496]: (171.6177370359004,1)
[497]: (171.2521350585809,1)
[498]: (171.5117991655742,1)
[499]: (171.6968351059236,1)
[500]: (171.1697811839548,1)
[501]: (171.0376507355865,1)
[502]: (171.2529489161752,1)
[503]: (171.221205021105,1)
[504]: (171.5029306345089,1)
[505]: (171.3621872392447,1)
[506]: (171.1310038503417,1)
[507]: (171.2786101460235,1)
[508]: (172.5168571453798,1)
[509]: (171.1162832816104,1)
[510]: (171.7894274572793,1)
[511]: (171.0922053103493,1)
[512]: (171.0658651884706,1)
[513]: (171.3882332243925,1)
[514]: (171.2511250381039,1)
[515]: (171.2157561538743,1)
[516]: (171.9066100194231,1)
[517]: (171.0695162888038,1)
[518]: (171.1541578803599,1)
[519]: (171.2739939574185,1)
[520]: (171.4379275817282,1)
[521]: (171.8457334094351,1)
[522]: (171.5689840512857,1)
[523]: (171.1915957310239,1)
[524]: (171.5849586110605,1)
[525]: (171.1137213698662,1)
[526]: (171.1578540129805,1)
[527]: (171.9585802775544,1)
[528]: (171.0489553604752,1)
[529]: (171.2364236846486,1)
[530]: (171.5489863664556,1)
[531]: (171.4993068863226,1)
[532]: (171.2973145905368,1)
[533]: (171.2413554791186,1)
[534]: (171.3446849285719,1)
[535]: (171.4383141575498,1)
[536]: (171.3318370191401,1)
[537]: (171.0969438138259,1)
[538]: (171.1638151416826,1)
[539]: (172.4050732964259,1)
[540]: (171.3918267382129,1)
[541]: (171.582284070442,1)
[542]: (171.7345777474842,1)
[543]: (171.5199470244299,1)
[544]: (171.5046264378157,1)
[545]: (171.6265462033694,1)
[546]: (171.8548918993088,1)
[547]: (171.1955182579537,1)
[548]: (171.396611437102,1)
[549]: (171.2280608231562,1)
[550]: (171.5388084491965,1)
[551]: (171.4895537486212,1)
[552]: (171.3826170554186,1)
[553]: (171.4221418421997,1)
[554]: (171.534477809033,1)
[555]: (171.134413470988,1)
[556]: (171.6765389032468,1)
[557]: (171.4206153576875,1)
[558]: (171.1345230910746,1)
[559]: (171.4092053353445,1)
[560]: (171.6714079904836,1)
[561]: (171.0208318428101,1)
[562]: (171.3441901719198,1)
[563]: (171.2716288351857,1)
[564]: (171.4395585158364,1)
[565]: (171.1772676597929,1)
[566]: (171.7248557448188,1)
[567]: (171.1296427944987,1)
[568]: (171.2744750843203,1)
[569]: (171.5169598130424,1)
[570]: (171.5528211860159,1)
[571]: (171.3072593321805,1)
[572]: (172.0670280178583,1)
[573]: (171.3302090278582,1)
[574]: (171.4913793359068,1)
[575]: (171.6161299329478,1)
[576]: (171.5342986011482,1)
[577]: (171.6770595313116,1)
[578]: (171.6597300132802,1)
[579]: (171.7026420948467,1)
[580]: (171.4129768885403,1)
[581]: (172.149097505292,1)
[582]: (172.2125182420176,1)
[583]: (171.2168543761182,1)
[584]: (171.1687273223548,1)
[585]: (171.202650775901,1)
[586]: (171.7263819740568,1)
[587]: (171.2605210295507,1)
[588]: (172.1575937735212,1)
[589]: (171.7649605751088,1)
[590]: (171.4443988082514,1)
[591]: (171.6212836378625,1)
[592]: (171.1517912412589,1)
[593]: (171.181856157531,1)
[594]: (171.2842901253419,1)
[595]: (171.4879142550297,1)
[596]: (171.4353517160217,1)
[597]: (171.315872296138,1)
[598]: (171.4194543742394,1)
[599]: (171.1401030118795,1)
[600]: (171.4259613614536,1)
[601]: (171.4046712383241,1)
[602]: (171.3752451214976,1)
[603]: (171.0453953858493,1)
[604]: (171.3533499950785,1)
[605]: (171.6047881159575,1)
[606]: (171.3004151186037,1)
[607]: (171.2233450731051,1)
[608]: (171.1461908453006,1)
[609]: (171.3778508472459,1)
[610]: (171.2558288842509,1)
[611]: (171.1913770103592,1)
[612]: (171.1945142869704,1)
[613]: (171.7071537120193,1)
[614]: (171.7975973703462,1)
[615]: (171.8702406456799,1)
[616]: (171.4320132773512,1)
[617]: (171.7189450516761,1)
[618]: (171.5614252583798,1)
[619]: (171.8094071094593,1)
[620]: (171.7238773476819,1)
[621]: (171.613432175781,1)
[622]: (171.149864856402,1)
[623]: (171.4485860730901,1)
[624]: (171.7302535514707,1)
[625]: (171.7584146730877,1)
[626]: (171.732884518308,1)
[627]: (171.5475595674525,1)
[628]: (172.0574140640498,1)
[629]: (171.6034579080144,1)
[630]: (171.6129149135396,1)
[631]: (171.3021708300315,1)
[632]: (171.2659788731073,1)
[633]: (171.2252866598556,1)
[634]: (171.4395308882775,1)
[635]: (171.3336282107645,1)
[636]: (171.7181249770137,1)
[637]: (171.0912736223585,1)
[638]: (171.3091670638427,1)
[639]: (171.1759792164147,1)
[640]: (171.2082256618146,1)
[641]: (171.4667861719927,1)
[642]: (171.3194241048496,1)
[643]: (171.1837859060102,1)
[644]: (171.2179159439751,1)
[645]: (171.5220190679832,1)
[646]: (171.4393983018876,1)
[647]: (171.2022033411307,1)
[648]: (171.2279580122208,1)
[649]: (171.1642407112615,1)
[650]: (171.4435914766067,1)
[651]: (171.0949913326589,1)
[652]: (171.9288996356612,1)
[653]: (171.8989740631708,1)
[654]: (171.8398845333422,1)
[655]: (171.5461051996635,1)
[656]: (171.5416190916342,1)
[657]: (171.5952498635461,1)
[658]: (171.3651066092889,1)
[659]: (171.4670601513147,1)
[660]: (171.8450377944659,1)
[661]: (171.7229622272026,1)
[662]: (171.3047823673388,1)
[663]: (171.8818278218216,1)
[664]: (171.1042021798316,1)
[665]: (171.5664235286913,1)
[666]: (171.1834667651088,1)
[667]: (171.152648121008,1)
[668]: (171.13702111225,1)
[669]: (171.2391417435515,1)
[670]: (171.3977932587295,1)
[671]: (171.3540503914597,1)
[672]: (171.9627149196095,1)
[673]: (171.5393983735562,1)
[674]: (171.3593807878923,1)
[675]: (171.3588587928854,1)
[676]: (171.9921683217626,1)
[677]: (171.7682877205008,1)
[678]: (171.1979449805247,1)
[679]: (172.3631714671349,1)
[680]: (171.288923687639,1)
[681]: (171.471688340871,1)
[682]: (171.2323844287338,1)
[683]: (171.7833745030983,1)
[684]: (171.2881643359326,1)
[685]: (171.2607290979654,1)
[686]: (171.8971884473508,1)
[687]: (171.494614314452,1)
[688]: (171.6536622250405,1)
[689]: (171.5743758922803,1)
[690]: (171.6425219293992,1)
[691]: (171.126991683942,1)
[692]: (171.3347884650683,1)
[693]: (171.9151226393937,1)
[694]: (171.322891147361,1)
[695]: (171.0368766048812,1)
[696]: (171.2913428518019,1)
[697]: (171.3516315564009,1)
[698]: (171.6493119848566,1)
[699]: (172.1557328298365,1)
[700]: (171.5878747827181,1)
[701]: (171.4702766981634,1)
[702]: (171.0970348252456,1)
[703]: (171.027046498895,1)
[704]: (171.6335617548081,1)
[705]: (171.7046306766652,1)
[706]: (171.4409654827392,1)
[707]: (171.1106054872991,1)
[708]: (171.8949498443434,1)
[709]: (171.448511200999,1)
[710]: (173.1273868146114,1)
[711]: (171.1297613008219,1)
[712]: (171.2475467124797,1)
[713]: (171.135275940466,1)
[714]: (171.6285876609777,1)
[715]: (171.497116861459,1)
[716]: (172.2932276047542,1)
[717]: (172.0673797104448,1)
[718]: (171.3876913985729,1)
[719]: (171.7587938343872,1)
[720]: (171.7124162804963,1)
[721]: (171.2484754299589,1)
[722]: (171.2213417506002,1)
[723]: (171.8705075666206,1)
[724]: (171.2097195336675,1)
[725]: (171.1529126301994,1)
[726]: (171.6082774621624,1)
[727]: (171.3073701883536,1)
[728]: (171.9090155330691,1)
[729]: (171.2969104457381,1)
[730]: (172.2786566933855,1)
[731]: (171.3249271027069,1)
[732]: (171.3948981939282,1)
[733]: (171.3976254744726,1)
[734]: (171.4953501973943,1)
[735]: (171.5312710769629,1)
[736]: (171.8242449913945,1)
[737]: (171.5753534841576,1)
[738]: (171.2991772901537,1)
[739]: (171.3491800633981,1)
[740]: (171.8125303648479,1)
[741]: (171.1099339900596,1)
[742]: (171.1178062879444,1)
[743]: (172.5939238578316,1)
[744]: (171.7206232209845,1)
[745]: (171.7185963982504,1)
[746]: (171.3524298830907,1)
[747]: (171.0836886052462,1)
[748]: (171.2223460755399,1)
[749]: (171.1492045023186,1)
[750]: (171.7609002649223,1)
[751]: (171.5521747565961,1)
[752]: (171.6544917405593,1)
[753]: (171.0794237553717,1)
[754]: (171.3019391435575,1)
[755]: (171.4472199358489,1)
[756]: (171.7299803810843,1)
[757]: (171.5464586229996,1)
[758]: (171.2938189093551,1)
[759]: (172.6560179906344,1)
[760]: (171.7225030179833,1)
[761]: (171.667145471683,1)
[762]: (171.055094097171,1)
[763]: (171.3131678893067,1)
[764]: (171.0277031822631,1)
[765]: (171.084225354724,1)
[766]: (171.5930204046811,1)
[767]: (173.1898112510962,1)
[768]: (171.7334176138553,1)
[769]: (171.2400376705436,1)
[770]: (171.919165115264,1)
[771]: (171.3309010637196,1)
[772]: (171.2028662171977,1)
[773]: (171.1181289356439,1)
[774]: (171.5766741124392,1)
[775]: (171.3044278160069,1)
[776]: (173.5463058536109,1)
[777]: (171.513918039647,1)
[778]: (171.2430866866253,1)
[779]: (171.917104842933,1)
[780]: (172.0054180439081,1)
[781]: (171.2078638579463,1)
[782]: (171.1670356359679,1)
[783]: (171.5018047367435,1)
[784]: (171.7801983616993,1)
[785]: (171.2705270959848,1)
[786]: (171.1676852701844,1)
[787]: (171.1878851917278,1)
[788]: (171.904080441644,1)
[789]: (171.707263869866,1)
[790]: (171.3155936869173,1)
[791]: (171.1590351048767,1)
[792]: (171.3618436199719,1)
[793]: (171.1330168788094,1)
[794]: (171.2649630116079,1)
[795]: (171.3765942643289,1)
[796]: (171.2694743380198,1)
[797]: (171.435515750061,1)
[798]: (171.5252408302719,1)
[799]: (171.0325428668863,1)
[800]: (171.354586157753,1)
[801]: (171.1432476439209,1)
[802]: (171.2060615436585,1)
[803]: (171.4065158395816,1)
[804]: (171.3171287664175,1)
[805]: (171.4874621640924,1)
[806]: (171.2798000711193,1)
[807]: (171.5337795142046,1)
[808]: (171.1624202212284,1)
[809]: (171.4692860703704,1)
[810]: (171.5912603206473,1)
[811]: (171.6473215576793,1)
[812]: (171.2591094465334,1)
[813]: (171.3162383268272,1)
[814]: (171.7037889492022,1)
[815]: (171.1893941775216,1)
[816]: (171.2678043085369,1)
[817]: (171.6617686084503,1)
[818]: (171.2256849144804,1)
[819]: (171.6364796631181,1)
[820]: (172.2728620583826,1)
[821]: (171.1810116859748,1)
[822]: (171.4489193892177,1)
[823]: (171.6220505406668,1)
[824]: (172.3667345907704,1)
[825]: (171.3709123462485,1)
[826]: (171.519971755943,1)
[827]: (171.9165074560387,1)
[828]: (171.0663046059991,1)
[829]: (171.328868260445,1)
[830]: (172.7506178114387,1)
[831]: (171.6581014389131,1)
[832]: (171.7484138381386,1)
[833]: (171.1022802300641,1)
[834]: (171.347980300604,1)
[835]: (171.1692580301039,1)
[836]: (171.6217964429822,1)
[837]: (171.1733064012741,1)
[838]: (171.6223505477031,1)
[839]: (171.0254419577009,1)
[840]: (171.7750898727064,1)
[841]: (171.1887783344107,1)
[842]: (171.0658074549081,1)
[843]: (171.1345022594986,1)
[844]: (171.4060160862439,1)
[845]: (171.4526782720791,1)
[846]: (171.5089830650848,1)
[847]: (171.5199205461258,1)
[848]: (171.4174022696545,1)
[849]: (171.4088592310104,1)
[850]: (171.4220603271449,1)
[851]: (171.0876916876776,1)
[852]: (171.1498590292811,1)
[853]: (171.5672860343415,1)
[854]: (171.3970655341365,1)
[855]: (172.4721426357458,1)
[856]: (171.2177714900431,1)
[857]: (171.2756999632316,1)
[858]: (172.0909499677819,1)
[859]: (172.5908295060803,1)
[860]: (171.4643665249373,1)
[861]: (171.1247902337927,1)
[862]: (171.4433501366915,1)
[863]: (171.2745369408821,1)
[864]: (171.1644012600684,1)
[865]: (171.2978929033033,1)
[866]: (171.9157640582363,1)
[867]: (171.1318172098953,1)
[868]: (171.2790473987178,1)
[869]: (171.440542648994,1)
[870]: (171.3220770757689,1)
[871]: (171.8126331966058,1)
[872]: (171.2320398033169,1)
[873]: (171.2584503586027,1)
[874]: (171.7371812456554,1)
[875]: (171.5646876140681,1)
[876]: (171.5264099260133,1)
[877]: (171.7174061849847,1)
[878]: (171.3002644202863,1)
[879]: (171.7554896965604,1)
[880]: (171.8363001012952,1)
[881]: (171.470618217187,1)
[882]: (171.256899063681,1)
[883]: (171.5148306138003,1)
[884]: (171.3132264452934,1)
[885]: (171.6193297690673,1)
[886]: (171.7367420588284,1)
[887]: (171.3409237303385,1)
[888]: (171.159622582486,1)
[889]: (171.4892127113766,1)
[890]: (171.5735019965004,1)
[891]: (171.487745049052,1)
[892]: (171.3570600089744,1)
[893]: (173.0333616995039,1)
[894]: (171.3203446032963,1)
[895]: (171.242210272954,1)
[896]: (171.1626392752955,1)
[897]: (171.3234065728531,1)
[898]: (171.7315655228945,1)
[899]: (171.3607886199599,1)
[900]: (172.4380757121652,1)
[901]: (171.5072460977353,1)
[902]: (171.3642776459664,1)
[903]: (171.4492705409177,1)
[904]: (171.8923160097834,1)
[905]: (171.4381958805607,1)
[906]: (171.2738486960313,1)
[907]: (171.4847151673857,1)
[908]: (171.4558839686849,1)
[909]: (171.1352560595124,1)
[910]: (171.0731756224118,1)
[911]: (171.1594341941862,1)
[912]: (171.7257742841792,1)
[913]: (171.1343842353165,1)
[914]: (171.3147493348851,1)
[915]: (171.7117259996054,1)
[916]: (171.1063065827711,1)
[917]: (171.869843591882,1)
[918]: (171.5849544834408,1)
[919]: (171.3065683177965,1)
[920]: (171.6179950843128,1)
[921]: (171.9062781827707,1)
[922]: (172.1628349698322,1)
[923]: (171.4745491464438,1)
[924]: (171.2585773331027,1)
[925]: (171.0517644041313,1)
[926]: (171.6307587660949,1)
[927]: (171.5189580684721,1)
[928]: (171.1515696073407,1)
[929]: (172.196068285711,1)
[930]: (172.5922895280472,1)
[931]: (171.37297058633,1)
[932]: (171.5737256153991,1)
[933]: (171.3559271704584,1)
[934]: (171.2087188748787,1)
[935]: (171.8393885492777,1)
[936]: (171.6438305184197,1)
[937]: (171.5546212092445,1)
[938]: (171.7168176203614,1)
[939]: (171.2609477256844,1)
[940]: (171.4231927966377,1)
[941]: (171.38191268277,1)
[942]: (171.4997092837552,1)
[943]: (171.6722685501369,1)
[944]: (171.9086611138764,1)
[945]: (171.4421536951149,1)
[946]: (171.2530578248392,1)
[947]: (173.1229096286392,1)
[948]: (171.2712660512028,1)
[949]: (171.0517288134083,1)
[950]: (171.3311373138664,1)
[951]: (171.6434488749127,1)
[952]: (171.3542847384481,1)
[953]: (171.2673893389027,1)
[954]: (171.4934723880839,1)
[955]: (171.161297011147,1)
[956]: (171.4160826105487,1)
[957]: (171.4753274748567,1)
[958]: (172.1573688467169,1)
[959]: (171.4667135308931,1)
[960]: (172.3931169436812,1)
[961]: (171.3637510734666,1)
[962]: (171.2620920898032,1)
[963]: (171.231388270763,1)
[964]: (171.2741604259247,1)
[965]: (171.9307432064239,1)
[966]: (171.171590047021,1)
[967]: (171.2941432304215,1)
[968]: (171.8456679360606,1)
[969]: (171.5880014277999,1)
[970]: (171.6808820800052,1)
[971]: (171.5798674370221,1)
[972]: (171.6782424156602,1)
[973]: (171.8617104727269,1)
[974]: (171.4069022376175,1)
[975]: (171.2785272854888,1)
[976]: (171.5601112520388,1)
[977]: (171.4248680733196,1)
[978]: (171.5109853889168,1)
[979]: (171.2959843020143,1)
[980]: (171.6322572312272,1)
[981]: (171.2935088276825,1)
[982]: (171.4923832500751,1)
[983]: (171.258361482986,1)
[984]: (171.1328958051444,1)
[985]: (171.3585869786555,1)
[986]: (171.5343479716321,1)
[987]: (171.8847139063328,1)
[988]: (171.9110086636501,1)
[989]: (171.5496573441459,1)
[990]: (171.4878966661052,1)
[991]: (171.5932862789514,1)
[992]: (171.4922620930099,1)
[993]: (171.0963146461259,1)
[994]: (171.543829371756,1)
[995]: (172.062011229981,1)
[996]: (171.157273311,1)
[997]: (171.2935498267695,1)
[998]: (171.2399313200624,1)
[999]: (171.9720791245889,1)
[1000]: (171.4974152491135,1)
[1001]: (171.3885010936784,1)
[1002]: (172.3020522619395,1)
[1003]: (171.4601911579172,1)
[1004]: (171.5403173571839,1)
[1005]: (171.1393620522735,1)
[1006]: (171.3839569784376,1)
[1007]: (171.6018848172392,1)
[1008]: (171.202092725227,1)
[1009]: (171.3929746615376,1)
[1010]: (171.1627917389397,1)
[1011]: (171.739896988196,1)
[1012]: (171.3713191802699,1)
[1013]: (171.2361415838681,1)
[1014]: (171.6470672921177,1)
[1015]: (171.7294021703342,1)
[1016]: (171.7766938174722,1)
[1017]: (171.423491461625,1)
[1018]: (172.111187710609,1)
[1019]: (171.3948507727347,1)
[1020]: (171.282038810586,1)
[1021]: (171.5601628966813,1)
[1022]: (171.5753675611363,1)
[1023]: (171.5578506319106,1)
[1024]: (172.4427879191801,1)
[1025]: (171.5734727153661,1)
[1026]: (171.2903080075355,1)
[1027]: (171.3162498024924,1)
[1028]: (171.5872211244722,1)
[1029]: (172.2037642889264,1)
[1030]: (171.5530627985368,1)
[1031]: (171.7433100526254,1)
[1032]: (171.100485739922,1)
[1033]: (171.5043764425976,1)
[1034]: (171.8464908572728,1)
[1035]: (171.366255661445,1)
[1036]: (172.2543600917821,1)
[1037]: (171.132295211281,1)
[1038]: (171.2637509949531,1)
[1039]: (171.5433051387942,1)
[1040]: (171.2462363467824,1)
[1041]: (171.9256998210923,1)
[1042]: (171.4819124366703,1)
[1043]: (171.2461045225763,1)
[1044]: (172.0397248940338,1)
[1045]: (171.0976708395144,1)
[1046]: (171.7038547988906,1)
[1047]: (171.5223320197107,1)
[1048]: (171.6246734700072,1)
[1049]: (171.996251345849,1)
[1050]: (171.4468011998804,1)
[1051]: (171.506560098393,1)
[1052]: (171.2319862993644,1)
[1053]: (171.0982952518349,1)
[1054]: (171.4687048780743,1)
[1055]: (171.3176758147114,1)
[1056]: (171.0833195413308,1)
[1057]: (171.2800422406432,1)
[1058]: (171.2555468501499,1)
[1059]: (171.2880246617669,1)
[1060]: (171.6118380559241,1)
[1061]: (172.0523907305806,1)
[1062]: (172.5858254307921,1)
[1063]: (171.7318288934349,1)
[1064]: (171.1703731699946,1)
[1065]: (171.8169793562153,1)
[1066]: (171.8610304627355,1)
[1067]: (171.0744176815764,1)
[1068]: (171.7692742126055,1)
[1069]: (171.1419939086966,1)
[1070]: (171.4510241361654,1)
[1071]: (171.5394069595796,1)
[1072]: (171.5238927334192,1)
[1073]: (171.5320690298724,1)
[1074]: (171.1542414791066,1)
[1075]: (171.488202136084,1)
[1076]: (171.1411254344421,1)
[1077]: (171.5614959665131,1)
[1078]: (171.0803972562104,1)
[1079]: (171.7288956957008,1)
[1080]: (171.592026557446,1)
[1081]: (172.0373435215459,1)
[1082]: (173.0981915836133,1)
[1083]: (171.4455975145621,1)
[1084]: (171.6909699137829,1)
[1085]: (171.7934698457948,1)
[1086]: (171.4856138945823,1)
[1087]: (171.4693258324372,1)
[1088]: (171.3317335660896,1)
[1089]: (171.4790670311822,1)
[1090]: (171.1468623769941,1)
[1091]: (171.4374638766135,1)
[1092]: (171.177710497831,1)
[1093]: (172.0045573786672,1)
[1094]: (171.1864449408296,1)
[1095]: (171.1835008503494,1)
[1096]: (171.2039780889573,1)
[1097]: (172.3622010851489,1)
[1098]: (171.1893762290479,1)
[1099]: (171.8274435638091,1)
[1100]: (171.2373305335978,1)
[1101]: (171.5936242529108,1)
[1102]: (172.6698825434654,1)
[1103]: (171.3868631032163,1)
[1104]: (171.6014727508809,1)
[1105]: (171.0738618936083,1)
[1106]: (171.3327956919262,1)
[1107]: (171.1674116726381,1)
[1108]: (171.6648475720962,1)
[1109]: (171.4717463898838,1)
[1110]: (171.2865511140388,1)
[1111]: (171.4345017540101,1)
[1112]: (171.6657050479458,1)
[1113]: (172.221039094947,1)
[1114]: (171.5729203237788,1)
[1115]: (171.1356086427138,1)
[1116]: (171.5092907723041,1)
[1117]: (171.3200123614641,1)
[1118]: (171.4162107917545,1)
[1119]: (171.1131678318925,1)
[1120]: (171.6477360809353,1)
[1121]: (171.4685020082051,1)
[1122]: (171.3755826973879,1)
[1123]: (171.1627212382521,1)
[1124]: (171.3685317136348,1)
[1125]: (171.2555806684987,1)
[1126]: (171.1518816070058,1)
[1127]: (172.31666143267,1)
[1128]: (172.3303701993534,1)
[1129]: (171.2718548776227,1)
[1130]: (172.0745627358676,1)
[1131]: (171.243342933713,1)
[1132]: (171.5805366799252,1)
[1133]: (171.2475197942349,1)
[1134]: (171.6094344814873,1)
[1135]: (171.3642769433545,1)
[1136]: (171.2770367638843,1)
[1137]: (171.7594555399886,1)
[1138]: (171.639291560903,1)
[1139]: (171.1717455395682,1)
[1140]: (171.3247370247269,1)
[1141]: (171.5805049840903,1)
[1142]: (171.5835438826776,1)
[1143]: (173.1169933253357,1)
[1144]: (171.0899419472971,1)
[1145]: (171.822373887331,1)
[1146]: (171.6938993012571,1)
[1147]: (171.1544594347079,1)
[1148]: (171.455426078543,1)
[1149]: (171.3482263949299,1)
[1150]: (171.983339372751,1)
[1151]: (172.0120792620853,1)
[1152]: (171.6806813195537,1)
[1153]: (171.6657401407129,1)
[1154]: (171.042941892165,1)
[1155]: (171.5572567981673,1)
[1156]: (171.0886017546301,1)
[1157]: (171.5646044207181,1)
[1158]: (171.1471567528374,1)
[1159]: (171.5946162929963,1)
[1160]: (172.0068553660538,1)
[1161]: (171.4751903188955,1)
[1162]: (172.247035001039,1)
[1163]: (171.6191998458847,1)
[1164]: (171.6665893754627,1)
[1165]: (171.4702010573772,1)
[1166]: (171.1420004697122,1)
[1167]: (171.2607148471112,1)
[1168]: (171.1263052626999,1)
[1169]: (171.1407249308096,1)
[1170]: (171.1551316054038,1)
[1171]: (171.4986220162084,1)
[1172]: (171.9961085466516,1)
[1173]: (171.0788314940605,1)
[1174]: (172.2609725739225,1)
[1175]: (171.140424262638,1)
[1176]: (171.870888142557,1)
[1177]: (171.3595977959492,1)
[1178]: (172.3777434147641,1)
[1179]: (171.3100476256181,1)
[1180]: (171.1092115600034,1)
[1181]: (171.3018766313188,1)
[1182]: (171.3785747319221,1)
[1183]: (171.5871552909841,1)
[1184]: (171.1509445511998,1)
[1185]: (171.2471404518272,1)
[1186]: (171.1933480152062,1)
[1187]: (172.4018581822775,1)
[1188]: (171.3608510615819,1)
[1189]: (171.029586954891,1)
[1190]: (172.3961920222694,1)
[1191]: (171.5951364985117,1)
[1192]: (171.65659661007,1)
[1193]: (171.1609011679637,1)
[1194]: (171.2128212815673,1)
[1195]: (171.0632799646267,1)
[1196]: (171.112424077162,1)
[1197]: (171.6988341017764,1)
[1198]: (172.2398243791926,1)
[1199]: (171.7648772557232,1)
[1200]: (171.143324218486,1)
[1201]: (171.0401314723887,1)
[1202]: (171.1665092596205,1)
[1203]: (171.1747518186451,1)
[1204]: (171.1383746677339,1)
[1205]: (171.2219238262493,1)
[1206]: (173.7615811155006,1)
[1207]: (171.5315641124754,1)
[1208]: (172.1160205229542,1)
[1209]: (171.3053564965054,1)
[1210]: (171.4307507429679,1)
[1211]: (171.3783407702163,1)
[1212]: (171.8404157932802,1)
[1213]: (171.5494580072906,1)
[1214]: (171.0581061270358,1)
[1215]: (171.5332262387551,1)
[1216]: (171.6699291826074,1)
[1217]: (171.1157206659779,1)
[1218]: (171.2439814817757,1)
[1219]: (172.0969650812345,1)
[1220]: (172.6273828581569,1)
[1221]: (171.580665656563,1)
[1222]: (171.2927334380286,1)
[1223]: (171.5440700111218,1)
[1224]: (171.5113320608325,1)
[1225]: (171.4456913118537,1)
[1226]: (171.676343134184,1)
[1227]: (171.5271606398778,1)
[1228]: (171.3186965786601,1)
[1229]: (171.0215330939715,1)
[1230]: (171.1368001551183,1)
[1231]: (171.3385967959052,1)
[1232]: (171.9403227335038,1)
[1233]: (171.3260169892316,1)
[1234]: (171.3904114775156,1)
[1235]: (171.784592891966,1)
[1236]: (171.4543598691638,1)
[1237]: (171.1133088315556,1)
[1238]: (171.4067914097994,1)
[1239]: (171.4582857869886,1)
[1240]: (171.6722176060903,1)
[1241]: (171.2693734725277,1)
[1242]: (171.6180182222493,1)
[1243]: (171.8229113210565,1)
[1244]: (171.1908628692559,1)
[1245]: (171.293385264222,1)
[1246]: (171.3974322791934,1)
[1247]: (171.3786446018478,1)
[1248]: (171.3280866335493,1)
[1249]: (171.3316943306419,1)
[1250]: (171.486327517443,1)
[1251]: (171.1844841105614,1)
[1252]: (171.4350499520261,1)
[1253]: (171.3960755674687,1)
[1254]: (171.3710462334201,1)
[1255]: (172.2998015329881,1)
[1256]: (171.0351388063147,1)
[1257]: (171.2419253379639,1)
[1258]: (171.6663079691536,1)
[1259]: (171.2250795341762,1)
[1260]: (171.4040143257421,1)
[1261]: (171.1673197105814,1)
[1262]: (171.191968799118,1)
[1263]: (171.4650435228397,1)
[1264]: (173.5506836690873,1)
[1265]: (171.405317277297,1)
[1266]: (171.2792811630451,1)
[1267]: (171.9256240404965,1)
[1268]: (171.2251897987094,1)
[1269]: (171.1335108883909,1)
[1270]: (171.1565693194144,1)
[1271]: (171.3224174040976,1)
[1272]: (172.4317900976911,1)
[1273]: (171.9587924558904,1)
[1274]: (171.501136987394,1)
[1275]: (171.146695101957,1)
[1276]: (173.0402103679324,1)
[1277]: (172.2004909252229,1)
[1278]: (171.3383866905981,1)
[1279]: (171.0972477647842,1)
[1280]: (171.1454173091991,1)
[1281]: (172.0402363305506,1)
[1282]: (171.5647042380435,1)
[1283]: (171.2721706824648,1)
[1284]: (171.4069390005991,1)
[1285]: (171.223666531293,1)
[1286]: (171.4623978911963,1)
[1287]: (171.2087930844496,1)
[1288]: (171.3039389742806,1)
[1289]: (171.9829370662917,1)
[1290]: (171.0753283595938,1)
[1291]: (171.7642720265648,1)
[1292]: (171.1837357994355,1)
[1293]: (171.7101091929989,1)
[1294]: (171.3636970429531,1)
[1295]: (171.3440318941,1)
[1296]: (171.3025012345105,1)
[1297]: (171.2749933717214,1)
[1298]: (171.21192013961,1)
[1299]: (172.5800387064094,1)
[1300]: (172.0061575951203,1)
[1301]: (171.6903874957625,1)
[1302]: (171.0248963161325,1)
[1303]: (171.3020082355648,1)
[1304]: (171.7405666007433,1)
[1305]: (171.5837140173175,1)
[1306]: (171.0364167947317,1)
[1307]: (171.041775195731,1)
[1308]: (172.3855450188975,1)
[1309]: (171.197672639699,1)
[1310]: (172.2703827162811,1)
[1311]: (171.687826605968,1)
[1312]: (171.1487788826399,1)
[1313]: (171.3443578628078,1)
[1314]: (171.5922650925849,1)
[1315]: (171.5270838072032,1)
[1316]: (171.1282441051014,1)
[1317]: (171.8522177508689,1)
[1318]: (171.3816823087152,1)
[1319]: (171.6390290364488,1)
[1320]: (171.4539530138115,1)
[1321]: (171.0895098958474,1)
[1322]: (171.5593150193724,1)
[1323]: (171.7276821551241,1)
[1324]: (171.2082060762396,1)
[1325]: (171.4198690172765,1)
[1326]: (171.0956285929539,1)
[1327]: (171.462542040925,1)
[1328]: (171.2898180792949,1)
[1329]: (171.2289083967528,1)
[1330]: (171.1593626962128,1)
[1331]: (171.6656100760826,1)
[1332]: (171.4806249500613,1)
[1333]: (171.4402700723997,1)
[1334]: (171.3044058817702,1)
[1335]: (171.7236221822876,1)
[1336]: (171.2852667966654,1)
[1337]: (171.6781604195076,1)
[1338]: (171.3477249667889,1)
[1339]: (171.4175752532719,1)
[1340]: (171.9207905667413,1)
[1341]: (172.255165118627,1)
[1342]: (171.8803312830476,1)
[1343]: (171.146783979886,1)
[1344]: (171.5553999320877,1)
[1345]: (171.813238163522,1)
[1346]: (171.0831329584705,1)
[1347]: (171.2155233265897,1)
[1348]: (171.2764065540131,1)
[1349]: (171.4874129454259,1)
[1350]: (171.4703397925546,1)
[1351]: (171.054085112667,1)
[1352]: (171.9258257994962,1)
[1353]: (172.2718237968618,1)
[1354]: (171.781971726504,1)
[1355]: (173.1124084506682,1)
[1356]: (171.7842610712043,1)
[1357]: (171.8799944295371,1)
[1358]: (172.7588045881755,1)
[1359]: (171.3299007818015,1)
[1360]: (171.3880976336745,1)
[1361]: (171.82696332632,1)
[1362]: (171.6677026841807,1)
[1363]: (171.4294593174632,1)
[1364]: (171.6202045595395,1)
[1365]: (171.4928747465984,1)
[1366]: (171.1886686628717,1)
[1367]: (171.4142600829443,1)
[1368]: (171.1966999595535,1)
[1369]: (171.3000518798619,1)
[1370]: (171.4269509832832,1)
[1371]: (172.0202910762791,1)
[1372]: (172.1158977118864,1)
[1373]: (171.3893609291513,1)
[1374]: (171.8922145567066,1)
[1375]: (171.9826066597691,1)
[1376]: (171.2607819872963,1)
[1377]: (171.5698788029383,1)
[1378]: (172.4916437475398,1)
[1379]: (171.2252234028155,1)
[1380]: (171.7953244595315,1)
[1381]: (171.2414930839344,1)
[1382]: (172.0226158603434,1)
[1383]: (171.2490385420312,1)
[1384]: (171.4812422980542,1)
[1385]: (171.3335265264834,1)
[1386]: (171.215131791104,1)
[1387]: (171.2561153270516,1)
[1388]: (172.2671655811313,1)
[1389]: (171.7226923291,1)
[1390]: (171.9561321007192,1)
[1391]: (171.5961552747271,1)
[1392]: (171.4719714066918,1)
[1393]: (171.1714058535151,1)
[1394]: (171.3776804334356,1)
[1395]: (171.3374750964272,1)
[1396]: (171.9793784059716,1)
[1397]: (171.1793538973603,1)
[1398]: (171.4349848021354,1)
[1399]: (171.1039513188213,1)
[1400]: (172.262555045215,1)
[1401]: (171.2357689807066,1)
[1402]: (171.9294536396061,1)
[1403]: (171.1433715775109,1)
[1404]: (171.875093891836,1)
[1405]: (172.5456101444937,1)
[1406]: (171.1736894897876,1)
[1407]: (171.2907508637894,1)
[1408]: (171.1466925837023,1)
[1409]: (171.2402379918509,1)
[1410]: (171.6260932572213,1)
[1411]: (171.6945246946198,1)
[1412]: (172.2272339002831,1)
[1413]: (171.497051639728,1)
[1414]: (171.3253716729356,1)
[1415]: (171.6277840742642,1)
[1416]: (171.7484344064498,1)
[1417]: (171.6642989314373,1)
[1418]: (172.3908209026577,1)
[1419]: (171.6583696792719,1)
[1420]: (171.2752828988779,1)
[1421]: (172.325832919343,1)
[1422]: (171.0942949960043,1)
[1423]: (171.6809200296115,1)
[1424]: (171.1091829341582,1)
[1425]: (171.6804480397269,1)
[1426]: (171.0523133703142,1)
[1427]: (171.5759209539671,1)
[1428]: (171.3055333706706,1)
[1429]: (171.8082603449387,1)
[1430]: (171.9581633624359,1)
[1431]: (171.3429367639907,1)
[1432]: (171.200608925884,1)
[1433]: (171.1693952579297,1)
[1434]: (171.5836710767215,1)
[1435]: (171.7859362440243,1)
[1436]: (171.2776063433906,1)
[1437]: (171.6090151413658,1)
[1438]: (173.8732571377683,1)
[1439]: (171.6796683324109,1)
[1440]: (171.3955641692812,1)
[1441]: (171.2379183294868,1)
[1442]: (171.1101777620612,1)
[1443]: (171.4662830076033,1)
[1444]: (171.1400520398901,1)
[1445]: (171.8372482565168,1)
[1446]: (171.8627866986192,1)
[1447]: (171.7211853258266,1)
[1448]: (171.5315972630419,1)
[1449]: (171.403034370693,1)
[1450]: (171.3955501641986,1)
[1451]: (171.9380242499748,1)
[1452]: (171.1998584000315,1)
[1453]: (171.4043515161572,1)
[1454]: (172.0460608935769,1)
[1455]: (171.0787102275858,1)
[1456]: (171.7287169343052,1)
[1457]: (171.1428690095592,1)
[1458]: (171.6874545238457,1)
[1459]: (171.232273482824,1)
[1460]: (171.08855965615,1)
[1461]: (171.4118309960366,1)
[1462]: (171.7569978881431,1)
[1463]: (171.9668989545318,1)
[1464]: (171.3016319952016,1)
[1465]: (171.4026646005012,1)
[1466]: (171.0296488672166,1)
[1467]: (171.5312439634583,1)
[1468]: (171.3944035087636,1)
[1469]: (171.8628952971971,1)
[1470]: (171.5503494949952,1)
[1471]: (171.2251302191005,1)
[1472]: (172.0327240704943,1)
[1473]: (171.8715016881432,1)
[1474]: (171.390508559645,1)
[1475]: (171.1534147528277,1)
[1476]: (171.8361540775772,1)
[1477]: (171.6848127441926,1)
[1478]: (171.4015027277161,1)
[1479]: (171.1437290377038,1)
[1480]: (171.3640731235912,1)
[1481]: (171.5817181606904,1)
[1482]: (171.5882218645264,1)
[1483]: (171.0876974435094,1)
[1484]: (171.2134943503211,1)
[1485]: (171.3108007918321,1)
[1486]: (171.1286044488934,1)
[1487]: (171.0438523760135,1)
[1488]: (171.5087824416866,1)
[1489]: (171.8507164149889,1)
[1490]: (172.236873799067,1)
[1491]: (171.2284812257569,1)
[1492]: (171.4997355280573,1)
[1493]: (171.3585863907311,1)
[1494]: (171.7513698405015,1)
[1495]: (171.2792929483923,1)
[1496]: (172.0708271248559,1)
[1497]: (171.34533718898,1)
[1498]: (171.5916752512992,1)
[1499]: (171.8845212612935,1)
[1500]: (171.5201143894238,1)
[1501]: (171.6329649694046,1)
[1502]: (171.4710709512884,1)
[1503]: (171.1790770301105,1)
[1504]: (171.1281281349295,1)
[1505]: (171.8568722040945,1)
[1506]: (171.6498013100856,1)
[1507]: (171.5711149526051,1)
[1508]: (171.3863646911723,1)
[1509]: (171.1283230352576,1)
[1510]: (171.5436607244564,1)
[1511]: (171.8474078299246,1)
[1512]: (171.8763293234945,1)
[1513]: (172.2797251295515,1)
[1514]: (171.4165334741431,1)
[1515]: (171.5066255990098,1)
[1516]: (171.8142896001958,1)
[1517]: (171.5538133933387,1)
[1518]: (171.3153157391755,1)
[1519]: (171.1544004287972,1)
[1520]: (171.3542556633626,1)
[1521]: (171.9236303910673,1)
[1522]: (171.1914294231611,1)
[1523]: (171.1513107110614,1)
[1524]: (171.3498703363326,1)
[1525]: (171.7843915164746,1)
[1526]: (171.6630912068818,1)
[1527]: (172.02190257118,1)
[1528]: (171.1831040142025,1)
[1529]: (171.1548440218668,1)
[1530]: (171.0837832423843,1)
[1531]: (171.891675509687,1)
[1532]: (171.7008327177317,1)
[1533]: (171.6117183524009,1)
[1534]: (171.2747315273564,1)
[1535]: (171.2254681018826,1)
[1536]: (171.4820411991198,1)
[1537]: (171.6958796180078,1)
[1538]: (171.7512717223264,1)
[1539]: (171.1942337138626,1)
[1540]: (171.3639524650634,1)
[1541]: (171.6137312534532,1)
[1542]: (171.2694667174406,1)
[1543]: (172.2511971013772,1)
[1544]: (171.6315913571351,1)
[1545]: (171.299911983947,1)
[1546]: (171.1903748705348,1)
[1547]: (171.4834022353618,1)
[1548]: (171.1495241885095,1)
[1549]: (172.1260130004066,1)
[1550]: (171.1658274624724,1)
[1551]: (171.6429998478432,1)
[1552]: (171.6038042681988,1)
[1553]: (171.7043510251694,1)
[1554]: (171.1845503521874,1)
[1555]: (171.8134065672956,1)
[1556]: (171.8519107889912,1)
[1557]: (171.2866863946765,1)
[1558]: (171.4244201564598,1)
[1559]: (171.5603898218783,1)
[1560]: (171.686811758744,1)
[1561]: (171.2674245831437,1)
[1562]: (171.3883243475728,1)
[1563]: (171.3880483041371,1)
[1564]: (171.0738060884785,1)
[1565]: (171.2101567364237,1)
[1566]: (171.028425307479,1)
[1567]: (171.2048787269891,1)
[1568]: (171.2821448771414,1)
[1569]: (171.324480386889,1)
[1570]: (171.3278543395186,1)
[1571]: (171.3221121990529,1)
[1572]: (171.270970587947,1)
[1573]: (171.2886106247457,1)
[1574]: (171.0860388302322,1)
[1575]: (171.3604836527348,1)
[1576]: (171.4941439828283,1)
[1577]: (171.1846412888029,1)
[1578]: (171.4550702447604,1)
[1579]: (172.0370392455739,1)
[1580]: (171.1677886731339,1)
[1581]: (172.0766697892459,1)
[1582]: (171.2734529044212,1)
[1583]: (171.3816327590286,1)
[1584]: (171.5121852933591,1)
[1585]: (171.1204707285796,1)
[1586]: (171.1471557097708,1)
[1587]: (171.3064444515516,1)
[1588]: (171.2062803586817,1)
[1589]: (171.308128140137,1)
[1590]: (171.205100061772,1)
[1591]: (171.6425893932547,1)
[1592]: (171.1806749351817,1)
[1593]: (171.5844965885362,1)
[1594]: (171.4693889610105,1)
[1595]: (171.0566883216607,1)
[1596]: (171.1825432108282,1)
[1597]: (172.454657617179,1)
[1598]: (171.719512092375,1)
[1599]: (171.5311334810207,1)
[1600]: (171.8552280010699,1)
[1601]: (171.6343794408818,1)
[1602]: (171.0530274771283,1)
[1603]: (171.2720215290882,1)
[1604]: (171.5190028812131,1)
[1605]: (171.4994342975635,1)
[1606]: (171.3619586046871,1)
[1607]: (171.8346767658665,1)
[1608]: (171.9444895342994,1)
[1609]: (171.5214662043132,1)
[1610]: (171.4687716264766,1)
[1611]: (172.0896646024171,1)
[1612]: (171.1200384781296,1)
[1613]: (171.8355904104184,1)
[1614]: (171.2254488144985,1)
[1615]: (171.5831533145761,1)
[1616]: (171.1971722480658,1)
[1617]: (171.7923145013814,1)
[1618]: (171.5596460260902,1)
[1619]: (171.6516320395868,1)
[1620]: (171.577042808729,1)
[1621]: (171.3348360940173,1)
[1622]: (171.7709559433231,1)
[1623]: (171.294746620591,1)
[1624]: (171.5237417293108,1)
[1625]: (171.0794553740896,1)
[1626]: (171.8172653281037,1)
[1627]: (171.3295212276351,1)
[1628]: (171.4431538551107,1)
[1629]: (171.60800764601,1)
[1630]: (171.1842195810337,1)
[1631]: (171.316031471356,1)
[1632]: (171.1108160486446,1)
[1633]: (171.1309882470046,1)
[1634]: (171.369830165345,1)
[1635]: (171.3541988244345,1)
[1636]: (171.6589157234991,1)
[1637]: (171.2307495963684,1)
[1638]: (171.5976758523537,1)
[1639]: (171.1783028851474,1)
[1640]: (171.8066815724722,1)
[1641]: (171.2092847586457,1)
[1642]: (171.8541371248685,1)
[1643]: (171.1164046359342,1)
[1644]: (171.4397261083672,1)
[1645]: (171.1794830983331,1)
[1646]: (171.4640702581074,1)
[1647]: (171.6144842247616,1)
[1648]: (171.1191747296683,1)
[1649]: (171.3028407861895,1)
[1650]: (171.8926940241482,1)
[1651]: (171.3510454281489,1)
[1652]: (171.1607141365944,1)
[1653]: (171.3811749696564,1)
[1654]: (171.7313117206579,1)
[1655]: (171.6906358845648,1)
[1656]: (171.2643916819423,1)
[1657]: (171.3174393651188,1)
[1658]: (171.1284420285828,1)
[1659]: (171.2622736981832,1)
[1660]: (171.3578584075481,1)
[1661]: (171.8424295291708,1)
[1662]: (171.5443801734888,1)
[1663]: (171.1898231828791,1)
[1664]: (171.2866366872932,1)
[1665]: (171.4866594816353,1)
[1666]: (171.6807346906791,1)
[1667]: (171.2055956537921,1)
[1668]: (171.9030445929128,1)
[1669]: (171.4113430381373,1)
[1670]: (171.8632168842302,1)
[1671]: (172.7939667966484,1)
[1672]: (171.4570499738351,1)
[1673]: (171.1979653663829,1)
[1674]: (171.5227213270942,1)
[1675]: (171.3163952592412,1)
[1676]: (171.5456958357857,1)
[1677]: (171.0816457339182,1)
[1678]: (171.4373755142695,1)
[1679]: (171.1600300199504,1)
[1680]: (171.3394044941939,1)
[1681]: (172.0740836711795,1)
[1682]: (171.550135800576,1)
[1683]: (171.4746857569773,1)
[1684]: (171.2326870737696,1)
[1685]: (171.6275071307059,1)
[1686]: (171.4961956042193,1)
[1687]: (171.3275180879784,1)
[1688]: (171.5774994214666,1)
[1689]: (171.6193793963238,1)
[1690]: (172.6587462932825,1)
[1691]: (171.0654063459193,1)
[1692]: (171.1887488847825,1)
[1693]: (171.2423859677012,1)
[1694]: (171.0906653615049,1)
[1695]: (171.4276958383062,1)
[1696]: (171.1810217884918,1)
[1697]: (171.0682830150427,1)
[1698]: (171.3865559273107,1)
[1699]: (171.4345166762471,1)
[1700]: (171.4049996604582,1)
[1701]: (171.1676787196155,1)
[1702]: (171.5978742531701,1)
[1703]: (171.230068017059,1)
[1704]: (171.2883113777725,1)
[1705]: (171.0800004173737,1)
[1706]: (171.1237729434465,1)
[1707]: (171.3689164894254,1)
[1708]: (171.3376787897431,1)
[1709]: (171.4168665485082,1)
[1710]: (171.170021173931,1)
[1711]: (171.4037348365405,1)
[1712]: (171.5485493989566,1)
[1713]: (171.0265021094158,1)
[1714]: (172.2210505313732,1)
[1715]: (171.2458026181433,1)
[1716]: (171.4568789292977,1)
[1717]: (171.5033003559745,1)
[1718]: (171.973320276185,1)
[1719]: (171.0670854651437,1)
[1720]: (171.3050433054002,1)
[1721]: (171.1133416260085,1)
[1722]: (171.5878372443266,1)
[1723]: (171.4037584776784,1)
[1724]: (171.4827684071477,1)
[1725]: (171.1974621273746,1)
[1726]: (171.6908526624534,1)
[1727]: (171.19580122787,1)
[1728]: (171.5290991332025,1)
[1729]: (171.9987030825948,1)
[1730]: (171.3784951157564,1)
[1731]: (171.3873264926507,1)
[1732]: (171.1811405486799,1)
[1733]: (171.4677913059449,1)
[1734]: (171.120906800245,1)
[1735]: (171.5402296226247,1)
[1736]: (171.1944866400694,1)
[1737]: (171.2118082864638,1)
[1738]: (171.5283753673808,1)
[1739]: (171.1653588368379,1)
[1740]: (171.6266930724538,1)
[1741]: (171.3286637631191,1)
[1742]: (171.9451242607936,1)
[1743]: (171.2865833292766,1)
[1744]: (171.3118530792755,1)
[1745]: (171.4331762742385,1)
[1746]: (171.5913710942321,1)
[1747]: (171.2945918034893,1)
[1748]: (171.3205609838275,1)
[1749]: (171.2147357242803,1)
[1750]: (171.1385870976107,1)
[1751]: (171.7698420967983,1)
[1752]: (171.1979454065901,1)
[1753]: (171.1071492021699,1)
[1754]: (171.156727309605,1)
[1755]: (171.4765042419059,1)
[1756]: (171.8211825662924,1)
[1757]: (171.1598177251807,1)
[1758]: (171.6380419322739,1)
[1759]: (171.4749468779195,1)
[1760]: (171.3332504861455,1)
[1761]: (171.3592390569112,1)
[1762]: (172.0927444394938,1)
[1763]: (171.5584077864313,1)
[1764]: (171.0838920171725,1)
[1765]: (171.2287992023018,1)
[1766]: (171.3242671107628,1)
[1767]: (172.0122401385187,1)
[1768]: (171.5926560229447,1)
[1769]: (171.432017205466,1)
[1770]: (171.5319117238846,1)
[1771]: (171.7459536844635,1)
[1772]: (171.2238795640857,1)
[1773]: (171.0850708066079,1)
[1774]: (172.3643979711379,1)
[1775]: (171.3091915447196,1)
[1776]: (171.3865221188567,1)
[1777]: (172.2369031915947,1)
[1778]: (171.3164542725146,1)
[1779]: (171.548103834449,1)
[1780]: (171.4395700893233,1)
[1781]: (171.1764575695107,1)
[1782]: (171.2391182063801,1)
[1783]: (171.507437331185,1)
[1784]: (171.0851275107302,1)
[1785]: (171.8909996696379,1)
[1786]: (171.5787953925799,1)
[1787]: (171.2773937288479,1)
[1788]: (171.6137575106948,1)
[1789]: (172.021809744743,1)
[1790]: (171.2546179321346,1)
[1791]: (171.7026373071631,1)
[1792]: (171.7793443973992,1)
[1793]: (171.1384846556572,1)
[1794]: (171.1448971771915,1)
[1795]: (172.0536727566953,1)
[1796]: (171.6721960203525,1)
[1797]: (171.928113846214,1)
[1798]: (172.1855322942131,1)
[1799]: (171.6271969745156,1)
[1800]: (171.5136109843814,1)
[1801]: (171.6195476587805,1)
[1802]: (171.1970281082996,1)
[1803]: (171.1635954197571,1)
[1804]: (171.1840629437748,1)
[1805]: (171.0916066749232,1)
[1806]: (171.2558726509938,1)
[1807]: (172.7373317140608,1)
[1808]: (171.6603437685257,1)
[1809]: (171.1473070761711,1)
[1810]: (171.9656368632129,1)
[1811]: (171.1348479112272,1)
[1812]: (171.6383997544873,1)
[1813]: (171.3112132661437,1)
[1814]: (171.5886410036576,1)
[1815]: (171.3772295917189,1)
[1816]: (171.0785315140794,1)
[1817]: (171.4978465685312,1)
[1818]: (171.1781988253986,1)
[1819]: (171.1878730938975,1)
[1820]: (171.1779841689914,1)
[1821]: (171.7421969276539,1)
[1822]: (171.7793723234497,1)
[1823]: (171.0913476839514,1)
[1824]: (171.3260876055134,1)
[1825]: (171.6157144817232,1)
[1826]: (172.0007028601992,1)
[1827]: (171.7207793249687,1)
[1828]: (171.2129940777916,1)
[1829]: (171.7970952286753,1)
[1830]: (171.6424151628633,1)
[1831]: (171.4325215645179,1)
[1832]: (171.6898550565856,1)
[1833]: (171.2294305999081,1)
[1834]: (171.3690171182169,1)
[1835]: (171.2918110865789,1)
[1836]: (172.143731520505,1)
[1837]: (171.4061344212575,1)
[1838]: (172.4709765538587,1)
[1839]: (171.5591790639436,1)
[1840]: (171.162844566994,1)
[1841]: (171.6504388607546,1)
[1842]: (171.5978948661105,1)
[1843]: (171.6715060310456,1)
[1844]: (171.7096807693388,1)
[1845]: (171.8297820482132,1)
[1846]: (172.0038726564602,1)
[1847]: (172.0253260194761,1)
[1848]: (171.4432265293445,1)
[1849]: (171.8544713326134,1)
[1850]: (172.0110011430635,1)
[1851]: (171.6406447367319,1)
[1852]: (172.006037274454,1)
[1853]: (171.6315608453787,1)
[1854]: (171.583941204281,1)
[1855]: (171.1953692430067,1)
[1856]: (171.2757548986229,1)
[1857]: (171.669796385297,1)
[1858]: (172.1835304219568,1)
[1859]: (171.2259103080091,1)
[1860]: (171.3299929380529,1)
[1861]: (171.8152545579827,1)
[1862]: (171.9081682667754,1)
[1863]: (171.5924534206902,1)
[1864]: (171.7007392781628,1)
[1865]: (171.5794077568506,1)
[1866]: (171.7196198444898,1)
[1867]: (172.0911067989084,1)
[1868]: (171.120196661394,1)
[1869]: (171.2173545790276,1)
[1870]: (171.740784224106,1)
[1871]: (171.2430075811322,1)
[1872]: (171.0413670750748,1)
[1873]: (171.5838854667483,1)
[1874]: (171.8672560543008,1)
[1875]: (171.1818561900423,1)
[1876]: (171.7812561382231,1)
[1877]: (171.457745336213,1)
[1878]: (171.5686386035748,1)
[1879]: (171.4130894978252,1)
[1880]: (171.4256862674795,1)
[1881]: (171.1908427457911,1)
[1882]: (171.2382658276835,1)
[1883]: (171.9755257420869,1)
[1884]: (171.6128843758989,1)
[1885]: (171.129434771095,1)
[1886]: (171.790716917816,1)
[1887]: (171.0967236334579,1)
[1888]: (171.0833892375571,1)
[1889]: (171.120884534461,1)
[1890]: (171.5474157831743,1)
[1891]: (171.4823950189254,1)
[1892]: (171.6132747617409,1)
[1893]: (171.7684251501104,1)
[1894]: (171.3286689175478,1)
[1895]: (171.0945657656249,1)
[1896]: (171.1733786643971,1)
[1897]: (171.1805892063727,1)
[1898]: (171.3689921598331,1)
[1899]: (171.3302382051789,1)
[1900]: (173.1836075521416,1)
[1901]: (171.0882585802319,1)
[1902]: (171.1055520458683,1)
[1903]: (171.3778679685546,1)
[1904]: (171.1670975160676,1)
[1905]: (171.1362903652405,1)
[1906]: (171.1505458054482,1)
[1907]: (171.2851464015082,1)
[1908]: (171.5843169930902,1)
[1909]: (171.4255484458577,1)
[1910]: (171.9945472904407,1)
[1911]: (171.146426133149,1)
[1912]: (171.6437823518366,1)
[1913]: (171.8346444992723,1)
[1914]: (171.6990817516156,1)
[1915]: (171.2399194864552,1)
[1916]: (171.2556127955563,1)
[1917]: (171.5089425706436,1)
[1918]: (172.2627346823409,1)
[1919]: (171.6103313361101,1)
[1920]: (171.145297933749,1)
[1921]: (171.0853202686129,1)
[1922]: (171.8142213468059,1)
[1923]: (171.5584399428613,1)
[1924]: (171.2684760026902,1)
[1925]: (171.7298160438505,1)
[1926]: (171.4564966677935,1)
[1927]: (171.4234881900781,1)
[1928]: (171.1276726778166,1)
[1929]: (171.1468932812795,1)
[1930]: (171.3602202478614,1)
[1931]: (171.6192087649378,1)
[1932]: (171.5647621416799,1)
[1933]: (171.541166479705,1)
[1934]: (171.3707408512388,1)
[1935]: (171.3685769664953,1)
[1936]: (171.7421154924197,1)
[1937]: (171.1502679668596,1)
[1938]: (171.9876169814185,1)
[1939]: (171.0889660579961,1)
[1940]: (171.0592174112138,1)
[1941]: (171.3941794296628,1)
[1942]: (171.1388499648164,1)
[1943]: (171.4125859065527,1)
[1944]: (171.234282906808,1)
[1945]: (171.101481178599,1)
[1946]: (171.2520257074344,1)
[1947]: (171.3791379844132,1)
[1948]: (171.0546596688893,1)
[1949]: (171.4118833104191,1)
[1950]: (172.0553359545104,1)
[1951]: (171.1934495633619,1)
[1952]: (171.1605699676971,1)
[1953]: (171.4899218298347,1)
[1954]: (171.7728214189464,1)
[1955]: (171.408051089656,1)
[1956]: (171.8012102576263,1)
[1957]: (171.1750247437725,1)
[1958]: (171.70245346593,1)
[1959]: (171.3384315102515,1)
[1960]: (172.2874692579553,1)
[1961]: (172.3061992764819,1)
[1962]: (171.6461631832805,1)
[1963]: (171.1866951875717,1)
[1964]: (171.092146567783,1)
[1965]: (171.1354820464763,1)
[1966]: (171.1829854388408,1)
[1967]: (171.482588226787,1)
[1968]: (171.6171885611138,1)
[1969]: (171.0821879021956,1)
[1970]: (171.3680875749509,1)
[1971]: (171.3057596038801,1)
[1972]: (171.858262378204,1)
[1973]: (171.418106596593,1)
[1974]: (171.3890995767148,1)
[1975]: (171.4341048827075,1)
[1976]: (171.3692265119002,1)
[1977]: (171.1790101114404,1)
[1978]: (171.5762598454152,1)
[1979]: (171.4046707094938,1)
[1980]: (172.3789190901793,1)
[1981]: (171.6099529735469,1)
[1982]: (171.4077750142032,1)
[1983]: (171.3201642781358,1)
[1984]: (171.4231295260726,1)
[1985]: (171.1253182223116,1)
[1986]: (171.2484175249855,1)
[1987]: (171.2335781716472,1)
[1988]: (171.8460649600442,1)
[1989]: (171.6062313703911,1)
[1990]: (171.1214642261446,1)
[1991]: (171.5937749793282,1)
[1992]: (171.8168867808414,1)
[1993]: (171.9205854930067,1)
[1994]: (171.2670436883415,1)
[1995]: (172.061481876361,1)
[1996]: (171.0271814933981,1)
[1997]: (171.2236901662201,1)
[1998]: (171.0530253334716,1)
[1999]: (171.377439398751,1)
 -- States explored : 0 states
 -- CPU user time used : 681290 ms
 -- Virtual memory used : 3645180 KiB
 -- Resident memory used : 3607444 KiB
executionTime: 4284
