core file size          (blocks, -c) unlimited
data seg size           (kbytes, -d) unlimited
scheduling priority             (-e) 0
file size               (blocks, -f) unlimited
pending signals                 (-i) 4077086
max locked memory       (kbytes, -l) 64
max memory size         (kbytes, -m) 99614720
open files                      (-n) 4096
pipe size            (512 bytes, -p) 8
POSIX message queues     (bytes, -q) 819200
real-time priority              (-r) 0
stack size              (kbytes, -s) 8192
cpu time               (seconds, -t) unlimited
max user processes              (-u) 4077086
virtual memory          (kbytes, -v) 95000000
file locks                      (-x) unlimited
Options for the verification:
  Generating some trace
  Search order is random depth first
  Using conservative space optimisation
  Seed is 1556885005
  State space representation uses minimal constraint systems
  Using HashMap + Compress integers for discrete state storage

Verifying formula 1 at ../queries/SN_300_162_16.q:1
 -- Formula is satisfied.
(9000 runs)
Learning statistics for best strategy: 
	Number of resets: 0
	Number of iterations in last reset: 1
	Number of iterations in total: 1

 -- States explored : 0 states
 -- CPU user time used : 2142490 ms
 -- Virtual memory used : 34052724 KiB
 -- Resident memory used : 34014088 KiB

Verifying formula 2 at ../queries/SN_300_162_16.q:3
 -- Formula is satisfied.
Composer.Done:
[0]: (0,0)
[1]: (170.2842607988209,1)
[2]: (162.1455282392481,1)
[3]: (166.118633008069,1)
[4]: (171.7773685264953,1)
[5]: (173.2992293891807,1)
[6]: (165.2458552402409,1)
[7]: (169.5332084965052,1)
[8]: (165.0027980796937,1)
[9]: (172.2769490833392,1)
[10]: (168.1665641259945,1)
[11]: (165.5229123630458,1)
[12]: (162.0907389773305,1)
[13]: (175.1594528602681,1)
[14]: (163.8201358196087,1)
[15]: (156.3153596243949,1)
[16]: (165.3256444984046,1)
[17]: (171.1085026124406,1)
[18]: (162.0387848496293,1)
[19]: (163.6537836269114,1)
[20]: (162.9340008939691,1)
[21]: (166.0032101949634,1)
[22]:
[23]: (166.0270532784971,1)
[24]: (168.4300470804352,1)
[25]: (165.350016918211,1)
[26]: (159.0004618682239,1)
[27]: (165.0644824780744,1)
[28]: (166.0264853652051,1)
[29]: (162.258418484794,1)
[30]: (158.0160699908261,1)
[31]: (173.0094705496156,1)
[32]: (172.0094830043979,1)
[33]: (160.1367565718343,1)
[34]: (163.1905310221609,1)
[35]: (160.2488035826119,1)
[36]: (173.0456752085146,1)
[37]: (165.0894116227447,1)
[38]: (170.0078753902443,1)
[39]: (163.0220436371481,1)
[40]: (167.009654606401,1)
[41]: (175.3081360741255,1)
[42]: (168.3334995191599,1)
[43]: (168.3914559911898,1)
[44]: (162.0074478786229,1)
[45]: (161.1546735566151,1)
[46]: (157.0068919067579,1)
[47]: (162.1131670810864,1)
[48]: (168.161114597818,1)
[49]: (159.1167868369251,1)
[50]: (162.5085827003801,1)
[51]: (176.0809647857524,1)
[52]: (163.2989527808952,1)
[53]: (163.4131617021975,1)
[54]: (164.0104356977903,1)
[55]: (159.0406383985705,1)
[56]: (166.1042422013431,1)
[57]: (163.0584460013605,1)
[58]: (164.2543268371671,1)
[59]:
[60]: (164.0361290906133,1)
[61]: (176.1122774106911,1)
[62]: (159.3273331135636,1)
[63]: (167.0603294305044,1)
[64]: (165.5507094934192,1)
[65]: (156.5158140501387,1)
[66]:
[67]:
[68]: (162.0568658448244,1)
[69]: (162.1691866004635,1)
[70]: (158.2348658101401,1)
[71]: (162.0097052511995,1)
[72]: (167.6959766098009,1)
[73]: (162.2884251479033,1)
[74]: (171.0739577546069,1)
[75]: (171.0906437204426,1)
[76]: (165.5184747156065,1)
[77]: (163.5099506770156,1)
[78]: (158.1154220083336,1)
[79]: (168.1399035251548,1)
[80]: (160.432701075963,1)
[81]: (167.5050197240044,1)
[82]: (156.0590323316942,1)
[83]: (165.538267379094,1)
[84]: (170.2871983686159,1)
[85]: (166.0205871211755,1)
[86]: (169.1307902907603,1)
[87]:
[88]: (169.2059766305485,1)
[89]: (171.3395022908755,1)
[90]: (166.2001679319671,1)
[91]: (166.2448420959319,1)
[92]: (168.0256650423281,1)
[93]: (169.1988179925975,1)
[94]: (162.1901951180205,1)
[95]: (168.0359277914814,1)
[96]: (162.0567811003875,1)
[97]: (170.7406209732692,1)
[98]: (175.2525976894295,1)
[99]: (167.30797851607,1)
[100]: (162.17924555088,1)
[101]: (156.1019689802618,1)
[102]: (168.2028474996765,1)
[103]: (162.3472367569302,1)
[104]: (169.5924180707414,1)
[105]: (159.2146970382324,1)
[106]: (167.0134660447442,1)
[107]: (162.1441767875243,1)
[108]: (163.1032885189712,1)
[109]: (165.1564570959507,1)
[110]: (164.4386335667208,1)
[111]: (165.0724367005245,1)
[112]: (174.2410057957798,1)
[113]: (167.1867975214836,1)
[114]: (163.2116906313498,1)
[115]: (166.4613286116349,1)
[116]: (163.6657347481448,1)
[117]: (165.0791658913917,1)
[118]: (157.5067945240591,1)
[119]: (171.5978136422008,1)
[120]: (170.2743494388115,1)
[121]: (167.1796325757137,1)
[122]: (176.311545134886,1)
[123]:
[124]: (166.1023865435222,1)
[125]: (159.0431124126567,1)
[126]: (175.1174847270145,1)
[127]: (165.0643762770556,1)
[128]: (172.3913521175026,1)
[129]: (170.0320494964376,1)
[130]: (159.3084683445583,1)
[131]: (176.2916303334552,1)
[132]: (162.2509538980313,1)
[133]: (165.2667134672812,1)
[134]: (176.5088869857243,1)
[135]: (161.0084272182567,1)
[136]: (170.195035566237,1)
[137]: (159.4077778755726,1)
[138]: (167.2518579062276,1)
[139]: (166.1556782464745,1)
[140]: (165.29496916626,1)
[141]: (161.0213725143968,1)
[142]: (160.0423339636502,1)
[143]: (162.4017205231911,1)
[144]: (164.1362580121732,1)
[145]: (163.1998846396875,1)
[146]:
[147]: (163.3939291734848,1)
[148]: (164.0982176274564,1)
[149]: (164.2645474977754,1)
[150]: (168.0975011698661,1)
[151]: (174.0382926864589,1)
[152]: (163.633503356083,1)
[153]: (164.1381486897996,1)
[154]: (162.3923878911913,1)
[155]: (161.3244464992868,1)
[156]: (163.6619659840362,1)
[157]: (171.0297663894267,1)
[158]: (161.1396525844661,1)
[159]: (157.1855702784318,1)
[160]: (167.2440438856401,1)
[161]: (160.7954745599343,1)
[162]: (158.1111466106444,1)
[163]: (160.0712490603906,1)
[164]: (164.5609432455279,1)
[165]: (167.0941425300706,1)
[166]:
[167]: (169.2661962454082,1)
[168]: (170.2158890050333,1)
[169]: (157.3540632968683,1)
[170]: (169.0489705848011,1)
[171]: (162.4380116688515,1)
[172]: (167.0384278874254,1)
[173]: (163.3766048414206,1)
[174]: (159.2742643434902,1)
[175]: (165.8722647599838,1)
[176]: (160.8419521517284,1)
[177]: (162.1295847054183,1)
[178]: (173.1502094644773,1)
[179]: (166.2463388999685,1)
[180]: (159.1196942838451,1)
[181]: (168.1345671465831,1)
[182]: (164.133226895716,1)
[183]: (161.6042915010605,1)
[184]: (164.2098496739088,1)
[185]: (176.0503456622265,1)
[186]: (171.0979862331411,1)
[187]: (175.1287171352956,1)
[188]: (166.4078696658745,1)
[189]: (165.4699273526358,1)
[190]:
[191]: (174.4985512999898,1)
[192]: (160.5902644518777,1)
[193]: (169.0671969096075,1)
[194]: (163.0395502136804,1)
[195]: (166.0066505195921,1)
[196]: (163.3711593746943,1)
[197]: (165.1143759213428,1)
[198]: (163.0066931398944,1)
[199]: (175.0558438086196,1)
[200]: (163.2751737162563,1)
[201]: (161.123113166979,1)
[202]: (175.1053433250725,1)
[203]: (158.4109707388627,1)
[204]: (161.4807835169013,1)
[205]: (163.1247485350504,1)
[206]: (173.9701280821645,1)
[207]: (162.0916836835877,1)
[208]: (168.2574810221367,1)
[209]: (170.369862944244,1)
[210]: (164.2004899800297,1)
[211]: (163.1571640197479,1)
[212]: (165.7893351769758,1)
[213]: (174.7561994305859,1)
[214]: (168.9680913768572,1)
[215]: (160.4483361100824,1)
[216]: (164.1505794200837,1)
[217]: (154.7437553868127,1)
[218]: (157.712797083451,1)
[219]: (171.638489581583,1)
[220]: (164.1402136634975,1)
[221]: (172.083858555745,1)
[222]: (174.2830634542462,1)
[223]: (163.1498918444063,1)
[224]: (167.2903768209985,1)
[225]: (159.045565820747,1)
[226]: (158.4858575103048,1)
[227]: (165.1141641770388,1)
[228]: (172.2066160475435,1)
[229]: (171.0200147257472,1)
[230]: (170.0385405472772,1)
[231]: (163.1666044297338,1)
[232]: (169.0271034582417,1)
[233]: (162.1542596289436,1)
[234]: (167.5919089165653,1)
[235]: (167.0731639110534,1)
[236]: (174.1738786952016,1)
[237]: (158.818198246574,1)
[238]: (171.0602895145095,1)
[239]: (170.3661498032027,1)
[240]: (163.5024730859247,1)
[241]: (161.1432475547641,1)
[242]: (172.2805468687631,1)
[243]: (164.4917433500349,1)
[244]: (170.1476480505359,1)
[245]: (162.0102261477696,1)
[246]: (160.3511913557223,1)
[247]: (166.6162814590252,1)
[248]: (165.0792597686688,1)
[249]: (164.0624569915136,1)
[250]: (165.0672175135204,1)
[251]: (158.7260114348438,1)
[252]: (172.4208693085076,1)
[253]: (164.0325726961645,1)
[254]: (164.0104755909174,1)
[255]: (161.1404389677544,1)
[256]: (160.0718396657284,1)
[257]: (159.0973857055237,1)
[258]: (175.8147415533517,1)
[259]: (160.1662367237006,1)
[260]:
[261]: (171.9911711863749,1)
[262]: (165.5008895781592,1)
[263]: (173.0409687917449,1)
[264]: (173.1382175356768,1)
[265]:
[266]: (171.1375572803303,1)
[267]: (162.0196641869964,1)
[268]: (163.2653215685512,1)
[269]: (175.1674091612977,1)
[270]: (162.0548384487759,1)
[271]: (158.0150457494664,1)
[272]: (168.1971380911265,1)
[273]: (164.5518551084636,1)
[274]: (168.7646118076836,1)
[275]: (167.6641892879299,1)
[276]: (166.838325787574,1)
[277]: (169.3913652713608,1)
[278]: (166.1311759120751,1)
[279]: (162.0546989962444,1)
[280]: (168.0658723645608,1)
[281]: (173.1282484503979,1)
[282]: (162.2046255464191,1)
[283]: (157.2068385119843,1)
[284]: (165.1136791743883,1)
[285]: (170.0609078676704,1)
[286]: (163.1860247256416,1)
[287]: (174.143395823648,1)
[288]: (167.0366903932665,1)
[289]: (166.0000976256295,1)
[290]: (172.0432952195966,1)
[291]: (161.3289397500052,1)
[292]: (158.2320055771197,1)
[293]: (165.1249644626195,1)
[294]: (159.6373330575492,1)
[295]: (157.2036033593193,1)
[296]: (163.1290158544361,1)
[297]: (160.0932544200797,1)
[298]: (163.0019897759602,1)
[299]: (167.3619126649531,1)
[300]: (170.0363451625092,1)
[301]: (161.1992093994771,1)
[302]: (171.3173821289384,1)
[303]: (163.0173886465871,1)
[304]: (170.0373248761659,1)
[305]: (168.0366695100633,1)
[306]:
[307]: (168.9282833015181,1)
[308]: (165.2732727486004,1)
[309]: (164.9030466902983,1)
[310]: (166.5600336907672,1)
[311]: (165.3247892647529,1)
[312]: (167.2012217729434,1)
[313]: (160.7215372942524,1)
[314]: (162.6827416663128,1)
[315]: (167.3706981167892,1)
[316]: (167.096321310871,1)
[317]: (155.008708101378,1)
[318]: (167.1369003163874,1)
[319]: (170.9295366010519,1)
[320]: (166.0213894682359,1)
[321]: (163.1700176887495,1)
[322]: (170.1633562355831,1)
[323]: (165.0884295619865,1)
[324]: (163.5340716297572,1)
[325]: (160.4296561355331,1)
[326]: (168.8773177800317,1)
[327]: (163.105824171031,1)
[328]: (159.1299169314734,1)
[329]:
[330]: (170.0072403536369,1)
[331]: (171.3835256408737,1)
[332]: (163.5008004389813,1)
[333]: (162.4921546100955,1)
[334]: (174.763775584653,1)
[335]: (159.4383819724671,1)
[336]: (161.1916160482886,1)
[337]: (169.33371829209,1)
[338]: (163.0737846396584,1)
[339]: (163.805169565844,1)
[340]: (175.3506374235071,1)
[341]: (164.0654143877168,1)
[342]: (166.0632284917963,1)
[343]:
[344]: (162.1039691889876,1)
[345]: (173.1399508671606,1)
[346]: (170.0935405377728,1)
[347]: (169.0632435780045,1)
[348]: (168.551132609371,1)
[349]: (163.2539922793719,1)
[350]: (160.4064576954768,1)
[351]: (162.3691561526039,1)
[352]: (171.5329842014465,1)
[353]: (173.0344061363167,1)
[354]: (163.5455548748526,1)
[355]: (166.7249850095075,1)
[356]: (168.4396999501026,1)
[357]: (163.5679495756495,1)
[358]: (163.2551800352304,1)
[359]: (168.6484445979789,1)
[360]: (171.3144161349944,1)
[361]:
[362]: (162.0612521445217,1)
[363]: (162.0566476653464,1)
[364]: (167.2097314229771,1)
[365]: (171.032948904104,1)
[366]: (166.3728048559234,1)
[367]: (159.3685048843395,1)
[368]: (159.1030389318901,1)
[369]: (167.1948796164575,1)
[370]: (170.5769043161205,1)
[371]: (168.3390927600522,1)
[372]: (158.0533293539957,1)
[373]: (165.0837838712046,1)
[374]: (171.2970967146548,1)
[375]: (166.2369279806047,1)
[376]: (168.1610266772755,1)
[377]: (167.9882846919012,1)
[378]: (176.918512146387,1)
[379]: (165.0862080334925,1)
[380]: (160.6475370521163,1)
[381]: (165.2609060051756,1)
[382]: (173.014623384063,1)
[383]: (161.0779007336092,1)
[384]: (162.0961102697535,1)
[385]: (166.2392306776324,1)
[386]: (161.5342491061648,1)
[387]: (170.2956885902558,1)
[388]: (159.1138488877151,1)
[389]: (166.4445441821335,1)
[390]: (166.1055332536383,1)
[391]: (160.0447021608148,1)
[392]: (165.1855104793375,1)
[393]: (164.0957897855852,1)
[394]: (171.8655689166167,1)
[395]:
[396]: (161.1719272826097,1)
[397]: (165.6773383489698,1)
[398]: (164.4768599475122,1)
[399]: (166.0062922108667,1)
[400]: (167.0037946404667,1)
[401]: (169.1596191045337,1)
[402]: (173.1441093517697,1)
[403]: (158.34970968214,1)
[404]: (164.1255017360209,1)
[405]: (165.0048325014556,1)
[406]: (163.3034089712818,1)
[407]: (164.2413092784932,1)
[408]: (170.491875618891,1)
[409]: (167.3118008091197,1)
[410]: (161.3460644231531,1)
[411]: (173.2742071662526,1)
[412]: (173.0197445099706,1)
[413]: (158.0531977276268,1)
[414]: (163.2692824914614,1)
[415]: (161.0522961483028,1)
[416]: (164.040208447299,1)
[417]: (168.7539236576408,1)
[418]: (157.4418369064366,1)
[419]: (158.2176122728379,1)
[420]: (164.041600081407,1)
[421]: (166.1617441339784,1)
[422]: (162.2744498214235,1)
[423]: (163.2930971811394,1)
[424]: (159.0369172230908,1)
[425]: (163.025411670525,1)
[426]: (171.0059547710873,1)
[427]: (164.2914281346302,1)
[428]: (159.327071308553,1)
[429]: (161.1511677848232,1)
[430]: (164.1452065165805,1)
[431]: (167.682679963543,1)
[432]: (171.1498052389261,1)
[433]: (168.6299471417509,1)
[434]: (167.2583049733442,1)
[435]: (163.1858321021119,1)
[436]: (161.9357449302774,1)
[437]: (161.2670557644646,1)
[438]: (158.556314538267,1)
[439]: (170.1526422152553,1)
[440]: (162.453169450208,1)
[441]: (161.2744912314699,1)
[442]: (162.654842277723,1)
[443]: (165.0813378407198,1)
[444]: (161.2447311040282,1)
[445]: (164.0404709826302,1)
[446]: (170.190156813441,1)
[447]: (166.8372095878764,1)
[448]: (164.0587491744659,1)
[449]: (160.2918945939838,1)
[450]: (164.0209436858967,1)
[451]: (166.0616789917313,1)
[452]: (167.0117317126957,1)
[453]: (170.1556749411677,1)
[454]: (173.5732705613904,1)
[455]: (165.5443975717354,1)
[456]: (166.9756706267093,1)
[457]: (156.5051806488003,1)
[458]: (159.0185354537261,1)
[459]: (162.5169168269404,1)
[460]: (162.3938517204714,1)
[461]: (173.5510756694418,1)
[462]: (167.3771099998405,1)
[463]: (159.3565078748242,1)
[464]: (176.7682560288073,1)
[465]: (161.0955361197068,1)
[466]: (169.0992789490994,1)
[467]: (161.1135487515876,1)
[468]: (172.0702125080985,1)
[469]: (170.4400480055803,1)
[470]: (155.5960783908412,1)
[471]: (172.1055092024989,1)
[472]: (166.0555309141261,1)
[473]: (160.2006201387629,1)
[474]: (169.0017980233893,1)
[475]: (175.1319754843967,1)
[476]: (172.0594439680133,1)
[477]: (162.4027209075589,1)
[478]: (165.910744307101,1)
[479]:
[480]: (165.4155019540879,1)
[481]: (163.2135398816259,1)
[482]: (163.1496918467678,1)
[483]: (162.4033705948155,1)
[484]: (161.1789215892515,1)
[485]: (165.11658742654,1)
[486]: (168.157462866919,1)
[487]: (168.2142804888331,1)
[488]: (160.5909617564333,1)
[489]: (164.3983315227849,1)
[490]: (162.0164163512364,1)
[491]: (167.2039419657727,1)
[492]: (162.0758416309832,1)
[493]: (160.1451967590338,1)
[494]: (164.3641283958128,1)
[495]: (158.0848831136548,1)
[496]: (165.0085703141962,1)
[497]: (170.5470741132139,1)
[498]: (156.3685596416392,1)
[499]: (175.026591908453,1)
[500]: (167.123199218921,1)
[501]: (163.0435322030661,1)
[502]: (173.2518252393001,1)
[503]: (175.5489213596861,1)
[504]: (163.262604836159,1)
[505]: (168.1683007359147,1)
[506]: (162.1837068981511,1)
[507]: (167.2182215030192,1)
[508]: (166.3357873975056,1)
[509]: (162.1933365182323,1)
[510]: (166.8685508794626,1)
[511]: (160.0802736684893,1)
[512]: (159.1701884298639,1)
[513]: (161.3404587561659,1)
[514]: (168.2188367779748,1)
[515]: (170.4417319651338,1)
[516]: (165.1553018016856,1)
[517]: (175.4597378345569,1)
[518]: (161.0436231402382,1)
[519]: (159.2126460235845,1)
[520]: (175.2025219911221,1)
[521]: (164.1702065818075,1)
[522]: (162.2902756070222,1)
[523]: (173.2052152952747,1)
[524]: (165.1277174713543,1)
[525]: (162.1874004297648,1)
[526]: (165.0056085207465,1)
[527]:
[528]: (164.6225323576291,1)
[529]: (162.2272295522384,1)
[530]: (158.257543801524,1)
[531]: (165.7719714099028,1)
[532]: (167.2818887356011,1)
[533]: (168.3298636671574,1)
[534]: (159.1376450629089,1)
[535]: (162.0933990354443,1)
[536]: (168.027540193173,1)
[537]: (163.0794871539706,1)
[538]:
[539]: (167.1875591804651,1)
[540]: (165.2111343858542,1)
[541]: (165.0808156404499,1)
[542]: (165.2151584970163,1)
[543]: (167.37986449464,1)
[544]: (164.0537849203934,1)
[545]: (165.0076264873598,1)
[546]: (159.4855116911104,1)
[547]: (164.0647769933048,1)
[548]: (176.2800895739936,1)
[549]: (165.0184820347137,1)
[550]: (165.3565482684442,1)
[551]: (163.1488096834713,1)
[552]: (163.1241122496849,1)
[553]: (163.8337537554511,1)
[554]: (163.3879025336941,1)
[555]: (162.3061338111575,1)
[556]: (165.3564615395856,1)
[557]:
[558]: (162.9304922408354,1)
[559]: (176.7094907504495,1)
[560]: (161.2294364252854,1)
[561]: (161.6095941752268,1)
[562]: (162.3810183788237,1)
[563]: (171.0970737577487,1)
[564]: (168.6226048213701,1)
[565]: (172.3730705093707,1)
[566]: (164.0617684693572,1)
[567]: (163.0259946133157,1)
[568]: (162.6072750721331,1)
[569]: (168.1110158373803,1)
[570]: (172.1891316902375,1)
[571]: (159.4844393859391,1)
[572]: (164.0531739942809,1)
[573]: (160.348002245807,1)
[574]: (159.6488217392116,1)
[575]: (170.2741298295285,1)
[576]: (171.3441270385593,1)
[577]: (172.2247427130683,1)
[578]: (173.0471659437278,1)
[579]: (172.6207968842358,1)
[580]: (164.4530870585401,1)
[581]: (172.603086508329,1)
[582]: (155.0716335644194,1)
[583]: (171.2743371071615,1)
[584]: (166.4600494159373,1)
[585]: (166.2566958275327,1)
[586]: (164.3515456684589,1)
[587]:
[588]: (165.1224454760235,1)
[589]: (163.0301684268489,1)
[590]: (157.0493177193467,1)
[591]: (167.2207947006701,1)
[592]: (163.0141467461699,1)
[593]: (168.4094860092137,1)
[594]: (166.0576774776107,1)
[595]: (163.9259441775751,1)
[596]: (171.3876744497078,1)
[597]: (165.6839330767168,1)
[598]: (158.3445549748299,1)
[599]:
[600]: (169.5107967839635,1)
[601]: (162.2045495346605,1)
[602]: (161.3799451617131,1)
[603]:
[604]: (172.5089487715415,1)
[605]: (165.0945520806866,1)
[606]: (165.1294984803143,1)
[607]: (166.2440433514786,1)
[608]:
[609]: (171.017344085139,1)
[610]: (167.2954614303873,1)
[611]: (175.2791175856783,1)
[612]: (166.0549601645848,1)
[613]: (162.3385483336269,1)
[614]: (167.0362216800763,1)
[615]: (165.1362512283949,1)
[616]: (168.3234973081427,1)
[617]:
[618]: (157.3821028520693,1)
[619]: (167.0178783381222,1)
[620]: (170.4742746893217,1)
[621]: (167.6268590752319,1)
[622]: (170.0802349438686,1)
[623]: (171.6595760861827,1)
[624]: (160.0373420436798,1)
[625]: (164.1678773677491,1)
[626]: (174.037587906475,1)
[627]: (173.5893172998651,1)
[628]: (168.1240652174706,1)
[629]: (168.2758882022363,1)
[630]: (171.5939589975668,1)
[631]: (164.2639697126734,1)
[632]: (175.3084956753436,1)
[633]:
[634]: (162.3739914936216,1)
[635]: (158.1597604620595,1)
[636]: (159.0093321501777,1)
[637]: (162.1917689893747,1)
[638]: (171.1502361719495,1)
[639]: (163.1213384660369,1)
[640]:
[641]: (166.6152818988521,1)
[642]: (163.0150724427279,1)
[643]: (164.0147343029861,1)
[644]:
[645]: (159.4241709650069,1)
[646]: (164.0185516256028,1)
[647]: (165.108693454945,1)
[648]: (161.3224028816466,1)
[649]: (168.2919876062725,1)
[650]: (171.0877955745918,1)
[651]: (169.0574540947624,1)
[652]: (163.9441658125402,1)
[653]: (171.6917669497227,1)
[654]: (160.4101387934942,1)
[655]:
[656]: (167.1411314735469,1)
[657]: (166.0956023702596,1)
[658]: (167.4217338768449,1)
[659]: (161.0199357850079,1)
[660]:
[661]: (161.0764179751605,1)
[662]: (165.4599598735581,1)
[663]: (171.1613287354707,1)
[664]: (168.1877315276916,1)
[665]: (161.5066385982006,1)
[666]: (171.2624902977749,1)
[667]: (164.7547835059617,1)
[668]: (171.1622729788208,1)
[669]: (163.2903283644912,1)
[670]: (159.4837173102681,1)
[671]: (169.3888526195224,1)
[672]: (169.0104791960148,1)
[673]:
[674]: (158.329812877518,1)
[675]: (166.0979202218386,1)
[676]: (167.3957334701879,1)
[677]: (175.6509609820255,1)
[678]: (168.4573857777507,1)
[679]: (172.0261122770461,1)
[680]: (169.3437861622741,1)
[681]: (164.0044916971168,1)
[682]: (161.0718189292284,1)
[683]: (163.2083323775629,1)
[684]: (167.0265034609067,1)
[685]: (160.8202978328625,1)
[686]: (171.0820432732261,1)
[687]: (168.0967874928847,1)
[688]: (161.1507192324556,1)
[689]: (162.3595549872994,1)
[690]: (167.4630654643432,1)
[691]: (166.1730103035758,1)
[692]: (160.1711349723129,1)
[693]: (165.0584015961009,1)
[694]: (166.4930852142071,1)
[695]: (169.3148152128787,1)
[696]: (170.0507826210984,1)
[697]: (165.7003723349562,1)
[698]: (175.1498194609102,1)
[699]: (165.5558904269534,1)
[700]: (168.5822733464043,1)
[701]: (160.2126937441307,1)
[702]: (173.6118417415799,1)
[703]: (158.5978038143863,1)
[704]: (166.1361215470267,1)
[705]: (161.0692385488446,1)
[706]: (170.0028823163846,1)
[707]: (171.7545194047924,1)
[708]: (170.0717197085204,1)
[709]: (161.0646075054802,1)
[710]: (169.0361303224316,1)
[711]: (167.1377838235344,1)
[712]: (169.0118903941495,1)
[713]: (175.9622748443702,1)
[714]: (167.3507391167153,1)
[715]: (159.257686435592,1)
[716]: (162.4534704152685,1)
[717]: (157.1750588315957,1)
[718]: (158.147250249411,1)
[719]:
[720]: (161.3480631700695,1)
[721]: (165.0036933558636,1)
[722]: (164.0116330081185,1)
[723]: (166.2812137146123,1)
[724]: (168.1668199206232,1)
[725]: (163.6440995874138,1)
[726]: (161.4632396002573,1)
[727]: (162.5123180075259,1)
[728]: (162.7121715497279,1)
[729]: (160.5692307429881,1)
[730]: (159.0729575234917,1)
[731]:
[732]: (164.0749671278004,1)
[733]: (163.0315834226382,1)
[734]: (166.7993946614711,1)
[735]: (170.0118496362636,1)
[736]: (176.1718227373241,1)
[737]:
[738]: (167.0019849209375,1)
[739]: (171.1462493513839,1)
[740]: (170.5507478293481,1)
[741]: (173.2469462404603,1)
[742]: (165.0813270973258,1)
[743]: (162.290159118618,1)
[744]: (163.1273437026423,1)
[745]: (164.1829803473599,1)
[746]: (167.085485082299,1)
[747]:
[748]: (161.3636036587605,1)
[749]: (161.8755215506771,1)
[750]: (160.6589908284251,1)
[751]: (167.1641768694069,1)
[752]: (168.0982643800016,1)
[753]: (164.1316387924209,1)
[754]: (160.0126464546647,1)
[755]: (159.2627477642925,1)
[756]: (170.1183093808577,1)
[757]: (169.425442128643,1)
[758]: (163.2860501631569,1)
[759]: (168.083400969771,1)
[760]: (163.0257990537459,1)
[761]: (160.0758157796489,1)
[762]: (164.0263886708108,1)
[763]: (163.0432081419987,1)
[764]: (160.1012461834318,1)
[765]:
[766]: (166.4262019182412,1)
[767]: (170.0045642122494,1)
[768]: (164.1497354908643,1)
[769]: (164.0607156935948,1)
[770]:
[771]: (167.6160467811099,1)
[772]: (166.5329296323738,1)
[773]: (167.0144655006296,1)
[774]: (164.6103452957321,1)
[775]: (162.2925033649196,1)
[776]: (159.8967743289545,1)
[777]: (161.196385202169,1)
[778]: (160.1420466728788,1)
[779]: (165.1218039985316,1)
[780]: (162.0978943188042,1)
[781]: (173.0109527714856,1)
[782]: (160.0997361618716,1)
[783]: (161.2499364065438,1)
[784]: (162.552483791366,1)
[785]: (169.3702775268621,1)
[786]: (167.1118485045363,1)
[787]: (169.0794490270333,1)
[788]: (163.2593612750415,1)
[789]: (165.2183993037621,1)
[790]: (159.0157591445764,1)
[791]: (163.0567819779224,1)
[792]: (155.2082054429568,1)
[793]: (165.5607180512912,1)
[794]: (163.1809131509112,1)
[795]: (165.2640402710655,1)
[796]: (162.1821434044064,1)
[797]: (169.0949813757471,1)
[798]: (160.1336268778931,1)
[799]: (171.093826064601,1)
[800]: (165.6828095740676,1)
[801]: (160.3096540808113,1)
[802]:
[803]: (164.562352824186,1)
[804]: (169.3724091792834,1)
[805]: (173.1782005407375,1)
[806]: (165.1691221158669,1)
[807]: (165.3116242368908,1)
[808]: (157.2124479163492,1)
[809]: (173.0637197828001,1)
[810]: (167.089477436005,1)
[811]: (161.2169185232622,1)
[812]: (165.1802345306989,1)
[813]: (165.0482046217271,1)
[814]: (160.0373404623559,1)
[815]: (157.2879914388504,1)
[816]: (174.1697230250741,1)
[817]: (164.1614150521196,1)
[818]: (160.2143888251719,1)
[819]: (163.3616163138708,1)
[820]: (163.8394762527788,1)
[821]: (165.1043019547662,1)
[822]: (161.071473658575,1)
[823]: (167.2042592804434,1)
[824]: (162.1373628227472,1)
[825]: (165.1043395917448,1)
[826]: (162.1959008572639,1)
[827]: (166.3219925222603,1)
[828]: (167.5283978913013,1)
[829]: (159.3228681950699,1)
[830]: (160.0454375015343,1)
[831]:
[832]: (176.5314717032358,1)
[833]: (164.2966660191113,1)
[834]: (161.6314772899918,1)
[835]: (167.4300996133983,1)
[836]: (158.2221095547644,1)
[837]: (160.3007140952919,1)
[838]: (166.019647431536,1)
[839]: (166.3532572722317,1)
[840]: (166.5056741956162,1)
[841]: (165.0309986847999,1)
[842]: (160.3792946493391,1)
[843]: (170.1684165196123,1)
[844]: (167.3188160327227,1)
[845]: (172.3867513607549,1)
[846]: (167.2583835157024,1)
[847]: (160.8464035344672,1)
[848]: (161.6453513614522,1)
[849]: (159.2366133440028,1)
[850]: (173.0483712596887,1)
[851]: (159.3723323307451,1)
[852]: (167.6228951646515,1)
[853]: (165.9751107764403,1)
[854]: (164.005108253154,1)
[855]: (162.8035673475019,1)
[856]: (159.730099267846,1)
[857]: (159.3218384320433,1)
[858]: (163.1548833336734,1)
[859]: (160.0715927064889,1)
[860]: (159.5158150750603,1)
[861]: (167.047115067553,1)
[862]: (168.0932167280847,1)
[863]: (161.6924246454708,1)
[864]: (163.4155718270885,1)
[865]: (168.324832108367,1)
[866]: (162.223783518714,1)
[867]: (176.0308846260641,1)
[868]: (163.0459318134224,1)
[869]: (159.2846693637744,1)
[870]: (162.1063290666341,1)
[871]: (176.081183976048,1)
[872]: (166.0030813220498,1)
[873]: (160.1969429678124,1)
[874]: (160.0866419325725,1)
[875]: (164.4931570736699,1)
[876]: (160.1654570289643,1)
[877]: (170.1908500518281,1)
[878]: (168.0228124752831,1)
[879]: (161.1432688179492,1)
[880]: (164.8487241399136,1)
[881]: (173.1121472606077,1)
[882]: (164.0930506083678,1)
[883]: (158.3041631205435,1)
[884]: (161.6987838659831,1)
[885]: (161.0887821024442,1)
[886]: (173.4753991607289,1)
[887]: (166.0864988503115,1)
[888]: (159.1180820834691,1)
[889]: (167.7960018066035,1)
[890]: (173.0413660391034,1)
[891]: (161.5299098541482,1)
[892]: (167.8678250385446,1)
[893]: (165.1490447644608,1)
[894]: (170.1562321940946,1)
[895]: (162.3586111611784,1)
[896]: (167.0841967734123,1)
[897]: (169.1396824775504,1)
[898]: (162.1561067303992,1)
[899]: (160.3820833077123,1)
[900]: (162.2108160665699,1)
[901]: (163.1373495102941,1)
[902]: (173.1260089354855,1)
[903]: (170.1386178598162,1)
[904]: (166.2084024340067,1)
[905]: (163.2216069121922,1)
[906]: (162.2110220576984,1)
[907]: (169.0719221533026,1)
[908]: (167.1813536201421,1)
[909]: (164.520709047381,1)
[910]: (172.0464277999651,1)
[911]: (174.3876687267525,1)
[912]: (163.0166462397018,1)
[913]: (156.3338488611145,1)
[914]: (173.4803719011674,1)
[915]: (170.1431089198771,1)
[916]: (168.0764245853357,1)
[917]: (167.0286937429545,1)
[918]: (172.1020842975288,1)
[919]: (171.3079762104109,1)
[920]: (167.0458985199584,1)
[921]: (167.2020421382992,1)
[922]: (164.3991240370856,1)
[923]: (169.3104629690499,1)
[924]: (158.1795684398348,1)
[925]:
[926]: (167.3902860619388,1)
[927]: (159.1946178289362,1)
[928]: (169.0995184059757,1)
[929]: (157.0048572966687,1)
[930]: (163.2837323750618,1)
[931]: (175.0537762776769,1)
[932]: (167.2060279964915,1)
[933]: (165.6323255323285,1)
[934]: (174.0681399544996,1)
[935]: (163.0137879488463,1)
[936]: (162.2854465233734,1)
[937]: (166.0700234959317,1)
[938]: (165.4668968190873,1)
[939]: (162.7814511221697,1)
[940]: (162.3494142260957,1)
[941]: (161.0328218647365,1)
[942]: (168.671221952567,1)
[943]: (172.0414774297259,1)
[944]: (163.7264069679375,1)
[945]: (167.4523455942116,1)
[946]: (158.0240032119272,1)
[947]: (165.6430575323675,1)
[948]: (171.9276013839815,1)
[949]: (163.2828114606108,1)
[950]: (167.1161053942569,1)
[951]: (158.6548073789549,1)
[952]: (162.3902562881181,1)
[953]: (166.7858589665061,1)
[954]: (171.1892597118545,1)
[955]: (165.1281506093547,1)
[956]: (164.1581137792354,1)
[957]: (167.6932254252078,1)
[958]: (176.5388843150475,1)
[959]: (162.2055909302613,1)
[960]: (164.2509214101969,1)
[961]: (160.0214449415296,1)
[962]: (167.2276202619145,1)
[963]: (169.5544469603721,1)
[964]: (169.2200335871232,1)
[965]: (164.2739929554128,1)
[966]: (169.3139689694076,1)
[967]: (168.470223736244,1)
[968]: (163.5934844073418,1)
[969]: (157.1099659844747,1)
[970]: (165.0254535698684,1)
[971]: (167.5785554213431,1)
[972]: (166.1552695888867,1)
[973]: (157.4433275063709,1)
[974]: (166.5997898701053,1)
[975]:
[976]: (172.3779206964055,1)
[977]: (173.0181458395682,1)
[978]: (159.1459929214161,1)
[979]:
[980]: (174.3940580965686,1)
[981]: (165.1718493479473,1)
[982]: (166.0911036258176,1)
[983]: (164.3000409292554,1)
[984]: (168.8037758988013,1)
[985]: (162.1049241971138,1)
[986]: (160.0124147286223,1)
[987]: (161.401472493206,1)
[988]: (170.6362289877543,1)
[989]: (172.0710370065242,1)
[990]: (162.0474818479958,1)
[991]: (165.947525756571,1)
[992]: (176.6981091237618,1)
[993]: (176.430506708704,1)
[994]: (163.3921688535935,1)
[995]: (170.8646072261809,1)
[996]: (159.049291601341,1)
[997]: (170.0474739205204,1)
[998]: (172.1036964911432,1)
[999]: (156.4973229159742,1)
[1000]: (162.0901462637955,1)
[1001]: (175.1162286195876,1)
[1002]: (165.1610860115346,1)
[1003]: (171.2841758908971,1)
[1004]: (163.438862500367,1)
[1005]: (164.2506875478391,1)
[1006]: (164.1363430313587,1)
[1007]: (175.0326374614571,1)
[1008]: (167.390609102027,1)
[1009]: (156.5320094587096,1)
[1010]: (168.3037508663031,1)
[1011]: (167.2773869189612,1)
[1012]: (166.2455506726947,1)
[1013]: (166.2447100577917,1)
[1014]: (170.1560593211046,1)
[1015]: (170.1594855197621,1)
[1016]: (170.314329411365,1)
[1017]: (169.1265926691836,1)
[1018]: (159.2075486329441,1)
[1019]: (174.1378320644053,1)
[1020]: (172.0437643328406,1)
[1021]: (160.6512820725942,1)
[1022]: (169.6632756819748,1)
[1023]:
[1024]: (164.1104542825189,1)
[1025]: (168.0633883050637,1)
[1026]: (164.3879585527175,1)
[1027]: (169.1217261281392,1)
[1028]: (158.0423280451036,1)
[1029]: (165.0566366063507,1)
[1030]: (170.338693505,1)
[1031]: (162.0740499184895,1)
[1032]: (158.4258254461856,1)
[1033]: (169.3675673417019,1)
[1034]:
[1035]: (169.1846537593745,1)
[1036]: (165.1535950810121,1)
[1037]: (163.2855903312917,1)
[1038]: (162.1916038010657,1)
[1039]: (163.4777580171033,1)
[1040]: (171.0153696744811,1)
[1041]: (167.3790231208121,1)
[1042]: (165.2446108618435,1)
[1043]: (164.4290478170825,1)
[1044]: (173.120522159468,1)
[1045]: (163.1409364586014,1)
[1046]: (169.941104834925,1)
[1047]: (160.7080415439414,1)
[1048]: (167.5284077338533,1)
[1049]: (175.2989774149678,1)
[1050]: (170.5437384772604,1)
[1051]: (163.2542953814237,1)
[1052]: (166.2373659449678,1)
[1053]: (171.0628776752811,1)
[1054]: (164.1357540249003,1)
[1055]: (162.0617344331563,1)
[1056]: (170.1296146215391,1)
[1057]: (173.0760864490505,1)
[1058]: (169.2537980347787,1)
[1059]: (171.0999283475584,1)
[1060]: (167.1020732121085,1)
[1061]: (175.1183446977143,1)
[1062]: (163.0801006681189,1)
[1063]: (162.066619766236,1)
[1064]: (170.0849161161417,1)
[1065]: (162.7099907087793,1)
[1066]: (170.4316676050544,1)
[1067]: (160.2109351259809,1)
[1068]:
[1069]: (165.3276374982972,1)
[1070]: (159.0347623534448,1)
[1071]: (165.2474605479797,1)
[1072]: (170.0059613396969,1)
[1073]: (162.2025427696238,1)
[1074]: (174.3559684948718,1)
[1075]: (171.5257786166196,1)
[1076]: (167.0590321149357,1)
[1077]: (159.1678744659589,1)
[1078]: (174.027536591234,1)
[1079]: (171.9380426537821,1)
[1080]: (168.0362299319004,1)
[1081]: (157.2307268607984,1)
[1082]:
[1083]: (176.2485619090106,1)
[1084]: (176.0270926138159,1)
[1085]: (163.3957343647853,1)
[1086]: (163.0425478683223,1)
[1087]: (162.1628764294566,1)
[1088]: (171.3282495206183,1)
[1089]: (162.686078724927,1)
[1090]: (167.0114166523333,1)
[1091]: (174.9261931094217,1)
[1092]: (159.0409110960995,1)
[1093]: (162.8323557634612,1)
[1094]: (173.2124536235636,1)
[1095]: (161.0058914564741,1)
[1096]:
[1097]: (169.0199949534125,1)
[1098]: (160.6182083606904,1)
[1099]: (171.5372940963289,1)
[1100]: (160.0215200126456,1)
[1101]: (165.0229057370172,1)
[1102]: (166.3192847812769,1)
[1103]: (164.290071633,1)
[1104]:
[1105]: (172.0223132558064,1)
[1106]: (161.2795652315369,1)
[1107]: (159.1203003223457,1)
[1108]: (165.0135995943746,1)
[1109]: (169.1068440916352,1)
[1110]: (163.2305736620619,1)
[1111]: (159.3514980059398,1)
[1112]: (166.395437567217,1)
[1113]: (163.3305162417967,1)
[1114]: (167.4632224027582,1)
[1115]: (164.1613078690905,1)
[1116]: (166.5842623265613,1)
[1117]: (166.0998999435801,1)
[1118]: (168.2664794599954,1)
[1119]: (164.4977984605768,1)
[1120]: (165.0937338346488,1)
[1121]: (170.6429575738633,1)
[1122]: (167.1750829250943,1)
[1123]: (158.2519386561485,1)
[1124]: (157.083835649416,1)
[1125]: (166.7369624774203,1)
[1126]: (161.0607012754091,1)
[1127]: (164.5606589705219,1)
[1128]: (159.0670683888569,1)
[1129]: (161.8003383232498,1)
[1130]: (169.1276047831851,1)
[1131]: (170.0002329177094,1)
[1132]: (169.0241842353836,1)
[1133]: (168.0452465139943,1)
[1134]: (175.3107812710715,1)
[1135]: (169.2799853792638,1)
[1136]: (173.481945621323,1)
[1137]: (159.0695694263513,1)
[1138]: (168.102412590367,1)
[1139]: (167.0894176253792,1)
[1140]: (167.2609701448209,1)
[1141]: (176.1136419864844,1)
[1142]: (160.2730621037214,1)
[1143]: (171.1663057505293,1)
[1144]: (169.2004679730166,1)
[1145]: (160.0273124082653,1)
[1146]: (165.0725257218743,1)
[1147]: (169.3923192980103,1)
[1148]: (167.3695142790134,1)
[1149]: (173.0553773454814,1)
[1150]: (164.0283853494695,1)
[1151]: (159.9123293479864,1)
[1152]: (166.1202287416627,1)
[1153]:
[1154]: (163.0624934468322,1)
[1155]: (164.2060356602347,1)
[1156]: (168.1815015195171,1)
[1157]: (172.4390467677382,1)
[1158]: (165.1595784001983,1)
[1159]: (160.1839322212123,1)
[1160]: (166.3879065237612,1)
[1161]: (165.1069186597931,1)
[1162]: (161.921640075983,1)
[1163]: (164.0069278942128,1)
[1164]: (156.6363264897228,1)
[1165]: (173.4669854323368,1)
[1166]: (160.0696152316447,1)
[1167]: (160.2447220537503,1)
[1168]: (158.0950890533004,1)
[1169]: (162.2223678764157,1)
[1170]: (160.2842639866271,1)
[1171]: (166.3703736224763,1)
[1172]: (160.295135349609,1)
[1173]: (171.4915099743577,1)
[1174]: (168.1611418049271,1)
[1175]: (162.0872305253201,1)
[1176]: (163.2528713247571,1)
[1177]: (164.0093527923255,1)
[1178]: (172.0034389177258,1)
[1179]:
[1180]: (175.1109241477431,1)
[1181]: (159.6213689049995,1)
[1182]: (169.2212910433307,1)
[1183]: (167.3409335240788,1)
[1184]: (166.609911626123,1)
[1185]: (159.1504997554373,1)
[1186]: (165.1799386250359,1)
[1187]: (168.0569737800218,1)
[1188]: (165.1022909597462,1)
[1189]: (165.0521907328411,1)
[1190]:
[1191]: (170.0541690252512,1)
[1192]: (164.2145436006932,1)
[1193]: (164.0026378782885,1)
[1194]: (161.0825779206189,1)
[1195]: (158.413253237127,1)
[1196]: (165.156166301729,1)
[1197]:
[1198]: (165.0332262118055,1)
[1199]: (163.4330199970385,1)
[1200]: (171.1209520677776,1)
[1201]: (158.1666530397729,1)
[1202]: (161.0409223144862,1)
[1203]: (162.0551999401277,1)
[1204]: (169.5492406177316,1)
[1205]: (163.5522490303362,1)
[1206]: (174.1260611863424,1)
[1207]: (163.0871796570225,1)
[1208]: (157.3868901194862,1)
[1209]: (166.170612051588,1)
[1210]: (167.6277100083005,1)
[1211]: (163.2588517099669,1)
[1212]: (167.3707334728276,1)
[1213]: (163.0223516863179,1)
[1214]: (170.751305316126,1)
[1215]: (168.3022572336151,1)
[1216]: (172.4218444457203,1)
[1217]: (166.245290111809,1)
[1218]: (168.2895808326957,1)
[1219]: (162.1985557153618,1)
[1220]: (163.0718180024672,1)
[1221]: (166.1767892907885,1)
[1222]: (162.8505599905452,1)
[1223]: (166.1680069921026,1)
[1224]: (161.4261976608747,1)
[1225]: (166.043490558606,1)
[1226]: (163.3108215831004,1)
[1227]: (163.2316355757016,1)
[1228]: (173.1100839079837,1)
[1229]: (167.0377926656495,1)
[1230]: (159.2754499307296,1)
[1231]: (163.3519723672347,1)
[1232]: (161.002080877927,1)
[1233]: (162.0565019857052,1)
[1234]: (168.4923592882974,1)
[1235]: (169.091413079036,1)
[1236]: (165.4608507392762,1)
[1237]:
[1238]: (164.7020416022064,1)
[1239]: (161.7867995114735,1)
[1240]: (168.3700950669817,1)
[1241]: (169.3974387983718,1)
[1242]: (157.0745128967241,1)
[1243]: (160.0478204689245,1)
[1244]:
[1245]: (160.5882836614497,1)
[1246]: (161.0022734602166,1)
[1247]: (167.0211426161253,1)
[1248]: (165.1307371949735,1)
[1249]: (158.3990282762447,1)
[1250]: (159.6621309799804,1)
[1251]:
[1252]: (169.2136402371459,1)
[1253]: (170.3220065052845,1)
[1254]: (166.567216140154,1)
[1255]: (167.1210555011695,1)
[1256]: (171.0175943340123,1)
[1257]:
[1258]: (164.0010119954137,1)
[1259]: (165.2107416597235,1)
[1260]: (165.323087699525,1)
[1261]: (166.0227389536067,1)
[1262]: (162.7931594607016,1)
[1263]:
[1264]: (159.0665340510063,1)
[1265]: (163.1715253153096,1)
[1266]: (169.0557237582838,1)
[1267]: (165.3348849440273,1)
[1268]: (166.5160975565517,1)
[1269]: (164.3522948777487,1)
[1270]: (168.2315990005949,1)
[1271]: (160.0112761897945,1)
[1272]: (161.406309657959,1)
[1273]: (161.3210097016662,1)
[1274]: (164.5237612162265,1)
[1275]:
[1276]: (170.3414693476603,1)
[1277]: (163.0077590267476,1)
[1278]: (168.2500844078007,1)
[1279]: (160.02189946767,1)
[1280]: (171.413541280151,1)
[1281]: (170.3924688823305,1)
[1282]: (173.0463754804658,1)
[1283]: (166.0353550173123,1)
[1284]: (170.0941317561483,1)
[1285]: (166.1434569412587,1)
[1286]: (173.0130284997427,1)
[1287]: (164.3952845696593,1)
[1288]: (164.3594762040446,1)
[1289]: (160.2960359003527,1)
[1290]: (165.2312062835149,1)
[1291]: (162.1389931438012,1)
[1292]: (167.4375172283984,1)
[1293]: (157.4386488983821,1)
[1294]: (160.1898684401833,1)
[1295]: (164.1017245768732,1)
[1296]: (174.3881202238601,1)
[1297]: (167.1252682196913,1)
[1298]: (162.0991826049801,1)
[1299]: (161.0751403472719,1)
[1300]: (158.1485958690376,1)
[1301]: (169.3444424111596,1)
[1302]: (164.2904212194632,1)
[1303]: (171.0820337084685,1)
[1304]: (160.9432033993867,1)
[1305]: (173.1140384745364,1)
[1306]: (167.3333107510789,1)
[1307]: (162.842400291488,1)
[1308]: (159.427034197688,1)
[1309]: (173.5338776423232,1)
[1310]: (172.5333503512841,1)
[1311]: (172.1627951698535,1)
[1312]: (165.0053578211164,1)
[1313]: (159.2111901208788,1)
[1314]: (170.4512117042249,1)
[1315]: (162.2397729885303,1)
[1316]: (162.1897393139098,1)
[1317]: (171.0619515756327,1)
[1318]: (171.0851007831848,1)
[1319]:
[1320]: (164.3498191233092,1)
[1321]:
[1322]: (160.1721365269905,1)
[1323]: (166.3286847904228,1)
[1324]:
[1325]: (162.1037574215531,1)
[1326]: (159.041890338255,1)
[1327]: (163.0761172309163,1)
[1328]: (168.1804829351928,1)
[1329]: (164.0305206707258,1)
[1330]: (165.2843140638581,1)
[1331]: (164.1878606917246,1)
[1332]: (168.0898184963476,1)
[1333]: (171.0786833391632,1)
[1334]:
[1335]: (161.0711143442918,1)
[1336]: (171.6681758191349,1)
[1337]: (161.1088726439232,1)
[1338]: (160.3162414756373,1)
[1339]: (166.191830533561,1)
[1340]: (156.2393803862801,1)
[1341]: (166.003100278476,1)
[1342]: (160.9347882417266,1)
[1343]: (168.0026887314672,1)
[1344]: (162.0577071500762,1)
[1345]: (158.0492776756078,1)
[1346]: (161.1110010468375,1)
[1347]: (166.1180035601836,1)
[1348]: (160.2856164093128,1)
[1349]: (162.1045153449764,1)
[1350]: (169.0415231526035,1)
[1351]: (168.0954703535824,1)
[1352]: (170.0856901597241,1)
[1353]: (162.0908146100727,1)
[1354]: (172.5607558513463,1)
[1355]: (160.1995600995746,1)
[1356]: (173.0099299817279,1)
[1357]: (169.0140847070811,1)
[1358]: (165.0166936844854,1)
[1359]: (162.0368669728036,1)
[1360]: (169.0972313169686,1)
[1361]:
[1362]: (163.2680412790927,1)
[1363]: (155.2168732195645,1)
[1364]: (161.3647966641597,1)
[1365]: (160.2412544392073,1)
[1366]: (167.446828791388,1)
[1367]:
[1368]: (157.7746521991577,1)
[1369]: (167.0609603296585,1)
[1370]: (166.406402077634,1)
[1371]:
[1372]: (161.2231451039745,1)
[1373]: (164.7858442851417,1)
[1374]: (163.0256798701752,1)
[1375]: (156.3660436517947,1)
[1376]: (159.1494351447394,1)
[1377]: (168.4686611042715,1)
[1378]: (166.1087278829995,1)
[1379]: (162.0308962039967,1)
[1380]: (168.0173244346475,1)
[1381]: (162.3147000535831,1)
[1382]: (162.9807598295102,1)
[1383]: (166.0816416928201,1)
[1384]: (160.0314207079556,1)
[1385]: (159.0601147162155,1)
[1386]: (168.1809400773705,1)
[1387]: (161.4024529028196,1)
[1388]: (170.6670090548797,1)
[1389]: (161.4110852525242,1)
[1390]: (164.3469412819457,1)
[1391]: (169.0467414294775,1)
[1392]: (169.9107273900988,1)
[1393]: (172.3584971896284,1)
[1394]: (167.5837302242937,1)
[1395]: (169.6987884604805,1)
[1396]: (172.0227184488529,1)
[1397]: (170.5657637929915,1)
[1398]: (156.6166074596659,1)
[1399]: (163.1559845491475,1)
[1400]: (166.0120946794624,1)
[1401]: (166.0227540687994,1)
[1402]: (164.0745377122005,1)
[1403]: (164.5624176567311,1)
[1404]: (164.7737290265102,1)
[1405]: (170.0357107065822,1)
[1406]: (168.1581238541944,1)
[1407]: (167.2148041438333,1)
[1408]: (173.2167238873097,1)
[1409]: (160.2985280225057,1)
[1410]: (169.2391051382686,1)
[1411]: (157.920150292137,1)
[1412]: (167.6950901990644,1)
[1413]: (166.2285499080271,1)
[1414]: (174.5198175962417,1)
[1415]: (161.1644599467077,1)
[1416]: (162.399623453408,1)
[1417]: (164.2339051524121,1)
[1418]: (160.0936099841691,1)
[1419]: (162.0480257201946,1)
[1420]: (165.3773875137327,1)
[1421]: (166.028235696919,1)
[1422]: (176.7112578154324,1)
[1423]: (174.0583018768885,1)
[1424]: (173.2682707249125,1)
[1425]: (168.5229057465741,1)
[1426]: (168.1161586824807,1)
[1427]: (165.6891217387519,1)
[1428]: (159.2433525326554,1)
[1429]: (160.0046565678687,1)
[1430]: (165.2026237637259,1)
[1431]:
[1432]: (163.2493202609207,1)
[1433]: (165.148169578695,1)
[1434]: (174.3728862598924,1)
[1435]: (168.150723339492,1)
[1436]: (160.2011797514739,1)
[1437]: (168.8820597459603,1)
[1438]: (167.0159182592884,1)
[1439]: (168.1377423050724,1)
[1440]: (166.6053180350777,1)
[1441]:
[1442]: (165.3332730425023,1)
[1443]: (161.019112127466,1)
[1444]: (165.2096090196297,1)
[1445]: (168.086622079424,1)
[1446]: (165.7604325391283,1)
[1447]: (167.4438313772623,1)
[1448]: (167.9532707114971,1)
[1449]: (175.1798045954039,1)
[1450]: (161.1018770398905,1)
[1451]: (163.1176870069404,1)
[1452]: (160.914333840244,1)
[1453]: (165.093844277039,1)
[1454]: (159.7366897078887,1)
[1455]: (162.9701927529946,1)
[1456]: (159.5072187733083,1)
[1457]: (167.1373579793259,1)
[1458]: (176.2352781991464,1)
[1459]: (164.101780525138,1)
[1460]: (160.0404589867454,1)
[1461]: (162.4335810649332,1)
[1462]: (164.1072706600057,1)
[1463]: (160.3297285358416,1)
[1464]: (166.2995022031668,1)
[1465]: (162.2924538138304,1)
[1466]: (161.0963338022565,1)
[1467]: (157.6221893308739,1)
[1468]: (170.4209942047333,1)
[1469]: (169.0175889374702,1)
[1470]: (170.0615950124474,1)
[1471]: (175.0340539890135,1)
[1472]: (176.1648001844008,1)
[1473]: (162.4011561765842,1)
[1474]: (163.5923281357028,1)
[1475]: (164.1676704445964,1)
[1476]: (165.4063192432957,1)
[1477]: (162.4830752054156,1)
[1478]: (166.0290214598973,1)
[1479]: (159.6977798639418,1)
[1480]: (165.7023164637831,1)
[1481]: (166.0585836959393,1)
[1482]: (173.0158813677003,1)
[1483]: (166.1193466616792,1)
[1484]: (169.2550463747351,1)
[1485]: (167.5621577888184,1)
[1486]: (164.4355814270606,1)
[1487]: (172.8178417391291,1)
[1488]: (175.0266276962226,1)
[1489]: (161.1175189747816,1)
[1490]: (161.6453617948424,1)
[1491]: (167.3874940762453,1)
[1492]: (166.8145837432674,1)
[1493]: (169.2531959869937,1)
[1494]: (172.4403461288614,1)
[1495]: (165.2237781053601,1)
[1496]: (173.5203961115633,1)
[1497]: (164.1847767133792,1)
[1498]: (164.2367892122093,1)
[1499]: (159.3975341091535,1)
[1500]: (170.3176063796176,1)
[1501]: (162.256500548511,1)
[1502]: (176.0262574211976,1)
[1503]: (166.0937849760865,1)
[1504]: (161.0159704972132,1)
[1505]: (173.0032119357243,1)
[1506]: (170.0828007301759,1)
[1507]: (162.095005719942,1)
[1508]: (162.0013154572569,1)
[1509]:
[1510]: (164.2030072173029,1)
[1511]: (169.0068192654869,1)
[1512]: (157.1177854961948,1)
[1513]: (169.6490824026401,1)
[1514]: (163.5280507807157,1)
[1515]: (166.3661533568208,1)
[1516]: (165.4274930069539,1)
[1517]: (164.5781495414141,1)
[1518]: (158.5278567274809,1)
[1519]: (162.0574246620606,1)
[1520]: (169.0631248876477,1)
[1521]: (165.8032221646596,1)
[1522]: (163.0328561166345,1)
[1523]: (165.3134967522091,1)
[1524]: (164.1177892212977,1)
[1525]: (162.0244702427876,1)
[1526]: (173.4806290548214,1)
[1527]: (166.1458188134066,1)
[1528]: (161.8173868022394,1)
[1529]: (161.5656596831807,1)
[1530]: (171.8278344574277,1)
[1531]: (164.2105999504083,1)
[1532]: (162.1467443460633,1)
[1533]: (164.0138422288692,1)
[1534]: (173.4048600519736,1)
[1535]: (165.3048163686744,1)
[1536]: (167.1050309646112,1)
[1537]:
[1538]: (172.2095294477391,1)
[1539]: (160.2555686689719,1)
[1540]: (163.1853138204838,1)
[1541]: (165.1171806939655,1)
[1542]: (173.0761166500952,1)
[1543]: (162.3840600127481,1)
[1544]: (163.2741479257862,1)
[1545]: (163.1128450813451,1)
[1546]: (161.0149297125775,1)
[1547]: (165.1712548366263,1)
[1548]: (165.0425001662826,1)
[1549]: (172.0417921006314,1)
[1550]: (175.0909259359395,1)
[1551]: (171.1012682182643,1)
[1552]: (161.1458941583663,1)
[1553]: (162.7999608499939,1)
[1554]: (159.4484450259508,1)
[1555]: (157.5232501691431,1)
[1556]: (171.1133012411693,1)
[1557]: (160.0203275920492,1)
[1558]:
[1559]: (162.1306099397879,1)
[1560]: (169.1296348903364,1)
[1561]: (167.2904959481597,1)
[1562]:
[1563]: (171.4110165152812,1)
[1564]: (159.3748347198317,1)
[1565]: (163.1433365777557,1)
[1566]: (165.1019188449671,1)
[1567]: (174.4732178847963,1)
[1568]:
[1569]:
[1570]:
[1571]: (165.0229735167378,1)
[1572]: (166.2471875838245,1)
[1573]: (158.1076525938818,1)
[1574]: (160.3262574570392,1)
[1575]: (163.0326339422131,1)
[1576]: (163.3086173501796,1)
[1577]: (156.2928865313114,1)
[1578]: (159.2121126862599,1)
[1579]: (163.457967133378,1)
[1580]: (161.5460933855651,1)
[1581]: (160.6144218121464,1)
[1582]: (166.1124373473131,1)
[1583]: (170.1444832622182,1)
[1584]: (163.0886799213277,1)
[1585]: (176.1709221536623,1)
[1586]: (159.2500675982947,1)
[1587]: (176.1941912948833,1)
[1588]: (162.098225409416,1)
[1589]: (173.0838784574835,1)
[1590]: (167.0626582540179,1)
[1591]: (163.2307692423939,1)
[1592]: (161.3666431950786,1)
[1593]: (168.9864153158305,1)
[1594]: (162.472692286308,1)
[1595]: (170.1776027682905,1)
[1596]: (168.4351783622022,1)
[1597]: (174.1378900942394,1)
[1598]: (168.1941291250986,1)
[1599]: (163.9197332079545,1)
[1600]: (170.1788569751064,1)
[1601]: (168.117221717457,1)
[1602]: (163.1141823834203,1)
[1603]: (162.2031007353845,1)
[1604]: (167.5930536725316,1)
[1605]: (161.2976605625607,1)
[1606]: (174.0570247840934,1)
[1607]: (172.2598686865768,1)
[1608]: (170.2785758037558,1)
[1609]: (164.0362701316666,1)
[1610]: (173.4097902610494,1)
[1611]: (157.0386379248963,1)
[1612]: (162.5115028909802,1)
[1613]: (164.0648749532312,1)
[1614]: (159.0182164185572,1)
[1615]: (161.0145127841613,1)
[1616]: (163.0593274522669,1)
[1617]: (164.0859755054134,1)
[1618]: (168.0989595415517,1)
[1619]: (173.1280614484366,1)
[1620]: (157.4065681197364,1)
[1621]: (173.7367804614748,1)
[1622]: (163.1702419934286,1)
[1623]: (158.0780811987876,1)
[1624]: (171.1287264151966,1)
[1625]: (159.021022936026,1)
[1626]: (164.723301561196,1)
[1627]: (165.0050693393402,1)
[1628]: (174.6391814798373,1)
[1629]: (163.5171479381166,1)
[1630]: (165.1128396985474,1)
[1631]: (167.1477427856067,1)
[1632]: (169.13054814924,1)
[1633]: (164.1102956714678,1)
[1634]: (165.0548951141261,1)
[1635]: (162.1245158790132,1)
[1636]: (173.055397797719,1)
[1637]: (170.0894054137037,1)
[1638]: (158.7527182364749,1)
[1639]: (160.1492098325336,1)
[1640]: (164.2147840380915,1)
[1641]: (170.2382386726122,1)
[1642]: (161.1336044954702,1)
[1643]: (163.0011578861261,1)
[1644]: (169.2273598966903,1)
[1645]: (170.2324013341597,1)
[1646]: (166.0399208438053,1)
[1647]: (164.0283007160562,1)
[1648]: (159.0631098919126,1)
[1649]: (165.2372029890515,1)
[1650]: (165.5753480325966,1)
[1651]: (166.1336438016159,1)
[1652]: (166.0932893867688,1)
[1653]: (166.7767511256757,1)
[1654]: (171.1919647959048,1)
[1655]: (163.1616933880298,1)
[1656]: (169.0715964585956,1)
[1657]: (162.0204559131632,1)
[1658]: (165.1719912203906,1)
[1659]: (159.2072128456585,1)
[1660]: (159.2954267311165,1)
[1661]: (168.107515803066,1)
[1662]: (174.8633599982967,1)
[1663]: (163.2496943312463,1)
[1664]: (166.0413785622493,1)
[1665]: (166.6491219616916,1)
[1666]: (174.339818194481,1)
[1667]: (169.351759793474,1)
[1668]: (166.055232263236,1)
[1669]: (167.3353010485396,1)
[1670]: (155.0404581655336,1)
[1671]: (170.393246891078,1)
[1672]:
[1673]: (173.4034430371197,1)
[1674]: (164.0854349781143,1)
[1675]: (174.0106514003174,1)
[1676]: (170.6350693523645,1)
[1677]: (166.4061413158703,1)
[1678]: (162.0488267859332,1)
[1679]:
[1680]: (163.234242221741,1)
[1681]:
[1682]: (167.0475998306585,1)
[1683]: (172.0438231455042,1)
[1684]: (169.2322620591971,1)
[1685]: (161.2425899605904,1)
[1686]: (173.728841273329,1)
[1687]: (160.010111467784,1)
[1688]: (167.0276908280003,1)
[1689]: (176.4013481098035,1)
[1690]: (167.4922014999098,1)
[1691]: (157.2462234178174,1)
[1692]: (164.1200076177407,1)
[1693]: (167.0158866231244,1)
[1694]: (171.1441243255959,1)
[1695]: (170.1622240874416,1)
[1696]: (168.5296186801233,1)
[1697]: (164.0008558020154,1)
[1698]:
[1699]: (162.336472968877,1)
[1700]: (165.7932397768266,1)
[1701]: (164.0222054285276,1)
[1702]: (164.4998697707325,1)
[1703]: (163.0947064174399,1)
[1704]: (173.1885717348118,1)
[1705]: (159.6258972204746,1)
[1706]: (165.0702440273666,1)
[1707]: (159.8422657127856,1)
[1708]: (163.4924224417059,1)
[1709]: (162.3639000702821,1)
[1710]: (163.0125466294662,1)
[1711]: (168.9102946677208,1)
[1712]: (162.0276172649431,1)
[1713]: (167.0553290233099,1)
[1714]:
[1715]: (163.1076760885925,1)
[1716]: (170.5354412658919,1)
[1717]: (168.430803006041,1)
[1718]: (167.4423120105885,1)
[1719]:
[1720]: (165.0174561871228,1)
[1721]: (162.0012428364404,1)
[1722]: (160.2080013201228,1)
[1723]: (163.1767057465625,1)
[1724]: (161.1387201356306,1)
[1725]: (170.1098409662028,1)
[1726]: (163.0562706489655,1)
[1727]: (176.2847437913506,1)
[1728]: (163.2474887439978,1)
[1729]: (163.9072445457292,1)
[1730]: (161.0414594597283,1)
[1731]: (160.2886901205881,1)
[1732]: (174.0182294383141,1)
[1733]: (161.8906166732581,1)
[1734]: (163.1489140687768,1)
[1735]: (170.3904320192754,1)
[1736]: (159.2643514405558,1)
[1737]: (163.7927875602117,1)
[1738]: (166.7659424865294,1)
[1739]: (167.6178237511365,1)
[1740]: (161.0813451885127,1)
[1741]: (168.1733672243425,1)
[1742]: (168.1120313270907,1)
[1743]: (169.3507947745503,1)
[1744]: (168.3932096785454,1)
[1745]: (171.6983462607052,1)
[1746]: (170.4169714210801,1)
[1747]: (161.5749802679459,1)
[1748]: (161.2145411147404,1)
[1749]: (165.4279243495679,1)
[1750]: (172.4055387918004,1)
[1751]: (174.2434259456158,1)
[1752]: (158.1619746213342,1)
[1753]: (164.3336916947011,1)
[1754]: (169.0463392124639,1)
[1755]: (166.185977305633,1)
[1756]: (160.5626360475855,1)
[1757]: (163.3590720145571,1)
[1758]: (162.1171806209879,1)
[1759]: (163.1241561497512,1)
[1760]: (158.1878358449789,1)
[1761]: (160.1337188104129,1)
[1762]: (161.2410054170802,1)
[1763]: (165.3572697582512,1)
[1764]: (169.2010053558589,1)
[1765]: (169.2407304642124,1)
[1766]: (169.753726285585,1)
[1767]: (169.3831755879167,1)
[1768]: (163.279291741796,1)
[1769]: (160.37941621077,1)
[1770]: (172.2029138758439,1)
[1771]: (164.2255690747807,1)
[1772]: (164.1081669464806,1)
[1773]: (163.0246788153078,1)
[1774]: (172.0837792339047,1)
[1775]: (165.7643853676655,1)
[1776]: (163.0229766040355,1)
[1777]: (162.0897975705566,1)
[1778]: (166.1394529757415,1)
[1779]: (168.068960385256,1)
[1780]: (165.2498003747878,1)
[1781]: (162.0339391000845,1)
[1782]: (165.1738675726195,1)
[1783]: (169.0768093807578,1)
[1784]: (168.2519113152214,1)
[1785]: (161.0272972927046,1)
[1786]: (171.0036915418917,1)
[1787]: (168.5647455972021,1)
[1788]: (162.89664891856,1)
[1789]: (170.068050508389,1)
[1790]: (164.2380013042442,1)
[1791]: (168.0264679948069,1)
[1792]: (174.2924061175649,1)
[1793]: (161.0643000431658,1)
[1794]: (164.111560584652,1)
[1795]: (161.013122825752,1)
[1796]: (164.0230245824436,1)
[1797]: (166.1877712743884,1)
[1798]: (157.1796728695108,1)
[1799]: (160.1579587145098,1)
[1800]: (168.2762576147655,1)
[1801]: (166.8973368252401,1)
[1802]: (166.1474381248109,1)
[1803]: (167.3642582769381,1)
[1804]: (158.1779223018484,1)
[1805]: (159.0858790210173,1)
[1806]: (170.123452270643,1)
[1807]: (162.1375906517217,1)
[1808]: (168.8857883595319,1)
[1809]: (173.759514899108,1)
[1810]: (168.8523008742443,1)
[1811]: (169.1810440594163,1)
[1812]: (163.2225804170368,1)
[1813]: (168.1168134025806,1)
[1814]: (167.3062702068927,1)
[1815]: (166.0071270571612,1)
[1816]: (168.292759602383,1)
[1817]: (170.1011286981014,1)
[1818]: (165.1520605485612,1)
[1819]: (166.3745224351797,1)
[1820]: (159.222653029569,1)
[1821]: (168.1913068291214,1)
[1822]: (168.6428310958044,1)
[1823]: (157.7917981929186,1)
[1824]: (160.9277919587554,1)
[1825]: (160.0773868154827,1)
[1826]: (153.5539841210507,1)
[1827]: (176.1828766000609,1)
[1828]: (164.0060635816021,1)
[1829]: (165.021479220892,1)
[1830]: (174.1429846080629,1)
[1831]: (174.1626723466483,1)
[1832]: (162.0917360782734,1)
[1833]:
[1834]: (164.5160758381792,1)
[1835]: (172.4111111315444,1)
[1836]: (169.176105284792,1)
[1837]: (162.0000720384704,1)
[1838]: (162.1940544467334,1)
[1839]: (176.0464975797072,1)
[1840]: (172.528862796011,1)
[1841]: (166.1651975204055,1)
[1842]: (162.9917998114686,1)
[1843]: (162.3581605034611,1)
[1844]: (167.0996872277716,1)
[1845]: (164.183334858913,1)
[1846]: (164.306357850431,1)
[1847]: (162.0917358224491,1)
[1848]: (172.0672774576442,1)
[1849]: (165.0211441451372,1)
[1850]: (157.2831242428327,1)
[1851]: (167.2386037278954,1)
[1852]: (162.8870071630766,1)
[1853]: (166.2920667704292,1)
[1854]: (171.0135787479502,1)
[1855]: (170.302037062423,1)
[1856]: (166.3730894501953,1)
[1857]: (167.3521811794794,1)
[1858]: (168.1266941914251,1)
[1859]: (160.185456786472,1)
[1860]: (160.5374350576891,1)
[1861]: (166.0534233797078,1)
[1862]: (165.2811400706546,1)
[1863]: (168.2873230219498,1)
[1864]:
[1865]: (157.3725562931781,1)
[1866]: (166.8467442985475,1)
[1867]: (170.454477658198,1)
[1868]: (171.370802241739,1)
[1869]: (162.3719118284093,1)
[1870]: (172.3671197813553,1)
[1871]: (172.6111783835765,1)
[1872]: (164.0460715764676,1)
[1873]: (160.8416041362855,1)
[1874]:
[1875]: (160.5358659764213,1)
[1876]:
[1877]: (169.3288990322539,1)
[1878]: (158.0475468229548,1)
[1879]: (170.21909075993,1)
[1880]: (168.0152499898678,1)
[1881]: (166.0554169812294,1)
[1882]: (168.9534961854487,1)
[1883]:
[1884]: (162.1958632261186,1)
[1885]: (167.0292164604387,1)
[1886]: (166.1157737597696,1)
[1887]: (164.1976077992585,1)
[1888]: (172.4618501670214,1)
[1889]: (167.0685794850023,1)
[1890]: (165.0305626636915,1)
[1891]: (168.390465980279,1)
[1892]: (165.6261627057577,1)
[1893]: (167.0131500637053,1)
[1894]:
[1895]:
[1896]: (167.5146525701381,1)
[1897]: (164.1556593060333,1)
[1898]: (163.2159019111624,1)
[1899]: (162.3778094832768,1)
[1900]: (161.8839529503497,1)
[1901]: (163.3976714260468,1)
[1902]: (174.6678290081168,1)
[1903]: (163.4769234403008,1)
[1904]: (163.6807557881135,1)
[1905]: (163.2527283775441,1)
[1906]: (165.9851891698309,1)
[1907]: (164.7684401657023,1)
[1908]: (158.7078341236352,1)
[1909]: (165.0190130259712,1)
[1910]: (168.2487367042283,1)
[1911]: (171.1552207976979,1)
[1912]: (169.1542265433266,1)
[1913]: (166.5252750098753,1)
[1914]: (165.7347631839983,1)
[1915]: (163.012503535833,1)
[1916]: (164.2047433136104,1)
[1917]: (160.9451603449675,1)
[1918]: (162.1255284299899,1)
[1919]: (173.6610386370505,1)
[1920]: (160.1808615970891,1)
[1921]: (165.0785565812148,1)
[1922]: (161.8506932911122,1)
[1923]: (170.4883933223736,1)
[1924]: (160.0716026397566,1)
[1925]: (174.1334587277233,1)
[1926]: (155.26939869804,1)
[1927]: (165.1630171851221,1)
[1928]: (171.3094090109219,1)
[1929]: (165.3211854443178,1)
[1930]: (161.239781354948,1)
[1931]: (166.0384588274347,1)
[1932]: (173.5773921299159,1)
[1933]:
[1934]: (167.0199547737083,1)
[1935]: (158.4735340761751,1)
[1936]: (162.3680449894943,1)
[1937]: (154.2199772517415,1)
[1938]: (162.1993141593782,1)
[1939]: (167.6136332615258,1)
[1940]: (161.1159042696941,1)
[1941]: (170.1254541655564,1)
[1942]:
[1943]: (166.1284207667584,1)
[1944]: (170.3214312752008,1)
[1945]: (167.5232549672782,1)
[1946]: (165.4958280137126,1)
[1947]: (159.6425803155568,1)
[1948]: (163.2939308832834,1)
[1949]: (172.4708364788127,1)
[1950]: (163.1408374739215,1)
[1951]: (160.3957872243035,1)
[1952]: (163.2085352482415,1)
[1953]: (173.0607464931031,1)
[1954]: (161.4308933715463,1)
[1955]: (163.2452846253338,1)
[1956]: (173.7106329083186,1)
[1957]: (162.8393082703773,1)
[1958]: (164.007610083074,1)
[1959]: (165.2013563438668,1)
[1960]: (162.2023682201542,1)
[1961]: (160.3642705723128,1)
[1962]: (157.2138773664669,1)
[1963]: (163.2613743180645,1)
[1964]: (171.5511297858785,1)
[1965]: (163.1512270795556,1)
[1966]: (166.2096238089076,1)
[1967]: (170.0209127476137,1)
[1968]: (166.506945036529,1)
[1969]:
[1970]: (164.1016394731225,1)
[1971]: (166.135235482235,1)
[1972]: (165.4274261577459,1)
[1973]: (161.101381547731,1)
[1974]: (165.0994976070168,1)
[1975]: (167.6230247111439,1)
[1976]: (166.1818358066671,1)
[1977]: (162.4162653158718,1)
[1978]: (156.1462088722693,1)
[1979]: (157.742721511087,1)
[1980]: (159.538960549781,1)
[1981]: (161.2970030266691,1)
[1982]: (160.1494498620217,1)
[1983]: (161.081647266151,1)
[1984]: (174.2619218761304,1)
[1985]:
[1986]: (163.1150893803405,1)
[1987]: (174.7983981177279,1)
[1988]: (159.0477395254782,1)
[1989]: (161.3916154257725,1)
[1990]: (169.4425419479323,1)
[1991]: (170.0720274518629,1)
[1992]: (162.3269529690565,1)
[1993]: (161.4555472380385,1)
[1994]: (166.279013618634,1)
[1995]: (170.0021599789767,1)
[1996]: (172.1220382651795,1)
[1997]: (168.0846945014042,1)
[1998]: (175.3940665121755,1)
[1999]: (169.050673087949,1)
 -- States explored : 0 states
 -- CPU user time used : 312260 ms
 -- Virtual memory used : 34052724 KiB
 -- Resident memory used : 34014152 KiB
executionTime: 2487
