core file size          (blocks, -c) unlimited
data seg size           (kbytes, -d) unlimited
scheduling priority             (-e) 0
file size               (blocks, -f) unlimited
pending signals                 (-i) 4077086
max locked memory       (kbytes, -l) 64
max memory size         (kbytes, -m) 99614720
open files                      (-n) 4096
pipe size            (512 bytes, -p) 8
POSIX message queues     (bytes, -q) 819200
real-time priority              (-r) 0
stack size              (kbytes, -s) 8192
cpu time               (seconds, -t) unlimited
max user processes              (-u) 4077086
virtual memory          (kbytes, -v) 95000000
file locks                      (-x) unlimited
Options for the verification:
  Generating some trace
  Search order is random depth first
  Using conservative space optimisation
  Seed is 1556785682
  State space representation uses minimal constraint systems
  Using HashMap + Compress integers for discrete state storage

Verifying formula 1 at ../queries/SP_300_17_16.q:1
 -- Formula is satisfied.
(9000 runs)
Learning statistics for best strategy: 
	Number of resets: 1
	Number of iterations in last reset: 8
	Number of iterations in total: 30

 -- States explored : 0 states
 -- CPU user time used : 12295610 ms
 -- Virtual memory used : 63126764 KiB
 -- Resident memory used : 63086048 KiB

Verifying formula 2 at ../queries/SP_300_17_16.q:3
 -- Formula is satisfied.
Composer.Done:
[0]: (0,0) (1106.009203732532,1)
[1]: (1106.156636675476,1)
[2]: (1106.128597260904,1)
[3]: (1106.321329944876,1)
[4]: (1106.217088739537,1)
[5]: (1106.2825885085,1)
[6]: (1106.105274916909,1)
[7]: (1106.506732425706,1)
[8]: (1106.056539173202,1)
[9]: (1106.060844000935,1)
[10]: (1106.181144767534,1)
[11]: (1106.133260608418,1)
[12]: (1106.05769883531,1)
[13]: (1106.150833632036,1)
[14]: (1106.464762891357,1)
[15]: (1106.116590935289,1)
[16]: (1106.479670931031,1)
[17]: (1106.197141821473,1)
[18]: (1106.120623046977,1)
[19]: (1106.308033380219,1)
[20]: (1106.163716711012,1)
[21]: (1106.556437372338,1)
[22]: (1107.272573286611,1)
[23]: (1106.043534330821,1)
[24]: (1106.866110756569,1)
[25]: (1106.110468440853,1)
[26]: (1106.101855368878,1)
[27]: (1106.081955641581,1)
[28]: (1106.018821273193,1)
[29]: (1106.006903164063,1)
[30]: (1106.445642448426,1)
[31]: (1106.024207169935,1)
[32]: (1106.158168220559,1)
[33]: (1106.353374625023,1)
[34]: (1106.050209586528,1)
[35]: (1106.011817955494,1)
[36]: (1106.017474303725,1)
[37]: (1106.143204790118,1)
[38]: (1106.259709989258,1)
[39]: (1106.301085673684,1)
[40]: (1106.090872971754,1)
[41]: (1106.976245846523,1)
[42]: (1106.414784519084,1)
[43]: (1106.099173672466,1)
[44]: (1106.179489891536,1)
[45]: (1106.444251335799,1)
[46]: (1106.22933357584,1)
[47]: (1106.420680856246,1)
[48]: (1106.107034363948,1)
[49]: (1106.063609834316,1)
[50]: (1106.34582073382,1)
[51]: (1106.429528060497,1)
[52]: (1106.110525023449,1)
[53]: (1106.008600715242,1)
[54]: (1106.728861166692,1)
[55]: (1106.002303997935,1)
[56]: (1106.294763001848,1)
[57]: (1106.426384849965,1)
[58]: (1106.232834268958,1)
[59]: (1106.089571395008,1)
[60]: (1106.042530154961,1)
[61]: (1106.979038542902,1)
[62]: (1106.115565320466,1)
[63]: (1107.96250440443,1)
[64]: (1106.490345872601,1)
[65]: (1106.206560481197,1)
[66]: (1106.077415490624,1)
[67]: (1107.071818607814,1)
[68]: (1106.161021436222,1)
[69]: (1106.078039561692,1)
[70]: (1107.004406931286,1)
[71]: (1106.182784453717,1)
[72]: (1106.590335901878,1)
[73]: (1106.216667307011,1)
[74]: (1106.157159915257,1)
[75]: (1107.271845911219,1)
[76]: (1106.067350172748,1)
[77]: (1106.428247307103,1)
[78]: (1106.306776847299,1)
[79]: (1106.124027683338,1)
[80]: (1107.37958181667,1)
[81]: (1106.254846627614,1)
[82]: (1106.246301003685,1)
[83]: (1106.379972966987,1)
[84]: (1106.365662006775,1)
[85]: (1106.163794682367,1)
[86]: (1106.047702408509,1)
[87]: (1106.206880630458,1)
[88]: (1106.391378548101,1)
[89]: (1106.189930883177,1)
[90]: (1106.8320164006,1)
[91]: (1107.415077826959,1)
[92]: (1106.100431730011,1)
[93]: (1106.253320262865,1)
[94]: (1106.071472177159,1)
[95]: (1106.063989968023,1)
[96]: (1106.210232442794,1)
[97]: (1106.087179448599,1)
[98]: (1106.00173481252,1)
[99]: (1106.220652575033,1)
[100]: (1106.338957248914,1)
[101]: (1106.445304788261,1)
[102]: (1106.975556531868,1)
[103]: (1107.437502643933,1)
[104]: (1107.046349448076,1)
[105]: (1106.048889009269,1)
[106]: (1106.430024312938,1)
[107]: (1106.044773992542,1)
[108]: (1106.027607779499,1)
[109]: (1106.122454833727,1)
[110]: (1106.16962032814,1)
[111]: (1106.0470242097,1)
[112]: (1106.049607935546,1)
[113]: (1106.595879705847,1)
[114]: (1106.316058130675,1)
[115]: (1106.579627020043,1)
[116]: (1106.048969199578,1)
[117]: (1106.103666407436,1)
[118]: (1106.461681286095,1)
[119]: (1106.414907923825,1)
[120]: (1107.103078562804,1)
[121]: (1106.00386509531,1)
[122]: (1106.195474689425,1)
[123]: (1106.280654191972,1)
[124]: (1106.713239230587,1)
[125]: (1106.11729823787,1)
[126]: (1106.151785466597,1)
[127]: (1106.819056752999,1)
[128]: (1106.075184204814,1)
[129]: (1106.077984574105,1)
[130]: (1106.381063723514,1)
[131]: (1106.386312150123,1)
[132]: (1106.054674399388,1)
[133]: (1106.229611993799,1)
[134]: (1106.137192134268,1)
[135]: (1106.063131548063,1)
[136]: (1106.009187300567,1)
[137]: (1106.84204056515,1)
[138]: (1106.290598478949,1)
[139]: (1106.218519427828,1)
[140]: (1106.05645476477,1)
[141]: (1106.01207839849,1)
[142]: (1106.40404284661,1)
[143]: (1106.402093860895,1)
[144]: (1106.033480570514,1)
[145]: (1106.478096553828,1)
[146]: (1106.307365774995,1)
[147]: (1106.044830188727,1)
[148]: (1106.300141694918,1)
[149]: (1106.461851110821,1)
[150]: (1106.075099966709,1)
[151]: (1106.816577285748,1)
[152]: (1106.175417372975,1)
[153]: (1106.264778020796,1)
[154]: (1106.673498291325,1)
[155]: (1106.460181343277,1)
[156]: (1106.316002136645,1)
[157]: (1106.077949448847,1)
[158]: (1106.246375181897,1)
[159]: (1106.028439821264,1)
[160]: (1106.355981768143,1)
[161]: (1106.414799680628,1)
[162]: (1106.078146207059,1)
[163]: (1106.626256088565,1)
[164]: (1106.101596787775,1)
[165]: (1106.881407682599,1)
[166]: (1106.225138098485,1)
[167]: (1106.139345520408,1)
[168]: (1106.375859376282,1)
[169]: (1106.002348859822,1)
[170]: (1106.686036931232,1)
[171]: (1106.131063484002,1)
[172]: (1106.133888639433,1)
[173]: (1106.342505801479,1)
[174]: (1106.28748648233,1)
[175]: (1106.462732396958,1)
[176]: (1106.470212510141,1)
[177]: (1106.024890596108,1)
[178]: (1106.083922722037,1)
[179]: (1106.012283466964,1)
[180]: (1106.533120697707,1)
[181]: (1106.407382718298,1)
[182]: (1106.640752989714,1)
[183]: (1106.160402645548,1)
[184]: (1107.193048998273,1)
[185]: (1106.281414547535,1)
[186]: (1106.506104415645,1)
[187]: (1106.704528570807,1)
[188]: (1106.09419972343,1)
[189]: (1106.57328903183,1)
[190]: (1106.36631241225,1)
[191]: (1106.022638800276,1)
[192]: (1106.040263218642,1)
[193]: (1106.01902640609,1)
[194]: (1106.265434997734,1)
[195]: (1106.300853894617,1)
[196]: (1106.010104731302,1)
[197]: (1106.076591830092,1)
[198]: (1106.109265266592,1)
[199]: (1106.069970844343,1)
[200]: (1106.08619436985,1)
[201]: (1106.542212902151,1)
[202]: (1106.4056557998,1)
[203]: (1106.023585679093,1)
[204]: (1106.030035919194,1)
[205]: (1106.166461324996,1)
[206]: (1106.234093084092,1)
[207]: (1106.123355600463,1)
[208]: (1106.220834288923,1)
[209]: (1106.317013876854,1)
[210]: (1106.385177064088,1)
[211]: (1106.25240108732,1)
[212]: (1106.080040340946,1)
[213]: (1106.27683452675,1)
[214]: (1106.070022610716,1)
[215]: (1106.054170567149,1)
[216]: (1106.496123355421,1)
[217]: (1106.208245269886,1)
[218]: (1106.166797401636,1)
[219]: (1106.568327726529,1)
[220]: (1106.550464750332,1)
[221]: (1106.090207597785,1)
[222]: (1106.916196448399,1)
[223]: (1107.109992170801,1)
[224]: (1106.060670744699,1)
[225]: (1107.075230119845,1)
[226]: (1106.019643899722,1)
[227]: (1106.039780147608,1)
[228]: (1106.515406198635,1)
[229]: (1106.435345706229,1)
[230]: (1106.11452804862,1)
[231]: (1106.194604297337,1)
[232]: (1108.018090259986,1)
[233]: (1106.273041883597,1)
[234]: (1106.375974947327,1)
[235]: (1106.116395668323,1)
[236]: (1106.445045961288,1)
[237]: (1106.755839344941,1)
[238]: (1106.007195986082,1)
[239]: (1106.144894062817,1)
[240]: (1106.638951560802,1)
[241]: (1106.410414467588,1)
[242]: (1106.257395432503,1)
[243]: (1106.01524913695,1)
[244]: (1106.160197260529,1)
[245]: (1106.032647174311,1)
[246]: (1106.429748016615,1)
[247]: (1106.673909112342,1)
[248]: (1106.284393344981,1)
[249]: (1106.13172320639,1)
[250]: (1106.16560799442,1)
[251]: (1106.003152652131,1)
[252]: (1106.401152847553,1)
[253]: (1106.146374799229,1)
[254]: (1106.238987370128,1)
[255]: (1106.20608956376,1)
[256]: (1106.08816295768,1)
[257]: (1106.045399141284,1)
[258]: (1106.123267214246,1)
[259]: (1106.135388343612,1)
[260]: (1106.2142830884,1)
[261]: (1106.274014829995,1)
[262]: (1106.86877157344,1)
[263]: (1106.133342094586,1)
[264]: (1106.014593746086,1)
[265]: (1106.009765347366,1)
[266]: (1106.345290073636,1)
[267]: (1106.583535237292,1)
[268]: (1106.784579452651,1)
[269]: (1106.061150407671,1)
[270]: (1106.039685163873,1)
[271]: (1106.101121383567,1)
[272]: (1106.320372683655,1)
[273]: (1106.043471423775,1)
[274]: (1106.044583608315,1)
[275]: (1106.323279344486,1)
[276]: (1106.126205602186,1)
[277]: (1106.452571084013,1)
[278]: (1106.249694712753,1)
[279]: (1106.037301868472,1)
[280]: (1106.00310319129,1)
[281]: (1106.08235624633,1)
[282]: (1106.279448763405,1)
[283]: (1106.26097296795,1)
[284]: (1106.332535693581,1)
[285]: (1106.469586045661,1)
[286]: (1106.107737549183,1)
[287]: (1106.540270822643,1)
[288]: (1106.021135661851,1)
[289]: (1106.128869993922,1)
[290]: (1106.036392373869,1)
[291]: (1106.108178527577,1)
[292]: (1106.200410398022,1)
[293]: (1106.359893125244,1)
[294]: (1106.263754130312,1)
[295]: (1106.181012587058,1)
[296]: (1106.05635098737,1)
[297]: (1107.055633589802,1)
[298]: (1106.408657005226,1)
[299]: (1106.601146593247,1)
[300]: (1106.109243186391,1)
[301]: (1106.424082667046,1)
[302]: (1106.808454727952,1)
[303]: (1106.02548182357,1)
[304]: (1106.573008963996,1)
[305]: (1106.174804344487,1)
[306]: (1106.291138530608,1)
[307]: (1106.026682171334,1)
[308]: (1106.464021986106,1)
[309]: (1106.518701867482,1)
[310]: (1106.181971343741,1)
[311]: (1106.116493213622,1)
[312]: (1106.021518340761,1)
[313]: (1107.725731971241,1)
[314]: (1106.299184185708,1)
[315]: (1106.500205322573,1)
[316]: (1106.118029226679,1)
[317]: (1106.030519592155,1)
[318]: (1106.068936345081,1)
[319]: (1106.460183673025,1)
[320]: (1106.219602926251,1)
[321]: (1106.187310760652,1)
[322]: (1106.665549787857,1)
[323]: (1106.680455792113,1)
[324]: (1106.225750061117,1)
[325]: (1106.25557437689,1)
[326]: (1106.272946832599,1)
[327]: (1106.273993888844,1)
[328]: (1106.160649996761,1)
[329]: (1106.015986089419,1)
[330]: (1106.006243674655,1)
[331]: (1106.119247075279,1)
[332]: (1106.072450657176,1)
[333]: (1106.288253794723,1)
[334]: (1106.225444380781,1)
[335]: (1106.342448432845,1)
[336]: (1106.806664758252,1)
[337]: (1106.065104338328,1)
[338]: (1106.001712491159,1)
[339]: (1106.340782224535,1)
[340]: (1106.111172170408,1)
[341]: (1106.072137505391,1)
[342]: (1106.390558400551,1)
[343]: (1106.662776356891,1)
[344]: (1106.396698408444,1)
[345]: (1107.009974065814,1)
[346]: (1106.326431848816,1)
[347]: (1106.116422742379,1)
[348]: (1106.08239146807,1)
[349]: (1106.105461395417,1)
[350]: (1107.028791852645,1)
[351]: (1106.229382698927,1)
[352]: (1106.094274487476,1)
[353]: (1106.029687334518,1)
[354]: (1106.064577054575,1)
[355]: (1106.217745825441,1)
[356]: (1106.232620096792,1)
[357]: (1106.205151891166,1)
[358]: (1106.432305898946,1)
[359]: (1106.248871497516,1)
[360]: (1106.019102625524,1)
[361]: (1106.196677841893,1)
[362]: (1106.084553128503,1)
[363]: (1107.517740333914,1)
[364]: (1106.018302868086,1)
[365]: (1106.1599911111,1)
[366]: (1106.239549668996,1)
[367]: (1106.164127676051,1)
[368]: (1106.238920570217,1)
[369]: (1106.203712881167,1)
[370]: (1106.153121434514,1)
[371]: (1106.067294044881,1)
[372]: (1106.118446640679,1)
[373]: (1106.383713058027,1)
[374]: (1106.27967249712,1)
[375]: (1106.123738432217,1)
[376]: (1106.676825604099,1)
[377]: (1106.240288856272,1)
[378]: (1106.818783320186,1)
[379]: (1106.285427296992,1)
[380]: (1106.180772922827,1)
[381]: (1106.045387217087,1)
[382]: (1106.475386213572,1)
[383]: (1106.013497894653,1)
[384]: (1106.864078836812,1)
[385]: (1106.080059073862,1)
[386]: (1106.01086567932,1)
[387]: (1106.181172310653,1)
[388]: (1106.186780920502,1)
[389]: (1106.371402792353,1)
[390]: (1106.057698249744,1)
[391]: (1106.134277344377,1)
[392]: (1106.114615518546,1)
[393]: (1106.061011124237,1)
[394]: (1106.353783154308,1)
[395]: (1106.196915523742,1)
[396]: (1106.670097557458,1)
[397]: (1106.226482338385,1)
[398]: (1106.318513165987,1)
[399]: (1106.607314556295,1)
[400]: (1106.332164549648,1)
[401]: (1106.343983893431,1)
[402]: (1106.025375519461,1)
[403]: (1106.181189447205,1)
[404]: (1106.140183245843,1)
[405]: (1106.009482173495,1)
[406]: (1106.162027828345,1)
[407]: (1106.302348393204,1)
[408]: (1106.538088574377,1)
[409]: (1106.614392488648,1)
[410]: (1106.388355696376,1)
[411]: (1106.104084158913,1)
[412]: (1106.22046251916,1)
[413]: (1106.044430365259,1)
[414]: (1106.32834348495,1)
[415]: (1106.2406538151,1)
[416]: (1106.243392837794,1)
[417]: (1106.641309863469,1)
[418]: (1106.032630249669,1)
[419]: (1106.738615574027,1)
[420]: (1106.084237660438,1)
[421]: (1106.138957375103,1)
[422]: (1107.661665597574,1)
[423]: (1106.550490075027,1)
[424]: (1106.101752031265,1)
[425]: (1106.219927181553,1)
[426]: (1106.544125658791,1)
[427]: (1106.157557879492,1)
[428]: (1106.645039874379,1)
[429]: (1106.742683039203,1)
[430]: (1106.439577126736,1)
[431]: (1106.022392393941,1)
[432]: (1106.697944301941,1)
[433]: (1106.109328045834,1)
[434]: (1106.135813600077,1)
[435]: (1106.037487600498,1)
[436]: (1106.896929444476,1)
[437]: (1106.256818077563,1)
[438]: (1106.776634745086,1)
[439]: (1106.167453505499,1)
[440]: (1106.298569674125,1)
[441]: (1106.265965522224,1)
[442]: (1106.032098915583,1)
[443]: (1106.465387810588,1)
[444]: (1106.125833707993,1)
[445]: (1106.770469359314,1)
[446]: (1106.066080535707,1)
[447]: (1106.095557566457,1)
[448]: (1106.122102170034,1)
[449]: (1106.930242656712,1)
[450]: (1106.815159279515,1)
[451]: (1106.308371938687,1)
[452]: (1106.369263652694,1)
[453]: (1107.02044229953,1)
[454]: (1106.121771068641,1)
[455]: (1106.144282935203,1)
[456]: (1106.362095651006,1)
[457]: (1106.308095931068,1)
[458]: (1106.453001045192,1)
[459]: (1106.143003060252,1)
[460]: (1107.463951961349,1)
[461]: (1107.178524896288,1)
[462]: (1106.282837204721,1)
[463]: (1106.094425715674,1)
[464]: (1106.010908605589,1)
[465]: (1106.224847708766,1)
[466]: (1106.228974470741,1)
[467]: (1106.164414299373,1)
[468]: (1106.041660177981,1)
[469]: (1106.333325065506,1)
[470]: (1106.280679778124,1)
[471]: (1106.324021994932,1)
[472]: (1106.418731206901,1)
[473]: (1106.552237557386,1)
[474]: (1106.55545053142,1)
[475]: (1106.002624215835,1)
[476]: (1106.004996656703,1)
[477]: (1106.195230197577,1)
[478]: (1106.223765367479,1)
[479]: (1106.032069618542,1)
[480]: (1106.605347844503,1)
[481]: (1106.976607739516,1)
[482]: (1106.163507469364,1)
[483]: (1106.091259706827,1)
[484]: (1106.760969768256,1)
[485]: (1106.338308211326,1)
[486]: (1106.012967551042,1)
[487]: (1106.671852727951,1)
[488]: (1106.183915743136,1)
[489]: (1107.434447532749,1)
[490]: (1106.450791977785,1)
[491]: (1106.177746209882,1)
[492]: (1106.21357826715,1)
[493]: (1106.133861165442,1)
[494]: (1106.41769243357,1)
[495]: (1106.170241759277,1)
[496]: (1106.012012329177,1)
[497]: (1106.056560033068,1)
[498]: (1106.140944779936,1)
[499]: (1106.325775973514,1)
[500]: (1106.627662187824,1)
[501]: (1106.337001324014,1)
[502]: (1106.542836981717,1)
[503]: (1106.019656732997,1)
[504]: (1106.42480029055,1)
[505]: (1106.411824711175,1)
[506]: (1106.548917297236,1)
[507]: (1106.006572646465,1)
[508]: (1106.823188978594,1)
[509]: (1106.062287021671,1)
[510]: (1106.252644705581,1)
[511]: (1106.29915999855,1)
[512]: (1106.213419616982,1)
[513]: (1106.139978591512,1)
[514]: (1106.418562284435,1)
[515]: (1106.457486779264,1)
[516]: (1106.764722156231,1)
[517]: (1106.073037208932,1)
[518]: (1106.305001956663,1)
[519]: (1106.427879197313,1)
[520]: (1106.685247863705,1)
[521]: (1106.064217637514,1)
[522]: (1106.608382253071,1)
[523]: (1106.518216631014,1)
[524]: (1106.385465542992,1)
[525]: (1106.158770836498,1)
[526]: (1106.596282524886,1)
[527]: (1106.003049774445,1)
[528]: (1106.32390483919,1)
[529]: (1106.25405650189,1)
[530]: (1106.694693244121,1)
[531]: (1106.172772756574,1)
[532]: (1106.662189887713,1)
[533]: (1106.063106050626,1)
[534]: (1106.251596270723,1)
[535]: (1106.005964332488,1)
[536]: (1106.948884551706,1)
[537]: (1106.009241006614,1)
[538]: (1106.071280615929,1)
[539]: (1106.447131859139,1)
[540]: (1106.617829195253,1)
[541]: (1106.084766216388,1)
[542]: (1106.621359063687,1)
[543]: (1106.019299583713,1)
[544]: (1106.357312556074,1)
[545]: (1106.096946236089,1)
[546]: (1106.942445568079,1)
[547]: (1106.231916900804,1)
[548]: (1106.31573119948,1)
[549]: (1106.644906525198,1)
[550]: (1107.019997526782,1)
[551]: (1106.154661148425,1)
[552]: (1106.055547943175,1)
[553]: (1106.429264037958,1)
[554]: (1107.013586361815,1)
[555]: (1107.600375921151,1)
[556]: (1106.737392210561,1)
[557]: (1106.009745124098,1)
[558]: (1106.183365742951,1)
[559]: (1106.385302472524,1)
[560]: (1106.416962770381,1)
[561]: (1106.283597580587,1)
[562]: (1106.005756757888,1)
[563]: (1106.075051249092,1)
[564]: (1106.679275410326,1)
[565]: (1106.258312639745,1)
[566]: (1106.474474836081,1)
[567]: (1107.480454877134,1)
[568]: (1106.158249772474,1)
[569]: (1106.08917793045,1)
[570]: (1106.293788222166,1)
[571]: (1106.11068426208,1)
[572]: (1106.527106783038,1)
[573]: (1106.091303428268,1)
[574]: (1106.610085581825,1)
[575]: (1106.189543408474,1)
[576]: (1108.252027196221,1)
[577]: (1106.093757800112,1)
[578]: (1106.098137282083,1)
[579]: (1107.133436321981,1)
[580]: (1106.508064629463,1)
[581]: (1106.378667369415,1)
[582]: (1106.405148037463,1)
[583]: (1106.639340899466,1)
[584]: (1106.749067820546,1)
[585]: (1106.010201896194,1)
[586]: (1106.018622879348,1)
[587]: (1106.273865887807,1)
[588]: (1106.629315243267,1)
[589]: (1106.013547214489,1)
[590]: (1106.543693273461,1)
[591]: (1106.314565754783,1)
[592]: (1106.061187347216,1)
[593]: (1106.436774613178,1)
[594]: (1106.483962678729,1)
[595]: (1106.207183661579,1)
[596]: (1106.081404499538,1)
[597]: (1107.061413485209,1)
[598]: (1106.113025643313,1)
[599]: (1106.098618120192,1)
[600]: (1106.000886195549,1)
[601]: (1106.171855317687,1)
[602]: (1106.341779369098,1)
[603]: (1107.397987454142,1)
[604]: (1106.012923779309,1)
[605]: (1106.209782612842,1)
[606]: (1106.017263806229,1)
[607]: (1106.371061304608,1)
[608]: (1106.485013416772,1)
[609]: (1106.031173377528,1)
[610]: (1106.769632619299,1)
[611]: (1106.069716645719,1)
[612]: (1106.096181200367,1)
[613]: (1106.544511692056,1)
[614]: (1106.375478628881,1)
[615]: (1106.541997321538,1)
[616]: (1106.018028463692,1)
[617]: (1106.216148572616,1)
[618]: (1106.269423053789,1)
[619]: (1106.2994875783,1)
[620]: (1107.413898346534,1)
[621]: (1106.160571884041,1)
[622]: (1106.156338434334,1)
[623]: (1106.560591476093,1)
[624]: (1106.511603719101,1)
[625]: (1106.034376595689,1)
[626]: (1106.01818343576,1)
[627]: (1106.427762678407,1)
[628]: (1106.072926918836,1)
[629]: (1106.081682966567,1)
[630]: (1106.19994987068,1)
[631]: (1106.046483182224,1)
[632]: (1106.270835008915,1)
[633]: (1106.063257152987,1)
[634]: (1106.144370471502,1)
[635]: (1106.093899906317,1)
[636]: (1106.774376080471,1)
[637]: (1106.18935441594,1)
[638]: (1106.276956378514,1)
[639]: (1106.441691406149,1)
[640]: (1106.008980535436,1)
[641]: (1106.44819727808,1)
[642]: (1106.323547883384,1)
[643]: (1106.207114696492,1)
[644]: (1106.021799217654,1)
[645]: (1106.100793354587,1)
[646]: (1106.35521888746,1)
[647]: (1106.185964862879,1)
[648]: (1106.138713806732,1)
[649]: (1106.177531736029,1)
[650]: (1106.123971993016,1)
[651]: (1106.751803659053,1)
[652]: (1106.135942398776,1)
[653]: (1106.508751693764,1)
[654]: (1106.036785892964,1)
[655]: (1107.448371538938,1)
[656]: (1106.34945217978,1)
[657]: (1106.128974616003,1)
[658]: (1106.431847191284,1)
[659]: (1106.360473295895,1)
[660]: (1106.237698570786,1)
[661]: (1106.377172047901,1)
[662]: (1106.704648099832,1)
[663]: (1106.096680684777,1)
[664]: (1106.368278820219,1)
[665]: (1106.168590987072,1)
[666]: (1106.570836928554,1)
[667]: (1106.212004934634,1)
[668]: (1106.126676164478,1)
[669]: (1106.40354751677,1)
[670]: (1106.199685029726,1)
[671]: (1106.019434120376,1)
[672]: (1106.217400905147,1)
[673]: (1106.096240384711,1)
[674]: (1106.063446383712,1)
[675]: (1106.160645935178,1)
[676]: (1106.011785228166,1)
[677]: (1106.054903083349,1)
[678]: (1106.358121924276,1)
[679]: (1106.171797066983,1)
[680]: (1106.038233154317,1)
[681]: (1106.101736624388,1)
[682]: (1106.303397146726,1)
[683]: (1106.375333001763,1)
[684]: (1106.066561840119,1)
[685]: (1106.481898419989,1)
[686]: (1106.099945393595,1)
[687]: (1106.460330760241,1)
[688]: (1106.41846172467,1)
[689]: (1106.079124501981,1)
[690]: (1106.367996977348,1)
[691]: (1106.002576480513,1)
[692]: (1106.021938954269,1)
[693]: (1106.003157643278,1)
[694]: (1106.133182433304,1)
[695]: (1106.65311575707,1)
[696]: (1106.014254340651,1)
[697]: (1106.407659535245,1)
[698]: (1106.00474394743,1)
[699]: (1107.119972045554,1)
[700]: (1106.231507428775,1)
[701]: (1106.224604263625,1)
[702]: (1107.429741167356,1)
[703]: (1106.544400102547,1)
[704]: (1106.362666921178,1)
[705]: (1106.859103187302,1)
[706]: (1106.089624800474,1)
[707]: (1106.011124726759,1)
[708]: (1106.522690872946,1)
[709]: (1107.199435065357,1)
[710]: (1106.323618317225,1)
[711]: (1106.000275974404,1)
[712]: (1107.232266214175,1)
[713]: (1106.200875802523,1)
[714]: (1106.896812252204,1)
[715]: (1106.095542326721,1)
[716]: (1106.027917727662,1)
[717]: (1106.253366604753,1)
[718]: (1106.117994004006,1)
[719]: (1107.390389968094,1)
[720]: (1106.07170767349,1)
[721]: (1106.031403647485,1)
[722]: (1106.458041004339,1)
[723]: (1106.276913849875,1)
[724]: (1106.699296354409,1)
[725]: (1106.03742280442,1)
[726]: (1106.067356260015,1)
[727]: (1106.069419946498,1)
[728]: (1106.055233499873,1)
[729]: (1106.51708474882,1)
[730]: (1106.070444475396,1)
[731]: (1106.209211183458,1)
[732]: (1106.167249541025,1)
[733]: (1106.142046832142,1)
[734]: (1106.471136657104,1)
[735]: (1106.024493977615,1)
[736]: (1106.173461885948,1)
[737]: (1106.089654472705,1)
[738]: (1106.320905113404,1)
[739]: (1106.658573957422,1)
[740]: (1106.233117069791,1)
[741]: (1106.260439943827,1)
[742]: (1106.498090655554,1)
[743]: (1106.069824297044,1)
[744]: (1106.26625487867,1)
[745]: (1106.007890488205,1)
[746]: (1106.548561342876,1)
[747]: (1106.639851898071,1)
[748]: (1106.768535442423,1)
[749]: (1106.044734597072,1)
[750]: (1106.226182361029,1)
[751]: (1106.099454824862,1)
[752]: (1106.179485764455,1)
[753]: (1106.103496448089,1)
[754]: (1106.061438313584,1)
[755]: (1106.296590311938,1)
[756]: (1106.068865271123,1)
[757]: (1106.044446054135,1)
[758]: (1106.101055688529,1)
[759]: (1106.398937373894,1)
[760]: (1106.639883812,1)
[761]: (1106.24383710134,1)
[762]: (1106.057489070059,1)
[763]: (1106.348447510685,1)
[764]: (1106.005685878422,1)
[765]: (1106.190667176756,1)
[766]: (1106.009036780873,1)
[767]: (1106.049986319894,1)
[768]: (1106.274981513357,1)
[769]: (1106.392030868206,1)
[770]: (1106.675898384618,1)
[771]: (1106.007945204248,1)
[772]: (1106.02841511309,1)
[773]: (1106.314885976984,1)
[774]: (1106.263414763191,1)
[775]: (1106.26650505922,1)
[776]: (1106.881321822908,1)
[777]: (1106.197358280001,1)
[778]: (1106.062656568495,1)
[779]: (1107.066098827358,1)
[780]: (1106.210223170224,1)
[781]: (1106.599841976352,1)
[782]: (1106.094400666914,1)
[783]: (1106.569716734718,1)
[784]: (1106.48148985207,1)
[785]: (1106.214660159914,1)
[786]: (1106.731259595924,1)
[787]: (1106.873845018186,1)
[788]: (1106.326584420457,1)
[789]: (1106.065573576365,1)
[790]: (1106.504799069416,1)
[791]: (1106.319451246952,1)
[792]: (1106.118734568303,1)
[793]: (1106.196094689768,1)
[794]: (1106.058627126069,1)
[795]: (1106.390598720229,1)
[796]: (1106.372324348479,1)
[797]: (1106.202532327225,1)
[798]: (1106.057603597081,1)
[799]: (1106.434955196134,1)
[800]: (1106.282979618703,1)
[801]: (1106.22342111122,1)
[802]: (1106.141805302231,1)
[803]: (1106.575461861474,1)
[804]: (1106.36152977136,1)
[805]: (1107.076983196959,1)
[806]: (1106.259260762785,1)
[807]: (1106.222036202995,1)
[808]: (1106.003116316089,1)
[809]: (1106.336482999479,1)
[810]: (1108.414541486661,1)
[811]: (1106.765712919376,1)
[812]: (1106.44412334016,1)
[813]: (1106.405709764982,1)
[814]: (1106.975573023539,1)
[815]: (1106.025119740904,1)
[816]: (1106.114534595593,1)
[817]: (1106.609784345508,1)
[818]: (1106.194270230809,1)
[819]: (1106.41835703624,1)
[820]: (1106.614286021882,1)
[821]: (1106.011136914144,1)
[822]: (1106.176445621606,1)
[823]: (1106.326876115799,1)
[824]: (1106.853463939953,1)
[825]: (1106.117451316045,1)
[826]: (1106.191672260578,1)
[827]: (1106.008695793072,1)
[828]: (1106.472733532275,1)
[829]: (1106.294299909519,1)
[830]: (1106.254753800116,1)
[831]: (1106.23564013478,1)
[832]: (1106.533534665384,1)
[833]: (1106.290231532935,1)
[834]: (1106.093579804011,1)
[835]: (1106.81302962679,1)
[836]: (1106.255967539636,1)
[837]: (1106.341658826962,1)
[838]: (1106.295447147752,1)
[839]: (1106.373199740707,1)
[840]: (1106.121372131618,1)
[841]: (1106.162560333645,1)
[842]: (1106.417603074668,1)
[843]: (1106.738495032278,1)
[844]: (1107.080240691874,1)
[845]: (1106.410980318003,1)
[846]: (1106.83769864571,1)
[847]: (1106.163599265873,1)
[848]: (1106.28966453545,1)
[849]: (1106.180737707352,1)
[850]: (1106.012979358333,1)
[851]: (1106.128632394853,1)
[852]: (1106.969007516399,1)
[853]: (1106.291368160233,1)
[854]: (1106.669232926354,1)
[855]: (1106.400456037225,1)
[856]: (1106.022050091216,1)
[857]: (1106.262351926194,1)
[858]: (1106.314665422871,1)
[859]: (1106.223825698111,1)
[860]: (1106.060360245692,1)
[861]: (1106.248193301926,1)
[862]: (1106.184508873162,1)
[863]: (1106.764555275628,1)
[864]: (1106.024570658436,1)
[865]: (1106.640602553367,1)
[866]: (1106.428940068773,1)
[867]: (1106.521805419665,1)
[868]: (1106.172665070395,1)
[869]: (1106.077058581154,1)
[870]: (1106.908128791483,1)
[871]: (1107.141414673903,1)
[872]: (1106.031809787021,1)
[873]: (1106.276813692648,1)
[874]: (1106.263752209193,1)
[875]: (1106.036955715486,1)
[876]: (1106.022590008806,1)
[877]: (1106.133199093639,1)
[878]: (1106.585838427276,1)
[879]: (1106.05925398232,1)
[880]: (1106.141191611239,1)
[881]: (1106.015078586126,1)
[882]: (1106.047694735922,1)
[883]: (1107.129854471224,1)
[884]: (1106.115389899413,1)
[885]: (1106.254468076105,1)
[886]: (1106.052777238271,1)
[887]: (1106.316211395175,1)
[888]: (1106.061972323479,1)
[889]: (1106.626251510691,1)
[890]: (1106.414914627068,1)
[891]: (1106.13101331178,1)
[892]: (1106.00695696696,1)
[893]: (1106.204205345891,1)
[894]: (1106.092734952425,1)
[895]: (1106.105209685904,1)
[896]: (1106.663851161826,1)
[897]: (1106.012838103245,1)
[898]: (1106.198285753482,1)
[899]: (1106.945339392011,1)
[900]: (1106.707739143278,1)
[901]: (1106.335213133935,1)
[902]: (1106.373416154232,1)
[903]: (1106.948745336283,1)
[904]: (1106.385894567713,1)
[905]: (1106.418433117296,1)
[906]: (1106.080030527517,1)
[907]: (1106.29933289288,1)
[908]: (1106.151378131005,1)
[909]: (1107.58912852952,1)
[910]: (1106.689604123005,1)
[911]: (1106.775250529699,1)
[912]: (1106.110103119175,1)
[913]: (1108.57470261981,1)
[914]: (1106.640638984863,1)
[915]: (1106.308559579979,1)
[916]: (1106.399034202355,1)
[917]: (1106.046787356641,1)
[918]: (1106.252573911672,1)
[919]: (1106.396069176222,1)
[920]: (1106.072618270477,1)
[921]: (1106.400188589198,1)
[922]: (1106.336937940589,1)
[923]: (1106.329979161887,1)
[924]: (1106.162474104072,1)
[925]: (1106.00763218879,1)
[926]: (1106.409742789775,1)
[927]: (1106.364094524754,1)
[928]: (1107.012077553951,1)
[929]: (1106.096501943571,1)
[930]: (1106.091192579973,1)
[931]: (1106.366670041059,1)
[932]: (1106.144099319146,1)
[933]: (1106.085514237866,1)
[934]: (1106.228956368657,1)
[935]: (1106.586291908766,1)
[936]: (1106.233219441228,1)
[937]: (1106.154212593148,1)
[938]: (1106.363350200662,1)
[939]: (1106.154350821321,1)
[940]: (1106.613489003879,1)
[941]: (1106.100525150717,1)
[942]: (1106.811784247463,1)
[943]: (1106.051120607266,1)
[944]: (1106.365920177879,1)
[945]: (1106.27914829848,1)
[946]: (1106.501273566532,1)
[947]: (1106.405473148522,1)
[948]: (1106.389825963234,1)
[949]: (1106.732324604204,1)
[950]: (1106.429461024134,1)
[951]: (1106.633980502694,1)
[952]: (1106.2860361036,1)
[953]: (1106.311753240625,1)
[954]: (1106.243601153491,1)
[955]: (1106.321820558901,1)
[956]: (1106.407168341618,1)
[957]: (1106.230506873396,1)
[958]: (1106.474810647358,1)
[959]: (1106.02724056449,1)
[960]: (1106.13956288912,1)
[961]: (1106.321138039793,1)
[962]: (1106.127932739754,1)
[963]: (1106.435747645923,1)
[964]: (1106.23061942662,1)
[965]: (1106.047819219403,1)
[966]: (1106.948151249779,1)
[967]: (1106.481549711795,1)
[968]: (1106.012385057716,1)
[969]: (1106.266956086097,1)
[970]: (1106.958708151418,1)
[971]: (1106.290756643044,1)
[972]: (1106.151390411289,1)
[973]: (1106.832262411862,1)
[974]: (1106.003006410303,1)
[975]: (1106.166735096192,1)
[976]: (1107.677684130775,1)
[977]: (1106.52518598351,1)
[978]: (1106.066052742996,1)
[979]: (1106.090968602566,1)
[980]: (1106.028194235887,1)
[981]: (1106.464219695042,1)
[982]: (1106.063139614455,1)
[983]: (1107.087559447161,1)
[984]: (1106.501391233548,1)
[985]: (1106.055886809231,1)
[986]: (1106.111166195237,1)
[987]: (1106.122523093939,1)
[988]: (1106.160463800816,1)
[989]: (1106.605913490779,1)
[990]: (1106.668418869799,1)
[991]: (1106.006667501969,1)
[992]: (1106.221674474812,1)
[993]: (1106.140580303011,1)
[994]: (1106.338668355909,1)
[995]: (1106.487371574093,1)
[996]: (1106.13771220608,1)
[997]: (1106.118231216661,1)
[998]: (1106.170672852168,1)
[999]: (1106.134608350473,1)
[1000]: (1106.044059675119,1)
[1001]: (1106.548649251558,1)
[1002]: (1106.252909891328,1)
[1003]: (1106.12786661369,1)
[1004]: (1106.005720957116,1)
[1005]: (1106.395016735596,1)
[1006]: (1106.584355791662,1)
[1007]: (1106.005795983751,1)
[1008]: (1106.362188500259,1)
[1009]: (1106.093361448089,1)
[1010]: (1106.359992189945,1)
[1011]: (1106.165240538409,1)
[1012]: (1106.073629306365,1)
[1013]: (1107.887024544192,1)
[1014]: (1106.019841454935,1)
[1015]: (1106.312404460909,1)
[1016]: (1107.190164453457,1)
[1017]: (1106.396555777443,1)
[1018]: (1106.771255650159,1)
[1019]: (1106.254997413739,1)
[1020]: (1106.572208990561,1)
[1021]: (1106.136150946184,1)
[1022]: (1106.794293611689,1)
[1023]: (1106.142984748209,1)
[1024]: (1106.183148187466,1)
[1025]: (1106.295701051685,1)
[1026]: (1106.017734316166,1)
[1027]: (1106.688721740121,1)
[1028]: (1106.117731739894,1)
[1029]: (1108.32227605827,1)
[1030]: (1106.060796454156,1)
[1031]: (1106.388871496508,1)
[1032]: (1107.19127996122,1)
[1033]: (1106.610056249718,1)
[1034]: (1106.236487376694,1)
[1035]: (1107.077989006132,1)
[1036]: (1106.109218185627,1)
[1037]: (1106.100477612753,1)
[1038]: (1106.06843903903,1)
[1039]: (1106.740668724171,1)
[1040]: (1106.770024973013,1)
[1041]: (1106.755361969055,1)
[1042]: (1106.184803501698,1)
[1043]: (1106.091264580579,1)
[1044]: (1106.141806203341,1)
[1045]: (1106.071013458986,1)
[1046]: (1106.175823949019,1)
[1047]: (1106.150763809538,1)
[1048]: (1106.632558621783,1)
[1049]: (1107.138351247086,1)
[1050]: (1106.349775535694,1)
[1051]: (1106.550541583077,1)
[1052]: (1106.036660120745,1)
[1053]: (1106.452253780362,1)
[1054]: (1106.320424878369,1)
[1055]: (1106.398399177573,1)
[1056]: (1106.085979818082,1)
[1057]: (1106.505954086207,1)
[1058]: (1106.046610756683,1)
[1059]: (1106.37153222268,1)
[1060]: (1106.906960197946,1)
[1061]: (1106.302652732342,1)
[1062]: (1106.463669670422,1)
[1063]: (1106.01866677305,1)
[1064]: (1106.085551262328,1)
[1065]: (1106.164285163361,1)
[1066]: (1106.018641839349,1)
[1067]: (1106.011358825255,1)
[1068]: (1106.280560854485,1)
[1069]: (1106.025099281345,1)
[1070]: (1106.163133196459,1)
[1071]: (1106.211681616388,1)
[1072]: (1107.021158994129,1)
[1073]: (1106.533527263374,1)
[1074]: (1107.11789854662,1)
[1075]: (1106.675757235951,1)
[1076]: (1106.123297766647,1)
[1077]: (1106.658017535394,1)
[1078]: (1106.760694087288,1)
[1079]: (1106.756913670419,1)
[1080]: (1106.06138169104,1)
[1081]: (1106.189345248428,1)
[1082]: (1106.463294773206,1)
[1083]: (1107.130649450452,1)
[1084]: (1106.425251732705,1)
[1085]: (1107.067929116213,1)
[1086]: (1106.82629465279,1)
[1087]: (1106.211357788115,1)
[1088]: (1106.320444397104,1)
[1089]: (1106.360494014382,1)
[1090]: (1106.606940117829,1)
[1091]: (1106.060612057431,1)
[1092]: (1106.016836886932,1)
[1093]: (1106.023254630537,1)
[1094]: (1106.062446882755,1)
[1095]: (1106.084496976129,1)
[1096]: (1107.309115046923,1)
[1097]: (1106.636008517208,1)
[1098]: (1106.537468887575,1)
[1099]: (1106.302884052038,1)
[1100]: (1106.035461239455,1)
[1101]: (1106.82058754226,1)
[1102]: (1106.456487784626,1)
[1103]: (1106.438393999016,1)
[1104]: (1106.011061541009,1)
[1105]: (1107.280237738404,1)
[1106]: (1106.248243955711,1)
[1107]: (1107.616224859383,1)
[1108]: (1106.106494586082,1)
[1109]: (1106.710010596912,1)
[1110]: (1106.509958606661,1)
[1111]: (1106.395974618339,1)
[1112]: (1106.492309374338,1)
[1113]: (1106.333961448604,1)
[1114]: (1106.309335383908,1)
[1115]: (1106.225134063958,1)
[1116]: (1106.978999891028,1)
[1117]: (1106.151134048663,1)
[1118]: (1106.833324380392,1)
[1119]: (1106.338610356318,1)
[1120]: (1106.289361720738,1)
[1121]: (1106.220902814785,1)
[1122]: (1106.833621602415,1)
[1123]: (1106.346013642052,1)
[1124]: (1106.305132382328,1)
[1125]: (1106.437712836141,1)
[1126]: (1106.52330493919,1)
[1127]: (1106.029447432805,1)
[1128]: (1106.148279057932,1)
[1129]: (1106.434853765289,1)
[1130]: (1106.479793398619,1)
[1131]: (1106.034529565609,1)
[1132]: (1106.081459415896,1)
[1133]: (1106.394562365976,1)
[1134]: (1106.444734069238,1)
[1135]: (1106.563405664298,1)
[1136]: (1106.190764978441,1)
[1137]: (1106.017538219236,1)
[1138]: (1106.307343706162,1)
[1139]: (1106.467889790879,1)
[1140]: (1106.48712923828,1)
[1141]: (1106.046779781856,1)
[1142]: (1106.194090257241,1)
[1143]: (1106.147984191979,1)
[1144]: (1106.05003980058,1)
[1145]: (1106.019493904577,1)
[1146]: (1106.698494733575,1)
[1147]: (1106.123999379599,1)
[1148]: (1106.138740025243,1)
[1149]: (1106.900064931019,1)
[1150]: (1106.458933704411,1)
[1151]: (1106.298468290349,1)
[1152]: (1106.057863435514,1)
[1153]: (1106.130056699851,1)
[1154]: (1106.202375334954,1)
[1155]: (1107.921643939359,1)
[1156]: (1106.272667238804,1)
[1157]: (1106.052606180221,1)
[1158]: (1106.078430663047,1)
[1159]: (1106.064871340043,1)
[1160]: (1106.300374995538,1)
[1161]: (1106.212277175198,1)
[1162]: (1106.155898826872,1)
[1163]: (1106.1388934144,1)
[1164]: (1106.131334009648,1)
[1165]: (1106.368198807463,1)
[1166]: (1106.102229407315,1)
[1167]: (1106.050647359905,1)
[1168]: (1106.077574429693,1)
[1169]: (1106.39588083121,1)
[1170]: (1106.078807861484,1)
[1171]: (1106.249449802982,1)
[1172]: (1106.528765601288,1)
[1173]: (1106.164630739546,1)
[1174]: (1106.144209906111,1)
[1175]: (1106.018857972686,1)
[1176]: (1106.136300050174,1)
[1177]: (1106.178616392892,1)
[1178]: (1106.214438568795,1)
[1179]: (1106.541016425592,1)
[1180]: (1106.082460961728,1)
[1181]: (1106.02790749321,1)
[1182]: (1106.357225629486,1)
[1183]: (1106.460644839438,1)
[1184]: (1106.78538990827,1)
[1185]: (1107.048710251168,1)
[1186]: (1106.263357543321,1)
[1187]: (1106.158407430559,1)
[1188]: (1106.072724867096,1)
[1189]: (1106.376871823612,1)
[1190]: (1106.770091454025,1)
[1191]: (1106.271584308703,1)
[1192]: (1106.508507789221,1)
[1193]: (1106.759976962503,1)
[1194]: (1106.089568334984,1)
[1195]: (1106.854385381111,1)
[1196]: (1106.12561515109,1)
[1197]: (1106.222211950985,1)
[1198]: (1106.72590925273,1)
[1199]: (1106.188969793661,1)
[1200]: (1106.015770283564,1)
[1201]: (1106.421010612929,1)
[1202]: (1106.276647426883,1)
[1203]: (1106.16230364496,1)
[1204]: (1106.329361889827,1)
[1205]: (1106.445453366333,1)
[1206]: (1107.029532275782,1)
[1207]: (1106.570888252593,1)
[1208]: (1106.235670511872,1)
[1209]: (1106.142001160604,1)
[1210]: (1106.069357807505,1)
[1211]: (1106.403961081326,1)
[1212]: (1107.001671561234,1)
[1213]: (1106.125727281449,1)
[1214]: (1106.05229006803,1)
[1215]: (1107.021724106542,1)
[1216]: (1106.455316791523,1)
[1217]: (1106.510161052146,1)
[1218]: (1106.119597003905,1)
[1219]: (1106.55664115143,1)
[1220]: (1106.146165746563,1)
[1221]: (1106.702400012434,1)
[1222]: (1106.328335312014,1)
[1223]: (1106.213839296363,1)
[1224]: (1106.021547947889,1)
[1225]: (1106.105049558246,1)
[1226]: (1106.341749805925,1)
[1227]: (1106.267946808228,1)
[1228]: (1106.872694405359,1)
[1229]: (1106.162166985513,1)
[1230]: (1106.481680136161,1)
[1231]: (1106.494431706309,1)
[1232]: (1106.179368608707,1)
[1233]: (1106.170332979276,1)
[1234]: (1106.29656759241,1)
[1235]: (1106.306177272039,1)
[1236]: (1106.279178131694,1)
[1237]: (1106.178122853154,1)
[1238]: (1106.063864821735,1)
[1239]: (1106.850891351186,1)
[1240]: (1106.436399251743,1)
[1241]: (1106.445421722621,1)
[1242]: (1106.184229962396,1)
[1243]: (1106.011533326519,1)
[1244]: (1106.512690424377,1)
[1245]: (1107.654437488713,1)
[1246]: (1106.484680140233,1)
[1247]: (1106.213572692004,1)
[1248]: (1106.03065439517,1)
[1249]: (1107.051699014423,1)
[1250]: (1106.040700129292,1)
[1251]: (1106.728408597443,1)
[1252]: (1106.398855353362,1)
[1253]: (1106.01576152845,1)
[1254]: (1106.02134285367,1)
[1255]: (1106.403695775747,1)
[1256]: (1106.446277549923,1)
[1257]: (1106.415138249309,1)
[1258]: (1106.562914665247,1)
[1259]: (1106.01602807345,1)
[1260]: (1106.272296882778,1)
[1261]: (1106.489018163496,1)
[1262]: (1106.031324971744,1)
[1263]: (1106.499956553374,1)
[1264]: (1106.026476768473,1)
[1265]: (1106.676193926211,1)
[1266]: (1106.008979328052,1)
[1267]: (1106.05857514565,1)
[1268]: (1106.168759334588,1)
[1269]: (1106.544564436315,1)
[1270]: (1106.48537079396,1)
[1271]: (1106.449802049362,1)
[1272]: (1106.342797503584,1)
[1273]: (1108.093485419847,1)
[1274]: (1106.345179008227,1)
[1275]: (1106.287773241566,1)
[1276]: (1106.01256808517,1)
[1277]: (1106.221720242138,1)
[1278]: (1106.295357085145,1)
[1279]: (1106.284477172237,1)
[1280]: (1106.351054967153,1)
[1281]: (1106.687825941544,1)
[1282]: (1106.106562645796,1)
[1283]: (1106.098554953787,1)
[1284]: (1106.037422349569,1)
[1285]: (1106.89118066179,1)
[1286]: (1106.492192346898,1)
[1287]: (1106.029069492207,1)
[1288]: (1106.187419359873,1)
[1289]: (1106.073651937479,1)
[1290]: (1106.140604753769,1)
[1291]: (1106.34773450761,1)
[1292]: (1106.044018578983,1)
[1293]: (1106.041358400377,1)
[1294]: (1106.65509702839,1)
[1295]: (1106.365677923742,1)
[1296]: (1106.328568568979,1)
[1297]: (1106.526117718928,1)
[1298]: (1106.013785728102,1)
[1299]: (1106.750969426763,1)
[1300]: (1106.470272213514,1)
[1301]: (1106.125361156429,1)
[1302]: (1106.560510054385,1)
[1303]: (1106.01856405873,1)
[1304]: (1106.338014236862,1)
[1305]: (1106.230997666624,1)
[1306]: (1106.095655918611,1)
[1307]: (1106.210106562322,1)
[1308]: (1107.188681205221,1)
[1309]: (1106.02591048353,1)
[1310]: (1106.089195091893,1)
[1311]: (1106.158572637212,1)
[1312]: (1106.15717157973,1)
[1313]: (1106.749832523326,1)
[1314]: (1106.090430869077,1)
[1315]: (1107.146552201562,1)
[1316]: (1106.45003832347,1)
[1317]: (1106.041019850265,1)
[1318]: (1106.144149174915,1)
[1319]: (1106.078413189637,1)
[1320]: (1106.129974592155,1)
[1321]: (1106.191371598851,1)
[1322]: (1106.098312396574,1)
[1323]: (1106.523864264944,1)
[1324]: (1106.254423417352,1)
[1325]: (1106.946308525474,1)
[1326]: (1106.957956096313,1)
[1327]: (1106.093896124346,1)
[1328]: (1106.544714428191,1)
[1329]: (1106.308344814363,1)
[1330]: (1106.131414127662,1)
[1331]: (1106.340016548135,1)
[1332]: (1106.180741938454,1)
[1333]: (1106.375319640387,1)
[1334]: (1106.237815917093,1)
[1335]: (1106.115883677876,1)
[1336]: (1106.445964149697,1)
[1337]: (1107.0048149107,1)
[1338]: (1106.237813210547,1)
[1339]: (1106.532052857892,1)
[1340]: (1106.286057480767,1)
[1341]: (1106.992180307097,1)
[1342]: (1106.102029747622,1)
[1343]: (1106.606732739606,1)
[1344]: (1106.383629885837,1)
[1345]: (1106.192586722167,1)
[1346]: (1107.400230625097,1)
[1347]: (1106.370585397836,1)
[1348]: (1106.101062548696,1)
[1349]: (1106.19165053064,1)
[1350]: (1106.164392599636,1)
[1351]: (1106.173717714652,1)
[1352]: (1106.147604768486,1)
[1353]: (1106.306024676722,1)
[1354]: (1106.944146996845,1)
[1355]: (1106.265891137518,1)
[1356]: (1106.144745029786,1)
[1357]: (1106.318346993447,1)
[1358]: (1106.083231701647,1)
[1359]: (1107.454224642559,1)
[1360]: (1106.062079612051,1)
[1361]: (1106.079305492165,1)
[1362]: (1106.369982673973,1)
[1363]: (1106.103415886753,1)
[1364]: (1106.070226654884,1)
[1365]: (1107.73481102006,1)
[1366]: (1106.551721641635,1)
[1367]: (1106.296125086926,1)
[1368]: (1106.146322581145,1)
[1369]: (1106.041482544522,1)
[1370]: (1106.103098065739,1)
[1371]: (1106.139515556092,1)
[1372]: (1106.054622990928,1)
[1373]: (1106.153504432346,1)
[1374]: (1106.013354421687,1)
[1375]: (1106.01645053571,1)
[1376]: (1106.235075318352,1)
[1377]: (1106.024335598735,1)
[1378]: (1106.506593932226,1)
[1379]: (1106.445949150792,1)
[1380]: (1106.039439579418,1)
[1381]: (1106.084780584994,1)
[1382]: (1106.597113637172,1)
[1383]: (1106.723003825299,1)
[1384]: (1106.003578244223,1)
[1385]: (1106.298691945425,1)
[1386]: (1106.144653944259,1)
[1387]: (1106.487563809848,1)
[1388]: (1106.319855753756,1)
[1389]: (1106.003100796184,1)
[1390]: (1106.107842532107,1)
[1391]: (1106.284626996688,1)
[1392]: (1106.398855424547,1)
[1393]: (1106.02397195317,1)
[1394]: (1106.078199581798,1)
[1395]: (1106.181488083564,1)
[1396]: (1106.077563929536,1)
[1397]: (1106.185084034513,1)
[1398]: (1106.232362536977,1)
[1399]: (1106.049060333325,1)
[1400]: (1106.226203251053,1)
[1401]: (1106.419191420186,1)
[1402]: (1106.523906525757,1)
[1403]: (1106.014421209017,1)
[1404]: (1106.322202720807,1)
[1405]: (1106.131883595332,1)
[1406]: (1106.019288793123,1)
[1407]: (1106.181282844278,1)
[1408]: (1106.358178108841,1)
[1409]: (1106.256543074343,1)
[1410]: (1106.480679230523,1)
[1411]: (1106.608850208642,1)
[1412]: (1106.29267309874,1)
[1413]: (1106.431235722008,1)
[1414]: (1106.182919246405,1)
[1415]: (1106.269543938389,1)
[1416]: (1106.080376052442,1)
[1417]: (1106.266570292873,1)
[1418]: (1106.303866474891,1)
[1419]: (1106.072959061795,1)
[1420]: (1106.201189869055,1)
[1421]: (1106.356472213365,1)
[1422]: (1106.061568761773,1)
[1423]: (1106.227489432963,1)
[1424]: (1106.277201104441,1)
[1425]: (1107.048578671771,1)
[1426]: (1106.006838585508,1)
[1427]: (1106.537967129427,1)
[1428]: (1106.091932698821,1)
[1429]: (1106.093295051747,1)
[1430]: (1106.012195812676,1)
[1431]: (1106.420941818089,1)
[1432]: (1106.047345528387,1)
[1433]: (1106.066835497748,1)
[1434]: (1107.174881752321,1)
[1435]: (1106.061844465889,1)
[1436]: (1106.085909267048,1)
[1437]: (1106.235966302403,1)
[1438]: (1106.35215137262,1)
[1439]: (1106.127266405502,1)
[1440]: (1106.056008973397,1)
[1441]: (1106.352115528354,1)
[1442]: (1106.716092509358,1)
[1443]: (1106.296034979794,1)
[1444]: (1107.172835901663,1)
[1445]: (1106.09029508231,1)
[1446]: (1106.150485720345,1)
[1447]: (1106.24947477516,1)
[1448]: (1106.043933451436,1)
[1449]: (1106.233189657208,1)
[1450]: (1106.111196784648,1)
[1451]: (1106.897181447064,1)
[1452]: (1106.126285166539,1)
[1453]: (1106.159050531876,1)
[1454]: (1106.766863573945,1)
[1455]: (1106.066869579795,1)
[1456]: (1106.072351610434,1)
[1457]: (1106.050949839436,1)
[1458]: (1106.122067335317,1)
[1459]: (1106.790505768364,1)
[1460]: (1106.271251174952,1)
[1461]: (1106.427089784383,1)
[1462]: (1106.05826964881,1)
[1463]: (1106.710985365593,1)
[1464]: (1106.355830098055,1)
[1465]: (1106.015105593418,1)
[1466]: (1106.500471833617,1)
[1467]: (1106.350588287753,1)
[1468]: (1106.358222948967,1)
[1469]: (1106.06075459467,1)
[1470]: (1106.229466757457,1)
[1471]: (1106.029680030805,1)
[1472]: (1106.008349867643,1)
[1473]: (1106.986299940158,1)
[1474]: (1106.131072013178,1)
[1475]: (1106.039800211761,1)
[1476]: (1106.202228915851,1)
[1477]: (1106.839833961564,1)
[1478]: (1106.401592065786,1)
[1479]: (1106.331657765135,1)
[1480]: (1106.295323863081,1)
[1481]: (1106.504935730638,1)
[1482]: (1106.301034576901,1)
[1483]: (1106.150546793336,1)
[1484]: (1106.425749122113,1)
[1485]: (1106.752778341981,1)
[1486]: (1106.792464082041,1)
[1487]: (1106.494777468972,1)
[1488]: (1106.115210111063,1)
[1489]: (1107.09143295537,1)
[1490]: (1106.698799926057,1)
[1491]: (1106.417711602044,1)
[1492]: (1106.897942638329,1)
[1493]: (1106.019373966758,1)
[1494]: (1106.069740335943,1)
[1495]: (1106.643914642587,1)
[1496]: (1106.015022801408,1)
[1497]: (1107.081589332544,1)
[1498]: (1107.030125781262,1)
[1499]: (1106.08755650492,1)
[1500]: (1106.119313940113,1)
[1501]: (1106.509680804964,1)
[1502]: (1106.173825208888,1)
[1503]: (1106.493965557783,1)
[1504]: (1106.313382137793,1)
[1505]: (1106.057682906051,1)
[1506]: (1106.221440230531,1)
[1507]: (1106.08298288904,1)
[1508]: (1106.576071555706,1)
[1509]: (1106.527634436729,1)
[1510]: (1106.194601227393,1)
[1511]: (1106.136837306601,1)
[1512]: (1106.219867705496,1)
[1513]: (1106.154545315536,1)
[1514]: (1107.100283998356,1)
[1515]: (1106.431628912116,1)
[1516]: (1106.002280995556,1)
[1517]: (1106.041023519088,1)
[1518]: (1106.056639796487,1)
[1519]: (1106.366272044417,1)
[1520]: (1106.163326448884,1)
[1521]: (1106.119350838069,1)
[1522]: (1106.516691374525,1)
[1523]: (1106.15851549345,1)
[1524]: (1106.029926815001,1)
[1525]: (1106.127495138307,1)
[1526]: (1106.434311243076,1)
[1527]: (1108.212484680622,1)
[1528]: (1106.346347372293,1)
[1529]: (1106.357565813557,1)
[1530]: (1106.093981459254,1)
[1531]: (1106.008305868458,1)
[1532]: (1106.107238330394,1)
[1533]: (1106.597025574391,1)
[1534]: (1106.290449472698,1)
[1535]: (1106.142527909568,1)
[1536]: (1106.808348770207,1)
[1537]: (1106.000424201271,1)
[1538]: (1106.301181885418,1)
[1539]: (1107.114348991169,1)
[1540]: (1106.134521145211,1)
[1541]: (1106.015749602274,1)
[1542]: (1106.130143662943,1)
[1543]: (1106.167018589398,1)
[1544]: (1106.257001194739,1)
[1545]: (1106.215113733312,1)
[1546]: (1106.238854442302,1)
[1547]: (1106.047820606113,1)
[1548]: (1106.099269185232,1)
[1549]: (1106.803668111779,1)
[1550]: (1106.724720409221,1)
[1551]: (1106.074262426321,1)
[1552]: (1107.098120085266,1)
[1553]: (1106.823821723961,1)
[1554]: (1106.210855974413,1)
[1555]: (1106.777195037463,1)
[1556]: (1106.507705952178,1)
[1557]: (1106.107628513399,1)
[1558]: (1106.511525522873,1)
[1559]: (1106.137209972121,1)
[1560]: (1106.351372433438,1)
[1561]: (1106.36191656352,1)
[1562]: (1106.370257804635,1)
[1563]: (1106.482831741579,1)
[1564]: (1106.558100979933,1)
[1565]: (1106.533965947399,1)
[1566]: (1106.095138524289,1)
[1567]: (1106.49548418163,1)
[1568]: (1106.005115311122,1)
[1569]: (1106.177427518614,1)
[1570]: (1106.212897368358,1)
[1571]: (1106.05060925432,1)
[1572]: (1107.853630235267,1)
[1573]: (1106.068196448862,1)
[1574]: (1106.502286725062,1)
[1575]: (1106.115565649915,1)
[1576]: (1106.019412299632,1)
[1577]: (1106.088269461498,1)
[1578]: (1106.108958081144,1)
[1579]: (1106.167782008667,1)
[1580]: (1106.184456660377,1)
[1581]: (1106.752039597248,1)
[1582]: (1106.05786442226,1)
[1583]: (1106.753371255038,1)
[1584]: (1106.119476756297,1)
[1585]: (1106.495152112047,1)
[1586]: (1106.055945945559,1)
[1587]: (1106.661611353873,1)
[1588]: (1106.010875410195,1)
[1589]: (1106.183984298273,1)
[1590]: (1106.012383022472,1)
[1591]: (1106.471589430739,1)
[1592]: (1106.035292045917,1)
[1593]: (1106.077863776961,1)
[1594]: (1106.034061724048,1)
[1595]: (1106.311274674183,1)
[1596]: (1106.041983844643,1)
[1597]: (1106.067478378927,1)
[1598]: (1106.0292548206,1)
[1599]: (1106.207604151994,1)
[1600]: (1106.034846361973,1)
[1601]: (1106.225561004657,1)
[1602]: (1106.193874133773,1)
[1603]: (1106.412733262695,1)
[1604]: (1106.761403637601,1)
[1605]: (1107.535320751657,1)
[1606]: (1106.04058974088,1)
[1607]: (1106.282109782394,1)
[1608]: (1106.056329947831,1)
[1609]: (1106.147112218903,1)
[1610]: (1106.201922648522,1)
[1611]: (1106.37216966135,1)
[1612]: (1106.050172338108,1)
[1613]: (1106.386094183881,1)
[1614]: (1106.912906331525,1)
[1615]: (1106.128333311757,1)
[1616]: (1106.141692862863,1)
[1617]: (1106.493317197285,1)
[1618]: (1106.17674839638,1)
[1619]: (1106.088222216153,1)
[1620]: (1106.664015019193,1)
[1621]: (1106.885994291237,1)
[1622]: (1106.068101727835,1)
[1623]: (1106.123981887709,1)
[1624]: (1106.306166918638,1)
[1625]: (1106.282663003983,1)
[1626]: (1107.726899491842,1)
[1627]: (1106.028066915271,1)
[1628]: (1106.006038925107,1)
[1629]: (1106.155489377529,1)
[1630]: (1106.816394002434,1)
[1631]: (1106.158789922692,1)
[1632]: (1106.29593235604,1)
[1633]: (1106.566321230446,1)
[1634]: (1106.304744816581,1)
[1635]: (1106.411359495291,1)
[1636]: (1106.220144502154,1)
[1637]: (1106.341769778226,1)
[1638]: (1106.013800603208,1)
[1639]: (1106.059315457415,1)
[1640]: (1106.449262884384,1)
[1641]: (1106.31353627919,1)
[1642]: (1106.780105439818,1)
[1643]: (1106.153861104305,1)
[1644]: (1106.490862649585,1)
[1645]: (1106.097997703966,1)
[1646]: (1106.103457838517,1)
[1647]: (1106.133824633893,1)
[1648]: (1106.257793612093,1)
[1649]: (1106.071269581809,1)
[1650]: (1107.119352704209,1)
[1651]: (1106.1075266815,1)
[1652]: (1106.339797199611,1)
[1653]: (1106.086160329102,1)
[1654]: (1106.350648305071,1)
[1655]: (1107.262722721843,1)
[1656]: (1107.338240200405,1)
[1657]: (1106.26620590427,1)
[1658]: (1106.008760858859,1)
[1659]: (1106.142065801105,1)
[1660]: (1106.153434776593,1)
[1661]: (1107.061782141651,1)
[1662]: (1106.058313644542,1)
[1663]: (1106.142081430216,1)
[1664]: (1106.336569452697,1)
[1665]: (1106.327604498754,1)
[1666]: (1106.106164645177,1)
[1667]: (1106.342146800157,1)
[1668]: (1106.05355861141,1)
[1669]: (1106.076872990249,1)
[1670]: (1107.408682299736,1)
[1671]: (1106.2750723666,1)
[1672]: (1106.880334563452,1)
[1673]: (1106.190129845084,1)
[1674]: (1106.12915743159,1)
[1675]: (1107.192110450418,1)
[1676]: (1106.378925980094,1)
[1677]: (1106.487063866785,1)
[1678]: (1106.140769067631,1)
[1679]: (1107.228166933346,1)
[1680]: (1106.077217979911,1)
[1681]: (1106.346614325112,1)
[1682]: (1106.078868043688,1)
[1683]: (1106.100307200184,1)
[1684]: (1107.720640998072,1)
[1685]: (1106.092899189614,1)
[1686]: (1106.103377263597,1)
[1687]: (1106.644147915047,1)
[1688]: (1106.899701845865,1)
[1689]: (1106.193369514053,1)
[1690]: (1106.314352584741,1)
[1691]: (1106.475240715738,1)
[1692]: (1106.063983021655,1)
[1693]: (1106.258226261227,1)
[1694]: (1106.38052556367,1)
[1695]: (1106.249798563662,1)
[1696]: (1106.978416462777,1)
[1697]: (1106.972221974898,1)
[1698]: (1106.102854099187,1)
[1699]: (1106.321976072889,1)
[1700]: (1106.54154179878,1)
[1701]: (1106.012312407924,1)
[1702]: (1106.556746041554,1)
[1703]: (1106.263662154069,1)
[1704]: (1106.233639127262,1)
[1705]: (1106.333272945081,1)
[1706]: (1106.089204238155,1)
[1707]: (1106.052014242725,1)
[1708]: (1106.624458410368,1)
[1709]: (1106.261569667417,1)
[1710]: (1106.179124031026,1)
[1711]: (1106.443160402113,1)
[1712]: (1106.118393002823,1)
[1713]: (1106.377795488208,1)
[1714]: (1106.467262969791,1)
[1715]: (1106.077974488917,1)
[1716]: (1106.007670952361,1)
[1717]: (1106.084856979535,1)
[1718]: (1106.8542163576,1)
[1719]: (1106.001481779959,1)
[1720]: (1106.306146461399,1)
[1721]: (1106.674509407126,1)
[1722]: (1106.454809389916,1)
[1723]: (1106.089143402018,1)
[1724]: (1106.402130127162,1)
[1725]: (1106.106788155619,1)
[1726]: (1107.379098628838,1)
[1727]: (1106.145835533353,1)
[1728]: (1106.28577025652,1)
[1729]: (1106.86818974256,1)
[1730]: (1106.023071409246,1)
[1731]: (1106.177693038321,1)
[1732]: (1106.301118158041,1)
[1733]: (1106.643373552227,1)
[1734]: (1106.45317438682,1)
[1735]: (1106.739882456859,1)
[1736]: (1107.135587299794,1)
[1737]: (1106.417604212882,1)
[1738]: (1106.244768441381,1)
[1739]: (1106.039114858275,1)
[1740]: (1106.204585183947,1)
[1741]: (1106.405191688866,1)
[1742]: (1106.417030619818,1)
[1743]: (1106.225458805476,1)
[1744]: (1106.299774718611,1)
[1745]: (1106.413609546112,1)
[1746]: (1106.035227003808,1)
[1747]: (1106.147198419938,1)
[1748]: (1106.150701263408,1)
[1749]: (1106.324113238764,1)
[1750]: (1106.273614004223,1)
[1751]: (1106.319049166956,1)
[1752]: (1106.765624176199,1)
[1753]: (1106.100948816507,1)
[1754]: (1106.266535122427,1)
[1755]: (1106.413286085773,1)
[1756]: (1106.334809088188,1)
[1757]: (1106.13371958887,1)
[1758]: (1106.191270949701,1)
[1759]: (1106.569496165599,1)
[1760]: (1106.153695558759,1)
[1761]: (1106.320896849221,1)
[1762]: (1106.008490214644,1)
[1763]: (1106.813977004184,1)
[1764]: (1106.081492706915,1)
[1765]: (1106.20068170647,1)
[1766]: (1106.380071751602,1)
[1767]: (1106.020183178084,1)
[1768]: (1106.043973428836,1)
[1769]: (1106.007173241399,1)
[1770]: (1106.101933696031,1)
[1771]: (1106.07339906588,1)
[1772]: (1106.183548721797,1)
[1773]: (1106.002278281788,1)
[1774]: (1106.044796670087,1)
[1775]: (1106.465740071201,1)
[1776]: (1107.2298006095,1)
[1777]: (1106.534031583855,1)
[1778]: (1106.681737977783,1)
[1779]: (1106.455579924673,1)
[1780]: (1107.084951877087,1)
[1781]: (1106.005210424062,1)
[1782]: (1106.2054855839,1)
[1783]: (1106.217196173538,1)
[1784]: (1106.243951417234,1)
[1785]: (1106.241713920579,1)
[1786]: (1106.733598119346,1)
[1787]: (1106.519123517685,1)
[1788]: (1106.373424739055,1)
[1789]: (1106.426110828943,1)
[1790]: (1106.280656272965,1)
[1791]: (1106.028736488069,1)
[1792]: (1106.611347692142,1)
[1793]: (1106.907259461186,1)
[1794]: (1106.54148676977,1)
[1795]: (1106.095131908087,1)
[1796]: (1106.235183112213,1)
[1797]: (1106.099390693389,1)
[1798]: (1106.474206571158,1)
[1799]: (1106.062724475791,1)
[1800]: (1106.753522884151,1)
[1801]: (1106.01017575051,1)
[1802]: (1106.20730415568,1)
[1803]: (1106.628701134016,1)
[1804]: (1106.313074185095,1)
[1805]: (1106.017031247756,1)
[1806]: (1106.310148950917,1)
[1807]: (1106.327431959924,1)
[1808]: (1106.220036248599,1)
[1809]: (1106.688968833359,1)
[1810]: (1106.111512219733,1)
[1811]: (1106.088838350002,1)
[1812]: (1106.280413537795,1)
[1813]: (1106.232603109484,1)
[1814]: (1106.532021739188,1)
[1815]: (1106.365318386926,1)
[1816]: (1107.141290837021,1)
[1817]: (1106.476207292947,1)
[1818]: (1106.309639974113,1)
[1819]: (1106.314026844496,1)
[1820]: (1106.066982636775,1)
[1821]: (1106.065618972052,1)
[1822]: (1106.711658005887,1)
[1823]: (1106.72284343477,1)
[1824]: (1106.10477521576,1)
[1825]: (1106.084404431742,1)
[1826]: (1106.140213358527,1)
[1827]: (1106.354193295494,1)
[1828]: (1106.354230688149,1)
[1829]: (1106.053761483804,1)
[1830]: (1106.029925356268,1)
[1831]: (1106.09529176656,1)
[1832]: (1106.436554784988,1)
[1833]: (1106.090246440688,1)
[1834]: (1106.045930564374,1)
[1835]: (1106.657478640685,1)
[1836]: (1106.026546727423,1)
[1837]: (1106.595154982704,1)
[1838]: (1106.626160755837,1)
[1839]: (1106.26838540256,1)
[1840]: (1106.435355902816,1)
[1841]: (1106.499296945007,1)
[1842]: (1106.053461392798,1)
[1843]: (1106.065477394492,1)
[1844]: (1106.211110509671,1)
[1845]: (1106.852458138758,1)
[1846]: (1106.058843925221,1)
[1847]: (1106.234818740714,1)
[1848]: (1106.038452488259,1)
[1849]: (1107.234736912039,1)
[1850]: (1106.641885926548,1)
[1851]: (1106.014175272602,1)
[1852]: (1106.018022527229,1)
[1853]: (1106.174251960549,1)
[1854]: (1106.02804230032,1)
[1855]: (1106.660821270545,1)
[1856]: (1107.553312821529,1)
[1857]: (1106.335083853669,1)
[1858]: (1106.676558969595,1)
[1859]: (1106.369314197128,1)
[1860]: (1106.070438514479,1)
[1861]: (1106.058315745267,1)
[1862]: (1106.126802184121,1)
[1863]: (1106.2021657759,1)
[1864]: (1107.121318966677,1)
[1865]: (1106.804929355889,1)
[1866]: (1107.241530860312,1)
[1867]: (1106.375775734643,1)
[1868]: (1107.033067897855,1)
[1869]: (1106.42007565715,1)
[1870]: (1107.26261870821,1)
[1871]: (1106.700047933713,1)
[1872]: (1106.264138190878,1)
[1873]: (1106.076452468912,1)
[1874]: (1106.286977190362,1)
[1875]: (1106.225871612668,1)
[1876]: (1106.616736368964,1)
[1877]: (1106.074485011945,1)
[1878]: (1106.75045345586,1)
[1879]: (1106.170351479406,1)
[1880]: (1106.360211355358,1)
[1881]: (1106.722920098122,1)
[1882]: (1106.157506418267,1)
[1883]: (1106.285770381815,1)
[1884]: (1106.055025778464,1)
[1885]: (1106.241188416143,1)
[1886]: (1106.649571142905,1)
[1887]: (1106.049668721645,1)
[1888]: (1106.040675475508,1)
[1889]: (1106.011572934065,1)
[1890]: (1107.715327265797,1)
[1891]: (1106.015215667831,1)
[1892]: (1106.325792835146,1)
[1893]: (1106.430716355833,1)
[1894]: (1106.230268114411,1)
[1895]: (1106.155655477395,1)
[1896]: (1106.168136461628,1)
[1897]: (1106.368369611376,1)
[1898]: (1107.208351896103,1)
[1899]: (1106.1232172226,1)
[1900]: (1106.286560196335,1)
[1901]: (1106.144531071812,1)
[1902]: (1106.271845072747,1)
[1903]: (1106.040349104683,1)
[1904]: (1106.330797610377,1)
[1905]: (1106.694136338092,1)
[1906]: (1106.060589896402,1)
[1907]: (1106.232677471782,1)
[1908]: (1106.017363142422,1)
[1909]: (1106.123076496491,1)
[1910]: (1106.553018891441,1)
[1911]: (1106.202558960882,1)
[1912]: (1106.30481974319,1)
[1913]: (1106.109358727027,1)
[1914]: (1106.151736499034,1)
[1915]: (1106.320923566721,1)
[1916]: (1106.396537090072,1)
[1917]: (1106.172155090484,1)
[1918]: (1106.022808601232,1)
[1919]: (1106.729004084237,1)
[1920]: (1106.066333524267,1)
[1921]: (1106.128879355181,1)
[1922]: (1106.289733659529,1)
[1923]: (1106.90732571848,1)
[1924]: (1106.162539234891,1)
[1925]: (1106.528711418183,1)
[1926]: (1106.284206816953,1)
[1927]: (1106.541471609165,1)
[1928]: (1106.06553517213,1)
[1929]: (1106.11949025877,1)
[1930]: (1106.072247635287,1)
[1931]: (1106.920531297655,1)
[1932]: (1106.142480369298,1)
[1933]: (1106.159947366956,1)
[1934]: (1106.235264053908,1)
[1935]: (1106.397253865638,1)
[1936]: (1106.951589467037,1)
[1937]: (1106.11337560535,1)
[1938]: (1106.08304939516,1)
[1939]: (1106.133926609348,1)
[1940]: (1106.297453789696,1)
[1941]: (1106.111287785813,1)
[1942]: (1106.013331198399,1)
[1943]: (1106.092411711859,1)
[1944]: (1106.083831672936,1)
[1945]: (1106.448976279049,1)
[1946]: (1106.263023781591,1)
[1947]: (1106.363202878745,1)
[1948]: (1106.222812129166,1)
[1949]: (1106.030163402805,1)
[1950]: (1106.012247889501,1)
[1951]: (1106.556206852685,1)
[1952]: (1106.539140583146,1)
[1953]: (1106.058191022575,1)
[1954]: (1106.133988007138,1)
[1955]: (1106.033429230051,1)
[1956]: (1106.235400100707,1)
[1957]: (1106.149755783603,1)
[1958]: (1106.258397816014,1)
[1959]: (1106.186953968656,1)
[1960]: (1107.507431396558,1)
[1961]: (1106.374977173323,1)
[1962]: (1106.581046523379,1)
[1963]: (1106.183227115002,1)
[1964]: (1106.368993915131,1)
[1965]: (1106.274454674843,1)
[1966]: (1106.269527015789,1)
[1967]: (1106.237902254052,1)
[1968]: (1106.448184911821,1)
[1969]: (1106.073697545466,1)
[1970]: (1106.176450444652,1)
[1971]: (1106.649620081669,1)
[1972]: (1106.546723041389,1)
[1973]: (1106.445722365293,1)
[1974]: (1106.481859520602,1)
[1975]: (1106.000163866517,1)
[1976]: (1106.208058336422,1)
[1977]: (1106.404720479211,1)
[1978]: (1106.141370844595,1)
[1979]: (1106.030949780026,1)
[1980]: (1106.656884552341,1)
[1981]: (1106.057320757745,1)
[1982]: (1106.049933324568,1)
[1983]: (1106.646565914659,1)
[1984]: (1106.351461453546,1)
[1985]: (1106.350931758359,1)
[1986]: (1106.351397992416,1)
[1987]: (1106.561098673602,1)
[1988]: (1107.322930342983,1)
[1989]: (1106.502175641892,1)
[1990]: (1106.047055707915,1)
[1991]: (1106.270680308581,1)
[1992]: (1106.893425760843,1)
[1993]: (1106.4260407618,1)
[1994]: (1106.02523188223,1)
[1995]: (1106.01718711711,1)
[1996]: (1106.028543236378,1)
[1997]: (1106.204815912786,1)
[1998]: (1106.10307550603,1)
[1999]: (1106.578945797193,1)
 -- States explored : 0 states
 -- CPU user time used : 2553290 ms
 -- Virtual memory used : 63126764 KiB
 -- Resident memory used : 63086568 KiB
executionTime: 14957
