core file size          (blocks, -c) unlimited
data seg size           (kbytes, -d) unlimited
scheduling priority             (-e) 0
file size               (blocks, -f) unlimited
pending signals                 (-i) 4077086
max locked memory       (kbytes, -l) 64
max memory size         (kbytes, -m) 99614720
open files                      (-n) 4096
pipe size            (512 bytes, -p) 8
POSIX message queues     (bytes, -q) 819200
real-time priority              (-r) 0
stack size              (kbytes, -s) 8192
cpu time               (seconds, -t) unlimited
max user processes              (-u) 4077086
virtual memory          (kbytes, -v) 95000000
file locks                      (-x) unlimited
Options for the verification:
  Generating some trace
  Search order is random depth first
  Using conservative space optimisation
  Seed is 1556570393
  State space representation uses minimal constraint systems
  Using HashMap + Compress integers for discrete state storage

Verifying formula 1 at ../queries/SP_300_116_4.q:1
 -- Formula is satisfied.
(9000 runs)
Learning statistics for best strategy: 
	Number of resets: 0
	Number of iterations in last reset: 7
	Number of iterations in total: 7

 -- States explored : 0 states
 -- CPU user time used : 9477550 ms
 -- Virtual memory used : 68781292 KiB
 -- Resident memory used : 68691236 KiB

Verifying formula 2 at ../queries/SP_300_116_4.q:2
 -- Formula is satisfied.
Composer.Done:
[0]: (0,0) (787.2661749242632,1)
[1]: (786.041318303027,1)
[2]: (791.1068136904432,1)
[3]: (782.2447742321812,1)
[4]: (781.0363136779523,1)
[5]: (794.0264417964951,1)
[6]: (783.3491798199965,1)
[7]: (785.1554800736106,1)
[8]: (788.5938712828348,1)
[9]: (784.102744685831,1)
[10]: (791.5268054583952,1)
[11]: (787.1586291182645,1)
[12]: (783.1445998022701,1)
[13]: (783.4149317760844,1)
[14]: (785.9285574831611,1)
[15]: (784.1195532623175,1)
[16]: (782.009847062594,1)
[17]: (796.215498200242,1)
[18]: (782.1669405829138,1)
[19]: (788.0336408852298,1)
[20]: (786.1208997858471,1)
[21]: (803.0301010781238,1)
[22]: (780.8796821433561,1)
[23]: (789.0059896837784,1)
[24]: (798.7592966704538,1)
[25]: (791.8612131550042,1)
[26]: (782.5929072020111,1)
[27]: (782.260578922605,1)
[28]: (794.1007676022452,1)
[29]: (786.0645726096625,1)
[30]: (782.9679820952202,1)
[31]: (785.6887858475772,1)
[32]: (783.4134175725393,1)
[33]: (785.335929159752,1)
[34]: (784.0098809559119,1)
[35]: (783.2580261156414,1)
[36]: (785.096040751491,1)
[37]: (786.0811468616172,1)
[38]: (786.4960053404127,1)
[39]: (784.2797961440521,1)
[40]: (786.2333003135343,1)
[41]: (789.1647640111534,1)
[42]: (781.1860718103301,1)
[43]: (783.225983948088,1)
[44]: (788.5481220450832,1)
[45]: (791.5159832186326,1)
[46]: (783.8373975939282,1)
[47]: (784.298885276743,1)
[48]: (785.0300982833832,1)
[49]: (786.2054848489041,1)
[50]: (785.5857995290747,1)
[51]: (789.52141137531,1)
[52]: (785.175835340222,1)
[53]: (785.0235593660645,1)
[54]: (786.2861587817088,1)
[55]: (782.1073059648759,1)
[56]: (780.599363843973,1)
[57]: (782.1417968959883,1)
[58]: (787.4814178585054,1)
[59]: (794.1200412690076,1)
[60]: (791.5939227287112,1)
[61]: (782.5771283327773,1)
[62]: (783.0283814030092,1)
[63]: (782.3058119362094,1)
[64]: (784.1796135988259,1)
[65]: (785.215357376151,1)
[66]: (789.2051719065313,1)
[67]: (800.4318096761149,1)
[68]: (790.2182195166996,1)
[69]: (785.0876308737145,1)
[70]: (792.2044114292885,1)
[71]: (782.4160052539105,1)
[72]: (785.1623575927238,1)
[73]: (787.2187398152364,1)
[74]: (796.113303403393,1)
[75]: (787.1322464384912,1)
[76]: (784.1669560785195,1)
[77]: (784.1924199244858,1)
[78]: (791.0879922124465,1)
[79]: (787.2039812077815,1)
[80]: (784.8785915473484,1)
[81]: (789.2243621075003,1)
[82]: (782.4546415307842,1)
[83]: (793.0312859968672,1)
[84]: (784.1266652001906,1)
[85]: (795.0499630438475,1)
[86]: (786.1906332708511,1)
[87]: (785.018125225728,1)
[88]: (786.0522791348249,1)
[89]: (784.1796255964908,1)
[90]: (785.8546465536431,1)
[91]: (789.206835150759,1)
[92]: (781.0910742029354,1)
[93]: (784.3847665814266,1)
[94]: (785.1001087934842,1)
[95]: (783.3454080926248,1)
[96]: (781.0454951143804,1)
[97]: (784.3422176271171,1)
[98]: (792.520139734135,1)
[99]: (788.2034544829958,1)
[100]: (796.2532502248491,1)
[101]: (785.2857389031809,1)
[102]: (792.8706650016844,1)
[103]: (792.0843514794936,1)
[104]: (788.1794057618541,1)
[105]: (795.4389063077713,1)
[106]: (788.1298366970412,1)
[107]: (786.2697121521477,1)
[108]: (787.8950033217338,1)
[109]: (779.7606412591733,1)
[110]: (793.0882949199192,1)
[111]: (791.107682827131,1)
[112]: (793.285979431747,1)
[113]: (792.5509772034188,1)
[114]: (794.0661896134097,1)
[115]: (783.1645372491173,1)
[116]: (779.1939281241238,1)
[117]: (784.2866372570841,1)
[118]: (785.4645102013345,1)
[119]: (783.6743124270129,1)
[120]: (784.2633410632343,1)
[121]: (784.3953015493103,1)
[122]: (782.4202717530109,1)
[123]: (783.059855406541,1)
[124]: (789.8814451656464,1)
[125]: (792.6327685196096,1)
[126]: (790.4299156195399,1)
[127]: (784.3813562471908,1)
[128]: (787.6533748905839,1)
[129]: (784.2156690845223,1)
[130]: (783.0738493786832,1)
[131]: (786.0122262391562,1)
[132]: (781.338921430709,1)
[133]: (787.2085286606805,1)
[134]: (788.3603327210652,1)
[135]: (785.2878746900418,1)
[136]: (788.2534681191879,1)
[137]: (787.0277154436719,1)
[138]: (788.205949756104,1)
[139]: (783.6233765893807,1)
[140]: (784.1874436460829,1)
[141]: (786.5573591914057,1)
[142]: (782.1909172211534,1)
[143]: (782.1131132896744,1)
[144]: (785.2079939461358,1)
[145]: (782.3046800363431,1)
[146]: (789.0188241793077,1)
[147]: (794.7693720675093,1)
[148]: (790.1930132517106,1)
[149]: (786.2032654333631,1)
[150]: (795.1164662231877,1)
[151]: (792.3836233022395,1)
[152]: (789.3251431293248,1)
[153]: (781.3026857461463,1)
[154]: (781.2859201617671,1)
[155]: (790.3407656411146,1)
[156]: (783.0620093170871,1)
[157]: (785.012939081853,1)
[158]: (792.2548400839071,1)
[159]: (788.4000485291489,1)
[160]: (784.2412411826881,1)
[161]: (784.1106856007075,1)
[162]: (789.8761100934659,1)
[163]: (787.1881885820114,1)
[164]: (789.4343320063423,1)
[165]: (785.1776345481079,1)
[166]: (792.42010105334,1)
[167]: (788.2647508186282,1)
[168]: (786.0640901197787,1)
[169]: (786.8552708626796,1)
[170]: (786.6813797409662,1)
[171]: (793.6854193993544,1)
[172]: (782.0842179811555,1)
[173]: (786.3124296136474,1)
[174]: (785.8114452994703,1)
[175]: (786.5230850102387,1)
[176]: (785.32535718175,1)
[177]: (792.1856563896177,1)
[178]: (785.1755935696136,1)
[179]: (783.1081086851532,1)
[180]: (789.2073715370956,1)
[181]: (792.2297624758754,1)
[182]: (790.1558947838405,1)
[183]: (783.1960993034468,1)
[184]: (785.272064447218,1)
[185]: (786.0039697221223,1)
[186]: (782.0203377210385,1)
[187]: (781.3066719447265,1)
[188]: (784.1211093220206,1)
[189]: (782.096809729415,1)
[190]: (785.1741873474321,1)
[191]: (786.2103255265692,1)
[192]: (783.8579119684845,1)
[193]: (791.0025204594492,1)
[194]: (787.0649924979031,1)
[195]: (785.4378675946207,1)
[196]: (783.0940563249424,1)
[197]: (794.4810162607693,1)
[198]: (785.8464381336108,1)
[199]: (788.0166486675138,1)
[200]: (787.1045336459665,1)
[201]: (791.6135977540441,1)
[202]: (782.0544433028756,1)
[203]: (783.023142232729,1)
[204]: (783.1536606580892,1)
[205]: (786.4683983128957,1)
[206]: (784.5732961898668,1)
[207]: (784.1746716382261,1)
[208]: (786.9486306286881,1)
[209]: (792.0900392914853,1)
[210]: (781.3057271601837,1)
[211]: (793.6861416551899,1)
[212]: (788.3696063926374,1)
[213]: (783.1347980954646,1)
[214]: (784.2616826089994,1)
[215]: (785.4628493122576,1)
[216]: (784.5700478236631,1)
[217]: (783.4718360865343,1)
[218]: (790.3063866341232,1)
[219]: (784.2015148323097,1)
[220]: (787.1099139082226,1)
[221]: (786.2923383566774,1)
[222]: (783.0950332818301,1)
[223]: (784.1630987112529,1)
[224]: (787.3851407701943,1)
[225]: (783.0400164420569,1)
[226]: (787.4785192578809,1)
[227]: (783.1055407066029,1)
[228]: (790.4125230077523,1)
[229]: (781.6997254813093,1)
[230]: (792.0898380568042,1)
[231]: (784.6797365595922,1)
[232]: (787.1428887014495,1)
[233]: (788.0517848100865,1)
[234]: (786.1300426002595,1)
[235]: (789.0487514452642,1)
[236]: (783.2846766735081,1)
[237]: (784.2068389555113,1)
[238]: (790.1037633592953,1)
[239]: (782.3770191025127,1)
[240]: (783.1302443182611,1)
[241]: (786.130080598075,1)
[242]: (781.3435997630822,1)
[243]: (782.3363333162221,1)
[244]: (788.314176126182,1)
[245]: (783.1744815801587,1)
[246]: (785.6874938098036,1)
[247]: (790.1883800348668,1)
[248]: (782.7130198271052,1)
[249]: (783.2386556869551,1)
[250]: (782.4587159317676,1)
[251]: (789.4383798846274,1)
[252]: (786.1247766722677,1)
[253]: (783.258933675286,1)
[254]: (785.0243508062521,1)
[255]: (787.0312208796988,1)
[256]: (786.1657615522572,1)
[257]: (786.195842623349,1)
[258]: (792.1405913227439,1)
[259]: (785.3290355340954,1)
[260]: (803.1602694588835,1)
[261]: (783.3289072332861,1)
[262]: (781.1134997440478,1)
[263]: (786.0546097709939,1)
[264]: (783.1085919546988,1)
[265]: (790.0904237690938,1)
[266]: (786.0037531927827,1)
[267]: (788.2099914873066,1)
[268]: (795.5441891474389,1)
[269]: (794.0718842228564,1)
[270]: (785.6292702485264,1)
[271]: (794.8826645938174,1)
[272]: (784.7370657352689,1)
[273]: (783.4583558137564,1)
[274]: (784.721880897974,1)
[275]: (786.3120795844229,1)
[276]: (792.0121399310677,1)
[277]: (787.0807633864056,1)
[278]: (794.1825733460212,1)
[279]: (785.7797203161983,1)
[280]: (783.9377417791438,1)
[281]: (794.1070800929787,1)
[282]: (784.3695999844335,1)
[283]: (783.4408172046558,1)
[284]: (788.644335328539,1)
[285]: (788.2474187333072,1)
[286]: (780.2015888443284,1)
[287]: (790.0727542376122,1)
[288]: (785.4136666119431,1)
[289]: (785.0142416180438,1)
[290]: (789.8390124812141,1)
[291]: (784.782202017829,1)
[292]: (788.2099028460988,1)
[293]: (781.0370651376909,1)
[294]: (786.2216327688529,1)
[295]: (785.321309142369,1)
[296]: (786.431644090719,1)
[297]: (782.7739949109831,1)
[298]: (789.2279227534024,1)
[299]: (783.0550686471423,1)
[300]: (780.0590600858955,1)
[301]: (784.5193164135702,1)
[302]: (786.1547797413513,1)
[303]: (789.1869491550769,1)
[304]: (789.0290714338425,1)
[305]: (789.4896396686205,1)
[306]: (782.1594001678594,1)
[307]: (789.3097863769746,1)
[308]: (786.7676127455777,1)
[309]: (786.0974720229278,1)
[310]: (784.2744803596648,1)
[311]: (786.3516423636336,1)
[312]: (791.1023278614241,1)
[313]: (787.1657419688154,1)
[314]: (785.1171156069549,1)
[315]: (784.0631162191011,1)
[316]: (785.5869848054851,1)
[317]: (782.2430059494993,1)
[318]: (783.0669224007515,1)
[319]: (784.1105867864153,1)
[320]: (783.1068426536311,1)
[321]: (782.0334298184266,1)
[322]: (783.0056831154601,1)
[323]: (787.2466597441696,1)
[324]: (792.7070999949752,1)
[325]: (789.6787392674872,1)
[326]: (789.2946385751266,1)
[327]: (781.8642712200535,1)
[328]: (785.3061424625463,1)
[329]: (785.2885260623444,1)
[330]: (781.3725208791343,1)
[331]: (782.2424436081417,1)
[332]: (785.0027744875836,1)
[333]: (794.5390004325948,1)
[334]: (786.0576778842626,1)
[335]: (781.3247210614186,1)
[336]: (787.2797232659406,1)
[337]: (789.0572509011596,1)
[338]: (785.3436646245804,1)
[339]: (788.7738510323436,1)
[340]: (791.0254721108759,1)
[341]: (787.2263967869753,1)
[342]: (786.4634678761021,1)
[343]: (794.1690264597216,1)
[344]: (787.0273242813432,1)
[345]: (789.3636209965852,1)
[346]: (788.2584104994701,1)
[347]: (780.115670073543,1)
[348]: (784.5632842205592,1)
[349]: (788.2837129699947,1)
[350]: (783.1580726443666,1)
[351]: (785.5583491778391,1)
[352]: (786.2711341609879,1)
[353]: (784.4949964707847,1)
[354]: (787.3305507883864,1)
[355]: (793.1293026459597,1)
[356]: (781.3788941755934,1)
[357]: (787.0419756374355,1)
[358]: (785.7100316508501,1)
[359]: (790.7699024082278,1)
[360]: (792.2637488111986,1)
[361]: (797.6539668392606,1)
[362]: (781.2245798170507,1)
[363]: (786.242006328633,1)
[364]: (782.3253523390973,1)
[365]: (785.4871205642166,1)
[366]: (785.031438055885,1)
[367]: (787.0085807562018,1)
[368]: (785.0781980426501,1)
[369]: (790.0341013600957,1)
[370]: (784.5198536019014,1)
[371]: (785.6562019557973,1)
[372]: (782.6064652605519,1)
[373]: (793.1862955892509,1)
[374]: (784.1394357821392,1)
[375]: (785.1980421073825,1)
[376]: (786.294759612094,1)
[377]: (786.3535443768703,1)
[378]: (779.8039445586396,1)
[379]: (785.1416289477964,1)
[380]: (783.4243668795369,1)
[381]: (786.0979370008677,1)
[382]: (783.1998960853558,1)
[383]: (786.2453382843785,1)
[384]: (780.08667573476,1)
[385]: (784.2406787921421,1)
[386]: (792.8194588571802,1)
[387]: (788.2138780074164,1)
[388]: (782.4336112468554,1)
[389]: (788.0064731902504,1)
[390]: (787.0576160637834,1)
[391]: (790.3601470776541,1)
[392]: (785.4076009399203,1)
[393]: (787.5326589606251,1)
[394]: (790.5341927969731,1)
[395]: (793.136503001787,1)
[396]: (796.4454293287367,1)
[397]: (781.1144237462187,1)
[398]: (787.273479935774,1)
[399]: (791.2061830671265,1)
[400]: (781.6559744009234,1)
[401]: (789.0855401775718,1)
[402]: (788.8911022955285,1)
[403]: (791.1091568690942,1)
[404]: (783.8067741544373,1)
[405]: (786.0283288364217,1)
[406]: (782.1369276722271,1)
[407]: (783.1509926477012,1)
[408]: (783.0981375015688,1)
[409]: (791.1048527854085,1)
[410]: (788.4187870834626,1)
[411]: (789.350637099374,1)
[412]: (786.4304667851288,1)
[413]: (783.2594705299217,1)
[414]: (781.2083858394354,1)
[415]: (787.1874265748286,1)
[416]: (787.3838195848436,1)
[417]: (783.6857462455579,1)
[418]: (787.5857835797706,1)
[419]: (784.8240371340373,1)
[420]: (787.3118445858101,1)
[421]: (784.1692918241674,1)
[422]: (781.099804673247,1)
[423]: (783.1985514792414,1)
[424]: (788.9033501933752,1)
[425]: (784.0607665297439,1)
[426]: (789.3007474675236,1)
[427]: (784.394708810899,1)
[428]: (783.0355797617116,1)
[429]: (796.1706546877841,1)
[430]: (784.1157094929946,1)
[431]: (783.0345218349753,1)
[432]: (788.2748079040828,1)
[433]: (788.0524818396583,1)
[434]: (790.4674462474733,1)
[435]: (786.0011080957846,1)
[436]: (782.6472755874928,1)
[437]: (788.1996682798034,1)
[438]: (782.4869215948213,1)
[439]: (781.227802674042,1)
[440]: (792.2384801911782,1)
[441]: (792.1838093867655,1)
[442]: (783.0241219195809,1)
[443]: (785.3836623764496,1)
[444]: (785.4659805701152,1)
[445]: (782.0059082152869,1)
[446]: (782.6252528668645,1)
[447]: (785.558134590526,1)
[448]: (781.4276116298894,1)
[449]: (780.316738391946,1)
[450]: (786.9080488243595,1)
[451]: (782.2586805248559,1)
[452]: (792.041045883932,1)
[453]: (785.6595789117587,1)
[454]: (780.0990060862603,1)
[455]: (781.3428141644017,1)
[456]: (781.9524327995028,1)
[457]: (783.7516296134262,1)
[458]: (781.0842529318023,1)
[459]: (787.0255811706962,1)
[460]: (789.0301263866627,1)
[461]: (783.1055979995378,1)
[462]: (790.0692841481554,1)
[463]: (784.419651315102,1)
[464]: (798.7167531954334,1)
[465]: (787.0848165771573,1)
[466]: (782.3164497108768,1)
[467]: (784.5651643520735,1)
[468]: (781.0676158092469,1)
[469]: (784.2705379787309,1)
[470]: (784.1237704509489,1)
[471]: (786.0838343148455,1)
[472]: (786.1773980164314,1)
[473]: (791.2107892421,1)
[474]: (789.008289916315,1)
[475]: (786.4399713537857,1)
[476]: (797.0931018920058,1)
[477]: (784.1747309570596,1)
[478]: (785.421767496813,1)
[479]: (786.264314317755,1)
[480]: (794.0062475877456,1)
[481]: (788.368161471165,1)
[482]: (788.4042789670831,1)
[483]: (788.8271850942882,1)
[484]: (782.1131750615328,1)
[485]: (787.1852949001384,1)
[486]: (790.5527252330348,1)
[487]: (786.0188654814317,1)
[488]: (793.197660522196,1)
[489]: (790.0895667195565,1)
[490]: (787.0120401563707,1)
[491]: (785.79097731911,1)
[492]: (785.4655160920678,1)
[493]: (798.3638225671915,1)
[494]: (785.7036968554938,1)
[495]: (780.0470861580146,1)
[496]: (784.7583236389548,1)
[497]: (788.1587315185436,1)
[498]: (780.6017133276512,1)
[499]: (790.1001135540502,1)
[500]: (793.0681955510826,1)
[501]: (784.2139103965681,1)
[502]: (784.0186432688758,1)
[503]: (785.4014236409142,1)
[504]: (789.5777557309473,1)
[505]: (791.1502844869113,1)
[506]: (792.2529184006731,1)
[507]: (794.2060682544915,1)
[508]: (794.3317676355263,1)
[509]: (783.212958022475,1)
[510]: (781.2443463019971,1)
[511]: (789.0400641760433,1)
[512]: (784.7593445932799,1)
[513]: (787.0688085775395,1)
[514]: (783.5449262505554,1)
[515]: (785.4307730839396,1)
[516]: (788.0367089016544,1)
[517]: (786.3987163831865,1)
[518]: (784.171728735294,1)
[519]: (781.7210473990965,1)
[520]: (791.2233336889257,1)
[521]: (790.3209511017097,1)
[522]: (790.3519986742026,1)
[523]: (786.1122307228291,1)
[524]: (785.0466317809547,1)
[525]: (785.2908285640324,1)
[526]: (782.262180750476,1)
[527]: (780.4232484145889,1)
[528]: (793.3340448894046,1)
[529]: (782.0717034572688,1)
[530]: (781.2254931264116,1)
[531]: (787.5214357936392,1)
[532]: (787.6133525642668,1)
[533]: (783.3612992244804,1)
[534]: (779.5376032986211,1)
[535]: (789.7593347322064,1)
[536]: (788.1193508827888,1)
[537]: (789.4757645764346,1)
[538]: (786.2895470995278,1)
[539]: (804.7698977672472,1)
[540]: (782.6718826957929,1)
[541]: (796.2465387482753,1)
[542]: (784.3141548483818,1)
[543]: (783.0915987750587,1)
[544]: (786.7953559194488,1)
[545]: (788.7591490585476,1)
[546]: (790.5483604003762,1)
[547]: (786.6193166559626,1)
[548]: (796.4298277456739,1)
[549]: (786.1349947178447,1)
[550]: (787.3730978800935,1)
[551]: (789.1562851210286,1)
[552]: (783.1242491333758,1)
[553]: (781.2761681399337,1)
[554]: (783.4885009170155,1)
[555]: (782.2631125860632,1)
[556]: (786.3558584986081,1)
[557]: (783.206687025849,1)
[558]: (789.0713223529168,1)
[559]: (786.2568442359312,1)
[560]: (788.5938407789162,1)
[561]: (780.1549375464774,1)
[562]: (783.1440089515976,1)
[563]: (785.0945259012027,1)
[564]: (782.3448261869099,1)
[565]: (793.1329219151613,1)
[566]: (788.3627085907549,1)
[567]: (784.0721739189554,1)
[568]: (782.0990433607572,1)
[569]: (780.2290743485122,1)
[570]: (783.1272916997558,1)
[571]: (789.2020172749565,1)
[572]: (788.5176095122393,1)
[573]: (781.1372110039632,1)
[574]: (784.1460076218069,1)
[575]: (782.2586197711112,1)
[576]: (784.1805330095868,1)
[577]: (792.0547431952434,1)
[578]: (789.7246464342099,1)
[579]: (784.9145785688612,1)
[580]: (783.2036296390262,1)
[581]: (791.6080733329341,1)
[582]: (787.8552913676637,1)
[583]: (785.2583210642065,1)
[584]: (782.6520260431851,1)
[585]: (786.0065015600068,1)
[586]: (784.3578326610764,1)
[587]: (781.0165278838663,1)
[588]: (784.0916441002216,1)
[589]: (784.2004768389885,1)
[590]: (781.0613590447707,1)
[591]: (782.0897080601762,1)
[592]: (782.0754107461219,1)
[593]: (781.0793952065681,1)
[594]: (791.0928369289963,1)
[595]: (786.1056881137373,1)
[596]: (784.5412663047476,1)
[597]: (781.2762863872632,1)
[598]: (785.6054019855158,1)
[599]: (786.2976467925338,1)
[600]: (779.4909601973002,1)
[601]: (782.0821343833119,1)
[602]: (787.3325322815149,1)
[603]: (791.6481937950786,1)
[604]: (783.8191363234286,1)
[605]: (798.5290039285637,1)
[606]: (789.12650627094,1)
[607]: (784.4574517132165,1)
[608]: (787.183509713249,1)
[609]: (790.0842691676979,1)
[610]: (789.3530763232638,1)
[611]: (787.1562945590687,1)
[612]: (793.2314911534138,1)
[613]: (787.4491782613486,1)
[614]: (794.3590843199726,1)
[615]: (786.1475232664383,1)
[616]: (789.1380315135086,1)
[617]: (783.2018095660881,1)
[618]: (785.0327887456421,1)
[619]: (784.2588233912926,1)
[620]: (785.8062164316185,1)
[621]: (782.6325005738896,1)
[622]: (781.3196268455345,1)
[623]: (786.0595369722813,1)
[624]: (784.39344875964,1)
[625]: (789.070887182472,1)
[626]: (800.0720781819944,1)
[627]: (791.0342060337696,1)
[628]: (784.1656644026178,1)
[629]: (790.0767513774653,1)
[630]: (786.40476435428,1)
[631]: (787.2656554224469,1)
[632]: (789.1754894455985,1)
[633]: (791.4381007886249,1)
[634]: (785.7644019004821,1)
[635]: (784.2687284982464,1)
[636]: (787.164181536654,1)
[637]: (781.3193962821066,1)
[638]: (793.2485768461595,1)
[639]: (787.5481568847309,1)
[640]: (782.4270041911159,1)
[641]: (782.6548307986224,1)
[642]: (796.3082725423282,1)
[643]: (790.2016681476144,1)
[644]: (784.068575279189,1)
[645]: (788.2362122239957,1)
[646]: (790.1950605045032,1)
[647]: (784.1623213206193,1)
[648]: (782.0641306096854,1)
[649]: (789.0978528775553,1)
[650]: (785.1854048658076,1)
[651]: (783.2309542983995,1)
[652]: (783.2727112285424,1)
[653]: (791.1532368809618,1)
[654]: (788.4090460108712,1)
[655]: (790.0721433440123,1)
[656]: (790.350801022363,1)
[657]: (788.4580709209763,1)
[658]: (781.0716719400767,1)
[659]: (786.0269949726996,1)
[660]: (788.0484672275118,1)
[661]: (790.429869864367,1)
[662]: (786.0890854346646,1)
[663]: (786.3588519393076,1)
[664]: (793.6114878530292,1)
[665]: (783.049152705962,1)
[666]: (785.2050510939446,1)
[667]: (796.4814018256492,1)
[668]: (785.5238779092531,1)
[669]: (782.2967340870739,1)
[670]: (782.2474549538778,1)
[671]: (784.6385436186155,1)
[672]: (792.1779955841331,1)
[673]: (784.0152131300869,1)
[674]: (783.3965636025417,1)
[675]: (788.6146269804254,1)
[676]: (791.0244619122473,1)
[677]: (791.0043240145637,1)
[678]: (781.0508272876469,1)
[679]: (784.0430850742714,1)
[680]: (784.1589126945722,1)
[681]: (785.5743183949384,1)
[682]: (785.5453316603705,1)
[683]: (780.8215956404177,1)
[684]: (782.6332709827307,1)
[685]: (792.2445170521002,1)
[686]: (784.453862477201,1)
[687]: (781.3365014080834,1)
[688]: (787.0345474631966,1)
[689]: (785.7810042559578,1)
[690]: (785.4192337569256,1)
[691]: (786.0484094247479,1)
[692]: (793.0767520476554,1)
[693]: (782.1417587417927,1)
[694]: (787.0271745417052,1)
[695]: (782.0142424604797,1)
[696]: (783.8300979305407,1)
[697]: (783.0501834491117,1)
[698]: (789.0704750465678,1)
[699]: (786.0483258376941,1)
[700]: (785.7508962252178,1)
[701]: (788.4283629669653,1)
[702]: (784.328203657152,1)
[703]: (786.003398462906,1)
[704]: (783.1991121410678,1)
[705]: (782.9614334510675,1)
[706]: (793.2542567231487,1)
[707]: (787.0875146842848,1)
[708]: (789.0939740778621,1)
[709]: (781.0554673280552,1)
[710]: (788.1957766998613,1)
[711]: (790.388091687085,1)
[712]: (790.6477253865511,1)
[713]: (790.9031792991616,1)
[714]: (792.6261058069479,1)
[715]: (783.0623561817654,1)
[716]: (786.2240925408411,1)
[717]: (781.03444058844,1)
[718]: (786.2652302206753,1)
[719]: (788.4767607961596,1)
[720]: (784.3140868962031,1)
[721]: (789.2059664561189,1)
[722]: (787.0369431656839,1)
[723]: (782.1159891647436,1)
[724]: (786.0733380355437,1)
[725]: (786.1162409896301,1)
[726]: (783.015576586051,1)
[727]: (790.2816727768443,1)
[728]: (781.3975667855707,1)
[729]: (780.0609941003341,1)
[730]: (782.4765206461489,1)
[731]: (782.546943601266,1)
[732]: (783.3552876902675,1)
[733]: (780.3058548809192,1)
[734]: (788.285133650057,1)
[735]: (784.2679933762034,1)
[736]: (785.5085470547375,1)
[737]: (787.1963168288679,1)
[738]: (782.1101650871205,1)
[739]: (781.1339872842307,1)
[740]: (788.4243847793841,1)
[741]: (796.4469746718702,1)
[742]: (791.405696843711,1)
[743]: (787.0094436290069,1)
[744]: (784.2637614656746,1)
[745]: (786.3806165361581,1)
[746]: (782.2210276926933,1)
[747]: (787.6261849865219,1)
[748]: (780.2847198709051,1)
[749]: (787.1389678722696,1)
[750]: (785.0593909365946,1)
[751]: (784.2131658348959,1)
[752]: (789.5284092155258,1)
[753]: (786.1719268239677,1)
[754]: (784.1839846512297,1)
[755]: (789.009578560358,1)
[756]: (787.149663825934,1)
[757]: (796.8647324352918,1)
[758]: (790.0028428646293,1)
[759]: (784.3078310518175,1)
[760]: (787.1408463782286,1)
[761]: (785.1894458086545,1)
[762]: (782.2014137883912,1)
[763]: (780.0078491636704,1)
[764]: (790.1187228099003,1)
[765]: (788.9842969875461,1)
[766]: (786.1910118502622,1)
[767]: (785.5065385609569,1)
[768]: (780.1798968994001,1)
[769]: (792.3483341343522,1)
[770]: (782.2095325706017,1)
[771]: (780.0737930592342,1)
[772]: (786.1119354838352,1)
[773]: (781.0580348635043,1)
[774]: (786.4032836201847,1)
[775]: (786.8670070163809,1)
[776]: (790.2404250434955,1)
[777]: (785.1628763836853,1)
[778]: (785.1223947249415,1)
[779]: (784.1492886209157,1)
[780]: (780.3702770022611,1)
[781]: (784.5440548545899,1)
[782]: (781.1337284336304,1)
[783]: (785.1718699757347,1)
[784]: (785.085036960785,1)
[785]: (785.3386205109017,1)
[786]: (783.5690409117515,1)
[787]: (781.0850525839852,1)
[788]: (786.4822948588385,1)
[789]: (789.1558470796806,1)
[790]: (782.2063736355457,1)
[791]: (786.5484442204684,1)
[792]: (783.0422346658011,1)
[793]: (781.6436678149964,1)
[794]: (782.0336172548728,1)
[795]: (785.6740393037513,1)
[796]: (785.3796786193012,1)
[797]: (784.2467277270229,1)
[798]: (787.2805247386093,1)
[799]: (798.053222744084,1)
[800]: (792.0929765630698,1)
[801]: (782.4361351484317,1)
[802]: (783.7295625616821,1)
[803]: (785.375255230818,1)
[804]: (786.0014627530587,1)
[805]: (785.0114405896788,1)
[806]: (782.1298627842099,1)
[807]: (792.1978994058397,1)
[808]: (786.728787668766,1)
[809]: (786.1916795662268,1)
[810]: (786.615290101162,1)
[811]: (786.3797458381367,1)
[812]: (784.2088408873358,1)
[813]: (782.646170968406,1)
[814]: (785.3886121493226,1)
[815]: (782.0782790943076,1)
[816]: (782.266534759522,1)
[817]: (788.6584648662755,1)
[818]: (786.0338730056658,1)
[819]: (791.7966495622256,1)
[820]: (791.1586937729145,1)
[821]: (783.5795539805306,1)
[822]: (783.0978678223336,1)
[823]: (790.5999200313881,1)
[824]: (786.6080927854971,1)
[825]: (787.2157922874726,1)
[826]: (790.6233424848455,1)
[827]: (788.5438200752766,1)
[828]: (783.1841409912444,1)
[829]: (783.2919974147354,1)
[830]: (789.3316306454672,1)
[831]: (783.0694830131829,1)
[832]: (785.3373530308013,1)
[833]: (786.0516782029991,1)
[834]: (784.7528443449536,1)
[835]: (790.6025816028201,1)
[836]: (789.1730101770427,1)
[837]: (781.2656720873025,1)
[838]: (781.1797077532175,1)
[839]: (786.3006389279409,1)
[840]: (789.7011242373852,1)
[841]: (785.012096001039,1)
[842]: (782.1897447729309,1)
[843]: (793.800650451975,1)
[844]: (785.8916698659676,1)
[845]: (788.0023379601683,1)
[846]: (786.905098823402,1)
[847]: (799.4021123461931,1)
[848]: (792.1461722591238,1)
[849]: (790.5449267334194,1)
[850]: (780.870706184196,1)
[851]: (783.5444005330223,1)
[852]: (789.6885543617117,1)
[853]: (783.5513197748561,1)
[854]: (785.2140229015899,1)
[855]: (781.0470453700323,1)
[856]: (782.1973018068594,1)
[857]: (781.4564851192489,1)
[858]: (782.3524556294514,1)
[859]: (787.0535260596964,1)
[860]: (788.1838630718225,1)
[861]: (782.0030900421145,1)
[862]: (787.0203439595871,1)
[863]: (787.0387161673518,1)
[864]: (786.0249956163586,1)
[865]: (782.3383015245099,1)
[866]: (790.5273956693877,1)
[867]: (782.2330337030703,1)
[868]: (790.2664150758937,1)
[869]: (787.066760692274,1)
[870]: (782.3963780244709,1)
[871]: (792.0037881126502,1)
[872]: (782.7407723425563,1)
[873]: (785.037686072292,1)
[874]: (787.1644002723931,1)
[875]: (785.2071913067722,1)
[876]: (781.6292627077112,1)
[877]: (791.5340354598432,1)
[878]: (790.0077646957131,1)
[879]: (792.0899166436317,1)
[880]: (781.4330248161248,1)
[881]: (786.1280184561034,1)
[882]: (792.569379216607,1)
[883]: (792.5580980219563,1)
[884]: (783.084805485807,1)
[885]: (783.0896199573964,1)
[886]: (784.6438281843895,1)
[887]: (801.0527445875271,1)
[888]: (783.0120075119023,1)
[889]: (785.1630257708811,1)
[890]: (782.0180171851753,1)
[891]: (786.1174328593231,1)
[892]: (782.001509524664,1)
[893]: (789.7359926718959,1)
[894]: (786.2282557191959,1)
[895]: (782.5078917091377,1)
[896]: (782.2345813801915,1)
[897]: (791.0421569755744,1)
[898]: (783.3379047474963,1)
[899]: (783.06139062374,1)
[900]: (786.3231224273678,1)
[901]: (780.4643005335573,1)
[902]: (788.3742629378853,1)
[903]: (791.3610979776856,1)
[904]: (786.234583410443,1)
[905]: (786.7618570915563,1)
[906]: (787.5189853782665,1)
[907]: (784.0287378918431,1)
[908]: (790.7232428361732,1)
[909]: (785.975655454949,1)
[910]: (790.0656791053617,1)
[911]: (790.5680873045593,1)
[912]: (790.6204702371376,1)
[913]: (785.1421946524081,1)
[914]: (784.8260484371622,1)
[915]: (795.0597977002875,1)
[916]: (785.4808698076616,1)
[917]: (789.569979682307,1)
[918]: (781.0797263584521,1)
[919]: (794.7793372577418,1)
[920]: (785.3256509815972,1)
[921]: (789.1519497199635,1)
[922]: (789.7618965943254,1)
[923]: (792.0101063647783,1)
[924]: (785.6593050227914,1)
[925]: (781.6531068246201,1)
[926]: (788.8771709762319,1)
[927]: (791.2195534189647,1)
[928]: (781.1037879486405,1)
[929]: (787.0190030715912,1)
[930]: (784.0616849041418,1)
[931]: (784.0603601138801,1)
[932]: (792.1737836960866,1)
[933]: (789.0313235173456,1)
[934]: (783.6448982114561,1)
[935]: (781.0481644278918,1)
[936]: (782.2160017684839,1)
[937]: (790.9815989335419,1)
[938]: (782.1949194117136,1)
[939]: (783.0289317385552,1)
[940]: (782.3781143117214,1)
[941]: (785.2948029959939,1)
[942]: (792.7513637597772,1)
[943]: (784.2653344077175,1)
[944]: (782.0390155183469,1)
[945]: (788.1444702449926,1)
[946]: (787.0459212700805,1)
[947]: (788.8091856648136,1)
[948]: (789.6728166068592,1)
[949]: (785.3537346646825,1)
[950]: (784.2616267849668,1)
[951]: (789.0235024341897,1)
[952]: (784.030395603921,1)
[953]: (784.0108439293111,1)
[954]: (781.2588109151037,1)
[955]: (789.2396610992826,1)
[956]: (785.6394485349576,1)
[957]: (784.4185800369529,1)
[958]: (794.1417842763972,1)
[959]: (784.0791178314149,1)
[960]: (781.2006547106395,1)
[961]: (789.0309446991237,1)
[962]: (790.1250211221578,1)
[963]: (785.1277175108662,1)
[964]: (786.1095438521135,1)
[965]: (785.0905351696256,1)
[966]: (785.2903460864676,1)
[967]: (780.3594948444889,1)
[968]: (783.3179637710097,1)
[969]: (788.1715688382112,1)
[970]: (782.1075332282861,1)
[971]: (782.5004422913831,1)
[972]: (791.1112910350006,1)
[973]: (784.0867068926518,1)
[974]: (784.2027053791292,1)
[975]: (787.124084466414,1)
[976]: (786.0117795322809,1)
[977]: (785.2714839738578,1)
[978]: (785.5769089228329,1)
[979]: (785.682122872191,1)
[980]: (782.7244314824733,1)
[981]: (789.8977062593103,1)
[982]: (782.1838820240523,1)
[983]: (783.1338288633417,1)
[984]: (786.2398876686655,1)
[985]: (787.0183806523387,1)
[986]: (791.6123266165027,1)
[987]: (786.2794797302113,1)
[988]: (782.6644825116564,1)
[989]: (780.3707931929027,1)
[990]: (791.2107183432482,1)
[991]: (784.2006971750648,1)
[992]: (782.2226173006358,1)
[993]: (781.1013367064115,1)
[994]: (792.1553044728332,1)
[995]: (786.354988215276,1)
[996]: (787.0958475801646,1)
[997]: (780.0481868226144,1)
[998]: (790.3316817644567,1)
[999]: (782.1699362094457,1)
[1000]: (788.3679532888618,1)
[1001]: (789.0885928382942,1)
[1002]: (784.5510506814036,1)
[1003]: (782.312364820222,1)
[1004]: (788.4612166445881,1)
[1005]: (783.2415937668036,1)
[1006]: (786.3467065306811,1)
[1007]: (789.035990028685,1)
[1008]: (780.744293272239,1)
[1009]: (789.0554812954681,1)
[1010]: (792.1326587415713,1)
[1011]: (787.4324852092675,1)
[1012]: (784.3282466336681,1)
[1013]: (786.2158047555477,1)
[1014]: (788.2356122580709,1)
[1015]: (797.2342922059797,1)
[1016]: (784.8824286309988,1)
[1017]: (784.8803675699032,1)
[1018]: (790.452759203931,1)
[1019]: (790.1617250184563,1)
[1020]: (783.0786416544147,1)
[1021]: (782.857786145108,1)
[1022]: (783.3335878976416,1)
[1023]: (789.2099711434145,1)
[1024]: (782.3521710420962,1)
[1025]: (782.8222563908488,1)
[1026]: (786.4656496974139,1)
[1027]: (784.3661513871727,1)
[1028]: (787.2249734878795,1)
[1029]: (790.4444992134559,1)
[1030]: (790.0317686444578,1)
[1031]: (782.2019231608763,1)
[1032]: (784.5254600834485,1)
[1033]: (785.3790813884655,1)
[1034]: (781.1864927715956,1)
[1035]: (783.2799351757121,1)
[1036]: (783.1880489458945,1)
[1037]: (784.4907321868907,1)
[1038]: (782.0600629814001,1)
[1039]: (784.0175384768726,1)
[1040]: (783.4039191351426,1)
[1041]: (782.9791261863593,1)
[1042]: (788.5910302716018,1)
[1043]: (782.063920788965,1)
[1044]: (783.2098218462394,1)
[1045]: (783.3532182494827,1)
[1046]: (785.0986103698849,1)
[1047]: (787.2180826465179,1)
[1048]: (785.1230242224424,1)
[1049]: (787.0223904887688,1)
[1050]: (791.4766276966467,1)
[1051]: (784.6682344759095,1)
[1052]: (783.6815916223677,1)
[1053]: (781.3975960217639,1)
[1054]: (784.1683273407009,1)
[1055]: (783.1601882945828,1)
[1056]: (781.5058915989404,1)
[1057]: (786.0330930458633,1)
[1058]: (793.0465426121694,1)
[1059]: (790.0387018294967,1)
[1060]: (781.1343146529332,1)
[1061]: (787.6513621928267,1)
[1062]: (780.2695414990789,1)
[1063]: (784.0960462399672,1)
[1064]: (799.6686084087528,1)
[1065]: (789.065161816951,1)
[1066]: (787.0221059136273,1)
[1067]: (785.3711286481653,1)
[1068]: (785.0278482321436,1)
[1069]: (781.3274503385841,1)
[1070]: (784.0519037480009,1)
[1071]: (784.1157833604702,1)
[1072]: (787.0726506271644,1)
[1073]: (791.1191974619329,1)
[1074]: (783.1448632903632,1)
[1075]: (789.1177996427286,1)
[1076]: (788.6248109159993,1)
[1077]: (785.1602692824688,1)
[1078]: (785.2815375594668,1)
[1079]: (784.0796584770684,1)
[1080]: (779.3985756518299,1)
[1081]: (789.3408828057729,1)
[1082]: (782.219836660469,1)
[1083]: (794.6795446184398,1)
[1084]: (788.0090494336258,1)
[1085]: (782.1239755834513,1)
[1086]: (785.7445856997167,1)
[1087]: (786.7806453035425,1)
[1088]: (787.019255475534,1)
[1089]: (784.6485008719015,1)
[1090]: (782.2274439603316,1)
[1091]: (792.3364905696442,1)
[1092]: (783.2659369715248,1)
[1093]: (784.6739704327825,1)
[1094]: (782.5178603945964,1)
[1095]: (781.3818222514212,1)
[1096]: (785.2544690109129,1)
[1097]: (783.1454840315373,1)
[1098]: (792.0520780494707,1)
[1099]: (783.0731215261154,1)
[1100]: (786.2901305597109,1)
[1101]: (783.2552423466066,1)
[1102]: (782.3082689344752,1)
[1103]: (784.0233863058687,1)
[1104]: (787.3047824132657,1)
[1105]: (786.0919431849103,1)
[1106]: (781.4383770606936,1)
[1107]: (791.2122087213492,1)
[1108]: (789.0945964612974,1)
[1109]: (786.036962935073,1)
[1110]: (781.0417370251291,1)
[1111]: (782.458695691495,1)
[1112]: (786.458138461666,1)
[1113]: (780.1078163969927,1)
[1114]: (783.0133537678811,1)
[1115]: (792.2407185863451,1)
[1116]: (787.5636668627955,1)
[1117]: (782.6668377046415,1)
[1118]: (790.2090507333049,1)
[1119]: (786.9261291150528,1)
[1120]: (787.6714250679011,1)
[1121]: (786.8472317574349,1)
[1122]: (791.7758396494139,1)
[1123]: (784.1599106277397,1)
[1124]: (798.057692661517,1)
[1125]: (785.959358550467,1)
[1126]: (783.342894146793,1)
[1127]: (801.1893027548682,1)
[1128]: (785.1731176923203,1)
[1129]: (782.2227042134424,1)
[1130]: (794.138715480434,1)
[1131]: (788.1874864171729,1)
[1132]: (790.0486235854141,1)
[1133]: (786.0135235302798,1)
[1134]: (786.789352495485,1)
[1135]: (783.024217612285,1)
[1136]: (783.0489394649055,1)
[1137]: (784.9148201231717,1)
[1138]: (789.0747931218825,1)
[1139]: (789.1285554213731,1)
[1140]: (785.6376781761446,1)
[1141]: (788.5923852323547,1)
[1142]: (787.0855711243701,1)
[1143]: (782.1922040223818,1)
[1144]: (783.5663789854062,1)
[1145]: (786.2173417068009,1)
[1146]: (793.5616155022216,1)
[1147]: (787.0152925177238,1)
[1148]: (793.598186028293,1)
[1149]: (784.0630857032083,1)
[1150]: (788.4356480504752,1)
[1151]: (787.7889212755706,1)
[1152]: (786.8732549560591,1)
[1153]: (781.0267919974314,1)
[1154]: (793.0436198643531,1)
[1155]: (793.0011747445483,1)
[1156]: (786.2147001490118,1)
[1157]: (785.4727035483908,1)
[1158]: (786.7793395746168,1)
[1159]: (784.0849962958699,1)
[1160]: (788.0144461402491,1)
[1161]: (787.1296345960026,1)
[1162]: (787.0574767294905,1)
[1163]: (785.051853139983,1)
[1164]: (789.1033496306788,1)
[1165]: (789.2204199600147,1)
[1166]: (782.0005574363701,1)
[1167]: (784.5290694842583,1)
[1168]: (793.1057170805213,1)
[1169]: (783.9804435318938,1)
[1170]: (787.4539418260464,1)
[1171]: (793.0522450227863,1)
[1172]: (793.2779726879767,1)
[1173]: (791.5525849976301,1)
[1174]: (780.538871061712,1)
[1175]: (788.1185663329534,1)
[1176]: (786.0026064026204,1)
[1177]: (781.1174365034127,1)
[1178]: (783.0665771465443,1)
[1179]: (782.2639652801986,1)
[1180]: (785.5915485708041,1)
[1181]: (790.6082669471756,1)
[1182]: (784.0243231051535,1)
[1183]: (783.0838970643068,1)
[1184]: (784.1387234438827,1)
[1185]: (783.3729565840132,1)
[1186]: (782.3757897618829,1)
[1187]: (784.0269994922307,1)
[1188]: (786.1884554597029,1)
[1189]: (780.1017286799816,1)
[1190]: (781.8146064442594,1)
[1191]: (782.1186605430878,1)
[1192]: (788.1903356956657,1)
[1193]: (784.1010811134754,1)
[1194]: (788.1410593539788,1)
[1195]: (790.4053039160588,1)
[1196]: (783.033286644416,1)
[1197]: (784.7171451349968,1)
[1198]: (784.4438507183424,1)
[1199]: (788.0951563394775,1)
[1200]: (785.3882998781944,1)
[1201]: (783.8952371571379,1)
[1202]: (790.7879253358923,1)
[1203]: (784.1369046568553,1)
[1204]: (784.4203753264433,1)
[1205]: (784.3662513483703,1)
[1206]: (791.1740730093208,1)
[1207]: (781.0609489224001,1)
[1208]: (788.1077281946569,1)
[1209]: (779.5848769950783,1)
[1210]: (787.0502340930395,1)
[1211]: (789.2488189525865,1)
[1212]: (785.4071634197843,1)
[1213]: (787.1363442546672,1)
[1214]: (784.591653943888,1)
[1215]: (788.5148903197404,1)
[1216]: (792.1694433746222,1)
[1217]: (781.0118412872724,1)
[1218]: (785.0213091285278,1)
[1219]: (782.4105528263042,1)
[1220]: (793.0918284895812,1)
[1221]: (789.3936342086918,1)
[1222]: (784.024449392241,1)
[1223]: (784.2694343926323,1)
[1224]: (786.1072980778075,1)
[1225]: (788.4452258596477,1)
[1226]: (786.0290168667689,1)
[1227]: (784.2728271585056,1)
[1228]: (781.2066197894152,1)
[1229]: (788.1687550278798,1)
[1230]: (787.157098204431,1)
[1231]: (786.0514880086807,1)
[1232]: (783.3015017609315,1)
[1233]: (787.096522435001,1)
[1234]: (780.3417371562633,1)
[1235]: (788.6596751948819,1)
[1236]: (793.1122810858571,1)
[1237]: (785.6821608841137,1)
[1238]: (787.5254556626302,1)
[1239]: (787.6990090302786,1)
[1240]: (786.0016033049379,1)
[1241]: (790.1359313843876,1)
[1242]: (789.0664721390875,1)
[1243]: (786.0178927516415,1)
[1244]: (795.7607646433394,1)
[1245]: (786.7479952479199,1)
[1246]: (788.3095000700256,1)
[1247]: (786.18988630443,1)
[1248]: (788.7993745591435,1)
[1249]: (785.2399499033527,1)
[1250]: (781.587893003766,1)
[1251]: (786.3730031217649,1)
[1252]: (783.0194006429597,1)
[1253]: (787.049357408254,1)
[1254]: (784.2865038325889,1)
[1255]: (788.4902292368171,1)
[1256]: (784.0927816443143,1)
[1257]: (790.1666769304276,1)
[1258]: (789.5462027918999,1)
[1259]: (790.2832600432172,1)
[1260]: (787.5980275465087,1)
[1261]: (784.290173102792,1)
[1262]: (785.7292610673198,1)
[1263]: (788.9488462878892,1)
[1264]: (786.1173795194301,1)
[1265]: (787.326307867032,1)
[1266]: (793.0690107363101,1)
[1267]: (795.7272244127205,1)
[1268]: (785.9492122096119,1)
[1269]: (790.3144376148133,1)
[1270]: (785.678861384813,1)
[1271]: (784.1975583844427,1)
[1272]: (785.0657055424989,1)
[1273]: (789.6364172829217,1)
[1274]: (785.4780776959344,1)
[1275]: (789.3008504207888,1)
[1276]: (784.0905476830445,1)
[1277]: (792.1147661073917,1)
[1278]: (784.0004770733455,1)
[1279]: (782.6816073283323,1)
[1280]: (783.164798559928,1)
[1281]: (780.894936448393,1)
[1282]: (792.050849138269,1)
[1283]: (786.1589784614174,1)
[1284]: (786.0536717131156,1)
[1285]: (783.247626877153,1)
[1286]: (786.7419943585754,1)
[1287]: (782.5815353350195,1)
[1288]: (783.0650876051437,1)
[1289]: (787.6266164874862,1)
[1290]: (785.0015039056165,1)
[1291]: (784.0112889200745,1)
[1292]: (780.1207191579763,1)
[1293]: (790.7881212089693,1)
[1294]: (784.0647369133127,1)
[1295]: (786.6163638426536,1)
[1296]: (783.2422148185193,1)
[1297]: (782.2186277660436,1)
[1298]: (784.223660296895,1)
[1299]: (785.1139601159457,1)
[1300]: (787.0726268122964,1)
[1301]: (786.2030958519177,1)
[1302]: (781.0159627276857,1)
[1303]: (785.1177719692663,1)
[1304]: (780.0330689900385,1)
[1305]: (787.1191026413192,1)
[1306]: (784.520269535042,1)
[1307]: (790.0736056960766,1)
[1308]: (783.1083308053783,1)
[1309]: (784.3954983484465,1)
[1310]: (788.5724247063927,1)
[1311]: (786.1892858827898,1)
[1312]: (787.9853457037996,1)
[1313]: (781.0473260822272,1)
[1314]: (782.3472044205282,1)
[1315]: (788.0559058051646,1)
[1316]: (783.3627658356407,1)
[1317]: (783.6497893211462,1)
[1318]: (782.4064153129334,1)
[1319]: (780.3398235580577,1)
[1320]: (781.1212890390995,1)
[1321]: (783.0926162998931,1)
[1322]: (797.3184454351677,1)
[1323]: (785.5113043150369,1)
[1324]: (785.4141081510389,1)
[1325]: (782.4375836608855,1)
[1326]: (789.0216718922761,1)
[1327]: (786.0659365632573,1)
[1328]: (787.6447511497013,1)
[1329]: (783.2369677725442,1)
[1330]: (787.8174051225546,1)
[1331]: (782.2015403934363,1)
[1332]: (784.6717194264641,1)
[1333]: (787.0303571027026,1)
[1334]: (781.349586024829,1)
[1335]: (782.2791276747989,1)
[1336]: (783.1986987433298,1)
[1337]: (782.9864448419725,1)
[1338]: (790.0316258680143,1)
[1339]: (783.2321056108036,1)
[1340]: (782.4161403678415,1)
[1341]: (784.1394161775511,1)
[1342]: (784.4106107572932,1)
[1343]: (783.4103571770391,1)
[1344]: (788.2922944692175,1)
[1345]: (781.8964101376379,1)
[1346]: (785.0826943647867,1)
[1347]: (795.111883138195,1)
[1348]: (785.2272360687657,1)
[1349]: (796.5036607492775,1)
[1350]: (782.0912561039192,1)
[1351]: (784.7840703894429,1)
[1352]: (780.0577479397637,1)
[1353]: (788.3928129526003,1)
[1354]: (787.0001949329231,1)
[1355]: (784.0023240385912,1)
[1356]: (785.1447341803399,1)
[1357]: (786.3974252387527,1)
[1358]: (790.37098722648,1)
[1359]: (784.01217265283,1)
[1360]: (790.3158894327386,1)
[1361]: (784.2821525211608,1)
[1362]: (791.2219728816214,1)
[1363]: (789.0258846824241,1)
[1364]: (782.2613391767694,1)
[1365]: (783.0414786878321,1)
[1366]: (780.2765339609557,1)
[1367]: (784.5555287300822,1)
[1368]: (784.2147027684392,1)
[1369]: (782.1706023370684,1)
[1370]: (795.530925390486,1)
[1371]: (783.5519903457815,1)
[1372]: (782.2100818370986,1)
[1373]: (783.0382274404102,1)
[1374]: (781.1021621340759,1)
[1375]: (794.2003378110677,1)
[1376]: (783.4349813399294,1)
[1377]: (785.0920433070555,1)
[1378]: (793.0480258138542,1)
[1379]: (790.3549253106974,1)
[1380]: (787.9184332639032,1)
[1381]: (792.1281493310577,1)
[1382]: (787.4434310662765,1)
[1383]: (783.1592998991243,1)
[1384]: (780.0345324028145,1)
[1385]: (786.1056554928907,1)
[1386]: (782.0264672475474,1)
[1387]: (784.5446652318225,1)
[1388]: (786.1803907047962,1)
[1389]: (787.5168299606731,1)
[1390]: (790.2352013579344,1)
[1391]: (784.2339225438179,1)
[1392]: (795.3288784987684,1)
[1393]: (794.4541355834247,1)
[1394]: (785.6821875661202,1)
[1395]: (786.3229388141402,1)
[1396]: (786.3782270440943,1)
[1397]: (781.0483660240502,1)
[1398]: (787.0048356088503,1)
[1399]: (795.4179157243597,1)
[1400]: (783.0441825128976,1)
[1401]: (787.1313354796188,1)
[1402]: (783.1783842642731,1)
[1403]: (782.775410801484,1)
[1404]: (785.4322760029286,1)
[1405]: (790.0057453295676,1)
[1406]: (790.4860058677018,1)
[1407]: (786.0017257887295,1)
[1408]: (782.0657200249974,1)
[1409]: (793.0805221918858,1)
[1410]: (791.0931698920375,1)
[1411]: (788.1051596136912,1)
[1412]: (789.0322832410604,1)
[1413]: (788.2635020163997,1)
[1414]: (792.1230911863518,1)
[1415]: (779.3586165546918,1)
[1416]: (783.3147342874669,1)
[1417]: (781.3247171642597,1)
[1418]: (785.160197567996,1)
[1419]: (785.0391967660955,1)
[1420]: (786.1134720512249,1)
[1421]: (790.4944069880215,1)
[1422]: (782.0105808888098,1)
[1423]: (792.0236127094702,1)
[1424]: (787.0117500057161,1)
[1425]: (789.2409455547145,1)
[1426]: (791.0977833449874,1)
[1427]: (788.4750745336678,1)
[1428]: (789.2331343434669,1)
[1429]: (788.5008030200888,1)
[1430]: (784.0550952876794,1)
[1431]: (785.1562887168122,1)
[1432]: (793.7224507664807,1)
[1433]: (787.1188855630994,1)
[1434]: (789.0077269164049,1)
[1435]: (791.4829036470032,1)
[1436]: (781.3600636264817,1)
[1437]: (782.015080084365,1)
[1438]: (788.4098562282398,1)
[1439]: (784.6042959858346,1)
[1440]: (784.4473895521721,1)
[1441]: (783.3036450316299,1)
[1442]: (786.0284933234714,1)
[1443]: (790.1529863939254,1)
[1444]: (784.0411769056045,1)
[1445]: (790.3827861420119,1)
[1446]: (786.2285423686903,1)
[1447]: (786.3136430721972,1)
[1448]: (794.322384810431,1)
[1449]: (785.0272629035495,1)
[1450]: (787.5240809127173,1)
[1451]: (783.1390285914749,1)
[1452]: (785.2180824417921,1)
[1453]: (791.5864878453496,1)
[1454]: (785.1733722074715,1)
[1455]: (782.4122026753447,1)
[1456]: (784.1639914773235,1)
[1457]: (787.0369622809852,1)
[1458]: (785.3873387763547,1)
[1459]: (787.0699869989404,1)
[1460]: (781.0855473203981,1)
[1461]: (783.6736330704446,1)
[1462]: (785.1262300025639,1)
[1463]: (782.5962673658097,1)
[1464]: (790.0762207722695,1)
[1465]: (789.2083219255999,1)
[1466]: (786.035172207739,1)
[1467]: (783.5466592248816,1)
[1468]: (781.0990433213653,1)
[1469]: (789.123097162398,1)
[1470]: (780.2659117471405,1)
[1471]: (787.4152742657539,1)
[1472]: (787.1361397972063,1)
[1473]: (786.0520453592716,1)
[1474]: (791.2341418260207,1)
[1475]: (786.2012739148013,1)
[1476]: (785.557592699554,1)
[1477]: (788.5883870677399,1)
[1478]: (790.3516199485039,1)
[1479]: (788.9500661634811,1)
[1480]: (786.1074387346024,1)
[1481]: (784.5525909170574,1)
[1482]: (784.3599482186007,1)
[1483]: (791.7899876057346,1)
[1484]: (781.7751940187773,1)
[1485]: (781.0997962243209,1)
[1486]: (787.1963027963133,1)
[1487]: (785.5129742047087,1)
[1488]: (790.0673388154953,1)
[1489]: (792.4364782633709,1)
[1490]: (784.2669484885288,1)
[1491]: (781.2624789773772,1)
[1492]: (782.1502970798313,1)
[1493]: (785.1960965405872,1)
[1494]: (784.0843446070428,1)
[1495]: (793.2305640119217,1)
[1496]: (786.1476442619478,1)
[1497]: (789.1047191280803,1)
[1498]: (785.4049894306721,1)
[1499]: (789.0850133704528,1)
[1500]: (785.6519947634372,1)
[1501]: (784.7280137439944,1)
[1502]: (793.1593681479935,1)
[1503]: (783.3302265694922,1)
[1504]: (785.3909612333376,1)
[1505]: (784.7073565568286,1)
[1506]: (787.6093343417269,1)
[1507]: (789.1294239156001,1)
[1508]: (795.4634191036157,1)
[1509]: (785.2157013750104,1)
[1510]: (785.5924073365629,1)
[1511]: (785.0960356077762,1)
[1512]: (787.0761618045052,1)
[1513]: (791.0778396988983,1)
[1514]: (783.1181960148136,1)
[1515]: (782.651142464051,1)
[1516]: (783.0877555282765,1)
[1517]: (793.1578172092597,1)
[1518]: (780.1126652066255,1)
[1519]: (783.2815944968891,1)
[1520]: (785.4073575434853,1)
[1521]: (789.2760922376624,1)
[1522]: (785.6435994992296,1)
[1523]: (789.4197828240412,1)
[1524]: (780.0378665915662,1)
[1525]: (789.3780146622374,1)
[1526]: (781.2372050874482,1)
[1527]: (787.6021729693215,1)
[1528]: (785.2145567748397,1)
[1529]: (785.1060029983394,1)
[1530]: (785.0140472246894,1)
[1531]: (797.3111730390366,1)
[1532]: (790.3713646873068,1)
[1533]: (783.393188625777,1)
[1534]: (793.4669226913981,1)
[1535]: (792.0577532367494,1)
[1536]: (785.4217602770519,1)
[1537]: (784.0673382696509,1)
[1538]: (785.1945935194005,1)
[1539]: (788.3657327298304,1)
[1540]: (791.1424432067339,1)
[1541]: (783.3413443956708,1)
[1542]: (787.3845700587137,1)
[1543]: (784.5803248362861,1)
[1544]: (786.1738358904968,1)
[1545]: (781.0995058115973,1)
[1546]: (787.0818871906401,1)
[1547]: (794.0417102956731,1)
[1548]: (786.0510743906817,1)
[1549]: (787.0871916047939,1)
[1550]: (785.3627345765663,1)
[1551]: (782.2025419553247,1)
[1552]: (788.4349406196972,1)
[1553]: (791.0215293572245,1)
[1554]: (787.1180875771004,1)
[1555]: (786.4871002956771,1)
[1556]: (781.2193889456171,1)
[1557]: (785.0021099177347,1)
[1558]: (781.1901374479639,1)
[1559]: (794.2328918820338,1)
[1560]: (787.1632768770198,1)
[1561]: (789.2114129034346,1)
[1562]: (784.2074906481774,1)
[1563]: (782.793540940194,1)
[1564]: (787.0468884256866,1)
[1565]: (789.3483638163854,1)
[1566]: (789.1482045384932,1)
[1567]: (786.1580606915575,1)
[1568]: (783.4120761515051,1)
[1569]: (785.3485111450725,1)
[1570]: (787.2494008014029,1)
[1571]: (782.2807362041231,1)
[1572]: (787.0099919284506,1)
[1573]: (785.5236762533822,1)
[1574]: (788.2954615389385,1)
[1575]: (783.1085167658392,1)
[1576]: (788.7569092879187,1)
[1577]: (782.1325337766367,1)
[1578]: (782.0255465872762,1)
[1579]: (785.0171590481584,1)
[1580]: (790.2950373039995,1)
[1581]: (793.1779299154562,1)
[1582]: (787.4512992527052,1)
[1583]: (791.1602397067777,1)
[1584]: (781.6250302904767,1)
[1585]: (785.7477478445908,1)
[1586]: (782.3848496420524,1)
[1587]: (784.4512711705655,1)
[1588]: (787.2143900165516,1)
[1589]: (786.0311824534577,1)
[1590]: (791.0087138587854,1)
[1591]: (782.6618440887423,1)
[1592]: (786.7112620807296,1)
[1593]: (787.0605066737949,1)
[1594]: (789.0923841351462,1)
[1595]: (792.5037645616623,1)
[1596]: (781.2446525977531,1)
[1597]: (786.1238965077722,1)
[1598]: (783.1781219304839,1)
[1599]: (785.0441103803272,1)
[1600]: (784.19364973773,1)
[1601]: (796.4910610739728,1)
[1602]: (788.6943764409426,1)
[1603]: (782.6145032672479,1)
[1604]: (782.2209987034901,1)
[1605]: (786.5128784205809,1)
[1606]: (782.1731059055737,1)
[1607]: (783.3024001472245,1)
[1608]: (791.0833378718809,1)
[1609]: (792.3911549114628,1)
[1610]: (784.9453687958553,1)
[1611]: (789.0838305192386,1)
[1612]: (796.2156530653857,1)
[1613]: (787.0174851056062,1)
[1614]: (789.2569849554193,1)
[1615]: (784.1389392035343,1)
[1616]: (784.2208545330139,1)
[1617]: (784.0515813030354,1)
[1618]: (786.0920398809326,1)
[1619]: (783.5235727737141,1)
[1620]: (788.0220140608544,1)
[1621]: (787.0930900242041,1)
[1622]: (782.0648220022171,1)
[1623]: (782.2219534431326,1)
[1624]: (793.0150023615066,1)
[1625]: (791.038059179589,1)
[1626]: (780.4833799193908,1)
[1627]: (788.7594523240178,1)
[1628]: (786.1196660906712,1)
[1629]: (782.4465598891446,1)
[1630]: (787.0882055342888,1)
[1631]: (782.2856306625877,1)
[1632]: (791.1521961692116,1)
[1633]: (786.1275983024498,1)
[1634]: (783.6157747351309,1)
[1635]: (782.6238644584572,1)
[1636]: (790.1503600071181,1)
[1637]: (781.4011133552541,1)
[1638]: (790.2861270775443,1)
[1639]: (782.0682969650661,1)
[1640]: (786.2994375342276,1)
[1641]: (787.0219105397596,1)
[1642]: (788.1378448120965,1)
[1643]: (783.2940515998525,1)
[1644]: (785.5829802974241,1)
[1645]: (785.606663760112,1)
[1646]: (785.112535872946,1)
[1647]: (787.2831395926069,1)
[1648]: (788.0664594474052,1)
[1649]: (784.3873549539951,1)
[1650]: (786.2883661534566,1)
[1651]: (785.2602317792969,1)
[1652]: (786.1357891286115,1)
[1653]: (784.1136704848802,1)
[1654]: (785.1443814951622,1)
[1655]: (780.2360698336292,1)
[1656]: (783.1826624512125,1)
[1657]: (780.0736650965671,1)
[1658]: (790.3754025096688,1)
[1659]: (780.6381144969771,1)
[1660]: (779.2636433649334,1)
[1661]: (782.0283439059597,1)
[1662]: (786.3307552481509,1)
[1663]: (789.7306696956944,1)
[1664]: (795.0129231070213,1)
[1665]: (808.3995780876385,1)
[1666]: (794.4177829053033,1)
[1667]: (787.4970519505065,1)
[1668]: (786.3450765591042,1)
[1669]: (791.0058812485736,1)
[1670]: (785.2662266554112,1)
[1671]: (789.6977280093815,1)
[1672]: (786.2971091037571,1)
[1673]: (783.0690482426311,1)
[1674]: (784.1251816750392,1)
[1675]: (786.4014452992598,1)
[1676]: (783.5477204729358,1)
[1677]: (786.0031284884002,1)
[1678]: (781.6358152776801,1)
[1679]: (786.3131624771945,1)
[1680]: (788.2702172288446,1)
[1681]: (792.4186886610853,1)
[1682]: (783.1842649513918,1)
[1683]: (785.3204391522606,1)
[1684]: (787.1065731573751,1)
[1685]: (785.1359886023105,1)
[1686]: (786.2258469335038,1)
[1687]: (780.0416736490049,1)
[1688]: (789.3487861332788,1)
[1689]: (789.1976271257608,1)
[1690]: (788.3747079325447,1)
[1691]: (789.3915837194174,1)
[1692]: (787.0100976295566,1)
[1693]: (786.0912679116459,1)
[1694]: (783.0362157590386,1)
[1695]: (784.2450939079181,1)
[1696]: (787.1006500084536,1)
[1697]: (789.6057385981551,1)
[1698]: (790.0602878993012,1)
[1699]: (786.3669875250346,1)
[1700]: (786.0535621889221,1)
[1701]: (783.5903623422769,1)
[1702]: (794.1183732036239,1)
[1703]: (791.1543361434798,1)
[1704]: (783.242956216785,1)
[1705]: (786.0073275732452,1)
[1706]: (791.2510884877177,1)
[1707]: (786.2505285373952,1)
[1708]: (783.4452980240677,1)
[1709]: (790.0670122921706,1)
[1710]: (788.3687704372064,1)
[1711]: (786.9036425102917,1)
[1712]: (785.5874731603783,1)
[1713]: (793.1305311646089,1)
[1714]: (788.143627104174,1)
[1715]: (788.3245890146982,1)
[1716]: (783.0924382866647,1)
[1717]: (785.8679613449353,1)
[1718]: (780.1758949883802,1)
[1719]: (785.0167046934031,1)
[1720]: (791.5930412214093,1)
[1721]: (782.0524209334326,1)
[1722]: (780.2034770757209,1)
[1723]: (785.5172341425941,1)
[1724]: (787.1035013901031,1)
[1725]: (783.3297152778554,1)
[1726]: (790.5024063493058,1)
[1727]: (783.9320349775566,1)
[1728]: (784.5294209666356,1)
[1729]: (782.3688301067862,1)
[1730]: (787.4231116668856,1)
[1731]: (786.7462736645352,1)
[1732]: (782.1731014026757,1)
[1733]: (788.2506955957001,1)
[1734]: (786.0587391685392,1)
[1735]: (783.5983970106581,1)
[1736]: (782.1936774969425,1)
[1737]: (786.0250083055751,1)
[1738]: (787.7063701558526,1)
[1739]: (783.6366904069641,1)
[1740]: (788.3780462754866,1)
[1741]: (783.5313320836526,1)
[1742]: (781.4711931741624,1)
[1743]: (782.1331481805665,1)
[1744]: (787.0379614652209,1)
[1745]: (788.0401218385084,1)
[1746]: (780.1793292115801,1)
[1747]: (785.2499043693909,1)
[1748]: (788.0265028106692,1)
[1749]: (786.093595369991,1)
[1750]: (791.9927368578053,1)
[1751]: (791.286542569282,1)
[1752]: (781.2926445135082,1)
[1753]: (789.2925562209851,1)
[1754]: (797.2828295508411,1)
[1755]: (786.4110003530139,1)
[1756]: (793.3803153989714,1)
[1757]: (788.3534673563024,1)
[1758]: (785.2937958936304,1)
[1759]: (783.6759277047065,1)
[1760]: (784.2805713412986,1)
[1761]: (788.8922813637087,1)
[1762]: (784.2427628375173,1)
[1763]: (780.8308253371528,1)
[1764]: (782.4849760646806,1)
[1765]: (785.1521242220751,1)
[1766]: (786.0368761904662,1)
[1767]: (783.3869719998819,1)
[1768]: (782.0511983652395,1)
[1769]: (779.5355587284137,1)
[1770]: (791.2372971412123,1)
[1771]: (791.3106428011652,1)
[1772]: (791.1850451613561,1)
[1773]: (783.3788099081452,1)
[1774]: (782.0597622930943,1)
[1775]: (790.3619616663971,1)
[1776]: (783.58934424732,1)
[1777]: (787.4946136448085,1)
[1778]: (790.6999888018871,1)
[1779]: (788.0500129112561,1)
[1780]: (784.4003213426342,1)
[1781]: (787.100134704556,1)
[1782]: (795.2308502964349,1)
[1783]: (786.1517229968308,1)
[1784]: (785.013478304892,1)
[1785]: (786.7481132111473,1)
[1786]: (782.6697371015482,1)
[1787]: (788.5444971810889,1)
[1788]: (783.5395625925806,1)
[1789]: (794.138816873745,1)
[1790]: (785.0311210381589,1)
[1791]: (781.9977485156033,1)
[1792]: (797.126137059081,1)
[1793]: (787.0282920589316,1)
[1794]: (787.2762587809299,1)
[1795]: (782.5815090509244,1)
[1796]: (785.0039390888295,1)
[1797]: (782.0492159211884,1)
[1798]: (784.0480256334312,1)
[1799]: (782.9741504042132,1)
[1800]: (787.442988384309,1)
[1801]: (786.9951313612524,1)
[1802]: (789.9293457410695,1)
[1803]: (782.4507633545653,1)
[1804]: (779.7087995354683,1)
[1805]: (790.0544768282515,1)
[1806]: (786.7359070348017,1)
[1807]: (783.2586484767069,1)
[1808]: (783.5766634380027,1)
[1809]: (785.1881914642883,1)
[1810]: (787.2605690405711,1)
[1811]: (789.0223770714524,1)
[1812]: (781.1277181435375,1)
[1813]: (788.2186102204795,1)
[1814]: (785.1442438752664,1)
[1815]: (790.8879019535505,1)
[1816]: (782.5760371469412,1)
[1817]: (783.1306547996286,1)
[1818]: (783.5964537961639,1)
[1819]: (785.3989408738797,1)
[1820]: (784.2438623085451,1)
[1821]: (785.0943781424556,1)
[1822]: (792.1338327517456,1)
[1823]: (783.0243564860017,1)
[1824]: (789.0376462198394,1)
[1825]: (789.0308929694856,1)
[1826]: (782.0310598562378,1)
[1827]: (788.0794653157989,1)
[1828]: (790.0482928571394,1)
[1829]: (780.2619304480039,1)
[1830]: (790.3296079807054,1)
[1831]: (791.0942471942467,1)
[1832]: (785.5715377835819,1)
[1833]: (791.3571884106102,1)
[1834]: (789.4643880816969,1)
[1835]: (780.1258382732486,1)
[1836]: (790.2562119462101,1)
[1837]: (781.5061805938027,1)
[1838]: (785.0765646649771,1)
[1839]: (784.342450739201,1)
[1840]: (780.2616692535098,1)
[1841]: (783.301383571642,1)
[1842]: (788.1255636869341,1)
[1843]: (787.0816313466793,1)
[1844]: (787.6574379792786,1)
[1845]: (781.4245962190537,1)
[1846]: (784.0105685608497,1)
[1847]: (792.679283122809,1)
[1848]: (782.0884992154071,1)
[1849]: (785.023009042238,1)
[1850]: (785.1843208057686,1)
[1851]: (787.0410003443584,1)
[1852]: (795.0242680917263,1)
[1853]: (783.08062697917,1)
[1854]: (783.330499021012,1)
[1855]: (783.2166357697575,1)
[1856]: (792.6943417561889,1)
[1857]: (784.1288930687447,1)
[1858]: (792.0259417840698,1)
[1859]: (788.172724204052,1)
[1860]: (791.2635189016089,1)
[1861]: (788.7632106500658,1)
[1862]: (787.2673646931333,1)
[1863]: (781.6303646070594,1)
[1864]: (785.252880882352,1)
[1865]: (785.3646613620488,1)
[1866]: (790.6227082235338,1)
[1867]: (789.0497242334629,1)
[1868]: (782.0961211694304,1)
[1869]: (784.2498615387756,1)
[1870]: (784.5284680866685,1)
[1871]: (784.9978967065366,1)
[1872]: (783.2253802615609,1)
[1873]: (785.1024468083385,1)
[1874]: (788.0753046160862,1)
[1875]: (796.0572728713211,1)
[1876]: (781.0981737613399,1)
[1877]: (786.0044350227458,1)
[1878]: (785.9067394353497,1)
[1879]: (785.9368355061617,1)
[1880]: (785.6578551315323,1)
[1881]: (782.583343537439,1)
[1882]: (789.1761579030315,1)
[1883]: (782.1882724438464,1)
[1884]: (785.5238876587588,1)
[1885]: (785.5040630511153,1)
[1886]: (802.0842083757011,1)
[1887]: (784.7208571630551,1)
[1888]: (793.1855617889812,1)
[1889]: (783.0302059062216,1)
[1890]: (786.5986024254554,1)
[1891]: (788.3253572399345,1)
[1892]: (794.2032847143582,1)
[1893]: (783.0202958939583,1)
[1894]: (786.1050314700591,1)
[1895]: (784.4868850435435,1)
[1896]: (782.2431534777251,1)
[1897]: (783.0465046622535,1)
[1898]: (790.1089914554021,1)
[1899]: (781.2927333855004,1)
[1900]: (785.3366075627514,1)
[1901]: (781.1343023800312,1)
[1902]: (786.0149690636471,1)
[1903]: (783.2832063591582,1)
[1904]: (783.2183779754545,1)
[1905]: (782.4003467032611,1)
[1906]: (786.2102570828008,1)
[1907]: (786.1622090594997,1)
[1908]: (782.2964767273578,1)
[1909]: (784.3640368974122,1)
[1910]: (783.6008458816756,1)
[1911]: (790.0484071546664,1)
[1912]: (792.1962579264267,1)
[1913]: (786.7789738592422,1)
[1914]: (788.196572552274,1)
[1915]: (784.2673559565592,1)
[1916]: (781.475224240854,1)
[1917]: (796.4530683541461,1)
[1918]: (786.6694939146319,1)
[1919]: (783.3068318172873,1)
[1920]: (784.1442160818058,1)
[1921]: (784.5435349371717,1)
[1922]: (789.1038777683447,1)
[1923]: (788.4872888034365,1)
[1924]: (791.3878429421719,1)
[1925]: (792.4801084221278,1)
[1926]: (787.0579902013947,1)
[1927]: (786.7485616068191,1)
[1928]: (784.2653350210186,1)
[1929]: (787.1708514732368,1)
[1930]: (781.0676024828489,1)
[1931]: (787.1502651968096,1)
[1932]: (783.3827778250511,1)
[1933]: (796.3919775641838,1)
[1934]: (794.20638565907,1)
[1935]: (787.0581807389711,1)
[1936]: (784.0912518143051,1)
[1937]: (793.2136851451562,1)
[1938]: (783.0198809686952,1)
[1939]: (784.0695780591317,1)
[1940]: (789.1784552429832,1)
[1941]: (784.0408158223007,1)
[1942]: (783.0865631181456,1)
[1943]: (783.4276801228613,1)
[1944]: (783.4565916519107,1)
[1945]: (784.419108676965,1)
[1946]: (783.0415294509442,1)
[1947]: (783.2749730206565,1)
[1948]: (784.2679660418613,1)
[1949]: (788.2613988649185,1)
[1950]: (792.0703545214178,1)
[1951]: (784.0123265939443,1)
[1952]: (787.2843783375118,1)
[1953]: (788.0829366791127,1)
[1954]: (786.5182982860565,1)
[1955]: (790.0609513482434,1)
[1956]: (785.9342068601628,1)
[1957]: (782.1955194013315,1)
[1958]: (783.7944592420987,1)
[1959]: (781.0759342768182,1)
[1960]: (785.4323444532802,1)
[1961]: (782.0054015349411,1)
[1962]: (794.3797447992343,1)
[1963]: (782.3603852296037,1)
[1964]: (789.0430044055208,1)
[1965]: (784.1900798849031,1)
[1966]: (787.7871391445899,1)
[1967]: (781.3757907497546,1)
[1968]: (782.287874311313,1)
[1969]: (785.0290694960822,1)
[1970]: (781.4289678366074,1)
[1971]: (784.2416208196479,1)
[1972]: (784.0732280677395,1)
[1973]: (792.1673650492573,1)
[1974]: (782.3391138387958,1)
[1975]: (783.1620077869349,1)
[1976]: (784.8813509399348,1)
[1977]: (789.653742440933,1)
[1978]: (791.541378412685,1)
[1979]: (785.1337392930966,1)
[1980]: (789.1579867777045,1)
[1981]: (780.1395520467017,1)
[1982]: (787.6481284984424,1)
[1983]: (786.1723921328138,1)
[1984]: (782.1860174323343,1)
[1985]: (788.0048177467878,1)
[1986]: (788.092025556483,1)
[1987]: (786.1322597553855,1)
[1988]: (793.7935995211596,1)
[1989]: (790.1219579824045,1)
[1990]: (780.3186645388382,1)
[1991]: (784.6240914551217,1)
[1992]: (790.0167839611091,1)
[1993]: (793.062486190944,1)
[1994]: (786.4166095282948,1)
[1995]: (791.2741003748437,1)
[1996]: (785.8363300096597,1)
[1997]: (790.4474729669472,1)
[1998]: (786.0144937116675,1)
[1999]: (784.0905601829782,1)
 -- States explored : 0 states
 -- CPU user time used : 1711310 ms
 -- Virtual memory used : 68781292 KiB
 -- Resident memory used : 68702456 KiB
executionTime: 11423
