core file size          (blocks, -c) unlimited
data seg size           (kbytes, -d) unlimited
scheduling priority             (-e) 0
file size               (blocks, -f) unlimited
pending signals                 (-i) 4077086
max locked memory       (kbytes, -l) 64
max memory size         (kbytes, -m) 133169152
open files                      (-n) 4096
pipe size            (512 bytes, -p) 8
POSIX message queues     (bytes, -q) 819200
real-time priority              (-r) 0
stack size              (kbytes, -s) 8192
cpu time               (seconds, -t) unlimited
max user processes              (-u) 4077086
virtual memory          (kbytes, -v) 127000000
file locks                      (-x) unlimited
Options for the verification:
  Generating some trace
  Search order is random depth first
  Using conservative space optimisation
  Seed is 1557184245
  State space representation uses minimal constraint systems
  Using HashMap + Compress integers for discrete state storage

Verifying formula 1 at ../queries/SP_300_90_4.q:1
 -- Formula is satisfied.
(9000 runs)
Learning statistics for best strategy: 
	Number of resets: 0
	Number of iterations in last reset: 6
	Number of iterations in total: 6

 -- States explored : 0 states
 -- CPU user time used : 7965160 ms
 -- Virtual memory used : 88309744 KiB
 -- Resident memory used : 87344716 KiB

Verifying formula 2 at ../queries/SP_300_90_4.q:2
 -- Formula is satisfied.
Composer.Done:
[0]: (0,0) (435.0728303996383,1)
[1]: (437.1358910739219,1)
[2]: (438.314507809637,1)
[3]: (440.3270515462174,1)
[4]: (433.0763315424485,1)
[5]: (435.3060812078847,1)
[6]: (440.3806434663709,1)
[7]: (438.1214620526557,1)
[8]: (439.8306359894404,1)
[9]: (435.4561537127258,1)
[10]: (437.0617536244124,1)
[11]: (443.3350257797455,1)
[12]: (437.2589799259321,1)
[13]: (439.0995092684154,1)
[14]: (440.8402913524733,1)
[15]: (441.1465697270554,1)
[16]: (440.1085327593923,1)
[17]: (434.0277926621634,1)
[18]: (437.2222427992243,1)
[19]: (436.0524966922382,1)
[20]: (435.1266261579874,1)
[21]: (435.3832111704971,1)
[22]: (440.1697858009844,1)
[23]: (435.4774899341165,1)
[24]: (436.0511798852107,1)
[25]: (440.0331588355446,1)
[26]: (440.3054697986804,1)
[27]: (437.2152270539163,1)
[28]: (444.3200332869615,1)
[29]: (438.2930035465466,1)
[30]: (440.2517637628992,1)
[31]: (434.0104651350006,1)
[32]: (435.0543761463948,1)
[33]: (437.3966051695466,1)
[34]: (436.121532264961,1)
[35]: (439.0512485770645,1)
[36]: (438.3266318021323,1)
[37]: (433.8260763053562,1)
[38]: (434.0169809468864,1)
[39]: (443.4172485162842,1)
[40]: (442.207590492106,1)
[41]: (439.0794867779778,1)
[42]: (439.1490814705753,1)
[43]: (443.0603680435339,1)
[44]: (433.5954560641469,1)
[45]: (442.1479084417268,1)
[46]: (438.0539960544915,1)
[47]: (439.1007565067641,1)
[48]: (437.4163321889833,1)
[49]: (438.0161103260537,1)
[50]: (435.0728457566124,1)
[51]: (440.8882789029494,1)
[52]: (436.0478387155605,1)
[53]: (438.0402274503552,1)
[54]: (433.7459120237957,1)
[55]: (441.6448159755265,1)
[56]: (436.0152437989277,1)
[57]: (434.1444523024455,1)
[58]: (436.254177257469,1)
[59]: (435.0048542701155,1)
[60]: (436.626767768318,1)
[61]: (437.2223823686755,1)
[62]: (439.0432179566302,1)
[63]: (438.0352283212509,1)
[64]: (436.2595792343701,1)
[65]: (437.4163131914268,1)
[66]: (438.0680240130848,1)
[67]: (435.0999684821819,1)
[68]: (440.0383217533659,1)
[69]: (441.2057979951792,1)
[70]: (437.1379017309218,1)
[71]: (434.0853597220382,1)
[72]: (437.2874207065149,1)
[73]: (436.5760238230419,1)
[74]: (437.4331809545228,1)
[75]: (437.4140240253374,1)
[76]: (442.6252970810167,1)
[77]: (441.3892357621651,1)
[78]: (440.3465026282762,1)
[79]: (434.0880040525995,1)
[80]: (436.4203586781745,1)
[81]: (435.4012963268631,1)
[82]: (437.2343751201481,1)
[83]: (434.0117912441571,1)
[84]: (440.0183440913987,1)
[85]: (436.2172682444411,1)
[86]: (436.966314825791,1)
[87]: (441.028061575409,1)
[88]: (434.2766071379142,1)
[89]: (437.2041824525701,1)
[90]: (435.2935785878691,1)
[91]: (436.0892623861474,1)
[92]: (435.1710815455808,1)
[93]: (439.3733757595977,1)
[94]: (434.1763583211148,1)
[95]: (440.1953615479702,1)
[96]: (439.2580293968525,1)
[97]: (438.3708835308092,1)
[98]: (432.7792351784939,1)
[99]: (440.0269946383721,1)
[100]: (438.2235167018283,1)
[101]: (437.313367818972,1)
[102]: (436.5569110544693,1)
[103]: (438.0851645432615,1)
[104]: (435.1382325288293,1)
[105]: (440.7304180557033,1)
[106]: (432.0863952507535,1)
[107]: (436.3970765133568,1)
[108]: (435.9701376975813,1)
[109]: (440.2882150152502,1)
[110]: (433.5821397834039,1)
[111]: (435.1175473325696,1)
[112]: (433.0293418828169,1)
[113]: (435.9084134683799,1)
[114]: (436.0119414313527,1)
[115]: (437.6751358937913,1)
[116]: (436.0293923278388,1)
[117]: (438.1226712166014,1)
[118]: (436.32397845132,1)
[119]: (434.501893791884,1)
[120]: (437.0951021539213,1)
[121]: (438.0673531171838,1)
[122]: (439.1540859825398,1)
[123]: (437.4971042607592,1)
[124]: (435.5680046054616,1)
[125]: (433.5750945917929,1)
[126]: (433.0198013969457,1)
[127]: (440.7292588060895,1)
[128]: (435.2265785520886,1)
[129]: (441.0681380888399,1)
[130]: (437.4380096279987,1)
[131]: (434.0414860676446,1)
[132]: (435.5634203913341,1)
[133]: (434.0373883900586,1)
[134]: (437.024994609714,1)
[135]: (437.0741586865617,1)
[136]: (435.188378976512,1)
[137]: (433.5117330122347,1)
[138]: (445.1323803938776,1)
[139]: (437.0595638605839,1)
[140]: (433.246677427665,1)
[141]: (438.2907200207081,1)
[142]: (437.0710041473645,1)
[143]: (436.205444241237,1)
[144]: (435.0931460051138,1)
[145]: (439.5321348176153,1)
[146]: (436.0771913586609,1)
[147]: (434.1827300199985,1)
[148]: (434.2552201378416,1)
[149]: (434.1948473362089,1)
[150]: (438.239234843145,1)
[151]: (440.0661553166631,1)
[152]: (433.4751453262962,1)
[153]: (435.2458814847513,1)
[154]: (440.3907757653426,1)
[155]: (442.1162106638923,1)
[156]: (433.5434908688162,1)
[157]: (438.8894216067805,1)
[158]: (435.600231581155,1)
[159]: (439.0207868928533,1)
[160]: (436.2129033158072,1)
[161]: (439.2222695187505,1)
[162]: (435.4969100071917,1)
[163]: (439.0091244129725,1)
[164]: (439.0211521647938,1)
[165]: (435.2257708729489,1)
[166]: (438.5299941482717,1)
[167]: (438.4013321917665,1)
[168]: (437.8302595826491,1)
[169]: (438.0518978181764,1)
[170]: (434.2118053984645,1)
[171]: (438.0363080483475,1)
[172]: (434.4425776123639,1)
[173]: (437.1576934248949,1)
[174]: (435.5653544373154,1)
[175]: (436.2590397627716,1)
[176]: (436.0504489782443,1)
[177]: (434.0467040302594,1)
[178]: (433.5054762429978,1)
[179]: (437.7892559725979,1)
[180]: (434.7927185168347,1)
[181]: (435.1559726679322,1)
[182]: (438.742571385276,1)
[183]: (438.1514214737094,1)
[184]: (435.3669758490431,1)
[185]: (441.2329150571277,1)
[186]: (437.180423032786,1)
[187]: (435.2160162393818,1)
[188]: (436.3588938650175,1)
[189]: (432.5546363910209,1)
[190]: (440.2441611472066,1)
[191]: (438.0858467005098,1)
[192]: (437.1116358855437,1)
[193]: (433.1866473993801,1)
[194]: (439.1216826162085,1)
[195]: (441.0591606709574,1)
[196]: (442.0229880462042,1)
[197]: (438.1653006712122,1)
[198]: (436.6922745380196,1)
[199]: (436.3537438865199,1)
[200]: (436.8046283905337,1)
[201]: (436.4667457400824,1)
[202]: (437.1737652184958,1)
[203]: (434.337845772407,1)
[204]: (440.265170335058,1)
[205]: (438.3307817847544,1)
[206]: (440.482199816752,1)
[207]: (437.0475897293039,1)
[208]: (441.0420126053395,1)
[209]: (441.4001865172748,1)
[210]: (437.3270634933433,1)
[211]: (433.3600150726236,1)
[212]: (441.2178268518147,1)
[213]: (437.5073206341066,1)
[214]: (437.2003872208783,1)
[215]: (436.869894865087,1)
[216]: (438.4332057454296,1)
[217]: (437.8116056587171,1)
[218]: (437.1033476026238,1)
[219]: (437.5974952661346,1)
[220]: (437.3939526556604,1)
[221]: (437.09523159102,1)
[222]: (434.7322172710645,1)
[223]: (438.7329126774038,1)
[224]: (435.0446421508764,1)
[225]: (434.0400501346041,1)
[226]: (441.8638904393842,1)
[227]: (439.2322772647813,1)
[228]: (440.173149661523,1)
[229]: (439.2631233715184,1)
[230]: (434.7659644912395,1)
[231]: (433.0774531278331,1)
[232]: (440.1529368875437,1)
[233]: (435.0266150006458,1)
[234]: (438.1139840634365,1)
[235]: (434.1540413704878,1)
[236]: (438.1228437634072,1)
[237]: (436.8175425992824,1)
[238]: (437.1762760652296,1)
[239]: (437.0785946302858,1)
[240]: (438.0679593900704,1)
[241]: (437.2285781735232,1)
[242]: (438.4674966031087,1)
[243]: (436.9223346389241,1)
[244]: (440.1280411120555,1)
[245]: (439.6796266157343,1)
[246]: (437.0400489689197,1)
[247]: (438.1505686995294,1)
[248]: (434.1642138329754,1)
[249]: (438.9622909313495,1)
[250]: (439.065232017181,1)
[251]: (433.446293773391,1)
[252]: (435.5764631620506,1)
[253]: (435.215107857852,1)
[254]: (435.2223941988092,1)
[255]: (438.093772024136,1)
[256]: (437.2653434833528,1)
[257]: (437.1034379541034,1)
[258]: (434.2900005686794,1)
[259]: (440.0030219497712,1)
[260]: (435.1800253609783,1)
[261]: (444.1059235617171,1)
[262]: (437.6477106933685,1)
[263]: (437.2506005858062,1)
[264]: (436.2938548582456,1)
[265]: (439.2619275206359,1)
[266]: (438.2542821278546,1)
[267]: (439.7477656827029,1)
[268]: (440.2119518423012,1)
[269]: (439.1083006759972,1)
[270]: (442.1507453675761,1)
[271]: (439.6014520139466,1)
[272]: (436.4222058136222,1)
[273]: (441.2356710004678,1)
[274]: (437.1787545526956,1)
[275]: (439.1312197628053,1)
[276]: (435.0073540062011,1)
[277]: (440.0130267055655,1)
[278]: (436.9995308134378,1)
[279]: (437.0197473662631,1)
[280]: (441.280556315825,1)
[281]: (437.4749565378677,1)
[282]: (434.4499634996699,1)
[283]: (434.0349605408208,1)
[284]: (436.0055896483694,1)
[285]: (439.1308257993383,1)
[286]: (440.1238353660113,1)
[287]: (437.012361864185,1)
[288]: (442.0154748754873,1)
[289]: (437.1162664960445,1)
[290]: (437.0350374374061,1)
[291]: (439.0280316726129,1)
[292]: (439.1225802356478,1)
[293]: (438.1861294929602,1)
[294]: (439.0244627225058,1)
[295]: (441.1636172824827,1)
[296]: (435.5052109291207,1)
[297]: (435.1195554493202,1)
[298]: (433.109182753808,1)
[299]: (434.0567281702343,1)
[300]: (437.2574641808835,1)
[301]: (441.7346998660092,1)
[302]: (440.5069070597231,1)
[303]: (434.0535027496206,1)
[304]: (437.7443858044025,1)
[305]: (435.2085872906923,1)
[306]: (435.3823444843864,1)
[307]: (436.0022717047153,1)
[308]: (437.0582496203305,1)
[309]: (438.1010303060793,1)
[310]: (435.0201591894594,1)
[311]: (435.7833071244198,1)
[312]: (442.5191802046428,1)
[313]: (439.2714440012769,1)
[314]: (435.0407143794864,1)
[315]: (436.4055530601563,1)
[316]: (436.1755688435433,1)
[317]: (438.0719896147848,1)
[318]: (436.2352845544576,1)
[319]: (433.1123824023126,1)
[320]: (435.1657530074262,1)
[321]: (435.1421395457851,1)
[322]: (437.3360688871049,1)
[323]: (436.0253459414575,1)
[324]: (438.6884514954559,1)
[325]: (438.3687533978835,1)
[326]: (438.2968754948595,1)
[327]: (440.1204716609103,1)
[328]: (436.2898053086851,1)
[329]: (434.2203964625654,1)
[330]: (434.0423586355952,1)
[331]: (435.3277864830794,1)
[332]: (437.0153353097181,1)
[333]: (437.0014708886143,1)
[334]: (443.9863494133296,1)
[335]: (438.7046592895559,1)
[336]: (439.8705411560044,1)
[337]: (441.0572889252177,1)
[338]: (436.5554460776436,1)
[339]: (439.3056638903255,1)
[340]: (437.0771271433887,1)
[341]: (433.177046825341,1)
[342]: (438.0031209110349,1)
[343]: (441.400299828371,1)
[344]: (438.0852869357482,1)
[345]: (438.295445429068,1)
[346]: (433.1002638646243,1)
[347]: (439.3632314027566,1)
[348]: (437.8583196442337,1)
[349]: (435.4821369610683,1)
[350]: (436.2952677519687,1)
[351]: (434.2358955638754,1)
[352]: (438.9580194551464,1)
[353]: (437.9362271536681,1)
[354]: (438.6405894661919,1)
[355]: (438.1803524098176,1)
[356]: (436.303886497839,1)
[357]: (437.3115155909399,1)
[358]: (436.2125025924953,1)
[359]: (442.8749945999865,1)
[360]: (436.3184771019112,1)
[361]: (436.2746562444165,1)
[362]: (442.5344817740651,1)
[363]: (435.4987533072381,1)
[364]: (437.3795466816901,1)
[365]: (441.5043497561335,1)
[366]: (440.699867078891,1)
[367]: (438.0149407260594,1)
[368]: (444.7709937530108,1)
[369]: (434.8216792202753,1)
[370]: (436.3842298468614,1)
[371]: (435.0072997760359,1)
[372]: (437.780199463203,1)
[373]: (437.0443822153652,1)
[374]: (441.1174626830316,1)
[375]: (437.6640008098148,1)
[376]: (442.0504152265598,1)
[377]: (440.2700237585535,1)
[378]: (437.3655923468365,1)
[379]: (436.4699976435693,1)
[380]: (436.189464197671,1)
[381]: (435.2108650512761,1)
[382]: (439.0024975359528,1)
[383]: (435.4779372509792,1)
[384]: (438.1167224665181,1)
[385]: (439.1764795550379,1)
[386]: (442.2793776347257,1)
[387]: (438.1479239352515,1)
[388]: (439.3854685541325,1)
[389]: (436.3412453205178,1)
[390]: (440.5502992459145,1)
[391]: (438.0124868554063,1)
[392]: (438.2906514484159,1)
[393]: (442.2348707903206,1)
[394]: (436.0350017226597,1)
[395]: (440.9915768182391,1)
[396]: (442.5025600488663,1)
[397]: (434.5024351789109,1)
[398]: (437.0326948146337,1)
[399]: (436.7348928558625,1)
[400]: (438.2365520375991,1)
[401]: (433.4632017064056,1)
[402]: (433.4451407017471,1)
[403]: (438.0166950543642,1)
[404]: (438.3386000273854,1)
[405]: (441.1525654591717,1)
[406]: (437.2589222701895,1)
[407]: (438.7652685093601,1)
[408]: (435.1385754086098,1)
[409]: (437.263307885595,1)
[410]: (435.3445872771877,1)
[411]: (440.1178429153391,1)
[412]: (442.3776412310248,1)
[413]: (434.2872171933701,1)
[414]: (441.6005682897367,1)
[415]: (437.079719125346,1)
[416]: (436.1286361028464,1)
[417]: (436.2262203912679,1)
[418]: (435.236944667279,1)
[419]: (440.2103373556311,1)
[420]: (433.3108328120804,1)
[421]: (436.0209817617921,1)
[422]: (435.127978794813,1)
[423]: (437.0035238147326,1)
[424]: (437.7422915281999,1)
[425]: (434.8153584750805,1)
[426]: (435.6478899829367,1)
[427]: (442.3650039665608,1)
[428]: (439.4903973344702,1)
[429]: (434.2731672621577,1)
[430]: (440.6032596234172,1)
[431]: (440.1039680827523,1)
[432]: (437.0811803543093,1)
[433]: (438.2412011742375,1)
[434]: (434.7901605158484,1)
[435]: (433.0723363863286,1)
[436]: (439.175858634233,1)
[437]: (439.3891600255355,1)
[438]: (436.4232210113489,1)
[439]: (435.4512594186182,1)
[440]: (437.1223590043339,1)
[441]: (439.91016565142,1)
[442]: (438.2170008813903,1)
[443]: (438.3064250214347,1)
[444]: (438.0092170978656,1)
[445]: (438.5597321393485,1)
[446]: (439.699118353091,1)
[447]: (436.6010699156794,1)
[448]: (442.6730732236484,1)
[449]: (437.1562144564527,1)
[450]: (434.5685403366671,1)
[451]: (436.062616006617,1)
[452]: (435.0438254739593,1)
[453]: (436.3599749579995,1)
[454]: (439.8232410734521,1)
[455]: (437.2023056705829,1)
[456]: (436.3421471934008,1)
[457]: (441.0987052150114,1)
[458]: (433.7835100388955,1)
[459]: (439.9010686780135,1)
[460]: (438.6791800741997,1)
[461]: (434.4512018626804,1)
[462]: (437.3366432568035,1)
[463]: (439.4175795199612,1)
[464]: (443.4440421246657,1)
[465]: (434.1295355647206,1)
[466]: (437.0318732668819,1)
[467]: (435.6654107170052,1)
[468]: (435.3123065268434,1)
[469]: (437.0255027346039,1)
[470]: (434.7356315086965,1)
[471]: (435.1031054997104,1)
[472]: (440.0087859537056,1)
[473]: (434.5859832016851,1)
[474]: (438.2432455541339,1)
[475]: (440.4807665580116,1)
[476]: (445.1535262745785,1)
[477]: (442.0288952933769,1)
[478]: (434.4366191077407,1)
[479]: (434.2451420200339,1)
[480]: (440.2923283361052,1)
[481]: (437.1293945434447,1)
[482]: (437.3425865626864,1)
[483]: (439.1924729958718,1)
[484]: (439.7164694108943,1)
[485]: (443.0501098927629,1)
[486]: (439.4387449050969,1)
[487]: (438.2840043731067,1)
[488]: (440.1433262915884,1)
[489]: (438.303570006474,1)
[490]: (433.8206319079774,1)
[491]: (439.8174953983854,1)
[492]: (435.3603985624922,1)
[493]: (440.7953165683044,1)
[494]: (438.022205904754,1)
[495]: (436.1480078035925,1)
[496]: (436.3806939799297,1)
[497]: (437.073630017976,1)
[498]: (437.4776902351749,1)
[499]: (439.2010641491096,1)
[500]: (437.866654526886,1)
[501]: (441.3834374861488,1)
[502]: (437.7066266422502,1)
[503]: (437.5185118251013,1)
[504]: (438.1088654392191,1)
[505]: (440.1136845762551,1)
[506]: (435.1780162550174,1)
[507]: (438.2305053023375,1)
[508]: (435.0054923971728,1)
[509]: (437.1336869430807,1)
[510]: (442.3911595978608,1)
[511]: (439.1356861667783,1)
[512]: (442.6625213882801,1)
[513]: (436.1950180235553,1)
[514]: (433.0786966816685,1)
[515]: (438.3801559165575,1)
[516]: (437.3329772474614,1)
[517]: (434.3216906180957,1)
[518]: (438.7033204793025,1)
[519]: (434.4772530416238,1)
[520]: (438.2341316211015,1)
[521]: (433.1516300396929,1)
[522]: (437.8736851160348,1)
[523]: (436.0049927840222,1)
[524]: (438.0693720024685,1)
[525]: (438.3582625571298,1)
[526]: (435.2600441143467,1)
[527]: (435.0556023173596,1)
[528]: (435.3066013652218,1)
[529]: (436.6044623470163,1)
[530]: (437.6582100740977,1)
[531]: (434.5296457739867,1)
[532]: (436.3619426007784,1)
[533]: (439.3696402801374,1)
[534]: (440.1545163674834,1)
[535]: (434.0165857564955,1)
[536]: (438.8386086693021,1)
[537]: (434.4387288861105,1)
[538]: (440.6456451914404,1)
[539]: (435.0967453135175,1)
[540]: (437.0833459084091,1)
[541]: (440.2250980236869,1)
[542]: (436.0635957763737,1)
[543]: (437.0768878311492,1)
[544]: (433.6290931487605,1)
[545]: (438.480485459502,1)
[546]: (437.3589152408335,1)
[547]: (437.2062122067745,1)
[548]: (434.372453615357,1)
[549]: (435.19841343045,1)
[550]: (435.7992509277138,1)
[551]: (434.1922299470475,1)
[552]: (438.6405437254874,1)
[553]: (440.0523166971143,1)
[554]: (436.419517416223,1)
[555]: (435.0751731557672,1)
[556]: (435.1610525501365,1)
[557]: (438.8508564021578,1)
[558]: (438.4470736379745,1)
[559]: (434.7407592135362,1)
[560]: (441.165453022343,1)
[561]: (434.2769250467662,1)
[562]: (434.5570801354606,1)
[563]: (437.7941075009775,1)
[564]: (437.0634880400069,1)
[565]: (435.0624815225099,1)
[566]: (435.5087177866201,1)
[567]: (436.003157721998,1)
[568]: (435.439319205409,1)
[569]: (436.636707988921,1)
[570]: (439.1137684166263,1)
[571]: (436.8740143689791,1)
[572]: (434.5766776492479,1)
[573]: (436.2356021403166,1)
[574]: (434.0204325537292,1)
[575]: (437.1898978228357,1)
[576]: (436.0525310739167,1)
[577]: (439.738733681312,1)
[578]: (437.0004191067652,1)
[579]: (435.5002762045795,1)
[580]: (435.0323359692117,1)
[581]: (437.047288758991,1)
[582]: (438.3150013112253,1)
[583]: (440.365579256208,1)
[584]: (438.4921709990921,1)
[585]: (438.2603387386938,1)
[586]: (441.9894850367562,1)
[587]: (436.0000556021923,1)
[588]: (434.3601993497069,1)
[589]: (436.1387855722433,1)
[590]: (435.3071205345173,1)
[591]: (434.4514858189263,1)
[592]: (445.0172864479654,1)
[593]: (435.2748889516753,1)
[594]: (440.0254603788086,1)
[595]: (439.0606950630926,1)
[596]: (435.1256809480606,1)
[597]: (438.8265096096704,1)
[598]: (436.0346741928399,1)
[599]: (440.2054507494994,1)
[600]: (433.6690905458386,1)
[601]: (440.2899868361166,1)
[602]: (436.1317084441407,1)
[603]: (435.829494119677,1)
[604]: (436.2649248212004,1)
[605]: (440.214633934339,1)
[606]: (438.2083038865424,1)
[607]: (441.023961742838,1)
[608]: (441.1585341918297,1)
[609]: (434.0925215245489,1)
[610]: (440.7667649883988,1)
[611]: (440.0896801089402,1)
[612]: (435.7136163469724,1)
[613]: (440.0546251286397,1)
[614]: (440.1593686359128,1)
[615]: (437.0022933175693,1)
[616]: (441.3897540959966,1)
[617]: (441.2713851342533,1)
[618]: (440.0164193199672,1)
[619]: (437.0395845711215,1)
[620]: (437.0948588950499,1)
[621]: (436.5012990764532,1)
[622]: (436.1114386203543,1)
[623]: (438.0935281600308,1)
[624]: (442.407600814581,1)
[625]: (439.2463905854614,1)
[626]: (439.2953951905881,1)
[627]: (441.1565331024473,1)
[628]: (434.1233100798106,1)
[629]: (433.0388790354288,1)
[630]: (434.1377488738124,1)
[631]: (442.7303248281394,1)
[632]: (440.0557136002906,1)
[633]: (434.1830043193737,1)
[634]: (434.1194722385172,1)
[635]: (439.1954304670307,1)
[636]: (438.6045541034275,1)
[637]: (437.1731332788939,1)
[638]: (435.2504076173696,1)
[639]: (433.0154023746903,1)
[640]: (436.5084528519915,1)
[641]: (434.2177213597798,1)
[642]: (438.4057360065265,1)
[643]: (442.0718386653061,1)
[644]: (438.0197188276014,1)
[645]: (435.1473101881405,1)
[646]: (434.4477822666942,1)
[647]: (438.0604209519362,1)
[648]: (434.2586168478942,1)
[649]: (441.672652478138,1)
[650]: (438.3788468457566,1)
[651]: (438.0446118376331,1)
[652]: (438.6222864353103,1)
[653]: (441.0269836098662,1)
[654]: (435.7110790579621,1)
[655]: (435.0363333779405,1)
[656]: (442.1856680466958,1)
[657]: (436.0654108055484,1)
[658]: (441.0453157400514,1)
[659]: (435.0784524085396,1)
[660]: (432.3746488647816,1)
[661]: (437.0134332708787,1)
[662]: (437.9617726763615,1)
[663]: (434.2124444782942,1)
[664]: (442.5707538010174,1)
[665]: (435.1552205828359,1)
[666]: (439.1620651494992,1)
[667]: (435.3289345044103,1)
[668]: (437.0285585655469,1)
[669]: (435.4904811385933,1)
[670]: (436.1179640469208,1)
[671]: (434.0617626945934,1)
[672]: (432.2833307179554,1)
[673]: (439.3560136451979,1)
[674]: (441.1101687944045,1)
[675]: (438.023744098524,1)
[676]: (432.9529292063121,1)
[677]: (433.1681150017654,1)
[678]: (437.5440205031114,1)
[679]: (436.1722561519158,1)
[680]: (438.3365866909998,1)
[681]: (435.4220346382744,1)
[682]: (436.001556557225,1)
[683]: (438.1597950577352,1)
[684]: (440.2477673115228,1)
[685]: (434.2599406308443,1)
[686]: (434.4895759934979,1)
[687]: (438.4480534396294,1)
[688]: (437.1818657153495,1)
[689]: (434.4317577860058,1)
[690]: (434.3631508236495,1)
[691]: (437.4065732404763,1)
[692]: (437.1201297939308,1)
[693]: (438.1580919670951,1)
[694]: (435.1050994447771,1)
[695]: (435.4773771539377,1)
[696]: (433.4320128496465,1)
[697]: (441.8004293398753,1)
[698]: (437.1239261403102,1)
[699]: (437.5609116688487,1)
[700]: (436.2620265771137,1)
[701]: (440.418856811607,1)
[702]: (438.8997549494215,1)
[703]: (438.2770344752225,1)
[704]: (436.564564598136,1)
[705]: (436.127887709323,1)
[706]: (439.5481373839932,1)
[707]: (436.0732707613807,1)
[708]: (436.5952723286444,1)
[709]: (435.0375315986594,1)
[710]: (440.1870143097058,1)
[711]: (433.0143247073079,1)
[712]: (433.2880865152633,1)
[713]: (433.4954900979066,1)
[714]: (438.4818809143827,1)
[715]: (438.0582378883108,1)
[716]: (436.4978231951584,1)
[717]: (437.3528224239765,1)
[718]: (436.4892544155637,1)
[719]: (436.4071271660427,1)
[720]: (436.0806469586323,1)
[721]: (440.128961943334,1)
[722]: (434.2817821104578,1)
[723]: (435.3443428379931,1)
[724]: (440.1896859034159,1)
[725]: (438.1546140080198,1)
[726]: (436.0923133216478,1)
[727]: (443.0773010218339,1)
[728]: (434.071188637173,1)
[729]: (444.0078983064641,1)
[730]: (442.2268447515207,1)
[731]: (436.3267947945902,1)
[732]: (439.3909331846294,1)
[733]: (442.3140758877931,1)
[734]: (439.3746182611905,1)
[735]: (436.146496370922,1)
[736]: (434.167935869315,1)
[737]: (438.2947763888034,1)
[738]: (441.0411836718474,1)
[739]: (437.368448436497,1)
[740]: (440.1118627522978,1)
[741]: (441.6137118743276,1)
[742]: (436.2105522865953,1)
[743]: (433.2610218894077,1)
[744]: (437.0911199614138,1)
[745]: (446.6331174138722,1)
[746]: (435.244613479206,1)
[747]: (439.0130111122187,1)
[748]: (435.3269906505911,1)
[749]: (439.9835763747756,1)
[750]: (439.0084185152264,1)
[751]: (437.2168353154718,1)
[752]: (440.093761043705,1)
[753]: (434.2323750595594,1)
[754]: (435.9090499350124,1)
[755]: (438.0104730729168,1)
[756]: (439.304633799207,1)
[757]: (433.0104739753111,1)
[758]: (436.0443864066179,1)
[759]: (435.358539069677,1)
[760]: (434.0167240242304,1)
[761]: (440.0183494151593,1)
[762]: (432.0543652906279,1)
[763]: (436.1877291989102,1)
[764]: (435.2325581072859,1)
[765]: (438.3978929415299,1)
[766]: (441.534503098278,1)
[767]: (439.3815173578237,1)
[768]: (435.8990147435496,1)
[769]: (436.1582364782453,1)
[770]: (439.0676405189959,1)
[771]: (438.8283852161827,1)
[772]: (433.0465443872317,1)
[773]: (433.2573868240465,1)
[774]: (438.0313865086615,1)
[775]: (441.0409248500878,1)
[776]: (436.1939265189914,1)
[777]: (439.0712386518362,1)
[778]: (435.1398108327136,1)
[779]: (437.3938503337451,1)
[780]: (433.6540552293212,1)
[781]: (439.3007142378386,1)
[782]: (442.1365985631425,1)
[783]: (437.8156361982157,1)
[784]: (434.2696820194612,1)
[785]: (439.1862544121225,1)
[786]: (434.0841286441363,1)
[787]: (433.1525040838267,1)
[788]: (435.0879967469129,1)
[789]: (436.1645268750907,1)
[790]: (436.1483835167077,1)
[791]: (441.0930676843086,1)
[792]: (441.0974623486612,1)
[793]: (435.9448509251478,1)
[794]: (433.6585355312668,1)
[795]: (436.0122209421905,1)
[796]: (438.2627134987583,1)
[797]: (437.3453060006034,1)
[798]: (437.4602923559581,1)
[799]: (440.8069542285174,1)
[800]: (439.1139402082539,1)
[801]: (434.10062778895,1)
[802]: (438.717210785086,1)
[803]: (434.0932250978801,1)
[804]: (433.5741402868119,1)
[805]: (435.3893813583506,1)
[806]: (436.4842540978949,1)
[807]: (439.1215623339198,1)
[808]: (437.286743773959,1)
[809]: (438.8108071803154,1)
[810]: (442.3059907781659,1)
[811]: (438.1275974656413,1)
[812]: (439.1824478787839,1)
[813]: (434.0589864198624,1)
[814]: (434.6107481842599,1)
[815]: (435.0496265330152,1)
[816]: (435.2089253391092,1)
[817]: (434.6423254255487,1)
[818]: (437.5302382652349,1)
[819]: (439.1403253279198,1)
[820]: (439.0309306550853,1)
[821]: (436.1898754287877,1)
[822]: (438.6803237153765,1)
[823]: (440.0558755997861,1)
[824]: (433.1301927706737,1)
[825]: (435.3036546764023,1)
[826]: (438.9452146879924,1)
[827]: (443.0410923061064,1)
[828]: (437.0278783885279,1)
[829]: (439.9224245225624,1)
[830]: (443.2355084623214,1)
[831]: (442.8105623731968,1)
[832]: (440.0267738949181,1)
[833]: (436.0509844372579,1)
[834]: (439.3121469194454,1)
[835]: (441.6350916043381,1)
[836]: (434.3099223254388,1)
[837]: (437.0249266636458,1)
[838]: (436.9445333625191,1)
[839]: (437.1063963083752,1)
[840]: (442.0952807350112,1)
[841]: (437.6197845683181,1)
[842]: (437.0303302908337,1)
[843]: (440.8565987655028,1)
[844]: (437.2346174855756,1)
[845]: (436.8228366284972,1)
[846]: (435.713383347671,1)
[847]: (440.0306998995609,1)
[848]: (433.9959078765897,1)
[849]: (439.1272703053604,1)
[850]: (439.0485250411339,1)
[851]: (439.2526693934332,1)
[852]: (438.2165160461396,1)
[853]: (437.3258095923183,1)
[854]: (437.5198794112584,1)
[855]: (435.3047222060518,1)
[856]: (437.1112688282552,1)
[857]: (434.0233218127948,1)
[858]: (438.0849523824249,1)
[859]: (439.1078575959322,1)
[860]: (434.1206100805884,1)
[861]: (437.2901562238557,1)
[862]: (435.3250140100938,1)
[863]: (438.094981290105,1)
[864]: (439.0256529885218,1)
[865]: (436.5904471399415,1)
[866]: (434.0750900924517,1)
[867]: (436.5330238101996,1)
[868]: (433.0502735849651,1)
[869]: (442.0129603030153,1)
[870]: (437.5135032388345,1)
[871]: (440.4469849248249,1)
[872]: (435.8219311292792,1)
[873]: (440.1152196308866,1)
[874]: (440.0207251518155,1)
[875]: (435.4369891724631,1)
[876]: (440.3872243891257,1)
[877]: (441.0110733470466,1)
[878]: (439.3561103193934,1)
[879]: (438.4159001185195,1)
[880]: (438.1220892729887,1)
[881]: (440.0421957238904,1)
[882]: (434.2142330013078,1)
[883]: (440.1772611273071,1)
[884]: (442.4048166455343,1)
[885]: (439.2391373016007,1)
[886]: (434.2831409043218,1)
[887]: (439.0668901624255,1)
[888]: (436.2095082752843,1)
[889]: (437.0568401496755,1)
[890]: (435.0469919783048,1)
[891]: (437.2817067195329,1)
[892]: (441.5661519652318,1)
[893]: (438.1786893695027,1)
[894]: (433.2952587157804,1)
[895]: (438.0245444502315,1)
[896]: (435.0377815521937,1)
[897]: (436.4178306468648,1)
[898]: (440.4317718657022,1)
[899]: (436.0884905037952,1)
[900]: (435.1065025714425,1)
[901]: (444.4033075912854,1)
[902]: (436.0069798003298,1)
[903]: (436.4161986946604,1)
[904]: (441.5670793652402,1)
[905]: (440.7381619310261,1)
[906]: (436.2776263667474,1)
[907]: (441.2927793211569,1)
[908]: (438.2318414036881,1)
[909]: (436.1342239930464,1)
[910]: (439.072979144066,1)
[911]: (438.2139889948273,1)
[912]: (439.0539382655326,1)
[913]: (438.1431627926933,1)
[914]: (438.3993644080348,1)
[915]: (437.1264094908969,1)
[916]: (439.5044268732908,1)
[917]: (436.1389196479458,1)
[918]: (439.0817937392699,1)
[919]: (438.2668084136971,1)
[920]: (436.2007759728012,1)
[921]: (442.2482579048412,1)
[922]: (433.4549901703381,1)
[923]: (434.3382932806513,1)
[924]: (433.5949040020313,1)
[925]: (438.0796570257016,1)
[926]: (436.4165694522168,1)
[927]: (437.1172050903061,1)
[928]: (440.0419585845628,1)
[929]: (436.4635362202235,1)
[930]: (439.233797345066,1)
[931]: (435.0317552677527,1)
[932]: (440.0300545228126,1)
[933]: (446.099701367478,1)
[934]: (436.1218867963392,1)
[935]: (435.1250579565231,1)
[936]: (437.4597663954946,1)
[937]: (437.6962441008979,1)
[938]: (437.5182859868177,1)
[939]: (438.1583314993707,1)
[940]: (438.2123764911074,1)
[941]: (438.4958913909393,1)
[942]: (434.5804566815349,1)
[943]: (434.6567864159691,1)
[944]: (437.0347585356722,1)
[945]: (438.0427579091657,1)
[946]: (438.0358383685698,1)
[947]: (442.2261665756858,1)
[948]: (435.0895521525391,1)
[949]: (440.1638500920288,1)
[950]: (440.0409522815544,1)
[951]: (436.0170123463565,1)
[952]: (440.1357117053337,1)
[953]: (439.03945858651,1)
[954]: (436.1018676067537,1)
[955]: (434.1381592759594,1)
[956]: (435.4044363253038,1)
[957]: (440.8091052770561,1)
[958]: (434.0655301491611,1)
[959]: (435.106539298831,1)
[960]: (439.360359929837,1)
[961]: (435.1730727929934,1)
[962]: (438.0456625866528,1)
[963]: (438.5667572272024,1)
[964]: (439.0124591343006,1)
[965]: (434.3028513565142,1)
[966]: (439.2402262550863,1)
[967]: (438.30336302544,1)
[968]: (439.8855656515165,1)
[969]: (434.6758021605174,1)
[970]: (439.5709235567914,1)
[971]: (433.1367682981971,1)
[972]: (440.0871324485025,1)
[973]: (441.2565866682805,1)
[974]: (436.1522399468723,1)
[975]: (435.1454350368042,1)
[976]: (433.3502921231143,1)
[977]: (440.059098290997,1)
[978]: (437.647364252581,1)
[979]: (435.4662466872019,1)
[980]: (434.8226301324408,1)
[981]: (435.0939355742505,1)
[982]: (434.4124853327812,1)
[983]: (438.630177647407,1)
[984]: (434.0507797750658,1)
[985]: (437.2243989557626,1)
[986]: (437.4681510742991,1)
[987]: (438.0212674681712,1)
[988]: (436.4190779387504,1)
[989]: (437.0785755639884,1)
[990]: (438.3432589652465,1)
[991]: (436.3215219351837,1)
[992]: (442.2206869503945,1)
[993]: (439.2036901240991,1)
[994]: (436.2725487567956,1)
[995]: (440.1300857267182,1)
[996]: (437.5762082845644,1)
[997]: (438.5283926090766,1)
[998]: (435.258967083905,1)
[999]: (438.1364279666722,1)
[1000]: (438.0719988766621,1)
[1001]: (435.6956363558764,1)
[1002]: (441.5565951034274,1)
[1003]: (436.1023351030007,1)
[1004]: (435.3383469790028,1)
[1005]: (436.8034702633021,1)
[1006]: (439.1427197672952,1)
[1007]: (433.9287700291591,1)
[1008]: (440.7469096925116,1)
[1009]: (436.0847133804223,1)
[1010]: (434.5495005626818,1)
[1011]: (434.0088273467571,1)
[1012]: (435.2446141743027,1)
[1013]: (441.096165072905,1)
[1014]: (439.1936228296698,1)
[1015]: (441.2074935452291,1)
[1016]: (435.4685350814413,1)
[1017]: (442.2669939154366,1)
[1018]: (442.4467175341148,1)
[1019]: (441.6962451176978,1)
[1020]: (435.3216534322486,1)
[1021]: (440.0427974834095,1)
[1022]: (436.5081123111953,1)
[1023]: (439.2763974042506,1)
[1024]: (440.2476980908751,1)
[1025]: (438.0672638484461,1)
[1026]: (437.9064652520223,1)
[1027]: (437.2030756373771,1)
[1028]: (434.0674761165474,1)
[1029]: (440.0240300951752,1)
[1030]: (437.9660594982289,1)
[1031]: (436.206862802065,1)
[1032]: (436.9417034330232,1)
[1033]: (434.0953164123279,1)
[1034]: (441.2039714617647,1)
[1035]: (439.2814942637692,1)
[1036]: (439.2679978857822,1)
[1037]: (440.0991225655307,1)
[1038]: (440.389718441832,1)
[1039]: (436.047561195814,1)
[1040]: (439.0693697759141,1)
[1041]: (437.1880337390044,1)
[1042]: (440.6139720344539,1)
[1043]: (438.2470940149818,1)
[1044]: (438.4629310079686,1)
[1045]: (436.4139909196786,1)
[1046]: (435.2604094248325,1)
[1047]: (435.9449313577799,1)
[1048]: (439.3786216478964,1)
[1049]: (439.0299525783406,1)
[1050]: (440.1239752448228,1)
[1051]: (437.0181121983904,1)
[1052]: (434.7626682194347,1)
[1053]: (436.2570033675202,1)
[1054]: (435.1026927942572,1)
[1055]: (438.0060298157769,1)
[1056]: (438.9702202863272,1)
[1057]: (437.8000539670717,1)
[1058]: (443.1624770977004,1)
[1059]: (435.1737648702986,1)
[1060]: (435.4065126915164,1)
[1061]: (439.0352527236182,1)
[1062]: (436.6119235148362,1)
[1063]: (437.0539669425856,1)
[1064]: (441.3248706592531,1)
[1065]: (436.7181916723303,1)
[1066]: (439.1615910021777,1)
[1067]: (436.5213504425548,1)
[1068]: (439.0236107179677,1)
[1069]: (433.7510324268158,1)
[1070]: (439.5634026312368,1)
[1071]: (436.1454114899884,1)
[1072]: (440.3050234999212,1)
[1073]: (440.1496506440953,1)
[1074]: (436.1050184760111,1)
[1075]: (437.0814044636526,1)
[1076]: (440.2148875929419,1)
[1077]: (434.6863070463722,1)
[1078]: (436.392781981605,1)
[1079]: (435.3856892322205,1)
[1080]: (433.2882133446961,1)
[1081]: (436.2114849438495,1)
[1082]: (441.0940724289638,1)
[1083]: (439.1090948135497,1)
[1084]: (441.9051947703319,1)
[1085]: (434.5561435844044,1)
[1086]: (437.2364515573701,1)
[1087]: (434.0256607026698,1)
[1088]: (437.0052640311064,1)
[1089]: (434.8627568533013,1)
[1090]: (444.0324206170835,1)
[1091]: (438.1247698288699,1)
[1092]: (441.1423980500904,1)
[1093]: (436.6092600039116,1)
[1094]: (439.4599915144338,1)
[1095]: (439.7267797587002,1)
[1096]: (434.0789321471116,1)
[1097]: (437.5039034238965,1)
[1098]: (437.6356460445222,1)
[1099]: (438.3834167019168,1)
[1100]: (441.6161563221807,1)
[1101]: (432.1292173882382,1)
[1102]: (440.0695712206444,1)
[1103]: (438.0053570927317,1)
[1104]: (440.1151625668148,1)
[1105]: (441.2310502583907,1)
[1106]: (439.2475565653701,1)
[1107]: (435.2354129161629,1)
[1108]: (440.7711122197462,1)
[1109]: (439.0297675946144,1)
[1110]: (443.1500741510811,1)
[1111]: (439.6920827011635,1)
[1112]: (439.356876362802,1)
[1113]: (441.5631187918572,1)
[1114]: (433.0357333690426,1)
[1115]: (433.0760598080702,1)
[1116]: (438.9881101857697,1)
[1117]: (437.012770554466,1)
[1118]: (439.1599248670285,1)
[1119]: (435.0950432548735,1)
[1120]: (436.0950741804156,1)
[1121]: (437.0120841153854,1)
[1122]: (437.1755857755963,1)
[1123]: (438.2291583213374,1)
[1124]: (438.4269991888982,1)
[1125]: (438.2604078004381,1)
[1126]: (436.4143200568885,1)
[1127]: (436.7481598604354,1)
[1128]: (438.1672127271414,1)
[1129]: (439.1014041693177,1)
[1130]: (436.0846721412439,1)
[1131]: (436.3105117316518,1)
[1132]: (433.4310170539107,1)
[1133]: (439.0091066712006,1)
[1134]: (438.0689242767797,1)
[1135]: (436.1120469564241,1)
[1136]: (439.0742942476717,1)
[1137]: (435.4284679254857,1)
[1138]: (434.5936549644134,1)
[1139]: (435.0661675478466,1)
[1140]: (434.1556108614668,1)
[1141]: (439.2815630661341,1)
[1142]: (435.2828301705879,1)
[1143]: (440.3035728197896,1)
[1144]: (438.3986423767681,1)
[1145]: (438.3575595129627,1)
[1146]: (437.0091266088899,1)
[1147]: (435.128902775888,1)
[1148]: (440.3478939122605,1)
[1149]: (432.2027810591713,1)
[1150]: (433.0156720651156,1)
[1151]: (433.5114616199157,1)
[1152]: (438.5172702733021,1)
[1153]: (436.8097558795346,1)
[1154]: (441.4101860055068,1)
[1155]: (434.0372295210078,1)
[1156]: (441.7452555617966,1)
[1157]: (437.030100903873,1)
[1158]: (438.2032136692889,1)
[1159]: (440.3050562948629,1)
[1160]: (440.1330510951664,1)
[1161]: (435.5700578951925,1)
[1162]: (437.0725354912914,1)
[1163]: (440.4815764328114,1)
[1164]: (434.0631210001882,1)
[1165]: (437.3729393148614,1)
[1166]: (442.2497743906605,1)
[1167]: (442.2360066227799,1)
[1168]: (436.1197187865892,1)
[1169]: (438.6022196160507,1)
[1170]: (436.7455358943913,1)
[1171]: (437.0040247456121,1)
[1172]: (440.1351241919369,1)
[1173]: (439.9175049098725,1)
[1174]: (433.0953163572221,1)
[1175]: (438.0468434813741,1)
[1176]: (435.2023899643206,1)
[1177]: (441.1323621741014,1)
[1178]: (437.0278326617832,1)
[1179]: (438.3885270249668,1)
[1180]: (436.441055493489,1)
[1181]: (439.0116998521443,1)
[1182]: (438.4256093408413,1)
[1183]: (438.0364194013178,1)
[1184]: (433.0585006489147,1)
[1185]: (440.175482754951,1)
[1186]: (440.1142614229228,1)
[1187]: (444.0403069744205,1)
[1188]: (437.3979717764956,1)
[1189]: (438.1574274196701,1)
[1190]: (436.2080668550197,1)
[1191]: (438.2626457914184,1)
[1192]: (437.2712603026677,1)
[1193]: (434.6837185540363,1)
[1194]: (439.0781807163874,1)
[1195]: (434.2595983376698,1)
[1196]: (435.271932600182,1)
[1197]: (436.1467743548613,1)
[1198]: (441.0716538653045,1)
[1199]: (437.3832209293627,1)
[1200]: (441.0611101760119,1)
[1201]: (441.1480171516978,1)
[1202]: (441.2110235840727,1)
[1203]: (437.5611424616328,1)
[1204]: (436.0095707949627,1)
[1205]: (441.1982383280443,1)
[1206]: (438.0283769166817,1)
[1207]: (435.9752164296589,1)
[1208]: (436.1873883396161,1)
[1209]: (437.139792912255,1)
[1210]: (435.1740090728293,1)
[1211]: (432.502429184258,1)
[1212]: (438.5541997489229,1)
[1213]: (437.3318251821088,1)
[1214]: (438.0407073470825,1)
[1215]: (436.3506751150754,1)
[1216]: (435.8474228122676,1)
[1217]: (438.5584907792812,1)
[1218]: (434.4957576951377,1)
[1219]: (435.574809337179,1)
[1220]: (437.0263452803724,1)
[1221]: (440.0619101049497,1)
[1222]: (433.4647916729366,1)
[1223]: (438.2474424310216,1)
[1224]: (443.0818465026881,1)
[1225]: (437.2283822026818,1)
[1226]: (432.3178525420173,1)
[1227]: (438.0774015921683,1)
[1228]: (437.052593591691,1)
[1229]: (436.4085382007663,1)
[1230]: (443.4483680271411,1)
[1231]: (440.4111279385285,1)
[1232]: (441.3078163462374,1)
[1233]: (439.7781072746925,1)
[1234]: (439.1018835699392,1)
[1235]: (435.2383542764575,1)
[1236]: (433.1597189293785,1)
[1237]: (437.1914536647489,1)
[1238]: (438.0798797615619,1)
[1239]: (440.8504851682984,1)
[1240]: (439.7662722265671,1)
[1241]: (439.2970095537954,1)
[1242]: (438.3136751476467,1)
[1243]: (437.0685934096743,1)
[1244]: (439.2444440790758,1)
[1245]: (438.4953314937116,1)
[1246]: (438.1824616931357,1)
[1247]: (436.3221118556373,1)
[1248]: (440.2643051933275,1)
[1249]: (435.0236882915209,1)
[1250]: (434.0805874624444,1)
[1251]: (434.1262529985708,1)
[1252]: (434.4630767770754,1)
[1253]: (438.7692818856773,1)
[1254]: (435.077515228607,1)
[1255]: (435.0041293685835,1)
[1256]: (439.508141649235,1)
[1257]: (437.2014315397522,1)
[1258]: (436.3399330269485,1)
[1259]: (440.1844680727862,1)
[1260]: (438.3609229531994,1)
[1261]: (436.193537987949,1)
[1262]: (435.7022255546087,1)
[1263]: (440.5271751813498,1)
[1264]: (434.0487512641955,1)
[1265]: (435.0538970277698,1)
[1266]: (438.1567032146356,1)
[1267]: (437.0026864010582,1)
[1268]: (438.1070566514423,1)
[1269]: (436.0280733345554,1)
[1270]: (439.0792257544986,1)
[1271]: (441.6990867829657,1)
[1272]: (437.1358833216706,1)
[1273]: (433.0433595491319,1)
[1274]: (436.1245751451999,1)
[1275]: (438.5904755287829,1)
[1276]: (436.4460815108691,1)
[1277]: (443.2739814052007,1)
[1278]: (436.1232937968888,1)
[1279]: (436.1413745160006,1)
[1280]: (435.7281205852049,1)
[1281]: (438.3625627180705,1)
[1282]: (442.1112696824171,1)
[1283]: (435.5207131453902,1)
[1284]: (436.0891011427288,1)
[1285]: (437.0485087242147,1)
[1286]: (438.4395143035762,1)
[1287]: (435.2043630096335,1)
[1288]: (436.2167864915036,1)
[1289]: (434.5203733708387,1)
[1290]: (437.1231745862414,1)
[1291]: (439.2436082631277,1)
[1292]: (440.0293766057443,1)
[1293]: (437.5130276562858,1)
[1294]: (435.1289006993764,1)
[1295]: (436.6596694790975,1)
[1296]: (436.0719763222071,1)
[1297]: (436.0264878050959,1)
[1298]: (436.0406913834978,1)
[1299]: (435.5928133513593,1)
[1300]: (435.2017097600852,1)
[1301]: (437.3333487591568,1)
[1302]: (433.0193231585343,1)
[1303]: (436.2962037126898,1)
[1304]: (437.4162931751431,1)
[1305]: (438.4553342402997,1)
[1306]: (438.0675309771586,1)
[1307]: (436.4121488101875,1)
[1308]: (438.1958955244079,1)
[1309]: (434.8169562428695,1)
[1310]: (438.0142334327233,1)
[1311]: (437.5009341454403,1)
[1312]: (435.0266737281586,1)
[1313]: (439.1457406405947,1)
[1314]: (439.4544656497492,1)
[1315]: (437.1587435735923,1)
[1316]: (438.2633473347886,1)
[1317]: (437.0836895184183,1)
[1318]: (434.0598709532904,1)
[1319]: (435.7017850998359,1)
[1320]: (439.3052905960184,1)
[1321]: (437.6695375669627,1)
[1322]: (435.0250050556569,1)
[1323]: (435.679548472525,1)
[1324]: (441.0564249803247,1)
[1325]: (438.2515419802826,1)
[1326]: (435.7734076117685,1)
[1327]: (438.0491921965688,1)
[1328]: (438.3002808342501,1)
[1329]: (434.2390298466269,1)
[1330]: (438.4034585743527,1)
[1331]: (436.4334080324563,1)
[1332]: (437.0629596384953,1)
[1333]: (434.465138987437,1)
[1334]: (438.3828995566695,1)
[1335]: (433.1792949538465,1)
[1336]: (436.2463846706411,1)
[1337]: (437.109630654859,1)
[1338]: (438.3173297274108,1)
[1339]: (438.073638830437,1)
[1340]: (438.1749302578657,1)
[1341]: (436.1880707019612,1)
[1342]: (436.0589575844025,1)
[1343]: (437.0494074919215,1)
[1344]: (434.476552625466,1)
[1345]: (440.5775825022536,1)
[1346]: (440.0508867454346,1)
[1347]: (434.1819958415967,1)
[1348]: (435.0917038181034,1)
[1349]: (435.342467616239,1)
[1350]: (440.0596926032473,1)
[1351]: (439.0418114940738,1)
[1352]: (440.7376225859471,1)
[1353]: (433.6518135947076,1)
[1354]: (438.0043018068256,1)
[1355]: (435.8638813857154,1)
[1356]: (439.0248835553854,1)
[1357]: (437.9008408927567,1)
[1358]: (440.1026902861892,1)
[1359]: (434.2622371736352,1)
[1360]: (432.3985740733254,1)
[1361]: (436.0203444110977,1)
[1362]: (435.0265774580496,1)
[1363]: (436.4961049367555,1)
[1364]: (442.4051031148127,1)
[1365]: (434.0781448294025,1)
[1366]: (435.2131447802895,1)
[1367]: (436.0791711479691,1)
[1368]: (437.2746525368964,1)
[1369]: (437.1024940089956,1)
[1370]: (437.5887077734776,1)
[1371]: (437.0319644810775,1)
[1372]: (435.0010682507838,1)
[1373]: (436.3492813481303,1)
[1374]: (437.3646332973607,1)
[1375]: (437.2027059520262,1)
[1376]: (439.2356863399065,1)
[1377]: (438.2631919319641,1)
[1378]: (433.2427414610289,1)
[1379]: (439.1450733830014,1)
[1380]: (438.0609014610389,1)
[1381]: (439.2015730215734,1)
[1382]: (437.2702060818524,1)
[1383]: (441.2523996986173,1)
[1384]: (440.6458400164415,1)
[1385]: (437.603655747236,1)
[1386]: (439.1710092449356,1)
[1387]: (435.0430253892652,1)
[1388]: (440.1193073226661,1)
[1389]: (441.2852662205635,1)
[1390]: (439.5634958028804,1)
[1391]: (439.4263313212434,1)
[1392]: (437.1247084229371,1)
[1393]: (433.3909815271695,1)
[1394]: (441.2608998678823,1)
[1395]: (438.8923936021928,1)
[1396]: (438.38038045944,1)
[1397]: (436.066904476179,1)
[1398]: (435.9279799440644,1)
[1399]: (443.1681991265801,1)
[1400]: (444.0903289205954,1)
[1401]: (442.0436479993932,1)
[1402]: (432.1315452584943,1)
[1403]: (435.0734514406384,1)
[1404]: (443.1136396114289,1)
[1405]: (438.75173323579,1)
[1406]: (434.2943859405361,1)
[1407]: (443.5321206300047,1)
[1408]: (434.5145319312736,1)
[1409]: (435.7367408286271,1)
[1410]: (434.0981591914783,1)
[1411]: (432.1068348444829,1)
[1412]: (438.1783227976701,1)
[1413]: (437.3015833451653,1)
[1414]: (438.2010157273388,1)
[1415]: (433.1288390456978,1)
[1416]: (436.1028926860453,1)
[1417]: (439.1415516536122,1)
[1418]: (438.4520951581306,1)
[1419]: (440.1379535168408,1)
[1420]: (435.2190954239569,1)
[1421]: (434.0864353714655,1)
[1422]: (439.0383366425095,1)
[1423]: (438.1734215625028,1)
[1424]: (434.1008896899442,1)
[1425]: (440.233422664252,1)
[1426]: (438.0255507458317,1)
[1427]: (437.0996339467663,1)
[1428]: (443.5815549196738,1)
[1429]: (439.1259709535,1)
[1430]: (439.0475244922714,1)
[1431]: (432.7396964366188,1)
[1432]: (440.1247123533153,1)
[1433]: (439.0973441152993,1)
[1434]: (441.0706891974841,1)
[1435]: (441.0303200004962,1)
[1436]: (434.4703263269467,1)
[1437]: (442.173475194301,1)
[1438]: (441.218286131443,1)
[1439]: (433.5799463870147,1)
[1440]: (437.3274733338947,1)
[1441]: (435.3320631960095,1)
[1442]: (432.0771123885535,1)
[1443]: (434.0337494793004,1)
[1444]: (437.498018685323,1)
[1445]: (438.1336612735618,1)
[1446]: (438.3091431912269,1)
[1447]: (439.069713205394,1)
[1448]: (438.3408010290091,1)
[1449]: (438.1304109695923,1)
[1450]: (436.2526410519902,1)
[1451]: (438.2080788973326,1)
[1452]: (435.1347431777124,1)
[1453]: (435.1918622044563,1)
[1454]: (437.0017696180931,1)
[1455]: (432.2901458626409,1)
[1456]: (441.1481094022049,1)
[1457]: (436.0185691150951,1)
[1458]: (433.4314463272107,1)
[1459]: (436.2542871267653,1)
[1460]: (441.2243066437718,1)
[1461]: (440.1721759776581,1)
[1462]: (437.0984238653577,1)
[1463]: (433.0099586836931,1)
[1464]: (436.9639294677484,1)
[1465]: (438.033751960013,1)
[1466]: (442.1823903597713,1)
[1467]: (439.0153838230299,1)
[1468]: (438.4380468302498,1)
[1469]: (435.1326930625675,1)
[1470]: (434.2075525460881,1)
[1471]: (438.1759662111708,1)
[1472]: (434.065362079225,1)
[1473]: (434.4170853206832,1)
[1474]: (437.2917243156142,1)
[1475]: (437.3049307761573,1)
[1476]: (433.2823982171775,1)
[1477]: (437.1107931582326,1)
[1478]: (436.5305896084527,1)
[1479]: (440.3125424851229,1)
[1480]: (437.1083179909243,1)
[1481]: (436.2245967774069,1)
[1482]: (434.452833956496,1)
[1483]: (438.1987186292521,1)
[1484]: (436.7698728429791,1)
[1485]: (434.3418486949753,1)
[1486]: (439.1402261328405,1)
[1487]: (440.0178229211635,1)
[1488]: (441.0124915090719,1)
[1489]: (437.2212038269508,1)
[1490]: (434.2878545735178,1)
[1491]: (439.9827699387931,1)
[1492]: (437.8335325015072,1)
[1493]: (433.2152020434969,1)
[1494]: (436.0216663182586,1)
[1495]: (440.1949962143426,1)
[1496]: (436.7782857849905,1)
[1497]: (439.2632322768575,1)
[1498]: (439.8976646844954,1)
[1499]: (433.4853047569955,1)
[1500]: (437.009879294837,1)
[1501]: (434.0338770443109,1)
[1502]: (435.4230017845385,1)
[1503]: (439.0470179207975,1)
[1504]: (435.0266131433905,1)
[1505]: (436.1533043408492,1)
[1506]: (438.0367839653636,1)
[1507]: (439.0279605838606,1)
[1508]: (435.0966879516088,1)
[1509]: (436.0817692431684,1)
[1510]: (438.054836709265,1)
[1511]: (433.305163454808,1)
[1512]: (435.3675224313495,1)
[1513]: (437.1751835406354,1)
[1514]: (437.3936447035919,1)
[1515]: (434.4146977891084,1)
[1516]: (437.02765927137,1)
[1517]: (439.1474900029048,1)
[1518]: (439.2353356148495,1)
[1519]: (438.0880358982686,1)
[1520]: (433.0319161368715,1)
[1521]: (434.1567199079583,1)
[1522]: (440.2695245795595,1)
[1523]: (435.5270710728893,1)
[1524]: (437.0942882104911,1)
[1525]: (438.0715475735153,1)
[1526]: (437.2949097706181,1)
[1527]: (436.0507788935084,1)
[1528]: (442.0533517301017,1)
[1529]: (433.3184647934943,1)
[1530]: (433.2310227746343,1)
[1531]: (435.4045990643239,1)
[1532]: (442.0681465195543,1)
[1533]: (439.1295619970621,1)
[1534]: (441.058166795176,1)
[1535]: (435.5028065586762,1)
[1536]: (435.7898320604622,1)
[1537]: (438.3285847867573,1)
[1538]: (435.0043050266109,1)
[1539]: (444.0723423312161,1)
[1540]: (435.1202062197111,1)
[1541]: (434.2171916626346,1)
[1542]: (437.5821272809146,1)
[1543]: (439.1614479757445,1)
[1544]: (442.2490286545111,1)
[1545]: (435.0195445935581,1)
[1546]: (433.5506035197482,1)
[1547]: (438.6910390438313,1)
[1548]: (433.3150530710908,1)
[1549]: (439.0591604803283,1)
[1550]: (437.3582610835044,1)
[1551]: (437.6849363716522,1)
[1552]: (436.2652635478906,1)
[1553]: (435.0399649234836,1)
[1554]: (437.3842226923835,1)
[1555]: (437.0147868083838,1)
[1556]: (437.1489724168896,1)
[1557]: (438.3469704450135,1)
[1558]: (434.123066698362,1)
[1559]: (437.3386617620804,1)
[1560]: (434.3887800351292,1)
[1561]: (442.5705062443363,1)
[1562]: (437.8761355019091,1)
[1563]: (440.2747126325524,1)
[1564]: (435.1882114064596,1)
[1565]: (438.5701390036342,1)
[1566]: (438.2102725266059,1)
[1567]: (433.4503151168287,1)
[1568]: (434.4822494592079,1)
[1569]: (441.0573396121258,1)
[1570]: (436.1421449502721,1)
[1571]: (435.5315191836026,1)
[1572]: (440.7614306279065,1)
[1573]: (434.1187005684932,1)
[1574]: (436.7194092010857,1)
[1575]: (435.2465897058685,1)
[1576]: (439.2683806991422,1)
[1577]: (441.1397378329444,1)
[1578]: (433.0284534003937,1)
[1579]: (438.1059505215854,1)
[1580]: (433.2532255354681,1)
[1581]: (440.5185188976246,1)
[1582]: (437.3580749395906,1)
[1583]: (438.178885074197,1)
[1584]: (435.0318808487989,1)
[1585]: (440.2564849587012,1)
[1586]: (436.1056001762575,1)
[1587]: (440.0474958032589,1)
[1588]: (437.1571705584234,1)
[1589]: (434.2430120380301,1)
[1590]: (435.3044216179979,1)
[1591]: (435.0209435494083,1)
[1592]: (439.4492840885707,1)
[1593]: (439.5986266825224,1)
[1594]: (434.1439824101806,1)
[1595]: (435.4016733290944,1)
[1596]: (434.7047636419774,1)
[1597]: (433.1876126715662,1)
[1598]: (437.1118073883405,1)
[1599]: (436.1432244396116,1)
[1600]: (438.2765683135886,1)
[1601]: (442.1620086959666,1)
[1602]: (432.6657084909793,1)
[1603]: (435.4290518285317,1)
[1604]: (435.1693840386014,1)
[1605]: (435.7240212653297,1)
[1606]: (443.1174716603156,1)
[1607]: (441.6441476050767,1)
[1608]: (440.0507289026681,1)
[1609]: (439.0079887613488,1)
[1610]: (437.4214756146434,1)
[1611]: (442.5118537653616,1)
[1612]: (443.4128593625479,1)
[1613]: (441.3649626286223,1)
[1614]: (437.2168887647022,1)
[1615]: (434.0623201657943,1)
[1616]: (433.5140141414545,1)
[1617]: (438.0402216793439,1)
[1618]: (439.322511147049,1)
[1619]: (440.2876872064232,1)
[1620]: (441.1124354728781,1)
[1621]: (440.1409581178191,1)
[1622]: (434.1783043349462,1)
[1623]: (435.072952616215,1)
[1624]: (434.0948578114017,1)
[1625]: (434.3818858551293,1)
[1626]: (438.3086783698107,1)
[1627]: (436.531196075307,1)
[1628]: (433.5651723441007,1)
[1629]: (438.562907806795,1)
[1630]: (439.0082520443592,1)
[1631]: (435.0025346681002,1)
[1632]: (435.2644196551984,1)
[1633]: (441.0893086666204,1)
[1634]: (440.201436036397,1)
[1635]: (434.0361835248925,1)
[1636]: (440.0677975444102,1)
[1637]: (439.0629870976314,1)
[1638]: (439.0484542006715,1)
[1639]: (436.3399259515883,1)
[1640]: (434.2808496666003,1)
[1641]: (437.2055758473705,1)
[1642]: (438.0653974220494,1)
[1643]: (439.2376704404007,1)
[1644]: (434.4117265002003,1)
[1645]: (437.8763143973774,1)
[1646]: (441.0432367967629,1)
[1647]: (435.1240293011108,1)
[1648]: (436.4333483488725,1)
[1649]: (435.2166416222952,1)
[1650]: (437.8235380919774,1)
[1651]: (433.0790910827045,1)
[1652]: (438.4606645213872,1)
[1653]: (436.0159373219868,1)
[1654]: (441.0852675446031,1)
[1655]: (436.6667736893431,1)
[1656]: (439.0548598229271,1)
[1657]: (440.14948574708,1)
[1658]: (439.1646102694419,1)
[1659]: (435.1256400566657,1)
[1660]: (434.3579334616779,1)
[1661]: (438.0445830223796,1)
[1662]: (439.1069747888909,1)
[1663]: (439.4634681242341,1)
[1664]: (438.3667389029057,1)
[1665]: (438.2795043780932,1)
[1666]: (436.5091553374584,1)
[1667]: (436.5356423625601,1)
[1668]: (438.2398057138541,1)
[1669]: (439.1328397393849,1)
[1670]: (440.460821091739,1)
[1671]: (436.0832597023739,1)
[1672]: (440.1362198026839,1)
[1673]: (437.279579521788,1)
[1674]: (440.1321336935259,1)
[1675]: (440.392807099838,1)
[1676]: (440.0714020582473,1)
[1677]: (436.0768399927101,1)
[1678]: (433.2595413438665,1)
[1679]: (441.0910092216574,1)
[1680]: (436.0472544529147,1)
[1681]: (436.285519772198,1)
[1682]: (433.1336453344157,1)
[1683]: (435.0649260102351,1)
[1684]: (434.6208730494806,1)
[1685]: (438.1453088188299,1)
[1686]: (433.0191965964129,1)
[1687]: (438.3122053903225,1)
[1688]: (435.5886208733213,1)
[1689]: (439.0428879237039,1)
[1690]: (438.1178777929104,1)
[1691]: (436.1094575909396,1)
[1692]: (440.0738744512353,1)
[1693]: (438.3145833418641,1)
[1694]: (441.049340088185,1)
[1695]: (436.9007761192008,1)
[1696]: (438.7884311295246,1)
[1697]: (440.6360847586026,1)
[1698]: (440.1747270430478,1)
[1699]: (438.0514749501978,1)
[1700]: (437.4286858234086,1)
[1701]: (435.239168575266,1)
[1702]: (436.6031709895695,1)
[1703]: (437.1019432874722,1)
[1704]: (439.6719410590523,1)
[1705]: (441.239246056549,1)
[1706]: (437.4193111643203,1)
[1707]: (438.1341700326271,1)
[1708]: (442.2321322315095,1)
[1709]: (441.3128241638777,1)
[1710]: (440.0510635430174,1)
[1711]: (434.2048521156199,1)
[1712]: (434.2711746136542,1)
[1713]: (438.3752523536231,1)
[1714]: (434.1060091152888,1)
[1715]: (432.4296126868281,1)
[1716]: (441.1359623161668,1)
[1717]: (437.3075085499916,1)
[1718]: (439.3724224006484,1)
[1719]: (435.0625432909505,1)
[1720]: (439.1405848533854,1)
[1721]: (437.1310118251914,1)
[1722]: (438.2616083329014,1)
[1723]: (435.1349992156082,1)
[1724]: (434.0973066036199,1)
[1725]: (439.1121170312551,1)
[1726]: (438.0943363918676,1)
[1727]: (440.0980209439787,1)
[1728]: (433.6378755819408,1)
[1729]: (443.3054508362299,1)
[1730]: (437.1252401199689,1)
[1731]: (434.1315307932759,1)
[1732]: (435.0233238978128,1)
[1733]: (437.2137413165996,1)
[1734]: (436.797014387975,1)
[1735]: (438.0414322780051,1)
[1736]: (437.005567006501,1)
[1737]: (434.4279193319092,1)
[1738]: (438.0885160257888,1)
[1739]: (436.4704418990905,1)
[1740]: (437.2323495837396,1)
[1741]: (439.4379394407511,1)
[1742]: (438.4403077160265,1)
[1743]: (435.0799435596089,1)
[1744]: (435.1162756625956,1)
[1745]: (441.4241212020098,1)
[1746]: (434.6796086119313,1)
[1747]: (436.0387167696436,1)
[1748]: (440.0934809522016,1)
[1749]: (441.2268739224771,1)
[1750]: (435.0536226924017,1)
[1751]: (438.5465552823533,1)
[1752]: (440.3241863083778,1)
[1753]: (437.9260355769507,1)
[1754]: (434.0150659771402,1)
[1755]: (434.1885375523917,1)
[1756]: (438.031042588157,1)
[1757]: (437.1880609423458,1)
[1758]: (444.4359847245556,1)
[1759]: (438.4982527998837,1)
[1760]: (434.3312247171169,1)
[1761]: (435.1344985472166,1)
[1762]: (444.0184956507279,1)
[1763]: (440.1235519377728,1)
[1764]: (436.8620636924551,1)
[1765]: (438.1255923572824,1)
[1766]: (434.422524939402,1)
[1767]: (439.5505918549043,1)
[1768]: (437.29393438647,1)
[1769]: (435.0421724220932,1)
[1770]: (440.0642166284098,1)
[1771]: (438.1488091734852,1)
[1772]: (434.731609435433,1)
[1773]: (433.0384730803382,1)
[1774]: (438.1946031282731,1)
[1775]: (441.8754136750545,1)
[1776]: (436.2753604146877,1)
[1777]: (434.1897201215012,1)
[1778]: (440.0433927345186,1)
[1779]: (439.7362221945779,1)
[1780]: (436.2471156259249,1)
[1781]: (439.1875888741272,1)
[1782]: (438.0746395978219,1)
[1783]: (435.0313213489184,1)
[1784]: (439.2723188592461,1)
[1785]: (440.1672423014156,1)
[1786]: (433.1343385308923,1)
[1787]: (440.2100480986492,1)
[1788]: (437.239055666012,1)
[1789]: (441.2019990073728,1)
[1790]: (435.0734048318661,1)
[1791]: (437.328303175129,1)
[1792]: (440.1038591790492,1)
[1793]: (437.8384514034897,1)
[1794]: (437.5022533381453,1)
[1795]: (436.1362835139922,1)
[1796]: (437.0625329755701,1)
[1797]: (434.0078585213759,1)
[1798]: (438.3961848760488,1)
[1799]: (435.4214437356473,1)
[1800]: (439.5905214886071,1)
[1801]: (436.3484193255331,1)
[1802]: (436.7283172616433,1)
[1803]: (437.5473153363335,1)
[1804]: (440.0770954136927,1)
[1805]: (440.6996741623238,1)
[1806]: (434.4797085768398,1)
[1807]: (435.4487559535945,1)
[1808]: (438.4717016428704,1)
[1809]: (441.1276750399161,1)
[1810]: (432.0892162312946,1)
[1811]: (435.2772660034734,1)
[1812]: (436.1711274551098,1)
[1813]: (442.0188269165967,1)
[1814]: (436.3140088746051,1)
[1815]: (440.511178798523,1)
[1816]: (434.118168262476,1)
[1817]: (439.1761437962894,1)
[1818]: (438.1659346411655,1)
[1819]: (437.2421758863283,1)
[1820]: (440.2127599218341,1)
[1821]: (438.1378308347324,1)
[1822]: (439.3615133796314,1)
[1823]: (435.3051585482642,1)
[1824]: (433.4693886487252,1)
[1825]: (441.1424345125187,1)
[1826]: (441.0292840183712,1)
[1827]: (437.0870755805886,1)
[1828]: (439.0645176696005,1)
[1829]: (438.1555771951662,1)
[1830]: (434.1322172189834,1)
[1831]: (434.3611851729434,1)
[1832]: (434.0131786443685,1)
[1833]: (435.0853925128693,1)
[1834]: (439.6783985328389,1)
[1835]: (433.4986771095221,1)
[1836]: (436.1025591737875,1)
[1837]: (440.0997424126263,1)
[1838]: (434.2203261856604,1)
[1839]: (439.0921994916133,1)
[1840]: (435.6820732734743,1)
[1841]: (439.0651216657627,1)
[1842]: (436.227129531053,1)
[1843]: (435.1429856934155,1)
[1844]: (438.4625782223317,1)
[1845]: (433.2368779144515,1)
[1846]: (440.2923451258003,1)
[1847]: (433.5892808878696,1)
[1848]: (433.2851285064717,1)
[1849]: (437.0265152953895,1)
[1850]: (439.7357671546338,1)
[1851]: (437.5928344509934,1)
[1852]: (435.1932732093777,1)
[1853]: (436.1393818126501,1)
[1854]: (438.0707705010383,1)
[1855]: (438.4344806700019,1)
[1856]: (435.1702245979752,1)
[1857]: (434.8299434262857,1)
[1858]: (437.2520056350223,1)
[1859]: (438.0541410154352,1)
[1860]: (439.2343064646809,1)
[1861]: (436.238595140114,1)
[1862]: (439.0684938471323,1)
[1863]: (435.1030123744912,1)
[1864]: (436.3060974259224,1)
[1865]: (434.2830848181734,1)
[1866]: (435.0624490280304,1)
[1867]: (438.1627896912663,1)
[1868]: (439.40116007469,1)
[1869]: (443.1753979428623,1)
[1870]: (437.110316425578,1)
[1871]: (437.4039740295877,1)
[1872]: (436.1003899380555,1)
[1873]: (432.6714940747228,1)
[1874]: (443.439936282044,1)
[1875]: (436.6417472357745,1)
[1876]: (442.045170612557,1)
[1877]: (442.1767776417608,1)
[1878]: (440.21121720848,1)
[1879]: (436.3913612922232,1)
[1880]: (435.0412356954178,1)
[1881]: (439.0873086705975,1)
[1882]: (438.0363966562965,1)
[1883]: (440.2720293925206,1)
[1884]: (438.0932485376915,1)
[1885]: (436.1789352377991,1)
[1886]: (439.5005623519206,1)
[1887]: (435.0532028562604,1)
[1888]: (436.4792224272315,1)
[1889]: (437.6360472674506,1)
[1890]: (439.700607887971,1)
[1891]: (437.0775112098777,1)
[1892]: (438.1747181400174,1)
[1893]: (441.3233617745922,1)
[1894]: (436.0773677376679,1)
[1895]: (438.5057896472145,1)
[1896]: (439.1452616932943,1)
[1897]: (434.1684373787967,1)
[1898]: (438.0789626275574,1)
[1899]: (438.1066926811388,1)
[1900]: (436.8874118117687,1)
[1901]: (437.4439903035752,1)
[1902]: (433.0772458326525,1)
[1903]: (438.0289711864622,1)
[1904]: (434.4144041614185,1)
[1905]: (437.374867212681,1)
[1906]: (441.6671516934516,1)
[1907]: (444.3872865488907,1)
[1908]: (435.2134279707111,1)
[1909]: (437.8719321437155,1)
[1910]: (432.2945688016359,1)
[1911]: (439.2401554583639,1)
[1912]: (436.0582774297091,1)
[1913]: (433.330395268535,1)
[1914]: (439.9432625296333,1)
[1915]: (435.1044705671033,1)
[1916]: (440.1735334918162,1)
[1917]: (440.5257211169994,1)
[1918]: (436.1826796992198,1)
[1919]: (440.4785624348378,1)
[1920]: (437.0193466186334,1)
[1921]: (440.8657426478812,1)
[1922]: (439.3246240468599,1)
[1923]: (442.0974022339413,1)
[1924]: (434.9100775038432,1)
[1925]: (437.2979674172109,1)
[1926]: (437.4113539912886,1)
[1927]: (435.2129395764933,1)
[1928]: (438.8449084972743,1)
[1929]: (438.6036233924747,1)
[1930]: (436.6770018558139,1)
[1931]: (439.0115312192849,1)
[1932]: (435.1333003707409,1)
[1933]: (439.1477756163323,1)
[1934]: (432.8046026918053,1)
[1935]: (442.1261969494184,1)
[1936]: (441.8430286903683,1)
[1937]: (435.2136683425265,1)
[1938]: (439.1681235903183,1)
[1939]: (436.6063959201246,1)
[1940]: (438.1133175172042,1)
[1941]: (435.1397275876601,1)
[1942]: (435.1773429313672,1)
[1943]: (436.2165589242347,1)
[1944]: (434.8420270277617,1)
[1945]: (436.3341355780574,1)
[1946]: (438.572951369446,1)
[1947]: (440.6499425212349,1)
[1948]: (440.692941671581,1)
[1949]: (435.934931138881,1)
[1950]: (434.3429034628383,1)
[1951]: (434.1523334243877,1)
[1952]: (438.0252108860885,1)
[1953]: (435.2400726172982,1)
[1954]: (438.0193988670951,1)
[1955]: (436.1892332426525,1)
[1956]: (444.1620610600369,1)
[1957]: (434.4899162263286,1)
[1958]: (440.5449841487792,1)
[1959]: (436.0974679400914,1)
[1960]: (437.0038562220515,1)
[1961]: (440.1380104865336,1)
[1962]: (434.546948915617,1)
[1963]: (435.5678467108388,1)
[1964]: (437.0699272519714,1)
[1965]: (438.0762281847709,1)
[1966]: (434.0630118964329,1)
[1967]: (438.7258663454333,1)
[1968]: (440.0459680131356,1)
[1969]: (436.4606266438514,1)
[1970]: (440.6137999285378,1)
[1971]: (433.4561610078172,1)
[1972]: (435.7092890674734,1)
[1973]: (438.2055914130489,1)
[1974]: (435.3301455652451,1)
[1975]: (434.57849422743,1)
[1976]: (439.0396139070649,1)
[1977]: (434.2602434873207,1)
[1978]: (438.2796299873769,1)
[1979]: (435.0569954460597,1)
[1980]: (438.0703630198396,1)
[1981]: (438.4397818408166,1)
[1982]: (437.760394660317,1)
[1983]: (435.0225698350879,1)
[1984]: (442.7808587110429,1)
[1985]: (437.0936535517733,1)
[1986]: (441.2649588957445,1)
[1987]: (443.7341829632329,1)
[1988]: (435.0332671373011,1)
[1989]: (434.1318792666326,1)
[1990]: (441.5573907678466,1)
[1991]: (437.2025972504424,1)
[1992]: (436.7244930759924,1)
[1993]: (435.0372611363227,1)
[1994]: (437.3205059229834,1)
[1995]: (434.0533582442827,1)
[1996]: (435.4774435703019,1)
[1997]: (440.3944125703901,1)
[1998]: (438.6289619152992,1)
[1999]: (438.2276758154094,1)
 -- States explored : 0 states
 -- CPU user time used : 1406040 ms
 -- Virtual memory used : 88309744 KiB
 -- Resident memory used : 87345276 KiB
executionTime: 16598
