core file size          (blocks, -c) unlimited
data seg size           (kbytes, -d) unlimited
scheduling priority             (-e) 0
file size               (blocks, -f) unlimited
pending signals                 (-i) 4077086
max locked memory       (kbytes, -l) 64
max memory size         (kbytes, -m) 133169152
open files                      (-n) 4096
pipe size            (512 bytes, -p) 8
POSIX message queues     (bytes, -q) 819200
real-time priority              (-r) 0
stack size              (kbytes, -s) 8192
cpu time               (seconds, -t) unlimited
max user processes              (-u) 4077086
virtual memory          (kbytes, -v) 127000000
file locks                      (-x) unlimited
Options for the verification:
  Generating some trace
  Search order is random depth first
  Using conservative space optimisation
  Seed is 1557193115
  State space representation uses minimal constraint systems
  Using HashMap + Compress integers for discrete state storage

Verifying formula 1 at ../queries/SP_300_176_8.q:1
 -- Formula is satisfied.
(9000 runs)
Learning statistics for best strategy: 
	Number of resets: 2
	Number of iterations in last reset: 7
	Number of iterations in total: 30

 -- States explored : 0 states
 -- CPU user time used : 16029360 ms
 -- Virtual memory used : 81109448 KiB
 -- Resident memory used : 81070888 KiB

Verifying formula 2 at ../queries/SP_300_176_8.q:2
 -- Formula is satisfied.
Composer.Done:
[0]: (0,0) (336.2170847599572,1)
[1]: (327.3147939642973,1)
[2]: (335.4293474846766,1)
[3]: (334.3257643665062,1)
[4]: (333.204988496479,1)
[5]: (334.3717243875973,1)
[6]: (333.2410372776409,1)
[7]: (339.2182427103882,1)
[8]: (330.3266954699138,1)
[9]: (336.8872781472658,1)
[10]: (335.0380242944969,1)
[11]: (333.0774630183524,1)
[12]: (333.0284967514182,1)
[13]: (330.4426584355475,1)
[14]: (333.7727338365561,1)
[15]: (337.1878145369587,1)
[16]: (337.6905708134016,1)
[17]: (337.9008175538472,1)
[18]: (334.2816830071935,1)
[19]: (334.0060027171385,1)
[20]: (332.3814976576419,1)
[21]: (330.5594080300179,1)
[22]: (336.4397842760926,1)
[23]: (335.0435155983126,1)
[24]: (327.8656316779955,1)
[25]: (339.032278572754,1)
[26]: (332.3088460975537,1)
[27]: (331.0131935574044,1)
[28]: (334.7258566743961,1)
[29]: (333.1839793044245,1)
[30]: (342.5414118334497,1)
[31]: (336.085006965388,1)
[32]: (335.4602084013545,1)
[33]: (336.1733353092023,1)
[34]: (333.024886791555,1)
[35]: (335.1543250182149,1)
[36]: (337.1461616601842,1)
[37]: (337.4679870385729,1)
[38]: (334.1905062843919,1)
[39]: (341.4265850338002,1)
[40]: (330.1761225984559,1)
[41]: (335.1916640842679,1)
[42]: (337.2398098774385,1)
[43]: (335.2840860102792,1)
[44]: (326.1760266923037,1)
[45]: (330.0471871385614,1)
[46]: (330.8739579356831,1)
[47]: (329.3961855108809,1)
[48]: (333.2041081277553,1)
[49]: (337.6872488875784,1)
[50]: (338.0937834730396,1)
[51]: (331.0725668962139,1)
[52]: (336.1754917336683,1)
[53]: (336.330207728967,1)
[54]: (331.2660895125911,1)
[55]: (331.3118552963917,1)
[56]: (335.019458533578,1)
[57]: (334.3069543518013,1)
[58]: (339.0186283744745,1)
[59]: (336.0802269505277,1)
[60]: (335.0778427483027,1)
[61]: (332.484390411166,1)
[62]: (336.0425558519935,1)
[63]: (327.580519617943,1)
[64]: (331.1777224312755,1)
[65]: (338.0922831549504,1)
[66]: (337.8307534858986,1)
[67]: (333.1944676387629,1)
[68]: (328.0120807536307,1)
[69]: (330.3795995482074,1)
[70]: (332.0024079240078,1)
[71]: (336.508429758147,1)
[72]: (335.7850700853867,1)
[73]: (333.1798418011352,1)
[74]: (332.1466189514182,1)
[75]: (335.9576886602393,1)
[76]: (329.0696900891315,1)
[77]: (334.6231172373348,1)
[78]: (335.2849425138519,1)
[79]: (333.9734189730271,1)
[80]: (333.2241648296574,1)
[81]: (328.6797890271267,1)
[82]: (334.3820159790541,1)
[83]: (333.6292627970213,1)
[84]: (331.2589917297512,1)
[85]: (332.0363851931066,1)
[86]: (330.2968345333773,1)
[87]: (331.0191332071602,1)
[88]: (334.3825614993972,1)
[89]: (332.0623688198385,1)
[90]: (329.029018017679,1)
[91]: (329.1720171195802,1)
[92]: (336.0490697574237,1)
[93]: (337.124381898804,1)
[94]: (338.1934155168554,1)
[95]: (334.0031959235732,1)
[96]: (330.6211066907379,1)
[97]: (336.129616047673,1)
[98]: (336.3109846475863,1)
[99]: (330.8232334166512,1)
[100]: (332.598929202588,1)
[101]: (331.2124522793429,1)
[102]: (333.1036254924567,1)
[103]: (333.1941949747809,1)
[104]: (334.6062483761356,1)
[105]: (331.3078208409577,1)
[106]: (343.2250791423519,1)
[107]: (330.1692233433836,1)
[108]: (328.3713307543242,1)
[109]: (334.1259729270635,1)
[110]: (332.0637388867511,1)
[111]: (335.1578570262795,1)
[112]: (333.0156028074977,1)
[113]: (333.4604796443596,1)
[114]: (329.0399757487944,1)
[115]: (330.5844496510502,1)
[116]: (332.1018424861942,1)
[117]: (337.3202447862752,1)
[118]: (335.2946534982337,1)
[119]: (327.3005082006226,1)
[120]: (331.0339333634242,1)
[121]: (331.2356762593816,1)
[122]: (338.1338448537017,1)
[123]: (335.2602707422494,1)
[124]: (335.1166533892837,1)
[125]:
[126]: (335.1187788913388,1)
[127]: (336.9494713426014,1)
[128]: (333.3350312873732,1)
[129]: (336.4869729056728,1)
[130]: (331.3748592903225,1)
[131]: (334.2816538135716,1)
[132]: (332.7996448190132,1)
[133]: (340.2859719769744,1)
[134]: (338.3585256139104,1)
[135]: (341.2483537349966,1)
[136]: (335.6592335038372,1)
[137]: (330.062585799009,1)
[138]: (332.1579138094655,1)
[139]: (342.027688518859,1)
[140]: (336.3389243695198,1)
[141]: (334.0275249163102,1)
[142]: (342.054435500925,1)
[143]: (333.2522470916319,1)
[144]: (333.5645994181804,1)
[145]: (335.0186425872216,1)
[146]: (337.5839865205172,1)
[147]: (336.1517923554609,1)
[148]: (329.1901762801103,1)
[149]: (334.1476498184344,1)
[150]: (337.0998552824233,1)
[151]: (335.3021754649029,1)
[152]: (332.0484086318205,1)
[153]: (337.0895846232347,1)
[154]: (334.1023016977722,1)
[155]: (337.0014138533234,1)
[156]: (335.7946301704555,1)
[157]: (331.2704056295439,1)
[158]: (334.1715885670519,1)
[159]: (338.6550996548314,1)
[160]: (334.6949013698549,1)
[161]: (335.652162682461,1)
[162]: (339.1224674765189,1)
[163]: (336.5224283874597,1)
[164]: (334.1604663742799,1)
[165]: (335.0776914667122,1)
[166]: (335.4120471564422,1)
[167]: (332.326767564033,1)
[168]: (340.2125403730889,1)
[169]: (337.0051080943219,1)
[170]: (330.2986897692093,1)
[171]: (335.5867432660646,1)
[172]: (337.3660935080763,1)
[173]: (332.4324966145173,1)
[174]: (330.393967610115,1)
[175]: (339.6365414359689,1)
[176]: (335.2943831651986,1)
[177]: (333.05327592392,1)
[178]: (340.0959025348336,1)
[179]: (332.3074687265893,1)
[180]: (335.3353899917954,1)
[181]: (333.7625410036194,1)
[182]: (337.5376129854077,1)
[183]: (344.2441899001191,1)
[184]: (335.2083614823836,1)
[185]: (334.0113194653393,1)
[186]: (334.0793363434265,1)
[187]: (339.6690634621882,1)
[188]: (335.2530411149121,1)
[189]: (336.0683588982942,1)
[190]: (330.3705807218338,1)
[191]: (333.0505539214672,1)
[192]: (331.305988908054,1)
[193]: (333.051593462525,1)
[194]: (336.1424832228757,1)
[195]: (340.2684332725991,1)
[196]: (342.0075276348922,1)
[197]: (337.5699480553544,1)
[198]: (342.168295544924,1)
[199]: (332.0008462653051,1)
[200]: (334.2519790591438,1)
[201]: (338.0606938798066,1)
[202]: (337.1841215599459,1)
[203]: (338.0865356606194,1)
[204]: (331.137607399853,1)
[205]: (333.198453302688,1)
[206]: (330.0161809751436,1)
[207]: (330.0551581361055,1)
[208]: (337.0227306826407,1)
[209]: (333.1090701778258,1)
[210]: (338.3966893602712,1)
[211]: (335.0952392869159,1)
[212]: (337.97287811213,1)
[213]: (334.3080817185159,1)
[214]: (330.1029984411543,1)
[215]: (332.2022148100298,1)
[216]: (339.1847959105037,1)
[217]: (339.0367143312326,1)
[218]: (331.0628640136544,1)
[219]: (333.4257565617297,1)
[220]:
[221]: (337.1036870139438,1)
[222]: (332.2991737178582,1)
[223]: (338.7259953901611,1)
[224]: (331.5817413796444,1)
[225]: (334.247598511822,1)
[226]: (342.4733597900639,1)
[227]: (330.204473191243,1)
[228]: (344.1967419467468,1)
[229]: (332.5731605056136,1)
[230]: (340.081989830597,1)
[231]: (332.3519612503725,1)
[232]: (336.2419733237845,1)
[233]: (332.1119041396567,1)
[234]: (333.0844800161287,1)
[235]: (338.0119235249778,1)
[236]: (335.23228726997,1)
[237]: (335.3891514739261,1)
[238]: (340.0187007741406,1)
[239]: (331.0108567501537,1)
[240]: (340.0685958167408,1)
[241]: (329.1012840593282,1)
[242]: (335.2207804930147,1)
[243]: (332.8664871447157,1)
[244]: (330.1502406047388,1)
[245]: (335.0120940054786,1)
[246]: (336.0063222325106,1)
[247]: (333.3462383321804,1)
[248]: (341.0276254790972,1)
[249]: (332.3548581241884,1)
[250]: (336.0383832200288,1)
[251]: (332.1227291102703,1)
[252]: (329.8925165125668,1)
[253]: (334.1857363321836,1)
[254]: (331.0153639175251,1)
[255]: (332.08778433885,1)
[256]: (335.3324281435435,1)
[257]: (342.4947226909179,1)
[258]: (332.0107742682707,1)
[259]: (335.4818934754425,1)
[260]: (345.1500761574264,1)
[261]: (341.2906203272149,1)
[262]: (339.3491548601749,1)
[263]: (337.0474465288141,1)
[264]: (335.0354349771829,1)
[265]: (334.0423277980911,1)
[266]: (332.399758239394,1)
[267]: (334.0770671110435,1)
[268]: (328.1068896915554,1)
[269]: (335.1757950043354,1)
[270]: (332.3670534176537,1)
[271]: (336.4513125930713,1)
[272]: (327.2274741200042,1)
[273]: (335.7255501396758,1)
[274]: (328.2181827665555,1)
[275]: (338.5333677646422,1)
[276]: (339.2495186013499,1)
[277]: (328.0221457796769,1)
[278]: (340.0076555735239,1)
[279]: (330.2669704414482,1)
[280]: (333.9541677236931,1)
[281]: (335.5402812355223,1)
[282]: (332.0280259797087,1)
[283]: (339.0969991782812,1)
[284]: (336.2502880962875,1)
[285]: (338.2465000725305,1)
[286]: (332.3458042773196,1)
[287]: (337.4018348287758,1)
[288]: (329.184016493092,1)
[289]: (333.1668860808015,1)
[290]: (330.197795798785,1)
[291]: (337.1066753248845,1)
[292]: (333.0782410380038,1)
[293]: (329.1287326021014,1)
[294]: (335.1117623989784,1)
[295]: (340.3082944163054,1)
[296]: (336.1173137291088,1)
[297]: (334.0642369461287,1)
[298]: (332.3010965652228,1)
[299]: (335.0358515816832,1)
[300]: (336.7647827457927,1)
[301]: (334.4369520323027,1)
[302]: (334.2772732497733,1)
[303]: (340.201035302951,1)
[304]: (331.1868499677268,1)
[305]: (330.0572496112198,1)
[306]: (338.0348134229683,1)
[307]: (333.5337441462086,1)
[308]: (335.7540192028538,1)
[309]: (334.0273235357625,1)
[310]: (336.3854499451964,1)
[311]: (341.0821985014661,1)
[312]: (340.0215663679887,1)
[313]: (330.1590880807925,1)
[314]: (334.3901048192033,1)
[315]: (339.7732991413135,1)
[316]: (333.5050673472088,1)
[317]: (334.0370892330628,1)
[318]: (330.0661329355215,1)
[319]: (338.2527651990473,1)
[320]: (333.100148090911,1)
[321]: (337.0746925297225,1)
[322]: (335.0882862945375,1)
[323]: (338.0861644477731,1)
[324]: (335.4509654313521,1)
[325]: (335.0654927552573,1)
[326]: (332.0943812197349,1)
[327]: (342.7676478048583,1)
[328]: (336.2221744962063,1)
[329]: (333.4587991554155,1)
[330]: (334.0962105380879,1)
[331]: (331.2248480267054,1)
[332]: (332.0459109682292,1)
[333]: (335.026082101487,1)
[334]: (334.3780472010813,1)
[335]: (328.8901443265082,1)
[336]: (339.7926385566603,1)
[337]: (334.709501662007,1)
[338]: (336.1057074813116,1)
[339]: (332.6884736710068,1)
[340]: (337.1993895576605,1)
[341]: (334.1617730311797,1)
[342]: (334.1869373499582,1)
[343]: (336.491690564233,1)
[344]: (335.2437591817289,1)
[345]: (336.4252459309693,1)
[346]: (334.3060512123785,1)
[347]: (328.0971827861904,1)
[348]: (328.01627400378,1)
[349]: (331.3344340000629,1)
[350]: (336.2533149475657,1)
[351]: (337.2236290434073,1)
[352]: (336.2165022079815,1)
[353]: (336.0612967966551,1)
[354]: (337.012866902505,1)
[355]: (331.2647158469616,1)
[356]: (336.566580318663,1)
[357]: (334.2366895366177,1)
[358]: (343.018584246054,1)
[359]: (331.1102730166241,1)
[360]: (330.0592325010238,1)
[361]: (338.2738815176261,1)
[362]: (334.565879600304,1)
[363]: (334.0436999407428,1)
[364]: (331.1909964933876,1)
[365]: (336.2548852602106,1)
[366]: (334.2835194282224,1)
[367]: (327.4779126104026,1)
[368]: (337.0328056314366,1)
[369]: (333.101563668113,1)
[370]: (332.886810118484,1)
[371]: (340.207915462169,1)
[372]: (335.3459240298071,1)
[373]: (330.0043430157674,1)
[374]: (331.084868677662,1)
[375]: (331.0462653437853,1)
[376]: (340.125101932172,1)
[377]: (331.1605432655165,1)
[378]: (333.1101771610333,1)
[379]: (335.0230553228936,1)
[380]: (335.0537647340502,1)
[381]: (333.400822675637,1)
[382]: (331.2609910559346,1)
[383]: (328.0130837523685,1)
[384]: (336.0561314710509,1)
[385]: (332.2184123995208,1)
[386]: (339.1387252405069,1)
[387]: (331.1329299063426,1)
[388]: (332.1250535899624,1)
[389]: (335.1269739748621,1)
[390]: (333.1098933306005,1)
[391]: (334.1133977213738,1)
[392]: (332.3543163445188,1)
[393]: (334.5653353915634,1)
[394]: (337.3688672666938,1)
[395]: (333.7231162444873,1)
[396]: (335.1161093552201,1)
[397]: (340.0200881478601,1)
[398]: (333.1347908170451,1)
[399]: (334.2912291327958,1)
[400]: (335.3196214419183,1)
[401]: (332.4762390625172,1)
[402]: (331.118178568437,1)
[403]: (343.135405763468,1)
[404]: (333.1355950944781,1)
[405]: (330.8836752024028,1)
[406]: (335.0451016881478,1)
[407]: (332.0137269791884,1)
[408]: (335.0475048278819,1)
[409]: (335.174753002602,1)
[410]: (333.1292927107436,1)
[411]: (338.3311704834051,1)
[412]: (331.9283455882789,1)
[413]: (332.1081568067014,1)
[414]: (344.3599634115016,1)
[415]: (335.1889084578457,1)
[416]: (334.528759204933,1)
[417]: (334.2230732000987,1)
[418]: (333.9876202304439,1)
[419]: (330.8839481772201,1)
[420]: (337.4877320048235,1)
[421]: (333.0770700961166,1)
[422]: (333.215457881088,1)
[423]: (333.2398942423409,1)
[424]: (335.1198918031878,1)
[425]: (337.0732227984697,1)
[426]: (334.2999603058728,1)
[427]: (331.2760007821162,1)
[428]: (333.3239991141976,1)
[429]: (336.4211301935838,1)
[430]: (333.0262664362576,1)
[431]: (336.0364221449006,1)
[432]: (333.0849769745278,1)
[433]: (331.0674800495859,1)
[434]: (335.4123630726768,1)
[435]: (333.2577656817645,1)
[436]: (331.160126993415,1)
[437]: (331.3010642382542,1)
[438]: (329.1059284612865,1)
[439]: (333.0540759085659,1)
[440]: (336.0279564206386,1)
[441]: (337.0787902019392,1)
[442]: (329.522051847995,1)
[443]: (334.1120709828213,1)
[444]: (331.1735421911504,1)
[445]: (340.034650060642,1)
[446]: (333.2186228006881,1)
[447]: (335.0934644215216,1)
[448]: (336.8076334999921,1)
[449]: (336.4044946889391,1)
[450]: (333.4932146549565,1)
[451]: (336.3249722541065,1)
[452]: (330.3038979251904,1)
[453]: (331.4966420269974,1)
[454]: (337.8065379587861,1)
[455]: (331.8231717373208,1)
[456]: (331.07508537262,1)
[457]: (332.2205316691925,1)
[458]: (329.0891692941526,1)
[459]: (340.107437568815,1)
[460]: (337.4430399038478,1)
[461]: (331.0089232506364,1)
[462]: (332.0620370756775,1)
[463]: (336.1614423636811,1)
[464]: (327.7776005769506,1)
[465]: (338.1073633755118,1)
[466]: (340.1116648669502,1)
[467]: (337.9277196797098,1)
[468]: (330.0159974755747,1)
[469]: (336.1605834288407,1)
[470]: (342.1341447456801,1)
[471]: (335.1050433967767,1)
[472]: (335.2581518736163,1)
[473]: (337.6699703684378,1)
[474]: (333.3962523396117,1)
[475]: (335.3120594212589,1)
[476]: (334.1653714887719,1)
[477]: (332.2527292916126,1)
[478]: (329.5405883128025,1)
[479]: (337.0263251651425,1)
[480]: (332.2413791520988,1)
[481]: (333.2003242589067,1)
[482]: (330.020240675659,1)
[483]: (335.2136724055774,1)
[484]: (336.4566868086404,1)
[485]: (336.0409460359077,1)
[486]: (331.1866610833117,1)
[487]: (332.1192808032936,1)
[488]: (331.6682874275062,1)
[489]: (331.4644413006831,1)
[490]: (330.0009317608296,1)
[491]: (329.361639499342,1)
[492]: (335.1641159010593,1)
[493]: (330.2512255406305,1)
[494]: (335.1746796695898,1)
[495]: (332.1739285567439,1)
[496]: (331.512386331695,1)
[497]: (335.6348029455845,1)
[498]: (332.3734754039797,1)
[499]: (334.5626501909628,1)
[500]: (337.0970848140302,1)
[501]: (335.3939116688426,1)
[502]: (336.0309337176253,1)
[503]: (334.4856019529714,1)
[504]: (333.3489443997447,1)
[505]: (331.1060422248596,1)
[506]: (338.3406036410076,1)
[507]: (331.3188850611778,1)
[508]: (330.4727326216256,1)
[509]: (336.0981976848462,1)
[510]: (334.0555504471191,1)
[511]: (333.0288867210946,1)
[512]: (329.2203922119953,1)
[513]: (335.3380443486963,1)
[514]: (330.3390462659,1)
[515]: (331.1397817234802,1)
[516]: (329.1416056554752,1)
[517]: (333.322936647604,1)
[518]: (334.0569474988392,1)
[519]: (329.3607889885661,1)
[520]: (338.3167134124215,1)
[521]: (337.3809403899319,1)
[522]: (339.0433302069288,1)
[523]: (335.0016550416796,1)
[524]: (334.0003704946253,1)
[525]: (328.4295798379579,1)
[526]: (332.0042479232459,1)
[527]: (343.166630086995,1)
[528]: (332.5780317314398,1)
[529]: (333.2179961362799,1)
[530]: (341.9515297797354,1)
[531]: (333.1082498857231,1)
[532]: (332.1344941031361,1)
[533]: (336.0090058634879,1)
[534]: (336.1735234231043,1)
[535]: (335.1010193209075,1)
[536]: (335.2076400389384,1)
[537]: (337.0770251562971,1)
[538]: (330.4702829635073,1)
[539]: (336.4625125052301,1)
[540]: (335.5209776944395,1)
[541]: (335.0325673228679,1)
[542]: (343.1314113141681,1)
[543]: (339.2166535986727,1)
[544]: (330.3589108710901,1)
[545]: (336.5320375135023,1)
[546]: (333.5627620331056,1)
[547]: (335.0410744289162,1)
[548]: (337.243126113922,1)
[549]: (334.1954485545403,1)
[550]: (332.0073105964029,1)
[551]: (334.2184508886401,1)
[552]: (330.0112143751448,1)
[553]: (330.2406801381315,1)
[554]: (328.400283107689,1)
[555]: (331.3992697373564,1)
[556]: (335.757145848602,1)
[557]: (337.2073757468012,1)
[558]: (332.3861756375438,1)
[559]: (338.4576417466946,1)
[560]: (333.3876987864292,1)
[561]: (332.3013733675941,1)
[562]: (332.0041674894752,1)
[563]: (335.0173907176516,1)
[564]: (334.4544585815585,1)
[565]: (340.3444960905441,1)
[566]: (333.4963313079751,1)
[567]: (331.2360875806967,1)
[568]: (336.2760460790918,1)
[569]: (336.1374530117667,1)
[570]: (332.0260126822691,1)
[571]: (333.5412289312148,1)
[572]: (332.1235164243409,1)
[573]: (343.0607908642255,1)
[574]: (334.010404673874,1)
[575]: (340.0489592832008,1)
[576]: (339.1698269407977,1)
[577]: (332.5989947421735,1)
[578]: (336.07593399838,1)
[579]: (341.0613275800943,1)
[580]: (331.2121273939377,1)
[581]: (328.1325455827347,1)
[582]: (334.0889854892264,1)
[583]: (335.233031728324,1)
[584]: (332.0432820473097,1)
[585]: (331.0248610665183,1)
[586]: (333.0285984618051,1)
[587]: (331.3055327685946,1)
[588]: (334.1568859409686,1)
[589]: (336.6507588837235,1)
[590]: (338.275798040019,1)
[591]: (332.0723536501343,1)
[592]: (333.7122566725257,1)
[593]: (329.4816546323557,1)
[594]: (337.4436806710749,1)
[595]: (340.0343575991254,1)
[596]: (339.192606785759,1)
[597]: (341.364259450876,1)
[598]: (332.892728458168,1)
[599]: (329.6186030169591,1)
[600]: (337.0316157402199,1)
[601]: (341.2783943804978,1)
[602]: (332.0735313529667,1)
[603]: (335.5174513101554,1)
[604]: (337.1356758501009,1)
[605]: (333.1881892045332,1)
[606]: (332.0191869856472,1)
[607]: (334.4879208219413,1)
[608]: (342.2585958986744,1)
[609]: (335.3034598489468,1)
[610]: (335.9318683260627,1)
[611]: (334.3871085634245,1)
[612]: (332.4899905585985,1)
[613]: (337.212843704474,1)
[614]: (337.0183894505629,1)
[615]: (328.1379447020746,1)
[616]: (329.0768271998073,1)
[617]: (331.1224753727693,1)
[618]: (338.0668829070742,1)
[619]: (338.1726393485051,1)
[620]: (337.3901732003366,1)
[621]: (335.2128764626486,1)
[622]: (329.1144940757886,1)
[623]: (336.0289900952947,1)
[624]: (330.15847588152,1)
[625]: (334.1640607563558,1)
[626]: (337.1203714118464,1)
[627]: (337.2101411540278,1)
[628]: (330.0791357048687,1)
[629]: (334.3729313482192,1)
[630]: (333.5749717831971,1)
[631]: (335.0635772340036,1)
[632]: (337.228096260872,1)
[633]: (335.1903914818355,1)
[634]: (330.0287580895251,1)
[635]: (335.4769638280951,1)
[636]: (332.0714350399546,1)
[637]: (340.0554813018845,1)
[638]: (333.1697911760321,1)
[639]: (339.5385534441612,1)
[640]: (334.545360374591,1)
[641]: (336.2149708850812,1)
[642]: (333.1216363092145,1)
[643]: (335.5252924906797,1)
[644]: (336.1505388749428,1)
[645]: (333.2043900992756,1)
[646]: (337.7800307391195,1)
[647]: (335.1889787416332,1)
[648]: (332.0759807178225,1)
[649]: (338.3203194321453,1)
[650]: (335.7809506095216,1)
[651]: (331.0380685825249,1)
[652]: (334.3154397498429,1)
[653]: (331.2734830030549,1)
[654]: (342.1207337382431,1)
[655]: (331.3212403687864,1)
[656]: (333.3459640637727,1)
[657]: (335.342515799357,1)
[658]: (334.079824666802,1)
[659]: (326.4286403100601,1)
[660]: (331.123110266468,1)
[661]: (334.0006764223576,1)
[662]: (333.0999924084419,1)
[663]: (332.0230295632407,1)
[664]: (333.0784464123925,1)
[665]: (337.1040844992153,1)
[666]: (333.2424750090539,1)
[667]: (332.0223141504765,1)
[668]: (328.1631748522701,1)
[669]: (335.0200050424327,1)
[670]: (335.0875487890137,1)
[671]: (339.1404142133292,1)
[672]: (334.4080112126875,1)
[673]: (339.1891784228129,1)
[674]: (335.7421974326052,1)
[675]: (331.0328903683995,1)
[676]: (332.3538566989434,1)
[677]: (337.2681761205284,1)
[678]: (338.6725710298144,1)
[679]: (338.1521874764285,1)
[680]: (337.0904605534252,1)
[681]: (332.0010912715991,1)
[682]: (332.5561947231078,1)
[683]: (332.0469485923922,1)
[684]: (333.1003131090277,1)
[685]: (333.4891187279768,1)
[686]: (340.0324515437816,1)
[687]: (339.1451281580761,1)
[688]: (333.4894825667159,1)
[689]: (332.4309146328753,1)
[690]: (334.9071041675464,1)
[691]: (337.2635567570595,1)
[692]: (333.6280558027631,1)
[693]: (331.1884552946946,1)
[694]: (334.0109260058586,1)
[695]: (340.2402177339449,1)
[696]: (333.8150071478254,1)
[697]: (333.0058294257723,1)
[698]: (332.0156591239407,1)
[699]: (340.2144703493634,1)
[700]: (327.6969348660618,1)
[701]: (340.3095138599097,1)
[702]: (333.0678578176011,1)
[703]: (338.4249051013031,1)
[704]: (336.0192956881752,1)
[705]: (337.0255321011864,1)
[706]: (331.2385853430106,1)
[707]: (335.5517380737172,1)
[708]: (334.0217587758275,1)
[709]: (333.3329819015775,1)
[710]: (333.2739204572008,1)
[711]: (328.0337554380338,1)
[712]: (333.0030641032711,1)
[713]: (336.1125248619221,1)
[714]: (335.4033783647483,1)
[715]: (334.1219015581343,1)
[716]: (329.1131071861358,1)
[717]: (339.0364326774235,1)
[718]: (339.1954988975543,1)
[719]: (333.0917499128422,1)
[720]: (335.1608161760286,1)
[721]: (332.0004026653815,1)
[722]: (332.0125553806213,1)
[723]: (333.4827635873767,1)
[724]: (328.2258031144025,1)
[725]: (334.1630107608718,1)
[726]: (338.5886273117538,1)
[727]: (330.5167077155286,1)
[728]: (331.2912738668873,1)
[729]: (334.1788505593096,1)
[730]: (333.5782762348181,1)
[731]: (336.1158026960238,1)
[732]: (332.0575147103427,1)
[733]: (331.9569014629099,1)
[734]: (331.1514799258595,1)
[735]: (329.9173485805571,1)
[736]: (337.459559512083,1)
[737]: (332.0335060984211,1)
[738]: (329.0309117196663,1)
[739]: (329.1751733101203,1)
[740]: (330.2187243264409,1)
[741]: (331.0391014157602,1)
[742]: (330.0805319533018,1)
[743]: (334.2384289776609,1)
[744]: (333.0875468527727,1)
[745]: (332.1622646283337,1)
[746]: (332.1706251811739,1)
[747]: (333.1104475971393,1)
[748]: (334.1749692596987,1)
[749]: (332.2003049316168,1)
[750]: (331.1291985097409,1)
[751]: (338.1104382033341,1)
[752]: (333.2715413410751,1)
[753]: (332.2721943972273,1)
[754]: (336.2473879754246,1)
[755]: (333.0104271976776,1)
[756]: (329.6272264357817,1)
[757]: (338.5738998131253,1)
[758]: (331.2754316672179,1)
[759]: (341.4496961014269,1)
[760]: (337.0077836785956,1)
[761]: (339.2614108311013,1)
[762]: (334.0592786166533,1)
[763]: (330.5511494134547,1)
[764]: (329.0323628204922,1)
[765]: (328.5170634547328,1)
[766]: (332.6665728413921,1)
[767]: (338.0055680913472,1)
[768]: (337.0408909748593,1)
[769]: (335.9736151152517,1)
[770]: (330.0108966630265,1)
[771]: (331.060438694002,1)
[772]: (328.1490692920839,1)
[773]: (343.1822547172913,1)
[774]: (331.0962209984112,1)
[775]: (341.0550648813096,1)
[776]: (330.4512156231719,1)
[777]: (332.0375846366942,1)
[778]: (332.1590641692229,1)
[779]: (335.6781384703602,1)
[780]: (331.0980592898516,1)
[781]: (333.674300900675,1)
[782]: (340.2052924194446,1)
[783]: (345.0059920562537,1)
[784]: (339.0172601302488,1)
[785]: (329.1633346883506,1)
[786]: (331.2635689139195,1)
[787]: (335.2381533447385,1)
[788]: (341.1242465171829,1)
[789]: (330.0102612929466,1)
[790]: (330.4530111572577,1)
[791]: (333.3438721457263,1)
[792]: (337.3792291694327,1)
[793]: (337.1309122775444,1)
[794]: (332.308638896046,1)
[795]: (332.1787656392199,1)
[796]: (335.2441850722066,1)
[797]: (336.2423603170372,1)
[798]: (331.1818737692014,1)
[799]: (336.7319801375899,1)
[800]: (336.2251934559997,1)
[801]: (334.2068414907039,1)
[802]: (336.0274583138612,1)
[803]: (337.8897772243964,1)
[804]: (330.2658112015239,1)
[805]: (336.3322288267509,1)
[806]: (337.7842512614585,1)
[807]: (339.0153059153519,1)
[808]: (334.1401100103535,1)
[809]: (331.2026073184184,1)
[810]: (343.7029868814366,1)
[811]: (337.5806808651754,1)
[812]: (334.3842187910477,1)
[813]: (339.3139121388854,1)
[814]: (333.2662110747309,1)
[815]: (336.0536997448548,1)
[816]: (328.6567261458512,1)
[817]: (332.6532948377113,1)
[818]: (338.659817742166,1)
[819]: (338.0344764568156,1)
[820]: (333.0355741191389,1)
[821]: (330.1917666385033,1)
[822]: (331.2064143271297,1)
[823]: (332.0845789149478,1)
[824]: (333.3413586894508,1)
[825]: (336.537333718657,1)
[826]: (332.1361493705352,1)
[827]: (337.708428978909,1)
[828]: (333.2958648933915,1)
[829]: (340.1179362048754,1)
[830]: (338.2677104643166,1)
[831]: (340.3557240393476,1)
[832]: (338.2127056690653,1)
[833]: (334.2037288565535,1)
[834]: (336.218285939806,1)
[835]: (336.0493004562813,1)
[836]: (331.1379656818928,1)
[837]: (335.4031108727649,1)
[838]: (336.0324894342222,1)
[839]: (332.0849679786852,1)
[840]: (336.968556769361,1)
[841]: (331.273970296704,1)
[842]: (333.0536440744656,1)
[843]: (335.1232979979292,1)
[844]: (336.1067573848232,1)
[845]: (332.2532823290172,1)
[846]: (337.1092048955966,1)
[847]: (337.1076321810987,1)
[848]: (331.2135089744086,1)
[849]: (337.3517431012963,1)
[850]: (336.7229921715079,1)
[851]: (338.5338012082008,1)
[852]: (338.5361204603095,1)
[853]: (331.3052867509862,1)
[854]: (334.2067206965446,1)
[855]: (331.2855179645032,1)
[856]: (334.4223181742869,1)
[857]: (336.787280058223,1)
[858]: (336.119145911448,1)
[859]: (336.3393526182144,1)
[860]: (339.3995932076478,1)
[861]: (331.1716895911908,1)
[862]: (331.0093808485092,1)
[863]: (331.1494012716287,1)
[864]: (333.8899967490092,1)
[865]: (334.0191309933538,1)
[866]: (337.3853740446456,1)
[867]: (333.0349968065987,1)
[868]: (339.0805061642867,1)
[869]: (328.5376940309407,1)
[870]: (333.0173375065972,1)
[871]: (333.406002547856,1)
[872]: (328.0327000643887,1)
[873]: (334.2681010152535,1)
[874]: (338.0419721289131,1)
[875]: (334.1159362025504,1)
[876]: (333.6202024606894,1)
[877]: (338.6077431098206,1)
[878]: (341.1478015966793,1)
[879]: (332.514563286586,1)
[880]: (328.8968417813387,1)
[881]: (330.5880450816067,1)
[882]: (330.2417518437397,1)
[883]: (332.0241804512423,1)
[884]: (336.1591649431226,1)
[885]: (333.1901673076039,1)
[886]: (334.2288939850915,1)
[887]: (335.2901138133104,1)
[888]: (336.1416461846043,1)
[889]: (330.3567258266548,1)
[890]: (345.2041832047084,1)
[891]: (335.0077922372695,1)
[892]: (338.1065602437829,1)
[893]: (335.3993787512493,1)
[894]: (330.7592078249853,1)
[895]: (337.0160189035074,1)
[896]: (329.5617876894253,1)
[897]: (338.486257374303,1)
[898]: (335.1261962917171,1)
[899]: (332.1560828926333,1)
[900]: (337.1357214744506,1)
[901]: (333.0067617443677,1)
[902]: (332.5628497233382,1)
[903]: (329.0245775776648,1)
[904]: (332.3213052519506,1)
[905]: (334.4606353783048,1)
[906]: (334.2753990625483,1)
[907]: (339.4375118955047,1)
[908]: (333.2928583548158,1)
[909]: (331.135086304632,1)
[910]: (331.1582822495428,1)
[911]: (336.0732822859208,1)
[912]: (333.0739682095978,1)
[913]: (332.0790004125683,1)
[914]: (338.2145850231985,1)
[915]: (334.1522562676674,1)
[916]: (338.0438528811048,1)
[917]: (337.8994578510793,1)
[918]: (335.0309766255824,1)
[919]: (329.2941376219929,1)
[920]: (333.7219345084802,1)
[921]: (332.5142316296309,1)
[922]: (340.9521298933333,1)
[923]: (335.0943858324709,1)
[924]: (334.1996173251881,1)
[925]: (337.1541959203654,1)
[926]: (336.4984105241958,1)
[927]: (341.2342615592315,1)
[928]: (333.2805068572777,1)
[929]: (333.1117496362744,1)
[930]: (340.5497421227303,1)
[931]: (334.1047913824111,1)
[932]: (335.2785164059699,1)
[933]: (335.6760125403653,1)
[934]: (332.1122890495724,1)
[935]: (340.0889943785216,1)
[936]: (336.0503817859113,1)
[937]: (340.0676945061181,1)
[938]: (329.0741834261457,1)
[939]: (330.0995847005715,1)
[940]: (329.8640622189157,1)
[941]: (332.0164761262017,1)
[942]: (331.0222169803116,1)
[943]: (332.0348853599468,1)
[944]: (337.1029513540465,1)
[945]: (334.4193060115423,1)
[946]: (341.1433123450316,1)
[947]: (333.2510746413235,1)
[948]: (331.377475739237,1)
[949]: (332.1219098911823,1)
[950]: (333.202950418763,1)
[951]: (337.8449587280257,1)
[952]: (338.4877043432594,1)
[953]: (339.1309843798078,1)
[954]: (334.252781583841,1)
[955]: (334.4309192545695,1)
[956]: (335.1655455951693,1)
[957]: (330.1481918077602,1)
[958]: (334.2337197916101,1)
[959]: (339.1765248496386,1)
[960]: (330.6693932760816,1)
[961]: (331.2678530450913,1)
[962]: (336.5561321890744,1)
[963]: (341.0986755201897,1)
[964]: (333.1505790116547,1)
[965]: (337.270160871139,1)
[966]: (332.1441746238767,1)
[967]: (337.6860193678726,1)
[968]: (335.141205714981,1)
[969]: (337.5114921796966,1)
[970]: (335.2750247821331,1)
[971]: (335.5420656024716,1)
[972]: (337.3269779680942,1)
[973]: (337.132308295698,1)
[974]: (333.059940713608,1)
[975]: (332.8868911408067,1)
[976]: (333.5700923387226,1)
[977]: (336.5730712703046,1)
[978]: (338.0180779374682,1)
[979]: (338.1200677410634,1)
[980]: (338.3862460624236,1)
[981]: (338.4762708148448,1)
[982]: (336.0245713900085,1)
[983]: (339.0317924024417,1)
[984]: (334.3890184568176,1)
[985]: (333.0613808872428,1)
[986]: (335.0459806760855,1)
[987]: (332.2894464180472,1)
[988]: (334.2308755984476,1)
[989]: (328.5770021928288,1)
[990]: (334.013386822899,1)
[991]: (339.3174457497635,1)
[992]: (338.223078116989,1)
[993]: (333.2746380408119,1)
[994]: (333.2455560010573,1)
[995]: (331.0810612239058,1)
[996]: (337.7493228766855,1)
[997]: (333.1863500827714,1)
[998]: (331.2162251577893,1)
[999]: (337.3224097717435,1)
[1000]: (333.0025791576291,1)
[1001]: (333.1491342887859,1)
[1002]: (331.8763773606569,1)
[1003]: (336.3368545763047,1)
[1004]: (336.6460227534086,1)
[1005]: (330.1635698163839,1)
[1006]: (335.2117100741211,1)
[1007]: (333.1295545868153,1)
[1008]: (338.038479859764,1)
[1009]: (327.2752307534203,1)
[1010]: (328.293114471299,1)
[1011]: (332.0933988381825,1)
[1012]: (334.0584647160813,1)
[1013]: (332.5445222812928,1)
[1014]: (333.2236670150544,1)
[1015]: (329.0455302627962,1)
[1016]: (336.337686016083,1)
[1017]: (341.6506572345643,1)
[1018]: (334.8627696239254,1)
[1019]: (333.7297561185434,1)
[1020]: (338.5180923012981,1)
[1021]: (336.1236899244495,1)
[1022]: (337.0590132712802,1)
[1023]: (334.0394600303527,1)
[1024]: (329.0151588885105,1)
[1025]: (337.021976352025,1)
[1026]: (337.0159054791957,1)
[1027]: (330.1777085492456,1)
[1028]: (334.4052762933123,1)
[1029]: (334.0172418066602,1)
[1030]: (333.0689993423008,1)
[1031]: (335.1008103667297,1)
[1032]: (337.1790969470258,1)
[1033]: (339.2088747895265,1)
[1034]: (335.3244781258425,1)
[1035]: (334.736543857903,1)
[1036]: (336.057674723031,1)
[1037]: (338.2705829413551,1)
[1038]: (334.2430432975356,1)
[1039]: (336.0866254822544,1)
[1040]: (331.2590916786348,1)
[1041]: (335.3337519267356,1)
[1042]: (339.2069441301004,1)
[1043]: (340.2779121243678,1)
[1044]: (334.4600118444687,1)
[1045]: (339.9107486752391,1)
[1046]: (342.4088134131437,1)
[1047]: (332.3947189199328,1)
[1048]: (334.1953947698467,1)
[1049]: (340.387379683244,1)
[1050]: (337.2798297089526,1)
[1051]: (334.1432671133024,1)
[1052]: (338.3060109780917,1)
[1053]: (330.3659595889528,1)
[1054]: (340.2138253150301,1)
[1055]: (337.5852481613054,1)
[1056]: (332.2506668296504,1)
[1057]: (332.4267793738211,1)
[1058]: (331.0997180088254,1)
[1059]: (332.9785251421035,1)
[1060]: (327.4774653236497,1)
[1061]: (332.0171293736,1)
[1062]: (335.2696211742881,1)
[1063]: (337.6680685570341,1)
[1064]: (330.12650505441,1)
[1065]: (333.1236318436215,1)
[1066]: (334.085508092426,1)
[1067]: (338.6210040847687,1)
[1068]: (330.1916809335347,1)
[1069]: (332.122482858299,1)
[1070]: (337.3796411054355,1)
[1071]: (335.5837634811513,1)
[1072]: (337.0251152946437,1)
[1073]: (336.1384051392313,1)
[1074]: (328.2366732985603,1)
[1075]: (331.7186140079114,1)
[1076]: (333.2519661023271,1)
[1077]: (334.4971422147268,1)
[1078]: (332.0444182509266,1)
[1079]: (341.2979031640651,1)
[1080]: (334.0117978557333,1)
[1081]: (335.3120331575173,1)
[1082]: (334.3930130047407,1)
[1083]: (338.1973281806214,1)
[1084]: (332.6373695946771,1)
[1085]: (333.2107393217416,1)
[1086]: (337.0169484799193,1)
[1087]: (334.0458098465174,1)
[1088]: (334.0330675865943,1)
[1089]: (333.0180123913826,1)
[1090]: (337.0021658851121,1)
[1091]: (332.2069416562366,1)
[1092]: (333.5266856621505,1)
[1093]: (331.3958797893815,1)
[1094]: (338.2133725055501,1)
[1095]: (330.6675951715191,1)
[1096]: (333.2217276564426,1)
[1097]: (329.3129436100367,1)
[1098]: (331.4745757457241,1)
[1099]: (330.712007278196,1)
[1100]: (336.0514263868524,1)
[1101]: (333.0852161984077,1)
[1102]: (331.5281173037034,1)
[1103]: (334.245606395016,1)
[1104]: (332.8388935206773,1)
[1105]: (337.2580153405503,1)
[1106]: (333.0719700942438,1)
[1107]: (332.2719184822224,1)
[1108]: (331.0024899591531,1)
[1109]: (332.1822786977263,1)
[1110]: (339.0753092122489,1)
[1111]: (333.3954463657345,1)
[1112]: (333.4483209487382,1)
[1113]: (332.000899301564,1)
[1114]: (329.5336834709694,1)
[1115]: (332.3992417319678,1)
[1116]: (333.1581876487082,1)
[1117]: (338.0603934263405,1)
[1118]: (336.0494071099414,1)
[1119]: (331.0540517763113,1)
[1120]: (329.5075731676608,1)
[1121]: (330.2085755201933,1)
[1122]: (331.7403847113009,1)
[1123]: (337.0002927284962,1)
[1124]: (337.1005135034803,1)
[1125]: (334.0547243324264,1)
[1126]: (334.2523139715844,1)
[1127]: (333.1401170807614,1)
[1128]: (335.0237409864163,1)
[1129]: (333.0315847146513,1)
[1130]: (336.2548790365953,1)
[1131]: (340.372518401296,1)
[1132]: (332.4204627734732,1)
[1133]: (333.1330939547557,1)
[1134]: (337.3082114230979,1)
[1135]: (337.2853029735274,1)
[1136]: (336.1703887631446,1)
[1137]: (337.0591270685415,1)
[1138]: (330.125968314718,1)
[1139]: (339.1840803715108,1)
[1140]: (335.3798807745146,1)
[1141]: (334.1772459842823,1)
[1142]: (338.4212109784373,1)
[1143]: (336.2314534386272,1)
[1144]: (331.4100508530155,1)
[1145]: (331.1067181258757,1)
[1146]: (334.1143484362129,1)
[1147]: (336.2984821040531,1)
[1148]: (330.3816761498874,1)
[1149]: (331.0062576948471,1)
[1150]: (330.5831440049034,1)
[1151]: (335.2618660196501,1)
[1152]: (335.1009795288658,1)
[1153]: (333.055538340556,1)
[1154]: (329.0728417575836,1)
[1155]: (334.2152682361499,1)
[1156]: (340.0685965686193,1)
[1157]: (334.3278266624924,1)
[1158]: (341.4102159474988,1)
[1159]: (337.067172051159,1)
[1160]: (332.1951039396944,1)
[1161]: (333.6359337765031,1)
[1162]: (333.0919184567292,1)
[1163]: (335.3646404761126,1)
[1164]: (345.2117371432364,1)
[1165]: (336.3810310864638,1)
[1166]: (340.4613535462231,1)
[1167]: (331.1624138170516,1)
[1168]: (341.6987977418224,1)
[1169]: (337.0015517271397,1)
[1170]: (333.2928227712584,1)
[1171]: (333.4139499378502,1)
[1172]: (336.0374318473947,1)
[1173]: (341.0524394501606,1)
[1174]: (336.4454544388414,1)
[1175]: (334.2145842313108,1)
[1176]: (335.2054004188342,1)
[1177]: (331.6667025734566,1)
[1178]: (334.1909496818192,1)
[1179]: (336.4934385270624,1)
[1180]: (335.3880560104282,1)
[1181]: (338.0572569809898,1)
[1182]: (329.2433729621478,1)
[1183]: (329.030035873324,1)
[1184]: (335.6225228335474,1)
[1185]: (330.1936475675263,1)
[1186]: (335.3698183382908,1)
[1187]: (337.9699152010911,1)
[1188]: (331.6027926573362,1)
[1189]: (332.0226878218076,1)
[1190]: (332.0627230172197,1)
[1191]: (336.1819940074477,1)
[1192]: (336.0542831902592,1)
[1193]: (331.0731656681604,1)
[1194]: (343.257523584258,1)
[1195]: (333.3651329710891,1)
[1196]: (335.4374737289577,1)
[1197]: (333.0710121018095,1)
[1198]: (331.1099521601579,1)
[1199]: (330.8752604750661,1)
[1200]: (341.2096826456913,1)
[1201]: (331.2817771174912,1)
[1202]: (327.2307700288172,1)
[1203]: (330.0065091254963,1)
[1204]: (339.2973966732163,1)
[1205]: (331.5687340527279,1)
[1206]: (328.4043211143168,1)
[1207]: (340.0826652184618,1)
[1208]: (335.0927295448638,1)
[1209]: (337.5338109327608,1)
[1210]: (339.2375861921172,1)
[1211]: (338.1628544185235,1)
[1212]: (337.1567808095533,1)
[1213]: (337.1173542980983,1)
[1214]: (336.2750239351123,1)
[1215]: (336.8166052784144,1)
[1216]: (333.4807496409612,1)
[1217]: (334.8209730455276,1)
[1218]: (331.6950680232885,1)
[1219]: (331.3361582282906,1)
[1220]: (332.334066934515,1)
[1221]: (334.1566207336438,1)
[1222]: (332.2211974088219,1)
[1223]: (339.2126891759325,1)
[1224]: (334.0256069426844,1)
[1225]: (333.0827243682842,1)
[1226]: (333.3571185175529,1)
[1227]: (335.2302368530309,1)
[1228]: (341.8976647178081,1)
[1229]: (332.1334742790351,1)
[1230]: (328.1750040169469,1)
[1231]: (332.2747563109301,1)
[1232]: (339.0165973528598,1)
[1233]: (333.0247681346039,1)
[1234]: (329.5254737732326,1)
[1235]: (336.1158933528493,1)
[1236]: (333.2107971873959,1)
[1237]: (333.0996971444786,1)
[1238]: (338.11607176341,1)
[1239]: (338.4323089208008,1)
[1240]: (334.2497499308536,1)
[1241]: (333.1691337714768,1)
[1242]: (332.0074581597229,1)
[1243]: (331.8283340195222,1)
[1244]: (339.4403062176368,1)
[1245]: (342.1754770740386,1)
[1246]: (332.3554054217804,1)
[1247]: (338.1392705330958,1)
[1248]: (336.057783955691,1)
[1249]: (334.6815570687083,1)
[1250]: (329.0234276497148,1)
[1251]: (343.1123806928069,1)
[1252]: (331.8607969839296,1)
[1253]: (337.0902503422835,1)
[1254]: (338.0952814604785,1)
[1255]: (339.0644442175169,1)
[1256]: (334.0863605796387,1)
[1257]: (342.0138482425825,1)
[1258]: (333.3862304855904,1)
[1259]: (336.140164224277,1)
[1260]: (334.34715851651,1)
[1261]: (331.0111342272023,1)
[1262]: (338.0035949673664,1)
[1263]: (328.1558611474101,1)
[1264]: (341.0250275171946,1)
[1265]: (335.044287053213,1)
[1266]: (337.0721876768301,1)
[1267]: (337.2776558008632,1)
[1268]: (335.3269292134723,1)
[1269]: (332.0888808227429,1)
[1270]: (336.1189386147739,1)
[1271]: (331.1939252444396,1)
[1272]: (334.4036552589964,1)
[1273]: (329.0302671556702,1)
[1274]: (335.2710444717196,1)
[1275]: (334.1234616278395,1)
[1276]: (333.2614137509534,1)
[1277]: (332.2131727310471,1)
[1278]: (336.12239620121,1)
[1279]: (333.0555699679776,1)
[1280]: (337.448169269551,1)
[1281]: (333.5059316064543,1)
[1282]: (337.1728957658452,1)
[1283]: (336.211657815411,1)
[1284]: (331.1132867442107,1)
[1285]: (334.6723214490984,1)
[1286]: (336.083097508615,1)
[1287]: (332.3338622228426,1)
[1288]: (336.1067846602691,1)
[1289]: (339.1280693533984,1)
[1290]: (332.1260739255292,1)
[1291]: (332.0036522042708,1)
[1292]: (336.2800454303385,1)
[1293]: (333.2626865948693,1)
[1294]: (334.0932376573355,1)
[1295]: (340.1965303303158,1)
[1296]: (334.3540029960176,1)
[1297]: (339.1394863865478,1)
[1298]: (338.115136485653,1)
[1299]: (330.4917326174569,1)
[1300]: (329.5266764670209,1)
[1301]: (334.1404199908758,1)
[1302]: (339.4997328463226,1)
[1303]: (331.1329328589837,1)
[1304]: (334.5239569028851,1)
[1305]: (338.1418718721275,1)
[1306]: (338.302423102426,1)
[1307]: (336.1996781768747,1)
[1308]: (331.0080693176517,1)
[1309]: (336.3831311210928,1)
[1310]: (338.467467759812,1)
[1311]: (332.3824124966741,1)
[1312]: (331.3465698505551,1)
[1313]: (327.6273671769005,1)
[1314]: (330.2518969423232,1)
[1315]: (332.0821491055003,1)
[1316]: (335.0162091689496,1)
[1317]: (338.8636395497289,1)
[1318]: (333.3220885635289,1)
[1319]: (331.7542924242672,1)
[1320]: (330.2826314223071,1)
[1321]: (331.1744885384705,1)
[1322]: (330.9621764939988,1)
[1323]: (334.2661310552051,1)
[1324]: (328.064999973165,1)
[1325]: (329.5762654028917,1)
[1326]: (334.0596961722135,1)
[1327]: (336.5617596347073,1)
[1328]: (335.0683852726018,1)
[1329]: (338.5455686785376,1)
[1330]: (330.0721768323419,1)
[1331]: (331.1412658957092,1)
[1332]: (334.0057114021106,1)
[1333]: (340.3163900505697,1)
[1334]: (335.1092638007162,1)
[1335]: (336.0865833559205,1)
[1336]: (333.2000797633182,1)
[1337]: (337.2350517007223,1)
[1338]: (335.326241240938,1)
[1339]: (332.9299331047964,1)
[1340]: (339.0762666466052,1)
[1341]: (337.3075334827773,1)
[1342]: (332.0797857051542,1)
[1343]: (335.2845088454019,1)
[1344]: (336.0214132929,1)
[1345]: (335.0687980237117,1)
[1346]: (333.1345100996675,1)
[1347]: (333.4439990433785,1)
[1348]: (334.4330783889175,1)
[1349]: (336.2861163550359,1)
[1350]: (335.0724214684149,1)
[1351]: (331.7005270970527,1)
[1352]: (336.1353937510016,1)
[1353]: (337.3131115231694,1)
[1354]: (337.0047312009983,1)
[1355]: (338.0086745419848,1)
[1356]: (333.095714957628,1)
[1357]: (335.0666990910608,1)
[1358]: (336.5263866122392,1)
[1359]: (333.2560458493171,1)
[1360]: (330.1019151607553,1)
[1361]: (338.4385234496909,1)
[1362]: (337.237372623652,1)
[1363]: (340.1381177405998,1)
[1364]: (336.2960222424865,1)
[1365]: (331.3123774669967,1)
[1366]: (327.3992461274457,1)
[1367]: (334.0358929009656,1)
[1368]: (334.6050073478948,1)
[1369]: (335.6912791583736,1)
[1370]: (328.086224850992,1)
[1371]: (336.3402400510511,1)
[1372]: (334.2635526378342,1)
[1373]: (335.175719777913,1)
[1374]: (332.2769734824542,1)
[1375]: (330.4622950303493,1)
[1376]: (333.0093768136563,1)
[1377]: (333.3830596074137,1)
[1378]: (332.0272012117139,1)
[1379]: (329.3413488995345,1)
[1380]: (332.5841840254108,1)
[1381]: (334.7148312332779,1)
[1382]: (333.0436886398311,1)
[1383]: (335.0928388165151,1)
[1384]: (335.5340194887195,1)
[1385]: (327.0517208201163,1)
[1386]: (335.2714060779201,1)
[1387]: (329.4873390920909,1)
[1388]: (337.1895464449602,1)
[1389]: (333.6475810542217,1)
[1390]: (338.1837676091477,1)
[1391]: (335.5210435488386,1)
[1392]: (330.1755524332145,1)
[1393]: (339.1959690407606,1)
[1394]: (331.6070844539432,1)
[1395]: (335.6574926550495,1)
[1396]: (333.2921466159657,1)
[1397]: (340.3246302576062,1)
[1398]: (332.3886229171079,1)
[1399]: (333.056604929217,1)
[1400]: (335.0524763542002,1)
[1401]: (330.4569197991277,1)
[1402]: (332.4622511303035,1)
[1403]: (333.2396765908446,1)
[1404]: (331.1930682301801,1)
[1405]: (338.1647598039673,1)
[1406]: (327.0828094010292,1)
[1407]: (337.0891378962743,1)
[1408]: (333.1953845368195,1)
[1409]: (331.0570399694798,1)
[1410]: (332.1473187011151,1)
[1411]: (333.0817569170392,1)
[1412]: (331.3822801056698,1)
[1413]: (334.1548932552354,1)
[1414]: (333.1198412861485,1)
[1415]: (340.0435053733827,1)
[1416]: (333.1296677095009,1)
[1417]: (335.0936580251223,1)
[1418]: (336.3012109760111,1)
[1419]: (330.2519794512846,1)
[1420]: (336.1196194426626,1)
[1421]: (332.396996728979,1)
[1422]: (333.3594045047374,1)
[1423]: (328.1917279858764,1)
[1424]: (334.0486563965026,1)
[1425]: (328.6508262126796,1)
[1426]: (333.4818201393149,1)
[1427]: (333.0447704433209,1)
[1428]: (338.2521136161503,1)
[1429]: (336.6030135261545,1)
[1430]: (334.3107381018387,1)
[1431]: (334.0732849473396,1)
[1432]: (338.5029743054625,1)
[1433]: (327.2211610597087,1)
[1434]: (332.0196990217883,1)
[1435]: (335.1981818866171,1)
[1436]: (331.6774113505456,1)
[1437]: (336.2031987244845,1)
[1438]: (339.0545861063826,1)
[1439]: (330.4687143124135,1)
[1440]: (338.2151536378227,1)
[1441]: (330.3452485503951,1)
[1442]: (334.0390216312339,1)
[1443]: (330.4971055062966,1)
[1444]: (337.1456933931521,1)
[1445]: (342.5377401172869,1)
[1446]: (332.627982634555,1)
[1447]: (338.141772609695,1)
[1448]: (332.0200784094357,1)
[1449]: (334.1043104490565,1)
[1450]: (334.4288902064,1)
[1451]: (334.1445791821178,1)
[1452]: (332.0237141715892,1)
[1453]: (336.2678057258547,1)
[1454]: (329.1141051369955,1)
[1455]: (338.3058942015577,1)
[1456]: (333.2715986496,1)
[1457]: (334.6256939144,1)
[1458]: (334.2733789807734,1)
[1459]: (332.4588138944262,1)
[1460]: (331.3182295643988,1)
[1461]: (330.1191195461643,1)
[1462]: (331.6394568337571,1)
[1463]: (335.047239299684,1)
[1464]: (336.0652009691141,1)
[1465]: (334.0887561221869,1)
[1466]: (328.2552278945457,1)
[1467]: (335.2059177197597,1)
[1468]: (328.2385512255136,1)
[1469]: (334.177143850261,1)
[1470]: (333.1143215415184,1)
[1471]: (336.11600764579,1)
[1472]: (330.0275097256386,1)
[1473]: (339.2755112405525,1)
[1474]: (329.2673604191455,1)
[1475]: (333.056371084727,1)
[1476]: (330.1154847086607,1)
[1477]: (338.0245284697026,1)
[1478]: (332.2360156047256,1)
[1479]: (331.0780581167297,1)
[1480]: (330.0269767280611,1)
[1481]: (334.4966503279084,1)
[1482]: (331.3324819733626,1)
[1483]: (334.1037774871489,1)
[1484]: (338.0728997786611,1)
[1485]: (329.0171099864389,1)
[1486]: (341.0977780712181,1)
[1487]: (330.1099054812316,1)
[1488]: (331.0269702677539,1)
[1489]: (332.3007298086467,1)
[1490]: (338.2049135341373,1)
[1491]: (334.0465921967174,1)
[1492]: (342.2307373255358,1)
[1493]: (332.2791014779627,1)
[1494]: (334.0451768336311,1)
[1495]: (330.0118206561496,1)
[1496]: (332.0841583863659,1)
[1497]: (335.0778644334277,1)
[1498]: (336.2150263016742,1)
[1499]: (335.3081975505917,1)
[1500]: (337.258652613531,1)
[1501]: (338.2898488814953,1)
[1502]: (331.1926317543125,1)
[1503]: (331.1044818943996,1)
[1504]: (337.7760284206732,1)
[1505]: (331.0900738940426,1)
[1506]: (333.0414630792544,1)
[1507]: (335.2575710675796,1)
[1508]: (334.0080570580924,1)
[1509]: (334.1398807839475,1)
[1510]: (330.2044324641573,1)
[1511]: (338.3271072655396,1)
[1512]: (337.2899183713815,1)
[1513]: (334.8580104329581,1)
[1514]: (333.0406009586811,1)
[1515]: (329.4549395447379,1)
[1516]: (328.2495976331177,1)
[1517]: (337.7051061623254,1)
[1518]: (333.1530478611649,1)
[1519]: (333.2667287176187,1)
[1520]: (334.2465322203643,1)
[1521]: (339.284161521932,1)
[1522]: (330.107696040226,1)
[1523]: (332.4004373524413,1)
[1524]: (341.4687119316178,1)
[1525]: (331.1883345513696,1)
[1526]: (335.1520448445885,1)
[1527]: (331.0872046296541,1)
[1528]: (337.7340510063759,1)
[1529]: (341.3685087156842,1)
[1530]: (330.2136184270016,1)
[1531]: (334.3907537383164,1)
[1532]: (338.1038034305686,1)
[1533]: (341.2734941490555,1)
[1534]: (336.3015772995732,1)
[1535]: (335.4541255518289,1)
[1536]: (343.4342585491738,1)
[1537]: (335.137255627413,1)
[1538]: (332.1475272209831,1)
[1539]: (336.1880625831203,1)
[1540]: (339.1231365005715,1)
[1541]: (330.1771124699496,1)
[1542]: (333.4437684141548,1)
[1543]: (335.0871017850305,1)
[1544]: (341.2406382342062,1)
[1545]: (340.3736900556451,1)
[1546]: (334.8033243591421,1)
[1547]: (338.0280034122809,1)
[1548]: (335.0145026789881,1)
[1549]: (331.0774387055956,1)
[1550]: (332.0872561830338,1)
[1551]: (335.1583530713619,1)
[1552]: (338.7669714774179,1)
[1553]: (330.0362153822652,1)
[1554]: (335.2976954644991,1)
[1555]: (333.0413794956335,1)
[1556]: (330.0356756893162,1)
[1557]: (342.6130147770845,1)
[1558]: (333.2305406827193,1)
[1559]: (332.7111631173255,1)
[1560]: (327.1583468432224,1)
[1561]: (341.0401926360182,1)
[1562]: (331.2179867196894,1)
[1563]: (330.5677521538561,1)
[1564]: (337.0878900117345,1)
[1565]: (338.2007978387966,1)
[1566]: (334.4344694357114,1)
[1567]: (330.0448067540199,1)
[1568]: (340.2820819815619,1)
[1569]: (335.0104054457589,1)
[1570]: (338.4011754060045,1)
[1571]: (338.0230930672006,1)
[1572]: (335.6808794556724,1)
[1573]: (337.0176044778781,1)
[1574]: (332.9891538240872,1)
[1575]: (339.4674567740924,1)
[1576]: (336.0650744240741,1)
[1577]: (334.2232951731981,1)
[1578]: (335.4253666937176,1)
[1579]: (334.0552924903014,1)
[1580]: (338.2141145641421,1)
[1581]: (334.0606126872077,1)
[1582]: (335.0483685751469,1)
[1583]: (340.1970045657499,1)
[1584]: (330.1155892535512,1)
[1585]: (337.3753984908785,1)
[1586]: (343.1132498657589,1)
[1587]: (336.6482155648728,1)
[1588]: (337.2447397902849,1)
[1589]: (338.6466374261383,1)
[1590]: (334.5247329727899,1)
[1591]: (338.9971417134203,1)
[1592]: (338.0118387353203,1)
[1593]: (334.0892398818575,1)
[1594]: (335.0945833254422,1)
[1595]: (335.5896779954409,1)
[1596]: (343.2362575862879,1)
[1597]: (333.1858380546,1)
[1598]: (334.6757223072557,1)
[1599]: (332.4384314612416,1)
[1600]: (332.0183671522223,1)
[1601]: (328.0695387568591,1)
[1602]: (330.0128953874961,1)
[1603]: (332.0387947818232,1)
[1604]: (337.12007491381,1)
[1605]: (329.2100332817619,1)
[1606]: (332.0650872884057,1)
[1607]: (334.3340818363198,1)
[1608]: (339.144197077269,1)
[1609]: (335.3202607708799,1)
[1610]: (325.01596434355,1)
[1611]: (337.2644771356369,1)
[1612]: (334.0571480260186,1)
[1613]: (329.0215600159765,1)
[1614]: (330.0689674038047,1)
[1615]: (333.2652415251418,1)
[1616]: (332.0408684885319,1)
[1617]: (334.0864840119879,1)
[1618]: (339.3743925653313,1)
[1619]: (327.5451553189211,1)
[1620]: (339.4288822716385,1)
[1621]: (333.0037647049123,1)
[1622]: (334.2643468270248,1)
[1623]: (332.1250979404296,1)
[1624]: (330.277646896343,1)
[1625]: (335.583044312685,1)
[1626]: (329.0369479332296,1)
[1627]: (340.8775300441347,1)
[1628]: (331.9925052561646,1)
[1629]: (333.3487477641273,1)
[1630]: (330.1557357138134,1)
[1631]: (336.084239329028,1)
[1632]: (330.3863509304051,1)
[1633]: (332.1159349257447,1)
[1634]: (339.3500881436036,1)
[1635]: (333.6412382410755,1)
[1636]: (337.1739055042218,1)
[1637]: (340.3897531072691,1)
[1638]: (336.1231944772086,1)
[1639]: (332.0736325323917,1)
[1640]: (331.1226998639503,1)
[1641]: (337.9107761385505,1)
[1642]: (332.4563761812869,1)
[1643]: (332.1844718135729,1)
[1644]: (337.1189597408576,1)
[1645]: (335.5925926176729,1)
[1646]: (337.2384144363782,1)
[1647]: (334.7898014249131,1)
[1648]: (328.5067755798282,1)
[1649]: (331.3648528046829,1)
[1650]: (338.4718575466839,1)
[1651]: (331.1323180398562,1)
[1652]: (334.1946628025341,1)
[1653]: (334.0567586865828,1)
[1654]: (334.4500718564514,1)
[1655]: (339.0292913222178,1)
[1656]: (331.0141344279955,1)
[1657]: (333.0474888035501,1)
[1658]: (336.3168373185604,1)
[1659]: (336.758983775496,1)
[1660]: (332.3467392963714,1)
[1661]: (329.2298664072346,1)
[1662]: (336.7211123255559,1)
[1663]: (334.1067159233145,1)
[1664]: (338.9077420141736,1)
[1665]: (336.360787945072,1)
[1666]: (331.086061666986,1)
[1667]:
[1668]: (333.276907712859,1)
[1669]: (335.1489491348897,1)
[1670]: (334.6631712211575,1)
[1671]: (339.1075914805361,1)
[1672]: (337.0635762292897,1)
[1673]: (339.9709757395636,1)
[1674]: (338.1610050801226,1)
[1675]: (332.3528881730877,1)
[1676]: (333.2800490582129,1)
[1677]: (333.3935788262573,1)
[1678]: (333.2403039979016,1)
[1679]: (336.0285453746573,1)
[1680]: (329.1961236134422,1)
[1681]: (340.2200420230405,1)
[1682]: (335.3494682216807,1)
[1683]: (334.4365495297571,1)
[1684]: (340.1866117370755,1)
[1685]: (333.1484674360013,1)
[1686]: (334.0237107905725,1)
[1687]: (337.4194607603685,1)
[1688]: (329.0117653883072,1)
[1689]: (329.0992369063553,1)
[1690]: (339.1533484762717,1)
[1691]: (330.1600076501433,1)
[1692]: (328.0491983302388,1)
[1693]: (330.333943562428,1)
[1694]: (331.1578339824861,1)
[1695]: (333.610054459812,1)
[1696]: (337.3215559425979,1)
[1697]: (332.1083080215111,1)
[1698]: (331.0887910860061,1)
[1699]: (331.0225615492694,1)
[1700]: (331.0332417099647,1)
[1701]: (330.3319235159541,1)
[1702]: (338.3075474664456,1)
[1703]: (334.2593883975777,1)
[1704]: (337.0558038651577,1)
[1705]: (333.2471181018195,1)
[1706]: (334.8543555467492,1)
[1707]: (339.0834550329352,1)
[1708]: (337.5323382245604,1)
[1709]: (332.0343633844259,1)
[1710]: (334.3566262930742,1)
[1711]: (332.327013285675,1)
[1712]: (333.4394604085981,1)
[1713]: (336.3612629730039,1)
[1714]: (335.0813963886006,1)
[1715]: (328.1284618044515,1)
[1716]: (333.246959066033,1)
[1717]:
[1718]: (333.171160039114,1)
[1719]: (334.726348976953,1)
[1720]: (334.1729033440188,1)
[1721]: (334.1357491435087,1)
[1722]: (333.0943644528409,1)
[1723]: (339.1117952168967,1)
[1724]: (329.6618468110079,1)
[1725]: (333.8941047702014,1)
[1726]: (332.304204096298,1)
[1727]: (339.2138507146245,1)
[1728]: (339.1811021847844,1)
[1729]: (330.1826743223597,1)
[1730]: (336.0612261321543,1)
[1731]: (329.3726884614106,1)
[1732]: (338.2524635308533,1)
[1733]: (331.0879661342981,1)
[1734]: (338.3974265073088,1)
[1735]: (339.6831340696215,1)
[1736]: (336.1562079487389,1)
[1737]: (339.5159071645529,1)
[1738]: (338.5988869893482,1)
[1739]: (334.7051358064517,1)
[1740]: (329.1274224886001,1)
[1741]: (339.1372131361765,1)
[1742]: (329.0593732354223,1)
[1743]: (332.1697061190342,1)
[1744]: (336.2006159475856,1)
[1745]: (334.3323810903469,1)
[1746]: (336.1026931210839,1)
[1747]: (333.2023948666248,1)
[1748]: (328.1196881435527,1)
[1749]: (337.5691350160399,1)
[1750]: (334.2585385928658,1)
[1751]: (332.4785720420384,1)
[1752]: (339.0011221373717,1)
[1753]: (331.0536985226934,1)
[1754]: (343.8392392870658,1)
[1755]: (337.1435173861427,1)
[1756]: (333.5861982387588,1)
[1757]: (332.4990708328696,1)
[1758]: (336.5370140841213,1)
[1759]: (336.0422695230541,1)
[1760]: (337.2038770316497,1)
[1761]: (331.1063100466898,1)
[1762]: (330.4893660282283,1)
[1763]: (334.4190595744492,1)
[1764]: (334.7102804934374,1)
[1765]: (333.0544243004578,1)
[1766]: (330.2326891435092,1)
[1767]: (330.3001991028382,1)
[1768]: (334.4985262603243,1)
[1769]: (327.0404641950248,1)
[1770]: (339.650163022077,1)
[1771]: (330.7605911492214,1)
[1772]: (331.2524275716638,1)
[1773]: (333.4267060597823,1)
[1774]: (334.0318353493824,1)
[1775]: (333.235847675572,1)
[1776]: (336.189795939866,1)
[1777]: (340.3565490276267,1)
[1778]: (332.4394436498382,1)
[1779]: (336.5955787803972,1)
[1780]: (332.5683166909187,1)
[1781]: (331.0891413360895,1)
[1782]: (337.0433544313461,1)
[1783]: (335.3680370187244,1)
[1784]: (333.1392049092598,1)
[1785]: (339.9330151791933,1)
[1786]: (336.0964742768389,1)
[1787]: (336.5088951953128,1)
[1788]: (337.1438690531708,1)
[1789]: (328.0436689451422,1)
[1790]: (333.2710804758077,1)
[1791]: (332.7667748179966,1)
[1792]: (337.0357531451246,1)
[1793]: (332.1243724639705,1)
[1794]: (336.6511613990979,1)
[1795]: (334.1429312660168,1)
[1796]: (338.183503472357,1)
[1797]: (335.4078588721729,1)
[1798]: (326.0179576331468,1)
[1799]: (341.3718401595764,1)
[1800]: (332.0171197120696,1)
[1801]: (335.0391055596269,1)
[1802]: (338.0170652529546,1)
[1803]: (334.2214533647714,1)
[1804]: (336.4267337780691,1)
[1805]: (337.030806383165,1)
[1806]: (335.1198882972939,1)
[1807]: (340.4238306559302,1)
[1808]: (337.2320527378726,1)
[1809]: (333.0679070838439,1)
[1810]: (331.1849982508537,1)
[1811]: (340.5952304891995,1)
[1812]: (330.2160713344668,1)
[1813]: (338.2030163081922,1)
[1814]: (340.1294439632624,1)
[1815]: (332.3641072651194,1)
[1816]: (340.2791064334024,1)
[1817]: (339.0108946877646,1)
[1818]: (335.1729436624216,1)
[1819]: (333.5170516049774,1)
[1820]: (339.0291846457102,1)
[1821]: (334.1768566412413,1)
[1822]: (335.2968051701161,1)
[1823]: (336.5891783158094,1)
[1824]: (335.0605883744495,1)
[1825]: (338.7531294462072,1)
[1826]: (333.0650227277518,1)
[1827]: (334.5914085663712,1)
[1828]: (334.0728177645621,1)
[1829]: (329.1456844814398,1)
[1830]: (336.0231512573075,1)
[1831]: (335.1989221117581,1)
[1832]: (342.4505948246655,1)
[1833]: (335.0396720975576,1)
[1834]: (341.0281135088377,1)
[1835]: (333.212858843641,1)
[1836]: (337.7045164569826,1)
[1837]: (330.0100915941921,1)
[1838]: (336.0383198952255,1)
[1839]: (339.0838154184632,1)
[1840]: (336.4247950804004,1)
[1841]: (337.4263143089246,1)
[1842]: (328.3815009692136,1)
[1843]: (334.0894413374949,1)
[1844]: (336.7862972011105,1)
[1845]: (330.1448361853654,1)
[1846]: (333.6558987754718,1)
[1847]: (338.2636964791926,1)
[1848]: (333.4886477570726,1)
[1849]: (335.0064221086917,1)
[1850]: (333.5143216927057,1)
[1851]: (344.0332221515612,1)
[1852]: (340.4684182381141,1)
[1853]: (335.1072993320991,1)
[1854]: (339.0083741411376,1)
[1855]: (332.2059976550849,1)
[1856]: (331.2170558475888,1)
[1857]: (332.0352512291217,1)
[1858]: (335.129000301049,1)
[1859]: (333.7862079474237,1)
[1860]: (331.7486616801327,1)
[1861]: (337.4928296059559,1)
[1862]: (334.0504781950437,1)
[1863]: (334.0013562928322,1)
[1864]: (333.0872813693169,1)
[1865]: (338.6874010184055,1)
[1866]: (335.8733418431936,1)
[1867]: (336.0231266551525,1)
[1868]: (337.5116968333867,1)
[1869]: (332.7442586171614,1)
[1870]: (337.1100548886661,1)
[1871]: (329.2849841927118,1)
[1872]: (333.0547890792076,1)
[1873]: (337.3190978013285,1)
[1874]: (332.506192715629,1)
[1875]: (334.2183545728782,1)
[1876]: (337.0695348952403,1)
[1877]: (337.6464210256701,1)
[1878]: (326.4200824444422,1)
[1879]: (333.2930842073496,1)
[1880]: (332.1330435593855,1)
[1881]: (335.0649641407268,1)
[1882]: (336.3858853615981,1)
[1883]: (328.0143365724882,1)
[1884]: (336.2555830762952,1)
[1885]: (337.1186212313641,1)
[1886]: (339.2741766626757,1)
[1887]: (334.5038132693047,1)
[1888]: (331.4210888614931,1)
[1889]: (336.4408437682964,1)
[1890]: (336.3889294291039,1)
[1891]: (335.4007120952182,1)
[1892]: (335.0899178936951,1)
[1893]: (336.00519948125,1)
[1894]: (338.1643513855873,1)
[1895]: (335.3396078729825,1)
[1896]: (334.3153381567294,1)
[1897]: (337.5571185321606,1)
[1898]: (337.2483492617424,1)
[1899]: (345.304544568269,1)
[1900]: (329.1270555759988,1)
[1901]: (331.0948351843033,1)
[1902]: (336.0997606589741,1)
[1903]: (331.1764715347564,1)
[1904]: (330.2649106813112,1)
[1905]: (336.1126520656885,1)
[1906]: (330.351988130821,1)
[1907]: (337.6467338772621,1)
[1908]: (338.3331400102936,1)
[1909]: (330.0556396519414,1)
[1910]: (334.060092389686,1)
[1911]: (332.5124949083984,1)
[1912]: (337.259847620917,1)
[1913]: (338.2731145180326,1)
[1914]: (338.280952438657,1)
[1915]: (328.2733893558282,1)
[1916]: (340.4779975092134,1)
[1917]: (328.0685868277685,1)
[1918]: (329.5075304414017,1)
[1919]: (339.1102689800961,1)
[1920]: (328.1667168630991,1)
[1921]: (334.0884221600138,1)
[1922]: (331.78488586983,1)
[1923]: (331.2168401807569,1)
[1924]: (334.0205015457873,1)
[1925]: (328.4637368979585,1)
[1926]: (334.4687913830966,1)
[1927]: (334.144703441161,1)
[1928]: (331.3268449714311,1)
[1929]: (329.050910330829,1)
[1930]: (332.1189743358099,1)
[1931]: (336.663817887613,1)
[1932]: (337.02220786296,1)
[1933]: (337.3553731514588,1)
[1934]: (340.3042680030065,1)
[1935]: (335.4896935827981,1)
[1936]: (335.7811618610484,1)
[1937]: (334.8534796844555,1)
[1938]: (333.2358513161795,1)
[1939]: (331.0393299329314,1)
[1940]: (334.6682176089805,1)
[1941]: (331.0919198448017,1)
[1942]: (337.2559539663352,1)
[1943]: (333.7653463591536,1)
[1944]: (344.459379142848,1)
[1945]: (331.1678418650652,1)
[1946]: (330.5092815473321,1)
[1947]: (331.2939678804053,1)
[1948]: (331.2234688123812,1)
[1949]: (338.3921733618549,1)
[1950]: (334.0729828983743,1)
[1951]: (339.3918212817314,1)
[1952]: (329.0777078691262,1)
[1953]: (333.5688553507204,1)
[1954]: (338.7168001001266,1)
[1955]: (333.1044340767437,1)
[1956]: (332.03196249985,1)
[1957]: (334.4295110613451,1)
[1958]: (335.6120928065662,1)
[1959]: (333.1332130975673,1)
[1960]: (327.9332263539691,1)
[1961]: (334.039809768859,1)
[1962]: (330.0484440786248,1)
[1963]: (339.4628348006561,1)
[1964]: (335.484945212918,1)
[1965]: (333.4342540465643,1)
[1966]: (335.3184266739803,1)
[1967]: (336.0223684980424,1)
[1968]: (333.1339307153216,1)
[1969]: (330.1183444439939,1)
[1970]: (336.6454427448923,1)
[1971]: (333.7765347411662,1)
[1972]: (333.0290767210695,1)
[1973]: (335.0102824639594,1)
[1974]: (333.2640046809271,1)
[1975]: (330.1810533154786,1)
[1976]: (340.6044186768268,1)
[1977]: (331.2135931524767,1)
[1978]: (334.5659510875305,1)
[1979]: (329.1269060891084,1)
[1980]: (334.2500228574601,1)
[1981]: (327.3261945659355,1)
[1982]: (334.5389420110445,1)
[1983]: (339.1445875336803,1)
[1984]:
[1985]: (340.0203465031182,1)
[1986]: (330.3117284366068,1)
[1987]: (333.7159215085037,1)
[1988]: (331.3267973421583,1)
[1989]: (337.0490669911593,1)
[1990]: (334.0052189598573,1)
[1991]: (333.116234536486,1)
[1992]: (336.0540928738899,1)
[1993]: (331.4037928103673,1)
[1994]: (333.4516618482712,1)
[1995]: (335.6783413091424,1)
[1996]: (330.1878461806781,1)
[1997]: (331.1623724049907,1)
[1998]: (340.0036957129554,1)
[1999]: (337.1181478403033,1)
 -- States explored : 0 states
 -- CPU user time used : 3005420 ms
 -- Virtual memory used : 81109448 KiB
 -- Resident memory used : 81070888 KiB
executionTime: 19262
