core file size          (blocks, -c) unlimited
data seg size           (kbytes, -d) unlimited
scheduling priority             (-e) 0
file size               (blocks, -f) unlimited
pending signals                 (-i) 4077086
max locked memory       (kbytes, -l) 64
max memory size         (kbytes, -m) 133169152
open files                      (-n) 4096
pipe size            (512 bytes, -p) 8
POSIX message queues     (bytes, -q) 819200
real-time priority              (-r) 0
stack size              (kbytes, -s) 8192
cpu time               (seconds, -t) unlimited
max user processes              (-u) 4077086
virtual memory          (kbytes, -v) 127000000
file locks                      (-x) unlimited
Options for the verification:
  Generating some trace
  Search order is random depth first
  Using conservative space optimisation
  Seed is 1557187054
  State space representation uses minimal constraint systems
  Using HashMap + Compress integers for discrete state storage

Verifying formula 1 at ../queries/SP_300_154_8.q:1
 -- Formula is satisfied.
(9000 runs)
Learning statistics for best strategy: 
	Number of resets: 0
	Number of iterations in last reset: 5
	Number of iterations in total: 5

 -- States explored : 0 states
 -- CPU user time used : 10558190 ms
 -- Virtual memory used : 125889852 KiB
 -- Resident memory used : 125851340 KiB

Verifying formula 2 at ../queries/SP_300_154_8.q:2
 -- Formula is satisfied.
Composer.Done:
[0]: (0,0) (348.0409413697141,1)
[1]: (344.2102814466792,1)
[2]: (334.2875637799333,1)
[3]: (336.1233378932637,1)
[4]: (337.1203365178984,1)
[5]: (342.7278884242053,1)
[6]: (347.6494997406025,1)
[7]: (346.1593940830185,1)
[8]: (334.3224473327732,1)
[9]: (337.1063096341431,1)
[10]: (334.0050974836142,1)
[11]: (343.0957422759077,1)
[12]: (338.0450691925066,1)
[13]: (339.4269822209049,1)
[14]: (349.2908442876376,1)
[15]: (333.7849996508248,1)
[16]: (332.4181422146304,1)
[17]: (335.260123017546,1)
[18]: (338.2874398007757,1)
[19]: (346.7203090037927,1)
[20]: (336.362897277504,1)
[21]: (348.0097262199455,1)
[22]: (332.1714929201806,1)
[23]: (339.0496883738805,1)
[24]: (346.1722205466417,1)
[25]: (344.0636799427282,1)
[26]: (343.0794606971446,1)
[27]: (343.2817276381967,1)
[28]: (334.4876291520346,1)
[29]: (332.1060208885046,1)
[30]: (330.3394564841228,1)
[31]: (344.2579499918518,1)
[32]: (337.0826522500732,1)
[33]: (329.121536682418,1)
[34]: (331.1932690588167,1)
[35]: (337.0856214166942,1)
[36]: (338.2628430740027,1)
[37]: (344.136643578015,1)
[38]: (339.120661330897,1)
[39]: (354.1836740089908,1)
[40]: (332.6926473329981,1)
[41]: (341.0227751233182,1)
[42]: (345.574681668404,1)
[43]: (352.2403844649146,1)
[44]: (347.2068518146225,1)
[45]: (337.0291101836258,1)
[46]: (341.1914258454743,1)
[47]: (351.0671685334922,1)
[48]: (335.2283718618663,1)
[49]: (341.8812095244603,1)
[50]: (339.0372417243287,1)
[51]: (334.0375459110497,1)
[52]: (348.1961837642076,1)
[53]: (344.6101482400651,1)
[54]: (332.3067076315726,1)
[55]: (330.4777187014463,1)
[56]: (342.0722364875502,1)
[57]: (340.0956680424006,1)
[58]: (339.1397264917725,1)
[59]: (347.1161168399951,1)
[60]: (333.6283960419619,1)
[61]: (338.1771329733126,1)
[62]: (346.1107881390662,1)
[63]: (335.4105478326069,1)
[64]: (341.2707227776737,1)
[65]: (337.1434666662935,1)
[66]: (335.0480229806123,1)
[67]: (334.8830217210719,1)
[68]: (343.0264233055435,1)
[69]: (342.0312657781873,1)
[70]: (330.1802620865631,1)
[71]: (339.6989239723303,1)
[72]: (343.0221392681634,1)
[73]: (334.1962812242326,1)
[74]: (332.0541323606186,1)
[75]: (337.1537593926932,1)
[76]: (335.1732343540962,1)
[77]: (335.5579487685601,1)
[78]: (336.0390194407006,1)
[79]: (335.8753931437595,1)
[80]: (343.4055666586064,1)
[81]: (337.2254538545424,1)
[82]: (337.4161615499767,1)
[83]: (339.815123424483,1)
[84]: (342.054792339743,1)
[85]: (335.3887799608187,1)
[86]: (349.2874776029016,1)
[87]: (348.3594618366538,1)
[88]: (342.3869417708278,1)
[89]: (338.0943459059795,1)
[90]: (340.8491254953299,1)
[91]: (333.4504368406634,1)
[92]: (334.1178302883937,1)
[93]: (331.0730488131933,1)
[94]: (350.6656893926987,1)
[95]: (337.7914801054492,1)
[96]: (336.6475630653592,1)
[97]: (340.0897421769415,1)
[98]: (335.1812962421567,1)
[99]: (337.0698824021006,1)
[100]: (336.0214470322611,1)
[101]: (334.6268493376112,1)
[102]: (336.437946936798,1)
[103]: (345.0177405897795,1)
[104]: (332.346120989012,1)
[105]: (337.4774483860868,1)
[106]: (337.0429211191575,1)
[107]: (336.4551497426259,1)
[108]: (338.20856210248,1)
[109]: (338.1437269816899,1)
[110]: (344.3317569675009,1)
[111]: (341.1169908017199,1)
[112]: (341.232457379858,1)
[113]: (344.9722837051464,1)
[114]: (337.0291535053174,1)
[115]: (333.5793421143622,1)
[116]: (336.3712350594911,1)
[117]: (344.4712490569622,1)
[118]: (336.3015051391436,1)
[119]: (336.331999962831,1)
[120]: (340.2658439924526,1)
[121]: (333.7272515764766,1)
[122]: (344.1434652455395,1)
[123]: (345.2544142311621,1)
[124]: (340.4019291134213,1)
[125]: (334.6051899142101,1)
[126]: (335.1159420529519,1)
[127]: (336.0039942635887,1)
[128]: (355.6105437290003,1)
[129]: (347.018047640569,1)
[130]: (342.0139796658539,1)
[131]: (340.7329060284018,1)
[132]: (340.0825363386004,1)
[133]: (337.0562400845007,1)
[134]: (334.3497169188228,1)
[135]: (337.0834323988381,1)
[136]: (337.0024822192819,1)
[137]: (335.0831008494203,1)
[138]: (347.2419297300897,1)
[139]: (340.2126849557263,1)
[140]: (337.0984739266322,1)
[141]: (343.1246191538346,1)
[142]: (343.5817846450523,1)
[143]: (337.6526306799552,1)
[144]: (339.2197169765803,1)
[145]: (339.3455410374783,1)
[146]: (333.466520594381,1)
[147]: (340.1928130138377,1)
[148]: (337.4496372544324,1)
[149]: (346.5064136680247,1)
[150]: (332.1324646385258,1)
[151]: (337.4815084331432,1)
[152]: (331.3000115446492,1)
[153]: (328.0828499803407,1)
[154]: (337.4527314988947,1)
[155]: (334.3159427292267,1)
[156]: (350.0101192026175,1)
[157]: (347.4000029800927,1)
[158]: (345.6568057429281,1)
[159]: (336.1023886055295,1)
[160]: (354.0112408498981,1)
[161]: (333.0609249341863,1)
[162]: (332.0567190306407,1)
[163]: (335.1585824568207,1)
[164]: (344.1787290278257,1)
[165]: (336.0545564723039,1)
[166]: (342.074847283018,1)
[167]: (346.2226849275634,1)
[168]: (341.0969785620042,1)
[169]: (335.0752060524164,1)
[170]: (342.317323147113,1)
[171]: (340.28168585629,1)
[172]: (346.1551879729265,1)
[173]: (340.336220708542,1)
[174]: (344.5835251890271,1)
[175]: (344.0623247316018,1)
[176]: (346.3542941841446,1)
[177]: (341.017408931897,1)
[178]: (335.0998542205057,1)
[179]: (335.0844818042578,1)
[180]: (342.12921427244,1)
[181]: (351.0627069028475,1)
[182]: (342.2102520111713,1)
[183]: (337.0636054495642,1)
[184]: (342.2910354016713,1)
[185]: (337.3199035595392,1)
[186]: (338.9998171069515,1)
[187]: (351.8084973384896,1)
[188]: (348.0678422211233,1)
[189]: (343.0340399875093,1)
[190]: (336.1384841499902,1)
[191]: (336.1361923240636,1)
[192]: (343.0766794208399,1)
[193]: (328.0152448487988,1)
[194]: (351.0207020689263,1)
[195]: (341.3126436899089,1)
[196]: (346.7778949843801,1)
[197]: (333.1976197303721,1)
[198]: (339.0667298567269,1)
[199]: (335.5799288025425,1)
[200]: (342.2419101844667,1)
[201]: (336.1505789189929,1)
[202]: (338.5605579660801,1)
[203]: (334.5163463343774,1)
[204]: (340.034926260189,1)
[205]: (343.1431547166173,1)
[206]: (341.2942585805367,1)
[207]: (331.298740789598,1)
[208]: (335.9644186288128,1)
[209]: (340.4711672020804,1)
[210]: (338.2342490725276,1)
[211]: (331.8113295205447,1)
[212]: (343.0312522032235,1)
[213]: (342.0017449356385,1)
[214]: (336.3308305992775,1)
[215]: (344.0771840490785,1)
[216]: (341.8090661571477,1)
[217]: (326.0705737860238,1)
[218]: (332.0779769909674,1)
[219]: (333.2320667098596,1)
[220]: (336.1472590312503,1)
[221]: (351.3819422007105,1)
[222]: (339.1061403663883,1)
[223]: (347.427398373186,1)
[224]: (341.1468977663426,1)
[225]: (340.0916983665189,1)
[226]: (338.5088976080673,1)
[227]: (338.2258007354878,1)
[228]: (336.1965501222666,1)
[229]: (332.7412682376814,1)
[230]: (349.6753271186492,1)
[231]: (336.0020456610257,1)
[232]: (331.0772920881811,1)
[233]: (336.0826666195393,1)
[234]: (331.3250008587742,1)
[235]: (339.1501813487619,1)
[236]: (340.0386995291923,1)
[237]: (335.0267718545678,1)
[238]: (338.0783911325947,1)
[239]: (336.0191578504528,1)
[240]: (346.1193751311371,1)
[241]: (334.0674482283346,1)
[242]: (348.3747714605163,1)
[243]: (341.0789735550293,1)
[244]: (342.0163418493757,1)
[245]: (351.2739338454668,1)
[246]: (332.4064035104723,1)
[247]: (338.3013799651357,1)
[248]: (337.171181089076,1)
[249]: (336.8025125298396,1)
[250]: (333.1434736413574,1)
[251]: (334.4544927996536,1)
[252]: (339.4892121624692,1)
[253]: (340.2240393865143,1)
[254]: (337.232239384249,1)
[255]: (340.1662970460321,1)
[256]: (347.244863169293,1)
[257]: (335.0683978712314,1)
[258]: (330.4024373753771,1)
[259]: (334.4193389835216,1)
[260]: (336.3204226637724,1)
[261]: (343.0193147882139,1)
[262]: (342.0390066841276,1)
[263]: (337.1835409460994,1)
[264]: (340.0608158560619,1)
[265]: (330.1571831594086,1)
[266]: (336.3616784403283,1)
[267]: (348.2604911490642,1)
[268]: (332.365110740912,1)
[269]: (342.0628126169435,1)
[270]: (333.0737994815645,1)
[271]: (339.3327795848384,1)
[272]: (337.5748991504772,1)
[273]: (342.0689906258324,1)
[274]: (341.3282260750527,1)
[275]: (336.0662332497263,1)
[276]: (342.0013078860246,1)
[277]: (330.0927765948525,1)
[278]: (333.1169162300764,1)
[279]: (336.0869087864177,1)
[280]: (335.3167294689489,1)
[281]: (339.0035714200484,1)
[282]: (339.0871234232304,1)
[283]: (343.1848595147254,1)
[284]: (342.0364223802163,1)
[285]: (345.2165321936134,1)
[286]: (333.1792163001518,1)
[287]: (344.1470232229771,1)
[288]: (338.6582087713339,1)
[289]: (344.2260051434772,1)
[290]: (341.1426761987868,1)
[291]: (343.2459149813055,1)
[292]: (346.0242610479427,1)
[293]: (341.1856344650813,1)
[294]: (344.4963491796198,1)
[295]: (342.4012450261652,1)
[296]: (334.3961668256915,1)
[297]: (333.4613399580275,1)
[298]: (340.0531750724268,1)
[299]: (333.0805567282683,1)
[300]: (340.0536871615623,1)
[301]: (339.0154787097943,1)
[302]: (344.0858197861652,1)
[303]: (336.3551246065047,1)
[304]: (342.4066617390164,1)
[305]: (333.0066483192204,1)
[306]: (346.0373992961727,1)
[307]: (347.0082269743206,1)
[308]: (342.7653233388397,1)
[309]: (341.0898917282805,1)
[310]: (342.0923945934298,1)
[311]: (336.3895976558242,1)
[312]: (340.7293907001505,1)
[313]: (343.2959721848764,1)
[314]: (337.3955057841345,1)
[315]: (338.304721709345,1)
[316]: (336.2937496352724,1)
[317]: (335.4691436139321,1)
[318]: (335.0135110971428,1)
[319]: (339.5180327476753,1)
[320]: (339.1331065202059,1)
[321]: (339.9344492401446,1)
[322]: (341.2537894674364,1)
[323]: (333.9267827805743,1)
[324]: (343.3892456214803,1)
[325]: (335.0197995064936,1)
[326]: (332.3143459881029,1)
[327]: (338.211231884684,1)
[328]: (346.3945691449962,1)
[329]: (343.2105893778545,1)
[330]: (340.5835810464833,1)
[331]: (339.1025120380116,1)
[332]: (329.0007266363864,1)
[333]: (339.3401612984786,1)
[334]: (337.0009428975455,1)
[335]: (335.566212692408,1)
[336]: (337.3921145884597,1)
[337]: (336.4249378862961,1)
[338]: (333.0064709230276,1)
[339]: (333.1007441713866,1)
[340]: (334.0208614091822,1)
[341]: (343.0484849779155,1)
[342]: (339.1244498748475,1)
[343]: (331.4306141465851,1)
[344]: (343.5109130186573,1)
[345]: (348.0619440867465,1)
[346]: (337.1147377539527,1)
[347]: (336.7256014780057,1)
[348]: (337.1251242642458,1)
[349]: (332.1049708350715,1)
[350]: (334.2510787297874,1)
[351]: (347.3090839898782,1)
[352]: (345.1208937441984,1)
[353]: (335.3463909440594,1)
[354]: (335.0653639332252,1)
[355]: (344.6955344328748,1)
[356]: (340.8584604802975,1)
[357]: (334.4601455328316,1)
[358]: (336.2134482154493,1)
[359]: (332.0840267411851,1)
[360]: (333.1656690284216,1)
[361]: (338.2172563224826,1)
[362]: (337.2844520184212,1)
[363]: (332.1420529226839,1)
[364]: (328.0206508698805,1)
[365]: (339.4280673734116,1)
[366]: (337.057008226448,1)
[367]: (334.4274012174263,1)
[368]: (337.4505769069128,1)
[369]: (338.1121699156122,1)
[370]: (336.5645742140345,1)
[371]: (333.9742368879635,1)
[372]: (335.189935637017,1)
[373]: (339.21520658952,1)
[374]: (334.4246989125483,1)
[375]: (340.4541327458246,1)
[376]: (342.0820999513485,1)
[377]: (339.6981229226239,1)
[378]: (343.0642392948758,1)
[379]: (335.021051092961,1)
[380]: (353.0564416054187,1)
[381]: (337.4152758649165,1)
[382]: (353.583061088068,1)
[383]: (329.0627374881158,1)
[384]: (334.8613749215692,1)
[385]: (342.7720423695311,1)
[386]: (343.504270161408,1)
[387]: (336.6257863825899,1)
[388]: (339.373992969936,1)
[389]: (339.3302249309921,1)
[390]: (332.1892098784666,1)
[391]: (343.2891416883592,1)
[392]: (340.2219743149756,1)
[393]: (337.6496310559131,1)
[394]: (347.1882773044952,1)
[395]: (336.0547164499132,1)
[396]: (347.9186830671478,1)
[397]: (341.2085180965584,1)
[398]: (338.1325523926078,1)
[399]: (333.4568754715011,1)
[400]: (348.0170168690935,1)
[401]: (339.218897226337,1)
[402]: (335.1474551683828,1)
[403]: (353.1573221038519,1)
[404]: (340.0303527012121,1)
[405]: (333.3282557592498,1)
[406]: (336.1828385710331,1)
[407]: (341.2931517852732,1)
[408]: (337.0347004182266,1)
[409]: (333.5063863550463,1)
[410]: (330.2314208003656,1)
[411]: (335.7652112501812,1)
[412]: (340.4577790698347,1)
[413]: (338.0908569415005,1)
[414]: (333.3677671837784,1)
[415]: (338.5863735445679,1)
[416]: (335.0449761337705,1)
[417]: (334.0709883740577,1)
[418]: (338.1136576031331,1)
[419]: (340.0283564900438,1)
[420]: (336.0967450667404,1)
[421]: (354.1376948393429,1)
[422]: (334.422218424039,1)
[423]: (335.0974788866216,1)
[424]: (334.2263195627419,1)
[425]: (333.2215660619431,1)
[426]: (337.7327480785964,1)
[427]: (334.1793458399361,1)
[428]: (348.0425288029223,1)
[429]: (331.4769324331438,1)
[430]: (334.0631989570972,1)
[431]: (338.1531002419424,1)
[432]: (340.5830370769478,1)
[433]: (341.1992906115294,1)
[434]: (339.100509596236,1)
[435]: (345.3836328083057,1)
[436]: (340.6693769786838,1)
[437]: (334.2878910905803,1)
[438]: (330.4118756663176,1)
[439]: (331.1283076659084,1)
[440]: (337.1111281172595,1)
[441]: (336.1472342331933,1)
[442]: (335.0088585779894,1)
[443]: (353.4683487201428,1)
[444]: (335.3757592728431,1)
[445]: (347.0449991309536,1)
[446]: (331.8641706545411,1)
[447]: (339.3873628641563,1)
[448]: (335.2996809190515,1)
[449]: (332.0770493651356,1)
[450]: (333.1224155462144,1)
[451]: (331.0017215232659,1)
[452]: (336.3450012127655,1)
[453]: (343.0943398008292,1)
[454]: (335.1057778537805,1)
[455]: (340.0931032734003,1)
[456]: (338.1469527943903,1)
[457]: (336.06540158512,1)
[458]: (335.0706917475795,1)
[459]: (328.2212966204613,1)
[460]: (332.4289854330976,1)
[461]: (339.1720604221828,1)
[462]: (338.1210219361881,1)
[463]: (345.0001621406082,1)
[464]: (339.0947871216129,1)
[465]: (340.0040947313789,1)
[466]: (332.3948241271696,1)
[467]: (350.6187202766492,1)
[468]: (339.4955987485667,1)
[469]: (345.138015069889,1)
[470]: (340.1208699937974,1)
[471]: (338.0206549135317,1)
[472]: (334.1708857064936,1)
[473]: (334.2065836974189,1)
[474]: (341.1734562794663,1)
[475]: (337.0962951090337,1)
[476]: (345.0478161526589,1)
[477]: (333.0082499858045,1)
[478]: (344.0909386782452,1)
[479]: (332.3082445336947,1)
[480]: (337.3600232489688,1)
[481]: (340.027488128704,1)
[482]: (338.100325614698,1)
[483]: (334.0936757839015,1)
[484]: (338.2786930998022,1)
[485]: (341.0763202590733,1)
[486]: (339.3988562793816,1)
[487]: (343.6072598867203,1)
[488]: (345.7752131824673,1)
[489]: (338.0104934145466,1)
[490]: (340.2936319689934,1)
[491]: (344.0489584450738,1)
[492]: (332.6714487882256,1)
[493]: (336.0075094558464,1)
[494]: (338.0170707752767,1)
[495]: (337.7690396405757,1)
[496]: (337.0485254340329,1)
[497]: (349.1193605739617,1)
[498]: (335.003448861542,1)
[499]: (333.45309590422,1)
[500]: (335.1290420820574,1)
[501]: (334.1470714084612,1)
[502]: (339.6088522723442,1)
[503]: (332.0610933103149,1)
[504]: (340.6343128078764,1)
[505]: (335.3301491448972,1)
[506]: (341.4094439327403,1)
[507]: (342.3351289690165,1)
[508]: (348.0030015959808,1)
[509]: (348.184346217014,1)
[510]: (341.2550102821646,1)
[511]: (339.0405593743861,1)
[512]: (343.8241689816812,1)
[513]: (335.1744296738503,1)
[514]: (332.1031772648496,1)
[515]: (343.4475546959136,1)
[516]: (345.2871117719518,1)
[517]: (329.4919951499499,1)
[518]: (336.1138156618966,1)
[519]: (330.0902951336695,1)
[520]: (336.5388028906373,1)
[521]: (336.162454687116,1)
[522]: (337.3500240650162,1)
[523]: (341.6641463144404,1)
[524]: (335.7030348270448,1)
[525]: (341.0413289399379,1)
[526]: (334.1870332028217,1)
[527]: (343.9205296044169,1)
[528]: (340.3663885073815,1)
[529]: (340.4432660755184,1)
[530]: (332.0763282148727,1)
[531]: (342.8147397366025,1)
[532]: (335.0734705584388,1)
[533]: (337.4271717675537,1)
[534]: (340.5161523916877,1)
[535]: (344.3882599655124,1)
[536]: (348.1718891780916,1)
[537]: (332.2131752293814,1)
[538]: (352.306668673353,1)
[539]: (340.938532814709,1)
[540]: (343.0939108166842,1)
[541]: (344.480137011687,1)
[542]: (347.2056882148603,1)
[543]: (338.4544206299127,1)
[544]: (335.3394230532757,1)
[545]: (338.9240620881855,1)
[546]: (342.1463982304095,1)
[547]: (347.1052418665716,1)
[548]: (337.0705254987614,1)
[549]: (339.3559649272497,1)
[550]: (341.7788442231375,1)
[551]: (341.2219057214266,1)
[552]: (340.1150472829297,1)
[553]: (337.3829267370489,1)
[554]: (340.0892247610388,1)
[555]: (337.0222671909074,1)
[556]: (334.2563830942343,1)
[557]: (335.025226992929,1)
[558]: (332.3252819384442,1)
[559]: (352.4020015527706,1)
[560]: (347.693080585797,1)
[561]: (336.5304415797395,1)
[562]: (336.4564003941507,1)
[563]: (342.1847960317153,1)
[564]: (335.0054095666878,1)
[565]: (334.4473360837818,1)
[566]: (340.0811927110132,1)
[567]: (342.2938295746206,1)
[568]: (340.8291563502854,1)
[569]: (344.1673074770874,1)
[570]: (345.3857908911464,1)
[571]: (349.1677577809168,1)
[572]: (343.1829385917204,1)
[573]: (333.2190202622883,1)
[574]: (339.1998299829994,1)
[575]: (340.4897582849081,1)
[576]: (332.760191410673,1)
[577]: (336.9372747023941,1)
[578]: (329.074799039618,1)
[579]: (338.0507117243299,1)
[580]: (335.2363383192264,1)
[581]: (337.3055381776383,1)
[582]: (337.0780960362318,1)
[583]: (344.2868328993351,1)
[584]: (335.0184529976473,1)
[585]: (335.1790582679591,1)
[586]: (340.1886218554708,1)
[587]: (335.0466129046586,1)
[588]: (329.2147432420214,1)
[589]: (339.3950638137787,1)
[590]: (327.0782192011446,1)
[591]: (335.1065166977492,1)
[592]: (335.4540713069607,1)
[593]: (337.1682730687478,1)
[594]: (343.4028457080856,1)
[595]: (338.1883632291812,1)
[596]: (334.3550651383918,1)
[597]: (343.0160436363586,1)
[598]: (330.0223582030545,1)
[599]: (342.144947601157,1)
[600]: (335.2176695284162,1)
[601]: (333.3209865900205,1)
[602]: (336.0457746401975,1)
[603]: (344.3923783247409,1)
[604]: (341.1360037088586,1)
[605]: (338.2552307899837,1)
[606]: (343.1884244185642,1)
[607]: (339.4085896150509,1)
[608]: (348.0247113177816,1)
[609]: (351.3415800869984,1)
[610]: (338.1148634260958,1)
[611]: (333.0293029063766,1)
[612]: (353.4437571708345,1)
[613]: (331.3095917067669,1)
[614]: (337.9361539691612,1)
[615]: (332.1517398832719,1)
[616]: (335.0469381964449,1)
[617]: (346.7106135306921,1)
[618]: (339.3730259847206,1)
[619]: (351.1255961550829,1)
[620]: (336.1182269282827,1)
[621]: (337.1161949411714,1)
[622]: (335.0267081493621,1)
[623]: (335.0244797160915,1)
[624]: (332.1042272446211,1)
[625]: (337.6231288015362,1)
[626]: (329.4523277028312,1)
[627]: (335.0183789768785,1)
[628]: (338.5790869015742,1)
[629]: (339.7032698051623,1)
[630]: (339.0518597126535,1)
[631]: (342.0072186362236,1)
[632]: (345.1541719516374,1)
[633]: (333.5266183106949,1)
[634]: (344.0793059562538,1)
[635]: (342.1681257691219,1)
[636]: (341.2835746876177,1)
[637]: (339.3982237296689,1)
[638]: (336.6185181404682,1)
[639]: (338.4086158014541,1)
[640]: (337.1114287125667,1)
[641]: (331.6033379978986,1)
[642]: (351.3500932098606,1)
[643]: (344.5390366344272,1)
[644]: (331.5095627927575,1)
[645]: (345.5486941192119,1)
[646]: (329.2939219562084,1)
[647]: (334.7520927711702,1)
[648]: (340.3609038004487,1)
[649]: (346.6219667066795,1)
[650]: (333.0526905355871,1)
[651]: (343.4345768950897,1)
[652]: (337.2131362158161,1)
[653]: (337.1308732965817,1)
[654]: (330.4855038206277,1)
[655]: (337.1070524602404,1)
[656]: (337.0677136802089,1)
[657]: (343.357996342976,1)
[658]: (338.0307551181996,1)
[659]: (335.5532226734675,1)
[660]: (339.187900128646,1)
[661]: (342.1549130154429,1)
[662]: (336.7019377744556,1)
[663]: (341.1452803328314,1)
[664]: (337.6825051288046,1)
[665]: (345.2627794877115,1)
[666]: (341.174670676108,1)
[667]: (339.3824961420251,1)
[668]: (338.1196736354162,1)
[669]: (340.0832411334417,1)
[670]: (336.2815958906294,1)
[671]: (336.699066034015,1)
[672]: (345.3605590021927,1)
[673]: (342.0340700771274,1)
[674]: (344.3423011163985,1)
[675]: (332.0103916825321,1)
[676]: (339.0443114145434,1)
[677]: (343.1869013847722,1)
[678]: (337.0861872647781,1)
[679]: (348.026529223145,1)
[680]: (331.2862361658185,1)
[681]: (337.1327890189121,1)
[682]: (344.0083689726408,1)
[683]: (339.7675960877521,1)
[684]: (338.0438524060727,1)
[685]: (334.026675653458,1)
[686]: (334.1152186790215,1)
[687]: (337.2197808708482,1)
[688]: (334.287000784954,1)
[689]: (336.1802816330598,1)
[690]: (338.0815484342248,1)
[691]: (336.0095848820486,1)
[692]: (340.0800795908031,1)
[693]: (337.8039988583428,1)
[694]: (335.1731065908226,1)
[695]: (334.5367256922241,1)
[696]: (336.0194374947053,1)
[697]: (339.5846382576708,1)
[698]: (332.4526510298884,1)
[699]: (341.5303692121564,1)
[700]: (336.1863226119947,1)
[701]: (348.2953307771628,1)
[702]: (337.3305011652551,1)
[703]: (338.1865017235808,1)
[704]: (336.0483776159478,1)
[705]: (331.2604149217065,1)
[706]: (328.0227942551566,1)
[707]: (338.1715203904256,1)
[708]: (333.1332321806973,1)
[709]: (329.0372974867358,1)
[710]: (333.0593218929715,1)
[711]: (343.0541758736643,1)
[712]: (340.0857197775857,1)
[713]: (334.1310132766727,1)
[714]: (341.1530181759351,1)
[715]: (339.3419048329734,1)
[716]: (342.5724635614948,1)
[717]: (340.2104024144311,1)
[718]: (335.510823941629,1)
[719]: (340.2478911405481,1)
[720]: (338.6771987337267,1)
[721]: (338.6709350021105,1)
[722]: (331.0730716057942,1)
[723]: (333.0681969309579,1)
[724]: (333.2656313090826,1)
[725]: (346.3290535461049,1)
[726]: (339.0748065969307,1)
[727]: (342.8263105689304,1)
[728]: (346.1153557238759,1)
[729]: (344.0611602193338,1)
[730]: (337.1404254604453,1)
[731]: (339.2477244245556,1)
[732]: (341.0011969467734,1)
[733]: (341.4198906131104,1)
[734]: (343.4116166879633,1)
[735]: (337.3223315496323,1)
[736]: (337.23719917694,1)
[737]: (334.8072973386046,1)
[738]: (339.9285988327203,1)
[739]: (346.2459323805276,1)
[740]: (341.4029816507054,1)
[741]: (341.2638211639344,1)
[742]: (344.4698761982568,1)
[743]: (341.0086733050401,1)
[744]: (326.4920406606304,1)
[745]: (335.0570991070347,1)
[746]: (346.1270485676991,1)
[747]: (337.0261170547718,1)
[748]: (341.0820286412246,1)
[749]: (355.0183316903658,1)
[750]: (332.9722228876719,1)
[751]: (329.0958395676256,1)
[752]: (341.2280627367452,1)
[753]: (335.2637977944987,1)
[754]: (338.2031932317563,1)
[755]: (333.3264418919135,1)
[756]: (338.7608939789917,1)
[757]: (336.0156846901179,1)
[758]: (338.4095518697302,1)
[759]: (345.1987639535609,1)
[760]: (340.0419401468058,1)
[761]: (339.6258176469631,1)
[762]: (344.7444222225639,1)
[763]: (339.0671095486474,1)
[764]: (332.3094581308724,1)
[765]: (342.0248993882511,1)
[766]: (341.573274832625,1)
[767]: (335.287130310267,1)
[768]: (339.3235818493611,1)
[769]: (330.3724550756185,1)
[770]: (349.0164626839076,1)
[771]: (340.0297130740686,1)
[772]: (342.1629959142996,1)
[773]: (339.3068654670743,1)
[774]: (334.0447688619871,1)
[775]: (342.6176101884949,1)
[776]: (334.2017893545768,1)
[777]: (334.0419095192506,1)
[778]: (344.1333616436745,1)
[779]: (335.1333409038863,1)
[780]: (333.3606164266722,1)
[781]: (338.1174517113174,1)
[782]: (340.3003341718307,1)
[783]: (337.4078870715831,1)
[784]: (339.0993220071791,1)
[785]: (337.1849995766569,1)
[786]: (342.2749703411008,1)
[787]: (339.0074263378743,1)
[788]: (340.9417791971807,1)
[789]: (344.6101291525017,1)
[790]: (337.1116448166885,1)
[791]: (355.292543807216,1)
[792]: (344.6020590712711,1)
[793]: (339.7803451979927,1)
[794]: (338.2683603164008,1)
[795]: (334.4736334469595,1)
[796]: (339.122617596441,1)
[797]: (331.0938301417218,1)
[798]: (341.0167153325928,1)
[799]: (338.0334589557484,1)
[800]: (342.0231999904305,1)
[801]: (337.170394700051,1)
[802]: (339.0778457942217,1)
[803]: (338.4228273574322,1)
[804]: (342.8554262906069,1)
[805]: (337.0157904499335,1)
[806]: (335.5598535138377,1)
[807]: (328.8971589485917,1)
[808]: (340.703388786433,1)
[809]: (334.1192106760903,1)
[810]: (336.3646584591684,1)
[811]: (331.5476611710928,1)
[812]: (337.4617498808287,1)
[813]: (337.4959481681246,1)
[814]: (339.0919780933643,1)
[815]: (334.3605975027088,1)
[816]: (343.2457760998486,1)
[817]: (332.2818249526537,1)
[818]: (344.0614597544402,1)
[819]: (335.4531998614831,1)
[820]: (340.9213225603041,1)
[821]: (338.0771760650547,1)
[822]: (339.9771079211021,1)
[823]: (336.2355306003946,1)
[824]: (340.0192458045726,1)
[825]: (341.1262909282235,1)
[826]: (341.1234999113869,1)
[827]: (327.9498099661337,1)
[828]: (337.7857864252652,1)
[829]: (340.2855076246459,1)
[830]: (334.4423032795002,1)
[831]: (329.0474981934822,1)
[832]: (333.061653311093,1)
[833]: (337.0894528064727,1)
[834]: (337.0864524420421,1)
[835]: (340.0816419374895,1)
[836]: (339.6059500133736,1)
[837]: (338.3308552481699,1)
[838]: (343.0358000109442,1)
[839]: (342.1415304086266,1)
[840]: (330.2325266249034,1)
[841]: (336.3684701059264,1)
[842]: (342.0720076993837,1)
[843]: (342.0273040265358,1)
[844]: (339.4528611668199,1)
[845]: (336.1056123849882,1)
[846]: (332.1881727910598,1)
[847]: (343.4225674311173,1)
[848]: (352.0206053822319,1)
[849]: (333.7562888915872,1)
[850]: (336.26510674933,1)
[851]: (339.1821455835064,1)
[852]: (344.4614711837805,1)
[853]: (334.0057111988305,1)
[854]: (334.3864913054068,1)
[855]: (337.1688264647782,1)
[856]: (337.3407014062444,1)
[857]: (334.0138218126005,1)
[858]: (335.7265713229875,1)
[859]: (340.0233368229291,1)
[860]: (336.0025324618366,1)
[861]: (338.1959215954711,1)
[862]: (341.0648468991708,1)
[863]: (341.4304807734429,1)
[864]: (334.5709684680634,1)
[865]: (334.4067056144335,1)
[866]: (340.1162936589337,1)
[867]: (340.0809450616178,1)
[868]: (337.665459008237,1)
[869]: (326.7323740877217,1)
[870]: (338.6591397634727,1)
[871]: (338.1601006157042,1)
[872]: (344.8103362678166,1)
[873]: (329.4883573018478,1)
[874]: (333.0522598426656,1)
[875]: (335.118629076516,1)
[876]: (331.2817888091357,1)
[877]: (346.7495769717027,1)
[878]: (345.3598856852426,1)
[879]: (339.2899054192661,1)
[880]: (332.069860727463,1)
[881]: (336.4022422690301,1)
[882]: (343.1431568780583,1)
[883]: (340.0141996576089,1)
[884]: (342.2838658321192,1)
[885]: (332.1827956639008,1)
[886]: (336.2844661361916,1)
[887]: (343.2831422279542,1)
[888]: (335.2213896411349,1)
[889]: (330.491303651592,1)
[890]: (336.4133186368517,1)
[891]: (333.2182996343238,1)
[892]: (335.02475500538,1)
[893]: (342.2220386696746,1)
[894]: (340.0498819422779,1)
[895]: (332.0298452473591,1)
[896]: (338.0318926212067,1)
[897]: (336.2441198868412,1)
[898]: (336.050356554406,1)
[899]: (334.0469746597235,1)
[900]: (336.2843738972017,1)
[901]: (336.0006386082706,1)
[902]: (342.5145975753887,1)
[903]: (335.894689542812,1)
[904]: (334.590900193319,1)
[905]: (333.0045718994236,1)
[906]: (339.0255728024885,1)
[907]: (334.0915259926056,1)
[908]: (342.2346589602935,1)
[909]: (339.0341346019035,1)
[910]: (331.0628172629158,1)
[911]: (338.4770131396762,1)
[912]: (338.0295081734094,1)
[913]: (339.2528054491414,1)
[914]: (341.9422583260472,1)
[915]: (335.2211173795076,1)
[916]: (334.8611087187959,1)
[917]: (340.5353022668291,1)
[918]: (332.3968621401311,1)
[919]: (336.213479983017,1)
[920]: (345.0244117987373,1)
[921]: (340.1257125444504,1)
[922]: (337.3026446051638,1)
[923]: (348.0306627403419,1)
[924]: (333.1117869425818,1)
[925]: (348.0655110192291,1)
[926]: (335.3544383377549,1)
[927]: (334.2134908781777,1)
[928]: (346.5354167295512,1)
[929]: (343.7544628300018,1)
[930]: (340.129331569836,1)
[931]: (337.0394064201795,1)
[932]: (342.1512190290631,1)
[933]: (342.3089522323424,1)
[934]: (345.1540028937377,1)
[935]: (337.0221021404732,1)
[936]: (345.0421943485665,1)
[937]: (337.0753010678432,1)
[938]: (332.877967389363,1)
[939]: (341.3241396640614,1)
[940]: (343.9361312204026,1)
[941]: (341.0932830812641,1)
[942]: (337.6441189653422,1)
[943]: (353.2152452717858,1)
[944]: (336.1479169367977,1)
[945]: (341.5889244274668,1)
[946]: (338.6935292661906,1)
[947]: (338.3418647947968,1)
[948]: (335.9297150699513,1)
[949]: (344.0535878399679,1)
[950]: (340.1781456493064,1)
[951]: (339.2842751295107,1)
[952]: (348.4017731094176,1)
[953]: (339.0730382214975,1)
[954]: (337.1274580715716,1)
[955]: (334.0508190060277,1)
[956]: (339.1540277604355,1)
[957]: (339.0288051579553,1)
[958]: (335.2201179159792,1)
[959]: (346.2449293469119,1)
[960]: (340.3614421767109,1)
[961]: (337.2267064912043,1)
[962]: (339.3967045245575,1)
[963]: (344.1146578411661,1)
[964]: (335.0586816284124,1)
[965]: (348.3020032921316,1)
[966]: (340.0347733951049,1)
[967]: (341.8740269300953,1)
[968]: (343.2550172983396,1)
[969]: (340.0721890822704,1)
[970]: (336.0159006362637,1)
[971]: (336.578127576254,1)
[972]: (338.0153142198939,1)
[973]: (340.0330626197843,1)
[974]: (334.654823567375,1)
[975]: (331.0098433251516,1)
[976]: (346.3442833737396,1)
[977]: (333.3623300794128,1)
[978]: (338.0269289488305,1)
[979]: (341.4688583090737,1)
[980]: (342.1772174369088,1)
[981]: (338.1698530825287,1)
[982]: (344.3674062298632,1)
[983]: (336.2155054913536,1)
[984]: (340.0662777465699,1)
[985]: (342.0534816956063,1)
[986]: (349.2750039794975,1)
[987]: (334.6274977239344,1)
[988]: (337.1623166917374,1)
[989]: (334.0818713657573,1)
[990]: (335.1646567442006,1)
[991]: (347.0808447407718,1)
[992]: (333.3021184404592,1)
[993]: (340.1589175139752,1)
[994]: (341.030463454436,1)
[995]: (338.4077068908553,1)
[996]: (348.1258131918722,1)
[997]: (337.6869297614425,1)
[998]: (335.0581484990531,1)
[999]: (341.0936441766043,1)
[1000]: (337.8431120304753,1)
[1001]: (342.0917578664931,1)
[1002]: (344.0275610544362,1)
[1003]: (349.1120227972064,1)
[1004]: (343.6974049061926,1)
[1005]: (340.0279659395763,1)
[1006]: (342.0195627080765,1)
[1007]: (336.6871174495441,1)
[1008]: (336.1741828774493,1)
[1009]: (339.1226687714747,1)
[1010]: (339.0868315116115,1)
[1011]: (336.5864592332886,1)
[1012]: (350.6516438030435,1)
[1013]: (339.3649128309845,1)
[1014]: (331.3229324881369,1)
[1015]: (330.2349301887393,1)
[1016]: (333.4794891094863,1)
[1017]: (341.33292726523,1)
[1018]: (341.0115985976468,1)
[1019]: (341.9083536875423,1)
[1020]: (335.1212210173729,1)
[1021]: (341.2096279909874,1)
[1022]: (335.2132719929818,1)
[1023]: (344.1063484050705,1)
[1024]: (337.3131523691154,1)
[1025]: (342.100757653422,1)
[1026]: (341.1303500049984,1)
[1027]: (340.0461852417693,1)
[1028]: (337.425147378996,1)
[1029]: (337.5898684876549,1)
[1030]: (352.6765468207333,1)
[1031]: (333.4286161954561,1)
[1032]: (344.6452937992886,1)
[1033]: (341.3901128786808,1)
[1034]: (347.8169036944475,1)
[1035]: (349.1821861061888,1)
[1036]: (333.3604650704307,1)
[1037]: (335.1396168142029,1)
[1038]: (345.4819476414202,1)
[1039]: (343.0910843941567,1)
[1040]: (337.3683882700402,1)
[1041]: (338.0256870889351,1)
[1042]: (337.0688533516244,1)
[1043]: (337.2522372254008,1)
[1044]: (342.1672389345904,1)
[1045]: (331.4899105725997,1)
[1046]: (337.1376394469812,1)
[1047]: (337.4804047185012,1)
[1048]: (333.1341736867442,1)
[1049]: (342.1271784752643,1)
[1050]: (334.4179654062045,1)
[1051]: (336.3928532463934,1)
[1052]: (333.267141092999,1)
[1053]: (330.0302390366778,1)
[1054]: (337.0413821626958,1)
[1055]: (337.1851913576335,1)
[1056]: (337.9478233928938,1)
[1057]: (347.1286873291257,1)
[1058]: (340.0079919268134,1)
[1059]: (346.5229512089054,1)
[1060]: (346.051643962995,1)
[1061]: (339.7379703124832,1)
[1062]: (343.4239719438415,1)
[1063]: (338.2538632706058,1)
[1064]: (345.2406380273648,1)
[1065]: (340.0911515668777,1)
[1066]: (335.1601106605553,1)
[1067]: (342.0558632257338,1)
[1068]: (343.1268495085188,1)
[1069]: (337.073378167833,1)
[1070]: (342.0612489027727,1)
[1071]: (334.1056016052516,1)
[1072]: (338.1713029321821,1)
[1073]: (337.0357820709186,1)
[1074]: (341.007068290905,1)
[1075]: (341.5775888858924,1)
[1076]: (338.1414564118211,1)
[1077]: (331.3784069984064,1)
[1078]: (336.799540908724,1)
[1079]: (339.0388962995182,1)
[1080]: (347.1734817368211,1)
[1081]: (336.4019633589759,1)
[1082]: (330.3354126489898,1)
[1083]: (347.0054086888933,1)
[1084]: (342.0797750344557,1)
[1085]: (330.6012887328369,1)
[1086]: (341.7400041947935,1)
[1087]: (346.1716743319102,1)
[1088]: (342.0646383305229,1)
[1089]: (336.1189397388029,1)
[1090]: (345.0957279194606,1)
[1091]: (336.4712166900652,1)
[1092]: (337.0111842165805,1)
[1093]: (336.0050892127946,1)
[1094]: (335.2918429713706,1)
[1095]: (331.4139789471416,1)
[1096]: (339.6739903931415,1)
[1097]: (341.066397406976,1)
[1098]: (342.119874808133,1)
[1099]: (340.1939690884503,1)
[1100]: (344.582632941946,1)
[1101]: (340.7678450530352,1)
[1102]: (337.182404025756,1)
[1103]: (338.0477544559892,1)
[1104]: (333.0304429796395,1)
[1105]: (344.1840866381854,1)
[1106]: (332.1052879438703,1)
[1107]: (330.4551410898942,1)
[1108]: (350.2310188829659,1)
[1109]: (335.0015584460809,1)
[1110]: (335.9201199175758,1)
[1111]: (337.0680147660935,1)
[1112]: (340.2956806890267,1)
[1113]: (339.1219818589798,1)
[1114]: (332.5574037244036,1)
[1115]: (338.7036202203929,1)
[1116]: (333.4105776197167,1)
[1117]: (343.2377050035897,1)
[1118]: (336.4060395615485,1)
[1119]: (334.3423727460802,1)
[1120]: (340.343841072611,1)
[1121]: (349.8111148814351,1)
[1122]: (337.8553981889825,1)
[1123]: (334.1560264370273,1)
[1124]: (341.2052771917515,1)
[1125]: (343.0602522996732,1)
[1126]: (340.1935974454799,1)
[1127]: (335.4636950791564,1)
[1128]: (343.3683888703652,1)
[1129]: (335.2356631422899,1)
[1130]: (338.2736335603947,1)
[1131]: (337.4137065727721,1)
[1132]: (336.4848935604899,1)
[1133]: (335.0118201797825,1)
[1134]: (333.1368262786413,1)
[1135]: (344.2741818734046,1)
[1136]: (342.0686006524945,1)
[1137]: (343.1685788145132,1)
[1138]: (344.3110285059134,1)
[1139]: (334.4104101272151,1)
[1140]: (331.0490840867308,1)
[1141]: (347.4503080480133,1)
[1142]: (339.1570461827777,1)
[1143]: (341.0142561170538,1)
[1144]: (339.1186385969919,1)
[1145]: (334.0222865745247,1)
[1146]: (334.2761559638644,1)
[1147]: (344.2688692183293,1)
[1148]: (338.2026859876621,1)
[1149]: (334.2425727836613,1)
[1150]: (338.0442132418233,1)
[1151]: (346.2390351324031,1)
[1152]: (338.6213869779007,1)
[1153]: (333.1129459164882,1)
[1154]: (331.0587604425006,1)
[1155]: (341.1164315300204,1)
[1156]: (335.3778521933692,1)
[1157]: (343.4590095319861,1)
[1158]: (335.1261807062111,1)
[1159]: (337.2670640709759,1)
[1160]: (333.1750350965455,1)
[1161]: (337.1893263135595,1)
[1162]: (331.0229839767929,1)
[1163]: (341.1213945478053,1)
[1164]: (341.1519473820125,1)
[1165]: (342.0304925215644,1)
[1166]: (346.1801273098254,1)
[1167]: (335.0923596833147,1)
[1168]: (335.0797761555591,1)
[1169]: (333.0088132795769,1)
[1170]: (336.6447823139242,1)
[1171]: (338.095556425379,1)
[1172]: (339.4657988439018,1)
[1173]: (344.1562898709619,1)
[1174]: (345.3621202068291,1)
[1175]: (340.3210136562332,1)
[1176]: (342.1307283156669,1)
[1177]: (340.1571222106259,1)
[1178]: (336.2467587330688,1)
[1179]: (350.105680923023,1)
[1180]: (342.0919427284265,1)
[1181]: (338.1856295073795,1)
[1182]: (343.0354997315029,1)
[1183]: (343.3147983855285,1)
[1184]: (335.0430662192811,1)
[1185]: (333.6112635894738,1)
[1186]: (337.1312736791374,1)
[1187]: (338.0240262705942,1)
[1188]: (344.1780986475711,1)
[1189]: (332.4419502502277,1)
[1190]: (338.9005830029872,1)
[1191]: (332.0789452982745,1)
[1192]: (344.6623898736119,1)
[1193]: (338.0991471022049,1)
[1194]: (337.29664103327,1)
[1195]: (334.3488421765765,1)
[1196]: (339.0896698419221,1)
[1197]: (338.170723318261,1)
[1198]: (343.0776940553854,1)
[1199]: (338.2667929266144,1)
[1200]: (332.1847119894323,1)
[1201]: (330.5602012448767,1)
[1202]: (340.4643300007348,1)
[1203]: (334.0933399525469,1)
[1204]: (342.1209670250269,1)
[1205]: (331.1149265405449,1)
[1206]: (336.2777285523104,1)
[1207]: (339.1877088053585,1)
[1208]: (345.1961910183393,1)
[1209]: (336.3830779068102,1)
[1210]: (339.2394458400343,1)
[1211]: (331.3272901676693,1)
[1212]: (333.1884666042924,1)
[1213]: (338.8653214446505,1)
[1214]: (338.6541783518101,1)
[1215]: (353.2337077993216,1)
[1216]: (333.3267690591857,1)
[1217]: (342.1013662688515,1)
[1218]: (330.2075137186281,1)
[1219]: (340.0420918820981,1)
[1220]: (335.4860664412544,1)
[1221]: (339.1726203660765,1)
[1222]: (345.95331657551,1)
[1223]: (328.2627856522514,1)
[1224]: (350.3221341595737,1)
[1225]: (340.0500449739221,1)
[1226]: (342.9819732261968,1)
[1227]: (341.2761059032217,1)
[1228]: (339.0035513474812,1)
[1229]: (335.0360474218522,1)
[1230]: (335.0871938528189,1)
[1231]: (336.8740570943685,1)
[1232]: (350.0397818033682,1)
[1233]: (338.5143902392488,1)
[1234]: (335.0456485168888,1)
[1235]: (344.1097488224227,1)
[1236]: (339.6679111240442,1)
[1237]: (340.1891569268858,1)
[1238]: (339.1114482035427,1)
[1239]: (337.2758199462784,1)
[1240]: (346.0137166391037,1)
[1241]: (346.0276969840338,1)
[1242]: (339.1708136233962,1)
[1243]: (338.2688236764371,1)
[1244]: (333.9032249187953,1)
[1245]: (346.0565690609944,1)
[1246]: (338.100516744751,1)
[1247]: (331.0550724561434,1)
[1248]: (334.2550631609009,1)
[1249]: (340.0187320125171,1)
[1250]: (338.9365000806126,1)
[1251]: (341.2356329592375,1)
[1252]: (349.2065436502822,1)
[1253]: (335.0307556898247,1)
[1254]: (335.2233761790434,1)
[1255]: (332.4514184782088,1)
[1256]: (339.3677744079972,1)
[1257]: (342.243751805271,1)
[1258]: (334.3170800235926,1)
[1259]: (335.3427570329498,1)
[1260]: (338.2160515519154,1)
[1261]: (334.0362725118961,1)
[1262]: (334.2653820666754,1)
[1263]: (337.0102517817483,1)
[1264]: (348.0291833707184,1)
[1265]: (341.272308900841,1)
[1266]: (343.5797998193551,1)
[1267]: (336.04227168032,1)
[1268]: (347.2379433390342,1)
[1269]: (350.029629507451,1)
[1270]: (339.1955684171638,1)
[1271]: (347.4549673681421,1)
[1272]: (336.3638214069466,1)
[1273]: (341.1411889384348,1)
[1274]: (337.7372417030726,1)
[1275]: (334.6866916844405,1)
[1276]: (338.3537043992818,1)
[1277]: (339.1837903243379,1)
[1278]: (345.2616603580558,1)
[1279]: (339.0441843358888,1)
[1280]: (345.048811326176,1)
[1281]: (342.0358693872328,1)
[1282]: (343.6018663965497,1)
[1283]: (333.7672161579703,1)
[1284]: (338.0307100377702,1)
[1285]: (332.1660201543432,1)
[1286]: (328.0453134366578,1)
[1287]: (337.0814510655112,1)
[1288]: (343.3210606191519,1)
[1289]: (341.0055544249154,1)
[1290]: (337.0596512589108,1)
[1291]: (337.3927191534776,1)
[1292]: (346.2789595589737,1)
[1293]: (340.1949170079013,1)
[1294]: (350.1293744938935,1)
[1295]: (327.0846254007909,1)
[1296]: (336.0824957007854,1)
[1297]: (334.0751921341862,1)
[1298]: (334.1599727738841,1)
[1299]: (331.0309854392231,1)
[1300]: (339.047697946473,1)
[1301]: (347.1085809065486,1)
[1302]: (336.1243480892127,1)
[1303]: (337.0586880366214,1)
[1304]: (340.4012079754184,1)
[1305]: (347.1728994795682,1)
[1306]: (344.0967430429118,1)
[1307]: (331.0984830585791,1)
[1308]: (337.2812944863486,1)
[1309]: (348.0769309012075,1)
[1310]: (337.0622406805466,1)
[1311]: (340.0543547226535,1)
[1312]: (338.8366677143352,1)
[1313]: (338.5895933218613,1)
[1314]: (337.9127017156114,1)
[1315]: (351.2207956350653,1)
[1316]: (342.0610859191605,1)
[1317]: (332.3059697337342,1)
[1318]: (336.2672399087713,1)
[1319]: (343.0162389009091,1)
[1320]: (332.2660549526852,1)
[1321]: (337.2431979807195,1)
[1322]: (329.3178750851289,1)
[1323]: (341.3492138140855,1)
[1324]: (338.6626904011797,1)
[1325]: (336.6192971747409,1)
[1326]: (338.0258267496168,1)
[1327]: (337.8034973029597,1)
[1328]: (338.1030920633413,1)
[1329]: (346.367601073995,1)
[1330]: (342.5851170373117,1)
[1331]: (344.3734042749261,1)
[1332]: (344.579763066472,1)
[1333]: (340.2855623157254,1)
[1334]: (336.3770838202868,1)
[1335]: (338.1232930222377,1)
[1336]: (338.0503826255107,1)
[1337]: (343.0929574854569,1)
[1338]: (336.2197124692981,1)
[1339]: (336.6033561019094,1)
[1340]: (335.2621304243615,1)
[1341]: (341.2952932423774,1)
[1342]: (348.3547683476871,1)
[1343]: (333.2163814352125,1)
[1344]: (350.1061135692663,1)
[1345]: (337.1715312631662,1)
[1346]: (345.3546826685772,1)
[1347]: (341.0744290682743,1)
[1348]: (339.3981495866923,1)
[1349]: (340.1340172688922,1)
[1350]: (335.1627311459767,1)
[1351]: (341.3416337304487,1)
[1352]: (336.0756324154152,1)
[1353]: (342.2610617115688,1)
[1354]: (336.1241933652577,1)
[1355]: (346.2115443393968,1)
[1356]: (340.344438967412,1)
[1357]: (348.3119316657863,1)
[1358]: (340.1422376272529,1)
[1359]: (338.158120368881,1)
[1360]: (335.0950631991706,1)
[1361]: (330.0619599687934,1)
[1362]: (339.2226824323921,1)
[1363]: (333.5950030509619,1)
[1364]: (339.3700093139509,1)
[1365]: (345.1207694397097,1)
[1366]: (335.2787330419418,1)
[1367]: (336.2705912137154,1)
[1368]: (336.0598793491415,1)
[1369]: (331.0161555992419,1)
[1370]: (336.632383067146,1)
[1371]: (343.8390576192371,1)
[1372]: (334.1966364926802,1)
[1373]: (344.0892151183705,1)
[1374]: (357.0985560827039,1)
[1375]: (339.1560006567026,1)
[1376]: (341.2197350783557,1)
[1377]: (329.0462504634059,1)
[1378]: (338.0502465769509,1)
[1379]: (342.0686439418081,1)
[1380]: (337.0382642106573,1)
[1381]: (341.3727935507354,1)
[1382]: (343.0604226509479,1)
[1383]: (334.0070629567218,1)
[1384]: (335.0267084744748,1)
[1385]: (343.0601636270494,1)
[1386]: (340.1154419415136,1)
[1387]: (334.4548886752626,1)
[1388]: (335.077289042079,1)
[1389]: (345.0718071170681,1)
[1390]: (335.502392396825,1)
[1391]: (338.6382718275523,1)
[1392]: (342.6802257216517,1)
[1393]: (339.0606301095147,1)
[1394]: (346.0976101032371,1)
[1395]: (344.0282959478736,1)
[1396]: (338.1549438241532,1)
[1397]: (341.048111674119,1)
[1398]: (337.794811323667,1)
[1399]: (340.437230326768,1)
[1400]: (332.0272480282679,1)
[1401]: (345.1616046079776,1)
[1402]: (347.0410705154277,1)
[1403]: (349.0273827836049,1)
[1404]: (343.1382988701201,1)
[1405]: (339.5691063724532,1)
[1406]: (335.5056374910955,1)
[1407]: (338.153413165113,1)
[1408]: (344.6328399938332,1)
[1409]: (335.1605708718532,1)
[1410]: (334.0030423925044,1)
[1411]: (351.3717074075594,1)
[1412]: (333.4236718863246,1)
[1413]: (338.2156937320289,1)
[1414]: (340.1883902504819,1)
[1415]: (338.2764538593645,1)
[1416]: (338.5697274442297,1)
[1417]: (340.417991503519,1)
[1418]: (338.7728667149556,1)
[1419]: (338.0156874101658,1)
[1420]: (342.1055064860262,1)
[1421]: (338.5836776049606,1)
[1422]: (338.1542461267026,1)
[1423]: (330.1387293814892,1)
[1424]: (338.29407959766,1)
[1425]: (344.0452138651782,1)
[1426]: (337.116813808895,1)
[1427]: (338.0323327039565,1)
[1428]: (332.2520126325427,1)
[1429]: (338.0340561342887,1)
[1430]: (336.0026724891942,1)
[1431]: (339.3161055261172,1)
[1432]: (347.0066259940766,1)
[1433]: (330.0368798055501,1)
[1434]: (339.293872393067,1)
[1435]: (335.705794415257,1)
[1436]: (334.0502657366656,1)
[1437]: (338.0921455883242,1)
[1438]: (335.7232088404699,1)
[1439]: (339.0930797350728,1)
[1440]: (336.3783604244939,1)
[1441]: (335.4382277774037,1)
[1442]: (338.077751916591,1)
[1443]: (339.0655749778165,1)
[1444]: (337.0659376870239,1)
[1445]: (332.3304179885458,1)
[1446]: (337.1010633069865,1)
[1447]: (335.3100335154166,1)
[1448]: (333.3231914843373,1)
[1449]: (331.1922864228533,1)
[1450]: (346.3121934769156,1)
[1451]: (345.1412705611193,1)
[1452]: (335.2195721863304,1)
[1453]: (337.1889268814911,1)
[1454]: (335.9177110322754,1)
[1455]: (337.0579889540105,1)
[1456]: (335.1704124966283,1)
[1457]: (337.1749587896034,1)
[1458]: (339.520615719379,1)
[1459]: (338.0189134239653,1)
[1460]: (339.4277275346142,1)
[1461]: (338.3651206178018,1)
[1462]: (346.3459578572907,1)
[1463]: (332.1448221714037,1)
[1464]: (348.3001480767169,1)
[1465]: (352.9405978153256,1)
[1466]: (344.0006232508188,1)
[1467]: (346.2936743233034,1)
[1468]: (345.0220814969142,1)
[1469]: (346.2221365407597,1)
[1470]: (330.6881767753089,1)
[1471]: (345.0442481586151,1)
[1472]: (341.0240649444661,1)
[1473]: (327.3306950142658,1)
[1474]: (339.2682040388103,1)
[1475]: (339.4273886384171,1)
[1476]: (337.4269451660101,1)
[1477]: (344.0258110036166,1)
[1478]: (332.203579397134,1)
[1479]: (348.0801024967844,1)
[1480]: (342.772399134869,1)
[1481]: (338.0151380274794,1)
[1482]: (338.1913222658528,1)
[1483]: (335.8636354137424,1)
[1484]: (338.1791105666555,1)
[1485]: (333.0287649976521,1)
[1486]: (345.5000057643805,1)
[1487]: (339.0447701844009,1)
[1488]: (341.5080004593083,1)
[1489]: (339.3261344820892,1)
[1490]: (336.4532680275389,1)
[1491]: (341.3250698957296,1)
[1492]: (340.149492210599,1)
[1493]: (341.0885761751167,1)
[1494]: (335.3494103648933,1)
[1495]: (338.2834307159663,1)
[1496]: (343.1218107812122,1)
[1497]: (338.774279658331,1)
[1498]: (346.531630654923,1)
[1499]: (341.5737387380304,1)
[1500]: (356.1662687795845,1)
[1501]: (339.1933256195632,1)
[1502]: (344.5903745542481,1)
[1503]: (335.3524827973316,1)
[1504]: (339.1681783021937,1)
[1505]: (335.023237812065,1)
[1506]: (337.1118170512061,1)
[1507]: (329.3861919179498,1)
[1508]: (342.7263015331919,1)
[1509]: (337.4624177309602,1)
[1510]: (335.0269587542907,1)
[1511]: (333.8588880216522,1)
[1512]: (343.5672143802866,1)
[1513]: (340.7660576635591,1)
[1514]: (340.0697882510692,1)
[1515]: (340.8564734185128,1)
[1516]: (333.3923485678224,1)
[1517]: (342.0038686115881,1)
[1518]: (336.2568248683752,1)
[1519]: (338.0851369918034,1)
[1520]: (340.5447400710349,1)
[1521]: (341.267283842066,1)
[1522]: (333.1305103790917,1)
[1523]: (337.0490083118655,1)
[1524]: (339.1630016293749,1)
[1525]: (350.3297093481168,1)
[1526]: (338.1099179216728,1)
[1527]: (338.1153822608288,1)
[1528]: (336.3083403363991,1)
[1529]: (333.0752423491564,1)
[1530]: (339.7386947777219,1)
[1531]: (342.1653164527148,1)
[1532]: (338.2277084997024,1)
[1533]: (344.2982737840499,1)
[1534]: (339.1233555154088,1)
[1535]: (331.0911662095066,1)
[1536]: (336.0098960964229,1)
[1537]: (341.1586537918797,1)
[1538]: (348.2825916420977,1)
[1539]: (345.3361374190173,1)
[1540]: (350.527186126772,1)
[1541]: (341.0469421726544,1)
[1542]: (346.0621476903646,1)
[1543]: (330.2323296828158,1)
[1544]: (330.0567999875631,1)
[1545]: (330.0601698186508,1)
[1546]: (334.2593180221474,1)
[1547]: (339.1225064414006,1)
[1548]: (345.8803278960411,1)
[1549]: (339.3308347727549,1)
[1550]: (345.0956006757582,1)
[1551]: (345.4690589119071,1)
[1552]: (342.0760366791681,1)
[1553]: (346.0365535581612,1)
[1554]: (337.0047180402009,1)
[1555]: (337.3392495514706,1)
[1556]: (345.1487854959793,1)
[1557]: (338.0044697887164,1)
[1558]: (348.1973711187471,1)
[1559]: (342.2279611116168,1)
[1560]: (332.0726604933077,1)
[1561]: (334.3336537583857,1)
[1562]: (332.5575561254698,1)
[1563]: (337.0109284123377,1)
[1564]: (347.0587308682327,1)
[1565]: (336.7230829771548,1)
[1566]: (347.8672474198402,1)
[1567]: (347.149173030301,1)
[1568]: (332.0354007589438,1)
[1569]: (345.0089523155493,1)
[1570]: (339.067630113263,1)
[1571]: (347.0866840080112,1)
[1572]: (337.2419104083932,1)
[1573]: (336.0341572653242,1)
[1574]: (345.0700361540974,1)
[1575]: (340.2735454768532,1)
[1576]: (332.3302923128483,1)
[1577]: (333.1757317500429,1)
[1578]: (344.5097792463126,1)
[1579]: (335.1944530761025,1)
[1580]: (343.3432079939777,1)
[1581]: (337.05920104046,1)
[1582]: (346.1857323814071,1)
[1583]: (341.4933067114782,1)
[1584]: (337.4595651878408,1)
[1585]: (333.1710686479209,1)
[1586]: (327.5189517808237,1)
[1587]: (342.0957398910359,1)
[1588]: (332.504462592651,1)
[1589]: (338.4993262328023,1)
[1590]: (334.3880166157217,1)
[1591]: (345.0539270033427,1)
[1592]: (337.0993114379273,1)
[1593]: (353.455422445809,1)
[1594]: (341.0142361100339,1)
[1595]: (333.1324405092055,1)
[1596]: (339.4388708616885,1)
[1597]: (338.2317052500895,1)
[1598]: (344.3595326802733,1)
[1599]: (345.4799141040293,1)
[1600]: (335.0459613884605,1)
[1601]: (345.1272067591905,1)
[1602]: (334.0895996089346,1)
[1603]: (339.5572699692909,1)
[1604]: (343.4315490294297,1)
[1605]: (347.1995147520492,1)
[1606]: (332.9860416174653,1)
[1607]: (340.1719190700391,1)
[1608]: (333.0854631862858,1)
[1609]: (333.221007742851,1)
[1610]: (334.043789842677,1)
[1611]: (331.0846407779146,1)
[1612]: (341.3922017801494,1)
[1613]: (350.2795496987085,1)
[1614]: (342.3483427809891,1)
[1615]: (334.7073934220508,1)
[1616]: (332.7150114883033,1)
[1617]: (346.1889408734067,1)
[1618]: (337.1219101847936,1)
[1619]: (336.0824851620522,1)
[1620]: (340.4796984234434,1)
[1621]: (340.0556893137073,1)
[1622]: (339.2972611652685,1)
[1623]: (341.2178118026847,1)
[1624]: (333.3102611866688,1)
[1625]: (335.175158263568,1)
[1626]: (341.1781771232667,1)
[1627]: (339.2150297935037,1)
[1628]: (342.1769457132704,1)
[1629]: (336.0947289124344,1)
[1630]: (337.2304189230017,1)
[1631]: (333.1961529769551,1)
[1632]: (339.219278786908,1)
[1633]: (340.7263839280087,1)
[1634]: (344.7113992154027,1)
[1635]: (356.1333384704813,1)
[1636]: (341.0608670608722,1)
[1637]: (334.1614068470903,1)
[1638]: (343.0710444611689,1)
[1639]: (337.1709506301004,1)
[1640]: (344.0368501510231,1)
[1641]: (337.20360278065,1)
[1642]: (350.1196193533757,1)
[1643]: (336.4162803910208,1)
[1644]: (345.0153276064021,1)
[1645]: (339.1913112086155,1)
[1646]: (342.0862112821777,1)
[1647]: (341.1920980935637,1)
[1648]: (335.5354558961552,1)
[1649]: (343.2455654453625,1)
[1650]: (338.1886506200049,1)
[1651]: (349.3535440116147,1)
[1652]: (330.3220625433889,1)
[1653]: (334.3721389900685,1)
[1654]: (346.0242091214618,1)
[1655]: (338.1271672508407,1)
[1656]: (335.157493994522,1)
[1657]: (335.2629993213907,1)
[1658]: (346.1904694003642,1)
[1659]: (342.1159834707818,1)
[1660]: (341.2326118259467,1)
[1661]: (335.4676947862657,1)
[1662]: (337.0372560447453,1)
[1663]: (335.7025066800304,1)
[1664]: (340.0322329433801,1)
[1665]: (333.0115537896423,1)
[1666]: (340.1368281095374,1)
[1667]: (335.0548791020688,1)
[1668]: (336.9339590443749,1)
[1669]: (330.756348670943,1)
[1670]: (341.1626125707932,1)
[1671]: (333.4699216437546,1)
[1672]: (339.1065544783068,1)
[1673]: (338.583401975261,1)
[1674]: (335.1946436800584,1)
[1675]: (345.5228971759358,1)
[1676]: (334.4562078112149,1)
[1677]: (339.0193551619614,1)
[1678]: (338.709624272085,1)
[1679]: (346.0773066490905,1)
[1680]: (336.039798802071,1)
[1681]: (334.095724636585,1)
[1682]: (350.0657068333316,1)
[1683]: (333.4172276505091,1)
[1684]: (346.1867187535288,1)
[1685]: (334.3012475882811,1)
[1686]: (348.6582096541126,1)
[1687]: (345.1407335581811,1)
[1688]: (338.1198789658973,1)
[1689]: (342.5714502203359,1)
[1690]: (346.6938696653689,1)
[1691]: (330.047127027222,1)
[1692]: (348.7421269448027,1)
[1693]: (337.5184153941982,1)
[1694]: (341.3027139149789,1)
[1695]: (340.0372442735115,1)
[1696]: (336.0219296550065,1)
[1697]: (338.1912260478198,1)
[1698]: (331.5377417199286,1)
[1699]: (342.1378902356043,1)
[1700]: (336.7693636017634,1)
[1701]: (346.065343761896,1)
[1702]: (345.7576935643943,1)
[1703]: (341.0645057797507,1)
[1704]: (334.439255667354,1)
[1705]: (335.7021450573407,1)
[1706]: (337.1672110497055,1)
[1707]: (343.0772514830626,1)
[1708]: (339.0044094745944,1)
[1709]: (348.2706513024589,1)
[1710]: (334.2125468042474,1)
[1711]: (337.0935700268216,1)
[1712]: (337.4516023142825,1)
[1713]: (346.2876857647434,1)
[1714]: (336.3881807632257,1)
[1715]: (336.102390049295,1)
[1716]: (339.2736180952029,1)
[1717]: (336.1631478766027,1)
[1718]: (337.1742300388311,1)
[1719]: (340.0937107573509,1)
[1720]: (336.1385900112446,1)
[1721]: (335.5917159751743,1)
[1722]: (338.1285249177118,1)
[1723]: (338.0285693679384,1)
[1724]: (343.2643740958169,1)
[1725]: (340.0223791223883,1)
[1726]: (350.3113575575868,1)
[1727]: (341.7231741028169,1)
[1728]: (333.3582841554945,1)
[1729]: (346.1146558965736,1)
[1730]: (331.5551552610712,1)
[1731]: (345.6656202801266,1)
[1732]: (339.0955212147762,1)
[1733]: (338.0765379854913,1)
[1734]: (347.152485818038,1)
[1735]: (334.0204138862256,1)
[1736]: (332.1167798357652,1)
[1737]: (334.2075186049247,1)
[1738]: (333.1111019363387,1)
[1739]: (337.1007866656346,1)
[1740]: (338.4307174191311,1)
[1741]: (333.1196889626259,1)
[1742]: (337.1480294488224,1)
[1743]: (343.1004467512485,1)
[1744]: (351.2631906319438,1)
[1745]: (335.2907911084516,1)
[1746]: (338.0844318918116,1)
[1747]: (342.1962294676028,1)
[1748]: (345.2421274568263,1)
[1749]: (338.0461630446944,1)
[1750]: (337.0692585355183,1)
[1751]: (343.3706956943665,1)
[1752]: (332.3049530012498,1)
[1753]: (334.0802006758254,1)
[1754]: (337.530056017148,1)
[1755]: (342.0257300883687,1)
[1756]: (334.1839383874632,1)
[1757]: (337.0197757803111,1)
[1758]: (336.1529012643744,1)
[1759]: (341.1798415690934,1)
[1760]: (343.2243910626735,1)
[1761]: (338.2927843709951,1)
[1762]: (339.1001996714109,1)
[1763]: (343.2943910764974,1)
[1764]: (346.1795329978279,1)
[1765]: (336.5198716811843,1)
[1766]: (335.4022906362818,1)
[1767]: (336.4304505733677,1)
[1768]: (339.2343337594787,1)
[1769]: (336.6920056800523,1)
[1770]: (337.0279524918786,1)
[1771]: (340.169380675809,1)
[1772]: (338.5025277973215,1)
[1773]: (341.4405740722089,1)
[1774]: (340.6259647748981,1)
[1775]: (339.1391512012895,1)
[1776]: (335.311883694027,1)
[1777]: (335.1946447155442,1)
[1778]: (343.234313512015,1)
[1779]: (336.4072611299979,1)
[1780]: (329.1134780864364,1)
[1781]: (341.017777624595,1)
[1782]: (345.2467858958516,1)
[1783]: (340.1517036858473,1)
[1784]: (336.4880814988558,1)
[1785]: (333.9909763279571,1)
[1786]: (339.3435079168422,1)
[1787]: (336.2378425448859,1)
[1788]: (346.1694653283805,1)
[1789]: (340.0851241793092,1)
[1790]: (336.3062762302006,1)
[1791]: (344.9451408136503,1)
[1792]: (338.0464247888976,1)
[1793]: (351.9575328279076,1)
[1794]: (329.0459397298346,1)
[1795]: (338.7069415227438,1)
[1796]: (335.2033216252683,1)
[1797]: (334.4110533350905,1)
[1798]: (347.3074704818938,1)
[1799]: (344.0060379447206,1)
[1800]: (335.2480209774604,1)
[1801]: (341.6662393352547,1)
[1802]: (345.0411486194851,1)
[1803]: (346.0999913488192,1)
[1804]: (339.2402401841644,1)
[1805]: (334.0568547018675,1)
[1806]: (341.4743874795216,1)
[1807]: (346.7187859204313,1)
[1808]: (339.3183784724047,1)
[1809]: (334.039813310872,1)
[1810]: (338.5493487184755,1)
[1811]: (335.0316516409373,1)
[1812]: (341.2279285918752,1)
[1813]: (346.2818515852777,1)
[1814]: (336.002065847051,1)
[1815]: (335.0408596746652,1)
[1816]: (340.0341835258308,1)
[1817]: (332.1718927648199,1)
[1818]: (335.0861763630914,1)
[1819]: (334.0022834203493,1)
[1820]: (343.7324872966327,1)
[1821]: (340.5748127129787,1)
[1822]: (330.1254214599037,1)
[1823]: (343.1656431289947,1)
[1824]: (340.0217672998523,1)
[1825]: (339.2973542738089,1)
[1826]: (333.0694316895211,1)
[1827]: (336.3314247432671,1)
[1828]: (344.0689092501982,1)
[1829]: (349.099225514423,1)
[1830]: (341.3956577628468,1)
[1831]: (332.3296582394338,1)
[1832]: (338.057648312354,1)
[1833]: (333.1680355156942,1)
[1834]: (334.461232099084,1)
[1835]: (343.0071256862362,1)
[1836]: (340.1605850070123,1)
[1837]: (336.0658315915691,1)
[1838]: (341.472456489207,1)
[1839]: (335.0401505861367,1)
[1840]: (342.3022397869353,1)
[1841]: (336.3361084109567,1)
[1842]: (331.89681881238,1)
[1843]: (340.2009464654725,1)
[1844]: (332.3254155883288,1)
[1845]: (341.5214004090024,1)
[1846]: (349.089911790708,1)
[1847]: (339.3369326349107,1)
[1848]: (348.306182862751,1)
[1849]: (336.4647267474841,1)
[1850]: (343.3142528199912,1)
[1851]: (334.2749130610579,1)
[1852]: (333.0797867476227,1)
[1853]: (341.5528674096331,1)
[1854]: (346.088128911253,1)
[1855]: (340.7958495899069,1)
[1856]: (344.6547172121531,1)
[1857]: (343.095895946521,1)
[1858]: (340.0182941882437,1)
[1859]: (345.2684075571543,1)
[1860]: (345.0061978525239,1)
[1861]: (344.6440709942011,1)
[1862]: (333.3590110766735,1)
[1863]: (341.4540623475205,1)
[1864]: (338.8698354671785,1)
[1865]: (334.0153038924021,1)
[1866]: (339.013516786805,1)
[1867]: (345.0582536784852,1)
[1868]: (334.0457940016315,1)
[1869]: (341.1704259026845,1)
[1870]: (339.0054209412741,1)
[1871]: (336.1011685040028,1)
[1872]: (332.1843148134825,1)
[1873]: (336.0913463786359,1)
[1874]: (336.2158627781494,1)
[1875]: (338.2613139635904,1)
[1876]: (334.2343981638571,1)
[1877]: (333.5794161116007,1)
[1878]: (339.4232334210502,1)
[1879]: (345.0156906884028,1)
[1880]: (333.7758322112487,1)
[1881]: (353.0765161701039,1)
[1882]: (340.3233476718187,1)
[1883]: (345.0335740474157,1)
[1884]: (345.0874361924205,1)
[1885]: (342.2236602036641,1)
[1886]: (335.1660214880774,1)
[1887]: (341.0172434180138,1)
[1888]: (338.4567268901962,1)
[1889]: (340.0581139100059,1)
[1890]: (338.0998034654888,1)
[1891]: (332.5376333616252,1)
[1892]: (346.0463651083941,1)
[1893]: (336.2353727247479,1)
[1894]: (339.8000015877222,1)
[1895]: (344.2689978425175,1)
[1896]: (345.0045406122006,1)
[1897]: (335.1075012588988,1)
[1898]: (342.2588766817664,1)
[1899]: (329.3257828501668,1)
[1900]: (341.3852585703367,1)
[1901]: (342.158293032978,1)
[1902]: (332.0017306315235,1)
[1903]: (339.0053308206966,1)
[1904]: (335.3074099350027,1)
[1905]: (338.0032511839036,1)
[1906]: (349.1032956827655,1)
[1907]: (343.5351452971309,1)
[1908]: (338.4942348282117,1)
[1909]: (347.1112651678683,1)
[1910]: (334.0870717988176,1)
[1911]: (333.1214944700499,1)
[1912]: (340.893197474312,1)
[1913]: (332.0569899328827,1)
[1914]: (347.1156004070083,1)
[1915]: (336.4360046491004,1)
[1916]: (338.8864780762166,1)
[1917]: (336.0849873930294,1)
[1918]: (334.0397686963951,1)
[1919]: (341.0879774881068,1)
[1920]: (341.9393397043003,1)
[1921]: (335.3303592839202,1)
[1922]: (340.1502778726913,1)
[1923]: (340.6777618514932,1)
[1924]: (343.0818746622645,1)
[1925]: (337.281346778868,1)
[1926]: (335.0184097052446,1)
[1927]: (341.4381663796038,1)
[1928]: (340.000769712123,1)
[1929]: (340.173799590346,1)
[1930]: (337.5542697105976,1)
[1931]: (338.9926461646498,1)
[1932]: (341.2365996954681,1)
[1933]: (341.2618359345729,1)
[1934]: (333.4422444393335,1)
[1935]: (345.0372545492002,1)
[1936]: (338.5013753519981,1)
[1937]: (335.3069974779348,1)
[1938]: (340.1746401128391,1)
[1939]: (334.198914736438,1)
[1940]: (339.0045771350295,1)
[1941]: (342.192475191094,1)
[1942]: (337.1231440650527,1)
[1943]: (340.1250307198167,1)
[1944]: (344.0332957682126,1)
[1945]: (335.5830117810308,1)
[1946]: (327.0265845019034,1)
[1947]: (340.0149586772813,1)
[1948]: (345.2668867176635,1)
[1949]: (336.0523089915696,1)
[1950]: (335.0866848922302,1)
[1951]: (346.0786762574025,1)
[1952]: (342.2950512959124,1)
[1953]: (337.0085641924685,1)
[1954]: (346.2060201153164,1)
[1955]: (343.3156192836544,1)
[1956]: (347.0148682927512,1)
[1957]: (342.1112637735711,1)
[1958]: (342.1262604818466,1)
[1959]: (333.5888128473166,1)
[1960]: (344.2157932454577,1)
[1961]: (342.6211898385701,1)
[1962]: (336.0935593101513,1)
[1963]: (345.9909967046749,1)
[1964]: (343.7153446134193,1)
[1965]: (340.8387711184999,1)
[1966]: (337.1697491460085,1)
[1967]: (339.6210284838934,1)
[1968]: (339.5822264755394,1)
[1969]: (343.1689146015119,1)
[1970]: (344.0447241713237,1)
[1971]: (345.414033088685,1)
[1972]: (331.026188632907,1)
[1973]: (348.424685523043,1)
[1974]: (336.525300146845,1)
[1975]: (346.2931880775326,1)
[1976]: (329.1601118872258,1)
[1977]: (342.0236482265872,1)
[1978]: (338.0339922346913,1)
[1979]: (335.0196026462338,1)
[1980]: (341.0829278522791,1)
[1981]: (343.2153428476104,1)
[1982]: (346.3139859818713,1)
[1983]: (341.1797735274615,1)
[1984]: (351.0200162883876,1)
[1985]: (339.0097019415427,1)
[1986]: (338.041999903383,1)
[1987]: (344.0397066523849,1)
[1988]: (337.0673235310298,1)
[1989]: (347.0634954716101,1)
[1990]: (334.086644002208,1)
[1991]: (333.4538449486983,1)
[1992]: (332.1220833522321,1)
[1993]: (343.1764702457928,1)
[1994]: (332.456637446565,1)
[1995]: (344.0286851693509,1)
[1996]: (338.1769110725299,1)
[1997]: (342.2203598987188,1)
[1998]: (337.7121839308827,1)
[1999]: (333.9885545813581,1)
 -- States explored : 0 states
 -- CPU user time used : 1715940 ms
 -- Virtual memory used : 125889852 KiB
 -- Resident memory used : 125851340 KiB
executionTime: 12547
