core file size          (blocks, -c) unlimited
data seg size           (kbytes, -d) unlimited
scheduling priority             (-e) 0
file size               (blocks, -f) unlimited
pending signals                 (-i) 4077086
max locked memory       (kbytes, -l) 64
max memory size         (kbytes, -m) 133169152
open files                      (-n) 4096
pipe size            (512 bytes, -p) 8
POSIX message queues     (bytes, -q) 819200
real-time priority              (-r) 0
stack size              (kbytes, -s) 8192
cpu time               (seconds, -t) unlimited
max user processes              (-u) 4077086
virtual memory          (kbytes, -v) 127000000
file locks                      (-x) unlimited
Options for the verification:
  Generating some trace
  Search order is random depth first
  Using conservative space optimisation
  Seed is 1557179164
  State space representation uses minimal constraint systems
  Using HashMap + Compress integers for discrete state storage

Verifying formula 1 at ../queries/SP_300_70_4.q:1
 -- Formula is satisfied.
(9000 runs)
Learning statistics for best strategy: 
	Number of resets: 0
	Number of iterations in last reset: 11
	Number of iterations in total: 11

 -- States explored : 0 states
 -- CPU user time used : 6360540 ms
 -- Virtual memory used : 113996100 KiB
 -- Resident memory used : 113955476 KiB

Verifying formula 2 at ../queries/SP_300_70_4.q:2
 -- Formula is satisfied.
Composer.Done:
[0]: (0,0) (393.1706087178778,1)
[1]: (398.3264092017885,1)
[2]: (394.1103825232428,1)
[3]: (387.1210086399023,1)
[4]: (391.3035515741407,1)
[5]: (400.0117262412566,1)
[6]: (396.0370629847699,1)
[7]: (388.1143716609891,1)
[8]: (388.1151417922423,1)
[9]: (393.9651907283323,1)
[10]: (387.0272812878147,1)
[11]: (400.238154863006,1)
[12]: (398.0751029180689,1)
[13]: (394.0393377942918,1)
[14]: (397.052763571239,1)
[15]: (394.0928557781721,1)
[16]: (388.018625342592,1)
[17]: (396.0148681385188,1)
[18]: (388.2368857810914,1)
[19]: (389.2656921242153,1)
[20]: (396.1681408292877,1)
[21]: (394.0229660290154,1)
[22]: (399.7387542038112,1)
[23]: (394.939240659834,1)
[24]: (394.2143354786558,1)
[25]: (387.5896749655925,1)
[26]: (391.6207161238208,1)
[27]: (398.1247205229617,1)
[28]: (389.0222178429338,1)
[29]: (399.8114995835506,1)
[30]: (400.1384408370848,1)
[31]: (400.2386254449955,1)
[32]: (403.1501781287683,1)
[33]: (393.4269647874948,1)
[34]: (389.086341384416,1)
[35]: (389.2479958749159,1)
[36]: (391.0921266715661,1)
[37]: (396.1795008253531,1)
[38]: (389.0999282329136,1)
[39]: (402.1882695992312,1)
[40]: (399.3074060178358,1)
[41]: (403.062689067167,1)
[42]: (391.0472963211139,1)
[43]: (395.1719602556816,1)
[44]: (387.0221018725823,1)
[45]: (394.0064347306724,1)
[46]: (394.444259401826,1)
[47]: (388.1342736238403,1)
[48]: (390.1659372374858,1)
[49]: (392.0660202549994,1)
[50]: (399.4818854859741,1)
[51]: (401.2644834945326,1)
[52]: (392.4650592411801,1)
[53]: (400.3141115668149,1)
[54]: (393.3905976842817,1)
[55]: (394.7916130362606,1)
[56]: (398.0352347161301,1)
[57]: (400.3380580452779,1)
[58]: (394.6951667113792,1)
[59]: (395.1319564775269,1)
[60]: (393.4478096911616,1)
[61]: (405.6830496033399,1)
[62]: (387.1851148765693,1)
[63]: (393.6416913099465,1)
[64]: (392.4375506940131,1)
[65]: (392.2520287947891,1)
[66]: (395.107699469775,1)
[67]: (389.6125037561109,1)
[68]: (391.5854618269184,1)
[69]: (399.1014666930498,1)
[70]: (386.7514971826748,1)
[71]: (389.055926305445,1)
[72]: (398.0779780132043,1)
[73]: (396.0280698440641,1)
[74]: (403.1232706416274,1)
[75]: (386.998975205893,1)
[76]: (392.2190021839698,1)
[77]: (389.2264695263021,1)
[78]: (399.4953859977177,1)
[79]: (394.2312366760837,1)
[80]: (393.2133653527259,1)
[81]: (393.0561120384573,1)
[82]: (396.3300690614412,1)
[83]: (395.4280545296128,1)
[84]: (391.1158066182367,1)
[85]: (391.0320766557347,1)
[86]: (401.0661926329444,1)
[87]: (392.1241791183986,1)
[88]: (386.330010330608,1)
[89]: (387.2456599738326,1)
[90]: (394.4991575543935,1)
[91]: (398.2253554797075,1)
[92]: (396.1567950777582,1)
[93]: (402.2687872933296,1)
[94]: (394.7368577398384,1)
[95]: (401.2185920170584,1)
[96]: (389.5860494731806,1)
[97]: (395.2493909892945,1)
[98]: (393.0685076645528,1)
[99]: (386.6427100572844,1)
[100]: (397.4972902519916,1)
[101]: (393.2617295105363,1)
[102]: (399.031913209321,1)
[103]: (392.7614104783303,1)
[104]: (397.3523925156022,1)
[105]: (399.7506584977185,1)
[106]: (388.3974375869402,1)
[107]: (389.274955696561,1)
[108]: (392.312732115323,1)
[109]: (392.018163424051,1)
[110]: (395.2942526067387,1)
[111]: (393.2244860882569,1)
[112]: (398.7261117686593,1)
[113]: (395.0325326021579,1)
[114]: (394.0496298316774,1)
[115]: (392.2893785929243,1)
[116]: (395.5862160590849,1)
[117]: (395.1065138961434,1)
[118]: (398.6347519911934,1)
[119]: (394.0845415837397,1)
[120]: (395.0212446160342,1)
[121]: (394.9135989420468,1)
[122]: (392.0681469845946,1)
[123]: (400.7780108854967,1)
[124]: (395.2339260388752,1)
[125]: (387.5952716868678,1)
[126]: (387.0107354318632,1)
[127]: (400.7272032694436,1)
[128]: (399.1999459548188,1)
[129]: (391.0625863810364,1)
[130]: (395.0529904921852,1)
[131]: (388.2080402295045,1)
[132]: (387.3466202516871,1)
[133]: (396.6780279714075,1)
[134]: (394.0087219261799,1)
[135]: (390.0333674222406,1)
[136]: (395.2028441446549,1)
[137]: (386.5390976457175,1)
[138]: (396.4561798808154,1)
[139]: (386.1398763968236,1)
[140]: (396.0829194684391,1)
[141]: (392.5348968961245,1)
[142]: (391.2385286461399,1)
[143]: (391.4875086022201,1)
[144]: (397.3513302494591,1)
[145]: (387.0694870264794,1)
[146]: (394.3013332678001,1)
[147]: (392.2798432205926,1)
[148]: (401.6143548424667,1)
[149]: (392.8823670416206,1)
[150]: (392.5562087722628,1)
[151]: (400.3728869768206,1)
[152]: (396.5380898722667,1)
[153]: (392.1287585909707,1)
[154]: (394.0392598464467,1)
[155]: (391.6221920246021,1)
[156]: (394.0068387050799,1)
[157]: (392.3545477863652,1)
[158]: (399.1435792311926,1)
[159]: (393.1266403883945,1)
[160]: (399.9744753176837,1)
[161]: (392.405360647544,1)
[162]: (397.1180843093588,1)
[163]: (396.5268377498465,1)
[164]: (396.0143332633604,1)
[165]: (393.032736711118,1)
[166]: (391.1283674999806,1)
[167]: (401.5948884153826,1)
[168]: (391.2236375817308,1)
[169]: (396.0531956866487,1)
[170]: (395.0904655424174,1)
[171]: (395.436818749245,1)
[172]: (398.154833010626,1)
[173]: (393.2563354858781,1)
[174]: (388.1261743488263,1)
[175]: (397.1779197646411,1)
[176]: (391.2683019457632,1)
[177]: (396.2312377056705,1)
[178]: (400.5564606897506,1)
[179]: (390.3126691289838,1)
[180]: (394.3211073368929,1)
[181]: (392.3289667023565,1)
[182]: (395.545678478248,1)
[183]: (395.1443535435121,1)
[184]: (392.5833258915523,1)
[185]: (388.2318882973705,1)
[186]: (391.5463335937161,1)
[187]: (391.1182092714083,1)
[188]: (394.056139309333,1)
[189]: (390.330917072464,1)
[190]: (388.0400478748917,1)
[191]: (389.0125443645593,1)
[192]: (394.7289871838991,1)
[193]: (396.0594426878426,1)
[194]: (400.3299745880586,1)
[195]: (402.0508066851184,1)
[196]: (392.0766046024476,1)
[197]: (389.2950500565765,1)
[198]: (395.0834412533846,1)
[199]: (390.1040829158155,1)
[200]: (391.2195872381491,1)
[201]: (394.9351247908926,1)
[202]: (395.1467223634396,1)
[203]: (394.1317758944366,1)
[204]: (402.1418740450662,1)
[205]: (398.3615104143539,1)
[206]: (392.1325663344473,1)
[207]: (397.3855163212308,1)
[208]: (401.1417954207936,1)
[209]: (401.1666177828616,1)
[210]: (391.6077331160157,1)
[211]: (392.0372303206603,1)
[212]: (396.1578134971159,1)
[213]: (394.1545509021234,1)
[214]: (394.1438503659344,1)
[215]: (396.2582254375076,1)
[216]: (393.1069962957492,1)
[217]: (393.2486329222037,1)
[218]: (388.3334249862891,1)
[219]: (396.714607670791,1)
[220]: (396.0892642803083,1)
[221]: (391.6907117472774,1)
[222]: (394.043824561347,1)
[223]: (393.1333416612893,1)
[224]: (388.1121866485716,1)
[225]: (395.1022853144245,1)
[226]: (394.1598978605587,1)
[227]: (389.1961279868407,1)
[228]: (394.035978917408,1)
[229]: (392.398701665244,1)
[230]: (387.1508124123193,1)
[231]: (388.1112531690754,1)
[232]: (399.4594105847416,1)
[233]: (392.0888470499845,1)
[234]: (394.0183203772305,1)
[235]: (393.4127143955772,1)
[236]: (392.029470443754,1)
[237]: (395.3754949223864,1)
[238]: (396.4147702454737,1)
[239]: (389.0847301659892,1)
[240]: (399.5794434810699,1)
[241]: (389.3455158275136,1)
[242]: (392.4045111750772,1)
[243]: (394.0477641052111,1)
[244]: (390.3277710256045,1)
[245]: (396.2798936465996,1)
[246]: (391.3282196383702,1)
[247]: (391.2975374032168,1)
[248]: (395.2527298064796,1)
[249]: (391.0808341173677,1)
[250]: (395.2688981013709,1)
[251]: (387.0525443064294,1)
[252]: (390.1582871101646,1)
[253]: (391.196326005273,1)
[254]: (387.7803626389644,1)
[255]: (399.9559806552593,1)
[256]: (396.1087768199105,1)
[257]: (394.2961191236723,1)
[258]: (393.5289299987486,1)
[259]: (392.0054657887861,1)
[260]: (395.1507584281877,1)
[261]: (395.4099165468627,1)
[262]: (394.5556578200805,1)
[263]: (388.0384740256251,1)
[264]: (386.3746824145408,1)
[265]: (395.303059032833,1)
[266]: (391.3683026933694,1)
[267]: (393.0092269251907,1)
[268]: (392.2985300983131,1)
[269]: (396.49200783463,1)
[270]: (388.2527821404422,1)
[271]: (389.077498023062,1)
[272]: (393.251400158638,1)
[273]: (398.3085532499667,1)
[274]: (393.8531672557584,1)
[275]: (387.3546620287701,1)
[276]: (397.2144160010577,1)
[277]: (389.8349507553417,1)
[278]: (396.3993671905524,1)
[279]: (393.0618012008642,1)
[280]: (397.9099160832259,1)
[281]: (395.3348909605124,1)
[282]: (393.3906303526165,1)
[283]: (400.1166259982627,1)
[284]: (395.7370287236176,1)
[285]: (395.0721521574584,1)
[286]: (387.0415007368888,1)
[287]: (386.1886487472802,1)
[288]: (390.0853824131606,1)
[289]: (391.5143789290147,1)
[290]: (391.0411519614046,1)
[291]: (393.1639283786803,1)
[292]: (390.9482299520935,1)
[293]: (392.0775469686056,1)
[294]: (388.6160389765857,1)
[295]: (394.4460054515297,1)
[296]: (407.0306576147894,1)
[297]: (392.1813979533933,1)
[298]: (390.3818140238654,1)
[299]: (395.1637643036431,1)
[300]: (403.1099116188091,1)
[301]: (399.6148604938919,1)
[302]: (393.5460392829517,1)
[303]: (395.8395769284876,1)
[304]: (399.3035845731161,1)
[305]: (395.008696294896,1)
[306]: (389.0593122763842,1)
[307]: (394.2169554559556,1)
[308]: (386.0633894802132,1)
[309]: (395.3705156698337,1)
[310]: (390.0947501109866,1)
[311]: (393.2312485334685,1)
[312]: (400.2464778813422,1)
[313]: (386.0691641832511,1)
[314]: (389.0778961499865,1)
[315]: (392.0748761674643,1)
[316]: (391.0982773865126,1)
[317]: (396.6041054712888,1)
[318]: (395.764499961941,1)
[319]: (396.0842373813009,1)
[320]: (396.1932200586854,1)
[321]: (388.1346475475304,1)
[322]: (393.0760683054081,1)
[323]: (398.3122532189994,1)
[324]: (386.7264318565086,1)
[325]: (392.241911781073,1)
[326]: (402.135922383968,1)
[327]: (387.0411474613159,1)
[328]: (405.0498907866104,1)
[329]: (393.187070029598,1)
[330]: (394.6394255103052,1)
[331]: (391.0105022268061,1)
[332]: (387.4972834010418,1)
[333]: (397.3858964355518,1)
[334]: (393.0910533463482,1)
[335]: (393.164596723524,1)
[336]: (394.2323947427832,1)
[337]: (393.0744390772188,1)
[338]: (389.0837369083162,1)
[339]: (397.8349589248473,1)
[340]: (392.2164424154949,1)
[341]: (387.3165225214057,1)
[342]: (397.1210369648981,1)
[343]: (394.2751601024634,1)
[344]: (397.3068580011835,1)
[345]: (393.2703704897531,1)
[346]: (396.1307195065291,1)
[347]: (392.1166211957092,1)
[348]: (389.0023114304897,1)
[349]: (390.0437258459883,1)
[350]: (396.1156829467529,1)
[351]: (390.00204303058,1)
[352]: (389.7431515847774,1)
[353]: (392.9804121131414,1)
[354]: (392.3228936560629,1)
[355]: (395.5613246847263,1)
[356]: (394.5156026208986,1)
[357]: (394.0033633935345,1)
[358]: (393.1303542031346,1)
[359]: (396.5992469470952,1)
[360]: (390.0943843838701,1)
[361]: (390.0480371619541,1)
[362]: (397.0697600572908,1)
[363]: (396.1901309216811,1)
[364]: (395.0522179801821,1)
[365]: (391.019829523197,1)
[366]: (390.288199315748,1)
[367]: (391.924191476118,1)
[368]: (389.0942180934148,1)
[369]: (395.2533531092664,1)
[370]: (395.2083220639032,1)
[371]: (393.0856570868629,1)
[372]: (388.0728477063656,1)
[373]: (394.5110007230182,1)
[374]: (392.0684420412214,1)
[375]: (396.0942485560329,1)
[376]: (396.3869394812621,1)
[377]: (395.3446056223502,1)
[378]: (396.5128116506656,1)
[379]: (392.2017303096861,1)
[380]: (392.5642810142774,1)
[381]: (399.01768092565,1)
[382]: (394.357684535158,1)
[383]: (386.3794707063382,1)
[384]: (396.3214880155433,1)
[385]: (394.6671075637399,1)
[386]: (396.5249982738802,1)
[387]: (392.0792560124176,1)
[388]: (391.0476043816669,1)
[389]: (393.7707721420088,1)
[390]: (397.2219504285384,1)
[391]: (397.0300726621444,1)
[392]: (392.3864799135542,1)
[393]: (392.7393329462915,1)
[394]: (393.0245655608761,1)
[395]: (392.0296993778055,1)
[396]: (396.6756262283458,1)
[397]: (390.1951286527996,1)
[398]: (391.3709521999357,1)
[399]: (396.3312939983214,1)
[400]: (390.0520107969032,1)
[401]: (398.0681357981921,1)
[402]: (393.5001008782696,1)
[403]: (393.6869229727859,1)
[404]: (398.0788595614679,1)
[405]: (398.5885795459038,1)
[406]: (397.1001709088385,1)
[407]: (391.3823380294483,1)
[408]: (398.240010534511,1)
[409]: (398.0659479143483,1)
[410]: (391.0582366972387,1)
[411]: (394.1124945897332,1)
[412]: (392.0386130217398,1)
[413]: (399.2771604265064,1)
[414]: (391.1041978875155,1)
[415]: (394.261913628921,1)
[416]: (389.3321436190249,1)
[417]: (388.197392133345,1)
[418]: (400.0665749565246,1)
[419]: (398.0290505211721,1)
[420]: (398.2117610442797,1)
[421]: (398.0281399193638,1)
[422]: (404.197340335914,1)
[423]: (400.1318042243605,1)
[424]: (391.16375777998,1)
[425]: (390.0994625801977,1)
[426]: (396.3284482862304,1)
[427]: (393.203857640202,1)
[428]: (393.1112057261341,1)
[429]: (388.6416777244722,1)
[430]: (391.5112930227783,1)
[431]: (400.2356527539845,1)
[432]: (395.3176942459887,1)
[433]: (392.0777559441594,1)
[434]: (396.597559034286,1)
[435]: (389.8458244368002,1)
[436]: (389.1507773145708,1)
[437]: (402.6384394759726,1)
[438]: (396.0440931156564,1)
[439]: (393.3700679761636,1)
[440]: (390.6366362569117,1)
[441]: (398.6510091777583,1)
[442]: (389.0578538701709,1)
[443]: (390.5266305865077,1)
[444]: (394.012099974718,1)
[445]: (391.8055076298178,1)
[446]: (397.3359716028316,1)
[447]: (398.2045912830481,1)
[448]: (403.1596967655212,1)
[449]: (393.0160140927161,1)
[450]: (395.0496894297349,1)
[451]: (402.313664282648,1)
[452]: (390.25722446271,1)
[453]: (391.4428974846561,1)
[454]: (393.0345619390208,1)
[455]: (399.1847962865377,1)
[456]: (388.0403978279507,1)
[457]: (394.125049071921,1)
[458]: (397.1607107983228,1)
[459]: (393.9892987150496,1)
[460]: (388.1080577457833,1)
[461]: (394.1560458196734,1)
[462]: (400.8018480533976,1)
[463]: (388.0362019472229,1)
[464]: (402.1619799734527,1)
[465]: (392.07452118142,1)
[466]: (389.080039519226,1)
[467]: (401.2002554797462,1)
[468]: (390.4712468780875,1)
[469]: (390.6485699933673,1)
[470]: (399.2861616714009,1)
[471]: (392.9483686132856,1)
[472]: (391.1123195263135,1)
[473]: (401.147492986931,1)
[474]: (395.1106678795836,1)
[475]: (401.2082232947247,1)
[476]: (391.4523516430422,1)
[477]: (401.1351341432446,1)
[478]: (393.261075918186,1)
[479]: (388.0013608654627,1)
[480]: (393.0678429763678,1)
[481]: (393.610901163413,1)
[482]: (393.816907087097,1)
[483]: (392.8477119745982,1)
[484]: (396.1988539035675,1)
[485]: (396.0173016361207,1)
[486]: (392.04085142086,1)
[487]: (391.2435414744957,1)
[488]: (395.0744640350476,1)
[489]: (393.1226698252491,1)
[490]: (397.3119081731957,1)
[491]: (393.0435385920783,1)
[492]: (396.3610859860745,1)
[493]: (387.1822356232267,1)
[494]: (395.5055414617118,1)
[495]: (395.345495865253,1)
[496]: (394.3189426732449,1)
[497]: (394.9046731170557,1)
[498]: (391.1294682791394,1)
[499]: (394.2170132959746,1)
[500]: (393.1744495190813,1)
[501]: (393.0337792140304,1)
[502]: (396.1451989435205,1)
[503]: (399.2271251225939,1)
[504]: (390.0429152677052,1)
[505]: (388.4488192811223,1)
[506]: (394.1295205008375,1)
[507]: (390.620647137536,1)
[508]: (396.4529680306165,1)
[509]: (387.1231491332395,1)
[510]: (394.320938032985,1)
[511]: (393.0417527808091,1)
[512]: (395.077823232948,1)
[513]: (393.3607702164223,1)
[514]: (393.7479972649039,1)
[515]: (397.028017468617,1)
[516]: (388.3695398668723,1)
[517]: (400.0107432580285,1)
[518]: (398.0403784520828,1)
[519]: (386.5313259762689,1)
[520]: (389.5418015566627,1)
[521]: (400.5149947123641,1)
[522]: (392.0743552165348,1)
[523]: (389.4391603992418,1)
[524]: (395.0135567211032,1)
[525]: (397.1386707134565,1)
[526]: (395.2697998174983,1)
[527]: (391.081701714382,1)
[528]: (396.2846655757757,1)
[529]: (394.2719313926478,1)
[530]: (401.3790901984873,1)
[531]: (393.045428604526,1)
[532]: (402.0914925828181,1)
[533]: (393.6170616879682,1)
[534]: (395.0734457295358,1)
[535]: (402.0616344320909,1)
[536]: (390.0103815957995,1)
[537]: (393.5063117595837,1)
[538]: (401.090803772295,1)
[539]: (398.2765734679035,1)
[540]: (388.8328236300131,1)
[541]: (389.3966130393146,1)
[542]: (396.0335643269278,1)
[543]: (394.014613119038,1)
[544]: (387.3704288812151,1)
[545]: (391.1499666586707,1)
[546]: (391.3021121235216,1)
[547]: (394.2974734527601,1)
[548]: (395.3518813189534,1)
[549]: (390.0748981815453,1)
[550]: (402.11681587234,1)
[551]: (395.3537096420596,1)
[552]: (397.2395261203675,1)
[553]: (391.0543186877165,1)
[554]: (392.0482502521372,1)
[555]: (392.7701545014327,1)
[556]: (395.4452521934916,1)
[557]: (394.018062845438,1)
[558]: (395.0540726387123,1)
[559]: (398.0324748825582,1)
[560]: (393.1601348815241,1)
[561]: (396.6879950646817,1)
[562]: (395.0535786358197,1)
[563]: (387.2228957489511,1)
[564]: (390.2870887087121,1)
[565]: (394.6818727849221,1)
[566]: (398.027115896127,1)
[567]: (390.0861835868762,1)
[568]: (388.1969102770201,1)
[569]: (391.4804533790463,1)
[570]: (395.2854131331276,1)
[571]: (396.2822342839527,1)
[572]: (397.4762053604697,1)
[573]: (391.4556006393262,1)
[574]: (397.0016520120367,1)
[575]: (394.2173247274027,1)
[576]: (394.044186487088,1)
[577]: (396.1813599118467,1)
[578]: (393.4831478708933,1)
[579]: (396.2195497421117,1)
[580]: (399.0873244790231,1)
[581]: (391.0867436400353,1)
[582]: (400.2449137978995,1)
[583]: (391.0289528437757,1)
[584]: (392.4326479520439,1)
[585]: (394.1945442724394,1)
[586]: (393.2986971679103,1)
[587]: (396.4505512508476,1)
[588]: (394.0644982557034,1)
[589]: (397.1367620789125,1)
[590]: (387.1094187949569,1)
[591]: (394.2225401392438,1)
[592]: (388.1928558590749,1)
[593]: (396.0269748171284,1)
[594]: (401.3293573842981,1)
[595]: (398.1523370296286,1)
[596]: (404.4459389434569,1)
[597]: (393.0657995847715,1)
[598]: (394.205819233422,1)
[599]: (387.2953403867301,1)
[600]: (395.1532498476751,1)
[601]: (394.0480939419138,1)
[602]: (391.0073961904159,1)
[603]: (393.0878277840865,1)
[604]: (392.376333103404,1)
[605]: (389.3174920979061,1)
[606]: (393.5785132507794,1)
[607]: (387.5380698838687,1)
[608]: (403.0472421538144,1)
[609]: (394.3161273808321,1)
[610]: (387.4781191414423,1)
[611]: (389.2342491754235,1)
[612]: (390.2755387612594,1)
[613]: (399.3880181905191,1)
[614]: (393.1313218021971,1)
[615]: (389.0844792040418,1)
[616]: (395.1561688178023,1)
[617]: (394.3946341695532,1)
[618]: (394.1909477325514,1)
[619]: (389.3650664706909,1)
[620]: (397.1391990239692,1)
[621]: (395.0199660669071,1)
[622]: (389.0746306524213,1)
[623]: (394.1309232228211,1)
[624]: (394.0909635731669,1)
[625]: (390.2678644426528,1)
[626]: (392.0371202051471,1)
[627]: (390.3818226936654,1)
[628]: (387.3690486768851,1)
[629]: (392.0529862976595,1)
[630]: (393.0214845553359,1)
[631]: (395.28539220403,1)
[632]: (397.3054703979245,1)
[633]: (396.0090725545477,1)
[634]: (396.2971156014549,1)
[635]: (392.020771958233,1)
[636]: (393.0728677200377,1)
[637]: (392.6848581853267,1)
[638]: (396.5020559829551,1)
[639]: (393.1783948377607,1)
[640]: (401.0779560223492,1)
[641]: (392.3466264137377,1)
[642]: (387.0262101074824,1)
[643]: (394.4318812643934,1)
[644]: (391.0214147908551,1)
[645]: (390.0175010484353,1)
[646]: (391.3698719036676,1)
[647]: (393.6776246924096,1)
[648]: (399.1264263384355,1)
[649]: (391.0237430628987,1)
[650]: (399.0121352309067,1)
[651]: (392.2381726497214,1)
[652]: (391.0697874608377,1)
[653]: (395.8333849473054,1)
[654]: (397.056078454947,1)
[655]: (391.3339254711265,1)
[656]: (387.8648651695743,1)
[657]: (391.0609581255673,1)
[658]: (395.5048083967214,1)
[659]: (389.0074078383229,1)
[660]: (388.3864839007404,1)
[661]: (397.1670603471079,1)
[662]: (390.0822910979873,1)
[663]: (390.3581859695694,1)
[664]: (395.5658790814299,1)
[665]: (396.6265452946445,1)
[666]: (398.0143852251655,1)
[667]: (396.355112373869,1)
[668]: (392.066100943249,1)
[669]: (388.2559002081939,1)
[670]: (392.5231953830754,1)
[671]: (386.4295592596972,1)
[672]: (391.2875695758678,1)
[673]: (397.5671565026927,1)
[674]: (394.4024350618375,1)
[675]: (388.7688457919108,1)
[676]: (393.1203717207255,1)
[677]: (390.0276897930131,1)
[678]: (400.1996130827505,1)
[679]: (395.4073200259441,1)
[680]: (392.639179577306,1)
[681]: (397.8485344691931,1)
[682]: (398.1777927001075,1)
[683]: (389.4990607409183,1)
[684]: (396.994141600578,1)
[685]: (393.5041054339196,1)
[686]: (390.1073299508694,1)
[687]: (393.7763708392488,1)
[688]: (396.0905221297125,1)
[689]: (387.4117773570876,1)
[690]: (394.198212749754,1)
[691]: (398.670474241142,1)
[692]: (394.1976534963917,1)
[693]: (395.4466551726018,1)
[694]: (388.7564204007531,1)
[695]: (387.2297839439101,1)
[696]: (388.5595148981781,1)
[697]: (390.0252635059894,1)
[698]: (393.1413627381631,1)
[699]: (390.733261232604,1)
[700]: (396.0980703298583,1)
[701]: (396.0456736468944,1)
[702]: (396.0702771269109,1)
[703]: (388.0925695650338,1)
[704]: (390.0828946517855,1)
[705]: (392.4086847259815,1)
[706]: (388.1938254870332,1)
[707]: (396.4026306506178,1)
[708]: (402.0140616004427,1)
[709]: (394.6830939046094,1)
[710]: (396.0733448445693,1)
[711]: (395.3997067140076,1)
[712]: (395.2814652781232,1)
[713]: (400.2423434458795,1)
[714]: (397.1367265364855,1)
[715]: (395.2422535340783,1)
[716]: (389.5966760860978,1)
[717]: (387.9151493115662,1)
[718]: (390.4119799917933,1)
[719]: (392.2257092346751,1)
[720]: (393.1083942322593,1)
[721]: (398.0436038959044,1)
[722]: (399.8755298070663,1)
[723]: (391.1277414701237,1)
[724]: (395.2862629670444,1)
[725]: (389.7270108948995,1)
[726]: (397.0598717894482,1)
[727]: (388.030233253112,1)
[728]: (392.350932957337,1)
[729]: (388.3968935596267,1)
[730]: (392.0124418892265,1)
[731]: (396.5443501432242,1)
[732]: (398.0433536093302,1)
[733]: (395.732074377981,1)
[734]: (391.6274523799474,1)
[735]: (395.1809961826337,1)
[736]: (398.070255299346,1)
[737]: (394.225471561947,1)
[738]: (392.0830633513376,1)
[739]: (387.7365220331777,1)
[740]: (394.0607746742545,1)
[741]: (391.1071811994481,1)
[742]: (393.1526638344868,1)
[743]: (392.0073486245769,1)
[744]: (390.1617241120299,1)
[745]: (396.549840172817,1)
[746]: (389.1465260111715,1)
[747]: (393.0351275630267,1)
[748]: (390.0523729514351,1)
[749]: (393.0193317415865,1)
[750]: (392.0871255405498,1)
[751]: (394.1525076037822,1)
[752]: (398.2302550037321,1)
[753]: (397.3092740886468,1)
[754]: (387.6767712857407,1)
[755]: (387.6414002017594,1)
[756]: (394.2380888820766,1)
[757]: (393.3667472745681,1)
[758]: (400.4213452634409,1)
[759]: (397.051672491256,1)
[760]: (399.1940366357881,1)
[761]: (390.2011702793962,1)
[762]: (390.0643838435885,1)
[763]: (396.2378742934839,1)
[764]: (397.8826711594707,1)
[765]: (399.2984880183213,1)
[766]: (403.0797927661191,1)
[767]: (397.9233192919633,1)
[768]: (391.3646216826922,1)
[769]: (388.4553904193946,1)
[770]: (392.0066769029993,1)
[771]: (395.3427929532193,1)
[772]: (393.1247110497466,1)
[773]: (395.0371912433218,1)
[774]: (395.8680129758683,1)
[775]: (394.3122309671307,1)
[776]: (393.3168514265133,1)
[777]: (393.3746607543251,1)
[778]: (390.1067756732538,1)
[779]: (391.6487002175894,1)
[780]: (388.3480081276889,1)
[781]: (397.2194605802164,1)
[782]: (395.566094503858,1)
[783]: (398.130844018511,1)
[784]: (396.0536475093642,1)
[785]: (398.0769388759549,1)
[786]: (387.0078037015138,1)
[787]: (401.4775180698964,1)
[788]: (405.2462649372018,1)
[789]: (406.1003310215639,1)
[790]: (395.0321036575557,1)
[791]: (395.1654590912908,1)
[792]: (398.2580330871468,1)
[793]: (395.0036160285404,1)
[794]: (387.2393857621573,1)
[795]: (398.1997787693332,1)
[796]: (392.1396838372193,1)
[797]: (391.5159908951545,1)
[798]: (393.1033836729721,1)
[799]: (398.2675536055795,1)
[800]: (399.066427541238,1)
[801]: (397.1312612061507,1)
[802]: (397.6069645329588,1)
[803]: (393.0884465226384,1)
[804]: (392.1920400398423,1)
[805]: (396.0050177538782,1)
[806]: (391.8010779807499,1)
[807]: (386.1912208899125,1)
[808]: (398.3133463467634,1)
[809]: (399.0171682530553,1)
[810]: (400.0288210722433,1)
[811]: (399.0315440502515,1)
[812]: (394.7174525434216,1)
[813]: (401.607621245494,1)
[814]: (393.0470183138275,1)
[815]: (392.6651100807618,1)
[816]: (388.2131239506654,1)
[817]: (399.0617875447554,1)
[818]: (395.0691281977756,1)
[819]: (395.0823106615632,1)
[820]: (386.1054694754267,1)
[821]: (396.4352378372336,1)
[822]: (389.2567806839963,1)
[823]: (393.3582237811815,1)
[824]: (394.0558536586669,1)
[825]: (392.2953753917701,1)
[826]: (396.9659962244141,1)
[827]: (396.0974470852921,1)
[828]: (398.0756120767613,1)
[829]: (390.3692152749521,1)
[830]: (394.0282763771046,1)
[831]: (395.5708934000784,1)
[832]: (397.9514183350872,1)
[833]: (390.264724619932,1)
[834]: (393.1652246954495,1)
[835]: (387.0923606996929,1)
[836]: (390.1553303441339,1)
[837]: (396.0100300769389,1)
[838]: (388.0693468889394,1)
[839]: (397.0488617949325,1)
[840]: (396.1874254140463,1)
[841]: (397.1280103001139,1)
[842]: (396.0374917763352,1)
[843]: (398.8378833936079,1)
[844]: (393.0526875223204,1)
[845]: (394.1771193067171,1)
[846]: (390.0208248267219,1)
[847]: (388.2138207415123,1)
[848]: (395.562800308881,1)
[849]: (393.3257871801924,1)
[850]: (389.5847374118071,1)
[851]: (396.3223497548043,1)
[852]: (393.9444129453,1)
[853]: (391.508382906717,1)
[854]: (394.1542315103034,1)
[855]: (400.2588166858765,1)
[856]: (400.1135102891081,1)
[857]: (399.0712515898313,1)
[858]: (397.9164968661041,1)
[859]: (396.3420257797574,1)
[860]: (398.0295689992694,1)
[861]: (391.7062607864889,1)
[862]: (398.07817842368,1)
[863]: (393.2155691028819,1)
[864]: (398.2508282533514,1)
[865]: (394.2305979321087,1)
[866]: (391.0443282816771,1)
[867]: (393.2758101904797,1)
[868]: (391.521846139966,1)
[869]: (396.0551003175415,1)
[870]: (393.2891007407808,1)
[871]: (391.6146599572617,1)
[872]: (395.1573102738274,1)
[873]: (395.0846041515874,1)
[874]: (390.2221478364155,1)
[875]: (390.051553745002,1)
[876]: (398.1424301535336,1)
[877]: (390.5294687266152,1)
[878]: (396.0164264851431,1)
[879]: (392.2670494384346,1)
[880]: (388.0058457712847,1)
[881]: (387.250092157079,1)
[882]: (391.9712325878441,1)
[883]: (395.124243609748,1)
[884]: (395.373587565659,1)
[885]: (395.4920511638537,1)
[886]: (394.7614650084373,1)
[887]: (397.0538541349298,1)
[888]: (400.253077088653,1)
[889]: (395.155124139577,1)
[890]: (396.5669529742361,1)
[891]: (388.0603624351783,1)
[892]: (388.4046202265469,1)
[893]: (396.1981735555797,1)
[894]: (397.4423592560346,1)
[895]: (386.2121185074161,1)
[896]: (396.4559245523056,1)
[897]: (393.0292263911501,1)
[898]: (391.2808164850442,1)
[899]: (394.0682409297233,1)
[900]: (390.4275221179358,1)
[901]: (395.2245128280633,1)
[902]: (391.3057346498153,1)
[903]: (392.1467269375514,1)
[904]: (396.3250820677144,1)
[905]: (388.0764596222054,1)
[906]: (394.6296119720885,1)
[907]: (391.645118509644,1)
[908]: (392.0086937659005,1)
[909]: (391.5036104338761,1)
[910]: (397.1512445913601,1)
[911]: (398.197607134549,1)
[912]: (388.1950726683787,1)
[913]: (400.4058072846536,1)
[914]: (402.0749851271303,1)
[915]: (397.0882644128669,1)
[916]: (394.003850605424,1)
[917]: (394.5448134509635,1)
[918]: (404.0903855499129,1)
[919]: (388.2098927780093,1)
[920]: (391.0783291522226,1)
[921]: (388.3571300312245,1)
[922]: (391.117791378472,1)
[923]: (397.7787992016971,1)
[924]: (394.8133983540268,1)
[925]: (401.0136505964555,1)
[926]: (394.1937551505114,1)
[927]: (396.705471167627,1)
[928]: (397.2452669774116,1)
[929]: (390.1980097024739,1)
[930]: (393.1119682353077,1)
[931]: (397.9060473682441,1)
[932]: (389.1012059403067,1)
[933]: (391.6153365998934,1)
[934]: (398.1909501967838,1)
[935]: (391.3789987696277,1)
[936]: (394.1941137814379,1)
[937]: (386.2192004807309,1)
[938]: (395.3911721559958,1)
[939]: (399.135419021012,1)
[940]: (400.1289865626161,1)
[941]: (392.2374470695599,1)
[942]: (397.8658925200538,1)
[943]: (398.3813084656506,1)
[944]: (393.2765387937341,1)
[945]: (388.0207993319422,1)
[946]: (393.1423265988614,1)
[947]: (391.232787192438,1)
[948]: (393.5529408348353,1)
[949]: (397.1829581270291,1)
[950]: (394.1878347841755,1)
[951]: (393.0743564344669,1)
[952]: (397.0304020552913,1)
[953]: (395.0716800404824,1)
[954]: (391.3750059749308,1)
[955]: (392.1106992484244,1)
[956]: (396.081982562665,1)
[957]: (395.1330639506399,1)
[958]: (396.2423806978508,1)
[959]: (395.0216087735335,1)
[960]: (394.5033570367036,1)
[961]: (395.0414461926639,1)
[962]: (392.0037248300412,1)
[963]: (390.5681326216095,1)
[964]: (397.1365997049672,1)
[965]: (394.0199047773053,1)
[966]: (387.0443246030679,1)
[967]: (389.1827632183054,1)
[968]: (397.3759468177711,1)
[969]: (391.479657659975,1)
[970]: (386.1053454004025,1)
[971]: (392.2820846273106,1)
[972]: (395.2088516217129,1)
[973]: (393.4088472679966,1)
[974]: (390.4199627358114,1)
[975]: (391.1206761706255,1)
[976]: (393.0693624545837,1)
[977]: (399.2257672253104,1)
[978]: (388.5293120644894,1)
[979]: (393.2990492325488,1)
[980]: (397.5378120292474,1)
[981]: (393.2125220879503,1)
[982]: (399.0419847071997,1)
[983]: (396.0149230016236,1)
[984]: (390.5505867973558,1)
[985]: (393.0375040655207,1)
[986]: (392.5131323632402,1)
[987]: (387.6805030259165,1)
[988]: (395.0381664849748,1)
[989]: (397.0596104893856,1)
[990]: (403.3927422812309,1)
[991]: (392.1218993170254,1)
[992]: (392.2303645975538,1)
[993]: (397.5730531853339,1)
[994]: (394.0773011815737,1)
[995]: (403.517033077349,1)
[996]: (389.395914757763,1)
[997]: (395.5080626541617,1)
[998]: (401.4399104518455,1)
[999]: (392.3665871375505,1)
[1000]: (393.1710700355092,1)
[1001]: (391.3153774368678,1)
[1002]: (393.8776130811582,1)
[1003]: (394.0482083389335,1)
[1004]: (396.1930464232239,1)
[1005]: (389.0796623152238,1)
[1006]: (390.3998686954266,1)
[1007]: (391.3097338672732,1)
[1008]: (395.1515859238024,1)
[1009]: (397.0069647220512,1)
[1010]: (392.3043310441601,1)
[1011]: (390.6633546860443,1)
[1012]: (398.0602806014149,1)
[1013]: (397.2451240555592,1)
[1014]: (396.9344120519518,1)
[1015]: (392.01514100437,1)
[1016]: (391.0777909752803,1)
[1017]: (393.0100325008425,1)
[1018]: (397.2815979350393,1)
[1019]: (394.1631074334562,1)
[1020]: (396.0254069386079,1)
[1021]: (392.6537805979331,1)
[1022]: (397.1028882169017,1)
[1023]: (387.417619782511,1)
[1024]: (386.2782952934433,1)
[1025]: (396.3501411418747,1)
[1026]: (399.9123047908179,1)
[1027]: (394.2000695877728,1)
[1028]: (395.008992449844,1)
[1029]: (397.3865400381245,1)
[1030]: (392.142407328364,1)
[1031]: (400.8519389010042,1)
[1032]: (394.7126359938623,1)
[1033]: (394.1512680046121,1)
[1034]: (396.4638263908353,1)
[1035]: (388.5842598231691,1)
[1036]: (399.2357894700505,1)
[1037]: (395.0556001999495,1)
[1038]: (393.5739434806098,1)
[1039]: (392.1145087902839,1)
[1040]: (400.0164515688321,1)
[1041]: (389.8300515527215,1)
[1042]: (396.2548685069746,1)
[1043]: (396.1616462822248,1)
[1044]: (394.2282277447665,1)
[1045]: (397.6777309546401,1)
[1046]: (399.175945532886,1)
[1047]: (393.2691524325041,1)
[1048]: (390.1522583252519,1)
[1049]: (387.1052774905043,1)
[1050]: (390.6075483018183,1)
[1051]: (402.1624688625334,1)
[1052]: (396.1163692761107,1)
[1053]: (389.0576943011029,1)
[1054]: (399.8056752641177,1)
[1055]: (388.2057830680567,1)
[1056]: (390.3578431379735,1)
[1057]: (394.1695749797207,1)
[1058]: (398.0864133244375,1)
[1059]: (400.3178850462512,1)
[1060]: (392.3498569957617,1)
[1061]: (390.0544543963525,1)
[1062]: (394.076329636088,1)
[1063]: (392.4661439591404,1)
[1064]: (392.1876919191121,1)
[1065]: (398.0422695368666,1)
[1066]: (395.0173900050392,1)
[1067]: (394.3281477441518,1)
[1068]: (396.2611908720165,1)
[1069]: (396.4897894147348,1)
[1070]: (391.7536976945441,1)
[1071]: (388.4476106149939,1)
[1072]: (389.476351205178,1)
[1073]: (393.189457484283,1)
[1074]: (393.7535968999089,1)
[1075]: (392.1025764714649,1)
[1076]: (390.4274719045591,1)
[1077]: (394.1829275303397,1)
[1078]: (396.6162120170313,1)
[1079]: (399.5531987480358,1)
[1080]: (393.6154983034206,1)
[1081]: (402.3557322283546,1)
[1082]: (388.1866092122071,1)
[1083]: (394.3708509430436,1)
[1084]: (389.0011447267839,1)
[1085]: (404.7009243952423,1)
[1086]: (388.0288979350995,1)
[1087]: (399.1175890311204,1)
[1088]: (390.092021873051,1)
[1089]: (398.0035765680443,1)
[1090]: (394.2076168691887,1)
[1091]: (391.0068331395257,1)
[1092]: (396.1732139970339,1)
[1093]: (395.624051096254,1)
[1094]: (395.3534727313256,1)
[1095]: (396.1331887704638,1)
[1096]: (392.428469495517,1)
[1097]: (396.2012959173013,1)
[1098]: (392.3644375953693,1)
[1099]: (396.1942202935555,1)
[1100]: (395.3817533254265,1)
[1101]: (396.044155175071,1)
[1102]: (389.5964439392334,1)
[1103]: (392.0173663574601,1)
[1104]: (389.0072496886897,1)
[1105]: (406.101704242333,1)
[1106]: (393.4379131719487,1)
[1107]: (393.526920075942,1)
[1108]: (392.0631767922917,1)
[1109]: (391.0966385555462,1)
[1110]: (393.0241504311937,1)
[1111]: (392.0415731857763,1)
[1112]: (394.1794117698671,1)
[1113]: (394.0648850840568,1)
[1114]: (386.2409656214448,1)
[1115]: (389.0311956911983,1)
[1116]: (393.4380066530918,1)
[1117]: (391.1250631015735,1)
[1118]: (394.0685056578666,1)
[1119]: (394.2060989116605,1)
[1120]: (388.144261577743,1)
[1121]: (392.1007065415677,1)
[1122]: (394.368616336511,1)
[1123]: (389.5442656782612,1)
[1124]: (393.0204023084098,1)
[1125]: (389.0322938957428,1)
[1126]: (401.6342687731139,1)
[1127]: (391.5731993800628,1)
[1128]: (389.0043230403955,1)
[1129]: (398.0418487520094,1)
[1130]: (396.0295932824559,1)
[1131]: (404.3550994851798,1)
[1132]: (400.0016143989095,1)
[1133]: (386.2134155128221,1)
[1134]: (387.4278406039268,1)
[1135]: (397.0109317313561,1)
[1136]: (393.0624413455423,1)
[1137]: (391.2609401808182,1)
[1138]: (395.3338662168395,1)
[1139]: (390.151923972998,1)
[1140]: (389.2442475476821,1)
[1141]: (395.0995921435087,1)
[1142]: (390.0148688013547,1)
[1143]: (392.2526967411256,1)
[1144]: (390.0509101914715,1)
[1145]: (395.11742374304,1)
[1146]: (389.1267052805727,1)
[1147]: (397.9299742997258,1)
[1148]: (396.0675012868199,1)
[1149]: (397.2248768633039,1)
[1150]: (399.2895556791286,1)
[1151]: (398.3029750607786,1)
[1152]: (390.057781142497,1)
[1153]: (390.0233101111907,1)
[1154]: (394.0234717756819,1)
[1155]: (394.6134788369193,1)
[1156]: (401.1001412846979,1)
[1157]: (394.7609872007943,1)
[1158]: (391.171665017009,1)
[1159]: (400.0142625972062,1)
[1160]: (396.2571090815945,1)
[1161]: (391.5485280251773,1)
[1162]: (394.053878187307,1)
[1163]: (397.8956264423496,1)
[1164]: (401.0187688692994,1)
[1165]: (395.5153692742491,1)
[1166]: (391.3259345042587,1)
[1167]: (393.8036692495817,1)
[1168]: (391.0134203448665,1)
[1169]: (396.712156508403,1)
[1170]: (394.2990133191759,1)
[1171]: (396.2028726529533,1)
[1172]: (396.1231718477663,1)
[1173]: (398.2349535734734,1)
[1174]: (389.533019392399,1)
[1175]: (404.3018304478271,1)
[1176]: (391.3173312337872,1)
[1177]: (391.1830925228393,1)
[1178]: (390.1438326873434,1)
[1179]: (393.0495690405642,1)
[1180]: (389.399965071199,1)
[1181]: (395.2539921335384,1)
[1182]: (392.0048462390715,1)
[1183]: (393.0773147395045,1)
[1184]: (393.0327864122036,1)
[1185]: (395.2366860745144,1)
[1186]: (387.2836604377848,1)
[1187]: (389.0537994269009,1)
[1188]: (401.0961372253558,1)
[1189]: (403.1889784902987,1)
[1190]: (390.1175787775075,1)
[1191]: (391.9380496530489,1)
[1192]: (394.7949487493071,1)
[1193]: (392.2291288439966,1)
[1194]: (394.8524481500413,1)
[1195]: (397.1540356275937,1)
[1196]: (388.3017534694943,1)
[1197]: (393.1547419158603,1)
[1198]: (389.1418520330246,1)
[1199]: (388.2899373609361,1)
[1200]: (392.1276114325577,1)
[1201]: (390.5164416633629,1)
[1202]: (391.0790963034412,1)
[1203]: (395.8726598688264,1)
[1204]: (399.0215532649854,1)
[1205]: (400.1306726814414,1)
[1206]: (392.30925223606,1)
[1207]: (394.5555825352498,1)
[1208]: (394.2656123254396,1)
[1209]: (392.0659817583359,1)
[1210]: (400.4038758779082,1)
[1211]: (393.6756764618956,1)
[1212]: (389.096401727744,1)
[1213]: (394.1156664877785,1)
[1214]: (395.2328940709624,1)
[1215]: (398.0939254757528,1)
[1216]: (402.253393491338,1)
[1217]: (393.1687906409281,1)
[1218]: (394.5556485997267,1)
[1219]: (392.1806692050663,1)
[1220]: (401.5463180089571,1)
[1221]: (399.1260770507258,1)
[1222]: (385.2811812770964,1)
[1223]: (391.1839269471599,1)
[1224]: (405.2178558226366,1)
[1225]: (396.0683708162938,1)
[1226]: (397.041105488358,1)
[1227]: (398.6394877433813,1)
[1228]: (396.3343485524274,1)
[1229]: (394.1096590173802,1)
[1230]: (393.8879610300499,1)
[1231]: (389.1508894892158,1)
[1232]: (396.0143948277821,1)
[1233]: (396.0433502191011,1)
[1234]: (391.1577316223274,1)
[1235]: (388.0367217623796,1)
[1236]: (396.1333090987177,1)
[1237]: (390.6149789592696,1)
[1238]: (394.1697329860375,1)
[1239]: (387.6328107262051,1)
[1240]: (396.2330953697407,1)
[1241]: (398.3515567716907,1)
[1242]: (389.3785519890141,1)
[1243]: (402.1391218940547,1)
[1244]: (387.2169351157575,1)
[1245]: (388.0204376738633,1)
[1246]: (392.4422197307467,1)
[1247]: (395.3769660024765,1)
[1248]: (393.1918073549893,1)
[1249]: (389.9992037423011,1)
[1250]: (395.0492220884705,1)
[1251]: (392.0532843681818,1)
[1252]: (393.2255445153067,1)
[1253]: (389.6504993527314,1)
[1254]: (389.0937342115694,1)
[1255]: (391.3457745141869,1)
[1256]: (396.1612471057806,1)
[1257]: (389.1761576682655,1)
[1258]: (393.3498888510901,1)
[1259]: (399.7451786570097,1)
[1260]: (393.6741990800886,1)
[1261]: (390.3242466467628,1)
[1262]: (390.4737711104945,1)
[1263]: (398.3684136500502,1)
[1264]: (395.4576188485335,1)
[1265]: (401.1142817662816,1)
[1266]: (393.7045081830922,1)
[1267]: (396.111102839258,1)
[1268]: (387.8166996404682,1)
[1269]: (392.0458509452802,1)
[1270]: (395.1375614040223,1)
[1271]: (393.9034978654536,1)
[1272]: (398.2063106987213,1)
[1273]: (395.0131800020227,1)
[1274]: (395.2243779104285,1)
[1275]: (405.1126851122202,1)
[1276]: (390.1079429632352,1)
[1277]: (388.375601337868,1)
[1278]: (397.138803117579,1)
[1279]: (399.3708555734091,1)
[1280]: (387.3927614579907,1)
[1281]: (391.7594423223916,1)
[1282]: (391.2317105627471,1)
[1283]: (397.5981121381483,1)
[1284]: (397.0498221481162,1)
[1285]: (388.1907703018235,1)
[1286]: (393.5983933280412,1)
[1287]: (388.1607932411773,1)
[1288]: (394.0821758157822,1)
[1289]: (388.4889830132682,1)
[1290]: (392.7969508153532,1)
[1291]: (400.0602731926444,1)
[1292]: (386.1553721589464,1)
[1293]: (396.6939861486129,1)
[1294]: (395.4219746790043,1)
[1295]: (393.1591741186331,1)
[1296]: (393.1762582595013,1)
[1297]: (394.8642282515949,1)
[1298]: (389.2262564419235,1)
[1299]: (393.6843743296408,1)
[1300]: (395.1830676829043,1)
[1301]: (399.1569157137083,1)
[1302]: (395.981909604701,1)
[1303]: (392.2990361121929,1)
[1304]: (398.2626364292926,1)
[1305]: (386.3234962600268,1)
[1306]: (396.735617654139,1)
[1307]: (396.4428910408928,1)
[1308]: (392.1345000167037,1)
[1309]: (396.8513155208847,1)
[1310]: (391.3985677595309,1)
[1311]: (391.4904973139209,1)
[1312]: (394.4487238640944,1)
[1313]: (391.4132242257211,1)
[1314]: (394.7778420662976,1)
[1315]: (393.2567010577338,1)
[1316]: (393.6945639869941,1)
[1317]: (403.1261054330333,1)
[1318]: (396.3165113217646,1)
[1319]: (391.1371246494851,1)
[1320]: (398.8178990290696,1)
[1321]: (392.3330521995746,1)
[1322]: (399.2109193519623,1)
[1323]: (397.0522843470357,1)
[1324]: (398.3420208549328,1)
[1325]: (400.2825686778129,1)
[1326]: (387.0231337059554,1)
[1327]: (394.1025617163288,1)
[1328]: (390.0277768637522,1)
[1329]: (397.3662180057124,1)
[1330]: (398.1608369378475,1)
[1331]: (393.2051883520553,1)
[1332]: (392.0545966451601,1)
[1333]: (388.2361477214938,1)
[1334]: (394.1511751622493,1)
[1335]: (394.0265503905699,1)
[1336]: (392.0740904779194,1)
[1337]: (397.149657635288,1)
[1338]: (390.1333868215692,1)
[1339]: (402.013926199265,1)
[1340]: (390.1271779575252,1)
[1341]: (394.4773823157764,1)
[1342]: (390.1767937446065,1)
[1343]: (399.0166163193539,1)
[1344]: (397.5446758049554,1)
[1345]: (395.0541074758082,1)
[1346]: (398.4719865899735,1)
[1347]: (392.328398237026,1)
[1348]: (388.2187420225042,1)
[1349]: (390.3191394133922,1)
[1350]: (389.5690458351411,1)
[1351]: (392.0486225917014,1)
[1352]: (398.5353837254186,1)
[1353]: (389.703012642792,1)
[1354]: (400.0569550146903,1)
[1355]: (395.1915980214415,1)
[1356]: (398.304367956084,1)
[1357]: (392.2116428566438,1)
[1358]: (393.7025560200374,1)
[1359]: (391.3416395223036,1)
[1360]: (400.1138602183302,1)
[1361]: (396.0526080863701,1)
[1362]: (391.3068352366772,1)
[1363]: (400.2975716059325,1)
[1364]: (393.3439077696939,1)
[1365]: (388.0444313992621,1)
[1366]: (390.0202192531796,1)
[1367]: (391.1982505953462,1)
[1368]: (391.0609026816492,1)
[1369]: (388.2835407113818,1)
[1370]: (389.1860265858413,1)
[1371]: (397.231880931384,1)
[1372]: (386.8157689437432,1)
[1373]: (389.1309655098941,1)
[1374]: (396.0478867660451,1)
[1375]: (390.557873515544,1)
[1376]: (396.2909563108586,1)
[1377]: (390.3993570901669,1)
[1378]: (393.3178370242869,1)
[1379]: (398.0143982745739,1)
[1380]: (403.0845490864556,1)
[1381]: (393.0821865413199,1)
[1382]: (399.4160264299942,1)
[1383]: (387.575784821884,1)
[1384]: (388.1339270763307,1)
[1385]: (392.0875589707547,1)
[1386]: (393.1861063039786,1)
[1387]: (393.5501832121494,1)
[1388]: (388.1897418309414,1)
[1389]: (393.198196096568,1)
[1390]: (396.1648210630268,1)
[1391]: (395.1925875273782,1)
[1392]: (399.2589507147646,1)
[1393]: (391.3086895339632,1)
[1394]: (393.0018820728372,1)
[1395]: (389.4676878563589,1)
[1396]: (397.0568588271414,1)
[1397]: (399.1346201451552,1)
[1398]: (394.9040086873292,1)
[1399]: (392.1914298012173,1)
[1400]: (389.1218027705931,1)
[1401]: (394.0747008554463,1)
[1402]: (388.1663551828073,1)
[1403]: (401.5865137010583,1)
[1404]: (396.392953619684,1)
[1405]: (398.041884849284,1)
[1406]: (393.1263215376017,1)
[1407]: (386.6510175432688,1)
[1408]: (393.5527428270028,1)
[1409]: (395.1659600374321,1)
[1410]: (397.0979664451506,1)
[1411]: (399.4586322797495,1)
[1412]: (396.4317842418484,1)
[1413]: (387.0631279274614,1)
[1414]: (392.1920906299392,1)
[1415]: (398.6579663044084,1)
[1416]: (389.1777802903042,1)
[1417]: (397.2917104218529,1)
[1418]: (396.0822424905845,1)
[1419]: (387.2042688105528,1)
[1420]: (398.3724572583822,1)
[1421]: (398.4219787192704,1)
[1422]: (392.1611204746152,1)
[1423]: (386.0682096430065,1)
[1424]: (400.1316716566888,1)
[1425]: (402.0124227253752,1)
[1426]: (390.3705231093253,1)
[1427]: (396.0096636158652,1)
[1428]: (390.9341513837277,1)
[1429]: (394.3665316672357,1)
[1430]: (393.0571778651382,1)
[1431]: (402.1508733310988,1)
[1432]: (393.241293355457,1)
[1433]: (398.4575913022324,1)
[1434]: (396.2426444481581,1)
[1435]: (390.2072660331216,1)
[1436]: (392.2548188696556,1)
[1437]: (392.654262764397,1)
[1438]: (393.1506327324697,1)
[1439]: (401.0979810505011,1)
[1440]: (388.1538197081671,1)
[1441]: (392.1432347400259,1)
[1442]: (391.8377860519768,1)
[1443]: (386.0096500112459,1)
[1444]: (396.0777381980234,1)
[1445]: (399.4561298342309,1)
[1446]: (390.1540495694136,1)
[1447]: (390.3433733886995,1)
[1448]: (388.1812745251945,1)
[1449]: (394.779255881094,1)
[1450]: (390.4725306434794,1)
[1451]: (396.0265633004329,1)
[1452]: (391.0224134897855,1)
[1453]: (397.7155717568453,1)
[1454]: (393.3195633834387,1)
[1455]: (394.0625855985963,1)
[1456]: (393.1157057676529,1)
[1457]: (396.0362510305395,1)
[1458]: (395.6015297933935,1)
[1459]: (396.8740619744512,1)
[1460]: (392.3442817275638,1)
[1461]: (396.4148528021286,1)
[1462]: (392.0448448131967,1)
[1463]: (389.0858091513164,1)
[1464]: (388.3971038077747,1)
[1465]: (392.0031466043397,1)
[1466]: (390.1122994158546,1)
[1467]: (392.1021762818961,1)
[1468]: (389.6693253708158,1)
[1469]: (398.013709254299,1)
[1470]: (395.3101440213704,1)
[1471]: (393.004939497587,1)
[1472]: (396.0232659848641,1)
[1473]: (394.1806490599984,1)
[1474]: (394.2096235832685,1)
[1475]: (402.319742658956,1)
[1476]: (396.2625441419601,1)
[1477]: (387.059723749578,1)
[1478]: (387.2578710954039,1)
[1479]: (390.2076029851597,1)
[1480]: (395.0336198084948,1)
[1481]: (396.0052460185695,1)
[1482]: (394.4748568183684,1)
[1483]: (394.1946648863462,1)
[1484]: (390.4981606466235,1)
[1485]: (395.3449989009671,1)
[1486]: (396.5714590618628,1)
[1487]: (392.1887420023139,1)
[1488]: (394.0876643704403,1)
[1489]: (392.2153803798278,1)
[1490]: (396.9089515789456,1)
[1491]: (393.0250397385818,1)
[1492]: (392.435362384613,1)
[1493]: (398.2972056547372,1)
[1494]: (398.1090011478409,1)
[1495]: (395.301394142511,1)
[1496]: (387.335587293376,1)
[1497]: (401.1198924474178,1)
[1498]: (391.1401363361663,1)
[1499]: (397.109395069486,1)
[1500]: (393.0391739349235,1)
[1501]: (396.4091847313991,1)
[1502]: (393.1063608591389,1)
[1503]: (388.2811163186827,1)
[1504]: (398.4880836748154,1)
[1505]: (392.0001487273877,1)
[1506]: (390.0908248447087,1)
[1507]: (389.1863527759986,1)
[1508]: (397.312078781275,1)
[1509]: (399.1126333566311,1)
[1510]: (394.1136506645331,1)
[1511]: (390.5622104183846,1)
[1512]: (400.0913856574294,1)
[1513]: (395.4159963055225,1)
[1514]: (390.2497946510177,1)
[1515]: (400.0009733008628,1)
[1516]: (397.9102816322292,1)
[1517]: (401.0268388752695,1)
[1518]: (391.592395103925,1)
[1519]: (390.4057004711906,1)
[1520]: (390.0411385169807,1)
[1521]: (391.2557238420894,1)
[1522]: (387.0630600700973,1)
[1523]: (400.2952046238326,1)
[1524]: (389.7443801139343,1)
[1525]: (391.0053881120588,1)
[1526]: (395.4600380072126,1)
[1527]: (389.4167171259523,1)
[1528]: (388.0490840974544,1)
[1529]: (391.2468002482628,1)
[1530]: (387.3145682164769,1)
[1531]: (388.2098516416493,1)
[1532]: (404.2334509364008,1)
[1533]: (392.1889889886698,1)
[1534]: (396.1671759716651,1)
[1535]: (392.7683204821475,1)
[1536]: (390.2194747165069,1)
[1537]: (391.1318422943684,1)
[1538]: (387.1379063247135,1)
[1539]: (396.0221422086138,1)
[1540]: (390.1683947548397,1)
[1541]: (399.2908000029403,1)
[1542]: (395.0639327144656,1)
[1543]: (390.0201119445665,1)
[1544]: (397.2183282463782,1)
[1545]: (394.0372539816501,1)
[1546]: (390.3742836346198,1)
[1547]: (387.4829114603463,1)
[1548]: (392.6836275458136,1)
[1549]: (385.5752418441262,1)
[1550]: (392.8221310749626,1)
[1551]: (391.0794977693519,1)
[1552]: (392.0882329996672,1)
[1553]: (396.029885654449,1)
[1554]: (390.6170156792104,1)
[1555]: (394.5947815224611,1)
[1556]: (401.2156581636377,1)
[1557]: (392.1978187160252,1)
[1558]: (390.0339722465696,1)
[1559]: (393.0308200270758,1)
[1560]: (398.1190277517361,1)
[1561]: (391.0824898880196,1)
[1562]: (391.6327154242842,1)
[1563]: (389.4054195307006,1)
[1564]: (401.4676896440653,1)
[1565]: (395.264166642493,1)
[1566]: (397.3910202207837,1)
[1567]: (392.8007312451086,1)
[1568]: (393.1799942977572,1)
[1569]: (388.1817522705325,1)
[1570]: (393.0256763358595,1)
[1571]: (389.2773569541523,1)
[1572]: (390.1340098125989,1)
[1573]: (387.2447460000442,1)
[1574]: (389.7890680325023,1)
[1575]: (391.2293482935137,1)
[1576]: (397.6812833734163,1)
[1577]: (396.2158102951558,1)
[1578]: (398.5750800536123,1)
[1579]: (393.4739047701856,1)
[1580]: (391.1951546658144,1)
[1581]: (402.0359631223683,1)
[1582]: (396.268335087416,1)
[1583]: (400.3064909335357,1)
[1584]: (392.2647630885226,1)
[1585]: (400.1836044636157,1)
[1586]: (395.1728216852495,1)
[1587]: (395.0963568414015,1)
[1588]: (395.0487428025597,1)
[1589]: (392.362340709988,1)
[1590]: (388.2087487599275,1)
[1591]: (393.5141195045617,1)
[1592]: (403.0841367325278,1)
[1593]: (390.3127804271466,1)
[1594]: (396.1278020665357,1)
[1595]: (393.0322910398339,1)
[1596]: (395.1014037613031,1)
[1597]: (391.7595286775641,1)
[1598]: (393.5074871947693,1)
[1599]: (392.0986367089437,1)
[1600]: (403.8438856601066,1)
[1601]: (397.2191646899831,1)
[1602]: (391.4711097787836,1)
[1603]: (403.491705139858,1)
[1604]: (392.1584518050301,1)
[1605]: (393.000802852183,1)
[1606]: (390.4845265138499,1)
[1607]: (398.1075420891688,1)
[1608]: (393.2398425673998,1)
[1609]: (396.9322329844434,1)
[1610]: (396.1831647446332,1)
[1611]: (398.3340979164837,1)
[1612]: (389.2068388968364,1)
[1613]: (395.0165982843775,1)
[1614]: (393.1765868997713,1)
[1615]: (393.0904448688473,1)
[1616]: (388.1862996148402,1)
[1617]: (394.4292303215781,1)
[1618]: (392.9396576225682,1)
[1619]: (399.3024721173929,1)
[1620]: (396.1302445773567,1)
[1621]: (395.8425124707914,1)
[1622]: (394.0096758139835,1)
[1623]: (391.531419342026,1)
[1624]: (395.8828627223344,1)
[1625]: (397.0230548021921,1)
[1626]: (400.2469888841024,1)
[1627]: (395.0615210739467,1)
[1628]: (394.2537305985459,1)
[1629]: (390.5795979766927,1)
[1630]: (390.150121348076,1)
[1631]: (400.5458705616177,1)
[1632]: (395.0748709055611,1)
[1633]: (394.4829867126234,1)
[1634]: (391.0997065249898,1)
[1635]: (393.8078562543437,1)
[1636]: (400.1176658166411,1)
[1637]: (394.0075705354977,1)
[1638]: (392.4210998080158,1)
[1639]: (389.1131114417059,1)
[1640]: (398.6542531164155,1)
[1641]: (393.0555222854264,1)
[1642]: (397.0096775889033,1)
[1643]: (391.1268940467803,1)
[1644]: (402.5565495735273,1)
[1645]: (389.3144009247137,1)
[1646]: (388.196884536255,1)
[1647]: (395.3477778401676,1)
[1648]: (391.0484011255285,1)
[1649]: (393.4477737923426,1)
[1650]: (398.0185148316021,1)
[1651]: (398.0837416320844,1)
[1652]: (396.1298711417215,1)
[1653]: (393.0284009603249,1)
[1654]: (395.2512760182835,1)
[1655]: (396.2325453710746,1)
[1656]: (401.2911297181546,1)
[1657]: (395.3403493166488,1)
[1658]: (391.6139808055237,1)
[1659]: (398.2425501165685,1)
[1660]: (395.2305928246047,1)
[1661]: (394.6031056949888,1)
[1662]: (389.0582801372128,1)
[1663]: (394.0942682037559,1)
[1664]: (399.1783856216568,1)
[1665]: (393.4603172075095,1)
[1666]: (397.3205424938233,1)
[1667]: (393.0678142377831,1)
[1668]: (393.1159615143843,1)
[1669]: (393.1457885153753,1)
[1670]: (386.3541013355919,1)
[1671]: (397.7846038150483,1)
[1672]: (396.4098417049578,1)
[1673]: (396.1051193325146,1)
[1674]: (396.4461712360157,1)
[1675]: (403.0306293544892,1)
[1676]: (393.1045609341606,1)
[1677]: (397.8687825561028,1)
[1678]: (390.3828273746251,1)
[1679]: (389.0373468977474,1)
[1680]: (388.4723858703603,1)
[1681]: (402.1304708167579,1)
[1682]: (392.3017241624005,1)
[1683]: (388.1265998962771,1)
[1684]: (389.6552774914396,1)
[1685]: (395.6114718442714,1)
[1686]: (396.5951477737177,1)
[1687]: (393.4401130225607,1)
[1688]: (396.0868389493144,1)
[1689]: (396.0322915513906,1)
[1690]: (394.5077932360917,1)
[1691]: (387.4132475485368,1)
[1692]: (391.6572563478996,1)
[1693]: (392.3592563098214,1)
[1694]: (400.0934893481809,1)
[1695]: (388.0523834240504,1)
[1696]: (398.5488892088605,1)
[1697]: (396.0989985987213,1)
[1698]: (390.0302875585331,1)
[1699]: (397.1164398642494,1)
[1700]: (387.011215460393,1)
[1701]: (393.9580139456692,1)
[1702]: (392.6275518812123,1)
[1703]: (392.4551193563519,1)
[1704]: (396.0794086241721,1)
[1705]: (398.3009857961233,1)
[1706]: (393.4824894342443,1)
[1707]: (399.9754037406196,1)
[1708]: (402.1185642591198,1)
[1709]: (394.4147675016832,1)
[1710]: (388.3716238465664,1)
[1711]: (396.1555298085467,1)
[1712]: (391.0735895514052,1)
[1713]: (389.5925945150279,1)
[1714]: (387.3042655827024,1)
[1715]: (398.104851303171,1)
[1716]: (396.3793079162761,1)
[1717]: (392.4369236388957,1)
[1718]: (401.1702515594319,1)
[1719]: (387.0271868817453,1)
[1720]: (391.9859989281291,1)
[1721]: (395.3397976551587,1)
[1722]: (401.1191597221485,1)
[1723]: (394.2142752550392,1)
[1724]: (391.1473026624477,1)
[1725]: (389.9090540395188,1)
[1726]: (394.104214491864,1)
[1727]: (392.8791187187431,1)
[1728]: (394.0514884023244,1)
[1729]: (392.0019044193583,1)
[1730]: (398.6873375432745,1)
[1731]: (393.2071618351394,1)
[1732]: (396.0043812791486,1)
[1733]: (394.4083180264168,1)
[1734]: (388.4857096373828,1)
[1735]: (389.1757970328012,1)
[1736]: (393.2053464975698,1)
[1737]: (398.0843732140468,1)
[1738]: (394.1171169209044,1)
[1739]: (387.310768377772,1)
[1740]: (388.0298974223514,1)
[1741]: (397.4254726183941,1)
[1742]: (392.618258789433,1)
[1743]: (395.2619582124775,1)
[1744]: (396.2185815463836,1)
[1745]: (389.3604019260792,1)
[1746]: (399.1136137237663,1)
[1747]: (390.336688409005,1)
[1748]: (393.1574188769204,1)
[1749]: (390.0319025236508,1)
[1750]: (396.4856835637819,1)
[1751]: (386.0043115134474,1)
[1752]: (395.013058420477,1)
[1753]: (395.0421389439225,1)
[1754]: (390.9275925517358,1)
[1755]: (394.1991423878326,1)
[1756]: (390.3816524594002,1)
[1757]: (395.0228517548862,1)
[1758]: (390.0978198302482,1)
[1759]: (402.2866332641393,1)
[1760]: (391.448115734023,1)
[1761]: (388.0032528228258,1)
[1762]: (393.2988515133559,1)
[1763]: (389.070614858982,1)
[1764]: (392.0066143922185,1)
[1765]: (404.0865851060419,1)
[1766]: (397.3907453426937,1)
[1767]: (393.0025000589604,1)
[1768]: (392.3620242985238,1)
[1769]: (392.0983341665332,1)
[1770]: (389.0345910561545,1)
[1771]: (397.01861256927,1)
[1772]: (390.6785389009445,1)
[1773]: (387.1440587351652,1)
[1774]: (397.0016494088094,1)
[1775]: (390.8460626640645,1)
[1776]: (393.4391391360415,1)
[1777]: (392.1055831414101,1)
[1778]: (385.3135265146498,1)
[1779]: (402.1537314595239,1)
[1780]: (404.7088972233133,1)
[1781]: (396.3552581036215,1)
[1782]: (391.0075238894884,1)
[1783]: (392.5363560113645,1)
[1784]: (399.3841702508888,1)
[1785]: (398.5174788824929,1)
[1786]: (393.2825439669087,1)
[1787]: (386.5717028186667,1)
[1788]: (389.089840750558,1)
[1789]: (387.0581799491624,1)
[1790]: (397.0483822269271,1)
[1791]: (393.0117526864696,1)
[1792]: (396.1248358745696,1)
[1793]: (390.3172694341073,1)
[1794]: (394.2984883384359,1)
[1795]: (388.0969881310833,1)
[1796]: (397.0618384888398,1)
[1797]: (394.0189886740277,1)
[1798]: (392.1695783824038,1)
[1799]: (393.1140295706531,1)
[1800]: (388.448646041485,1)
[1801]: (396.2885993649437,1)
[1802]: (391.2483652514993,1)
[1803]: (393.1169206921215,1)
[1804]: (394.4423681159052,1)
[1805]: (405.1814332909577,1)
[1806]: (393.2860741651339,1)
[1807]: (396.0830231213642,1)
[1808]: (392.145182155321,1)
[1809]: (391.1517382955843,1)
[1810]: (386.1109059344535,1)
[1811]: (393.3908181909856,1)
[1812]: (386.2930447664243,1)
[1813]: (400.0739655831579,1)
[1814]: (397.2018249451519,1)
[1815]: (397.4097571436288,1)
[1816]: (390.2633680483484,1)
[1817]: (390.8788024026255,1)
[1818]: (405.8459659257561,1)
[1819]: (393.0347581751827,1)
[1820]: (397.7694019739264,1)
[1821]: (392.1807154108695,1)
[1822]: (390.3232190647917,1)
[1823]: (393.0273646412626,1)
[1824]: (394.150140946982,1)
[1825]: (388.0207539329594,1)
[1826]: (389.1363167235347,1)
[1827]: (389.2409436180124,1)
[1828]: (402.6757338807539,1)
[1829]: (397.4376952355279,1)
[1830]: (393.4063426461477,1)
[1831]: (393.5268268941825,1)
[1832]: (394.1273143550839,1)
[1833]: (400.4159684532307,1)
[1834]: (394.6488304260971,1)
[1835]: (396.3297185085066,1)
[1836]: (404.1984207463397,1)
[1837]: (388.2957342508623,1)
[1838]: (398.4351508443985,1)
[1839]: (394.3279041936975,1)
[1840]: (397.5371750810522,1)
[1841]: (392.4481069619069,1)
[1842]: (387.3249983591449,1)
[1843]: (388.2783585274416,1)
[1844]: (389.6765566935957,1)
[1845]: (392.2319350139546,1)
[1846]: (391.9161600242422,1)
[1847]: (393.4556255554839,1)
[1848]: (388.2532217263651,1)
[1849]: (388.2477297032514,1)
[1850]: (396.2170838384631,1)
[1851]: (391.1412543656162,1)
[1852]: (390.5050026608302,1)
[1853]: (392.0099036117674,1)
[1854]: (391.0445206028057,1)
[1855]: (390.0946869254781,1)
[1856]: (396.0078645285398,1)
[1857]: (387.6112638536028,1)
[1858]: (395.0286460688467,1)
[1859]: (394.5526430401691,1)
[1860]: (392.1511642168276,1)
[1861]: (388.6330516188733,1)
[1862]: (390.628042291389,1)
[1863]: (394.9302621436124,1)
[1864]: (392.1807672436591,1)
[1865]: (392.3705230841517,1)
[1866]: (392.0228504355248,1)
[1867]: (394.0814472770074,1)
[1868]: (396.8562756951347,1)
[1869]: (400.0774673740502,1)
[1870]: (391.7318734308129,1)
[1871]: (394.0441334504535,1)
[1872]: (395.1380899774223,1)
[1873]: (395.0653021066485,1)
[1874]: (391.2610554682091,1)
[1875]: (394.0130768786229,1)
[1876]: (388.5838511308917,1)
[1877]: (392.3849394953363,1)
[1878]: (394.2111078527294,1)
[1879]: (396.2892179485323,1)
[1880]: (396.0012151883121,1)
[1881]: (393.1498847367675,1)
[1882]: (396.0170649638807,1)
[1883]: (398.0755243412075,1)
[1884]: (387.2079513342499,1)
[1885]: (389.4377942535778,1)
[1886]: (396.0526830366441,1)
[1887]: (389.0460626756371,1)
[1888]: (393.0686938763104,1)
[1889]: (389.0472909035463,1)
[1890]: (395.194825820987,1)
[1891]: (392.0499000619483,1)
[1892]: (394.5025090392704,1)
[1893]: (393.6842322782564,1)
[1894]: (397.4910135991724,1)
[1895]: (390.5676966190868,1)
[1896]: (396.8645321232984,1)
[1897]: (396.3329000408468,1)
[1898]: (396.2509292165238,1)
[1899]: (394.2243816437498,1)
[1900]: (392.4156498446324,1)
[1901]: (394.5620296849318,1)
[1902]: (391.0451660572612,1)
[1903]: (392.1041970795966,1)
[1904]: (394.0961740334159,1)
[1905]: (395.34318557826,1)
[1906]: (389.150294840392,1)
[1907]: (391.0321463247945,1)
[1908]: (391.7248463163465,1)
[1909]: (392.5009015674975,1)
[1910]: (388.6245146937485,1)
[1911]: (388.0341116300164,1)
[1912]: (393.5471696472119,1)
[1913]: (398.351306123768,1)
[1914]: (401.0910992028286,1)
[1915]: (396.2873661798,1)
[1916]: (393.0826777386999,1)
[1917]: (393.0089866637107,1)
[1918]: (393.0490768698463,1)
[1919]: (388.4949980867802,1)
[1920]: (393.9637002448432,1)
[1921]: (388.5241151566426,1)
[1922]: (387.9582865225354,1)
[1923]: (399.1339081806033,1)
[1924]: (393.4727962932392,1)
[1925]: (395.1782056034735,1)
[1926]: (396.7130550713496,1)
[1927]: (401.1861860276817,1)
[1928]: (397.6044913526623,1)
[1929]: (393.0510840716354,1)
[1930]: (390.1385900698105,1)
[1931]: (393.3437072783296,1)
[1932]: (388.0920795611121,1)
[1933]: (397.1601570026918,1)
[1934]: (394.0054990997762,1)
[1935]: (398.0759633797934,1)
[1936]: (396.3399159162095,1)
[1937]: (399.0904724829133,1)
[1938]: (387.1054532795093,1)
[1939]: (397.0176145277608,1)
[1940]: (389.3418802928878,1)
[1941]: (393.395406244542,1)
[1942]: (386.5273898958479,1)
[1943]: (392.0024039607283,1)
[1944]: (394.0562679927503,1)
[1945]: (395.3598648305408,1)
[1946]: (392.2942572935847,1)
[1947]: (397.0541601206052,1)
[1948]: (393.0135294805021,1)
[1949]: (391.5309523074098,1)
[1950]: (397.3203446647029,1)
[1951]: (395.3530226556674,1)
[1952]: (388.6874563686372,1)
[1953]: (394.033814660833,1)
[1954]: (392.8179182355478,1)
[1955]: (388.464859271537,1)
[1956]: (397.1675455101143,1)
[1957]: (390.1973513583741,1)
[1958]: (396.098435085439,1)
[1959]: (393.6022032266175,1)
[1960]: (390.5563923010511,1)
[1961]: (397.0540915997915,1)
[1962]: (401.4262054656643,1)
[1963]: (393.1545005033645,1)
[1964]: (399.0735686564423,1)
[1965]: (400.6711760349487,1)
[1966]: (389.2380012020612,1)
[1967]: (387.0551244409441,1)
[1968]: (388.0883734536028,1)
[1969]: (402.3152365873926,1)
[1970]: (394.0166636693975,1)
[1971]: (395.2160472947386,1)
[1972]: (393.7625310926555,1)
[1973]: (389.3726983267449,1)
[1974]: (396.242789288605,1)
[1975]: (387.344960361268,1)
[1976]: (397.1075541488756,1)
[1977]: (389.2794367449517,1)
[1978]: (398.1140588032443,1)
[1979]: (401.0534773683681,1)
[1980]: (394.0760146475943,1)
[1981]: (387.4618831670243,1)
[1982]: (389.1478824827429,1)
[1983]: (391.0451347477884,1)
[1984]: (396.3669891262651,1)
[1985]: (394.2023547127476,1)
[1986]: (388.1421488348785,1)
[1987]: (398.3882199782385,1)
[1988]: (391.0004421390254,1)
[1989]: (392.2789478246675,1)
[1990]: (390.1182784402387,1)
[1991]: (401.1558162054842,1)
[1992]: (394.2161528360456,1)
[1993]: (396.1392115860891,1)
[1994]: (393.0678780040863,1)
[1995]: (401.4118480725611,1)
[1996]: (397.0028835581826,1)
[1997]: (395.0027814101969,1)
[1998]: (398.8553062580385,1)
[1999]: (389.0825600220115,1)
 -- States explored : 0 states
 -- CPU user time used : 1052100 ms
 -- Virtual memory used : 113996100 KiB
 -- Resident memory used : 113955540 KiB
executionTime: 7570
