core file size          (blocks, -c) unlimited
data seg size           (kbytes, -d) unlimited
scheduling priority             (-e) 0
file size               (blocks, -f) unlimited
pending signals                 (-i) 4077086
max locked memory       (kbytes, -l) 64
max memory size         (kbytes, -m) 99614720
open files                      (-n) 4096
pipe size            (512 bytes, -p) 8
POSIX message queues     (bytes, -q) 819200
real-time priority              (-r) 0
stack size              (kbytes, -s) 8192
cpu time               (seconds, -t) unlimited
max user processes              (-u) 4077086
virtual memory          (kbytes, -v) 95000000
file locks                      (-x) unlimited
Options for the verification:
  Generating some trace
  Search order is random depth first
  Using conservative space optimisation
  Seed is 1556537740
  State space representation uses minimal constraint systems
  Using HashMap + Compress integers for discrete state storage

Verifying formula 1 at ../queries/SP_300_103_3.q:1
 -- Formula is satisfied.
(9000 runs)
Learning statistics for best strategy: 
	Number of resets: 0
	Number of iterations in last reset: 8
	Number of iterations in total: 8

 -- States explored : 0 states
 -- CPU user time used : 6966520 ms
 -- Virtual memory used : 61892252 KiB
 -- Resident memory used : 61850608 KiB

Verifying formula 2 at ../queries/SP_300_103_3.q:2
 -- Formula is satisfied.
Composer.Done:
[0]: (0,0) (567.4275676695308,1)
[1]: (568.3587092060468,1)
[2]: (561.2310641417099,1)
[3]: (556.8563586436422,1)
[4]: (560.2640746134491,1)
[5]: (563.1595023503197,1)
[6]: (565.124430026311,1)
[7]: (557.5091796073262,1)
[8]: (563.2898892726149,1)
[9]: (558.3825718967457,1)
[10]: (556.3537169904894,1)
[11]: (561.2038939756548,1)
[12]: (565.0055970706831,1)
[13]: (562.0672986227272,1)
[14]: (558.2395119579037,1)
[15]: (557.1703581555155,1)
[16]: (558.1954046659989,1)
[17]: (566.2540059544253,1)
[18]: (570.1844201992203,1)
[19]: (566.8525807853113,1)
[20]: (559.1140157133279,1)
[21]: (563.1597728372043,1)
[22]: (563.7723559995706,1)
[23]: (559.3617609032938,1)
[24]: (562.1151195884903,1)
[25]: (577.7423639205705,1)
[26]: (568.0885797424281,1)
[27]: (556.0834247217789,1)
[28]: (568.1208058552392,1)
[29]: (562.5277621970195,1)
[30]: (564.4528325097533,1)
[31]: (561.2440725690791,1)
[32]: (564.189391777559,1)
[33]: (563.0192900086151,1)
[34]: (562.0668100743844,1)
[35]: (565.1954238607764,1)
[36]: (570.0517193873044,1)
[37]: (558.58929305716,1)
[38]: (573.1029015614996,1)
[39]: (559.4224647140458,1)
[40]: (564.2200980477749,1)
[41]: (560.7296511859511,1)
[42]: (558.0067619217759,1)
[43]: (562.0195016056564,1)
[44]: (562.1957848855748,1)
[45]: (559.0685637167421,1)
[46]: (558.4283694193132,1)
[47]: (561.6291794709741,1)
[48]: (563.8799182159187,1)
[49]: (568.7211270648035,1)
[50]: (565.3147086290818,1)
[51]: (561.2870820456591,1)
[52]: (559.8578779242109,1)
[53]: (556.9111659222801,1)
[54]: (564.3487484147697,1)
[55]: (564.5894611356459,1)
[56]: (563.1798851117784,1)
[57]: (558.1172555748559,1)
[58]: (565.1625661210479,1)
[59]: (560.0645798032177,1)
[60]: (560.0626495891443,1)
[61]: (564.290948752418,1)
[62]: (561.0518960196322,1)
[63]: (560.297170737177,1)
[64]: (553.1451025767107,1)
[65]: (557.0193324833839,1)
[66]: (569.2618691267725,1)
[67]: (553.5033437578231,1)
[68]: (567.6870789112743,1)
[69]: (559.0013340865081,1)
[70]: (562.5567326323923,1)
[71]: (561.2385958480763,1)
[72]: (572.0231438203186,1)
[73]: (561.0296295905931,1)
[74]: (556.05315535686,1)
[75]: (559.0856710448888,1)
[76]: (562.0381827539907,1)
[77]: (570.6520189804394,1)
[78]: (554.4483614264194,1)
[79]: (559.1654025566102,1)
[80]: (563.1563920630466,1)
[81]: (566.282867125271,1)
[82]: (564.3715139066653,1)
[83]: (556.1189884082866,1)
[84]: (570.220811824631,1)
[85]: (566.2308002416694,1)
[86]: (559.7384064624956,1)
[87]: (565.1563322611993,1)
[88]: (561.1634723193837,1)
[89]: (565.9373556233498,1)
[90]: (559.871478671355,1)
[91]: (562.0219309451883,1)
[92]: (555.0023960095672,1)
[93]: (569.067467783811,1)
[94]: (572.3219929345853,1)
[95]: (554.048504859698,1)
[96]: (573.8165902821692,1)
[97]: (568.2299772697309,1)
[98]: (570.4689862764357,1)
[99]: (563.7112768679012,1)
[100]: (566.3139131899519,1)
[101]: (556.3093472016586,1)
[102]: (557.3427896310142,1)
[103]: (560.0532966109337,1)
[104]: (567.3083199862666,1)
[105]: (565.4265458006907,1)
[106]: (567.7641830333417,1)
[107]: (561.2290233539111,1)
[108]: (561.567373180163,1)
[109]: (562.3897423929773,1)
[110]: (563.5579202936261,1)
[111]: (560.2335207015385,1)
[112]: (563.1420730512295,1)
[113]: (557.1454124868011,1)
[114]: (563.0419131898612,1)
[115]: (566.1221402680093,1)
[116]: (562.3893918969762,1)
[117]: (560.5706747079332,1)
[118]: (553.2636185683874,1)
[119]: (561.1717421043252,1)
[120]: (560.5936091186043,1)
[121]: (569.2979250415087,1)
[122]: (557.5031647964751,1)
[123]: (570.0998047562068,1)
[124]: (567.1390181999788,1)
[125]: (558.286423302524,1)
[126]: (566.1224465362072,1)
[127]: (563.0761131639201,1)
[128]: (561.3153074977581,1)
[129]: (570.3136232893855,1)
[130]: (559.185660224506,1)
[131]: (563.1303229870667,1)
[132]: (558.0780979000442,1)
[133]: (558.3048352094177,1)
[134]: (566.0003495531076,1)
[135]: (557.0186747682746,1)
[136]: (562.0064789631176,1)
[137]: (566.4082065340315,1)
[138]: (564.0765622108783,1)
[139]: (561.0489910577154,1)
[140]: (565.2135945734507,1)
[141]: (564.2272686688854,1)
[142]: (561.0466915583722,1)
[143]: (556.6397974721582,1)
[144]: (566.8758358052451,1)
[145]: (559.3511923108729,1)
[146]: (559.0430047374871,1)
[147]: (560.4802398879134,1)
[148]: (553.0301926164992,1)
[149]: (562.0917969261023,1)
[150]: (570.3583496192674,1)
[151]: (560.0306624558154,1)
[152]: (563.4461740319864,1)
[153]: (565.3303118043154,1)
[154]: (563.0800051299375,1)
[155]: (565.2674649555272,1)
[156]: (564.6842363013146,1)
[157]: (557.3781419539871,1)
[158]: (569.5279134450747,1)
[159]: (559.2850827445691,1)
[160]: (557.1606141527967,1)
[161]: (560.5241553114888,1)
[162]: (554.3252155579224,1)
[163]: (558.2813341536626,1)
[164]: (560.8459425369583,1)
[165]: (567.0743193569608,1)
[166]: (559.180801229771,1)
[167]: (563.1454237227587,1)
[168]: (557.2912522102098,1)
[169]: (574.6204889292495,1)
[170]: (558.183229916492,1)
[171]: (560.1444701693522,1)
[172]: (568.1733480850816,1)
[173]: (563.0305866340289,1)
[174]: (556.2838075520995,1)
[175]: (560.4279004713586,1)
[176]: (568.3997762109269,1)
[177]: (559.7502800798596,1)
[178]: (562.0619052403384,1)
[179]: (556.6881165535364,1)
[180]: (557.2714923624853,1)
[181]: (560.1342747584088,1)
[182]: (556.0342072202631,1)
[183]: (563.4010942376449,1)
[184]: (567.2148930456092,1)
[185]: (562.5585928106539,1)
[186]: (569.5253126575758,1)
[187]: (557.5715460022288,1)
[188]: (564.8150936320363,1)
[189]: (567.1795580252295,1)
[190]: (560.1595521221861,1)
[191]: (566.0252499392105,1)
[192]: (555.1770962841471,1)
[193]: (557.1231380359636,1)
[194]: (564.1082352943433,1)
[195]: (565.4088597920555,1)
[196]: (557.2325221570538,1)
[197]: (557.3861222349434,1)
[198]: (568.2420822803474,1)
[199]: (562.0577837818528,1)
[200]: (573.4479433436131,1)
[201]: (566.1033941846608,1)
[202]: (566.1551245177021,1)
[203]: (557.0958048883145,1)
[204]: (562.321891860341,1)
[205]: (561.8710930139625,1)
[206]: (559.1886127130701,1)
[207]: (562.2601298262142,1)
[208]: (565.4501131417527,1)
[209]: (558.0045044925783,1)
[210]: (555.0617167554462,1)
[211]: (558.6308142858288,1)
[212]: (569.196058939407,1)
[213]: (555.2975192378276,1)
[214]: (568.053506067675,1)
[215]: (557.0455910609558,1)
[216]: (560.135333854969,1)
[217]: (572.0177917710582,1)
[218]: (554.0297292978408,1)
[219]: (562.5498139241572,1)
[220]: (570.4976608737512,1)
[221]: (562.2908904010252,1)
[222]: (558.1790294584191,1)
[223]: (559.133589148907,1)
[224]: (577.0079330730065,1)
[225]: (578.1517020560103,1)
[226]: (570.432314891846,1)
[227]: (565.478903586073,1)
[228]: (558.0517016704986,1)
[229]: (563.1123285356251,1)
[230]: (575.1040600413713,1)
[231]: (557.1354310031509,1)
[232]: (561.0912047457671,1)
[233]: (567.3897355576581,1)
[234]: (566.1000320543719,1)
[235]: (564.303145482024,1)
[236]: (568.0051998734907,1)
[237]: (561.4239106327657,1)
[238]: (570.4891873845268,1)
[239]: (566.1806459901951,1)
[240]: (563.7276421126012,1)
[241]: (562.2353824738293,1)
[242]: (559.0130896112339,1)
[243]: (575.2423368936903,1)
[244]: (570.1290694182895,1)
[245]: (572.1810589800447,1)
[246]: (554.0415392715033,1)
[247]: (562.3529199981945,1)
[248]: (558.3484899500124,1)
[249]: (563.0096533155984,1)
[250]: (556.0562949258351,1)
[251]: (562.0570595434979,1)
[252]: (555.7915190223878,1)
[253]: (561.0997374485596,1)
[254]: (563.414630592291,1)
[255]: (557.1845482539105,1)
[256]: (565.3593454887457,1)
[257]: (562.3676570053075,1)
[258]: (563.0037723918248,1)
[259]: (567.2751688078258,1)
[260]: (565.2982182319859,1)
[261]: (557.1613839107167,1)
[262]: (565.354732675169,1)
[263]: (564.266885574908,1)
[264]: (563.8224171678246,1)
[265]: (558.7793279512156,1)
[266]: (564.0136007638438,1)
[267]: (559.0243092305448,1)
[268]: (559.100245228905,1)
[269]: (564.1943225884569,1)
[270]: (563.8561550199796,1)
[271]: (558.255072244918,1)
[272]: (555.0582018704138,1)
[273]: (556.0076382834184,1)
[274]: (555.5982015538621,1)
[275]: (562.1564712143203,1)
[276]: (561.2194849585485,1)
[277]: (566.0041316405354,1)
[278]: (559.2620117802792,1)
[279]: (557.0215881267131,1)
[280]: (563.0562660774461,1)
[281]: (558.4039462691759,1)
[282]: (567.1493765416147,1)
[283]: (559.2060161333071,1)
[284]: (559.1136853858466,1)
[285]: (565.8225890804493,1)
[286]: (577.0967487157427,1)
[287]: (557.1866344514318,1)
[288]: (564.3127607155906,1)
[289]: (571.8415431014254,1)
[290]: (560.9043005431049,1)
[291]: (559.2012940417196,1)
[292]: (564.4917781114635,1)
[293]: (558.2819869086868,1)
[294]: (564.112550674983,1)
[295]: (577.0557548227025,1)
[296]: (567.4814588984083,1)
[297]: (567.7203560013475,1)
[298]: (564.2118660083078,1)
[299]: (563.200378448775,1)
[300]: (565.3498063683163,1)
[301]: (556.6364026224028,1)
[302]: (558.3344604875151,1)
[303]: (556.1308111788437,1)
[304]: (553.3656653452786,1)
[305]: (570.2081977317,1)
[306]: (561.3542922334827,1)
[307]: (556.1475716096993,1)
[308]: (557.0513617618504,1)
[309]: (559.278962277301,1)
[310]: (564.7834518536763,1)
[311]: (572.0630987659513,1)
[312]: (570.4449960603725,1)
[313]: (564.0550041138605,1)
[314]: (557.0754075990728,1)
[315]: (570.026144964492,1)
[316]: (556.2687915205572,1)
[317]: (563.1767853116903,1)
[318]: (564.4912745854047,1)
[319]: (563.6981739041782,1)
[320]: (568.1155993102009,1)
[321]: (557.3981095601005,1)
[322]: (563.0945132678647,1)
[323]: (563.2238577973529,1)
[324]: (556.7301765123801,1)
[325]: (557.7439567972297,1)
[326]: (560.1029474899427,1)
[327]: (571.0231696902053,1)
[328]: (569.091846060275,1)
[329]: (572.1655057925274,1)
[330]: (571.3424436908483,1)
[331]: (558.6453040492361,1)
[332]: (558.2886262296394,1)
[333]: (559.49537102303,1)
[334]: (561.2703006326699,1)
[335]: (560.1433052663613,1)
[336]: (559.0599217527176,1)
[337]: (569.8214980743069,1)
[338]: (560.6304893829604,1)
[339]: (555.0507797620749,1)
[340]: (568.0715176432158,1)
[341]: (560.2684979441076,1)
[342]: (557.0685591576301,1)
[343]: (565.131126311057,1)
[344]: (563.2478047205202,1)
[345]: (563.6693603039407,1)
[346]: (563.1412325587598,1)
[347]: (563.0531664186542,1)
[348]: (559.686537682431,1)
[349]: (564.2820634700238,1)
[350]: (563.1459311558359,1)
[351]: (567.0931806988862,1)
[352]: (565.3198210232366,1)
[353]: (571.5630143667626,1)
[354]: (559.0073606291259,1)
[355]: (562.0595111042718,1)
[356]: (562.0985810573114,1)
[357]: (558.1794312252215,1)
[358]: (562.8008344107653,1)
[359]: (575.3563919673737,1)
[360]: (570.647247892118,1)
[361]: (560.1876205958202,1)
[362]: (558.7211764228589,1)
[363]: (566.3201160178349,1)
[364]: (563.5694649328562,1)
[365]: (567.2515157287929,1)
[366]: (561.4604536160745,1)
[367]: (557.0953376736243,1)
[368]: (561.10135486027,1)
[369]: (565.7526318054539,1)
[370]: (562.021566585496,1)
[371]: (565.0742990960453,1)
[372]: (571.1815951579129,1)
[373]: (558.3145927118831,1)
[374]: (562.1588910671692,1)
[375]: (557.3175077612383,1)
[376]: (559.1747874017775,1)
[377]: (562.2691068340972,1)
[378]: (563.080407667031,1)
[379]: (567.2962617768748,1)
[380]: (564.2225858496047,1)
[381]: (556.2074202794022,1)
[382]: (558.0268965701085,1)
[383]: (559.4298811294919,1)
[384]: (560.3521582033958,1)
[385]: (563.1159381064805,1)
[386]: (556.2476984413837,1)
[387]: (569.1054516303799,1)
[388]: (559.0528715065622,1)
[389]: (564.3244757436618,1)
[390]: (565.2421558256598,1)
[391]: (565.0690230946561,1)
[392]: (562.8194633537498,1)
[393]: (565.1785006909795,1)
[394]: (560.0468323003258,1)
[395]: (557.0876680800392,1)
[396]: (570.014322381483,1)
[397]: (557.4560143542528,1)
[398]: (563.0229520069438,1)
[399]: (565.4392280671808,1)
[400]: (561.2797430514704,1)
[401]: (555.0346408393208,1)
[402]: (560.1024286131689,1)
[403]: (567.0039930548187,1)
[404]: (559.857563395251,1)
[405]: (557.5626911057243,1)
[406]: (572.8030546820546,1)
[407]: (575.2444835019859,1)
[408]: (562.7335935240071,1)
[409]: (564.4121189166933,1)
[410]: (575.4393118223857,1)
[411]: (564.0310510975269,1)
[412]: (569.0296561209228,1)
[413]: (558.3777286640815,1)
[414]: (570.3847373948574,1)
[415]: (570.493233395936,1)
[416]: (557.0306406252596,1)
[417]: (562.6662300189309,1)
[418]: (561.2601626061488,1)
[419]: (558.2485820591377,1)
[420]: (569.069195795678,1)
[421]: (580.2922486001429,1)
[422]: (554.4497594161987,1)
[423]: (562.6243177421926,1)
[424]: (563.2962699865909,1)
[425]: (571.1542580379905,1)
[426]: (565.3069451336139,1)
[427]: (570.4507864535739,1)
[428]: (569.497541876079,1)
[429]: (561.242405933782,1)
[430]: (568.2264756408147,1)
[431]: (562.245159509681,1)
[432]: (571.1344069419412,1)
[433]: (557.4565685531603,1)
[434]: (555.2158315400478,1)
[435]: (573.4961091514033,1)
[436]: (569.3012263771456,1)
[437]: (568.1701019771092,1)
[438]: (563.178357340755,1)
[439]: (564.3214631651225,1)
[440]: (562.0118282603952,1)
[441]: (564.1476653837692,1)
[442]: (559.034943552933,1)
[443]: (557.4807230570403,1)
[444]: (566.1547263245669,1)
[445]: (561.4137654959339,1)
[446]: (554.5743934123996,1)
[447]: (568.3860395479925,1)
[448]: (564.0874669548657,1)
[449]: (555.0564762297865,1)
[450]: (563.7686782837408,1)
[451]: (567.1837529930804,1)
[452]: (557.2887693234834,1)
[453]: (574.1548073049618,1)
[454]: (564.1459535773073,1)
[455]: (560.1797250372049,1)
[456]: (561.1874220007259,1)
[457]: (555.1534308975217,1)
[458]: (555.3882379795331,1)
[459]: (563.5051913436778,1)
[460]: (561.0894778984,1)
[461]: (564.345926318889,1)
[462]: (558.0634122542542,1)
[463]: (559.5779420605005,1)
[464]: (561.0602517044759,1)
[465]: (560.3210403573408,1)
[466]: (560.1879950575933,1)
[467]: (558.3842156053802,1)
[468]: (559.1980196868974,1)
[469]: (558.2933696399963,1)
[470]: (559.4181636689792,1)
[471]: (554.2615573912791,1)
[472]: (556.5951151917317,1)
[473]: (561.1297614303035,1)
[474]: (555.0965339664592,1)
[475]: (565.3055185538925,1)
[476]: (555.3681173876968,1)
[477]: (553.6071301288498,1)
[478]: (559.1337372842848,1)
[479]: (557.2018471975326,1)
[480]: (555.5623151959237,1)
[481]: (561.2454905475958,1)
[482]: (563.6139030425979,1)
[483]: (557.1236586593135,1)
[484]: (555.4238611512003,1)
[485]: (568.5041376488318,1)
[486]: (560.1885073868096,1)
[487]: (566.0256210095597,1)
[488]: (559.2912177602415,1)
[489]: (558.4860783967042,1)
[490]: (575.0871462212357,1)
[491]: (559.8581829614232,1)
[492]: (562.3199563236151,1)
[493]: (565.466676626784,1)
[494]: (558.158157328161,1)
[495]: (562.1208625507837,1)
[496]: (557.7494831611198,1)
[497]: (570.0305803649944,1)
[498]: (557.1607685789406,1)
[499]: (567.0317681947084,1)
[500]: (563.0805389989638,1)
[501]: (562.0055756768688,1)
[502]: (564.0535786715388,1)
[503]: (559.3318907931753,1)
[504]: (566.2066823706166,1)
[505]: (556.3235961805474,1)
[506]: (555.1153236167489,1)
[507]: (561.0545727708899,1)
[508]: (562.4082794564791,1)
[509]: (562.3162586175257,1)
[510]: (559.1251210830552,1)
[511]: (562.2729362704086,1)
[512]: (557.578889344713,1)
[513]: (562.847355483518,1)
[514]: (565.1406700317673,1)
[515]: (564.0402975091578,1)
[516]: (556.5570617453114,1)
[517]: (558.0006688462657,1)
[518]: (560.9599135795812,1)
[519]: (554.4814567329245,1)
[520]: (569.0409715576209,1)
[521]: (558.274788855147,1)
[522]: (567.061546335172,1)
[523]: (564.0518058905503,1)
[524]: (558.647912434565,1)
[525]: (559.1270785221448,1)
[526]: (559.2349429179002,1)
[527]: (577.5750883162971,1)
[528]: (558.174411165843,1)
[529]: (566.7884876190988,1)
[530]: (565.526426263596,1)
[531]: (559.2508952616888,1)
[532]: (566.1670618358822,1)
[533]: (557.6660163244719,1)
[534]: (557.0229039825986,1)
[535]: (562.5028966240529,1)
[536]: (554.99130829306,1)
[537]: (574.2292977978467,1)
[538]: (559.1753559701833,1)
[539]: (564.0719320510705,1)
[540]: (568.2379543683858,1)
[541]: (558.336127671267,1)
[542]: (567.2912080916752,1)
[543]: (570.1153779812465,1)
[544]: (562.1826907204041,1)
[545]: (565.629825677671,1)
[546]: (559.1960822138644,1)
[547]: (562.0459365651212,1)
[548]: (576.6864518425479,1)
[549]: (565.1956396641325,1)
[550]: (558.0669247213096,1)
[551]: (573.1542581370202,1)
[552]: (558.4278925662641,1)
[553]: (570.1894103623019,1)
[554]: (572.405715236457,1)
[555]: (557.099334384022,1)
[556]: (562.0071733217853,1)
[557]: (557.1841252551119,1)
[558]: (561.6434816699409,1)
[559]: (568.0517861768219,1)
[560]: (554.3188973837774,1)
[561]: (565.6876656793678,1)
[562]: (561.0108494118451,1)
[563]: (555.1909866894467,1)
[564]: (564.082983953795,1)
[565]: (561.4567404670723,1)
[566]: (559.3200954515329,1)
[567]: (558.3498857440522,1)
[568]: (573.3618928138114,1)
[569]: (563.0163068844587,1)
[570]: (566.197608744628,1)
[571]: (574.7491128889982,1)
[572]: (563.2161143742147,1)
[573]: (557.0812902986314,1)
[574]: (558.4149112875468,1)
[575]: (558.2019268467986,1)
[576]: (561.2947674985452,1)
[577]: (555.6525404849541,1)
[578]: (561.0123343656472,1)
[579]: (581.0580797666142,1)
[580]: (563.1854945455686,1)
[581]: (572.6318423056111,1)
[582]: (562.4887012942802,1)
[583]: (560.0135733799382,1)
[584]: (565.1614746232549,1)
[585]: (554.4471530541988,1)
[586]: (559.6084538938355,1)
[587]: (562.2009744725276,1)
[588]: (561.1963351936834,1)
[589]: (560.448779293347,1)
[590]: (555.1814406846182,1)
[591]: (564.3561342300176,1)
[592]: (564.5064478879194,1)
[593]: (567.2475674825332,1)
[594]: (566.1795538044186,1)
[595]: (570.1819372883148,1)
[596]: (565.0595924286981,1)
[597]: (562.1304422769264,1)
[598]: (560.0982275731782,1)
[599]: (559.0369499766351,1)
[600]: (555.0145852758254,1)
[601]: (566.0831746292688,1)
[602]: (563.6793603753429,1)
[603]: (565.4310452923667,1)
[604]: (558.4058681328007,1)
[605]: (564.6336906252442,1)
[606]: (570.3428238925341,1)
[607]: (566.5206644186218,1)
[608]: (565.0909429037627,1)
[609]: (572.0593391055722,1)
[610]: (554.2080542335923,1)
[611]: (558.0315159236474,1)
[612]: (564.1816445887646,1)
[613]: (562.4531455408646,1)
[614]: (564.9207778318776,1)
[615]: (566.5773813644256,1)
[616]: (570.4281500334778,1)
[617]: (559.234270977073,1)
[618]: (557.25573590018,1)
[619]: (560.2234400483765,1)
[620]: (557.0464787581134,1)
[621]: (568.2269824952052,1)
[622]: (561.0421803856825,1)
[623]: (563.5525117128594,1)
[624]: (565.1366677778923,1)
[625]: (563.0505725668958,1)
[626]: (559.9961779834223,1)
[627]: (570.3835027522059,1)
[628]: (555.0597530103714,1)
[629]: (564.4870513888667,1)
[630]: (565.4276903572464,1)
[631]: (564.7585353918112,1)
[632]: (559.2578846590812,1)
[633]: (564.1392937740669,1)
[634]: (573.1800252566835,1)
[635]: (565.4455763688438,1)
[636]: (568.2434085018211,1)
[637]: (557.7396996141655,1)
[638]: (559.0161981597446,1)
[639]: (563.3941720083457,1)
[640]: (564.0914826389245,1)
[641]: (565.3307917214393,1)
[642]: (559.2323609285228,1)
[643]: (564.4192671142588,1)
[644]: (567.2443779708977,1)
[645]: (555.8213270503373,1)
[646]: (559.0458668727416,1)
[647]: (564.1058309197006,1)
[648]: (576.0904723515837,1)
[649]: (562.1689813543028,1)
[650]: (568.2943565915272,1)
[651]: (564.0279445604184,1)
[652]: (562.1932624780654,1)
[653]: (560.5971989008065,1)
[654]: (558.3618316366679,1)
[655]: (562.110982189772,1)
[656]: (558.0537944981502,1)
[657]: (556.0809244040344,1)
[658]: (564.0190068976358,1)
[659]: (560.1418775182029,1)
[660]: (560.4402138005778,1)
[661]: (563.6927364521066,1)
[662]: (560.0173491109896,1)
[663]: (559.0927340612425,1)
[664]: (566.0335888528623,1)
[665]: (562.3068954353747,1)
[666]: (565.0513909552807,1)
[667]: (561.1175549755056,1)
[668]: (568.1445467724943,1)
[669]: (567.20010075045,1)
[670]: (560.2230907006635,1)
[671]: (558.2045284383577,1)
[672]: (576.6421194691131,1)
[673]: (569.1208678029112,1)
[674]: (574.3872227069919,1)
[675]: (556.0443935666069,1)
[676]: (560.2306425004745,1)
[677]: (565.129815363123,1)
[678]: (572.4528958247721,1)
[679]: (556.2921391924021,1)
[680]: (565.0255532831685,1)
[681]: (570.0642916631989,1)
[682]: (558.2723757765624,1)
[683]: (561.21735912595,1)
[684]: (563.0449161675326,1)
[685]: (565.0347946907301,1)
[686]: (558.57360726951,1)
[687]: (576.1130723674775,1)
[688]: (570.0440031463161,1)
[689]: (561.2928280224709,1)
[690]: (555.0049039957432,1)
[691]: (561.095594603453,1)
[692]: (555.1469392993167,1)
[693]: (568.2803312873241,1)
[694]: (570.1438665111286,1)
[695]: (561.3115958682627,1)
[696]: (567.0255798995022,1)
[697]: (561.0242985281975,1)
[698]: (559.1770144644139,1)
[699]: (557.3635552640709,1)
[700]: (565.2814200347752,1)
[701]: (565.5120279345522,1)
[702]: (560.7584125851124,1)
[703]: (557.2443106943078,1)
[704]: (559.0481663146167,1)
[705]: (566.8113720827787,1)
[706]: (569.1529078631539,1)
[707]: (560.1189153812584,1)
[708]: (562.3994156187644,1)
[709]: (560.0937794907927,1)
[710]: (558.5025606231649,1)
[711]: (571.1045613266811,1)
[712]: (565.1490104508464,1)
[713]: (558.0000924005205,1)
[714]: (574.303161584492,1)
[715]: (561.4188162574231,1)
[716]: (558.1669771369562,1)
[717]: (562.1738302211742,1)
[718]: (567.1275705781426,1)
[719]: (556.6272058249497,1)
[720]: (558.2893066945505,1)
[721]: (555.9191409119286,1)
[722]: (558.3118961541028,1)
[723]: (564.0587995881172,1)
[724]: (573.2422025704116,1)
[725]: (554.7107497036252,1)
[726]: (567.879502144232,1)
[727]: (562.1913289274374,1)
[728]: (578.2996829133931,1)
[729]: (566.3422419377468,1)
[730]: (567.1983435926869,1)
[731]: (558.0559187341693,1)
[732]: (560.7132817927215,1)
[733]: (559.9901515880235,1)
[734]: (574.0817219921345,1)
[735]: (556.178098738418,1)
[736]: (560.2609863270452,1)
[737]: (557.0352869228759,1)
[738]: (555.4617503690581,1)
[739]: (562.2188169858331,1)
[740]: (560.3372428027009,1)
[741]: (562.0624257867361,1)
[742]: (566.603134374834,1)
[743]: (563.1355721466012,1)
[744]: (559.4588697659015,1)
[745]: (565.3762984791462,1)
[746]: (557.0699740603546,1)
[747]: (570.4865000369309,1)
[748]: (555.0908813091991,1)
[749]: (559.286622524865,1)
[750]: (559.5312839760329,1)
[751]: (564.1258087984593,1)
[752]: (556.1045292022246,1)
[753]: (558.1623832552053,1)
[754]: (558.6331546448876,1)
[755]: (576.5919183046067,1)
[756]: (565.4474815054203,1)
[757]: (560.8050391214483,1)
[758]: (559.2859189619942,1)
[759]: (561.3418406700042,1)
[760]: (558.6038705152359,1)
[761]: (561.2223372314046,1)
[762]: (559.0963615084364,1)
[763]: (570.2589946150172,1)
[764]: (558.2257700501298,1)
[765]: (563.094906040444,1)
[766]: (565.0198106341932,1)
[767]: (562.0008979905518,1)
[768]: (560.0180017427091,1)
[769]: (555.0505309831598,1)
[770]: (567.0950392036222,1)
[771]: (570.2418341207157,1)
[772]: (560.3755820674987,1)
[773]: (561.1394819638614,1)
[774]: (564.5769168209875,1)
[775]: (558.158561546799,1)
[776]: (565.2091169148073,1)
[777]: (556.1873022193126,1)
[778]: (558.6849897512433,1)
[779]: (565.7533468219591,1)
[780]: (559.4989549383581,1)
[781]: (565.104371393152,1)
[782]: (562.4909357888247,1)
[783]: (561.0536903179968,1)
[784]: (560.2290268512191,1)
[785]: (560.267800446509,1)
[786]: (561.0191996581705,1)
[787]: (557.5933813596265,1)
[788]: (555.1420323520091,1)
[789]: (555.2004791210002,1)
[790]: (560.1165107695208,1)
[791]: (565.2471324937427,1)
[792]: (555.1182199575441,1)
[793]: (565.4302126286983,1)
[794]: (560.1678310982386,1)
[795]: (566.0204125337725,1)
[796]: (557.7953047042242,1)
[797]: (565.2609267532129,1)
[798]: (567.5830778973523,1)
[799]: (560.2646317251356,1)
[800]: (561.2686746110824,1)
[801]: (562.5872138971474,1)
[802]: (563.0060049968434,1)
[803]: (563.6762110684051,1)
[804]: (560.0833143578633,1)
[805]: (567.6347286827092,1)
[806]: (566.2352052219991,1)
[807]: (561.4806893456447,1)
[808]: (560.8599167283093,1)
[809]: (557.0088554555992,1)
[810]: (557.2822092950879,1)
[811]: (555.3093512691521,1)
[812]: (563.2141383074128,1)
[813]: (572.1748299154716,1)
[814]: (573.2204941634058,1)
[815]: (564.2066210408184,1)
[816]: (563.2686541287748,1)
[817]: (562.1393027587849,1)
[818]: (554.0677341731802,1)
[819]: (557.1395946242804,1)
[820]: (565.6922089658843,1)
[821]: (559.0916807421293,1)
[822]: (564.3326739032195,1)
[823]: (565.3666324745518,1)
[824]: (562.365568066166,1)
[825]: (560.0050795494967,1)
[826]: (560.2899007048372,1)
[827]: (584.2080026048405,1)
[828]: (561.1442921395483,1)
[829]: (564.0484896050388,1)
[830]: (558.007789108725,1)
[831]: (562.3526669118895,1)
[832]: (563.9605447464942,1)
[833]: (558.1995987424115,1)
[834]: (554.0014697638999,1)
[835]: (562.0293613717645,1)
[836]: (561.0937553625852,1)
[837]: (559.575195862933,1)
[838]: (566.1699727423436,1)
[839]: (565.2830807356588,1)
[840]: (562.2723099466828,1)
[841]: (567.1541915641202,1)
[842]: (561.1607323383701,1)
[843]: (561.5547076970212,1)
[844]: (561.0374325983817,1)
[845]: (570.3850213705675,1)
[846]: (559.0453900625616,1)
[847]: (564.0642109775758,1)
[848]: (559.1915868101081,1)
[849]: (565.1549873084515,1)
[850]: (572.0048517317848,1)
[851]: (565.3436061874963,1)
[852]: (558.673086995995,1)
[853]: (555.488485032488,1)
[854]: (565.5450892453171,1)
[855]: (565.0102592394907,1)
[856]: (553.2954031985179,1)
[857]: (557.0368996215949,1)
[858]: (568.1140433280423,1)
[859]: (560.1335106454729,1)
[860]: (557.296927228385,1)
[861]: (560.3710217181945,1)
[862]: (568.4289235916872,1)
[863]: (562.3937318416729,1)
[864]: (561.3485317334353,1)
[865]: (563.3332661514648,1)
[866]: (561.6095880151165,1)
[867]: (560.0028479148931,1)
[868]: (576.2632754950013,1)
[869]: (568.005956565016,1)
[870]: (557.1857885523066,1)
[871]: (567.0706177793008,1)
[872]: (568.1410169000172,1)
[873]: (562.3680107388022,1)
[874]: (557.4113898705108,1)
[875]: (560.6482616541895,1)
[876]: (565.0969552203138,1)
[877]: (562.273964811946,1)
[878]: (555.4170612391507,1)
[879]: (571.1508831067241,1)
[880]: (560.197882237706,1)
[881]: (563.33123389906,1)
[882]: (559.247907260325,1)
[883]: (567.0672412370786,1)
[884]: (558.2206062594951,1)
[885]: (560.1813807405707,1)
[886]: (566.2614752819948,1)
[887]: (559.0892250144377,1)
[888]: (560.1320906004298,1)
[889]: (561.6409653664319,1)
[890]: (556.1864084062181,1)
[891]: (558.2301715041644,1)
[892]: (567.4066591253852,1)
[893]: (553.2202619704927,1)
[894]: (569.0870240737861,1)
[895]: (569.0932129639508,1)
[896]: (570.0353286554031,1)
[897]: (563.3653462177314,1)
[898]: (578.3460288240989,1)
[899]: (566.3215021873721,1)
[900]: (559.2505108612572,1)
[901]: (565.2888520531666,1)
[902]: (561.5756620766256,1)
[903]: (558.1580930993779,1)
[904]: (571.0130417022655,1)
[905]: (571.1132999427206,1)
[906]: (573.1767077759649,1)
[907]: (570.4270954376668,1)
[908]: (560.0759032510391,1)
[909]: (559.2911021627684,1)
[910]: (566.0787672583979,1)
[911]: (559.3199794296189,1)
[912]: (560.0339429239122,1)
[913]: (556.2690733741659,1)
[914]: (564.1957728142314,1)
[915]: (564.1010872176962,1)
[916]: (561.1211149201065,1)
[917]: (564.4401515772213,1)
[918]: (560.4521231158432,1)
[919]: (569.1076441596449,1)
[920]: (562.0409803836329,1)
[921]: (564.7600564049915,1)
[922]: (559.0304200733115,1)
[923]: (555.0763675180405,1)
[924]: (561.287940102056,1)
[925]: (568.3415724525576,1)
[926]: (557.6516817587606,1)
[927]: (572.4672248493099,1)
[928]: (569.8520366557681,1)
[929]: (568.2850168979601,1)
[930]: (565.1195354630013,1)
[931]: (555.0091285003585,1)
[932]: (562.034887348722,1)
[933]: (568.2271939350342,1)
[934]: (566.8455722207426,1)
[935]: (567.1597891470224,1)
[936]: (566.096729495964,1)
[937]: (565.0643222558001,1)
[938]: (573.0527274463027,1)
[939]: (560.2061493198842,1)
[940]: (559.6914177057221,1)
[941]: (563.1815603359018,1)
[942]: (560.8650341824028,1)
[943]: (569.10740140103,1)
[944]: (566.2563278346324,1)
[945]: (572.2286175456196,1)
[946]: (565.0825915889556,1)
[947]: (559.0893861250798,1)
[948]: (562.5748961609576,1)
[949]: (565.0168209377468,1)
[950]: (562.1432646964539,1)
[951]: (554.0251791022777,1)
[952]: (563.3013570760199,1)
[953]: (562.0438831763687,1)
[954]: (573.1176974034879,1)
[955]: (561.2062392387311,1)
[956]: (555.0339373516229,1)
[957]: (574.0503992507918,1)
[958]: (561.6385397594826,1)
[959]: (556.2348259861775,1)
[960]: (559.2221178354258,1)
[961]: (556.0507786279554,1)
[962]: (561.2159596570752,1)
[963]: (563.4818621404271,1)
[964]: (575.1286520795636,1)
[965]: (561.4660042190592,1)
[966]: (556.5134587616552,1)
[967]: (566.008238946337,1)
[968]: (560.0007578878923,1)
[969]: (556.2387342887371,1)
[970]: (557.3322657626626,1)
[971]: (555.2458814655014,1)
[972]: (553.3502171041951,1)
[973]: (555.271358584706,1)
[974]: (571.0132601563243,1)
[975]: (566.9450351602642,1)
[976]: (563.2081703817711,1)
[977]: (568.8748587872458,1)
[978]: (553.3110799162039,1)
[979]: (558.333815552275,1)
[980]: (557.3637214618949,1)
[981]: (558.9790939445064,1)
[982]: (565.2954684362488,1)
[983]: (568.2401436631776,1)
[984]: (557.1478668687512,1)
[985]: (556.6727079084209,1)
[986]: (565.4032327769686,1)
[987]: (561.0606103823512,1)
[988]: (561.133730937997,1)
[989]: (556.2828185833839,1)
[990]: (558.1151771234773,1)
[991]: (560.3856984329528,1)
[992]: (568.2963832382273,1)
[993]: (566.1022183261798,1)
[994]: (563.2754231256447,1)
[995]: (558.0988732076727,1)
[996]: (562.5614218882924,1)
[997]: (554.414895249627,1)
[998]: (557.0139820071265,1)
[999]: (574.0570661699488,1)
[1000]: (563.6169340534377,1)
[1001]: (581.8997293901984,1)
[1002]: (563.0101626155059,1)
[1003]: (562.6405164662918,1)
[1004]: (565.19093582267,1)
[1005]: (564.5303079317363,1)
[1006]: (573.1898448841251,1)
[1007]: (558.2593127669893,1)
[1008]: (560.64620745302,1)
[1009]: (566.9472660306458,1)
[1010]: (558.1678573036742,1)
[1011]: (562.5019847098212,1)
[1012]: (559.1566652154196,1)
[1013]: (562.3751568824259,1)
[1014]: (558.0249238356122,1)
[1015]: (556.5213877160181,1)
[1016]: (557.308538491414,1)
[1017]: (566.2019379953027,1)
[1018]: (566.3686010855647,1)
[1019]: (571.3973876564979,1)
[1020]: (568.0075767896185,1)
[1021]: (563.4083016976691,1)
[1022]: (562.3208866944728,1)
[1023]: (570.399188634301,1)
[1024]: (566.2008321442804,1)
[1025]: (560.1899611687023,1)
[1026]: (563.0120165158736,1)
[1027]: (562.3474211844488,1)
[1028]: (561.052606560226,1)
[1029]: (566.7880798541978,1)
[1030]: (563.234713247355,1)
[1031]: (564.9124186535815,1)
[1032]: (564.0906470528909,1)
[1033]: (561.3212379542048,1)
[1034]: (560.2586253886001,1)
[1035]: (557.2154231222282,1)
[1036]: (561.5157088527203,1)
[1037]: (565.3226381623078,1)
[1038]: (559.1184657911211,1)
[1039]: (575.0248710299576,1)
[1040]: (575.3596113823945,1)
[1041]: (563.0005425922831,1)
[1042]: (560.458757321298,1)
[1043]: (562.0410380619236,1)
[1044]: (562.4265991121059,1)
[1045]: (565.2941552271839,1)
[1046]: (565.3080092860072,1)
[1047]: (559.7387625527665,1)
[1048]: (560.155028737177,1)
[1049]: (562.0042677490992,1)
[1050]: (572.0261014446814,1)
[1051]: (575.5209088806879,1)
[1052]: (567.2049290392777,1)
[1053]: (559.1859203119698,1)
[1054]: (559.2796241803696,1)
[1055]: (559.0490542072831,1)
[1056]: (557.2722587924534,1)
[1057]: (562.1739788979062,1)
[1058]: (558.7273553707014,1)
[1059]: (557.0047852532265,1)
[1060]: (560.9957128328592,1)
[1061]: (555.325611487346,1)
[1062]: (560.3174931907032,1)
[1063]: (562.1989125256021,1)
[1064]: (569.0383936897284,1)
[1065]: (564.7792864318035,1)
[1066]: (564.0927797275017,1)
[1067]: (555.2465210853538,1)
[1068]: (565.4577130414075,1)
[1069]: (565.791737101334,1)
[1070]: (558.1325856378785,1)
[1071]: (556.322531123875,1)
[1072]: (562.3658299322666,1)
[1073]: (562.0684163280857,1)
[1074]: (555.5985782274095,1)
[1075]: (567.2888650798825,1)
[1076]: (563.1418623446415,1)
[1077]: (556.2839556077818,1)
[1078]: (566.0302512462272,1)
[1079]: (568.0557868204874,1)
[1080]: (567.2905812834196,1)
[1081]: (562.0586365584043,1)
[1082]: (556.1327423844114,1)
[1083]: (556.0933278677132,1)
[1084]: (565.0373019267425,1)
[1085]: (558.2627204302244,1)
[1086]: (556.3929504807713,1)
[1087]: (560.3502928934054,1)
[1088]: (557.2489434574643,1)
[1089]: (556.0518013021871,1)
[1090]: (562.0372087507598,1)
[1091]: (560.2005665232303,1)
[1092]: (562.0695814837301,1)
[1093]: (561.135643189166,1)
[1094]: (561.3637551764482,1)
[1095]: (564.1419009926218,1)
[1096]: (560.0006264415518,1)
[1097]: (557.1504868486074,1)
[1098]: (565.0818704334492,1)
[1099]: (568.0042757639503,1)
[1100]: (563.1395274079562,1)
[1101]: (567.1787530077426,1)
[1102]: (572.6640734352075,1)
[1103]: (555.0321027850302,1)
[1104]: (557.1176137516381,1)
[1105]: (553.6613134962504,1)
[1106]: (558.9606016729366,1)
[1107]: (556.8817175851366,1)
[1108]: (562.4645535232671,1)
[1109]: (561.2158091587216,1)
[1110]: (556.7585235617997,1)
[1111]: (575.3902590672708,1)
[1112]: (563.1175874222478,1)
[1113]: (557.6116609976624,1)
[1114]: (569.1494962525441,1)
[1115]: (556.1351692881241,1)
[1116]: (559.0164269411283,1)
[1117]: (562.2784659824002,1)
[1118]: (561.0522094037265,1)
[1119]: (563.0343006464202,1)
[1120]: (561.0936137557094,1)
[1121]: (560.1078143082373,1)
[1122]: (562.5229059156387,1)
[1123]: (560.2683720288462,1)
[1124]: (560.289770648337,1)
[1125]: (569.3062659001432,1)
[1126]: (569.2724972048555,1)
[1127]: (559.1340994576632,1)
[1128]: (559.0368143329871,1)
[1129]: (566.5636628264182,1)
[1130]: (558.7632696046896,1)
[1131]: (558.3478982556265,1)
[1132]: (567.2757539239004,1)
[1133]: (558.4524247223446,1)
[1134]: (559.6303427362059,1)
[1135]: (570.7558577687469,1)
[1136]: (562.0825100446477,1)
[1137]: (562.005747569506,1)
[1138]: (555.1290486685897,1)
[1139]: (557.8839012135169,1)
[1140]: (562.187934047362,1)
[1141]: (555.2191109844422,1)
[1142]: (563.383421305228,1)
[1143]: (565.5747059827282,1)
[1144]: (557.2945900671891,1)
[1145]: (559.106697217564,1)
[1146]: (567.0988907487138,1)
[1147]: (558.4243268012649,1)
[1148]: (555.1573836559645,1)
[1149]: (558.1529956408475,1)
[1150]: (565.2627675147974,1)
[1151]: (561.0295469211529,1)
[1152]: (565.1301743377041,1)
[1153]: (555.9756972469437,1)
[1154]: (561.4082581470817,1)
[1155]: (561.1183250574717,1)
[1156]: (556.4098364500612,1)
[1157]: (558.072344212383,1)
[1158]: (559.0875436143747,1)
[1159]: (567.0311627706171,1)
[1160]: (560.0177061731265,1)
[1161]: (562.33891514784,1)
[1162]: (558.170005222026,1)
[1163]: (557.038424227246,1)
[1164]: (568.083396236028,1)
[1165]: (559.8853132842602,1)
[1166]: (559.0372102899764,1)
[1167]: (562.5897658304063,1)
[1168]: (568.1554834519212,1)
[1169]: (556.7082599669085,1)
[1170]: (563.1941329988407,1)
[1171]: (561.0628379539548,1)
[1172]: (566.0229770285789,1)
[1173]: (562.3320753728015,1)
[1174]: (557.5237956537343,1)
[1175]: (560.0746679788271,1)
[1176]: (558.4031849016128,1)
[1177]: (571.6019501215072,1)
[1178]: (559.1250704379344,1)
[1179]: (561.2611008491465,1)
[1180]: (570.1889096471671,1)
[1181]: (558.0506635162538,1)
[1182]: (565.5384904048881,1)
[1183]: (562.7738561336196,1)
[1184]: (564.3052031504309,1)
[1185]: (558.2763002683713,1)
[1186]: (566.3045467597467,1)
[1187]: (566.422371125232,1)
[1188]: (563.3522556186613,1)
[1189]: (564.2203326733713,1)
[1190]: (563.0043058036982,1)
[1191]: (567.105344911304,1)
[1192]: (559.3730773310706,1)
[1193]: (563.788073204916,1)
[1194]: (566.2037309262653,1)
[1195]: (566.0374468819107,1)
[1196]: (562.3038077528498,1)
[1197]: (560.6565845818399,1)
[1198]: (572.2447756573122,1)
[1199]: (554.3104320670991,1)
[1200]: (558.0123646732495,1)
[1201]: (556.1733208737768,1)
[1202]: (561.1171975292068,1)
[1203]: (561.3250408338947,1)
[1204]: (568.4088716651049,1)
[1205]: (565.0233891533235,1)
[1206]: (562.0424721488666,1)
[1207]: (560.4933846579136,1)
[1208]: (563.0559262997652,1)
[1209]: (564.254672963492,1)
[1210]: (566.8481836973913,1)
[1211]: (558.6224045525271,1)
[1212]: (559.4230516846928,1)
[1213]: (564.7293119562935,1)
[1214]: (556.0958331042734,1)
[1215]: (562.423945367061,1)
[1216]: (561.5839747242101,1)
[1217]: (568.0550194293979,1)
[1218]: (554.1226319698775,1)
[1219]: (564.0934726055267,1)
[1220]: (563.2584692136493,1)
[1221]: (571.0318829044428,1)
[1222]: (558.0958040066829,1)
[1223]: (558.1004170676974,1)
[1224]: (577.5052788029794,1)
[1225]: (556.6854142529281,1)
[1226]: (563.2008739627413,1)
[1227]: (561.0794299783828,1)
[1228]: (567.0997711714945,1)
[1229]: (560.2648763602039,1)
[1230]: (561.0598954288407,1)
[1231]: (559.2268732812823,1)
[1232]: (560.3351097725314,1)
[1233]: (563.0887771956743,1)
[1234]: (571.093159669672,1)
[1235]: (561.1642984835107,1)
[1236]: (575.4263175477768,1)
[1237]: (565.3774734778223,1)
[1238]: (562.4325926417093,1)
[1239]: (570.0810542404287,1)
[1240]: (558.0244729537881,1)
[1241]: (560.0892669607384,1)
[1242]: (564.9880184656573,1)
[1243]: (563.0794040714128,1)
[1244]: (564.3240925031021,1)
[1245]: (562.7740554523092,1)
[1246]: (556.1831188279585,1)
[1247]: (554.1733011292698,1)
[1248]: (574.0478288977517,1)
[1249]: (564.5837715385946,1)
[1250]: (553.5482326551981,1)
[1251]: (556.1323444145115,1)
[1252]: (555.1302520526261,1)
[1253]: (562.0913766175628,1)
[1254]: (561.057373421739,1)
[1255]: (560.2743806772337,1)
[1256]: (560.2122131463569,1)
[1257]: (569.7599586482376,1)
[1258]: (567.4715053826213,1)
[1259]: (568.0942765632722,1)
[1260]: (566.3969395013522,1)
[1261]: (575.5490691634726,1)
[1262]: (575.1117120803113,1)
[1263]: (554.1255192904033,1)
[1264]: (568.045931335047,1)
[1265]: (572.3508134981278,1)
[1266]: (562.1992352311979,1)
[1267]: (557.0956247033814,1)
[1268]: (557.5503161015528,1)
[1269]: (560.2596113147241,1)
[1270]: (559.0944837798406,1)
[1271]: (566.0388673607251,1)
[1272]: (560.0168515248002,1)
[1273]: (561.3623818865173,1)
[1274]: (563.1969213774697,1)
[1275]: (569.2452649037785,1)
[1276]: (569.2849079288574,1)
[1277]: (556.4517435060612,1)
[1278]: (565.619440562622,1)
[1279]: (565.1287915145466,1)
[1280]: (562.5451188199228,1)
[1281]: (557.1875485848145,1)
[1282]: (559.0392112893003,1)
[1283]: (562.0892455895359,1)
[1284]: (561.4749490125078,1)
[1285]: (560.5060262657992,1)
[1286]: (564.4192557311749,1)
[1287]: (561.0839027087072,1)
[1288]: (557.6080833680297,1)
[1289]: (559.3930144466364,1)
[1290]: (555.0700231233857,1)
[1291]: (559.1016422334501,1)
[1292]: (564.3835310538628,1)
[1293]: (571.2807344944874,1)
[1294]: (557.1680594118671,1)
[1295]: (566.5993178681356,1)
[1296]: (562.1367305403254,1)
[1297]: (563.3759709255796,1)
[1298]: (558.0695746005765,1)
[1299]: (566.8932416157082,1)
[1300]: (570.0038841904122,1)
[1301]: (564.3730125347562,1)
[1302]: (555.4286051405566,1)
[1303]: (559.0966612682192,1)
[1304]: (561.4005321728588,1)
[1305]: (569.7744207680358,1)
[1306]: (555.0308671624953,1)
[1307]: (563.1878018418814,1)
[1308]: (562.0754468511293,1)
[1309]: (558.1031081178279,1)
[1310]: (560.0938155121934,1)
[1311]: (559.1155050285788,1)
[1312]: (560.3745233968066,1)
[1313]: (562.5312519484238,1)
[1314]: (556.0845632101895,1)
[1315]: (571.2048013549751,1)
[1316]: (562.2006467879476,1)
[1317]: (559.408452263192,1)
[1318]: (557.3265982572809,1)
[1319]: (561.0335618984759,1)
[1320]: (563.7403188652754,1)
[1321]: (567.9540162092721,1)
[1322]: (558.1793556948787,1)
[1323]: (565.2883272513304,1)
[1324]: (566.17119494266,1)
[1325]: (567.2673473561917,1)
[1326]: (557.4793976899934,1)
[1327]: (558.3000653519207,1)
[1328]: (574.4014993626367,1)
[1329]: (564.0276915135352,1)
[1330]: (563.2467613241027,1)
[1331]: (564.1572404641163,1)
[1332]: (569.2135510022787,1)
[1333]: (565.6030934572624,1)
[1334]: (571.3324325396856,1)
[1335]: (560.1228915337158,1)
[1336]: (564.1692253147431,1)
[1337]: (564.1232335940859,1)
[1338]: (555.1977301026269,1)
[1339]: (556.6434130539886,1)
[1340]: (562.2995079775681,1)
[1341]: (566.8292439275617,1)
[1342]: (567.1112532082983,1)
[1343]: (560.1866255125875,1)
[1344]: (561.1985858441636,1)
[1345]: (557.0259650506387,1)
[1346]: (572.2838574006654,1)
[1347]: (558.0248049164818,1)
[1348]: (565.3071435010131,1)
[1349]: (554.204307915803,1)
[1350]: (569.1642286854485,1)
[1351]: (563.0082641530784,1)
[1352]: (566.6669688140889,1)
[1353]: (563.7864911148274,1)
[1354]: (570.0042331023407,1)
[1355]: (568.1709153740868,1)
[1356]: (562.185682920358,1)
[1357]: (569.5589644023908,1)
[1358]: (560.1594159389044,1)
[1359]: (572.1371847329974,1)
[1360]: (572.8626704441803,1)
[1361]: (563.2967783835077,1)
[1362]: (564.0652643758164,1)
[1363]: (560.1636936518739,1)
[1364]: (564.3170825140901,1)
[1365]: (560.1043642544749,1)
[1366]: (563.0037127655856,1)
[1367]: (553.0057577956807,1)
[1368]: (568.2281269116818,1)
[1369]: (570.1372641171154,1)
[1370]: (558.2426326220235,1)
[1371]: (566.3538972133823,1)
[1372]: (570.3044340240764,1)
[1373]: (557.0493767152411,1)
[1374]: (560.0321128962219,1)
[1375]: (565.000280290774,1)
[1376]: (564.5652892849423,1)
[1377]: (557.2719602616589,1)
[1378]: (566.1956805416831,1)
[1379]: (564.5003347667194,1)
[1380]: (563.2126523255648,1)
[1381]: (559.6247498444848,1)
[1382]: (565.4388488115765,1)
[1383]: (560.3253788762529,1)
[1384]: (564.3400018590521,1)
[1385]: (562.359654912114,1)
[1386]: (557.4552363727371,1)
[1387]: (555.7764139155282,1)
[1388]: (570.3878148258502,1)
[1389]: (558.5581955020541,1)
[1390]: (572.4181634430373,1)
[1391]: (563.1847691095379,1)
[1392]: (558.1176044733468,1)
[1393]: (570.2096901544005,1)
[1394]: (563.2520925812032,1)
[1395]: (572.0158305477133,1)
[1396]: (556.5940094377793,1)
[1397]: (560.0770851370185,1)
[1398]: (560.0224160039704,1)
[1399]: (569.6283604578347,1)
[1400]: (572.3684132918399,1)
[1401]: (564.4283683720238,1)
[1402]: (562.1665081969012,1)
[1403]: (560.8316070517948,1)
[1404]: (558.5245152948154,1)
[1405]: (578.0664995749843,1)
[1406]: (568.3811247815419,1)
[1407]: (556.2057175972714,1)
[1408]: (566.1340964383037,1)
[1409]: (559.2487914349666,1)
[1410]: (558.505624989021,1)
[1411]: (571.2802634271713,1)
[1412]: (557.2858183222819,1)
[1413]: (564.4051084024416,1)
[1414]: (567.6882724813023,1)
[1415]: (559.5576986534768,1)
[1416]: (555.0196412578105,1)
[1417]: (560.2902304262029,1)
[1418]: (568.0392721065508,1)
[1419]: (554.244493817836,1)
[1420]: (564.7577061797252,1)
[1421]: (557.1252867816114,1)
[1422]: (560.0522398939491,1)
[1423]: (561.1304081271614,1)
[1424]: (560.278907442599,1)
[1425]: (564.3291253995588,1)
[1426]: (568.0488704153661,1)
[1427]: (569.1218957703485,1)
[1428]: (562.087747819081,1)
[1429]: (556.4425598702765,1)
[1430]: (563.1310865117763,1)
[1431]: (559.1622920734262,1)
[1432]: (569.1856614499047,1)
[1433]: (558.2191371146333,1)
[1434]: (563.3291513364412,1)
[1435]: (563.47710878315,1)
[1436]: (555.0778264742859,1)
[1437]: (561.1511571421798,1)
[1438]: (558.3701973991633,1)
[1439]: (559.0722626989705,1)
[1440]: (566.0321204684652,1)
[1441]: (566.1378714399774,1)
[1442]: (566.0360040394675,1)
[1443]: (560.2115931839566,1)
[1444]: (557.4752627914846,1)
[1445]: (565.142126070414,1)
[1446]: (569.523301178679,1)
[1447]: (561.2529293094149,1)
[1448]: (561.0243647155448,1)
[1449]: (575.2724404260551,1)
[1450]: (570.1123626538043,1)
[1451]: (555.1505782309463,1)
[1452]: (563.1791549462624,1)
[1453]: (563.4158197688412,1)
[1454]: (566.1826724008923,1)
[1455]: (567.752134208765,1)
[1456]: (578.1269342857812,1)
[1457]: (562.3986504957996,1)
[1458]: (561.2394506541096,1)
[1459]: (560.089578021727,1)
[1460]: (559.1268229915689,1)
[1461]: (559.2175502608338,1)
[1462]: (563.7573213631254,1)
[1463]: (565.8664524664656,1)
[1464]: (557.621294058333,1)
[1465]: (558.1445010995848,1)
[1466]: (567.655192790014,1)
[1467]: (571.1160305996104,1)
[1468]: (569.8172675884714,1)
[1469]: (563.0216614287043,1)
[1470]: (560.0566254700055,1)
[1471]: (556.3635912520793,1)
[1472]: (564.5589087654795,1)
[1473]: (561.0314140398897,1)
[1474]: (567.1159487140987,1)
[1475]: (553.9213678742734,1)
[1476]: (555.1306426110499,1)
[1477]: (564.165062378201,1)
[1478]: (566.118245728743,1)
[1479]: (570.1886352112215,1)
[1480]: (574.2773903205638,1)
[1481]: (574.1098994658755,1)
[1482]: (563.3754105412505,1)
[1483]: (559.2846674165833,1)
[1484]: (561.0933146660586,1)
[1485]: (562.3211376938208,1)
[1486]: (567.018168800175,1)
[1487]: (559.8903078465848,1)
[1488]: (560.0096797523765,1)
[1489]: (561.0147243343129,1)
[1490]: (563.0316758917895,1)
[1491]: (568.7518533474746,1)
[1492]: (562.3665010041595,1)
[1493]: (564.0630316741392,1)
[1494]: (560.1208662371721,1)
[1495]: (556.1539688485093,1)
[1496]: (557.1478384564726,1)
[1497]: (558.1778202403572,1)
[1498]: (556.2467066911572,1)
[1499]: (564.0424361584406,1)
[1500]: (567.101416806373,1)
[1501]: (564.3929972942491,1)
[1502]: (563.1097840840443,1)
[1503]: (566.8300275705051,1)
[1504]: (562.0022653043748,1)
[1505]: (562.0062430675077,1)
[1506]: (557.9779811755149,1)
[1507]: (562.4558925192823,1)
[1508]: (557.0254314926415,1)
[1509]: (567.1274147086432,1)
[1510]: (562.1976923920881,1)
[1511]: (562.0072660458502,1)
[1512]: (560.2405973867895,1)
[1513]: (567.3206097806815,1)
[1514]: (567.7559933027331,1)
[1515]: (559.3030831310003,1)
[1516]: (576.4490734650672,1)
[1517]: (567.6525597267741,1)
[1518]: (556.8947786482626,1)
[1519]: (563.1717267514774,1)
[1520]: (560.2556890162216,1)
[1521]: (560.0558398936885,1)
[1522]: (565.4742828820647,1)
[1523]: (561.0460350327676,1)
[1524]: (561.2109294235564,1)
[1525]: (569.9265386589418,1)
[1526]: (558.3940224082301,1)
[1527]: (560.0131639859173,1)
[1528]: (563.2728681254307,1)
[1529]: (564.2632449189176,1)
[1530]: (557.2915714263914,1)
[1531]: (574.2286691237117,1)
[1532]: (565.215261666004,1)
[1533]: (558.4284621495759,1)
[1534]: (564.5097468454065,1)
[1535]: (563.0045235184454,1)
[1536]: (556.3074748939365,1)
[1537]: (562.5823871594105,1)
[1538]: (565.3024602146113,1)
[1539]: (566.5160456985662,1)
[1540]: (562.3091963374571,1)
[1541]: (559.0078451365192,1)
[1542]: (570.2721819725458,1)
[1543]: (566.6486558891601,1)
[1544]: (558.2157696509553,1)
[1545]: (565.5612523650158,1)
[1546]: (571.1019356494163,1)
[1547]: (574.2733780451796,1)
[1548]: (562.5335593479786,1)
[1549]: (566.1123118359751,1)
[1550]: (568.3379591226771,1)
[1551]: (567.0259568864914,1)
[1552]: (565.2258562833391,1)
[1553]: (555.1302904896871,1)
[1554]: (562.24546010269,1)
[1555]: (557.6490936709934,1)
[1556]: (564.0861915974405,1)
[1557]: (559.1098746133807,1)
[1558]: (558.3657629939102,1)
[1559]: (558.7231344994732,1)
[1560]: (562.0840802321845,1)
[1561]: (557.1887413041105,1)
[1562]: (559.7442571934411,1)
[1563]: (556.1203771765082,1)
[1564]: (560.4058841216652,1)
[1565]: (560.9689705026401,1)
[1566]: (569.0307826011775,1)
[1567]: (562.0835704497952,1)
[1568]: (563.6151789101284,1)
[1569]: (558.0222586389481,1)
[1570]: (562.7572678630268,1)
[1571]: (557.1476373071272,1)
[1572]: (559.8173722352766,1)
[1573]: (557.4830165869965,1)
[1574]: (558.7568572793831,1)
[1575]: (558.1314195559656,1)
[1576]: (568.1200908581993,1)
[1577]: (561.4198381912505,1)
[1578]: (560.0869178382902,1)
[1579]: (554.3511949918462,1)
[1580]: (554.3676651941732,1)
[1581]: (554.4015310255928,1)
[1582]: (573.0840132031077,1)
[1583]: (565.0357129164203,1)
[1584]: (555.1882131507909,1)
[1585]: (561.3249327496391,1)
[1586]: (566.1229523761547,1)
[1587]: (563.3036734117403,1)
[1588]: (555.0915737588352,1)
[1589]: (568.6248913980144,1)
[1590]: (557.253913582692,1)
[1591]: (560.5560182935321,1)
[1592]: (569.4793832844109,1)
[1593]: (559.2830033796752,1)
[1594]: (568.1392705709357,1)
[1595]: (573.1509230871035,1)
[1596]: (563.8351175614076,1)
[1597]: (563.0140947441803,1)
[1598]: (563.0022028790271,1)
[1599]: (562.1131255633438,1)
[1600]: (560.2671693357603,1)
[1601]: (562.0210299370747,1)
[1602]: (557.1332939203588,1)
[1603]: (565.6862626762559,1)
[1604]: (561.2504988920531,1)
[1605]: (575.3502418406282,1)
[1606]: (569.4867849424195,1)
[1607]: (556.9047273281047,1)
[1608]: (561.1050677595944,1)
[1609]: (565.6324365962637,1)
[1610]: (554.4802316740303,1)
[1611]: (559.15359279976,1)
[1612]: (564.1337138457022,1)
[1613]: (572.0273403381855,1)
[1614]: (566.3354168548269,1)
[1615]: (565.1623187635543,1)
[1616]: (571.1171613053519,1)
[1617]: (567.1217327408995,1)
[1618]: (557.1484205549165,1)
[1619]: (563.4025234478841,1)
[1620]: (563.0095965317023,1)
[1621]: (565.5655409457618,1)
[1622]: (556.3979711025017,1)
[1623]: (566.5949870233349,1)
[1624]: (560.0068974786692,1)
[1625]: (563.7227694494894,1)
[1626]: (558.6846432881574,1)
[1627]: (565.4315025840243,1)
[1628]: (558.3349515080431,1)
[1629]: (565.8448237574829,1)
[1630]: (562.4517172437093,1)
[1631]: (561.6491939590986,1)
[1632]: (565.0849048875259,1)
[1633]: (562.7842324034957,1)
[1634]: (560.1588270869202,1)
[1635]: (568.5165578141708,1)
[1636]: (560.5480918569244,1)
[1637]: (563.1435666438041,1)
[1638]: (572.1674686209824,1)
[1639]: (554.0978824432935,1)
[1640]: (560.4379323027063,1)
[1641]: (564.1398379491687,1)
[1642]: (565.1125623205209,1)
[1643]: (561.1465176434955,1)
[1644]: (554.2166498163601,1)
[1645]: (562.092737483725,1)
[1646]: (559.7061272102477,1)
[1647]: (556.001989368758,1)
[1648]: (562.2937336713087,1)
[1649]: (570.7417218169834,1)
[1650]: (560.3040698774504,1)
[1651]: (573.0306407276732,1)
[1652]: (565.8577118134156,1)
[1653]: (558.0598688027693,1)
[1654]: (566.022925312904,1)
[1655]: (558.4110735337458,1)
[1656]: (557.1225244646989,1)
[1657]: (559.2137835846459,1)
[1658]: (562.0167064676486,1)
[1659]: (557.1882560787091,1)
[1660]: (570.1152608467953,1)
[1661]: (563.8239446526169,1)
[1662]: (567.195269908823,1)
[1663]: (555.0682709535973,1)
[1664]: (564.3486671457227,1)
[1665]: (561.0730123748257,1)
[1666]: (563.5324079100926,1)
[1667]: (558.2290890904743,1)
[1668]: (563.884097182248,1)
[1669]: (570.5940914714271,1)
[1670]: (572.562031334434,1)
[1671]: (574.036807572627,1)
[1672]: (571.200586123133,1)
[1673]: (554.0500000657872,1)
[1674]: (563.0115981627724,1)
[1675]: (567.1021930428302,1)
[1676]: (556.1724614131966,1)
[1677]: (569.4120114889156,1)
[1678]: (566.5217994184765,1)
[1679]: (560.5997606523044,1)
[1680]: (568.1017985937799,1)
[1681]: (560.1000144063589,1)
[1682]: (554.3683706829896,1)
[1683]: (566.2010335705311,1)
[1684]: (557.0777398919303,1)
[1685]: (560.0532451729099,1)
[1686]: (558.1397231409248,1)
[1687]: (562.0981236418626,1)
[1688]: (564.1823191109135,1)
[1689]: (559.1643181072224,1)
[1690]: (565.149763752839,1)
[1691]: (556.9143294411256,1)
[1692]: (558.1505636753973,1)
[1693]: (563.0710085423394,1)
[1694]: (566.1927333431063,1)
[1695]: (559.1892931725041,1)
[1696]: (566.3051359417225,1)
[1697]: (571.0358072384686,1)
[1698]: (561.1910169908596,1)
[1699]: (567.1148449060029,1)
[1700]: (561.1497253894306,1)
[1701]: (569.5190328790411,1)
[1702]: (574.0559306407237,1)
[1703]: (562.0218535461577,1)
[1704]: (568.4771131448127,1)
[1705]: (559.7265461208331,1)
[1706]: (575.219050278335,1)
[1707]: (566.1481462801904,1)
[1708]: (565.0172326356103,1)
[1709]: (561.8806948360965,1)
[1710]: (563.0044133334731,1)
[1711]: (567.197578761264,1)
[1712]: (559.1121847786997,1)
[1713]: (561.183425230531,1)
[1714]: (554.3498728947877,1)
[1715]: (561.2594608495974,1)
[1716]: (567.0868147541935,1)
[1717]: (564.2850605847758,1)
[1718]: (557.0943237981212,1)
[1719]: (564.2489384484795,1)
[1720]: (563.7901845370063,1)
[1721]: (554.5034775041332,1)
[1722]: (557.5603996956685,1)
[1723]: (566.1654295057989,1)
[1724]: (563.2184976065661,1)
[1725]: (563.1597186204981,1)
[1726]: (557.1198191318541,1)
[1727]: (562.1229037227307,1)
[1728]: (564.3921202883349,1)
[1729]: (559.8031752136352,1)
[1730]: (568.5793072492104,1)
[1731]: (558.1481498265559,1)
[1732]: (557.4005598460191,1)
[1733]: (561.5342599729677,1)
[1734]: (580.1631995875032,1)
[1735]: (562.5738850878623,1)
[1736]: (559.7952015016961,1)
[1737]: (564.161795063204,1)
[1738]: (558.256361468046,1)
[1739]: (554.0612304798,1)
[1740]: (560.1537152966058,1)
[1741]: (562.0227680595763,1)
[1742]: (563.1602029334442,1)
[1743]: (558.0494524361241,1)
[1744]: (565.3250019678763,1)
[1745]: (566.350910684991,1)
[1746]: (557.2417280073674,1)
[1747]: (560.3710613161744,1)
[1748]: (568.0826641802875,1)
[1749]: (555.0831303837496,1)
[1750]: (561.2537541318193,1)
[1751]: (570.3294584135108,1)
[1752]: (563.3818144556896,1)
[1753]: (561.694993908734,1)
[1754]: (561.7238748863201,1)
[1755]: (561.268226589561,1)
[1756]: (564.1996618236292,1)
[1757]: (571.2296579680549,1)
[1758]: (568.5160317760121,1)
[1759]: (563.9430188199035,1)
[1760]: (561.4517999628524,1)
[1761]: (566.6166236585077,1)
[1762]: (563.0260143678905,1)
[1763]: (557.2450900475704,1)
[1764]: (562.7050762083883,1)
[1765]: (563.0440788027479,1)
[1766]: (564.043253388159,1)
[1767]: (568.1832199402878,1)
[1768]: (561.2925233424909,1)
[1769]: (557.3135415979287,1)
[1770]: (573.0553637593498,1)
[1771]: (561.6628762937792,1)
[1772]: (571.2801253283931,1)
[1773]: (559.3648097989678,1)
[1774]: (558.1309669326854,1)
[1775]: (565.2083461128211,1)
[1776]: (554.8839447778279,1)
[1777]: (570.9845259695467,1)
[1778]: (570.5197938503771,1)
[1779]: (564.5639135364843,1)
[1780]: (563.0530070902706,1)
[1781]: (564.4818166373865,1)
[1782]: (561.1922956685996,1)
[1783]: (566.7520616718301,1)
[1784]: (559.1332179019159,1)
[1785]: (563.0529781498597,1)
[1786]: (558.0642558273212,1)
[1787]: (555.0519311804881,1)
[1788]: (574.043952901351,1)
[1789]: (572.4567291546576,1)
[1790]: (566.2407541756528,1)
[1791]: (556.6389107358096,1)
[1792]: (561.3965103355661,1)
[1793]: (562.0368193147727,1)
[1794]: (568.2359464214455,1)
[1795]: (556.211853413855,1)
[1796]: (561.5675129554094,1)
[1797]: (562.9663633417368,1)
[1798]: (558.166556810129,1)
[1799]: (560.2200892679384,1)
[1800]: (575.0588926797838,1)
[1801]: (556.3654610808529,1)
[1802]: (557.2953325259172,1)
[1803]: (565.7500527620372,1)
[1804]: (563.1964978327353,1)
[1805]: (567.0891886775228,1)
[1806]: (569.1220567089279,1)
[1807]: (560.5612868628245,1)
[1808]: (573.1734760151402,1)
[1809]: (556.0556811507015,1)
[1810]: (558.3244369317315,1)
[1811]: (560.2597963149803,1)
[1812]: (555.5251177082727,1)
[1813]: (571.3811453704176,1)
[1814]: (563.4036657977018,1)
[1815]: (562.0084700763488,1)
[1816]: (562.101594714462,1)
[1817]: (566.285914803993,1)
[1818]: (566.2822560859692,1)
[1819]: (559.4811088085454,1)
[1820]: (561.1292606412504,1)
[1821]: (563.3141386232098,1)
[1822]: (561.7271752085684,1)
[1823]: (558.0059337869698,1)
[1824]: (562.2237035839798,1)
[1825]: (566.1063616661656,1)
[1826]: (557.1565646841804,1)
[1827]: (559.0116406097036,1)
[1828]: (566.3103169285752,1)
[1829]: (557.8176785078941,1)
[1830]: (557.8569278270417,1)
[1831]: (559.718394100051,1)
[1832]: (572.3063976299624,1)
[1833]: (557.0422561113126,1)
[1834]: (564.1233860575459,1)
[1835]: (562.0066609929424,1)
[1836]: (561.5020556674108,1)
[1837]: (554.1915976471814,1)
[1838]: (559.1066935847396,1)
[1839]: (553.0502289842079,1)
[1840]: (570.0636236090575,1)
[1841]: (565.0722247306244,1)
[1842]: (573.0232019436809,1)
[1843]: (565.0239484423968,1)
[1844]: (564.0653924740469,1)
[1845]: (560.1025285716825,1)
[1846]: (561.1864714575975,1)
[1847]: (556.3813444769531,1)
[1848]: (565.3569137889934,1)
[1849]: (562.0246094740664,1)
[1850]: (561.0644298034194,1)
[1851]: (563.0994970466842,1)
[1852]: (564.2276095389732,1)
[1853]: (572.2574024122789,1)
[1854]: (564.7271876766732,1)
[1855]: (557.1263373980823,1)
[1856]: (567.5569297487848,1)
[1857]: (563.6170823521477,1)
[1858]: (565.0843296135763,1)
[1859]: (564.0493384764346,1)
[1860]: (564.3632036354788,1)
[1861]: (567.6676958966968,1)
[1862]: (559.7854465397559,1)
[1863]: (563.7996635819719,1)
[1864]: (561.0398013933572,1)
[1865]: (560.0099796463761,1)
[1866]: (566.3212521012208,1)
[1867]: (572.0612331645144,1)
[1868]: (559.0080111912959,1)
[1869]: (561.5824695315453,1)
[1870]: (559.4160369753055,1)
[1871]: (555.2169233210236,1)
[1872]: (569.7692353127961,1)
[1873]: (560.1467179506384,1)
[1874]: (573.1026296534085,1)
[1875]: (562.7120891190217,1)
[1876]: (570.3301601346823,1)
[1877]: (559.0224237597733,1)
[1878]: (558.116891063192,1)
[1879]: (563.0005865426142,1)
[1880]: (577.5720553607578,1)
[1881]: (565.1459415232234,1)
[1882]: (578.6127150409825,1)
[1883]: (563.1138871814212,1)
[1884]: (561.6441265722236,1)
[1885]: (566.6982417272851,1)
[1886]: (561.1105570554668,1)
[1887]: (558.4162957336556,1)
[1888]: (558.1109254579331,1)
[1889]: (572.3496253553275,1)
[1890]: (567.1348685896984,1)
[1891]: (560.8547637438254,1)
[1892]: (556.0653999304915,1)
[1893]: (559.0376612900122,1)
[1894]: (560.1672624801627,1)
[1895]: (554.878846483718,1)
[1896]: (559.086652145217,1)
[1897]: (557.3621219330907,1)
[1898]: (571.027933069171,1)
[1899]: (561.3481565588413,1)
[1900]: (561.0174444036451,1)
[1901]: (557.0743935786877,1)
[1902]: (562.3276819794022,1)
[1903]: (569.1353275051034,1)
[1904]: (557.5088770640979,1)
[1905]: (566.0928824121601,1)
[1906]: (559.104616585896,1)
[1907]: (566.4914712522343,1)
[1908]: (568.255436535028,1)
[1909]: (561.5211601160998,1)
[1910]: (561.3986366548808,1)
[1911]: (559.1262561261294,1)
[1912]: (561.0500804318327,1)
[1913]: (564.0411650485158,1)
[1914]: (558.1101755033554,1)
[1915]: (560.3691872001999,1)
[1916]: (564.4372389396417,1)
[1917]: (565.7115047314298,1)
[1918]: (554.3105829810321,1)
[1919]: (570.2899790368862,1)
[1920]: (559.0173437284828,1)
[1921]: (562.334791886426,1)
[1922]: (560.3459156067889,1)
[1923]: (561.9193734676409,1)
[1924]: (557.0363599556113,1)
[1925]: (571.3593536362899,1)
[1926]: (567.26845926884,1)
[1927]: (554.2473969544026,1)
[1928]: (558.1002970169433,1)
[1929]: (569.057664370696,1)
[1930]: (563.2620237372493,1)
[1931]: (569.2969662668709,1)
[1932]: (564.3436146031655,1)
[1933]: (560.0064566151284,1)
[1934]: (563.2115391091899,1)
[1935]: (565.0617724800304,1)
[1936]: (565.8888466819426,1)
[1937]: (568.1308866355898,1)
[1938]: (569.0998716129241,1)
[1939]: (563.0123270696849,1)
[1940]: (558.0850873192578,1)
[1941]: (558.2710270154435,1)
[1942]: (564.1867773107687,1)
[1943]: (562.2866855450462,1)
[1944]: (571.3168441531727,1)
[1945]: (567.285952319181,1)
[1946]: (566.2931024600929,1)
[1947]: (561.932676903135,1)
[1948]: (568.1474781938354,1)
[1949]: (575.8869629502558,1)
[1950]: (556.7192048839256,1)
[1951]: (561.322364310525,1)
[1952]: (568.1045514587579,1)
[1953]: (570.5657571729027,1)
[1954]: (560.1628166949437,1)
[1955]: (566.862332261535,1)
[1956]: (562.619946954302,1)
[1957]: (571.172335843725,1)
[1958]: (560.0896314321679,1)
[1959]: (555.0736056658283,1)
[1960]: (559.2185246882384,1)
[1961]: (562.5278401328846,1)
[1962]: (560.0090897366987,1)
[1963]: (557.0094541870077,1)
[1964]: (567.0750541569972,1)
[1965]: (558.4869384487788,1)
[1966]: (559.3545629237759,1)
[1967]: (566.5101469829627,1)
[1968]: (560.0832166520762,1)
[1969]: (558.1108888662676,1)
[1970]: (555.7958195489031,1)
[1971]: (566.0024849767859,1)
[1972]: (564.8683838850882,1)
[1973]: (561.2174354188671,1)
[1974]: (561.0412347895169,1)
[1975]: (565.1200297768663,1)
[1976]: (559.1666548889717,1)
[1977]: (558.326964439754,1)
[1978]: (558.5926693906939,1)
[1979]: (564.1542648555741,1)
[1980]: (562.0571778821683,1)
[1981]: (569.1204561854144,1)
[1982]: (563.0089262936539,1)
[1983]: (562.116009190411,1)
[1984]: (567.1916600239557,1)
[1985]: (564.6131434212848,1)
[1986]: (560.038198471054,1)
[1987]: (559.0100892977113,1)
[1988]: (566.0944162671935,1)
[1989]: (566.009086910009,1)
[1990]: (560.0104260300443,1)
[1991]: (560.1361918900938,1)
[1992]: (557.2447844353355,1)
[1993]: (564.2316338085266,1)
[1994]: (558.0998073317784,1)
[1995]: (558.0938096481099,1)
[1996]: (566.6136996271437,1)
[1997]: (563.0740120446619,1)
[1998]: (563.4016972630284,1)
[1999]: (571.7839905860271,1)
 -- States explored : 0 states
 -- CPU user time used : 1276530 ms
 -- Virtual memory used : 61892252 KiB
 -- Resident memory used : 61850672 KiB
executionTime: 8352
