core file size          (blocks, -c) unlimited
data seg size           (kbytes, -d) unlimited
scheduling priority             (-e) 0
file size               (blocks, -f) unlimited
pending signals                 (-i) 4077086
max locked memory       (kbytes, -l) 64
max memory size         (kbytes, -m) 99614720
open files                      (-n) 4096
pipe size            (512 bytes, -p) 8
POSIX message queues     (bytes, -q) 819200
real-time priority              (-r) 0
stack size              (kbytes, -s) 8192
cpu time               (seconds, -t) unlimited
max user processes              (-u) 4077086
virtual memory          (kbytes, -v) 95000000
file locks                      (-x) unlimited
Options for the verification:
  Generating some trace
  Search order is random depth first
  Using conservative space optimisation
  Seed is 1556570075
  State space representation uses minimal constraint systems
  Using HashMap + Compress integers for discrete state storage

Verifying formula 1 at ../queries/SP_300_116_3.q:1
 -- Formula is satisfied.
(9000 runs)
Learning statistics for best strategy: 
	Number of resets: 1
	Number of iterations in last reset: 1
	Number of iterations in total: 18

 -- States explored : 0 states
 -- CPU user time used : 6990250 ms
 -- Virtual memory used : 59878424 KiB
 -- Resident memory used : 59836568 KiB

Verifying formula 2 at ../queries/SP_300_116_3.q:2
 -- Formula is satisfied.
Composer.Done:
[0]: (0,0) (1044.47979389983,1)
[1]: (1046.029371360984,1)
[2]: (1043.236937049338,1)
[3]: (1046.138724755547,1)
[4]: (1051.024591446924,1)
[5]: (1043.043927192091,1)
[6]: (1045.029018753087,1)
[7]: (1048.305413000431,1)
[8]: (1039.644834541631,1)
[9]: (1043.210972086858,1)
[10]: (1054.617105616533,1)
[11]: (1044.411510038187,1)
[12]: (1046.048541270692,1)
[13]: (1041.070979529886,1)
[14]: (1052.753478696595,1)
[15]: (1043.141938646437,1)
[16]: (1042.447398035601,1)
[17]: (1039.385101299453,1)
[18]: (1043.130345583485,1)
[19]: (1045.725882366399,1)
[20]: (1050.430116617267,1)
[21]: (1054.125644692882,1)
[22]: (1041.103284829456,1)
[23]: (1039.44129235639,1)
[24]: (1044.750676948019,1)
[25]: (1049.07738291109,1)
[26]: (1039.143477404012,1)
[27]: (1041.149697329454,1)
[28]: (1041.118373163691,1)
[29]: (1043.217820471416,1)
[30]: (1047.067835986637,1)
[31]: (1040.04027531233,1)
[32]: (1050.463504122377,1)
[33]: (1049.074687892556,1)
[34]: (1041.05977883319,1)
[35]: (1047.019627149033,1)
[36]: (1041.408225367555,1)
[37]: (1040.607158510461,1)
[38]: (1044.530246199417,1)
[39]: (1043.752158006188,1)
[40]: (1042.319925017573,1)
[41]: (1045.312209507302,1)
[42]: (1043.090168480757,1)
[43]: (1041.032533442446,1)
[44]: (1040.145128426716,1)
[45]: (1050.261984758275,1)
[46]: (1039.688254708546,1)
[47]: (1040.020214928203,1)
[48]: (1040.478288765137,1)
[49]: (1043.350241262646,1)
[50]: (1042.118485336686,1)
[51]: (1040.297487031945,1)
[52]: (1046.084387778492,1)
[53]: (1043.050937847555,1)
[54]: (1040.363952825508,1)
[55]: (1043.059997807084,1)
[56]: (1045.250344756941,1)
[57]: (1044.084056240379,1)
[58]: (1046.005632059696,1)
[59]: (1043.087798050269,1)
[60]: (1048.268476190849,1)
[61]: (1045.368686137806,1)
[62]: (1040.43786153852,1)
[63]: (1040.658631617672,1)
[64]: (1046.318744841086,1)
[65]: (1044.205395662264,1)
[66]: (1040.267407379644,1)
[67]: (1043.196413159842,1)
[68]: (1040.32760358409,1)
[69]: (1041.181291777888,1)
[70]: (1039.8961645406,1)
[71]: (1043.226903534083,1)
[72]: (1042.281105602394,1)
[73]: (1046.872170467264,1)
[74]: (1044.048842286055,1)
[75]: (1039.488088516593,1)
[76]: (1039.928181987832,1)
[77]: (1042.024237540727,1)
[78]: (1040.04786734306,1)
[79]: (1043.058838734516,1)
[80]: (1043.191865111198,1)
[81]: (1040.399819003176,1)
[82]: (1040.249894110301,1)
[83]: (1043.216749347785,1)
[84]: (1042.005753183478,1)
[85]: (1042.899730925758,1)
[86]: (1040.878753129694,1)
[87]: (1046.5378496969,1)
[88]: (1043.38171458106,1)
[89]: (1042.649372483077,1)
[90]: (1043.203908617014,1)
[91]: (1039.354527947822,1)
[92]: (1041.238710352563,1)
[93]: (1044.05129735457,1)
[94]: (1046.194808835168,1)
[95]: (1051.537559075778,1)
[96]: (1042.010018209575,1)
[97]: (1044.002094077977,1)
[98]: (1040.546116335289,1)
[99]: (1043.652827900717,1)
[100]: (1040.154832816968,1)
[101]: (1049.032699219631,1)
[102]: (1045.185587174652,1)
[103]: (1046.335967891703,1)
[104]: (1040.193794571909,1)
[105]: (1040.337349213108,1)
[106]: (1047.311552639241,1)
[107]: (1040.252745075803,1)
[108]: (1047.151799557586,1)
[109]: (1044.073111152625,1)
[110]: (1046.601097400189,1)
[111]: (1044.017181131407,1)
[112]: (1040.262922860069,1)
[113]: (1042.018914899284,1)
[114]: (1044.044996759069,1)
[115]: (1043.266043687487,1)
[116]: (1043.671082333261,1)
[117]: (1043.349752431919,1)
[118]: (1047.020180334769,1)
[119]: (1046.030550002119,1)
[120]: (1045.027636557643,1)
[121]: (1047.044215512647,1)
[122]: (1044.124217735533,1)
[123]: (1042.168583972871,1)
[124]: (1039.468529324393,1)
[125]: (1041.541201928665,1)
[126]: (1051.315064380902,1)
[127]: (1045.815972336291,1)
[128]: (1050.196009074681,1)
[129]: (1045.219203189709,1)
[130]: (1041.251043202468,1)
[131]: (1045.007312720763,1)
[132]: (1039.903851227047,1)
[133]: (1040.107833593841,1)
[134]: (1043.168027656071,1)
[135]: (1039.101307908011,1)
[136]: (1042.11756330443,1)
[137]: (1046.300924407995,1)
[138]: (1049.272492725274,1)
[139]: (1045.089683766696,1)
[140]: (1039.302758886993,1)
[141]: (1045.137785262186,1)
[142]: (1049.045910951227,1)
[143]: (1045.025093373947,1)
[144]: (1040.752976181199,1)
[145]: (1047.160628023833,1)
[146]: (1041.353703714726,1)
[147]: (1046.044590876201,1)
[148]: (1040.044360811978,1)
[149]: (1041.076502324001,1)
[150]: (1048.580607967438,1)
[151]: (1039.233420547324,1)
[152]: (1040.306203414362,1)
[153]: (1045.217893164149,1)
[154]: (1049.470962952362,1)
[155]: (1039.430179226352,1)
[156]: (1042.044273831628,1)
[157]: (1043.126903410539,1)
[158]: (1048.4471292204,1)
[159]: (1045.208925499045,1)
[160]: (1040.528848624672,1)
[161]: (1042.323531501369,1)
[162]: (1044.437333802893,1)
[163]: (1043.571738399281,1)
[164]: (1045.611346291166,1)
[165]: (1041.76457125108,1)
[166]: (1046.002701891205,1)
[167]: (1044.13164619271,1)
[168]: (1042.569310047401,1)
[169]: (1045.579145088467,1)
[170]: (1045.823887495861,1)
[171]: (1043.162293084587,1)
[172]: (1054.022929956351,1)
[173]: (1040.332305725462,1)
[174]: (1039.403833838747,1)
[175]: (1041.535034695843,1)
[176]: (1047.386122373398,1)
[177]: (1049.16893733915,1)
[178]: (1042.676384797408,1)
[179]: (1043.213678873487,1)
[180]: (1040.136011728906,1)
[181]: (1044.044868593966,1)
[182]: (1041.160218539447,1)
[183]: (1041.023133239577,1)
[184]: (1042.165998873516,1)
[185]: (1044.264531017077,1)
[186]: (1042.100247348898,1)
[187]: (1042.69570151639,1)
[188]: (1048.605126485115,1)
[189]: (1043.638325062365,1)
[190]: (1045.049542909829,1)
[191]: (1043.311055180364,1)
[192]: (1041.772915181939,1)
[193]: (1039.921076365161,1)
[194]: (1042.401675567035,1)
[195]: (1042.051708829252,1)
[196]: (1042.838742651523,1)
[197]: (1038.931355768463,1)
[198]: (1044.033216710322,1)
[199]: (1042.208726150572,1)
[200]: (1044.274175757762,1)
[201]: (1039.099487404974,1)
[202]: (1044.054961118015,1)
[203]: (1044.647600770182,1)
[204]: (1044.090021476018,1)
[205]: (1040.067732960013,1)
[206]: (1041.526938423682,1)
[207]: (1039.037032687725,1)
[208]: (1042.600213742896,1)
[209]: (1051.364117925045,1)
[210]: (1044.271195258497,1)
[211]: (1049.241752066738,1)
[212]: (1047.22188925556,1)
[213]: (1043.140964844102,1)
[214]: (1041.124525960234,1)
[215]: (1048.805835548093,1)
[216]: (1043.130909691075,1)
[217]: (1040.309695365013,1)
[218]: (1045.084390794344,1)
[219]: (1040.108320244625,1)
[220]: (1047.22654950283,1)
[221]: (1039.051490523946,1)
[222]: (1045.328463826264,1)
[223]: (1042.506216037378,1)
[224]: (1040.075542939009,1)
[225]: (1042.388738332553,1)
[226]: (1041.212020323478,1)
[227]: (1041.294177236047,1)
[228]: (1049.065032558652,1)
[229]: (1041.938190063691,1)
[230]: (1040.277398731351,1)
[231]: (1039.178094083667,1)
[232]: (1043.050093243889,1)
[233]: (1056.294132124641,1)
[234]: (1040.186847863809,1)
[235]: (1041.250130780123,1)
[236]: (1041.006159792327,1)
[237]: (1041.33387444788,1)
[238]: (1042.11360186188,1)
[239]: (1041.766882482855,1)
[240]: (1039.422560470323,1)
[241]: (1042.086002296315,1)
[242]: (1044.016745169684,1)
[243]: (1045.480948441223,1)
[244]: (1039.211437693782,1)
[245]: (1043.01978596471,1)
[246]: (1039.144253656108,1)
[247]: (1042.163936731591,1)
[248]: (1040.187663841239,1)
[249]: (1039.024400292239,1)
[250]: (1044.112824030714,1)
[251]: (1045.368147219132,1)
[252]: (1051.022780542904,1)
[253]: (1042.360338883195,1)
[254]: (1047.166330677253,1)
[255]: (1043.270281336573,1)
[256]: (1045.298418102278,1)
[257]: (1048.422945198205,1)
[258]: (1038.640298931316,1)
[259]: (1048.067070778974,1)
[260]: (1039.147972338399,1)
[261]: (1045.123151174346,1)
[262]: (1047.120968116065,1)
[263]: (1039.064246770541,1)
[264]: (1043.461030815854,1)
[265]: (1047.320898971904,1)
[266]: (1040.130419779506,1)
[267]: (1042.428943346153,1)
[268]: (1042.007890163698,1)
[269]: (1044.132544764811,1)
[270]: (1040.237436734864,1)
[271]: (1048.181015776244,1)
[272]: (1041.114569921519,1)
[273]: (1041.031989324777,1)
[274]: (1048.659484171317,1)
[275]: (1051.266094473839,1)
[276]: (1038.336667005317,1)
[277]: (1040.942803965928,1)
[278]: (1044.060118938527,1)
[279]: (1052.164474072633,1)
[280]: (1039.788569843142,1)
[281]: (1040.337319669804,1)
[282]: (1048.076242059831,1)
[283]: (1042.074426828575,1)
[284]: (1043.016269355705,1)
[285]: (1040.041378877263,1)
[286]: (1040.284442125912,1)
[287]: (1045.936612609688,1)
[288]: (1042.31163862975,1)
[289]: (1047.344823617119,1)
[290]: (1045.070821296017,1)
[291]: (1045.023487333669,1)
[292]: (1042.168845770863,1)
[293]: (1052.062894374553,1)
[294]: (1040.233869050208,1)
[295]: (1043.027873540031,1)
[296]: (1046.008030451173,1)
[297]: (1047.390147275492,1)
[298]: (1043.132350733154,1)
[299]: (1044.106012126157,1)
[300]: (1041.784544706541,1)
[301]: (1042.857071026695,1)
[302]: (1044.57726284028,1)
[303]: (1041.181883961034,1)
[304]: (1044.868981106244,1)
[305]: (1050.946549157918,1)
[306]: (1043.10740378201,1)
[307]: (1044.232150622328,1)
[308]: (1045.417444990523,1)
[309]: (1045.13595168712,1)
[310]: (1047.544494059907,1)
[311]: (1038.406093581493,1)
[312]: (1044.122311155218,1)
[313]: (1045.331193297423,1)
[314]: (1044.109327115704,1)
[315]: (1043.003526317937,1)
[316]: (1049.618128202024,1)
[317]: (1040.354630435635,1)
[318]: (1047.552441932749,1)
[319]: (1042.785149590357,1)
[320]: (1041.96860918158,1)
[321]: (1042.092109313774,1)
[322]: (1045.361212865684,1)
[323]: (1045.308328810997,1)
[324]: (1044.540216079582,1)
[325]: (1047.071254116147,1)
[326]: (1043.032617999868,1)
[327]: (1047.058181675311,1)
[328]: (1044.072959373476,1)
[329]: (1039.37795861986,1)
[330]: (1040.187454054274,1)
[331]: (1043.18530909842,1)
[332]: (1042.247171127486,1)
[333]: (1044.208145771004,1)
[334]: (1039.016867369114,1)
[335]: (1045.087774530961,1)
[336]: (1050.659141454539,1)
[337]: (1047.428806155251,1)
[338]: (1049.028433863287,1)
[339]: (1054.082603601433,1)
[340]: (1045.513443490853,1)
[341]: (1049.623516787284,1)
[342]: (1040.58231355435,1)
[343]: (1045.231027345762,1)
[344]: (1047.009694183928,1)
[345]: (1042.192167000506,1)
[346]: (1040.320869371845,1)
[347]: (1047.080940586914,1)
[348]: (1041.013077420406,1)
[349]: (1044.075101045087,1)
[350]: (1041.042199082169,1)
[351]: (1041.218564050836,1)
[352]: (1042.617518886311,1)
[353]: (1045.047683771349,1)
[354]: (1042.341735666255,1)
[355]: (1052.216665599915,1)
[356]: (1041.17837743654,1)
[357]: (1038.084661617578,1)
[358]: (1039.055476773128,1)
[359]: (1044.703364783463,1)
[360]: (1039.272460901472,1)
[361]: (1043.563716022254,1)
[362]: (1039.242251780743,1)
[363]: (1047.286057081907,1)
[364]: (1045.136683568476,1)
[365]: (1041.532461661667,1)
[366]: (1049.246142284558,1)
[367]: (1051.162771138734,1)
[368]: (1048.072247952394,1)
[369]: (1043.276613037253,1)
[370]: (1047.252922849868,1)
[371]: (1043.076854447658,1)
[372]: (1043.019234810714,1)
[373]: (1041.152809461298,1)
[374]: (1045.19994221941,1)
[375]: (1043.029786412378,1)
[376]: (1048.829376766526,1)
[377]: (1042.011998284711,1)
[378]: (1045.253638319614,1)
[379]: (1041.701348288634,1)
[380]: (1046.068590958821,1)
[381]: (1046.163081136805,1)
[382]: (1042.146678304576,1)
[383]: (1045.097957703894,1)
[384]: (1041.48273051988,1)
[385]: (1050.043846702962,1)
[386]: (1040.209590397983,1)
[387]: (1050.223134491672,1)
[388]: (1042.27808610082,1)
[389]: (1049.258457523481,1)
[390]: (1040.224072467341,1)
[391]: (1042.067469769082,1)
[392]: (1041.287748713187,1)
[393]: (1040.022342510427,1)
[394]: (1041.391837472198,1)
[395]: (1040.448538746508,1)
[396]: (1043.29858044501,1)
[397]: (1039.026676773696,1)
[398]: (1041.631795234448,1)
[399]: (1041.73039976502,1)
[400]: (1052.171223366903,1)
[401]: (1046.091108312701,1)
[402]: (1041.234595904861,1)
[403]: (1041.954793597824,1)
[404]: (1044.138192470457,1)
[405]: (1042.06401076922,1)
[406]: (1042.617091451162,1)
[407]: (1043.092218614403,1)
[408]: (1040.130927973758,1)
[409]: (1042.151573711344,1)
[410]: (1041.428050023643,1)
[411]: (1047.054846692756,1)
[412]: (1044.031319879688,1)
[413]: (1042.656506568419,1)
[414]: (1047.574630078346,1)
[415]: (1046.322643846843,1)
[416]: (1044.34711861741,1)
[417]: (1041.313218505136,1)
[418]: (1043.026582079805,1)
[419]: (1038.491407657068,1)
[420]: (1059.328925857226,1)
[421]: (1049.322044505578,1)
[422]: (1041.12677844686,1)
[423]: (1045.256834077652,1)
[424]: (1047.000847843402,1)
[425]: (1041.651148520065,1)
[426]: (1043.458789764303,1)
[427]: (1044.068513631721,1)
[428]: (1041.613649178477,1)
[429]: (1050.714616105515,1)
[430]: (1046.182502278851,1)
[431]: (1041.033513568408,1)
[432]: (1044.07393034755,1)
[433]: (1045.663365171014,1)
[434]: (1044.364503706747,1)
[435]: (1044.136431279807,1)
[436]: (1044.025949065117,1)
[437]: (1044.09771911994,1)
[438]: (1041.729805709642,1)
[439]: (1046.435901301902,1)
[440]: (1039.273646222419,1)
[441]: (1042.078366761168,1)
[442]: (1043.075307710124,1)
[443]: (1043.337942617457,1)
[444]: (1051.418574587349,1)
[445]: (1045.076831287067,1)
[446]: (1042.403721951733,1)
[447]: (1045.033460200615,1)
[448]: (1041.140771004791,1)
[449]: (1041.789826609838,1)
[450]: (1045.254117121312,1)
[451]: (1044.167692244323,1)
[452]: (1039.332898662387,1)
[453]: (1040.505589035761,1)
[454]: (1039.258061372185,1)
[455]: (1040.02161836336,1)
[456]: (1044.090876965497,1)
[457]: (1041.105593718397,1)
[458]: (1044.627855416905,1)
[459]: (1045.70259722936,1)
[460]: (1044.340169340618,1)
[461]: (1040.341170499248,1)
[462]: (1044.267371503147,1)
[463]: (1043.00451903857,1)
[464]: (1045.44572222523,1)
[465]: (1042.178061907847,1)
[466]: (1041.113469073271,1)
[467]: (1043.049257436706,1)
[468]: (1039.247860441699,1)
[469]: (1039.249061809702,1)
[470]: (1041.093767632494,1)
[471]: (1041.42086612753,1)
[472]: (1039.975283285201,1)
[473]: (1044.770093465943,1)
[474]: (1040.497149789967,1)
[475]: (1040.107526007435,1)
[476]: (1045.018619429162,1)
[477]: (1040.221933233172,1)
[478]: (1046.669849176143,1)
[479]: (1044.078573570158,1)
[480]: (1042.32246705046,1)
[481]: (1040.304523088547,1)
[482]: (1045.521618973461,1)
[483]: (1045.072517912369,1)
[484]: (1042.250508781784,1)
[485]: (1041.090176700024,1)
[486]: (1045.279925621294,1)
[487]: (1043.106272038842,1)
[488]: (1040.019393129048,1)
[489]: (1040.627590265015,1)
[490]: (1043.204165845882,1)
[491]: (1042.223000859195,1)
[492]: (1043.074734816783,1)
[493]: (1047.056287726154,1)
[494]: (1041.538326453898,1)
[495]: (1044.169667720908,1)
[496]: (1050.140627568146,1)
[497]: (1047.285287168409,1)
[498]: (1039.669395757445,1)
[499]: (1044.214192044597,1)
[500]: (1054.03652120815,1)
[501]: (1041.490819266641,1)
[502]: (1045.845675183916,1)
[503]: (1046.835191019469,1)
[504]: (1054.406006096887,1)
[505]: (1041.320234507345,1)
[506]: (1043.441469484744,1)
[507]: (1043.527953874042,1)
[508]: (1046.096182277529,1)
[509]: (1046.149722421161,1)
[510]: (1044.254694757936,1)
[511]: (1051.122671139278,1)
[512]: (1044.16332905799,1)
[513]: (1046.280561116775,1)
[514]: (1045.424000521657,1)
[515]: (1044.244966143403,1)
[516]: (1057.675678952036,1)
[517]: (1038.31116513869,1)
[518]: (1041.194235987592,1)
[519]: (1046.518200608592,1)
[520]: (1044.584470338641,1)
[521]: (1041.813278100874,1)
[522]: (1047.138226019321,1)
[523]: (1049.17884461074,1)
[524]: (1045.112278404631,1)
[525]: (1039.318797347212,1)
[526]: (1038.576134748248,1)
[527]: (1040.425167193004,1)
[528]: (1044.089540761515,1)
[529]: (1039.027708495367,1)
[530]: (1042.316461084134,1)
[531]: (1050.223004261713,1)
[532]: (1047.071224490365,1)
[533]: (1039.419626582252,1)
[534]: (1040.311628223329,1)
[535]: (1044.376050304878,1)
[536]: (1041.39844238652,1)
[537]: (1046.0260102395,1)
[538]: (1043.045490945736,1)
[539]: (1041.025459775129,1)
[540]: (1043.321728981163,1)
[541]: (1045.537608202631,1)
[542]: (1042.103158941816,1)
[543]: (1052.120120903731,1)
[544]: (1041.027312181495,1)
[545]: (1049.316030513794,1)
[546]: (1046.170591399044,1)
[547]: (1040.466052495231,1)
[548]: (1050.172040338285,1)
[549]: (1042.730886802304,1)
[550]: (1039.57147696451,1)
[551]: (1045.103560978673,1)
[552]: (1039.206161349686,1)
[553]: (1041.402466401983,1)
[554]: (1042.368907676591,1)
[555]: (1051.037137526269,1)
[556]: (1048.59751953455,1)
[557]: (1040.539986690663,1)
[558]: (1045.102823544841,1)
[559]: (1040.196547569087,1)
[560]: (1042.221361284824,1)
[561]: (1044.040137399491,1)
[562]: (1049.1331287725,1)
[563]: (1043.025180560948,1)
[564]: (1045.323527775706,1)
[565]: (1045.075169983706,1)
[566]: (1039.332340138426,1)
[567]: (1040.269014762739,1)
[568]: (1044.703860318514,1)
[569]: (1042.289193593104,1)
[570]: (1041.316763906994,1)
[571]: (1047.257804416887,1)
[572]: (1041.581720319566,1)
[573]: (1044.644444077352,1)
[574]: (1047.099326513624,1)
[575]: (1044.091790919423,1)
[576]: (1040.722580099091,1)
[577]: (1041.260697377801,1)
[578]: (1040.406115517062,1)
[579]: (1042.167331594201,1)
[580]: (1041.17149036951,1)
[581]: (1043.326456411716,1)
[582]: (1043.345999829971,1)
[583]: (1043.186283929468,1)
[584]: (1049.575771430446,1)
[585]: (1043.129279037331,1)
[586]: (1039.005727191734,1)
[587]: (1047.377799886863,1)
[588]: (1045.174771021836,1)
[589]: (1039.604960559875,1)
[590]: (1039.587856648015,1)
[591]: (1043.120345713,1)
[592]: (1040.412574959443,1)
[593]: (1042.083791949299,1)
[594]: (1046.314566653583,1)
[595]: (1045.393852142685,1)
[596]: (1042.315122753675,1)
[597]: (1046.607407527775,1)
[598]: (1043.192304702545,1)
[599]: (1044.108971387087,1)
[600]: (1038.734126721585,1)
[601]: (1042.029002777596,1)
[602]: (1049.037243849729,1)
[603]: (1042.302841961124,1)
[604]: (1043.127892470841,1)
[605]: (1040.297058182147,1)
[606]: (1046.171738702353,1)
[607]: (1043.267914228159,1)
[608]: (1045.23726742582,1)
[609]: (1044.57645113237,1)
[610]: (1041.032915320598,1)
[611]: (1040.156520580494,1)
[612]: (1041.598499858105,1)
[613]: (1039.586465082108,1)
[614]: (1042.730949174711,1)
[615]: (1044.393240766707,1)
[616]: (1040.877796524115,1)
[617]: (1041.004030263375,1)
[618]: (1044.214906935753,1)
[619]: (1045.511891451302,1)
[620]: (1042.171956202449,1)
[621]: (1043.115401464953,1)
[622]: (1041.053534435898,1)
[623]: (1046.725784174129,1)
[624]: (1043.288013954553,1)
[625]: (1041.287348557185,1)
[626]: (1047.129040518932,1)
[627]: (1042.52459570179,1)
[628]: (1040.415948607914,1)
[629]: (1043.622746638273,1)
[630]: (1042.119705842093,1)
[631]: (1043.010598880365,1)
[632]: (1043.083553153703,1)
[633]: (1041.448407222005,1)
[634]: (1039.226680210836,1)
[635]: (1043.018286234405,1)
[636]: (1049.837830663404,1)
[637]: (1047.307507318686,1)
[638]: (1049.017675779993,1)
[639]: (1044.14013065323,1)
[640]: (1042.048133053545,1)
[641]: (1041.628179657447,1)
[642]: (1048.408792339942,1)
[643]: (1040.398081719173,1)
[644]: (1042.067267448707,1)
[645]: (1045.324671340858,1)
[646]: (1043.27318395483,1)
[647]: (1044.765907425488,1)
[648]: (1042.474522025203,1)
[649]: (1040.972602335968,1)
[650]: (1052.141275917815,1)
[651]: (1042.222527492176,1)
[652]: (1041.064367853686,1)
[653]: (1045.01032111314,1)
[654]: (1042.341802455381,1)
[655]: (1045.277113137066,1)
[656]: (1044.334771556643,1)
[657]: (1043.419289527612,1)
[658]: (1047.322985040611,1)
[659]: (1050.119793415343,1)
[660]: (1042.260148629251,1)
[661]: (1040.085731496839,1)
[662]: (1044.002470899629,1)
[663]: (1044.162228494057,1)
[664]: (1044.473512298745,1)
[665]: (1049.033295945296,1)
[666]: (1043.198573357998,1)
[667]: (1043.579631538585,1)
[668]: (1051.806870923613,1)
[669]: (1054.032419410578,1)
[670]: (1042.040745627561,1)
[671]: (1049.021278922655,1)
[672]: (1042.859646037468,1)
[673]: (1044.1356177432,1)
[674]: (1048.448737045333,1)
[675]: (1044.122034871653,1)
[676]: (1044.294767074216,1)
[677]: (1048.273720842401,1)
[678]: (1042.507755373141,1)
[679]: (1042.17211258075,1)
[680]: (1048.23547970041,1)
[681]: (1041.750014037581,1)
[682]: (1043.062421741941,1)
[683]: (1039.920822314303,1)
[684]: (1053.037809931832,1)
[685]: (1044.481828109887,1)
[686]: (1039.097840878977,1)
[687]: (1050.569270162398,1)
[688]: (1041.40520666354,1)
[689]: (1041.148111137655,1)
[690]: (1042.538294462979,1)
[691]: (1043.181145820214,1)
[692]: (1041.936048888066,1)
[693]: (1042.224981695747,1)
[694]: (1043.363591301946,1)
[695]: (1045.280175148889,1)
[696]: (1039.476899111028,1)
[697]: (1044.808551882609,1)
[698]: (1039.339104869458,1)
[699]: (1042.944404105985,1)
[700]: (1044.04902339407,1)
[701]: (1045.003504125163,1)
[702]: (1039.04792854991,1)
[703]: (1044.322537531105,1)
[704]: (1052.199030760217,1)
[705]: (1043.155719540461,1)
[706]: (1044.140155966982,1)
[707]: (1049.046873005166,1)
[708]: (1044.416009213708,1)
[709]: (1041.159927897854,1)
[710]: (1041.80923487258,1)
[711]: (1043.093554681439,1)
[712]: (1042.266682985035,1)
[713]: (1042.11745136853,1)
[714]: (1041.025715584228,1)
[715]: (1044.027815448394,1)
[716]: (1042.919127566857,1)
[717]: (1049.002410857991,1)
[718]: (1042.378425066363,1)
[719]: (1044.227247924097,1)
[720]: (1042.608143068304,1)
[721]: (1039.512919997673,1)
[722]: (1045.336774739965,1)
[723]: (1039.673736794744,1)
[724]: (1044.339081743546,1)
[725]: (1043.215776561805,1)
[726]: (1046.199515250184,1)
[727]: (1047.40170556298,1)
[728]: (1049.114223994439,1)
[729]: (1039.234787113673,1)
[730]: (1042.102537170134,1)
[731]: (1041.629903619086,1)
[732]: (1045.085427030343,1)
[733]: (1041.065971512537,1)
[734]: (1052.438211757575,1)
[735]: (1041.945225195137,1)
[736]: (1044.086488375732,1)
[737]: (1040.649623517419,1)
[738]: (1048.685626415129,1)
[739]: (1043.707956910919,1)
[740]: (1038.661403643418,1)
[741]: (1044.126536294998,1)
[742]: (1041.237326282416,1)
[743]: (1049.032686199474,1)
[744]: (1041.078787585053,1)
[745]: (1039.00746892336,1)
[746]: (1041.18992963785,1)
[747]: (1051.107987234824,1)
[748]: (1041.670383465084,1)
[749]: (1045.137327757663,1)
[750]: (1045.760740749042,1)
[751]: (1039.205604325989,1)
[752]: (1041.978242732811,1)
[753]: (1041.023045348519,1)
[754]: (1044.765282147175,1)
[755]: (1043.189425744378,1)
[756]: (1051.325364356772,1)
[757]: (1046.178625957344,1)
[758]: (1041.150258394007,1)
[759]: (1039.492764323612,1)
[760]: (1043.031777296145,1)
[761]: (1040.093991873619,1)
[762]: (1039.065964762042,1)
[763]: (1041.585654909375,1)
[764]: (1047.281329973331,1)
[765]: (1045.249576427867,1)
[766]: (1041.219954870065,1)
[767]: (1041.030916556203,1)
[768]: (1046.030768346136,1)
[769]: (1045.002849746757,1)
[770]: (1047.808080533614,1)
[771]: (1046.17515541269,1)
[772]: (1041.135257491804,1)
[773]: (1044.102187312926,1)
[774]: (1040.475735548876,1)
[775]: (1040.226294301755,1)
[776]: (1040.18324763625,1)
[777]: (1045.147108194329,1)
[778]: (1043.425262955321,1)
[779]: (1046.080300715606,1)
[780]: (1042.319919830794,1)
[781]: (1053.800007661952,1)
[782]: (1039.067092275403,1)
[783]: (1047.813632691774,1)
[784]: (1046.113682971706,1)
[785]: (1047.251608540343,1)
[786]: (1053.01049331226,1)
[787]: (1043.362418067883,1)
[788]: (1053.314984605296,1)
[789]: (1040.210449768101,1)
[790]: (1042.284325507327,1)
[791]: (1040.758780445685,1)
[792]: (1044.010436322828,1)
[793]: (1047.089776237228,1)
[794]: (1039.185183909109,1)
[795]: (1045.486964471815,1)
[796]: (1048.185727726785,1)
[797]: (1038.293219133082,1)
[798]: (1045.434922607062,1)
[799]: (1044.057793520486,1)
[800]: (1045.553497691499,1)
[801]: (1040.176604419064,1)
[802]: (1040.262943296678,1)
[803]: (1042.525480250246,1)
[804]: (1042.495195490868,1)
[805]: (1048.010039934195,1)
[806]: (1040.068638354792,1)
[807]: (1041.278451238183,1)
[808]: (1042.07035111804,1)
[809]: (1043.005889728019,1)
[810]: (1041.703218630041,1)
[811]: (1040.455129945967,1)
[812]: (1043.458155073166,1)
[813]: (1042.144214187555,1)
[814]: (1040.152175476536,1)
[815]: (1057.244122408053,1)
[816]: (1052.48187208616,1)
[817]: (1043.509484860361,1)
[818]: (1042.427933535806,1)
[819]: (1044.049501723953,1)
[820]: (1042.412542658677,1)
[821]: (1048.03427740999,1)
[822]: (1042.92759559805,1)
[823]: (1045.019516823097,1)
[824]: (1040.344854848046,1)
[825]: (1039.034757672016,1)
[826]: (1043.286018511587,1)
[827]: (1043.074759440052,1)
[828]: (1047.476775355358,1)
[829]: (1049.261107548477,1)
[830]: (1051.069046477325,1)
[831]: (1041.033266615532,1)
[832]: (1046.241635173983,1)
[833]: (1046.254908628496,1)
[834]: (1046.283719815105,1)
[835]: (1050.250026147336,1)
[836]: (1046.03417314494,1)
[837]: (1044.177363543861,1)
[838]: (1043.154864158377,1)
[839]: (1040.357328411038,1)
[840]: (1041.491211337833,1)
[841]: (1042.409960344657,1)
[842]: (1040.221208707194,1)
[843]: (1043.15865676618,1)
[844]: (1043.120349189693,1)
[845]: (1040.14182572423,1)
[846]: (1048.028840327618,1)
[847]: (1040.393800105061,1)
[848]: (1050.099241120832,1)
[849]: (1043.178811756739,1)
[850]: (1044.078091458153,1)
[851]: (1041.289072153661,1)
[852]: (1048.331342065733,1)
[853]: (1045.31244836848,1)
[854]: (1045.234484872624,1)
[855]: (1040.827053821462,1)
[856]: (1042.087591913322,1)
[857]: (1039.39884194059,1)
[858]: (1047.488655764214,1)
[859]: (1042.118309535348,1)
[860]: (1043.000532278852,1)
[861]: (1042.444398365896,1)
[862]: (1043.338040032552,1)
[863]: (1049.603106585481,1)
[864]: (1050.12545539894,1)
[865]: (1042.108833235762,1)
[866]: (1043.32070477154,1)
[867]: (1041.121214731114,1)
[868]: (1041.968929227508,1)
[869]: (1041.398184720414,1)
[870]: (1043.087564692405,1)
[871]: (1044.178895749103,1)
[872]: (1047.817083808651,1)
[873]: (1041.833211611085,1)
[874]: (1050.739435969703,1)
[875]: (1055.756075147672,1)
[876]: (1051.043103986072,1)
[877]: (1054.096389217984,1)
[878]: (1044.077449780361,1)
[879]: (1045.371685478707,1)
[880]: (1040.153313203512,1)
[881]: (1044.879302337392,1)
[882]: (1042.52323839659,1)
[883]: (1044.509652784643,1)
[884]: (1053.225432491922,1)
[885]: (1048.300389581332,1)
[886]: (1041.238750717161,1)
[887]: (1041.335081295623,1)
[888]: (1042.673165854787,1)
[889]: (1040.273981630524,1)
[890]: (1040.527972372,1)
[891]: (1046.497289091411,1)
[892]: (1041.194062815438,1)
[893]: (1039.272453080806,1)
[894]: (1045.044125843401,1)
[895]: (1039.282676184909,1)
[896]: (1042.171703283995,1)
[897]: (1041.012007096815,1)
[898]: (1042.258677495033,1)
[899]: (1045.309228438339,1)
[900]: (1043.151937263782,1)
[901]: (1039.15700661897,1)
[902]: (1043.542647025852,1)
[903]: (1044.580625124602,1)
[904]: (1047.091486188739,1)
[905]: (1042.500229288307,1)
[906]: (1039.165303730016,1)
[907]: (1039.039313426892,1)
[908]: (1043.075581318198,1)
[909]: (1043.046065061812,1)
[910]: (1042.015458095427,1)
[911]: (1045.177550311173,1)
[912]: (1047.086519612703,1)
[913]: (1043.013501087294,1)
[914]: (1046.097544124898,1)
[915]: (1043.424235426381,1)
[916]: (1039.05859321561,1)
[917]: (1046.442157466378,1)
[918]: (1044.084068045475,1)
[919]: (1041.700305361931,1)
[920]: (1042.054446569577,1)
[921]: (1041.489514316663,1)
[922]: (1041.723923635408,1)
[923]: (1042.158550207058,1)
[924]: (1040.694460566443,1)
[925]: (1041.048946458457,1)
[926]: (1050.071837956184,1)
[927]: (1042.423435570244,1)
[928]: (1040.254061670815,1)
[929]: (1042.119938492443,1)
[930]: (1045.396812584621,1)
[931]: (1044.258623810614,1)
[932]: (1040.097937005186,1)
[933]: (1040.362378765019,1)
[934]: (1046.091362752301,1)
[935]: (1044.256471279364,1)
[936]: (1041.277668206556,1)
[937]: (1047.461386400163,1)
[938]: (1049.221518751275,1)
[939]: (1038.945908139308,1)
[940]: (1044.052292301234,1)
[941]: (1041.274378736552,1)
[942]: (1051.225073393718,1)
[943]: (1050.261150568652,1)
[944]: (1042.067957644633,1)
[945]: (1040.656159788871,1)
[946]: (1040.130787081705,1)
[947]: (1051.247072286838,1)
[948]: (1048.115421314631,1)
[949]: (1045.345850414358,1)
[950]: (1041.281693654592,1)
[951]: (1046.564585440366,1)
[952]: (1044.084847449542,1)
[953]: (1039.181013521011,1)
[954]: (1040.362012406798,1)
[955]: (1043.578513182508,1)
[956]: (1041.050850199037,1)
[957]: (1040.49345024534,1)
[958]: (1046.371547483167,1)
[959]: (1043.619164041304,1)
[960]: (1042.842492523657,1)
[961]: (1040.061500916949,1)
[962]: (1048.253503876814,1)
[963]: (1044.316262696068,1)
[964]: (1042.209858942804,1)
[965]: (1042.123828866293,1)
[966]: (1040.313477954014,1)
[967]: (1046.453070363478,1)
[968]: (1045.916656994244,1)
[969]: (1045.368117302979,1)
[970]: (1047.144226228821,1)
[971]: (1040.08305607446,1)
[972]: (1042.043902227787,1)
[973]: (1041.242355777762,1)
[974]: (1044.431758870593,1)
[975]: (1042.067133297885,1)
[976]: (1047.113772381538,1)
[977]: (1052.373357862576,1)
[978]: (1054.074006536059,1)
[979]: (1050.466716020757,1)
[980]: (1057.66852010036,1)
[981]: (1040.299417227831,1)
[982]: (1041.218408884907,1)
[983]: (1040.107754325729,1)
[984]: (1045.019414625619,1)
[985]: (1041.505059628898,1)
[986]: (1042.066792505655,1)
[987]: (1042.459880875962,1)
[988]: (1041.543865813366,1)
[989]: (1039.336300302977,1)
[990]: (1044.614554859756,1)
[991]: (1044.276829336015,1)
[992]: (1043.303003952682,1)
[993]: (1042.052483880381,1)
[994]: (1048.573356075754,1)
[995]: (1046.437433876022,1)
[996]: (1041.12740807669,1)
[997]: (1044.040265183476,1)
[998]: (1047.519449663511,1)
[999]: (1042.327175095498,1)
[1000]: (1041.038113782759,1)
[1001]: (1047.176453248823,1)
[1002]: (1039.364047055758,1)
[1003]: (1049.351825048929,1)
[1004]: (1057.413320864978,1)
[1005]: (1042.000212612461,1)
[1006]: (1047.015419464948,1)
[1007]: (1044.355995813441,1)
[1008]: (1048.107669840165,1)
[1009]: (1042.349125000036,1)
[1010]: (1045.074987718649,1)
[1011]: (1053.404391289586,1)
[1012]: (1048.30711782648,1)
[1013]: (1045.167545984663,1)
[1014]: (1046.211881590956,1)
[1015]: (1042.116853798492,1)
[1016]: (1041.039835970808,1)
[1017]: (1044.11105564163,1)
[1018]: (1044.084327374539,1)
[1019]: (1044.166074080761,1)
[1020]: (1042.161984854314,1)
[1021]: (1044.916958853686,1)
[1022]: (1039.282033425058,1)
[1023]: (1043.107370349761,1)
[1024]: (1049.14720536257,1)
[1025]: (1044.158796334052,1)
[1026]: (1043.588949567103,1)
[1027]: (1046.062824266879,1)
[1028]: (1040.372386770316,1)
[1029]: (1046.394497079738,1)
[1030]: (1042.010155740473,1)
[1031]: (1043.017670990823,1)
[1032]: (1042.149337838597,1)
[1033]: (1042.216545164441,1)
[1034]: (1044.557717951674,1)
[1035]: (1043.748485029616,1)
[1036]: (1040.079432814528,1)
[1037]: (1046.014160879515,1)
[1038]: (1039.038151984592,1)
[1039]: (1048.052460319216,1)
[1040]: (1047.128406759034,1)
[1041]: (1040.654531166355,1)
[1042]: (1050.25718174074,1)
[1043]: (1045.098372842996,1)
[1044]: (1040.606267090234,1)
[1045]: (1042.06068641972,1)
[1046]: (1048.671338029694,1)
[1047]: (1044.613952282614,1)
[1048]: (1041.861277919953,1)
[1049]: (1043.185872884971,1)
[1050]: (1045.047863854509,1)
[1051]: (1039.290589327239,1)
[1052]: (1043.801417688417,1)
[1053]: (1050.665920400874,1)
[1054]: (1043.559482953279,1)
[1055]: (1045.258607770802,1)
[1056]: (1040.204728531496,1)
[1057]: (1042.889462479167,1)
[1058]: (1047.429734055192,1)
[1059]: (1040.755512040989,1)
[1060]: (1040.125087370165,1)
[1061]: (1038.205905532307,1)
[1062]: (1043.055933766112,1)
[1063]: (1045.284295263482,1)
[1064]: (1041.49092256381,1)
[1065]: (1039.113286390577,1)
[1066]: (1045.074200990724,1)
[1067]: (1049.73776515021,1)
[1068]: (1043.236821297131,1)
[1069]: (1044.117053788239,1)
[1070]: (1040.550600795717,1)
[1071]: (1042.058144424936,1)
[1072]: (1041.082653455873,1)
[1073]: (1043.026316231069,1)
[1074]: (1038.660605742773,1)
[1075]: (1041.021397554117,1)
[1076]: (1045.899132604488,1)
[1077]: (1046.203467341256,1)
[1078]: (1043.639395434573,1)
[1079]: (1040.180795617442,1)
[1080]: (1040.297033695065,1)
[1081]: (1043.067488681,1)
[1082]: (1046.048891351769,1)
[1083]: (1043.307356685223,1)
[1084]: (1043.416482791012,1)
[1085]: (1051.081523628955,1)
[1086]: (1045.089882213929,1)
[1087]: (1042.36528649226,1)
[1088]: (1040.64346835954,1)
[1089]: (1042.479665447873,1)
[1090]: (1053.081379980047,1)
[1091]: (1051.13060270533,1)
[1092]: (1048.079357955733,1)
[1093]: (1041.331007920371,1)
[1094]: (1043.418820528504,1)
[1095]: (1044.811803083581,1)
[1096]: (1048.177069976995,1)
[1097]: (1044.214850690015,1)
[1098]: (1044.300679356453,1)
[1099]: (1044.351353897662,1)
[1100]: (1046.307338206597,1)
[1101]: (1041.22473139297,1)
[1102]: (1044.337155152871,1)
[1103]: (1043.078898874748,1)
[1104]: (1041.259180072322,1)
[1105]: (1043.015639229982,1)
[1106]: (1042.113162766855,1)
[1107]: (1044.182828603803,1)
[1108]: (1045.241018937407,1)
[1109]: (1041.28575214434,1)
[1110]: (1051.517949701384,1)
[1111]: (1039.078832476262,1)
[1112]: (1044.225508725557,1)
[1113]: (1045.172062737075,1)
[1114]: (1047.213343066057,1)
[1115]: (1042.025608825812,1)
[1116]: (1050.489596109639,1)
[1117]: (1040.067817109747,1)
[1118]: (1040.577333320562,1)
[1119]: (1053.42595650489,1)
[1120]: (1050.06125187946,1)
[1121]: (1043.531569471519,1)
[1122]: (1048.067852497452,1)
[1123]: (1042.307629232878,1)
[1124]: (1047.347873254607,1)
[1125]: (1046.101381868516,1)
[1126]: (1044.274182067468,1)
[1127]: (1045.032025896495,1)
[1128]: (1043.167715637205,1)
[1129]: (1046.211874147071,1)
[1130]: (1041.635612677384,1)
[1131]: (1043.113021236614,1)
[1132]: (1040.038509580163,1)
[1133]: (1043.929925454955,1)
[1134]: (1050.352825935948,1)
[1135]: (1044.452826935373,1)
[1136]: (1045.039109704974,1)
[1137]: (1039.605844293119,1)
[1138]: (1040.453779704622,1)
[1139]: (1040.840563958207,1)
[1140]: (1043.42681264285,1)
[1141]: (1044.36741466471,1)
[1142]: (1043.312310466797,1)
[1143]: (1043.19889038344,1)
[1144]: (1041.081158010714,1)
[1145]: (1047.882200864459,1)
[1146]: (1042.314893833403,1)
[1147]: (1047.254619637797,1)
[1148]: (1044.001135412917,1)
[1149]: (1043.113641860625,1)
[1150]: (1050.021344408768,1)
[1151]: (1042.376884991904,1)
[1152]: (1046.183006868469,1)
[1153]: (1047.162328115347,1)
[1154]: (1043.631944743005,1)
[1155]: (1044.114429991256,1)
[1156]: (1047.038172847591,1)
[1157]: (1052.352565714053,1)
[1158]: (1043.608702639569,1)
[1159]: (1049.144363857788,1)
[1160]: (1038.98890070774,1)
[1161]: (1043.175247222253,1)
[1162]: (1043.267290829183,1)
[1163]: (1045.859692125567,1)
[1164]: (1042.383551965775,1)
[1165]: (1039.690255492929,1)
[1166]: (1041.031426149214,1)
[1167]: (1039.020025048011,1)
[1168]: (1043.612428842007,1)
[1169]: (1044.213123603,1)
[1170]: (1042.19007863189,1)
[1171]: (1042.676175860071,1)
[1172]: (1040.1544168072,1)
[1173]: (1042.109800452266,1)
[1174]: (1044.067097621715,1)
[1175]: (1043.280273562443,1)
[1176]: (1040.091520807232,1)
[1177]: (1040.370793185279,1)
[1178]: (1043.206433162059,1)
[1179]: (1047.583947420787,1)
[1180]: (1052.409839582338,1)
[1181]: (1041.213183339863,1)
[1182]: (1041.002951289501,1)
[1183]: (1042.037454173563,1)
[1184]: (1045.481086909379,1)
[1185]: (1041.15443898965,1)
[1186]: (1043.586272337471,1)
[1187]: (1039.153151194709,1)
[1188]: (1044.111018100752,1)
[1189]: (1041.293973886618,1)
[1190]: (1041.04050468833,1)
[1191]: (1038.161246527629,1)
[1192]: (1040.264801749772,1)
[1193]: (1047.275312489989,1)
[1194]: (1039.110450293605,1)
[1195]: (1044.272060220369,1)
[1196]: (1041.780817086079,1)
[1197]: (1045.053391812549,1)
[1198]: (1045.314170325616,1)
[1199]: (1040.377886595112,1)
[1200]: (1039.25519663267,1)
[1201]: (1041.207920703071,1)
[1202]: (1041.246754935632,1)
[1203]: (1047.076077130175,1)
[1204]: (1040.013923143629,1)
[1205]: (1041.227923214954,1)
[1206]: (1039.027225509698,1)
[1207]: (1045.402063801642,1)
[1208]: (1044.062873420473,1)
[1209]: (1039.310774007933,1)
[1210]: (1049.044765521036,1)
[1211]: (1044.943654812257,1)
[1212]: (1050.178720261242,1)
[1213]: (1041.099836481139,1)
[1214]: (1041.758228701061,1)
[1215]: (1046.064404242245,1)
[1216]: (1043.149269947127,1)
[1217]: (1052.668354942478,1)
[1218]: (1042.297972718252,1)
[1219]: (1041.207844809987,1)
[1220]: (1043.139821603954,1)
[1221]: (1044.015073642526,1)
[1222]: (1041.407660450421,1)
[1223]: (1050.144797867259,1)
[1224]: (1043.053323909726,1)
[1225]: (1038.36711567779,1)
[1226]: (1041.096490050961,1)
[1227]: (1043.012493240215,1)
[1228]: (1041.062159047136,1)
[1229]: (1043.244439788518,1)
[1230]: (1043.126900486667,1)
[1231]: (1044.784192439176,1)
[1232]: (1043.396656379224,1)
[1233]: (1049.099808075068,1)
[1234]: (1052.250880581203,1)
[1235]: (1039.616922913953,1)
[1236]: (1046.447952915668,1)
[1237]: (1044.225835517238,1)
[1238]: (1039.926875247868,1)
[1239]: (1041.174465792886,1)
[1240]: (1049.622483931187,1)
[1241]: (1044.319612458204,1)
[1242]: (1041.090724103481,1)
[1243]: (1044.1407300086,1)
[1244]: (1043.199890761539,1)
[1245]: (1042.76650939047,1)
[1246]: (1042.010218423771,1)
[1247]: (1042.775701609801,1)
[1248]: (1041.150625073784,1)
[1249]: (1049.358915738377,1)
[1250]: (1043.107551800903,1)
[1251]: (1043.033435073711,1)
[1252]: (1042.582856629245,1)
[1253]: (1047.030549909943,1)
[1254]: (1039.152810706666,1)
[1255]: (1039.065245850529,1)
[1256]: (1047.023634884985,1)
[1257]: (1041.375130695588,1)
[1258]: (1044.095871557508,1)
[1259]: (1043.000395776165,1)
[1260]: (1042.236618664944,1)
[1261]: (1046.850718220322,1)
[1262]: (1043.28956525846,1)
[1263]: (1043.137152236323,1)
[1264]: (1043.182615966907,1)
[1265]: (1040.541410861882,1)
[1266]: (1041.387478006079,1)
[1267]: (1042.135400064402,1)
[1268]: (1040.322993140575,1)
[1269]: (1048.199081823109,1)
[1270]: (1041.865220832827,1)
[1271]: (1041.047726333771,1)
[1272]: (1043.06758625845,1)
[1273]: (1043.473978314946,1)
[1274]: (1042.487703891991,1)
[1275]: (1041.522222519037,1)
[1276]: (1042.120850238,1)
[1277]: (1052.323168383482,1)
[1278]: (1042.138720185183,1)
[1279]: (1043.533051204083,1)
[1280]: (1046.109365128816,1)
[1281]: (1042.265213565003,1)
[1282]: (1046.292190416395,1)
[1283]: (1047.353270463642,1)
[1284]: (1043.021364926884,1)
[1285]: (1049.11892115554,1)
[1286]: (1043.20010919436,1)
[1287]: (1040.014896414747,1)
[1288]: (1054.051152238863,1)
[1289]: (1042.155175919487,1)
[1290]: (1045.298213397798,1)
[1291]: (1044.022536539555,1)
[1292]: (1047.137520726184,1)
[1293]: (1051.525927221223,1)
[1294]: (1043.652306733444,1)
[1295]: (1042.073974372091,1)
[1296]: (1039.070877624585,1)
[1297]: (1042.073488516669,1)
[1298]: (1048.105814259371,1)
[1299]: (1045.532039373971,1)
[1300]: (1041.100561297521,1)
[1301]: (1040.343904436302,1)
[1302]: (1041.242070276736,1)
[1303]: (1043.31505138158,1)
[1304]: (1046.04508113519,1)
[1305]: (1039.023806064289,1)
[1306]: (1043.100037502697,1)
[1307]: (1047.376257932184,1)
[1308]: (1038.999654973667,1)
[1309]: (1040.605867174979,1)
[1310]: (1040.05906762115,1)
[1311]: (1051.017204728254,1)
[1312]: (1040.745513833275,1)
[1313]: (1042.499507934765,1)
[1314]: (1047.512025376257,1)
[1315]: (1040.036045910904,1)
[1316]: (1044.166189220185,1)
[1317]: (1040.675053221824,1)
[1318]: (1044.084106598627,1)
[1319]: (1047.520064106733,1)
[1320]: (1045.17607370958,1)
[1321]: (1039.915610765664,1)
[1322]: (1044.661677482715,1)
[1323]: (1046.402877413132,1)
[1324]: (1042.285187689594,1)
[1325]: (1041.07134475205,1)
[1326]: (1041.217304468373,1)
[1327]: (1042.04883985194,1)
[1328]: (1039.627276359012,1)
[1329]: (1038.692804244482,1)
[1330]: (1044.327384301437,1)
[1331]: (1044.13277037365,1)
[1332]: (1044.613012265539,1)
[1333]: (1042.731698920631,1)
[1334]: (1042.204466200949,1)
[1335]: (1041.053834449927,1)
[1336]: (1042.220394944208,1)
[1337]: (1040.502248694461,1)
[1338]: (1045.968832340579,1)
[1339]: (1044.919708872802,1)
[1340]: (1049.072809759376,1)
[1341]: (1039.228244963673,1)
[1342]: (1041.092076437296,1)
[1343]: (1045.995581488122,1)
[1344]: (1045.590003994156,1)
[1345]: (1044.211066122761,1)
[1346]: (1048.064167480065,1)
[1347]: (1039.342218532231,1)
[1348]: (1039.131888906307,1)
[1349]: (1039.403607799886,1)
[1350]: (1044.233226075435,1)
[1351]: (1043.11184352106,1)
[1352]: (1039.089827086861,1)
[1353]: (1044.243415035146,1)
[1354]: (1044.436401788395,1)
[1355]: (1039.02144693522,1)
[1356]: (1040.004018775767,1)
[1357]: (1041.330333533584,1)
[1358]: (1042.559669146709,1)
[1359]: (1049.313516291727,1)
[1360]: (1043.608517467035,1)
[1361]: (1043.558442811094,1)
[1362]: (1042.153308850649,1)
[1363]: (1044.109819157416,1)
[1364]: (1047.484670481294,1)
[1365]: (1047.027890642678,1)
[1366]: (1043.071908759241,1)
[1367]: (1045.062338131048,1)
[1368]: (1041.26803747815,1)
[1369]: (1044.454478384995,1)
[1370]: (1047.088723253213,1)
[1371]: (1043.45988713106,1)
[1372]: (1049.530970623678,1)
[1373]: (1043.334216448921,1)
[1374]: (1042.077294324242,1)
[1375]: (1044.493526122727,1)
[1376]: (1042.051376523431,1)
[1377]: (1044.198898068925,1)
[1378]: (1046.033346449651,1)
[1379]: (1041.188613020325,1)
[1380]: (1040.556832552706,1)
[1381]: (1050.095824021837,1)
[1382]: (1046.102188482688,1)
[1383]: (1042.551118578253,1)
[1384]: (1040.109615843301,1)
[1385]: (1049.182846439594,1)
[1386]: (1043.74118213161,1)
[1387]: (1048.127990709805,1)
[1388]: (1043.456938207428,1)
[1389]: (1042.069045219655,1)
[1390]: (1042.019086820345,1)
[1391]: (1038.273220758991,1)
[1392]: (1043.132847127985,1)
[1393]: (1046.46545516297,1)
[1394]: (1048.483502584323,1)
[1395]: (1039.11230083895,1)
[1396]: (1044.160417983795,1)
[1397]: (1050.151536284716,1)
[1398]: (1049.421910819249,1)
[1399]: (1045.054497367781,1)
[1400]: (1041.447515173348,1)
[1401]: (1046.06301933296,1)
[1402]: (1045.119435787499,1)
[1403]: (1044.64516803056,1)
[1404]: (1052.07827790595,1)
[1405]: (1043.43715236766,1)
[1406]: (1041.01636635951,1)
[1407]: (1040.487398666273,1)
[1408]: (1042.207283288213,1)
[1409]: (1041.76503923552,1)
[1410]: (1039.394682068368,1)
[1411]: (1048.535841463419,1)
[1412]: (1046.655270082191,1)
[1413]: (1040.172143717624,1)
[1414]: (1050.409923403535,1)
[1415]: (1049.271700891755,1)
[1416]: (1041.661007992018,1)
[1417]: (1040.303005212266,1)
[1418]: (1041.475467531663,1)
[1419]: (1044.141114923986,1)
[1420]: (1048.63272351996,1)
[1421]: (1047.171434538765,1)
[1422]: (1041.25580399561,1)
[1423]: (1045.073207231971,1)
[1424]: (1046.337887272899,1)
[1425]: (1040.083189820378,1)
[1426]: (1042.00908669238,1)
[1427]: (1039.105337452519,1)
[1428]: (1042.082730506844,1)
[1429]: (1044.024005878619,1)
[1430]: (1046.019030232536,1)
[1431]: (1042.040810736089,1)
[1432]: (1054.038190440813,1)
[1433]: (1042.453134054044,1)
[1434]: (1044.248724343098,1)
[1435]: (1043.736533428376,1)
[1436]: (1042.232756684442,1)
[1437]: (1040.71712212865,1)
[1438]: (1040.221735420525,1)
[1439]: (1041.960403275972,1)
[1440]: (1041.284000779142,1)
[1441]: (1044.035880169526,1)
[1442]: (1039.349479079169,1)
[1443]: (1039.447938950183,1)
[1444]: (1045.379455497584,1)
[1445]: (1043.249438659639,1)
[1446]: (1044.011446206947,1)
[1447]: (1045.144895647586,1)
[1448]: (1044.402550892001,1)
[1449]: (1044.153075762857,1)
[1450]: (1040.317158855112,1)
[1451]: (1044.109144270555,1)
[1452]: (1039.477307483129,1)
[1453]: (1041.120698100321,1)
[1454]: (1040.205791273356,1)
[1455]: (1052.988747945284,1)
[1456]: (1040.10790859695,1)
[1457]: (1043.016567931269,1)
[1458]: (1043.312802805139,1)
[1459]: (1047.363029281298,1)
[1460]: (1042.636769553161,1)
[1461]: (1043.561243561422,1)
[1462]: (1049.426317852526,1)
[1463]: (1039.243094199995,1)
[1464]: (1049.018031241831,1)
[1465]: (1051.275051919582,1)
[1466]: (1048.012383415185,1)
[1467]: (1049.542848238656,1)
[1468]: (1043.124203968913,1)
[1469]: (1041.350868944178,1)
[1470]: (1047.212980392761,1)
[1471]: (1039.53000743919,1)
[1472]: (1045.111156510279,1)
[1473]: (1040.181660000594,1)
[1474]: (1043.029770386744,1)
[1475]: (1039.572878016797,1)
[1476]: (1040.482547120604,1)
[1477]: (1042.144245133215,1)
[1478]: (1048.103568700082,1)
[1479]: (1041.246315365158,1)
[1480]: (1040.818476075113,1)
[1481]: (1045.632538088864,1)
[1482]: (1041.520541695051,1)
[1483]: (1039.882926524405,1)
[1484]: (1050.029812226779,1)
[1485]: (1046.646792590904,1)
[1486]: (1043.013039508685,1)
[1487]: (1042.18096782755,1)
[1488]: (1042.007825747513,1)
[1489]: (1044.215867192031,1)
[1490]: (1046.382275252852,1)
[1491]: (1040.673929049246,1)
[1492]: (1041.124646808351,1)
[1493]: (1040.065461928011,1)
[1494]: (1041.481741167495,1)
[1495]: (1042.118322512254,1)
[1496]: (1049.148192146259,1)
[1497]: (1043.057418028797,1)
[1498]: (1043.093863645984,1)
[1499]: (1048.356500310949,1)
[1500]: (1048.517984318114,1)
[1501]: (1041.095466615891,1)
[1502]: (1039.205325399742,1)
[1503]: (1043.149115025302,1)
[1504]: (1046.061816029365,1)
[1505]: (1046.044918221231,1)
[1506]: (1042.011018021126,1)
[1507]: (1044.278295880157,1)
[1508]: (1040.273356429505,1)
[1509]: (1040.641860057448,1)
[1510]: (1043.791786602616,1)
[1511]: (1043.002383795407,1)
[1512]: (1041.488360836234,1)
[1513]: (1042.48576197838,1)
[1514]: (1043.115144420721,1)
[1515]: (1045.554130764444,1)
[1516]: (1047.821692077508,1)
[1517]: (1041.217753570397,1)
[1518]: (1052.161694112601,1)
[1519]: (1042.381077506647,1)
[1520]: (1044.049481605793,1)
[1521]: (1046.180636368946,1)
[1522]: (1042.003570745881,1)
[1523]: (1038.829412955051,1)
[1524]: (1049.136854256177,1)
[1525]: (1047.10247488254,1)
[1526]: (1045.567431994012,1)
[1527]: (1046.177399006933,1)
[1528]: (1049.356934297831,1)
[1529]: (1044.278878257841,1)
[1530]: (1039.140625356858,1)
[1531]: (1040.053800077342,1)
[1532]: (1047.055713766561,1)
[1533]: (1043.680170437825,1)
[1534]: (1043.208224972088,1)
[1535]: (1040.00345680408,1)
[1536]: (1042.442494824453,1)
[1537]: (1047.001702204326,1)
[1538]: (1043.327721532649,1)
[1539]: (1048.788941518219,1)
[1540]: (1048.52901647345,1)
[1541]: (1050.037416038945,1)
[1542]: (1047.040326371985,1)
[1543]: (1041.120123033238,1)
[1544]: (1044.208793715623,1)
[1545]: (1040.080981103365,1)
[1546]: (1042.603622752746,1)
[1547]: (1039.340811291457,1)
[1548]: (1044.078753025469,1)
[1549]: (1041.022494777406,1)
[1550]: (1048.202125921301,1)
[1551]: (1046.345510218957,1)
[1552]: (1047.105129900694,1)
[1553]: (1044.466507318167,1)
[1554]: (1041.116690614524,1)
[1555]: (1045.474204164855,1)
[1556]: (1044.125152444309,1)
[1557]: (1043.251887900369,1)
[1558]: (1042.720779901144,1)
[1559]: (1041.113115602466,1)
[1560]: (1047.064935594137,1)
[1561]: (1039.516815645806,1)
[1562]: (1044.166525247353,1)
[1563]: (1043.618087993618,1)
[1564]: (1040.491052767396,1)
[1565]: (1048.402147602364,1)
[1566]: (1042.32738758962,1)
[1567]: (1043.033335095542,1)
[1568]: (1047.002633137508,1)
[1569]: (1042.061945618264,1)
[1570]: (1040.439884519569,1)
[1571]: (1046.309480973902,1)
[1572]: (1044.132071466004,1)
[1573]: (1044.159670708194,1)
[1574]: (1040.367028373188,1)
[1575]: (1042.52876174583,1)
[1576]: (1042.151471985344,1)
[1577]: (1048.387223031912,1)
[1578]: (1048.185804365526,1)
[1579]: (1040.198418299478,1)
[1580]: (1043.075137130356,1)
[1581]: (1041.183441418681,1)
[1582]: (1045.036100457684,1)
[1583]: (1046.042576671909,1)
[1584]: (1044.45323146399,1)
[1585]: (1041.193945589622,1)
[1586]: (1046.200435773017,1)
[1587]: (1048.550022358912,1)
[1588]: (1040.540798441437,1)
[1589]: (1041.308031707092,1)
[1590]: (1052.43015117967,1)
[1591]: (1039.003001502245,1)
[1592]: (1042.013416633565,1)
[1593]: (1045.135722658922,1)
[1594]: (1041.168978573174,1)
[1595]: (1041.140527082926,1)
[1596]: (1047.040669389535,1)
[1597]: (1042.588411295335,1)
[1598]: (1047.89397529564,1)
[1599]: (1041.707074206725,1)
[1600]: (1040.287440353351,1)
[1601]: (1042.185727922159,1)
[1602]: (1040.014096976445,1)
[1603]: (1044.311856605753,1)
[1604]: (1045.190953325851,1)
[1605]: (1042.045443867372,1)
[1606]: (1048.662716269635,1)
[1607]: (1042.114597245957,1)
[1608]: (1044.11205449526,1)
[1609]: (1049.105502676025,1)
[1610]: (1046.445735694164,1)
[1611]: (1048.069213303465,1)
[1612]: (1044.165219687208,1)
[1613]: (1041.888260509566,1)
[1614]: (1047.388538872517,1)
[1615]: (1042.403084655958,1)
[1616]: (1042.234804053506,1)
[1617]: (1041.135590938065,1)
[1618]: (1043.594477896731,1)
[1619]: (1042.10729544166,1)
[1620]: (1046.239516847306,1)
[1621]: (1046.524828452712,1)
[1622]: (1039.530139347302,1)
[1623]: (1043.221053354882,1)
[1624]: (1046.587744586455,1)
[1625]: (1046.472014992926,1)
[1626]: (1045.080939875623,1)
[1627]: (1047.091556146252,1)
[1628]: (1047.164520890652,1)
[1629]: (1048.259378723264,1)
[1630]: (1042.031401713276,1)
[1631]: (1048.110522623836,1)
[1632]: (1039.192031021796,1)
[1633]: (1043.242051153157,1)
[1634]: (1042.352525306273,1)
[1635]: (1053.43093479157,1)
[1636]: (1039.431933926494,1)
[1637]: (1041.372342864795,1)
[1638]: (1042.051495575229,1)
[1639]: (1041.656807146869,1)
[1640]: (1039.222850709409,1)
[1641]: (1043.230741667393,1)
[1642]: (1040.08032841599,1)
[1643]: (1050.364554802584,1)
[1644]: (1045.573813916137,1)
[1645]: (1043.026525814941,1)
[1646]: (1042.03900911815,1)
[1647]: (1039.086978750764,1)
[1648]: (1041.408849917945,1)
[1649]: (1039.129450218903,1)
[1650]: (1040.048174280283,1)
[1651]: (1040.059362071,1)
[1652]: (1043.269980320433,1)
[1653]: (1041.58936491604,1)
[1654]: (1040.133845438627,1)
[1655]: (1044.679105119974,1)
[1656]: (1041.449918982321,1)
[1657]: (1053.279713590079,1)
[1658]: (1043.19634189117,1)
[1659]: (1038.294460038662,1)
[1660]: (1040.009797259069,1)
[1661]: (1044.660777076422,1)
[1662]: (1042.366914757852,1)
[1663]: (1049.594480891029,1)
[1664]: (1040.516679818246,1)
[1665]: (1040.074046374971,1)
[1666]: (1040.064640798352,1)
[1667]: (1040.098785158464,1)
[1668]: (1042.017167130826,1)
[1669]: (1045.027178973184,1)
[1670]: (1043.085424656788,1)
[1671]: (1048.177730491577,1)
[1672]: (1048.159668220911,1)
[1673]: (1049.050534097883,1)
[1674]: (1039.096624001063,1)
[1675]: (1046.021478563725,1)
[1676]: (1048.070187403393,1)
[1677]: (1052.682162869612,1)
[1678]: (1045.122815647003,1)
[1679]: (1042.307620462162,1)
[1680]: (1040.072929770381,1)
[1681]: (1044.558073532223,1)
[1682]: (1045.007625424376,1)
[1683]: (1048.639398703139,1)
[1684]: (1044.535253500884,1)
[1685]: (1049.233831743719,1)
[1686]: (1043.812916148655,1)
[1687]: (1042.882381135938,1)
[1688]: (1047.173137934443,1)
[1689]: (1045.49583679003,1)
[1690]: (1040.014483578267,1)
[1691]: (1041.715803183473,1)
[1692]: (1045.2418112145,1)
[1693]: (1040.264330438642,1)
[1694]: (1039.195184648848,1)
[1695]: (1045.120422495954,1)
[1696]: (1050.07510911131,1)
[1697]: (1041.001984153709,1)
[1698]: (1042.029518053274,1)
[1699]: (1040.532880079705,1)
[1700]: (1044.054913825656,1)
[1701]: (1041.068465516536,1)
[1702]: (1044.010114085959,1)
[1703]: (1044.037435001381,1)
[1704]: (1047.743031761669,1)
[1705]: (1043.90121033445,1)
[1706]: (1039.114218611419,1)
[1707]: (1045.119407364514,1)
[1708]: (1040.525717694012,1)
[1709]: (1038.144744399399,1)
[1710]: (1046.245713152224,1)
[1711]: (1040.2716187306,1)
[1712]: (1049.64367758057,1)
[1713]: (1042.355157860011,1)
[1714]: (1043.108684270742,1)
[1715]: (1044.053614890957,1)
[1716]: (1041.055486894747,1)
[1717]: (1048.669045767246,1)
[1718]: (1044.833617241541,1)
[1719]: (1040.994116301299,1)
[1720]: (1045.101512830086,1)
[1721]: (1040.6987348236,1)
[1722]: (1047.083490326595,1)
[1723]: (1050.112118094561,1)
[1724]: (1045.154809989124,1)
[1725]: (1044.034842062597,1)
[1726]: (1043.375958341811,1)
[1727]: (1042.585039715291,1)
[1728]: (1050.11633389703,1)
[1729]: (1044.136545364462,1)
[1730]: (1040.957623237946,1)
[1731]: (1040.246228276067,1)
[1732]: (1043.041173824771,1)
[1733]: (1039.571612576916,1)
[1734]: (1043.048623754747,1)
[1735]: (1039.962536724076,1)
[1736]: (1041.339011837755,1)
[1737]: (1046.125459913535,1)
[1738]: (1044.282647767183,1)
[1739]: (1043.373831042001,1)
[1740]: (1041.149513631523,1)
[1741]: (1043.07004571766,1)
[1742]: (1042.715749454516,1)
[1743]: (1046.144162483909,1)
[1744]: (1040.389976994609,1)
[1745]: (1053.188540120205,1)
[1746]: (1041.231084731459,1)
[1747]: (1043.058584581616,1)
[1748]: (1041.325771160808,1)
[1749]: (1041.046723907057,1)
[1750]: (1044.20202222201,1)
[1751]: (1042.017718140265,1)
[1752]: (1041.447058133514,1)
[1753]: (1044.097178455263,1)
[1754]: (1041.346082816015,1)
[1755]: (1046.051559020962,1)
[1756]: (1045.507927068973,1)
[1757]: (1041.148359016455,1)
[1758]: (1042.049465977567,1)
[1759]: (1041.737339810186,1)
[1760]: (1044.053761054981,1)
[1761]: (1040.17805829897,1)
[1762]: (1044.281562841578,1)
[1763]: (1042.253747836786,1)
[1764]: (1054.329481381994,1)
[1765]: (1046.241690680494,1)
[1766]: (1041.074816926601,1)
[1767]: (1043.150849817289,1)
[1768]: (1042.390660262073,1)
[1769]: (1044.148129962056,1)
[1770]: (1042.385536683028,1)
[1771]: (1052.320344416702,1)
[1772]: (1039.067862679617,1)
[1773]: (1043.266771781406,1)
[1774]: (1040.058192316713,1)
[1775]: (1043.113969314978,1)
[1776]: (1047.023443517564,1)
[1777]: (1042.182220371642,1)
[1778]: (1046.025853548081,1)
[1779]: (1042.197120909356,1)
[1780]: (1039.123093863555,1)
[1781]: (1040.018860155335,1)
[1782]: (1045.054754899093,1)
[1783]: (1044.05530113546,1)
[1784]: (1040.089259318578,1)
[1785]: (1042.207533507561,1)
[1786]: (1048.3372194396,1)
[1787]: (1043.927475860825,1)
[1788]: (1044.303135635971,1)
[1789]: (1042.367237221969,1)
[1790]: (1047.071095680484,1)
[1791]: (1043.692717979733,1)
[1792]: (1043.653110943219,1)
[1793]: (1041.573510258475,1)
[1794]: (1042.043775923806,1)
[1795]: (1040.293670598378,1)
[1796]: (1047.739205184996,1)
[1797]: (1048.681964867838,1)
[1798]: (1042.281338579906,1)
[1799]: (1048.349802950245,1)
[1800]: (1045.770833166893,1)
[1801]: (1049.031099500831,1)
[1802]: (1044.407527274545,1)
[1803]: (1039.445838347906,1)
[1804]: (1047.483614091622,1)
[1805]: (1040.300512451829,1)
[1806]: (1043.583405643383,1)
[1807]: (1043.612143486529,1)
[1808]: (1046.12645265908,1)
[1809]: (1048.269827292254,1)
[1810]: (1043.450909496921,1)
[1811]: (1052.053441029267,1)
[1812]: (1041.042583584644,1)
[1813]: (1049.020053475267,1)
[1814]: (1045.085509025937,1)
[1815]: (1053.824564413638,1)
[1816]: (1043.353089459919,1)
[1817]: (1045.08353904796,1)
[1818]: (1041.142592599176,1)
[1819]: (1046.12729693732,1)
[1820]: (1046.884446264387,1)
[1821]: (1050.41905558642,1)
[1822]: (1041.776526374918,1)
[1823]: (1040.009486181857,1)
[1824]: (1038.732171059992,1)
[1825]: (1043.093376117279,1)
[1826]: (1043.006899854037,1)
[1827]: (1044.142399718398,1)
[1828]: (1045.738988297236,1)
[1829]: (1045.061052531246,1)
[1830]: (1054.390989692631,1)
[1831]: (1046.058999269435,1)
[1832]: (1043.48373153292,1)
[1833]: (1052.171235148033,1)
[1834]: (1041.18672976013,1)
[1835]: (1045.214109417286,1)
[1836]: (1041.087266890283,1)
[1837]: (1053.057685994221,1)
[1838]: (1044.428358049952,1)
[1839]: (1043.439447661593,1)
[1840]: (1047.566521249682,1)
[1841]: (1047.825033432978,1)
[1842]: (1042.154333003225,1)
[1843]: (1041.045287073341,1)
[1844]: (1041.087342792299,1)
[1845]: (1042.04564977233,1)
[1846]: (1047.436756928965,1)
[1847]: (1050.006687877611,1)
[1848]: (1041.085814841248,1)
[1849]: (1043.532735788328,1)
[1850]: (1045.301256731967,1)
[1851]: (1042.038294684988,1)
[1852]: (1040.175693444334,1)
[1853]: (1049.198152301275,1)
[1854]: (1041.470694372008,1)
[1855]: (1043.053810478534,1)
[1856]: (1038.606011805524,1)
[1857]: (1045.062798448709,1)
[1858]: (1046.125518196312,1)
[1859]: (1053.378247193457,1)
[1860]: (1042.826178587518,1)
[1861]: (1040.388559183223,1)
[1862]: (1039.517289256626,1)
[1863]: (1046.589289011055,1)
[1864]: (1043.011719603073,1)
[1865]: (1044.017548087418,1)
[1866]: (1039.088858442954,1)
[1867]: (1046.3289038341,1)
[1868]: (1041.409785465588,1)
[1869]: (1045.470101052343,1)
[1870]: (1041.302426871383,1)
[1871]: (1050.083259132462,1)
[1872]: (1042.162459143482,1)
[1873]: (1039.20012337461,1)
[1874]: (1044.209133506069,1)
[1875]: (1045.094890737778,1)
[1876]: (1046.612612931005,1)
[1877]: (1049.19892027217,1)
[1878]: (1041.150702764982,1)
[1879]: (1043.251588590971,1)
[1880]: (1043.17410585127,1)
[1881]: (1043.34913788213,1)
[1882]: (1042.073545140081,1)
[1883]: (1042.399825363458,1)
[1884]: (1042.682905941196,1)
[1885]: (1042.016173695017,1)
[1886]: (1044.207857346542,1)
[1887]: (1039.465657407204,1)
[1888]: (1041.203679858001,1)
[1889]: (1045.593592028137,1)
[1890]: (1048.060749154354,1)
[1891]: (1053.788715909536,1)
[1892]: (1042.086639116762,1)
[1893]: (1044.68074424098,1)
[1894]: (1042.658883650216,1)
[1895]: (1045.042648053419,1)
[1896]: (1048.407332868634,1)
[1897]: (1042.04163413474,1)
[1898]: (1042.334154109053,1)
[1899]: (1043.627629691976,1)
[1900]: (1038.330162753443,1)
[1901]: (1042.421374230565,1)
[1902]: (1039.11377218858,1)
[1903]: (1045.322527984745,1)
[1904]: (1040.151510665294,1)
[1905]: (1041.673232551601,1)
[1906]: (1043.000723344372,1)
[1907]: (1043.24432503362,1)
[1908]: (1038.148972421416,1)
[1909]: (1043.412066797701,1)
[1910]: (1043.279020559318,1)
[1911]: (1042.030397966455,1)
[1912]: (1047.495592545096,1)
[1913]: (1040.012985517419,1)
[1914]: (1040.05240686409,1)
[1915]: (1049.701085262046,1)
[1916]: (1043.003765316885,1)
[1917]: (1040.839362871311,1)
[1918]: (1049.009232944014,1)
[1919]: (1051.456425216272,1)
[1920]: (1039.089371565039,1)
[1921]: (1050.120688208927,1)
[1922]: (1041.232156597231,1)
[1923]: (1040.015414706009,1)
[1924]: (1042.301077511361,1)
[1925]: (1040.881046645289,1)
[1926]: (1043.149313287053,1)
[1927]: (1043.158265663715,1)
[1928]: (1044.067318384532,1)
[1929]: (1044.083705307411,1)
[1930]: (1048.685393331979,1)
[1931]: (1040.137304854218,1)
[1932]: (1041.366371523938,1)
[1933]: (1045.691007651147,1)
[1934]: (1045.439510376799,1)
[1935]: (1039.234424333325,1)
[1936]: (1043.41149212412,1)
[1937]: (1040.140750568689,1)
[1938]: (1046.171877780684,1)
[1939]: (1039.009239508565,1)
[1940]: (1044.010084083077,1)
[1941]: (1055.042338412104,1)
[1942]: (1040.17112730723,1)
[1943]: (1040.243578864265,1)
[1944]: (1044.036433879318,1)
[1945]: (1040.05781382707,1)
[1946]: (1042.010107742562,1)
[1947]: (1043.65550264696,1)
[1948]: (1041.018377131237,1)
[1949]: (1042.715844744278,1)
[1950]: (1048.254781541408,1)
[1951]: (1042.017826653873,1)
[1952]: (1042.249419628728,1)
[1953]: (1041.489946025193,1)
[1954]: (1047.336600550111,1)
[1955]: (1042.343419929806,1)
[1956]: (1044.005018685965,1)
[1957]: (1040.601020504922,1)
[1958]: (1041.346887395932,1)
[1959]: (1039.258015673736,1)
[1960]: (1039.221704861799,1)
[1961]: (1042.145237502959,1)
[1962]: (1042.449677572086,1)
[1963]: (1042.036671175947,1)
[1964]: (1039.450726345806,1)
[1965]: (1038.400283413053,1)
[1966]: (1048.111442861606,1)
[1967]: (1051.027461616829,1)
[1968]: (1046.066161364452,1)
[1969]: (1050.396633463745,1)
[1970]: (1045.089528522413,1)
[1971]: (1045.773485302178,1)
[1972]: (1053.051394970025,1)
[1973]: (1040.298698961644,1)
[1974]: (1042.093238494658,1)
[1975]: (1044.126257541842,1)
[1976]: (1050.522250154328,1)
[1977]: (1045.048210862463,1)
[1978]: (1041.28580624301,1)
[1979]: (1045.26034112556,1)
[1980]: (1041.21060394989,1)
[1981]: (1043.328092019538,1)
[1982]: (1043.713109671701,1)
[1983]: (1044.159847359301,1)
[1984]: (1047.266381952641,1)
[1985]: (1042.273740940007,1)
[1986]: (1042.216666435208,1)
[1987]: (1041.17059709767,1)
[1988]: (1046.417657230104,1)
[1989]: (1042.35363905445,1)
[1990]: (1047.690593338218,1)
[1991]: (1039.112675385551,1)
[1992]: (1045.545359312155,1)
[1993]: (1050.132869869878,1)
[1994]: (1039.664204141843,1)
[1995]: (1040.792524228666,1)
[1996]: (1041.38091379556,1)
[1997]: (1044.032714792549,1)
[1998]: (1048.080250834874,1)
[1999]: (1043.481022708038,1)
 -- States explored : 0 states
 -- CPU user time used : 1298840 ms
 -- Virtual memory used : 59878424 KiB
 -- Resident memory used : 59837904 KiB
executionTime: 8385
