core file size          (blocks, -c) unlimited
data seg size           (kbytes, -d) unlimited
scheduling priority             (-e) 0
file size               (blocks, -f) unlimited
pending signals                 (-i) 4077086
max locked memory       (kbytes, -l) 64
max memory size         (kbytes, -m) 133169152
open files                      (-n) 4096
pipe size            (512 bytes, -p) 8
POSIX message queues     (bytes, -q) 819200
real-time priority              (-r) 0
stack size              (kbytes, -s) 8192
cpu time               (seconds, -t) unlimited
max user processes              (-u) 4077086
virtual memory          (kbytes, -v) 127000000
file locks                      (-x) unlimited
Options for the verification:
  Generating some trace
  Search order is random depth first
  Using conservative space optimisation
  Seed is 1557154642
  State space representation uses minimal constraint systems
  Using HashMap + Compress integers for discrete state storage

Verifying formula 1 at ../queries/SP_300_87_2.q:1
 -- Formula is satisfied.
(9000 runs)
Learning statistics for best strategy: 
	Number of resets: 0
	Number of iterations in last reset: 24
	Number of iterations in total: 24

 -- States explored : 0 states
 -- CPU user time used : 3581010 ms
 -- Virtual memory used : 77731544 KiB
 -- Resident memory used : 77690556 KiB

Verifying formula 2 at ../queries/SP_300_87_2.q:2
 -- Formula is satisfied.
Composer.Done:
[0]: (0,0) (1570.240174890906,1)
[1]: (1575.315804038534,1)
[2]: (1572.274675726352,1)
[3]: (1568.055008945911,1)
[4]: (1566.26142290795,1)
[5]: (1569.44075790471,1)
[6]: (1568.073381279,1)
[7]: (1568.55643108956,1)
[8]: (1568.398713660437,1)
[9]: (1567.219790809847,1)
[10]: (1578.202649619005,1)
[11]: (1566.233529860052,1)
[12]: (1569.309129470254,1)
[13]: (1575.307575619349,1)
[14]: (1574.579973700407,1)
[15]: (1571.307254188385,1)
[16]: (1567.102907342314,1)
[17]: (1568.103686002603,1)
[18]: (1569.428667312545,1)
[19]: (1568.186937493506,1)
[20]: (1573.176068916978,1)
[21]: (1570.253829835707,1)
[22]: (1567.049998022533,1)
[23]: (1569.434750635776,1)
[24]: (1567.19112142354,1)
[25]: (1567.227869815793,1)
[26]: (1575.192214369937,1)
[27]: (1568.124505633342,1)
[28]: (1573.357659576558,1)
[29]: (1573.001765613602,1)
[30]: (1568.566715335368,1)
[31]: (1576.335885366655,1)
[32]: (1572.014083218659,1)
[33]: (1567.656953144831,1)
[34]: (1569.342098937699,1)
[35]: (1569.273827726185,1)
[36]: (1567.324801036277,1)
[37]: (1573.187282589876,1)
[38]: (1567.754111381131,1)
[39]: (1570.343296765522,1)
[40]: (1566.583745031288,1)
[41]: (1570.447167420408,1)
[42]: (1567.49070248297,1)
[43]: (1569.025821624474,1)
[44]: (1571.254935260185,1)
[45]: (1569.00506671877,1)
[46]: (1574.009755614524,1)
[47]: (1567.256025760378,1)
[48]: (1569.028904188879,1)
[49]: (1568.073620446224,1)
[50]: (1571.59998076133,1)
[51]: (1570.06101791147,1)
[52]: (1567.222145248794,1)
[53]: (1580.273339564362,1)
[54]: (1572.039309130854,1)
[55]: (1570.775159104609,1)
[56]: (1569.526216542669,1)
[57]: (1568.330610633549,1)
[58]: (1568.087855120745,1)
[59]: (1566.391924730714,1)
[60]: (1571.005242656478,1)
[61]: (1569.024190101598,1)
[62]: (1576.162576224294,1)
[63]: (1569.092714261809,1)
[64]: (1568.642646911371,1)
[65]: (1568.694517565909,1)
[66]: (1568.651641985238,1)
[67]: (1573.487958009441,1)
[68]: (1566.172417099976,1)
[69]: (1577.079633993121,1)
[70]: (1566.34553340121,1)
[71]: (1568.399292732417,1)
[72]: (1572.654908006663,1)
[73]: (1569.768860321693,1)
[74]: (1576.340708407828,1)
[75]: (1566.789715105408,1)
[76]: (1574.043488915825,1)
[77]: (1576.306847569466,1)
[78]: (1572.012867735622,1)
[79]: (1567.112312790681,1)
[80]: (1568.315823365155,1)
[81]: (1573.226723400207,1)
[82]: (1568.720501762652,1)
[83]: (1570.878761806741,1)
[84]: (1573.553234541391,1)
[85]: (1573.593182703219,1)
[86]: (1568.908203698404,1)
[87]: (1576.160537924424,1)
[88]: (1573.323545324944,1)
[89]: (1570.487560085046,1)
[90]: (1573.160709463322,1)
[91]: (1572.590970958453,1)
[92]: (1575.474363197242,1)
[93]: (1571.197916351612,1)
[94]: (1570.792146621017,1)
[95]: (1568.048917363471,1)
[96]: (1573.544263394804,1)
[97]: (1566.859051474861,1)
[98]: (1573.080004823333,1)
[99]: (1571.43964236283,1)
[100]: (1580.52255989591,1)
[101]: (1569.782192574848,1)
[102]: (1566.264064249026,1)
[103]: (1571.025183134101,1)
[104]: (1571.028501045845,1)
[105]: (1568.494633972742,1)
[106]: (1569.352797460765,1)
[107]: (1568.201216473593,1)
[108]: (1569.641575083332,1)
[109]: (1567.319365244926,1)
[110]: (1571.196430233061,1)
[111]: (1567.027062620239,1)
[112]: (1566.279231294748,1)
[113]: (1568.018092374163,1)
[114]: (1568.683041057389,1)
[115]: (1567.01736090817,1)
[116]: (1570.7994424025,1)
[117]: (1575.009350114078,1)
[118]: (1569.433214919753,1)
[119]: (1568.146589611562,1)
[120]: (1574.106691871871,1)
[121]: (1568.079545636224,1)
[122]: (1571.218307260637,1)
[123]: (1568.003785673432,1)
[124]: (1569.212910069023,1)
[125]: (1575.300946370465,1)
[126]: (1570.254859075671,1)
[127]: (1567.523840817214,1)
[128]: (1568.371074928153,1)
[129]: (1575.048512823037,1)
[130]: (1566.159012131511,1)
[131]: (1570.110863593787,1)
[132]: (1573.118492994703,1)
[133]: (1566.200771170957,1)
[134]: (1571.439624955165,1)
[135]: (1571.16615400999,1)
[136]: (1567.453985972007,1)
[137]: (1568.906553766435,1)
[138]: (1569.284540820838,1)
[139]: (1567.069745246895,1)
[140]: (1566.145826966662,1)
[141]: (1569.332732006699,1)
[142]: (1572.78432683998,1)
[143]: (1567.104757681121,1)
[144]: (1566.347693537774,1)
[145]: (1567.054172119077,1)
[146]: (1570.434284310568,1)
[147]: (1570.270128425657,1)
[148]: (1568.314535323197,1)
[149]: (1568.217048065097,1)
[150]: (1566.272510806622,1)
[151]: (1568.378797964825,1)
[152]: (1570.647886744944,1)
[153]: (1566.645351566481,1)
[154]: (1566.852261046322,1)
[155]: (1567.15733778552,1)
[156]: (1568.041094567224,1)
[157]: (1570.081666648148,1)
[158]: (1567.492224474218,1)
[159]: (1572.14293114551,1)
[160]: (1573.062845420977,1)
[161]: (1571.111923323889,1)
[162]: (1566.251088658886,1)
[163]: (1569.04549494416,1)
[164]: (1572.264232883632,1)
[165]: (1567.48641503573,1)
[166]: (1570.502329588247,1)
[167]: (1570.478707554089,1)
[168]: (1568.497630549552,1)
[169]: (1566.959115115711,1)
[170]: (1569.616996553322,1)
[171]: (1569.108776271822,1)
[172]: (1582.217063041657,1)
[173]: (1570.411128542677,1)
[174]: (1568.031033243183,1)
[175]: (1567.005951232057,1)
[176]: (1567.053881446814,1)
[177]: (1572.14120047884,1)
[178]: (1567.068486626654,1)
[179]: (1570.381434312618,1)
[180]: (1567.271104402021,1)
[181]: (1573.840047161858,1)
[182]: (1569.69211575335,1)
[183]: (1574.155053195716,1)
[184]: (1566.4634335279,1)
[185]: (1576.242430128777,1)
[186]: (1571.043765482383,1)
[187]: (1567.76059831306,1)
[188]: (1567.525073368028,1)
[189]: (1570.180444558088,1)
[190]: (1577.201874389546,1)
[191]: (1566.694366761877,1)
[192]: (1571.299556411304,1)
[193]: (1572.053423449616,1)
[194]: (1568.735578346443,1)
[195]: (1569.081352767902,1)
[196]: (1575.429847578343,1)
[197]: (1568.496373081934,1)
[198]: (1567.103641363923,1)
[199]: (1573.060255590308,1)
[200]: (1571.480538586575,1)
[201]: (1566.880334741218,1)
[202]: (1570.016214576834,1)
[203]: (1571.754621115842,1)
[204]: (1574.694729849384,1)
[205]: (1573.560881546765,1)
[206]: (1572.317897441698,1)
[207]: (1574.349314483242,1)
[208]: (1568.308582905415,1)
[209]: (1568.150299645409,1)
[210]: (1569.722069616908,1)
[211]: (1570.479907420449,1)
[212]: (1569.110666433716,1)
[213]: (1569.160591353676,1)
[214]: (1566.36548000337,1)
[215]: (1566.746189818967,1)
[216]: (1570.37552796381,1)
[217]: (1572.089224194562,1)
[218]: (1569.62876916235,1)
[219]: (1567.133866563498,1)
[220]: (1571.772844324001,1)
[221]: (1572.137484441902,1)
[222]: (1567.396462138081,1)
[223]: (1569.50991094581,1)
[224]: (1570.544818287879,1)
[225]: (1568.041617998004,1)
[226]: (1567.005430165949,1)
[227]: (1570.630669956059,1)
[228]: (1567.123130249726,1)
[229]: (1566.06494389359,1)
[230]: (1569.080742281346,1)
[231]: (1570.348058455366,1)
[232]: (1569.254670520692,1)
[233]: (1570.39140456895,1)
[234]: (1567.563444235351,1)
[235]: (1572.477913351308,1)
[236]: (1567.222577535613,1)
[237]: (1566.518266653849,1)
[238]: (1567.73577046257,1)
[239]: (1567.207396501929,1)
[240]: (1570.769367844011,1)
[241]: (1574.701030009173,1)
[242]: (1568.805969853652,1)
[243]: (1566.670181513311,1)
[244]: (1571.254558914136,1)
[245]: (1570.18574139884,1)
[246]: (1571.165345690373,1)
[247]: (1573.568670246424,1)
[248]: (1573.213618588309,1)
[249]: (1567.409267308099,1)
[250]: (1573.070213223497,1)
[251]: (1573.243074866197,1)
[252]: (1566.099050648656,1)
[253]: (1576.626031334791,1)
[254]: (1567.022173049354,1)
[255]: (1573.397819729279,1)
[256]: (1569.008032048287,1)
[257]: (1569.046688954874,1)
[258]: (1573.030935404288,1)
[259]: (1572.216572104022,1)
[260]: (1575.450510844214,1)
[261]: (1568.158359922227,1)
[262]: (1570.605285840252,1)
[263]: (1567.85247669511,1)
[264]: (1575.201388607856,1)
[265]: (1572.18768387201,1)
[266]: (1568.056741970468,1)
[267]: (1570.412183040648,1)
[268]: (1570.04623226463,1)
[269]: (1574.49362570236,1)
[270]: (1573.42795909554,1)
[271]: (1573.123764822765,1)
[272]: (1572.917524592009,1)
[273]: (1572.372961588858,1)
[274]: (1576.578871919413,1)
[275]: (1567.862027909292,1)
[276]: (1571.08696809759,1)
[277]: (1567.202722539508,1)
[278]: (1577.28127693179,1)
[279]: (1568.770957506198,1)
[280]: (1572.344749515785,1)
[281]: (1573.292091744049,1)
[282]: (1566.520129982021,1)
[283]: (1570.051667908408,1)
[284]: (1579.078126530493,1)
[285]: (1569.114326409701,1)
[286]: (1567.179240412122,1)
[287]: (1568.008632434563,1)
[288]: (1569.139896809869,1)
[289]: (1566.283027905224,1)
[290]: (1567.05204004659,1)
[291]: (1568.245820627258,1)
[292]: (1573.207734317585,1)
[293]: (1569.265604603765,1)
[294]: (1568.020195392659,1)
[295]: (1576.389088027056,1)
[296]: (1567.461773947834,1)
[297]: (1569.359568448288,1)
[298]: (1570.245221791306,1)
[299]: (1569.084056124446,1)
[300]: (1575.098965805834,1)
[301]: (1567.485182401904,1)
[302]: (1569.15659083833,1)
[303]: (1567.079210030132,1)
[304]: (1567.312501131342,1)
[305]: (1570.141889453378,1)
[306]: (1567.671440661049,1)
[307]: (1573.254355457215,1)
[308]: (1570.404133873562,1)
[309]: (1572.558109273514,1)
[310]: (1571.421929587047,1)
[311]: (1572.233658040997,1)
[312]: (1566.361820170777,1)
[313]: (1571.393873785699,1)
[314]: (1575.572635663333,1)
[315]: (1571.191922989686,1)
[316]: (1567.134536052465,1)
[317]: (1568.135143494771,1)
[318]: (1568.354053541118,1)
[319]: (1570.649013744739,1)
[320]: (1576.073521484633,1)
[321]: (1572.170210138456,1)
[322]: (1568.189810721712,1)
[323]: (1568.020756011962,1)
[324]: (1570.099036485622,1)
[325]: (1575.849979668865,1)
[326]: (1573.039986990764,1)
[327]: (1568.913846497896,1)
[328]: (1574.135483230526,1)
[329]: (1572.01973807729,1)
[330]: (1574.27932131767,1)
[331]: (1566.074600765092,1)
[332]: (1566.167340674492,1)
[333]: (1566.746405959179,1)
[334]: (1570.507695872038,1)
[335]: (1571.449009689138,1)
[336]: (1572.801931050092,1)
[337]: (1568.098125535202,1)
[338]: (1569.026500656059,1)
[339]: (1568.504869174436,1)
[340]: (1569.000722936348,1)
[341]: (1571.052429018551,1)
[342]: (1567.171836019523,1)
[343]: (1570.57210744055,1)
[344]: (1569.300473842288,1)
[345]: (1567.269934749894,1)
[346]: (1574.656585165279,1)
[347]: (1570.128616218462,1)
[348]: (1569.526126624498,1)
[349]: (1574.392920337435,1)
[350]: (1566.211276930746,1)
[351]: (1574.69435557812,1)
[352]: (1569.418068222578,1)
[353]: (1570.169489994653,1)
[354]: (1567.057290344719,1)
[355]: (1567.234846680105,1)
[356]: (1567.023527462723,1)
[357]: (1567.258232229987,1)
[358]: (1568.040213355743,1)
[359]: (1568.07415334013,1)
[360]: (1567.591129409614,1)
[361]: (1576.311418447068,1)
[362]: (1569.053326632971,1)
[363]: (1570.447153578237,1)
[364]: (1569.768338703471,1)
[365]: (1569.310457668014,1)
[366]: (1566.305802983271,1)
[367]: (1567.439531257002,1)
[368]: (1567.199646693231,1)
[369]: (1571.051798828936,1)
[370]: (1569.056190660297,1)
[371]: (1571.035628674949,1)
[372]: (1574.013751314364,1)
[373]: (1570.152606848527,1)
[374]: (1572.864341009565,1)
[375]: (1572.560417187956,1)
[376]: (1574.110529694027,1)
[377]: (1574.427902188435,1)
[378]: (1568.104783426338,1)
[379]: (1576.079186126399,1)
[380]: (1567.230053939762,1)
[381]: (1567.009129722867,1)
[382]: (1573.628357675547,1)
[383]: (1571.475742029015,1)
[384]: (1569.439470819247,1)
[385]: (1572.246027778333,1)
[386]: (1569.008313065541,1)
[387]: (1569.576653421465,1)
[388]: (1569.785999084453,1)
[389]: (1571.276662062264,1)
[390]: (1574.171897250322,1)
[391]: (1569.059385973101,1)
[392]: (1567.012619035655,1)
[393]: (1571.04473936843,1)
[394]: (1573.949736950569,1)
[395]: (1570.272539007473,1)
[396]: (1573.617383078949,1)
[397]: (1567.122107110421,1)
[398]: (1570.720605399134,1)
[399]: (1566.15132884988,1)
[400]: (1567.246575348213,1)
[401]: (1569.484346989823,1)
[402]: (1566.226471764787,1)
[403]: (1568.056633807668,1)
[404]: (1571.557711583168,1)
[405]: (1568.204888135951,1)
[406]: (1574.406699294988,1)
[407]: (1573.202751043354,1)
[408]: (1566.2584899128,1)
[409]: (1573.403370566396,1)
[410]: (1566.67532987359,1)
[411]: (1572.09961742264,1)
[412]: (1571.6672174354,1)
[413]: (1578.179236792719,1)
[414]: (1572.321556386025,1)
[415]: (1570.447548862184,1)
[416]: (1569.056935891655,1)
[417]: (1575.1721723711,1)
[418]: (1569.248706330582,1)
[419]: (1566.802479815209,1)
[420]: (1577.0493865543,1)
[421]: (1570.01849638739,1)
[422]: (1572.531654848779,1)
[423]: (1570.301599387846,1)
[424]: (1572.274957245899,1)
[425]: (1569.473898122045,1)
[426]: (1567.177427570436,1)
[427]: (1569.022208346703,1)
[428]: (1573.061130967684,1)
[429]: (1568.349551745694,1)
[430]: (1566.591520736808,1)
[431]: (1566.20961984134,1)
[432]: (1571.233801044274,1)
[433]: (1570.803785966131,1)
[434]: (1573.18338678915,1)
[435]: (1566.140862647266,1)
[436]: (1571.381999527851,1)
[437]: (1570.569937786289,1)
[438]: (1570.299425432537,1)
[439]: (1571.392643602583,1)
[440]: (1574.267341298365,1)
[441]: (1578.150981328179,1)
[442]: (1576.168491480019,1)
[443]: (1571.631080629502,1)
[444]: (1569.771411823531,1)
[445]: (1575.027246236776,1)
[446]: (1570.38273916409,1)
[447]: (1568.296643489913,1)
[448]: (1569.806104155195,1)
[449]: (1569.273148232757,1)
[450]: (1567.405202326357,1)
[451]: (1572.407056348139,1)
[452]: (1569.355141022348,1)
[453]: (1570.217240092275,1)
[454]: (1570.350717637987,1)
[455]: (1567.012708317121,1)
[456]: (1568.045964591586,1)
[457]: (1566.33361680848,1)
[458]: (1571.442158104466,1)
[459]: (1575.758856375539,1)
[460]: (1572.101723614819,1)
[461]: (1569.553258233828,1)
[462]: (1567.45278788449,1)
[463]: (1568.19349948383,1)
[464]: (1572.167457105058,1)
[465]: (1572.548978969043,1)
[466]: (1573.491498142811,1)
[467]: (1567.114923458528,1)
[468]: (1567.204596007435,1)
[469]: (1570.089626138996,1)
[470]: (1569.041629392211,1)
[471]: (1573.1255362897,1)
[472]: (1572.162722389487,1)
[473]: (1569.047350290681,1)
[474]: (1573.251615445163,1)
[475]: (1573.069109369249,1)
[476]: (1569.087685744774,1)
[477]: (1572.326841284616,1)
[478]: (1569.286379423391,1)
[479]: (1570.70305833324,1)
[480]: (1568.057848346579,1)
[481]: (1568.108026106279,1)
[482]: (1568.723368039957,1)
[483]: (1571.061793389496,1)
[484]: (1567.692157959293,1)
[485]: (1571.490559046756,1)
[486]: (1568.04865108494,1)
[487]: (1579.200459268987,1)
[488]: (1575.316636006006,1)
[489]: (1576.014341577503,1)
[490]: (1568.339409393778,1)
[491]: (1573.581151548644,1)
[492]: (1570.241227280918,1)
[493]: (1569.088029537882,1)
[494]: (1567.933913837964,1)
[495]: (1567.793830364539,1)
[496]: (1566.065088677872,1)
[497]: (1567.896873144319,1)
[498]: (1566.175157282032,1)
[499]: (1567.033141276853,1)
[500]: (1568.055601378864,1)
[501]: (1567.076731905383,1)
[502]: (1568.094993918129,1)
[503]: (1569.273069112314,1)
[504]: (1572.071430879816,1)
[505]: (1569.471314050464,1)
[506]: (1567.297979444929,1)
[507]: (1571.110630304426,1)
[508]: (1567.115624704564,1)
[509]: (1566.710037654487,1)
[510]: (1577.269086471428,1)
[511]: (1574.082977945718,1)
[512]: (1572.277242023575,1)
[513]: (1577.920105022512,1)
[514]: (1572.093977641612,1)
[515]: (1570.064229490605,1)
[516]: (1570.255612834516,1)
[517]: (1571.34561105247,1)
[518]: (1569.221616543377,1)
[519]: (1573.193743347542,1)
[520]: (1567.099398159884,1)
[521]: (1569.256989562964,1)
[522]: (1566.133767344473,1)
[523]: (1569.373289150559,1)
[524]: (1568.583011813344,1)
[525]: (1568.114002281938,1)
[526]: (1571.143901336274,1)
[527]: (1566.436900747041,1)
[528]: (1567.17166060023,1)
[529]: (1568.395398409336,1)
[530]: (1570.184343331562,1)
[531]: (1567.793807337911,1)
[532]: (1571.392800243976,1)
[533]: (1570.23559543544,1)
[534]: (1571.06537656473,1)
[535]: (1567.284655886037,1)
[536]: (1566.895178886488,1)
[537]: (1569.501309510594,1)
[538]: (1570.456172450187,1)
[539]: (1570.151970730307,1)
[540]: (1573.230706705724,1)
[541]: (1569.10744167627,1)
[542]: (1573.072278989261,1)
[543]: (1572.071711078144,1)
[544]: (1568.20863064063,1)
[545]: (1569.153368327932,1)
[546]: (1568.310847657688,1)
[547]: (1567.596099680292,1)
[548]: (1568.50903992377,1)
[549]: (1567.473007533609,1)
[550]: (1574.396200249322,1)
[551]: (1570.155329896642,1)
[552]: (1568.197949915411,1)
[553]: (1571.22823532308,1)
[554]: (1571.296472519469,1)
[555]: (1572.007890156743,1)
[556]: (1566.941399047788,1)
[557]: (1569.142848083626,1)
[558]: (1567.271495308164,1)
[559]: (1568.057691102238,1)
[560]: (1573.121904463793,1)
[561]: (1572.221095240686,1)
[562]: (1570.339515874361,1)
[563]: (1572.029957713354,1)
[564]: (1569.068845763027,1)
[565]: (1572.016752179714,1)
[566]: (1568.367009004776,1)
[567]: (1571.007316458928,1)
[568]: (1569.012046884012,1)
[569]: (1569.861008966288,1)
[570]: (1568.659069880003,1)
[571]: (1570.024213642478,1)
[572]: (1569.320950703,1)
[573]: (1570.128883111954,1)
[574]: (1567.197068727637,1)
[575]: (1567.122499157475,1)
[576]: (1568.125509083611,1)
[577]: (1567.089686797023,1)
[578]: (1574.017540759991,1)
[579]: (1571.310193357274,1)
[580]: (1569.583315112193,1)
[581]: (1572.69712034154,1)
[582]: (1571.075053251141,1)
[583]: (1576.275392814021,1)
[584]: (1571.144929390747,1)
[585]: (1568.918829120664,1)
[586]: (1574.163530209538,1)
[587]: (1568.029300963422,1)
[588]: (1575.043506593628,1)
[589]: (1567.146023638197,1)
[590]: (1579.080099016318,1)
[591]: (1571.352006286846,1)
[592]: (1575.486589062124,1)
[593]: (1569.352229245305,1)
[594]: (1569.281722113044,1)
[595]: (1570.550949486102,1)
[596]: (1570.212086564157,1)
[597]: (1566.595576335996,1)
[598]: (1570.120342425625,1)
[599]: (1568.114110049203,1)
[600]: (1569.817122626468,1)
[601]: (1568.023674545458,1)
[602]: (1573.004322890061,1)
[603]: (1568.273378506669,1)
[604]: (1574.010394897663,1)
[605]: (1566.142403215944,1)
[606]: (1567.402521558985,1)
[607]: (1568.293573465767,1)
[608]: (1569.004356738858,1)
[609]: (1577.919612573996,1)
[610]: (1569.017271816413,1)
[611]: (1568.740038740885,1)
[612]: (1571.143287010565,1)
[613]: (1566.177606477651,1)
[614]: (1572.010194134701,1)
[615]: (1568.003981487538,1)
[616]: (1569.045160414824,1)
[617]: (1568.18947853139,1)
[618]: (1574.366167934887,1)
[619]: (1569.124044150911,1)
[620]: (1569.375122745662,1)
[621]: (1568.014452347958,1)
[622]: (1568.011987401909,1)
[623]: (1572.332140337682,1)
[624]: (1567.421626747148,1)
[625]: (1568.044231412287,1)
[626]: (1568.627679825793,1)
[627]: (1571.414877612213,1)
[628]: (1568.174265047993,1)
[629]: (1567.272136446787,1)
[630]: (1568.571301507968,1)
[631]: (1576.01720450222,1)
[632]: (1573.128193576207,1)
[633]: (1571.147094404434,1)
[634]: (1567.084122205014,1)
[635]: (1566.071395374059,1)
[636]: (1571.285095999556,1)
[637]: (1570.388883409242,1)
[638]: (1567.808501552723,1)
[639]: (1570.143245434109,1)
[640]: (1569.361584293073,1)
[641]: (1569.511627076365,1)
[642]: (1568.346911673359,1)
[643]: (1573.268259479504,1)
[644]: (1567.124859672279,1)
[645]: (1569.031226572551,1)
[646]: (1571.03339695262,1)
[647]: (1567.151687132316,1)
[648]: (1569.260709374311,1)
[649]: (1567.00321418338,1)
[650]: (1573.005631981757,1)
[651]: (1572.495521859616,1)
[652]: (1569.251670275193,1)
[653]: (1573.613376765311,1)
[654]: (1573.0634554197,1)
[655]: (1567.280943730335,1)
[656]: (1569.281790238986,1)
[657]: (1567.17492953419,1)
[658]: (1570.30963127361,1)
[659]: (1567.541742526316,1)
[660]: (1572.130841300267,1)
[661]: (1572.106637163592,1)
[662]: (1572.018004908586,1)
[663]: (1573.420124325209,1)
[664]: (1566.937243524331,1)
[665]: (1567.036881646462,1)
[666]: (1576.516485831145,1)
[667]: (1569.028621814659,1)
[668]: (1575.405157702971,1)
[669]: (1570.016714781418,1)
[670]: (1570.095696501128,1)
[671]: (1568.51494896119,1)
[672]: (1569.690149147486,1)
[673]: (1569.212699970051,1)
[674]: (1569.330739626336,1)
[675]: (1569.037202757815,1)
[676]: (1566.91044829204,1)
[677]: (1567.114122241041,1)
[678]: (1574.033111097783,1)
[679]: (1572.445112353646,1)
[680]: (1570.347518736769,1)
[681]: (1567.681556343287,1)
[682]: (1571.258588599072,1)
[683]: (1570.172511932139,1)
[684]: (1568.010388908413,1)
[685]: (1570.378683466527,1)
[686]: (1567.265748153268,1)
[687]: (1568.126133805238,1)
[688]: (1569.065295996678,1)
[689]: (1572.714233000373,1)
[690]: (1570.004636543318,1)
[691]: (1574.283325454146,1)
[692]: (1572.096263986519,1)
[693]: (1567.32133392016,1)
[694]: (1569.093891005503,1)
[695]: (1578.919331808813,1)
[696]: (1568.219820443921,1)
[697]: (1568.207366318826,1)
[698]: (1568.162027387151,1)
[699]: (1568.554149186026,1)
[700]: (1569.196265710829,1)
[701]: (1572.433347532788,1)
[702]: (1568.780753828573,1)
[703]: (1576.705272757612,1)
[704]: (1567.395377726002,1)
[705]: (1568.683660651744,1)
[706]: (1566.818120929661,1)
[707]: (1573.436755825743,1)
[708]: (1568.236767795619,1)
[709]: (1575.007929540668,1)
[710]: (1569.164401320483,1)
[711]: (1573.012662810878,1)
[712]: (1570.08291947736,1)
[713]: (1569.29441422562,1)
[714]: (1567.368644258042,1)
[715]: (1567.303347962138,1)
[716]: (1574.841970731204,1)
[717]: (1571.13514768685,1)
[718]: (1572.050386925106,1)
[719]: (1567.011490722651,1)
[720]: (1573.975843910286,1)
[721]: (1567.508090528943,1)
[722]: (1572.572695038777,1)
[723]: (1570.103623475932,1)
[724]: (1568.015851729976,1)
[725]: (1571.260100876545,1)
[726]: (1566.457401731831,1)
[727]: (1566.961984667508,1)
[728]: (1567.204329370951,1)
[729]: (1576.008991202384,1)
[730]: (1570.060488124333,1)
[731]: (1566.20493183762,1)
[732]: (1573.10011126217,1)
[733]: (1567.0046818586,1)
[734]: (1568.248524007033,1)
[735]: (1570.58909038958,1)
[736]: (1567.327881109017,1)
[737]: (1569.22004453703,1)
[738]: (1570.214437066806,1)
[739]: (1572.001902648176,1)
[740]: (1570.053000527691,1)
[741]: (1571.09793225813,1)
[742]: (1569.134096335809,1)
[743]: (1569.011419540527,1)
[744]: (1569.164296211262,1)
[745]: (1571.198885611482,1)
[746]: (1573.233326319003,1)
[747]: (1569.546352028628,1)
[748]: (1566.50104209236,1)
[749]: (1566.163169755236,1)
[750]: (1578.578253224613,1)
[751]: (1568.048420777255,1)
[752]: (1570.064272693861,1)
[753]: (1578.470015176764,1)
[754]: (1574.332287992527,1)
[755]: (1573.359078707041,1)
[756]: (1569.127040187129,1)
[757]: (1567.006663059409,1)
[758]: (1568.061826671834,1)
[759]: (1572.35480182803,1)
[760]: (1572.145547316023,1)
[761]: (1571.230487520014,1)
[762]: (1582.276356311621,1)
[763]: (1568.550939620669,1)
[764]: (1575.23588435346,1)
[765]: (1568.006145692555,1)
[766]: (1568.073634720934,1)
[767]: (1573.064206946548,1)
[768]: (1574.009923713199,1)
[769]: (1567.400595861083,1)
[770]: (1576.405468660811,1)
[771]: (1568.57658419869,1)
[772]: (1568.298588397295,1)
[773]: (1572.323493263885,1)
[774]: (1571.026060027806,1)
[775]: (1572.06691651677,1)
[776]: (1572.46141330774,1)
[777]: (1571.091205344696,1)
[778]: (1571.500968980346,1)
[779]: (1572.637437772913,1)
[780]: (1569.293460378907,1)
[781]: (1572.154185578782,1)
[782]: (1570.156923154469,1)
[783]: (1570.774265547315,1)
[784]: (1572.198142165467,1)
[785]: (1572.192402146214,1)
[786]: (1573.363245338906,1)
[787]: (1570.085573940681,1)
[788]: (1567.059560864046,1)
[789]: (1567.358266967692,1)
[790]: (1569.59990077885,1)
[791]: (1567.362930885074,1)
[792]: (1571.581972240818,1)
[793]: (1571.127083043013,1)
[794]: (1569.385094629456,1)
[795]: (1568.068305102247,1)
[796]: (1570.247856000942,1)
[797]: (1569.128406724778,1)
[798]: (1572.606871034363,1)
[799]: (1567.282717882083,1)
[800]: (1566.3686057567,1)
[801]: (1566.172723980523,1)
[802]: (1568.322499383048,1)
[803]: (1571.426134996434,1)
[804]: (1566.440621791265,1)
[805]: (1567.253434921045,1)
[806]: (1576.310431801751,1)
[807]: (1566.501610688311,1)
[808]: (1573.222007139552,1)
[809]: (1569.017301758776,1)
[810]: (1569.405140765861,1)
[811]: (1572.001150201523,1)
[812]: (1566.545548827475,1)
[813]: (1575.221381783622,1)
[814]: (1574.009468389718,1)
[815]: (1566.685568478516,1)
[816]: (1568.203922148703,1)
[817]: (1574.938779211352,1)
[818]: (1570.002651232267,1)
[819]: (1568.30649273306,1)
[820]: (1576.067727177791,1)
[821]: (1579.088444981705,1)
[822]: (1567.092587546505,1)
[823]: (1568.23197479312,1)
[824]: (1573.204684894796,1)
[825]: (1573.416443899063,1)
[826]: (1570.796565418768,1)
[827]: (1570.255714434839,1)
[828]: (1576.013061472308,1)
[829]: (1573.169257572235,1)
[830]: (1569.084432536547,1)
[831]: (1568.373706241738,1)
[832]: (1573.40371208663,1)
[833]: (1567.055907688307,1)
[834]: (1569.718499827852,1)
[835]: (1567.349313861796,1)
[836]: (1566.785271994836,1)
[837]: (1568.41389177687,1)
[838]: (1567.422400847278,1)
[839]: (1573.129734108039,1)
[840]: (1567.188053976175,1)
[841]: (1571.010985480916,1)
[842]: (1570.139397325047,1)
[843]: (1568.482493129186,1)
[844]: (1568.064778248901,1)
[845]: (1570.319499551604,1)
[846]: (1566.527528951193,1)
[847]: (1568.194719929031,1)
[848]: (1567.670458855685,1)
[849]: (1568.062206578768,1)
[850]: (1568.089856512338,1)
[851]: (1572.227371815826,1)
[852]: (1570.024597047877,1)
[853]: (1571.372815794166,1)
[854]: (1571.125932770359,1)
[855]: (1572.493123812909,1)
[856]: (1573.071969367923,1)
[857]: (1576.149778978789,1)
[858]: (1571.25545193792,1)
[859]: (1570.189474029878,1)
[860]: (1571.269443837977,1)
[861]: (1568.064990629372,1)
[862]: (1573.172355513983,1)
[863]: (1568.241087162627,1)
[864]: (1569.215528274805,1)
[865]: (1571.8143624512,1)
[866]: (1569.295068911322,1)
[867]: (1567.117763308401,1)
[868]: (1566.333244344565,1)
[869]: (1571.964222130101,1)
[870]: (1568.116085874866,1)
[871]: (1572.583171875099,1)
[872]: (1567.538575638285,1)
[873]: (1566.191602197886,1)
[874]: (1574.01410254737,1)
[875]: (1570.534039535193,1)
[876]: (1567.017162319068,1)
[877]: (1569.036966195372,1)
[878]: (1568.954409327647,1)
[879]: (1569.30576067214,1)
[880]: (1570.310487891734,1)
[881]: (1567.373464554607,1)
[882]: (1567.501742628177,1)
[883]: (1570.154173875543,1)
[884]: (1568.154657696659,1)
[885]: (1568.168067939273,1)
[886]: (1573.562290983612,1)
[887]: (1573.129432297237,1)
[888]: (1571.041812981965,1)
[889]: (1574.223030955739,1)
[890]: (1571.480178732321,1)
[891]: (1567.439146436649,1)
[892]: (1572.106737760696,1)
[893]: (1568.122144515997,1)
[894]: (1570.255923502058,1)
[895]: (1573.294416996556,1)
[896]: (1572.060546205176,1)
[897]: (1570.227309856135,1)
[898]: (1569.490047586906,1)
[899]: (1566.972087040474,1)
[900]: (1568.52591970837,1)
[901]: (1571.210270410888,1)
[902]: (1576.792766087457,1)
[903]: (1567.564261696257,1)
[904]: (1576.010414196325,1)
[905]: (1570.50133375818,1)
[906]: (1573.289957321171,1)
[907]: (1568.056889705533,1)
[908]: (1570.332842907406,1)
[909]: (1569.024418726245,1)
[910]: (1567.025541175028,1)
[911]: (1570.030056908363,1)
[912]: (1571.437782123836,1)
[913]: (1567.064946673071,1)
[914]: (1569.589434788672,1)
[915]: (1567.097053294142,1)
[916]: (1566.249506444966,1)
[917]: (1567.22345426649,1)
[918]: (1568.467235701477,1)
[919]: (1571.141137576047,1)
[920]: (1575.175283141746,1)
[921]: (1576.061619664892,1)
[922]: (1572.352172965074,1)
[923]: (1575.462376363876,1)
[924]: (1572.084019097675,1)
[925]: (1570.498230284655,1)
[926]: (1568.473353558614,1)
[927]: (1567.002016719495,1)
[928]: (1571.398596753865,1)
[929]: (1572.567398659898,1)
[930]: (1567.225286418474,1)
[931]: (1576.21819818303,1)
[932]: (1571.121498863885,1)
[933]: (1568.242320724805,1)
[934]: (1570.102729579878,1)
[935]: (1568.063160241775,1)
[936]: (1574.143667548707,1)
[937]: (1569.140369016815,1)
[938]: (1578.234228906889,1)
[939]: (1570.216824107099,1)
[940]: (1568.720951559223,1)
[941]: (1571.783622199833,1)
[942]: (1573.238051324679,1)
[943]: (1568.479137421691,1)
[944]: (1570.02764851482,1)
[945]: (1567.206788146691,1)
[946]: (1568.32134615723,1)
[947]: (1568.203160079752,1)
[948]: (1566.725767104004,1)
[949]: (1567.171528298229,1)
[950]: (1574.070908999485,1)
[951]: (1569.094081148636,1)
[952]: (1574.748390925349,1)
[953]: (1570.178726578159,1)
[954]: (1571.350607075397,1)
[955]: (1571.102562299914,1)
[956]: (1567.268933333062,1)
[957]: (1569.339023381562,1)
[958]: (1571.978749076243,1)
[959]: (1569.729357986125,1)
[960]: (1567.206572333597,1)
[961]: (1567.330499885175,1)
[962]: (1569.087697139607,1)
[963]: (1571.122165938107,1)
[964]: (1568.94197672194,1)
[965]: (1569.192959199955,1)
[966]: (1571.183009544721,1)
[967]: (1569.113875657771,1)
[968]: (1574.387381937878,1)
[969]: (1569.181729758597,1)
[970]: (1567.296657401974,1)
[971]: (1573.246666686805,1)
[972]: (1567.177046473264,1)
[973]: (1576.128234475818,1)
[974]: (1571.290180119019,1)
[975]: (1567.147802290604,1)
[976]: (1567.285151422435,1)
[977]: (1571.55872161987,1)
[978]: (1570.334531191485,1)
[979]: (1574.382313110906,1)
[980]: (1569.047859019161,1)
[981]: (1569.240565696178,1)
[982]: (1568.086627956624,1)
[983]: (1568.750666854668,1)
[984]: (1572.035094202171,1)
[985]: (1570.231890234798,1)
[986]: (1570.22306366864,1)
[987]: (1566.168813268065,1)
[988]: (1570.576200842664,1)
[989]: (1575.335007917123,1)
[990]: (1578.044773363262,1)
[991]: (1573.309254033973,1)
[992]: (1568.130678194031,1)
[993]: (1577.3511394131,1)
[994]: (1570.188505354949,1)
[995]: (1572.309949493438,1)
[996]: (1570.575163642482,1)
[997]: (1568.187325883554,1)
[998]: (1570.353737976795,1)
[999]: (1570.515366207945,1)
[1000]: (1566.407866916326,1)
[1001]: (1574.308665323184,1)
[1002]: (1566.210955605543,1)
[1003]: (1577.419596310461,1)
[1004]: (1569.041277162414,1)
[1005]: (1566.841461944863,1)
[1006]: (1569.048446988376,1)
[1007]: (1569.60934286928,1)
[1008]: (1566.298332366947,1)
[1009]: (1568.140362310749,1)
[1010]: (1567.177971336881,1)
[1011]: (1572.122525761292,1)
[1012]: (1572.076269762679,1)
[1013]: (1570.132896988398,1)
[1014]: (1567.550540267779,1)
[1015]: (1574.430216629902,1)
[1016]: (1570.212467895764,1)
[1017]: (1572.937606155742,1)
[1018]: (1571.112375550134,1)
[1019]: (1567.205014626809,1)
[1020]: (1570.304395472845,1)
[1021]: (1569.285859260856,1)
[1022]: (1575.194098005428,1)
[1023]: (1568.026455103828,1)
[1024]: (1568.879412912138,1)
[1025]: (1571.044385402151,1)
[1026]: (1568.160374644907,1)
[1027]: (1571.057124876092,1)
[1028]: (1570.362672378425,1)
[1029]: (1567.053925067224,1)
[1030]: (1573.319868640448,1)
[1031]: (1566.286321088955,1)
[1032]: (1568.293214425382,1)
[1033]: (1575.202778260151,1)
[1034]: (1570.462979760634,1)
[1035]: (1567.114421320185,1)
[1036]: (1578.997474304568,1)
[1037]: (1574.163439949102,1)
[1038]: (1568.732692819682,1)
[1039]: (1576.33437804984,1)
[1040]: (1569.48544132751,1)
[1041]: (1570.040124411166,1)
[1042]: (1570.095331439435,1)
[1043]: (1569.108279014884,1)
[1044]: (1574.718294760492,1)
[1045]: (1568.347551723116,1)
[1046]: (1566.577777057247,1)
[1047]: (1566.971850230407,1)
[1048]: (1571.817957357745,1)
[1049]: (1569.021827899664,1)
[1050]: (1571.928268820744,1)
[1051]: (1572.139327083351,1)
[1052]: (1574.024801998426,1)
[1053]: (1569.102702118826,1)
[1054]: (1570.208451649964,1)
[1055]: (1575.251192883653,1)
[1056]: (1571.219138530549,1)
[1057]: (1569.151692541808,1)
[1058]: (1573.166882037623,1)
[1059]: (1576.025802409435,1)
[1060]: (1569.093469703878,1)
[1061]: (1570.025486982228,1)
[1062]: (1566.294449140768,1)
[1063]: (1568.860407667622,1)
[1064]: (1569.163148471983,1)
[1065]: (1569.238777568102,1)
[1066]: (1577.556735648219,1)
[1067]: (1568.069627709431,1)
[1068]: (1572.087900874234,1)
[1069]: (1568.761903521262,1)
[1070]: (1578.259708589517,1)
[1071]: (1567.202010484882,1)
[1072]: (1569.082763155042,1)
[1073]: (1569.241771377112,1)
[1074]: (1573.112716282004,1)
[1075]: (1574.117536206969,1)
[1076]: (1567.190513539262,1)
[1077]: (1566.940022432247,1)
[1078]: (1568.408422084998,1)
[1079]: (1570.151178233277,1)
[1080]: (1570.040194132444,1)
[1081]: (1569.188350801095,1)
[1082]: (1568.111801700778,1)
[1083]: (1567.34808207224,1)
[1084]: (1574.021981552761,1)
[1085]: (1572.554130999423,1)
[1086]: (1571.274779792692,1)
[1087]: (1569.165791007907,1)
[1088]: (1567.279082355444,1)
[1089]: (1569.014188875139,1)
[1090]: (1568.044893795002,1)
[1091]: (1567.236686562542,1)
[1092]: (1568.010069616307,1)
[1093]: (1577.162925083469,1)
[1094]: (1569.588105640088,1)
[1095]: (1570.328076216126,1)
[1096]: (1574.595742602708,1)
[1097]: (1570.117414867299,1)
[1098]: (1567.483578689912,1)
[1099]: (1570.87979245624,1)
[1100]: (1570.190119546874,1)
[1101]: (1567.844786411117,1)
[1102]: (1567.802092092404,1)
[1103]: (1576.24688348313,1)
[1104]: (1566.555048507665,1)
[1105]: (1585.26665458103,1)
[1106]: (1572.861020011052,1)
[1107]: (1570.609850026109,1)
[1108]: (1569.233492714468,1)
[1109]: (1579.92947588914,1)
[1110]: (1568.045118216731,1)
[1111]: (1566.206992943494,1)
[1112]: (1577.04880271147,1)
[1113]: (1566.584534440716,1)
[1114]: (1571.002580300768,1)
[1115]: (1569.591590282826,1)
[1116]: (1568.646104336496,1)
[1117]: (1570.26644974178,1)
[1118]: (1576.034082730971,1)
[1119]: (1570.206553407356,1)
[1120]: (1572.105799287128,1)
[1121]: (1566.396882554372,1)
[1122]: (1570.36685361937,1)
[1123]: (1567.204446954949,1)
[1124]: (1567.153094286127,1)
[1125]: (1568.596964572356,1)
[1126]: (1567.213942299613,1)
[1127]: (1574.021713971121,1)
[1128]: (1570.033592157278,1)
[1129]: (1567.662601501143,1)
[1130]: (1570.042643926454,1)
[1131]: (1575.091913608473,1)
[1132]: (1567.246768887517,1)
[1133]: (1579.029232679497,1)
[1134]: (1576.161976257033,1)
[1135]: (1581.573875448298,1)
[1136]: (1575.205015338753,1)
[1137]: (1566.060916355195,1)
[1138]: (1570.24014341926,1)
[1139]: (1570.156982319635,1)
[1140]: (1571.587159218657,1)
[1141]: (1573.012395385807,1)
[1142]: (1573.052270090619,1)
[1143]: (1574.062831152194,1)
[1144]: (1571.549469001487,1)
[1145]: (1568.07069160018,1)
[1146]: (1570.367135969549,1)
[1147]: (1569.03261339324,1)
[1148]: (1568.027863357744,1)
[1149]: (1568.242316499723,1)
[1150]: (1569.194556900428,1)
[1151]: (1570.307319486703,1)
[1152]: (1569.090638456014,1)
[1153]: (1573.113594738488,1)
[1154]: (1567.186342330031,1)
[1155]: (1571.050016847601,1)
[1156]: (1575.434558290684,1)
[1157]: (1567.066539218099,1)
[1158]: (1576.148357576775,1)
[1159]: (1569.242613111301,1)
[1160]: (1568.190888382797,1)
[1161]: (1573.777097580881,1)
[1162]: (1569.102602526837,1)
[1163]: (1568.277500220114,1)
[1164]: (1568.163762652594,1)
[1165]: (1579.168723251211,1)
[1166]: (1567.018019482093,1)
[1167]: (1568.672545375968,1)
[1168]: (1574.143098123497,1)
[1169]: (1568.059733746323,1)
[1170]: (1568.027376570854,1)
[1171]: (1568.008398952764,1)
[1172]: (1566.165379722339,1)
[1173]: (1566.055211908654,1)
[1174]: (1569.211535719936,1)
[1175]: (1572.316950491327,1)
[1176]: (1574.175848860506,1)
[1177]: (1569.118839534146,1)
[1178]: (1567.423820507188,1)
[1179]: (1567.275728133662,1)
[1180]: (1575.00924203653,1)
[1181]: (1567.124338223968,1)
[1182]: (1577.63040491012,1)
[1183]: (1571.051115558399,1)
[1184]: (1569.023734626909,1)
[1185]: (1571.680231540557,1)
[1186]: (1571.801643944344,1)
[1187]: (1567.104611982604,1)
[1188]: (1569.070765986646,1)
[1189]: (1567.379436009704,1)
[1190]: (1573.422971741249,1)
[1191]: (1576.422188983423,1)
[1192]: (1567.583360721243,1)
[1193]: (1574.966875544639,1)
[1194]: (1567.639919024329,1)
[1195]: (1567.419626028379,1)
[1196]: (1567.007141538114,1)
[1197]: (1569.470824941532,1)
[1198]: (1569.110980045805,1)
[1199]: (1566.702580853415,1)
[1200]: (1568.560382302598,1)
[1201]: (1569.002665584735,1)
[1202]: (1567.315965646243,1)
[1203]: (1569.901870785403,1)
[1204]: (1573.478766573174,1)
[1205]: (1571.251652022047,1)
[1206]: (1569.120913394328,1)
[1207]: (1574.093894704873,1)
[1208]: (1573.007186421011,1)
[1209]: (1570.528060542399,1)
[1210]: (1570.001046087318,1)
[1211]: (1567.146772051,1)
[1212]: (1570.060894316989,1)
[1213]: (1571.408014184298,1)
[1214]: (1578.011887953867,1)
[1215]: (1570.136938355082,1)
[1216]: (1582.295793551534,1)
[1217]: (1567.396696895647,1)
[1218]: (1567.492421072611,1)
[1219]: (1571.206567148176,1)
[1220]: (1569.216232016626,1)
[1221]: (1571.145380505741,1)
[1222]: (1571.150356253945,1)
[1223]: (1566.184645163856,1)
[1224]: (1572.316860890685,1)
[1225]: (1573.313632401425,1)
[1226]: (1569.113981358517,1)
[1227]: (1570.289650348572,1)
[1228]: (1570.296844587053,1)
[1229]: (1567.375303441797,1)
[1230]: (1576.162535389405,1)
[1231]: (1568.076199219869,1)
[1232]: (1568.842138484223,1)
[1233]: (1576.338439374905,1)
[1234]: (1567.039325743678,1)
[1235]: (1571.512541228142,1)
[1236]: (1570.673299858309,1)
[1237]: (1567.196356353773,1)
[1238]: (1568.156376054711,1)
[1239]: (1572.297012145792,1)
[1240]: (1570.405889741974,1)
[1241]: (1569.456852056914,1)
[1242]: (1568.10550484722,1)
[1243]: (1571.608695302227,1)
[1244]: (1570.003794627775,1)
[1245]: (1567.57006574688,1)
[1246]: (1571.152401405713,1)
[1247]: (1570.337870567494,1)
[1248]: (1570.332948723357,1)
[1249]: (1567.759822627156,1)
[1250]: (1570.04632031943,1)
[1251]: (1575.750311505049,1)
[1252]: (1570.477484813805,1)
[1253]: (1568.269794237082,1)
[1254]: (1568.060776719027,1)
[1255]: (1568.715581893355,1)
[1256]: (1573.008957727114,1)
[1257]: (1566.289907482234,1)
[1258]: (1573.105249728077,1)
[1259]: (1566.087349083206,1)
[1260]: (1570.548298478809,1)
[1261]: (1566.396063994699,1)
[1262]: (1571.730493459914,1)
[1263]: (1570.680709203712,1)
[1264]: (1572.08771763246,1)
[1265]: (1568.337151535763,1)
[1266]: (1568.05962575415,1)
[1267]: (1569.762706417497,1)
[1268]: (1574.130166957987,1)
[1269]: (1566.261221980028,1)
[1270]: (1571.040003691387,1)
[1271]: (1578.096144463884,1)
[1272]: (1571.127525427,1)
[1273]: (1567.407324328868,1)
[1274]: (1569.667717948688,1)
[1275]: (1572.11281906713,1)
[1276]: (1572.674023570221,1)
[1277]: (1569.654526812228,1)
[1278]: (1567.224389183044,1)
[1279]: (1567.133940974164,1)
[1280]: (1572.027325439885,1)
[1281]: (1570.299322753991,1)
[1282]: (1571.110980537199,1)
[1283]: (1573.177572938677,1)
[1284]: (1569.097413704209,1)
[1285]: (1574.382755562683,1)
[1286]: (1568.760828057711,1)
[1287]: (1568.201388239115,1)
[1288]: (1576.455557436795,1)
[1289]: (1575.236222782591,1)
[1290]: (1570.325761074512,1)
[1291]: (1570.210075963702,1)
[1292]: (1570.907445280602,1)
[1293]: (1569.103106181681,1)
[1294]: (1572.012511525996,1)
[1295]: (1567.387367307489,1)
[1296]: (1567.026814494816,1)
[1297]: (1569.028608443305,1)
[1298]: (1569.030160924289,1)
[1299]: (1573.137033309196,1)
[1300]: (1571.381871764679,1)
[1301]: (1570.003328424368,1)
[1302]: (1570.167437724816,1)
[1303]: (1569.046176307212,1)
[1304]: (1574.396648268784,1)
[1305]: (1571.028950615434,1)
[1306]: (1580.054894228002,1)
[1307]: (1570.271510743621,1)
[1308]: (1566.696286716972,1)
[1309]: (1568.206088525459,1)
[1310]: (1567.255555204197,1)
[1311]: (1568.193554461523,1)
[1312]: (1570.095491847345,1)
[1313]: (1575.297688835902,1)
[1314]: (1569.072107530459,1)
[1315]: (1568.050179475332,1)
[1316]: (1572.115600447609,1)
[1317]: (1567.003588312264,1)
[1318]: (1574.036858285724,1)
[1319]: (1567.197716225074,1)
[1320]: (1573.241936066689,1)
[1321]: (1574.058839057951,1)
[1322]: (1568.659872172493,1)
[1323]: (1569.369998179717,1)
[1324]: (1569.011882417277,1)
[1325]: (1573.444413551276,1)
[1326]: (1566.532800468072,1)
[1327]: (1568.236490212342,1)
[1328]: (1573.00047602305,1)
[1329]: (1572.003919679461,1)
[1330]: (1567.229969403771,1)
[1331]: (1566.338407332945,1)
[1332]: (1568.135860851961,1)
[1333]: (1573.073977035311,1)
[1334]: (1567.121820473535,1)
[1335]: (1569.313409164662,1)
[1336]: (1570.170290537322,1)
[1337]: (1567.404150565863,1)
[1338]: (1570.436471323124,1)
[1339]: (1570.134558270298,1)
[1340]: (1566.08582594196,1)
[1341]: (1567.401029996159,1)
[1342]: (1578.136662543849,1)
[1343]: (1576.382806729208,1)
[1344]: (1568.453630800956,1)
[1345]: (1573.194166939941,1)
[1346]: (1572.398688217496,1)
[1347]: (1571.589731345171,1)
[1348]: (1567.012791648034,1)
[1349]: (1568.216120461619,1)
[1350]: (1568.009401727552,1)
[1351]: (1567.101832401249,1)
[1352]: (1569.162958881376,1)
[1353]: (1568.012565491113,1)
[1354]: (1569.176141647827,1)
[1355]: (1570.568681821369,1)
[1356]: (1571.046764773952,1)
[1357]: (1576.22945314138,1)
[1358]: (1569.365496103715,1)
[1359]: (1568.1732511938,1)
[1360]: (1568.356988170088,1)
[1361]: (1567.170901575962,1)
[1362]: (1567.214399225784,1)
[1363]: (1573.927557493684,1)
[1364]: (1567.505687983633,1)
[1365]: (1568.068873322487,1)
[1366]: (1573.773796677045,1)
[1367]: (1570.214441367322,1)
[1368]: (1572.774699576133,1)
[1369]: (1569.048496929554,1)
[1370]: (1567.778201781148,1)
[1371]: (1567.493986996481,1)
[1372]: (1573.00345574446,1)
[1373]: (1584.203688404205,1)
[1374]: (1571.126772585796,1)
[1375]: (1571.38931888667,1)
[1376]: (1569.487489802468,1)
[1377]: (1574.113507895084,1)
[1378]: (1573.228415550482,1)
[1379]: (1580.274806435321,1)
[1380]: (1573.260195973522,1)
[1381]: (1567.295311805651,1)
[1382]: (1568.197288027467,1)
[1383]: (1566.114461128712,1)
[1384]: (1568.034167887706,1)
[1385]: (1572.757703645135,1)
[1386]: (1578.0638475849,1)
[1387]: (1570.022551259631,1)
[1388]: (1570.026635169446,1)
[1389]: (1570.035185809233,1)
[1390]: (1568.545794575922,1)
[1391]: (1568.164536315663,1)
[1392]: (1569.305609737076,1)
[1393]: (1569.008513272234,1)
[1394]: (1569.688003026876,1)
[1395]: (1569.119575425947,1)
[1396]: (1571.116675732418,1)
[1397]: (1568.080274151152,1)
[1398]: (1574.480509967746,1)
[1399]: (1568.066208715925,1)
[1400]: (1566.559566740622,1)
[1401]: (1571.694202939755,1)
[1402]: (1568.591054295736,1)
[1403]: (1566.194826673993,1)
[1404]: (1573.122865198347,1)
[1405]: (1567.417413612571,1)
[1406]: (1570.584005587019,1)
[1407]: (1570.46118781241,1)
[1408]: (1567.531327768629,1)
[1409]: (1569.066896063677,1)
[1410]: (1569.472418579649,1)
[1411]: (1571.016865220354,1)
[1412]: (1577.53487320812,1)
[1413]: (1571.239997021745,1)
[1414]: (1570.241859241832,1)
[1415]: (1570.055398184324,1)
[1416]: (1566.233224482509,1)
[1417]: (1573.120047430308,1)
[1418]: (1569.039149792903,1)
[1419]: (1568.11050663868,1)
[1420]: (1573.082403922027,1)
[1421]: (1569.086884147589,1)
[1422]: (1568.058029051521,1)
[1423]: (1573.162924295848,1)
[1424]: (1575.012550221956,1)
[1425]: (1569.669137810642,1)
[1426]: (1567.085724698791,1)
[1427]: (1571.760813106975,1)
[1428]: (1572.113213272882,1)
[1429]: (1572.242334901866,1)
[1430]: (1568.130270613313,1)
[1431]: (1574.926903655103,1)
[1432]: (1571.075714936746,1)
[1433]: (1566.06174729398,1)
[1434]: (1567.064584913257,1)
[1435]: (1572.031611609056,1)
[1436]: (1574.050351545398,1)
[1437]: (1575.178320217907,1)
[1438]: (1572.210620268865,1)
[1439]: (1571.218443296557,1)
[1440]: (1567.240217643318,1)
[1441]: (1566.636977848641,1)
[1442]: (1567.337607460883,1)
[1443]: (1570.084983464557,1)
[1444]: (1580.574676482418,1)
[1445]: (1569.214474636661,1)
[1446]: (1569.35128296028,1)
[1447]: (1570.432148819011,1)
[1448]: (1572.195820806411,1)
[1449]: (1572.291021655237,1)
[1450]: (1566.407612518401,1)
[1451]: (1570.032082189966,1)
[1452]: (1570.056126050292,1)
[1453]: (1569.437023294813,1)
[1454]: (1568.038470133222,1)
[1455]: (1570.377798478132,1)
[1456]: (1568.187531131589,1)
[1457]: (1567.13950538996,1)
[1458]: (1571.416834282179,1)
[1459]: (1575.367519748853,1)
[1460]: (1572.099122525132,1)
[1461]: (1569.038467891254,1)
[1462]: (1575.430199920431,1)
[1463]: (1572.130271853901,1)
[1464]: (1567.079198491974,1)
[1465]: (1570.897503319576,1)
[1466]: (1572.532535601174,1)
[1467]: (1570.238746363152,1)
[1468]: (1571.35898842563,1)
[1469]: (1567.289835402568,1)
[1470]: (1567.102190330386,1)
[1471]: (1568.218892008714,1)
[1472]: (1575.001353295013,1)
[1473]: (1568.067393194897,1)
[1474]: (1571.440414108905,1)
[1475]: (1567.010868665381,1)
[1476]: (1566.159325031464,1)
[1477]: (1569.255437191061,1)
[1478]: (1569.295335044252,1)
[1479]: (1571.463061591915,1)
[1480]: (1567.128958890675,1)
[1481]: (1571.718310123501,1)
[1482]: (1569.197353156658,1)
[1483]: (1571.969235730726,1)
[1484]: (1570.019424026202,1)
[1485]: (1583.145404238928,1)
[1486]: (1567.942329668777,1)
[1487]: (1575.014986321812,1)
[1488]: (1574.031270957076,1)
[1489]: (1568.574537063588,1)
[1490]: (1569.089576361714,1)
[1491]: (1570.199208935492,1)
[1492]: (1572.139602787596,1)
[1493]: (1573.36397666799,1)
[1494]: (1571.039924253636,1)
[1495]: (1574.136569909592,1)
[1496]: (1569.19243396943,1)
[1497]: (1569.179712684394,1)
[1498]: (1568.008587526412,1)
[1499]: (1571.289915956319,1)
[1500]: (1573.134389239291,1)
[1501]: (1567.292018911388,1)
[1502]: (1567.039633973743,1)
[1503]: (1569.073603000938,1)
[1504]: (1572.271990522252,1)
[1505]: (1566.18572216018,1)
[1506]: (1568.083489406626,1)
[1507]: (1571.162006604607,1)
[1508]: (1566.376457702624,1)
[1509]: (1572.53161505609,1)
[1510]: (1568.16374213732,1)
[1511]: (1569.064836307224,1)
[1512]: (1572.293928714717,1)
[1513]: (1573.080830456209,1)
[1514]: (1578.006483558773,1)
[1515]: (1569.418969684473,1)
[1516]: (1568.379859401786,1)
[1517]: (1570.154000062431,1)
[1518]: (1571.248414199382,1)
[1519]: (1567.184011546274,1)
[1520]: (1570.571129604731,1)
[1521]: (1568.099889873279,1)
[1522]: (1567.596465758094,1)
[1523]: (1567.022198870778,1)
[1524]: (1568.13324053674,1)
[1525]: (1573.032266348054,1)
[1526]: (1569.408968719643,1)
[1527]: (1575.017274396417,1)
[1528]: (1569.349103298521,1)
[1529]: (1567.196449526238,1)
[1530]: (1570.361688442698,1)
[1531]: (1570.052017940998,1)
[1532]: (1568.114521554915,1)
[1533]: (1569.276065771292,1)
[1534]: (1567.720422008313,1)
[1535]: (1577.031174621331,1)
[1536]: (1566.300953540393,1)
[1537]: (1569.989461086264,1)
[1538]: (1576.408721111453,1)
[1539]: (1566.036085660608,1)
[1540]: (1575.191327315612,1)
[1541]: (1570.029478811139,1)
[1542]: (1567.027395715145,1)
[1543]: (1567.07893775763,1)
[1544]: (1568.389376277752,1)
[1545]: (1567.075675742853,1)
[1546]: (1569.477477688327,1)
[1547]: (1571.342821688278,1)
[1548]: (1568.168880788551,1)
[1549]: (1570.061566871656,1)
[1550]: (1570.294246371745,1)
[1551]: (1572.922353606265,1)
[1552]: (1568.130576269319,1)
[1553]: (1573.531908321145,1)
[1554]: (1571.136201048839,1)
[1555]: (1567.57134279564,1)
[1556]: (1574.660720894916,1)
[1557]: (1567.045132473906,1)
[1558]: (1572.250151074138,1)
[1559]: (1568.190401210976,1)
[1560]: (1567.444915738392,1)
[1561]: (1569.42587198846,1)
[1562]: (1568.224487531478,1)
[1563]: (1575.111189796367,1)
[1564]: (1571.169292591436,1)
[1565]: (1568.053575656193,1)
[1566]: (1567.080407835345,1)
[1567]: (1570.019438060552,1)
[1568]: (1570.025223980801,1)
[1569]: (1572.989780282793,1)
[1570]: (1570.398842682045,1)
[1571]: (1572.667373478406,1)
[1572]: (1566.216391173477,1)
[1573]: (1567.026413153032,1)
[1574]: (1568.680965804925,1)
[1575]: (1568.915839334872,1)
[1576]: (1575.464126337353,1)
[1577]: (1572.083699913817,1)
[1578]: (1567.303133336886,1)
[1579]: (1570.677083707783,1)
[1580]: (1569.87412483008,1)
[1581]: (1573.202060090589,1)
[1582]: (1570.149587859156,1)
[1583]: (1567.411113260401,1)
[1584]: (1573.365043509694,1)
[1585]: (1568.828125905519,1)
[1586]: (1569.175672186195,1)
[1587]: (1576.107634455423,1)
[1588]: (1572.404229671753,1)
[1589]: (1570.115952532414,1)
[1590]: (1569.139001612285,1)
[1591]: (1572.158864328081,1)
[1592]: (1572.397206446222,1)
[1593]: (1570.328346290086,1)
[1594]: (1569.266469347921,1)
[1595]: (1569.202797657756,1)
[1596]: (1567.031820149991,1)
[1597]: (1573.745503077314,1)
[1598]: (1569.391575584233,1)
[1599]: (1573.765296511702,1)
[1600]: (1572.338829859793,1)
[1601]: (1569.31507514697,1)
[1602]: (1568.41744004368,1)
[1603]: (1568.131452410713,1)
[1604]: (1569.499209822191,1)
[1605]: (1576.633980594892,1)
[1606]: (1573.215567572595,1)
[1607]: (1568.825504506756,1)
[1608]: (1573.16655513625,1)
[1609]: (1573.471575810716,1)
[1610]: (1568.94351935167,1)
[1611]: (1566.745976991346,1)
[1612]: (1568.07623381609,1)
[1613]: (1575.090886172726,1)
[1614]: (1568.386487459416,1)
[1615]: (1567.079784333684,1)
[1616]: (1568.084805913353,1)
[1617]: (1568.32852742529,1)
[1618]: (1569.309068283613,1)
[1619]: (1568.207232718388,1)
[1620]: (1572.135055380915,1)
[1621]: (1575.588841198017,1)
[1622]: (1566.450800988245,1)
[1623]: (1571.029453406208,1)
[1624]: (1573.270834243572,1)
[1625]: (1570.240277396258,1)
[1626]: (1566.399490301313,1)
[1627]: (1570.261026969239,1)
[1628]: (1575.005152799407,1)
[1629]: (1566.91611590254,1)
[1630]: (1572.361158055381,1)
[1631]: (1567.708696501738,1)
[1632]: (1569.197290453662,1)
[1633]: (1573.131789503368,1)
[1634]: (1571.254490645296,1)
[1635]: (1566.613399230386,1)
[1636]: (1575.29323871896,1)
[1637]: (1569.154717918196,1)
[1638]: (1572.384297843035,1)
[1639]: (1567.071540985719,1)
[1640]: (1571.102017348028,1)
[1641]: (1568.241671896644,1)
[1642]: (1572.148334488834,1)
[1643]: (1572.252547344442,1)
[1644]: (1568.22629327579,1)
[1645]: (1566.841408915793,1)
[1646]: (1571.031339776787,1)
[1647]: (1567.156068002124,1)
[1648]: (1567.155391911807,1)
[1649]: (1574.16173463129,1)
[1650]: (1566.224437490444,1)
[1651]: (1567.30087947424,1)
[1652]: (1567.13346406542,1)
[1653]: (1576.216778815482,1)
[1654]: (1581.1243064768,1)
[1655]: (1573.078748638068,1)
[1656]: (1567.162971040674,1)
[1657]: (1571.115622549827,1)
[1658]: (1568.06467755027,1)
[1659]: (1567.355702764063,1)
[1660]: (1567.42638997378,1)
[1661]: (1568.434042686329,1)
[1662]: (1568.81375130612,1)
[1663]: (1567.540041179542,1)
[1664]: (1572.017213496883,1)
[1665]: (1567.305181633614,1)
[1666]: (1569.145977654704,1)
[1667]: (1568.533198379162,1)
[1668]: (1567.599741486625,1)
[1669]: (1573.991089752512,1)
[1670]: (1578.507850931886,1)
[1671]: (1569.740844869603,1)
[1672]: (1571.274898135811,1)
[1673]: (1568.111639480136,1)
[1674]: (1570.48422982477,1)
[1675]: (1572.70990177016,1)
[1676]: (1571.039602816547,1)
[1677]: (1568.957903341271,1)
[1678]: (1569.442288647356,1)
[1679]: (1568.321048117176,1)
[1680]: (1567.653438724584,1)
[1681]: (1574.070055384858,1)
[1682]: (1570.266336691713,1)
[1683]: (1573.317681804852,1)
[1684]: (1573.477111791668,1)
[1685]: (1570.185764063454,1)
[1686]: (1571.322083133198,1)
[1687]: (1567.25681956029,1)
[1688]: (1575.140226810389,1)
[1689]: (1566.626793161624,1)
[1690]: (1566.247964252893,1)
[1691]: (1566.05654271355,1)
[1692]: (1566.57753953931,1)
[1693]: (1572.754358486608,1)
[1694]: (1573.245844813252,1)
[1695]: (1568.125916808956,1)
[1696]: (1569.034480840068,1)
[1697]: (1571.453532438407,1)
[1698]: (1571.461505822039,1)
[1699]: (1567.10453340112,1)
[1700]: (1588.019471059069,1)
[1701]: (1569.146816138987,1)
[1702]: (1574.651457274499,1)
[1703]: (1569.08806685031,1)
[1704]: (1567.05378834888,1)
[1705]: (1573.024653707926,1)
[1706]: (1567.31745445688,1)
[1707]: (1567.082581507791,1)
[1708]: (1574.50225478416,1)
[1709]: (1570.209922544199,1)
[1710]: (1570.004475726032,1)
[1711]: (1570.171687541444,1)
[1712]: (1573.194780580145,1)
[1713]: (1570.133646055062,1)
[1714]: (1568.030842202915,1)
[1715]: (1577.097182703235,1)
[1716]: (1566.289738190896,1)
[1717]: (1571.029001406652,1)
[1718]: (1569.200215832614,1)
[1719]: (1569.089536953428,1)
[1720]: (1569.25970249525,1)
[1721]: (1572.066763052698,1)
[1722]: (1569.084601127468,1)
[1723]: (1566.075703280641,1)
[1724]: (1574.087379735309,1)
[1725]: (1569.209169452677,1)
[1726]: (1576.063655109718,1)
[1727]: (1570.439814015058,1)
[1728]: (1567.45309416045,1)
[1729]: (1570.517399476195,1)
[1730]: (1570.130768147395,1)
[1731]: (1572.036312396382,1)
[1732]: (1571.022559617656,1)
[1733]: (1568.296890141,1)
[1734]: (1570.084974757164,1)
[1735]: (1569.404658890855,1)
[1736]: (1570.64675930452,1)
[1737]: (1566.757236236284,1)
[1738]: (1569.107013672038,1)
[1739]: (1576.549142418591,1)
[1740]: (1573.209543295986,1)
[1741]: (1569.189173486865,1)
[1742]: (1570.301532221204,1)
[1743]: (1567.146175345467,1)
[1744]: (1570.518151824797,1)
[1745]: (1572.382522456053,1)
[1746]: (1574.059450840877,1)
[1747]: (1574.30639985769,1)
[1748]: (1574.366990463977,1)
[1749]: (1567.115645935922,1)
[1750]: (1569.080614139776,1)
[1751]: (1576.052859015135,1)
[1752]: (1571.388598259149,1)
[1753]: (1567.365079712175,1)
[1754]: (1566.509386175212,1)
[1755]: (1567.04365760896,1)
[1756]: (1574.276213559553,1)
[1757]: (1568.443488979322,1)
[1758]: (1570.296038499361,1)
[1759]: (1570.038595325994,1)
[1760]: (1573.308231906472,1)
[1761]: (1573.003122946899,1)
[1762]: (1569.11744323538,1)
[1763]: (1567.94271479558,1)
[1764]: (1568.046137939706,1)
[1765]: (1566.51573145226,1)
[1766]: (1567.164194943315,1)
[1767]: (1568.127453073902,1)
[1768]: (1571.011229441323,1)
[1769]: (1566.638907110891,1)
[1770]: (1569.174725062692,1)
[1771]: (1568.1735312505,1)
[1772]: (1566.846594596044,1)
[1773]: (1572.024428331439,1)
[1774]: (1571.565252083327,1)
[1775]: (1574.78427097035,1)
[1776]: (1567.394856674471,1)
[1777]: (1569.265263660055,1)
[1778]: (1569.683531302589,1)
[1779]: (1571.014074163017,1)
[1780]: (1566.470294356522,1)
[1781]: (1568.042281772186,1)
[1782]: (1571.742169609738,1)
[1783]: (1567.294234160873,1)
[1784]: (1568.089457371878,1)
[1785]: (1571.381810540398,1)
[1786]: (1572.100254370744,1)
[1787]: (1567.541122876191,1)
[1788]: (1573.095722497876,1)
[1789]: (1573.012859627353,1)
[1790]: (1570.048265282443,1)
[1791]: (1567.021840452828,1)
[1792]: (1568.021298820958,1)
[1793]: (1568.252394268411,1)
[1794]: (1576.366700109444,1)
[1795]: (1571.00637747756,1)
[1796]: (1571.765462604171,1)
[1797]: (1574.268741807899,1)
[1798]: (1570.321864005932,1)
[1799]: (1568.213399783488,1)
[1800]: (1571.142996750077,1)
[1801]: (1572.536791397488,1)
[1802]: (1574.282609771193,1)
[1803]: (1568.324834406145,1)
[1804]: (1573.075357806562,1)
[1805]: (1568.143651075907,1)
[1806]: (1567.332145111427,1)
[1807]: (1566.335507620262,1)
[1808]: (1572.283478551331,1)
[1809]: (1570.123382348964,1)
[1810]: (1566.344061500533,1)
[1811]: (1568.222819500358,1)
[1812]: (1569.055099980084,1)
[1813]: (1567.623993105868,1)
[1814]: (1566.294762336856,1)
[1815]: (1571.047403833294,1)
[1816]: (1574.208487733231,1)
[1817]: (1580.342387982833,1)
[1818]: (1574.559169125819,1)
[1819]: (1569.475533302172,1)
[1820]: (1568.40801059749,1)
[1821]: (1566.626561199498,1)
[1822]: (1570.585877946494,1)
[1823]: (1569.109000030394,1)
[1824]: (1571.18308195008,1)
[1825]: (1572.20834939584,1)
[1826]: (1568.065399262347,1)
[1827]: (1568.138354726607,1)
[1828]: (1566.422452333707,1)
[1829]: (1568.791651636782,1)
[1830]: (1578.702780294252,1)
[1831]: (1574.037654719249,1)
[1832]: (1567.00572175543,1)
[1833]: (1566.178843864421,1)
[1834]: (1567.594342039768,1)
[1835]: (1576.14278080588,1)
[1836]: (1566.154988212451,1)
[1837]: (1570.047376968882,1)
[1838]: (1567.403457615965,1)
[1839]: (1570.451395164104,1)
[1840]: (1572.293583382379,1)
[1841]: (1571.752681864638,1)
[1842]: (1571.328251267424,1)
[1843]: (1568.286254096882,1)
[1844]: (1568.31344048974,1)
[1845]: (1572.317476697218,1)
[1846]: (1571.177900297339,1)
[1847]: (1568.412913197533,1)
[1848]: (1571.017958192485,1)
[1849]: (1567.010499184591,1)
[1850]: (1570.2589188877,1)
[1851]: (1569.08868693174,1)
[1852]: (1572.252835943114,1)
[1853]: (1572.195370735557,1)
[1854]: (1572.092185906205,1)
[1855]: (1570.445702721847,1)
[1856]: (1566.155637537231,1)
[1857]: (1571.910653158863,1)
[1858]: (1572.303980831448,1)
[1859]: (1569.258249230748,1)
[1860]: (1569.756413886574,1)
[1861]: (1569.170356591116,1)
[1862]: (1566.325495502138,1)
[1863]: (1569.135487140147,1)
[1864]: (1572.452170773816,1)
[1865]: (1568.010872323522,1)
[1866]: (1572.481406245578,1)
[1867]: (1567.505123669543,1)
[1868]: (1568.059152361938,1)
[1869]: (1568.15173460964,1)
[1870]: (1567.017310749004,1)
[1871]: (1570.010436636072,1)
[1872]: (1569.104160935289,1)
[1873]: (1572.511535073408,1)
[1874]: (1566.431177908104,1)
[1875]: (1576.092701656557,1)
[1876]: (1566.636214284457,1)
[1877]: (1570.468148682217,1)
[1878]: (1566.129727733075,1)
[1879]: (1577.117722949698,1)
[1880]: (1568.156555319197,1)
[1881]: (1573.489477119112,1)
[1882]: (1566.15118894223,1)
[1883]: (1573.17454171895,1)
[1884]: (1574.009181042518,1)
[1885]: (1583.178104845535,1)
[1886]: (1570.414244552439,1)
[1887]: (1570.382788518656,1)
[1888]: (1567.024360299239,1)
[1889]: (1570.872072057841,1)
[1890]: (1570.444986240878,1)
[1891]: (1571.27179968156,1)
[1892]: (1572.026619772791,1)
[1893]: (1572.094613401192,1)
[1894]: (1567.048286909279,1)
[1895]: (1574.297323567697,1)
[1896]: (1567.796796436297,1)
[1897]: (1568.016164783923,1)
[1898]: (1569.552880065614,1)
[1899]: (1570.530885896232,1)
[1900]: (1572.136717440441,1)
[1901]: (1569.829997000289,1)
[1902]: (1570.235442728711,1)
[1903]: (1569.249693790895,1)
[1904]: (1570.503531305604,1)
[1905]: (1578.068754028897,1)
[1906]: (1568.286759557928,1)
[1907]: (1569.168739792516,1)
[1908]: (1583.342046681718,1)
[1909]: (1574.760523792506,1)
[1910]: (1568.12899080724,1)
[1911]: (1571.100865738932,1)
[1912]: (1568.123649430811,1)
[1913]: (1573.028923534395,1)
[1914]: (1568.060022632465,1)
[1915]: (1567.056334052749,1)
[1916]: (1568.037893972335,1)
[1917]: (1569.38588311324,1)
[1918]: (1574.039461969204,1)
[1919]: (1566.463189000954,1)
[1920]: (1566.093127580373,1)
[1921]: (1568.607983157399,1)
[1922]: (1571.855575806655,1)
[1923]: (1571.042413895181,1)
[1924]: (1572.414535622021,1)
[1925]: (1572.061614592861,1)
[1926]: (1572.170093815301,1)
[1927]: (1568.190957456543,1)
[1928]: (1569.749097312138,1)
[1929]: (1573.292268036299,1)
[1930]: (1569.026362423244,1)
[1931]: (1570.20285696669,1)
[1932]: (1570.134053585936,1)
[1933]: (1569.876321601788,1)
[1934]: (1572.004329413699,1)
[1935]: (1567.194369616203,1)
[1936]: (1567.08754244188,1)
[1937]: (1570.214280501126,1)
[1938]: (1566.367014363879,1)
[1939]: (1569.227085010388,1)
[1940]: (1568.054078678453,1)
[1941]: (1572.036665396813,1)
[1942]: (1569.262565300173,1)
[1943]: (1571.058557480242,1)
[1944]: (1569.129835074731,1)
[1945]: (1570.056431130119,1)
[1946]: (1569.22059052362,1)
[1947]: (1567.492280268765,1)
[1948]: (1568.588449422295,1)
[1949]: (1566.490327343961,1)
[1950]: (1566.068922360395,1)
[1951]: (1572.044612896563,1)
[1952]: (1568.025885068279,1)
[1953]: (1570.222832596937,1)
[1954]: (1573.226933153172,1)
[1955]: (1575.784143224412,1)
[1956]: (1566.976309121047,1)
[1957]: (1569.213904804349,1)
[1958]: (1567.80844591717,1)
[1959]: (1570.443782934919,1)
[1960]: (1570.198473463388,1)
[1961]: (1569.913625243157,1)
[1962]: (1566.633114240504,1)
[1963]: (1573.367995937677,1)
[1964]: (1567.171013759531,1)
[1965]: (1567.306881231189,1)
[1966]: (1570.627282897228,1)
[1967]: (1572.037192938498,1)
[1968]: (1575.854642622614,1)
[1969]: (1567.667751856366,1)
[1970]: (1569.264049083005,1)
[1971]: (1571.372905147091,1)
[1972]: (1570.325019101964,1)
[1973]: (1566.298007789076,1)
[1974]: (1572.42001471763,1)
[1975]: (1568.281078075957,1)
[1976]: (1569.601166728257,1)
[1977]: (1574.818499541624,1)
[1978]: (1569.197615494306,1)
[1979]: (1572.008715784246,1)
[1980]: (1571.200704020026,1)
[1981]: (1568.431408809609,1)
[1982]: (1576.394486085021,1)
[1983]: (1571.372066301833,1)
[1984]: (1566.410681598715,1)
[1985]: (1571.055888287445,1)
[1986]: (1576.185428867345,1)
[1987]: (1571.029569408717,1)
[1988]: (1568.286401919326,1)
[1989]: (1579.342493988789,1)
[1990]: (1569.138659733017,1)
[1991]: (1569.555355645984,1)
[1992]: (1572.635841203005,1)
[1993]: (1568.453318001714,1)
[1994]: (1570.165882894411,1)
[1995]: (1567.422542752968,1)
[1996]: (1567.634425504548,1)
[1997]: (1570.035822404186,1)
[1998]: (1569.060581722872,1)
[1999]: (1575.120389633859,1)
 -- States explored : 0 states
 -- CPU user time used : 609700 ms
 -- Virtual memory used : 77731544 KiB
 -- Resident memory used : 77690620 KiB
executionTime: 4284
