core file size          (blocks, -c) unlimited
data seg size           (kbytes, -d) unlimited
scheduling priority             (-e) 0
file size               (blocks, -f) unlimited
pending signals                 (-i) 4077086
max locked memory       (kbytes, -l) 64
max memory size         (kbytes, -m) 133169152
open files                      (-n) 4096
pipe size            (512 bytes, -p) 8
POSIX message queues     (bytes, -q) 819200
real-time priority              (-r) 0
stack size              (kbytes, -s) 8192
cpu time               (seconds, -t) unlimited
max user processes              (-u) 4077086
virtual memory          (kbytes, -v) 127000000
file locks                      (-x) unlimited
Options for the verification:
  Generating some trace
  Search order is random depth first
  Using conservative space optimisation
  Seed is 1557176012
  State space representation uses minimal constraint systems
  Using HashMap + Compress integers for discrete state storage

Verifying formula 1 at ../queries/SP_300_63_4.q:1
 -- Formula is satisfied.
(9000 runs)
Learning statistics for best strategy: 
	Number of resets: 1
	Number of iterations in last reset: 14
	Number of iterations in total: 26

 -- States explored : 0 states
 -- CPU user time used : 6278570 ms
 -- Virtual memory used : 106546180 KiB
 -- Resident memory used : 106506404 KiB

Verifying formula 2 at ../queries/SP_300_63_4.q:2
 -- Formula is satisfied.
Composer.Done:
[0]: (0,0) (413.4809110852622,1)
[1]: (408.1376361511833,1)
[2]: (410.352688561252,1)
[3]: (410.4123007303471,1)
[4]: (411.6575908782811,1)
[5]: (411.2831137892216,1)
[6]: (414.1140415894662,1)
[7]: (408.2611384799224,1)
[8]: (413.7065569419707,1)
[9]: (413.5508654347205,1)
[10]: (407.7201524457936,1)
[11]: (410.0595405565236,1)
[12]: (412.3001635071227,1)
[13]: (413.4400513663019,1)
[14]: (412.049084498254,1)
[15]: (413.4474889290223,1)
[16]: (410.0263390224441,1)
[17]: (412.0856371616247,1)
[18]: (411.1618835881653,1)
[19]: (416.1499648299598,1)
[20]: (412.0235658183903,1)
[21]: (409.0951368747482,1)
[22]: (407.8241603649939,1)
[23]: (411.1428413459352,1)
[24]: (412.8262643696722,1)
[25]: (412.1514018532537,1)
[26]: (411.7650021358465,1)
[27]: (413.2047098565814,1)
[28]: (408.1430210297686,1)
[29]: (409.4982458794181,1)
[30]: (410.2199476712403,1)
[31]: (412.8717464492511,1)
[32]: (411.5632385468396,1)
[33]: (413.1399426146611,1)
[34]: (410.0426320489759,1)
[35]: (410.0085932270926,1)
[36]: (410.1753893340029,1)
[37]: (413.0281764296311,1)
[38]: (412.0767351637936,1)
[39]: (411.0846575901937,1)
[40]: (410.1638863609931,1)
[41]: (414.7597927051947,1)
[42]: (412.1780533784485,1)
[43]: (413.4013024584589,1)
[44]: (406.4763610854366,1)
[45]: (408.3333475971709,1)
[46]: (411.7703938627947,1)
[47]: (412.6638350105105,1)
[48]: (406.2748390811334,1)
[49]: (414.302507137284,1)
[50]: (412.1611735724603,1)
[51]: (408.0018789887123,1)
[52]: (408.3054244380148,1)
[53]: (406.1942759497337,1)
[54]: (408.2022639890787,1)
[55]: (410.1103460908191,1)
[56]: (411.5606775253924,1)
[57]: (411.0634309255307,1)
[58]: (407.1983549220462,1)
[59]: (409.6752302264036,1)
[60]: (416.1663253608015,1)
[61]: (414.1914628474722,1)
[62]: (410.0378150091271,1)
[63]: (412.5920940834243,1)
[64]: (410.1055477560159,1)
[65]: (408.2227660394429,1)
[66]: (415.1920398147154,1)
[67]: (413.2673849003403,1)
[68]: (411.0821197250904,1)
[69]: (414.1658063528392,1)
[70]: (411.2534062140873,1)
[71]: (411.5120557834093,1)
[72]: (412.1712874898596,1)
[73]: (412.3398417898904,1)
[74]: (415.2774548573396,1)
[75]: (411.0988146515948,1)
[76]: (414.0184120638573,1)
[77]: (412.3226751244092,1)
[78]: (413.1227299412075,1)
[79]: (414.3568519274626,1)
[80]: (413.6467454771643,1)
[81]: (409.035027525557,1)
[82]: (413.2426207610722,1)
[83]: (419.4845475390728,1)
[84]: (412.3507657600796,1)
[85]: (413.1676970831096,1)
[86]: (412.0245636426594,1)
[87]: (411.5646709558304,1)
[88]: (414.0047436456469,1)
[89]: (415.7520588482398,1)
[90]: (415.6190443683954,1)
[91]: (410.5794559620821,1)
[92]: (409.4251820702655,1)
[93]: (413.0562710198479,1)
[94]: (407.1880602494128,1)
[95]: (409.1357848154255,1)
[96]: (413.2752391638539,1)
[97]: (413.0599142030065,1)
[98]: (414.4496241832593,1)
[99]: (412.1165357451921,1)
[100]: (414.3331087784082,1)
[101]: (409.7492934310445,1)
[102]: (410.4061196416636,1)
[103]: (413.4969738079541,1)
[104]: (412.510381110572,1)
[105]: (410.2612218866486,1)
[106]: (416.1596362825892,1)
[107]: (417.357431154855,1)
[108]: (415.1298062706748,1)
[109]: (409.5188342025451,1)
[110]: (413.3942761101744,1)
[111]: (407.461151422533,1)
[112]: (412.023985753311,1)
[113]: (412.0143024061043,1)
[114]: (410.2056194735468,1)
[115]: (408.090095902984,1)
[116]: (411.4102755571864,1)
[117]: (408.3017026363168,1)
[118]: (412.4811745145285,1)
[119]: (412.0993246293102,1)
[120]: (412.0511973041906,1)
[121]: (413.8640667114526,1)
[122]: (415.3755312058307,1)
[123]: (412.023623409676,1)
[124]: (415.5564338424047,1)
[125]: (413.2247580718545,1)
[126]: (411.1063162603666,1)
[127]: (409.1799909284607,1)
[128]: (410.1600375714822,1)
[129]: (413.1125368193761,1)
[130]: (413.4335404974171,1)
[131]: (415.0752233708482,1)
[132]: (411.5148844090592,1)
[133]: (410.6718693082635,1)
[134]: (407.1594816736874,1)
[135]: (411.1596185449301,1)
[136]: (410.0461954224618,1)
[137]: (413.0753731935628,1)
[138]: (411.2934294937252,1)
[139]: (410.4557584530814,1)
[140]: (414.1179021887896,1)
[141]: (411.0867326065386,1)
[142]: (410.046129423909,1)
[143]: (408.2027556593732,1)
[144]: (411.0303653247777,1)
[145]: (415.1709912432591,1)
[146]: (413.2443711744888,1)
[147]: (408.378783498342,1)
[148]: (411.3566368332018,1)
[149]: (408.7592366320645,1)
[150]: (411.8485380214437,1)
[151]: (409.0300109811014,1)
[152]: (408.3175330594845,1)
[153]: (417.3137521082068,1)
[154]: (408.6396953482829,1)
[155]: (411.0524558345043,1)
[156]: (412.0327083151569,1)
[157]: (409.3126791430745,1)
[158]: (414.1668294800411,1)
[159]: (408.1328640253856,1)
[160]: (414.3405133990925,1)
[161]: (414.1021855441015,1)
[162]: (410.2491077312795,1)
[163]: (412.2292498851438,1)
[164]: (409.8589191154566,1)
[165]: (410.0597634297307,1)
[166]: (413.1749519444614,1)
[167]: (412.9744518944207,1)
[168]: (409.3064908628318,1)
[169]: (416.0567917331108,1)
[170]: (413.5137714484755,1)
[171]: (411.237151599881,1)
[172]: (416.0265035501118,1)
[173]: (409.5233920532585,1)
[174]: (409.7043862501442,1)
[175]: (409.5920600089631,1)
[176]: (411.3002060244702,1)
[177]: (407.0830512031605,1)
[178]: (411.0764000036681,1)
[179]: (414.0745983609553,1)
[180]: (410.1856444368105,1)
[181]: (409.1102158191278,1)
[182]: (414.0359132861805,1)
[183]: (417.0273026228953,1)
[184]: (408.047382477734,1)
[185]: (410.1143821818,1)
[186]: (415.3714834605104,1)
[187]: (415.2768966357737,1)
[188]: (417.8493934795342,1)
[189]: (412.0337191875381,1)
[190]: (407.3498146954,1)
[191]: (409.99066827283,1)
[192]: (414.0934352438359,1)
[193]: (413.317940773007,1)
[194]: (415.2431683461457,1)
[195]: (411.1253196350106,1)
[196]: (411.3559958719624,1)
[197]: (414.2760666637652,1)
[198]: (410.9365580798674,1)
[199]: (410.303863972987,1)
[200]: (416.0708556314798,1)
[201]: (410.0379500575523,1)
[202]: (409.3992635244051,1)
[203]: (417.807892519601,1)
[204]: (410.5537500278533,1)
[205]: (411.0151367516409,1)
[206]: (409.1059474754015,1)
[207]: (413.1499182439121,1)
[208]: (411.1349361197481,1)
[209]: (410.2096490558344,1)
[210]: (408.1044542639033,1)
[211]: (413.1799607028939,1)
[212]: (413.0368696444073,1)
[213]: (412.5313382140985,1)
[214]: (407.2387078961989,1)
[215]: (411.2716774396774,1)
[216]: (411.2156998260377,1)
[217]: (412.3342945241315,1)
[218]: (416.0621567187332,1)
[219]: (409.1671123932991,1)
[220]: (408.1509570510922,1)
[221]: (408.5800419593043,1)
[222]: (414.1641370745035,1)
[223]: (413.0802830709551,1)
[224]: (408.9228115092922,1)
[225]: (411.0072795746762,1)
[226]: (418.1106988834825,1)
[227]: (406.9957648759013,1)
[228]: (412.0180612697885,1)
[229]: (412.0525786982006,1)
[230]: (407.8050590504739,1)
[231]: (410.3270475606228,1)
[232]: (409.4146843814163,1)
[233]: (410.1366693648041,1)
[234]: (411.4420486130768,1)
[235]: (414.5282482869604,1)
[236]: (414.0317059937616,1)
[237]: (415.188782270799,1)
[238]: (411.6729957408878,1)
[239]: (410.8482629813442,1)
[240]: (412.2700557445124,1)
[241]: (410.4558306955827,1)
[242]: (408.0330376035215,1)
[243]: (408.1642588682359,1)
[244]: (410.0955886677467,1)
[245]: (411.1033178409904,1)
[246]: (410.353361156696,1)
[247]: (407.1837316514435,1)
[248]: (414.0025273138597,1)
[249]: (414.0078423010267,1)
[250]: (408.0571684154116,1)
[251]: (409.0149666491853,1)
[252]: (409.160364113872,1)
[253]: (413.2756843553219,1)
[254]: (407.4569590474314,1)
[255]: (411.2355858850156,1)
[256]: (409.6522582352193,1)
[257]: (413.6888851515326,1)
[258]: (409.1856610639579,1)
[259]: (411.1906426930578,1)
[260]: (410.0443946990133,1)
[261]: (409.0928048112968,1)
[262]: (411.2532887908808,1)
[263]: (414.0121918023842,1)
[264]: (410.1996542124247,1)
[265]: (412.3085929232813,1)
[266]: (410.5461104039205,1)
[267]: (409.5186831672128,1)
[268]: (408.875327724291,1)
[269]: (412.6820544761316,1)
[270]: (407.2144733697826,1)
[271]: (410.6203544558721,1)
[272]: (410.473243130616,1)
[273]: (412.6190349676939,1)
[274]: (410.3006786125317,1)
[275]: (418.4943743276341,1)
[276]: (409.4078288203083,1)
[277]: (414.3097743585373,1)
[278]: (416.2698897969722,1)
[279]: (410.100930607838,1)
[280]: (409.1772092587817,1)
[281]: (415.0093469976146,1)
[282]: (412.4477638692772,1)
[283]: (413.7232491980893,1)
[284]: (422.09885644823,1)
[285]: (407.2332561220842,1)
[286]: (412.0216428792734,1)
[287]: (408.2590154513819,1)
[288]: (410.2193942561669,1)
[289]: (410.3189505188235,1)
[290]: (413.004705556578,1)
[291]: (413.201586150546,1)
[292]: (413.5322446656114,1)
[293]: (410.1166406110488,1)
[294]: (409.1379555114418,1)
[295]: (410.1983892297764,1)
[296]: (407.2800802567377,1)
[297]: (413.9048856247829,1)
[298]: (409.104636862067,1)
[299]: (406.7655070127516,1)
[300]: (413.2087335731998,1)
[301]: (419.2821580596059,1)
[302]: (409.2520261935722,1)
[303]: (418.3039039674145,1)
[304]: (412.0163570358087,1)
[305]: (413.9441871557763,1)
[306]: (410.0201040540126,1)
[307]: (412.4075465698901,1)
[308]: (413.5353621209509,1)
[309]: (415.2657840899764,1)
[310]: (414.5457847868502,1)
[311]: (409.1048154054323,1)
[312]: (411.0559288084157,1)
[313]: (410.1806893123709,1)
[314]: (408.1794516840756,1)
[315]: (409.080607818978,1)
[316]: (411.4167618037465,1)
[317]: (413.0397432827228,1)
[318]: (415.5784104007155,1)
[319]: (407.1181950096886,1)
[320]: (409.0144303744208,1)
[321]: (416.268743062648,1)
[322]: (410.5548510274132,1)
[323]: (413.0922347202998,1)
[324]: (415.5183995264961,1)
[325]: (412.1570359445872,1)
[326]: (408.7240973082095,1)
[327]: (409.0101514906204,1)
[328]: (415.3137877327839,1)
[329]: (409.236100042574,1)
[330]: (418.3835602566626,1)
[331]: (408.2473321475806,1)
[332]: (408.3868910708658,1)
[333]: (412.1319094140238,1)
[334]: (409.3056517546593,1)
[335]: (411.2810408546161,1)
[336]: (408.3699384518866,1)
[337]: (415.4989729788858,1)
[338]: (410.1267875632805,1)
[339]: (412.4269653590343,1)
[340]: (410.6198374448693,1)
[341]: (412.5968530190237,1)
[342]: (413.1679625930462,1)
[343]: (412.0385425671374,1)
[344]: (409.0787021013028,1)
[345]: (412.2170991186663,1)
[346]: (412.0511670753993,1)
[347]: (413.1468944052861,1)
[348]: (409.8115450161311,1)
[349]: (408.367871582522,1)
[350]: (413.1171325222413,1)
[351]: (410.0012272184351,1)
[352]: (409.5494261910118,1)
[353]: (415.1275497228144,1)
[354]: (411.0219976421636,1)
[355]: (409.0728836833685,1)
[356]: (410.0531014199298,1)
[357]: (409.4445824653246,1)
[358]: (413.1385043671331,1)
[359]: (415.4673106468334,1)
[360]: (412.057727998635,1)
[361]: (406.513650933591,1)
[362]: (410.9570403075131,1)
[363]: (407.9473660749453,1)
[364]: (409.9344676851769,1)
[365]: (410.6557814283086,1)
[366]: (412.8777125969703,1)
[367]: (411.0876736562421,1)
[368]: (414.1940465872462,1)
[369]: (413.2321594066549,1)
[370]: (416.1202849423262,1)
[371]: (411.5020334396734,1)
[372]: (413.1672665717269,1)
[373]: (415.257700500276,1)
[374]: (409.0182725269529,1)
[375]: (410.3765417740492,1)
[376]: (409.565633591099,1)
[377]: (413.7658485761541,1)
[378]: (409.1021089337475,1)
[379]: (416.1297055709914,1)
[380]: (412.2001446817559,1)
[381]: (410.0411859412172,1)
[382]: (409.0548163169522,1)
[383]: (412.5361493558989,1)
[384]: (415.9523792765562,1)
[385]: (406.2714492910638,1)
[386]: (414.0058887756604,1)
[387]: (409.1403375192544,1)
[388]: (413.0457204494965,1)
[389]: (414.4135390099966,1)
[390]: (414.0952672686365,1)
[391]: (409.1213748920152,1)
[392]: (408.1381911779848,1)
[393]: (411.0419822628665,1)
[394]: (410.2099206772064,1)
[395]: (409.5751409435341,1)
[396]: (411.1961811602424,1)
[397]: (408.5838487738591,1)
[398]: (407.6551011164476,1)
[399]: (411.017292677935,1)
[400]: (410.0085239460334,1)
[401]: (410.1018486080043,1)
[402]: (415.1175561565738,1)
[403]: (414.0385008687323,1)
[404]: (414.5267722500861,1)
[405]: (413.3777302119274,1)
[406]: (410.1693504039747,1)
[407]: (415.1083246082124,1)
[408]: (410.4869587981523,1)
[409]: (414.7181264202705,1)
[410]: (412.8533008169857,1)
[411]: (414.9172358312427,1)
[412]: (412.8600249899497,1)
[413]: (411.3928690799292,1)
[414]: (410.4781933169709,1)
[415]: (410.1433449279224,1)
[416]: (413.2440876595831,1)
[417]: (414.2961365916841,1)
[418]: (410.5266838365788,1)
[419]: (411.0193435938508,1)
[420]: (411.0221099931371,1)
[421]: (413.147854732218,1)
[422]: (415.0807314232724,1)
[423]: (413.0267894804416,1)
[424]: (412.0375250161151,1)
[425]: (410.0527712996246,1)
[426]: (408.1873992597344,1)
[427]: (412.4099771578356,1)
[428]: (412.8128794452434,1)
[429]: (409.1641632280292,1)
[430]: (411.6127306760596,1)
[431]: (415.069690507071,1)
[432]: (413.0936215978784,1)
[433]: (408.5082798270995,1)
[434]: (411.1168218314789,1)
[435]: (411.0957856221477,1)
[436]: (411.3151223503276,1)
[437]: (407.0794242379874,1)
[438]: (408.1169024181463,1)
[439]: (415.1128777398769,1)
[440]: (410.1543002489727,1)
[441]: (410.4327077727242,1)
[442]: (414.0330511258956,1)
[443]: (413.0302391241055,1)
[444]: (410.2478415560572,1)
[445]: (406.2216875492372,1)
[446]: (416.1126080504001,1)
[447]: (413.4004379715006,1)
[448]: (411.5788047483604,1)
[449]: (410.515502185011,1)
[450]: (411.9474335099525,1)
[451]: (413.04024983092,1)
[452]: (407.3313856833607,1)
[453]: (413.5610223408996,1)
[454]: (413.3357876211093,1)
[455]: (408.1241582809537,1)
[456]: (415.5328111305752,1)
[457]: (409.118001398943,1)
[458]: (412.322324826901,1)
[459]: (412.3520538136651,1)
[460]: (407.3523399646046,1)
[461]: (411.0385198219513,1)
[462]: (409.2742650729681,1)
[463]: (413.0834829020955,1)
[464]: (408.1626133688495,1)
[465]: (413.4134345653343,1)
[466]: (409.2500135733188,1)
[467]: (408.3646942809903,1)
[468]: (410.6757127690263,1)
[469]: (411.2114867418192,1)
[470]: (417.3677297634668,1)
[471]: (410.1436522648222,1)
[472]: (416.0000423057011,1)
[473]: (406.8083689050773,1)
[474]: (407.2692968225898,1)
[475]: (413.5865409011481,1)
[476]: (414.0390809281972,1)
[477]: (412.169472231088,1)
[478]: (406.4155653279906,1)
[479]: (411.2410512984231,1)
[480]: (411.1076953096513,1)
[481]: (414.6591818359801,1)
[482]: (415.1560912594053,1)
[483]: (414.1887042252304,1)
[484]: (414.111210533184,1)
[485]: (413.145494786546,1)
[486]: (413.3553520240712,1)
[487]: (415.4094392180269,1)
[488]: (412.1767926838152,1)
[489]: (408.449360143537,1)
[490]: (416.2111560601396,1)
[491]: (413.7119226866117,1)
[492]: (411.5124346319737,1)
[493]: (413.1763414555936,1)
[494]: (411.1145937263963,1)
[495]: (411.0084098092908,1)
[496]: (414.0878809965051,1)
[497]: (413.3163921261022,1)
[498]: (414.6205969914985,1)
[499]: (410.3670165302554,1)
[500]: (413.1666106805071,1)
[501]: (409.0316120395582,1)
[502]: (410.0629161890265,1)
[503]: (416.9533364852165,1)
[504]: (412.7139758986285,1)
[505]: (409.6867267119798,1)
[506]: (410.8144659486705,1)
[507]: (409.5248069029423,1)
[508]: (413.6703221310138,1)
[509]: (409.1030324019146,1)
[510]: (411.0876489412897,1)
[511]: (407.0797039943127,1)
[512]: (412.1781196198309,1)
[513]: (413.1196699355386,1)
[514]: (410.1378453158256,1)
[515]: (409.0017516838498,1)
[516]: (411.3253233832652,1)
[517]: (412.4914883860229,1)
[518]: (409.0273957999761,1)
[519]: (408.4017625220873,1)
[520]: (410.3089617353553,1)
[521]: (408.043853033646,1)
[522]: (411.2308277040856,1)
[523]: (409.4383170088099,1)
[524]: (413.4027023276273,1)
[525]: (411.5841542173508,1)
[526]: (411.0216761195574,1)
[527]: (414.5102127744242,1)
[528]: (415.1223183198626,1)
[529]: (410.4513336185893,1)
[530]: (414.2609833458606,1)
[531]: (409.096783052545,1)
[532]: (416.089452563871,1)
[533]: (412.2463401774995,1)
[534]: (408.9679357533722,1)
[535]: (412.8798457556687,1)
[536]: (410.0064236269116,1)
[537]: (411.3026557453637,1)
[538]: (412.171408044854,1)
[539]: (411.0703322738585,1)
[540]: (414.0078029234817,1)
[541]: (411.2501262519983,1)
[542]: (416.0491534132065,1)
[543]: (414.6159482271792,1)
[544]: (410.1957369805484,1)
[545]: (412.1585245550102,1)
[546]: (413.1428691792789,1)
[547]: (413.0744917092954,1)
[548]: (417.2412430323079,1)
[549]: (407.3822475990281,1)
[550]: (410.1454846955023,1)
[551]: (413.1688057332506,1)
[552]: (415.2501757878146,1)
[553]: (410.269977039341,1)
[554]: (409.1326189487965,1)
[555]: (412.0762803277505,1)
[556]: (415.4608633669316,1)
[557]: (411.3868465228509,1)
[558]: (410.2760299747632,1)
[559]: (412.0275718282066,1)
[560]: (414.2512531176333,1)
[561]: (414.1611778365731,1)
[562]: (411.6881062494837,1)
[563]: (413.02396838585,1)
[564]: (413.3738472480236,1)
[565]: (409.1898344359345,1)
[566]: (410.1872343074502,1)
[567]: (411.4420677088789,1)
[568]: (414.0361885235371,1)
[569]: (407.2259018638577,1)
[570]: (413.2906251306362,1)
[571]: (411.5124911420987,1)
[572]: (411.5345236929377,1)
[573]: (414.1195587108726,1)
[574]: (415.5462522759451,1)
[575]: (413.0308508921773,1)
[576]: (409.7563141285101,1)
[577]: (414.4440218998499,1)
[578]: (412.0966895746795,1)
[579]: (411.3005647977263,1)
[580]: (412.0681670433127,1)
[581]: (412.2949071607699,1)
[582]: (411.197536926107,1)
[583]: (413.0335859218866,1)
[584]: (413.3200490408062,1)
[585]: (407.0521494103687,1)
[586]: (415.1512664144035,1)
[587]: (411.4058689277788,1)
[588]: (411.5871239194925,1)
[589]: (410.0666434976737,1)
[590]: (412.0566026489807,1)
[591]: (412.1929819095736,1)
[592]: (416.5039949123737,1)
[593]: (412.1715746198787,1)
[594]: (409.7591444669226,1)
[595]: (409.1789534384483,1)
[596]: (406.1697788143732,1)
[597]: (415.0787584554046,1)
[598]: (413.4656332789278,1)
[599]: (414.0109191251757,1)
[600]: (415.1213932044968,1)
[601]: (413.0545639120419,1)
[602]: (411.2664798848635,1)
[603]: (413.381403341715,1)
[604]: (409.346974227727,1)
[605]: (411.6336454342812,1)
[606]: (413.0070810099032,1)
[607]: (408.2521671116154,1)
[608]: (412.9492858371233,1)
[609]: (413.1742303447281,1)
[610]: (409.2846939345112,1)
[611]: (409.7919030453806,1)
[612]: (409.1989376194457,1)
[613]: (412.0321873748908,1)
[614]: (412.6395108848191,1)
[615]: (411.5892460227954,1)
[616]: (407.0332803270295,1)
[617]: (413.0697751788688,1)
[618]: (410.3569849925367,1)
[619]: (414.105079927974,1)
[620]: (412.2515299839254,1)
[621]: (409.6149147317816,1)
[622]: (411.3263265225911,1)
[623]: (410.0167128987854,1)
[624]: (413.0606700143571,1)
[625]: (410.4814118238224,1)
[626]: (411.0946140427109,1)
[627]: (416.5641019256373,1)
[628]: (409.1437161736255,1)
[629]: (419.1785557364594,1)
[630]: (414.4900200629252,1)
[631]: (410.1054064247014,1)
[632]: (413.2417185926246,1)
[633]: (410.4875664914919,1)
[634]: (407.602724834804,1)
[635]: (411.1858610845447,1)
[636]: (410.2934483898997,1)
[637]: (412.2754609929851,1)
[638]: (408.3232545321547,1)
[639]: (408.1948795539132,1)
[640]: (415.7266605434115,1)
[641]: (411.0700645399996,1)
[642]: (409.2522352368115,1)
[643]: (412.1021401585019,1)
[644]: (412.0518454634782,1)
[645]: (407.6272087133894,1)
[646]: (413.1998048672462,1)
[647]: (412.4681682491807,1)
[648]: (409.33321000724,1)
[649]: (410.4188401552796,1)
[650]: (416.0690294812226,1)
[651]: (413.0948744836933,1)
[652]: (414.2285388508216,1)
[653]: (411.1787897446573,1)
[654]: (416.0677996613624,1)
[655]: (412.0675823772312,1)
[656]: (413.0951316538087,1)
[657]: (412.4780455394503,1)
[658]: (413.6376499372917,1)
[659]: (407.3065477168108,1)
[660]: (412.6099796711453,1)
[661]: (411.1137511374341,1)
[662]: (408.0499655044521,1)
[663]: (413.1179859396551,1)
[664]: (411.0338698259193,1)
[665]: (412.3176454297123,1)
[666]: (408.2058807364616,1)
[667]: (412.1901482390938,1)
[668]: (412.4743832893242,1)
[669]: (412.258915994113,1)
[670]: (407.0348617812953,1)
[671]: (412.0357990397269,1)
[672]: (411.2131381178722,1)
[673]: (414.0701598761887,1)
[674]: (411.0081196033565,1)
[675]: (410.0443403565161,1)
[676]: (414.2575518785578,1)
[677]: (413.2059562842805,1)
[678]: (408.3168694496766,1)
[679]: (413.1736810585808,1)
[680]: (409.5642233751414,1)
[681]: (412.3082273313403,1)
[682]: (411.6306703058432,1)
[683]: (411.1638434325728,1)
[684]: (408.5611956378477,1)
[685]: (413.6221217623531,1)
[686]: (413.0856554241194,1)
[687]: (412.0925166368341,1)
[688]: (413.2835680541485,1)
[689]: (412.2942633695789,1)
[690]: (407.3575449616289,1)
[691]: (411.4928576683291,1)
[692]: (407.9122465480116,1)
[693]: (410.4187135474783,1)
[694]: (414.2504713313989,1)
[695]: (414.0876593992966,1)
[696]: (409.0313715228392,1)
[697]: (412.31807723653,1)
[698]: (417.1533414083181,1)
[699]: (416.0418324804276,1)
[700]: (411.1730082199588,1)
[701]: (410.093121594441,1)
[702]: (414.9681774761111,1)
[703]: (408.5001756554354,1)
[704]: (413.6415733233487,1)
[705]: (412.263558927074,1)
[706]: (406.461836704851,1)
[707]: (410.0031706509578,1)
[708]: (407.2789082088646,1)
[709]: (410.297755520759,1)
[710]: (409.3150468607056,1)
[711]: (415.5097267539556,1)
[712]: (412.7364880093057,1)
[713]: (410.1290274138263,1)
[714]: (412.1586854647445,1)
[715]: (409.0894536197774,1)
[716]: (410.1488210576984,1)
[717]: (414.3413821488088,1)
[718]: (411.1502575970906,1)
[719]: (416.0604999608765,1)
[720]: (408.1881200559414,1)
[721]: (412.1857765903187,1)
[722]: (409.0375397493049,1)
[723]: (410.1044714334186,1)
[724]: (410.6300217546552,1)
[725]: (410.2047369180225,1)
[726]: (412.367192052502,1)
[727]: (413.4109323744871,1)
[728]: (412.8909269989809,1)
[729]: (415.132177277292,1)
[730]: (413.0439553267979,1)
[731]: (415.5810156728997,1)
[732]: (409.1797629873228,1)
[733]: (409.8157772442398,1)
[734]: (413.5398309313672,1)
[735]: (415.5894680097018,1)
[736]: (413.5581389015371,1)
[737]: (408.1453578122088,1)
[738]: (410.1935932221022,1)
[739]: (412.4168351334232,1)
[740]: (414.1554544038193,1)
[741]: (409.1399964197254,1)
[742]: (410.1778190518796,1)
[743]: (413.0478999630948,1)
[744]: (410.0493060760301,1)
[745]: (410.103026073618,1)
[746]: (413.3347599326627,1)
[747]: (409.2546777127301,1)
[748]: (408.0861887697196,1)
[749]: (410.5017093854079,1)
[750]: (412.3494644621802,1)
[751]: (413.4589273484285,1)
[752]: (410.2426464650505,1)
[753]: (416.1182719059443,1)
[754]: (410.4980415713305,1)
[755]: (414.6803598381403,1)
[756]: (412.9392838677861,1)
[757]: (410.39561174953,1)
[758]: (412.5774925448104,1)
[759]: (407.2526232288831,1)
[760]: (414.2815000226226,1)
[761]: (413.4323444181644,1)
[762]: (407.20851176109,1)
[763]: (408.3711598024763,1)
[764]: (409.0777706018389,1)
[765]: (410.1321622185857,1)
[766]: (409.1612671136966,1)
[767]: (406.5217860237341,1)
[768]: (413.4487102571969,1)
[769]: (413.0514767793543,1)
[770]: (413.0001806449674,1)
[771]: (411.7985324930062,1)
[772]: (413.1331705754305,1)
[773]: (414.3537692639522,1)
[774]: (408.1241888655458,1)
[775]: (408.6902802543548,1)
[776]: (413.2318526395342,1)
[777]: (414.1650172569423,1)
[778]: (411.0301734396514,1)
[779]: (409.3108755771171,1)
[780]: (409.08000043794,1)
[781]: (414.85986020945,1)
[782]: (412.4607924136372,1)
[783]: (409.3830107061665,1)
[784]: (411.0565975102414,1)
[785]: (413.1420658530019,1)
[786]: (412.1606766212119,1)
[787]: (410.5152656912202,1)
[788]: (414.1596494826922,1)
[789]: (416.0875341909884,1)
[790]: (413.3879634980092,1)
[791]: (415.0869271591127,1)
[792]: (409.3083662501804,1)
[793]: (413.0718718718446,1)
[794]: (409.6189470119196,1)
[795]: (408.6776165446929,1)
[796]: (415.3431903301887,1)
[797]: (411.0877009158768,1)
[798]: (418.3291629562705,1)
[799]: (412.0316193440854,1)
[800]: (410.138654237193,1)
[801]: (408.161206550829,1)
[802]: (411.1548953716648,1)
[803]: (412.3465451912021,1)
[804]: (412.0742517589247,1)
[805]: (411.257227238801,1)
[806]: (414.0807558856789,1)
[807]: (408.0393673338556,1)
[808]: (416.545899781891,1)
[809]: (408.126986572353,1)
[810]: (409.1953463481673,1)
[811]: (411.7835705551589,1)
[812]: (406.5129621729862,1)
[813]: (413.2128602278501,1)
[814]: (411.1124769951642,1)
[815]: (410.1970241380949,1)
[816]: (410.0547977367989,1)
[817]: (410.0763342265492,1)
[818]: (411.1834230093706,1)
[819]: (411.0525583201227,1)
[820]: (414.2342285977611,1)
[821]: (414.4288242750808,1)
[822]: (411.2559972098099,1)
[823]: (410.3339744496739,1)
[824]: (408.0793308166712,1)
[825]: (410.1327010344586,1)
[826]: (410.1694841647953,1)
[827]: (410.2300557224958,1)
[828]: (409.4152161419326,1)
[829]: (407.4242075181373,1)
[830]: (410.1811875789142,1)
[831]: (410.0612532934168,1)
[832]: (409.2679117002,1)
[833]: (409.1187136768374,1)
[834]: (410.1235188091611,1)
[835]: (407.162039188913,1)
[836]: (412.3851866870251,1)
[837]: (411.1094348192751,1)
[838]: (410.15623307767,1)
[839]: (413.4211370410645,1)
[840]: (410.2624182952658,1)
[841]: (422.256771283047,1)
[842]: (411.084613208918,1)
[843]: (409.8821558918917,1)
[844]: (410.3125224487807,1)
[845]: (409.210433888394,1)
[846]: (408.3582089023648,1)
[847]: (408.6221937873159,1)
[848]: (411.6986345151537,1)
[849]: (409.0834454650167,1)
[850]: (410.3147284198215,1)
[851]: (413.0218214613037,1)
[852]: (412.2244585582197,1)
[853]: (412.1842263874585,1)
[854]: (411.0319223393951,1)
[855]: (409.3267627491952,1)
[856]: (411.0873060169622,1)
[857]: (412.7920390987367,1)
[858]: (409.1433218337508,1)
[859]: (413.1578221506062,1)
[860]: (411.1577162397972,1)
[861]: (413.3394427408157,1)
[862]: (415.3178205059106,1)
[863]: (410.0086217935945,1)
[864]: (414.1423890443339,1)
[865]: (410.5790682182565,1)
[866]: (410.0033023391651,1)
[867]: (414.7492527898194,1)
[868]: (412.0971794727052,1)
[869]: (408.0039106842673,1)
[870]: (409.0935683627623,1)
[871]: (413.0300485345237,1)
[872]: (411.1967585463103,1)
[873]: (415.004974076691,1)
[874]: (409.3470923337495,1)
[875]: (409.6750487111976,1)
[876]: (414.2540463015485,1)
[877]: (412.3138397681713,1)
[878]: (413.6031298469314,1)
[879]: (409.3465271685468,1)
[880]: (417.0750652293254,1)
[881]: (409.0019874217331,1)
[882]: (410.0495161950822,1)
[883]: (414.4082381201278,1)
[884]: (416.0064975284371,1)
[885]: (412.2916954897069,1)
[886]: (412.0641353606188,1)
[887]: (407.5484144401842,1)
[888]: (409.356644538362,1)
[889]: (408.2994645140028,1)
[890]: (410.1654891595117,1)
[891]: (409.2024949708257,1)
[892]: (412.0834058842555,1)
[893]: (411.4638356069626,1)
[894]: (415.0473043663538,1)
[895]: (412.3861266834266,1)
[896]: (409.4772680788524,1)
[897]: (415.2482169397491,1)
[898]: (414.4769470432308,1)
[899]: (412.0775667252032,1)
[900]: (407.7843560196792,1)
[901]: (413.2968127351502,1)
[902]: (413.0171264032016,1)
[903]: (412.517649997267,1)
[904]: (409.0755394731192,1)
[905]: (408.0326156939157,1)
[906]: (416.6371724563389,1)
[907]: (412.5291845603999,1)
[908]: (407.3174920706483,1)
[909]: (415.0641085999712,1)
[910]: (415.3537400126039,1)
[911]: (409.0525636735696,1)
[912]: (412.742684132142,1)
[913]: (410.1146722498767,1)
[914]: (410.4782301985828,1)
[915]: (413.1320884734275,1)
[916]: (408.3060842422927,1)
[917]: (414.4038182473208,1)
[918]: (410.0080675621362,1)
[919]: (409.1701409630875,1)
[920]: (413.343829453203,1)
[921]: (409.4236209743592,1)
[922]: (410.4050372805667,1)
[923]: (413.3119184833255,1)
[924]: (412.3161668485597,1)
[925]: (411.428025011296,1)
[926]: (408.1769059525012,1)
[927]: (412.3631985392538,1)
[928]: (416.1550416293832,1)
[929]: (412.1767049332846,1)
[930]: (412.0416618004527,1)
[931]: (408.097987874681,1)
[932]: (410.2741535787817,1)
[933]: (412.1579088436232,1)
[934]: (415.4719702347417,1)
[935]: (413.1249175672956,1)
[936]: (409.5230617143898,1)
[937]: (411.5207560247929,1)
[938]: (413.8464711954808,1)
[939]: (416.0869568048395,1)
[940]: (410.7460705505382,1)
[941]: (413.7941330098538,1)
[942]: (413.1795098059089,1)
[943]: (408.0017606354867,1)
[944]: (410.4135966537558,1)
[945]: (415.017129361955,1)
[946]: (410.2932847274442,1)
[947]: (410.2193072665782,1)
[948]: (408.419268570269,1)
[949]: (417.0496485069968,1)
[950]: (414.1416298504149,1)
[951]: (412.511015194249,1)
[952]: (415.379665361025,1)
[953]: (414.3906226997752,1)
[954]: (414.5247817075609,1)
[955]: (411.2868119008629,1)
[956]: (411.0072916732785,1)
[957]: (413.6151314501229,1)
[958]: (413.2854650168304,1)
[959]: (414.6451442950016,1)
[960]: (407.1393263139833,1)
[961]: (410.0237754397132,1)
[962]: (414.4103009628148,1)
[963]: (414.3996966906194,1)
[964]: (414.2517926226776,1)
[965]: (411.2091246057647,1)
[966]: (413.1903949788693,1)
[967]: (411.0806791583296,1)
[968]: (411.1779390861487,1)
[969]: (415.2137030404038,1)
[970]: (415.2185697810334,1)
[971]: (412.1647951159604,1)
[972]: (413.0785817799622,1)
[973]: (412.2121745359897,1)
[974]: (415.0005944711809,1)
[975]: (416.5489034930639,1)
[976]: (410.3280553311085,1)
[977]: (407.0065774019345,1)
[978]: (415.0174544050508,1)
[979]: (414.0526358850922,1)
[980]: (409.6716209753952,1)
[981]: (417.9310698218992,1)
[982]: (412.8211350155369,1)
[983]: (412.2715506532639,1)
[984]: (408.0367839968254,1)
[985]: (408.16548628505,1)
[986]: (409.1580552868948,1)
[987]: (414.4121889232282,1)
[988]: (408.1901867611213,1)
[989]: (414.2988655784409,1)
[990]: (411.1578810381779,1)
[991]: (413.20796647099,1)
[992]: (412.061636618747,1)
[993]: (414.0328010789762,1)
[994]: (411.325620858669,1)
[995]: (411.1624458279844,1)
[996]: (410.3776182540024,1)
[997]: (411.9345684323548,1)
[998]: (411.0570467113787,1)
[999]: (406.5079099632753,1)
[1000]: (416.1818382117613,1)
[1001]: (409.062593192759,1)
[1002]: (410.0608486252472,1)
[1003]: (413.1040863050871,1)
[1004]: (411.0836640823401,1)
[1005]: (414.1906070804028,1)
[1006]: (412.2178255916702,1)
[1007]: (411.3126895717572,1)
[1008]: (408.0094562085577,1)
[1009]: (413.2947739023941,1)
[1010]: (410.0824480319163,1)
[1011]: (409.5098179080491,1)
[1012]: (412.2705271678604,1)
[1013]: (407.1365486412181,1)
[1014]: (412.2990189241742,1)
[1015]: (413.376293051597,1)
[1016]: (410.2096586361019,1)
[1017]: (411.2582831970728,1)
[1018]: (418.0080662058277,1)
[1019]: (409.683752595285,1)
[1020]: (415.4399507818609,1)
[1021]: (413.2092838737983,1)
[1022]: (407.6499088703911,1)
[1023]: (409.0547711073055,1)
[1024]: (410.3745734833798,1)
[1025]: (414.9949933409708,1)
[1026]: (414.9537618839468,1)
[1027]: (412.1829915386725,1)
[1028]: (408.5565454259871,1)
[1029]: (412.3316628138695,1)
[1030]: (409.5899510851675,1)
[1031]: (412.0833427665641,1)
[1032]: (410.1286617207898,1)
[1033]: (415.2879853822638,1)
[1034]: (413.1957556959123,1)
[1035]: (410.0977864029583,1)
[1036]: (412.0961104185104,1)
[1037]: (412.5783645750172,1)
[1038]: (411.0657243907356,1)
[1039]: (407.2095372856956,1)
[1040]: (413.2883863367368,1)
[1041]: (412.2187907863152,1)
[1042]: (410.2273305764027,1)
[1043]: (412.3019418226522,1)
[1044]: (409.4227373357475,1)
[1045]: (414.1879253778106,1)
[1046]: (409.1830578136905,1)
[1047]: (412.2745465843703,1)
[1048]: (411.0032528803487,1)
[1049]: (412.250589583497,1)
[1050]: (410.6941875545531,1)
[1051]: (410.9425540667969,1)
[1052]: (412.0578142708285,1)
[1053]: (411.4370718919498,1)
[1054]: (412.3524924301609,1)
[1055]: (415.101104325462,1)
[1056]: (410.2916034577572,1)
[1057]: (410.0792236792591,1)
[1058]: (413.2679899032837,1)
[1059]: (408.1393209869785,1)
[1060]: (411.1921727342105,1)
[1061]: (411.9713794247534,1)
[1062]: (414.0394403472361,1)
[1063]: (410.1005729916159,1)
[1064]: (410.9704940689501,1)
[1065]: (416.1775661091124,1)
[1066]: (412.3742687005165,1)
[1067]: (410.6450315935261,1)
[1068]: (409.1312752706297,1)
[1069]: (413.2157940234105,1)
[1070]: (413.2188354762819,1)
[1071]: (410.2364990010168,1)
[1072]: (415.0849382738361,1)
[1073]: (413.0384416946059,1)
[1074]: (409.1889368979768,1)
[1075]: (412.3744144465276,1)
[1076]: (414.3630682725149,1)
[1077]: (408.1380223547839,1)
[1078]: (412.1273210897229,1)
[1079]: (407.7368208683482,1)
[1080]: (408.4530604551061,1)
[1081]: (411.2303308107674,1)
[1082]: (414.2959219203236,1)
[1083]: (410.2545112231722,1)
[1084]: (411.1404009782665,1)
[1085]: (408.250583230466,1)
[1086]: (412.4099070682483,1)
[1087]: (407.1055082662816,1)
[1088]: (412.8700842634657,1)
[1089]: (412.0411471505387,1)
[1090]: (413.0186423148691,1)
[1091]: (410.375710357553,1)
[1092]: (413.3151641669626,1)
[1093]: (415.1899227605314,1)
[1094]: (411.1653530571948,1)
[1095]: (416.0346810588634,1)
[1096]: (412.2345706168773,1)
[1097]: (408.1386680348828,1)
[1098]: (408.6864649547722,1)
[1099]: (412.338148246334,1)
[1100]: (411.2588855543044,1)
[1101]: (411.0066265274412,1)
[1102]: (411.3489087804868,1)
[1103]: (409.0207349841365,1)
[1104]: (411.3632037167519,1)
[1105]: (408.3554473273034,1)
[1106]: (407.23989849065,1)
[1107]: (411.4651210049051,1)
[1108]: (411.1202745978611,1)
[1109]: (410.0760878884174,1)
[1110]: (410.7304685387086,1)
[1111]: (415.0569268514018,1)
[1112]: (408.6393500193138,1)
[1113]: (415.4573957267191,1)
[1114]: (417.6279511951072,1)
[1115]: (418.9932312935143,1)
[1116]: (411.2481843005355,1)
[1117]: (407.5263482373414,1)
[1118]: (412.6239083760482,1)
[1119]: (407.0015614973777,1)
[1120]: (411.2451344245832,1)
[1121]: (412.2133418844434,1)
[1122]: (413.3198531061637,1)
[1123]: (414.2000590837634,1)
[1124]: (412.0622162734459,1)
[1125]: (410.0737754586616,1)
[1126]: (409.1524013848562,1)
[1127]: (408.606776293457,1)
[1128]: (411.097353466582,1)
[1129]: (411.2667076854134,1)
[1130]: (408.017363441854,1)
[1131]: (410.7804980038783,1)
[1132]: (410.1986270301773,1)
[1133]: (416.2252403189914,1)
[1134]: (411.4823407404819,1)
[1135]: (418.8765154218124,1)
[1136]: (415.1901213968288,1)
[1137]: (410.2679854016471,1)
[1138]: (415.1673077080815,1)
[1139]: (409.2586008585404,1)
[1140]: (408.5400374046315,1)
[1141]: (412.0454595383454,1)
[1142]: (411.1616434599663,1)
[1143]: (409.5435468319224,1)
[1144]: (413.4244252590089,1)
[1145]: (414.2722890409783,1)
[1146]: (413.2800587553927,1)
[1147]: (409.4237603592212,1)
[1148]: (414.1801863126337,1)
[1149]: (412.1195782859954,1)
[1150]: (409.4112564830407,1)
[1151]: (413.0638561811605,1)
[1152]: (412.1655262941847,1)
[1153]: (414.3273611467442,1)
[1154]: (413.6387958401149,1)
[1155]: (415.0129280092132,1)
[1156]: (408.2733071115191,1)
[1157]: (415.9059152961533,1)
[1158]: (410.2126218338836,1)
[1159]: (415.134861626209,1)
[1160]: (409.1526058663877,1)
[1161]: (411.6992892912667,1)
[1162]: (411.2172746314204,1)
[1163]: (410.0642480900585,1)
[1164]: (411.7718596904671,1)
[1165]: (414.1294495703001,1)
[1166]: (409.0303083540616,1)
[1167]: (416.5665479360491,1)
[1168]: (410.4366528256199,1)
[1169]: (414.1181592052856,1)
[1170]: (413.1767102988028,1)
[1171]: (415.6147856480516,1)
[1172]: (407.0398574548175,1)
[1173]: (418.0118586804696,1)
[1174]: (408.2581067649316,1)
[1175]: (415.5177735322745,1)
[1176]: (411.3994517290575,1)
[1177]: (413.1119914141758,1)
[1178]: (406.0137582788533,1)
[1179]: (413.2444006641849,1)
[1180]: (416.0793966201574,1)
[1181]: (415.1306421631143,1)
[1182]: (408.4535282479582,1)
[1183]: (409.701364781486,1)
[1184]: (415.2863773850699,1)
[1185]: (409.5980920614264,1)
[1186]: (412.7891536222818,1)
[1187]: (414.4958998597553,1)
[1188]: (412.1241937855556,1)
[1189]: (411.4176735254886,1)
[1190]: (410.3132510254196,1)
[1191]: (415.7224315169257,1)
[1192]: (413.200633956322,1)
[1193]: (407.1270426134172,1)
[1194]: (414.5898975129867,1)
[1195]: (414.3000365005652,1)
[1196]: (412.097111783535,1)
[1197]: (410.0145327648099,1)
[1198]: (408.0672707119463,1)
[1199]: (409.0802846678228,1)
[1200]: (412.3319440422552,1)
[1201]: (409.2444452711342,1)
[1202]: (406.3325228533186,1)
[1203]: (413.0316510965906,1)
[1204]: (409.5818739285561,1)
[1205]: (411.0373619515565,1)
[1206]: (410.4570062659213,1)
[1207]: (413.6143672530345,1)
[1208]: (413.4873421614581,1)
[1209]: (413.2791381838808,1)
[1210]: (416.0880887812905,1)
[1211]: (411.3868328873224,1)
[1212]: (410.2281061556989,1)
[1213]: (412.1972129568549,1)
[1214]: (412.1423617420907,1)
[1215]: (414.2080743552251,1)
[1216]: (410.5152876306685,1)
[1217]: (412.3132903026849,1)
[1218]: (407.3305653451533,1)
[1219]: (410.1611204897363,1)
[1220]: (410.189426802054,1)
[1221]: (409.0051832826416,1)
[1222]: (415.2208349762782,1)
[1223]: (412.1074671559903,1)
[1224]: (410.0424599218469,1)
[1225]: (414.1928688836001,1)
[1226]: (410.2686377862959,1)
[1227]: (412.0733534456166,1)
[1228]: (411.5012340076021,1)
[1229]: (412.2270776572781,1)
[1230]: (411.0227788912841,1)
[1231]: (412.4322468660113,1)
[1232]: (412.8141449230083,1)
[1233]: (411.3837236022991,1)
[1234]: (415.2169812729315,1)
[1235]: (419.3226876073708,1)
[1236]: (410.4286427751964,1)
[1237]: (409.4051193600625,1)
[1238]: (411.109481049087,1)
[1239]: (410.3049848665874,1)
[1240]: (413.0598237816249,1)
[1241]: (410.2993037731732,1)
[1242]: (413.0383123838366,1)
[1243]: (407.0442625059089,1)
[1244]: (410.0450668290046,1)
[1245]: (412.7293212662686,1)
[1246]: (413.0928431970862,1)
[1247]: (412.0877521225735,1)
[1248]: (411.0228235548513,1)
[1249]: (416.1644102936809,1)
[1250]: (413.0477859779979,1)
[1251]: (409.6899824854349,1)
[1252]: (410.2373109463088,1)
[1253]: (409.0265574862686,1)
[1254]: (408.0422768557605,1)
[1255]: (409.5565070654561,1)
[1256]: (409.0756881773774,1)
[1257]: (414.4510442338867,1)
[1258]: (407.0079756252183,1)
[1259]: (415.0615164131897,1)
[1260]: (412.0416441046542,1)
[1261]: (408.3142102634794,1)
[1262]: (410.2686216634893,1)
[1263]: (411.1110888920334,1)
[1264]: (411.1933661563707,1)
[1265]: (411.0155628696214,1)
[1266]: (410.3564017652631,1)
[1267]: (413.444893779604,1)
[1268]: (415.089483814583,1)
[1269]: (407.3611261730456,1)
[1270]: (409.005465914058,1)
[1271]: (406.0713189686097,1)
[1272]: (409.5831884432675,1)
[1273]: (410.0914074439862,1)
[1274]: (406.8803279287178,1)
[1275]: (408.6971510173075,1)
[1276]: (409.2128480347968,1)
[1277]: (411.3756850554993,1)
[1278]: (414.2152727172399,1)
[1279]: (414.9671869000225,1)
[1280]: (409.2489696790692,1)
[1281]: (413.1969398878726,1)
[1282]: (413.100348927172,1)
[1283]: (411.2763107570269,1)
[1284]: (409.8812520558671,1)
[1285]: (412.044664894635,1)
[1286]: (419.0727326177455,1)
[1287]: (411.212316471339,1)
[1288]: (410.3991381613367,1)
[1289]: (412.0144474204371,1)
[1290]: (411.6403711112248,1)
[1291]: (408.3436943476957,1)
[1292]: (409.3523318165021,1)
[1293]: (411.1797800693862,1)
[1294]: (412.4968869373384,1)
[1295]: (414.3123939787641,1)
[1296]: (414.5246102708576,1)
[1297]: (415.0102658394895,1)
[1298]: (417.36240055988,1)
[1299]: (408.8531810182798,1)
[1300]: (412.719231287678,1)
[1301]: (409.525801444919,1)
[1302]: (414.1174881796273,1)
[1303]: (407.3640026175065,1)
[1304]: (412.2194177476088,1)
[1305]: (411.7128486391038,1)
[1306]: (410.1776938160492,1)
[1307]: (414.7170427979906,1)
[1308]: (409.0177099534653,1)
[1309]: (408.6775902145938,1)
[1310]: (408.1155406502078,1)
[1311]: (408.1277485932995,1)
[1312]: (408.1483179011719,1)
[1313]: (413.0168541270419,1)
[1314]: (413.2099702998437,1)
[1315]: (411.3318632223067,1)
[1316]: (410.7633087035945,1)
[1317]: (410.2638164998164,1)
[1318]: (414.5516875993574,1)
[1319]: (411.0116198019616,1)
[1320]: (414.0974057868063,1)
[1321]: (412.0545938735355,1)
[1322]: (416.169147776178,1)
[1323]: (406.0737131202332,1)
[1324]: (410.235416761601,1)
[1325]: (413.3578880628507,1)
[1326]: (407.0387497122396,1)
[1327]: (412.2923346534569,1)
[1328]: (414.2991920112698,1)
[1329]: (415.175627452364,1)
[1330]: (413.0482043507466,1)
[1331]: (410.2964636382711,1)
[1332]: (410.0082441902763,1)
[1333]: (413.0258271733986,1)
[1334]: (414.6753816264219,1)
[1335]: (408.0188273695733,1)
[1336]: (411.286078977688,1)
[1337]: (407.2721222585511,1)
[1338]: (409.507524410372,1)
[1339]: (414.4820749857441,1)
[1340]: (409.3160338108322,1)
[1341]: (409.2935498422165,1)
[1342]: (408.0341404876206,1)
[1343]: (411.4634009149421,1)
[1344]: (409.3467104270502,1)
[1345]: (414.0207612915079,1)
[1346]: (412.1915480502182,1)
[1347]: (412.2175007145108,1)
[1348]: (412.4852922001646,1)
[1349]: (411.2505183167246,1)
[1350]: (413.3109855082452,1)
[1351]: (414.2299230344183,1)
[1352]: (407.5402393315676,1)
[1353]: (411.2962785322574,1)
[1354]: (409.2627353035919,1)
[1355]: (411.079093569553,1)
[1356]: (414.114437636519,1)
[1357]: (410.2279034508537,1)
[1358]: (409.7566647222554,1)
[1359]: (409.7977278457714,1)
[1360]: (410.5850075300119,1)
[1361]: (410.3138777040249,1)
[1362]: (409.5741583706403,1)
[1363]: (410.8594690186756,1)
[1364]: (410.0066094767857,1)
[1365]: (407.3737374839897,1)
[1366]: (408.0662789732867,1)
[1367]: (411.2004946145738,1)
[1368]: (410.2164096942683,1)
[1369]: (409.0544421919939,1)
[1370]: (411.4676241164235,1)
[1371]: (410.049998493506,1)
[1372]: (407.0808982010693,1)
[1373]: (413.3288060354142,1)
[1374]: (411.0685214696027,1)
[1375]: (410.3722193656511,1)
[1376]: (410.1940168894795,1)
[1377]: (412.3618853408812,1)
[1378]: (410.9253132007024,1)
[1379]: (412.0783227737568,1)
[1380]: (411.0850492450514,1)
[1381]: (412.1201444970772,1)
[1382]: (410.4314398014497,1)
[1383]: (413.4780486677915,1)
[1384]: (414.176128563787,1)
[1385]: (409.324039426259,1)
[1386]: (411.0099719517316,1)
[1387]: (414.0474198294813,1)
[1388]: (408.0560588442513,1)
[1389]: (410.4665643539648,1)
[1390]: (408.1245548060851,1)
[1391]: (409.3595798641117,1)
[1392]: (409.3506131382602,1)
[1393]: (412.4109532221133,1)
[1394]: (413.1522315641573,1)
[1395]: (413.7469183348155,1)
[1396]: (408.3249638253581,1)
[1397]: (407.1359931102157,1)
[1398]: (409.2667214503522,1)
[1399]: (409.3817638787986,1)
[1400]: (410.1572986559715,1)
[1401]: (410.1524468557799,1)
[1402]: (414.0843210705236,1)
[1403]: (409.1336239991843,1)
[1404]: (410.2421691333151,1)
[1405]: (408.2941067439828,1)
[1406]: (413.6986142079315,1)
[1407]: (410.1869717685174,1)
[1408]: (417.7340212841962,1)
[1409]: (411.2100659937879,1)
[1410]: (410.0444154568006,1)
[1411]: (409.0166016449122,1)
[1412]: (412.4352400845182,1)
[1413]: (410.1080421659465,1)
[1414]: (411.1648043957608,1)
[1415]: (411.4031576875927,1)
[1416]: (413.1103534077394,1)
[1417]: (412.0409943727971,1)
[1418]: (411.1414558628993,1)
[1419]: (412.2699888256064,1)
[1420]: (415.0097351259627,1)
[1421]: (415.0548499885908,1)
[1422]: (415.673816627754,1)
[1423]: (413.2355442236529,1)
[1424]: (408.0084965642542,1)
[1425]: (413.3825807303961,1)
[1426]: (411.1105652504434,1)
[1427]: (415.7139317334268,1)
[1428]: (412.2102767853002,1)
[1429]: (414.2141808728214,1)
[1430]: (411.0405304560045,1)
[1431]: (413.1792989455182,1)
[1432]: (410.5694113247674,1)
[1433]: (408.0733212288141,1)
[1434]: (409.2582805786919,1)
[1435]: (412.0504096595545,1)
[1436]: (408.3001591211654,1)
[1437]: (412.3474111271508,1)
[1438]: (412.2768609564227,1)
[1439]: (410.127734329407,1)
[1440]: (420.1137952208171,1)
[1441]: (410.0527715868787,1)
[1442]: (408.2988548478374,1)
[1443]: (411.7846740625976,1)
[1444]: (407.3320390088575,1)
[1445]: (414.3182801737424,1)
[1446]: (411.184632044553,1)
[1447]: (413.6578119449863,1)
[1448]: (409.6660386888996,1)
[1449]: (413.1720396600013,1)
[1450]: (414.1457237478604,1)
[1451]: (413.0871079260588,1)
[1452]: (412.2648467506081,1)
[1453]: (413.0895443806462,1)
[1454]: (409.2018614377536,1)
[1455]: (414.3011520149434,1)
[1456]: (407.3693251604749,1)
[1457]: (407.085159455676,1)
[1458]: (414.0385233921214,1)
[1459]: (407.3561575760646,1)
[1460]: (408.2596827688619,1)
[1461]: (411.0713346608951,1)
[1462]: (411.0581538275554,1)
[1463]: (411.1641876897918,1)
[1464]: (409.2558647209294,1)
[1465]: (411.3421153873174,1)
[1466]: (409.1883761251249,1)
[1467]: (408.4395236202643,1)
[1468]: (409.0674262219655,1)
[1469]: (413.1347142736691,1)
[1470]: (407.0592519907282,1)
[1471]: (414.0535655862991,1)
[1472]: (412.2850102119888,1)
[1473]: (410.2341563965962,1)
[1474]: (408.1210154805056,1)
[1475]: (408.0022466417897,1)
[1476]: (408.0165813731599,1)
[1477]: (407.2025049350559,1)
[1478]: (410.1100669198592,1)
[1479]: (411.1459153430015,1)
[1480]: (412.414274745857,1)
[1481]: (413.0097438176791,1)
[1482]: (409.3329026013204,1)
[1483]: (412.0237193310868,1)
[1484]: (411.8271515968775,1)
[1485]: (412.063636252391,1)
[1486]: (415.0253185393485,1)
[1487]: (410.5028577963435,1)
[1488]: (413.7921220124196,1)
[1489]: (413.8130242498622,1)
[1490]: (408.785758340644,1)
[1491]: (415.8652945790731,1)
[1492]: (411.117649028111,1)
[1493]: (413.2271917569087,1)
[1494]: (418.0556651043428,1)
[1495]: (414.235918972415,1)
[1496]: (411.4927746747419,1)
[1497]: (407.5224459813824,1)
[1498]: (414.0981087631436,1)
[1499]: (410.0276484503802,1)
[1500]: (407.7321658829359,1)
[1501]: (413.456968850658,1)
[1502]: (415.3354861267611,1)
[1503]: (408.1180788678077,1)
[1504]: (410.1097423766234,1)
[1505]: (412.7597808472423,1)
[1506]: (411.369588182843,1)
[1507]: (412.2179978109479,1)
[1508]: (412.1455293131594,1)
[1509]: (411.0437763968396,1)
[1510]: (415.3369395577116,1)
[1511]: (411.302122715412,1)
[1512]: (413.3328324501564,1)
[1513]: (409.0778285716708,1)
[1514]: (411.3290330246671,1)
[1515]: (411.4803311013214,1)
[1516]: (412.1155474770913,1)
[1517]: (416.0717238121605,1)
[1518]: (413.1937151018252,1)
[1519]: (407.1287199074998,1)
[1520]: (410.1303998441313,1)
[1521]: (411.4172924215641,1)
[1522]: (407.2032187661126,1)
[1523]: (414.155020681918,1)
[1524]: (415.3696081885957,1)
[1525]: (407.295939570427,1)
[1526]: (410.4554841191556,1)
[1527]: (412.7910646679706,1)
[1528]: (412.1360586543298,1)
[1529]: (410.1296591012961,1)
[1530]: (411.4498782200549,1)
[1531]: (407.13157944212,1)
[1532]: (412.1820166172802,1)
[1533]: (413.0603739224803,1)
[1534]: (411.0844104324132,1)
[1535]: (407.33362559886,1)
[1536]: (413.5412242576989,1)
[1537]: (407.1313425684075,1)
[1538]: (409.639602832113,1)
[1539]: (408.4775457742896,1)
[1540]: (410.2588605844503,1)
[1541]: (409.8361512823596,1)
[1542]: (412.1084675410274,1)
[1543]: (411.0149945578632,1)
[1544]: (412.0884150144049,1)
[1545]: (410.5581726923832,1)
[1546]: (411.2924795596961,1)
[1547]: (409.0191754146465,1)
[1548]: (411.0911898404572,1)
[1549]: (410.6721466993524,1)
[1550]: (407.0246958169404,1)
[1551]: (412.105329524835,1)
[1552]: (415.2750857235441,1)
[1553]: (415.2443436615664,1)
[1554]: (415.7362750258155,1)
[1555]: (408.6636938208184,1)
[1556]: (410.1273753480777,1)
[1557]: (410.2545700866742,1)
[1558]: (412.0499753146364,1)
[1559]: (408.2048293907253,1)
[1560]: (411.1331826580137,1)
[1561]: (410.3757079606685,1)
[1562]: (410.977310866268,1)
[1563]: (409.0300859995397,1)
[1564]: (409.4822684994286,1)
[1565]: (408.3334231733736,1)
[1566]: (411.4477953172795,1)
[1567]: (411.0122071416762,1)
[1568]: (408.2766985275818,1)
[1569]: (410.6075099195249,1)
[1570]: (413.1193615698841,1)
[1571]: (414.1177168061099,1)
[1572]: (411.1254012821684,1)
[1573]: (411.0952634506377,1)
[1574]: (408.2008557082814,1)
[1575]: (408.0085364244813,1)
[1576]: (412.2795925531474,1)
[1577]: (408.2450894614225,1)
[1578]: (406.5812551549092,1)
[1579]: (410.3042271577357,1)
[1580]: (419.2180757321115,1)
[1581]: (408.4360757767589,1)
[1582]: (413.4480721564647,1)
[1583]: (415.0943058101781,1)
[1584]: (412.1657453239651,1)
[1585]: (409.0074748635822,1)
[1586]: (408.3619994878853,1)
[1587]: (408.2832854459642,1)
[1588]: (413.1213026896933,1)
[1589]: (413.195907545508,1)
[1590]: (412.3783891487698,1)
[1591]: (409.0277010428558,1)
[1592]: (410.0860849251857,1)
[1593]: (413.1435390224917,1)
[1594]: (408.1431648448838,1)
[1595]: (408.2577023908926,1)
[1596]: (409.0142461487099,1)
[1597]: (412.3040333671196,1)
[1598]: (412.0115336279009,1)
[1599]: (412.0736485474368,1)
[1600]: (412.2168781548509,1)
[1601]: (415.4374795534739,1)
[1602]: (413.3011506578602,1)
[1603]: (411.1690918265793,1)
[1604]: (410.0706283896878,1)
[1605]: (414.1158856521425,1)
[1606]: (415.0200283992174,1)
[1607]: (409.1759122213558,1)
[1608]: (409.0346397948624,1)
[1609]: (409.0627561349846,1)
[1610]: (412.4726069338633,1)
[1611]: (411.1695317382379,1)
[1612]: (415.0208811027671,1)
[1613]: (413.1822071785684,1)
[1614]: (407.076803365832,1)
[1615]: (411.0650449468296,1)
[1616]: (410.1410542175558,1)
[1617]: (410.2036323098032,1)
[1618]: (413.0414822119812,1)
[1619]: (414.7220428039872,1)
[1620]: (410.6829719637833,1)
[1621]: (408.4096920743879,1)
[1622]: (414.0372600930777,1)
[1623]: (409.1498375115626,1)
[1624]: (414.3775580087624,1)
[1625]: (412.8535088236078,1)
[1626]: (412.2450730783203,1)
[1627]: (412.0443995157818,1)
[1628]: (408.0949351266597,1)
[1629]: (412.172918407633,1)
[1630]: (408.3875086155493,1)
[1631]: (409.0975606361478,1)
[1632]: (411.7209779044267,1)
[1633]: (415.28567773996,1)
[1634]: (412.3318763814336,1)
[1635]: (410.0699790344848,1)
[1636]: (408.0780978996944,1)
[1637]: (412.0929201561682,1)
[1638]: (410.2974219432947,1)
[1639]: (417.3656879414924,1)
[1640]: (414.2519026505163,1)
[1641]: (407.0519024845262,1)
[1642]: (411.2846234772896,1)
[1643]: (410.2916051052485,1)
[1644]: (411.0076172941356,1)
[1645]: (408.4774941720981,1)
[1646]: (413.1223524927454,1)
[1647]: (413.2196976461906,1)
[1648]: (408.2036580826823,1)
[1649]: (414.7948598392729,1)
[1650]: (413.3162047079118,1)
[1651]: (411.7529666118046,1)
[1652]: (412.7294469944568,1)
[1653]: (414.0785764464274,1)
[1654]: (414.2522082661758,1)
[1655]: (410.1534490344429,1)
[1656]: (413.3288737782391,1)
[1657]: (413.088243459124,1)
[1658]: (406.2084021796252,1)
[1659]: (415.0593884080566,1)
[1660]: (411.0533472695125,1)
[1661]: (412.0497649311176,1)
[1662]: (409.3338541316729,1)
[1663]: (411.2777678872907,1)
[1664]: (417.4369003660682,1)
[1665]: (413.0913012828566,1)
[1666]: (407.2811607731877,1)
[1667]: (410.3442482027867,1)
[1668]: (411.3704463217921,1)
[1669]: (412.3047551217048,1)
[1670]: (416.1061957990548,1)
[1671]: (412.1344873258882,1)
[1672]: (411.2475062855708,1)
[1673]: (414.215727709039,1)
[1674]: (410.0091581937275,1)
[1675]: (410.3382452420713,1)
[1676]: (409.1834341504103,1)
[1677]: (413.0988312041727,1)
[1678]: (415.6554287398117,1)
[1679]: (408.397659382917,1)
[1680]: (410.6999453931123,1)
[1681]: (411.6793803851835,1)
[1682]: (407.1214828452935,1)
[1683]: (409.0528160271219,1)
[1684]: (413.0143147366778,1)
[1685]: (414.1465686092645,1)
[1686]: (411.4609889824701,1)
[1687]: (410.2390043602713,1)
[1688]: (409.6006085220289,1)
[1689]: (415.0238236934015,1)
[1690]: (411.6358145157954,1)
[1691]: (415.1172217717246,1)
[1692]: (409.7276552467056,1)
[1693]: (413.0542191904141,1)
[1694]: (409.5722344640675,1)
[1695]: (414.1711709429903,1)
[1696]: (412.0615779234486,1)
[1697]: (409.1666377727963,1)
[1698]: (412.4033915868528,1)
[1699]: (414.6090205239619,1)
[1700]: (417.282513203698,1)
[1701]: (411.4782026578455,1)
[1702]: (407.0859019484903,1)
[1703]: (413.0102159443818,1)
[1704]: (415.4438756973343,1)
[1705]: (408.049892463567,1)
[1706]: (414.0868257904069,1)
[1707]: (410.1361536890739,1)
[1708]: (412.3829299174993,1)
[1709]: (414.1504868248821,1)
[1710]: (412.680398141719,1)
[1711]: (416.0020737746549,1)
[1712]: (409.0809531379259,1)
[1713]: (410.004736194293,1)
[1714]: (409.2893579836212,1)
[1715]: (408.0306818322009,1)
[1716]: (414.4946528501965,1)
[1717]: (411.1733697781291,1)
[1718]: (416.2304172836632,1)
[1719]: (411.1775309193414,1)
[1720]: (411.0639844616716,1)
[1721]: (407.3024456943683,1)
[1722]: (410.2644535401241,1)
[1723]: (412.6007999782445,1)
[1724]: (410.1497546459266,1)
[1725]: (413.1935157148947,1)
[1726]: (408.1646546386523,1)
[1727]: (415.2830055690818,1)
[1728]: (413.369906381428,1)
[1729]: (409.035430089146,1)
[1730]: (412.1035118363157,1)
[1731]: (417.1920875628068,1)
[1732]: (411.0957805073125,1)
[1733]: (409.0380561798111,1)
[1734]: (408.4774143163987,1)
[1735]: (410.0370269968923,1)
[1736]: (412.9524271071471,1)
[1737]: (408.0772924415337,1)
[1738]: (412.2569881095714,1)
[1739]: (413.1352869769692,1)
[1740]: (411.2917990922903,1)
[1741]: (412.4501861663865,1)
[1742]: (411.1104838757706,1)
[1743]: (410.5866778564736,1)
[1744]: (415.0454871091333,1)
[1745]: (411.1435575810116,1)
[1746]: (408.3161471111009,1)
[1747]: (412.2846216551495,1)
[1748]: (417.3124504147229,1)
[1749]: (409.2418732922183,1)
[1750]: (409.0817333704522,1)
[1751]: (414.2034385000777,1)
[1752]: (412.1427197675659,1)
[1753]: (414.5897443241554,1)
[1754]: (411.1866406554925,1)
[1755]: (410.6057207975603,1)
[1756]: (412.072179085023,1)
[1757]: (408.6302646593875,1)
[1758]: (413.0714354728023,1)
[1759]: (407.2367284567665,1)
[1760]: (410.0562990610042,1)
[1761]: (411.5379110036586,1)
[1762]: (407.2007621689072,1)
[1763]: (411.0454791534096,1)
[1764]: (412.0052743231622,1)
[1765]: (413.1677853772861,1)
[1766]: (412.1183148812312,1)
[1767]: (408.005310673393,1)
[1768]: (412.951966409423,1)
[1769]: (408.1810555255144,1)
[1770]: (407.0935967463191,1)
[1771]: (408.4491309222315,1)
[1772]: (410.3019843102735,1)
[1773]: (413.0024662983579,1)
[1774]: (410.0447393242999,1)
[1775]: (414.2696896457967,1)
[1776]: (413.4697899335395,1)
[1777]: (412.2618613080205,1)
[1778]: (412.073115167212,1)
[1779]: (416.0080199481635,1)
[1780]: (412.809518826446,1)
[1781]: (411.002310273778,1)
[1782]: (412.0241448513515,1)
[1783]: (413.0304791358868,1)
[1784]: (415.5719801919048,1)
[1785]: (408.2905777195437,1)
[1786]: (413.2128606758876,1)
[1787]: (408.3896061682832,1)
[1788]: (413.0805188999151,1)
[1789]: (409.7292503254757,1)
[1790]: (412.2215493928032,1)
[1791]: (412.8691235239269,1)
[1792]: (407.0867849155863,1)
[1793]: (412.0060242274118,1)
[1794]: (411.2395720287396,1)
[1795]: (412.6786047670083,1)
[1796]: (412.0090663521889,1)
[1797]: (409.1546684539492,1)
[1798]: (411.3812224046537,1)
[1799]: (407.2469261582415,1)
[1800]: (413.4699352837225,1)
[1801]: (408.2478697912252,1)
[1802]: (411.6225273586822,1)
[1803]: (413.1370557126593,1)
[1804]: (407.1053646167267,1)
[1805]: (411.2994402012114,1)
[1806]: (410.2941472507292,1)
[1807]: (409.1076141981699,1)
[1808]: (412.440141212817,1)
[1809]: (411.8196865782791,1)
[1810]: (411.1420743679554,1)
[1811]: (411.0284719784084,1)
[1812]: (410.4333049478367,1)
[1813]: (414.7050959115432,1)
[1814]: (410.173195978568,1)
[1815]: (408.0449052079142,1)
[1816]: (413.4407142320748,1)
[1817]: (409.2675875803837,1)
[1818]: (416.307849678609,1)
[1819]: (414.3126303275527,1)
[1820]: (413.3193560410904,1)
[1821]: (411.1740539097498,1)
[1822]: (415.0525056474621,1)
[1823]: (412.9444814265624,1)
[1824]: (414.2446062716343,1)
[1825]: (411.0662803535031,1)
[1826]: (412.1461677791692,1)
[1827]: (411.2514362786227,1)
[1828]: (412.1928689100606,1)
[1829]: (413.0107497483054,1)
[1830]: (413.1152436977209,1)
[1831]: (411.0196452760152,1)
[1832]: (413.4450219298613,1)
[1833]: (408.0626637972906,1)
[1834]: (410.2352028054986,1)
[1835]: (415.1147542592138,1)
[1836]: (407.9686804965881,1)
[1837]: (410.4768481795991,1)
[1838]: (412.0690587544128,1)
[1839]: (413.2862892664926,1)
[1840]: (409.2877056275454,1)
[1841]: (413.1806427271167,1)
[1842]: (413.2401275265465,1)
[1843]: (412.5981625880309,1)
[1844]: (410.306920322137,1)
[1845]: (409.6704563781135,1)
[1846]: (412.5872084507611,1)
[1847]: (415.1154479162646,1)
[1848]: (409.1465689456407,1)
[1849]: (413.4258624111143,1)
[1850]: (413.0544131590956,1)
[1851]: (410.6833147464013,1)
[1852]: (413.4932299702091,1)
[1853]: (409.394609029821,1)
[1854]: (412.1328226284392,1)
[1855]: (409.4790800592174,1)
[1856]: (411.1862931723655,1)
[1857]: (407.61239013772,1)
[1858]: (407.4089728557684,1)
[1859]: (410.8454331045888,1)
[1860]: (412.1538629870723,1)
[1861]: (413.0483152562864,1)
[1862]: (411.529828660336,1)
[1863]: (413.1627923939351,1)
[1864]: (415.6792380531806,1)
[1865]: (412.1155468447027,1)
[1866]: (413.0944955053777,1)
[1867]: (412.113257345536,1)
[1868]: (411.5739992595333,1)
[1869]: (413.4967539191637,1)
[1870]: (411.4803799374232,1)
[1871]: (411.0658412284904,1)
[1872]: (411.0158184529873,1)
[1873]: (413.060227327486,1)
[1874]: (412.0153839023397,1)
[1875]: (413.1022380845547,1)
[1876]: (411.1092446117741,1)
[1877]: (409.1931942751683,1)
[1878]: (410.0092890991409,1)
[1879]: (411.1050398328363,1)
[1880]: (414.4431005356187,1)
[1881]: (412.4104246352113,1)
[1882]: (411.1057333156687,1)
[1883]: (414.0208875118146,1)
[1884]: (408.7422261115291,1)
[1885]: (414.0842696417,1)
[1886]: (412.3313007098188,1)
[1887]: (412.6301329598614,1)
[1888]: (408.1320384787224,1)
[1889]: (408.1314705948878,1)
[1890]: (413.620323407774,1)
[1891]: (410.3992835530922,1)
[1892]: (410.3499920466113,1)
[1893]: (409.3476296320616,1)
[1894]: (414.1298821096361,1)
[1895]: (415.2011663659153,1)
[1896]: (412.1107379432101,1)
[1897]: (411.0122828196169,1)
[1898]: (413.1587216358389,1)
[1899]: (413.6073863069345,1)
[1900]: (412.6659939329456,1)
[1901]: (409.4295604816638,1)
[1902]: (409.2168729093322,1)
[1903]: (412.4736304940427,1)
[1904]: (412.132565582754,1)
[1905]: (414.2269466231908,1)
[1906]: (408.0830513436361,1)
[1907]: (414.8395146347978,1)
[1908]: (410.6576984526627,1)
[1909]: (408.0895558302422,1)
[1910]: (411.5831289188945,1)
[1911]: (410.4290093623368,1)
[1912]: (415.617757369444,1)
[1913]: (414.6530963228055,1)
[1914]: (411.5099153288078,1)
[1915]: (415.5620484914755,1)
[1916]: (408.5615988956853,1)
[1917]: (412.296788512353,1)
[1918]: (413.2009397890865,1)
[1919]: (410.1867716685589,1)
[1920]: (411.0244106457158,1)
[1921]: (409.120909024749,1)
[1922]: (407.7319060542251,1)
[1923]: (413.2175463940428,1)
[1924]: (414.1490400149493,1)
[1925]: (410.656929545466,1)
[1926]: (408.6914589956874,1)
[1927]: (415.275922108091,1)
[1928]: (410.0731891590521,1)
[1929]: (414.0326332771708,1)
[1930]: (416.766934312333,1)
[1931]: (407.258987087947,1)
[1932]: (415.1182886195518,1)
[1933]: (414.0668857748784,1)
[1934]: (410.005565524751,1)
[1935]: (414.3661275908532,1)
[1936]: (413.3158271977317,1)
[1937]: (408.1048328400992,1)
[1938]: (413.5198954590016,1)
[1939]: (409.1737347183017,1)
[1940]: (412.1097663883087,1)
[1941]: (409.0701917870516,1)
[1942]: (415.7439172395588,1)
[1943]: (408.0101204302514,1)
[1944]: (412.1090277439068,1)
[1945]: (408.6931889611746,1)
[1946]: (408.4023091898341,1)
[1947]: (410.0888370135118,1)
[1948]: (410.0329725630675,1)
[1949]: (416.0160347726285,1)
[1950]: (412.0174068056045,1)
[1951]: (414.3163605168194,1)
[1952]: (409.5998818282551,1)
[1953]: (414.1530987183863,1)
[1954]: (409.2792908726645,1)
[1955]: (410.8322409646517,1)
[1956]: (417.2366929537457,1)
[1957]: (412.0979022074097,1)
[1958]: (413.1311534766473,1)
[1959]: (410.856998368835,1)
[1960]: (413.3378017589486,1)
[1961]: (408.1633388473372,1)
[1962]: (412.5233275577617,1)
[1963]: (409.2981357844041,1)
[1964]: (410.457022774329,1)
[1965]: (412.3643262834953,1)
[1966]: (410.0155100498491,1)
[1967]: (408.1226376723753,1)
[1968]: (412.2834471343367,1)
[1969]: (414.1571465555525,1)
[1970]: (410.0371346022539,1)
[1971]: (408.2688412559472,1)
[1972]: (411.0647925055886,1)
[1973]: (415.3535315155905,1)
[1974]: (410.1651094861224,1)
[1975]: (408.2501817544174,1)
[1976]: (412.5469067089846,1)
[1977]: (412.4169647387672,1)
[1978]: (413.2751936762455,1)
[1979]: (410.0926691186608,1)
[1980]: (414.2214102673957,1)
[1981]: (411.4871705628958,1)
[1982]: (410.2292002044136,1)
[1983]: (413.2554892309551,1)
[1984]: (412.0621454281119,1)
[1985]: (409.4848991023986,1)
[1986]: (409.4472967928575,1)
[1987]: (410.1191663790765,1)
[1988]: (411.5413962501303,1)
[1989]: (409.2126186052554,1)
[1990]: (410.6024540475314,1)
[1991]: (412.2330511082089,1)
[1992]: (409.2218701995262,1)
[1993]: (407.7729268990742,1)
[1994]: (410.1279118885677,1)
[1995]: (411.0435203848707,1)
[1996]: (411.2275071679923,1)
[1997]: (409.0074637208606,1)
[1998]: (409.0012788459861,1)
[1999]: (412.235574917828,1)
 -- States explored : 0 states
 -- CPU user time used : 1057410 ms
 -- Virtual memory used : 106546180 KiB
 -- Resident memory used : 106506468 KiB
executionTime: 7466
