core file size          (blocks, -c) unlimited
data seg size           (kbytes, -d) unlimited
scheduling priority             (-e) 0
file size               (blocks, -f) unlimited
pending signals                 (-i) 4077086
max locked memory       (kbytes, -l) 64
max memory size         (kbytes, -m) 133169152
open files                      (-n) 4096
pipe size            (512 bytes, -p) 8
POSIX message queues     (bytes, -q) 819200
real-time priority              (-r) 0
stack size              (kbytes, -s) 8192
cpu time               (seconds, -t) unlimited
max user processes              (-u) 4077086
virtual memory          (kbytes, -v) 127000000
file locks                      (-x) unlimited
Options for the verification:
  Generating some trace
  Search order is random depth first
  Using conservative space optimisation
  Seed is 1557202674
  State space representation uses minimal constraint systems
  Using HashMap + Compress integers for discrete state storage

Verifying formula 1 at ../queries/SP_300_3_8.q:1
 -- Formula is satisfied.
(9000 runs)
Learning statistics for best strategy: 
	Number of resets: 0
	Number of iterations in last reset: 17
	Number of iterations in total: 17

 -- States explored : 0 states
 -- CPU user time used : 11898330 ms
 -- Virtual memory used : 50956944 KiB
 -- Resident memory used : 50918432 KiB

Verifying formula 2 at ../queries/SP_300_3_8.q:2
 -- Formula is satisfied.
Composer.Done:
[0]: (0,0) (521.3602468539979,1)
[1]: (521.3458955782559,1)
[2]: (521.7969095372937,1)
[3]: (521.5938418970725,1)
[4]: (521.2840229930607,1)
[5]: (521.01776275175,1)
[6]: (521.1788477809354,1)
[7]: (521.3457801449414,1)
[8]: (521.0831280295761,1)
[9]: (521.1500276553858,1)
[10]: (521.2222026840697,1)
[11]: (521.2694772886114,1)
[12]: (521.7002520772717,1)
[13]: (521.1360484516766,1)
[14]: (521.4977174793495,1)
[15]: (522.0799114891564,1)
[16]: (521.0031876070269,1)
[17]: (521.4128690020611,1)
[18]: (521.549964130377,1)
[19]: (521.2444746965897,1)
[20]: (521.2126272811961,1)
[21]: (521.0826177743481,1)
[22]: (521.1015043341037,1)
[23]: (521.0661239012211,1)
[24]: (521.2629979970718,1)
[25]: (521.0021089413041,1)
[26]: (521.2606315008633,1)
[27]: (521.4304176753352,1)
[28]: (521.1448615925793,1)
[29]: (521.3195536493035,1)
[30]: (521.1560660211599,1)
[31]: (521.3247387421268,1)
[32]: (521.728498073429,1)
[33]: (521.6745592834859,1)
[34]: (521.2442751662329,1)
[35]: (521.3861772852233,1)
[36]: (521.4386468049522,1)
[37]: (521.752651537332,1)
[38]: (521.1071589186258,1)
[39]: (521.3272022277172,1)
[40]: (521.0515260932592,1)
[41]: (521.085863591038,1)
[42]: (521.0852376516141,1)
[43]: (521.1632591893315,1)
[44]: (521.4823750971482,1)
[45]: (521.2098154212985,1)
[46]: (521.7089123445917,1)
[47]: (521.7750704243197,1)
[48]: (521.9960397104214,1)
[49]: (521.8706097010518,1)
[50]: (521.1114024980151,1)
[51]: (521.2911339800445,1)
[52]: (521.1637397549806,1)
[53]: (521.3271555944772,1)
[54]: (521.2350455445888,1)
[55]: (521.2903748839047,1)
[56]: (521.8617256595882,1)
[57]: (521.3708627296347,1)
[58]: (521.545089856327,1)
[59]: (522.0860461375615,1)
[60]: (521.1053398260991,1)
[61]: (521.1283227255552,1)
[62]: (522.2080789390279,1)
[63]: (521.7278384179666,1)
[64]: (521.1877150431286,1)
[65]: (521.366166964504,1)
[66]: (521.5730299699218,1)
[67]: (521.0705177658673,1)
[68]: (521.6230477550903,1)
[69]: (521.0383789063349,1)
[70]: (521.6425242822562,1)
[71]: (521.1113114335114,1)
[72]: (521.0664757475027,1)
[73]: (521.1183413772363,1)
[74]: (521.4299356069167,1)
[75]: (521.19316214599,1)
[76]: (521.0717731793793,1)
[77]: (521.3506942590901,1)
[78]: (521.0866152230651,1)
[79]: (521.0580936055276,1)
[80]: (521.5569608238894,1)
[81]: (521.3940671626076,1)
[82]: (521.8545695437439,1)
[83]: (521.3642788298713,1)
[84]: (521.3055933208237,1)
[85]: (521.081346153091,1)
[86]: (521.5315187310779,1)
[87]: (521.1270882609266,1)
[88]: (521.2645921265705,1)
[89]: (521.6138969216531,1)
[90]: (521.0130389615988,1)
[91]: (521.1054366722451,1)
[92]: (521.1512327343333,1)
[93]: (521.1096648158237,1)
[94]: (521.083632236389,1)
[95]: (521.5419285942281,1)
[96]: (521.5343841231867,1)
[97]: (521.0992197670537,1)
[98]: (521.2797458743281,1)
[99]: (521.7368894147033,1)
[100]: (521.0215338617805,1)
[101]: (521.1339258476938,1)
[102]: (521.65440285828,1)
[103]: (523.0638159538638,1)
[104]: (521.0200070159973,1)
[105]: (521.5981380568799,1)
[106]: (521.4784719306363,1)
[107]: (521.2491385320019,1)
[108]: (521.5904905637321,1)
[109]: (521.129800109321,1)
[110]: (521.651310899903,1)
[111]: (521.1391563290856,1)
[112]: (521.4534646966874,1)
[113]: (521.1623189216989,1)
[114]: (521.249506193763,1)
[115]: (521.5936503612812,1)
[116]: (521.2468315546303,1)
[117]: (521.0670472106841,1)
[118]: (521.2185878254918,1)
[119]: (521.2364411063472,1)
[120]: (522.4108330967096,1)
[121]: (521.0541494711105,1)
[122]: (521.0834791869969,1)
[123]: (521.1599160041216,1)
[124]: (521.2787887211219,1)
[125]: (521.1499009537167,1)
[126]: (521.2131229764506,1)
[127]: (521.0622562902853,1)
[128]: (521.1448895371963,1)
[129]: (521.0841670892357,1)
[130]: (521.2068222911504,1)
[131]: (521.0197228150502,1)
[132]: (521.5548893734816,1)
[133]: (521.049492889583,1)
[134]: (521.1355363522969,1)
[135]: (521.6743803086564,1)
[136]: (521.3403589845781,1)
[137]: (521.4863418113044,1)
[138]: (521.1554920718065,1)
[139]: (521.1495521986669,1)
[140]: (521.0435801564188,1)
[141]: (521.0692563992418,1)
[142]: (521.2005758484843,1)
[143]: (521.3189835470405,1)
[144]: (521.0061729720815,1)
[145]: (521.1317237100292,1)
[146]: (521.0949062187217,1)
[147]: (521.7051980624846,1)
[148]: (521.402401235389,1)
[149]: (521.3327574988751,1)
[150]: (521.283828872708,1)
[151]: (521.393800044161,1)
[152]: (521.0642917195347,1)
[153]: (521.3949647002979,1)
[154]: (521.2703044266945,1)
[155]: (521.5513675564198,1)
[156]: (521.0874054861865,1)
[157]: (521.2155136079698,1)
[158]: (521.2218362895956,1)
[159]: (521.2358669538922,1)
[160]: (521.6406930236558,1)
[161]: (521.7246097138483,1)
[162]: (522.6782464998221,1)
[163]: (521.2432975864956,1)
[164]: (521.1339688014523,1)
[165]: (521.1192143334271,1)
[166]: (521.0595849189992,1)
[167]: (521.8410924684782,1)
[168]: (521.5122927176457,1)
[169]: (521.2715820910634,1)
[170]: (521.0432695487303,1)
[171]: (521.7284580502546,1)
[172]: (521.0545485050551,1)
[173]: (521.3020967173995,1)
[174]: (521.4096347606741,1)
[175]: (521.4269547916108,1)
[176]: (521.161329951313,1)
[177]: (521.1171787409887,1)
[178]: (521.6445402702677,1)
[179]: (521.0014749574624,1)
[180]: (521.4068171097821,1)
[181]: (521.0939023470887,1)
[182]: (521.3367422297983,1)
[183]: (521.7599883923548,1)
[184]: (521.1134358575059,1)
[185]: (521.6250381538102,1)
[186]: (522.1388941038763,1)
[187]: (521.1139117389698,1)
[188]: (522.2274243853468,1)
[189]: (521.1388835091227,1)
[190]: (521.2511323062698,1)
[191]: (521.0310901958413,1)
[192]: (521.7005400192668,1)
[193]: (521.0605585036828,1)
[194]: (521.0756177188226,1)
[195]: (521.0208810759157,1)
[196]: (521.219518521822,1)
[197]: (521.3226026502347,1)
[198]: (521.5247243034611,1)
[199]: (521.1477269684337,1)
[200]: (521.0031003361026,1)
[201]: (521.0097502822549,1)
[202]: (521.2820574697826,1)
[203]: (521.2130763840449,1)
[204]: (521.0427030834292,1)
[205]: (521.1003927290049,1)
[206]: (521.6394189286289,1)
[207]: (521.5838956317568,1)
[208]: (521.0520120024789,1)
[209]: (521.0992346496735,1)
[210]: (521.0151156240186,1)
[211]: (521.2282849924136,1)
[212]: (521.2686645442752,1)
[213]: (521.1257210144697,1)
[214]: (521.1818126802392,1)
[215]: (521.0980888592387,1)
[216]: (521.5263049621072,1)
[217]: (521.2810199276431,1)
[218]: (521.112431866475,1)
[219]: (521.0188026293147,1)
[220]: (521.055986145656,1)
[221]: (521.4285124679998,1)
[222]: (521.1065116840075,1)
[223]: (521.157923268739,1)
[224]: (521.1444633350161,1)
[225]: (521.3477136065344,1)
[226]: (521.0581968113534,1)
[227]: (521.0397785560111,1)
[228]: (521.0953399174084,1)
[229]: (521.5083853925806,1)
[230]: (521.0915971797031,1)
[231]: (521.0780585288962,1)
[232]: (521.7325885731389,1)
[233]: (521.3480021052285,1)
[234]: (521.1895850966253,1)
[235]: (521.3223027827489,1)
[236]: (521.2661076970928,1)
[237]: (521.3936303414046,1)
[238]: (521.0654290047044,1)
[239]: (521.2168650970128,1)
[240]: (521.2359899995829,1)
[241]: (522.0905184736914,1)
[242]: (521.0595345607933,1)
[243]: (521.1421612677929,1)
[244]: (521.0606315303855,1)
[245]: (521.1217474277903,1)
[246]: (521.0238522744665,1)
[247]: (521.1271632331817,1)
[248]: (521.0799096760268,1)
[249]: (521.4495173258586,1)
[250]: (521.0608764910629,1)
[251]: (521.0750788887833,1)
[252]: (521.4359566465737,1)
[253]: (521.2328638743878,1)
[254]: (521.3710459214507,1)
[255]: (521.0188707437098,1)
[256]: (521.5679488428392,1)
[257]: (521.2899216175483,1)
[258]: (521.3662719340299,1)
[259]: (521.0661146786806,1)
[260]: (521.4191771124368,1)
[261]: (521.4238201750247,1)
[262]: (521.0523374796256,1)
[263]: (521.0266001152713,1)
[264]: (521.3455334721004,1)
[265]: (521.338998124398,1)
[266]: (521.0865660575403,1)
[267]: (521.6121910877376,1)
[268]: (521.3484717897315,1)
[269]: (521.4248306669399,1)
[270]: (521.1825812312611,1)
[271]: (521.067595137819,1)
[272]: (521.4800061772746,1)
[273]: (521.1036023338048,1)
[274]: (521.0277371222152,1)
[275]: (521.0651141917468,1)
[276]: (521.0271905271943,1)
[277]: (521.0467196622766,1)
[278]: (521.8665591971328,1)
[279]: (521.1657374831349,1)
[280]: (521.1633020965083,1)
[281]: (521.6788989080887,1)
[282]: (521.0192413786286,1)
[283]: (521.2060762154349,1)
[284]: (521.0525095437278,1)
[285]: (521.0908179663955,1)
[286]: (521.1311944297811,1)
[287]: (522.2900690125559,1)
[288]: (521.0884526859888,1)
[289]: (521.7467854003,1)
[290]: (521.2151491330566,1)
[291]: (521.0386867768929,1)
[292]: (521.0749133617342,1)
[293]: (521.1105865559173,1)
[294]: (521.2346764119778,1)
[295]: (521.0781856147788,1)
[296]: (521.0935543128355,1)
[297]: (521.6763864222821,1)
[298]: (521.398742044239,1)
[299]: (521.251078418211,1)
[300]: (521.6094470111708,1)
[301]: (521.3551227077127,1)
[302]: (521.2799639113903,1)
[303]: (521.3723790600753,1)
[304]: (521.1105111319915,1)
[305]: (521.9175173084692,1)
[306]: (521.5054834958089,1)
[307]: (521.9152723235368,1)
[308]: (521.1593386164262,1)
[309]: (521.0201810038493,1)
[310]: (521.4676682792204,1)
[311]: (521.0132070240653,1)
[312]: (521.190047730032,1)
[313]: (521.7171706541652,1)
[314]: (521.0635039065112,1)
[315]: (521.1686397827906,1)
[316]: (521.0891562920852,1)
[317]: (521.5147526624024,1)
[318]: (521.2245525473529,1)
[319]: (521.4536521644904,1)
[320]: (521.0990840273579,1)
[321]: (521.3569782318043,1)
[322]: (521.073512277301,1)
[323]: (522.1080031165761,1)
[324]: (521.0126482370275,1)
[325]: (521.0862443355098,1)
[326]: (521.2635086941798,1)
[327]: (521.1902052404457,1)
[328]: (521.332912484078,1)
[329]: (521.2344222160984,1)
[330]: (521.2571188740737,1)
[331]: (521.1735681689826,1)
[332]: (521.7121524579447,1)
[333]: (521.2880970720217,1)
[334]: (521.6285310415248,1)
[335]: (521.0504145532213,1)
[336]: (521.2355394152202,1)
[337]: (521.1127541331382,1)
[338]: (521.8030172735997,1)
[339]: (521.5666458871934,1)
[340]: (521.1764931328343,1)
[341]: (521.5818044140709,1)
[342]: (521.6084706592786,1)
[343]: (521.0943168928414,1)
[344]: (521.2215258665254,1)
[345]: (521.2287649955193,1)
[346]: (522.0936131263703,1)
[347]: (521.5398527771596,1)
[348]: (521.4557904637528,1)
[349]: (521.0940510605842,1)
[350]: (521.0199314704893,1)
[351]: (521.2805739880661,1)
[352]: (522.2725132482384,1)
[353]: (522.0158426884533,1)
[354]: (521.1521398255259,1)
[355]: (521.1685674677777,1)
[356]: (521.5651735063253,1)
[357]: (521.0986610173826,1)
[358]: (521.4146655708157,1)
[359]: (521.5417300574405,1)
[360]: (521.0426236562487,1)
[361]: (521.272219930835,1)
[362]: (521.4858948598387,1)
[363]: (521.3510538733461,1)
[364]: (521.0126985450009,1)
[365]: (521.0496712247954,1)
[366]: (522.3263228869524,1)
[367]: (521.6842436288828,1)
[368]: (521.8864246234706,1)
[369]: (521.0759060466991,1)
[370]: (521.3215765894372,1)
[371]: (521.0558180776439,1)
[372]: (521.3000219841716,1)
[373]: (521.2041988306165,1)
[374]: (521.5093485361795,1)
[375]: (521.3075240601315,1)
[376]: (521.0245721629196,1)
[377]: (521.7096121104432,1)
[378]: (521.4106005996108,1)
[379]: (521.0424727098132,1)
[380]: (521.0682629494783,1)
[381]: (521.638270895055,1)
[382]: (521.2460500436221,1)
[383]: (521.2800362376477,1)
[384]: (521.3984720764898,1)
[385]: (521.4290615237084,1)
[386]: (521.1045337934738,1)
[387]: (521.4753950979754,1)
[388]: (521.2875462200832,1)
[389]: (521.38538032895,1)
[390]: (521.1414608728292,1)
[391]: (521.0389579566875,1)
[392]: (521.099566126283,1)
[393]: (521.2926227527266,1)
[394]: (521.6545101824453,1)
[395]: (521.1762785590066,1)
[396]: (521.9455211662782,1)
[397]: (521.1301807429973,1)
[398]: (521.3998710028417,1)
[399]: (521.1956151391302,1)
[400]: (521.0544698120395,1)
[401]: (521.5718532417176,1)
[402]: (521.1263975425292,1)
[403]: (521.0337174035391,1)
[404]: (521.3268544656698,1)
[405]: (521.0683636820178,1)
[406]: (521.1815803539159,1)
[407]: (521.2577157194655,1)
[408]: (521.1814683302828,1)
[409]: (521.2814638689543,1)
[410]: (521.0931293761071,1)
[411]: (521.2396577624612,1)
[412]: (521.9305739563069,1)
[413]: (521.0188284640326,1)
[414]: (521.5974186062798,1)
[415]: (521.1458798729902,1)
[416]: (521.0038388899656,1)
[417]: (521.0654864902772,1)
[418]: (521.0410109094578,1)
[419]: (521.1562872766652,1)
[420]: (521.3882726151967,1)
[421]: (521.096766824244,1)
[422]: (521.3185994078535,1)
[423]: (521.7533799725124,1)
[424]: (521.3626783924508,1)
[425]: (521.1226479691211,1)
[426]: (522.0931529342054,1)
[427]: (521.0594556758763,1)
[428]: (521.2799396084716,1)
[429]: (521.8181444035019,1)
[430]: (521.1758812047545,1)
[431]: (521.0136322099726,1)
[432]: (522.472497782309,1)
[433]: (521.3114762978739,1)
[434]: (521.0557567284797,1)
[435]: (521.1953328185419,1)
[436]: (522.4042780827854,1)
[437]: (521.0885541231783,1)
[438]: (521.1786641117336,1)
[439]: (521.4675468773936,1)
[440]: (521.2500790495795,1)
[441]: (521.1201995140913,1)
[442]: (521.4711185295436,1)
[443]: (521.340723230403,1)
[444]: (522.0192360760848,1)
[445]: (521.1065700988242,1)
[446]: (521.8022498362764,1)
[447]: (521.0079513824841,1)
[448]: (521.7665493331856,1)
[449]: (521.0020031437316,1)
[450]: (521.3614436753759,1)
[451]: (521.0710290652469,1)
[452]: (521.1049478107843,1)
[453]: (521.1477418182615,1)
[454]: (521.3107246877167,1)
[455]: (521.1427941865851,1)
[456]: (521.4212753540874,1)
[457]: (521.1114103255844,1)
[458]: (521.9246573359138,1)
[459]: (521.0799557798063,1)
[460]: (521.2421089424842,1)
[461]: (521.0532172934254,1)
[462]: (521.1718948204765,1)
[463]: (521.1799660902346,1)
[464]: (521.4571950811851,1)
[465]: (521.6406127804383,1)
[466]: (521.1793819988284,1)
[467]: (521.0408007851217,1)
[468]: (521.0725376339994,1)
[469]: (521.5561258858706,1)
[470]: (521.1866598933292,1)
[471]: (521.7861527677037,1)
[472]: (521.0729336337522,1)
[473]: (521.3398323357468,1)
[474]: (521.1321992507251,1)
[475]: (521.1934206037256,1)
[476]: (521.4521164388022,1)
[477]: (521.3448893572322,1)
[478]: (521.348540553235,1)
[479]: (521.0264956270244,1)
[480]: (521.4870152084512,1)
[481]: (521.2288869763364,1)
[482]: (521.3023459649727,1)
[483]: (521.1326090097886,1)
[484]: (521.0187836677708,1)
[485]: (521.6226339902737,1)
[486]: (521.1314533124945,1)
[487]: (521.1999043490766,1)
[488]: (521.4201044026426,1)
[489]: (521.7045779830144,1)
[490]: (521.1532965235084,1)
[491]: (521.1655860736934,1)
[492]: (521.291343622722,1)
[493]: (521.6252044732859,1)
[494]: (521.1576707065346,1)
[495]: (521.1834065175819,1)
[496]: (521.2222146328261,1)
[497]: (521.3707108949493,1)
[498]: (521.1085817261818,1)
[499]: (521.023989086757,1)
[500]: (521.3353793829057,1)
[501]: (521.011143386486,1)
[502]: (521.837683198407,1)
[503]: (521.2382258169899,1)
[504]: (521.2929030927544,1)
[505]: (521.1295742409797,1)
[506]: (521.4086937614994,1)
[507]: (521.0117332955525,1)
[508]: (522.0406263477844,1)
[509]: (522.0060353436227,1)
[510]: (521.0395073578355,1)
[511]: (521.3235425842113,1)
[512]: (521.0479057894328,1)
[513]: (521.3891984617028,1)
[514]: (521.5697056031992,1)
[515]: (521.108971449648,1)
[516]: (521.1814340166598,1)
[517]: (521.4537792900483,1)
[518]: (521.7325156949495,1)
[519]: (521.1658449580722,1)
[520]: (521.1118844664705,1)
[521]: (521.2529882609653,1)
[522]: (521.0844040992272,1)
[523]: (521.4302376336915,1)
[524]: (521.689090293452,1)
[525]: (521.0332210568257,1)
[526]: (521.6029420608945,1)
[527]: (521.0122518818258,1)
[528]: (521.1607961172637,1)
[529]: (521.0763734872749,1)
[530]: (522.4428418737735,1)
[531]: (521.4178552837883,1)
[532]: (521.2783260790392,1)
[533]: (521.0753333871728,1)
[534]: (521.5437783905616,1)
[535]: (521.0162351275304,1)
[536]: (521.0778934564014,1)
[537]: (521.1174455229873,1)
[538]: (521.1558610073857,1)
[539]: (521.0718909075539,1)
[540]: (522.2555929929854,1)
[541]: (521.4263988831848,1)
[542]: (521.1247563293409,1)
[543]: (521.2073468284684,1)
[544]: (521.0572168177013,1)
[545]: (521.0294833208712,1)
[546]: (521.0482480968064,1)
[547]: (521.3912494688096,1)
[548]: (521.1174523931118,1)
[549]: (521.4514990913588,1)
[550]: (521.2288428152797,1)
[551]: (521.0122555948913,1)
[552]: (521.3511791764822,1)
[553]: (521.0945124051713,1)
[554]: (521.7547377512526,1)
[555]: (521.6189487018158,1)
[556]: (521.2589887007143,1)
[557]: (521.2078055938905,1)
[558]: (521.0409277002622,1)
[559]: (521.0928355006865,1)
[560]: (521.4903356124731,1)
[561]: (521.613754694104,1)
[562]: (521.0108841964258,1)
[563]: (521.1358432924834,1)
[564]: (521.0069305480171,1)
[565]: (521.1120077200404,1)
[566]: (521.0864060654476,1)
[567]: (521.3455433096303,1)
[568]: (521.0247598853496,1)
[569]: (521.1801846586054,1)
[570]: (521.2986424223836,1)
[571]: (521.7225033022656,1)
[572]: (521.1187458861783,1)
[573]: (521.1571179251054,1)
[574]: (521.0179983021316,1)
[575]: (521.0303639906208,1)
[576]: (521.3597799029169,1)
[577]: (521.0580415488494,1)
[578]: (521.9748550137203,1)
[579]: (521.134878085787,1)
[580]: (521.3070017271334,1)
[581]: (521.0563096600654,1)
[582]: (521.2266378431056,1)
[583]: (521.7248833340442,1)
[584]: (521.6701698429372,1)
[585]: (521.2012831511804,1)
[586]: (521.0663942522025,1)
[587]: (521.039743956641,1)
[588]: (521.0571805897283,1)
[589]: (521.1554088936521,1)
[590]: (521.160628404353,1)
[591]: (523.3553796982729,1)
[592]: (521.0185855110226,1)
[593]: (521.2759092269727,1)
[594]: (521.25965316362,1)
[595]: (521.0712070207072,1)
[596]: (521.2206555480158,1)
[597]: (521.1210839142753,1)
[598]: (521.0137285624772,1)
[599]: (521.1264463876747,1)
[600]: (521.4707574232895,1)
[601]: (521.4901327827048,1)
[602]: (521.6893524460602,1)
[603]: (521.2099122228412,1)
[604]: (521.027499880346,1)
[605]: (521.719468180548,1)
[606]: (521.1318749400405,1)
[607]: (521.07096245701,1)
[608]: (522.4058514952907,1)
[609]: (521.174450685435,1)
[610]: (521.021745782065,1)
[611]: (521.308373360836,1)
[612]: (521.4501039031986,1)
[613]: (521.3604084441497,1)
[614]: (521.0215540882795,1)
[615]: (521.2462700671169,1)
[616]: (521.3314828658559,1)
[617]: (521.2418050987185,1)
[618]: (521.1825438706661,1)
[619]: (521.0336066726975,1)
[620]: (521.183446106416,1)
[621]: (521.7015400443426,1)
[622]: (521.8313299231481,1)
[623]: (521.1613592932486,1)
[624]: (521.6449477930259,1)
[625]: (521.1956129370247,1)
[626]: (522.1518838784217,1)
[627]: (521.0335783719181,1)
[628]: (522.8383085489697,1)
[629]: (521.1842097215883,1)
[630]: (521.0115494039156,1)
[631]: (521.0871662944168,1)
[632]: (521.4421868020048,1)
[633]: (521.1494267897748,1)
[634]: (521.1839741209868,1)
[635]: (521.4021177965325,1)
[636]: (521.3794983407153,1)
[637]: (521.0391420667339,1)
[638]: (521.9398788749286,1)
[639]: (521.1534213535127,1)
[640]: (521.1510694058054,1)
[641]: (521.156602381024,1)
[642]: (521.5222156568567,1)
[643]: (521.0637899637571,1)
[644]: (521.2169294565316,1)
[645]: (521.1618535842284,1)
[646]: (521.3405487179347,1)
[647]: (521.0789637152868,1)
[648]: (521.2477400567641,1)
[649]: (521.0026956503989,1)
[650]: (521.2316126312287,1)
[651]: (521.0781019858895,1)
[652]: (521.1875766446539,1)
[653]: (521.8053407783558,1)
[654]: (521.9642087835018,1)
[655]: (521.0642963010597,1)
[656]: (522.068533735682,1)
[657]: (521.7291536702269,1)
[658]: (521.1567422541114,1)
[659]: (521.1404584864238,1)
[660]: (521.2237854123074,1)
[661]: (521.190021801238,1)
[662]: (521.026698576338,1)
[663]: (521.7175211306328,1)
[664]: (521.1043995359669,1)
[665]: (521.1344669836957,1)
[666]: (521.0941745584237,1)
[667]: (521.3649628467873,1)
[668]: (521.1137082271434,1)
[669]: (521.2444599835778,1)
[670]: (521.0375625898473,1)
[671]: (521.3874658040418,1)
[672]: (521.5010489678364,1)
[673]: (522.0813586870578,1)
[674]: (521.1442615916773,1)
[675]: (521.0977119487997,1)
[676]: (521.3194372819931,1)
[677]: (521.2680448605747,1)
[678]: (521.3072566671032,1)
[679]: (521.0829407733041,1)
[680]: (521.1061922439045,1)
[681]: (521.0233344862673,1)
[682]: (521.2210935398697,1)
[683]: (521.0059290418938,1)
[684]: (521.0226119169412,1)
[685]: (521.0243005702199,1)
[686]: (521.3502401813323,1)
[687]: (521.196156380618,1)
[688]: (521.491170572284,1)
[689]: (521.0196034209266,1)
[690]: (523.6030399110474,1)
[691]: (521.1121913493541,1)
[692]: (521.2832706886429,1)
[693]: (521.123302274008,1)
[694]: (521.0054105639452,1)
[695]: (522.030404863951,1)
[696]: (521.390068645078,1)
[697]: (521.529365248316,1)
[698]: (522.1266601308287,1)
[699]: (521.9475017768174,1)
[700]: (521.6765763140968,1)
[701]: (521.6221734350254,1)
[702]: (521.427944514615,1)
[703]: (521.3305579977568,1)
[704]: (521.2807377782292,1)
[705]: (521.5707026247965,1)
[706]: (521.1027615963197,1)
[707]: (521.2516050618714,1)
[708]: (521.7012504788737,1)
[709]: (521.2055219407231,1)
[710]: (521.0885972704601,1)
[711]: (521.0762092888326,1)
[712]: (521.5460980241321,1)
[713]: (522.0813858119685,1)
[714]: (521.0912369744092,1)
[715]: (521.249051057189,1)
[716]: (521.1308008839389,1)
[717]: (521.494569314204,1)
[718]: (521.1706462432994,1)
[719]: (521.1251822605228,1)
[720]: (521.0426490209483,1)
[721]: (521.441366411084,1)
[722]: (521.2362815989213,1)
[723]: (521.3732915135935,1)
[724]: (521.2286651555546,1)
[725]: (522.0022065244948,1)
[726]: (521.1678032241372,1)
[727]: (521.1874065399543,1)
[728]: (521.7865088681167,1)
[729]: (521.0103301158559,1)
[730]: (521.7257307749354,1)
[731]: (521.0883694750478,1)
[732]: (521.0447536220418,1)
[733]: (521.00179014055,1)
[734]: (521.566040065686,1)
[735]: (521.3519518594628,1)
[736]: (521.5442658814396,1)
[737]: (521.4678812124091,1)
[738]: (521.1963178965867,1)
[739]: (521.1459324339683,1)
[740]: (521.0087204042176,1)
[741]: (521.0295251992465,1)
[742]: (521.5868060022075,1)
[743]: (521.516631700737,1)
[744]: (521.3967543503201,1)
[745]: (522.0190287509753,1)
[746]: (521.3350419274853,1)
[747]: (521.4249423346185,1)
[748]: (521.280790267237,1)
[749]: (522.208585778042,1)
[750]: (521.7143348099688,1)
[751]: (521.1485512704056,1)
[752]: (521.0783604814486,1)
[753]: (521.0529038523838,1)
[754]: (521.4069659715606,1)
[755]: (521.1294131540752,1)
[756]: (521.4861722592146,1)
[757]: (521.3338039239934,1)
[758]: (521.0526226048103,1)
[759]: (521.3497970313263,1)
[760]: (521.255485661768,1)
[761]: (521.1445843744643,1)
[762]: (521.5336616615072,1)
[763]: (521.1556094128274,1)
[764]: (521.2782449264164,1)
[765]: (521.3965989297284,1)
[766]: (521.0487921188127,1)
[767]: (521.3109282633517,1)
[768]: (521.3687321377644,1)
[769]: (521.6808513840986,1)
[770]: (521.1418267971153,1)
[771]: (521.0595882226901,1)
[772]: (521.5503834957966,1)
[773]: (521.2399684474228,1)
[774]: (521.033874340846,1)
[775]: (521.1178312368274,1)
[776]: (521.0628245438236,1)
[777]: (521.1773279649145,1)
[778]: (521.1672952181819,1)
[779]: (521.1943332753202,1)
[780]: (521.0520534751553,1)
[781]: (521.3228255741166,1)
[782]: (521.6807828127262,1)
[783]: (521.003719050017,1)
[784]: (521.8158637937098,1)
[785]: (522.0233578752428,1)
[786]: (521.3819098951908,1)
[787]: (521.3120698630696,1)
[788]: (521.9126490870858,1)
[789]: (521.2475511081069,1)
[790]: (521.1633763346355,1)
[791]: (521.6704058863991,1)
[792]: (521.2305618169847,1)
[793]: (521.0764564096464,1)
[794]: (521.2303560481371,1)
[795]: (521.5483115519279,1)
[796]: (521.5978889776628,1)
[797]: (521.2109840280629,1)
[798]: (521.0408970831827,1)
[799]: (521.465639009803,1)
[800]: (521.104895133707,1)
[801]: (521.0308664135999,1)
[802]: (521.9879701133042,1)
[803]: (521.2875396029746,1)
[804]: (521.2860888543689,1)
[805]: (521.0209781631862,1)
[806]: (522.1773717589351,1)
[807]: (521.6991022615723,1)
[808]: (521.1100900746485,1)
[809]: (521.3350557601708,1)
[810]: (521.4885571577635,1)
[811]: (521.2600811263037,1)
[812]: (521.5211292584015,1)
[813]: (521.0822131150949,1)
[814]: (521.0627914815283,1)
[815]: (521.4034425162157,1)
[816]: (521.0737339573,1)
[817]: (521.6548536717625,1)
[818]: (521.1296612492413,1)
[819]: (521.399998530435,1)
[820]: (521.5963791611069,1)
[821]: (521.7180813771228,1)
[822]: (522.3656754654737,1)
[823]: (521.177517336823,1)
[824]: (521.0358790850064,1)
[825]: (521.100341493609,1)
[826]: (521.3101418667102,1)
[827]: (521.2622875025306,1)
[828]: (521.2147899560268,1)
[829]: (521.0739146308341,1)
[830]: (521.5340213265329,1)
[831]: (521.0894639752793,1)
[832]: (521.300602667918,1)
[833]: (521.9245197181573,1)
[834]: (521.0043415247089,1)
[835]: (521.0938777512428,1)
[836]: (521.2840973604187,1)
[837]: (521.4855606189584,1)
[838]: (521.0778543040198,1)
[839]: (522.0208791379231,1)
[840]: (521.0355025591814,1)
[841]: (521.8862323597225,1)
[842]: (521.9388235956992,1)
[843]: (521.0890420968777,1)
[844]: (521.1441106462172,1)
[845]: (521.1307511645211,1)
[846]: (521.7102723680898,1)
[847]: (521.1491557690907,1)
[848]: (521.958939892433,1)
[849]: (521.3613751190433,1)
[850]: (521.23440574739,1)
[851]: (521.7288338597338,1)
[852]: (521.3991663235414,1)
[853]: (521.0167943406107,1)
[854]: (521.0041072316585,1)
[855]: (521.2114992599982,1)
[856]: (521.4755015570349,1)
[857]: (521.004393893253,1)
[858]: (521.5623235402443,1)
[859]: (521.5251869687982,1)
[860]: (521.1470093240797,1)
[861]: (521.037649063721,1)
[862]: (521.2526129681078,1)
[863]: (522.0594053737641,1)
[864]: (521.1508320641553,1)
[865]: (521.0779410694651,1)
[866]: (521.0043044428476,1)
[867]: (521.0297435423073,1)
[868]: (521.2330642948406,1)
[869]: (521.0140547012647,1)
[870]: (521.1553366132878,1)
[871]: (521.1321430381826,1)
[872]: (521.0435060657971,1)
[873]: (521.6239931403308,1)
[874]: (521.1105297224573,1)
[875]: (521.0881685383717,1)
[876]: (521.0603523789677,1)
[877]: (521.3381641129266,1)
[878]: (522.0576045498325,1)
[879]: (521.5831563228027,1)
[880]: (521.1323838317072,1)
[881]: (521.365183890597,1)
[882]: (521.5837815058011,1)
[883]: (521.5806711308742,1)
[884]: (521.7416290363889,1)
[885]: (521.1885822061391,1)
[886]: (521.963023354956,1)
[887]: (521.008478211126,1)
[888]: (521.5707901293462,1)
[889]: (521.0783063902531,1)
[890]: (521.2620468092781,1)
[891]: (521.4302168870197,1)
[892]: (521.0336803540099,1)
[893]: (521.6418912103604,1)
[894]: (521.110854774342,1)
[895]: (521.8654819983763,1)
[896]: (521.7045365741578,1)
[897]: (521.3170474067613,1)
[898]: (521.2192662394176,1)
[899]: (521.4391961043755,1)
[900]: (522.0134531497309,1)
[901]: (521.0548022107438,1)
[902]: (521.498269585729,1)
[903]: (521.2811411946944,1)
[904]: (521.0907853760482,1)
[905]: (521.4893765076786,1)
[906]: (521.534264213351,1)
[907]: (521.5994761203881,1)
[908]: (521.2867055297879,1)
[909]: (521.4460723194638,1)
[910]: (521.0565707884665,1)
[911]: (521.4146287901981,1)
[912]: (521.4179399223742,1)
[913]: (522.1823270567044,1)
[914]: (521.0546199165318,1)
[915]: (521.2160200701874,1)
[916]: (521.4267071777012,1)
[917]: (521.6913582413315,1)
[918]: (522.269776025597,1)
[919]: (521.0040671456809,1)
[920]: (521.6015579469529,1)
[921]: (521.0015317638002,1)
[922]: (521.4976382231325,1)
[923]: (522.1043762028403,1)
[924]: (521.2067634681583,1)
[925]: (521.0201064791436,1)
[926]: (521.4769332977557,1)
[927]: (521.2947580317287,1)
[928]: (522.3886135902675,1)
[929]: (521.0558075381219,1)
[930]: (521.1347937354233,1)
[931]: (521.0255004065425,1)
[932]: (522.0220107628369,1)
[933]: (521.0350581417557,1)
[934]: (521.8197759376152,1)
[935]: (521.2640814701165,1)
[936]: (521.0388224050919,1)
[937]: (521.4316550916742,1)
[938]: (521.0922919920162,1)
[939]: (521.0618609015207,1)
[940]: (521.1297113264384,1)
[941]: (521.0707692730738,1)
[942]: (521.4964345087084,1)
[943]: (521.0244227450393,1)
[944]: (521.2296417138029,1)
[945]: (521.5438078171916,1)
[946]: (521.5674940312226,1)
[947]: (521.1715814690433,1)
[948]: (521.0144639297783,1)
[949]: (521.7038395329788,1)
[950]: (521.2386902156858,1)
[951]: (521.1578798351155,1)
[952]: (521.4519450868322,1)
[953]: (521.0465743618956,1)
[954]: (521.1974152971203,1)
[955]: (521.0185010618044,1)
[956]: (521.1814136998108,1)
[957]: (521.3929319512724,1)
[958]: (521.0243631787398,1)
[959]: (521.5138741990878,1)
[960]: (521.3150898139103,1)
[961]: (521.2433746312123,1)
[962]: (521.0988982822039,1)
[963]: (521.6072707761365,1)
[964]: (521.2140900035024,1)
[965]: (521.0046209526134,1)
[966]: (521.6482739220286,1)
[967]: (521.0883677317739,1)
[968]: (521.9918728306354,1)
[969]: (521.8202159046292,1)
[970]: (521.5097407461909,1)
[971]: (521.522811297536,1)
[972]: (522.321663222275,1)
[973]: (521.0580293694297,1)
[974]: (522.4458634134591,1)
[975]: (522.0500390814782,1)
[976]: (521.0257611255053,1)
[977]: (521.1891290971819,1)
[978]: (521.0633341330755,1)
[979]: (521.259405056261,1)
[980]: (521.444500551503,1)
[981]: (521.9160324510894,1)
[982]: (521.0743006110259,1)
[983]: (521.1494306433883,1)
[984]: (521.3878883358383,1)
[985]: (521.1229995864093,1)
[986]: (521.1910151564081,1)
[987]: (521.0041933598618,1)
[988]: (521.0349026963578,1)
[989]: (521.1178767601082,1)
[990]: (521.2383833522118,1)
[991]: (521.2164199506103,1)
[992]: (521.6033028245774,1)
[993]: (521.1225042896517,1)
[994]: (521.1173335350436,1)
[995]: (521.1670025447987,1)
[996]: (521.2250899691118,1)
[997]: (521.6741933929962,1)
[998]: (521.4496784193129,1)
[999]: (521.0708974252511,1)
[1000]: (521.3092554958945,1)
[1001]: (521.0073450310665,1)
[1002]: (521.2368226457589,1)
[1003]: (521.5728508761747,1)
[1004]: (521.1590570108883,1)
[1005]: (521.536381323533,1)
[1006]: (521.1177516121249,1)
[1007]: (521.0350535019852,1)
[1008]: (521.1018820516748,1)
[1009]: (521.3601385506539,1)
[1010]: (521.9304474687035,1)
[1011]: (521.2848151106184,1)
[1012]: (521.1117321638941,1)
[1013]: (521.4228653582281,1)
[1014]: (523.0644954149918,1)
[1015]: (521.2102892581503,1)
[1016]: (521.5566437193855,1)
[1017]: (521.4310944925319,1)
[1018]: (521.2031223790476,1)
[1019]: (521.0936216449495,1)
[1020]: (521.0492369381526,1)
[1021]: (521.1773816845488,1)
[1022]: (521.2615040467633,1)
[1023]: (521.1002100322331,1)
[1024]: (521.151724825223,1)
[1025]: (521.4215827410669,1)
[1026]: (521.6734604862285,1)
[1027]: (521.2507953273965,1)
[1028]: (521.1677816048204,1)
[1029]: (521.0406715415031,1)
[1030]: (521.0316568937656,1)
[1031]: (521.3355886790198,1)
[1032]: (521.4389273664077,1)
[1033]: (521.3059130023613,1)
[1034]: (521.5219354999319,1)
[1035]: (521.1971065946256,1)
[1036]: (521.1617285479448,1)
[1037]: (521.5967821531239,1)
[1038]: (521.6395929950753,1)
[1039]: (521.7677060434088,1)
[1040]: (521.2130148451572,1)
[1041]: (521.2400562138072,1)
[1042]: (521.10698493643,1)
[1043]: (521.6666007855395,1)
[1044]: (521.0639323962283,1)
[1045]: (521.2309440766693,1)
[1046]: (521.655993146764,1)
[1047]: (521.1644649834853,1)
[1048]: (521.0704907521258,1)
[1049]: (522.3129689725076,1)
[1050]: (521.022445008604,1)
[1051]: (521.3880718940144,1)
[1052]: (521.0240586227944,1)
[1053]: (521.0148114804819,1)
[1054]: (521.3408766407499,1)
[1055]: (521.5636683042322,1)
[1056]: (522.3525920533309,1)
[1057]: (521.7856376306486,1)
[1058]: (521.6361694243682,1)
[1059]: (521.9122895671451,1)
[1060]: (521.2661665284339,1)
[1061]: (521.0137768820377,1)
[1062]: (521.0104031540886,1)
[1063]: (521.3867020978025,1)
[1064]: (521.1989659287843,1)
[1065]: (521.5232701611995,1)
[1066]: (521.3016477547534,1)
[1067]: (521.0071385184,1)
[1068]: (521.0930539119732,1)
[1069]: (521.2873036359296,1)
[1070]: (521.1172897818666,1)
[1071]: (521.0831133461596,1)
[1072]: (521.6855361095638,1)
[1073]: (521.2162563433036,1)
[1074]: (521.113218624641,1)
[1075]: (521.1250301035326,1)
[1076]: (521.1972710933654,1)
[1077]: (521.5645350165837,1)
[1078]: (521.2265401789666,1)
[1079]: (521.1951973527664,1)
[1080]: (521.2613942095842,1)
[1081]: (521.3580648115114,1)
[1082]: (521.6425643516868,1)
[1083]: (521.6126858009301,1)
[1084]: (521.2523411426071,1)
[1085]: (521.1031096842788,1)
[1086]: (521.7407002043636,1)
[1087]: (521.3423418387911,1)
[1088]: (522.6886023467023,1)
[1089]: (521.0562876403204,1)
[1090]: (521.1274104274879,1)
[1091]: (521.0550303389113,1)
[1092]: (521.249982277768,1)
[1093]: (521.0988616727235,1)
[1094]: (521.2702671041249,1)
[1095]: (521.0125322524112,1)
[1096]: (521.0344057386819,1)
[1097]: (521.0853240410632,1)
[1098]: (521.0466019313669,1)
[1099]: (521.2690037459668,1)
[1100]: (522.6177952808144,1)
[1101]: (521.8053254403902,1)
[1102]: (521.2357358421582,1)
[1103]: (521.0589396669383,1)
[1104]: (521.1552524425487,1)
[1105]: (521.133710491982,1)
[1106]: (521.5494205762593,1)
[1107]: (521.5341605824335,1)
[1108]: (521.109076040089,1)
[1109]: (521.0249146666409,1)
[1110]: (521.3971091256069,1)
[1111]: (521.4779961315159,1)
[1112]: (521.6717984518318,1)
[1113]: (521.1138189645084,1)
[1114]: (521.458689143653,1)
[1115]: (521.4015899908584,1)
[1116]: (521.2976577727184,1)
[1117]: (521.5547261979472,1)
[1118]: (521.2547651477469,1)
[1119]: (521.4242808935193,1)
[1120]: (521.1560564486592,1)
[1121]: (521.3196253854569,1)
[1122]: (521.0701299024486,1)
[1123]: (521.5858057582062,1)
[1124]: (521.0954575904279,1)
[1125]: (521.97347941244,1)
[1126]: (521.6929068570864,1)
[1127]: (521.1683057196399,1)
[1128]: (521.1772340658144,1)
[1129]: (521.2096079772467,1)
[1130]: (521.0113750772942,1)
[1131]: (521.0632468187235,1)
[1132]: (521.0944154970905,1)
[1133]: (521.436173320979,1)
[1134]: (521.3521207745969,1)
[1135]: (521.2097248699059,1)
[1136]: (521.6246561597241,1)
[1137]: (521.1298140253422,1)
[1138]: (521.1420797015313,1)
[1139]: (521.0645006628993,1)
[1140]: (521.1030633555793,1)
[1141]: (521.0975169721943,1)
[1142]: (521.243641099504,1)
[1143]: (521.0073118386904,1)
[1144]: (521.1478439335355,1)
[1145]: (521.2745168152809,1)
[1146]: (521.0296737038183,1)
[1147]: (521.1004189545006,1)
[1148]: (521.0684167167157,1)
[1149]: (521.0257456737005,1)
[1150]: (521.7419957307075,1)
[1151]: (521.8705968121533,1)
[1152]: (521.0566917674876,1)
[1153]: (521.2160933243337,1)
[1154]: (521.0544078697674,1)
[1155]: (521.4581935354328,1)
[1156]: (521.0621712204189,1)
[1157]: (521.0973114577445,1)
[1158]: (521.3300955193355,1)
[1159]: (521.2545311235932,1)
[1160]: (521.2622088626013,1)
[1161]: (521.4191245900139,1)
[1162]: (521.0794761726607,1)
[1163]: (521.0377670246719,1)
[1164]: (521.1934995803143,1)
[1165]: (521.830014740106,1)
[1166]: (521.4074697449116,1)
[1167]: (521.0459468806438,1)
[1168]: (521.1801957123911,1)
[1169]: (521.0664494567845,1)
[1170]: (521.2048672491114,1)
[1171]: (521.1222446259379,1)
[1172]: (521.3685739355921,1)
[1173]: (521.8109973311761,1)
[1174]: (521.0090689150425,1)
[1175]: (521.1128300420769,1)
[1176]: (521.1080208456113,1)
[1177]: (521.0389164645246,1)
[1178]: (521.3334739696495,1)
[1179]: (521.3027225502721,1)
[1180]: (521.1555416133718,1)
[1181]: (521.0499780821063,1)
[1182]: (521.8976487713157,1)
[1183]: (521.5916801792512,1)
[1184]: (522.2806899141418,1)
[1185]: (521.1589396973477,1)
[1186]: (521.7656116531566,1)
[1187]: (521.0061133308096,1)
[1188]: (521.4050716068288,1)
[1189]: (521.2035109464574,1)
[1190]: (521.1592794417824,1)
[1191]: (522.0840834493803,1)
[1192]: (521.0392640457094,1)
[1193]: (522.6712665447045,1)
[1194]: (521.1057949270677,1)
[1195]: (521.1840088608716,1)
[1196]: (521.1031706455117,1)
[1197]: (521.3415191599275,1)
[1198]: (521.4240097454532,1)
[1199]: (521.7760594356193,1)
[1200]: (521.403922674798,1)
[1201]: (522.0115269944916,1)
[1202]: (521.066252400326,1)
[1203]: (521.0573418620361,1)
[1204]: (521.2865269882122,1)
[1205]: (521.0390652938531,1)
[1206]: (521.0862531680979,1)
[1207]: (521.458636932016,1)
[1208]: (521.0036035317127,1)
[1209]: (521.0646872951636,1)
[1210]: (521.077398302533,1)
[1211]: (521.1250980780918,1)
[1212]: (521.0118091132703,1)
[1213]: (521.5120250377312,1)
[1214]: (521.0616792721336,1)
[1215]: (521.229745386685,1)
[1216]: (521.708156275191,1)
[1217]: (521.3178553858946,1)
[1218]: (521.1398997882601,1)
[1219]: (522.0706254302606,1)
[1220]: (521.9243610121272,1)
[1221]: (521.9680818415627,1)
[1222]: (521.1259167764233,1)
[1223]: (521.0171527547741,1)
[1224]: (521.3979303101086,1)
[1225]: (521.0982275324061,1)
[1226]: (521.3446075599782,1)
[1227]: (521.1416392331455,1)
[1228]: (522.2305728836602,1)
[1229]: (521.6758507527443,1)
[1230]: (521.0114147763794,1)
[1231]: (521.0780304624091,1)
[1232]: (521.3228985076996,1)
[1233]: (521.3553335434592,1)
[1234]: (521.2957658814755,1)
[1235]: (521.1384021511871,1)
[1236]: (521.4373411381781,1)
[1237]: (521.0348894246456,1)
[1238]: (521.7861527017661,1)
[1239]: (521.5426753784521,1)
[1240]: (521.2348796148959,1)
[1241]: (521.1714285801814,1)
[1242]: (521.1867966311341,1)
[1243]: (521.1661810075074,1)
[1244]: (521.2820733254268,1)
[1245]: (521.334805029571,1)
[1246]: (521.0252836809548,1)
[1247]: (521.54858712447,1)
[1248]: (521.127532697669,1)
[1249]: (521.2353678119443,1)
[1250]: (521.5891744702947,1)
[1251]: (521.0755160303275,1)
[1252]: (521.4020750073088,1)
[1253]: (521.0037114922428,1)
[1254]: (521.1435510518966,1)
[1255]: (521.0499803770805,1)
[1256]: (521.5965278051885,1)
[1257]: (521.1516632236435,1)
[1258]: (521.7242563276504,1)
[1259]: (521.1655758432153,1)
[1260]: (521.0904924662733,1)
[1261]: (522.2882948805815,1)
[1262]: (521.3868165215,1)
[1263]: (521.0591678350077,1)
[1264]: (521.1080127339033,1)
[1265]: (521.0888862074844,1)
[1266]: (521.2577419850794,1)
[1267]: (521.4896743284387,1)
[1268]: (521.4744744324046,1)
[1269]: (521.6273873663525,1)
[1270]: (521.3335218146634,1)
[1271]: (521.1829576176864,1)
[1272]: (521.0340423645863,1)
[1273]: (521.1426979013419,1)
[1274]: (521.2793512800083,1)
[1275]: (521.0408065447241,1)
[1276]: (521.5709818460529,1)
[1277]: (521.0203320664535,1)
[1278]: (521.3144688921722,1)
[1279]: (521.6773096152779,1)
[1280]: (521.0113877111513,1)
[1281]: (521.0537730071501,1)
[1282]: (521.2388717586909,1)
[1283]: (521.5509290843997,1)
[1284]: (521.1280788204764,1)
[1285]: (521.1863759013805,1)
[1286]: (521.784972669709,1)
[1287]: (521.006468944325,1)
[1288]: (521.0332485989294,1)
[1289]: (521.5641229644981,1)
[1290]: (521.1449295030925,1)
[1291]: (521.3529551807101,1)
[1292]: (521.3051811794973,1)
[1293]: (521.2258804752461,1)
[1294]: (521.2086640878108,1)
[1295]: (521.2169148223447,1)
[1296]: (521.1110377228391,1)
[1297]: (521.286322259816,1)
[1298]: (521.238929865423,1)
[1299]: (522.3288117894779,1)
[1300]: (521.0613523855247,1)
[1301]: (521.3698760281279,1)
[1302]: (521.0225184789995,1)
[1303]: (521.1830960120882,1)
[1304]: (521.6906187539662,1)
[1305]: (521.1577489124237,1)
[1306]: (521.4926376772733,1)
[1307]: (521.2574605510064,1)
[1308]: (521.4636045401212,1)
[1309]: (521.0063574582985,1)
[1310]: (521.1863767465994,1)
[1311]: (521.7247182610117,1)
[1312]: (521.789611939805,1)
[1313]: (521.2928331120755,1)
[1314]: (521.3021149030234,1)
[1315]: (521.555255471028,1)
[1316]: (521.387478736507,1)
[1317]: (521.0193238206984,1)
[1318]: (521.0525771829916,1)
[1319]: (521.2249165318578,1)
[1320]: (521.4900805823427,1)
[1321]: (521.6413994284825,1)
[1322]: (521.2374433763684,1)
[1323]: (521.2404370191488,1)
[1324]: (521.2824284732081,1)
[1325]: (521.5039255013404,1)
[1326]: (521.2451142169812,1)
[1327]: (521.6718965776319,1)
[1328]: (521.071251802681,1)
[1329]: (521.0658273381808,1)
[1330]: (521.1954908840291,1)
[1331]: (521.0932044951078,1)
[1332]: (521.1877037923546,1)
[1333]: (521.0012517981093,1)
[1334]: (521.0428129627466,1)
[1335]: (521.1920893217235,1)
[1336]: (521.4398456792431,1)
[1337]: (521.4981526504667,1)
[1338]: (521.1689961207882,1)
[1339]: (521.3041372397613,1)
[1340]: (521.1826946660601,1)
[1341]: (521.1556711456086,1)
[1342]: (521.1842051955616,1)
[1343]: (521.0230538346162,1)
[1344]: (521.8619715502566,1)
[1345]: (522.1645518148323,1)
[1346]: (522.295317712439,1)
[1347]: (521.2891592047474,1)
[1348]: (521.0260144842106,1)
[1349]: (521.5632754439501,1)
[1350]: (521.3806171414903,1)
[1351]: (521.0555515339014,1)
[1352]: (521.0841061305443,1)
[1353]: (521.2520333562205,1)
[1354]: (521.5484014391425,1)
[1355]: (521.2822273187036,1)
[1356]: (521.0946588438399,1)
[1357]: (521.357650597517,1)
[1358]: (521.1656473812179,1)
[1359]: (521.0221733355366,1)
[1360]: (521.0754981712788,1)
[1361]: (522.0005200274322,1)
[1362]: (521.4621365735609,1)
[1363]: (521.1383925439616,1)
[1364]: (521.1897973477113,1)
[1365]: (521.099915386308,1)
[1366]: (521.1000977277877,1)
[1367]: (521.5154945893823,1)
[1368]: (521.2257713868854,1)
[1369]: (521.3552370712094,1)
[1370]: (521.1293515598709,1)
[1371]: (521.7011153323455,1)
[1372]: (521.128586682674,1)
[1373]: (521.2699994836321,1)
[1374]: (521.1469528693185,1)
[1375]: (521.378215588564,1)
[1376]: (521.3486805919481,1)
[1377]: (521.1064276703229,1)
[1378]: (521.0433500505059,1)
[1379]: (521.0671105479086,1)
[1380]: (521.255348090628,1)
[1381]: (521.7051125669609,1)
[1382]: (521.4166350887059,1)
[1383]: (521.0048063341156,1)
[1384]: (521.0941457884287,1)
[1385]: (521.2253052032702,1)
[1386]: (521.4867426923703,1)
[1387]: (521.6982413960895,1)
[1388]: (521.1214599188236,1)
[1389]: (521.0460967773819,1)
[1390]: (521.8453447548198,1)
[1391]: (521.7175077684262,1)
[1392]: (521.0037630510924,1)
[1393]: (521.2382248206799,1)
[1394]: (521.0736165099826,1)
[1395]: (521.176637112208,1)
[1396]: (521.1998865098548,1)
[1397]: (521.0267756467445,1)
[1398]: (521.3499859360127,1)
[1399]: (521.1513331197693,1)
[1400]: (521.3428003970059,1)
[1401]: (521.4147380049683,1)
[1402]: (521.1589231246847,1)
[1403]: (521.0828846947255,1)
[1404]: (521.0779134515873,1)
[1405]: (521.2593429913775,1)
[1406]: (521.0353202600761,1)
[1407]: (521.0233828087121,1)
[1408]: (522.2021643170941,1)
[1409]: (521.0409929809922,1)
[1410]: (521.1807884961745,1)
[1411]: (521.0539741126536,1)
[1412]: (521.5114502425444,1)
[1413]: (521.0517786080056,1)
[1414]: (521.1584988650876,1)
[1415]: (521.1474062276363,1)
[1416]: (521.3101347178372,1)
[1417]: (521.940620687876,1)
[1418]: (521.1698750079479,1)
[1419]: (521.2531104447365,1)
[1420]: (521.0234534928177,1)
[1421]: (521.3152582129043,1)
[1422]: (521.2067253887891,1)
[1423]: (521.103871813795,1)
[1424]: (521.6759581637323,1)
[1425]: (521.1193310119914,1)
[1426]: (521.0462446058231,1)
[1427]: (521.134737915341,1)
[1428]: (521.1584980364947,1)
[1429]: (521.0070235173486,1)
[1430]: (521.0260097737291,1)
[1431]: (521.3663730061664,1)
[1432]: (521.290897905854,1)
[1433]: (521.1937996492665,1)
[1434]: (521.2783029951047,1)
[1435]: (521.1466061746046,1)
[1436]: (521.0321167428201,1)
[1437]: (521.7467933555147,1)
[1438]: (521.0976212569085,1)
[1439]: (521.3662055554287,1)
[1440]: (522.1938045974255,1)
[1441]: (521.1477010938564,1)
[1442]: (521.1087870099886,1)
[1443]: (521.2131852872158,1)
[1444]: (521.3848143134533,1)
[1445]: (521.0599484424407,1)
[1446]: (521.3866304648774,1)
[1447]: (521.1036817742016,1)
[1448]: (521.1280736503162,1)
[1449]: (521.4445461650839,1)
[1450]: (521.0057193840547,1)
[1451]: (521.9425759457422,1)
[1452]: (521.6626415087126,1)
[1453]: (521.7724282033647,1)
[1454]: (521.5068364256891,1)
[1455]: (521.2312147617088,1)
[1456]: (521.401575050419,1)
[1457]: (521.1607529567882,1)
[1458]: (521.0394635810089,1)
[1459]: (521.3725827975535,1)
[1460]: (521.638136090212,1)
[1461]: (521.1299539837216,1)
[1462]: (521.6041276563883,1)
[1463]: (521.2190730763471,1)
[1464]: (521.529389678407,1)
[1465]: (521.1699203184879,1)
[1466]: (521.0178074506099,1)
[1467]: (521.1012619299618,1)
[1468]: (521.0778359745181,1)
[1469]: (521.2933544825485,1)
[1470]: (521.5365576851972,1)
[1471]: (521.5313934904475,1)
[1472]: (521.8315418762206,1)
[1473]: (521.5727262592799,1)
[1474]: (521.4826665305519,1)
[1475]: (521.1253883872226,1)
[1476]: (521.0947260540325,1)
[1477]: (521.0609354491779,1)
[1478]: (521.1734413489864,1)
[1479]: (521.638075147987,1)
[1480]: (521.0420450832346,1)
[1481]: (521.2238329433068,1)
[1482]: (521.465563359787,1)
[1483]: (521.3373770132049,1)
[1484]: (521.0093533442272,1)
[1485]: (522.2208830620494,1)
[1486]: (521.6602520888338,1)
[1487]: (521.0018064923431,1)
[1488]: (521.0501994001111,1)
[1489]: (521.3191621618151,1)
[1490]: (521.3426366843858,1)
[1491]: (521.342843742199,1)
[1492]: (521.463971514795,1)
[1493]: (521.1844889779875,1)
[1494]: (521.0010004789301,1)
[1495]: (521.6488835643538,1)
[1496]: (521.0107602970629,1)
[1497]: (521.2133099711342,1)
[1498]: (521.3501361404893,1)
[1499]: (521.1556169810277,1)
[1500]: (521.2267894935472,1)
[1501]: (521.3467518307775,1)
[1502]: (521.4345884523739,1)
[1503]: (521.0915479554171,1)
[1504]: (521.0986357431301,1)
[1505]: (521.7146755264537,1)
[1506]: (522.2022736708593,1)
[1507]: (521.2104926536215,1)
[1508]: (521.3801416634168,1)
[1509]: (521.8258690074296,1)
[1510]: (521.0244155382507,1)
[1511]: (521.065119534792,1)
[1512]: (521.552027289143,1)
[1513]: (522.0542171722074,1)
[1514]: (521.3977814195842,1)
[1515]: (521.1746241645242,1)
[1516]: (521.0958804718454,1)
[1517]: (521.0885891413259,1)
[1518]: (521.0178982844395,1)
[1519]: (521.2176031850798,1)
[1520]: (521.0538163689652,1)
[1521]: (521.1445297331524,1)
[1522]: (521.5238507335486,1)
[1523]: (521.1912355425768,1)
[1524]: (521.3053281764059,1)
[1525]: (521.633781118078,1)
[1526]: (522.1638884838683,1)
[1527]: (521.627925243983,1)
[1528]: (521.056740034726,1)
[1529]: (521.2456518379428,1)
[1530]: (521.063906943219,1)
[1531]: (521.0922123648371,1)
[1532]: (521.1563387489161,1)
[1533]: (521.1910789189143,1)
[1534]: (521.1540268004751,1)
[1535]: (521.0013680672299,1)
[1536]: (521.0321965516363,1)
[1537]: (521.7052388404664,1)
[1538]: (521.2990323132875,1)
[1539]: (521.3973513326065,1)
[1540]: (521.0044879372264,1)
[1541]: (521.3640015236288,1)
[1542]: (521.4331724820291,1)
[1543]: (521.1340150491368,1)
[1544]: (521.2622929289531,1)
[1545]: (521.0978689772802,1)
[1546]: (521.2925903715951,1)
[1547]: (521.0489999538162,1)
[1548]: (522.9635774304497,1)
[1549]: (521.515483970177,1)
[1550]: (521.0054158772222,1)
[1551]: (521.0447446994649,1)
[1552]: (521.6252137863171,1)
[1553]: (521.6335143452433,1)
[1554]: (521.4081683851156,1)
[1555]: (521.5242776774959,1)
[1556]: (521.3334513689466,1)
[1557]: (521.1265317034417,1)
[1558]: (521.0226022999283,1)
[1559]: (521.4954167733384,1)
[1560]: (521.3918257560121,1)
[1561]: (522.3590746457297,1)
[1562]: (521.0545787649936,1)
[1563]: (521.5665671179651,1)
[1564]: (521.0353837433765,1)
[1565]: (521.0779635830529,1)
[1566]: (521.0450476538948,1)
[1567]: (521.3030909564892,1)
[1568]: (521.6293558400045,1)
[1569]: (521.58116268033,1)
[1570]: (521.5052103901011,1)
[1571]: (521.7412279822222,1)
[1572]: (521.1420335088682,1)
[1573]: (521.0749010382375,1)
[1574]: (521.3066801250895,1)
[1575]: (521.109345215336,1)
[1576]: (521.1709676648745,1)
[1577]: (521.0123594714391,1)
[1578]: (521.4629409151012,1)
[1579]: (521.4031108036349,1)
[1580]: (521.7087117142609,1)
[1581]: (521.8103283933298,1)
[1582]: (521.8268400820507,1)
[1583]: (521.1142465874784,1)
[1584]: (521.319195176799,1)
[1585]: (521.0163175870774,1)
[1586]: (521.364086896825,1)
[1587]: (521.3541383037789,1)
[1588]: (521.2620948769429,1)
[1589]: (521.0666088341609,1)
[1590]: (521.857969848252,1)
[1591]: (521.1865552837623,1)
[1592]: (521.1509058964422,1)
[1593]: (521.088596936534,1)
[1594]: (521.5800281003393,1)
[1595]: (521.1951704918156,1)
[1596]: (521.2242236665169,1)
[1597]: (521.5175765346398,1)
[1598]: (521.6942644693755,1)
[1599]: (521.4004643172959,1)
[1600]: (521.0748393169252,1)
[1601]: (521.2193520213618,1)
[1602]: (521.4320876324936,1)
[1603]: (521.3004442775928,1)
[1604]: (521.5292075337169,1)
[1605]: (521.1209638002936,1)
[1606]: (521.1138260442738,1)
[1607]: (521.086641558158,1)
[1608]: (521.1629367834181,1)
[1609]: (521.1579655387678,1)
[1610]: (521.6622454006914,1)
[1611]: (521.2366160950604,1)
[1612]: (521.1765545277229,1)
[1613]: (521.3807819286765,1)
[1614]: (521.055987443111,1)
[1615]: (521.3442740256369,1)
[1616]: (521.1533251038099,1)
[1617]: (521.0885023621704,1)
[1618]: (521.7347345900507,1)
[1619]: (521.2635863852747,1)
[1620]: (521.0722201311277,1)
[1621]: (521.1700984364168,1)
[1622]: (521.2522915587301,1)
[1623]: (521.6926490641756,1)
[1624]: (521.5219731515826,1)
[1625]: (521.0340920340491,1)
[1626]: (521.2852050491732,1)
[1627]: (522.3148291282151,1)
[1628]: (521.3209956440404,1)
[1629]: (521.2703426119845,1)
[1630]: (521.2822476805333,1)
[1631]: (521.304384808949,1)
[1632]: (521.0077644478674,1)
[1633]: (521.2511397296913,1)
[1634]: (521.8975491546913,1)
[1635]: (521.7111883437467,1)
[1636]: (521.4693253811186,1)
[1637]: (521.157308643016,1)
[1638]: (521.0212840550585,1)
[1639]: (521.1803155788856,1)
[1640]: (521.0354710267529,1)
[1641]: (521.1884856537897,1)
[1642]: (521.1249866039516,1)
[1643]: (521.6912193837107,1)
[1644]: (521.8780813285322,1)
[1645]: (521.18700645284,1)
[1646]: (521.3216363312971,1)
[1647]: (521.0376676000051,1)
[1648]: (521.2210936019886,1)
[1649]: (521.2831917199426,1)
[1650]: (521.1175484525747,1)
[1651]: (521.0591897832666,1)
[1652]: (522.5712928299829,1)
[1653]: (521.0888712501082,1)
[1654]: (521.1862045008244,1)
[1655]: (521.287587157981,1)
[1656]: (521.0330930320863,1)
[1657]: (521.0017364889347,1)
[1658]: (521.829354743906,1)
[1659]: (521.0699882620373,1)
[1660]: (521.4800180701745,1)
[1661]: (521.3817971868932,1)
[1662]: (521.526983360936,1)
[1663]: (521.3104699022157,1)
[1664]: (521.2410331796649,1)
[1665]: (521.4593699564275,1)
[1666]: (521.050314078983,1)
[1667]: (521.1478636341679,1)
[1668]: (521.0288796661883,1)
[1669]: (521.293359333695,1)
[1670]: (521.454093915862,1)
[1671]: (521.0634771257256,1)
[1672]: (521.0793553752037,1)
[1673]: (521.0787752046645,1)
[1674]: (521.2306279605421,1)
[1675]: (521.1677952400488,1)
[1676]: (521.2542226437389,1)
[1677]: (521.2662642186344,1)
[1678]: (521.2173776429081,1)
[1679]: (521.0223579451537,1)
[1680]: (521.1902038577899,1)
[1681]: (521.0428641471193,1)
[1682]: (521.1196924318753,1)
[1683]: (521.2099984602112,1)
[1684]: (521.5183137215414,1)
[1685]: (521.0778466947205,1)
[1686]: (521.0146810386043,1)
[1687]: (521.2881593997092,1)
[1688]: (521.0755124115832,1)
[1689]: (521.132877980648,1)
[1690]: (521.4638968301931,1)
[1691]: (521.0211895980339,1)
[1692]: (522.2343077018843,1)
[1693]: (521.1065808791905,1)
[1694]: (521.3680821564399,1)
[1695]: (521.0766753345285,1)
[1696]: (521.1209623068758,1)
[1697]: (521.0991828752227,1)
[1698]: (521.0558575655728,1)
[1699]: (521.2338073728384,1)
[1700]: (521.2136861847271,1)
[1701]: (521.2185703036643,1)
[1702]: (521.0208626731742,1)
[1703]: (521.4681373657033,1)
[1704]: (521.3911303025093,1)
[1705]: (521.5825175352772,1)
[1706]: (521.0411934333406,1)
[1707]: (521.2122926813421,1)
[1708]: (521.6192808713774,1)
[1709]: (521.3512980872667,1)
[1710]: (521.202656587786,1)
[1711]: (521.8807217714985,1)
[1712]: (521.5191432674136,1)
[1713]: (521.0897508050514,1)
[1714]: (521.0897114442266,1)
[1715]: (521.0584188398846,1)
[1716]: (521.5371821444478,1)
[1717]: (521.0901424064671,1)
[1718]: (521.0097261958813,1)
[1719]: (521.0900266644684,1)
[1720]: (521.0650702265975,1)
[1721]: (521.2103229360949,1)
[1722]: (521.0098249387826,1)
[1723]: (521.5166204437493,1)
[1724]: (521.361518233021,1)
[1725]: (522.0522040913239,1)
[1726]: (521.0835953631699,1)
[1727]: (521.3123111698696,1)
[1728]: (521.5676582916545,1)
[1729]: (521.4272898353927,1)
[1730]: (521.2618916888742,1)
[1731]: (521.1117944646154,1)
[1732]: (521.5377966635319,1)
[1733]: (521.1026699860732,1)
[1734]: (521.5066523324753,1)
[1735]: (521.2091053824769,1)
[1736]: (521.3463712919461,1)
[1737]: (521.5839206919184,1)
[1738]: (521.4233584522586,1)
[1739]: (521.0387241582916,1)
[1740]: (521.200948976307,1)
[1741]: (521.129833847491,1)
[1742]: (521.1738950228919,1)
[1743]: (521.0032530954114,1)
[1744]: (521.0741418264553,1)
[1745]: (521.0679325526079,1)
[1746]: (521.8381910128853,1)
[1747]: (521.1495274539798,1)
[1748]: (521.0673427080429,1)
[1749]: (521.922103465868,1)
[1750]: (521.0442081794664,1)
[1751]: (521.0282747716448,1)
[1752]: (521.2012579779479,1)
[1753]: (521.58232905369,1)
[1754]: (521.4238225504287,1)
[1755]: (521.3069497280201,1)
[1756]: (521.529092188469,1)
[1757]: (521.0041430885112,1)
[1758]: (522.1291585310894,1)
[1759]: (521.0454575875953,1)
[1760]: (521.7247784709413,1)
[1761]: (521.0635017059348,1)
[1762]: (521.0247242911279,1)
[1763]: (521.4478150077205,1)
[1764]: (521.2666529603498,1)
[1765]: (521.2212201233766,1)
[1766]: (521.0748088131588,1)
[1767]: (521.7226372011602,1)
[1768]: (521.2196393723768,1)
[1769]: (521.4593336143413,1)
[1770]: (521.1165851345075,1)
[1771]: (521.6505169621527,1)
[1772]: (521.2083395890293,1)
[1773]: (521.083720272887,1)
[1774]: (521.5973396452019,1)
[1775]: (521.5127102221278,1)
[1776]: (521.165633093294,1)
[1777]: (521.7553152259269,1)
[1778]: (521.2261259774372,1)
[1779]: (521.0305775988497,1)
[1780]: (521.5663196624658,1)
[1781]: (521.589147109974,1)
[1782]: (521.7319316213378,1)
[1783]: (521.0627025535316,1)
[1784]: (521.3249417590401,1)
[1785]: (521.1239325362901,1)
[1786]: (521.0837319613071,1)
[1787]: (521.10313656012,1)
[1788]: (521.2831639666723,1)
[1789]: (521.6596751566785,1)
[1790]: (521.031987057082,1)
[1791]: (521.4533657503877,1)
[1792]: (521.0751102244861,1)
[1793]: (521.2245510612523,1)
[1794]: (521.9135980320269,1)
[1795]: (521.5998576827519,1)
[1796]: (521.265775232704,1)
[1797]: (521.0660345975558,1)
[1798]: (521.6695615356924,1)
[1799]: (521.5994738216064,1)
[1800]: (521.6189067445609,1)
[1801]: (521.1173785213812,1)
[1802]: (521.0725352000022,1)
[1803]: (521.4683160130428,1)
[1804]: (521.1280511383191,1)
[1805]: (521.3761200788068,1)
[1806]: (521.0602443734923,1)
[1807]: (521.6494616207049,1)
[1808]: (521.2563722832018,1)
[1809]: (521.1325150518024,1)
[1810]: (521.2184417866769,1)
[1811]: (521.1317815527134,1)
[1812]: (521.0509645212481,1)
[1813]: (521.1571739059082,1)
[1814]: (521.2597282182568,1)
[1815]: (521.5840186975962,1)
[1816]: (521.4315068810312,1)
[1817]: (521.2002173169074,1)
[1818]: (521.0192093022168,1)
[1819]: (521.1385282917395,1)
[1820]: (521.6149080619944,1)
[1821]: (521.0196305524703,1)
[1822]: (521.0908460234708,1)
[1823]: (521.0412622656545,1)
[1824]: (521.9419728680326,1)
[1825]: (521.6479667689215,1)
[1826]: (521.2275124365382,1)
[1827]: (521.2192334352736,1)
[1828]: (521.1535766338197,1)
[1829]: (521.180574113023,1)
[1830]: (521.4202419284185,1)
[1831]: (521.2874411277498,1)
[1832]: (521.9280572255244,1)
[1833]: (521.268875722231,1)
[1834]: (521.0151874231321,1)
[1835]: (521.1256895716549,1)
[1836]: (521.4977229960695,1)
[1837]: (521.1943346942712,1)
[1838]: (521.7858567655223,1)
[1839]: (521.159084531645,1)
[1840]: (521.4232539797193,1)
[1841]: (521.4870652428181,1)
[1842]: (521.1468109668707,1)
[1843]: (521.9912634198967,1)
[1844]: (521.1193098093776,1)
[1845]: (521.2764572675632,1)
[1846]: (521.2512129381016,1)
[1847]: (521.0326906510182,1)
[1848]: (521.0409474549988,1)
[1849]: (521.4803303980162,1)
[1850]: (521.179198148362,1)
[1851]: (521.5350549977056,1)
[1852]: (521.2682419054049,1)
[1853]: (521.0259280912592,1)
[1854]: (521.2626506968288,1)
[1855]: (521.1847323695113,1)
[1856]: (521.6276233315684,1)
[1857]: (521.155408860127,1)
[1858]: (521.6197566964141,1)
[1859]: (521.8375832890486,1)
[1860]: (521.3595644663517,1)
[1861]: (521.5224878870722,1)
[1862]: (521.0950588228014,1)
[1863]: (521.2443416137669,1)
[1864]: (521.320789109431,1)
[1865]: (521.1084792554128,1)
[1866]: (521.2674025410247,1)
[1867]: (521.0102568949727,1)
[1868]: (521.028554187967,1)
[1869]: (522.4842904410865,1)
[1870]: (521.3058384611096,1)
[1871]: (522.067925662435,1)
[1872]: (522.6998255365445,1)
[1873]: (521.3511235527669,1)
[1874]: (521.1095827956819,1)
[1875]: (521.4525399868566,1)
[1876]: (521.0396524438452,1)
[1877]: (521.0837911122778,1)
[1878]: (521.4250470417661,1)
[1879]: (521.2993980555866,1)
[1880]: (521.7148994379603,1)
[1881]: (521.4278304884502,1)
[1882]: (521.3397436446342,1)
[1883]: (521.5435723331583,1)
[1884]: (521.0468563125639,1)
[1885]: (521.2714119551003,1)
[1886]: (521.010622876276,1)
[1887]: (521.6744502700853,1)
[1888]: (521.6580097285436,1)
[1889]: (521.0109210897284,1)
[1890]: (521.0343329041233,1)
[1891]: (521.0152750278025,1)
[1892]: (521.0598640725303,1)
[1893]: (521.0211623125032,1)
[1894]: (521.0014587814519,1)
[1895]: (521.0479023324953,1)
[1896]: (521.0925053639527,1)
[1897]: (521.0348851930044,1)
[1898]: (521.0723549765029,1)
[1899]: (521.198155566137,1)
[1900]: (521.3491731419116,1)
[1901]: (521.0199647288811,1)
[1902]: (521.1890745815296,1)
[1903]: (521.7214972394474,1)
[1904]: (521.2770199134235,1)
[1905]: (521.5181694762329,1)
[1906]: (521.490883978001,1)
[1907]: (521.032625975178,1)
[1908]: (522.2625470410935,1)
[1909]: (521.5874800258896,1)
[1910]: (521.0478369401907,1)
[1911]: (521.1703900464312,1)
[1912]: (521.3298210226604,1)
[1913]: (522.2953117074552,1)
[1914]: (521.3180613629665,1)
[1915]: (521.1649603445293,1)
[1916]: (521.270477714046,1)
[1917]: (521.0654871588076,1)
[1918]: (521.0139923183673,1)
[1919]: (521.3082460026351,1)
[1920]: (521.87982991663,1)
[1921]: (521.6269127512053,1)
[1922]: (521.0916808866497,1)
[1923]: (521.1187404004701,1)
[1924]: (521.3852491338664,1)
[1925]: (521.0450847544986,1)
[1926]: (521.4536033462218,1)
[1927]: (521.2314120221773,1)
[1928]: (521.1091020499372,1)
[1929]: (521.0665674908643,1)
[1930]: (521.056465360053,1)
[1931]: (521.5932618128803,1)
[1932]: (521.1306948511535,1)
[1933]: (521.1652743818636,1)
[1934]: (521.1694980140484,1)
[1935]: (521.130433616462,1)
[1936]: (521.1257621807567,1)
[1937]: (521.7860458636259,1)
[1938]: (521.5810739186792,1)
[1939]: (521.2230885537654,1)
[1940]: (521.0751046591676,1)
[1941]: (521.1327546507935,1)
[1942]: (521.2391817251801,1)
[1943]: (521.1507853005012,1)
[1944]: (521.5604722176668,1)
[1945]: (521.246553690206,1)
[1946]: (522.7444739055924,1)
[1947]: (521.24487486225,1)
[1948]: (521.57235430183,1)
[1949]: (521.6223207790638,1)
[1950]: (521.198809516378,1)
[1951]: (521.4623825123601,1)
[1952]: (521.122699356447,1)
[1953]: (521.4319833824047,1)
[1954]: (521.1135037982145,1)
[1955]: (521.3902806558345,1)
[1956]: (522.5049319202037,1)
[1957]: (521.1802839572447,1)
[1958]: (521.0099240661009,1)
[1959]: (521.2593476430463,1)
[1960]: (521.0497922646988,1)
[1961]: (521.8385298636583,1)
[1962]: (521.1423747451744,1)
[1963]: (521.3222380885328,1)
[1964]: (521.5215504952214,1)
[1965]: (521.7495714556105,1)
[1966]: (521.5784394602497,1)
[1967]: (521.1271283543463,1)
[1968]: (521.2219430262053,1)
[1969]: (521.3151987306192,1)
[1970]: (521.0074446504726,1)
[1971]: (521.0200781660114,1)
[1972]: (521.1346388330489,1)
[1973]: (521.5637047649143,1)
[1974]: (521.7424777433512,1)
[1975]: (521.165076052691,1)
[1976]: (522.2955219375683,1)
[1977]: (521.0197809417933,1)
[1978]: (521.5013810868021,1)
[1979]: (522.0609028772959,1)
[1980]: (522.0358883256415,1)
[1981]: (521.162879337595,1)
[1982]: (521.4850984089916,1)
[1983]: (521.1525105954893,1)
[1984]: (521.4409639548195,1)
[1985]: (521.3751596263838,1)
[1986]: (521.0547873566472,1)
[1987]: (521.5778259106839,1)
[1988]: (521.023949176539,1)
[1989]: (521.001759259254,1)
[1990]: (521.1045812682139,1)
[1991]: (521.1444553016344,1)
[1992]: (521.3794742503492,1)
[1993]: (521.3011673544503,1)
[1994]: (521.3212619487431,1)
[1995]: (521.1125406834411,1)
[1996]: (521.3917544012508,1)
[1997]: (521.1850980699661,1)
[1998]: (521.0023202862393,1)
[1999]: (521.0202603498858,1)
 -- States explored : 0 states
 -- CPU user time used : 2484110 ms
 -- Virtual memory used : 50956944 KiB
 -- Resident memory used : 50918432 KiB
executionTime: 14475
