core file size          (blocks, -c) unlimited
data seg size           (kbytes, -d) unlimited
scheduling priority             (-e) 0
file size               (blocks, -f) unlimited
pending signals                 (-i) 4077086
max locked memory       (kbytes, -l) 64
max memory size         (kbytes, -m) 133169152
open files                      (-n) 4096
pipe size            (512 bytes, -p) 8
POSIX message queues     (bytes, -q) 819200
real-time priority              (-r) 0
stack size              (kbytes, -s) 8192
cpu time               (seconds, -t) unlimited
max user processes              (-u) 4077086
virtual memory          (kbytes, -v) 127000000
file locks                      (-x) unlimited
Options for the verification:
  Generating some trace
  Search order is random depth first
  Using conservative space optimisation
  Seed is 1557156961
  State space representation uses minimal constraint systems
  Using HashMap + Compress integers for discrete state storage

Verifying formula 1 at ../queries/SP_300_97_2.q:1
 -- Formula is satisfied.
(9000 runs)
Learning statistics for best strategy: 
	Number of resets: 1
	Number of iterations in last reset: 10
	Number of iterations in total: 25

 -- States explored : 0 states
 -- CPU user time used : 3689400 ms
 -- Virtual memory used : 42650520 KiB
 -- Resident memory used : 42610168 KiB

Verifying formula 2 at ../queries/SP_300_97_2.q:2
 -- Formula is satisfied.
Composer.Done:
[0]: (0,0) (1524.090847238493,1)
[1]: (1522.600103050216,1)
[2]: (1525.074119945381,1)
[3]: (1528.660144608813,1)
[4]: (1521.020080326358,1)
[5]: (1525.075371308923,1)
[6]: (1521.535208872635,1)
[7]: (1531.138064589956,1)
[8]: (1526.722422800723,1)
[9]: (1522.317440344551,1)
[10]: (1522.198703616337,1)
[11]: (1523.155531852711,1)
[12]: (1522.527523966834,1)
[13]: (1521.828569077339,1)
[14]: (1528.028757638344,1)
[15]: (1523.057934711836,1)
[16]: (1523.052391383572,1)
[17]: (1521.012890699843,1)
[18]: (1522.50774771544,1)
[19]: (1521.31623380275,1)
[20]: (1521.600311792254,1)
[21]: (1522.333662342733,1)
[22]: (1523.140905962496,1)
[23]: (1525.09005876246,1)
[24]: (1528.000090504825,1)
[25]: (1523.112561552436,1)
[26]: (1524.390666864558,1)
[27]: (1528.084522661879,1)
[28]: (1522.371476398959,1)
[29]: (1526.003429492635,1)
[30]: (1524.406064664953,1)
[31]: (1522.59133380904,1)
[32]: (1524.254520823614,1)
[33]: (1524.112533750307,1)
[34]: (1523.084059474451,1)
[35]: (1521.034744395109,1)
[36]: (1520.441442546908,1)
[37]: (1529.917638347486,1)
[38]: (1521.180786386544,1)
[39]: (1521.073887875122,1)
[40]: (1522.048077587377,1)
[41]: (1524.488220738666,1)
[42]: (1521.450014208018,1)
[43]: (1524.85915993312,1)
[44]: (1523.680623490942,1)
[45]: (1524.126639988733,1)
[46]: (1530.291836317684,1)
[47]: (1530.238552710182,1)
[48]: (1520.21345681355,1)
[49]: (1526.11267721979,1)
[50]: (1525.361560402004,1)
[51]: (1528.088462281403,1)
[52]: (1523.573640683365,1)
[53]: (1523.363028624488,1)
[54]: (1520.233262739355,1)
[55]: (1521.235025855843,1)
[56]: (1523.210228486046,1)
[57]: (1520.382662907943,1)
[58]: (1521.298894403713,1)
[59]: (1520.427946619581,1)
[60]: (1524.702272728331,1)
[61]: (1521.268727232974,1)
[62]: (1529.031902709053,1)
[63]: (1520.338919530088,1)
[64]: (1520.454411452214,1)
[65]: (1521.103414758218,1)
[66]: (1522.497632010301,1)
[67]: (1525.011430432921,1)
[68]: (1522.001935693628,1)
[69]: (1525.126066552934,1)
[70]: (1523.21483773213,1)
[71]: (1521.234471864128,1)
[72]: (1522.080368527103,1)
[73]: (1524.293700110806,1)
[74]: (1525.259371295402,1)
[75]: (1524.091103610804,1)
[76]: (1523.020847150805,1)
[77]: (1522.767308095312,1)
[78]: (1531.817898926933,1)
[79]: (1521.694400730155,1)
[80]: (1521.057383425491,1)
[81]: (1522.272225617754,1)
[82]: (1522.068059013038,1)
[83]: (1522.250778731381,1)
[84]: (1529.001208283099,1)
[85]: (1521.548231611899,1)
[86]: (1524.1312545836,1)
[87]: (1520.859833558106,1)
[88]: (1522.037430159878,1)
[89]: (1522.030467012826,1)
[90]: (1525.012356083398,1)
[91]: (1521.00640127027,1)
[92]: (1524.026759028131,1)
[93]: (1521.125616357868,1)
[94]: (1522.055395261201,1)
[95]: (1522.392210294985,1)
[96]: (1522.280365153956,1)
[97]: (1521.269159227357,1)
[98]: (1529.08610069128,1)
[99]: (1524.188783502873,1)
[100]: (1525.109723290991,1)
[101]: (1520.316218805309,1)
[102]: (1524.871960615344,1)
[103]: (1524.32121423365,1)
[104]: (1523.20290009182,1)
[105]: (1522.305661992771,1)
[106]: (1523.369850850912,1)
[107]: (1528.239317348513,1)
[108]: (1522.274755804467,1)
[109]: (1526.278054317031,1)
[110]: (1522.012060855551,1)
[111]: (1523.408574200067,1)
[112]: (1523.138244446099,1)
[113]: (1527.90463881438,1)
[114]: (1522.069813423751,1)
[115]: (1521.033491891527,1)
[116]: (1523.690636526451,1)
[117]: (1523.091247551813,1)
[118]: (1526.181525407094,1)
[119]: (1520.915090521751,1)
[120]: (1525.147369007005,1)
[121]: (1522.011685529546,1)
[122]: (1523.050771044753,1)
[123]: (1522.076834134394,1)
[124]: (1521.016280245881,1)
[125]: (1522.783320107502,1)
[126]: (1524.330020472433,1)
[127]: (1523.178399460711,1)
[128]: (1525.755408150788,1)
[129]: (1523.650104461276,1)
[130]: (1523.188514472585,1)
[131]: (1520.956605530107,1)
[132]: (1521.428602382286,1)
[133]: (1526.027618682092,1)
[134]: (1520.627417610112,1)
[135]: (1522.36046072044,1)
[136]: (1522.004964954702,1)
[137]: (1523.156380910193,1)
[138]: (1523.552859550439,1)
[139]: (1524.452170357377,1)
[140]: (1527.371413859944,1)
[141]: (1521.022215653212,1)
[142]: (1528.323542926211,1)
[143]: (1520.25472321347,1)
[144]: (1526.058221648127,1)
[145]: (1524.323576076525,1)
[146]: (1529.069235215326,1)
[147]: (1522.527345449928,1)
[148]: (1521.10609061464,1)
[149]: (1522.276334191203,1)
[150]: (1523.750991119013,1)
[151]: (1524.308391680661,1)
[152]: (1520.811554880814,1)
[153]: (1522.31558695803,1)
[154]: (1529.020696292366,1)
[155]: (1523.753867286868,1)
[156]: (1524.717015189265,1)
[157]: (1522.077946342403,1)
[158]: (1524.545714991017,1)
[159]: (1524.087429480343,1)
[160]: (1524.104056718456,1)
[161]: (1521.771873602489,1)
[162]: (1521.104951383655,1)
[163]: (1528.059232963898,1)
[164]: (1521.185447304512,1)
[165]: (1522.210558401725,1)
[166]: (1521.084014892043,1)
[167]: (1524.257187535263,1)
[168]: (1522.517158552685,1)
[169]: (1524.496823378931,1)
[170]: (1524.039645508651,1)
[171]: (1521.961469874391,1)
[172]: (1525.097220918132,1)
[173]: (1520.204878791394,1)
[174]: (1520.581717652093,1)
[175]: (1523.984019067366,1)
[176]: (1525.257960627347,1)
[177]: (1531.11818841985,1)
[178]: (1525.406454379048,1)
[179]: (1525.406563522405,1)
[180]: (1521.266601825831,1)
[181]: (1532.432113915664,1)
[182]: (1522.371957119125,1)
[183]: (1521.938547512319,1)
[184]: (1522.436618052792,1)
[185]: (1525.544053889499,1)
[186]: (1526.067239198049,1)
[187]: (1524.018131982876,1)
[188]: (1523.581682732355,1)
[189]: (1521.119502500475,1)
[190]: (1526.223911516537,1)
[191]: (1523.003750100706,1)
[192]: (1520.304208246735,1)
[193]: (1521.35580038285,1)
[194]: (1526.131257356031,1)
[195]: (1520.577866083282,1)
[196]: (1524.091662866536,1)
[197]: (1521.036880422963,1)
[198]: (1525.012266927093,1)
[199]: (1523.219096662086,1)
[200]: (1525.116256606711,1)
[201]: (1520.224347681328,1)
[202]: (1528.780201114974,1)
[203]: (1521.033458312499,1)
[204]: (1524.077149785011,1)
[205]: (1526.504920888919,1)
[206]: (1523.353870273956,1)
[207]: (1520.767025233154,1)
[208]: (1524.09218689808,1)
[209]: (1524.173789549031,1)
[210]: (1527.447049088733,1)
[211]: (1525.090227757376,1)
[212]: (1524.174535728319,1)
[213]: (1527.14751805355,1)
[214]: (1520.601473131798,1)
[215]: (1520.744148543897,1)
[216]: (1523.015327265821,1)
[217]: (1526.007882015363,1)
[218]: (1525.777492796967,1)
[219]: (1521.581153495076,1)
[220]: (1529.218039360292,1)
[221]: (1521.608880292665,1)
[222]: (1527.049855311936,1)
[223]: (1524.409976928712,1)
[224]: (1522.857670749549,1)
[225]: (1523.146031278379,1)
[226]: (1528.239371266174,1)
[227]: (1520.934288804568,1)
[228]: (1522.062491705794,1)
[229]: (1524.155704253372,1)
[230]: (1520.433418116276,1)
[231]: (1528.579746936771,1)
[232]: (1521.333040731117,1)
[233]: (1524.252427886414,1)
[234]: (1529.088446022665,1)
[235]: (1520.724240579153,1)
[236]: (1521.37552549553,1)
[237]: (1529.730148941704,1)
[238]: (1524.636576096615,1)
[239]: (1520.286952326681,1)
[240]: (1526.054104290824,1)
[241]: (1521.539563768912,1)
[242]: (1523.378429886938,1)
[243]: (1522.207970209266,1)
[244]: (1521.498950612381,1)
[245]: (1521.862779618657,1)
[246]: (1524.067247687198,1)
[247]: (1523.683004842931,1)
[248]: (1523.504980842961,1)
[249]: (1520.229115444845,1)
[250]: (1520.1606408011,1)
[251]: (1524.426169055402,1)
[252]: (1524.14034629803,1)
[253]: (1527.817789261345,1)
[254]: (1521.736667768489,1)
[255]: (1525.352892093348,1)
[256]: (1524.049241045467,1)
[257]: (1528.523936128613,1)
[258]: (1523.088929927008,1)
[259]: (1520.477905413608,1)
[260]: (1524.27760518807,1)
[261]: (1523.551035951321,1)
[262]: (1527.320089935379,1)
[263]: (1521.623674008745,1)
[264]: (1524.178616877328,1)
[265]: (1530.426385074652,1)
[266]: (1525.469170173699,1)
[267]: (1521.001628418014,1)
[268]: (1526.549667825945,1)
[269]: (1522.486549956109,1)
[270]: (1521.067263278557,1)
[271]: (1528.644349247325,1)
[272]: (1526.051318801542,1)
[273]: (1523.16942664319,1)
[274]: (1525.008658409782,1)
[275]: (1521.668002900367,1)
[276]: (1524.041320316621,1)
[277]: (1521.197229966588,1)
[278]: (1522.387635733212,1)
[279]: (1521.075765381805,1)
[280]: (1527.182653197397,1)
[281]: (1527.048090054304,1)
[282]: (1522.284409165227,1)
[283]: (1527.238204135037,1)
[284]: (1520.88235525882,1)
[285]: (1523.12440982926,1)
[286]: (1523.59736351182,1)
[287]: (1524.428020654797,1)
[288]: (1524.185894022714,1)
[289]: (1524.273800979866,1)
[290]: (1526.00198933149,1)
[291]: (1524.093380706686,1)
[292]: (1528.063024072127,1)
[293]: (1526.605912452284,1)
[294]: (1520.327401765735,1)
[295]: (1525.023123588683,1)
[296]: (1526.219828129834,1)
[297]: (1524.260001666998,1)
[298]: (1526.368611553752,1)
[299]: (1521.197953123064,1)
[300]: (1522.388762276659,1)
[301]: (1526.029775234539,1)
[302]: (1525.433149735012,1)
[303]: (1529.019922789498,1)
[304]: (1522.919735965275,1)
[305]: (1520.209082511601,1)
[306]: (1524.996649327598,1)
[307]: (1522.17834346898,1)
[308]: (1522.071009313899,1)
[309]: (1528.026484393812,1)
[310]: (1528.431838938073,1)
[311]: (1523.902224861603,1)
[312]: (1521.018585013876,1)
[313]: (1522.403285286073,1)
[314]: (1522.544782602941,1)
[315]: (1523.048796738074,1)
[316]: (1523.286249749216,1)
[317]: (1529.566675823631,1)
[318]: (1525.472167195255,1)
[319]: (1523.527557945242,1)
[320]: (1526.181343112974,1)
[321]: (1521.010615501805,1)
[322]: (1521.638334991771,1)
[323]: (1532.524280479802,1)
[324]: (1521.013802861805,1)
[325]: (1522.043027250468,1)
[326]: (1528.356079948821,1)
[327]: (1520.568621023424,1)
[328]: (1521.100698562103,1)
[329]: (1520.496085003307,1)
[330]: (1522.05086438098,1)
[331]: (1522.62118878245,1)
[332]: (1522.09269494929,1)
[333]: (1521.350975444506,1)
[334]: (1532.737613550328,1)
[335]: (1520.463330509285,1)
[336]: (1521.030724085409,1)
[337]: (1523.183760280491,1)
[338]: (1532.641285121938,1)
[339]: (1522.388342234119,1)
[340]: (1521.253025303806,1)
[341]: (1526.142143408827,1)
[342]: (1522.356653297406,1)
[343]: (1523.447507620009,1)
[344]: (1524.087837174485,1)
[345]: (1520.271911016192,1)
[346]: (1524.827420427127,1)
[347]: (1523.136074796661,1)
[348]: (1524.295771149919,1)
[349]: (1520.250028453126,1)
[350]: (1523.44236715324,1)
[351]: (1521.17792187599,1)
[352]: (1521.757125525219,1)
[353]: (1522.046309611125,1)
[354]: (1521.006688485887,1)
[355]: (1524.418735797978,1)
[356]: (1520.300116133707,1)
[357]: (1528.817295782726,1)
[358]: (1523.995270765144,1)
[359]: (1522.213307071594,1)
[360]: (1522.019108179752,1)
[361]: (1525.765953240518,1)
[362]: (1523.002242272927,1)
[363]: (1520.616359641407,1)
[364]: (1524.105548050539,1)
[365]: (1526.044409126898,1)
[366]: (1521.808863006133,1)
[367]: (1520.9891334762,1)
[368]: (1523.480982006538,1)
[369]: (1523.033232781588,1)
[370]: (1525.031280903662,1)
[371]: (1532.074059795731,1)
[372]: (1524.234810908833,1)
[373]: (1521.014833787405,1)
[374]: (1526.140351275167,1)
[375]: (1522.212540204943,1)
[376]: (1524.07084888461,1)
[377]: (1524.907409568531,1)
[378]: (1523.172657931791,1)
[379]: (1522.117788627747,1)
[380]: (1525.465931072103,1)
[381]: (1523.643945879185,1)
[382]: (1521.436035233028,1)
[383]: (1522.074013439187,1)
[384]: (1522.001956481539,1)
[385]: (1525.311359091432,1)
[386]: (1520.66970621537,1)
[387]: (1523.264296591867,1)
[388]: (1526.242822136897,1)
[389]: (1521.046309822108,1)
[390]: (1522.512696175307,1)
[391]: (1521.544581207471,1)
[392]: (1525.346402576186,1)
[393]: (1525.595247758437,1)
[394]: (1521.423868378317,1)
[395]: (1524.258556302382,1)
[396]: (1525.5069590373,1)
[397]: (1521.427605619206,1)
[398]: (1521.021458422243,1)
[399]: (1522.537489160978,1)
[400]: (1523.487307182977,1)
[401]: (1525.045968358632,1)
[402]: (1522.98540070879,1)
[403]: (1522.099828363901,1)
[404]: (1522.052298727111,1)
[405]: (1523.309735942561,1)
[406]: (1523.275927481835,1)
[407]: (1521.155498788871,1)
[408]: (1523.418138275285,1)
[409]: (1524.206081431879,1)
[410]: (1522.051725501454,1)
[411]: (1522.170816349659,1)
[412]: (1531.242005688315,1)
[413]: (1523.084228985216,1)
[414]: (1521.895895588963,1)
[415]: (1522.162537539396,1)
[416]: (1528.121305327398,1)
[417]: (1522.437720968376,1)
[418]: (1523.125561044895,1)
[419]: (1521.152329267429,1)
[420]: (1522.300882618686,1)
[421]: (1528.039610907263,1)
[422]: (1529.03096221877,1)
[423]: (1524.014725652736,1)
[424]: (1527.034390456664,1)
[425]: (1525.539156521532,1)
[426]: (1527.467422968175,1)
[427]: (1527.120344412434,1)
[428]: (1522.142082849883,1)
[429]: (1527.705283366005,1)
[430]: (1525.559766148782,1)
[431]: (1523.921686094354,1)
[432]: (1522.009745124216,1)
[433]: (1525.003824818965,1)
[434]: (1524.335071553316,1)
[435]: (1524.125812517168,1)
[436]: (1527.12466831025,1)
[437]: (1523.273188636402,1)
[438]: (1520.375518630851,1)
[439]: (1523.262980312317,1)
[440]: (1529.134753556904,1)
[441]: (1521.290660535354,1)
[442]: (1524.329667831372,1)
[443]: (1526.945920189863,1)
[444]: (1526.03306586475,1)
[445]: (1521.784199519938,1)
[446]: (1522.048467774878,1)
[447]: (1532.092050577871,1)
[448]: (1522.019344611567,1)
[449]: (1524.730562066705,1)
[450]: (1520.227202512109,1)
[451]: (1521.175234717854,1)
[452]: (1529.361924006453,1)
[453]: (1521.18156850666,1)
[454]: (1521.33361356197,1)
[455]: (1521.745309943438,1)
[456]: (1527.063457355409,1)
[457]: (1532.162332665034,1)
[458]: (1521.069990759853,1)
[459]: (1525.14343656133,1)
[460]: (1520.189270367933,1)
[461]: (1525.241024956088,1)
[462]: (1521.001443574268,1)
[463]: (1520.272827250893,1)
[464]: (1528.700666710307,1)
[465]: (1522.377980574067,1)
[466]: (1521.011618613876,1)
[467]: (1522.608726339565,1)
[468]: (1523.384041820402,1)
[469]: (1527.549856596898,1)
[470]: (1520.248725974121,1)
[471]: (1523.383143824658,1)
[472]: (1522.166279628654,1)
[473]: (1521.142876431691,1)
[474]: (1527.460691486552,1)
[475]: (1528.11126245793,1)
[476]: (1524.554526470493,1)
[477]: (1520.28272649683,1)
[478]: (1531.397414823628,1)
[479]: (1524.800726191573,1)
[480]: (1520.206126549699,1)
[481]: (1529.465255676712,1)
[482]: (1522.132439760237,1)
[483]: (1520.59653332687,1)
[484]: (1520.600449642839,1)
[485]: (1520.747940055495,1)
[486]: (1523.035538992226,1)
[487]: (1525.129923398162,1)
[488]: (1522.370979167666,1)
[489]: (1523.066292212193,1)
[490]: (1521.118726369574,1)
[491]: (1527.095843435944,1)
[492]: (1521.199360124425,1)
[493]: (1521.050262852346,1)
[494]: (1521.232796870439,1)
[495]: (1522.022931114243,1)
[496]: (1522.032857787292,1)
[497]: (1525.587740441718,1)
[498]: (1521.557160802209,1)
[499]: (1529.108505584485,1)
[500]: (1522.119393674491,1)
[501]: (1522.274804072162,1)
[502]: (1530.520041882369,1)
[503]: (1521.403830184286,1)
[504]: (1521.881106458434,1)
[505]: (1526.094529125041,1)
[506]: (1522.274733048532,1)
[507]: (1520.572935653102,1)
[508]: (1521.521272244458,1)
[509]: (1523.03257870436,1)
[510]: (1523.025791752126,1)
[511]: (1522.841636532752,1)
[512]: (1528.113346444517,1)
[513]: (1524.105914520779,1)
[514]: (1522.170430611643,1)
[515]: (1521.566281131612,1)
[516]: (1524.099392141189,1)
[517]: (1521.149804300808,1)
[518]: (1521.251515994276,1)
[519]: (1523.24760057772,1)
[520]: (1527.190201987,1)
[521]: (1525.026032562822,1)
[522]: (1523.047689814918,1)
[523]: (1522.17231769726,1)
[524]: (1525.425585427732,1)
[525]: (1522.254198861717,1)
[526]: (1532.878359858869,1)
[527]: (1521.402575116671,1)
[528]: (1521.003777334216,1)
[529]: (1522.584317828501,1)
[530]: (1522.391235909594,1)
[531]: (1522.125644968979,1)
[532]: (1525.658610989141,1)
[533]: (1521.018535594597,1)
[534]: (1522.092779107113,1)
[535]: (1521.362230811029,1)
[536]: (1533.035207164533,1)
[537]: (1528.911145466143,1)
[538]: (1526.023634811197,1)
[539]: (1522.687842390538,1)
[540]: (1522.048281254548,1)
[541]: (1525.224412983986,1)
[542]: (1525.044291971817,1)
[543]: (1522.284583162976,1)
[544]: (1522.103873086729,1)
[545]: (1524.115051321324,1)
[546]: (1526.715516818147,1)
[547]: (1525.180808367431,1)
[548]: (1523.042789130236,1)
[549]: (1537.871569673572,1)
[550]: (1525.450932928367,1)
[551]: (1520.808880282608,1)
[552]: (1523.317039761559,1)
[553]: (1520.673588366664,1)
[554]: (1522.184106672527,1)
[555]: (1523.128915267417,1)
[556]: (1523.035239213199,1)
[557]: (1521.377238395166,1)
[558]: (1521.418088048164,1)
[559]: (1534.065580084911,1)
[560]: (1520.007560067005,1)
[561]: (1529.412259848289,1)
[562]: (1520.293438171182,1)
[563]: (1522.383853487341,1)
[564]: (1521.053970025688,1)
[565]: (1521.524462890569,1)
[566]: (1522.647794339779,1)
[567]: (1523.588966233413,1)
[568]: (1522.643143040764,1)
[569]: (1538.895650044005,1)
[570]: (1522.000234749883,1)
[571]: (1524.288018438753,1)
[572]: (1534.622517210233,1)
[573]: (1522.169243221652,1)
[574]: (1521.26965659452,1)
[575]: (1528.122004560348,1)
[576]: (1521.077703338506,1)
[577]: (1520.23660707474,1)
[578]: (1520.663718211466,1)
[579]: (1524.209741012313,1)
[580]: (1522.047600705865,1)
[581]: (1521.116713959467,1)
[582]: (1525.094022288557,1)
[583]: (1527.203730811359,1)
[584]: (1528.183490970451,1)
[585]: (1520.834044958466,1)
[586]: (1526.581897540688,1)
[587]: (1526.082638167405,1)
[588]: (1523.866420165612,1)
[589]: (1523.038145259584,1)
[590]: (1529.411040973578,1)
[591]: (1528.272198147813,1)
[592]: (1526.366611488159,1)
[593]: (1524.324746531623,1)
[594]: (1520.37879745093,1)
[595]: (1528.214503071796,1)
[596]: (1522.142363113256,1)
[597]: (1522.201300828134,1)
[598]: (1523.215959274241,1)
[599]: (1522.372608311316,1)
[600]: (1530.581145048046,1)
[601]: (1528.553686969204,1)
[602]: (1523.033371017751,1)
[603]: (1520.359877650639,1)
[604]: (1524.013630421972,1)
[605]: (1524.324756986303,1)
[606]: (1524.312060744387,1)
[607]: (1523.00113285381,1)
[608]: (1521.010543728195,1)
[609]: (1534.020834577182,1)
[610]: (1522.056985536387,1)
[611]: (1521.442265137978,1)
[612]: (1526.203308467866,1)
[613]: (1525.247046237363,1)
[614]: (1526.085111182381,1)
[615]: (1523.394541161216,1)
[616]: (1522.9462975352,1)
[617]: (1531.450177420545,1)
[618]: (1523.291818922853,1)
[619]: (1523.031787817557,1)
[620]: (1522.12472787005,1)
[621]: (1521.253705602876,1)
[622]: (1522.635186397326,1)
[623]: (1523.176448264538,1)
[624]: (1521.493740211224,1)
[625]: (1520.473147064022,1)
[626]: (1521.034874426257,1)
[627]: (1523.192155982963,1)
[628]: (1523.050464571185,1)
[629]: (1521.042230710463,1)
[630]: (1522.222174297931,1)
[631]: (1532.673693196237,1)
[632]: (1522.281759819439,1)
[633]: (1520.287308010997,1)
[634]: (1521.205708927167,1)
[635]: (1522.648720533173,1)
[636]: (1521.650256985414,1)
[637]: (1526.419676197856,1)
[638]: (1524.030953649351,1)
[639]: (1522.552928006237,1)
[640]: (1524.109927674083,1)
[641]: (1525.008831711372,1)
[642]: (1524.004744761727,1)
[643]: (1525.038960041192,1)
[644]: (1522.106798954274,1)
[645]: (1528.026812685898,1)
[646]: (1525.570832233374,1)
[647]: (1526.308802451881,1)
[648]: (1526.222247278018,1)
[649]: (1522.677560606578,1)
[650]: (1522.269053178952,1)
[651]: (1527.134320470962,1)
[652]: (1525.182838122202,1)
[653]: (1528.440968973755,1)
[654]: (1528.100868807656,1)
[655]: (1523.014294449129,1)
[656]: (1523.191273850794,1)
[657]: (1521.096776835526,1)
[658]: (1521.625350312227,1)
[659]: (1524.899185404143,1)
[660]: (1524.363365091015,1)
[661]: (1522.144957449529,1)
[662]: (1522.104994049624,1)
[663]: (1522.245353892943,1)
[664]: (1520.444699799224,1)
[665]: (1522.237649005155,1)
[666]: (1528.505328733144,1)
[667]: (1522.605102455441,1)
[668]: (1521.252585240979,1)
[669]: (1525.050728427095,1)
[670]: (1521.14516828688,1)
[671]: (1520.433790544755,1)
[672]: (1524.064971375405,1)
[673]: (1521.39523857223,1)
[674]: (1524.136762027739,1)
[675]: (1525.284626668778,1)
[676]: (1528.086989498704,1)
[677]: (1523.284151960469,1)
[678]: (1523.112438477131,1)
[679]: (1522.089646300562,1)
[680]: (1525.032272110349,1)
[681]: (1522.302867100349,1)
[682]: (1528.722551163096,1)
[683]: (1521.121729187447,1)
[684]: (1520.432011514803,1)
[685]: (1527.274901492522,1)
[686]: (1522.001702745793,1)
[687]: (1523.058350409193,1)
[688]: (1538.057956596725,1)
[689]: (1520.193294639726,1)
[690]: (1523.303457677308,1)
[691]: (1522.10094012336,1)
[692]: (1527.16781586269,1)
[693]: (1520.7854430276,1)
[694]: (1524.060046403552,1)
[695]: (1521.060692280938,1)
[696]: (1524.753607138271,1)
[697]: (1523.03265712943,1)
[698]: (1524.084689645345,1)
[699]: (1522.00539092063,1)
[700]: (1527.026860402226,1)
[701]: (1521.441815495785,1)
[702]: (1521.979505959079,1)
[703]: (1521.080638095291,1)
[704]: (1523.399605520794,1)
[705]: (1523.189997890491,1)
[706]: (1522.08584363642,1)
[707]: (1521.032776938538,1)
[708]: (1522.044992335045,1)
[709]: (1522.342646817212,1)
[710]: (1521.546338989584,1)
[711]: (1525.559517860067,1)
[712]: (1522.014414494487,1)
[713]: (1522.315340054301,1)
[714]: (1521.938728525909,1)
[715]: (1522.384473811748,1)
[716]: (1522.221038707617,1)
[717]: (1527.184273171439,1)
[718]: (1520.938691793448,1)
[719]: (1526.824281721987,1)
[720]: (1525.394465754339,1)
[721]: (1536.13489481629,1)
[722]: (1520.241091382588,1)
[723]: (1525.407371902574,1)
[724]: (1520.487851622628,1)
[725]: (1526.401414093574,1)
[726]: (1521.170614751716,1)
[727]: (1532.734888538277,1)
[728]: (1524.328674233465,1)
[729]: (1520.670998188533,1)
[730]: (1522.08980406735,1)
[731]: (1521.664374515094,1)
[732]: (1529.201517093191,1)
[733]: (1532.778430746822,1)
[734]: (1522.029488024227,1)
[735]: (1522.245567754724,1)
[736]: (1524.095199641062,1)
[737]: (1529.490490098028,1)
[738]: (1521.17488940245,1)
[739]: (1521.227717327277,1)
[740]: (1523.308374170337,1)
[741]: (1528.688279152294,1)
[742]: (1523.238749327963,1)
[743]: (1526.034048639427,1)
[744]: (1520.529778982054,1)
[745]: (1520.603509341282,1)
[746]: (1534.225857861999,1)
[747]: (1523.414148929849,1)
[748]: (1521.343170286211,1)
[749]: (1530.349407629206,1)
[750]: (1523.472261967465,1)
[751]: (1523.283257642891,1)
[752]: (1522.336152865459,1)
[753]: (1526.495584980734,1)
[754]: (1521.656680228368,1)
[755]: (1523.224817915213,1)
[756]: (1524.047248719939,1)
[757]: (1522.162904135329,1)
[758]: (1532.0481266651,1)
[759]: (1522.076689209365,1)
[760]: (1521.625234651036,1)
[761]: (1523.212309334073,1)
[762]: (1530.097871323249,1)
[763]: (1529.24389198841,1)
[764]: (1525.024764829687,1)
[765]: (1522.142683383568,1)
[766]: (1523.771845195148,1)
[767]: (1521.32670969895,1)
[768]: (1527.12669464009,1)
[769]: (1532.277570817044,1)
[770]: (1526.182217151698,1)
[771]: (1525.010161116051,1)
[772]: (1527.826061994651,1)
[773]: (1522.171383454845,1)
[774]: (1520.864550098252,1)
[775]: (1532.352022028914,1)
[776]: (1521.011457898675,1)
[777]: (1520.61632311303,1)
[778]: (1523.007891572875,1)
[779]: (1522.135917132919,1)
[780]: (1520.969838205014,1)
[781]: (1521.165480312396,1)
[782]: (1521.043044260977,1)
[783]: (1531.102384789616,1)
[784]: (1520.169130731327,1)
[785]: (1525.109114097697,1)
[786]: (1521.361735337725,1)
[787]: (1524.399066804747,1)
[788]: (1520.195129394182,1)
[789]: (1521.074636326564,1)
[790]: (1523.109304546764,1)
[791]: (1523.060546800187,1)
[792]: (1522.041483744755,1)
[793]: (1528.036409845711,1)
[794]: (1522.135003915471,1)
[795]: (1523.053533391642,1)
[796]: (1521.191836601975,1)
[797]: (1522.003263592603,1)
[798]: (1539.067334713357,1)
[799]: (1526.504347448527,1)
[800]: (1524.563159814395,1)
[801]: (1521.271716440228,1)
[802]: (1523.036042424813,1)
[803]: (1525.171399473199,1)
[804]: (1523.112583432072,1)
[805]: (1521.026822682384,1)
[806]: (1526.289127900718,1)
[807]: (1524.479360538136,1)
[808]: (1522.425675542936,1)
[809]: (1523.442860096691,1)
[810]: (1521.163525824842,1)
[811]: (1526.328094614974,1)
[812]: (1523.55566977116,1)
[813]: (1522.204781802789,1)
[814]: (1536.134820020475,1)
[815]: (1523.518549102688,1)
[816]: (1520.704265728678,1)
[817]: (1520.401214554155,1)
[818]: (1523.022770824142,1)
[819]: (1526.342439197866,1)
[820]: (1522.563185059764,1)
[821]: (1524.243360297436,1)
[822]: (1526.169145811447,1)
[823]: (1522.041496470573,1)
[824]: (1530.133101165476,1)
[825]: (1520.31355448749,1)
[826]: (1520.588591870809,1)
[827]: (1522.090314881998,1)
[828]: (1523.122514293809,1)
[829]: (1522.31972387851,1)
[830]: (1526.428595338241,1)
[831]: (1525.071079906215,1)
[832]: (1522.803391453861,1)
[833]: (1521.039728212493,1)
[834]: (1521.487493047367,1)
[835]: (1520.306530408157,1)
[836]: (1525.304989846668,1)
[837]: (1526.006771416408,1)
[838]: (1528.559943057392,1)
[839]: (1528.429696422223,1)
[840]: (1524.56593252492,1)
[841]: (1521.731696987211,1)
[842]: (1527.014903833572,1)
[843]: (1522.56762521612,1)
[844]: (1532.260590011302,1)
[845]: (1527.017220207517,1)
[846]: (1529.178664427599,1)
[847]: (1522.063294311604,1)
[848]: (1520.228582779744,1)
[849]: (1523.0665920422,1)
[850]: (1525.476310106504,1)
[851]: (1521.352467015631,1)
[852]: (1525.709394266598,1)
[853]: (1524.525413889787,1)
[854]: (1522.491726054611,1)
[855]: (1520.10476173456,1)
[856]: (1524.190940908274,1)
[857]: (1526.186761220179,1)
[858]: (1520.65748210735,1)
[859]: (1525.067700046237,1)
[860]: (1523.191122094762,1)
[861]: (1524.530330739253,1)
[862]: (1534.543189856611,1)
[863]: (1527.469082869571,1)
[864]: (1522.131001527936,1)
[865]: (1523.589071337562,1)
[866]: (1522.266321042005,1)
[867]: (1521.32629107121,1)
[868]: (1520.669756355245,1)
[869]: (1520.356986904374,1)
[870]: (1521.173865800612,1)
[871]: (1523.01295053096,1)
[872]: (1522.0978157612,1)
[873]: (1521.629909756267,1)
[874]: (1522.065462143592,1)
[875]: (1522.469490754911,1)
[876]: (1523.025374568101,1)
[877]: (1521.180833480164,1)
[878]: (1526.431310716666,1)
[879]: (1522.066661574887,1)
[880]: (1528.319852060686,1)
[881]: (1521.546955899352,1)
[882]: (1521.321456978974,1)
[883]: (1524.110068634752,1)
[884]: (1526.384853370908,1)
[885]: (1520.204796420039,1)
[886]: (1522.356939526464,1)
[887]: (1527.209319797051,1)
[888]: (1521.289837788233,1)
[889]: (1522.042915722424,1)
[890]: (1522.301594506445,1)
[891]: (1525.796818739479,1)
[892]: (1521.188379137853,1)
[893]: (1523.015726413663,1)
[894]: (1521.001664269552,1)
[895]: (1523.23372638865,1)
[896]: (1520.546415148153,1)
[897]: (1522.056931852387,1)
[898]: (1521.27960019977,1)
[899]: (1521.284083993133,1)
[900]: (1523.397657119729,1)
[901]: (1521.047264893814,1)
[902]: (1521.070804668931,1)
[903]: (1522.131497268325,1)
[904]: (1524.527313598341,1)
[905]: (1527.265005437221,1)
[906]: (1526.193141191008,1)
[907]: (1525.321845674092,1)
[908]: (1526.121933220341,1)
[909]: (1523.196202491032,1)
[910]: (1527.068747054953,1)
[911]: (1525.608368871675,1)
[912]: (1524.82193456871,1)
[913]: (1521.097578815981,1)
[914]: (1525.030926496118,1)
[915]: (1524.236883189462,1)
[916]: (1522.068881477031,1)
[917]: (1522.186197869981,1)
[918]: (1522.402793474076,1)
[919]: (1521.327662310054,1)
[920]: (1522.332566100503,1)
[921]: (1520.353614878861,1)
[922]: (1523.239302750972,1)
[923]: (1521.248593615233,1)
[924]: (1520.588185097832,1)
[925]: (1520.096153669607,1)
[926]: (1521.001694269359,1)
[927]: (1525.162204739564,1)
[928]: (1524.234090624686,1)
[929]: (1522.825199445961,1)
[930]: (1530.290763241883,1)
[931]: (1524.035995271733,1)
[932]: (1520.816930554824,1)
[933]: (1521.044482635332,1)
[934]: (1529.221854081879,1)
[935]: (1525.139356695121,1)
[936]: (1521.015788428458,1)
[937]: (1521.215249467418,1)
[938]: (1523.24048824596,1)
[939]: (1527.330614109225,1)
[940]: (1520.048242122977,1)
[941]: (1526.540685273501,1)
[942]: (1523.330509876961,1)
[943]: (1529.177085509138,1)
[944]: (1520.365116124522,1)
[945]: (1522.097591592562,1)
[946]: (1524.515252958764,1)
[947]: (1527.094134097337,1)
[948]: (1536.10285108688,1)
[949]: (1521.29498483626,1)
[950]: (1525.321454816919,1)
[951]: (1525.039404013875,1)
[952]: (1525.406238047089,1)
[953]: (1523.077790603908,1)
[954]: (1525.126002816499,1)
[955]: (1521.14890661214,1)
[956]: (1527.731658793746,1)
[957]: (1520.125381171373,1)
[958]: (1527.132150898171,1)
[959]: (1523.324343750487,1)
[960]: (1522.330984786436,1)
[961]: (1520.369801568893,1)
[962]: (1526.838988645143,1)
[963]: (1520.93288095303,1)
[964]: (1520.315429589988,1)
[965]: (1527.06817356487,1)
[966]: (1524.179477884754,1)
[967]: (1524.296093510521,1)
[968]: (1520.368696872409,1)
[969]: (1530.276771141338,1)
[970]: (1522.169445730231,1)
[971]: (1534.088277368483,1)
[972]: (1527.049102630379,1)
[973]: (1520.823724034465,1)
[974]: (1522.11345007247,1)
[975]: (1520.897699934063,1)
[976]: (1524.739098264068,1)
[977]: (1526.27611978977,1)
[978]: (1522.468842240723,1)
[979]: (1523.317380669648,1)
[980]: (1524.049083888654,1)
[981]: (1522.334290145227,1)
[982]: (1521.399716823046,1)
[983]: (1521.44714767401,1)
[984]: (1527.064597909821,1)
[985]: (1522.124238698187,1)
[986]: (1522.057900440361,1)
[987]: (1521.009742396242,1)
[988]: (1522.189446579417,1)
[989]: (1522.075722087505,1)
[990]: (1522.348342501135,1)
[991]: (1521.059606690087,1)
[992]: (1525.055817308251,1)
[993]: (1520.163211402493,1)
[994]: (1521.519054098178,1)
[995]: (1522.270280403948,1)
[996]: (1529.051560341893,1)
[997]: (1523.185012198771,1)
[998]: (1521.113839117461,1)
[999]: (1525.252876464625,1)
[1000]: (1520.234159917752,1)
[1001]: (1523.66413934163,1)
[1002]: (1525.106277309856,1)
[1003]: (1521.072021009233,1)
[1004]: (1521.040337953862,1)
[1005]: (1522.055249789893,1)
[1006]: (1525.036782950283,1)
[1007]: (1520.201832022609,1)
[1008]: (1529.479249911057,1)
[1009]: (1522.193536765267,1)
[1010]: (1521.896039264934,1)
[1011]: (1525.094214716094,1)
[1012]: (1520.327438152444,1)
[1013]: (1523.467839340204,1)
[1014]: (1526.841390341826,1)
[1015]: (1521.045816850817,1)
[1016]: (1522.263265608793,1)
[1017]: (1521.165655659933,1)
[1018]: (1521.062530579421,1)
[1019]: (1521.245730232987,1)
[1020]: (1524.189246323429,1)
[1021]: (1526.092171183586,1)
[1022]: (1522.391117897133,1)
[1023]: (1527.091312106404,1)
[1024]: (1526.326557724273,1)
[1025]: (1522.356972800363,1)
[1026]: (1526.153202316681,1)
[1027]: (1527.631529943506,1)
[1028]: (1523.392674780904,1)
[1029]: (1520.148224319878,1)
[1030]: (1523.128624591558,1)
[1031]: (1521.458866522625,1)
[1032]: (1520.230348357835,1)
[1033]: (1528.211158901271,1)
[1034]: (1524.209280922748,1)
[1035]: (1522.240063325938,1)
[1036]: (1532.579843769243,1)
[1037]: (1521.040726360374,1)
[1038]: (1521.269895817397,1)
[1039]: (1520.882433379893,1)
[1040]: (1521.448805822297,1)
[1041]: (1521.565295943807,1)
[1042]: (1521.700979976052,1)
[1043]: (1523.316588364269,1)
[1044]: (1520.416964818255,1)
[1045]: (1521.774792352086,1)
[1046]: (1521.27866330494,1)
[1047]: (1528.098792196726,1)
[1048]: (1533.049410828366,1)
[1049]: (1524.410178088543,1)
[1050]: (1520.319079606058,1)
[1051]: (1525.056416328323,1)
[1052]: (1523.057701988711,1)
[1053]: (1527.094355612141,1)
[1054]: (1520.650820864016,1)
[1055]: (1522.428966146035,1)
[1056]: (1521.673025643457,1)
[1057]: (1522.206736929236,1)
[1058]: (1527.567025300142,1)
[1059]: (1524.08997078785,1)
[1060]: (1522.079012742194,1)
[1061]: (1525.018438614624,1)
[1062]: (1521.087648737923,1)
[1063]: (1521.399404466956,1)
[1064]: (1523.16863219521,1)
[1065]: (1520.350453654603,1)
[1066]: (1520.206150433582,1)
[1067]: (1522.241768949779,1)
[1068]: (1521.042207922635,1)
[1069]: (1523.109136774801,1)
[1070]: (1524.688980470727,1)
[1071]: (1527.729594688565,1)
[1072]: (1523.666633172186,1)
[1073]: (1528.056604710214,1)
[1074]: (1525.329638807133,1)
[1075]: (1523.304062227916,1)
[1076]: (1522.884059520802,1)
[1077]: (1521.216628776496,1)
[1078]: (1520.218038312191,1)
[1079]: (1522.605779535857,1)
[1080]: (1520.034632872619,1)
[1081]: (1525.30765912555,1)
[1082]: (1526.22106290746,1)
[1083]: (1522.365007450884,1)
[1084]: (1532.309904493893,1)
[1085]: (1524.217237099983,1)
[1086]: (1524.071776850821,1)
[1087]: (1526.644105128968,1)
[1088]: (1525.031040690275,1)
[1089]: (1523.216914029335,1)
[1090]: (1521.288104541492,1)
[1091]: (1525.036875382943,1)
[1092]: (1528.204908455793,1)
[1093]: (1523.178257971891,1)
[1094]: (1524.370817209305,1)
[1095]: (1520.257424320958,1)
[1096]: (1522.089613124362,1)
[1097]: (1525.00154186659,1)
[1098]: (1524.260395037444,1)
[1099]: (1524.617851335707,1)
[1100]: (1525.226226542424,1)
[1101]: (1524.380442865983,1)
[1102]: (1522.090476107494,1)
[1103]: (1520.315882440713,1)
[1104]: (1521.153583667853,1)
[1105]: (1524.262499443651,1)
[1106]: (1521.086614881792,1)
[1107]: (1522.276150570993,1)
[1108]: (1524.14172357521,1)
[1109]: (1523.06167486989,1)
[1110]: (1522.007171814801,1)
[1111]: (1522.012846731521,1)
[1112]: (1520.433689908272,1)
[1113]: (1526.738685348295,1)
[1114]: (1521.14022445573,1)
[1115]: (1528.136214961282,1)
[1116]: (1522.474286524244,1)
[1117]: (1527.241274348336,1)
[1118]: (1522.112856769564,1)
[1119]: (1521.596234186667,1)
[1120]: (1520.355937339257,1)
[1121]: (1523.016538249533,1)
[1122]: (1521.05258150052,1)
[1123]: (1523.033225865709,1)
[1124]: (1521.023711713822,1)
[1125]: (1521.207621602812,1)
[1126]: (1520.088832632198,1)
[1127]: (1531.006993740129,1)
[1128]: (1521.944425801132,1)
[1129]: (1528.091737860133,1)
[1130]: (1523.118134156556,1)
[1131]: (1522.352596449109,1)
[1132]: (1527.047484576404,1)
[1133]: (1521.028434375578,1)
[1134]: (1520.392121696666,1)
[1135]: (1528.271754579195,1)
[1136]: (1526.161663613091,1)
[1137]: (1525.93469021437,1)
[1138]: (1525.403357388993,1)
[1139]: (1522.059753201419,1)
[1140]: (1525.375075536048,1)
[1141]: (1522.00843718272,1)
[1142]: (1522.32117843034,1)
[1143]: (1523.28949555668,1)
[1144]: (1527.151084065464,1)
[1145]: (1523.044877628584,1)
[1146]: (1522.578193101425,1)
[1147]: (1527.292960205184,1)
[1148]: (1523.241257113945,1)
[1149]: (1521.311116217721,1)
[1150]: (1528.287310390834,1)
[1151]: (1523.030156608402,1)
[1152]: (1524.618174200578,1)
[1153]: (1522.52237184594,1)
[1154]: (1524.126779893623,1)
[1155]: (1521.144015723067,1)
[1156]: (1522.095252397562,1)
[1157]: (1522.367360374574,1)
[1158]: (1524.10719121451,1)
[1159]: (1521.431345929115,1)
[1160]: (1525.365585250089,1)
[1161]: (1522.371805017266,1)
[1162]: (1521.229537774727,1)
[1163]: (1523.129320476507,1)
[1164]: (1523.241500152154,1)
[1165]: (1523.615998115383,1)
[1166]: (1524.008949314229,1)
[1167]: (1524.221834583687,1)
[1168]: (1520.055755251438,1)
[1169]: (1522.16330311743,1)
[1170]: (1521.06819271411,1)
[1171]: (1520.507529062221,1)
[1172]: (1524.239360862105,1)
[1173]: (1524.047826891511,1)
[1174]: (1525.194006550992,1)
[1175]: (1527.030754030732,1)
[1176]: (1521.125313401733,1)
[1177]: (1521.173642156684,1)
[1178]: (1521.068206712794,1)
[1179]: (1524.02113908418,1)
[1180]: (1523.407205870858,1)
[1181]: (1522.276502301274,1)
[1182]: (1524.211564869644,1)
[1183]: (1530.681271727839,1)
[1184]: (1521.091201383487,1)
[1185]: (1531.099475310387,1)
[1186]: (1522.598796800965,1)
[1187]: (1524.116566980295,1)
[1188]: (1529.019996574295,1)
[1189]: (1523.116553956906,1)
[1190]: (1521.10102708877,1)
[1191]: (1525.135390587509,1)
[1192]: (1522.045399390168,1)
[1193]: (1520.279410007646,1)
[1194]: (1520.459907115285,1)
[1195]: (1522.552974504035,1)
[1196]: (1521.033619196369,1)
[1197]: (1521.066359151702,1)
[1198]: (1522.04029169046,1)
[1199]: (1524.249675734585,1)
[1200]: (1531.06903330374,1)
[1201]: (1521.199519558037,1)
[1202]: (1522.148411950679,1)
[1203]: (1524.010217057316,1)
[1204]: (1521.581493443542,1)
[1205]: (1528.715486264647,1)
[1206]: (1524.6169319712,1)
[1207]: (1527.179182296458,1)
[1208]: (1520.542343254045,1)
[1209]: (1526.013503056483,1)
[1210]: (1522.193220370697,1)
[1211]: (1524.043513925632,1)
[1212]: (1525.257161155454,1)
[1213]: (1522.71953130502,1)
[1214]: (1523.657442533492,1)
[1215]: (1522.026328321333,1)
[1216]: (1536.672889127806,1)
[1217]: (1523.259867047832,1)
[1218]: (1523.479466313339,1)
[1219]: (1522.377746748695,1)
[1220]: (1521.097547488761,1)
[1221]: (1521.369311246263,1)
[1222]: (1523.591620541349,1)
[1223]: (1535.12306576532,1)
[1224]: (1524.036170819257,1)
[1225]: (1521.029162377788,1)
[1226]: (1521.244471453173,1)
[1227]: (1526.217100429869,1)
[1228]: (1521.718629950168,1)
[1229]: (1521.38993663967,1)
[1230]: (1524.179873981036,1)
[1231]: (1521.032933947323,1)
[1232]: (1521.262793046301,1)
[1233]: (1522.165017985658,1)
[1234]: (1522.448704333473,1)
[1235]: (1523.395058899363,1)
[1236]: (1522.78208947228,1)
[1237]: (1521.287275606686,1)
[1238]: (1522.43411773725,1)
[1239]: (1520.065476693229,1)
[1240]: (1523.146389911959,1)
[1241]: (1527.056281822095,1)
[1242]: (1520.51300346142,1)
[1243]: (1523.10250820626,1)
[1244]: (1523.355307059823,1)
[1245]: (1524.104810472711,1)
[1246]: (1523.37204716942,1)
[1247]: (1525.021737579627,1)
[1248]: (1527.205907712101,1)
[1249]: (1521.645331135738,1)
[1250]: (1521.009130823993,1)
[1251]: (1520.824925167148,1)
[1252]: (1520.778181863281,1)
[1253]: (1521.084359089602,1)
[1254]: (1520.925325459839,1)
[1255]: (1525.002864013594,1)
[1256]: (1520.817552613697,1)
[1257]: (1521.29536997676,1)
[1258]: (1530.230295368124,1)
[1259]: (1533.007282356079,1)
[1260]: (1525.128662938355,1)
[1261]: (1522.379839098115,1)
[1262]: (1520.303707782037,1)
[1263]: (1522.929565546144,1)
[1264]: (1527.087300088028,1)
[1265]: (1521.73537303254,1)
[1266]: (1523.064786488032,1)
[1267]: (1522.572317814736,1)
[1268]: (1523.176810033322,1)
[1269]: (1523.36185897619,1)
[1270]: (1523.007232119118,1)
[1271]: (1524.017712539837,1)
[1272]: (1524.820303179786,1)
[1273]: (1527.278801603208,1)
[1274]: (1520.957603967102,1)
[1275]: (1523.368804688461,1)
[1276]: (1522.45664275225,1)
[1277]: (1523.419196140812,1)
[1278]: (1524.356385758618,1)
[1279]: (1521.101311689947,1)
[1280]: (1520.176862214047,1)
[1281]: (1520.268432234114,1)
[1282]: (1520.45944392432,1)
[1283]: (1520.345031186512,1)
[1284]: (1521.25924031114,1)
[1285]: (1525.031837956085,1)
[1286]: (1522.196558696668,1)
[1287]: (1521.160572282224,1)
[1288]: (1526.484719985045,1)
[1289]: (1531.341281875704,1)
[1290]: (1523.019739758623,1)
[1291]: (1522.032132274406,1)
[1292]: (1524.084682745241,1)
[1293]: (1522.600255601068,1)
[1294]: (1522.329308203733,1)
[1295]: (1524.516528694348,1)
[1296]: (1526.1025687198,1)
[1297]: (1520.48605374927,1)
[1298]: (1525.422921693538,1)
[1299]: (1522.876015667841,1)
[1300]: (1525.072405157774,1)
[1301]: (1522.128041652809,1)
[1302]: (1521.140721118864,1)
[1303]: (1521.078782141216,1)
[1304]: (1521.053064224249,1)
[1305]: (1533.063253194426,1)
[1306]: (1528.273522398732,1)
[1307]: (1521.84486569689,1)
[1308]: (1521.818173425984,1)
[1309]: (1520.298783276051,1)
[1310]: (1522.007222034767,1)
[1311]: (1527.103241794982,1)
[1312]: (1521.449335327425,1)
[1313]: (1521.114070174367,1)
[1314]: (1521.011733101456,1)
[1315]: (1521.06625144877,1)
[1316]: (1522.683589436471,1)
[1317]: (1520.575363012557,1)
[1318]: (1527.146237821335,1)
[1319]: (1523.271688270734,1)
[1320]: (1525.366902127818,1)
[1321]: (1525.044601247872,1)
[1322]: (1521.663800447638,1)
[1323]: (1521.023335331978,1)
[1324]: (1523.854615520666,1)
[1325]: (1524.047565934743,1)
[1326]: (1521.32679476757,1)
[1327]: (1523.135530726449,1)
[1328]: (1523.134721552228,1)
[1329]: (1527.816761486781,1)
[1330]: (1529.341648884488,1)
[1331]: (1521.081558415256,1)
[1332]: (1527.11928067435,1)
[1333]: (1520.204703947321,1)
[1334]: (1524.460484645437,1)
[1335]: (1520.313585947569,1)
[1336]: (1526.190438205638,1)
[1337]: (1523.74757107284,1)
[1338]: (1521.299301067077,1)
[1339]: (1523.071912441208,1)
[1340]: (1521.051711221267,1)
[1341]: (1522.002407780222,1)
[1342]: (1523.124178839019,1)
[1343]: (1522.492693841035,1)
[1344]: (1524.822921625776,1)
[1345]: (1520.290906758813,1)
[1346]: (1526.199738074627,1)
[1347]: (1521.095097761487,1)
[1348]: (1523.012454594171,1)
[1349]: (1525.1329294546,1)
[1350]: (1523.248750364576,1)
[1351]: (1523.381022148555,1)
[1352]: (1526.004551670582,1)
[1353]: (1524.074543409162,1)
[1354]: (1523.030862463528,1)
[1355]: (1526.132117037256,1)
[1356]: (1524.696306043882,1)
[1357]: (1522.059282626365,1)
[1358]: (1525.152593361191,1)
[1359]: (1520.322606289894,1)
[1360]: (1523.868676368912,1)
[1361]: (1522.212225271861,1)
[1362]: (1520.669938067437,1)
[1363]: (1524.093621066879,1)
[1364]: (1522.345097243424,1)
[1365]: (1524.157068937858,1)
[1366]: (1520.190115176561,1)
[1367]: (1521.080675202949,1)
[1368]: (1524.038847674563,1)
[1369]: (1522.909792360187,1)
[1370]: (1529.904311517495,1)
[1371]: (1523.182570079818,1)
[1372]: (1520.497834352166,1)
[1373]: (1523.021786770467,1)
[1374]: (1523.037628252362,1)
[1375]: (1530.035164703017,1)
[1376]: (1521.378457667996,1)
[1377]: (1521.248877750371,1)
[1378]: (1522.083124193287,1)
[1379]: (1527.599355881957,1)
[1380]: (1520.130142615752,1)
[1381]: (1522.234057899063,1)
[1382]: (1524.362609288635,1)
[1383]: (1522.109434554517,1)
[1384]: (1528.501047578169,1)
[1385]: (1522.453662438217,1)
[1386]: (1520.499867089009,1)
[1387]: (1521.909131321803,1)
[1388]: (1521.62537477431,1)
[1389]: (1528.230151753078,1)
[1390]: (1524.495294764542,1)
[1391]: (1527.39731688736,1)
[1392]: (1529.146503425208,1)
[1393]: (1521.121995199787,1)
[1394]: (1522.364511142239,1)
[1395]: (1521.324098051373,1)
[1396]: (1521.414065088474,1)
[1397]: (1524.179546290584,1)
[1398]: (1531.51004542022,1)
[1399]: (1521.077751425229,1)
[1400]: (1523.129004408394,1)
[1401]: (1524.492515929706,1)
[1402]: (1526.188754255991,1)
[1403]: (1523.105865443214,1)
[1404]: (1527.497300371097,1)
[1405]: (1521.077210413801,1)
[1406]: (1522.254649672857,1)
[1407]: (1524.446777735884,1)
[1408]: (1521.170537779287,1)
[1409]: (1522.010963531698,1)
[1410]: (1521.196415104257,1)
[1411]: (1522.767746689097,1)
[1412]: (1524.060164027647,1)
[1413]: (1521.107093400527,1)
[1414]: (1522.64858457282,1)
[1415]: (1522.885994849776,1)
[1416]: (1525.427402836725,1)
[1417]: (1520.616195009131,1)
[1418]: (1521.683890552885,1)
[1419]: (1527.788781077814,1)
[1420]: (1528.049309592348,1)
[1421]: (1525.193361907046,1)
[1422]: (1522.162150831908,1)
[1423]: (1522.053538774463,1)
[1424]: (1523.611935871091,1)
[1425]: (1522.517576627749,1)
[1426]: (1520.230165019097,1)
[1427]: (1520.387858010587,1)
[1428]: (1525.147794337125,1)
[1429]: (1526.036758028423,1)
[1430]: (1522.559168926962,1)
[1431]: (1523.58543786516,1)
[1432]: (1523.263345955085,1)
[1433]: (1528.004095080521,1)
[1434]: (1522.379583302611,1)
[1435]: (1524.064917857132,1)
[1436]: (1521.722660871198,1)
[1437]: (1522.31349216583,1)
[1438]: (1528.781612990516,1)
[1439]: (1524.121250901817,1)
[1440]: (1527.153962354208,1)
[1441]: (1522.243971220611,1)
[1442]: (1522.444766584353,1)
[1443]: (1521.937857590878,1)
[1444]: (1523.131219953465,1)
[1445]: (1522.690742789735,1)
[1446]: (1528.138494667209,1)
[1447]: (1521.036204978734,1)
[1448]: (1525.332379641579,1)
[1449]: (1525.200661185635,1)
[1450]: (1521.743011061883,1)
[1451]: (1523.100769457223,1)
[1452]: (1522.189372929921,1)
[1453]: (1522.460501901928,1)
[1454]: (1524.088196806797,1)
[1455]: (1526.100284700519,1)
[1456]: (1525.11141973793,1)
[1457]: (1521.240356914258,1)
[1458]: (1520.168670017455,1)
[1459]: (1521.01795316245,1)
[1460]: (1535.617009285363,1)
[1461]: (1530.318940801812,1)
[1462]: (1526.478296183425,1)
[1463]: (1523.173634442594,1)
[1464]: (1521.100015007211,1)
[1465]: (1520.958857564665,1)
[1466]: (1520.812466196813,1)
[1467]: (1523.950727429098,1)
[1468]: (1521.640036094924,1)
[1469]: (1520.139691442309,1)
[1470]: (1528.218722623286,1)
[1471]: (1528.248576324664,1)
[1472]: (1524.139021860753,1)
[1473]: (1521.628164415936,1)
[1474]: (1525.031926409674,1)
[1475]: (1524.668012682873,1)
[1476]: (1525.210082385351,1)
[1477]: (1527.192675537279,1)
[1478]: (1522.120028191086,1)
[1479]: (1525.033521612918,1)
[1480]: (1520.558842923329,1)
[1481]: (1523.179832739275,1)
[1482]: (1525.778792145861,1)
[1483]: (1522.040523272679,1)
[1484]: (1521.246139299937,1)
[1485]: (1525.109542884817,1)
[1486]: (1524.998160425011,1)
[1487]: (1520.491384482483,1)
[1488]: (1533.03096552431,1)
[1489]: (1521.408617343117,1)
[1490]: (1522.074205024959,1)
[1491]: (1522.103132121709,1)
[1492]: (1526.063850440765,1)
[1493]: (1525.488147057648,1)
[1494]: (1521.021715014955,1)
[1495]: (1525.091580556822,1)
[1496]: (1521.171592021303,1)
[1497]: (1520.538725480565,1)
[1498]: (1522.471521259722,1)
[1499]: (1522.483832797048,1)
[1500]: (1524.011012370884,1)
[1501]: (1522.083227835483,1)
[1502]: (1522.572448979592,1)
[1503]: (1521.575685907329,1)
[1504]: (1523.22174747712,1)
[1505]: (1520.055256115701,1)
[1506]: (1522.810850014654,1)
[1507]: (1521.030400697666,1)
[1508]: (1526.294673853271,1)
[1509]: (1521.078223862693,1)
[1510]: (1520.461540924578,1)
[1511]: (1520.127900463799,1)
[1512]: (1522.56827251888,1)
[1513]: (1521.33409621801,1)
[1514]: (1523.074840416506,1)
[1515]: (1532.16586211318,1)
[1516]: (1522.137450477793,1)
[1517]: (1520.290173236745,1)
[1518]: (1523.436447598919,1)
[1519]: (1524.297847289924,1)
[1520]: (1521.070644804,1)
[1521]: (1522.423622988614,1)
[1522]: (1524.416612019602,1)
[1523]: (1520.277804034612,1)
[1524]: (1521.248748995014,1)
[1525]: (1521.218205990549,1)
[1526]: (1520.555559745859,1)
[1527]: (1524.295524786181,1)
[1528]: (1521.238036631039,1)
[1529]: (1521.273552722151,1)
[1530]: (1524.019028638808,1)
[1531]: (1533.381464869024,1)
[1532]: (1522.149637849575,1)
[1533]: (1521.627446904004,1)
[1534]: (1524.011934664801,1)
[1535]: (1523.077429826789,1)
[1536]: (1521.310165304623,1)
[1537]: (1521.000323406973,1)
[1538]: (1530.180215724566,1)
[1539]: (1521.298262138268,1)
[1540]: (1520.577813219969,1)
[1541]: (1522.1220770154,1)
[1542]: (1523.001898346709,1)
[1543]: (1521.460986166115,1)
[1544]: (1521.371989833961,1)
[1545]: (1529.217952937016,1)
[1546]: (1521.231418496856,1)
[1547]: (1521.47526165266,1)
[1548]: (1525.142535188252,1)
[1549]: (1520.932369751058,1)
[1550]: (1521.023773365313,1)
[1551]: (1531.065929528894,1)
[1552]: (1527.318410882372,1)
[1553]: (1522.069282000311,1)
[1554]: (1521.207438943672,1)
[1555]: (1532.529906480241,1)
[1556]: (1524.053468114799,1)
[1557]: (1523.262392716407,1)
[1558]: (1529.349524437928,1)
[1559]: (1525.205095303894,1)
[1560]: (1523.056097048659,1)
[1561]: (1522.600805853652,1)
[1562]: (1524.0000112711,1)
[1563]: (1527.0771217782,1)
[1564]: (1522.700547059952,1)
[1565]: (1531.168709273736,1)
[1566]: (1522.107427677957,1)
[1567]: (1525.0780465963,1)
[1568]: (1523.451274031529,1)
[1569]: (1526.645704765039,1)
[1570]: (1525.454058100106,1)
[1571]: (1523.683454388626,1)
[1572]: (1521.630017362484,1)
[1573]: (1524.051568690879,1)
[1574]: (1520.380948231697,1)
[1575]: (1525.051131455888,1)
[1576]: (1522.662048232637,1)
[1577]: (1528.218836279792,1)
[1578]: (1520.354210694761,1)
[1579]: (1523.334938125286,1)
[1580]: (1522.067667477463,1)
[1581]: (1521.088208002714,1)
[1582]: (1534.119532687395,1)
[1583]: (1535.326272145484,1)
[1584]: (1521.044946335582,1)
[1585]: (1530.088314342374,1)
[1586]: (1520.119574815094,1)
[1587]: (1522.02189427069,1)
[1588]: (1521.195415168815,1)
[1589]: (1524.315959977626,1)
[1590]: (1534.036557840218,1)
[1591]: (1527.080624204823,1)
[1592]: (1522.660203675972,1)
[1593]: (1521.344020271963,1)
[1594]: (1524.083058319557,1)
[1595]: (1525.054226753723,1)
[1596]: (1526.021427068795,1)
[1597]: (1524.099317391959,1)
[1598]: (1525.040160893048,1)
[1599]: (1522.113827256601,1)
[1600]: (1521.341559511389,1)
[1601]: (1521.083029625297,1)
[1602]: (1522.684055338475,1)
[1603]: (1521.498914927602,1)
[1604]: (1522.05555612866,1)
[1605]: (1521.282260470771,1)
[1606]: (1527.483632349459,1)
[1607]: (1524.325637517021,1)
[1608]: (1532.003358001958,1)
[1609]: (1523.062453152621,1)
[1610]: (1521.033841050053,1)
[1611]: (1520.197876932827,1)
[1612]: (1529.027232088569,1)
[1613]: (1521.454650636183,1)
[1614]: (1527.626025036655,1)
[1615]: (1521.011837661072,1)
[1616]: (1521.829469811175,1)
[1617]: (1525.624216169672,1)
[1618]: (1524.157482359951,1)
[1619]: (1523.433254830879,1)
[1620]: (1532.109446396167,1)
[1621]: (1523.077670631101,1)
[1622]: (1524.507345572837,1)
[1623]: (1523.279515232296,1)
[1624]: (1521.722965559324,1)
[1625]: (1529.112051024176,1)
[1626]: (1523.353713227538,1)
[1627]: (1521.18818888265,1)
[1628]: (1526.19347077345,1)
[1629]: (1520.299491924766,1)
[1630]: (1521.012762997463,1)
[1631]: (1527.084907682779,1)
[1632]: (1522.12914115383,1)
[1633]: (1528.182206874045,1)
[1634]: (1523.102280457555,1)
[1635]: (1521.336716057284,1)
[1636]: (1534.238201894722,1)
[1637]: (1527.171992927643,1)
[1638]: (1525.041552293368,1)
[1639]: (1522.021186898951,1)
[1640]: (1527.085410172569,1)
[1641]: (1523.103252210087,1)
[1642]: (1522.000177729033,1)
[1643]: (1520.108866378063,1)
[1644]: (1524.351341168145,1)
[1645]: (1523.037407576039,1)
[1646]: (1524.069656209256,1)
[1647]: (1521.394728415452,1)
[1648]: (1523.366837573566,1)
[1649]: (1521.35195587777,1)
[1650]: (1522.548222514782,1)
[1651]: (1521.822665722301,1)
[1652]: (1522.656027013344,1)
[1653]: (1527.030403553631,1)
[1654]: (1530.87350052805,1)
[1655]: (1528.553399672222,1)
[1656]: (1522.484757954727,1)
[1657]: (1523.000098314846,1)
[1658]: (1522.879552062501,1)
[1659]: (1523.088406335696,1)
[1660]: (1522.100911354732,1)
[1661]: (1524.335067444906,1)
[1662]: (1521.300602766147,1)
[1663]: (1522.358159476882,1)
[1664]: (1524.564434743479,1)
[1665]: (1525.19332920101,1)
[1666]: (1524.096573282951,1)
[1667]: (1529.049545302516,1)
[1668]: (1522.157138642162,1)
[1669]: (1527.694222534871,1)
[1670]: (1521.446287291185,1)
[1671]: (1524.445439278598,1)
[1672]: (1522.106387508712,1)
[1673]: (1522.387180184615,1)
[1674]: (1522.064477898416,1)
[1675]: (1520.580067293947,1)
[1676]: (1525.720302770384,1)
[1677]: (1524.373178269756,1)
[1678]: (1522.920400188502,1)
[1679]: (1522.666568826772,1)
[1680]: (1525.059398422907,1)
[1681]: (1528.484171693914,1)
[1682]: (1520.399687089351,1)
[1683]: (1520.982126294847,1)
[1684]: (1523.273017513443,1)
[1685]: (1523.580642483828,1)
[1686]: (1530.491960111109,1)
[1687]: (1522.265349351441,1)
[1688]: (1522.123245176096,1)
[1689]: (1526.357313693961,1)
[1690]: (1530.249878967143,1)
[1691]: (1523.016686860644,1)
[1692]: (1524.260324093255,1)
[1693]: (1523.002607079486,1)
[1694]: (1521.904931288275,1)
[1695]: (1526.725085648784,1)
[1696]: (1521.096475966955,1)
[1697]: (1522.181485856377,1)
[1698]: (1522.164083544319,1)
[1699]: (1524.124919894962,1)
[1700]: (1523.021493908091,1)
[1701]: (1522.258122697179,1)
[1702]: (1521.404619569203,1)
[1703]: (1532.150915206193,1)
[1704]: (1528.932146734493,1)
[1705]: (1527.240333917598,1)
[1706]: (1521.135659031284,1)
[1707]: (1522.207768532991,1)
[1708]: (1523.853650035742,1)
[1709]: (1523.063270704532,1)
[1710]: (1523.369812810275,1)
[1711]: (1530.15552909332,1)
[1712]: (1522.225966542096,1)
[1713]: (1520.186125250277,1)
[1714]: (1522.364396067325,1)
[1715]: (1522.222047383552,1)
[1716]: (1521.583755687211,1)
[1717]: (1533.30698293509,1)
[1718]: (1525.282846554612,1)
[1719]: (1527.329684730616,1)
[1720]: (1524.630785979585,1)
[1721]: (1523.71097450498,1)
[1722]: (1520.100333777264,1)
[1723]: (1526.024707202829,1)
[1724]: (1524.533163201235,1)
[1725]: (1522.088463755816,1)
[1726]: (1523.024167826334,1)
[1727]: (1522.091261253343,1)
[1728]: (1520.16041316922,1)
[1729]: (1525.031472960262,1)
[1730]: (1524.319059908092,1)
[1731]: (1526.626274500401,1)
[1732]: (1527.335616550012,1)
[1733]: (1524.020072997296,1)
[1734]: (1523.048088884623,1)
[1735]: (1521.294287527401,1)
[1736]: (1523.398099777087,1)
[1737]: (1527.979658596059,1)
[1738]: (1525.074117722761,1)
[1739]: (1526.014493773959,1)
[1740]: (1523.261838004345,1)
[1741]: (1521.029368035559,1)
[1742]: (1523.018129990256,1)
[1743]: (1530.410938160176,1)
[1744]: (1523.39966473542,1)
[1745]: (1522.892254422793,1)
[1746]: (1526.062781693352,1)
[1747]: (1521.053070189388,1)
[1748]: (1523.350061210239,1)
[1749]: (1522.320978275358,1)
[1750]: (1532.047507234386,1)
[1751]: (1520.325110274737,1)
[1752]: (1520.605767657674,1)
[1753]: (1520.641680438583,1)
[1754]: (1528.687813744517,1)
[1755]: (1523.200058398024,1)
[1756]: (1528.02848155738,1)
[1757]: (1524.188648099758,1)
[1758]: (1522.685832312334,1)
[1759]: (1523.125285295921,1)
[1760]: (1526.109996808214,1)
[1761]: (1526.342321879355,1)
[1762]: (1522.761975341817,1)
[1763]: (1525.327604538496,1)
[1764]: (1522.317421386317,1)
[1765]: (1521.4494699412,1)
[1766]: (1525.110863700262,1)
[1767]: (1522.029253866624,1)
[1768]: (1525.014502766858,1)
[1769]: (1521.52078572637,1)
[1770]: (1521.000011398221,1)
[1771]: (1521.055185512048,1)
[1772]: (1520.188636854059,1)
[1773]: (1521.507667095898,1)
[1774]: (1523.256252770557,1)
[1775]: (1522.11133718063,1)
[1776]: (1521.048854149,1)
[1777]: (1523.912425563846,1)
[1778]: (1523.10318790612,1)
[1779]: (1520.35339578931,1)
[1780]: (1522.048577559443,1)
[1781]: (1523.0325448366,1)
[1782]: (1525.265767559317,1)
[1783]: (1527.065450461448,1)
[1784]: (1521.206486473061,1)
[1785]: (1524.196574963053,1)
[1786]: (1530.388571016261,1)
[1787]: (1525.038984555824,1)
[1788]: (1520.19958394348,1)
[1789]: (1525.379649978023,1)
[1790]: (1532.449659974847,1)
[1791]: (1524.290819914949,1)
[1792]: (1520.29137213916,1)
[1793]: (1523.182462846396,1)
[1794]: (1525.305789250907,1)
[1795]: (1530.46052796273,1)
[1796]: (1522.056090457163,1)
[1797]: (1526.066444282883,1)
[1798]: (1526.71060422282,1)
[1799]: (1523.287883799272,1)
[1800]: (1522.231339477084,1)
[1801]: (1523.204736023111,1)
[1802]: (1521.191562971561,1)
[1803]: (1531.210999815687,1)
[1804]: (1521.2602205331,1)
[1805]: (1526.141948409313,1)
[1806]: (1522.055315449257,1)
[1807]: (1521.851958451908,1)
[1808]: (1527.36970642348,1)
[1809]: (1522.414197616208,1)
[1810]: (1524.000022734503,1)
[1811]: (1522.048839543673,1)
[1812]: (1528.15941077746,1)
[1813]: (1521.286413741471,1)
[1814]: (1528.059139185325,1)
[1815]: (1521.497692676672,1)
[1816]: (1522.036463635387,1)
[1817]: (1521.345156973197,1)
[1818]: (1525.494813638985,1)
[1819]: (1525.163656213579,1)
[1820]: (1521.0642452097,1)
[1821]: (1520.632140238281,1)
[1822]: (1528.689520727198,1)
[1823]: (1524.068543885058,1)
[1824]: (1523.050904814533,1)
[1825]: (1522.368586657304,1)
[1826]: (1524.22830598727,1)
[1827]: (1521.184823111255,1)
[1828]: (1522.187390437218,1)
[1829]: (1525.016999892321,1)
[1830]: (1522.708624640401,1)
[1831]: (1526.030069071282,1)
[1832]: (1528.662413009688,1)
[1833]: (1525.404891741636,1)
[1834]: (1521.111610021023,1)
[1835]: (1522.551010703837,1)
[1836]: (1523.124661565355,1)
[1837]: (1525.073148566469,1)
[1838]: (1521.538753707498,1)
[1839]: (1526.325880539178,1)
[1840]: (1529.042646059888,1)
[1841]: (1521.688859196324,1)
[1842]: (1522.101956937244,1)
[1843]: (1523.397725593561,1)
[1844]: (1522.4783796045,1)
[1845]: (1538.107305500208,1)
[1846]: (1524.516486082649,1)
[1847]: (1525.338339934247,1)
[1848]: (1522.364031466957,1)
[1849]: (1522.978715577829,1)
[1850]: (1522.881891097742,1)
[1851]: (1522.019320158305,1)
[1852]: (1524.565064302227,1)
[1853]: (1523.977587011075,1)
[1854]: (1523.072472376032,1)
[1855]: (1529.016521289097,1)
[1856]: (1525.476011614986,1)
[1857]: (1526.652953476923,1)
[1858]: (1524.026961240967,1)
[1859]: (1520.800752725507,1)
[1860]: (1525.027486991964,1)
[1861]: (1521.068896500139,1)
[1862]: (1524.131506890164,1)
[1863]: (1520.769772582204,1)
[1864]: (1531.410960044928,1)
[1865]: (1525.517782916319,1)
[1866]: (1521.098660592738,1)
[1867]: (1528.048551825649,1)
[1868]: (1522.159804014935,1)
[1869]: (1522.369687541566,1)
[1870]: (1521.140472355416,1)
[1871]: (1525.431643148102,1)
[1872]: (1526.086919946521,1)
[1873]: (1523.483556660676,1)
[1874]: (1526.207579863988,1)
[1875]: (1524.398469166294,1)
[1876]: (1530.477170709739,1)
[1877]: (1520.548846933656,1)
[1878]: (1524.255389557351,1)
[1879]: (1521.023779815895,1)
[1880]: (1520.280518881462,1)
[1881]: (1521.291567385169,1)
[1882]: (1526.070673028185,1)
[1883]: (1521.015828128991,1)
[1884]: (1522.102856392906,1)
[1885]: (1522.174976641569,1)
[1886]: (1525.081084449378,1)
[1887]: (1523.146329454105,1)
[1888]: (1525.015662578219,1)
[1889]: (1521.108698954489,1)
[1890]: (1527.09453021077,1)
[1891]: (1520.107909374044,1)
[1892]: (1526.320077815668,1)
[1893]: (1526.159794646024,1)
[1894]: (1527.124513760395,1)
[1895]: (1522.700607044688,1)
[1896]: (1520.308232426373,1)
[1897]: (1521.057454344844,1)
[1898]: (1522.055783605127,1)
[1899]: (1521.724454115002,1)
[1900]: (1521.270230576267,1)
[1901]: (1523.229976022815,1)
[1902]: (1526.188912915657,1)
[1903]: (1528.464556548343,1)
[1904]: (1524.357556453222,1)
[1905]: (1520.945318658405,1)
[1906]: (1522.467045855994,1)
[1907]: (1523.200841820993,1)
[1908]: (1525.168483298499,1)
[1909]: (1523.671491844386,1)
[1910]: (1521.143299795878,1)
[1911]: (1522.283313714034,1)
[1912]: (1524.846389799221,1)
[1913]: (1523.100252444098,1)
[1914]: (1522.037155843118,1)
[1915]: (1524.790820381297,1)
[1916]: (1525.644393454413,1)
[1917]: (1520.238373519313,1)
[1918]: (1523.048557578513,1)
[1919]: (1528.820211187689,1)
[1920]: (1523.281298097715,1)
[1921]: (1524.291643334339,1)
[1922]: (1522.133739885624,1)
[1923]: (1525.502248761844,1)
[1924]: (1522.535249324337,1)
[1925]: (1524.791999541638,1)
[1926]: (1527.294141697164,1)
[1927]: (1521.468476353818,1)
[1928]: (1522.056866213793,1)
[1929]: (1523.658181107893,1)
[1930]: (1522.397351606205,1)
[1931]: (1524.083339158623,1)
[1932]: (1524.921121246576,1)
[1933]: (1522.368929608332,1)
[1934]: (1521.00965836383,1)
[1935]: (1524.75025875435,1)
[1936]: (1522.353683529888,1)
[1937]: (1537.633458615578,1)
[1938]: (1529.527220203819,1)
[1939]: (1526.043112504221,1)
[1940]: (1521.157183645404,1)
[1941]: (1527.285049645502,1)
[1942]: (1522.455754381452,1)
[1943]: (1523.052480973235,1)
[1944]: (1527.68675181539,1)
[1945]: (1524.155525678616,1)
[1946]: (1524.319614572648,1)
[1947]: (1526.329149065124,1)
[1948]: (1524.287551632708,1)
[1949]: (1520.236619856145,1)
[1950]: (1525.624738012868,1)
[1951]: (1521.111149111729,1)
[1952]: (1524.397965220584,1)
[1953]: (1521.185793655233,1)
[1954]: (1522.057370350911,1)
[1955]: (1520.233797064242,1)
[1956]: (1523.565594340302,1)
[1957]: (1521.481390988893,1)
[1958]: (1523.720225618975,1)
[1959]: (1522.266803310886,1)
[1960]: (1521.944759884883,1)
[1961]: (1524.038537174808,1)
[1962]: (1522.173612207672,1)
[1963]: (1521.382819564201,1)
[1964]: (1530.131910323065,1)
[1965]: (1525.281595275439,1)
[1966]: (1525.19456237398,1)
[1967]: (1521.257888466576,1)
[1968]: (1524.06571951433,1)
[1969]: (1530.089554015311,1)
[1970]: (1527.124298690187,1)
[1971]: (1529.063383383592,1)
[1972]: (1527.589836433493,1)
[1973]: (1526.727171201403,1)
[1974]: (1522.758213945229,1)
[1975]: (1520.20197425963,1)
[1976]: (1531.252743955543,1)
[1977]: (1523.382109814729,1)
[1978]: (1522.925068233259,1)
[1979]: (1522.70513556324,1)
[1980]: (1523.176874636064,1)
[1981]: (1523.190197204919,1)
[1982]: (1520.178772335689,1)
[1983]: (1522.252513858261,1)
[1984]: (1521.135346156207,1)
[1985]: (1527.004027873395,1)
[1986]: (1522.03547214741,1)
[1987]: (1530.034581374297,1)
[1988]: (1524.747198056893,1)
[1989]: (1524.061856717607,1)
[1990]: (1522.288044589264,1)
[1991]: (1521.016448147418,1)
[1992]: (1523.025744426629,1)
[1993]: (1520.240918120802,1)
[1994]: (1520.179312564897,1)
[1995]: (1520.10013275897,1)
[1996]: (1522.502791124061,1)
[1997]: (1527.886913029005,1)
[1998]: (1522.51504276262,1)
[1999]: (1524.472702161032,1)
 -- States explored : 0 states
 -- CPU user time used : 642750 ms
 -- Virtual memory used : 42650520 KiB
 -- Resident memory used : 42610232 KiB
executionTime: 4398
