core file size          (blocks, -c) unlimited
data seg size           (kbytes, -d) unlimited
scheduling priority             (-e) 0
file size               (blocks, -f) unlimited
pending signals                 (-i) 4077086
max locked memory       (kbytes, -l) 64
max memory size         (kbytes, -m) 166723584
open files                      (-n) 4096
pipe size            (512 bytes, -p) 8
POSIX message queues     (bytes, -q) 819200
real-time priority              (-r) 0
stack size              (kbytes, -s) 8192
cpu time               (seconds, -t) unlimited
max user processes              (-u) 4077086
virtual memory          (kbytes, -v) 159000000
file locks                      (-x) unlimited
Options for the verification:
  Generating some trace
  Search order is random depth first
  Using conservative space optimisation
  Seed is 1556932484
  State space representation uses minimal constraint systems
  Using HashMap + Compress integers for discrete state storage

Verifying formula 1 at ../queries/SP_300_130_8.q:1
 -- Formula is satisfied.
(9000 runs)
Learning statistics for best strategy: 
	Number of resets: 0
	Number of iterations in last reset: 12
	Number of iterations in total: 12

 -- States explored : 0 states
 -- CPU user time used : 12310560 ms
 -- Virtual memory used : 114598724 KiB
 -- Resident memory used : 114397656 KiB

Verifying formula 2 at ../queries/SP_300_130_8.q:2
 -- Formula is satisfied.
Composer.Done:
[0]: (0,0) (538.0064773098541,1)
[1]: (536.4237756245503,1)
[2]: (536.0460180197698,1)
[3]: (538.0543587223875,1)
[4]: (538.132724898119,1)
[5]: (536.7886445672574,1)
[6]: (536.1142776092223,1)
[7]: (539.22951089553,1)
[8]: (536.226997162996,1)
[9]: (539.1261419912856,1)
[10]: (539.0877706296529,1)
[11]: (539.0170955819235,1)
[12]: (541.2088679857336,1)
[13]: (536.622402385589,1)
[14]: (538.1257386889654,1)
[15]: (536.2882700946355,1)
[16]: (537.1614941033635,1)
[17]: (540.0132795499618,1)
[18]: (537.2512111329031,1)
[19]: (537.2265492238755,1)
[20]: (538.1254987696761,1)
[21]: (538.6734628124406,1)
[22]: (536.0264170600469,1)
[23]: (536.2191921377272,1)
[24]: (537.2991336667185,1)
[25]: (539.4431088984992,1)
[26]: (540.8176859675897,1)
[27]: (536.134639122433,1)
[28]: (539.1217222042026,1)
[29]: (537.7258237566009,1)
[30]: (538.1584178970472,1)
[31]: (536.4920151486423,1)
[32]: (541.4158555124638,1)
[33]: (539.2019305845438,1)
[34]: (536.1524978061401,1)
[35]: (539.5513078607842,1)
[36]: (539.1586441028197,1)
[37]: (537.1291132913877,1)
[38]: (537.2065266352919,1)
[39]: (537.2559021435854,1)
[40]: (537.2566966795283,1)
[41]: (539.4147900046787,1)
[42]: (537.0886627817208,1)
[43]: (541.206534539563,1)
[44]: (536.1516268926759,1)
[45]: (536.1837668139181,1)
[46]: (537.0514777063059,1)
[47]: (539.2434817500684,1)
[48]: (540.0550173212058,1)
[49]: (536.3828859181313,1)
[50]: (537.1836191307971,1)
[51]: (540.2325958053144,1)
[52]: (541.140368048154,1)
[53]: (536.2926752357151,1)
[54]: (537.2361687880425,1)
[55]: (537.4830711819333,1)
[56]: (536.1863420508603,1)
[57]: (537.9378552107235,1)
[58]: (536.398893724168,1)
[59]: (537.197635148244,1)
[60]: (537.0509227826353,1)
[61]: (538.30061257412,1)
[62]: (541.1374859249123,1)
[63]: (538.0760133429382,1)
[64]: (538.7476724568211,1)
[65]: (536.263146874034,1)
[66]: (538.1166502102644,1)
[67]: (539.4406334151107,1)
[68]: (538.0224172499037,1)
[69]: (540.4327367030899,1)
[70]: (540.2067323795715,1)
[71]: (545.2335360136937,1)
[72]: (536.4941147000713,1)
[73]: (536.361246855721,1)
[74]: (539.1542879547271,1)
[75]: (538.0421939276686,1)
[76]: (536.1103643767447,1)
[77]: (540.0147570969231,1)
[78]: (540.4629651366403,1)
[79]: (536.2797290810502,1)
[80]: (537.465365329363,1)
[81]: (540.5647563174144,1)
[82]: (536.0029352039177,1)
[83]: (542.2696355599206,1)
[84]: (537.1900978079678,1)
[85]: (542.0164709901483,1)
[86]: (539.023796138041,1)
[87]: (537.0583003520934,1)
[88]: (543.0866505571028,1)
[89]: (537.1440709219435,1)
[90]: (538.0858007076066,1)
[91]: (536.2546907334626,1)
[92]: (536.1105260924697,1)
[93]: (536.3074199061542,1)
[94]: (538.0869792344376,1)
[95]: (538.948332337148,1)
[96]: (538.4972666177686,1)
[97]: (537.6677039968799,1)
[98]: (540.1388549648735,1)
[99]: (537.6713232302029,1)
[100]: (537.5127529618197,1)
[101]: (538.2286802369799,1)
[102]: (536.359760857114,1)
[103]: (536.0422522862222,1)
[104]: (541.0728907076522,1)
[105]: (540.2818429792171,1)
[106]: (537.1327288838741,1)
[107]: (536.0814343058016,1)
[108]: (538.1700310868152,1)
[109]: (538.164124077842,1)
[110]: (538.1404880187877,1)
[111]: (540.1821054461971,1)
[112]: (540.2426895178847,1)
[113]: (539.3795749530283,1)
[114]: (540.0435357465994,1)
[115]: (538.8466832521688,1)
[116]: (537.4061236113653,1)
[117]: (539.072964067341,1)
[118]: (538.2794808790096,1)
[119]: (536.1277824513579,1)
[120]: (539.0846345563845,1)
[121]: (538.1128754585363,1)
[122]: (540.5480719301942,1)
[123]: (536.5703975868464,1)
[124]: (540.1915999351222,1)
[125]: (536.2306267976655,1)
[126]: (536.0081588435514,1)
[127]: (539.1547002094611,1)
[128]: (536.0552067816441,1)
[129]: (539.0321740650705,1)
[130]: (539.4736952234227,1)
[131]: (537.8059135767389,1)
[132]: (537.7191361204818,1)
[133]: (541.3487524861913,1)
[134]: (539.0233237666197,1)
[135]: (537.1767078410428,1)
[136]: (541.5755950878656,1)
[137]: (536.036963643169,1)
[138]: (539.2489246041885,1)
[139]: (539.4125681269933,1)
[140]: (537.7006357122636,1)
[141]: (537.034152702194,1)
[142]: (539.2478592105469,1)
[143]: (537.1615646948055,1)
[144]: (538.0258636875092,1)
[145]: (537.1162678956271,1)
[146]: (536.6205477918851,1)
[147]: (537.1129419727657,1)
[148]: (538.6938092193814,1)
[149]: (540.2639247618586,1)
[150]: (536.202240441917,1)
[151]: (536.1683603652108,1)
[152]: (537.3294794343141,1)
[153]: (537.4256896261883,1)
[154]: (538.0553857699038,1)
[155]: (539.0650649917583,1)
[156]: (537.5346860629649,1)
[157]: (538.1263224148705,1)
[158]: (537.0451132847182,1)
[159]: (539.3794544518432,1)
[160]: (539.9099141190061,1)
[161]: (538.1962908993589,1)
[162]: (538.2319765295554,1)
[163]: (539.1938990001429,1)
[164]: (536.0045935506404,1)
[165]: (538.3998014392062,1)
[166]: (538.0025690016681,1)
[167]: (540.1802448495904,1)
[168]: (543.3222234054582,1)
[169]: (537.3010039512778,1)
[170]: (538.0021710592955,1)
[171]: (537.0588968080357,1)
[172]: (539.1479246696301,1)
[173]: (537.7880918009873,1)
[174]: (536.2074915785033,1)
[175]: (539.0487195099649,1)
[176]: (538.2940591445971,1)
[177]: (537.4975233050382,1)
[178]: (536.2823960155009,1)
[179]: (538.0166427248589,1)
[180]: (538.2267742357241,1)
[181]: (536.3003201085046,1)
[182]: (536.6234400551205,1)
[183]: (539.5200328369574,1)
[184]: (537.0174423929675,1)
[185]: (537.1034980676081,1)
[186]: (536.1266513473796,1)
[187]: (536.2866119416784,1)
[188]: (537.0971647805899,1)
[189]: (539.1883284213706,1)
[190]: (541.1303648737285,1)
[191]: (536.3630204160694,1)
[192]: (538.6460406713087,1)
[193]: (542.2928925045763,1)
[194]: (537.6427722404933,1)
[195]: (536.0695657238824,1)
[196]: (536.848489017853,1)
[197]: (541.0191197628644,1)
[198]: (540.2242132039277,1)
[199]: (537.2384405548545,1)
[200]: (537.0035865457455,1)
[201]: (536.492358174522,1)
[202]: (540.0576711379057,1)
[203]: (537.2598871154365,1)
[204]: (536.1147793927672,1)
[205]: (537.7482678195897,1)
[206]: (536.1434659110874,1)
[207]: (537.3820781147271,1)
[208]: (539.0525777913099,1)
[209]: (540.063390312067,1)
[210]: (537.2030911895117,1)
[211]: (539.0239041727422,1)
[212]: (536.188540529442,1)
[213]: (541.232541257844,1)
[214]: (537.0726237389797,1)
[215]: (538.0418687472264,1)
[216]: (541.0038075854894,1)
[217]: (540.1069744526142,1)
[218]: (539.1142572512839,1)
[219]: (536.8188749539681,1)
[220]: (536.1728671839669,1)
[221]: (537.4881862890209,1)
[222]: (541.2889416439797,1)
[223]: (537.5645363874468,1)
[224]: (539.7102475883859,1)
[225]: (537.4190607915509,1)
[226]: (536.024297852518,1)
[227]: (536.5523955578018,1)
[228]: (541.7526877029128,1)
[229]: (536.9463803321157,1)
[230]: (538.1037847659169,1)
[231]: (537.046661288416,1)
[232]: (539.1985638343676,1)
[233]: (540.3092608570812,1)
[234]: (536.0955766328676,1)
[235]: (540.7727215339733,1)
[236]: (536.0721130940758,1)
[237]: (539.340255873774,1)
[238]: (538.1386808311969,1)
[239]: (539.0605650823749,1)
[240]: (538.3988611950583,1)
[241]: (536.040747004989,1)
[242]: (536.5376710971357,1)
[243]: (540.7457782797682,1)
[244]: (539.2703653618506,1)
[245]: (536.1998497285497,1)
[246]: (539.1865638657947,1)
[247]: (538.2466003925466,1)
[248]: (538.4253711603637,1)
[249]: (537.626498941969,1)
[250]: (537.0494904960115,1)
[251]: (537.2175693966935,1)
[252]: (540.0722095243584,1)
[253]: (541.0669323408372,1)
[254]: (536.1420093396863,1)
[255]: (537.4821405192914,1)
[256]: (539.2419653938725,1)
[257]: (537.3009331475048,1)
[258]: (538.1022110117771,1)
[259]: (538.1403685114988,1)
[260]: (537.2141426402015,1)
[261]: (537.1890701143551,1)
[262]: (539.0615894660898,1)
[263]: (539.3812849843684,1)
[264]: (541.4578080638156,1)
[265]: (541.0431593657129,1)
[266]: (537.1590191479838,1)
[267]: (541.4417063817032,1)
[268]: (538.4687320273979,1)
[269]: (537.5457397774845,1)
[270]: (539.7799673564372,1)
[271]: (538.4658630898616,1)
[272]: (537.0576542268411,1)
[273]: (540.0343595871999,1)
[274]: (536.2960191010416,1)
[275]: (536.9655819307604,1)
[276]: (537.9921314907946,1)
[277]: (536.4233872858531,1)
[278]: (536.4458616206955,1)
[279]: (538.8291662395897,1)
[280]: (539.3305513849549,1)
[281]: (538.0173928984192,1)
[282]: (538.7020802656758,1)
[283]: (537.1229879927473,1)
[284]: (540.0571025483144,1)
[285]: (537.3244525913008,1)
[286]: (537.5707506790491,1)
[287]: (538.1512803894736,1)
[288]: (537.082312698497,1)
[289]: (538.3495676924517,1)
[290]: (539.2114021843004,1)
[291]: (538.1676550133349,1)
[292]: (537.020917014772,1)
[293]: (539.0118904773174,1)
[294]: (539.1806953490943,1)
[295]: (537.9239028994193,1)
[296]: (538.4319012163897,1)
[297]: (536.2436919771949,1)
[298]: (540.2949540762779,1)
[299]: (538.0446318707891,1)
[300]: (538.0469095803625,1)
[301]: (539.0834945552588,1)
[302]: (543.0220394852222,1)
[303]: (538.0493386064401,1)
[304]: (538.1874478464077,1)
[305]: (537.4953510569168,1)
[306]: (540.0602571842992,1)
[307]: (538.0324612409033,1)
[308]: (539.3499305294147,1)
[309]: (539.155564798935,1)
[310]: (537.020820921736,1)
[311]: (537.0461863321298,1)
[312]: (539.6799995079568,1)
[313]: (538.8589785524347,1)
[314]: (538.160725497951,1)
[315]: (536.6791881339648,1)
[316]: (539.5130970914465,1)
[317]: (536.0768748289024,1)
[318]: (537.6546983707318,1)
[319]: (536.1080880862125,1)
[320]: (543.0588697345614,1)
[321]: (542.0560185270785,1)
[322]: (536.0968026627136,1)
[323]: (537.0576269755502,1)
[324]: (537.0545944918948,1)
[325]: (540.30661903498,1)
[326]: (539.079018368629,1)
[327]: (538.2964252470233,1)
[328]: (537.399691492942,1)
[329]: (544.2641357887984,1)
[330]: (539.1548443261047,1)
[331]: (538.1183485260948,1)
[332]: (539.0819534812016,1)
[333]: (538.5434426746324,1)
[334]: (537.3553067140484,1)
[335]: (537.0228922269654,1)
[336]: (537.2327214449846,1)
[337]: (539.8153796911935,1)
[338]: (537.8639484527191,1)
[339]: (539.2416993197523,1)
[340]: (541.0805257806236,1)
[341]: (537.2383711714574,1)
[342]: (537.1569610384777,1)
[343]: (539.2293474982947,1)
[344]: (538.1707476667775,1)
[345]: (541.3190341567577,1)
[346]: (538.1560318530524,1)
[347]: (539.1123164413192,1)
[348]: (539.3015612003774,1)
[349]: (542.2024449533736,1)
[350]: (537.086361959123,1)
[351]: (537.6328013573454,1)
[352]: (538.0596721651433,1)
[353]: (539.0118186301443,1)
[354]: (538.05818461056,1)
[355]: (538.0583749255998,1)
[356]: (536.5546938223974,1)
[357]: (540.0780774688567,1)
[358]: (539.4405386630141,1)
[359]: (540.2123512314977,1)
[360]: (540.6097861574438,1)
[361]: (536.3498788189264,1)
[362]: (538.2869207471662,1)
[363]: (536.0586223529315,1)
[364]: (536.0476907973401,1)
[365]: (537.5540667097724,1)
[366]: (539.0178749038514,1)
[367]: (539.5576044870303,1)
[368]: (538.9613252736,1)
[369]: (538.406661794963,1)
[370]: (539.1022969789823,1)
[371]: (537.5244093203255,1)
[372]: (536.232540556465,1)
[373]: (536.0442824572692,1)
[374]: (538.0429738071532,1)
[375]: (538.2452709832486,1)
[376]: (542.8212007739838,1)
[377]: (536.0974882032481,1)
[378]: (536.0577848128572,1)
[379]: (538.4005905235696,1)
[380]: (536.0586375655085,1)
[381]: (540.0924657224369,1)
[382]: (536.4443361714475,1)
[383]: (538.3588210150571,1)
[384]: (539.0431361048932,1)
[385]: (538.3144458227339,1)
[386]: (539.2751817008855,1)
[387]: (537.2900084100751,1)
[388]: (541.0360797310811,1)
[389]: (540.9816585925217,1)
[390]: (536.7086895126498,1)
[391]: (539.3581220819681,1)
[392]: (538.5628289767221,1)
[393]: (538.0227600908407,1)
[394]: (538.7850003320606,1)
[395]: (539.0589724986836,1)
[396]: (537.1293591386459,1)
[397]: (538.7881797692978,1)
[398]: (536.0718926155089,1)
[399]: (536.0023968921315,1)
[400]: (537.0524460908359,1)
[401]: (537.0900656026344,1)
[402]: (540.023934263804,1)
[403]: (536.3326710815857,1)
[404]: (537.3198371340419,1)
[405]: (538.2829507725171,1)
[406]: (536.0303988896666,1)
[407]: (538.2727321732808,1)
[408]: (537.2940717088973,1)
[409]: (536.2093761232675,1)
[410]: (537.0009621244446,1)
[411]: (536.3490833882825,1)
[412]: (539.1770773211877,1)
[413]: (536.0690526013428,1)
[414]: (537.0365380292967,1)
[415]: (539.120918389274,1)
[416]: (538.0267851214934,1)
[417]: (536.6590908029675,1)
[418]: (537.5250295803205,1)
[419]: (536.0627493003802,1)
[420]: (539.1658726173748,1)
[421]: (538.6537945047601,1)
[422]: (539.0031295260302,1)
[423]: (537.3490491224126,1)
[424]: (538.4562171059733,1)
[425]: (536.2081246819845,1)
[426]: (538.2453156612281,1)
[427]: (538.3582049924685,1)
[428]: (537.0100487798284,1)
[429]: (539.0315678398013,1)
[430]: (538.2229037835118,1)
[431]: (538.4271208502525,1)
[432]: (538.4916120546374,1)
[433]: (538.6477568673422,1)
[434]: (539.7269075607566,1)
[435]: (538.0261888948172,1)
[436]: (539.0438227860514,1)
[437]: (539.1600839683115,1)
[438]: (537.1027266761026,1)
[439]: (537.252988515591,1)
[440]: (536.499311121441,1)
[441]: (540.3043007926353,1)
[442]: (536.4249713210472,1)
[443]: (539.1303813098974,1)
[444]: (538.3234834913565,1)
[445]: (538.8323726320956,1)
[446]: (536.3390003492793,1)
[447]: (538.1917579648241,1)
[448]: (538.1951260539067,1)
[449]: (536.0371706221499,1)
[450]: (537.4339692579117,1)
[451]: (536.192290946128,1)
[452]: (539.0013675834972,1)
[453]: (539.0376937383858,1)
[454]: (537.344768768837,1)
[455]: (538.4219464197128,1)
[456]: (540.9689340759237,1)
[457]: (537.2202020810129,1)
[458]: (538.0020471715862,1)
[459]: (539.7138018055477,1)
[460]: (536.1060435073575,1)
[461]: (537.3327233775756,1)
[462]: (538.0021188696744,1)
[463]: (540.3717435227526,1)
[464]: (537.2115539442375,1)
[465]: (536.00688043359,1)
[466]: (536.0563897646117,1)
[467]: (539.0168226237508,1)
[468]: (538.0229748901149,1)
[469]: (537.0788620609753,1)
[470]: (538.2013801520553,1)
[471]: (536.1427127238925,1)
[472]: (537.359681890544,1)
[473]: (540.6320906926073,1)
[474]: (539.2349519840551,1)
[475]: (538.0743172256141,1)
[476]: (542.0900364251308,1)
[477]: (540.0234385746318,1)
[478]: (538.2733186760127,1)
[479]: (539.8168717858398,1)
[480]: (541.342224585401,1)
[481]: (536.4162407075549,1)
[482]: (537.4355574021131,1)
[483]: (538.0489344276066,1)
[484]: (537.9402504763311,1)
[485]: (538.4574951348651,1)
[486]: (538.0288022271156,1)
[487]: (538.0333723018347,1)
[488]: (538.2623048776973,1)
[489]: (537.0333113075573,1)
[490]: (539.3521341794033,1)
[491]: (539.4598849975966,1)
[492]: (536.0501490827234,1)
[493]: (539.1296830066221,1)
[494]: (537.2936167147803,1)
[495]: (540.2966278936841,1)
[496]: (537.1808280452008,1)
[497]: (536.5910112840637,1)
[498]: (537.053106742972,1)
[499]: (537.1826313377918,1)
[500]: (538.1181207204211,1)
[501]: (539.0620354413675,1)
[502]: (539.1344075254314,1)
[503]: (542.1241996662578,1)
[504]: (538.1303125786303,1)
[505]: (536.7499389529494,1)
[506]: (537.0393379651662,1)
[507]: (536.0576436827309,1)
[508]: (536.5227195082726,1)
[509]: (536.6390574593063,1)
[510]: (539.0657368215361,1)
[511]: (542.1379787880643,1)
[512]: (538.2784965719363,1)
[513]: (539.1632268945008,1)
[514]: (538.1279186489328,1)
[515]: (539.3362008417915,1)
[516]: (537.5401211585649,1)
[517]: (538.3585338800468,1)
[518]: (536.5930057038109,1)
[519]: (541.0699849030749,1)
[520]: (536.7267237682831,1)
[521]: (536.2997107923609,1)
[522]: (538.2878860327643,1)
[523]: (541.1835570217179,1)
[524]: (537.1379085392016,1)
[525]: (537.2682131270278,1)
[526]: (537.1348439970097,1)
[527]: (538.2079920858706,1)
[528]: (538.4381942404185,1)
[529]: (536.6130720109488,1)
[530]: (539.0305578174992,1)
[531]: (536.0804510500759,1)
[532]: (539.9590413023825,1)
[533]: (536.0305241779851,1)
[534]: (536.2022075478993,1)
[535]: (538.1118374848201,1)
[536]: (540.0773903334417,1)
[537]: (539.3445842875027,1)
[538]: (538.4687873548094,1)
[539]: (538.5953476587109,1)
[540]: (541.0988963745682,1)
[541]: (536.2374160639107,1)
[542]: (538.2406436209186,1)
[543]: (539.1598339147592,1)
[544]: (541.2355194676087,1)
[545]: (536.2102565371064,1)
[546]: (538.3110091983017,1)
[547]: (541.1424200225226,1)
[548]: (537.1217157221131,1)
[549]: (537.3356323149777,1)
[550]: (539.3064737479567,1)
[551]: (536.1262044592427,1)
[552]: (536.5851969548506,1)
[553]: (537.1207248177551,1)
[554]: (538.2243068332421,1)
[555]: (536.6744849293597,1)
[556]: (536.3769133201092,1)
[557]: (540.0238538501183,1)
[558]: (536.2062565135813,1)
[559]: (537.093146387982,1)
[560]: (537.5318582114472,1)
[561]: (536.2664111924519,1)
[562]: (536.1899162511507,1)
[563]: (537.0205189826265,1)
[564]: (536.4660944525991,1)
[565]: (541.2870894329222,1)
[566]: (537.0832666289025,1)
[567]: (539.4003750953411,1)
[568]: (536.0307774684132,1)
[569]: (537.1958113323959,1)
[570]: (540.0419229807708,1)
[571]: (536.0426627354391,1)
[572]: (536.1762847679569,1)
[573]: (538.496543598944,1)
[574]: (538.7611736047069,1)
[575]: (537.4104855997758,1)
[576]: (540.2557330028952,1)
[577]: (540.0085818900532,1)
[578]: (538.3752487210795,1)
[579]: (538.239856070266,1)
[580]: (537.7205579621651,1)
[581]: (536.2043926648364,1)
[582]: (536.2276966293658,1)
[583]: (537.164165151231,1)
[584]: (541.0198905995918,1)
[585]: (536.0649248384373,1)
[586]: (537.1654107088192,1)
[587]: (540.0901322742556,1)
[588]: (538.1146042010919,1)
[589]: (537.4708852070286,1)
[590]: (542.0759078887396,1)
[591]: (536.0363526441463,1)
[592]: (537.3004255873415,1)
[593]: (543.075923998437,1)
[594]: (538.3959414691553,1)
[595]: (537.3309989921997,1)
[596]: (537.4944207155999,1)
[597]: (537.2237013088396,1)
[598]: (538.1126257746483,1)
[599]: (536.1139119914602,1)
[600]: (537.6065768443203,1)
[601]: (537.1097493820569,1)
[602]: (538.0380389587745,1)
[603]: (542.0366620888263,1)
[604]: (540.2206781315701,1)
[605]: (536.6783991975752,1)
[606]: (538.439989853516,1)
[607]: (539.1579204884129,1)
[608]: (540.8924725748692,1)
[609]: (536.2813344557813,1)
[610]: (539.0301322543482,1)
[611]: (537.0272835651625,1)
[612]: (540.0118548955879,1)
[613]: (540.1038476726521,1)
[614]: (540.1989964030549,1)
[615]: (536.0098884774949,1)
[616]: (538.0943143292997,1)
[617]: (538.0310002260127,1)
[618]: (537.6604675614361,1)
[619]: (538.6515404232898,1)
[620]: (538.3691801815245,1)
[621]: (537.2757384454524,1)
[622]: (538.111019717399,1)
[623]: (537.2302931112458,1)
[624]: (536.1329072338569,1)
[625]: (536.1540067205705,1)
[626]: (539.1108719700668,1)
[627]: (537.0318997392777,1)
[628]: (539.1149292744543,1)
[629]: (537.4677786752887,1)
[630]: (537.1559143019947,1)
[631]: (537.0654231385895,1)
[632]: (538.0222426365548,1)
[633]: (542.4801397875062,1)
[634]: (538.8209141656037,1)
[635]: (536.0063253758179,1)
[636]: (538.1674401489518,1)
[637]: (538.1842457597212,1)
[638]: (536.1447738479425,1)
[639]: (539.5940579615759,1)
[640]: (539.1343610031666,1)
[641]: (537.460323409787,1)
[642]: (539.2618665904035,1)
[643]: (536.2559802163155,1)
[644]: (537.0456946363726,1)
[645]: (537.1264084424577,1)
[646]: (537.4137431302912,1)
[647]: (537.1954383485523,1)
[648]: (539.0989836207123,1)
[649]: (536.4736445992789,1)
[650]: (538.1406473494532,1)
[651]: (537.279629351198,1)
[652]: (536.6370114128374,1)
[653]: (539.0573853358602,1)
[654]: (537.0066708952753,1)
[655]: (538.102283924759,1)
[656]: (538.3540242324735,1)
[657]: (537.3706870068639,1)
[658]: (538.4378747801155,1)
[659]: (539.0321612122585,1)
[660]: (536.1289936383586,1)
[661]: (537.8188514627149,1)
[662]: (537.0655830875946,1)
[663]: (540.1507122090817,1)
[664]: (539.1528791399579,1)
[665]: (536.3435612065506,1)
[666]: (536.4222074192929,1)
[667]: (541.121978605486,1)
[668]: (537.1243533358384,1)
[669]: (540.079754012228,1)
[670]: (538.0494127306755,1)
[671]: (536.5318519865975,1)
[672]: (539.0376920397986,1)
[673]: (536.2865708978255,1)
[674]: (538.5313280183893,1)
[675]: (539.0831384176525,1)
[676]: (536.3217842737471,1)
[677]: (537.2202005550571,1)
[678]: (536.1470827711,1)
[679]: (536.0664708872633,1)
[680]: (538.802220668748,1)
[681]: (536.4030962835596,1)
[682]: (538.4044335994927,1)
[683]: (541.2005565777212,1)
[684]: (536.4652869214782,1)
[685]: (538.2895330697643,1)
[686]: (539.0503986697437,1)
[687]: (538.5786933957048,1)
[688]: (538.3415094786858,1)
[689]: (536.0785286620278,1)
[690]: (541.0753683648037,1)
[691]: (538.4038538087468,1)
[692]: (537.1919563020509,1)
[693]: (536.2966703189423,1)
[694]: (538.1539849910927,1)
[695]: (539.1769121231163,1)
[696]: (539.8344587422657,1)
[697]: (538.3081028859127,1)
[698]: (537.0547672831048,1)
[699]: (537.1219646680079,1)
[700]: (538.4716473492715,1)
[701]: (536.3105720792259,1)
[702]: (540.2889814024824,1)
[703]: (536.7130402882542,1)
[704]: (536.122308818315,1)
[705]: (538.6831233884956,1)
[706]: (540.1229521494057,1)
[707]: (536.2393191679881,1)
[708]: (538.4101273309479,1)
[709]: (537.0369929808738,1)
[710]: (537.1985152072155,1)
[711]: (537.4779684543066,1)
[712]: (538.8654543064704,1)
[713]: (537.9714790840811,1)
[714]: (538.1108267977219,1)
[715]: (537.1243592518737,1)
[716]: (536.4871897954654,1)
[717]: (539.591121878657,1)
[718]: (540.6378005396368,1)
[719]: (540.1401350201269,1)
[720]: (538.2227733432175,1)
[721]: (536.4873491995477,1)
[722]: (537.2501724916259,1)
[723]: (536.1778173683952,1)
[724]: (538.4761469826828,1)
[725]: (536.1647825425985,1)
[726]: (542.3764968746042,1)
[727]: (538.1073554075562,1)
[728]: (536.0809149082799,1)
[729]: (536.2689148462738,1)
[730]: (539.0427858096341,1)
[731]: (536.3381515781139,1)
[732]: (537.9037457092867,1)
[733]: (539.0050685260932,1)
[734]: (536.2535842513157,1)
[735]: (537.3793617481156,1)
[736]: (537.2079331275787,1)
[737]: (538.0671531651941,1)
[738]: (539.3470627044295,1)
[739]: (540.5196339840426,1)
[740]: (538.6855404057886,1)
[741]: (539.165297983609,1)
[742]: (537.5003844006761,1)
[743]: (537.1863949050573,1)
[744]: (536.464400719577,1)
[745]: (537.3232636762505,1)
[746]: (536.4366200544501,1)
[747]: (541.3840086858295,1)
[748]: (539.5549341067934,1)
[749]: (540.4433106483381,1)
[750]: (536.0664275222281,1)
[751]: (536.2234780964632,1)
[752]: (538.4954594403257,1)
[753]: (539.0700361946335,1)
[754]: (536.1604927748963,1)
[755]: (537.4406890680615,1)
[756]: (536.0359112707455,1)
[757]: (540.3422872050278,1)
[758]: (539.4598471069703,1)
[759]: (538.0154383655276,1)
[760]: (538.0005330928825,1)
[761]: (536.5870548517098,1)
[762]: (537.5519369952242,1)
[763]: (537.2037818182773,1)
[764]: (540.2786781666073,1)
[765]: (537.3319035679627,1)
[766]: (540.018460794411,1)
[767]: (537.7395530407829,1)
[768]: (537.1865477940059,1)
[769]: (537.3779121642021,1)
[770]: (536.4501254104403,1)
[771]: (537.2003395381855,1)
[772]: (540.4578175425441,1)
[773]: (540.2969635206445,1)
[774]: (538.1045032418045,1)
[775]: (539.5773489889865,1)
[776]: (540.4393021029845,1)
[777]: (537.048686801546,1)
[778]: (538.2319042589717,1)
[779]: (537.3998209479236,1)
[780]: (538.0222478195,1)
[781]: (539.8367431650471,1)
[782]: (536.3366035467531,1)
[783]: (538.0528347456622,1)
[784]: (537.0071492154358,1)
[785]: (537.7625977713886,1)
[786]: (536.3830436480374,1)
[787]: (536.7619092412425,1)
[788]: (537.3680707057166,1)
[789]: (539.5796158917479,1)
[790]: (538.1416320637015,1)
[791]: (537.4906909188104,1)
[792]: (540.142437621777,1)
[793]: (538.0112253632913,1)
[794]: (539.2717864004338,1)
[795]: (540.8319081734983,1)
[796]: (538.4503813952215,1)
[797]: (536.1365123909632,1)
[798]: (536.2327526406805,1)
[799]: (539.2134001453568,1)
[800]: (538.0127425168107,1)
[801]: (540.0077420295898,1)
[802]: (537.0274933285314,1)
[803]: (539.0056050167996,1)
[804]: (539.5165582036576,1)
[805]: (536.9876382945735,1)
[806]: (539.0024181806841,1)
[807]: (541.0945628026001,1)
[808]: (537.1131719141996,1)
[809]: (538.1860933483777,1)
[810]: (537.9462334301742,1)
[811]: (538.1083125083242,1)
[812]: (537.2405253781378,1)
[813]: (537.3378131255114,1)
[814]: (539.5977147204826,1)
[815]: (536.6110635411555,1)
[816]: (536.7879492123559,1)
[817]: (537.1471951403396,1)
[818]: (536.306871477168,1)
[819]: (538.0244288565015,1)
[820]: (538.367116060975,1)
[821]: (538.0997394468047,1)
[822]: (536.9452390819173,1)
[823]: (536.0468110107712,1)
[824]: (538.0059188477966,1)
[825]: (539.3128929162903,1)
[826]: (536.0942258957999,1)
[827]: (539.0663651678549,1)
[828]: (539.487998858224,1)
[829]: (539.1084599738016,1)
[830]: (538.4649492312019,1)
[831]: (539.0351016076407,1)
[832]: (539.2081990532048,1)
[833]: (539.0223937378869,1)
[834]: (536.5631523332629,1)
[835]: (536.4734890903111,1)
[836]: (539.4978359133909,1)
[837]: (536.0001764013522,1)
[838]: (536.7335837476884,1)
[839]: (539.3168605977608,1)
[840]: (537.1856694913162,1)
[841]: (539.2676951990957,1)
[842]: (538.2403835817557,1)
[843]: (536.1605777813955,1)
[844]: (537.2138702651586,1)
[845]: (540.9397187091078,1)
[846]: (536.8761955569898,1)
[847]: (541.4332850592974,1)
[848]: (536.2574104709219,1)
[849]: (536.1291843043455,1)
[850]: (536.3545218512539,1)
[851]: (538.1767113901561,1)
[852]: (539.1457990001002,1)
[853]: (540.0117148061227,1)
[854]: (537.223587737371,1)
[855]: (539.4026507540111,1)
[856]: (536.3901365455725,1)
[857]: (541.2320389276287,1)
[858]: (536.7030038313322,1)
[859]: (538.5008262014716,1)
[860]: (536.253642441964,1)
[861]: (538.8720589931945,1)
[862]: (539.1241909174033,1)
[863]: (538.6587004370826,1)
[864]: (537.0232403222948,1)
[865]: (537.543016758913,1)
[866]: (536.954761094433,1)
[867]: (536.2077145279316,1)
[868]: (537.0437789622565,1)
[869]: (537.01990778984,1)
[870]: (537.0239686886291,1)
[871]: (539.3305624429657,1)
[872]: (540.081955255481,1)
[873]: (536.5532918100507,1)
[874]: (540.1675797438,1)
[875]: (540.8766044462236,1)
[876]: (540.0044713289249,1)
[877]: (537.0895388507018,1)
[878]: (537.1002331929307,1)
[879]: (536.1362852235136,1)
[880]: (537.7100309421641,1)
[881]: (537.9974166710197,1)
[882]: (538.4904422459786,1)
[883]: (540.0023482045455,1)
[884]: (540.7909573320391,1)
[885]: (538.0922803201885,1)
[886]: (539.1526922572563,1)
[887]: (538.2374109251565,1)
[888]: (538.2837750575223,1)
[889]: (538.3963466441177,1)
[890]: (538.0071823707607,1)
[891]: (539.2831800089275,1)
[892]: (538.2152306619713,1)
[893]: (536.3542437902313,1)
[894]: (537.4239474160839,1)
[895]: (538.0681966003548,1)
[896]: (538.1864012849372,1)
[897]: (538.0863843740879,1)
[898]: (536.4682012205786,1)
[899]: (540.3862679585112,1)
[900]: (540.1888334989048,1)
[901]: (539.2365472876451,1)
[902]: (539.3291735266267,1)
[903]: (538.1978503141328,1)
[904]: (542.1672125183845,1)
[905]: (537.419421405208,1)
[906]: (536.3626033707695,1)
[907]: (536.3520533793128,1)
[908]: (539.5073823441099,1)
[909]: (539.03682795971,1)
[910]: (536.5914269417515,1)
[911]: (537.1144211741511,1)
[912]: (536.0486704294884,1)
[913]: (538.1542683544998,1)
[914]: (536.3889819926087,1)
[915]: (538.350068957908,1)
[916]: (538.0205577740056,1)
[917]: (536.0246877103689,1)
[918]: (536.0239998810316,1)
[919]: (538.0361334498722,1)
[920]: (539.1008787409509,1)
[921]: (538.2222302524801,1)
[922]: (540.0868049312573,1)
[923]: (538.4120676474628,1)
[924]: (541.8401845407592,1)
[925]: (541.5622718230554,1)
[926]: (536.3373283331063,1)
[927]: (538.5579838008003,1)
[928]: (538.0322408850949,1)
[929]: (536.3329098762362,1)
[930]: (540.0636457161007,1)
[931]: (540.2091884947887,1)
[932]: (536.2338684626255,1)
[933]: (539.4126871996671,1)
[934]: (536.0284042151394,1)
[935]: (538.5986682449695,1)
[936]: (536.1020937680443,1)
[937]: (538.0356857577361,1)
[938]: (539.0484168761164,1)
[939]: (537.3910979010725,1)
[940]: (540.0619207893898,1)
[941]: (539.2205533168418,1)
[942]: (539.6094791338402,1)
[943]: (538.0893680995089,1)
[944]: (539.1540503236231,1)
[945]: (540.7715768187926,1)
[946]: (536.2283139134757,1)
[947]: (537.1513832778272,1)
[948]: (539.117386848596,1)
[949]: (543.0737965048991,1)
[950]: (538.2612751776928,1)
[951]: (538.3326387898269,1)
[952]: (537.1276924330112,1)
[953]: (536.2309309621409,1)
[954]: (537.0563386833973,1)
[955]: (536.0288468149756,1)
[956]: (537.2743189301603,1)
[957]: (539.1955991614053,1)
[958]: (538.6048522561358,1)
[959]: (540.6424744412647,1)
[960]: (541.1745239781701,1)
[961]: (536.1102004231461,1)
[962]: (538.6588664306612,1)
[963]: (540.0677477991366,1)
[964]: (536.4484614926753,1)
[965]: (541.1237643201952,1)
[966]: (536.4694991172121,1)
[967]: (539.0057722709386,1)
[968]: (536.1425860761889,1)
[969]: (536.0500951626931,1)
[970]: (538.4542273168536,1)
[971]: (538.1658019211754,1)
[972]: (539.5423700475535,1)
[973]: (536.2565670035524,1)
[974]: (538.45538507756,1)
[975]: (538.0771562894724,1)
[976]: (536.2646725751125,1)
[977]: (537.5501071679917,1)
[978]: (538.3936312028042,1)
[979]: (538.8417979059069,1)
[980]: (540.171239385676,1)
[981]: (538.2639205413658,1)
[982]: (537.0044365741767,1)
[983]: (536.4775763653184,1)
[984]: (537.3521892366391,1)
[985]: (537.0184815901729,1)
[986]: (538.1640014091511,1)
[987]: (539.0673304074651,1)
[988]: (536.0077713814683,1)
[989]: (538.0537664226632,1)
[990]: (538.4991145426695,1)
[991]: (537.2152663993476,1)
[992]: (541.0482642556815,1)
[993]: (541.4878117998404,1)
[994]: (540.108138024913,1)
[995]: (540.354551212106,1)
[996]: (537.4807357929894,1)
[997]: (536.0282938252061,1)
[998]: (536.0066047454068,1)
[999]: (541.2145581961948,1)
[1000]: (536.0084006870406,1)
[1001]: (537.1062253358893,1)
[1002]: (540.1930913541894,1)
[1003]: (539.5822374781005,1)
[1004]: (537.475183321724,1)
[1005]: (537.2153953888654,1)
[1006]: (539.1673660319184,1)
[1007]: (540.7688426479186,1)
[1008]: (538.0353506235294,1)
[1009]: (537.085435698104,1)
[1010]: (536.080634162181,1)
[1011]: (537.5816635779814,1)
[1012]: (538.1292816674529,1)
[1013]: (538.4414633811325,1)
[1014]: (536.1944609067538,1)
[1015]: (536.0783550436192,1)
[1016]: (536.1993720248884,1)
[1017]: (536.6957059383875,1)
[1018]: (541.1501308429323,1)
[1019]: (538.0104925323956,1)
[1020]: (537.019665441102,1)
[1021]: (538.2928235144374,1)
[1022]: (538.0248247316465,1)
[1023]: (538.0114945403658,1)
[1024]: (537.4832903424757,1)
[1025]: (537.1056552481828,1)
[1026]: (538.4174746113937,1)
[1027]: (538.3033060985452,1)
[1028]: (539.0509849454093,1)
[1029]: (538.3751080672342,1)
[1030]: (538.2272586584057,1)
[1031]: (537.1677372529779,1)
[1032]: (536.6059317851935,1)
[1033]: (537.0984607942823,1)
[1034]: (536.3036541318197,1)
[1035]: (536.139236119776,1)
[1036]: (536.5576870781583,1)
[1037]: (538.1053275743571,1)
[1038]: (537.2291981348848,1)
[1039]: (536.2117132137206,1)
[1040]: (539.3879116349855,1)
[1041]: (538.4488751532291,1)
[1042]: (536.0661763852811,1)
[1043]: (539.0464728530712,1)
[1044]: (537.3061061040295,1)
[1045]: (537.8958387574928,1)
[1046]: (536.0181557831465,1)
[1047]: (541.461761222187,1)
[1048]: (540.1820092742252,1)
[1049]: (539.1241710197587,1)
[1050]: (536.4861655026011,1)
[1051]: (537.0350337857545,1)
[1052]: (538.3064219346044,1)
[1053]: (537.3742363375976,1)
[1054]: (538.0276858223816,1)
[1055]: (536.0403940595845,1)
[1056]: (539.0454312764045,1)
[1057]: (542.2235035326312,1)
[1058]: (540.9319490194023,1)
[1059]: (539.3645692433201,1)
[1060]: (536.7735817648229,1)
[1061]: (540.0788608725306,1)
[1062]: (539.0311567197851,1)
[1063]: (538.1248074472963,1)
[1064]: (539.1169078919908,1)
[1065]: (537.4486836196127,1)
[1066]: (536.2099705415848,1)
[1067]: (536.0867974771747,1)
[1068]: (536.1088230581336,1)
[1069]: (538.2988447818474,1)
[1070]: (537.550465963557,1)
[1071]: (539.0939760638433,1)
[1072]: (542.2740238976598,1)
[1073]: (538.3952414991044,1)
[1074]: (536.429065608173,1)
[1075]: (536.2690943385278,1)
[1076]: (536.2633461650141,1)
[1077]: (539.064664730121,1)
[1078]: (539.5083237801464,1)
[1079]: (538.8017036351085,1)
[1080]: (537.0051008510742,1)
[1081]: (540.3517556686362,1)
[1082]: (538.047690717816,1)
[1083]: (537.1076597769479,1)
[1084]: (536.139262806283,1)
[1085]: (536.0389569606122,1)
[1086]: (543.1350933049733,1)
[1087]: (539.2567360006299,1)
[1088]: (539.1784851203884,1)
[1089]: (538.1246345994119,1)
[1090]: (538.5007641656517,1)
[1091]: (541.3072225576641,1)
[1092]: (537.4379715917321,1)
[1093]: (536.0266108976211,1)
[1094]: (537.1390883788432,1)
[1095]: (536.1375219203394,1)
[1096]: (536.0456190287032,1)
[1097]: (538.9109146169053,1)
[1098]: (538.4100910771446,1)
[1099]: (537.3043430456863,1)
[1100]: (536.1093571481148,1)
[1101]: (538.6604484275983,1)
[1102]: (538.0734400770106,1)
[1103]: (538.0062768324326,1)
[1104]: (536.0979563165748,1)
[1105]: (537.0741864726476,1)
[1106]: (539.2782673410886,1)
[1107]: (536.0491583426774,1)
[1108]: (541.2393169531756,1)
[1109]: (536.8207891132013,1)
[1110]: (537.4405725191442,1)
[1111]: (538.1853864108853,1)
[1112]: (539.1420040038369,1)
[1113]: (540.4906983017365,1)
[1114]: (537.1114627031558,1)
[1115]: (537.006203843147,1)
[1116]: (539.6935677304754,1)
[1117]: (539.7706201814914,1)
[1118]: (538.0201868403225,1)
[1119]: (539.0039194603279,1)
[1120]: (540.2783512216037,1)
[1121]: (539.4290275603244,1)
[1122]: (536.1347528399998,1)
[1123]: (536.6462631731821,1)
[1124]: (536.2836340287998,1)
[1125]: (539.2302807956615,1)
[1126]: (538.2617909000639,1)
[1127]: (536.3701944227342,1)
[1128]: (538.0897174372872,1)
[1129]: (537.4864769900638,1)
[1130]: (541.5276846677888,1)
[1131]: (539.1370954343289,1)
[1132]: (536.6530404356459,1)
[1133]: (540.2450591163121,1)
[1134]: (536.44630936557,1)
[1135]: (538.7272019695693,1)
[1136]: (539.1245448742774,1)
[1137]: (543.00480263062,1)
[1138]: (539.6614986767853,1)
[1139]: (538.4593280135842,1)
[1140]: (538.0082433525901,1)
[1141]: (537.0330775929742,1)
[1142]: (539.2936289630352,1)
[1143]: (538.0879313034578,1)
[1144]: (542.447733827006,1)
[1145]: (538.3448163300093,1)
[1146]: (538.1102979645621,1)
[1147]: (537.2528807204146,1)
[1148]: (539.1292841147358,1)
[1149]: (540.0931298284175,1)
[1150]: (540.4336334592887,1)
[1151]: (536.0904954033933,1)
[1152]: (537.0253361233857,1)
[1153]: (536.0904822680009,1)
[1154]: (537.2587286285502,1)
[1155]: (536.6101049056253,1)
[1156]: (536.1867223798519,1)
[1157]: (536.3516117093841,1)
[1158]: (536.0263081555444,1)
[1159]: (536.8404594583351,1)
[1160]: (540.1398844587054,1)
[1161]: (541.0789750593891,1)
[1162]: (537.1104171945008,1)
[1163]: (537.2085077205016,1)
[1164]: (541.4645845698163,1)
[1165]: (540.0801752977501,1)
[1166]: (536.255788784659,1)
[1167]: (538.1264858972851,1)
[1168]: (536.026327344711,1)
[1169]: (539.8212155852758,1)
[1170]: (539.1384115860911,1)
[1171]: (539.4525263032596,1)
[1172]: (536.1877250857614,1)
[1173]: (538.90634173552,1)
[1174]: (540.2311253095295,1)
[1175]: (538.1852503041001,1)
[1176]: (536.1213793937798,1)
[1177]: (539.4352798992534,1)
[1178]: (536.2480919829186,1)
[1179]: (541.5968274039333,1)
[1180]: (539.1135866472054,1)
[1181]: (538.2964122313938,1)
[1182]: (539.3154018606514,1)
[1183]: (536.1086129995001,1)
[1184]: (536.0117765707425,1)
[1185]: (538.1880637445795,1)
[1186]: (537.0128031315254,1)
[1187]: (539.1533753361564,1)
[1188]: (537.5039363460779,1)
[1189]: (539.2386452328004,1)
[1190]: (540.1056683307751,1)
[1191]: (538.3842964964022,1)
[1192]: (536.9352485094653,1)
[1193]: (540.1011254380652,1)
[1194]: (538.3483724429775,1)
[1195]: (537.1803949697514,1)
[1196]: (536.7878296745142,1)
[1197]: (538.3173089963755,1)
[1198]: (540.2375362523143,1)
[1199]: (537.53703717903,1)
[1200]: (536.2851667094749,1)
[1201]: (536.0023320407272,1)
[1202]: (539.3958175461221,1)
[1203]: (536.1137854016231,1)
[1204]: (537.1308594797396,1)
[1205]: (539.1411368357956,1)
[1206]: (538.4754767156255,1)
[1207]: (538.0831476168304,1)
[1208]: (538.1622998907792,1)
[1209]: (536.5671207025383,1)
[1210]: (537.8065467016031,1)
[1211]: (538.1438008724689,1)
[1212]: (537.3672308519888,1)
[1213]: (536.3096333167576,1)
[1214]: (540.0595150645365,1)
[1215]: (538.0087034340728,1)
[1216]: (537.452726667982,1)
[1217]: (538.1826475554107,1)
[1218]: (538.0426060493121,1)
[1219]: (537.5990780745086,1)
[1220]: (537.0596884582923,1)
[1221]: (537.6856451109127,1)
[1222]: (539.1290236895883,1)
[1223]: (540.2507761389089,1)
[1224]: (539.1281904470627,1)
[1225]: (541.3884995949577,1)
[1226]: (539.0163460449104,1)
[1227]: (538.1714896959113,1)
[1228]: (538.1531932755876,1)
[1229]: (538.6496530040019,1)
[1230]: (542.1092802494614,1)
[1231]: (536.107727636091,1)
[1232]: (539.4295299884143,1)
[1233]: (536.1595084699363,1)
[1234]: (536.3113521141431,1)
[1235]: (538.2734148400198,1)
[1236]: (538.1610886319111,1)
[1237]: (537.091379235526,1)
[1238]: (540.0742942022691,1)
[1239]: (540.6725998489578,1)
[1240]: (539.4093972662906,1)
[1241]: (538.2846159151143,1)
[1242]: (540.0991888115498,1)
[1243]: (538.6915115382121,1)
[1244]: (538.8393139479907,1)
[1245]: (537.196524243823,1)
[1246]: (536.0238906758424,1)
[1247]: (536.506925726678,1)
[1248]: (538.1189108266393,1)
[1249]: (536.9940466090799,1)
[1250]: (537.1230251102589,1)
[1251]: (537.1984155572977,1)
[1252]: (538.1269001360047,1)
[1253]: (540.0974248045467,1)
[1254]: (537.1457464999214,1)
[1255]: (538.0801906230806,1)
[1256]: (540.5919269236709,1)
[1257]: (538.0700255092498,1)
[1258]: (537.1498466522523,1)
[1259]: (539.0129577678136,1)
[1260]: (539.9785634437056,1)
[1261]: (539.3345632301746,1)
[1262]: (539.928438941929,1)
[1263]: (537.2886458004584,1)
[1264]: (538.66213184099,1)
[1265]: (538.3818547169537,1)
[1266]: (536.1820379036656,1)
[1267]: (537.0291361603049,1)
[1268]: (536.5803713710584,1)
[1269]: (537.0571203197869,1)
[1270]: (538.3033657649942,1)
[1271]: (537.0120005694151,1)
[1272]: (536.1280968580769,1)
[1273]: (536.0036633676423,1)
[1274]: (536.8498050571276,1)
[1275]: (540.2911920832053,1)
[1276]: (537.276168101376,1)
[1277]: (536.5455918724726,1)
[1278]: (537.0598450976329,1)
[1279]: (536.7378611618357,1)
[1280]: (538.2643711041392,1)
[1281]: (539.4714807874424,1)
[1282]: (538.1574222361415,1)
[1283]: (536.2087146974793,1)
[1284]: (536.9636433016809,1)
[1285]: (541.1097176399002,1)
[1286]: (539.1134624325238,1)
[1287]: (537.3702595728823,1)
[1288]: (539.7257394147287,1)
[1289]: (540.1101259150432,1)
[1290]: (538.0424603152622,1)
[1291]: (538.1813685739321,1)
[1292]: (537.5652882192132,1)
[1293]: (536.9528196820352,1)
[1294]: (537.0562933423022,1)
[1295]: (539.3194303230057,1)
[1296]: (536.825959016386,1)
[1297]: (537.532004493779,1)
[1298]: (537.3392142695237,1)
[1299]: (538.1945433931786,1)
[1300]: (537.8602305807116,1)
[1301]: (539.0952877625818,1)
[1302]: (539.0939072949172,1)
[1303]: (541.2276417759034,1)
[1304]: (538.7605665829653,1)
[1305]: (540.2797258631945,1)
[1306]: (537.0634527809181,1)
[1307]: (537.6812598882394,1)
[1308]: (537.0985499668399,1)
[1309]: (541.2584489686084,1)
[1310]: (538.1738447516808,1)
[1311]: (536.3056039853491,1)
[1312]: (539.236201445265,1)
[1313]: (536.1542240411853,1)
[1314]: (538.4199991243945,1)
[1315]: (538.4309953621196,1)
[1316]: (538.0764359317119,1)
[1317]: (538.2353181187123,1)
[1318]: (537.008782477857,1)
[1319]: (538.0786355142993,1)
[1320]: (542.0127498728634,1)
[1321]: (540.0424942835162,1)
[1322]: (539.0306854176595,1)
[1323]: (538.3739053900591,1)
[1324]: (537.835213339705,1)
[1325]: (538.4560352140229,1)
[1326]: (536.4959043584691,1)
[1327]: (536.5302982640507,1)
[1328]: (537.7999745421292,1)
[1329]: (539.1936731565855,1)
[1330]: (539.1553958392312,1)
[1331]: (539.0630075916757,1)
[1332]: (536.0976306229986,1)
[1333]: (537.0343293962411,1)
[1334]: (539.0697551323684,1)
[1335]: (542.5494451179242,1)
[1336]: (538.2044149288593,1)
[1337]: (537.2773407636829,1)
[1338]: (539.2953101434057,1)
[1339]: (537.1106843318296,1)
[1340]: (536.4145206745876,1)
[1341]: (536.0875739205158,1)
[1342]: (541.1762329613803,1)
[1343]: (538.2474212260015,1)
[1344]: (537.0834067276712,1)
[1345]: (540.0111679780522,1)
[1346]: (538.3756386176606,1)
[1347]: (536.1027771840571,1)
[1348]: (536.2882765159886,1)
[1349]: (539.0231945802335,1)
[1350]: (538.8506347442724,1)
[1351]: (536.3264782377342,1)
[1352]: (541.4618139784902,1)
[1353]: (537.0519871561039,1)
[1354]: (537.1857247204917,1)
[1355]: (537.2912082351913,1)
[1356]: (536.113634597362,1)
[1357]: (537.1173274603904,1)
[1358]: (538.2694435049906,1)
[1359]: (538.8825926047639,1)
[1360]: (536.158769728834,1)
[1361]: (538.1574526616641,1)
[1362]: (540.2640121789893,1)
[1363]: (537.4349891830948,1)
[1364]: (539.641686327436,1)
[1365]: (536.2070247580791,1)
[1366]: (537.4790756765572,1)
[1367]: (539.0925944029929,1)
[1368]: (538.4713453282367,1)
[1369]: (538.4072318100666,1)
[1370]: (536.563041390377,1)
[1371]: (541.0613229423229,1)
[1372]: (538.148243637865,1)
[1373]: (538.1020491942198,1)
[1374]: (540.2047821203738,1)
[1375]: (540.2443197173448,1)
[1376]: (538.1843416092203,1)
[1377]: (538.9054059005135,1)
[1378]: (536.2477768369637,1)
[1379]: (538.3458639016204,1)
[1380]: (536.1794204119286,1)
[1381]: (542.2466700025955,1)
[1382]: (536.2413321832859,1)
[1383]: (537.0924563135108,1)
[1384]: (538.8310105630188,1)
[1385]: (537.206373709737,1)
[1386]: (539.2023193348057,1)
[1387]: (537.0057927714304,1)
[1388]: (539.2569787864884,1)
[1389]: (538.0204469169378,1)
[1390]: (539.0004796757589,1)
[1391]: (536.1050560288279,1)
[1392]: (536.2115458791093,1)
[1393]: (538.2090252525984,1)
[1394]: (541.569083278458,1)
[1395]: (536.3402993520906,1)
[1396]: (538.1827145465255,1)
[1397]: (538.175589498073,1)
[1398]: (536.1145867068004,1)
[1399]: (539.0047024411318,1)
[1400]: (539.2344617148403,1)
[1401]: (536.3532598855674,1)
[1402]: (536.5082187854207,1)
[1403]: (536.4067048230479,1)
[1404]: (540.0883418409505,1)
[1405]: (538.1033167977545,1)
[1406]: (538.2075582339153,1)
[1407]: (538.1739795263346,1)
[1408]: (538.7011559094161,1)
[1409]: (536.2330616192147,1)
[1410]: (539.0758451480507,1)
[1411]: (542.0532897851713,1)
[1412]: (536.5856805445375,1)
[1413]: (539.0585208849537,1)
[1414]: (536.090136217236,1)
[1415]: (541.042071143214,1)
[1416]: (536.4939879482644,1)
[1417]: (537.0920818659666,1)
[1418]: (539.1643202271732,1)
[1419]: (539.0901153405478,1)
[1420]: (536.5618776231615,1)
[1421]: (539.2999230077641,1)
[1422]: (536.0849570524839,1)
[1423]: (536.3781194816839,1)
[1424]: (541.2292203531205,1)
[1425]: (537.4997879305481,1)
[1426]: (536.3283988521374,1)
[1427]: (536.1810975187948,1)
[1428]: (540.6557377719151,1)
[1429]: (538.6143207573859,1)
[1430]: (538.0141744249157,1)
[1431]: (537.7599592005818,1)
[1432]: (537.2193892877219,1)
[1433]: (539.0534091807431,1)
[1434]: (536.1172672977443,1)
[1435]: (538.0783170503153,1)
[1436]: (541.4351697113194,1)
[1437]: (537.086374150763,1)
[1438]: (537.2028225351132,1)
[1439]: (541.2924852253203,1)
[1440]: (536.0683162829013,1)
[1441]: (538.0566355992866,1)
[1442]: (538.8763542411915,1)
[1443]: (537.7528348100383,1)
[1444]: (537.1628073379272,1)
[1445]: (537.5277341844881,1)
[1446]: (536.3351303382348,1)
[1447]: (537.2517581798822,1)
[1448]: (537.8698799540628,1)
[1449]: (538.3639133573738,1)
[1450]: (538.3466426147294,1)
[1451]: (536.0356763022088,1)
[1452]: (537.1951003072051,1)
[1453]: (539.1079121734932,1)
[1454]: (536.5698416439728,1)
[1455]: (537.1528693418987,1)
[1456]: (536.0328206719662,1)
[1457]: (540.0060886081084,1)
[1458]: (539.205836148985,1)
[1459]: (536.2194478685684,1)
[1460]: (539.2437904156076,1)
[1461]: (536.0935740098637,1)
[1462]: (537.0703392279945,1)
[1463]: (540.1216650680091,1)
[1464]: (536.2608662155101,1)
[1465]: (538.2508515019045,1)
[1466]: (536.0464516175051,1)
[1467]: (538.6976854207608,1)
[1468]: (539.2822989216972,1)
[1469]: (540.0159758063871,1)
[1470]: (538.3471894873662,1)
[1471]: (537.0216416517779,1)
[1472]: (537.6088089956233,1)
[1473]: (537.0707358187002,1)
[1474]: (539.4424525800127,1)
[1475]: (537.0892945650355,1)
[1476]: (540.8786172802764,1)
[1477]: (538.8123995252754,1)
[1478]: (537.0471194408398,1)
[1479]: (537.1643393357003,1)
[1480]: (537.2249244664816,1)
[1481]: (541.5812312702205,1)
[1482]: (536.005217423055,1)
[1483]: (536.0868386170429,1)
[1484]: (542.1761757279993,1)
[1485]: (536.073763997067,1)
[1486]: (537.1265253939248,1)
[1487]: (536.2801313083601,1)
[1488]: (536.0541068316679,1)
[1489]: (538.0154249328141,1)
[1490]: (538.7629345065391,1)
[1491]: (539.5172426744494,1)
[1492]: (537.2247940680038,1)
[1493]: (538.0086524196852,1)
[1494]: (538.3907832179437,1)
[1495]: (537.2436355456189,1)
[1496]: (540.5131129085883,1)
[1497]: (536.0760809569101,1)
[1498]: (540.2060447369493,1)
[1499]: (536.5682259548595,1)
[1500]: (537.4867795845067,1)
[1501]: (539.2608078673652,1)
[1502]: (536.8892473096136,1)
[1503]: (536.1165531902775,1)
[1504]: (536.5274724365572,1)
[1505]: (539.1888805724969,1)
[1506]: (537.0313520219845,1)
[1507]: (536.4525535551666,1)
[1508]: (537.1233838183072,1)
[1509]: (539.1280772597926,1)
[1510]: (539.4534275556523,1)
[1511]: (542.0928400772633,1)
[1512]: (536.1697439252124,1)
[1513]: (543.268584364859,1)
[1514]: (536.2106013700384,1)
[1515]: (537.145435885911,1)
[1516]: (536.1899761517232,1)
[1517]: (537.0767511527177,1)
[1518]: (536.0689555292253,1)
[1519]: (537.1163807053617,1)
[1520]: (540.7123959586374,1)
[1521]: (536.4376212101562,1)
[1522]: (539.0247326134793,1)
[1523]: (537.5159894012144,1)
[1524]: (536.2382846431036,1)
[1525]: (539.3957507717298,1)
[1526]: (536.0084728119311,1)
[1527]: (539.2574717192682,1)
[1528]: (538.0554256708161,1)
[1529]: (537.0575215623855,1)
[1530]: (538.0638100679865,1)
[1531]: (537.1471337175907,1)
[1532]: (539.14118670834,1)
[1533]: (536.5287856391679,1)
[1534]: (537.7019218511051,1)
[1535]: (539.0732218275805,1)
[1536]: (538.0780146444694,1)
[1537]: (538.271025605975,1)
[1538]: (538.4664746725523,1)
[1539]: (536.4133218518721,1)
[1540]: (537.0025640446037,1)
[1541]: (537.1526401029212,1)
[1542]: (536.2625716512596,1)
[1543]: (536.7366166060874,1)
[1544]: (538.3690536077446,1)
[1545]: (541.3307551867834,1)
[1546]: (537.0701598378402,1)
[1547]: (536.4210990852832,1)
[1548]: (539.6716092692697,1)
[1549]: (542.8697795996901,1)
[1550]: (537.1657255371654,1)
[1551]: (536.3853592357011,1)
[1552]: (536.2434401931072,1)
[1553]: (537.1321659517962,1)
[1554]: (537.1192061264175,1)
[1555]: (537.6946690358322,1)
[1556]: (539.9639856425604,1)
[1557]: (536.2233920527449,1)
[1558]: (536.0108929017186,1)
[1559]: (536.1064276664415,1)
[1560]: (536.0597536900293,1)
[1561]: (541.5577031354752,1)
[1562]: (536.1101831194469,1)
[1563]: (536.2950423440024,1)
[1564]: (537.0859584850722,1)
[1565]: (536.2802330664014,1)
[1566]: (539.2109739984737,1)
[1567]: (537.4569278257054,1)
[1568]: (538.6588338375308,1)
[1569]: (536.6872886728538,1)
[1570]: (537.2922035014143,1)
[1571]: (537.0809829110958,1)
[1572]: (536.7727738734698,1)
[1573]: (540.4632454524333,1)
[1574]: (536.1664310720214,1)
[1575]: (536.0188501485189,1)
[1576]: (541.0183702368392,1)
[1577]: (536.1847242953672,1)
[1578]: (541.2829837323377,1)
[1579]: (538.3261075493177,1)
[1580]: (538.216234069371,1)
[1581]: (536.0373243216976,1)
[1582]: (539.3719153024277,1)
[1583]: (536.3881399500277,1)
[1584]: (539.3785845293804,1)
[1585]: (538.4523832933988,1)
[1586]: (538.7322308862815,1)
[1587]: (536.2100302949498,1)
[1588]: (541.4995864549276,1)
[1589]: (540.1032599526709,1)
[1590]: (540.0487422294538,1)
[1591]: (539.0937672592504,1)
[1592]: (542.0333681951886,1)
[1593]: (542.7460130043119,1)
[1594]: (538.5154549550384,1)
[1595]: (539.0040300894078,1)
[1596]: (538.4236158756961,1)
[1597]: (537.0450491350498,1)
[1598]: (539.3259578311639,1)
[1599]: (538.0861189823523,1)
[1600]: (537.0895041876927,1)
[1601]: (537.4751224311169,1)
[1602]: (538.138407343345,1)
[1603]: (537.603657944633,1)
[1604]: (538.0301918012084,1)
[1605]: (541.8660032154148,1)
[1606]: (537.5569254531109,1)
[1607]: (540.5655652413295,1)
[1608]: (541.0225918934331,1)
[1609]: (542.2342138873432,1)
[1610]: (542.3526479401793,1)
[1611]: (539.3802309121047,1)
[1612]: (541.1779654400826,1)
[1613]: (536.1917001081177,1)
[1614]: (536.4162147346133,1)
[1615]: (537.8078774262971,1)
[1616]: (541.021205088565,1)
[1617]: (538.0120260101601,1)
[1618]: (537.1938794713618,1)
[1619]: (540.0109527435535,1)
[1620]: (539.2190950982144,1)
[1621]: (539.5252644464681,1)
[1622]: (538.392453153455,1)
[1623]: (537.5026284958157,1)
[1624]: (538.1468457848233,1)
[1625]: (539.7134118601609,1)
[1626]: (538.6078774000061,1)
[1627]: (539.6093997776238,1)
[1628]: (536.5291722005886,1)
[1629]: (537.0439751609143,1)
[1630]: (536.7557541243872,1)
[1631]: (538.1489091552728,1)
[1632]: (537.0205903731419,1)
[1633]: (538.0034527239993,1)
[1634]: (540.0687291043309,1)
[1635]: (539.2313802838391,1)
[1636]: (537.6787688704883,1)
[1637]: (540.2955947243705,1)
[1638]: (543.467699782066,1)
[1639]: (536.1742556436624,1)
[1640]: (537.3038033746138,1)
[1641]: (537.0556702642895,1)
[1642]: (538.1148524751335,1)
[1643]: (540.3793076325284,1)
[1644]: (539.4368165585394,1)
[1645]: (536.1301745888036,1)
[1646]: (538.2120669213049,1)
[1647]: (536.3726359392427,1)
[1648]: (538.1023145885308,1)
[1649]: (536.1973302239559,1)
[1650]: (538.0948998658068,1)
[1651]: (538.0022858090971,1)
[1652]: (536.0025611677421,1)
[1653]: (540.3157451701403,1)
[1654]: (536.5755965469669,1)
[1655]: (536.1371340323607,1)
[1656]: (536.9180648004902,1)
[1657]: (544.3021167858788,1)
[1658]: (539.0628521698795,1)
[1659]: (538.1886727947798,1)
[1660]: (536.9100293812652,1)
[1661]: (536.3956608197714,1)
[1662]: (542.1646244502936,1)
[1663]: (538.0785859896127,1)
[1664]: (538.3089250811914,1)
[1665]: (543.8973325839997,1)
[1666]: (536.2960149118853,1)
[1667]: (538.0964915510966,1)
[1668]: (537.7804723375334,1)
[1669]: (537.0256237627527,1)
[1670]: (537.038596291615,1)
[1671]: (539.5787706554655,1)
[1672]: (536.14896225388,1)
[1673]: (536.0253765391749,1)
[1674]: (541.3459711707155,1)
[1675]: (537.9077229038658,1)
[1676]: (536.9194548109102,1)
[1677]: (543.0890612022712,1)
[1678]: (537.2644295266899,1)
[1679]: (538.3800965829377,1)
[1680]: (536.0693796612105,1)
[1681]: (539.0548701140274,1)
[1682]: (536.0421776299527,1)
[1683]: (538.1395035272359,1)
[1684]: (538.0851637790224,1)
[1685]: (538.0771422971189,1)
[1686]: (538.2200462953732,1)
[1687]: (539.2125677233086,1)
[1688]: (537.1102234546273,1)
[1689]: (536.3446526985114,1)
[1690]: (541.4337138701763,1)
[1691]: (537.6697535834255,1)
[1692]: (537.0580103654178,1)
[1693]: (536.9127164421117,1)
[1694]: (538.1123958887135,1)
[1695]: (538.360892171867,1)
[1696]: (536.6520115047787,1)
[1697]: (539.1429611212916,1)
[1698]: (536.1334464667375,1)
[1699]: (539.0725385850026,1)
[1700]: (542.0626476457254,1)
[1701]: (536.1122579446441,1)
[1702]: (538.2958292815174,1)
[1703]: (538.1258058610565,1)
[1704]: (537.0541005261496,1)
[1705]: (538.1417939354783,1)
[1706]: (539.0000339249676,1)
[1707]: (541.146970060908,1)
[1708]: (538.2066326344114,1)
[1709]: (539.5963811299198,1)
[1710]: (540.2481023183992,1)
[1711]: (541.5675906137943,1)
[1712]: (536.4139679665967,1)
[1713]: (538.2418957632358,1)
[1714]: (537.1189583203517,1)
[1715]: (536.4930484094924,1)
[1716]: (539.0793513852395,1)
[1717]: (538.3844475377969,1)
[1718]: (537.5934037507511,1)
[1719]: (538.1234427041243,1)
[1720]: (537.6550933921829,1)
[1721]: (536.2524697971146,1)
[1722]: (540.0388419254652,1)
[1723]: (538.0020894749024,1)
[1724]: (536.2149291776562,1)
[1725]: (536.2366812283574,1)
[1726]: (536.8188911749929,1)
[1727]: (536.5480795306448,1)
[1728]: (536.7679803635941,1)
[1729]: (538.6242899724743,1)
[1730]: (541.1903244552178,1)
[1731]: (539.6562864824473,1)
[1732]: (542.051897894724,1)
[1733]: (539.1890694657465,1)
[1734]: (537.1319552902115,1)
[1735]: (540.2980674474569,1)
[1736]: (539.8206302026856,1)
[1737]: (537.7521295958178,1)
[1738]: (536.8719223014008,1)
[1739]: (540.1637773104204,1)
[1740]: (537.0465913858244,1)
[1741]: (538.1171043306281,1)
[1742]: (536.0231707233987,1)
[1743]: (537.2348732774308,1)
[1744]: (538.0066183719495,1)
[1745]: (538.1479428892753,1)
[1746]: (538.0926800829801,1)
[1747]: (540.1805162612177,1)
[1748]: (536.0829171059543,1)
[1749]: (536.0966003457374,1)
[1750]: (537.391954893199,1)
[1751]: (536.6394573334998,1)
[1752]: (537.2001334966715,1)
[1753]: (538.1452510996164,1)
[1754]: (538.0004389270977,1)
[1755]: (539.0069583615344,1)
[1756]: (538.3559445392488,1)
[1757]: (537.1330274575015,1)
[1758]: (536.1413824471947,1)
[1759]: (538.9231523577409,1)
[1760]: (543.0753183830502,1)
[1761]: (538.5703009380177,1)
[1762]: (538.5625463982186,1)
[1763]: (536.1299816625378,1)
[1764]: (536.2275751210946,1)
[1765]: (536.3798320655417,1)
[1766]: (536.6176293124826,1)
[1767]: (538.1829931347963,1)
[1768]: (536.1446054592478,1)
[1769]: (536.4135192846239,1)
[1770]: (537.0150867308648,1)
[1771]: (538.1361992271989,1)
[1772]: (537.4269474424475,1)
[1773]: (538.0322421324394,1)
[1774]: (541.0883925251865,1)
[1775]: (537.215559765739,1)
[1776]: (538.2676737035321,1)
[1777]: (536.6268168029334,1)
[1778]: (537.0117196903947,1)
[1779]: (539.039707885421,1)
[1780]: (540.3246721183074,1)
[1781]: (536.4673101325375,1)
[1782]: (536.1846009319663,1)
[1783]: (536.1104597491301,1)
[1784]: (538.165851893992,1)
[1785]: (538.5109655911295,1)
[1786]: (536.2954212283598,1)
[1787]: (537.5455038657703,1)
[1788]: (537.0818105542803,1)
[1789]: (536.1405226791965,1)
[1790]: (537.2852158253429,1)
[1791]: (539.9989950329148,1)
[1792]: (537.0336834676501,1)
[1793]: (536.4495420998311,1)
[1794]: (538.1046596500828,1)
[1795]: (539.880174108094,1)
[1796]: (539.2947160883871,1)
[1797]: (536.2247704882496,1)
[1798]: (539.9218618783789,1)
[1799]: (536.240797725829,1)
[1800]: (541.0627231570091,1)
[1801]: (537.0528613905828,1)
[1802]: (538.0079881379154,1)
[1803]: (539.2015722342354,1)
[1804]: (539.0201717702943,1)
[1805]: (537.164152866845,1)
[1806]: (536.2696882573763,1)
[1807]: (538.5735492248377,1)
[1808]: (539.1882978182913,1)
[1809]: (537.0043384808992,1)
[1810]: (537.0062302620113,1)
[1811]: (538.0952315037829,1)
[1812]: (536.0075974826227,1)
[1813]: (536.1991532448513,1)
[1814]: (540.1223037503695,1)
[1815]: (537.4659815359275,1)
[1816]: (536.2603480506802,1)
[1817]: (536.3091140236473,1)
[1818]: (540.1304527863272,1)
[1819]: (537.4552833439907,1)
[1820]: (537.1130162404602,1)
[1821]: (539.5910466538541,1)
[1822]: (542.029387488732,1)
[1823]: (538.0805137761796,1)
[1824]: (540.1257298435402,1)
[1825]: (540.6955525722188,1)
[1826]: (537.330105841505,1)
[1827]: (536.3907242411402,1)
[1828]: (536.0129799741313,1)
[1829]: (537.0565288478219,1)
[1830]: (541.4535088971037,1)
[1831]: (538.0085062267691,1)
[1832]: (538.2508449062922,1)
[1833]: (536.0380026589195,1)
[1834]: (538.0769972540212,1)
[1835]: (540.0089556525356,1)
[1836]: (540.5102654428591,1)
[1837]: (536.1450309324064,1)
[1838]: (538.1381838288663,1)
[1839]: (541.2249227762063,1)
[1840]: (537.1621305812697,1)
[1841]: (538.0893824579399,1)
[1842]: (539.149672523012,1)
[1843]: (537.0926129001606,1)
[1844]: (537.2514983704494,1)
[1845]: (539.8053877034312,1)
[1846]: (536.1783027976694,1)
[1847]: (537.4256613147121,1)
[1848]: (536.4023315615235,1)
[1849]: (537.0740536230762,1)
[1850]: (537.2796571980391,1)
[1851]: (539.807786386732,1)
[1852]: (540.3419452766824,1)
[1853]: (539.0599293955786,1)
[1854]: (541.5211972537224,1)
[1855]: (538.6248835880039,1)
[1856]: (538.0721449897925,1)
[1857]: (541.2864480168222,1)
[1858]: (539.0223028529025,1)
[1859]: (538.0236338489561,1)
[1860]: (537.3176550825323,1)
[1861]: (538.1894661919009,1)
[1862]: (538.1224314838878,1)
[1863]: (537.3387457736454,1)
[1864]: (538.215823481637,1)
[1865]: (539.2948191017456,1)
[1866]: (536.7438233737628,1)
[1867]: (536.0246876589513,1)
[1868]: (536.1913751686196,1)
[1869]: (536.890972980789,1)
[1870]: (536.12770944447,1)
[1871]: (537.5177920361619,1)
[1872]: (537.0177479415669,1)
[1873]: (539.0459723590434,1)
[1874]: (541.1285709692776,1)
[1875]: (537.0650260826113,1)
[1876]: (539.2089150630948,1)
[1877]: (538.0809094223154,1)
[1878]: (537.5644374777277,1)
[1879]: (542.0051379309541,1)
[1880]: (538.7628074389901,1)
[1881]: (538.2083344531319,1)
[1882]: (539.4643986683332,1)
[1883]: (537.1191815055142,1)
[1884]: (538.3916889441568,1)
[1885]: (539.9057463728144,1)
[1886]: (537.8943748355662,1)
[1887]: (536.1276552927837,1)
[1888]: (537.2997706773558,1)
[1889]: (536.7028464914102,1)
[1890]: (536.0113001220288,1)
[1891]: (542.0323395355293,1)
[1892]: (537.596594401156,1)
[1893]: (539.2376660520937,1)
[1894]: (536.1599045200874,1)
[1895]: (538.1646817989998,1)
[1896]: (540.0183267571219,1)
[1897]: (537.0560603514477,1)
[1898]: (537.0164535479769,1)
[1899]: (536.0741761957057,1)
[1900]: (536.0387892369611,1)
[1901]: (537.0611663749165,1)
[1902]: (538.4660862392825,1)
[1903]: (536.0609829501398,1)
[1904]: (537.168330402541,1)
[1905]: (536.1367422793102,1)
[1906]: (541.4626939232519,1)
[1907]: (536.2746329059574,1)
[1908]: (539.5828234905944,1)
[1909]: (536.0403131643956,1)
[1910]: (536.7762073403914,1)
[1911]: (538.3813900837373,1)
[1912]: (536.2712877500187,1)
[1913]: (537.1857214890907,1)
[1914]: (537.358438657163,1)
[1915]: (540.1884781277706,1)
[1916]: (539.055950188069,1)
[1917]: (536.1923534654222,1)
[1918]: (536.7756802970587,1)
[1919]: (537.5093710891532,1)
[1920]: (539.1154695816638,1)
[1921]: (540.4842156415714,1)
[1922]: (536.0298051357032,1)
[1923]: (536.0310150342216,1)
[1924]: (538.2046450079558,1)
[1925]: (539.1996271145186,1)
[1926]: (536.2322558558245,1)
[1927]: (536.0170202503765,1)
[1928]: (540.0658508260212,1)
[1929]: (538.0020632847076,1)
[1930]: (540.1171195194039,1)
[1931]: (537.7915003376073,1)
[1932]: (537.667782308797,1)
[1933]: (538.3020580313363,1)
[1934]: (537.3093867579324,1)
[1935]: (540.5863444120355,1)
[1936]: (539.3920077827064,1)
[1937]: (538.5391419906814,1)
[1938]: (537.1308992432937,1)
[1939]: (539.3228045748399,1)
[1940]: (536.0075825491098,1)
[1941]: (538.1450149465352,1)
[1942]: (539.4222304962116,1)
[1943]: (540.1274818542407,1)
[1944]: (536.0970533820464,1)
[1945]: (536.1201781575658,1)
[1946]: (541.3961744693257,1)
[1947]: (536.1662061918896,1)
[1948]: (537.1891363962062,1)
[1949]: (538.3984698474379,1)
[1950]: (540.1294167379049,1)
[1951]: (539.5217164218499,1)
[1952]: (538.481698027624,1)
[1953]: (537.0653372648188,1)
[1954]: (539.0390736628275,1)
[1955]: (539.146979228386,1)
[1956]: (539.1690543890638,1)
[1957]: (537.592447799304,1)
[1958]: (539.4355836780052,1)
[1959]: (537.1884759729845,1)
[1960]: (536.9475171552139,1)
[1961]: (541.618304165568,1)
[1962]: (536.0378529132028,1)
[1963]: (536.2967686561282,1)
[1964]: (541.0280954437443,1)
[1965]: (536.1143276984637,1)
[1966]: (537.1651566252632,1)
[1967]: (537.6312212392211,1)
[1968]: (537.6941819661673,1)
[1969]: (541.3468105169375,1)
[1970]: (541.1501956763176,1)
[1971]: (536.4598466096936,1)
[1972]: (539.1585774620527,1)
[1973]: (538.6754965620489,1)
[1974]: (540.0243120808872,1)
[1975]: (539.0684040418514,1)
[1976]: (538.2841502661827,1)
[1977]: (536.4248706084119,1)
[1978]: (538.4971902114982,1)
[1979]: (538.7139469993487,1)
[1980]: (541.0690292489606,1)
[1981]: (537.0144763119197,1)
[1982]: (537.608484200516,1)
[1983]: (539.6114251400749,1)
[1984]: (537.2164285983559,1)
[1985]: (537.6201323106602,1)
[1986]: (537.329321445063,1)
[1987]: (538.0341999410309,1)
[1988]: (539.1053194497641,1)
[1989]: (536.0445096089238,1)
[1990]: (539.1634741842132,1)
[1991]: (539.0223038664142,1)
[1992]: (538.5158493872202,1)
[1993]: (540.243492043125,1)
[1994]: (536.3661668268837,1)
[1995]: (538.9163283988439,1)
[1996]: (543.0660603239438,1)
[1997]: (537.1920973078242,1)
[1998]: (537.5473282735081,1)
[1999]: (540.0370289475931,1)
 -- States explored : 0 states
 -- CPU user time used : 2472150 ms
 -- Virtual memory used : 114598724 KiB
 -- Resident memory used : 114403044 KiB
executionTime: 15082
