core file size          (blocks, -c) unlimited
data seg size           (kbytes, -d) unlimited
scheduling priority             (-e) 0
file size               (blocks, -f) unlimited
pending signals                 (-i) 4077086
max locked memory       (kbytes, -l) 64
max memory size         (kbytes, -m) 166723584
open files                      (-n) 4096
pipe size            (512 bytes, -p) 8
POSIX message queues     (bytes, -q) 819200
real-time priority              (-r) 0
stack size              (kbytes, -s) 8192
cpu time               (seconds, -t) unlimited
max user processes              (-u) 4077086
virtual memory          (kbytes, -v) 159000000
file locks                      (-x) unlimited
Options for the verification:
  Generating some trace
  Search order is random depth first
  Using conservative space optimisation
  Seed is 1556958780
  State space representation uses minimal constraint systems
  Using HashMap + Compress integers for discrete state storage

Verifying formula 1 at ../queries/SP_300_19_16.q:1
 -- Formula is satisfied.
(9000 runs)
Learning statistics for best strategy: 
	Number of resets: 0
	Number of iterations in last reset: 5
	Number of iterations in total: 5

 -- States explored : 0 states
 -- CPU user time used : 13994340 ms
 -- Virtual memory used : 114107432 KiB
 -- Resident memory used : 114068960 KiB

Verifying formula 2 at ../queries/SP_300_19_16.q:3
 -- Formula is satisfied.
Composer.Done:
[0]: (0,0) (537.6795435701025,1)
[1]: (537.0748638953119,1)
[2]: (537.6311798205497,1)
[3]: (537.022055864314,1)
[4]: (537.3451800598851,1)
[5]: (537.9559041292923,1)
[6]: (537.9141380084769,1)
[7]: (537.0970104248767,1)
[8]: (537.1045273583826,1)
[9]: (537.1924127540174,1)
[10]: (537.3149060255935,1)
[11]: (537.3815939364729,1)
[12]: (537.2347943800991,1)
[13]: (537.0356075861658,1)
[14]: (537.3405042414159,1)
[15]: (537.1112764246304,1)
[16]: (537.1842473511626,1)
[17]: (537.1155222854134,1)
[18]: (538.7516971522895,1)
[19]: (537.0792659425052,1)
[20]: (537.1216292570182,1)
[21]: (537.3041456779547,1)
[22]: (537.697419741942,1)
[23]: (537.4108888126981,1)
[24]: (537.3798801430747,1)
[25]: (537.8031851499693,1)
[26]: (537.0602914154442,1)
[27]: (537.0861337624677,1)
[28]: (537.089502415971,1)
[29]: (537.9944769753283,1)
[30]: (537.0945239312813,1)
[31]: (537.9467772515553,1)
[32]: (537.2336410513043,1)
[33]: (537.5819784155919,1)
[34]: (537.2942309211071,1)
[35]: (537.0249867253876,1)
[36]: (537.2387004857383,1)
[37]: (537.0602545611887,1)
[38]: (537.1035743570344,1)
[39]: (537.1273430727283,1)
[40]: (537.3049403878719,1)
[41]: (537.1185657483296,1)
[42]: (537.0335404455033,1)
[43]: (537.4093776691565,1)
[44]: (537.4477841259302,1)
[45]: (538.2718975098758,1)
[46]: (537.2266791350817,1)
[47]: (537.1172266135577,1)
[48]: (537.3674905993158,1)
[49]: (537.4033805577185,1)
[50]: (537.2758313979601,1)
[51]: (537.3637371887929,1)
[52]: (537.5305954756689,1)
[53]: (537.9675985570091,1)
[54]: (537.50515009705,1)
[55]: (537.2774174266478,1)
[56]: (537.0603735667926,1)
[57]: (537.4797443419382,1)
[58]: (537.3089360112798,1)
[59]: (537.3883677424649,1)
[60]: (537.1392930116867,1)
[61]: (537.4626632492783,1)
[62]: (537.4282312120497,1)
[63]: (537.7134724688864,1)
[64]: (537.1714641257114,1)
[65]: (537.2511707438085,1)
[66]: (537.3950244666947,1)
[67]: (537.3197257826771,1)
[68]: (537.4846239054849,1)
[69]: (537.0975702242772,1)
[70]: (537.118889900079,1)
[71]: (537.1650364798878,1)
[72]: (537.8237665033364,1)
[73]: (537.1949347580812,1)
[74]: (537.530011619072,1)
[75]: (537.4438588797954,1)
[76]: (537.1032752059191,1)
[77]: (537.3957095167113,1)
[78]: (537.3245053533346,1)
[79]: (537.1832549104865,1)
[80]: (537.4959793018567,1)
[81]: (537.0903780397358,1)
[82]: (537.0415535986508,1)
[83]: (537.1059183115945,1)
[84]: (537.4672269568886,1)
[85]: (537.6321299225327,1)
[86]: (538.0616099122215,1)
[87]: (537.4917965473086,1)
[88]: (537.0085573969942,1)
[89]: (537.2252522765599,1)
[90]: (537.4074070875126,1)
[91]: (537.3464332225216,1)
[92]: (537.2885666565746,1)
[93]: (537.4878634846332,1)
[94]: (537.4089335991189,1)
[95]: (537.0435582618937,1)
[96]: (537.5223527839436,1)
[97]: (537.276188518717,1)
[98]: (537.5719333708242,1)
[99]: (537.0517503900164,1)
[100]: (537.1969334197928,1)
[101]: (537.256318648801,1)
[102]: (537.1044663021038,1)
[103]: (537.148950494528,1)
[104]: (537.3272919523826,1)
[105]: (537.5418017714453,1)
[106]: (537.1418240302627,1)
[107]: (537.2141576754362,1)
[108]: (537.0908059627511,1)
[109]: (537.5453277758057,1)
[110]: (537.000453086306,1)
[111]: (538.6384913556903,1)
[112]: (537.2534528008957,1)
[113]: (537.0565412760355,1)
[114]: (537.2502029464894,1)
[115]: (537.0252225682875,1)
[116]: (537.0346934201775,1)
[117]: (537.2154272376617,1)
[118]: (537.1819055200162,1)
[119]: (537.2571974107482,1)
[120]: (537.0291150584418,1)
[121]: (537.2472099718283,1)
[122]: (537.2400553059483,1)
[123]: (537.216105902445,1)
[124]: (537.2885219891216,1)
[125]: (537.0388066371089,1)
[126]: (537.484358863969,1)
[127]: (537.2419307268018,1)
[128]: (537.233589567634,1)
[129]: (537.3496532339518,1)
[130]: (537.0561616417492,1)
[131]: (537.3629586009163,1)
[132]: (537.3864616751687,1)
[133]: (537.3434160539932,1)
[134]: (537.2403433069007,1)
[135]: (538.4282827186219,1)
[136]: (538.0955523866006,1)
[137]: (537.2522662897388,1)
[138]: (537.7524465206367,1)
[139]: (537.139063971135,1)
[140]: (537.0706344279421,1)
[141]: (537.2785484218649,1)
[142]: (537.636380937726,1)
[143]: (537.1562453193695,1)
[144]: (537.5627793542159,1)
[145]: (537.0393649578494,1)
[146]: (537.0895839224655,1)
[147]: (537.0269569643917,1)
[148]: (537.2615226447164,1)
[149]: (537.2502344637877,1)
[150]: (537.4091906669744,1)
[151]: (537.9815015397994,1)
[152]: (537.331082727794,1)
[153]: (537.5003616861829,1)
[154]: (537.3815667849357,1)
[155]: (537.1132064087922,1)
[156]: (537.1383100181841,1)
[157]: (537.1448450975296,1)
[158]: (537.2585172472222,1)
[159]: (537.4231505151367,1)
[160]: (537.0855948278502,1)
[161]: (538.1151611608038,1)
[162]: (537.3147074989831,1)
[163]: (537.1462375227484,1)
[164]: (537.3691800045432,1)
[165]: (537.016126086877,1)
[166]: (538.0050954606909,1)
[167]: (537.0482752271364,1)
[168]: (537.7667494219686,1)
[169]: (537.3609785929918,1)
[170]: (537.3290512260654,1)
[171]: (537.0077691329361,1)
[172]: (537.3456454568986,1)
[173]: (537.0464997472569,1)
[174]: (537.2846064051098,1)
[175]: (537.0641521027046,1)
[176]: (537.8002827860709,1)
[177]: (537.3981217980742,1)
[178]: (537.2272696145135,1)
[179]: (537.0634544347107,1)
[180]: (537.1627645770794,1)
[181]: (537.0543239658861,1)
[182]: (537.0088347122137,1)
[183]: (537.057125837691,1)
[184]: (538.086468390431,1)
[185]: (537.0742910467943,1)
[186]: (537.4162174775155,1)
[187]: (537.2817338767841,1)
[188]: (537.674464064007,1)
[189]: (537.2639172548371,1)
[190]: (537.0486926101436,1)
[191]: (537.4667022095565,1)
[192]: (538.0090734617065,1)
[193]: (537.1004524157166,1)
[194]: (537.1577687239575,1)
[195]: (537.3500616613061,1)
[196]: (537.0759135914171,1)
[197]: (537.6048021072753,1)
[198]: (537.4603488471761,1)
[199]: (537.1590556471925,1)
[200]: (537.4969541523249,1)
[201]: (537.5691857908985,1)
[202]: (537.2624383673847,1)
[203]: (537.7410278398481,1)
[204]: (537.0854088579277,1)
[205]: (537.3689460687451,1)
[206]: (537.5593075891088,1)
[207]: (537.1111974216077,1)
[208]: (537.0145533219312,1)
[209]: (537.882240477437,1)
[210]: (537.476816223205,1)
[211]: (537.1921233330389,1)
[212]: (537.4101725441394,1)
[213]: (538.3648328988365,1)
[214]: (537.3115949416655,1)
[215]: (537.0471267415688,1)
[216]: (537.4115877971049,1)
[217]: (537.4610281209023,1)
[218]: (537.0767001693843,1)
[219]: (537.0231285587791,1)
[220]: (537.0163336536131,1)
[221]: (537.0415850134236,1)
[222]: (537.1091446134591,1)
[223]: (537.1255997813049,1)
[224]: (537.1809934167499,1)
[225]: (537.2125077698022,1)
[226]: (538.8024775011194,1)
[227]: (537.097467097135,1)
[228]: (537.0170279139509,1)
[229]: (537.2775550176702,1)
[230]: (537.2953115537387,1)
[231]: (537.1354805929436,1)
[232]: (537.4316389600963,1)
[233]: (537.4173472452031,1)
[234]: (537.4857694320132,1)
[235]: (537.0766622397209,1)
[236]: (537.1879804518345,1)
[237]: (537.047305589169,1)
[238]: (537.1437254167739,1)
[239]: (538.1796911988719,1)
[240]: (537.2022483712461,1)
[241]: (537.1953499583424,1)
[242]: (537.9473788137614,1)
[243]: (537.0341699835524,1)
[244]: (538.901820994354,1)
[245]: (537.0960938747245,1)
[246]: (537.1803172087889,1)
[247]: (537.0372064494354,1)
[248]: (537.5581944704805,1)
[249]: (537.4790256201973,1)
[250]: (537.2305093071434,1)
[251]: (539.0202357164768,1)
[252]: (537.1229780474048,1)
[253]: (537.6794134789209,1)
[254]: (537.5306799169275,1)
[255]: (537.9315276674869,1)
[256]: (537.029609247431,1)
[257]: (537.350046335334,1)
[258]: (537.0114318350668,1)
[259]: (537.0531255203238,1)
[260]: (537.1490367734953,1)
[261]: (537.2067081979028,1)
[262]: (537.0913305191646,1)
[263]: (537.1069664287935,1)
[264]: (537.5408828980845,1)
[265]: (537.0463166171348,1)
[266]: (537.3499289393294,1)
[267]: (537.040844163292,1)
[268]: (537.1869780425116,1)
[269]: (537.4867913748975,1)
[270]: (537.0674514434329,1)
[271]: (537.4718086915794,1)
[272]: (537.2844703076022,1)
[273]: (537.5904049628036,1)
[274]: (537.1152788783631,1)
[275]: (537.0140214551442,1)
[276]: (537.1238881251592,1)
[277]: (537.9609272474825,1)
[278]: (537.3453493389303,1)
[279]: (537.0825055607093,1)
[280]: (537.1852689628164,1)
[281]: (537.0594659001557,1)
[282]: (537.5326037836155,1)
[283]: (537.1906800584203,1)
[284]: (537.6108264291538,1)
[285]: (537.1455787936696,1)
[286]: (537.1117273760359,1)
[287]: (537.2084424600529,1)
[288]: (537.0978960426685,1)
[289]: (537.4130094816894,1)
[290]: (537.3964668741412,1)
[291]: (537.0760126053885,1)
[292]: (537.645674634077,1)
[293]: (537.140808659879,1)
[294]: (537.0108196888739,1)
[295]: (537.263344548003,1)
[296]: (537.350964895798,1)
[297]: (537.1265540366524,1)
[298]: (537.0948944872532,1)
[299]: (537.5987214613209,1)
[300]: (537.1089079167789,1)
[301]: (537.1638849219098,1)
[302]: (537.0875876232357,1)
[303]: (537.0054573636763,1)
[304]: (537.1068146752762,1)
[305]: (537.1127909414827,1)
[306]: (537.3624137374038,1)
[307]: (537.385539552619,1)
[308]: (537.4810844286094,1)
[309]: (537.037680511998,1)
[310]: (537.8024504351972,1)
[311]: (537.567247146148,1)
[312]: (537.0872916711177,1)
[313]: (537.4331350884414,1)
[314]: (537.2195307611702,1)
[315]: (537.7461242178705,1)
[316]: (537.0870997255499,1)
[317]: (537.1561848372205,1)
[318]: (537.1580580233119,1)
[319]: (537.4803552294079,1)
[320]: (537.0764957471542,1)
[321]: (537.5408565609964,1)
[322]: (537.6408763363676,1)
[323]: (537.1045016609096,1)
[324]: (537.1271937192442,1)
[325]: (537.203372672215,1)
[326]: (537.3169340039773,1)
[327]: (537.285759004409,1)
[328]: (537.162175019979,1)
[329]: (537.1180434845434,1)
[330]: (537.5423815189552,1)
[331]: (537.6499764111007,1)
[332]: (537.3675739665651,1)
[333]: (537.6720205404822,1)
[334]: (537.3893889865467,1)
[335]: (537.7063831670001,1)
[336]: (537.1557586535871,1)
[337]: (538.2850361920871,1)
[338]: (537.2939433868548,1)
[339]: (537.7833007754921,1)
[340]: (537.1693838490351,1)
[341]: (537.172203391652,1)
[342]: (537.2044921223417,1)
[343]: (537.2342253374128,1)
[344]: (537.4573167987841,1)
[345]: (537.4964565040204,1)
[346]: (537.0993509296072,1)
[347]: (537.305136772037,1)
[348]: (537.2610255377485,1)
[349]: (537.0522655968429,1)
[350]: (538.1952166735173,1)
[351]: (538.3289421681877,1)
[352]: (539.7567139173124,1)
[353]: (537.1230469290298,1)
[354]: (537.31055727931,1)
[355]: (537.376864941986,1)
[356]: (537.2246378634203,1)
[357]: (537.3306594235634,1)
[358]: (538.1965227715064,1)
[359]: (537.1426989102854,1)
[360]: (537.051866147316,1)
[361]: (537.7408849877779,1)
[362]: (537.0568820156358,1)
[363]: (537.0679961411573,1)
[364]: (537.9598498249778,1)
[365]: (537.2080970049878,1)
[366]: (537.1781140792785,1)
[367]: (538.2452410679368,1)
[368]: (537.5685789961582,1)
[369]: (537.3294537935801,1)
[370]: (537.4750885129002,1)
[371]: (537.0476677695104,1)
[372]: (537.2594818774386,1)
[373]: (537.1391924913663,1)
[374]: (537.6996178242459,1)
[375]: (537.0013959504229,1)
[376]: (537.8991995860416,1)
[377]: (537.544587488345,1)
[378]: (537.659125678611,1)
[379]: (537.4138819629206,1)
[380]: (537.2265578358985,1)
[381]: (537.1451106728944,1)
[382]: (537.020591581831,1)
[383]: (537.0755975364175,1)
[384]: (537.8446157684494,1)
[385]: (537.4440848148712,1)
[386]: (537.4242549042722,1)
[387]: (537.5607309026484,1)
[388]: (537.2260844907863,1)
[389]: (537.3116418619635,1)
[390]: (537.7018831958879,1)
[391]: (537.5895992199986,1)
[392]: (538.8861109992108,1)
[393]: (537.015615778173,1)
[394]: (537.7233101303199,1)
[395]: (537.005234260329,1)
[396]: (537.0931134382671,1)
[397]: (537.5428867343741,1)
[398]: (537.0929553869316,1)
[399]: (537.0843538824794,1)
[400]: (537.5567327970809,1)
[401]: (537.2387821807216,1)
[402]: (537.2797738519575,1)
[403]: (537.5697703193742,1)
[404]: (537.1274852003614,1)
[405]: (537.780149211305,1)
[406]: (537.5332377873299,1)
[407]: (537.0503390803566,1)
[408]: (537.0585186943248,1)
[409]: (537.2675612855338,1)
[410]: (537.6358872916387,1)
[411]: (537.1597952573537,1)
[412]: (537.1431640087829,1)
[413]: (537.2878572125545,1)
[414]: (537.1302753150625,1)
[415]: (537.3124189724097,1)
[416]: (537.1258778981586,1)
[417]: (537.5676694650423,1)
[418]: (537.1595587577852,1)
[419]: (537.4387193569211,1)
[420]: (537.00502499281,1)
[421]: (537.6408955157791,1)
[422]: (537.0450818683579,1)
[423]: (537.7166189291275,1)
[424]: (537.0811083835994,1)
[425]: (537.3588971647665,1)
[426]: (537.1703737674942,1)
[427]: (537.0602305946389,1)
[428]: (537.0880287998838,1)
[429]: (537.006006757465,1)
[430]: (537.4902968917004,1)
[431]: (537.0721264637808,1)
[432]: (537.6562556643607,1)
[433]: (537.1707928083946,1)
[434]: (537.1931819579717,1)
[435]: (537.5413876671038,1)
[436]: (537.1207195993165,1)
[437]: (537.8897904836351,1)
[438]: (537.2862648692553,1)
[439]: (537.1400688431549,1)
[440]: (537.1398043622282,1)
[441]: (537.6102059081892,1)
[442]: (537.0072859919696,1)
[443]: (537.0151412008099,1)
[444]: (537.2497063234157,1)
[445]: (537.0505792613479,1)
[446]: (537.5373620702792,1)
[447]: (537.0807001718207,1)
[448]: (537.0025124387651,1)
[449]: (537.3707102013493,1)
[450]: (537.1142445914845,1)
[451]: (537.3212724251284,1)
[452]: (537.4162116897071,1)
[453]: (537.1850151768271,1)
[454]: (537.0067256343946,1)
[455]: (537.1951061583223,1)
[456]: (537.0208016237038,1)
[457]: (537.3100712663592,1)
[458]: (537.0744660843321,1)
[459]: (537.1618367082373,1)
[460]: (537.2042692243152,1)
[461]: (537.3147889679028,1)
[462]: (537.2157246920444,1)
[463]: (537.2727120922827,1)
[464]: (537.2387769565732,1)
[465]: (537.4072750429839,1)
[466]: (537.3903881726035,1)
[467]: (537.7881020784233,1)
[468]: (537.2577297696831,1)
[469]: (537.1181326172173,1)
[470]: (537.1348774862529,1)
[471]: (537.1697672876645,1)
[472]: (538.0925514171944,1)
[473]: (537.0798349623665,1)
[474]: (537.1120566830484,1)
[475]: (537.522714310752,1)
[476]: (537.1420749083152,1)
[477]: (537.2142624352725,1)
[478]: (537.0359718304824,1)
[479]: (537.0654201697795,1)
[480]: (537.341980393794,1)
[481]: (537.0914783231029,1)
[482]: (537.3935488541181,1)
[483]: (537.1669920631579,1)
[484]: (537.0261943591454,1)
[485]: (537.712134257015,1)
[486]: (537.2496204299347,1)
[487]: (537.0998152395725,1)
[488]: (537.4047347957593,1)
[489]: (537.0206320921427,1)
[490]: (537.3545992983907,1)
[491]: (537.7355464135338,1)
[492]: (537.0486966601801,1)
[493]: (537.0515550280741,1)
[494]: (537.2943304912094,1)
[495]: (537.4408555060351,1)
[496]: (537.5465708179211,1)
[497]: (537.1262502057373,1)
[498]: (537.3255647391726,1)
[499]: (537.1107281331782,1)
[500]: (537.3895194161274,1)
[501]: (537.2988700523372,1)
[502]: (537.1350489156707,1)
[503]: (537.5737556822953,1)
[504]: (537.0774438709677,1)
[505]: (537.3075645581027,1)
[506]: (537.4341507886595,1)
[507]: (537.9070921901043,1)
[508]: (537.8709943838644,1)
[509]: (537.1221363173653,1)
[510]: (537.2447933449326,1)
[511]: (537.1084945543093,1)
[512]: (537.4916053152796,1)
[513]: (537.0707976677414,1)
[514]: (537.4412351768133,1)
[515]: (537.1241757318917,1)
[516]: (537.1007290345287,1)
[517]: (537.1073312894276,1)
[518]: (537.8346576160275,1)
[519]: (537.0606950254532,1)
[520]: (537.0555353072124,1)
[521]: (537.1979990311509,1)
[522]: (537.6125678499858,1)
[523]: (537.0255070202352,1)
[524]: (537.493414221927,1)
[525]: (537.2560717629963,1)
[526]: (537.1121419419527,1)
[527]: (537.6927202257165,1)
[528]: (537.5910568527785,1)
[529]: (537.2488757186267,1)
[530]: (537.5560251513409,1)
[531]: (537.5510691319474,1)
[532]: (537.1874695528556,1)
[533]: (537.2354990662842,1)
[534]: (537.0543489749931,1)
[535]: (537.534681055187,1)
[536]: (537.514828407457,1)
[537]: (537.6059906522191,1)
[538]: (537.0302032051441,1)
[539]: (537.4788911220016,1)
[540]: (537.8795183364249,1)
[541]: (537.0799860028768,1)
[542]: (537.6926235357627,1)
[543]: (537.0108429741551,1)
[544]: (537.2923118101291,1)
[545]: (537.3731855324593,1)
[546]: (537.1522795414413,1)
[547]: (537.0799543810106,1)
[548]: (538.0198340991391,1)
[549]: (537.1360941608954,1)
[550]: (537.2823707577794,1)
[551]: (537.0861230536167,1)
[552]: (537.8176368368604,1)
[553]: (537.2335700098758,1)
[554]: (537.5850064344821,1)
[555]: (537.1208296341921,1)
[556]: (537.0678343241211,1)
[557]: (538.0147618214154,1)
[558]: (537.0254121158961,1)
[559]: (537.1489018972062,1)
[560]: (538.2789842697231,1)
[561]: (537.0399420421661,1)
[562]: (537.4089302841232,1)
[563]: (537.3166186278619,1)
[564]: (537.0835894836101,1)
[565]: (537.1572506983346,1)
[566]: (537.1502798065685,1)
[567]: (537.2324809934224,1)
[568]: (537.075576480347,1)
[569]: (537.2222580283693,1)
[570]: (537.2359088089927,1)
[571]: (538.7516445652154,1)
[572]: (537.3162165416418,1)
[573]: (537.065301049877,1)
[574]: (537.0787933108297,1)
[575]: (537.0088529817574,1)
[576]: (537.1263682077773,1)
[577]: (537.0004978863853,1)
[578]: (537.1718271833894,1)
[579]: (537.2222090768515,1)
[580]: (537.2557178182448,1)
[581]: (537.2328072307383,1)
[582]: (537.4569817635418,1)
[583]: (537.0691070791665,1)
[584]: (538.1508858086434,1)
[585]: (537.4154379245812,1)
[586]: (537.2215451904385,1)
[587]: (538.0283314617785,1)
[588]: (537.1702638930667,1)
[589]: (537.0533982215328,1)
[590]: (537.041398543825,1)
[591]: (537.6061003092746,1)
[592]: (537.8073001037695,1)
[593]: (537.3256583928728,1)
[594]: (537.2709680544649,1)
[595]: (538.3049292067088,1)
[596]: (537.6094951582338,1)
[597]: (537.0018114624283,1)
[598]: (537.2654361557118,1)
[599]: (537.0259839813341,1)
[600]: (537.1661730049409,1)
[601]: (537.1479691064227,1)
[602]: (537.1904827214822,1)
[603]: (537.2695236108183,1)
[604]: (537.1945061196349,1)
[605]: (537.0230746461424,1)
[606]: (537.294630061925,1)
[607]: (537.057979857869,1)
[608]: (537.1417735776701,1)
[609]: (537.7665215067766,1)
[610]: (537.1575178029545,1)
[611]: (537.1492752970717,1)
[612]: (537.0717275192201,1)
[613]: (537.0392970572851,1)
[614]: (537.0058400310415,1)
[615]: (537.4781505777061,1)
[616]: (537.0283753520449,1)
[617]: (537.5800534085537,1)
[618]: (537.1567214224964,1)
[619]: (537.8779405534169,1)
[620]: (537.0987795201681,1)
[621]: (537.0599570426552,1)
[622]: (537.3243947443689,1)
[623]: (538.6234336865494,1)
[624]: (537.1063325260855,1)
[625]: (537.1839299783993,1)
[626]: (537.564170037508,1)
[627]: (537.6634221816674,1)
[628]: (537.0326102231378,1)
[629]: (537.1553262730894,1)
[630]: (537.2396394083935,1)
[631]: (537.7471086633694,1)
[632]: (537.0189207149084,1)
[633]: (537.1593745094784,1)
[634]: (537.4884553708341,1)
[635]: (537.3880457814212,1)
[636]: (537.6025847026802,1)
[637]: (537.0515438159931,1)
[638]: (537.2742421978916,1)
[639]: (537.2222445944931,1)
[640]: (537.3835810627044,1)
[641]: (537.392200627212,1)
[642]: (537.6070103422018,1)
[643]: (537.3880395523963,1)
[644]: (537.0441944008552,1)
[645]: (537.2877824439822,1)
[646]: (537.2161924123932,1)
[647]: (537.0172071181511,1)
[648]: (537.3182560377435,1)
[649]: (537.7697036960334,1)
[650]: (537.1356058204976,1)
[651]: (537.2415600492363,1)
[652]: (537.1034236236158,1)
[653]: (537.2545314278315,1)
[654]: (537.1753190379217,1)
[655]: (537.165069768658,1)
[656]: (537.0674929253488,1)
[657]: (537.1583414379029,1)
[658]: (537.4560734560614,1)
[659]: (537.1044595419169,1)
[660]: (538.0402042488807,1)
[661]: (537.2218937170773,1)
[662]: (537.0619537644974,1)
[663]: (537.2053343774035,1)
[664]: (537.1231563907173,1)
[665]: (537.0902209951417,1)
[666]: (537.1517753960434,1)
[667]: (537.3312318259259,1)
[668]: (537.4190242665845,1)
[669]: (537.1184761029101,1)
[670]: (537.6837517193509,1)
[671]: (537.1321794932646,1)
[672]: (537.0048638563329,1)
[673]: (537.1909522583902,1)
[674]: (537.456718302847,1)
[675]: (537.067253010528,1)
[676]: (537.0505410909723,1)
[677]: (537.6799759862264,1)
[678]: (537.1255395776795,1)
[679]: (537.1215103482873,1)
[680]: (537.0616586785322,1)
[681]: (537.6416608016766,1)
[682]: (537.0122937265132,1)
[683]: (537.785239293223,1)
[684]: (538.0314411209013,1)
[685]: (537.6174346922352,1)
[686]: (537.0365258902749,1)
[687]: (537.622058833493,1)
[688]: (537.1651362344096,1)
[689]: (537.2683168435257,1)
[690]: (537.0147522924406,1)
[691]: (537.1821999046359,1)
[692]: (537.5771859590481,1)
[693]: (537.6911269466655,1)
[694]: (537.4814916292662,1)
[695]: (537.6260701282214,1)
[696]: (537.1128838000363,1)
[697]: (537.0212135246561,1)
[698]: (538.0133461035842,1)
[699]: (537.1876034569686,1)
[700]: (537.2687527724185,1)
[701]: (538.1573416918812,1)
[702]: (537.6440756092308,1)
[703]: (537.0770591639057,1)
[704]: (537.1155635783264,1)
[705]: (537.2833635300882,1)
[706]: (537.3320763231894,1)
[707]: (537.0720340326654,1)
[708]: (537.0123361973331,1)
[709]: (537.0462868815988,1)
[710]: (537.1664152256396,1)
[711]: (537.5096379561512,1)
[712]: (537.14553617315,1)
[713]: (537.2311701694437,1)
[714]: (537.2586237468583,1)
[715]: (537.181948106565,1)
[716]: (537.0891306260384,1)
[717]: (537.3961567744233,1)
[718]: (537.0161597452195,1)
[719]: (537.5542179952291,1)
[720]: (537.0416375871655,1)
[721]: (537.1823885646332,1)
[722]: (537.0754271806281,1)
[723]: (537.4747316580716,1)
[724]: (537.3340688931933,1)
[725]: (537.856228659395,1)
[726]: (537.1892416302791,1)
[727]: (537.434275395574,1)
[728]: (537.2396096120719,1)
[729]: (537.5274496833857,1)
[730]: (537.5118885257609,1)
[731]: (537.5150371017158,1)
[732]: (537.1797525850237,1)
[733]: (537.7089633199004,1)
[734]: (537.1770830327418,1)
[735]: (538.1612316859708,1)
[736]: (537.1178516572885,1)
[737]: (537.1326273298655,1)
[738]: (538.3313187041321,1)
[739]: (537.4276116638385,1)
[740]: (537.0712755160309,1)
[741]: (537.5235429619713,1)
[742]: (537.8560754782231,1)
[743]: (537.3891745538699,1)
[744]: (537.4722401964707,1)
[745]: (537.4249328427868,1)
[746]: (537.2892547210052,1)
[747]: (537.1975495956929,1)
[748]: (537.0347897832334,1)
[749]: (537.3032238266322,1)
[750]: (537.1272283907892,1)
[751]: (537.0392004093841,1)
[752]: (537.0442358334506,1)
[753]: (537.3406680251867,1)
[754]: (537.2267141067788,1)
[755]: (537.1294824681924,1)
[756]: (538.3908524202831,1)
[757]: (537.2207579371376,1)
[758]: (537.0417800170966,1)
[759]: (537.0232432119417,1)
[760]: (537.4727393640508,1)
[761]: (537.2388432279622,1)
[762]: (537.0948991128799,1)
[763]: (537.2555845082051,1)
[764]: (537.5711584171871,1)
[765]: (537.0999213367886,1)
[766]: (537.5760945940734,1)
[767]: (537.1440098608966,1)
[768]: (537.2168216027416,1)
[769]: (537.5201686117332,1)
[770]: (537.2574771663293,1)
[771]: (537.3832048090974,1)
[772]: (537.2276309553262,1)
[773]: (537.349085494743,1)
[774]: (537.0218889044845,1)
[775]: (537.3510316772155,1)
[776]: (537.3283511386643,1)
[777]: (537.0518942391977,1)
[778]: (537.3667465994012,1)
[779]: (537.1881026736061,1)
[780]: (537.0702584365902,1)
[781]: (537.2557372750766,1)
[782]: (537.2164882547415,1)
[783]: (537.0801354179341,1)
[784]: (537.3157487014913,1)
[785]: (537.1067109208187,1)
[786]: (537.6795862760326,1)
[787]: (537.1755295990939,1)
[788]: (537.2925977191462,1)
[789]: (537.6502486268213,1)
[790]: (537.1190574646613,1)
[791]: (537.4439869450208,1)
[792]: (537.0212550003793,1)
[793]: (537.3028610969434,1)
[794]: (537.1806812274328,1)
[795]: (537.0848419229059,1)
[796]: (538.2679554129937,1)
[797]: (537.1088727925887,1)
[798]: (537.3043350430618,1)
[799]: (537.9912995654904,1)
[800]: (537.1851784178547,1)
[801]: (537.1202658970134,1)
[802]: (537.2284365868642,1)
[803]: (537.3559087902778,1)
[804]: (537.1666986144647,1)
[805]: (537.0021407743831,1)
[806]: (537.2957816589604,1)
[807]: (537.3080321657691,1)
[808]: (537.1223560270172,1)
[809]: (537.0740152369075,1)
[810]: (537.632614858814,1)
[811]: (537.0888636013532,1)
[812]: (537.2413014877974,1)
[813]: (537.848011918404,1)
[814]: (537.6046668279809,1)
[815]: (537.0357190056391,1)
[816]: (537.5854088224573,1)
[817]: (538.1687111001124,1)
[818]: (537.1698326293269,1)
[819]: (537.5399635044065,1)
[820]: (537.0185692319756,1)
[821]: (537.1504515674936,1)
[822]: (537.2066596692908,1)
[823]: (537.2856626597625,1)
[824]: (537.1951647939072,1)
[825]: (537.9082876763798,1)
[826]: (537.1593427121458,1)
[827]: (537.3996472716759,1)
[828]: (537.531143846682,1)
[829]: (537.5944468226469,1)
[830]: (537.7789574650193,1)
[831]: (538.2307006178295,1)
[832]: (537.4304312633959,1)
[833]: (537.2165019807736,1)
[834]: (537.5503019821931,1)
[835]: (537.0755788292489,1)
[836]: (537.0945657438599,1)
[837]: (537.9868946896927,1)
[838]: (537.2773808032409,1)
[839]: (537.2318918892076,1)
[840]: (537.0490026669281,1)
[841]: (537.0039020475587,1)
[842]: (537.5829428715554,1)
[843]: (537.6579013320792,1)
[844]: (537.2259155172138,1)
[845]: (537.1248047713875,1)
[846]: (537.197323490895,1)
[847]: (537.00957870526,1)
[848]: (537.8997477512572,1)
[849]: (537.4307121677281,1)
[850]: (537.099804075845,1)
[851]: (537.4855154936465,1)
[852]: (537.411276854275,1)
[853]: (537.0857263766637,1)
[854]: (537.1592271954224,1)
[855]: (537.3904977955565,1)
[856]: (537.3051331320016,1)
[857]: (537.6926408986953,1)
[858]: (537.1897115676654,1)
[859]: (539.0285237685475,1)
[860]: (537.1028467315081,1)
[861]: (537.3896391834434,1)
[862]: (537.2077875988475,1)
[863]: (537.1462281510933,1)
[864]: (537.239804821899,1)
[865]: (537.0712823831071,1)
[866]: (537.051199364261,1)
[867]: (537.0576905634803,1)
[868]: (537.0880486051313,1)
[869]: (537.5451887811309,1)
[870]: (537.0363028830686,1)
[871]: (537.4330524922644,1)
[872]: (537.8140591625532,1)
[873]: (537.1277190063315,1)
[874]: (537.4050861817146,1)
[875]: (537.5312561929716,1)
[876]: (537.9091897877568,1)
[877]: (537.0705721692452,1)
[878]: (537.2092893689348,1)
[879]: (537.1483693827564,1)
[880]: (537.3283936967263,1)
[881]: (537.0412117215612,1)
[882]: (537.2306148353847,1)
[883]: (537.1331426433877,1)
[884]: (537.3811529873893,1)
[885]: (537.1341401957004,1)
[886]: (537.8322723678626,1)
[887]: (537.0518474199487,1)
[888]: (537.8043323099429,1)
[889]: (538.2038325295832,1)
[890]: (537.1608077648881,1)
[891]: (537.217972776752,1)
[892]: (537.1489247043124,1)
[893]: (537.90995029792,1)
[894]: (537.071780025305,1)
[895]: (537.1104389159343,1)
[896]: (537.3008228013659,1)
[897]: (537.2566962191419,1)
[898]: (537.0680450358282,1)
[899]: (537.0979442193275,1)
[900]: (538.1135335056401,1)
[901]: (537.3339935511256,1)
[902]: (537.224787068565,1)
[903]: (537.0029682588587,1)
[904]: (537.1304966141729,1)
[905]: (537.1267611190218,1)
[906]: (537.1476049801915,1)
[907]: (537.2459466846274,1)
[908]: (537.362841032795,1)
[909]: (537.1811041629243,1)
[910]: (537.1844263276751,1)
[911]: (537.0870609858313,1)
[912]: (537.4787539254976,1)
[913]: (537.1960352501183,1)
[914]: (537.0421210408973,1)
[915]: (537.175145633244,1)
[916]: (537.4079266921489,1)
[917]: (537.1211850762188,1)
[918]: (537.6023536963393,1)
[919]: (537.7876445450529,1)
[920]: (537.2664470993089,1)
[921]: (537.2704898998114,1)
[922]: (537.7822631421367,1)
[923]: (537.0629719176582,1)
[924]: (537.0354263041319,1)
[925]: (537.2543210875762,1)
[926]: (537.2001560327766,1)
[927]: (538.0603328671195,1)
[928]: (537.3556933601611,1)
[929]: (537.17002643077,1)
[930]: (537.1160751362265,1)
[931]: (537.0914653315536,1)
[932]: (537.4017241903517,1)
[933]: (538.0519126292057,1)
[934]: (537.465199634126,1)
[935]: (537.3196326917191,1)
[936]: (537.5579810624788,1)
[937]: (537.3661729263376,1)
[938]: (537.2741182664794,1)
[939]: (537.306750202233,1)
[940]: (537.0058629352975,1)
[941]: (537.568334960229,1)
[942]: (538.6511150378371,1)
[943]: (537.2504888758739,1)
[944]: (537.2446275530323,1)
[945]: (537.1861507646469,1)
[946]: (537.058219436256,1)
[947]: (537.0752466531318,1)
[948]: (537.5868291724441,1)
[949]: (537.2610744160111,1)
[950]: (537.4204385562523,1)
[951]: (537.6109511686583,1)
[952]: (537.0269471436642,1)
[953]: (537.019168167423,1)
[954]: (537.3153211604557,1)
[955]: (537.5161272946314,1)
[956]: (537.3826824412286,1)
[957]: (537.0872298813125,1)
[958]: (537.400830874744,1)
[959]: (537.2360368094924,1)
[960]: (537.4662224787179,1)
[961]: (537.0511128284998,1)
[962]: (537.9766196567668,1)
[963]: (537.140197303173,1)
[964]: (537.2298432605463,1)
[965]: (537.1551125707422,1)
[966]: (537.1741467887562,1)
[967]: (537.0400252241784,1)
[968]: (537.0001318888136,1)
[969]: (537.2077344159953,1)
[970]: (537.0693278613302,1)
[971]: (537.119216295276,1)
[972]: (537.0636477631965,1)
[973]: (538.5054696947976,1)
[974]: (537.3220353151238,1)
[975]: (537.284549284275,1)
[976]: (537.5584268230996,1)
[977]: (537.413028361845,1)
[978]: (537.5259618118916,1)
[979]: (537.1188552775808,1)
[980]: (537.1289426411664,1)
[981]: (537.5609201829329,1)
[982]: (537.3465608091434,1)
[983]: (537.2248375489071,1)
[984]: (537.2133170460368,1)
[985]: (537.0023978926683,1)
[986]: (537.0923244187661,1)
[987]: (537.2408129182302,1)
[988]: (537.6864831013919,1)
[989]: (537.6881331896743,1)
[990]: (537.5024759873299,1)
[991]: (537.6800547965101,1)
[992]: (537.3054094635204,1)
[993]: (537.2787910081994,1)
[994]: (537.2042576184461,1)
[995]: (537.1688759265886,1)
[996]: (537.1630156268544,1)
[997]: (537.1178326838669,1)
[998]: (537.0267432154822,1)
[999]: (537.6564942487197,1)
[1000]: (537.3822396422966,1)
[1001]: (537.134446043598,1)
[1002]: (537.2360340089815,1)
[1003]: (537.5930704784129,1)
[1004]: (537.2069961040871,1)
[1005]: (537.054943592061,1)
[1006]: (537.0967719803795,1)
[1007]: (537.3657424516019,1)
[1008]: (537.1591466597735,1)
[1009]: (537.5433687932577,1)
[1010]: (537.3328828129872,1)
[1011]: (537.2961505307126,1)
[1012]: (537.104357959247,1)
[1013]: (537.3157984144344,1)
[1014]: (538.3011562855256,1)
[1015]: (537.2239040837986,1)
[1016]: (537.008228020614,1)
[1017]: (537.4597290833223,1)
[1018]: (537.0995932260298,1)
[1019]: (537.3955267212641,1)
[1020]: (537.0140668267609,1)
[1021]: (537.2206120441872,1)
[1022]: (537.5987701629763,1)
[1023]: (537.0415001136539,1)
[1024]: (537.0879604038483,1)
[1025]: (537.0593718076144,1)
[1026]: (537.1409596632465,1)
[1027]: (537.2125229686563,1)
[1028]: (537.5729750403333,1)
[1029]: (537.0299869083277,1)
[1030]: (537.4645339175155,1)
[1031]: (537.0823393674418,1)
[1032]: (537.2889077272791,1)
[1033]: (538.5336674261549,1)
[1034]: (537.0543005604594,1)
[1035]: (537.1703742869637,1)
[1036]: (537.3264511586286,1)
[1037]: (537.2199748073217,1)
[1038]: (537.6499298387471,1)
[1039]: (537.0940244591807,1)
[1040]: (537.121702203318,1)
[1041]: (537.0866815678214,1)
[1042]: (537.7264662235712,1)
[1043]: (537.1681559464379,1)
[1044]: (537.0127533514017,1)
[1045]: (537.119798989229,1)
[1046]: (537.0588361772694,1)
[1047]: (537.0632820864752,1)
[1048]: (537.9548398470135,1)
[1049]: (537.522845185619,1)
[1050]: (537.241539809832,1)
[1051]: (537.7243527779599,1)
[1052]: (537.88502574791,1)
[1053]: (538.1762180773719,1)
[1054]: (537.0481151789248,1)
[1055]: (538.0992235996291,1)
[1056]: (537.3150110482956,1)
[1057]: (537.0338577584912,1)
[1058]: (537.0735543344882,1)
[1059]: (537.6501127779314,1)
[1060]: (537.2835517804322,1)
[1061]: (537.0420441521801,1)
[1062]: (537.3685263878363,1)
[1063]: (537.2712051381769,1)
[1064]: (537.5024089583453,1)
[1065]: (537.2983861853656,1)
[1066]: (537.3360011202569,1)
[1067]: (537.5365358217691,1)
[1068]: (537.5136336824062,1)
[1069]: (538.0144083987974,1)
[1070]: (537.3341751417948,1)
[1071]: (537.3968767599205,1)
[1072]: (537.3437679677816,1)
[1073]: (537.2033435368569,1)
[1074]: (537.3210455315623,1)
[1075]: (538.0490525622358,1)
[1076]: (537.1753908483523,1)
[1077]: (537.5759751128099,1)
[1078]: (537.0155087607412,1)
[1079]: (537.0722458398526,1)
[1080]: (537.6223968860195,1)
[1081]: (537.7482852996832,1)
[1082]: (537.0680947800142,1)
[1083]: (537.0718340752709,1)
[1084]: (537.0466405521025,1)
[1085]: (537.3974639311248,1)
[1086]: (537.9981313180392,1)
[1087]: (537.2142746611742,1)
[1088]: (537.4233500928565,1)
[1089]: (537.1836747800016,1)
[1090]: (537.7995259724272,1)
[1091]: (537.0896485539232,1)
[1092]: (537.0682256874721,1)
[1093]: (537.0438543362263,1)
[1094]: (538.2164788970462,1)
[1095]: (537.2263274628622,1)
[1096]: (537.1649851930472,1)
[1097]: (537.4391539855858,1)
[1098]: (537.0940645676861,1)
[1099]: (537.0787636157471,1)
[1100]: (537.0309522391965,1)
[1101]: (537.1441345267825,1)
[1102]: (537.8610266635541,1)
[1103]: (537.2347483108275,1)
[1104]: (537.1885166959534,1)
[1105]: (537.073305140083,1)
[1106]: (537.3521830751745,1)
[1107]: (538.1623284673079,1)
[1108]: (538.4564939000566,1)
[1109]: (537.1178063361868,1)
[1110]: (537.2102565027093,1)
[1111]: (537.034963090699,1)
[1112]: (537.8085493558732,1)
[1113]: (537.1422713119249,1)
[1114]: (537.0774284379562,1)
[1115]: (537.0029620883181,1)
[1116]: (537.2284139084692,1)
[1117]: (537.3331938641282,1)
[1118]: (537.2906260202425,1)
[1119]: (537.2721899895881,1)
[1120]: (537.7011610430372,1)
[1121]: (537.0590443264804,1)
[1122]: (537.1322755182795,1)
[1123]: (537.0965282371621,1)
[1124]: (537.0570219018022,1)
[1125]: (537.1012598893602,1)
[1126]: (537.80083457792,1)
[1127]: (537.1383564186916,1)
[1128]: (537.0282611963893,1)
[1129]: (537.6833654777594,1)
[1130]: (537.0653770691213,1)
[1131]: (537.2083831254065,1)
[1132]: (537.4439945078495,1)
[1133]: (537.1299131979766,1)
[1134]: (537.3425970018999,1)
[1135]: (537.2497920740374,1)
[1136]: (537.1649236384659,1)
[1137]: (537.9407710749718,1)
[1138]: (537.5871084619343,1)
[1139]: (537.130715577533,1)
[1140]: (537.179677872944,1)
[1141]: (537.2340349782208,1)
[1142]: (537.7833783782224,1)
[1143]: (537.4799752850349,1)
[1144]: (537.6739717674017,1)
[1145]: (537.2011387031923,1)
[1146]: (537.1027086817276,1)
[1147]: (537.0110012402313,1)
[1148]: (537.2175374032629,1)
[1149]: (537.1095433672733,1)
[1150]: (538.0848170426814,1)
[1151]: (537.2586794307992,1)
[1152]: (537.4940816777209,1)
[1153]: (537.1251342097266,1)
[1154]: (537.1980676925158,1)
[1155]: (537.0047297193771,1)
[1156]: (537.4902420688338,1)
[1157]: (537.7322897089283,1)
[1158]: (537.049489918449,1)
[1159]: (537.0391298600846,1)
[1160]: (537.2776146066032,1)
[1161]: (537.3367559249463,1)
[1162]: (537.3872102567642,1)
[1163]: (537.6130806678871,1)
[1164]: (537.1329857479957,1)
[1165]: (537.0772429488178,1)
[1166]: (537.0138428474825,1)
[1167]: (537.2547368794509,1)
[1168]: (537.0010026674208,1)
[1169]: (537.132938074291,1)
[1170]: (537.1796963334345,1)
[1171]: (537.2098028595833,1)
[1172]: (537.6421320007632,1)
[1173]: (537.0039376530231,1)
[1174]: (537.0307136777844,1)
[1175]: (537.2118915206077,1)
[1176]: (537.018730339129,1)
[1177]: (537.3487929882056,1)
[1178]: (538.2110196255846,1)
[1179]: (537.2127254192832,1)
[1180]: (537.5153547293088,1)
[1181]: (537.6132185602912,1)
[1182]: (537.2663695642366,1)
[1183]: (537.9588737771207,1)
[1184]: (538.0353717437971,1)
[1185]: (537.06968938872,1)
[1186]: (538.2191095656135,1)
[1187]: (537.0051415686446,1)
[1188]: (538.5357442769483,1)
[1189]: (537.2279265182675,1)
[1190]: (537.4139650670787,1)
[1191]: (539.1787226842143,1)
[1192]: (537.1414566801802,1)
[1193]: (537.3519102383426,1)
[1194]: (537.1731434463658,1)
[1195]: (538.5469050389373,1)
[1196]: (537.0227644142062,1)
[1197]: (537.2282110643411,1)
[1198]: (538.1294456157025,1)
[1199]: (537.2272527954683,1)
[1200]: (537.2735185453191,1)
[1201]: (538.089140688335,1)
[1202]: (537.1003988697512,1)
[1203]: (537.2372328317366,1)
[1204]: (537.0756317638248,1)
[1205]: (537.7852706180302,1)
[1206]: (537.0382702032476,1)
[1207]: (537.0805730337574,1)
[1208]: (537.7646003807093,1)
[1209]: (537.4831247096697,1)
[1210]: (537.4137844819654,1)
[1211]: (537.0699219474096,1)
[1212]: (537.4218850318857,1)
[1213]: (537.0221940525677,1)
[1214]: (538.4051554655151,1)
[1215]: (537.5191505137311,1)
[1216]: (537.0053373855997,1)
[1217]: (537.5350718014544,1)
[1218]: (537.0359126815013,1)
[1219]: (538.1703194877704,1)
[1220]: (537.198568845283,1)
[1221]: (537.4672605691545,1)
[1222]: (537.3031572197866,1)
[1223]: (537.0079659316362,1)
[1224]: (537.2319964463704,1)
[1225]: (537.7455414914514,1)
[1226]: (537.3089590696487,1)
[1227]: (537.2630394303163,1)
[1228]: (537.085198043839,1)
[1229]: (537.8465420702385,1)
[1230]: (537.3463957578894,1)
[1231]: (537.7475749536675,1)
[1232]: (537.0707657874303,1)
[1233]: (537.6914560296071,1)
[1234]: (537.3736572352715,1)
[1235]: (537.9262506446207,1)
[1236]: (537.0281891106687,1)
[1237]: (537.1460552549869,1)
[1238]: (537.2492471754957,1)
[1239]: (537.0430964954713,1)
[1240]: (537.0659810169367,1)
[1241]: (537.8193451314206,1)
[1242]: (537.0552393967497,1)
[1243]: (537.0694532116264,1)
[1244]: (537.0995117751828,1)
[1245]: (537.782001522054,1)
[1246]: (538.1175615702157,1)
[1247]: (537.0763655347587,1)
[1248]: (537.1663027592375,1)
[1249]: (537.0278742771031,1)
[1250]: (537.1616816450861,1)
[1251]: (537.4585417285248,1)
[1252]: (537.2185357780145,1)
[1253]: (537.8038176079002,1)
[1254]: (537.1189688232265,1)
[1255]: (537.4611465086375,1)
[1256]: (537.0176552962511,1)
[1257]: (537.8687048228138,1)
[1258]: (537.5359948018963,1)
[1259]: (537.0475604499682,1)
[1260]: (537.0493653038875,1)
[1261]: (537.8533317764742,1)
[1262]: (537.0428517474588,1)
[1263]: (537.418161048266,1)
[1264]: (537.1806619707451,1)
[1265]: (537.1937046573527,1)
[1266]: (537.3271055331651,1)
[1267]: (537.501895669561,1)
[1268]: (537.3450618027193,1)
[1269]: (537.7041804300275,1)
[1270]: (537.8472582948219,1)
[1271]: (537.0766842991542,1)
[1272]: (537.2676785968599,1)
[1273]: (538.0087232517214,1)
[1274]: (537.4442970410142,1)
[1275]: (537.0995278203936,1)
[1276]: (537.1540570750421,1)
[1277]: (537.3657523206094,1)
[1278]: (537.8977767632717,1)
[1279]: (537.3729958815064,1)
[1280]: (537.4914052529376,1)
[1281]: (537.3171449619524,1)
[1282]: (537.0754375296724,1)
[1283]: (537.3562138636726,1)
[1284]: (537.0671044331775,1)
[1285]: (537.0070244671022,1)
[1286]: (537.0663453931786,1)
[1287]: (537.0595935060662,1)
[1288]: (538.2260952931177,1)
[1289]: (537.0390174204152,1)
[1290]: (537.1827468654242,1)
[1291]: (538.3066800337468,1)
[1292]: (537.4107008453312,1)
[1293]: (537.0578384610843,1)
[1294]: (537.3340108843623,1)
[1295]: (537.3948866753597,1)
[1296]: (537.0161841975357,1)
[1297]: (537.2885439191828,1)
[1298]: (537.0648129793287,1)
[1299]: (537.1949002084663,1)
[1300]: (537.7132508447525,1)
[1301]: (537.10539484736,1)
[1302]: (538.0715269218127,1)
[1303]: (537.1347312102491,1)
[1304]: (537.2551262372551,1)
[1305]: (537.2808406418965,1)
[1306]: (537.8483651256095,1)
[1307]: (537.7417379170613,1)
[1308]: (537.1242182813994,1)
[1309]: (537.7014124724686,1)
[1310]: (537.2911504599375,1)
[1311]: (537.0045090765896,1)
[1312]: (537.0338982823617,1)
[1313]: (537.1702629811016,1)
[1314]: (537.1182854903512,1)
[1315]: (537.3485933467275,1)
[1316]: (537.1321415926968,1)
[1317]: (537.0448729236638,1)
[1318]: (537.1879118449411,1)
[1319]: (537.3660850352337,1)
[1320]: (537.3356954323201,1)
[1321]: (537.2303574722399,1)
[1322]: (537.0017061287365,1)
[1323]: (537.0255977480833,1)
[1324]: (537.8133744445283,1)
[1325]: (537.2052225137044,1)
[1326]: (537.1409061364674,1)
[1327]: (537.0352387553575,1)
[1328]: (537.5586777810043,1)
[1329]: (537.5450286390053,1)
[1330]: (537.1441053031933,1)
[1331]: (537.1957297366368,1)
[1332]: (537.1196197590089,1)
[1333]: (537.0152278349377,1)
[1334]: (537.0957365354311,1)
[1335]: (537.512173224976,1)
[1336]: (537.4167908010329,1)
[1337]: (537.0674565845194,1)
[1338]: (537.2373114726993,1)
[1339]: (537.1845832947319,1)
[1340]: (537.1491461716656,1)
[1341]: (537.3136582024788,1)
[1342]: (537.310995788403,1)
[1343]: (537.0751373548659,1)
[1344]: (537.6046590150138,1)
[1345]: (537.6486874587374,1)
[1346]: (537.0382093841473,1)
[1347]: (537.0902558060674,1)
[1348]: (537.2147788328346,1)
[1349]: (537.063331959624,1)
[1350]: (537.823320997733,1)
[1351]: (537.4677354604713,1)
[1352]: (537.1435986546541,1)
[1353]: (537.359647806007,1)
[1354]: (537.177378780027,1)
[1355]: (537.2072618755019,1)
[1356]: (537.2232412349505,1)
[1357]: (537.1439996563388,1)
[1358]: (538.010346998515,1)
[1359]: (537.0496532324379,1)
[1360]: (537.199026419876,1)
[1361]: (537.0320669470677,1)
[1362]: (537.9189072149629,1)
[1363]: (537.2696926106179,1)
[1364]: (537.2296613886529,1)
[1365]: (537.0657800235256,1)
[1366]: (537.084373892335,1)
[1367]: (537.2357602675601,1)
[1368]: (537.0412939363587,1)
[1369]: (537.1675161330418,1)
[1370]: (537.0070172250562,1)
[1371]: (537.0216168193122,1)
[1372]: (537.1699530251103,1)
[1373]: (537.0493507510669,1)
[1374]: (537.3281414820935,1)
[1375]: (537.0117254352817,1)
[1376]: (537.3220255566015,1)
[1377]: (537.1204310611397,1)
[1378]: (537.2157794238591,1)
[1379]: (537.033796908593,1)
[1380]: (537.1144962951179,1)
[1381]: (537.0400973452137,1)
[1382]: (537.0164915812151,1)
[1383]: (537.6781879189996,1)
[1384]: (537.4883446243811,1)
[1385]: (537.496819732114,1)
[1386]: (537.2922562264494,1)
[1387]: (537.0922116742063,1)
[1388]: (537.5019702303726,1)
[1389]: (537.7333449283964,1)
[1390]: (537.1845150559818,1)
[1391]: (537.2161837608078,1)
[1392]: (537.2133659644257,1)
[1393]: (537.1054992451328,1)
[1394]: (537.2371866813517,1)
[1395]: (537.1666507161757,1)
[1396]: (537.9497566484946,1)
[1397]: (537.6390980924234,1)
[1398]: (537.2440474543763,1)
[1399]: (538.0618428742157,1)
[1400]: (537.1182393916707,1)
[1401]: (537.1988460289148,1)
[1402]: (537.3114722658659,1)
[1403]: (537.6485013294919,1)
[1404]: (537.1487720859142,1)
[1405]: (537.1842454303842,1)
[1406]: (537.3861978313028,1)
[1407]: (537.0715834250543,1)
[1408]: (537.5457279081625,1)
[1409]: (537.0262043192247,1)
[1410]: (537.9853159483459,1)
[1411]: (537.0448939733629,1)
[1412]: (537.0608939908188,1)
[1413]: (537.2441561771165,1)
[1414]: (538.449459730173,1)
[1415]: (537.1199300666595,1)
[1416]: (537.4305584439292,1)
[1417]: (537.4398778348863,1)
[1418]: (537.2734235672516,1)
[1419]: (537.2102910297614,1)
[1420]: (538.2242763458642,1)
[1421]: (537.3463671107544,1)
[1422]: (537.5352714336311,1)
[1423]: (537.274343203665,1)
[1424]: (537.0359601248965,1)
[1425]: (537.0202689693897,1)
[1426]: (537.2132131629904,1)
[1427]: (537.1901104456803,1)
[1428]: (537.4391452209793,1)
[1429]: (537.1590014382761,1)
[1430]: (537.429283991645,1)
[1431]: (537.3799771031454,1)
[1432]: (537.4211604793368,1)
[1433]: (537.0039295432261,1)
[1434]: (537.9622785349335,1)
[1435]: (537.3275096322409,1)
[1436]: (537.955386341883,1)
[1437]: (537.3788234113301,1)
[1438]: (537.701898646524,1)
[1439]: (537.3155549393716,1)
[1440]: (537.0382894004902,1)
[1441]: (537.2378684106446,1)
[1442]: (537.012984269819,1)
[1443]: (537.9122242537695,1)
[1444]: (537.495000079446,1)
[1445]: (537.9284291669309,1)
[1446]: (537.7992877549442,1)
[1447]: (537.1214923534411,1)
[1448]: (537.1846617575334,1)
[1449]: (537.0198733550882,1)
[1450]: (537.0003230880258,1)
[1451]: (537.2423106176242,1)
[1452]: (537.595847433636,1)
[1453]: (537.0350394693155,1)
[1454]: (538.6012589773193,1)
[1455]: (537.3501275262678,1)
[1456]: (537.4796754226918,1)
[1457]: (538.0822645933581,1)
[1458]: (537.0342408762218,1)
[1459]: (537.059623182275,1)
[1460]: (537.3681525169401,1)
[1461]: (537.7739667803594,1)
[1462]: (537.497305784512,1)
[1463]: (537.3476667397053,1)
[1464]: (537.6898486691808,1)
[1465]: (537.6705144837713,1)
[1466]: (538.379041249916,1)
[1467]: (537.1346637778031,1)
[1468]: (537.3125152248213,1)
[1469]: (537.3990561577613,1)
[1470]: (537.0377217096099,1)
[1471]: (537.3195493619836,1)
[1472]: (537.0367295426071,1)
[1473]: (537.0509464034767,1)
[1474]: (537.9365644226211,1)
[1475]: (537.6111164132623,1)
[1476]: (537.0938572172387,1)
[1477]: (537.1156902862266,1)
[1478]: (537.4376519806484,1)
[1479]: (537.0400139271603,1)
[1480]: (537.0661139826614,1)
[1481]: (537.2951765688083,1)
[1482]: (537.5049434650875,1)
[1483]: (537.0408462967142,1)
[1484]: (537.1299186853161,1)
[1485]: (537.0020057974135,1)
[1486]: (537.0548228329561,1)
[1487]: (537.0070723645154,1)
[1488]: (537.4370998560051,1)
[1489]: (537.0140236054327,1)
[1490]: (537.2151943244871,1)
[1491]: (537.1701407195383,1)
[1492]: (537.6105948075477,1)
[1493]: (537.1362402993825,1)
[1494]: (537.9549795472432,1)
[1495]: (537.1719145287709,1)
[1496]: (537.077846435253,1)
[1497]: (537.1282028494506,1)
[1498]: (537.0343657014471,1)
[1499]: (537.1463013109482,1)
[1500]: (537.107393284879,1)
[1501]: (537.0478484544642,1)
[1502]: (537.2042335194377,1)
[1503]: (537.1253640663926,1)
[1504]: (537.2183672442251,1)
[1505]: (537.2966545561019,1)
[1506]: (537.0979193661576,1)
[1507]: (537.0910033684314,1)
[1508]: (537.4336733727242,1)
[1509]: (538.0125966806187,1)
[1510]: (537.0327214193298,1)
[1511]: (537.0705279020575,1)
[1512]: (537.3771264737913,1)
[1513]: (537.2782256480499,1)
[1514]: (537.015925701315,1)
[1515]: (537.5146008608106,1)
[1516]: (537.0360682272111,1)
[1517]: (537.0399644995323,1)
[1518]: (537.0204948318789,1)
[1519]: (537.0530748352243,1)
[1520]: (537.0159428245491,1)
[1521]: (537.9726198302944,1)
[1522]: (537.0445075008345,1)
[1523]: (537.1647213366688,1)
[1524]: (537.2354515482072,1)
[1525]: (537.2590244893579,1)
[1526]: (537.5732791316386,1)
[1527]: (537.0772430186812,1)
[1528]: (537.5453242572111,1)
[1529]: (537.0005966753946,1)
[1530]: (537.1401473206649,1)
[1531]: (537.8985651349639,1)
[1532]: (537.624662923489,1)
[1533]: (537.0136091945956,1)
[1534]: (537.1110001392357,1)
[1535]: (537.6003784967628,1)
[1536]: (537.358152921653,1)
[1537]: (537.1851367952308,1)
[1538]: (537.2963932002368,1)
[1539]: (537.0976612165313,1)
[1540]: (537.1104039607156,1)
[1541]: (537.1031437177711,1)
[1542]: (537.2405944316361,1)
[1543]: (537.6553439534185,1)
[1544]: (537.2025536393888,1)
[1545]: (537.1282726607106,1)
[1546]: (537.0025207972906,1)
[1547]: (537.1082671188867,1)
[1548]: (537.0084396232688,1)
[1549]: (537.2201210255283,1)
[1550]: (537.0323535382934,1)
[1551]: (537.0834077999726,1)
[1552]: (537.5470299742921,1)
[1553]: (537.0137706444137,1)
[1554]: (537.1335355629435,1)
[1555]: (537.203085303988,1)
[1556]: (537.3232457798391,1)
[1557]: (537.3079676378348,1)
[1558]: (537.7665353720871,1)
[1559]: (537.0286661616653,1)
[1560]: (537.0529737762421,1)
[1561]: (537.2590940220464,1)
[1562]: (537.4200112635,1)
[1563]: (538.3404490316422,1)
[1564]: (537.7003444313752,1)
[1565]: (537.3135438751314,1)
[1566]: (537.0037251368265,1)
[1567]: (537.0037697264551,1)
[1568]: (537.5550821286186,1)
[1569]: (537.2760718494269,1)
[1570]: (537.1413846832298,1)
[1571]: (537.0045015656112,1)
[1572]: (537.1341204971551,1)
[1573]: (537.0720488502268,1)
[1574]: (537.343486028966,1)
[1575]: (537.0259424921517,1)
[1576]: (537.2565927431752,1)
[1577]: (537.1280296949157,1)
[1578]: (537.0516652119239,1)
[1579]: (537.3819251079254,1)
[1580]: (537.3840836244761,1)
[1581]: (537.0051241757834,1)
[1582]: (537.1952410760085,1)
[1583]: (537.2184790752344,1)
[1584]: (537.0316910063527,1)
[1585]: (537.0124156629774,1)
[1586]: (537.0735453873359,1)
[1587]: (537.457349552911,1)
[1588]: (537.6070033989338,1)
[1589]: (537.0911055715535,1)
[1590]: (537.1341057932786,1)
[1591]: (537.2054297995921,1)
[1592]: (537.6152785570683,1)
[1593]: (537.0824755409706,1)
[1594]: (537.2745876684302,1)
[1595]: (537.6010670672432,1)
[1596]: (537.2428437142777,1)
[1597]: (537.0580777766253,1)
[1598]: (537.3234693226239,1)
[1599]: (537.0998391327071,1)
[1600]: (537.0504642103209,1)
[1601]: (537.0570311376586,1)
[1602]: (537.65507869225,1)
[1603]: (537.0838198082364,1)
[1604]: (537.1815674198234,1)
[1605]: (537.8927740512203,1)
[1606]: (537.1194928897875,1)
[1607]: (537.1030812052406,1)
[1608]: (537.1797354191177,1)
[1609]: (537.1144072717415,1)
[1610]: (539.1429648264309,1)
[1611]: (537.2725651556012,1)
[1612]: (537.5126006694716,1)
[1613]: (537.1153574663218,1)
[1614]: (537.0886208829967,1)
[1615]: (537.4633215230707,1)
[1616]: (537.0612469258384,1)
[1617]: (537.0678258647422,1)
[1618]: (537.4937705229651,1)
[1619]: (537.2717155453823,1)
[1620]: (537.5644551310271,1)
[1621]: (537.1099610730813,1)
[1622]: (537.0562689431647,1)
[1623]: (537.2896304933046,1)
[1624]: (537.2641261714838,1)
[1625]: (537.7502124400061,1)
[1626]: (537.5377003937873,1)
[1627]: (537.1153519349392,1)
[1628]: (537.0429110299673,1)
[1629]: (537.3122249457604,1)
[1630]: (538.4969190375334,1)
[1631]: (537.0701347275157,1)
[1632]: (537.0605155045608,1)
[1633]: (537.1641285954603,1)
[1634]: (537.4975119352179,1)
[1635]: (537.0022507049721,1)
[1636]: (537.0423110689422,1)
[1637]: (537.1753802070308,1)
[1638]: (537.7973790413422,1)
[1639]: (537.0286716946235,1)
[1640]: (537.1040232361674,1)
[1641]: (537.0039309075574,1)
[1642]: (537.0669271085541,1)
[1643]: (537.0465184468299,1)
[1644]: (537.6418616198489,1)
[1645]: (537.002617134385,1)
[1646]: (538.8493949067064,1)
[1647]: (537.1846978286895,1)
[1648]: (537.2351793403873,1)
[1649]: (537.1570417296263,1)
[1650]: (537.0195904558451,1)
[1651]: (537.0592261772412,1)
[1652]: (537.2345459110685,1)
[1653]: (537.5936975778901,1)
[1654]: (537.725328702856,1)
[1655]: (537.7103695395602,1)
[1656]: (537.3546348976163,1)
[1657]: (537.0634197252456,1)
[1658]: (537.3206049236085,1)
[1659]: (537.0300377731955,1)
[1660]: (537.3255938065471,1)
[1661]: (537.3560194301959,1)
[1662]: (537.0357918636141,1)
[1663]: (537.0836476037133,1)
[1664]: (538.7727778862024,1)
[1665]: (537.2319100369609,1)
[1666]: (537.5756505290448,1)
[1667]: (537.0113080094303,1)
[1668]: (537.3044743004674,1)
[1669]: (537.1266113459443,1)
[1670]: (537.1766329851395,1)
[1671]: (537.4443358183196,1)
[1672]: (537.1161127916831,1)
[1673]: (537.0214318248937,1)
[1674]: (537.1333640744112,1)
[1675]: (537.8164192769385,1)
[1676]: (537.4281868164878,1)
[1677]: (537.3122867599819,1)
[1678]: (537.2126341011325,1)
[1679]: (537.1317947312773,1)
[1680]: (537.2241404871403,1)
[1681]: (537.1419455326205,1)
[1682]: (537.2090326032434,1)
[1683]: (537.0908620703423,1)
[1684]: (537.251881290436,1)
[1685]: (537.2199547103768,1)
[1686]: (538.1299120147575,1)
[1687]: (537.5256779336527,1)
[1688]: (537.3491413258644,1)
[1689]: (537.037209250773,1)
[1690]: (537.3698921994185,1)
[1691]: (537.7080204451056,1)
[1692]: (537.6264246596728,1)
[1693]: (537.2168678384922,1)
[1694]: (537.1103178128537,1)
[1695]: (537.1078215636555,1)
[1696]: (537.0793185290344,1)
[1697]: (537.1333321657024,1)
[1698]: (537.0521129461392,1)
[1699]: (537.3116710019957,1)
[1700]: (537.118275647889,1)
[1701]: (538.3670421468372,1)
[1702]: (537.0830813839374,1)
[1703]: (537.1584505562794,1)
[1704]: (537.1319227087364,1)
[1705]: (537.0750708284963,1)
[1706]: (537.5354978392975,1)
[1707]: (537.7843842032989,1)
[1708]: (537.1682016763901,1)
[1709]: (537.3097634180207,1)
[1710]: (537.4682876207972,1)
[1711]: (538.0370022077317,1)
[1712]: (537.4949959090225,1)
[1713]: (537.4431064091564,1)
[1714]: (537.7201931951723,1)
[1715]: (537.4467763222959,1)
[1716]: (537.5652352672919,1)
[1717]: (537.5076430270508,1)
[1718]: (537.3635679312234,1)
[1719]: (537.1268725651128,1)
[1720]: (537.6553993131103,1)
[1721]: (537.5059610373027,1)
[1722]: (537.9544428746514,1)
[1723]: (537.0124863569033,1)
[1724]: (537.1106092344046,1)
[1725]: (537.3298497957969,1)
[1726]: (537.2154209877008,1)
[1727]: (538.1619894063012,1)
[1728]: (537.4856901197335,1)
[1729]: (537.0246108599863,1)
[1730]: (537.2321334631008,1)
[1731]: (537.7078743084737,1)
[1732]: (537.4315118289245,1)
[1733]: (537.887503859658,1)
[1734]: (537.2405874621536,1)
[1735]: (537.2580439854353,1)
[1736]: (537.834328561187,1)
[1737]: (537.0061587937723,1)
[1738]: (537.1285078306154,1)
[1739]: (537.1285641885046,1)
[1740]: (537.2499198580531,1)
[1741]: (537.2804431287368,1)
[1742]: (537.1354144125405,1)
[1743]: (537.0868812390131,1)
[1744]: (537.3747423142892,1)
[1745]: (537.151811031457,1)
[1746]: (537.2480500865014,1)
[1747]: (537.1651983917513,1)
[1748]: (537.0564390584751,1)
[1749]: (537.3430626813004,1)
[1750]: (537.2081438199765,1)
[1751]: (537.2094366672461,1)
[1752]: (537.181846129619,1)
[1753]: (537.1858666892662,1)
[1754]: (537.3123720367533,1)
[1755]: (537.7607777498016,1)
[1756]: (537.7255479384097,1)
[1757]: (537.127638248662,1)
[1758]: (537.2125825270226,1)
[1759]: (537.3089904719134,1)
[1760]: (538.0275618698237,1)
[1761]: (537.7502306728574,1)
[1762]: (537.043746367617,1)
[1763]: (537.5710064288048,1)
[1764]: (537.0606568586192,1)
[1765]: (537.3924659423558,1)
[1766]: (537.1048682919144,1)
[1767]: (537.6086893925462,1)
[1768]: (537.6945038254851,1)
[1769]: (537.6347939953998,1)
[1770]: (537.0433019356682,1)
[1771]: (537.0963963611529,1)
[1772]: (537.9343109381579,1)
[1773]: (537.2406840173785,1)
[1774]: (537.5707150130462,1)
[1775]: (537.6954121641362,1)
[1776]: (537.0059758062375,1)
[1777]: (537.2931298902168,1)
[1778]: (537.831285319832,1)
[1779]: (537.1368170029896,1)
[1780]: (537.2157784985268,1)
[1781]: (537.4065204824984,1)
[1782]: (537.6977745574777,1)
[1783]: (537.8531234228051,1)
[1784]: (537.5586230382737,1)
[1785]: (537.1222604265187,1)
[1786]: (537.2096562052985,1)
[1787]: (537.4411207403296,1)
[1788]: (537.0049615403357,1)
[1789]: (537.1157561885227,1)
[1790]: (537.5218194323343,1)
[1791]: (537.2531175654939,1)
[1792]: (537.1467742141217,1)
[1793]: (537.036018245151,1)
[1794]: (537.4247609012675,1)
[1795]: (537.2498413032513,1)
[1796]: (537.1684325540451,1)
[1797]: (537.1876600057395,1)
[1798]: (537.1585386679919,1)
[1799]: (537.14020996948,1)
[1800]: (537.3073461210328,1)
[1801]: (537.0819167445418,1)
[1802]: (537.2530834461796,1)
[1803]: (537.109035778611,1)
[1804]: (537.6309473675396,1)
[1805]: (537.0363626192523,1)
[1806]: (537.5756924758304,1)
[1807]: (537.0348331044138,1)
[1808]: (537.0541141764472,1)
[1809]: (537.1352737689778,1)
[1810]: (537.0446364287424,1)
[1811]: (537.1051556031687,1)
[1812]: (537.0724933202323,1)
[1813]: (537.418626461144,1)
[1814]: (537.3804384272335,1)
[1815]: (537.2565353062399,1)
[1816]: (537.4538760626144,1)
[1817]: (537.1363501848681,1)
[1818]: (537.4066195678423,1)
[1819]: (537.4046763088081,1)
[1820]: (537.481705492155,1)
[1821]: (537.1053374003278,1)
[1822]: (537.536719814745,1)
[1823]: (537.1830835852763,1)
[1824]: (537.2037383919075,1)
[1825]: (537.4960522114809,1)
[1826]: (537.113027711731,1)
[1827]: (537.0204489105382,1)
[1828]: (537.555705298731,1)
[1829]: (537.0869335434085,1)
[1830]: (537.0783053596815,1)
[1831]: (537.4022275128077,1)
[1832]: (537.0519540255681,1)
[1833]: (537.0596207297987,1)
[1834]: (537.1221148862804,1)
[1835]: (537.6376112666522,1)
[1836]: (537.0460988455191,1)
[1837]: (537.4734109093657,1)
[1838]: (537.3274593723188,1)
[1839]: (537.0694860568514,1)
[1840]: (537.3969391061288,1)
[1841]: (537.4654553493502,1)
[1842]: (537.4492387759983,1)
[1843]: (537.0070900504247,1)
[1844]: (537.1409976211538,1)
[1845]: (537.1129824758651,1)
[1846]: (537.7668409871385,1)
[1847]: (537.0596531025625,1)
[1848]: (537.0380374304419,1)
[1849]: (537.0283109932165,1)
[1850]: (537.2231430009961,1)
[1851]: (537.6491511129957,1)
[1852]: (537.1764286580986,1)
[1853]: (537.3990631864058,1)
[1854]: (537.0708184265583,1)
[1855]: (537.196106872733,1)
[1856]: (537.0832001426987,1)
[1857]: (537.0899881979777,1)
[1858]: (537.0857784164635,1)
[1859]: (537.3188498560546,1)
[1860]: (538.369163601272,1)
[1861]: (537.333708579039,1)
[1862]: (537.2033189297211,1)
[1863]: (537.2963068684929,1)
[1864]: (537.2203531332692,1)
[1865]: (537.1470327942391,1)
[1866]: (537.5355206112059,1)
[1867]: (537.5999451682704,1)
[1868]: (537.346784865604,1)
[1869]: (537.2281310433083,1)
[1870]: (537.7262885372937,1)
[1871]: (537.6667994965874,1)
[1872]: (537.1036818173429,1)
[1873]: (537.0151173766685,1)
[1874]: (537.1055554375249,1)
[1875]: (537.135197452462,1)
[1876]: (537.40467254674,1)
[1877]: (537.2764887544741,1)
[1878]: (537.1946595267206,1)
[1879]: (537.1593353229878,1)
[1880]: (537.1291074062779,1)
[1881]: (537.4168578966465,1)
[1882]: (537.0164631815743,1)
[1883]: (537.7418820338617,1)
[1884]: (537.031861124797,1)
[1885]: (537.8736299250032,1)
[1886]: (537.2706515669051,1)
[1887]: (537.1581617189011,1)
[1888]: (537.6297754385524,1)
[1889]: (537.4439715464933,1)
[1890]: (537.1405211759919,1)
[1891]: (537.2694556819646,1)
[1892]: (537.1146688637207,1)
[1893]: (538.549237680844,1)
[1894]: (537.4210998756495,1)
[1895]: (537.4988951845561,1)
[1896]: (537.3951396705486,1)
[1897]: (537.2225710243484,1)
[1898]: (537.5365072558739,1)
[1899]: (537.5031539848253,1)
[1900]: (538.4238711717724,1)
[1901]: (537.2958606275283,1)
[1902]: (537.4519358607306,1)
[1903]: (537.086309958138,1)
[1904]: (537.1152245168082,1)
[1905]: (537.4609520790145,1)
[1906]: (537.5918615626929,1)
[1907]: (537.0532090694372,1)
[1908]: (537.016943172915,1)
[1909]: (537.2521953799017,1)
[1910]: (537.0643297471983,1)
[1911]: (537.3950314393084,1)
[1912]: (537.0482017105169,1)
[1913]: (537.0222446047305,1)
[1914]: (537.3010543129029,1)
[1915]: (537.460547039535,1)
[1916]: (537.6161841548786,1)
[1917]: (537.0726449722969,1)
[1918]: (537.2129886873145,1)
[1919]: (537.1358403853715,1)
[1920]: (537.0595788704496,1)
[1921]: (537.1941813836424,1)
[1922]: (537.1719226728686,1)
[1923]: (537.4148024177482,1)
[1924]: (537.0850215341203,1)
[1925]: (537.0645949705621,1)
[1926]: (537.7798653984433,1)
[1927]: (537.1639407678244,1)
[1928]: (537.0119576395049,1)
[1929]: (537.0607186055433,1)
[1930]: (537.5415277508455,1)
[1931]: (537.1525395934988,1)
[1932]: (537.1267917578716,1)
[1933]: (537.0258688067258,1)
[1934]: (537.1638498657186,1)
[1935]: (538.5742747445012,1)
[1936]: (537.4689774310583,1)
[1937]: (537.7304089677544,1)
[1938]: (537.7284033721968,1)
[1939]: (537.0947683168989,1)
[1940]: (537.0213658114773,1)
[1941]: (537.1672968916627,1)
[1942]: (537.1887479118662,1)
[1943]: (537.1477701627902,1)
[1944]: (537.1515945842848,1)
[1945]: (537.4365870364338,1)
[1946]: (537.2882469316349,1)
[1947]: (537.072746526189,1)
[1948]: (537.3360841690059,1)
[1949]: (537.1506531993106,1)
[1950]: (537.134801735767,1)
[1951]: (537.8420214563362,1)
[1952]: (537.1345128402983,1)
[1953]: (537.3939094449697,1)
[1954]: (537.4088289439776,1)
[1955]: (537.1677230818543,1)
[1956]: (537.7826011617587,1)
[1957]: (537.3406496110493,1)
[1958]: (537.3551706031707,1)
[1959]: (537.8260642521151,1)
[1960]: (537.0969261087151,1)
[1961]: (537.1433475948418,1)
[1962]: (537.1329560336731,1)
[1963]: (537.336118427444,1)
[1964]: (537.5918449718706,1)
[1965]: (537.081225216762,1)
[1966]: (537.0202460564999,1)
[1967]: (537.1010236755435,1)
[1968]: (537.7269319929757,1)
[1969]: (537.0481054439668,1)
[1970]: (537.4974494034003,1)
[1971]: (537.2918859679917,1)
[1972]: (538.0238219368335,1)
[1973]: (537.0954748933912,1)
[1974]: (537.3128884248825,1)
[1975]: (537.1097864049791,1)
[1976]: (537.0791673128148,1)
[1977]: (537.687047117727,1)
[1978]: (537.1020471138813,1)
[1979]: (537.7579426017176,1)
[1980]: (537.179012371514,1)
[1981]: (537.3756997857552,1)
[1982]: (537.6879101505669,1)
[1983]: (537.4704957082453,1)
[1984]: (537.3224292759389,1)
[1985]: (537.1614875520783,1)
[1986]: (537.0848831698127,1)
[1987]: (537.1472413318069,1)
[1988]: (537.156463624641,1)
[1989]: (537.6436279437078,1)
[1990]: (537.132985791288,1)
[1991]: (537.1655418556679,1)
[1992]: (537.3307887639078,1)
[1993]: (537.5907894589957,1)
[1994]: (537.2438808844198,1)
[1995]: (537.7004025255455,1)
[1996]: (538.0718418192041,1)
[1997]: (537.1126682285171,1)
[1998]: (537.103136451204,1)
[1999]: (537.405656177076,1)
 -- States explored : 0 states
 -- CPU user time used : 2560130 ms
 -- Virtual memory used : 114107432 KiB
 -- Resident memory used : 114069064 KiB
executionTime: 16780
