core file size          (blocks, -c) unlimited
data seg size           (kbytes, -d) unlimited
scheduling priority             (-e) 0
file size               (blocks, -f) unlimited
pending signals                 (-i) 4077086
max locked memory       (kbytes, -l) 64
max memory size         (kbytes, -m) 99614720
open files                      (-n) 4096
pipe size            (512 bytes, -p) 8
POSIX message queues     (bytes, -q) 819200
real-time priority              (-r) 0
stack size              (kbytes, -s) 8192
cpu time               (seconds, -t) unlimited
max user processes              (-u) 4077086
virtual memory          (kbytes, -v) 95000000
file locks                      (-x) unlimited
Options for the verification:
  Generating some trace
  Search order is random depth first
  Using conservative space optimisation
  Seed is 1556620535
  State space representation uses minimal constraint systems
  Using HashMap + Compress integers for discrete state storage

Verifying formula 1 at ../queries/SP_300_128_9.q:1
 -- Formula is satisfied.
(9000 runs)
Learning statistics for best strategy: 
	Number of resets: 0
	Number of iterations in last reset: 10
	Number of iterations in total: 10

 -- States explored : 0 states
 -- CPU user time used : 12408760 ms
 -- Virtual memory used : 44571216 KiB
 -- Resident memory used : 44532988 KiB

Verifying formula 2 at ../queries/SP_300_128_9.q:2
 -- Formula is satisfied.
Composer.Done:
[0]: (0,0) (880.0177526533365,1)
[1]: (880.2026590868585,1)
[2]: (880.0423830285363,1)
[3]: (880.3248477762016,1)
[4]: (880.2579505942666,1)
[5]: (880.3912797669896,1)
[6]: (880.1030688894259,1)
[7]: (880.0003061082666,1)
[8]: (880.0591754411739,1)
[9]: (880.3182026539076,1)
[10]: (880.1736417922749,1)
[11]: (880.5215100096066,1)
[12]: (880.0076041615173,1)
[13]: (880.2603262723831,1)
[14]: (880.4042733800295,1)
[15]: (880.7335493043142,1)
[16]: (880.5990646137303,1)
[17]: (880.3395466943846,1)
[18]: (880.4973415440435,1)
[19]: (880.0485230710262,1)
[20]: (880.4280315898795,1)
[21]: (880.1711387971723,1)
[22]: (880.4917726842043,1)
[23]: (880.3286677056244,1)
[24]: (880.2104026027113,1)
[25]: (880.0604523233077,1)
[26]: (880.4200318737782,1)
[27]: (880.6396199239811,1)
[28]: (880.2997962106233,1)
[29]: (880.1850804802378,1)
[30]: (880.2929113637203,1)
[31]: (880.1441775155007,1)
[32]: (880.2189725057801,1)
[33]: (880.1794277351385,1)
[34]: (880.0767449396415,1)
[35]: (880.0016261551289,1)
[36]: (880.2700582071594,1)
[37]: (880.0737999925312,1)
[38]: (880.0475320623265,1)
[39]: (880.7020253859695,1)
[40]: (880.1936216227159,1)
[41]: (880.0508406024341,1)
[42]: (880.1647188953389,1)
[43]: (880.2763815460003,1)
[44]: (880.9166711020106,1)
[45]: (880.8261717728761,1)
[46]: (880.0154460433064,1)
[47]: (880.0361048993821,1)
[48]: (880.5444668159261,1)
[49]: (880.0785505169216,1)
[50]: (880.2045122819242,1)
[51]: (880.1381017866634,1)
[52]: (880.3469341598891,1)
[53]: (880.0978906089608,1)
[54]: (880.1886137673455,1)
[55]: (881.1212515506644,1)
[56]: (880.073232209855,1)
[57]: (880.3966019489048,1)
[58]: (882.0845120908961,1)
[59]: (880.258826421884,1)
[60]: (880.1283590205668,1)
[61]: (880.062788021999,1)
[62]: (880.136354098496,1)
[63]: (880.0833395045651,1)
[64]: (880.298944785877,1)
[65]: (880.0009212069225,1)
[66]: (880.0798889957323,1)
[67]: (880.0199518692774,1)
[68]: (880.4650223170112,1)
[69]: (880.0397469608636,1)
[70]: (880.1482526993021,1)
[71]: (880.1981717582506,1)
[72]: (880.7057575964476,1)
[73]: (880.3473416600792,1)
[74]: (880.055442756509,1)
[75]: (880.5686155767008,1)
[76]: (880.4621674246898,1)
[77]: (881.3907442207355,1)
[78]: (880.0232119026804,1)
[79]: (880.1809908158756,1)
[80]: (880.0284502660486,1)
[81]: (880.5513613594152,1)
[82]: (880.1370969422159,1)
[83]: (880.9144704281566,1)
[84]: (881.1941540688011,1)
[85]: (880.1855682292463,1)
[86]: (880.6449519966661,1)
[87]: (880.0402975019291,1)
[88]: (880.2383207994258,1)
[89]: (880.0575397299388,1)
[90]: (881.0573864725678,1)
[91]: (880.050030953715,1)
[92]: (880.377487851517,1)
[93]: (880.3721397886497,1)
[94]: (880.1134996830281,1)
[95]: (880.3548720041715,1)
[96]: (880.3024802340464,1)
[97]: (880.3270407628626,1)
[98]: (880.0387847571875,1)
[99]: (880.6446973707365,1)
[100]: (881.0955546970412,1)
[101]: (880.7211747260437,1)
[102]: (880.0499607249101,1)
[103]: (880.0489314189698,1)
[104]: (880.4665872794923,1)
[105]: (880.6737058089706,1)
[106]: (880.0521951621865,1)
[107]: (880.2507889519253,1)
[108]: (880.0870718039,1)
[109]: (880.2468409934796,1)
[110]: (880.070879758815,1)
[111]: (880.2454328951012,1)
[112]: (880.8095046012579,1)
[113]: (880.4980260850638,1)
[114]: (880.008296692197,1)
[115]: (880.2570358875573,1)
[116]: (880.2148430098181,1)
[117]: (880.0815428472146,1)
[118]: (882.1086309055667,1)
[119]: (880.1927579114575,1)
[120]: (881.1481820029592,1)
[121]: (880.2449514537188,1)
[122]: (880.0681340522027,1)
[123]: (880.867010181468,1)
[124]: (880.2179656948277,1)
[125]: (880.1743262830464,1)
[126]: (880.069600115586,1)
[127]: (880.2314304856789,1)
[128]: (880.7011544914411,1)
[129]: (880.0299123550257,1)
[130]: (880.0140355202556,1)
[131]: (880.660842769177,1)
[132]: (880.214623447261,1)
[133]: (880.1585626351319,1)
[134]: (880.0051942165402,1)
[135]: (880.1104789203187,1)
[136]: (880.7386341612586,1)
[137]: (880.2933887857384,1)
[138]: (880.273596077997,1)
[139]: (880.0003790616644,1)
[140]: (880.1549187788718,1)
[141]: (880.0895459124075,1)
[142]: (880.1030691234964,1)
[143]: (880.4754661293814,1)
[144]: (880.0140155993877,1)
[145]: (880.2727237376541,1)
[146]: (880.1200440094166,1)
[147]: (880.0643855821459,1)
[148]: (880.0655486634104,1)
[149]: (880.0370034800604,1)
[150]: (880.2130095427782,1)
[151]: (880.0169488260044,1)
[152]: (882.4542244459902,1)
[153]: (880.4665689197692,1)
[154]: (880.3326065759647,1)
[155]: (880.1968787038854,1)
[156]: (880.2711073526622,1)
[157]: (880.0048675197856,1)
[158]: (880.0274773558644,1)
[159]: (880.0099549364185,1)
[160]: (880.0324478067321,1)
[161]: (880.3390142208341,1)
[162]: (881.2512310075804,1)
[163]: (880.3502947794765,1)
[164]: (880.7635921805582,1)
[165]: (880.0585057829219,1)
[166]: (880.2189225954733,1)
[167]: (880.0485324754547,1)
[168]: (880.2532135125932,1)
[169]: (880.0468892249695,1)
[170]: (880.5296443275466,1)
[171]: (880.1487479133717,1)
[172]: (880.2004295924166,1)
[173]: (880.084240763581,1)
[174]: (880.3580737319129,1)
[175]: (880.0999780379298,1)
[176]: (880.4235621688465,1)
[177]: (880.0089764670939,1)
[178]: (880.1581301377522,1)
[179]: (880.1037432027716,1)
[180]: (880.3261198349074,1)
[181]: (880.8076999437184,1)
[182]: (880.4927431399892,1)
[183]: (880.6866866081067,1)
[184]: (880.2055776750841,1)
[185]: (882.0294612801558,1)
[186]: (880.5295649294226,1)
[187]: (880.573327428099,1)
[188]: (880.0312911057885,1)
[189]: (880.2624316775805,1)
[190]: (880.2586409627438,1)
[191]: (880.3068326795859,1)
[192]: (880.3876972350087,1)
[193]: (880.0999035134176,1)
[194]: (880.2938074069021,1)
[195]: (880.0955952302501,1)
[196]: (880.0520098584681,1)
[197]: (880.4665076468531,1)
[198]: (880.2158388021699,1)
[199]: (880.1458728188042,1)
[200]: (880.2050954529549,1)
[201]: (880.1232528501457,1)
[202]: (881.2085753559462,1)
[203]: (880.0626268126618,1)
[204]: (880.7135620473017,1)
[205]: (880.2342646940415,1)
[206]: (880.17127614878,1)
[207]: (880.3905274979993,1)
[208]: (880.6029896296433,1)
[209]: (881.1538950252931,1)
[210]: (880.0659928697172,1)
[211]: (880.7952917254991,1)
[212]: (880.1750888109542,1)
[213]: (880.0928135563996,1)
[214]: (880.2400458367281,1)
[215]: (880.6354939284864,1)
[216]: (880.1619365845278,1)
[217]: (880.4039491769546,1)
[218]: (880.4027658864469,1)
[219]: (880.2602829724905,1)
[220]: (880.2907544720213,1)
[221]: (880.1830953647775,1)
[222]: (883.7512059217588,1)
[223]: (880.7037554227754,1)
[224]: (880.1098884474392,1)
[225]: (881.030493370796,1)
[226]: (880.0446384630487,1)
[227]: (880.0618303290704,1)
[228]: (880.0307489349198,1)
[229]: (880.3357853723301,1)
[230]: (880.0153148366892,1)
[231]: (880.0415148573129,1)
[232]: (881.261114908773,1)
[233]: (881.7601507902737,1)
[234]: (880.7429964608751,1)
[235]: (880.0135098733324,1)
[236]: (880.3700195242744,1)
[237]: (880.1130872404507,1)
[238]: (880.3602869277429,1)
[239]: (880.5540377602183,1)
[240]: (880.0104857899938,1)
[241]: (880.0082136444076,1)
[242]: (880.7649899157668,1)
[243]: (880.4275388156404,1)
[244]: (880.5995465694637,1)
[245]: (880.3602799306136,1)
[246]: (880.0403166470225,1)
[247]: (880.1928786454499,1)
[248]: (880.3469947089047,1)
[249]: (880.0791452188156,1)
[250]: (880.8982755837691,1)
[251]: (880.4172138681816,1)
[252]: (880.5775734199518,1)
[253]: (880.1308677867112,1)
[254]: (880.2150817683619,1)
[255]: (880.7623826511175,1)
[256]: (880.1549631163358,1)
[257]: (880.0057183713996,1)
[258]: (881.327592842535,1)
[259]: (880.9814459712699,1)
[260]: (880.2227263325061,1)
[261]: (880.6630852379594,1)
[262]: (880.1537981014121,1)
[263]: (881.0253928926002,1)
[264]: (880.3692067529639,1)
[265]: (880.4447659625752,1)
[266]: (880.2670611436826,1)
[267]: (880.0625884244359,1)
[268]: (880.4824793470131,1)
[269]: (880.1539626112976,1)
[270]: (880.4521939358477,1)
[271]: (880.054225070411,1)
[272]: (880.780685800091,1)
[273]: (880.0044593177994,1)
[274]: (880.0066682306407,1)
[275]: (880.1604374416555,1)
[276]: (880.0482816378977,1)
[277]: (880.8872529386016,1)
[278]: (880.0574995800301,1)
[279]: (880.0214041546049,1)
[280]: (880.8081138229268,1)
[281]: (880.0258380463965,1)
[282]: (881.2547274795379,1)
[283]: (880.0862238004859,1)
[284]: (880.0914861180021,1)
[285]: (880.2028342027489,1)
[286]: (880.5326406437064,1)
[287]: (880.3190577613539,1)
[288]: (880.5099354768587,1)
[289]: (880.4899736222056,1)
[290]: (881.0309901967593,1)
[291]: (880.3186632138493,1)
[292]: (880.6359026225076,1)
[293]: (880.8859526503721,1)
[294]: (880.8542660339539,1)
[295]: (880.3867281185906,1)
[296]: (880.0247768364586,1)
[297]: (880.4290129429957,1)
[298]: (880.6041442365347,1)
[299]: (880.2863342107036,1)
[300]: (880.0098850729222,1)
[301]: (880.325386517953,1)
[302]: (880.5547001941312,1)
[303]: (880.8416849758289,1)
[304]: (880.0909772416443,1)
[305]: (880.0424813375901,1)
[306]: (880.6060090217983,1)
[307]: (880.1816555967692,1)
[308]: (880.2909776181184,1)
[309]: (880.3691813016299,1)
[310]: (880.3727061456448,1)
[311]: (880.1907519404054,1)
[312]: (880.5356922113062,1)
[313]: (880.2915448115881,1)
[314]: (880.3373497407962,1)
[315]: (880.000712799506,1)
[316]: (880.2427842407695,1)
[317]: (880.9312808129365,1)
[318]: (880.0707737433189,1)
[319]: (880.608053745943,1)
[320]: (880.1406622281186,1)
[321]: (880.0953826819228,1)
[322]: (880.5080352635383,1)
[323]: (880.278959472536,1)
[324]: (880.3419860711851,1)
[325]: (880.2907176483969,1)
[326]: (880.4052470397208,1)
[327]: (880.1761285545732,1)
[328]: (880.1379409297734,1)
[329]: (880.2355111284822,1)
[330]: (880.7679726743285,1)
[331]: (880.5200854275856,1)
[332]: (880.24928769594,1)
[333]: (880.1474909491831,1)
[334]: (880.1973358857407,1)
[335]: (880.4264474750632,1)
[336]: (881.1238964906636,1)
[337]: (880.0984635242464,1)
[338]: (880.1873014414236,1)
[339]: (880.5417522136986,1)
[340]: (880.0159254298794,1)
[341]: (880.1914366611272,1)
[342]: (880.0250529179522,1)
[343]: (880.0472573247354,1)
[344]: (880.7705562798395,1)
[345]: (880.0101862110487,1)
[346]: (880.3161865900601,1)
[347]: (880.5981895995551,1)
[348]: (880.4829291927108,1)
[349]: (881.1218454113612,1)
[350]: (880.2232471241256,1)
[351]: (880.343205541075,1)
[352]: (880.1897373985566,1)
[353]: (880.080047622006,1)
[354]: (880.0247005922142,1)
[355]: (880.4259799991082,1)
[356]: (880.1183966611217,1)
[357]: (880.3529585706019,1)
[358]: (880.3667929088705,1)
[359]: (880.7215440331177,1)
[360]: (880.0288379618455,1)
[361]: (880.0146957101537,1)
[362]: (880.3590123853104,1)
[363]: (880.2889971829177,1)
[364]: (880.1705904112229,1)
[365]: (880.4380541850587,1)
[366]: (880.4808476170294,1)
[367]: (880.4181424447754,1)
[368]: (880.584659163124,1)
[369]: (880.0008909013944,1)
[370]: (880.0605437638014,1)
[371]: (880.154057887985,1)
[372]: (880.0574373692818,1)
[373]: (880.0451817590637,1)
[374]: (881.0779823786787,1)
[375]: (880.0631861619504,1)
[376]: (880.1062350768017,1)
[377]: (880.1191763349105,1)
[378]: (880.0325097461024,1)
[379]: (880.1360950594693,1)
[380]: (880.0686004265627,1)
[381]: (880.066468554218,1)
[382]: (880.197188849713,1)
[383]: (880.2663493105466,1)
[384]: (882.3651994862632,1)
[385]: (880.8507385015616,1)
[386]: (880.3661404583726,1)
[387]: (880.0202136590817,1)
[388]: (880.3846783929374,1)
[389]: (880.2090353280078,1)
[390]: (880.7268097665351,1)
[391]: (880.0207819087948,1)
[392]: (880.407600542903,1)
[393]: (880.2440278872763,1)
[394]: (880.2444819529587,1)
[395]: (880.9381069288648,1)
[396]: (880.2637924348199,1)
[397]: (880.0062011105598,1)
[398]: (880.4032753639887,1)
[399]: (881.1000181341344,1)
[400]: (880.4247126720655,1)
[401]: (880.3497541741331,1)
[402]: (880.1662069973389,1)
[403]: (880.0565006903399,1)
[404]: (880.3979581521204,1)
[405]: (880.5942958941936,1)
[406]: (880.3741530433911,1)
[407]: (880.0991750915363,1)
[408]: (880.0709951985802,1)
[409]: (880.5619272742852,1)
[410]: (880.4591508800387,1)
[411]: (880.3109776957994,1)
[412]: (880.1949566286366,1)
[413]: (880.0353032664409,1)
[414]: (880.7220423779272,1)
[415]: (882.1309117743939,1)
[416]: (880.6391224780563,1)
[417]: (880.1557346776596,1)
[418]: (880.3430129890293,1)
[419]: (880.0665877130058,1)
[420]: (880.5946210744843,1)
[421]: (880.0237484828069,1)
[422]: (880.0010214273444,1)
[423]: (880.6743223692273,1)
[424]: (880.3871296493825,1)
[425]: (880.0293221591565,1)
[426]: (880.0038427290955,1)
[427]: (882.0968672183172,1)
[428]: (880.4355249913305,1)
[429]: (880.1800544417454,1)
[430]: (880.0255265333296,1)
[431]: (880.5721075845856,1)
[432]: (880.1482004021757,1)
[433]: (881.8691608359992,1)
[434]: (880.1727615297491,1)
[435]: (880.8185973158204,1)
[436]: (880.2426445317141,1)
[437]: (880.0254306114645,1)
[438]: (880.2537599404657,1)
[439]: (881.1129709171024,1)
[440]: (880.246795402137,1)
[441]: (880.3131427268054,1)
[442]: (880.2189099928598,1)
[443]: (880.2663857358896,1)
[444]: (880.3390070775095,1)
[445]: (880.0850969145873,1)
[446]: (880.1625694049287,1)
[447]: (880.4415326771118,1)
[448]: (880.2487769680373,1)
[449]: (880.2346784467292,1)
[450]: (880.4206884837466,1)
[451]: (880.43354215882,1)
[452]: (880.2916772221756,1)
[453]: (880.1627251797745,1)
[454]: (880.2200978955119,1)
[455]: (881.0193844465828,1)
[456]: (880.3505985044859,1)
[457]: (880.122716657761,1)
[458]: (880.2237914910952,1)
[459]: (880.0822715500217,1)
[460]: (880.347257195662,1)
[461]: (880.1606455573497,1)
[462]: (880.2494579459794,1)
[463]: (880.1610981758465,1)
[464]: (880.3343649361561,1)
[465]: (880.1820577345312,1)
[466]: (880.2485749249441,1)
[467]: (880.2631817268585,1)
[468]: (880.5375634576571,1)
[469]: (880.0478168693504,1)
[470]: (880.2678765018212,1)
[471]: (880.6919800107136,1)
[472]: (880.1402306718286,1)
[473]: (880.1626360941361,1)
[474]: (880.2323908792741,1)
[475]: (880.2297839359799,1)
[476]: (880.100225692245,1)
[477]: (880.3690451692594,1)
[478]: (881.050760908767,1)
[479]: (880.3586713275653,1)
[480]: (880.0115948073321,1)
[481]: (880.2807648536897,1)
[482]: (880.209250757007,1)
[483]: (880.0743983863173,1)
[484]: (880.0604702649099,1)
[485]: (880.0618411261763,1)
[486]: (880.846350803797,1)
[487]: (880.1071688038097,1)
[488]: (880.6537032896018,1)
[489]: (880.060492799167,1)
[490]: (880.2656107464111,1)
[491]: (880.0702624602121,1)
[492]: (880.0851217575337,1)
[493]: (880.0946321984065,1)
[494]: (880.8353282994391,1)
[495]: (880.0352613033517,1)
[496]: (880.2718003590787,1)
[497]: (880.322188456918,1)
[498]: (881.2203702731993,1)
[499]: (880.0428156647338,1)
[500]: (880.3739048938354,1)
[501]: (880.4482533705215,1)
[502]: (880.3314610445747,1)
[503]: (880.0866777656739,1)
[504]: (880.0257312242616,1)
[505]: (880.4177939631268,1)
[506]: (880.1542961543786,1)
[507]: (880.0609795728476,1)
[508]: (880.0959052908279,1)
[509]: (880.8342828239136,1)
[510]: (880.0563069955077,1)
[511]: (880.402605948189,1)
[512]: (880.0656753616485,1)
[513]: (880.1069148737004,1)
[514]: (881.3655461993577,1)
[515]: (880.1529965644028,1)
[516]: (880.0094577736843,1)
[517]: (880.3207532013513,1)
[518]: (880.2248029850147,1)
[519]: (880.3074906284191,1)
[520]: (880.3596544547627,1)
[521]: (880.1743795901289,1)
[522]: (880.3947215445727,1)
[523]: (880.1223544813776,1)
[524]: (880.054951040167,1)
[525]: (880.0841150810595,1)
[526]: (880.5101088331869,1)
[527]: (880.3410334426692,1)
[528]: (880.3839476364786,1)
[529]: (880.0095604107647,1)
[530]: (880.2541558408985,1)
[531]: (880.4976083182951,1)
[532]: (880.1858631117001,1)
[533]: (880.1102028292055,1)
[534]: (880.2443632714616,1)
[535]: (880.3572715551917,1)
[536]: (880.052591124757,1)
[537]: (880.2179536656417,1)
[538]: (880.2862658289616,1)
[539]: (880.4135983040082,1)
[540]: (880.1332273852937,1)
[541]: (880.2231381045647,1)
[542]: (880.4036418392653,1)
[543]: (880.4304147435504,1)
[544]: (880.1243328263074,1)
[545]: (880.0055807351048,1)
[546]: (880.3924042200567,1)
[547]: (880.2846811597324,1)
[548]: (880.0943360601209,1)
[549]: (880.5815990227969,1)
[550]: (880.2370202223935,1)
[551]: (880.1840718037155,1)
[552]: (880.0369801189203,1)
[553]: (880.1519209183302,1)
[554]: (880.3246252488285,1)
[555]: (880.6100415164161,1)
[556]: (880.1728371420381,1)
[557]: (880.5419741765024,1)
[558]: (880.384187433701,1)
[559]: (880.0884351083271,1)
[560]: (880.8149255950348,1)
[561]: (880.5660845357223,1)
[562]: (880.1641118674565,1)
[563]: (880.703979721349,1)
[564]: (880.0874844347139,1)
[565]: (880.3884895195984,1)
[566]: (880.3896004120138,1)
[567]: (880.077494703344,1)
[568]: (880.1494200888476,1)
[569]: (880.0287745616083,1)
[570]: (880.1322632392872,1)
[571]: (880.6482925826904,1)
[572]: (880.0583867687375,1)
[573]: (880.3584439306402,1)
[574]: (880.0676320669724,1)
[575]: (880.3454130813262,1)
[576]: (880.162916113886,1)
[577]: (880.3215214678728,1)
[578]: (880.4082550147884,1)
[579]: (880.0228588658661,1)
[580]: (880.0998822893795,1)
[581]: (880.0383040247009,1)
[582]: (880.1251222338726,1)
[583]: (880.1418116086204,1)
[584]: (880.1805330541748,1)
[585]: (880.9436634586867,1)
[586]: (880.1627397163164,1)
[587]: (880.0629044766483,1)
[588]: (880.0156662023519,1)
[589]: (880.092993428687,1)
[590]: (880.1358865501486,1)
[591]: (880.4829305861459,1)
[592]: (880.4114324228606,1)
[593]: (880.1997564316116,1)
[594]: (880.0941345256933,1)
[595]: (880.2467346491492,1)
[596]: (880.5825752942666,1)
[597]: (880.4859298511936,1)
[598]: (880.804543038624,1)
[599]: (880.2404251683598,1)
[600]: (880.4528675725032,1)
[601]: (880.0482387690995,1)
[602]: (880.118905443174,1)
[603]: (880.1202761897981,1)
[604]: (881.6235733019668,1)
[605]: (880.2425441309142,1)
[606]: (880.0978584084562,1)
[607]: (880.0303313273424,1)
[608]: (880.2622045050231,1)
[609]: (880.1466810808192,1)
[610]: (880.4372680349006,1)
[611]: (880.4591177065466,1)
[612]: (880.2977189106321,1)
[613]: (880.0716958152275,1)
[614]: (880.4289330411091,1)
[615]: (880.1726136818169,1)
[616]: (880.4225466071543,1)
[617]: (880.055476818319,1)
[618]: (880.1250996720457,1)
[619]: (880.3964687070252,1)
[620]: (880.1443594078825,1)
[621]: (880.0382231956976,1)
[622]: (880.8310012984379,1)
[623]: (880.547387925519,1)
[624]: (881.5932861113228,1)
[625]: (880.8135894457077,1)
[626]: (880.1041411502854,1)
[627]: (880.2761650576383,1)
[628]: (880.136644868778,1)
[629]: (880.0067964426825,1)
[630]: (880.0690336749336,1)
[631]: (880.3707942713642,1)
[632]: (880.8730708398011,1)
[633]: (880.1537255085539,1)
[634]: (880.0342685624501,1)
[635]: (880.3835817976832,1)
[636]: (880.0623236720726,1)
[637]: (880.1462831991189,1)
[638]: (880.2025959291896,1)
[639]: (880.0084049330932,1)
[640]: (880.0404044315299,1)
[641]: (880.2955013699452,1)
[642]: (880.3255908210854,1)
[643]: (880.2924397083865,1)
[644]: (880.8553557940841,1)
[645]: (880.5697274571893,1)
[646]: (880.0655804411664,1)
[647]: (881.6051433243414,1)
[648]: (880.0172088849826,1)
[649]: (880.4559819470256,1)
[650]: (880.1847621493304,1)
[651]: (880.4939371532778,1)
[652]: (880.2449971712709,1)
[653]: (880.0467354505305,1)
[654]: (880.1376868405433,1)
[655]: (880.3549177004121,1)
[656]: (880.8212354289459,1)
[657]: (880.1758438527963,1)
[658]: (880.1491165285488,1)
[659]: (880.5054627444597,1)
[660]: (880.2316674805847,1)
[661]: (880.4405576739579,1)
[662]: (880.0178904321148,1)
[663]: (880.7669852685426,1)
[664]: (880.4270457076524,1)
[665]: (880.1230398255638,1)
[666]: (880.323883805012,1)
[667]: (880.6162358253134,1)
[668]: (880.5095468508983,1)
[669]: (880.5816331601923,1)
[670]: (880.3322925623459,1)
[671]: (880.6478706625081,1)
[672]: (880.2126572730358,1)
[673]: (880.0425501753698,1)
[674]: (880.4467601814038,1)
[675]: (880.2408996753134,1)
[676]: (880.3547914571168,1)
[677]: (880.4119012112911,1)
[678]: (880.4054934897808,1)
[679]: (880.2794659813185,1)
[680]: (880.2071769880478,1)
[681]: (880.5201254646987,1)
[682]: (880.7092850536245,1)
[683]: (880.4153752556562,1)
[684]: (880.4720400761894,1)
[685]: (880.6169771162035,1)
[686]: (880.3595430893312,1)
[687]: (880.186723288541,1)
[688]: (880.0890047917316,1)
[689]: (880.0162844292465,1)
[690]: (880.414942166589,1)
[691]: (880.2440273980669,1)
[692]: (880.2393393522948,1)
[693]: (880.4805644428722,1)
[694]: (880.1275570176992,1)
[695]: (880.68206874361,1)
[696]: (880.143472663124,1)
[697]: (881.144960554364,1)
[698]: (880.5286559395242,1)
[699]: (880.0642336105008,1)
[700]: (880.2194849278213,1)
[701]: (881.3952758522994,1)
[702]: (880.3422618475036,1)
[703]: (880.6460852529545,1)
[704]: (880.0017499565944,1)
[705]: (880.3385402193096,1)
[706]: (880.3870477347767,1)
[707]: (880.000443676767,1)
[708]: (880.3214872032083,1)
[709]: (880.0726429355258,1)
[710]: (880.0486635006503,1)
[711]: (880.179877457187,1)
[712]: (880.6371015151457,1)
[713]: (880.0284461635347,1)
[714]: (880.1995003868901,1)
[715]: (880.4596229307296,1)
[716]: (880.2006202715208,1)
[717]: (881.0946373297426,1)
[718]: (880.076401160755,1)
[719]: (880.8107260881136,1)
[720]: (880.4391938835221,1)
[721]: (880.0228362291447,1)
[722]: (880.3026931099163,1)
[723]: (881.4938884563262,1)
[724]: (880.2246397717051,1)
[725]: (880.3032654974801,1)
[726]: (880.0564861342311,1)
[727]: (880.0546314613056,1)
[728]: (880.3724611651091,1)
[729]: (880.4774834854067,1)
[730]: (880.4689912147875,1)
[731]: (880.751700486754,1)
[732]: (880.1027110461948,1)
[733]: (880.2426589390712,1)
[734]: (880.016565942379,1)
[735]: (880.6754540479775,1)
[736]: (880.0539242139866,1)
[737]: (880.6499264365804,1)
[738]: (880.1448325821927,1)
[739]: (880.4285525652645,1)
[740]: (880.4768481459597,1)
[741]: (880.3479510761358,1)
[742]: (880.4067846191442,1)
[743]: (880.25752593656,1)
[744]: (880.3503214264723,1)
[745]: (880.0134599277629,1)
[746]: (881.1735930809656,1)
[747]: (880.4079628934421,1)
[748]: (880.078145247216,1)
[749]: (880.0699309959014,1)
[750]: (880.0719301084664,1)
[751]: (880.0213337030326,1)
[752]: (880.0613284115025,1)
[753]: (880.3076418184962,1)
[754]: (881.1103412748301,1)
[755]: (880.3205764357357,1)
[756]: (880.4453230650572,1)
[757]: (880.1560558941781,1)
[758]: (880.0409116684572,1)
[759]: (880.0821987280144,1)
[760]: (880.3674764139944,1)
[761]: (880.0594889131495,1)
[762]: (880.1534134547474,1)
[763]: (880.4436614422465,1)
[764]: (880.0296257345475,1)
[765]: (880.1845894929841,1)
[766]: (880.3439955064014,1)
[767]: (880.4627479942678,1)
[768]: (880.6928382512986,1)
[769]: (880.0392531071237,1)
[770]: (880.0913596362358,1)
[771]: (880.2253722743478,1)
[772]: (880.766198858717,1)
[773]: (880.8932695578573,1)
[774]: (880.1229153619219,1)
[775]: (880.1228195850701,1)
[776]: (880.1973058997796,1)
[777]: (880.3434381650028,1)
[778]: (880.383169211085,1)
[779]: (880.4155499372609,1)
[780]: (880.1710122744436,1)
[781]: (880.0823669446189,1)
[782]: (881.3908752143884,1)
[783]: (880.3100480800388,1)
[784]: (881.0898218114702,1)
[785]: (880.2445458857171,1)
[786]: (880.4158601544819,1)
[787]: (880.0241387956813,1)
[788]: (880.9485816256662,1)
[789]: (880.0077646450943,1)
[790]: (880.1842645555967,1)
[791]: (880.5973751727183,1)
[792]: (880.3674466575061,1)
[793]: (880.3407329331261,1)
[794]: (880.49428833172,1)
[795]: (880.1924993788851,1)
[796]: (880.7025519366042,1)
[797]: (880.9362782576123,1)
[798]: (880.5260700743323,1)
[799]: (880.1596374437393,1)
[800]: (881.4422374539464,1)
[801]: (880.1918736444001,1)
[802]: (880.0096157480133,1)
[803]: (880.7753703777624,1)
[804]: (880.0597851118509,1)
[805]: (880.9321688654803,1)
[806]: (880.4235518802556,1)
[807]: (880.0783974466607,1)
[808]: (880.2088321437799,1)
[809]: (880.1321627380818,1)
[810]: (880.4377703748255,1)
[811]: (880.6529846765592,1)
[812]: (880.0761337370025,1)
[813]: (880.4106288951651,1)
[814]: (881.1574349426928,1)
[815]: (880.0874479718527,1)
[816]: (880.4066088717076,1)
[817]: (880.3942136767671,1)
[818]: (880.992832388639,1)
[819]: (880.1939279828963,1)
[820]: (880.4415264303873,1)
[821]: (881.6876597659241,1)
[822]: (880.4308509331426,1)
[823]: (880.325565267692,1)
[824]: (880.8541001844153,1)
[825]: (880.1221073482438,1)
[826]: (880.2690874739499,1)
[827]: (880.2237809612506,1)
[828]: (880.5318135246999,1)
[829]: (880.3124947759358,1)
[830]: (880.9822931175373,1)
[831]: (880.0103953200654,1)
[832]: (880.9005832563907,1)
[833]: (880.6961232231732,1)
[834]: (880.2265984134212,1)
[835]: (880.7303882168505,1)
[836]: (880.8150599597126,1)
[837]: (880.5785310915767,1)
[838]: (880.3277294599059,1)
[839]: (880.0360266268356,1)
[840]: (880.0807081854331,1)
[841]: (880.0909329720835,1)
[842]: (880.1036599356898,1)
[843]: (880.3439909609824,1)
[844]: (880.2409575458998,1)
[845]: (880.1345011183791,1)
[846]: (880.3604716836744,1)
[847]: (880.1899945632531,1)
[848]: (880.7698934234088,1)
[849]: (880.4619080448315,1)
[850]: (882.2172227658717,1)
[851]: (880.0744288521159,1)
[852]: (880.1727809642847,1)
[853]: (880.6320072730413,1)
[854]: (880.3490074285147,1)
[855]: (880.9285726654672,1)
[856]: (880.258579114545,1)
[857]: (880.3364327395212,1)
[858]: (880.3724782904695,1)
[859]: (880.0553590571635,1)
[860]: (880.1456998760137,1)
[861]: (880.2389092453633,1)
[862]: (880.152431237856,1)
[863]: (880.370834509642,1)
[864]: (880.4341334848662,1)
[865]: (880.8092735124178,1)
[866]: (880.0850661258411,1)
[867]: (880.2912109899856,1)
[868]: (880.0446488781531,1)
[869]: (880.5624009353609,1)
[870]: (880.1286051448335,1)
[871]: (880.0521399191643,1)
[872]: (880.0218989970239,1)
[873]: (880.8466670455557,1)
[874]: (880.8261079585629,1)
[875]: (880.1883836030203,1)
[876]: (881.4188753285204,1)
[877]: (880.2724959874631,1)
[878]: (880.1552233294397,1)
[879]: (880.1097373321132,1)
[880]: (880.288839190824,1)
[881]: (880.1776131591445,1)
[882]: (880.5162779935221,1)
[883]: (880.8856924726713,1)
[884]: (880.0786296434026,1)
[885]: (880.3061888170049,1)
[886]: (880.3960326447943,1)
[887]: (880.0028908966473,1)
[888]: (880.2782803771249,1)
[889]: (880.1131901639753,1)
[890]: (881.3253247897093,1)
[891]: (880.3516746860307,1)
[892]: (880.8204975696166,1)
[893]: (880.0435353655619,1)
[894]: (880.0679105842405,1)
[895]: (880.0024916122439,1)
[896]: (880.0625114971516,1)
[897]: (880.7773207027665,1)
[898]: (880.0758763306261,1)
[899]: (880.200151084761,1)
[900]: (881.0759381767824,1)
[901]: (880.5131806219813,1)
[902]: (881.8516326283333,1)
[903]: (880.5875368882108,1)
[904]: (880.4763762022459,1)
[905]: (880.0529252415603,1)
[906]: (880.2686252590795,1)
[907]: (880.2380106144616,1)
[908]: (880.2725986901869,1)
[909]: (880.4241682892819,1)
[910]: (880.1305370151385,1)
[911]: (880.2894598884372,1)
[912]: (880.0393645870716,1)
[913]: (880.339705982302,1)
[914]: (880.00310869166,1)
[915]: (880.0954268750237,1)
[916]: (880.6374511810845,1)
[917]: (880.7208341237721,1)
[918]: (880.2540766098008,1)
[919]: (881.3866312663736,1)
[920]: (880.0511392268621,1)
[921]: (880.0181899909489,1)
[922]: (880.1467210546224,1)
[923]: (880.0273282021432,1)
[924]: (880.051964249045,1)
[925]: (880.0742480659882,1)
[926]: (880.1403108784928,1)
[927]: (880.5378748203536,1)
[928]: (880.0362158367325,1)
[929]: (880.199578581541,1)
[930]: (880.0388151292459,1)
[931]: (880.0247602101801,1)
[932]: (880.0790782155967,1)
[933]: (880.3091146080025,1)
[934]: (880.1930369032713,1)
[935]: (880.4385925371041,1)
[936]: (880.2457468335684,1)
[937]: (880.0250212676198,1)
[938]: (881.3134283527887,1)
[939]: (880.2234010339816,1)
[940]: (880.281120802836,1)
[941]: (880.6067418119187,1)
[942]: (880.1263556889209,1)
[943]: (880.083376133019,1)
[944]: (880.5624398868633,1)
[945]: (880.2845022603364,1)
[946]: (880.0460319034794,1)
[947]: (880.0036229609875,1)
[948]: (880.3524587246615,1)
[949]: (881.023651475555,1)
[950]: (880.3355504996298,1)
[951]: (880.1127801518703,1)
[952]: (880.4366390006687,1)
[953]: (880.0093211760768,1)
[954]: (880.0962338318859,1)
[955]: (880.0745107916906,1)
[956]: (881.2155791283601,1)
[957]: (880.648973388239,1)
[958]: (880.2998830646297,1)
[959]: (880.7845169853574,1)
[960]: (880.3757479893001,1)
[961]: (880.1671099919397,1)
[962]: (880.1101094019166,1)
[963]: (880.2627695429301,1)
[964]: (880.3485009325948,1)
[965]: (880.404560302825,1)
[966]: (880.2771353725819,1)
[967]: (880.0784018676241,1)
[968]: (880.0422783833124,1)
[969]: (880.2753630705902,1)
[970]: (880.1880086035001,1)
[971]: (880.2450657511353,1)
[972]: (880.1199433383836,1)
[973]: (880.4549697110073,1)
[974]: (880.5303254856957,1)
[975]: (880.1526736115605,1)
[976]: (880.2576482468285,1)
[977]: (880.3084635527132,1)
[978]: (880.6104587923223,1)
[979]: (880.0416284264955,1)
[980]: (880.0895808277036,1)
[981]: (881.2424411171381,1)
[982]: (880.0122982474899,1)
[983]: (880.2151595183116,1)
[984]: (880.7579073616398,1)
[985]: (880.7540283039109,1)
[986]: (880.2756934619244,1)
[987]: (880.5549478326675,1)
[988]: (880.0137465330886,1)
[989]: (880.0526399618452,1)
[990]: (880.2115120378191,1)
[991]: (880.0082296146307,1)
[992]: (880.5867616332474,1)
[993]: (880.2196499070722,1)
[994]: (880.1383153905923,1)
[995]: (880.290647334238,1)
[996]: (880.0891878514938,1)
[997]: (880.3259893291549,1)
[998]: (881.523871292404,1)
[999]: (880.1479489486152,1)
[1000]: (880.6466704807401,1)
[1001]: (880.058063841671,1)
[1002]: (880.1742829683291,1)
[1003]: (880.2668511195072,1)
[1004]: (880.6681545987005,1)
[1005]: (880.0818709516046,1)
[1006]: (880.0546863355439,1)
[1007]: (880.33225045865,1)
[1008]: (880.0366984023727,1)
[1009]: (880.0567935673246,1)
[1010]: (880.6713700851307,1)
[1011]: (880.3004672143384,1)
[1012]: (880.6393911765207,1)
[1013]: (880.0103325813029,1)
[1014]: (880.7284298872745,1)
[1015]: (880.4862238054395,1)
[1016]: (880.0924083133816,1)
[1017]: (880.3536912956703,1)
[1018]: (880.5259271211887,1)
[1019]: (880.3545428159283,1)
[1020]: (880.3412940645891,1)
[1021]: (880.2163352849972,1)
[1022]: (880.2842808155468,1)
[1023]: (880.352972543265,1)
[1024]: (880.1784338260321,1)
[1025]: (880.6999112365761,1)
[1026]: (880.1517239641928,1)
[1027]: (880.1572231055883,1)
[1028]: (880.2205997249306,1)
[1029]: (880.0089299739732,1)
[1030]: (880.898671667323,1)
[1031]: (880.2454582656729,1)
[1032]: (880.5505196044613,1)
[1033]: (880.9022861836777,1)
[1034]: (880.0248494439794,1)
[1035]: (880.3728659233136,1)
[1036]: (880.4186448076375,1)
[1037]: (880.2045787464674,1)
[1038]: (880.2501598453537,1)
[1039]: (880.1456866099267,1)
[1040]: (880.2042441678494,1)
[1041]: (880.2616248918982,1)
[1042]: (880.0217464589829,1)
[1043]: (880.663624405899,1)
[1044]: (880.0284737237318,1)
[1045]: (880.2451523922743,1)
[1046]: (880.0402814068181,1)
[1047]: (880.5329315321979,1)
[1048]: (880.1298058608465,1)
[1049]: (880.2857604313677,1)
[1050]: (880.6735722625067,1)
[1051]: (880.480309048183,1)
[1052]: (880.1562568839554,1)
[1053]: (880.5683076949572,1)
[1054]: (880.2725049397193,1)
[1055]: (881.066792745194,1)
[1056]: (880.1093117040549,1)
[1057]: (880.3441582756037,1)
[1058]: (880.9759079526419,1)
[1059]: (880.7173231701738,1)
[1060]: (880.3176860165731,1)
[1061]: (880.1989898531139,1)
[1062]: (881.5660721824943,1)
[1063]: (880.1013579417167,1)
[1064]: (880.3981343433845,1)
[1065]: (880.4722180120496,1)
[1066]: (880.6620988377628,1)
[1067]: (880.8739199934408,1)
[1068]: (880.7350496146333,1)
[1069]: (880.0705101406802,1)
[1070]: (880.3847763242828,1)
[1071]: (880.3606806382554,1)
[1072]: (880.5063236933298,1)
[1073]: (880.3581930855214,1)
[1074]: (880.8102529108502,1)
[1075]: (880.0039404107205,1)
[1076]: (880.1903950258258,1)
[1077]: (880.0092526433823,1)
[1078]: (880.1695621924241,1)
[1079]: (880.2028039529969,1)
[1080]: (881.1143126432796,1)
[1081]: (880.5289158164001,1)
[1082]: (880.2295999981683,1)
[1083]: (880.770184068951,1)
[1084]: (880.7142594632307,1)
[1085]: (880.4835283211758,1)
[1086]: (880.1072334096633,1)
[1087]: (880.511236252452,1)
[1088]: (880.0660451430198,1)
[1089]: (880.0886165704047,1)
[1090]: (882.6070114247848,1)
[1091]: (880.0357008704106,1)
[1092]: (880.08143062006,1)
[1093]: (880.2558733198385,1)
[1094]: (880.0584819467035,1)
[1095]: (880.406198310764,1)
[1096]: (880.0482332877552,1)
[1097]: (880.5384358077424,1)
[1098]: (880.0706581462887,1)
[1099]: (880.3037861195374,1)
[1100]: (880.0830356335675,1)
[1101]: (880.0359468988504,1)
[1102]: (880.2090441685722,1)
[1103]: (880.1783642753935,1)
[1104]: (880.3873231003295,1)
[1105]: (880.0058387162662,1)
[1106]: (880.0294050711439,1)
[1107]: (881.8697939550129,1)
[1108]: (880.158423386093,1)
[1109]: (880.0480725927961,1)
[1110]: (880.0153446054294,1)
[1111]: (880.5585268235468,1)
[1112]: (880.2272287114048,1)
[1113]: (880.4822482151254,1)
[1114]: (880.1119456176932,1)
[1115]: (880.1078324404061,1)
[1116]: (880.0206319782409,1)
[1117]: (880.0580003478304,1)
[1118]: (880.3305921946998,1)
[1119]: (880.0407218358442,1)
[1120]: (880.3300245647345,1)
[1121]: (880.4457611602589,1)
[1122]: (880.3877582096158,1)
[1123]: (880.1176617180367,1)
[1124]: (880.7903554998147,1)
[1125]: (880.5530865665032,1)
[1126]: (880.0935846805546,1)
[1127]: (880.4014110596561,1)
[1128]: (880.5833596509674,1)
[1129]: (880.2401825318026,1)
[1130]: (880.2887214450044,1)
[1131]: (880.0262107358657,1)
[1132]: (880.322912772421,1)
[1133]: (880.0750995483974,1)
[1134]: (880.0063003022037,1)
[1135]: (880.0645687395426,1)
[1136]: (880.1870975681869,1)
[1137]: (880.0702274614601,1)
[1138]: (880.6169382801995,1)
[1139]: (880.2387569391738,1)
[1140]: (880.6420178817987,1)
[1141]: (880.1812841577245,1)
[1142]: (880.2239902931113,1)
[1143]: (880.2370283941012,1)
[1144]: (880.9044881864456,1)
[1145]: (880.0552273643613,1)
[1146]: (880.5732472877633,1)
[1147]: (880.1509795556458,1)
[1148]: (880.0293410727468,1)
[1149]: (880.1597352434853,1)
[1150]: (880.129144528271,1)
[1151]: (880.0169038350296,1)
[1152]: (880.2564345613553,1)
[1153]: (881.1159151886062,1)
[1154]: (880.1953879013365,1)
[1155]: (880.3987230079092,1)
[1156]: (880.055229632626,1)
[1157]: (880.1597285087856,1)
[1158]: (880.1126172023202,1)
[1159]: (880.3652648610255,1)
[1160]: (880.5066180751378,1)
[1161]: (880.0851493465702,1)
[1162]: (880.7040257196254,1)
[1163]: (880.5668973964708,1)
[1164]: (881.1040188525751,1)
[1165]: (880.1655944907549,1)
[1166]: (880.2681809214561,1)
[1167]: (880.9999382932724,1)
[1168]: (880.9470226598601,1)
[1169]: (880.7437777653877,1)
[1170]: (880.2379912852002,1)
[1171]: (880.3243445095248,1)
[1172]: (880.1540423089916,1)
[1173]: (880.0001563636172,1)
[1174]: (880.6668001629198,1)
[1175]: (880.5249802494902,1)
[1176]: (880.1914137867913,1)
[1177]: (880.7755978536022,1)
[1178]: (880.5142276647057,1)
[1179]: (880.3556564882941,1)
[1180]: (880.5419574881329,1)
[1181]: (880.661356845523,1)
[1182]: (880.5013835960979,1)
[1183]: (880.0725255538592,1)
[1184]: (880.2442936193293,1)
[1185]: (880.1318068294071,1)
[1186]: (880.1142336672629,1)
[1187]: (880.4527255562696,1)
[1188]: (881.2926094836813,1)
[1189]: (880.5389538443848,1)
[1190]: (880.5144432823454,1)
[1191]: (880.1557676654786,1)
[1192]: (880.0507382498969,1)
[1193]: (880.7057811150419,1)
[1194]: (880.1900829649221,1)
[1195]: (880.0029358226545,1)
[1196]: (881.5265255364003,1)
[1197]: (880.3499213108022,1)
[1198]: (880.5973482278456,1)
[1199]: (880.9839997178627,1)
[1200]: (880.0420750983047,1)
[1201]: (880.4340730306326,1)
[1202]: (880.6201230793024,1)
[1203]: (880.949355482233,1)
[1204]: (880.0000837113661,1)
[1205]: (880.1396932370945,1)
[1206]: (880.0436403603999,1)
[1207]: (880.2187768851172,1)
[1208]: (880.663627900219,1)
[1209]: (880.6971189617464,1)
[1210]: (880.2332722828196,1)
[1211]: (880.2749147774687,1)
[1212]: (881.2936546401032,1)
[1213]: (880.1066098576708,1)
[1214]: (880.2621220939656,1)
[1215]: (880.2294477258298,1)
[1216]: (880.2288926956679,1)
[1217]: (881.6594037993235,1)
[1218]: (880.1738220681282,1)
[1219]: (880.1572724200009,1)
[1220]: (880.0030756891562,1)
[1221]: (880.0202273164485,1)
[1222]: (880.0868467785315,1)
[1223]: (880.0921565277981,1)
[1224]: (880.0863839723555,1)
[1225]: (880.0982691615816,1)
[1226]: (880.4897459976825,1)
[1227]: (880.6307623289728,1)
[1228]: (880.0937988384284,1)
[1229]: (880.3971068320371,1)
[1230]: (880.0301979897312,1)
[1231]: (880.1536591767454,1)
[1232]: (880.1624620139545,1)
[1233]: (880.5627506357432,1)
[1234]: (880.0179761266792,1)
[1235]: (880.1556363257563,1)
[1236]: (880.7842470317607,1)
[1237]: (880.1007069402631,1)
[1238]: (880.0856562668198,1)
[1239]: (880.0698705404318,1)
[1240]: (880.7069281013836,1)
[1241]: (880.7850179337596,1)
[1242]: (880.3993231146507,1)
[1243]: (880.2482007493654,1)
[1244]: (881.3766881030979,1)
[1245]: (880.4908655963233,1)
[1246]: (880.8205081510824,1)
[1247]: (880.1858139640835,1)
[1248]: (880.4362139695673,1)
[1249]: (880.2635103444225,1)
[1250]: (880.3778656152674,1)
[1251]: (880.0149411808089,1)
[1252]: (880.2948663646295,1)
[1253]: (880.5060292978383,1)
[1254]: (880.2633144326146,1)
[1255]: (880.0274075712312,1)
[1256]: (880.7633313230218,1)
[1257]: (880.2906530548106,1)
[1258]: (880.5743642295314,1)
[1259]: (880.5041937328472,1)
[1260]: (880.4218136564701,1)
[1261]: (881.0381127699424,1)
[1262]: (880.3603808290779,1)
[1263]: (880.4829589333833,1)
[1264]: (880.2067700822083,1)
[1265]: (880.3272162348762,1)
[1266]: (880.0282194634639,1)
[1267]: (880.8840908358164,1)
[1268]: (880.3604526074104,1)
[1269]: (880.3942962597038,1)
[1270]: (881.0661625932617,1)
[1271]: (880.1949666507373,1)
[1272]: (880.0923435986568,1)
[1273]: (880.116940444886,1)
[1274]: (880.1672097121756,1)
[1275]: (880.3291189187258,1)
[1276]: (880.0346003715001,1)
[1277]: (880.0398426149451,1)
[1278]: (880.9439037703203,1)
[1279]: (880.0904056835849,1)
[1280]: (880.285823361478,1)
[1281]: (880.1390663377668,1)
[1282]: (880.8484187026805,1)
[1283]: (880.2072956247827,1)
[1284]: (880.2681785633977,1)
[1285]: (880.2009869809307,1)
[1286]: (881.0487207132816,1)
[1287]: (880.0643183078311,1)
[1288]: (880.5481406289042,1)
[1289]: (880.09970847019,1)
[1290]: (880.0323396660048,1)
[1291]: (880.1822345240521,1)
[1292]: (880.2451032126373,1)
[1293]: (880.2003367299303,1)
[1294]: (880.4287907517545,1)
[1295]: (880.1637493797001,1)
[1296]: (880.3379829604135,1)
[1297]: (880.0406856340632,1)
[1298]: (880.0732600579463,1)
[1299]: (880.11073821614,1)
[1300]: (880.0643673912887,1)
[1301]: (880.2102428042344,1)
[1302]: (880.0498843680975,1)
[1303]: (880.0269668330986,1)
[1304]: (880.2740896167207,1)
[1305]: (880.5319667190247,1)
[1306]: (880.1981390747715,1)
[1307]: (880.0915523100617,1)
[1308]: (880.0281718178413,1)
[1309]: (880.28587983564,1)
[1310]: (880.0164150228007,1)
[1311]: (880.1319853626852,1)
[1312]: (881.6000435280423,1)
[1313]: (880.4646808418081,1)
[1314]: (880.0084876685557,1)
[1315]: (881.1282009697218,1)
[1316]: (880.4309350427607,1)
[1317]: (880.2476235528945,1)
[1318]: (881.5296903879703,1)
[1319]: (880.2549012523629,1)
[1320]: (880.0546262057859,1)
[1321]: (880.0857013835773,1)
[1322]: (880.0065729906162,1)
[1323]: (880.0100570203805,1)
[1324]: (880.4507048432929,1)
[1325]: (880.5643539782825,1)
[1326]: (880.1253302264234,1)
[1327]: (880.340645824974,1)
[1328]: (880.8022386957698,1)
[1329]: (880.105311395641,1)
[1330]: (880.6375818820351,1)
[1331]: (880.0407949680023,1)
[1332]: (880.1625498791435,1)
[1333]: (880.0031449392735,1)
[1334]: (880.0999037635546,1)
[1335]: (880.4336648727567,1)
[1336]: (881.1132612627661,1)
[1337]: (880.1277565903443,1)
[1338]: (880.5504201918754,1)
[1339]: (881.2076666947145,1)
[1340]: (880.3564265917661,1)
[1341]: (880.9995086832704,1)
[1342]: (880.2169315898175,1)
[1343]: (880.3515446442536,1)
[1344]: (880.1992353553954,1)
[1345]: (880.2834564949803,1)
[1346]: (880.2228298300255,1)
[1347]: (880.4106066800078,1)
[1348]: (880.0334457019275,1)
[1349]: (880.3221719956703,1)
[1350]: (880.0554754304825,1)
[1351]: (880.0087181836891,1)
[1352]: (880.001905370779,1)
[1353]: (880.1289079304023,1)
[1354]: (880.2915907265941,1)
[1355]: (880.2200763477389,1)
[1356]: (880.0311160562264,1)
[1357]: (880.2395395472984,1)
[1358]: (880.2514789234041,1)
[1359]: (880.2472061814673,1)
[1360]: (880.5488288894926,1)
[1361]: (880.319135028254,1)
[1362]: (880.2205880930885,1)
[1363]: (881.1484681465034,1)
[1364]: (880.453011461972,1)
[1365]: (880.0538524901824,1)
[1366]: (880.0295265862334,1)
[1367]: (880.7716469712018,1)
[1368]: (880.1718648438807,1)
[1369]: (880.4124412685509,1)
[1370]: (880.2250249448996,1)
[1371]: (880.2258109908049,1)
[1372]: (880.0551426975755,1)
[1373]: (880.1160023237762,1)
[1374]: (880.0565757460963,1)
[1375]: (880.0742698262317,1)
[1376]: (880.3487065663574,1)
[1377]: (880.4531079821299,1)
[1378]: (880.3333112887223,1)
[1379]: (880.5481267482385,1)
[1380]: (880.2385402399116,1)
[1381]: (880.1561063250978,1)
[1382]: (880.0985023506441,1)
[1383]: (881.305377435996,1)
[1384]: (880.092487060207,1)
[1385]: (881.2605794445528,1)
[1386]: (880.2373653072239,1)
[1387]: (880.2061515752059,1)
[1388]: (880.0023386509247,1)
[1389]: (880.4172490642396,1)
[1390]: (880.1743210545712,1)
[1391]: (880.2178578999454,1)
[1392]: (880.1545012729007,1)
[1393]: (880.0454431683253,1)
[1394]: (880.3455776738729,1)
[1395]: (880.5136246884017,1)
[1396]: (880.01369457609,1)
[1397]: (881.7031815457638,1)
[1398]: (880.0989339229722,1)
[1399]: (880.53550745319,1)
[1400]: (880.2065747511106,1)
[1401]: (880.6296836426293,1)
[1402]: (880.221700796812,1)
[1403]: (880.0598333050137,1)
[1404]: (880.0085193714244,1)
[1405]: (880.1751272374556,1)
[1406]: (880.7403439138916,1)
[1407]: (880.1165911368896,1)
[1408]: (880.6423895582809,1)
[1409]: (880.1174136404926,1)
[1410]: (880.2735119356956,1)
[1411]: (882.0281893666702,1)
[1412]: (880.813591806081,1)
[1413]: (880.2383405500073,1)
[1414]: (880.8022333127495,1)
[1415]: (880.2650915422352,1)
[1416]: (880.4748063054908,1)
[1417]: (881.1572057678301,1)
[1418]: (881.3146903629861,1)
[1419]: (880.3763702116025,1)
[1420]: (881.5580285457008,1)
[1421]: (880.3030111728974,1)
[1422]: (880.4966556546264,1)
[1423]: (880.2386308806109,1)
[1424]: (880.1023767728942,1)
[1425]: (880.1049775893414,1)
[1426]: (880.4647421733428,1)
[1427]: (880.0114064279207,1)
[1428]: (880.3783368546127,1)
[1429]: (880.0591230482008,1)
[1430]: (880.1259179004891,1)
[1431]: (880.29739782025,1)
[1432]: (880.0946844106491,1)
[1433]: (880.1158144273481,1)
[1434]: (880.3018532890917,1)
[1435]: (880.2406653106627,1)
[1436]: (880.5454210676498,1)
[1437]: (880.1031573541936,1)
[1438]: (880.5587155835793,1)
[1439]: (880.5755365168158,1)
[1440]: (880.0927481813064,1)
[1441]: (880.1260241844722,1)
[1442]: (880.1864872390033,1)
[1443]: (880.3557330863847,1)
[1444]: (880.7154686711813,1)
[1445]: (880.0025431579993,1)
[1446]: (880.0819950681707,1)
[1447]: (880.4345233463962,1)
[1448]: (880.1025471724306,1)
[1449]: (880.0927163681533,1)
[1450]: (880.1778149235839,1)
[1451]: (880.2965868904655,1)
[1452]: (880.1829625565022,1)
[1453]: (880.1800854278468,1)
[1454]: (880.2975884938924,1)
[1455]: (880.1940926819652,1)
[1456]: (880.4821949960414,1)
[1457]: (880.084946812903,1)
[1458]: (880.3091538071872,1)
[1459]: (880.01119061305,1)
[1460]: (880.0893510637875,1)
[1461]: (880.0418965948207,1)
[1462]: (880.0228355805419,1)
[1463]: (880.2604935251107,1)
[1464]: (880.1604798075574,1)
[1465]: (880.7842212680338,1)
[1466]: (880.0541784511926,1)
[1467]: (880.3902544869695,1)
[1468]: (880.6324608320201,1)
[1469]: (880.0360437217994,1)
[1470]: (880.5249120026114,1)
[1471]: (880.5676000184613,1)
[1472]: (880.1952505559564,1)
[1473]: (880.1267443624839,1)
[1474]: (880.4742494299937,1)
[1475]: (880.3242187331909,1)
[1476]: (880.015933271654,1)
[1477]: (880.0284494162706,1)
[1478]: (880.9026812150374,1)
[1479]: (880.1972353571249,1)
[1480]: (880.3344907826082,1)
[1481]: (880.102387224135,1)
[1482]: (880.2024707226617,1)
[1483]: (880.9790201758638,1)
[1484]: (880.0687271409572,1)
[1485]: (880.6668321747529,1)
[1486]: (880.2091197252394,1)
[1487]: (880.2008955729767,1)
[1488]: (880.227427177988,1)
[1489]: (880.1290375363412,1)
[1490]: (880.2620465110372,1)
[1491]: (880.6135902442916,1)
[1492]: (880.6933912535166,1)
[1493]: (880.1943911351235,1)
[1494]: (880.2170984458553,1)
[1495]: (880.930818138061,1)
[1496]: (880.1567096149721,1)
[1497]: (880.3229950298859,1)
[1498]: (880.018572781898,1)
[1499]: (880.082855493783,1)
[1500]: (880.037883020785,1)
[1501]: (881.7549794966359,1)
[1502]: (880.4553535770765,1)
[1503]: (880.7225591886717,1)
[1504]: (880.0018572747589,1)
[1505]: (880.1213297290177,1)
[1506]: (880.0257466790498,1)
[1507]: (880.3198942772557,1)
[1508]: (880.4317066243708,1)
[1509]: (880.0972098093375,1)
[1510]: (881.2663375121505,1)
[1511]: (880.6608635826395,1)
[1512]: (880.09372033953,1)
[1513]: (880.9272897850526,1)
[1514]: (880.1042341081539,1)
[1515]: (880.0039475444631,1)
[1516]: (880.0162750335405,1)
[1517]: (881.2150004294447,1)
[1518]: (880.0605920897125,1)
[1519]: (880.0345681931093,1)
[1520]: (880.1267167195116,1)
[1521]: (880.0362703335081,1)
[1522]: (880.0359385563032,1)
[1523]: (880.1576830143441,1)
[1524]: (880.0880601770929,1)
[1525]: (880.0076264593308,1)
[1526]: (880.6651244542459,1)
[1527]: (880.0037980186862,1)
[1528]: (880.2300682233044,1)
[1529]: (880.1416759857482,1)
[1530]: (880.1702743882199,1)
[1531]: (880.0577465611814,1)
[1532]: (880.1638007327369,1)
[1533]: (880.2634780342137,1)
[1534]: (880.0809124217398,1)
[1535]: (880.1669485392714,1)
[1536]: (880.5097228808454,1)
[1537]: (880.0991953220255,1)
[1538]: (880.2144948229432,1)
[1539]: (880.5919707788602,1)
[1540]: (880.5365053506528,1)
[1541]: (880.2263707810893,1)
[1542]: (880.3571097827105,1)
[1543]: (880.3402813750241,1)
[1544]: (880.0423063440098,1)
[1545]: (880.0071369370795,1)
[1546]: (880.2712871828934,1)
[1547]: (880.0112890357267,1)
[1548]: (880.2253281771842,1)
[1549]: (880.1908436177546,1)
[1550]: (880.0048844080552,1)
[1551]: (880.9229191014608,1)
[1552]: (880.055072674151,1)
[1553]: (880.9876274284458,1)
[1554]: (880.10463363186,1)
[1555]: (880.0858036857959,1)
[1556]: (880.135990406761,1)
[1557]: (880.1396930554191,1)
[1558]: (880.0021126963699,1)
[1559]: (880.5641470583685,1)
[1560]: (880.688770848015,1)
[1561]: (880.5699930061593,1)
[1562]: (880.1183086390815,1)
[1563]: (880.2631266383927,1)
[1564]: (881.1708281241672,1)
[1565]: (880.0313758901902,1)
[1566]: (881.0147661787493,1)
[1567]: (880.1319304895601,1)
[1568]: (882.0591251017323,1)
[1569]: (880.5792379694109,1)
[1570]: (880.0116643301984,1)
[1571]: (880.1890374728764,1)
[1572]: (880.1190307714194,1)
[1573]: (880.1306852795608,1)
[1574]: (880.5336628231232,1)
[1575]: (880.0636109386199,1)
[1576]: (880.1960236095423,1)
[1577]: (880.4700226594424,1)
[1578]: (880.2903449540806,1)
[1579]: (880.7963810008823,1)
[1580]: (880.0579326683566,1)
[1581]: (880.1027238272075,1)
[1582]: (880.3298365154192,1)
[1583]: (880.0758107526306,1)
[1584]: (880.1128027021888,1)
[1585]: (880.0639656272598,1)
[1586]: (880.6664417002897,1)
[1587]: (880.044271198544,1)
[1588]: (880.3762004418182,1)
[1589]: (880.6200387741881,1)
[1590]: (880.1484844343312,1)
[1591]: (880.075871493821,1)
[1592]: (880.2125654806617,1)
[1593]: (880.2416811441088,1)
[1594]: (880.0114527717577,1)
[1595]: (880.0346751245767,1)
[1596]: (880.0698935259544,1)
[1597]: (880.6404483481164,1)
[1598]: (880.9956017263627,1)
[1599]: (880.1072118384348,1)
[1600]: (880.2093140784223,1)
[1601]: (880.650381958964,1)
[1602]: (880.1513442477814,1)
[1603]: (880.6332337295828,1)
[1604]: (880.0846842077964,1)
[1605]: (880.5454696892444,1)
[1606]: (880.1001018458841,1)
[1607]: (880.1808483353069,1)
[1608]: (880.0254987033028,1)
[1609]: (880.0638891280998,1)
[1610]: (881.325038921143,1)
[1611]: (880.5086052962602,1)
[1612]: (880.0914302867807,1)
[1613]: (880.0508683179833,1)
[1614]: (880.5177757133118,1)
[1615]: (880.0554083457311,1)
[1616]: (880.0919269647538,1)
[1617]: (880.0747067709775,1)
[1618]: (880.1709385770506,1)
[1619]: (880.3391105431525,1)
[1620]: (880.1442478064633,1)
[1621]: (880.1123310494584,1)
[1622]: (880.0923967630353,1)
[1623]: (880.2044685426642,1)
[1624]: (880.1153300573106,1)
[1625]: (880.1472132208821,1)
[1626]: (881.094102781074,1)
[1627]: (881.0196551518678,1)
[1628]: (880.0533392050586,1)
[1629]: (880.0041102988886,1)
[1630]: (880.0739940268104,1)
[1631]: (880.0299896516411,1)
[1632]: (880.0151739265289,1)
[1633]: (880.6096689607707,1)
[1634]: (880.4880483448853,1)
[1635]: (880.3409829953047,1)
[1636]: (880.1143511379018,1)
[1637]: (880.1039731647703,1)
[1638]: (880.0412707996006,1)
[1639]: (880.0361354387978,1)
[1640]: (880.1814066935048,1)
[1641]: (880.0083232601681,1)
[1642]: (880.0462874281798,1)
[1643]: (880.1432001976377,1)
[1644]: (880.0807582397603,1)
[1645]: (880.2331028621368,1)
[1646]: (880.3238863961145,1)
[1647]: (880.1068220917202,1)
[1648]: (880.2192030543297,1)
[1649]: (881.2764175326178,1)
[1650]: (880.3585527585524,1)
[1651]: (880.0081186049795,1)
[1652]: (880.267675184411,1)
[1653]: (880.0937000364461,1)
[1654]: (880.1160271337532,1)
[1655]: (880.3992352254718,1)
[1656]: (880.1311197781603,1)
[1657]: (880.8669391306541,1)
[1658]: (880.0409289665774,1)
[1659]: (880.1255102931422,1)
[1660]: (880.3193429276402,1)
[1661]: (880.5880149154457,1)
[1662]: (880.7175861399172,1)
[1663]: (880.0431274853389,1)
[1664]: (880.2619120275821,1)
[1665]: (880.120252941872,1)
[1666]: (880.1121656698376,1)
[1667]: (880.2972593425076,1)
[1668]: (880.78174778,1)
[1669]: (880.285265469053,1)
[1670]: (880.3428374956648,1)
[1671]: (880.3513250555834,1)
[1672]: (880.462014361426,1)
[1673]: (880.4965543894209,1)
[1674]: (880.185516800356,1)
[1675]: (880.1228894260006,1)
[1676]: (880.3310942737339,1)
[1677]: (880.0329323299794,1)
[1678]: (880.3119574885486,1)
[1679]: (881.3404686408729,1)
[1680]: (880.1669275609676,1)
[1681]: (880.1621407685338,1)
[1682]: (880.4207964592746,1)
[1683]: (880.6494703015029,1)
[1684]: (880.5070281219907,1)
[1685]: (880.1335868204634,1)
[1686]: (880.420096698832,1)
[1687]: (880.2483862980399,1)
[1688]: (880.8855958259284,1)
[1689]: (880.9587112484116,1)
[1690]: (880.2627744513192,1)
[1691]: (880.1574025300076,1)
[1692]: (880.2057627895132,1)
[1693]: (880.0803596169657,1)
[1694]: (880.0354890206487,1)
[1695]: (880.0226351469462,1)
[1696]: (881.4744738730013,1)
[1697]: (880.0686820670254,1)
[1698]: (880.5675792173174,1)
[1699]: (880.8634587973444,1)
[1700]: (880.5506613942686,1)
[1701]: (880.3750383475509,1)
[1702]: (880.0400128630727,1)
[1703]: (880.1034508030862,1)
[1704]: (880.0262871488076,1)
[1705]: (880.4523599109081,1)
[1706]: (880.1767722898799,1)
[1707]: (880.0847085108152,1)
[1708]: (880.3430135258766,1)
[1709]: (880.0400140663761,1)
[1710]: (880.143464974582,1)
[1711]: (880.9974414244608,1)
[1712]: (880.3845826399698,1)
[1713]: (880.3981245659978,1)
[1714]: (880.0308281247693,1)
[1715]: (880.0923090195297,1)
[1716]: (880.9179289754111,1)
[1717]: (880.0841995782288,1)
[1718]: (880.1997388224647,1)
[1719]: (880.2583201925307,1)
[1720]: (880.0136721501837,1)
[1721]: (880.3080119446315,1)
[1722]: (880.0500006405327,1)
[1723]: (880.2215311519129,1)
[1724]: (880.2962035515593,1)
[1725]: (880.1164648751559,1)
[1726]: (880.1010625399025,1)
[1727]: (880.2439327553953,1)
[1728]: (881.2531328251069,1)
[1729]: (880.095669375738,1)
[1730]: (880.2044801361751,1)
[1731]: (880.015582528277,1)
[1732]: (880.0059781609937,1)
[1733]: (880.0510501349617,1)
[1734]: (880.0316768224683,1)
[1735]: (880.8357484601471,1)
[1736]: (880.0297467228902,1)
[1737]: (880.4216687940685,1)
[1738]: (880.0971222878667,1)
[1739]: (880.5332877648597,1)
[1740]: (880.0266615136137,1)
[1741]: (880.3777132018482,1)
[1742]: (880.0010138562579,1)
[1743]: (880.1483942401439,1)
[1744]: (880.0558106878512,1)
[1745]: (880.5896255634735,1)
[1746]: (880.1275801132797,1)
[1747]: (880.0199142893766,1)
[1748]: (880.288568332158,1)
[1749]: (880.1733300058745,1)
[1750]: (881.0546917815062,1)
[1751]: (881.2605772459675,1)
[1752]: (880.3639545259974,1)
[1753]: (881.0857222847209,1)
[1754]: (880.7303851445624,1)
[1755]: (880.6186451153342,1)
[1756]: (880.1958309104865,1)
[1757]: (881.0300700711458,1)
[1758]: (880.3167731388751,1)
[1759]: (880.4497529823552,1)
[1760]: (880.0548861255459,1)
[1761]: (880.1464115887065,1)
[1762]: (881.275355322912,1)
[1763]: (880.2768719766583,1)
[1764]: (881.0612354938631,1)
[1765]: (880.4846204780572,1)
[1766]: (880.0919874414798,1)
[1767]: (880.7997898225543,1)
[1768]: (880.2817471987973,1)
[1769]: (880.0544858928621,1)
[1770]: (880.8990522273536,1)
[1771]: (880.2395040629908,1)
[1772]: (881.1138827915426,1)
[1773]: (881.2618625847712,1)
[1774]: (881.075289744095,1)
[1775]: (880.0144715041209,1)
[1776]: (880.4372249769301,1)
[1777]: (880.0146693539916,1)
[1778]: (880.3632257553317,1)
[1779]: (880.2392329342941,1)
[1780]: (880.9679832802724,1)
[1781]: (880.2229120851629,1)
[1782]: (880.3814327892097,1)
[1783]: (880.2598110888974,1)
[1784]: (880.0454439274829,1)
[1785]: (880.7378975272463,1)
[1786]: (880.2402556416506,1)
[1787]: (881.0893893382845,1)
[1788]: (880.0510559631227,1)
[1789]: (880.1498112359143,1)
[1790]: (880.4213611185677,1)
[1791]: (881.5381542134909,1)
[1792]: (880.6526653040281,1)
[1793]: (880.3902687538746,1)
[1794]: (880.3390462906652,1)
[1795]: (880.2984721087407,1)
[1796]: (880.1212367946649,1)
[1797]: (880.2360659387299,1)
[1798]: (880.4785623190944,1)
[1799]: (880.2835376225785,1)
[1800]: (880.731350750002,1)
[1801]: (880.1963094711944,1)
[1802]: (880.0630793022116,1)
[1803]: (880.0195697330993,1)
[1804]: (880.1191966080689,1)
[1805]: (881.2359856052664,1)
[1806]: (881.2628077288219,1)
[1807]: (880.6691540728098,1)
[1808]: (880.0011543472472,1)
[1809]: (880.3046249939899,1)
[1810]: (880.1331374540799,1)
[1811]: (880.454660581579,1)
[1812]: (880.0167597423731,1)
[1813]: (880.0054683362067,1)
[1814]: (880.3729237050372,1)
[1815]: (880.0693824629012,1)
[1816]: (880.2834609744261,1)
[1817]: (880.5448380938368,1)
[1818]: (880.3487692000344,1)
[1819]: (880.0130962431708,1)
[1820]: (880.1258959632279,1)
[1821]: (880.3464832547108,1)
[1822]: (880.8584936142696,1)
[1823]: (880.0850248280698,1)
[1824]: (880.041545775808,1)
[1825]: (881.7684819812831,1)
[1826]: (880.4196244581705,1)
[1827]: (880.2073253302563,1)
[1828]: (880.4880680750235,1)
[1829]: (880.5702001584918,1)
[1830]: (880.2064953372469,1)
[1831]: (880.258567201605,1)
[1832]: (880.2999804034383,1)
[1833]: (880.2390016867073,1)
[1834]: (880.7510061096591,1)
[1835]: (880.5040278357585,1)
[1836]: (880.5480543515915,1)
[1837]: (880.2875835040479,1)
[1838]: (880.4751021031548,1)
[1839]: (880.3315782120033,1)
[1840]: (880.5727861398467,1)
[1841]: (880.3169284098485,1)
[1842]: (880.1764664160465,1)
[1843]: (880.2736030156505,1)
[1844]: (880.1000174924039,1)
[1845]: (880.1697708746599,1)
[1846]: (880.3848284575281,1)
[1847]: (880.9385803632323,1)
[1848]: (880.3618088287083,1)
[1849]: (880.2760885469709,1)
[1850]: (880.0909238161718,1)
[1851]: (880.2130632283576,1)
[1852]: (880.0109022577095,1)
[1853]: (880.0784610193072,1)
[1854]: (880.3855298862073,1)
[1855]: (880.2816621535345,1)
[1856]: (880.0710820106575,1)
[1857]: (880.1862480114304,1)
[1858]: (880.025448728628,1)
[1859]: (880.0159392401641,1)
[1860]: (880.1805062503271,1)
[1861]: (880.0428337335929,1)
[1862]: (881.2180362329855,1)
[1863]: (880.0930098208872,1)
[1864]: (880.0894789570975,1)
[1865]: (880.0244092218237,1)
[1866]: (880.1746341793067,1)
[1867]: (880.3788927511268,1)
[1868]: (880.4299372782096,1)
[1869]: (880.1215402523288,1)
[1870]: (880.1637977847793,1)
[1871]: (880.4679036331212,1)
[1872]: (880.0299489168771,1)
[1873]: (880.2457688779135,1)
[1874]: (880.4042700314558,1)
[1875]: (880.4946526607351,1)
[1876]: (880.5098445277641,1)
[1877]: (880.1482017582881,1)
[1878]: (880.2067271180097,1)
[1879]: (880.4346994518244,1)
[1880]: (880.1293358440009,1)
[1881]: (880.741064581189,1)
[1882]: (881.1235907620347,1)
[1883]: (880.2036803270214,1)
[1884]: (880.1320253528672,1)
[1885]: (880.2870793929944,1)
[1886]: (880.0540519891374,1)
[1887]: (880.5877700431088,1)
[1888]: (880.2542253825192,1)
[1889]: (880.0128884037082,1)
[1890]: (880.9405841031509,1)
[1891]: (880.2694485021084,1)
[1892]: (880.0946178315901,1)
[1893]: (880.0710511205118,1)
[1894]: (880.0728595943228,1)
[1895]: (880.004595648881,1)
[1896]: (880.2100552370616,1)
[1897]: (880.049388196613,1)
[1898]: (880.0916466761072,1)
[1899]: (880.0788882788443,1)
[1900]: (880.3020104443679,1)
[1901]: (880.4915194964576,1)
[1902]: (880.0390659444197,1)
[1903]: (880.3850592938909,1)
[1904]: (880.258473414254,1)
[1905]: (880.4434680928053,1)
[1906]: (880.0542682148333,1)
[1907]: (880.4905278701669,1)
[1908]: (880.6668150176854,1)
[1909]: (880.031137200496,1)
[1910]: (880.1217594480494,1)
[1911]: (880.606745108418,1)
[1912]: (880.1239446264809,1)
[1913]: (880.2166017632668,1)
[1914]: (880.0297092213087,1)
[1915]: (880.3009010357285,1)
[1916]: (880.6010779315588,1)
[1917]: (880.5537543610199,1)
[1918]: (881.8062407712998,1)
[1919]: (880.2178571847982,1)
[1920]: (880.1348251353326,1)
[1921]: (880.4561942008065,1)
[1922]: (880.2925731763785,1)
[1923]: (880.2724532992305,1)
[1924]: (880.0322124357614,1)
[1925]: (880.0912404009772,1)
[1926]: (880.0808702183748,1)
[1927]: (880.0063018357969,1)
[1928]: (880.5697463287119,1)
[1929]: (880.4073342576562,1)
[1930]: (881.3632866896054,1)
[1931]: (880.2508917244924,1)
[1932]: (880.9655138194547,1)
[1933]: (880.0538909508807,1)
[1934]: (880.5751805531401,1)
[1935]: (880.1334855219148,1)
[1936]: (880.0501898309562,1)
[1937]: (880.3663339865072,1)
[1938]: (880.3451560651911,1)
[1939]: (880.7782373769608,1)
[1940]: (881.5656286820314,1)
[1941]: (880.0596136528308,1)
[1942]: (880.2456416033093,1)
[1943]: (880.5893678649634,1)
[1944]: (880.7423166292793,1)
[1945]: (880.1480585343201,1)
[1946]: (880.27312916889,1)
[1947]: (880.2831223586387,1)
[1948]: (880.1250384405172,1)
[1949]: (880.5458313389389,1)
[1950]: (880.0148145422299,1)
[1951]: (880.314113487194,1)
[1952]: (880.2743232789815,1)
[1953]: (880.44874669442,1)
[1954]: (880.3241679832416,1)
[1955]: (880.1457826794244,1)
[1956]: (880.253530958537,1)
[1957]: (881.761313296061,1)
[1958]: (880.8173024560018,1)
[1959]: (880.1523758394674,1)
[1960]: (880.4878353010895,1)
[1961]: (880.2022672208486,1)
[1962]: (880.0536286609592,1)
[1963]: (880.4982082933794,1)
[1964]: (880.0136688855727,1)
[1965]: (880.1706308275715,1)
[1966]: (880.7564444507351,1)
[1967]: (880.0177110936532,1)
[1968]: (881.1864118070521,1)
[1969]: (880.7096916160543,1)
[1970]: (880.0266052384796,1)
[1971]: (880.2672710315226,1)
[1972]: (880.3865267320733,1)
[1973]: (880.1574364887794,1)
[1974]: (880.5179090412124,1)
[1975]: (880.0927152500764,1)
[1976]: (880.8384681985094,1)
[1977]: (880.8421164052983,1)
[1978]: (880.0471999848161,1)
[1979]: (880.4824052572059,1)
[1980]: (880.268721630074,1)
[1981]: (880.0475113508862,1)
[1982]: (880.1978054303187,1)
[1983]: (880.2214697056551,1)
[1984]: (880.2517277811062,1)
[1985]: (880.0594312144234,1)
[1986]: (881.7856580693168,1)
[1987]: (880.1998160200367,1)
[1988]: (880.1816548383072,1)
[1989]: (880.0754184868096,1)
[1990]: (880.2445983370167,1)
[1991]: (880.2640206410347,1)
[1992]: (880.8242853302288,1)
[1993]: (880.0693078261241,1)
[1994]: (881.0675586828038,1)
[1995]: (880.2756112729213,1)
[1996]: (880.0974295029017,1)
[1997]: (880.4748771668993,1)
[1998]: (880.1812015467701,1)
[1999]: (880.1146545869352,1)
 -- States explored : 0 states
 -- CPU user time used : 2516110 ms
 -- Virtual memory used : 44571216 KiB
 -- Resident memory used : 44532988 KiB
executionTime: 15006
