core file size          (blocks, -c) unlimited
data seg size           (kbytes, -d) unlimited
scheduling priority             (-e) 0
file size               (blocks, -f) unlimited
pending signals                 (-i) 4077086
max locked memory       (kbytes, -l) 64
max memory size         (kbytes, -m) 99614720
open files                      (-n) 4096
pipe size            (512 bytes, -p) 8
POSIX message queues     (bytes, -q) 819200
real-time priority              (-r) 0
stack size              (kbytes, -s) 8192
cpu time               (seconds, -t) unlimited
max user processes              (-u) 4077086
virtual memory          (kbytes, -v) 95000000
file locks                      (-x) unlimited
Options for the verification:
  Generating some trace
  Search order is random depth first
  Using conservative space optimisation
  Seed is 1556697677
  State space representation uses minimal constraint systems
  Using HashMap + Compress integers for discrete state storage

Verifying formula 1 at ../queries/SP_300_149_2.q:1
 -- Formula is satisfied.
(9000 runs)
Learning statistics for best strategy: 
	Number of resets: 0
	Number of iterations in last reset: 10
	Number of iterations in total: 10

 -- States explored : 0 states
 -- CPU user time used : 5986510 ms
 -- Virtual memory used : 44688940 KiB
 -- Resident memory used : 44650124 KiB

Verifying formula 2 at ../queries/SP_300_149_2.q:2
 -- Formula is satisfied.
Composer.Done:
[0]: (0,0) (1213.768949298554,1)
[1]: (1213.323741847403,1)
[2]: (1214.029983257268,1)
[3]: (1218.195520913923,1)
[4]: (1213.222332189219,1)
[5]: (1218.27001684375,1)
[6]: (1212.590661341794,1)
[7]: (1214.382942540727,1)
[8]: (1212.030336473867,1)
[9]: (1214.634286322948,1)
[10]: (1213.710267283773,1)
[11]: (1215.299118388049,1)
[12]: (1220.042872015344,1)
[13]: (1215.450797672092,1)
[14]: (1217.303411603563,1)
[15]: (1215.30684844418,1)
[16]: (1212.625567186674,1)
[17]: (1212.448361444445,1)
[18]: (1215.284883791787,1)
[19]: (1220.746719017728,1)
[20]: (1213.018027976895,1)
[21]: (1213.314088744306,1)
[22]: (1216.059866998398,1)
[23]: (1215.127241485562,1)
[24]: (1215.054675795202,1)
[25]: (1214.153194345087,1)
[26]: (1221.168910522125,1)
[27]: (1217.025519411182,1)
[28]: (1215.152681378248,1)
[29]: (1219.111194257808,1)
[30]: (1216.02848760314,1)
[31]: (1214.574370206492,1)
[32]: (1220.218831076405,1)
[33]: (1212.29531133882,1)
[34]: (1212.094313180977,1)
[35]: (1221.462804353026,1)
[36]: (1213.061901743923,1)
[37]: (1215.184819904889,1)
[38]: (1222.174234350633,1)
[39]: (1216.176688527716,1)
[40]: (1213.02787061429,1)
[41]: (1218.288961691223,1)
[42]: (1216.30624148561,1)
[43]: (1217.167610568309,1)
[44]: (1215.169732860865,1)
[45]: (1214.434113781545,1)
[46]: (1212.315242787022,1)
[47]: (1213.076836002721,1)
[48]: (1212.123113576771,1)
[49]: (1214.269745354546,1)
[50]: (1219.113077637516,1)
[51]: (1217.034875761619,1)
[52]: (1217.656943176619,1)
[53]: (1212.306995663966,1)
[54]: (1214.862354794887,1)
[55]: (1215.101865534855,1)
[56]: (1214.014852497833,1)
[57]: (1224.693765131143,1)
[58]: (1213.269646504507,1)
[59]: (1212.273289484787,1)
[60]: (1225.702288333013,1)
[61]: (1217.041762179117,1)
[62]: (1221.453200065989,1)
[63]: (1220.108158367028,1)
[64]: (1218.051534467737,1)
[65]: (1218.390988332743,1)
[66]: (1213.234407464908,1)
[67]: (1217.008893497845,1)
[68]: (1217.356322787911,1)
[69]: (1213.047285775103,1)
[70]: (1216.365142287846,1)
[71]: (1215.240570027234,1)
[72]: (1214.128221153911,1)
[73]: (1213.101188985059,1)
[74]: (1218.147332376737,1)
[75]: (1215.244670034119,1)
[76]: (1212.865813886386,1)
[77]: (1214.038091969832,1)
[78]: (1216.100603427968,1)
[79]: (1215.333411700891,1)
[80]: (1213.34385594621,1)
[81]: (1213.32168407514,1)
[82]: (1216.065677377274,1)
[83]: (1212.410929686182,1)
[84]: (1215.279249936239,1)
[85]: (1216.165882511756,1)
[86]: (1214.519633587603,1)
[87]: (1216.004752316017,1)
[88]: (1219.453553737191,1)
[89]: (1213.068168137279,1)
[90]: (1214.117554080503,1)
[91]: (1215.558312585132,1)
[92]: (1212.56731728833,1)
[93]: (1215.689563713677,1)
[94]: (1216.17106869623,1)
[95]: (1216.088071022632,1)
[96]: (1215.23865983889,1)
[97]: (1223.050641328719,1)
[98]: (1213.009189895607,1)
[99]: (1212.354055018604,1)
[100]: (1214.037578360713,1)
[101]: (1214.636788549153,1)
[102]: (1216.090647719723,1)
[103]: (1215.162206179078,1)
[104]: (1221.59579827949,1)
[105]: (1215.055639406829,1)
[106]: (1214.169147270904,1)
[107]: (1223.364511472481,1)
[108]: (1215.352626082179,1)
[109]: (1220.051025621032,1)
[110]: (1218.102866367794,1)
[111]: (1214.175902780969,1)
[112]: (1216.53653385047,1)
[113]: (1221.950266296778,1)
[114]: (1213.503339579846,1)
[115]: (1213.277144759762,1)
[116]: (1214.240789995189,1)
[117]: (1216.151522213901,1)
[118]: (1212.60316553808,1)
[119]: (1217.276511244745,1)
[120]: (1217.038490968036,1)
[121]: (1217.157262908288,1)
[122]: (1218.103772589974,1)
[123]: (1214.314126086627,1)
[124]: (1218.248257343081,1)
[125]: (1214.097289103968,1)
[126]: (1218.562107600708,1)
[127]: (1212.160007757214,1)
[128]: (1214.092694409723,1)
[129]: (1217.285920716416,1)
[130]: (1213.299468916207,1)
[131]: (1214.044487833384,1)
[132]: (1212.090336185329,1)
[133]: (1212.966674890707,1)
[134]: (1212.032071792836,1)
[135]: (1215.368505479623,1)
[136]: (1217.067519354659,1)
[137]: (1213.184051849983,1)
[138]: (1217.430944014894,1)
[139]: (1222.182129220832,1)
[140]: (1216.212692030829,1)
[141]: (1215.012782046347,1)
[142]: (1214.402373733808,1)
[143]: (1216.867336461185,1)
[144]: (1214.033755624042,1)
[145]: (1220.439664773815,1)
[146]: (1216.052316937724,1)
[147]: (1213.066731000439,1)
[148]: (1216.851709970309,1)
[149]: (1213.519259149316,1)
[150]: (1220.14119112668,1)
[151]: (1214.218974385762,1)
[152]: (1216.000359796194,1)
[153]: (1218.040906595517,1)
[154]: (1215.124446099687,1)
[155]: (1213.230458956484,1)
[156]: (1217.310465941302,1)
[157]: (1214.15539061959,1)
[158]: (1218.064881420401,1)
[159]: (1212.402823722164,1)
[160]: (1214.069185326391,1)
[161]: (1216.413822944689,1)
[162]: (1212.145659041545,1)
[163]: (1220.322153271181,1)
[164]: (1214.004356010012,1)
[165]: (1217.207227008933,1)
[166]: (1214.010591457366,1)
[167]: (1213.49843125944,1)
[168]: (1217.006767390649,1)
[169]: (1212.1687405566,1)
[170]: (1215.282493881833,1)
[171]: (1215.711570232875,1)
[172]: (1217.036172754061,1)
[173]: (1218.122437211189,1)
[174]: (1215.916692406029,1)
[175]: (1219.31950878676,1)
[176]: (1212.123551177998,1)
[177]: (1217.002491386376,1)
[178]: (1212.256165419469,1)
[179]: (1218.07694411122,1)
[180]: (1212.067703407322,1)
[181]: (1213.263965000714,1)
[182]: (1216.017577256265,1)
[183]: (1213.090512040449,1)
[184]: (1213.04956679761,1)
[185]: (1215.604250308261,1)
[186]: (1221.258506900335,1)
[187]: (1214.118264510548,1)
[188]: (1214.003582416763,1)
[189]: (1212.148255050881,1)
[190]: (1212.02500361622,1)
[191]: (1222.53651125583,1)
[192]: (1219.328241251151,1)
[193]: (1215.039894672583,1)
[194]: (1216.000585289096,1)
[195]: (1218.479331759478,1)
[196]: (1218.136598959116,1)
[197]: (1220.886450793658,1)
[198]: (1213.09202076807,1)
[199]: (1217.194825293872,1)
[200]: (1219.219482509541,1)
[201]: (1215.204119425974,1)
[202]: (1219.243889015167,1)
[203]: (1222.052412401977,1)
[204]: (1219.898259046431,1)
[205]: (1221.216131860284,1)
[206]: (1213.164932684414,1)
[207]: (1215.003275311562,1)
[208]: (1218.463730093331,1)
[209]: (1212.469470304876,1)
[210]: (1218.758704045818,1)
[211]: (1216.188695936199,1)
[212]: (1217.03643159997,1)
[213]: (1212.477074548394,1)
[214]: (1214.535377198771,1)
[215]: (1214.509898645652,1)
[216]: (1220.049856021878,1)
[217]: (1213.133837169619,1)
[218]: (1212.337680630938,1)
[219]: (1214.525001349387,1)
[220]: (1214.222581651292,1)
[221]: (1217.123935503122,1)
[222]: (1215.114707113687,1)
[223]: (1214.382776668918,1)
[224]: (1220.209045728609,1)
[225]: (1212.196872466333,1)
[226]: (1212.0816756534,1)
[227]: (1212.236042560883,1)
[228]: (1225.224367916292,1)
[229]: (1213.303391219473,1)
[230]: (1214.008751030886,1)
[231]: (1219.152004370565,1)
[232]: (1216.250559310467,1)
[233]: (1213.068303936844,1)
[234]: (1222.052560628817,1)
[235]: (1213.242064790723,1)
[236]: (1219.020222005527,1)
[237]: (1212.211472188492,1)
[238]: (1214.200771875969,1)
[239]: (1212.016880436865,1)
[240]: (1214.04658936271,1)
[241]: (1214.031346163829,1)
[242]: (1217.256698225307,1)
[243]: (1216.185760610179,1)
[244]: (1218.908717131211,1)
[245]: (1213.041891082641,1)
[246]: (1213.204963967473,1)
[247]: (1212.688697212993,1)
[248]: (1214.453538841825,1)
[249]: (1214.544210761376,1)
[250]: (1215.097303271913,1)
[251]: (1214.024145271276,1)
[252]: (1214.877709583379,1)
[253]: (1217.577353295788,1)
[254]: (1222.414976139353,1)
[255]: (1216.188525042125,1)
[256]: (1212.558190089464,1)
[257]: (1215.30539919126,1)
[258]: (1213.181687034617,1)
[259]: (1218.288927446074,1)
[260]: (1212.603357186057,1)
[261]: (1215.124951519903,1)
[262]: (1212.374015083625,1)
[263]: (1212.33700139268,1)
[264]: (1213.133891286215,1)
[265]: (1217.071253584168,1)
[266]: (1214.257312711992,1)
[267]: (1216.452635985253,1)
[268]: (1213.161552198266,1)
[269]: (1213.986962443289,1)
[270]: (1216.383772004765,1)
[271]: (1216.361081742304,1)
[272]: (1215.367659075576,1)
[273]: (1218.145526733337,1)
[274]: (1215.33214367433,1)
[275]: (1221.394806538188,1)
[276]: (1214.607963399871,1)
[277]: (1215.46415519175,1)
[278]: (1215.21837050676,1)
[279]: (1220.7810714015,1)
[280]: (1218.2130251498,1)
[281]: (1220.645281775698,1)
[282]: (1216.631476631815,1)
[283]: (1221.172720532012,1)
[284]: (1216.355715155822,1)
[285]: (1215.957457814316,1)
[286]: (1218.231598772353,1)
[287]: (1212.319712860537,1)
[288]: (1214.181055817848,1)
[289]: (1216.043495940631,1)
[290]: (1213.427008639442,1)
[291]: (1215.207860227378,1)
[292]: (1215.044260395083,1)
[293]: (1213.333010607743,1)
[294]: (1220.612508541394,1)
[295]: (1219.202045381595,1)
[296]: (1215.374746298466,1)
[297]: (1216.154876056449,1)
[298]: (1217.239091911718,1)
[299]: (1219.241749811216,1)
[300]: (1214.202273647984,1)
[301]: (1213.217139181875,1)
[302]: (1213.486764967221,1)
[303]: (1215.427260946066,1)
[304]: (1220.276204660013,1)
[305]: (1223.117990648921,1)
[306]: (1219.016526809241,1)
[307]: (1214.401670930565,1)
[308]: (1215.406399888169,1)
[309]: (1218.001180981498,1)
[310]: (1220.427205920849,1)
[311]: (1224.743600303941,1)
[312]: (1213.160252549617,1)
[313]: (1215.027686717212,1)
[314]: (1215.705407930347,1)
[315]: (1213.623731540911,1)
[316]: (1215.568179840056,1)
[317]: (1213.002537527841,1)
[318]: (1213.199426828155,1)
[319]: (1213.149266255988,1)
[320]: (1213.256963986302,1)
[321]: (1214.267715456669,1)
[322]: (1216.452256066132,1)
[323]: (1215.042644114479,1)
[324]: (1214.4821263924,1)
[325]: (1215.031382002392,1)
[326]: (1219.059926882212,1)
[327]: (1217.748912556017,1)
[328]: (1218.176380539509,1)
[329]: (1222.222965177926,1)
[330]: (1215.332491066228,1)
[331]: (1213.099182746654,1)
[332]: (1215.06635214432,1)
[333]: (1216.032308161999,1)
[334]: (1213.117460272599,1)
[335]: (1220.010970806916,1)
[336]: (1219.011237004532,1)
[337]: (1216.043639618255,1)
[338]: (1215.47847044241,1)
[339]: (1221.292478001581,1)
[340]: (1215.253093296344,1)
[341]: (1215.411764750637,1)
[342]: (1222.255091798085,1)
[343]: (1213.553383090162,1)
[344]: (1216.433060528498,1)
[345]: (1219.249015989303,1)
[346]: (1213.095215042357,1)
[347]: (1212.891273143661,1)
[348]: (1213.837800865954,1)
[349]: (1216.037124691582,1)
[350]: (1212.624592023397,1)
[351]: (1212.338182254931,1)
[352]: (1214.296051255821,1)
[353]: (1214.71557978604,1)
[354]: (1213.129818923422,1)
[355]: (1219.263676700622,1)
[356]: (1220.01721722248,1)
[357]: (1212.063652264889,1)
[358]: (1219.653083203425,1)
[359]: (1215.541495051616,1)
[360]: (1214.496313112814,1)
[361]: (1215.87347718619,1)
[362]: (1214.040479183144,1)
[363]: (1215.105715341323,1)
[364]: (1216.166601258827,1)
[365]: (1213.183936719312,1)
[366]: (1216.097641361063,1)
[367]: (1214.667564326385,1)
[368]: (1213.617095303982,1)
[369]: (1216.106416869254,1)
[370]: (1215.117169420794,1)
[371]: (1217.166406075704,1)
[372]: (1212.46736736256,1)
[373]: (1213.141233892577,1)
[374]: (1212.023832130528,1)
[375]: (1218.043371500804,1)
[376]: (1214.567164227193,1)
[377]: (1215.249469176522,1)
[378]: (1215.455485951408,1)
[379]: (1216.691904647344,1)
[380]: (1216.049546753226,1)
[381]: (1217.293721803365,1)
[382]: (1218.181699771331,1)
[383]: (1220.229024988754,1)
[384]: (1212.280958371864,1)
[385]: (1219.052039403147,1)
[386]: (1212.151086733234,1)
[387]: (1212.096460488305,1)
[388]: (1218.275433945057,1)
[389]: (1213.114091975049,1)
[390]: (1213.193632637345,1)
[391]: (1214.358550562257,1)
[392]: (1217.695278226002,1)
[393]: (1214.30370966123,1)
[394]: (1215.089929533434,1)
[395]: (1218.706183095379,1)
[396]: (1218.043359845278,1)
[397]: (1219.511756791939,1)
[398]: (1213.455718057217,1)
[399]: (1213.493568534549,1)
[400]: (1218.398006540492,1)
[401]: (1214.204100692786,1)
[402]: (1218.36271355981,1)
[403]: (1220.120385565041,1)
[404]: (1216.311340355083,1)
[405]: (1212.235026812236,1)
[406]: (1220.474461936355,1)
[407]: (1212.409517283389,1)
[408]: (1216.93238847389,1)
[409]: (1222.006772763149,1)
[410]: (1218.074171480667,1)
[411]: (1216.13297304796,1)
[412]: (1213.080887341261,1)
[413]: (1216.013213441471,1)
[414]: (1217.059383375674,1)
[415]: (1212.080573420047,1)
[416]: (1212.236866919352,1)
[417]: (1212.281539913248,1)
[418]: (1215.285514785422,1)
[419]: (1215.20035185159,1)
[420]: (1212.885251675079,1)
[421]: (1218.127649137311,1)
[422]: (1216.100602920037,1)
[423]: (1217.573246751632,1)
[424]: (1217.151775837524,1)
[425]: (1218.121814591224,1)
[426]: (1212.338526035872,1)
[427]: (1213.060283521819,1)
[428]: (1224.335079551227,1)
[429]: (1214.140902881813,1)
[430]: (1213.067101431553,1)
[431]: (1213.221488422401,1)
[432]: (1217.13207877541,1)
[433]: (1214.282832339668,1)
[434]: (1215.174926861534,1)
[435]: (1216.593491971216,1)
[436]: (1213.226443420021,1)
[437]: (1216.117824980618,1)
[438]: (1217.09555885621,1)
[439]: (1220.17179107478,1)
[440]: (1219.097325845255,1)
[441]: (1214.181292330039,1)
[442]: (1212.023689683629,1)
[443]: (1222.635899324038,1)
[444]: (1212.0206400752,1)
[445]: (1212.322376429424,1)
[446]: (1214.4870641141,1)
[447]: (1216.623519873385,1)
[448]: (1216.093116953299,1)
[449]: (1213.377127132535,1)
[450]: (1220.236071135333,1)
[451]: (1216.10049586279,1)
[452]: (1214.190208810562,1)
[453]: (1216.072285031588,1)
[454]: (1213.84945421154,1)
[455]: (1213.013096072189,1)
[456]: (1215.694362163661,1)
[457]: (1215.226538399452,1)
[458]: (1212.0708315709,1)
[459]: (1213.037563474897,1)
[460]: (1216.003320775397,1)
[461]: (1213.234996021875,1)
[462]: (1216.613770045771,1)
[463]: (1214.739827677727,1)
[464]: (1216.028750936825,1)
[465]: (1215.112793159903,1)
[466]: (1221.091639948617,1)
[467]: (1212.321239000185,1)
[468]: (1216.850992232297,1)
[469]: (1213.199189694638,1)
[470]: (1221.31172275536,1)
[471]: (1216.231517109544,1)
[472]: (1213.797455731633,1)
[473]: (1212.387543937737,1)
[474]: (1215.400292711657,1)
[475]: (1215.38515912125,1)
[476]: (1213.046795089794,1)
[477]: (1212.024276268266,1)
[478]: (1213.22784602215,1)
[479]: (1218.614588857894,1)
[480]: (1214.143064104286,1)
[481]: (1215.921305674172,1)
[482]: (1219.009524910213,1)
[483]: (1218.416273686777,1)
[484]: (1216.024159082139,1)
[485]: (1220.072092982063,1)
[486]: (1218.266129006156,1)
[487]: (1215.303369475551,1)
[488]: (1213.205272370615,1)
[489]: (1216.051333880694,1)
[490]: (1217.265845116885,1)
[491]: (1214.16639371449,1)
[492]: (1217.024019037818,1)
[493]: (1219.321191689425,1)
[494]: (1213.102701379231,1)
[495]: (1215.534732949922,1)
[496]: (1213.023787956525,1)
[497]: (1212.0337858876,1)
[498]: (1212.034150052303,1)
[499]: (1213.202249549187,1)
[500]: (1212.229622417375,1)
[501]: (1214.783961175647,1)
[502]: (1215.322482661084,1)
[503]: (1227.194254270699,1)
[504]: (1212.141559532125,1)
[505]: (1219.636798099657,1)
[506]: (1214.311171383952,1)
[507]: (1212.279341550589,1)
[508]: (1213.367508340006,1)
[509]: (1213.642839835482,1)
[510]: (1216.39961526389,1)
[511]: (1213.096927633129,1)
[512]: (1217.626908002114,1)
[513]: (1212.01483474279,1)
[514]: (1217.076692191415,1)
[515]: (1212.072394348875,1)
[516]: (1213.227137817325,1)
[517]: (1214.187791552042,1)
[518]: (1213.01243087861,1)
[519]: (1215.015734539925,1)
[520]: (1219.789168309768,1)
[521]: (1214.014648294281,1)
[522]: (1219.394638984312,1)
[523]: (1212.088676960748,1)
[524]: (1217.736253098837,1)
[525]: (1219.047449541306,1)
[526]: (1217.89484837911,1)
[527]: (1217.874072191837,1)
[528]: (1213.466053249622,1)
[529]: (1212.004267490018,1)
[530]: (1213.220018056551,1)
[531]: (1215.417347836132,1)
[532]: (1214.296305464893,1)
[533]: (1217.17158188675,1)
[534]: (1225.372888265913,1)
[535]: (1218.412992704145,1)
[536]: (1216.003309166553,1)
[537]: (1213.12716844428,1)
[538]: (1212.268918141684,1)
[539]: (1215.364933924993,1)
[540]: (1213.213438260358,1)
[541]: (1213.184798092122,1)
[542]: (1215.274143387245,1)
[543]: (1224.745902949951,1)
[544]: (1217.831259835129,1)
[545]: (1213.312024538159,1)
[546]: (1214.222757405733,1)
[547]: (1214.102601688526,1)
[548]: (1223.644205552629,1)
[549]: (1214.396507942543,1)
[550]: (1216.329797610884,1)
[551]: (1214.033008837175,1)
[552]: (1213.076532648369,1)
[553]: (1213.62446505599,1)
[554]: (1213.015163270886,1)
[555]: (1218.007404627246,1)
[556]: (1217.189141473895,1)
[557]: (1212.317344083554,1)
[558]: (1216.398548987647,1)
[559]: (1215.074449321528,1)
[560]: (1215.453691167525,1)
[561]: (1215.024716104982,1)
[562]: (1214.736420322698,1)
[563]: (1212.211930440948,1)
[564]: (1218.002039138593,1)
[565]: (1215.661649840537,1)
[566]: (1213.061237114146,1)
[567]: (1213.235038738371,1)
[568]: (1222.893100316508,1)
[569]: (1214.40031936898,1)
[570]: (1215.575223854693,1)
[571]: (1219.927392933674,1)
[572]: (1214.286244063594,1)
[573]: (1216.246653097348,1)
[574]: (1214.087420659775,1)
[575]: (1219.531573074132,1)
[576]: (1214.292221799171,1)
[577]: (1216.555833310607,1)
[578]: (1217.026117727361,1)
[579]: (1216.418011867201,1)
[580]: (1216.665105629018,1)
[581]: (1214.186165216682,1)
[582]: (1215.36242993239,1)
[583]: (1217.148631069376,1)
[584]: (1212.114870672492,1)
[585]: (1212.059793921886,1)
[586]: (1212.00901298047,1)
[587]: (1213.065572346227,1)
[588]: (1214.25797002745,1)
[589]: (1219.624100356356,1)
[590]: (1215.104424447192,1)
[591]: (1224.535662405502,1)
[592]: (1213.609233579611,1)
[593]: (1215.210638910071,1)
[594]: (1214.283033082623,1)
[595]: (1217.554109183093,1)
[596]: (1214.501272848858,1)
[597]: (1218.205098463717,1)
[598]: (1219.380186019003,1)
[599]: (1214.312011171229,1)
[600]: (1220.180447010433,1)
[601]: (1212.04614735845,1)
[602]: (1215.112495331728,1)
[603]: (1214.38811594144,1)
[604]: (1218.008572611166,1)
[605]: (1212.190298615887,1)
[606]: (1218.445388180111,1)
[607]: (1217.130271803396,1)
[608]: (1212.069947785794,1)
[609]: (1213.386786073915,1)
[610]: (1221.398849467359,1)
[611]: (1221.192377372439,1)
[612]: (1212.382726307336,1)
[613]: (1217.675111616679,1)
[614]: (1217.123723675993,1)
[615]: (1220.521194462577,1)
[616]: (1215.20785582378,1)
[617]: (1212.105468089059,1)
[618]: (1217.26327964963,1)
[619]: (1213.172094913828,1)
[620]: (1221.27890303755,1)
[621]: (1212.028563510079,1)
[622]: (1212.488070199123,1)
[623]: (1215.099269629177,1)
[624]: (1221.65268708278,1)
[625]: (1213.296785500854,1)
[626]: (1212.320093922215,1)
[627]: (1214.043162066242,1)
[628]: (1215.28142578286,1)
[629]: (1212.639565257171,1)
[630]: (1217.006737829358,1)
[631]: (1213.203926868643,1)
[632]: (1216.489187196231,1)
[633]: (1225.32358911295,1)
[634]: (1212.751475849828,1)
[635]: (1212.050133264496,1)
[636]: (1217.044434064052,1)
[637]: (1220.140401639789,1)
[638]: (1219.26276211545,1)
[639]: (1213.351529556829,1)
[640]: (1212.047783498677,1)
[641]: (1216.392144241605,1)
[642]: (1217.178209799797,1)
[643]: (1214.102243612855,1)
[644]: (1214.729560859306,1)
[645]: (1213.492759466448,1)
[646]: (1215.200082681214,1)
[647]: (1213.958615141292,1)
[648]: (1218.142729178082,1)
[649]: (1216.227142815942,1)
[650]: (1214.267331059256,1)
[651]: (1214.269446010133,1)
[652]: (1214.048527838934,1)
[653]: (1215.021476038391,1)
[654]: (1223.551933932572,1)
[655]: (1218.300254893311,1)
[656]: (1213.138755404873,1)
[657]: (1213.224033869665,1)
[658]: (1221.210011506633,1)
[659]: (1218.08560674559,1)
[660]: (1213.365098083669,1)
[661]: (1216.336004632075,1)
[662]: (1214.537077507685,1)
[663]: (1214.046977151361,1)
[664]: (1214.281407641309,1)
[665]: (1212.042207171629,1)
[666]: (1218.043537782866,1)
[667]: (1214.040621573953,1)
[668]: (1213.547535521102,1)
[669]: (1217.084963441256,1)
[670]: (1215.093105691569,1)
[671]: (1213.375138520692,1)
[672]: (1213.256667457794,1)
[673]: (1215.179219612613,1)
[674]: (1217.358994460653,1)
[675]: (1214.501907932193,1)
[676]: (1216.01309642555,1)
[677]: (1213.157465259454,1)
[678]: (1215.108037679558,1)
[679]: (1217.150010193255,1)
[680]: (1214.432732194443,1)
[681]: (1214.2680288528,1)
[682]: (1218.102258779361,1)
[683]: (1213.104404899321,1)
[684]: (1217.489995592879,1)
[685]: (1217.07576319894,1)
[686]: (1221.300239590332,1)
[687]: (1215.070883735586,1)
[688]: (1217.248490144152,1)
[689]: (1212.26753759251,1)
[690]: (1213.059562148439,1)
[691]: (1221.741074635641,1)
[692]: (1220.215765387938,1)
[693]: (1212.151854428477,1)
[694]: (1212.319412092163,1)
[695]: (1218.735615044792,1)
[696]: (1216.242423672119,1)
[697]: (1217.081173212476,1)
[698]: (1212.122428078359,1)
[699]: (1214.123694039906,1)
[700]: (1222.038349041171,1)
[701]: (1219.714151108556,1)
[702]: (1213.124666559531,1)
[703]: (1213.212279835074,1)
[704]: (1213.094561966261,1)
[705]: (1213.182201493097,1)
[706]: (1215.292234891031,1)
[707]: (1215.114059104191,1)
[708]: (1212.262476966195,1)
[709]: (1212.301590426899,1)
[710]: (1214.434264298969,1)
[711]: (1217.10403064145,1)
[712]: (1216.250935751383,1)
[713]: (1214.437861324816,1)
[714]: (1216.055577222644,1)
[715]: (1212.101608234052,1)
[716]: (1213.251106240841,1)
[717]: (1213.706574976161,1)
[718]: (1214.196516859355,1)
[719]: (1217.133017920496,1)
[720]: (1226.547457296693,1)
[721]: (1212.066519095222,1)
[722]: (1214.047954036509,1)
[723]: (1219.805669436916,1)
[724]: (1213.028142495826,1)
[725]: (1216.585086202919,1)
[726]: (1215.694732293088,1)
[727]: (1216.020584594906,1)
[728]: (1214.327065014301,1)
[729]: (1212.284737579812,1)
[730]: (1212.520802866975,1)
[731]: (1213.541824213867,1)
[732]: (1217.075315683033,1)
[733]: (1220.110813348291,1)
[734]: (1218.439470917922,1)
[735]: (1213.881859750626,1)
[736]: (1214.041100075227,1)
[737]: (1213.183516945143,1)
[738]: (1214.306804139847,1)
[739]: (1212.055929205521,1)
[740]: (1215.611357890257,1)
[741]: (1218.582728491459,1)
[742]: (1215.135614227609,1)
[743]: (1215.107657447432,1)
[744]: (1212.180920872238,1)
[745]: (1222.735734073755,1)
[746]: (1219.370515422501,1)
[747]: (1214.425246550943,1)
[748]: (1213.276056619081,1)
[749]: (1218.234942255232,1)
[750]: (1214.580735815388,1)
[751]: (1213.027489671609,1)
[752]: (1216.883580282358,1)
[753]: (1216.046816341849,1)
[754]: (1218.041943139621,1)
[755]: (1213.788858824168,1)
[756]: (1212.40000199854,1)
[757]: (1212.965645391926,1)
[758]: (1222.111799713346,1)
[759]: (1213.123027283922,1)
[760]: (1212.450997399686,1)
[761]: (1214.06429405521,1)
[762]: (1225.518996071048,1)
[763]: (1215.442958555352,1)
[764]: (1214.317392526541,1)
[765]: (1217.033329120605,1)
[766]: (1219.165736738099,1)
[767]: (1215.434037593081,1)
[768]: (1213.008481496187,1)
[769]: (1214.210308449721,1)
[770]: (1214.230655156635,1)
[771]: (1218.011354594079,1)
[772]: (1216.033447130988,1)
[773]: (1212.133806803353,1)
[774]: (1217.480932968603,1)
[775]: (1219.449526034947,1)
[776]: (1215.226491141537,1)
[777]: (1217.266471983093,1)
[778]: (1217.379462533973,1)
[779]: (1214.025131474308,1)
[780]: (1220.123688603649,1)
[781]: (1212.207253786807,1)
[782]: (1212.136131452235,1)
[783]: (1215.08042364968,1)
[784]: (1221.105931060294,1)
[785]: (1218.361411869203,1)
[786]: (1215.768927603575,1)
[787]: (1214.160175515161,1)
[788]: (1214.79235315545,1)
[789]: (1214.264431773657,1)
[790]: (1222.204461052922,1)
[791]: (1212.382278518293,1)
[792]: (1215.392890198968,1)
[793]: (1221.2573729326,1)
[794]: (1213.003300240344,1)
[795]: (1215.082329217499,1)
[796]: (1219.137321430108,1)
[797]: (1218.229233890976,1)
[798]: (1215.152864279728,1)
[799]: (1213.011491644399,1)
[800]: (1222.106636328476,1)
[801]: (1212.169414932781,1)
[802]: (1217.017247001304,1)
[803]: (1215.141833765361,1)
[804]: (1213.751463677514,1)
[805]: (1214.53388351128,1)
[806]: (1221.192194006882,1)
[807]: (1217.282854904272,1)
[808]: (1218.419400880342,1)
[809]: (1217.222953484489,1)
[810]: (1214.316373236942,1)
[811]: (1212.09263172246,1)
[812]: (1218.417591552263,1)
[813]: (1212.075789765278,1)
[814]: (1217.07849634195,1)
[815]: (1216.068736160855,1)
[816]: (1219.717258950736,1)
[817]: (1214.461550574386,1)
[818]: (1214.233678042699,1)
[819]: (1219.261511668222,1)
[820]: (1217.0025398543,1)
[821]: (1219.004438485793,1)
[822]: (1215.323172961341,1)
[823]: (1217.029864704755,1)
[824]: (1218.375743344247,1)
[825]: (1226.333471802533,1)
[826]: (1213.727635749486,1)
[827]: (1212.846980121911,1)
[828]: (1214.046006016465,1)
[829]: (1218.44571483051,1)
[830]: (1213.115876394928,1)
[831]: (1223.281023615549,1)
[832]: (1213.108911593494,1)
[833]: (1213.883634065483,1)
[834]: (1215.305295120888,1)
[835]: (1215.142652615134,1)
[836]: (1213.446667751193,1)
[837]: (1215.239327763356,1)
[838]: (1215.397858117371,1)
[839]: (1212.042672757448,1)
[840]: (1216.330089109802,1)
[841]: (1218.100916210764,1)
[842]: (1213.554607969511,1)
[843]: (1217.041438751455,1)
[844]: (1212.283123244804,1)
[845]: (1215.468748007557,1)
[846]: (1219.906814818213,1)
[847]: (1220.19715689668,1)
[848]: (1216.046790170526,1)
[849]: (1216.01207900434,1)
[850]: (1213.331188435618,1)
[851]: (1218.048184422599,1)
[852]: (1219.262296898235,1)
[853]: (1214.191675651393,1)
[854]: (1223.030751477892,1)
[855]: (1213.162194245216,1)
[856]: (1220.04622150391,1)
[857]: (1213.564392629277,1)
[858]: (1215.152550071395,1)
[859]: (1212.355676627701,1)
[860]: (1214.140823229263,1)
[861]: (1212.76328199778,1)
[862]: (1223.465161081553,1)
[863]: (1215.83567305466,1)
[864]: (1216.169256350624,1)
[865]: (1224.21766438322,1)
[866]: (1221.221733989761,1)
[867]: (1212.316290338326,1)
[868]: (1219.001768783974,1)
[869]: (1219.612397993411,1)
[870]: (1212.082581992543,1)
[871]: (1219.107458898255,1)
[872]: (1213.012865424949,1)
[873]: (1213.286416015938,1)
[874]: (1212.668384284217,1)
[875]: (1218.047352203596,1)
[876]: (1215.257098081716,1)
[877]: (1213.421478655082,1)
[878]: (1215.866710694894,1)
[879]: (1212.287125958835,1)
[880]: (1217.262047150005,1)
[881]: (1215.005560521755,1)
[882]: (1213.501508553678,1)
[883]: (1216.980424962442,1)
[884]: (1214.338065262744,1)
[885]: (1216.189386240371,1)
[886]: (1220.144993778069,1)
[887]: (1215.565836388889,1)
[888]: (1216.124905932037,1)
[889]: (1218.220329949955,1)
[890]: (1218.239172320125,1)
[891]: (1215.157445237922,1)
[892]: (1213.744326629793,1)
[893]: (1217.422932236623,1)
[894]: (1212.326200494299,1)
[895]: (1218.262577446471,1)
[896]: (1219.135403997504,1)
[897]: (1213.262628321598,1)
[898]: (1215.391406174526,1)
[899]: (1219.986885530752,1)
[900]: (1214.331750889885,1)
[901]: (1212.047763782292,1)
[902]: (1213.878230854943,1)
[903]: (1219.425260318552,1)
[904]: (1212.757452048322,1)
[905]: (1217.05839670947,1)
[906]: (1215.304608748749,1)
[907]: (1217.409350454557,1)
[908]: (1222.232702110568,1)
[909]: (1213.367970836617,1)
[910]: (1218.376279360071,1)
[911]: (1215.829380086885,1)
[912]: (1221.104485354556,1)
[913]: (1213.241665064984,1)
[914]: (1222.418999380025,1)
[915]: (1215.025423397592,1)
[916]: (1216.175720489516,1)
[917]: (1223.611186044362,1)
[918]: (1222.213969894495,1)
[919]: (1219.24664876444,1)
[920]: (1219.455438852693,1)
[921]: (1218.544192937071,1)
[922]: (1217.02187718138,1)
[923]: (1215.033372538095,1)
[924]: (1212.17993689235,1)
[925]: (1220.040432147458,1)
[926]: (1213.471906978315,1)
[927]: (1218.16290342925,1)
[928]: (1213.23214322235,1)
[929]: (1213.006185376112,1)
[930]: (1226.291862543466,1)
[931]: (1216.068954602066,1)
[932]: (1214.388504456838,1)
[933]: (1217.694873016763,1)
[934]: (1218.386399710877,1)
[935]: (1217.053849260632,1)
[936]: (1214.072581897811,1)
[937]: (1213.204176941173,1)
[938]: (1218.245997903197,1)
[939]: (1215.37663202668,1)
[940]: (1220.621138643038,1)
[941]: (1219.337300789866,1)
[942]: (1216.102463326419,1)
[943]: (1213.017007329574,1)
[944]: (1214.790118673324,1)
[945]: (1225.095470205393,1)
[946]: (1216.177089816785,1)
[947]: (1220.046460147903,1)
[948]: (1216.033809563159,1)
[949]: (1214.027217368354,1)
[950]: (1217.192983164573,1)
[951]: (1216.477143121731,1)
[952]: (1214.110689985029,1)
[953]: (1215.040531817957,1)
[954]: (1217.287743850545,1)
[955]: (1216.093956195318,1)
[956]: (1216.946891892641,1)
[957]: (1215.403264194245,1)
[958]: (1215.396993120794,1)
[959]: (1214.027088818241,1)
[960]: (1213.309291132173,1)
[961]: (1213.226704085033,1)
[962]: (1212.19364665341,1)
[963]: (1214.180225765409,1)
[964]: (1217.132270590374,1)
[965]: (1214.357099723188,1)
[966]: (1215.212822832121,1)
[967]: (1213.508176961894,1)
[968]: (1214.178525109507,1)
[969]: (1216.141944457987,1)
[970]: (1214.054332742909,1)
[971]: (1226.334056563095,1)
[972]: (1217.032498905945,1)
[973]: (1212.17869974833,1)
[974]: (1212.124663218672,1)
[975]: (1215.063851667642,1)
[976]: (1217.319964099349,1)
[977]: (1214.345718736974,1)
[978]: (1215.9893435679,1)
[979]: (1215.755116711243,1)
[980]: (1218.711988408362,1)
[981]: (1214.835973020319,1)
[982]: (1213.675251098713,1)
[983]: (1213.574272224029,1)
[984]: (1228.416574144306,1)
[985]: (1215.878257022649,1)
[986]: (1216.498271876505,1)
[987]: (1212.250434368446,1)
[988]: (1218.155965289884,1)
[989]: (1215.329963545771,1)
[990]: (1213.014207314365,1)
[991]: (1218.02248007507,1)
[992]: (1214.106625558549,1)
[993]: (1216.42765243135,1)
[994]: (1212.485858654719,1)
[995]: (1213.022917723829,1)
[996]: (1218.448382721095,1)
[997]: (1214.240891959365,1)
[998]: (1214.026304563279,1)
[999]: (1214.297458107968,1)
[1000]: (1219.013918203359,1)
[1001]: (1212.279396816635,1)
[1002]: (1213.644284414152,1)
[1003]: (1212.691635099676,1)
[1004]: (1213.313432150349,1)
[1005]: (1216.164695526337,1)
[1006]: (1214.009840327669,1)
[1007]: (1218.052442343576,1)
[1008]: (1217.296195329236,1)
[1009]: (1212.016414952389,1)
[1010]: (1213.414209973914,1)
[1011]: (1212.398647597812,1)
[1012]: (1215.178289677022,1)
[1013]: (1218.31144201137,1)
[1014]: (1221.248828823434,1)
[1015]: (1215.383055149101,1)
[1016]: (1213.558612799317,1)
[1017]: (1212.67023385169,1)
[1018]: (1216.770688175113,1)
[1019]: (1216.527542104374,1)
[1020]: (1215.131140535991,1)
[1021]: (1218.009064397918,1)
[1022]: (1220.300696548435,1)
[1023]: (1215.478932960512,1)
[1024]: (1217.44082192991,1)
[1025]: (1213.423833647998,1)
[1026]: (1216.381181330957,1)
[1027]: (1221.137704293585,1)
[1028]: (1216.585889695224,1)
[1029]: (1212.703938224717,1)
[1030]: (1216.212950326029,1)
[1031]: (1217.022035602185,1)
[1032]: (1214.568364204053,1)
[1033]: (1213.022436771762,1)
[1034]: (1213.390364658537,1)
[1035]: (1213.662553216186,1)
[1036]: (1217.912661694398,1)
[1037]: (1215.197142143,1)
[1038]: (1213.136132834921,1)
[1039]: (1217.11142887296,1)
[1040]: (1215.025027979949,1)
[1041]: (1214.407303487901,1)
[1042]: (1212.251454844018,1)
[1043]: (1213.19471264395,1)
[1044]: (1212.29697072732,1)
[1045]: (1217.28484292025,1)
[1046]: (1214.59388980523,1)
[1047]: (1216.085609966263,1)
[1048]: (1213.040934733504,1)
[1049]: (1215.041415007813,1)
[1050]: (1215.15258531927,1)
[1051]: (1219.16626415499,1)
[1052]: (1218.035302270928,1)
[1053]: (1214.182536221636,1)
[1054]: (1212.047410563467,1)
[1055]: (1217.832896122742,1)
[1056]: (1221.078701950851,1)
[1057]: (1225.01638752452,1)
[1058]: (1214.623891579649,1)
[1059]: (1214.120525661654,1)
[1060]: (1218.118920549198,1)
[1061]: (1213.201178226031,1)
[1062]: (1220.924468297044,1)
[1063]: (1222.019606255126,1)
[1064]: (1213.113907562338,1)
[1065]: (1217.541928749144,1)
[1066]: (1214.476884020998,1)
[1067]: (1226.411050566757,1)
[1068]: (1221.228464441313,1)
[1069]: (1217.091522197084,1)
[1070]: (1213.209891792848,1)
[1071]: (1223.198183778768,1)
[1072]: (1214.419946544252,1)
[1073]: (1225.202763164109,1)
[1074]: (1212.237067292171,1)
[1075]: (1219.560850705537,1)
[1076]: (1218.184235183936,1)
[1077]: (1214.335547646138,1)
[1078]: (1222.633535380057,1)
[1079]: (1216.27923591543,1)
[1080]: (1221.157949686881,1)
[1081]: (1213.024888668374,1)
[1082]: (1213.820348286771,1)
[1083]: (1213.209820279932,1)
[1084]: (1217.063244244776,1)
[1085]: (1219.323182141084,1)
[1086]: (1213.081979113224,1)
[1087]: (1218.12380569025,1)
[1088]: (1219.524580499329,1)
[1089]: (1213.130400096467,1)
[1090]: (1222.11969496049,1)
[1091]: (1217.061783879399,1)
[1092]: (1213.179120471507,1)
[1093]: (1220.53475475172,1)
[1094]: (1213.862512634637,1)
[1095]: (1216.273579672326,1)
[1096]: (1221.080815083002,1)
[1097]: (1218.714282774633,1)
[1098]: (1214.484590906834,1)
[1099]: (1223.134688243631,1)
[1100]: (1221.346840198953,1)
[1101]: (1217.635040367147,1)
[1102]: (1220.046756209712,1)
[1103]: (1213.889459594672,1)
[1104]: (1214.385177181603,1)
[1105]: (1217.558293787874,1)
[1106]: (1216.405262296483,1)
[1107]: (1218.771194626717,1)
[1108]: (1217.029232165294,1)
[1109]: (1218.515630392215,1)
[1110]: (1212.429007914231,1)
[1111]: (1212.461035932298,1)
[1112]: (1213.313320896416,1)
[1113]: (1213.286401662728,1)
[1114]: (1218.37448041491,1)
[1115]: (1215.269009824426,1)
[1116]: (1212.755817606807,1)
[1117]: (1218.371267972605,1)
[1118]: (1212.046414524034,1)
[1119]: (1213.007889651858,1)
[1120]: (1217.16801006137,1)
[1121]: (1214.176238278139,1)
[1122]: (1216.411158945661,1)
[1123]: (1219.776269836057,1)
[1124]: (1214.789596916797,1)
[1125]: (1218.21641910998,1)
[1126]: (1213.031677654543,1)
[1127]: (1214.016522572577,1)
[1128]: (1220.000758075427,1)
[1129]: (1216.218038933764,1)
[1130]: (1217.055945944761,1)
[1131]: (1217.072343209272,1)
[1132]: (1214.152759187295,1)
[1133]: (1220.235086427652,1)
[1134]: (1217.075810558451,1)
[1135]: (1221.082027763879,1)
[1136]: (1212.001177481423,1)
[1137]: (1222.112689128875,1)
[1138]: (1213.105066470794,1)
[1139]: (1217.319218521132,1)
[1140]: (1214.480205236248,1)
[1141]: (1216.099231236363,1)
[1142]: (1212.239960313692,1)
[1143]: (1215.000901917458,1)
[1144]: (1212.490503609222,1)
[1145]: (1214.573859500587,1)
[1146]: (1213.022206422137,1)
[1147]: (1213.349389430985,1)
[1148]: (1214.027705825792,1)
[1149]: (1212.472316904313,1)
[1150]: (1212.959463203011,1)
[1151]: (1213.097377647814,1)
[1152]: (1213.738358716353,1)
[1153]: (1212.306349724262,1)
[1154]: (1215.050383107818,1)
[1155]: (1215.029628328107,1)
[1156]: (1214.124928302428,1)
[1157]: (1214.095729779343,1)
[1158]: (1214.484156540181,1)
[1159]: (1217.289266065823,1)
[1160]: (1214.365130551907,1)
[1161]: (1217.089668487355,1)
[1162]: (1216.147630363344,1)
[1163]: (1216.42289261733,1)
[1164]: (1219.038291040249,1)
[1165]: (1215.250441501033,1)
[1166]: (1214.150870219393,1)
[1167]: (1215.782756479973,1)
[1168]: (1213.110669523099,1)
[1169]: (1214.086661273032,1)
[1170]: (1222.059800767427,1)
[1171]: (1213.296164006876,1)
[1172]: (1215.51544847275,1)
[1173]: (1215.191569211474,1)
[1174]: (1213.106747858812,1)
[1175]: (1212.192519363761,1)
[1176]: (1220.328898295747,1)
[1177]: (1221.020339574549,1)
[1178]: (1218.199500293229,1)
[1179]: (1213.013434570161,1)
[1180]: (1215.643178849712,1)
[1181]: (1216.379040167524,1)
[1182]: (1213.561225685449,1)
[1183]: (1214.141011670904,1)
[1184]: (1216.022885453435,1)
[1185]: (1214.085397267352,1)
[1186]: (1214.045174477141,1)
[1187]: (1213.086893315522,1)
[1188]: (1213.080717938729,1)
[1189]: (1217.685247978236,1)
[1190]: (1216.353396523372,1)
[1191]: (1214.451830463712,1)
[1192]: (1216.185266409031,1)
[1193]: (1217.571116920102,1)
[1194]: (1212.348553271631,1)
[1195]: (1218.767701523598,1)
[1196]: (1218.162274187688,1)
[1197]: (1213.090361311228,1)
[1198]: (1212.043239008811,1)
[1199]: (1216.087383546077,1)
[1200]: (1218.05988433532,1)
[1201]: (1215.137039137989,1)
[1202]: (1214.504607990013,1)
[1203]: (1219.221351117657,1)
[1204]: (1212.161719169374,1)
[1205]: (1216.091983221079,1)
[1206]: (1213.069444246063,1)
[1207]: (1214.16213992855,1)
[1208]: (1224.751457078669,1)
[1209]: (1214.645721698805,1)
[1210]: (1214.541706624995,1)
[1211]: (1216.093216126247,1)
[1212]: (1214.151319836152,1)
[1213]: (1213.082206551425,1)
[1214]: (1218.290287189667,1)
[1215]: (1212.019759051301,1)
[1216]: (1214.277407268602,1)
[1217]: (1212.134342228081,1)
[1218]: (1212.197044853523,1)
[1219]: (1212.382266775649,1)
[1220]: (1218.123912985823,1)
[1221]: (1216.075208272883,1)
[1222]: (1212.947781110895,1)
[1223]: (1214.522472065643,1)
[1224]: (1217.032625872735,1)
[1225]: (1218.172328363012,1)
[1226]: (1220.596904624727,1)
[1227]: (1219.194404295441,1)
[1228]: (1221.014635702354,1)
[1229]: (1215.066492090006,1)
[1230]: (1216.420268550134,1)
[1231]: (1212.059934471307,1)
[1232]: (1212.109080225391,1)
[1233]: (1212.140414726833,1)
[1234]: (1213.024178599195,1)
[1235]: (1221.056764552171,1)
[1236]: (1220.914041122641,1)
[1237]: (1224.151319463302,1)
[1238]: (1223.144762112274,1)
[1239]: (1217.438570374001,1)
[1240]: (1221.213065767388,1)
[1241]: (1218.026043412195,1)
[1242]: (1215.719886411743,1)
[1243]: (1215.001494080361,1)
[1244]: (1215.158399348841,1)
[1245]: (1216.008306699381,1)
[1246]: (1216.419637296734,1)
[1247]: (1217.134686009324,1)
[1248]: (1222.243941942832,1)
[1249]: (1223.175769675008,1)
[1250]: (1219.174929850883,1)
[1251]: (1213.069884407128,1)
[1252]: (1213.839502722057,1)
[1253]: (1214.241226709708,1)
[1254]: (1219.114841875675,1)
[1255]: (1218.864614178934,1)
[1256]: (1213.149059121635,1)
[1257]: (1220.119942267846,1)
[1258]: (1213.302392355104,1)
[1259]: (1219.305783681039,1)
[1260]: (1218.157318475055,1)
[1261]: (1218.066928309053,1)
[1262]: (1212.195510546963,1)
[1263]: (1217.348794509797,1)
[1264]: (1213.309248048515,1)
[1265]: (1215.968726835104,1)
[1266]: (1226.243069233412,1)
[1267]: (1212.51803143902,1)
[1268]: (1215.388229144839,1)
[1269]: (1213.385149189638,1)
[1270]: (1218.401720136765,1)
[1271]: (1217.017957720903,1)
[1272]: (1214.123157550498,1)
[1273]: (1215.276901671827,1)
[1274]: (1218.212095106968,1)
[1275]: (1212.144279670335,1)
[1276]: (1214.294565581885,1)
[1277]: (1213.305415285717,1)
[1278]: (1213.445755153351,1)
[1279]: (1219.408478365032,1)
[1280]: (1214.159638809888,1)
[1281]: (1218.103865207035,1)
[1282]: (1214.196243325274,1)
[1283]: (1213.6952286675,1)
[1284]: (1212.124267769008,1)
[1285]: (1214.350157743526,1)
[1286]: (1216.186535021213,1)
[1287]: (1218.359445155385,1)
[1288]: (1217.211403664521,1)
[1289]: (1222.060807961233,1)
[1290]: (1218.026651209557,1)
[1291]: (1214.249539366608,1)
[1292]: (1212.393829948816,1)
[1293]: (1215.034910066859,1)
[1294]: (1218.432884751024,1)
[1295]: (1218.060592436014,1)
[1296]: (1214.18313228608,1)
[1297]: (1214.236479355428,1)
[1298]: (1217.303339659035,1)
[1299]: (1216.247122617817,1)
[1300]: (1216.299624419311,1)
[1301]: (1214.592178520817,1)
[1302]: (1212.058682648594,1)
[1303]: (1216.161973729749,1)
[1304]: (1213.493738403727,1)
[1305]: (1214.718446012638,1)
[1306]: (1214.157995573428,1)
[1307]: (1215.165551085738,1)
[1308]: (1218.15757482214,1)
[1309]: (1222.068165188743,1)
[1310]: (1214.23119285886,1)
[1311]: (1218.047883733774,1)
[1312]: (1213.441091794344,1)
[1313]: (1217.390453535409,1)
[1314]: (1212.39520940858,1)
[1315]: (1216.41587238242,1)
[1316]: (1214.109928271332,1)
[1317]: (1217.554484854195,1)
[1318]: (1213.4968821698,1)
[1319]: (1213.280106504733,1)
[1320]: (1217.023221262504,1)
[1321]: (1216.009921910492,1)
[1322]: (1212.028116018945,1)
[1323]: (1212.402319883748,1)
[1324]: (1212.658213547,1)
[1325]: (1214.116468091054,1)
[1326]: (1213.205637180057,1)
[1327]: (1213.243935968572,1)
[1328]: (1217.197776224541,1)
[1329]: (1212.32140503294,1)
[1330]: (1212.398519405352,1)
[1331]: (1214.018552124071,1)
[1332]: (1215.287544112328,1)
[1333]: (1214.383573018262,1)
[1334]: (1226.315588950243,1)
[1335]: (1219.079689383205,1)
[1336]: (1213.075163789657,1)
[1337]: (1212.369271124081,1)
[1338]: (1212.238168311613,1)
[1339]: (1214.096821478847,1)
[1340]: (1216.267011499919,1)
[1341]: (1217.150036152565,1)
[1342]: (1219.364583885458,1)
[1343]: (1222.506424854703,1)
[1344]: (1212.160274851281,1)
[1345]: (1212.409980152966,1)
[1346]: (1212.442057025301,1)
[1347]: (1212.04187704224,1)
[1348]: (1214.250998257274,1)
[1349]: (1215.629663965874,1)
[1350]: (1214.037295280148,1)
[1351]: (1218.105022351315,1)
[1352]: (1212.084132468893,1)
[1353]: (1214.03879354699,1)
[1354]: (1215.070663235767,1)
[1355]: (1212.611540331101,1)
[1356]: (1216.0342887973,1)
[1357]: (1215.135282280727,1)
[1358]: (1217.008802165621,1)
[1359]: (1216.185204526872,1)
[1360]: (1216.016360488942,1)
[1361]: (1216.06531382051,1)
[1362]: (1215.048911259426,1)
[1363]: (1222.164679584038,1)
[1364]: (1214.489067326063,1)
[1365]: (1220.217532011146,1)
[1366]: (1214.084588502722,1)
[1367]: (1216.389765851543,1)
[1368]: (1213.316926087074,1)
[1369]: (1217.039346030317,1)
[1370]: (1214.114748749739,1)
[1371]: (1213.053142087942,1)
[1372]: (1217.922700850535,1)
[1373]: (1212.133393041177,1)
[1374]: (1213.10807468001,1)
[1375]: (1216.377032392504,1)
[1376]: (1215.119990442332,1)
[1377]: (1218.022779900835,1)
[1378]: (1216.056068064445,1)
[1379]: (1217.020967542432,1)
[1380]: (1216.011569397887,1)
[1381]: (1212.803683554302,1)
[1382]: (1214.241769071514,1)
[1383]: (1218.280444640188,1)
[1384]: (1218.125813864043,1)
[1385]: (1216.088371476111,1)
[1386]: (1222.224451503696,1)
[1387]: (1214.154381514474,1)
[1388]: (1212.52084818201,1)
[1389]: (1215.037710252515,1)
[1390]: (1216.561040180869,1)
[1391]: (1212.499349365765,1)
[1392]: (1213.791852065833,1)
[1393]: (1213.059914241368,1)
[1394]: (1224.330977488013,1)
[1395]: (1214.615849277204,1)
[1396]: (1225.089930363742,1)
[1397]: (1212.489536634748,1)
[1398]: (1213.134843440111,1)
[1399]: (1212.719000264129,1)
[1400]: (1218.160871002085,1)
[1401]: (1213.42660894358,1)
[1402]: (1215.111171129668,1)
[1403]: (1213.007436224187,1)
[1404]: (1214.097971228411,1)
[1405]: (1215.044174775008,1)
[1406]: (1218.330673119895,1)
[1407]: (1214.125819355863,1)
[1408]: (1213.225427107119,1)
[1409]: (1212.049703485259,1)
[1410]: (1214.877213193196,1)
[1411]: (1213.248945474715,1)
[1412]: (1218.374174084276,1)
[1413]: (1213.770932039035,1)
[1414]: (1218.371605788913,1)
[1415]: (1218.092921971544,1)
[1416]: (1214.60518870636,1)
[1417]: (1212.380637371893,1)
[1418]: (1214.298618523084,1)
[1419]: (1221.8382210027,1)
[1420]: (1219.048781606396,1)
[1421]: (1212.512652191209,1)
[1422]: (1215.343729478369,1)
[1423]: (1212.206113666565,1)
[1424]: (1217.38587444007,1)
[1425]: (1217.129111371057,1)
[1426]: (1216.050918386211,1)
[1427]: (1213.582223271502,1)
[1428]: (1216.044674786004,1)
[1429]: (1219.409502002703,1)
[1430]: (1222.139325822394,1)
[1431]: (1214.922818905771,1)
[1432]: (1216.048942816446,1)
[1433]: (1218.204374665218,1)
[1434]: (1214.187279971488,1)
[1435]: (1213.030368757093,1)
[1436]: (1216.036454588853,1)
[1437]: (1216.164950984622,1)
[1438]: (1214.246729081276,1)
[1439]: (1213.225193659683,1)
[1440]: (1214.201395478484,1)
[1441]: (1213.392643521948,1)
[1442]: (1216.521119636923,1)
[1443]: (1213.425942781343,1)
[1444]: (1214.585494613547,1)
[1445]: (1212.057157679641,1)
[1446]: (1216.140025946496,1)
[1447]: (1213.07477432149,1)
[1448]: (1219.022310634819,1)
[1449]: (1215.516927609002,1)
[1450]: (1219.049176018648,1)
[1451]: (1214.028914183635,1)
[1452]: (1214.082541727604,1)
[1453]: (1219.045044700976,1)
[1454]: (1222.365241371917,1)
[1455]: (1214.376003264774,1)
[1456]: (1213.125107629551,1)
[1457]: (1213.013424958246,1)
[1458]: (1215.036828755826,1)
[1459]: (1212.459446921836,1)
[1460]: (1213.111899232428,1)
[1461]: (1212.108199384476,1)
[1462]: (1216.031341225854,1)
[1463]: (1214.024181168499,1)
[1464]: (1218.14915754141,1)
[1465]: (1222.166004003459,1)
[1466]: (1213.22361867686,1)
[1467]: (1213.129508348772,1)
[1468]: (1214.888575399497,1)
[1469]: (1216.686758642154,1)
[1470]: (1212.100434927093,1)
[1471]: (1220.209652538008,1)
[1472]: (1214.480261236308,1)
[1473]: (1214.164616352362,1)
[1474]: (1212.193174074221,1)
[1475]: (1225.052979023171,1)
[1476]: (1214.116591537047,1)
[1477]: (1213.269239802718,1)
[1478]: (1216.142166329151,1)
[1479]: (1212.124397254741,1)
[1480]: (1216.268352867798,1)
[1481]: (1218.015088284161,1)
[1482]: (1219.376549688198,1)
[1483]: (1212.14381270289,1)
[1484]: (1218.492532817833,1)
[1485]: (1215.388397763838,1)
[1486]: (1217.827520718031,1)
[1487]: (1217.182206015304,1)
[1488]: (1226.587693851905,1)
[1489]: (1213.029001967942,1)
[1490]: (1214.174728763091,1)
[1491]: (1218.301557569158,1)
[1492]: (1215.974653862417,1)
[1493]: (1213.1747811891,1)
[1494]: (1218.026366712735,1)
[1495]: (1213.014933041283,1)
[1496]: (1215.235800848331,1)
[1497]: (1214.28479248095,1)
[1498]: (1214.285312434427,1)
[1499]: (1217.533686307863,1)
[1500]: (1218.01635210932,1)
[1501]: (1212.104770242951,1)
[1502]: (1218.319628648451,1)
[1503]: (1212.195481029919,1)
[1504]: (1216.624500168362,1)
[1505]: (1217.726841495637,1)
[1506]: (1214.618782618746,1)
[1507]: (1213.650684258723,1)
[1508]: (1218.263737069472,1)
[1509]: (1215.238252001966,1)
[1510]: (1216.03996189829,1)
[1511]: (1217.136750351835,1)
[1512]: (1216.035941455624,1)
[1513]: (1214.106286437282,1)
[1514]: (1212.136608320303,1)
[1515]: (1222.187047031136,1)
[1516]: (1215.013988349263,1)
[1517]: (1218.639162001419,1)
[1518]: (1213.048149642765,1)
[1519]: (1214.001575091136,1)
[1520]: (1213.415187068918,1)
[1521]: (1219.134238654744,1)
[1522]: (1215.355857077664,1)
[1523]: (1213.03816969824,1)
[1524]: (1212.208319191064,1)
[1525]: (1213.573523873272,1)
[1526]: (1221.414784101914,1)
[1527]: (1215.41912631664,1)
[1528]: (1217.332468251668,1)
[1529]: (1220.430270990437,1)
[1530]: (1221.003774728995,1)
[1531]: (1217.494666292557,1)
[1532]: (1216.29546439315,1)
[1533]: (1214.337664910001,1)
[1534]: (1221.410469153296,1)
[1535]: (1217.902607510163,1)
[1536]: (1214.480138211754,1)
[1537]: (1218.253413631128,1)
[1538]: (1212.138115312797,1)
[1539]: (1216.385636346079,1)
[1540]: (1221.347806830107,1)
[1541]: (1221.888820653082,1)
[1542]: (1212.025720100341,1)
[1543]: (1212.044089058601,1)
[1544]: (1212.150297661397,1)
[1545]: (1215.469153319675,1)
[1546]: (1214.026741365933,1)
[1547]: (1218.116940696557,1)
[1548]: (1214.238292003759,1)
[1549]: (1214.172393623787,1)
[1550]: (1213.165243564883,1)
[1551]: (1213.009185913724,1)
[1552]: (1218.009518652533,1)
[1553]: (1213.10913677274,1)
[1554]: (1213.044748317225,1)
[1555]: (1221.049660513339,1)
[1556]: (1212.152292513349,1)
[1557]: (1218.035160806581,1)
[1558]: (1214.025967821837,1)
[1559]: (1212.681828248612,1)
[1560]: (1213.55653674105,1)
[1561]: (1218.065962836253,1)
[1562]: (1215.522687945781,1)
[1563]: (1224.113228117694,1)
[1564]: (1215.137662191612,1)
[1565]: (1212.134388792535,1)
[1566]: (1214.057581391575,1)
[1567]: (1220.425980289672,1)
[1568]: (1214.176614218143,1)
[1569]: (1215.242007575635,1)
[1570]: (1216.382509186496,1)
[1571]: (1213.513439402615,1)
[1572]: (1213.246886911802,1)
[1573]: (1215.022588199028,1)
[1574]: (1212.168786858325,1)
[1575]: (1223.036423405797,1)
[1576]: (1215.427934308643,1)
[1577]: (1214.763659483074,1)
[1578]: (1213.037353074651,1)
[1579]: (1212.937270344224,1)
[1580]: (1212.314125814248,1)
[1581]: (1216.806108220658,1)
[1582]: (1212.302840141888,1)
[1583]: (1215.2407621052,1)
[1584]: (1214.180824044166,1)
[1585]: (1213.146673754819,1)
[1586]: (1221.487729051507,1)
[1587]: (1213.387395326853,1)
[1588]: (1220.218296011119,1)
[1589]: (1215.109675946753,1)
[1590]: (1218.016676287159,1)
[1591]: (1215.329540358163,1)
[1592]: (1213.453339241743,1)
[1593]: (1212.325732991613,1)
[1594]: (1212.492679531131,1)
[1595]: (1216.397601205286,1)
[1596]: (1215.197758687556,1)
[1597]: (1213.022668085256,1)
[1598]: (1213.261380949044,1)
[1599]: (1212.231691656213,1)
[1600]: (1212.031817448336,1)
[1601]: (1214.466978944027,1)
[1602]: (1218.223996951822,1)
[1603]: (1220.197425734491,1)
[1604]: (1212.385234043627,1)
[1605]: (1220.367390197696,1)
[1606]: (1222.247458083839,1)
[1607]: (1216.244743727403,1)
[1608]: (1215.866715541551,1)
[1609]: (1216.539066680444,1)
[1610]: (1214.121311226983,1)
[1611]: (1213.136321489325,1)
[1612]: (1216.349718015964,1)
[1613]: (1212.016583413007,1)
[1614]: (1214.245346247515,1)
[1615]: (1218.040500738549,1)
[1616]: (1218.155702091178,1)
[1617]: (1219.317185760882,1)
[1618]: (1215.460352854097,1)
[1619]: (1213.030915958607,1)
[1620]: (1217.151470286745,1)
[1621]: (1213.204440736514,1)
[1622]: (1216.292873820931,1)
[1623]: (1220.510627420271,1)
[1624]: (1214.138894559242,1)
[1625]: (1214.328093595088,1)
[1626]: (1217.236409196443,1)
[1627]: (1213.260236578056,1)
[1628]: (1217.267316854138,1)
[1629]: (1222.506389142057,1)
[1630]: (1215.498497634856,1)
[1631]: (1212.019797113143,1)
[1632]: (1216.241899738825,1)
[1633]: (1218.380704742742,1)
[1634]: (1219.051259475179,1)
[1635]: (1214.099612699737,1)
[1636]: (1217.340501064706,1)
[1637]: (1212.334148428085,1)
[1638]: (1212.37137664665,1)
[1639]: (1214.333300180665,1)
[1640]: (1212.097410792705,1)
[1641]: (1212.005690382111,1)
[1642]: (1217.602814057248,1)
[1643]: (1213.108843418717,1)
[1644]: (1213.14465667972,1)
[1645]: (1212.004837296347,1)
[1646]: (1217.066518331799,1)
[1647]: (1216.2719361755,1)
[1648]: (1213.509629671493,1)
[1649]: (1215.392894333857,1)
[1650]: (1214.439672637169,1)
[1651]: (1220.016325178077,1)
[1652]: (1214.27622848486,1)
[1653]: (1213.503599088079,1)
[1654]: (1214.342802123183,1)
[1655]: (1213.026259183011,1)
[1656]: (1212.678581498003,1)
[1657]: (1213.054037311758,1)
[1658]: (1215.262031030012,1)
[1659]: (1213.659686024587,1)
[1660]: (1217.182773590349,1)
[1661]: (1213.054796897726,1)
[1662]: (1217.031970579201,1)
[1663]: (1212.138690897929,1)
[1664]: (1215.098333354872,1)
[1665]: (1217.921595395043,1)
[1666]: (1212.026178294934,1)
[1667]: (1217.371584989681,1)
[1668]: (1217.003072333392,1)
[1669]: (1213.342964246954,1)
[1670]: (1215.352272948403,1)
[1671]: (1216.208731588322,1)
[1672]: (1213.472156293912,1)
[1673]: (1217.296950969751,1)
[1674]: (1212.195492111296,1)
[1675]: (1212.737498502649,1)
[1676]: (1212.49478428678,1)
[1677]: (1212.502884208336,1)
[1678]: (1212.332816467822,1)
[1679]: (1217.182083325696,1)
[1680]: (1226.320657800007,1)
[1681]: (1212.073213505884,1)
[1682]: (1212.340782307241,1)
[1683]: (1212.184265157072,1)
[1684]: (1217.267443177262,1)
[1685]: (1214.177164636411,1)
[1686]: (1214.208529639418,1)
[1687]: (1213.719782421421,1)
[1688]: (1216.038757810988,1)
[1689]: (1213.073175779226,1)
[1690]: (1212.279401662023,1)
[1691]: (1216.05515392564,1)
[1692]: (1216.14631696341,1)
[1693]: (1215.035824866638,1)
[1694]: (1216.304723142083,1)
[1695]: (1214.39015189853,1)
[1696]: (1217.062704197844,1)
[1697]: (1218.992366552087,1)
[1698]: (1212.00832242633,1)
[1699]: (1213.759118779776,1)
[1700]: (1218.377559142508,1)
[1701]: (1213.179428483479,1)
[1702]: (1220.156814280207,1)
[1703]: (1212.859345494413,1)
[1704]: (1214.166383047017,1)
[1705]: (1212.549828787127,1)
[1706]: (1215.491433029285,1)
[1707]: (1212.022354521332,1)
[1708]: (1213.906155970561,1)
[1709]: (1213.524100315938,1)
[1710]: (1222.23357866207,1)
[1711]: (1223.061990747188,1)
[1712]: (1216.217004170709,1)
[1713]: (1216.617646762364,1)
[1714]: (1213.104002485177,1)
[1715]: (1214.465747855316,1)
[1716]: (1214.365746276594,1)
[1717]: (1216.723335958588,1)
[1718]: (1215.122311393615,1)
[1719]: (1214.119940644991,1)
[1720]: (1213.337862922322,1)
[1721]: (1217.18187342639,1)
[1722]: (1219.200893790097,1)
[1723]: (1219.227101743702,1)
[1724]: (1214.418156894486,1)
[1725]: (1212.05679818912,1)
[1726]: (1222.070226388018,1)
[1727]: (1219.019618265338,1)
[1728]: (1212.331994328643,1)
[1729]: (1221.75866562019,1)
[1730]: (1221.407449981542,1)
[1731]: (1212.320159427725,1)
[1732]: (1213.17667058028,1)
[1733]: (1213.417135227,1)
[1734]: (1221.286328159426,1)
[1735]: (1213.61436947895,1)
[1736]: (1215.387726377854,1)
[1737]: (1216.141794622654,1)
[1738]: (1214.912482199054,1)
[1739]: (1212.144265983502,1)
[1740]: (1215.646493869295,1)
[1741]: (1218.276207562028,1)
[1742]: (1219.177609307427,1)
[1743]: (1212.174177542205,1)
[1744]: (1216.084124140624,1)
[1745]: (1216.292211001859,1)
[1746]: (1214.121816503474,1)
[1747]: (1214.762606991091,1)
[1748]: (1216.879244996351,1)
[1749]: (1214.844949671132,1)
[1750]: (1218.082072434943,1)
[1751]: (1218.125887082059,1)
[1752]: (1213.096329357488,1)
[1753]: (1219.037035693996,1)
[1754]: (1212.508019818153,1)
[1755]: (1216.63176368776,1)
[1756]: (1223.019140629845,1)
[1757]: (1212.133919315422,1)
[1758]: (1212.681964825692,1)
[1759]: (1217.080539795679,1)
[1760]: (1214.143065972365,1)
[1761]: (1213.187582767115,1)
[1762]: (1216.455403783544,1)
[1763]: (1217.053839924127,1)
[1764]: (1219.426095395743,1)
[1765]: (1216.546460416881,1)
[1766]: (1214.574379306849,1)
[1767]: (1220.246707888257,1)
[1768]: (1216.260847882817,1)
[1769]: (1213.281093597571,1)
[1770]: (1217.035374571989,1)
[1771]: (1215.413380837652,1)
[1772]: (1216.037475705049,1)
[1773]: (1213.01246305278,1)
[1774]: (1220.249710087472,1)
[1775]: (1213.217465322171,1)
[1776]: (1214.71038583661,1)
[1777]: (1212.134486249818,1)
[1778]: (1213.101431446813,1)
[1779]: (1213.826618648471,1)
[1780]: (1214.38569943265,1)
[1781]: (1220.067327993652,1)
[1782]: (1216.812342361451,1)
[1783]: (1215.007967635853,1)
[1784]: (1216.324934240447,1)
[1785]: (1218.032588525462,1)
[1786]: (1216.121969146802,1)
[1787]: (1218.224271738789,1)
[1788]: (1212.639835595104,1)
[1789]: (1214.171469349908,1)
[1790]: (1217.235052678322,1)
[1791]: (1212.001665345394,1)
[1792]: (1220.208832467808,1)
[1793]: (1212.190814987371,1)
[1794]: (1216.040448584843,1)
[1795]: (1214.415639566372,1)
[1796]: (1220.345883196969,1)
[1797]: (1217.027850074802,1)
[1798]: (1214.816080961737,1)
[1799]: (1213.369231670305,1)
[1800]: (1217.240151571024,1)
[1801]: (1218.855971445208,1)
[1802]: (1213.30560044309,1)
[1803]: (1217.301436211776,1)
[1804]: (1215.277871220158,1)
[1805]: (1215.072883220065,1)
[1806]: (1217.048977886048,1)
[1807]: (1212.094997780767,1)
[1808]: (1212.016172179453,1)
[1809]: (1215.96659273988,1)
[1810]: (1220.416129667316,1)
[1811]: (1213.146594923739,1)
[1812]: (1216.644212332163,1)
[1813]: (1215.092280190746,1)
[1814]: (1213.259562669161,1)
[1815]: (1214.022790583144,1)
[1816]: (1214.293282628863,1)
[1817]: (1220.586583300393,1)
[1818]: (1219.196179632623,1)
[1819]: (1218.747923922081,1)
[1820]: (1216.333137343222,1)
[1821]: (1212.23878184963,1)
[1822]: (1213.584144523485,1)
[1823]: (1213.201339123871,1)
[1824]: (1212.554694006082,1)
[1825]: (1212.15108660084,1)
[1826]: (1216.089194632499,1)
[1827]: (1213.214644565847,1)
[1828]: (1213.233038218553,1)
[1829]: (1216.973135418169,1)
[1830]: (1212.043548128458,1)
[1831]: (1220.180990373789,1)
[1832]: (1221.076962684309,1)
[1833]: (1214.699539068325,1)
[1834]: (1214.773741169468,1)
[1835]: (1214.033422194784,1)
[1836]: (1218.007336091973,1)
[1837]: (1212.661806613089,1)
[1838]: (1214.255159102192,1)
[1839]: (1212.077953925736,1)
[1840]: (1214.299565059791,1)
[1841]: (1213.117081229048,1)
[1842]: (1212.022667903507,1)
[1843]: (1226.923589159078,1)
[1844]: (1212.491438058292,1)
[1845]: (1217.06115495691,1)
[1846]: (1213.157824141886,1)
[1847]: (1216.024840045458,1)
[1848]: (1216.090891539908,1)
[1849]: (1216.000441295956,1)
[1850]: (1213.731314761136,1)
[1851]: (1224.000379696763,1)
[1852]: (1223.220952329965,1)
[1853]: (1213.115700738465,1)
[1854]: (1213.249571469924,1)
[1855]: (1213.499234824145,1)
[1856]: (1214.058414680073,1)
[1857]: (1212.379134797356,1)
[1858]: (1215.265514724317,1)
[1859]: (1215.443513707371,1)
[1860]: (1223.421536298592,1)
[1861]: (1218.154828419979,1)
[1862]: (1217.048638616061,1)
[1863]: (1215.502908259445,1)
[1864]: (1215.066301435123,1)
[1865]: (1215.520416407826,1)
[1866]: (1222.923429927405,1)
[1867]: (1215.546834169572,1)
[1868]: (1219.207325743191,1)
[1869]: (1215.478009013335,1)
[1870]: (1214.423382853827,1)
[1871]: (1220.021112523814,1)
[1872]: (1216.417327007401,1)
[1873]: (1218.098908402177,1)
[1874]: (1214.114745112345,1)
[1875]: (1213.231691174745,1)
[1876]: (1214.144641538491,1)
[1877]: (1214.09586407937,1)
[1878]: (1213.563136453359,1)
[1879]: (1213.256036473194,1)
[1880]: (1223.509492655698,1)
[1881]: (1212.806000831696,1)
[1882]: (1214.000501929577,1)
[1883]: (1216.227980185495,1)
[1884]: (1214.128255968836,1)
[1885]: (1216.037922664551,1)
[1886]: (1212.727348247845,1)
[1887]: (1214.129190567964,1)
[1888]: (1214.378900599867,1)
[1889]: (1213.251102674793,1)
[1890]: (1223.647712486712,1)
[1891]: (1218.102967894413,1)
[1892]: (1213.217613083825,1)
[1893]: (1213.12740522111,1)
[1894]: (1216.034177978929,1)
[1895]: (1216.233924440122,1)
[1896]: (1218.610850679112,1)
[1897]: (1215.139091875823,1)
[1898]: (1215.67914035567,1)
[1899]: (1216.02654663755,1)
[1900]: (1218.222455278644,1)
[1901]: (1214.012079191588,1)
[1902]: (1222.093727129828,1)
[1903]: (1215.229044241597,1)
[1904]: (1212.183728101383,1)
[1905]: (1215.355230213928,1)
[1906]: (1217.38447480645,1)
[1907]: (1215.019645961523,1)
[1908]: (1216.156534599781,1)
[1909]: (1219.089589851498,1)
[1910]: (1213.068455962822,1)
[1911]: (1212.271913056973,1)
[1912]: (1219.530748883486,1)
[1913]: (1221.402004508704,1)
[1914]: (1216.67999909843,1)
[1915]: (1216.066516298966,1)
[1916]: (1212.261141576649,1)
[1917]: (1215.014428569978,1)
[1918]: (1213.04387706437,1)
[1919]: (1220.279643011398,1)
[1920]: (1212.022162523037,1)
[1921]: (1219.13732770065,1)
[1922]: (1225.23034456867,1)
[1923]: (1216.338450084673,1)
[1924]: (1216.192475639522,1)
[1925]: (1215.076427191873,1)
[1926]: (1212.227513322219,1)
[1927]: (1215.076191079784,1)
[1928]: (1215.865426456177,1)
[1929]: (1217.297080844204,1)
[1930]: (1218.29331375632,1)
[1931]: (1218.120800311954,1)
[1932]: (1217.597062620625,1)
[1933]: (1217.313389869437,1)
[1934]: (1218.132068585434,1)
[1935]: (1215.044813376222,1)
[1936]: (1225.152197104024,1)
[1937]: (1218.077233935287,1)
[1938]: (1214.296127395237,1)
[1939]: (1216.077716670593,1)
[1940]: (1217.651978648317,1)
[1941]: (1214.252558343591,1)
[1942]: (1219.348692063928,1)
[1943]: (1214.153338512668,1)
[1944]: (1220.485729634957,1)
[1945]: (1213.421598781296,1)
[1946]: (1216.082422980311,1)
[1947]: (1218.34344027173,1)
[1948]: (1214.460130410394,1)
[1949]: (1218.37740461658,1)
[1950]: (1218.144330600656,1)
[1951]: (1217.298188024402,1)
[1952]: (1220.106151642197,1)
[1953]: (1213.188714182899,1)
[1954]: (1214.339256797017,1)
[1955]: (1222.022451892699,1)
[1956]: (1215.760684234948,1)
[1957]: (1214.026877797563,1)
[1958]: (1214.041011209243,1)
[1959]: (1213.054819090183,1)
[1960]: (1219.095220612998,1)
[1961]: (1218.219534166849,1)
[1962]: (1226.957673610351,1)
[1963]: (1216.901785853924,1)
[1964]: (1213.092773344097,1)
[1965]: (1215.315365061686,1)
[1966]: (1214.274806625658,1)
[1967]: (1215.850659135282,1)
[1968]: (1218.472166606233,1)
[1969]: (1215.582469692462,1)
[1970]: (1213.217061162632,1)
[1971]: (1212.834237654201,1)
[1972]: (1216.130643817137,1)
[1973]: (1216.291879698013,1)
[1974]: (1214.095949413483,1)
[1975]: (1214.028324173588,1)
[1976]: (1215.02516630561,1)
[1977]: (1214.485148559293,1)
[1978]: (1213.359490123074,1)
[1979]: (1218.119798188904,1)
[1980]: (1218.086694147184,1)
[1981]: (1213.12911794582,1)
[1982]: (1214.038392994847,1)
[1983]: (1215.130530685778,1)
[1984]: (1216.201921051485,1)
[1985]: (1216.267741310267,1)
[1986]: (1214.316682954583,1)
[1987]: (1218.251968652789,1)
[1988]: (1213.090383953968,1)
[1989]: (1212.404458662261,1)
[1990]: (1214.79594960934,1)
[1991]: (1216.077779022913,1)
[1992]: (1217.116980330194,1)
[1993]: (1213.311779828426,1)
[1994]: (1212.794005594468,1)
[1995]: (1214.233761033967,1)
[1996]: (1214.155245327174,1)
[1997]: (1222.218859383914,1)
[1998]: (1213.184370087162,1)
[1999]: (1220.490832206123,1)
 -- States explored : 0 states
 -- CPU user time used : 1151680 ms
 -- Virtual memory used : 44688940 KiB
 -- Resident memory used : 44650124 KiB
executionTime: 7495
