core file size          (blocks, -c) unlimited
data seg size           (kbytes, -d) unlimited
scheduling priority             (-e) 0
file size               (blocks, -f) unlimited
pending signals                 (-i) 4077086
max locked memory       (kbytes, -l) 64
max memory size         (kbytes, -m) 133169152
open files                      (-n) 4096
pipe size            (512 bytes, -p) 8
POSIX message queues     (bytes, -q) 819200
real-time priority              (-r) 0
stack size              (kbytes, -s) 8192
cpu time               (seconds, -t) unlimited
max user processes              (-u) 4077086
virtual memory          (kbytes, -v) 127000000
file locks                      (-x) unlimited
Options for the verification:
  Generating some trace
  Search order is random depth first
  Using conservative space optimisation
  Seed is 1557154024
  State space representation uses minimal constraint systems
  Using HashMap + Compress integers for discrete state storage

Verifying formula 1 at ../queries/SP_300_8_2.q:1
 -- Formula is satisfied.
(9000 runs)
Learning statistics for best strategy: 
	Number of resets: 0
	Number of iterations in last reset: 27
	Number of iterations in total: 27

 -- States explored : 0 states
 -- CPU user time used : 4762640 ms
 -- Virtual memory used : 49870624 KiB
 -- Resident memory used : 49832108 KiB

Verifying formula 2 at ../queries/SP_300_8_2.q:2
 -- Formula is satisfied.
Composer.Done:
[0]: (0,0) (1570.091152185354,1)
[1]: (1570.39278666141,1)
[2]: (1588.658369776916,1)
[3]: (1570.087433937236,1)
[4]: (1570.163808162255,1)
[5]: (1570.156904256773,1)
[6]: (1570.266136788083,1)
[7]: (1571.205593018164,1)
[8]: (1570.83583283424,1)
[9]: (1570.916578288322,1)
[10]: (1570.113601625587,1)
[11]: (1570.019706184767,1)
[12]: (1571.149776360305,1)
[13]: (1572.550439176367,1)
[14]: (1570.023168823517,1)
[15]: (1570.057675361655,1)
[16]: (1570.025027486105,1)
[17]: (1570.565592940192,1)
[18]: (1570.076062494826,1)
[19]: (1587.325395066949,1)
[20]: (1572.046230774579,1)
[21]: (1570.30616655652,1)
[22]: (1570.421708582955,1)
[23]: (1570.510851952297,1)
[24]: (1570.006276832077,1)
[25]: (1570.057713294596,1)
[26]: (1570.066398797572,1)
[27]: (1572.370052973868,1)
[28]: (1595.722477549646,1)
[29]: (1589.063373843338,1)
[30]: (1570.5526877813,1)
[31]: (1578.028026676037,1)
[32]: (1570.272291898164,1)
[33]: (1570.268715551489,1)
[34]: (1570.038376931062,1)
[35]: (1570.645688543936,1)
[36]: (1570.10065026623,1)
[37]: (1587.778289826431,1)
[38]: (1570.531608569193,1)
[39]: (1571.087095302271,1)
[40]: (1570.492976749459,1)
[41]: (1571.434695252291,1)
[42]: (1579.192944715177,1)
[43]: (1570.169463840495,1)
[44]: (1570.440878236757,1)
[45]: (1570.046365281946,1)
[46]: (1570.37239169767,1)
[47]: (1570.105052793467,1)
[48]: (1570.315674026512,1)
[49]: (1570.212586468096,1)
[50]: (1570.415710558543,1)
[51]: (1570.476087805088,1)
[52]: (1570.988390799288,1)
[53]: (1570.637710885794,1)
[54]: (1570.608472651572,1)
[55]: (1570.523052819803,1)
[56]: (1570.063189856323,1)
[57]: (1570.085814377218,1)
[58]: (1570.541195671522,1)
[59]: (1570.486475319087,1)
[60]: (1570.072688468955,1)
[61]: (1570.552761326233,1)
[62]: (1569.144978844468,1)
[63]: (1570.987216365062,1)
[64]: (1570.37725043474,1)
[65]: (1570.218236162782,1)
[66]: (1570.034195419791,1)
[67]: (1580.393365377528,1)
[68]: (1570.108461988823,1)
[69]: (1570.057842368172,1)
[70]: (1570.205871208771,1)
[71]: (1570.107789908037,1)
[72]: (1570.329256173342,1)
[73]: (1571.383110275428,1)
[74]: (1570.039741379215,1)
[75]: (1570.520186916094,1)
[76]: (1570.412315457515,1)
[77]: (1570.47291819421,1)
[78]: (1570.361980414341,1)
[79]: (1570.394930888158,1)
[80]: (1570.060266434484,1)
[81]: (1589.449688932026,1)
[82]: (1570.198778064407,1)
[83]: (1570.138796124595,1)
[84]: (1570.098119447379,1)
[85]: (1570.889764496991,1)
[86]: (1570.201715504686,1)
[87]: (1583.266252965276,1)
[88]: (1570.454240957334,1)
[89]: (1570.202474879884,1)
[90]: (1591.163536309198,1)
[91]: (1571.075385644044,1)
[92]: (1570.324769909062,1)
[93]: (1570.157764236212,1)
[94]: (1587.089372259454,1)
[95]: (1570.383308737803,1)
[96]: (1570.735179016614,1)
[97]: (1590.481500274462,1)
[98]: (1570.162442800333,1)
[99]: (1570.192630341178,1)
[100]: (1571.324239640778,1)
[101]: (1570.032969001061,1)
[102]: (1570.083606976525,1)
[103]: (1570.022230285457,1)
[104]: (1570.056179366928,1)
[105]: (1570.087854690531,1)
[106]: (1571.679714617809,1)
[107]: (1573.284112390975,1)
[108]: (1570.100900422136,1)
[109]: (1570.350782230535,1)
[110]: (1570.118787291701,1)
[111]: (1586.499634561864,1)
[112]: (1570.468793027822,1)
[113]: (1570.262843104193,1)
[114]: (1570.141273620082,1)
[115]: (1570.685834627719,1)
[116]: (1580.004283959773,1)
[117]: (1570.292946185549,1)
[118]: (1570.040987914007,1)
[119]: (1571.379675434057,1)
[120]: (1570.05156149032,1)
[121]: (1570.163896203198,1)
[122]: (1570.12199319155,1)
[123]: (1570.380326150699,1)
[124]: (1571.618200843388,1)
[125]: (1570.289083898238,1)
[126]: (1570.628589192879,1)
[127]: (1570.107427128054,1)
[128]: (1570.338618764647,1)
[129]: (1571.775126543647,1)
[130]: (1570.752504337108,1)
[131]: (1570.46526864778,1)
[132]: (1572.219651526429,1)
[133]: (1570.267894932148,1)
[134]: (1570.07097154869,1)
[135]: (1570.71105202955,1)
[136]: (1570.204603026296,1)
[137]: (1597.030702053378,1)
[138]: (1570.140829125477,1)
[139]: (1571.18068413462,1)
[140]: (1570.285130088789,1)
[141]: (1570.057727420267,1)
[142]: (1570.286509751712,1)
[143]: (1570.027755963824,1)
[144]: (1570.131825323097,1)
[145]: (1570.209664296064,1)
[146]: (1570.576987380689,1)
[147]: (1570.358202814559,1)
[148]: (1570.203369952979,1)
[149]: (1570.00849360022,1)
[150]: (1582.444349377825,1)
[151]: (1573.615015594429,1)
[152]: (1570.249520085746,1)
[153]: (1570.060722430684,1)
[154]: (1570.282722876862,1)
[155]: (1570.078583474985,1)
[156]: (1570.55070513462,1)
[157]: (1570.268660138265,1)
[158]: (1570.215715487957,1)
[159]: (1570.237629025368,1)
[160]: (1570.37000126087,1)
[161]: (1570.722944911673,1)
[162]: (1575.045748564958,1)
[163]: (1592.13899476193,1)
[164]: (1580.070548386662,1)
[165]: (1570.033239895705,1)
[166]: (1590.933805599867,1)
[167]: (1570.3658369982,1)
[168]: (1570.490624842957,1)
[169]: (1570.053880877991,1)
[170]: (1570.085444808345,1)
[171]: (1570.627628333264,1)
[172]: (1571.936874510454,1)
[173]: (1587.121292445999,1)
[174]: (1570.019876003862,1)
[175]: (1571.559270870504,1)
[176]: (1570.125210265064,1)
[177]: (1570.123366568999,1)
[178]: (1570.771356209016,1)
[179]: (1570.216459845062,1)
[180]: (1577.592138415737,1)
[181]: (1570.339946977151,1)
[182]: (1576.120325727828,1)
[183]: (1570.17763551355,1)
[184]: (1570.781861264035,1)
[185]: (1570.444746440739,1)
[186]: (1570.091195332884,1)
[187]: (1570.471465654799,1)
[188]: (1570.433900766287,1)
[189]: (1585.03991835882,1)
[190]: (1570.942332099844,1)
[191]: (1571.16111770574,1)
[192]: (1570.091422844625,1)
[193]: (1570.015576240879,1)
[194]: (1570.608322259727,1)
[195]: (1570.293615561841,1)
[196]: (1570.731457530376,1)
[197]: (1570.080096954404,1)
[198]: (1588.168850924161,1)
[199]: (1570.12511409196,1)
[200]: (1570.232309181292,1)
[201]: (1572.951614290033,1)
[202]: (1570.135857234302,1)
[203]: (1570.407292090478,1)
[204]: (1570.491336027964,1)
[205]: (1570.70539285024,1)
[206]: (1570.048437767683,1)
[207]: (1593.23857018168,1)
[208]: (1570.069037344399,1)
[209]: (1570.265288342143,1)
[210]: (1570.300957092771,1)
[211]: (1580.285153441208,1)
[212]: (1570.062972253485,1)
[213]: (1570.14332450562,1)
[214]: (1570.001759562198,1)
[215]: (1570.026850376023,1)
[216]: (1570.673570886788,1)
[217]: (1572.245697982163,1)
[218]: (1570.566393778934,1)
[219]: (1570.014865300202,1)
[220]: (1570.295878471799,1)
[221]: (1570.52752301054,1)
[222]: (1570.237719163389,1)
[223]: (1570.226257126992,1)
[224]: (1594.073627541855,1)
[225]: (1570.266620401301,1)
[226]: (1570.090082735552,1)
[227]: (1570.763562407657,1)
[228]: (1570.745688581345,1)
[229]: (1570.733212527099,1)
[230]: (1571.355711277923,1)
[231]: (1581.420546919165,1)
[232]: (1591.14790549946,1)
[233]: (1570.082448036801,1)
[234]: (1570.118249290074,1)
[235]: (1586.896971383757,1)
[236]: (1570.189210783311,1)
[237]: (1570.749890515416,1)
[238]: (1570.037889697279,1)
[239]: (1570.319613119712,1)
[240]: (1584.707315541124,1)
[241]: (1570.299393170636,1)
[242]: (1570.41848342917,1)
[243]: (1570.072874947973,1)
[244]: (1570.070817562568,1)
[245]: (1570.420954451972,1)
[246]: (1576.187004550695,1)
[247]: (1570.607835583029,1)
[248]: (1570.072398820102,1)
[249]: (1570.002060392598,1)
[250]: (1570.051791252487,1)
[251]: (1570.849345523452,1)
[252]: (1571.778739001378,1)
[253]: (1570.281731875249,1)
[254]: (1570.98851079719,1)
[255]: (1570.012865094841,1)
[256]: (1568.49054926468,1)
[257]: (1570.270967332644,1)
[258]: (1570.097505443594,1)
[259]: (1571.229034574956,1)
[260]: (1574.56838656994,1)
[261]: (1570.454754200427,1)
[262]: (1570.741633014109,1)
[263]: (1571.040233758416,1)
[264]: (1570.226207293966,1)
[265]: (1570.836636521137,1)
[266]: (1587.282484425195,1)
[267]: (1570.132163157745,1)
[268]: (1570.078412586656,1)
[269]: (1570.125517914204,1)
[270]: (1570.193377973306,1)
[271]: (1571.034530485418,1)
[272]: (1571.94747188945,1)
[273]: (1570.039700636684,1)
[274]: (1570.049018352397,1)
[275]: (1570.814754803131,1)
[276]: (1570.105941908169,1)
[277]: (1576.16903602449,1)
[278]: (1570.169698332885,1)
[279]: (1570.637806150052,1)
[280]: (1570.020410158315,1)
[281]: (1582.037432593964,1)
[282]: (1582.152440504012,1)
[283]: (1570.299788344068,1)
[284]: (1570.601783414149,1)
[285]: (1570.187859762432,1)
[286]: (1570.130529376891,1)
[287]: (1583.045576709574,1)
[288]: (1570.749689949562,1)
[289]: (1570.10491987675,1)
[290]: (1570.369185186371,1)
[291]: (1570.881558657751,1)
[292]: (1573.446918155651,1)
[293]: (1570.111024075412,1)
[294]: (1570.397215692169,1)
[295]: (1570.216581434178,1)
[296]: (1570.07346789026,1)
[297]: (1570.076255660539,1)
[298]: (1570.587773913586,1)
[299]: (1570.362885194318,1)
[300]: (1571.144755339502,1)
[301]: (1571.220690291878,1)
[302]: (1570.578615646978,1)
[303]: (1583.19209928532,1)
[304]: (1570.073220321401,1)
[305]: (1570.133903423419,1)
[306]: (1571.148529869117,1)
[307]: (1570.587275951276,1)
[308]: (1570.34395614069,1)
[309]: (1570.125324671935,1)
[310]: (1570.196674190866,1)
[311]: (1570.296031574739,1)
[312]: (1580.007906580086,1)
[313]: (1576.038920572369,1)
[314]: (1570.344665027469,1)
[315]: (1570.185455872397,1)
[316]: (1570.192556558559,1)
[317]: (1570.080431524343,1)
[318]: (1570.279495458293,1)
[319]: (1571.307535501959,1)
[320]: (1570.407630513663,1)
[321]: (1570.311893470858,1)
[322]: (1570.35371109064,1)
[323]: (1570.271334286646,1)
[324]: (1577.087348869042,1)
[325]: (1570.320739382306,1)
[326]: (1570.749930802702,1)
[327]: (1570.019693443935,1)
[328]: (1570.647209622335,1)
[329]: (1570.27019793538,1)
[330]: (1570.987755227081,1)
[331]: (1570.010521123642,1)
[332]: (1570.009911983781,1)
[333]: (1570.021456368823,1)
[334]: (1570.099637192108,1)
[335]: (1570.237265745915,1)
[336]: (1573.124007563513,1)
[337]: (1570.08387956091,1)
[338]: (1570.265731260512,1)
[339]: (1570.083633740049,1)
[340]: (1592.322035729878,1)
[341]: (1570.571781061726,1)
[342]: (1570.076991777133,1)
[343]: (1570.043297450334,1)
[344]: (1571.711303163644,1)
[345]: (1570.476966075146,1)
[346]: (1570.038424431189,1)
[347]: (1582.123840355978,1)
[348]: (1570.755052533601,1)
[349]: (1570.532378469378,1)
[350]: (1570.059768667553,1)
[351]: (1570.013257760236,1)
[352]: (1570.443174057636,1)
[353]: (1570.075467536284,1)
[354]: (1570.007787884676,1)
[355]: (1571.140251661301,1)
[356]: (1570.169165176922,1)
[357]: (1570.082109350047,1)
[358]: (1570.128713227866,1)
[359]: (1570.006992139712,1)
[360]: (1570.808093768429,1)
[361]: (1592.10755631497,1)
[362]: (1570.007925633705,1)
[363]: (1570.182949410607,1)
[364]: (1570.00808415781,1)
[365]: (1570.11242132945,1)
[366]: (1570.161483635924,1)
[367]: (1570.039708926971,1)
[368]: (1570.124229949105,1)
[369]: (1570.730178624806,1)
[370]: (1570.67211297833,1)
[371]: (1570.4548623818,1)
[372]: (1570.089972357752,1)
[373]: (1570.366862060456,1)
[374]: (1570.278511826858,1)
[375]: (1570.405399508261,1)
[376]: (1570.015173109072,1)
[377]: (1570.013747500258,1)
[378]: (1570.686929865467,1)
[379]: (1570.060505676447,1)
[380]: (1594.42535414504,1)
[381]: (1570.221095510308,1)
[382]: (1570.446055331833,1)
[383]: (1570.082785978323,1)
[384]: (1570.731830518618,1)
[385]: (1570.487415367301,1)
[386]: (1580.148366106014,1)
[387]: (1570.01269344814,1)
[388]: (1570.098177263436,1)
[389]: (1581.007817503081,1)
[390]: (1570.002104577055,1)
[391]: (1570.270042780465,1)
[392]: (1585.048472042163,1)
[393]: (1570.010555988255,1)
[394]: (1570.325786000802,1)
[395]: (1570.564514640744,1)
[396]: (1570.157224947462,1)
[397]: (1570.165054412758,1)
[398]: (1570.064379908404,1)
[399]: (1570.494921562019,1)
[400]: (1570.321022523909,1)
[401]: (1570.655859899894,1)
[402]: (1572.149868519245,1)
[403]: (1570.227245794312,1)
[404]: (1570.455531804462,1)
[405]: (1570.042493950656,1)
[406]: (1570.164119335281,1)
[407]: (1570.526332499986,1)
[408]: (1570.096916410428,1)
[409]: (1570.155732501523,1)
[410]: (1570.502454038703,1)
[411]: (1583.136964615217,1)
[412]: (1571.417139944549,1)
[413]: (1570.608942047043,1)
[414]: (1570.005537467138,1)
[415]: (1570.341247412442,1)
[416]: (1570.406560849691,1)
[417]: (1570.305093483087,1)
[418]: (1569.134742115925,1)
[419]: (1582.370396974786,1)
[420]: (1570.089974751416,1)
[421]: (1570.10369769888,1)
[422]: (1570.578924329052,1)
[423]: (1571.072550709172,1)
[424]: (1570.009332028811,1)
[425]: (1570.268545307629,1)
[426]: (1570.782541048705,1)
[427]: (1569.09514953336,1)
[428]: (1589.090150948901,1)
[429]: (1570.358303399926,1)
[430]: (1570.150913234254,1)
[431]: (1570.096535567238,1)
[432]: (1570.307595054915,1)
[433]: (1571.183348268345,1)
[434]: (1570.000543009708,1)
[435]: (1570.036130823201,1)
[436]: (1579.086360988836,1)
[437]: (1570.137698558716,1)
[438]: (1570.754827941397,1)
[439]: (1578.1892880056,1)
[440]: (1570.039143564747,1)
[441]: (1570.00530806103,1)
[442]: (1570.285280429481,1)
[443]: (1577.195844801494,1)
[444]: (1570.234876523529,1)
[445]: (1570.127042934347,1)
[446]: (1570.275620919362,1)
[447]: (1570.830936529977,1)
[448]: (1570.019824037951,1)
[449]: (1576.170229417102,1)
[450]: (1569.156550824549,1)
[451]: (1570.354417766808,1)
[452]: (1570.036940476262,1)
[453]: (1570.039342086872,1)
[454]: (1571.492320162693,1)
[455]: (1570.363346868715,1)
[456]: (1570.218225447151,1)
[457]: (1570.894945934402,1)
[458]: (1570.229461396543,1)
[459]: (1570.487288927048,1)
[460]: (1570.140395266252,1)
[461]: (1570.378158916909,1)
[462]: (1570.170621635838,1)
[463]: (1570.600204935209,1)
[464]: (1570.247097123641,1)
[465]: (1570.069013310347,1)
[466]: (1570.301710169713,1)
[467]: (1571.020023742249,1)
[468]: (1570.064263670584,1)
[469]: (1590.125933193956,1)
[470]: (1570.18094556413,1)
[471]: (1570.140325231387,1)
[472]: (1570.456113448485,1)
[473]: (1570.038769967434,1)
[474]: (1570.170139084607,1)
[475]: (1575.210544898138,1)
[476]: (1570.132123978342,1)
[477]: (1582.256605505122,1)
[478]: (1590.708137934796,1)
[479]: (1570.951385987252,1)
[480]: (1570.141783517835,1)
[481]: (1570.174432374753,1)
[482]: (1571.169511850855,1)
[483]: (1570.425903190745,1)
[484]: (1570.475248110311,1)
[485]: (1570.116248536705,1)
[486]: (1570.710017490217,1)
[487]: (1571.109592854443,1)
[488]: (1571.120390856407,1)
[489]: (1570.180616449341,1)
[490]: (1570.269377180112,1)
[491]: (1570.023967716072,1)
[492]: (1570.522549519592,1)
[493]: (1570.095150712834,1)
[494]: (1570.093957995431,1)
[495]: (1570.196302647934,1)
[496]: (1570.627679624505,1)
[497]: (1570.072837525574,1)
[498]: (1570.046593072412,1)
[499]: (1570.07573337924,1)
[500]: (1579.107278109959,1)
[501]: (1570.039458802937,1)
[502]: (1570.042041762223,1)
[503]: (1570.002410640119,1)
[504]: (1570.048585288231,1)
[505]: (1588.131508701093,1)
[506]: (1570.414464103312,1)
[507]: (1570.492388995755,1)
[508]: (1571.173244364794,1)
[509]: (1572.131831229185,1)
[510]: (1570.070809425784,1)
[511]: (1570.422854271067,1)
[512]: (1570.1094367213,1)
[513]: (1570.231059538229,1)
[514]: (1570.177605473616,1)
[515]: (1570.138458096858,1)
[516]: (1591.049605947665,1)
[517]: (1570.058457135826,1)
[518]: (1570.468578861316,1)
[519]: (1580.013217993049,1)
[520]: (1570.007441612873,1)
[521]: (1570.054280949422,1)
[522]: (1580.63021666461,1)
[523]: (1570.188186279024,1)
[524]: (1570.054470843168,1)
[525]: (1570.019309790438,1)
[526]: (1570.81181792581,1)
[527]: (1570.231784225328,1)
[528]: (1570.008035351289,1)
[529]: (1579.010791384779,1)
[530]: (1570.155743455799,1)
[531]: (1570.714127030209,1)
[532]: (1570.089754459563,1)
[533]: (1571.06890291071,1)
[534]: (1575.010535265259,1)
[535]: (1587.252419578538,1)
[536]: (1570.238565150291,1)
[537]: (1570.258738206433,1)
[538]: (1571.095957455318,1)
[539]: (1570.116113163789,1)
[540]: (1574.868998749587,1)
[541]: (1570.534402204781,1)
[542]: (1570.526900409857,1)
[543]: (1570.053765741536,1)
[544]: (1570.051163053296,1)
[545]: (1570.197229647182,1)
[546]: (1570.058130325509,1)
[547]: (1570.175350481759,1)
[548]: (1570.13302181558,1)
[549]: (1570.18838281235,1)
[550]: (1570.155741178131,1)
[551]: (1570.062789669261,1)
[552]: (1571.247304822585,1)
[553]: (1570.087494295236,1)
[554]: (1570.018337309549,1)
[555]: (1579.236971291011,1)
[556]: (1587.016672255401,1)
[557]: (1570.007119448448,1)
[558]: (1570.338495180881,1)
[559]: (1575.21068574032,1)
[560]: (1573.056850400719,1)
[561]: (1570.639376768642,1)
[562]: (1570.268702824429,1)
[563]: (1579.115186257626,1)
[564]: (1570.864311523192,1)
[565]: (1570.383828952343,1)
[566]: (1570.339141106044,1)
[567]: (1570.25979211171,1)
[568]: (1594.065451426186,1)
[569]: (1570.513428133414,1)
[570]: (1585.133587250822,1)
[571]: (1588.171215434891,1)
[572]: (1573.246964282015,1)
[573]: (1570.039850008549,1)
[574]: (1574.868355192644,1)
[575]: (1571.424016518421,1)
[576]: (1570.01685832616,1)
[577]: (1571.021333969828,1)
[578]: (1570.404403191912,1)
[579]: (1571.535234991341,1)
[580]: (1571.202757680381,1)
[581]: (1570.822785148227,1)
[582]: (1570.382651190405,1)
[583]: (1570.098136962933,1)
[584]: (1570.194132059174,1)
[585]: (1570.153386376395,1)
[586]: (1570.117367677902,1)
[587]: (1570.638116247518,1)
[588]: (1570.045992755793,1)
[589]: (1570.337235641689,1)
[590]: (1570.441405220098,1)
[591]: (1570.219065597989,1)
[592]: (1570.882826356486,1)
[593]: (1570.219119375934,1)
[594]: (1570.285088939636,1)
[595]: (1585.441056507112,1)
[596]: (1570.472498768033,1)
[597]: (1570.01960682319,1)
[598]: (1570.113473138081,1)
[599]: (1570.183745132401,1)
[600]: (1587.464928950357,1)
[601]: (1570.120498807601,1)
[602]: (1570.115479294239,1)
[603]: (1570.56177581727,1)
[604]: (1570.12015682734,1)
[605]: (1572.443482404172,1)
[606]: (1592.153364054433,1)
[607]: (1570.879895152699,1)
[608]: (1570.310420360455,1)
[609]: (1570.208762315856,1)
[610]: (1570.112228388801,1)
[611]: (1570.672122967758,1)
[612]: (1571.539339895061,1)
[613]: (1570.181134304163,1)
[614]: (1588.001938436793,1)
[615]: (1593.390288801127,1)
[616]: (1571.971827694556,1)
[617]: (1568.361757719682,1)
[618]: (1570.501388614406,1)
[619]: (1570.000269115664,1)
[620]: (1570.457658342172,1)
[621]: (1570.947582477651,1)
[622]: (1570.0786268792,1)
[623]: (1570.116621509341,1)
[624]: (1570.063050139429,1)
[625]: (1570.736704735584,1)
[626]: (1570.71881484477,1)
[627]: (1570.057158877688,1)
[628]: (1570.26516636063,1)
[629]: (1574.272959907798,1)
[630]: (1570.0580448483,1)
[631]: (1585.065875646197,1)
[632]: (1570.538916885914,1)
[633]: (1570.006975364687,1)
[634]: (1577.315492948893,1)
[635]: (1570.558772821551,1)
[636]: (1579.088363604202,1)
[637]: (1570.148373944811,1)
[638]: (1570.165706541503,1)
[639]: (1570.292458822249,1)
[640]: (1570.030365528605,1)
[641]: (1570.065730288016,1)
[642]: (1590.572537406116,1)
[643]: (1572.008685562045,1)
[644]: (1570.134905967969,1)
[645]: (1570.254733689465,1)
[646]: (1571.154770964717,1)
[647]: (1570.197385878708,1)
[648]: (1570.120881632762,1)
[649]: (1571.310066894778,1)
[650]: (1570.923073045212,1)
[651]: (1570.056005312061,1)
[652]: (1570.172773918233,1)
[653]: (1570.276729285002,1)
[654]: (1571.539759979154,1)
[655]: (1570.198579095808,1)
[656]: (1570.597200266457,1)
[657]: (1571.203384976953,1)
[658]: (1570.06878206963,1)
[659]: (1579.022505579387,1)
[660]: (1579.097569733918,1)
[661]: (1570.231479643967,1)
[662]: (1570.231373334435,1)
[663]: (1589.681520119744,1)
[664]: (1570.003205477155,1)
[665]: (1570.135425973495,1)
[666]: (1570.322743253477,1)
[667]: (1570.27161290108,1)
[668]: (1570.165471177228,1)
[669]: (1570.225226867601,1)
[670]: (1570.080991338281,1)
[671]: (1570.119827128934,1)
[672]: (1570.092961484271,1)
[673]: (1569.092361353418,1)
[674]: (1571.829835712867,1)
[675]: (1570.534989503031,1)
[676]: (1570.354519735906,1)
[677]: (1570.004018363383,1)
[678]: (1570.101666303505,1)
[679]: (1573.47208427034,1)
[680]: (1570.053887068696,1)
[681]: (1570.298611190372,1)
[682]: (1571.143039854577,1)
[683]: (1570.207013893237,1)
[684]: (1570.287644445181,1)
[685]: (1584.046012779389,1)
[686]: (1582.402220134091,1)
[687]: (1570.043059395241,1)
[688]: (1570.608669133003,1)
[689]: (1570.11704573815,1)
[690]: (1582.766469764441,1)
[691]: (1570.676579395989,1)
[692]: (1569.191595895484,1)
[693]: (1570.081852824367,1)
[694]: (1584.097315410703,1)
[695]: (1570.139892859556,1)
[696]: (1570.941168345145,1)
[697]: (1570.384748528901,1)
[698]: (1570.210919049204,1)
[699]: (1570.180433553593,1)
[700]: (1570.666111707412,1)
[701]: (1571.334281080545,1)
[702]: (1570.10739887121,1)
[703]: (1570.356399774878,1)
[704]: (1570.383469165792,1)
[705]: (1571.572596102336,1)
[706]: (1570.920380422353,1)
[707]: (1571.306752282091,1)
[708]: (1570.019751588533,1)
[709]: (1570.227186361299,1)
[710]: (1570.286740153099,1)
[711]: (1581.552007370504,1)
[712]: (1570.353328434273,1)
[713]: (1590.069469064857,1)
[714]: (1570.607408527258,1)
[715]: (1570.204242183126,1)
[716]: (1570.028923636442,1)
[717]: (1570.257933168698,1)
[718]: (1570.043750928488,1)
[719]: (1570.187393210554,1)
[720]: (1570.387429067409,1)
[721]: (1577.226058706038,1)
[722]: (1570.247140670978,1)
[723]: (1570.196308801787,1)
[724]: (1570.250628902184,1)
[725]: (1570.126738731645,1)
[726]: (1570.503472690697,1)
[727]: (1570.254404046154,1)
[728]: (1570.664754839059,1)
[729]: (1570.058078808853,1)
[730]: (1570.079226123747,1)
[731]: (1570.152733525815,1)
[732]: (1570.068554068629,1)
[733]: (1570.271017265162,1)
[734]: (1570.242365517308,1)
[735]: (1570.068397311908,1)
[736]: (1574.342041239555,1)
[737]: (1580.060715984706,1)
[738]: (1570.022699313743,1)
[739]: (1570.408705917833,1)
[740]: (1570.68106734346,1)
[741]: (1570.030491619869,1)
[742]: (1570.204135356063,1)
[743]: (1570.097494874859,1)
[744]: (1594.375080475301,1)
[745]: (1571.240455824278,1)
[746]: (1570.035683107,1)
[747]: (1570.039514670991,1)
[748]: (1572.08941608539,1)
[749]: (1570.267820832649,1)
[750]: (1570.095320228786,1)
[751]: (1570.370979222557,1)
[752]: (1570.29731858699,1)
[753]: (1570.264407790744,1)
[754]: (1570.356705164744,1)
[755]: (1570.033188523399,1)
[756]: (1571.346010670083,1)
[757]: (1583.471507516197,1)
[758]: (1570.354995937281,1)
[759]: (1579.685779441313,1)
[760]: (1571.577153796372,1)
[761]: (1584.195029424036,1)
[762]: (1576.453605977463,1)
[763]: (1570.016904966724,1)
[764]: (1570.025799734851,1)
[765]: (1571.320758383459,1)
[766]: (1570.202170369575,1)
[767]: (1570.358679828016,1)
[768]: (1570.037719779607,1)
[769]: (1570.022113765871,1)
[770]: (1570.417948550845,1)
[771]: (1571.264645092375,1)
[772]: (1570.569419615446,1)
[773]: (1570.387378616372,1)
[774]: (1570.346887084513,1)
[775]: (1570.814945539955,1)
[776]: (1570.15649488203,1)
[777]: (1584.191753558507,1)
[778]: (1570.806875992114,1)
[779]: (1570.258254283555,1)
[780]: (1570.016336355657,1)
[781]: (1570.021102623006,1)
[782]: (1570.425619163369,1)
[783]: (1570.336197709101,1)
[784]: (1585.283265208151,1)
[785]: (1586.5629387981,1)
[786]: (1570.039465927844,1)
[787]: (1570.035926196238,1)
[788]: (1570.148156884634,1)
[789]: (1570.15015393627,1)
[790]: (1570.475623125587,1)
[791]: (1575.093213062189,1)
[792]: (1570.317088728739,1)
[793]: (1570.068745283756,1)
[794]: (1570.014973537803,1)
[795]: (1571.202480678378,1)
[796]: (1570.9187618439,1)
[797]: (1582.325600485558,1)
[798]: (1570.415838978288,1)
[799]: (1570.049926757353,1)
[800]: (1570.450665821819,1)
[801]: (1570.177327011044,1)
[802]: (1570.089954368857,1)
[803]: (1573.076694944577,1)
[804]: (1570.126175488843,1)
[805]: (1570.186446760124,1)
[806]: (1570.065025594072,1)
[807]: (1570.45430875937,1)
[808]: (1586.263721487601,1)
[809]: (1571.266556406993,1)
[810]: (1570.591638716796,1)
[811]: (1585.0487386098,1)
[812]: (1571.345581896554,1)
[813]: (1591.233622700878,1)
[814]: (1570.800193671485,1)
[815]: (1570.101080196055,1)
[816]: (1570.277293474474,1)
[817]: (1579.616629741804,1)
[818]: (1570.037897258404,1)
[819]: (1570.106093462322,1)
[820]: (1570.903762210598,1)
[821]: (1570.366344200892,1)
[822]: (1570.014408622869,1)
[823]: (1570.331487319292,1)
[824]: (1574.649665819397,1)
[825]: (1572.285838441034,1)
[826]: (1570.098893099481,1)
[827]: (1570.317427988412,1)
[828]: (1570.269712503473,1)
[829]: (1570.510685321934,1)
[830]: (1570.392578494721,1)
[831]: (1570.052134246908,1)
[832]: (1570.132418495479,1)
[833]: (1570.177965660387,1)
[834]: (1570.208821685719,1)
[835]: (1581.082761304273,1)
[836]: (1570.527781981491,1)
[837]: (1570.054949556319,1)
[838]: (1570.086134934864,1)
[839]: (1584.06042609265,1)
[840]: (1570.149111989077,1)
[841]: (1570.086157660734,1)
[842]: (1570.013855473027,1)
[843]: (1570.374429381288,1)
[844]: (1571.023775946741,1)
[845]: (1570.540786445367,1)
[846]: (1570.481780106205,1)
[847]: (1571.604445190152,1)
[848]: (1570.273298183346,1)
[849]: (1588.009000197372,1)
[850]: (1570.038243988787,1)
[851]: (1570.032268155045,1)
[852]: (1570.230836704217,1)
[853]: (1570.158994757491,1)
[854]: (1570.848490328421,1)
[855]: (1570.143548765297,1)
[856]: (1570.236364344222,1)
[857]: (1570.351992266502,1)
[858]: (1570.261068880904,1)
[859]: (1571.359832193865,1)
[860]: (1570.093229870816,1)
[861]: (1570.030427322018,1)
[862]: (1570.266863778124,1)
[863]: (1570.558003571565,1)
[864]: (1571.402301186946,1)
[865]: (1570.285819170985,1)
[866]: (1570.40742078864,1)
[867]: (1571.225489614108,1)
[868]: (1571.790911247158,1)
[869]: (1570.307440786925,1)
[870]: (1570.119948549289,1)
[871]: (1570.25764264297,1)
[872]: (1570.362228592701,1)
[873]: (1570.146063497971,1)
[874]: (1570.194942488878,1)
[875]: (1570.404319782043,1)
[876]: (1592.313267298206,1)
[877]: (1570.005649981011,1)
[878]: (1570.448131931643,1)
[879]: (1571.585716076775,1)
[880]: (1590.668013544348,1)
[881]: (1570.793207805232,1)
[882]: (1570.500486881837,1)
[883]: (1570.300075314432,1)
[884]: (1570.226464580479,1)
[885]: (1570.35927755476,1)
[886]: (1570.413970381671,1)
[887]: (1570.646338182852,1)
[888]: (1572.162168237515,1)
[889]: (1570.094934073338,1)
[890]: (1570.02220255384,1)
[891]: (1570.227759882292,1)
[892]: (1570.117949903728,1)
[893]: (1570.15269666239,1)
[894]: (1570.16147074388,1)
[895]: (1570.137224209738,1)
[896]: (1570.420373142925,1)
[897]: (1570.850469442673,1)
[898]: (1570.113178614088,1)
[899]: (1570.21644297743,1)
[900]: (1570.728835102301,1)
[901]: (1570.192574315874,1)
[902]: (1570.197797946309,1)
[903]: (1570.051098237551,1)
[904]: (1570.030373244761,1)
[905]: (1574.257276933566,1)
[906]: (1570.056475670725,1)
[907]: (1570.241055839627,1)
[908]: (1570.208495723782,1)
[909]: (1571.719111823843,1)
[910]: (1570.447521781345,1)
[911]: (1570.47285062308,1)
[912]: (1570.502625906293,1)
[913]: (1570.101800197787,1)
[914]: (1570.136229632287,1)
[915]: (1586.002718769204,1)
[916]: (1570.194273200467,1)
[917]: (1588.451317033823,1)
[918]: (1570.275182729627,1)
[919]: (1570.014251837669,1)
[920]: (1571.527787382328,1)
[921]: (1569.553718231681,1)
[922]: (1570.864167768424,1)
[923]: (1570.439320474703,1)
[924]: (1570.351582969315,1)
[925]: (1570.493570423245,1)
[926]: (1570.029810737866,1)
[927]: (1570.035892735133,1)
[928]: (1587.001415085081,1)
[929]: (1574.048168962845,1)
[930]: (1569.440050699987,1)
[931]: (1570.972257816747,1)
[932]: (1570.038841476308,1)
[933]: (1570.825850819616,1)
[934]: (1570.021220665161,1)
[935]: (1570.148602557195,1)
[936]: (1572.110014115342,1)
[937]: (1570.184237403463,1)
[938]: (1570.157343768213,1)
[939]: (1570.123972758847,1)
[940]: (1570.604753311705,1)
[941]: (1570.297537274277,1)
[942]: (1570.05040040232,1)
[943]: (1570.232881031989,1)
[944]: (1570.619398791389,1)
[945]: (1591.149654151129,1)
[946]: (1570.160852107515,1)
[947]: (1570.232457966428,1)
[948]: (1570.354223428437,1)
[949]: (1570.090201718428,1)
[950]: (1570.521036170651,1)
[951]: (1570.276401795271,1)
[952]: (1581.148739661681,1)
[953]: (1570.48611763459,1)
[954]: (1570.058646624538,1)
[955]: (1570.602608415046,1)
[956]: (1588.026261191261,1)
[957]: (1570.13705666326,1)
[958]: (1570.105148280603,1)
[959]: (1575.307014793057,1)
[960]: (1578.58411043837,1)
[961]: (1570.064580511777,1)
[962]: (1571.166129609347,1)
[963]: (1589.118406750333,1)
[964]: (1570.307049716022,1)
[965]: (1570.892010261009,1)
[966]: (1570.879646275079,1)
[967]: (1570.387979820339,1)
[968]: (1570.28578801719,1)
[969]: (1571.484612370576,1)
[970]: (1570.649735564029,1)
[971]: (1582.250624516513,1)
[972]: (1570.489696206165,1)
[973]: (1570.394555366016,1)
[974]: (1570.01774244633,1)
[975]: (1570.282472039026,1)
[976]: (1570.258952957069,1)
[977]: (1570.030075016754,1)
[978]: (1570.107349088507,1)
[979]: (1570.03577902098,1)
[980]: (1570.325132676399,1)
[981]: (1570.249815929291,1)
[982]: (1570.0092258835,1)
[983]: (1590.069305084405,1)
[984]: (1580.859634850457,1)
[985]: (1570.116677745019,1)
[986]: (1593.085967157835,1)
[987]: (1570.096151549792,1)
[988]: (1571.220654289028,1)
[989]: (1570.52134764947,1)
[990]: (1570.462341747838,1)
[991]: (1570.021435331668,1)
[992]: (1570.082172828271,1)
[993]: (1588.897847804151,1)
[994]: (1570.008662983751,1)
[995]: (1570.136887991275,1)
[996]: (1571.111878139105,1)
[997]: (1570.080809983041,1)
[998]: (1587.438462368171,1)
[999]: (1570.423745751751,1)
[1000]: (1570.427759545981,1)
[1001]: (1570.057738608887,1)
[1002]: (1570.248862198792,1)
[1003]: (1570.125321040685,1)
[1004]: (1570.163388893272,1)
[1005]: (1570.252099818418,1)
[1006]: (1570.390196946447,1)
[1007]: (1570.053376978396,1)
[1008]: (1570.866217809185,1)
[1009]: (1585.012500246961,1)
[1010]: (1570.138244044099,1)
[1011]: (1570.781804409365,1)
[1012]: (1570.663261711832,1)
[1013]: (1570.031220060186,1)
[1014]: (1570.007832645324,1)
[1015]: (1581.172501802921,1)
[1016]: (1570.93422290355,1)
[1017]: (1570.142586237946,1)
[1018]: (1570.026011110839,1)
[1019]: (1570.095081203119,1)
[1020]: (1570.136661081121,1)
[1021]: (1571.013299868496,1)
[1022]: (1570.117569618381,1)
[1023]: (1570.27452689999,1)
[1024]: (1577.235695613217,1)
[1025]: (1570.412921106214,1)
[1026]: (1570.054439425939,1)
[1027]: (1590.517401652261,1)
[1028]: (1570.214494164273,1)
[1029]: (1570.234845214409,1)
[1030]: (1570.210532783249,1)
[1031]: (1568.47804420505,1)
[1032]: (1572.561351737514,1)
[1033]: (1577.073399545894,1)
[1034]: (1576.241806343062,1)
[1035]: (1569.278044119434,1)
[1036]: (1570.575307913664,1)
[1037]: (1570.174061948556,1)
[1038]: (1570.212971881819,1)
[1039]: (1570.226909383901,1)
[1040]: (1570.570804975212,1)
[1041]: (1585.035960020527,1)
[1042]: (1570.37776154749,1)
[1043]: (1570.020879795385,1)
[1044]: (1570.142292065213,1)
[1045]: (1570.908334808818,1)
[1046]: (1570.628542347099,1)
[1047]: (1584.241943020942,1)
[1048]: (1570.329523870855,1)
[1049]: (1570.030364128863,1)
[1050]: (1570.036267914332,1)
[1051]: (1570.075817658738,1)
[1052]: (1570.03649957859,1)
[1053]: (1570.027877313271,1)
[1054]: (1570.723178149215,1)
[1055]: (1570.347277636242,1)
[1056]: (1570.530483026894,1)
[1057]: (1570.064240066491,1)
[1058]: (1579.176849012172,1)
[1059]: (1570.573382438837,1)
[1060]: (1570.787334161112,1)
[1061]: (1570.09955307591,1)
[1062]: (1571.015725495309,1)
[1063]: (1570.173262806345,1)
[1064]: (1570.018880586164,1)
[1065]: (1570.047507857664,1)
[1066]: (1570.05203868189,1)
[1067]: (1570.529892275921,1)
[1068]: (1570.172716320783,1)
[1069]: (1571.710080947586,1)
[1070]: (1570.539756094608,1)
[1071]: (1570.602304913586,1)
[1072]: (1570.625436820845,1)
[1073]: (1570.187715220162,1)
[1074]: (1570.089908247282,1)
[1075]: (1570.678072673509,1)
[1076]: (1570.282545420623,1)
[1077]: (1570.054719442292,1)
[1078]: (1569.211567444243,1)
[1079]: (1570.373702592544,1)
[1080]: (1570.129161484996,1)
[1081]: (1570.022658971934,1)
[1082]: (1570.266327205414,1)
[1083]: (1570.067523131448,1)
[1084]: (1570.291762554305,1)
[1085]: (1570.159725684113,1)
[1086]: (1570.449800478563,1)
[1087]: (1570.048691520216,1)
[1088]: (1570.348143772697,1)
[1089]: (1570.442761288965,1)
[1090]: (1570.710290990747,1)
[1091]: (1570.471165033396,1)
[1092]: (1570.105538208013,1)
[1093]: (1570.17402553792,1)
[1094]: (1585.400707162322,1)
[1095]: (1570.79156681114,1)
[1096]: (1571.697053679903,1)
[1097]: (1570.230017288072,1)
[1098]: (1571.092705009012,1)
[1099]: (1570.007661743096,1)
[1100]: (1570.160445866905,1)
[1101]: (1570.091001324906,1)
[1102]: (1570.286986116908,1)
[1103]: (1570.067671729465,1)
[1104]: (1570.096070803347,1)
[1105]: (1570.128692363905,1)
[1106]: (1570.418685389355,1)
[1107]: (1570.674856181215,1)
[1108]: (1588.153957227853,1)
[1109]: (1570.115673893102,1)
[1110]: (1570.091442688387,1)
[1111]: (1570.063393176779,1)
[1112]: (1570.557030645861,1)
[1113]: (1570.023606692969,1)
[1114]: (1570.040664774836,1)
[1115]: (1570.089294994817,1)
[1116]: (1570.302635874147,1)
[1117]: (1580.203487842542,1)
[1118]: (1570.086789586012,1)
[1119]: (1570.119705560239,1)
[1120]: (1570.188946369247,1)
[1121]: (1571.570071357461,1)
[1122]: (1570.481890448733,1)
[1123]: (1570.386377195594,1)
[1124]: (1571.685781863002,1)
[1125]: (1573.32668502022,1)
[1126]: (1570.338328055824,1)
[1127]: (1570.55928710917,1)
[1128]: (1570.409152756048,1)
[1129]: (1592.191228574517,1)
[1130]: (1582.099429609373,1)
[1131]: (1570.393980843884,1)
[1132]: (1575.282010482291,1)
[1133]: (1570.118712616859,1)
[1134]: (1570.030426879105,1)
[1135]: (1571.606368213055,1)
[1136]: (1570.119354160005,1)
[1137]: (1578.567911788816,1)
[1138]: (1570.096828251652,1)
[1139]: (1570.301470607931,1)
[1140]: (1570.342957776134,1)
[1141]: (1570.364877257539,1)
[1142]: (1570.004357620533,1)
[1143]: (1570.117054653508,1)
[1144]: (1570.512267724951,1)
[1145]: (1570.651217365773,1)
[1146]: (1575.086731050144,1)
[1147]: (1570.297961635431,1)
[1148]: (1570.658542770272,1)
[1149]: (1570.438573566835,1)
[1150]: (1576.517552243236,1)
[1151]: (1570.104426140485,1)
[1152]: (1586.058576006177,1)
[1153]: (1571.070286080755,1)
[1154]: (1570.399369349857,1)
[1155]: (1570.470886008482,1)
[1156]: (1570.371473443279,1)
[1157]: (1570.729274093551,1)
[1158]: (1570.135556285031,1)
[1159]: (1570.295939890294,1)
[1160]: (1570.117274770678,1)
[1161]: (1570.328645049792,1)
[1162]: (1571.017225040222,1)
[1163]: (1582.04318199911,1)
[1164]: (1570.196481036708,1)
[1165]: (1570.243618865062,1)
[1166]: (1571.079983277503,1)
[1167]: (1571.10859970278,1)
[1168]: (1570.589764517471,1)
[1169]: (1570.469350867983,1)
[1170]: (1571.282269974155,1)
[1171]: (1570.727265273716,1)
[1172]: (1582.445700439408,1)
[1173]: (1570.675443512351,1)
[1174]: (1570.19158932654,1)
[1175]: (1571.280275667394,1)
[1176]: (1586.561319015238,1)
[1177]: (1570.4587197385,1)
[1178]: (1570.846749501561,1)
[1179]: (1570.046799851394,1)
[1180]: (1571.33189370493,1)
[1181]: (1570.021512269328,1)
[1182]: (1571.036313914118,1)
[1183]: (1591.954169197149,1)
[1184]: (1570.504996358427,1)
[1185]: (1570.182844386136,1)
[1186]: (1570.616940875747,1)
[1187]: (1570.069578868463,1)
[1188]: (1570.964202373207,1)
[1189]: (1570.060231546684,1)
[1190]: (1586.674710012725,1)
[1191]: (1570.075137473114,1)
[1192]: (1570.188223571849,1)
[1193]: (1571.159384774825,1)
[1194]: (1571.157793509852,1)
[1195]: (1570.196022712719,1)
[1196]: (1570.6155421099,1)
[1197]: (1570.768823713914,1)
[1198]: (1586.168786030197,1)
[1199]: (1570.148226605047,1)
[1200]: (1570.864832039247,1)
[1201]: (1579.231202868071,1)
[1202]: (1570.785217764536,1)
[1203]: (1570.367562111425,1)
[1204]: (1570.308156313306,1)
[1205]: (1571.452644021517,1)
[1206]: (1571.164273855316,1)
[1207]: (1570.048839133287,1)
[1208]: (1570.189080257926,1)
[1209]: (1570.570904789071,1)
[1210]: (1571.3481661653,1)
[1211]: (1569.468803692127,1)
[1212]: (1570.575904630713,1)
[1213]: (1570.654011471438,1)
[1214]: (1570.253991605751,1)
[1215]: (1570.158607261221,1)
[1216]: (1576.325356688728,1)
[1217]: (1570.89744561389,1)
[1218]: (1570.312551392072,1)
[1219]: (1570.275241875522,1)
[1220]: (1570.048886649229,1)
[1221]: (1570.006696494916,1)
[1222]: (1570.217167585094,1)
[1223]: (1570.134330476372,1)
[1224]: (1596.034297532603,1)
[1225]: (1581.30213745701,1)
[1226]: (1570.790396122979,1)
[1227]: (1570.073745937756,1)
[1228]: (1570.622566563278,1)
[1229]: (1570.222153463478,1)
[1230]: (1570.05924405365,1)
[1231]: (1590.774269959488,1)
[1232]: (1570.012628162666,1)
[1233]: (1570.182184893683,1)
[1234]: (1570.604012793363,1)
[1235]: (1570.57108666284,1)
[1236]: (1570.389329336945,1)
[1237]: (1570.439359390588,1)
[1238]: (1570.333105990314,1)
[1239]: (1570.19567824683,1)
[1240]: (1570.733652479819,1)
[1241]: (1570.148236782351,1)
[1242]: (1571.205245568871,1)
[1243]: (1570.20282714609,1)
[1244]: (1571.188325422072,1)
[1245]: (1570.169935225034,1)
[1246]: (1570.060299783106,1)
[1247]: (1570.017218752317,1)
[1248]: (1571.120646804924,1)
[1249]: (1570.239452852347,1)
[1250]: (1570.363259528867,1)
[1251]: (1578.132664944179,1)
[1252]: (1570.301942514434,1)
[1253]: (1570.200994389592,1)
[1254]: (1574.037112637547,1)
[1255]: (1570.375997159276,1)
[1256]: (1570.30566721549,1)
[1257]: (1576.023573194962,1)
[1258]: (1570.069693554785,1)
[1259]: (1570.385159038159,1)
[1260]: (1583.446126948637,1)
[1261]: (1570.638910977669,1)
[1262]: (1570.408671535984,1)
[1263]: (1583.189034620679,1)
[1264]: (1570.242677565643,1)
[1265]: (1570.023083591909,1)
[1266]: (1570.79259022378,1)
[1267]: (1570.772818294953,1)
[1268]: (1570.163252173227,1)
[1269]: (1570.097871389165,1)
[1270]: (1570.23909081328,1)
[1271]: (1571.534481590268,1)
[1272]: (1570.698330407305,1)
[1273]: (1570.701931734851,1)
[1274]: (1570.283075402446,1)
[1275]: (1570.109353774076,1)
[1276]: (1570.575587057455,1)
[1277]: (1570.05686164137,1)
[1278]: (1571.282998170426,1)
[1279]: (1587.373896464721,1)
[1280]: (1570.862068990535,1)
[1281]: (1570.190277645024,1)
[1282]: (1570.033124081245,1)
[1283]: (1570.019811500665,1)
[1284]: (1570.111125789045,1)
[1285]: (1570.351614972553,1)
[1286]: (1570.431080199222,1)
[1287]: (1570.069813867927,1)
[1288]: (1570.187824939897,1)
[1289]: (1570.290716879876,1)
[1290]: (1570.416237662668,1)
[1291]: (1589.419925332775,1)
[1292]: (1570.21886385644,1)
[1293]: (1568.32068235066,1)
[1294]: (1571.85689290847,1)
[1295]: (1570.345213117338,1)
[1296]: (1570.006136168448,1)
[1297]: (1570.228107791183,1)
[1298]: (1570.44322617357,1)
[1299]: (1570.083799143851,1)
[1300]: (1571.14526890199,1)
[1301]: (1570.717654101807,1)
[1302]: (1570.230710648856,1)
[1303]: (1570.072822558375,1)
[1304]: (1581.009128602669,1)
[1305]: (1578.200386449381,1)
[1306]: (1570.49435175715,1)
[1307]: (1587.135557681518,1)
[1308]: (1570.120367293214,1)
[1309]: (1570.161157283963,1)
[1310]: (1570.263065280591,1)
[1311]: (1571.094042824036,1)
[1312]: (1570.727650844786,1)
[1313]: (1570.40283298507,1)
[1314]: (1587.685692075502,1)
[1315]: (1570.161462805527,1)
[1316]: (1570.088670525026,1)
[1317]: (1570.398545173878,1)
[1318]: (1570.498821103067,1)
[1319]: (1570.512503772462,1)
[1320]: (1587.401175851819,1)
[1321]: (1570.054763345502,1)
[1322]: (1576.095745449709,1)
[1323]: (1571.567997242008,1)
[1324]: (1573.515374996695,1)
[1325]: (1570.167332738369,1)
[1326]: (1570.243187755737,1)
[1327]: (1570.845512071076,1)
[1328]: (1570.075061942701,1)
[1329]: (1574.025157361295,1)
[1330]: (1580.600626499009,1)
[1331]: (1570.44157718183,1)
[1332]: (1570.745074789986,1)
[1333]: (1570.568300846879,1)
[1334]: (1570.779317545407,1)
[1335]: (1570.183072937073,1)
[1336]: (1570.23547129704,1)
[1337]: (1570.088443734786,1)
[1338]: (1570.110412587795,1)
[1339]: (1570.45680868008,1)
[1340]: (1570.901666129628,1)
[1341]: (1570.245734432124,1)
[1342]: (1570.538174432642,1)
[1343]: (1570.381206336916,1)
[1344]: (1570.1335454998,1)
[1345]: (1570.204265623493,1)
[1346]: (1570.028779582509,1)
[1347]: (1570.743283112152,1)
[1348]: (1570.431081281794,1)
[1349]: (1569.306998939674,1)
[1350]: (1570.771298093482,1)
[1351]: (1570.023680579193,1)
[1352]: (1570.050584394264,1)
[1353]: (1570.502418860783,1)
[1354]: (1570.230428431636,1)
[1355]: (1576.667594732659,1)
[1356]: (1586.061260563884,1)
[1357]: (1570.282473883529,1)
[1358]: (1570.095191461705,1)
[1359]: (1570.723010199562,1)
[1360]: (1570.431427927819,1)
[1361]: (1571.210124556486,1)
[1362]: (1570.186021022722,1)
[1363]: (1570.318152461253,1)
[1364]: (1571.095011851386,1)
[1365]: (1570.486577326435,1)
[1366]: (1568.17632224313,1)
[1367]: (1573.011944050491,1)
[1368]: (1570.195947850688,1)
[1369]: (1570.038324604333,1)
[1370]: (1570.327897426734,1)
[1371]: (1570.399571127538,1)
[1372]: (1570.054372579095,1)
[1373]: (1570.029514150106,1)
[1374]: (1570.015002386013,1)
[1375]: (1570.002828374538,1)
[1376]: (1570.155150918396,1)
[1377]: (1571.00972329105,1)
[1378]: (1570.031489147218,1)
[1379]: (1570.121655902504,1)
[1380]: (1570.816916844426,1)
[1381]: (1570.657823878002,1)
[1382]: (1573.496096120238,1)
[1383]: (1570.400999788727,1)
[1384]: (1570.967002895604,1)
[1385]: (1570.3463485427,1)
[1386]: (1582.056117493013,1)
[1387]: (1570.081797176555,1)
[1388]: (1591.090613311337,1)
[1389]: (1573.231119191562,1)
[1390]: (1570.810205432092,1)
[1391]: (1570.613874804386,1)
[1392]: (1570.166572908462,1)
[1393]: (1570.036042072177,1)
[1394]: (1570.031456941023,1)
[1395]: (1570.514726433665,1)
[1396]: (1574.313315767688,1)
[1397]: (1570.25217332796,1)
[1398]: (1581.128661194016,1)
[1399]: (1570.100022797925,1)
[1400]: (1569.096948726019,1)
[1401]: (1570.053549789906,1)
[1402]: (1569.457919590404,1)
[1403]: (1571.387279185811,1)
[1404]: (1570.251565535246,1)
[1405]: (1570.559115102051,1)
[1406]: (1570.241375420924,1)
[1407]: (1570.063575020586,1)
[1408]: (1570.904475863761,1)
[1409]: (1570.222605376683,1)
[1410]: (1576.080595968577,1)
[1411]: (1570.088598296396,1)
[1412]: (1571.079781392617,1)
[1413]: (1580.444962050247,1)
[1414]: (1570.089979083881,1)
[1415]: (1570.289907909965,1)
[1416]: (1570.112601785631,1)
[1417]: (1576.343046180033,1)
[1418]: (1570.038414269562,1)
[1419]: (1579.892237605937,1)
[1420]: (1577.185362204521,1)
[1421]: (1570.064325700089,1)
[1422]: (1570.35306047908,1)
[1423]: (1570.246418121569,1)
[1424]: (1571.327479568025,1)
[1425]: (1570.054889035957,1)
[1426]: (1576.445628923776,1)
[1427]: (1571.421037907465,1)
[1428]: (1570.218818952781,1)
[1429]: (1570.097840686459,1)
[1430]: (1570.092288608857,1)
[1431]: (1571.408708785757,1)
[1432]: (1581.559438905558,1)
[1433]: (1570.352482878583,1)
[1434]: (1570.277767463944,1)
[1435]: (1570.541742913516,1)
[1436]: (1570.740277357072,1)
[1437]: (1573.043482693854,1)
[1438]: (1570.431178997539,1)
[1439]: (1570.062707412031,1)
[1440]: (1568.639752743811,1)
[1441]: (1570.358488638693,1)
[1442]: (1570.678317856303,1)
[1443]: (1579.033519423554,1)
[1444]: (1570.669890630287,1)
[1445]: (1570.380014382347,1)
[1446]: (1570.941268462595,1)
[1447]: (1570.168692887651,1)
[1448]: (1570.400482162771,1)
[1449]: (1570.593395400142,1)
[1450]: (1570.260231584812,1)
[1451]: (1570.65714092251,1)
[1452]: (1571.02186500017,1)
[1453]: (1570.64865726653,1)
[1454]: (1574.078386588596,1)
[1455]: (1570.449990098813,1)
[1456]: (1570.180781719242,1)
[1457]: (1570.737563453493,1)
[1458]: (1570.019768698312,1)
[1459]: (1570.056520786839,1)
[1460]: (1574.129253085609,1)
[1461]: (1571.614831737099,1)
[1462]: (1570.261798622589,1)
[1463]: (1576.112076989915,1)
[1464]: (1570.000219140628,1)
[1465]: (1570.147765161786,1)
[1466]: (1569.224981480723,1)
[1467]: (1570.197048825109,1)
[1468]: (1570.315015960899,1)
[1469]: (1570.186834658997,1)
[1470]: (1570.58125322934,1)
[1471]: (1570.139720343456,1)
[1472]: (1570.193440715661,1)
[1473]: (1571.345700226516,1)
[1474]: (1588.104976371128,1)
[1475]: (1570.642835937221,1)
[1476]: (1570.104297115174,1)
[1477]: (1578.164602632572,1)
[1478]: (1570.38709205595,1)
[1479]: (1570.560555019422,1)
[1480]: (1570.865579841872,1)
[1481]: (1570.30495815622,1)
[1482]: (1598.486963865588,1)
[1483]: (1570.221539982945,1)
[1484]: (1570.067198058358,1)
[1485]: (1570.01035980168,1)
[1486]: (1570.541109736684,1)
[1487]: (1570.162362210758,1)
[1488]: (1570.002877436338,1)
[1489]: (1572.236313304552,1)
[1490]: (1582.05320040195,1)
[1491]: (1570.297838763295,1)
[1492]: (1581.002833650728,1)
[1493]: (1570.01215225137,1)
[1494]: (1570.236158481964,1)
[1495]: (1571.067593343203,1)
[1496]: (1570.14708518959,1)
[1497]: (1587.109836505435,1)
[1498]: (1570.671123914824,1)
[1499]: (1570.180188208656,1)
[1500]: (1570.111130492253,1)
[1501]: (1570.572966624786,1)
[1502]: (1584.679531533404,1)
[1503]: (1570.448453399785,1)
[1504]: (1570.37632692218,1)
[1505]: (1570.697020561522,1)
[1506]: (1593.030583924835,1)
[1507]: (1570.133867221654,1)
[1508]: (1570.103266948044,1)
[1509]: (1570.597139138862,1)
[1510]: (1571.101239802886,1)
[1511]: (1570.147442919954,1)
[1512]: (1570.759811256973,1)
[1513]: (1570.1017899929,1)
[1514]: (1587.140225099618,1)
[1515]: (1578.127514974552,1)
[1516]: (1570.970787968262,1)
[1517]: (1570.286139069302,1)
[1518]: (1570.002742272216,1)
[1519]: (1570.852566172429,1)
[1520]: (1570.609745395171,1)
[1521]: (1570.795059864671,1)
[1522]: (1570.041324729179,1)
[1523]: (1570.014157206435,1)
[1524]: (1570.501824311833,1)
[1525]: (1570.193541767456,1)
[1526]: (1570.494366357838,1)
[1527]: (1589.722247007137,1)
[1528]: (1570.551297311728,1)
[1529]: (1571.139396354675,1)
[1530]: (1571.28869743659,1)
[1531]: (1571.92442022725,1)
[1532]: (1570.697229944165,1)
[1533]: (1570.477229720802,1)
[1534]: (1570.111478026975,1)
[1535]: (1570.283321526545,1)
[1536]: (1570.008804543306,1)
[1537]: (1576.02898268355,1)
[1538]: (1570.666243260263,1)
[1539]: (1570.050414926611,1)
[1540]: (1577.30877889455,1)
[1541]: (1570.248683852945,1)
[1542]: (1583.742181417384,1)
[1543]: (1570.197177025282,1)
[1544]: (1570.351855038269,1)
[1545]: (1570.323476580923,1)
[1546]: (1570.007537877284,1)
[1547]: (1570.125938285069,1)
[1548]: (1570.110054114934,1)
[1549]: (1570.03771868184,1)
[1550]: (1570.735698315462,1)
[1551]: (1570.317504213523,1)
[1552]: (1570.387672955239,1)
[1553]: (1571.893035961754,1)
[1554]: (1570.270067185046,1)
[1555]: (1570.375728397232,1)
[1556]: (1570.100151344064,1)
[1557]: (1570.365892430459,1)
[1558]: (1577.220378398503,1)
[1559]: (1570.377255557441,1)
[1560]: (1570.488821703326,1)
[1561]: (1570.20772872621,1)
[1562]: (1570.598686161707,1)
[1563]: (1570.169616444468,1)
[1564]: (1570.07906281716,1)
[1565]: (1571.175623107265,1)
[1566]: (1570.744923582261,1)
[1567]: (1589.021757952149,1)
[1568]: (1570.116352602821,1)
[1569]: (1570.158090697954,1)
[1570]: (1570.110166171896,1)
[1571]: (1569.036041165123,1)
[1572]: (1570.089066770728,1)
[1573]: (1570.059148588002,1)
[1574]: (1570.165344883931,1)
[1575]: (1569.026970822236,1)
[1576]: (1578.259043717536,1)
[1577]: (1570.787192356563,1)
[1578]: (1570.19044085615,1)
[1579]: (1570.033880893148,1)
[1580]: (1570.061204649161,1)
[1581]: (1584.058878574665,1)
[1582]: (1570.096832839458,1)
[1583]: (1570.42027307829,1)
[1584]: (1570.104672956325,1)
[1585]: (1570.359611081434,1)
[1586]: (1570.211471866634,1)
[1587]: (1570.013141866563,1)
[1588]: (1571.119631739084,1)
[1589]: (1570.103337270531,1)
[1590]: (1570.190377580844,1)
[1591]: (1570.321648930337,1)
[1592]: (1570.138472269041,1)
[1593]: (1570.049915622364,1)
[1594]: (1570.209401907258,1)
[1595]: (1570.031802481719,1)
[1596]: (1570.323800180548,1)
[1597]: (1587.164110696223,1)
[1598]: (1570.003565146175,1)
[1599]: (1570.389384107948,1)
[1600]: (1570.078152325411,1)
[1601]: (1570.187547163118,1)
[1602]: (1570.741133792313,1)
[1603]: (1569.081071419911,1)
[1604]: (1570.258508971867,1)
[1605]: (1570.038371849742,1)
[1606]: (1572.702434246032,1)
[1607]: (1570.072120003718,1)
[1608]: (1570.156174728355,1)
[1609]: (1570.629160685195,1)
[1610]: (1570.140173548554,1)
[1611]: (1570.289889823377,1)
[1612]: (1570.131012634069,1)
[1613]: (1589.13110916245,1)
[1614]: (1570.054427410781,1)
[1615]: (1570.059737950665,1)
[1616]: (1570.066829220379,1)
[1617]: (1570.000151326433,1)
[1618]: (1571.477477140524,1)
[1619]: (1592.02010976072,1)
[1620]: (1570.062265572751,1)
[1621]: (1569.096981330666,1)
[1622]: (1582.537082290729,1)
[1623]: (1579.543117302212,1)
[1624]: (1570.041444341437,1)
[1625]: (1570.204407225292,1)
[1626]: (1570.235218647724,1)
[1627]: (1570.505455868383,1)
[1628]: (1570.060813273901,1)
[1629]: (1570.332333439353,1)
[1630]: (1570.121800380428,1)
[1631]: (1570.02557311508,1)
[1632]: (1570.907260768651,1)
[1633]: (1584.410391465232,1)
[1634]: (1570.907871147022,1)
[1635]: (1583.052659396903,1)
[1636]: (1570.2567043502,1)
[1637]: (1571.069145697522,1)
[1638]: (1570.435497831604,1)
[1639]: (1570.519106415378,1)
[1640]: (1570.158696445626,1)
[1641]: (1571.402968253832,1)
[1642]: (1570.431044232577,1)
[1643]: (1581.3712677691,1)
[1644]: (1570.085544158333,1)
[1645]: (1570.546110783767,1)
[1646]: (1570.918490341698,1)
[1647]: (1578.200393684689,1)
[1648]: (1570.601003520092,1)
[1649]: (1570.12764287839,1)
[1650]: (1570.107847779419,1)
[1651]: (1570.561530159416,1)
[1652]: (1570.010309922,1)
[1653]: (1570.190772843565,1)
[1654]: (1591.154543204419,1)
[1655]: (1582.496395460387,1)
[1656]: (1587.209811602136,1)
[1657]: (1571.117405402294,1)
[1658]: (1571.432475323469,1)
[1659]: (1570.113665458408,1)
[1660]: (1570.454047664903,1)
[1661]: (1570.083525586692,1)
[1662]: (1570.442302152299,1)
[1663]: (1584.012461704151,1)
[1664]: (1570.563135059427,1)
[1665]: (1570.148881505079,1)
[1666]: (1570.300990774522,1)
[1667]: (1580.589351867674,1)
[1668]: (1570.182007349264,1)
[1669]: (1573.25062809692,1)
[1670]: (1570.464728393288,1)
[1671]: (1581.200336737864,1)
[1672]: (1570.46968497506,1)
[1673]: (1570.021013077794,1)
[1674]: (1570.512860839642,1)
[1675]: (1570.179315323634,1)
[1676]: (1580.009556406736,1)
[1677]: (1570.685272528656,1)
[1678]: (1570.250153838584,1)
[1679]: (1570.140391460496,1)
[1680]: (1570.126821995986,1)
[1681]: (1570.389678782617,1)
[1682]: (1579.389464904021,1)
[1683]: (1570.003848078506,1)
[1684]: (1582.003428500223,1)
[1685]: (1570.518154873323,1)
[1686]: (1570.469127299356,1)
[1687]: (1570.055680657612,1)
[1688]: (1586.162683536293,1)
[1689]: (1570.843134281386,1)
[1690]: (1570.149788840745,1)
[1691]: (1570.256639586797,1)
[1692]: (1570.237501661043,1)
[1693]: (1570.218701088186,1)
[1694]: (1570.089219835768,1)
[1695]: (1570.097537490236,1)
[1696]: (1570.040906896927,1)
[1697]: (1570.576363496865,1)
[1698]: (1576.050412999673,1)
[1699]: (1571.559719996816,1)
[1700]: (1571.66930510303,1)
[1701]: (1570.198290855273,1)
[1702]: (1570.069752649491,1)
[1703]: (1574.16678375207,1)
[1704]: (1575.683433917045,1)
[1705]: (1570.08322589176,1)
[1706]: (1570.033291936496,1)
[1707]: (1570.144515852994,1)
[1708]: (1570.600847674192,1)
[1709]: (1583.31996352425,1)
[1710]: (1570.325257500078,1)
[1711]: (1592.043826110496,1)
[1712]: (1570.248394873259,1)
[1713]: (1570.09867776639,1)
[1714]: (1570.445231504475,1)
[1715]: (1585.401230944592,1)
[1716]: (1570.53530641354,1)
[1717]: (1570.112588684847,1)
[1718]: (1570.014783628384,1)
[1719]: (1570.196009120237,1)
[1720]: (1570.240923595622,1)
[1721]: (1570.109846194796,1)
[1722]: (1576.14360486222,1)
[1723]: (1570.107820157933,1)
[1724]: (1570.172988075124,1)
[1725]: (1570.164735795643,1)
[1726]: (1570.62452204197,1)
[1727]: (1570.108093438737,1)
[1728]: (1570.408072820014,1)
[1729]: (1570.285710099149,1)
[1730]: (1570.36904083816,1)
[1731]: (1570.465973129504,1)
[1732]: (1586.240676472969,1)
[1733]: (1570.068461044552,1)
[1734]: (1570.214778103895,1)
[1735]: (1569.236457150935,1)
[1736]: (1579.158145147131,1)
[1737]: (1570.720389357783,1)
[1738]: (1570.002401952564,1)
[1739]: (1570.20776637883,1)
[1740]: (1570.019474468494,1)
[1741]: (1570.253529608545,1)
[1742]: (1571.649280354115,1)
[1743]: (1579.03500529843,1)
[1744]: (1570.092850298918,1)
[1745]: (1570.584298950602,1)
[1746]: (1570.219598245014,1)
[1747]: (1570.11943493278,1)
[1748]: (1570.18521306469,1)
[1749]: (1570.196854499805,1)
[1750]: (1570.278974273368,1)
[1751]: (1570.907617138103,1)
[1752]: (1570.673124659446,1)
[1753]: (1596.239182632173,1)
[1754]: (1570.561712365602,1)
[1755]: (1570.225921899671,1)
[1756]: (1570.179442215272,1)
[1757]: (1570.063986282376,1)
[1758]: (1571.042029362737,1)
[1759]: (1570.78182781023,1)
[1760]: (1593.248938970878,1)
[1761]: (1570.112025630869,1)
[1762]: (1571.332776974078,1)
[1763]: (1570.072880305065,1)
[1764]: (1570.026993864739,1)
[1765]: (1570.189044855507,1)
[1766]: (1570.025362722499,1)
[1767]: (1570.146622880311,1)
[1768]: (1572.104773643983,1)
[1769]: (1570.355348069739,1)
[1770]: (1570.232496706484,1)
[1771]: (1570.045502576863,1)
[1772]: (1570.303285701875,1)
[1773]: (1570.094160290094,1)
[1774]: (1570.009959814596,1)
[1775]: (1570.055703717881,1)
[1776]: (1570.376562012817,1)
[1777]: (1570.461462443539,1)
[1778]: (1570.266227098128,1)
[1779]: (1569.340065106368,1)
[1780]: (1570.126990417242,1)
[1781]: (1576.745804899447,1)
[1782]: (1570.093447356375,1)
[1783]: (1582.240420928134,1)
[1784]: (1575.586766533391,1)
[1785]: (1570.358287133079,1)
[1786]: (1570.157074480741,1)
[1787]: (1570.480705771656,1)
[1788]: (1570.197628653575,1)
[1789]: (1570.082818675012,1)
[1790]: (1570.009842012593,1)
[1791]: (1570.068993764618,1)
[1792]: (1570.421937958869,1)
[1793]: (1582.132526849417,1)
[1794]: (1570.035917034783,1)
[1795]: (1570.026694824794,1)
[1796]: (1571.161102463045,1)
[1797]: (1571.939986555763,1)
[1798]: (1587.143215268672,1)
[1799]: (1570.122357836234,1)
[1800]: (1577.214860129328,1)
[1801]: (1570.058492914388,1)
[1802]: (1570.024016187399,1)
[1803]: (1570.290676282137,1)
[1804]: (1579.222716282009,1)
[1805]: (1570.256755964051,1)
[1806]: (1571.173165454403,1)
[1807]: (1570.042665940138,1)
[1808]: (1570.097135616213,1)
[1809]: (1570.493283893039,1)
[1810]: (1587.10366027743,1)
[1811]: (1575.604724168876,1)
[1812]: (1570.077569605397,1)
[1813]: (1570.425007957414,1)
[1814]: (1570.080577038731,1)
[1815]: (1570.278877794852,1)
[1816]: (1570.251525842853,1)
[1817]: (1570.129585724826,1)
[1818]: (1570.017302867863,1)
[1819]: (1581.716244091555,1)
[1820]: (1585.079097260175,1)
[1821]: (1570.365286306888,1)
[1822]: (1570.068240512032,1)
[1823]: (1570.498725871472,1)
[1824]: (1570.06976932806,1)
[1825]: (1570.368734968092,1)
[1826]: (1570.407112820747,1)
[1827]: (1570.409964708897,1)
[1828]: (1570.084640777199,1)
[1829]: (1570.083828792691,1)
[1830]: (1591.106713350366,1)
[1831]: (1570.002410558499,1)
[1832]: (1570.207066020885,1)
[1833]: (1570.277564652289,1)
[1834]: (1570.221252580865,1)
[1835]: (1585.412164519236,1)
[1836]: (1570.443885694986,1)
[1837]: (1571.07498227659,1)
[1838]: (1570.410346898551,1)
[1839]: (1570.32576676139,1)
[1840]: (1570.471056309346,1)
[1841]: (1570.011398270438,1)
[1842]: (1570.521783226272,1)
[1843]: (1579.365263888743,1)
[1844]: (1570.615093032867,1)
[1845]: (1570.255531080556,1)
[1846]: (1570.274914131084,1)
[1847]: (1570.195550710214,1)
[1848]: (1570.808812573266,1)
[1849]: (1570.377848128023,1)
[1850]: (1570.167416534092,1)
[1851]: (1570.016520972505,1)
[1852]: (1570.101094968935,1)
[1853]: (1570.045892593829,1)
[1854]: (1570.362560674123,1)
[1855]: (1570.104335500326,1)
[1856]: (1570.133285100853,1)
[1857]: (1570.763770289956,1)
[1858]: (1588.449796460302,1)
[1859]: (1570.005580712344,1)
[1860]: (1570.301256711426,1)
[1861]: (1570.209718245595,1)
[1862]: (1570.1875410932,1)
[1863]: (1593.2053151814,1)
[1864]: (1570.52821158625,1)
[1865]: (1570.627271358125,1)
[1866]: (1570.395151114159,1)
[1867]: (1589.017882668028,1)
[1868]: (1575.305543952415,1)
[1869]: (1570.554124210586,1)
[1870]: (1570.188604622288,1)
[1871]: (1570.613757254317,1)
[1872]: (1571.185417699987,1)
[1873]: (1570.314629680818,1)
[1874]: (1570.182680478796,1)
[1875]: (1570.150557928513,1)
[1876]: (1570.511642226883,1)
[1877]: (1570.518194305849,1)
[1878]: (1570.061685631682,1)
[1879]: (1570.166357034969,1)
[1880]: (1570.012037755298,1)
[1881]: (1570.043641945139,1)
[1882]: (1587.078776934411,1)
[1883]: (1570.115724451596,1)
[1884]: (1570.050880620455,1)
[1885]: (1579.443892405535,1)
[1886]: (1570.239862222772,1)
[1887]: (1570.070320030326,1)
[1888]: (1570.494320524729,1)
[1889]: (1574.064076601542,1)
[1890]: (1590.169661571618,1)
[1891]: (1570.104046278344,1)
[1892]: (1570.138635060179,1)
[1893]: (1570.083636315721,1)
[1894]: (1581.020317069594,1)
[1895]: (1570.20176808517,1)
[1896]: (1570.094583215935,1)
[1897]: (1571.232376336885,1)
[1898]: (1570.358912831995,1)
[1899]: (1571.657775565642,1)
[1900]: (1582.961906880643,1)
[1901]: (1570.126784059233,1)
[1902]: (1571.219387027321,1)
[1903]: (1576.080990768373,1)
[1904]: (1570.174993745424,1)
[1905]: (1570.096651353864,1)
[1906]: (1571.141800798021,1)
[1907]: (1570.343781100779,1)
[1908]: (1570.031407376679,1)
[1909]: (1570.259001884184,1)
[1910]: (1587.094764971707,1)
[1911]: (1570.181854905707,1)
[1912]: (1570.007059073922,1)
[1913]: (1570.686518271805,1)
[1914]: (1570.039919968898,1)
[1915]: (1570.15770502156,1)
[1916]: (1570.1528700066,1)
[1917]: (1570.085149324095,1)
[1918]: (1570.551507973028,1)
[1919]: (1575.38614601714,1)
[1920]: (1570.516403443918,1)
[1921]: (1570.522094353646,1)
[1922]: (1570.016348712685,1)
[1923]: (1570.193353531983,1)
[1924]: (1570.35206217627,1)
[1925]: (1570.135028099964,1)
[1926]: (1570.044747299281,1)
[1927]: (1577.097080960163,1)
[1928]: (1570.049260781308,1)
[1929]: (1570.163592518893,1)
[1930]: (1571.062790983996,1)
[1931]: (1570.136952599026,1)
[1932]: (1571.486931450463,1)
[1933]: (1570.81773681642,1)
[1934]: (1571.373325588829,1)
[1935]: (1570.053311021016,1)
[1936]: (1571.445472687815,1)
[1937]: (1570.111994345749,1)
[1938]: (1570.11093233969,1)
[1939]: (1570.185861290659,1)
[1940]: (1570.18418372104,1)
[1941]: (1588.067134008007,1)
[1942]: (1570.30537229292,1)
[1943]: (1570.402913116679,1)
[1944]: (1570.156005348676,1)
[1945]: (1570.253373959864,1)
[1946]: (1589.325601954833,1)
[1947]: (1570.04510334682,1)
[1948]: (1570.278505384463,1)
[1949]: (1570.273755940351,1)
[1950]: (1570.210827801278,1)
[1951]: (1570.016869738437,1)
[1952]: (1570.400094649245,1)
[1953]: (1570.323578285377,1)
[1954]: (1570.533142790274,1)
[1955]: (1570.003156854865,1)
[1956]: (1570.123812565425,1)
[1957]: (1570.75262775275,1)
[1958]: (1570.41863052532,1)
[1959]: (1570.536348924787,1)
[1960]: (1570.325394694075,1)
[1961]: (1570.113633863195,1)
[1962]: (1586.718579391575,1)
[1963]: (1572.142345031322,1)
[1964]: (1578.352874459129,1)
[1965]: (1570.033538453104,1)
[1966]: (1580.4822319167,1)
[1967]: (1570.624105217223,1)
[1968]: (1580.581463525715,1)
[1969]: (1570.560448927014,1)
[1970]: (1570.008890482329,1)
[1971]: (1570.188726493618,1)
[1972]: (1570.134316286908,1)
[1973]: (1570.506001643938,1)
[1974]: (1570.009452256244,1)
[1975]: (1570.458825054024,1)
[1976]: (1570.048914380335,1)
[1977]: (1570.202985864838,1)
[1978]: (1570.103277523472,1)
[1979]: (1590.437194837328,1)
[1980]: (1570.02991312269,1)
[1981]: (1571.004640709007,1)
[1982]: (1570.037588253718,1)
[1983]: (1570.021152872047,1)
[1984]: (1570.744913182152,1)
[1985]: (1570.396329332072,1)
[1986]: (1570.034634167833,1)
[1987]: (1570.183660528693,1)
[1988]: (1570.543813436283,1)
[1989]: (1570.282900710929,1)
[1990]: (1570.330505172464,1)
[1991]: (1570.164937467939,1)
[1992]: (1570.211638112196,1)
[1993]: (1570.307951400725,1)
[1994]: (1570.423868072723,1)
[1995]: (1570.043792628618,1)
[1996]: (1589.209821935692,1)
[1997]: (1570.00089884614,1)
[1998]: (1570.301903382731,1)
[1999]: (1570.372443691766,1)
 -- States explored : 0 states
 -- CPU user time used : 851420 ms
 -- Virtual memory used : 49870624 KiB
 -- Resident memory used : 49832172 KiB
executionTime: 5698
