core file size          (blocks, -c) unlimited
data seg size           (kbytes, -d) unlimited
scheduling priority             (-e) 0
file size               (blocks, -f) unlimited
pending signals                 (-i) 4077086
max locked memory       (kbytes, -l) 64
max memory size         (kbytes, -m) 99614720
open files                      (-n) 4096
pipe size            (512 bytes, -p) 8
POSIX message queues     (bytes, -q) 819200
real-time priority              (-r) 0
stack size              (kbytes, -s) 8192
cpu time               (seconds, -t) unlimited
max user processes              (-u) 4077086
virtual memory          (kbytes, -v) 95000000
file locks                      (-x) unlimited
Options for the verification:
  Generating some trace
  Search order is random depth first
  Using conservative space optimisation
  Seed is 1556691776
  State space representation uses minimal constraint systems
  Using HashMap + Compress integers for discrete state storage

Verifying formula 1 at ../queries/SP_300_14_7.q:1
 -- Formula is satisfied.
(9000 runs)
Learning statistics for best strategy: 
	Number of resets: 1
	Number of iterations in last reset: 8
	Number of iterations in total: 28

 -- States explored : 0 states
 -- CPU user time used : 10826420 ms
 -- Virtual memory used : 59959736 KiB
 -- Resident memory used : 59920224 KiB

Verifying formula 2 at ../queries/SP_300_14_7.q:2
 -- Formula is satisfied.
Composer.Done:
[0]: (0,0) (544.3454983073583,1)
[1]: (544.3573944879747,1)
[2]: (544.1788332426088,1)
[3]: (544.942490850343,1)
[4]: (544.2614184788706,1)
[5]: (545.1902900387204,1)
[6]: (545.0557144890058,1)
[7]: (545.0154304411519,1)
[8]: (544.3065891683253,1)
[9]: (544.5427977557646,1)
[10]: (544.0312457629165,1)
[11]: (544.6650968058378,1)
[12]: (544.7310312003652,1)
[13]: (544.071093165093,1)
[14]: (545.2294574619856,1)
[15]: (545.3540802560938,1)
[16]: (544.1728024847056,1)
[17]: (544.0064026316385,1)
[18]: (544.3874631190354,1)
[19]: (544.3479288303754,1)
[20]: (544.545707413405,1)
[21]: (544.3033726379788,1)
[22]: (544.8417344722608,1)
[23]: (544.2410332652648,1)
[24]: (544.0558911088658,1)
[25]: (544.02699410991,1)
[26]: (544.0789724535425,1)
[27]: (544.0262112394664,1)
[28]: (544.1166459916175,1)
[29]: (544.3269515122383,1)
[30]: (544.0324686464062,1)
[31]: (544.1873315497993,1)
[32]: (544.0213107460005,1)
[33]: (545.3177946098165,1)
[34]: (544.1482480552527,1)
[35]: (545.1433514194035,1)
[36]: (545.2504344472737,1)
[37]: (545.3295825718659,1)
[38]: (544.2962729800811,1)
[39]: (544.2633448905243,1)
[40]: (545.0947197456585,1)
[41]: (544.1409746742231,1)
[42]: (544.9890909812782,1)
[43]: (544.4918672412854,1)
[44]: (545.0676700430911,1)
[45]: (544.0119432098302,1)
[46]: (544.6407966490777,1)
[47]: (544.0789070234855,1)
[48]: (545.107463751834,1)
[49]: (544.0828530540879,1)
[50]: (545.4180231737849,1)
[51]: (546.5514495815182,1)
[52]: (544.154641529551,1)
[53]: (544.1695095943041,1)
[54]: (544.4148312705485,1)
[55]: (544.4895230639481,1)
[56]: (544.0559394070287,1)
[57]: (544.8815928904412,1)
[58]: (545.8017725299849,1)
[59]: (544.3445631544241,1)
[60]: (544.0462230227149,1)
[61]: (544.1638509932276,1)
[62]: (544.5195303398875,1)
[63]: (544.0258629965294,1)
[64]: (544.4171316795353,1)
[65]: (544.0754866234034,1)
[66]: (544.1381533246415,1)
[67]: (545.1048883847355,1)
[68]: (544.1070345268213,1)
[69]: (544.9666719043637,1)
[70]: (546.1258496485724,1)
[71]: (544.2147920530761,1)
[72]: (544.0580311310775,1)
[73]: (544.0366465693894,1)
[74]: (544.1159605952039,1)
[75]: (546.4707081341484,1)
[76]: (545.2323562278737,1)
[77]: (544.0810532703014,1)
[78]: (544.0532604578164,1)
[79]: (545.1698452774285,1)
[80]: (544.4401115338405,1)
[81]: (545.3511157692387,1)
[82]: (545.1584856750768,1)
[83]: (544.5653633662723,1)
[84]: (544.6952324648956,1)
[85]: (544.0090886270835,1)
[86]: (544.5155635861837,1)
[87]: (545.0379436995499,1)
[88]: (544.2171076850587,1)
[89]: (544.3449919034894,1)
[90]: (546.5845943265863,1)
[91]: (545.2079424957482,1)
[92]: (544.0645833637893,1)
[93]: (545.4173399290885,1)
[94]: (544.1346091435432,1)
[95]: (545.0290781003154,1)
[96]: (545.2631683827378,1)
[97]: (544.0517099781667,1)
[98]: (545.1843785050228,1)
[99]: (546.3484120586264,1)
[100]: (545.2403457041636,1)
[101]: (544.1998597970593,1)
[102]: (544.0703010361848,1)
[103]: (544.0812263072607,1)
[104]: (544.1412127744313,1)
[105]: (544.5722255489325,1)
[106]: (544.0824551284699,1)
[107]: (544.5264298772285,1)
[108]: (544.151858774893,1)
[109]: (544.0230331214186,1)
[110]: (544.024193741649,1)
[111]: (545.1329988408596,1)
[112]: (545.9590325997818,1)
[113]: (544.0282074081251,1)
[114]: (544.2418935214935,1)
[115]: (544.2255188617854,1)
[116]: (544.075768544057,1)
[117]: (545.087140659664,1)
[118]: (544.6629007808114,1)
[119]: (544.0778680937523,1)
[120]: (544.072626057188,1)
[121]: (545.7942291361057,1)
[122]: (544.4342391961534,1)
[123]: (545.3549815875622,1)
[124]: (544.0970727270685,1)
[125]: (544.2232551278671,1)
[126]: (545.1359904207867,1)
[127]: (544.0508589737515,1)
[128]: (544.0206313835599,1)
[129]: (544.5104988629838,1)
[130]: (544.6565136853393,1)
[131]: (545.3575455239334,1)
[132]: (544.2468333709696,1)
[133]: (544.3902357739148,1)
[134]: (544.6023969264456,1)
[135]: (544.4732536098683,1)
[136]: (544.0315575471772,1)
[137]: (544.2845184724952,1)
[138]: (544.0133220456275,1)
[139]: (544.1824828278681,1)
[140]: (545.0912844162464,1)
[141]: (544.5962142560517,1)
[142]: (545.1726142383147,1)
[143]: (545.1095403490825,1)
[144]: (544.1496921038795,1)
[145]: (544.1854363422743,1)
[146]: (546.0135656333586,1)
[147]: (544.0610279907787,1)
[148]: (544.1182369369544,1)
[149]: (544.1213330998672,1)
[150]: (544.4720264325854,1)
[151]: (545.227851709242,1)
[152]: (544.1151561001906,1)
[153]: (545.1394356643447,1)
[154]: (544.0422965758446,1)
[155]: (544.3257740819071,1)
[156]: (544.1058884137548,1)
[157]: (544.2759571975123,1)
[158]: (544.219695009426,1)
[159]: (544.1407856727371,1)
[160]: (545.3217977960297,1)
[161]: (544.1418795515959,1)
[162]: (545.0039438337395,1)
[163]: (545.5110064072173,1)
[164]: (545.3367326865595,1)
[165]: (545.374991471445,1)
[166]: (544.3391220343058,1)
[167]: (545.0148865487365,1)
[168]: (545.0334315275049,1)
[169]: (544.1710272413329,1)
[170]: (544.0908531621699,1)
[171]: (545.0041090587538,1)
[172]: (545.2367881253291,1)
[173]: (544.2546989988599,1)
[174]: (544.8903376873116,1)
[175]: (544.746121684183,1)
[176]: (544.3836925900119,1)
[177]: (544.0501666684191,1)
[178]: (544.2396169141316,1)
[179]: (545.5765580084037,1)
[180]: (545.0458407540968,1)
[181]: (544.2291260646389,1)
[182]: (544.1622826196287,1)
[183]: (544.0922420914188,1)
[184]: (545.3227762547309,1)
[185]: (544.3270805948835,1)
[186]: (544.0652942801373,1)
[187]: (544.0660521289635,1)
[188]: (545.0102488725057,1)
[189]: (545.8214149003034,1)
[190]: (544.4332761324087,1)
[191]: (544.3622721959658,1)
[192]: (544.5757966883251,1)
[193]: (544.232961419705,1)
[194]: (545.4142497779854,1)
[195]: (544.2353297976738,1)
[196]: (545.4886995682273,1)
[197]: (544.9444301845961,1)
[198]: (544.4428604472217,1)
[199]: (544.4491010390784,1)
[200]: (544.5553062942297,1)
[201]: (544.103651782927,1)
[202]: (544.0339517944967,1)
[203]: (544.3165954418093,1)
[204]: (544.5292687678713,1)
[205]: (544.9382980161769,1)
[206]: (544.1082664806265,1)
[207]: (547.0649382094199,1)
[208]: (544.2693958587637,1)
[209]: (544.0109541641167,1)
[210]: (546.1068973888226,1)
[211]: (545.168173887265,1)
[212]: (545.1449080729808,1)
[213]: (544.2808715558061,1)
[214]: (544.0288782370521,1)
[215]: (545.2000218744755,1)
[216]: (544.2471278733873,1)
[217]: (544.2403077093436,1)
[218]: (544.3478176721837,1)
[219]: (544.6764520834798,1)
[220]: (544.1026934509998,1)
[221]: (544.0264453846523,1)
[222]: (544.2463129574879,1)
[223]: (544.1635052893831,1)
[224]: (545.6109557385939,1)
[225]: (545.5593829235102,1)
[226]: (545.031905056386,1)
[227]: (544.0765676386691,1)
[228]: (544.1016709095029,1)
[229]: (544.0696898557875,1)
[230]: (544.2517606359969,1)
[231]: (544.3882104519698,1)
[232]: (544.6213568228872,1)
[233]: (545.7841701038734,1)
[234]: (546.3060367488052,1)
[235]: (544.1539793930573,1)
[236]: (545.3823888640507,1)
[237]: (545.0863483763387,1)
[238]: (545.2652021633808,1)
[239]: (545.6710736901298,1)
[240]: (545.0400105680744,1)
[241]: (544.2159875241574,1)
[242]: (544.9894522326757,1)
[243]: (545.2646940904199,1)
[244]: (544.8612134440384,1)
[245]: (544.5105847297908,1)
[246]: (544.1136630605781,1)
[247]: (545.578453079375,1)
[248]: (544.1374913078135,1)
[249]: (544.0503448414505,1)
[250]: (544.0941497040601,1)
[251]: (544.2736709869447,1)
[252]: (545.0039182601404,1)
[253]: (544.0750640590312,1)
[254]: (544.307011960762,1)
[255]: (544.0208363197721,1)
[256]: (544.6339839124928,1)
[257]: (544.5344579558688,1)
[258]: (544.0621392857739,1)
[259]: (544.2479162803038,1)
[260]: (544.0897626606331,1)
[261]: (544.0343114845148,1)
[262]: (545.7699018320804,1)
[263]: (545.2974569295774,1)
[264]: (544.1824669567533,1)
[265]: (544.0647474460523,1)
[266]: (544.3462058552573,1)
[267]: (545.1385842154762,1)
[268]: (544.9666104335365,1)
[269]: (544.227264560184,1)
[270]: (545.3757885071072,1)
[271]: (544.069489595039,1)
[272]: (544.3364271015156,1)
[273]: (544.3489114004281,1)
[274]: (545.4096222695479,1)
[275]: (544.192013732226,1)
[276]: (544.1096566789745,1)
[277]: (544.7193207250939,1)
[278]: (544.9075222307393,1)
[279]: (544.1497292349234,1)
[280]: (544.1164186314617,1)
[281]: (546.3611156193244,1)
[282]: (546.0535940363304,1)
[283]: (544.430573148987,1)
[284]: (544.0315548279085,1)
[285]: (545.6300142324263,1)
[286]: (544.0276982416628,1)
[287]: (546.0764889157808,1)
[288]: (544.2095007712962,1)
[289]: (544.3008993723054,1)
[290]: (544.3685401398341,1)
[291]: (544.269127521079,1)
[292]: (545.0210940957998,1)
[293]: (544.1883990717375,1)
[294]: (545.4603260532269,1)
[295]: (545.3228749859445,1)
[296]: (544.0518259689919,1)
[297]: (545.2689517823569,1)
[298]: (544.3164923674919,1)
[299]: (544.2301868119469,1)
[300]: (544.6652036912495,1)
[301]: (544.2177512420361,1)
[302]: (545.2380160108983,1)
[303]: (544.1490857757404,1)
[304]: (545.0112784596165,1)
[305]: (545.4197044786695,1)
[306]: (544.2047640450711,1)
[307]: (544.2707794697872,1)
[308]: (544.7592561216364,1)
[309]: (544.0695893298004,1)
[310]: (544.7177927490621,1)
[311]: (544.2234980039912,1)
[312]: (544.7161046642981,1)
[313]: (544.5065171100713,1)
[314]: (544.1458063017894,1)
[315]: (544.262892405334,1)
[316]: (544.0653675819871,1)
[317]: (546.1094949558423,1)
[318]: (544.1776890540219,1)
[319]: (544.1849651865842,1)
[320]: (544.1581658866529,1)
[321]: (544.4218827871764,1)
[322]: (544.6495276877523,1)
[323]: (544.4319624790872,1)
[324]: (544.0090703506686,1)
[325]: (544.1935785328722,1)
[326]: (544.1653251372425,1)
[327]: (544.3478026181508,1)
[328]: (544.2640349120533,1)
[329]: (544.0244385281767,1)
[330]: (544.6949389096059,1)
[331]: (544.0388023987026,1)
[332]: (544.4368530823244,1)
[333]: (544.9027969058181,1)
[334]: (544.0827690926694,1)
[335]: (544.0253193707412,1)
[336]: (545.7523644865437,1)
[337]: (545.0188440965534,1)
[338]: (544.5533864849464,1)
[339]: (545.6445780773822,1)
[340]: (544.6899246958268,1)
[341]: (545.0098431008652,1)
[342]: (544.0112831042328,1)
[343]: (544.0314217484208,1)
[344]: (544.0031238376786,1)
[345]: (544.2124677091332,1)
[346]: (544.2244919022779,1)
[347]: (544.2558235785001,1)
[348]: (544.3447033176326,1)
[349]: (545.6419351332171,1)
[350]: (544.9630380152167,1)
[351]: (544.3085068136004,1)
[352]: (544.0027793003331,1)
[353]: (545.1885645231997,1)
[354]: (544.017630078208,1)
[355]: (544.0127453376517,1)
[356]: (544.531984520097,1)
[357]: (544.3501922403535,1)
[358]: (545.2418560518988,1)
[359]: (544.1013130961352,1)
[360]: (544.6142927326216,1)
[361]: (544.0708259340465,1)
[362]: (544.0037768443383,1)
[363]: (545.15068433929,1)
[364]: (546.1154789828385,1)
[365]: (544.4069547192757,1)
[366]: (545.0895264456227,1)
[367]: (545.5658407665106,1)
[368]: (544.3825452498517,1)
[369]: (544.6646414377428,1)
[370]: (544.0511951001228,1)
[371]: (544.1494041265257,1)
[372]: (544.077276583322,1)
[373]: (544.1468488419441,1)
[374]: (544.1508030037074,1)
[375]: (544.0001491864548,1)
[376]: (544.4777497441049,1)
[377]: (544.4743441321601,1)
[378]: (545.3581907594844,1)
[379]: (544.097583427964,1)
[380]: (544.0225603313472,1)
[381]: (544.6602683104915,1)
[382]: (544.0148557221519,1)
[383]: (544.5064551220246,1)
[384]: (544.1140022530519,1)
[385]: (544.0551289579953,1)
[386]: (544.3616812828587,1)
[387]: (544.3598273501483,1)
[388]: (544.539344315661,1)
[389]: (544.1474635089369,1)
[390]: (544.1335886338876,1)
[391]: (545.6076820122549,1)
[392]: (544.7440339302486,1)
[393]: (544.6161300931066,1)
[394]: (545.2286914566811,1)
[395]: (545.398553513106,1)
[396]: (544.0750504130729,1)
[397]: (544.4888159416583,1)
[398]: (545.1656284432698,1)
[399]: (545.2723402616083,1)
[400]: (545.0531341567872,1)
[401]: (544.6174331171577,1)
[402]: (544.0979397591682,1)
[403]: (545.9253331579292,1)
[404]: (545.1693730188621,1)
[405]: (544.0164311908625,1)
[406]: (544.0593413627776,1)
[407]: (544.3213399210389,1)
[408]: (544.0033491224217,1)
[409]: (545.1287513865108,1)
[410]: (544.5795058965202,1)
[411]: (544.5275698065886,1)
[412]: (544.0527633966717,1)
[413]: (544.0055789994116,1)
[414]: (544.2223995544006,1)
[415]: (544.0726849718557,1)
[416]: (545.2317151199964,1)
[417]: (545.6039870794854,1)
[418]: (544.2971897305259,1)
[419]: (545.3212085607289,1)
[420]: (544.0510841396248,1)
[421]: (544.1849115211594,1)
[422]: (545.1032043776004,1)
[423]: (544.6844130206235,1)
[424]: (544.0463767305434,1)
[425]: (544.0595145639672,1)
[426]: (544.1111889303194,1)
[427]: (544.4173706895759,1)
[428]: (544.1272604400936,1)
[429]: (545.5446393396801,1)
[430]: (544.0621175521034,1)
[431]: (545.5045058571682,1)
[432]: (545.8048988401916,1)
[433]: (544.3759809754697,1)
[434]: (544.4153174048854,1)
[435]: (544.113745537917,1)
[436]: (545.339308896312,1)
[437]: (544.4437481164157,1)
[438]: (545.262749625701,1)
[439]: (544.0467695754489,1)
[440]: (544.2026990877951,1)
[441]: (545.1459238819667,1)
[442]: (545.739900651697,1)
[443]: (545.1583584047081,1)
[444]: (544.4793843160718,1)
[445]: (545.1916727199797,1)
[446]: (544.0575506392439,1)
[447]: (544.3275289028707,1)
[448]: (546.2367668155018,1)
[449]: (544.0737176121492,1)
[450]: (544.044023177282,1)
[451]: (545.7740339026806,1)
[452]: (544.575683506635,1)
[453]: (544.2539198577351,1)
[454]: (544.2696833337848,1)
[455]: (545.3533293703701,1)
[456]: (544.1198448350509,1)
[457]: (545.0454534089927,1)
[458]: (544.2779248639005,1)
[459]: (545.0516991412013,1)
[460]: (544.254727368588,1)
[461]: (544.2839791775071,1)
[462]: (544.5861199254157,1)
[463]: (545.1011776350292,1)
[464]: (545.163737564863,1)
[465]: (544.1024298241657,1)
[466]: (544.3451410115536,1)
[467]: (544.2198313433776,1)
[468]: (545.3637306111511,1)
[469]: (546.2082591416339,1)
[470]: (544.4944455806093,1)
[471]: (544.1851672448988,1)
[472]: (544.1736491322595,1)
[473]: (544.6634972248822,1)
[474]: (544.6318371446489,1)
[475]: (544.0659813866164,1)
[476]: (544.8855539157056,1)
[477]: (544.2108182931561,1)
[478]: (544.4856717359962,1)
[479]: (544.2830381091869,1)
[480]: (544.0768643798895,1)
[481]: (544.2456688444495,1)
[482]: (544.8285968282219,1)
[483]: (544.545836422208,1)
[484]: (544.0271999267954,1)
[485]: (544.1248895273171,1)
[486]: (544.1076735747315,1)
[487]: (544.7023667910295,1)
[488]: (544.1826175025755,1)
[489]: (544.4679329472015,1)
[490]: (545.1068272607699,1)
[491]: (544.0158154399273,1)
[492]: (544.0827628653175,1)
[493]: (544.1808855845142,1)
[494]: (545.8683529658587,1)
[495]: (544.633015704051,1)
[496]: (544.2356575425546,1)
[497]: (545.2384226301784,1)
[498]: (545.004177869052,1)
[499]: (544.3429797209367,1)
[500]: (544.4065603006318,1)
[501]: (544.1842838654535,1)
[502]: (544.1783482002371,1)
[503]: (545.2071312689559,1)
[504]: (544.6375012065482,1)
[505]: (545.1067684149181,1)
[506]: (545.1182213902288,1)
[507]: (544.6087772026194,1)
[508]: (544.0372376129229,1)
[509]: (544.6513409464901,1)
[510]: (545.5434378243302,1)
[511]: (544.0539293769364,1)
[512]: (545.0008672550457,1)
[513]: (544.2106037527373,1)
[514]: (544.1795244804529,1)
[515]: (544.1687805610181,1)
[516]: (544.0391578624352,1)
[517]: (544.0609688551081,1)
[518]: (544.3522779755002,1)
[519]: (545.1287245297292,1)
[520]: (545.0904283311816,1)
[521]: (545.7395913122,1)
[522]: (545.0487929381305,1)
[523]: (544.2717809956431,1)
[524]: (545.0556001172098,1)
[525]: (544.2206279558245,1)
[526]: (544.3433637358443,1)
[527]: (544.1995066640537,1)
[528]: (544.7565827673517,1)
[529]: (544.7433391723098,1)
[530]: (544.3403536181268,1)
[531]: (545.0317872156771,1)
[532]: (544.0796713174642,1)
[533]: (544.552057368405,1)
[534]: (544.1950226923149,1)
[535]: (544.0877014651368,1)
[536]: (544.039212726397,1)
[537]: (545.1813400683042,1)
[538]: (545.1856489731433,1)
[539]: (544.3362768791475,1)
[540]: (544.6369383013833,1)
[541]: (544.0836627359952,1)
[542]: (544.1246692867605,1)
[543]: (544.2183527522436,1)
[544]: (544.1419010670724,1)
[545]: (544.1535312942431,1)
[546]: (544.1833485212957,1)
[547]: (544.7835075990839,1)
[548]: (544.0271150598001,1)
[549]: (544.0199120835402,1)
[550]: (544.1038747041488,1)
[551]: (544.2868188766184,1)
[552]: (544.1072892076825,1)
[553]: (545.0707243258247,1)
[554]: (545.2430244281519,1)
[555]: (545.1429096077478,1)
[556]: (544.0452158455629,1)
[557]: (545.0484841522989,1)
[558]: (544.0237641145671,1)
[559]: (544.580903464367,1)
[560]: (545.2627833050529,1)
[561]: (544.6975188823849,1)
[562]: (544.5588214338117,1)
[563]: (545.1901335328054,1)
[564]: (544.0270249144926,1)
[565]: (544.0684499528367,1)
[566]: (544.0435329330051,1)
[567]: (544.32183303166,1)
[568]: (544.7823579520023,1)
[569]: (544.3066081047855,1)
[570]: (544.6908994044946,1)
[571]: (544.6491827654023,1)
[572]: (544.9343704321782,1)
[573]: (544.0238773936439,1)
[574]: (544.1726162188685,1)
[575]: (544.8349022725129,1)
[576]: (544.2372955476609,1)
[577]: (544.2061881590641,1)
[578]: (544.0858573826043,1)
[579]: (545.2705894669079,1)
[580]: (544.004102621281,1)
[581]: (544.1120461656941,1)
[582]: (544.3765985181117,1)
[583]: (545.238570256252,1)
[584]: (546.1560173434634,1)
[585]: (544.4309454293359,1)
[586]: (544.2461090955807,1)
[587]: (544.1577830678046,1)
[588]: (544.1326703903421,1)
[589]: (544.1583658519914,1)
[590]: (544.2631535943498,1)
[591]: (544.0313090295946,1)
[592]: (544.6879508340766,1)
[593]: (544.1460203986928,1)
[594]: (544.8451776582369,1)
[595]: (544.1314812953627,1)
[596]: (544.3626806558267,1)
[597]: (544.5241859997494,1)
[598]: (545.0409163637358,1)
[599]: (544.5347780992001,1)
[600]: (544.0835917508666,1)
[601]: (544.5410837230345,1)
[602]: (545.3346518496577,1)
[603]: (544.1201911280876,1)
[604]: (544.5165118189017,1)
[605]: (545.1390993340526,1)
[606]: (545.5614570644325,1)
[607]: (545.043266046339,1)
[608]: (545.0062925619011,1)
[609]: (545.0558733101017,1)
[610]: (545.6436214917777,1)
[611]: (544.2581163792106,1)
[612]: (544.2052749301936,1)
[613]: (545.1705983322584,1)
[614]: (544.3440647909816,1)
[615]: (545.0422150935706,1)
[616]: (544.3419638164659,1)
[617]: (544.4617216076164,1)
[618]: (544.3631851653751,1)
[619]: (544.2655569026845,1)
[620]: (545.0920494515759,1)
[621]: (545.2745060894306,1)
[622]: (544.5337008475065,1)
[623]: (544.5608690168328,1)
[624]: (544.1855938743996,1)
[625]: (544.0022136072329,1)
[626]: (544.1775080779632,1)
[627]: (544.0748300999167,1)
[628]: (544.1310786527315,1)
[629]: (544.0525083952041,1)
[630]: (545.0294799375336,1)
[631]: (544.4224844886147,1)
[632]: (544.3012697961505,1)
[633]: (544.0547669392961,1)
[634]: (544.6878145965532,1)
[635]: (544.2121195227951,1)
[636]: (544.0012562798771,1)
[637]: (544.6381970830063,1)
[638]: (545.2234510388236,1)
[639]: (544.3727981641216,1)
[640]: (544.6152089741234,1)
[641]: (544.5499569733533,1)
[642]: (544.2785189888059,1)
[643]: (544.6340481520257,1)
[644]: (544.4313553946066,1)
[645]: (544.3440083281827,1)
[646]: (544.1185947998267,1)
[647]: (544.0490313455841,1)
[648]: (544.072585574949,1)
[649]: (544.2264474342127,1)
[650]: (544.1219175187433,1)
[651]: (545.0792530519484,1)
[652]: (545.3028382512534,1)
[653]: (544.2177739830214,1)
[654]: (545.0587047177693,1)
[655]: (545.0545974593613,1)
[656]: (544.2198824351266,1)
[657]: (544.0583486191748,1)
[658]: (544.1979104968623,1)
[659]: (544.5273920612686,1)
[660]: (544.0744497159271,1)
[661]: (545.1968741010213,1)
[662]: (545.4967683455874,1)
[663]: (544.2092269476564,1)
[664]: (544.2908155379172,1)
[665]: (544.1782779156946,1)
[666]: (544.7777264882933,1)
[667]: (544.2259724246834,1)
[668]: (544.0605106959741,1)
[669]: (544.1390905689365,1)
[670]: (544.4746143432711,1)
[671]: (544.7270893438171,1)
[672]: (545.3313921071726,1)
[673]: (544.0387176585604,1)
[674]: (545.251190372658,1)
[675]: (544.5632000057974,1)
[676]: (544.0133211266942,1)
[677]: (545.3745087575949,1)
[678]: (546.3305188375252,1)
[679]: (544.5757970560977,1)
[680]: (544.4164073058756,1)
[681]: (544.4663349805251,1)
[682]: (544.0453732144802,1)
[683]: (545.0698901971582,1)
[684]: (544.3370021564918,1)
[685]: (544.3907573404886,1)
[686]: (545.0101928213877,1)
[687]: (545.0881739505384,1)
[688]: (544.1798100540874,1)
[689]: (545.2176799338316,1)
[690]: (545.3608296564466,1)
[691]: (544.7345624170546,1)
[692]: (544.0534462972694,1)
[693]: (544.6031754169643,1)
[694]: (544.1564268539985,1)
[695]: (544.0000119981379,1)
[696]: (545.1888735302615,1)
[697]: (544.5519429455093,1)
[698]: (544.2172610229826,1)
[699]: (544.5323032026242,1)
[700]: (544.0350419973453,1)
[701]: (545.0992059320035,1)
[702]: (544.2706279130614,1)
[703]: (544.2517709124461,1)
[704]: (544.9867869308342,1)
[705]: (544.0727479259571,1)
[706]: (545.003992592524,1)
[707]: (545.5039268853872,1)
[708]: (544.4478466160725,1)
[709]: (544.3115858667005,1)
[710]: (544.2560833296661,1)
[711]: (544.5847434903316,1)
[712]: (544.1256994971418,1)
[713]: (544.0575971912291,1)
[714]: (544.1724093897218,1)
[715]: (544.3725989119796,1)
[716]: (546.5256308190676,1)
[717]: (545.9397722196156,1)
[718]: (544.3254644552097,1)
[719]: (545.7000933523246,1)
[720]: (544.0493188263233,1)
[721]: (544.2611385860262,1)
[722]: (544.0813496250529,1)
[723]: (544.0836150491199,1)
[724]: (544.0147812560562,1)
[725]: (544.7090972744405,1)
[726]: (544.2820790691584,1)
[727]: (544.1899076526832,1)
[728]: (545.0154994773702,1)
[729]: (545.1860331581776,1)
[730]: (545.1723385946046,1)
[731]: (544.3277045981874,1)
[732]: (545.030974478699,1)
[733]: (544.0869850706557,1)
[734]: (544.0130677927277,1)
[735]: (546.5904386416373,1)
[736]: (544.2857995121701,1)
[737]: (545.3188530552784,1)
[738]: (545.2332147577461,1)
[739]: (545.8163229405052,1)
[740]: (545.2121464596642,1)
[741]: (544.2761154090591,1)
[742]: (546.2592803849318,1)
[743]: (544.7268821622615,1)
[744]: (544.345841634545,1)
[745]: (545.3047684686142,1)
[746]: (544.1764887412263,1)
[747]: (544.3640627442041,1)
[748]: (544.2917859301381,1)
[749]: (545.0614968768788,1)
[750]: (544.8058198931203,1)
[751]: (545.0274205974288,1)
[752]: (544.3968703759489,1)
[753]: (545.938077959713,1)
[754]: (545.4750806054536,1)
[755]: (544.7192691297741,1)
[756]: (545.2532878294905,1)
[757]: (545.0823467543405,1)
[758]: (544.1399013580701,1)
[759]: (544.0027520786057,1)
[760]: (544.6559306147461,1)
[761]: (544.5145268502926,1)
[762]: (545.3178429478681,1)
[763]: (544.0947180335447,1)
[764]: (544.1919182419367,1)
[765]: (545.1935626874675,1)
[766]: (545.7572657193489,1)
[767]: (544.2723575518984,1)
[768]: (544.0895528839199,1)
[769]: (545.032592178455,1)
[770]: (544.0659439033599,1)
[771]: (544.3231920190543,1)
[772]: (544.1040663227382,1)
[773]: (544.1085652473281,1)
[774]: (544.4582483027965,1)
[775]: (544.0455799487836,1)
[776]: (544.0697338629598,1)
[777]: (544.0087678887277,1)
[778]: (544.0066310736996,1)
[779]: (544.5186022819009,1)
[780]: (544.1161044148537,1)
[781]: (544.2953774723738,1)
[782]: (545.3510464984496,1)
[783]: (544.6908323015285,1)
[784]: (545.3256822101246,1)
[785]: (544.0449872864397,1)
[786]: (546.0224881866769,1)
[787]: (545.5643150551017,1)
[788]: (544.2962062674688,1)
[789]: (544.5703934636999,1)
[790]: (545.2180404109567,1)
[791]: (545.7629080214699,1)
[792]: (544.6503347968026,1)
[793]: (545.0855182596282,1)
[794]: (544.0719552347076,1)
[795]: (544.2436256551541,1)
[796]: (544.0106772298928,1)
[797]: (545.2200835921295,1)
[798]: (544.1830978976959,1)
[799]: (544.8968544795878,1)
[800]: (544.1534980372056,1)
[801]: (544.3589738468771,1)
[802]: (544.2933660898161,1)
[803]: (544.0148803464639,1)
[804]: (544.7583609435104,1)
[805]: (544.8909922578105,1)
[806]: (544.0504688974121,1)
[807]: (544.0607872849282,1)
[808]: (544.2630849255117,1)
[809]: (546.5248623359251,1)
[810]: (544.3410963896896,1)
[811]: (544.1679250143179,1)
[812]: (544.0430559322045,1)
[813]: (544.1401715583953,1)
[814]: (544.2629340163538,1)
[815]: (546.7753517944252,1)
[816]: (544.3674464145809,1)
[817]: (544.1539787858035,1)
[818]: (544.6474298433496,1)
[819]: (544.1962926612848,1)
[820]: (544.1552894489744,1)
[821]: (544.1990463031256,1)
[822]: (545.0849681678196,1)
[823]: (545.0569895365047,1)
[824]: (544.2056362715537,1)
[825]: (544.4412818143944,1)
[826]: (544.1112619404847,1)
[827]: (545.619902148969,1)
[828]: (544.490183519472,1)
[829]: (544.0150953948449,1)
[830]: (544.540914252696,1)
[831]: (544.0938246450081,1)
[832]: (545.0365725757738,1)
[833]: (544.7072239445415,1)
[834]: (544.0670079000969,1)
[835]: (544.2088908235108,1)
[836]: (544.0723159397747,1)
[837]: (544.1802071797748,1)
[838]: (544.8122331180255,1)
[839]: (545.0452394726,1)
[840]: (544.044319765664,1)
[841]: (545.2000933670961,1)
[842]: (546.7526943369949,1)
[843]: (545.1195186065879,1)
[844]: (544.2200315598991,1)
[845]: (544.3244324631333,1)
[846]: (544.2280910502757,1)
[847]: (544.5225394741124,1)
[848]: (544.0227906066218,1)
[849]: (544.0593067767924,1)
[850]: (544.5249636790239,1)
[851]: (544.2771717716503,1)
[852]: (545.331308864692,1)
[853]: (545.4610710320557,1)
[854]: (545.0656382245862,1)
[855]: (544.1799107740092,1)
[856]: (544.2997812906923,1)
[857]: (544.2398503897575,1)
[858]: (545.5914035576333,1)
[859]: (544.6862071016214,1)
[860]: (544.1421747549969,1)
[861]: (544.0132375310502,1)
[862]: (544.1346247059136,1)
[863]: (545.0828790095744,1)
[864]: (544.2499984572623,1)
[865]: (545.4504154626666,1)
[866]: (544.3198138131711,1)
[867]: (545.0186111369198,1)
[868]: (544.0748022271313,1)
[869]: (544.3573146193687,1)
[870]: (544.1784224630456,1)
[871]: (544.2423683022232,1)
[872]: (544.2621800224425,1)
[873]: (545.5277094974322,1)
[874]: (544.0868886388947,1)
[875]: (545.0842943430673,1)
[876]: (545.4185673766334,1)
[877]: (544.4336180126496,1)
[878]: (544.1157721799199,1)
[879]: (545.0879922249229,1)
[880]: (544.0185759518781,1)
[881]: (544.7084104387634,1)
[882]: (544.0376891506204,1)
[883]: (545.0164880400731,1)
[884]: (544.0946712793183,1)
[885]: (545.5915348871393,1)
[886]: (544.8857324430692,1)
[887]: (544.044469132444,1)
[888]: (544.3693242264973,1)
[889]: (544.0912936493918,1)
[890]: (544.5480557512508,1)
[891]: (544.3528206222092,1)
[892]: (544.4452204975697,1)
[893]: (545.2535157233094,1)
[894]: (545.2867417326132,1)
[895]: (545.083143803019,1)
[896]: (544.130645434818,1)
[897]: (544.2771538979054,1)
[898]: (545.0224751848498,1)
[899]: (545.1243679352509,1)
[900]: (545.4530218257995,1)
[901]: (545.0428147779563,1)
[902]: (544.5934149963588,1)
[903]: (544.294456643379,1)
[904]: (544.0528553399662,1)
[905]: (544.164919031352,1)
[906]: (545.1402388802185,1)
[907]: (544.0336681422776,1)
[908]: (544.0068977034359,1)
[909]: (544.6461260190474,1)
[910]: (544.775254832279,1)
[911]: (544.2197781894369,1)
[912]: (544.4926131753379,1)
[913]: (544.1343116982,1)
[914]: (544.7752572403443,1)
[915]: (546.0052356488841,1)
[916]: (544.5668747392999,1)
[917]: (544.5177415511508,1)
[918]: (544.0470726302472,1)
[919]: (544.2121362472316,1)
[920]: (545.0084164593916,1)
[921]: (544.0183093040563,1)
[922]: (544.0402887447618,1)
[923]: (544.1986466775592,1)
[924]: (544.4953012292054,1)
[925]: (545.2177201704882,1)
[926]: (545.7584123059232,1)
[927]: (544.0631119498773,1)
[928]: (545.3735930761028,1)
[929]: (544.2512785310518,1)
[930]: (544.2546497966345,1)
[931]: (545.1459218123274,1)
[932]: (544.0238190850889,1)
[933]: (544.0774426664517,1)
[934]: (544.7609750534865,1)
[935]: (544.1387190759395,1)
[936]: (545.1983683482874,1)
[937]: (544.152137897352,1)
[938]: (545.0390130913778,1)
[939]: (544.3766130307866,1)
[940]: (545.1042779799155,1)
[941]: (544.4419180029307,1)
[942]: (545.1259206123725,1)
[943]: (544.4919022856299,1)
[944]: (544.1503870381755,1)
[945]: (544.0203798265591,1)
[946]: (546.2568735954718,1)
[947]: (544.2575941360648,1)
[948]: (544.010747053722,1)
[949]: (544.0302485056206,1)
[950]: (544.1175863868697,1)
[951]: (545.1371834254279,1)
[952]: (544.0349869653874,1)
[953]: (544.1907593033424,1)
[954]: (545.0248577248803,1)
[955]: (544.3821109609746,1)
[956]: (544.0031291009317,1)
[957]: (544.3293194272452,1)
[958]: (544.1025035277365,1)
[959]: (544.1440936034787,1)
[960]: (546.2982096323918,1)
[961]: (544.3560289714974,1)
[962]: (544.1849805411739,1)
[963]: (544.4126793973569,1)
[964]: (544.092853642199,1)
[965]: (544.6715828427971,1)
[966]: (544.3558995092814,1)
[967]: (545.2565387475006,1)
[968]: (545.6662975810266,1)
[969]: (544.0127390223621,1)
[970]: (544.0355362360314,1)
[971]: (544.0050000114508,1)
[972]: (544.0010113928946,1)
[973]: (545.318810546685,1)
[974]: (544.0568751248677,1)
[975]: (544.7932851642264,1)
[976]: (544.2756856428909,1)
[977]: (545.0229462992089,1)
[978]: (544.3916912553556,1)
[979]: (545.1430305555489,1)
[980]: (544.0254754401577,1)
[981]: (544.2487798430623,1)
[982]: (544.2862025322984,1)
[983]: (545.0779125320822,1)
[984]: (544.180323178504,1)
[985]: (544.2053834327749,1)
[986]: (545.0356746002969,1)
[987]: (546.6638446986753,1)
[988]: (544.4425833971233,1)
[989]: (544.0169907946099,1)
[990]: (544.3911507256664,1)
[991]: (544.0067611161792,1)
[992]: (545.4714828550046,1)
[993]: (544.255626990073,1)
[994]: (544.0814938373582,1)
[995]: (544.5695913466378,1)
[996]: (544.0777785286707,1)
[997]: (544.0901504172735,1)
[998]: (544.1400176728303,1)
[999]: (544.4488724931249,1)
[1000]: (544.6364406811209,1)
[1001]: (544.8961042845514,1)
[1002]: (545.2093546967517,1)
[1003]: (545.4026653679689,1)
[1004]: (545.1530217619573,1)
[1005]: (544.4217139855083,1)
[1006]: (544.2439738751821,1)
[1007]: (544.0277760620186,1)
[1008]: (544.7558103844005,1)
[1009]: (544.3107191493643,1)
[1010]: (544.1533797883911,1)
[1011]: (544.043363875251,1)
[1012]: (544.2362051661212,1)
[1013]: (544.8459734621109,1)
[1014]: (544.2190669444178,1)
[1015]: (544.2042040117678,1)
[1016]: (544.1938989524867,1)
[1017]: (544.4000642715444,1)
[1018]: (544.1016118538278,1)
[1019]: (544.2913310992892,1)
[1020]: (544.4406412693722,1)
[1021]: (544.1933715126074,1)
[1022]: (545.0750257582662,1)
[1023]: (546.0125259181957,1)
[1024]: (544.8862327602461,1)
[1025]: (544.2721918964903,1)
[1026]: (544.9110598298898,1)
[1027]: (544.3140598839648,1)
[1028]: (545.3845062850099,1)
[1029]: (544.0324306447702,1)
[1030]: (544.5538754264489,1)
[1031]: (545.4488232224753,1)
[1032]: (545.1615000927491,1)
[1033]: (544.1209432091405,1)
[1034]: (544.2045020843582,1)
[1035]: (544.2928290481893,1)
[1036]: (544.5660670947095,1)
[1037]: (544.1291681519178,1)
[1038]: (544.0122315886069,1)
[1039]: (544.0446149169362,1)
[1040]: (546.1783933655364,1)
[1041]: (545.8078584081763,1)
[1042]: (544.3271010679891,1)
[1043]: (544.400290665349,1)
[1044]: (544.0144811782991,1)
[1045]: (544.0101510285457,1)
[1046]: (545.2327095668854,1)
[1047]: (544.3502706079338,1)
[1048]: (545.3849764902601,1)
[1049]: (544.1988691902488,1)
[1050]: (544.1528234132096,1)
[1051]: (544.2111252175189,1)
[1052]: (545.1544258632592,1)
[1053]: (544.0102520595638,1)
[1054]: (544.1729187325664,1)
[1055]: (545.4918330149835,1)
[1056]: (544.0418228503701,1)
[1057]: (544.105232007301,1)
[1058]: (544.4462124200088,1)
[1059]: (544.0468158585383,1)
[1060]: (544.0211923833546,1)
[1061]: (544.6921299755959,1)
[1062]: (544.1129652498189,1)
[1063]: (544.4202008491703,1)
[1064]: (545.5653569204235,1)
[1065]: (544.1789850077739,1)
[1066]: (545.2530125421592,1)
[1067]: (544.087739699692,1)
[1068]: (545.0443982805721,1)
[1069]: (545.4333870780451,1)
[1070]: (545.0525396412454,1)
[1071]: (544.1259421973508,1)
[1072]: (544.102454995441,1)
[1073]: (544.3887848021639,1)
[1074]: (544.0235924518543,1)
[1075]: (545.0305652449896,1)
[1076]: (544.2037356087917,1)
[1077]: (544.2050501347488,1)
[1078]: (544.2510853540691,1)
[1079]: (544.4244148853739,1)
[1080]: (544.4013489107748,1)
[1081]: (544.7836661037035,1)
[1082]: (545.0046034805897,1)
[1083]: (544.2592517316948,1)
[1084]: (545.0527002864146,1)
[1085]: (545.6733813037957,1)
[1086]: (544.0036065759357,1)
[1087]: (544.1884190725542,1)
[1088]: (544.2440833442805,1)
[1089]: (544.3053031709883,1)
[1090]: (544.2385453526819,1)
[1091]: (544.1480242466763,1)
[1092]: (544.2531785902072,1)
[1093]: (545.2940435622128,1)
[1094]: (545.8353240515772,1)
[1095]: (545.0681777973659,1)
[1096]: (544.9547914058502,1)
[1097]: (544.0184295223106,1)
[1098]: (544.0003346991352,1)
[1099]: (545.0548548877517,1)
[1100]: (544.4149963938496,1)
[1101]: (544.0110778122635,1)
[1102]: (544.2325033411327,1)
[1103]: (544.1931455260911,1)
[1104]: (545.1721121515283,1)
[1105]: (545.6380900669488,1)
[1106]: (544.0026843479409,1)
[1107]: (544.3607301041141,1)
[1108]: (544.0510103259851,1)
[1109]: (544.0793993560595,1)
[1110]: (544.0184819531798,1)
[1111]: (544.2049760233193,1)
[1112]: (544.2621383512197,1)
[1113]: (544.3365497592001,1)
[1114]: (544.2680368896099,1)
[1115]: (545.7638595275254,1)
[1116]: (544.6035907127891,1)
[1117]: (544.1843635042292,1)
[1118]: (544.1684397876483,1)
[1119]: (545.0050201814402,1)
[1120]: (544.1136192283648,1)
[1121]: (544.3745269964011,1)
[1122]: (544.8652818204845,1)
[1123]: (544.8910017960982,1)
[1124]: (544.0548714710084,1)
[1125]: (544.3464644386804,1)
[1126]: (545.4808269819495,1)
[1127]: (544.3413295571212,1)
[1128]: (544.1664652945827,1)
[1129]: (545.2441724680212,1)
[1130]: (544.1028159465575,1)
[1131]: (545.307114661016,1)
[1132]: (544.1121478216811,1)
[1133]: (545.0206801013265,1)
[1134]: (544.7270677302743,1)
[1135]: (545.4116429019575,1)
[1136]: (545.6683102570541,1)
[1137]: (546.0769654176502,1)
[1138]: (544.0242243761002,1)
[1139]: (544.2373254880013,1)
[1140]: (544.0522486918941,1)
[1141]: (546.4038515187614,1)
[1142]: (544.2551479682727,1)
[1143]: (545.3672573161717,1)
[1144]: (545.0089638450326,1)
[1145]: (545.1017076583494,1)
[1146]: (545.2176462970278,1)
[1147]: (544.4240077609703,1)
[1148]: (545.206147635909,1)
[1149]: (544.3546187389845,1)
[1150]: (544.1582104970179,1)
[1151]: (544.3324393095196,1)
[1152]: (544.1313265761131,1)
[1153]: (544.1476528860285,1)
[1154]: (545.0705135242222,1)
[1155]: (545.063076308113,1)
[1156]: (544.0619331835496,1)
[1157]: (544.1327899964368,1)
[1158]: (544.2362341793421,1)
[1159]: (544.8869094692985,1)
[1160]: (544.5508277500669,1)
[1161]: (544.2505425426559,1)
[1162]: (544.3088624959933,1)
[1163]: (544.131791315504,1)
[1164]: (544.3055446303549,1)
[1165]: (544.2292191892359,1)
[1166]: (545.0532756794515,1)
[1167]: (546.1017967894979,1)
[1168]: (544.1565981704078,1)
[1169]: (544.2679287873378,1)
[1170]: (544.3974151665102,1)
[1171]: (544.0010104847944,1)
[1172]: (544.0292022729374,1)
[1173]: (544.746731025902,1)
[1174]: (544.0412314366387,1)
[1175]: (545.2723943580095,1)
[1176]: (544.2982206954413,1)
[1177]: (544.1603324650587,1)
[1178]: (544.2292722602278,1)
[1179]: (544.4805761135082,1)
[1180]: (544.4644220576579,1)
[1181]: (544.1119307762915,1)
[1182]: (544.5665185139402,1)
[1183]: (544.1044384895453,1)
[1184]: (544.0260320905994,1)
[1185]: (544.1187137179977,1)
[1186]: (544.1850190210026,1)
[1187]: (546.5673595147317,1)
[1188]: (544.9798933543607,1)
[1189]: (544.171665746059,1)
[1190]: (544.0068817881968,1)
[1191]: (544.5236123607095,1)
[1192]: (545.0969393027855,1)
[1193]: (544.0889975514694,1)
[1194]: (544.0118096577459,1)
[1195]: (544.3568134136914,1)
[1196]: (546.314226716335,1)
[1197]: (544.2170346941905,1)
[1198]: (544.2409185601878,1)
[1199]: (544.029526406184,1)
[1200]: (544.1701582112341,1)
[1201]: (544.9782545556725,1)
[1202]: (545.0731120028254,1)
[1203]: (544.1386512391092,1)
[1204]: (544.0746727116962,1)
[1205]: (544.081386942054,1)
[1206]: (545.501919355378,1)
[1207]: (544.0853468309497,1)
[1208]: (545.9696395222591,1)
[1209]: (544.0681450481321,1)
[1210]: (544.4978642647715,1)
[1211]: (544.597382838233,1)
[1212]: (544.0660877146174,1)
[1213]: (544.067598392955,1)
[1214]: (544.6726184585428,1)
[1215]: (546.0187199825,1)
[1216]: (544.0029380167234,1)
[1217]: (545.9428913117091,1)
[1218]: (544.007498683675,1)
[1219]: (545.0439857861277,1)
[1220]: (545.0826609322007,1)
[1221]: (544.0754749563816,1)
[1222]: (545.2901283033157,1)
[1223]: (544.7846875517857,1)
[1224]: (545.0526854427186,1)
[1225]: (544.118476161641,1)
[1226]: (544.311753835203,1)
[1227]: (544.266336208815,1)
[1228]: (545.028057914882,1)
[1229]: (544.0978976066281,1)
[1230]: (544.3668605026317,1)
[1231]: (544.2118863747238,1)
[1232]: (545.9078268895439,1)
[1233]: (544.2852037305546,1)
[1234]: (544.0185764932693,1)
[1235]: (544.3633942283275,1)
[1236]: (544.1012736828304,1)
[1237]: (544.2582156468953,1)
[1238]: (545.3683009770526,1)
[1239]: (544.2980653267056,1)
[1240]: (544.0470108581048,1)
[1241]: (545.0865438327809,1)
[1242]: (544.4567594990552,1)
[1243]: (544.8760135483185,1)
[1244]: (544.2192464728645,1)
[1245]: (545.2361152355979,1)
[1246]: (544.0790284568678,1)
[1247]: (545.1146546512808,1)
[1248]: (544.2021761501542,1)
[1249]: (544.0880598667339,1)
[1250]: (544.9111012780476,1)
[1251]: (544.0660304755664,1)
[1252]: (544.087752550779,1)
[1253]: (545.0424399863037,1)
[1254]: (545.1970254462351,1)
[1255]: (544.3564691413633,1)
[1256]: (545.4061711959947,1)
[1257]: (544.5646193331419,1)
[1258]: (544.4346271003869,1)
[1259]: (544.1804933909505,1)
[1260]: (544.0730634107416,1)
[1261]: (546.0141926563023,1)
[1262]: (544.8382664249061,1)
[1263]: (544.9176958001721,1)
[1264]: (544.0576138391826,1)
[1265]: (545.1411194875101,1)
[1266]: (544.0152292599477,1)
[1267]: (544.0364959089392,1)
[1268]: (545.0814388874503,1)
[1269]: (544.1933095561477,1)
[1270]: (544.6520120354852,1)
[1271]: (544.1206105988143,1)
[1272]: (545.8012459462241,1)
[1273]: (544.3047374021342,1)
[1274]: (544.0996486798798,1)
[1275]: (544.0719419774225,1)
[1276]: (544.1171891972631,1)
[1277]: (544.234610333845,1)
[1278]: (544.8890017658457,1)
[1279]: (545.0336058096921,1)
[1280]: (545.1135538241504,1)
[1281]: (545.4022477873339,1)
[1282]: (545.4008565838901,1)
[1283]: (545.1447104690111,1)
[1284]: (545.2367110452691,1)
[1285]: (544.6594344618371,1)
[1286]: (544.0327201039823,1)
[1287]: (544.2840738227402,1)
[1288]: (544.7465381560855,1)
[1289]: (545.1225230929698,1)
[1290]: (544.0607500367823,1)
[1291]: (544.0318375976701,1)
[1292]: (544.0153934477082,1)
[1293]: (545.2457573237834,1)
[1294]: (546.2529620669409,1)
[1295]: (545.1055752782519,1)
[1296]: (544.1229071585441,1)
[1297]: (544.5810920081709,1)
[1298]: (544.2339839254784,1)
[1299]: (545.67623835454,1)
[1300]: (544.2650735678883,1)
[1301]: (545.25046346073,1)
[1302]: (544.0805531426656,1)
[1303]: (544.2448708943695,1)
[1304]: (544.2310918953619,1)
[1305]: (544.2188496048627,1)
[1306]: (544.1431294343804,1)
[1307]: (544.1771782483859,1)
[1308]: (544.0194047710711,1)
[1309]: (545.1136427432301,1)
[1310]: (545.0476095978706,1)
[1311]: (544.3825229788905,1)
[1312]: (544.0517501614736,1)
[1313]: (545.6135962696509,1)
[1314]: (544.331130836557,1)
[1315]: (544.7778112746569,1)
[1316]: (544.1326055589741,1)
[1317]: (545.6667624748121,1)
[1318]: (544.2375554539443,1)
[1319]: (547.3743365496126,1)
[1320]: (544.5528117200296,1)
[1321]: (545.0300687401418,1)
[1322]: (545.1082649163027,1)
[1323]: (544.6328799228245,1)
[1324]: (544.0621402772946,1)
[1325]: (545.653718306228,1)
[1326]: (544.0542050461255,1)
[1327]: (544.1918871621759,1)
[1328]: (545.1200254824081,1)
[1329]: (544.5363964120784,1)
[1330]: (545.0007629132696,1)
[1331]: (544.3936776911271,1)
[1332]: (544.147723276222,1)
[1333]: (544.2515442187528,1)
[1334]: (544.4113641833044,1)
[1335]: (545.5608918804398,1)
[1336]: (544.6840242657184,1)
[1337]: (544.0432376272081,1)
[1338]: (544.7954051031096,1)
[1339]: (544.2156941108893,1)
[1340]: (544.1312294495746,1)
[1341]: (544.1396767322943,1)
[1342]: (544.389239923869,1)
[1343]: (545.0249834533087,1)
[1344]: (544.3782656662767,1)
[1345]: (545.0931658068689,1)
[1346]: (545.0653200011049,1)
[1347]: (544.2131565408929,1)
[1348]: (544.2452079765252,1)
[1349]: (544.2889241758833,1)
[1350]: (544.1720648730361,1)
[1351]: (544.6540673503455,1)
[1352]: (546.6957184824081,1)
[1353]: (544.4690348618036,1)
[1354]: (544.5365136532064,1)
[1355]: (544.2930660282677,1)
[1356]: (545.1719511288375,1)
[1357]: (544.1798404152834,1)
[1358]: (544.0820559546921,1)
[1359]: (544.0865941605285,1)
[1360]: (544.0928518312837,1)
[1361]: (545.4416203155113,1)
[1362]: (544.0053068196048,1)
[1363]: (544.09980081812,1)
[1364]: (544.6806128206233,1)
[1365]: (544.2423302057595,1)
[1366]: (544.0235227927833,1)
[1367]: (545.1557689726335,1)
[1368]: (544.1976770374561,1)
[1369]: (544.4864927845985,1)
[1370]: (544.3772698038076,1)
[1371]: (545.1498629306751,1)
[1372]: (544.5550911671,1)
[1373]: (544.5815322683546,1)
[1374]: (544.0105546208769,1)
[1375]: (544.3286248422141,1)
[1376]: (544.5219422948196,1)
[1377]: (544.1663705024683,1)
[1378]: (544.0822630065722,1)
[1379]: (544.1730307545531,1)
[1380]: (544.559498639136,1)
[1381]: (544.235310988807,1)
[1382]: (545.1406484230399,1)
[1383]: (544.1792008961185,1)
[1384]: (544.4591994077429,1)
[1385]: (545.0378538067579,1)
[1386]: (544.0444604938006,1)
[1387]: (545.0564982806153,1)
[1388]: (544.2600254134248,1)
[1389]: (545.1195469166681,1)
[1390]: (544.0995858414788,1)
[1391]: (544.2554271202326,1)
[1392]: (545.2503576102827,1)
[1393]: (544.4352596829501,1)
[1394]: (544.1405119674411,1)
[1395]: (544.608500611862,1)
[1396]: (544.1044607103009,1)
[1397]: (545.8850106496163,1)
[1398]: (545.5422167676505,1)
[1399]: (545.0655400249041,1)
[1400]: (544.2973748789893,1)
[1401]: (544.397114850284,1)
[1402]: (544.3670244594844,1)
[1403]: (545.0185326217876,1)
[1404]: (545.018700968644,1)
[1405]: (544.0996514720882,1)
[1406]: (544.1833579201488,1)
[1407]: (544.1593393972214,1)
[1408]: (544.1834350914335,1)
[1409]: (545.2441748134429,1)
[1410]: (544.1332827602573,1)
[1411]: (544.2298297327812,1)
[1412]: (545.2772696301806,1)
[1413]: (545.7093541161438,1)
[1414]: (544.5798008327658,1)
[1415]: (544.1927902981087,1)
[1416]: (544.5367382893451,1)
[1417]: (545.3658180077977,1)
[1418]: (546.1037192231238,1)
[1419]: (545.4918182961446,1)
[1420]: (544.4385029830273,1)
[1421]: (544.1822169485312,1)
[1422]: (544.1510892315596,1)
[1423]: (545.190246851252,1)
[1424]: (544.0331899493945,1)
[1425]: (544.2572860670846,1)
[1426]: (544.0519617801914,1)
[1427]: (545.3191816320231,1)
[1428]: (544.2566257607261,1)
[1429]: (545.0972490954847,1)
[1430]: (544.3043050893876,1)
[1431]: (545.4669505492182,1)
[1432]: (544.1739446370403,1)
[1433]: (544.1498099859591,1)
[1434]: (544.31241552885,1)
[1435]: (544.2625293252208,1)
[1436]: (544.2898331359905,1)
[1437]: (544.105692863679,1)
[1438]: (545.1728683852708,1)
[1439]: (544.0018487013056,1)
[1440]: (544.078140878225,1)
[1441]: (545.1893168415548,1)
[1442]: (545.1690098028108,1)
[1443]: (544.040891787757,1)
[1444]: (544.1112645440203,1)
[1445]: (544.1303521614079,1)
[1446]: (544.4562042718486,1)
[1447]: (544.4070477493367,1)
[1448]: (544.3600065797235,1)
[1449]: (544.7080040713536,1)
[1450]: (544.1654216027948,1)
[1451]: (544.2810248261411,1)
[1452]: (544.2363357581946,1)
[1453]: (544.0645447929523,1)
[1454]: (544.5849198790064,1)
[1455]: (544.1278015933792,1)
[1456]: (544.206809684238,1)
[1457]: (544.0685486991143,1)
[1458]: (546.2405209727995,1)
[1459]: (545.1009703059641,1)
[1460]: (544.0038535523229,1)
[1461]: (544.4614696968188,1)
[1462]: (544.5492661444944,1)
[1463]: (545.0106924473599,1)
[1464]: (544.2314921008026,1)
[1465]: (544.2438116345353,1)
[1466]: (544.0965338881264,1)
[1467]: (544.170113439515,1)
[1468]: (545.0423032701765,1)
[1469]: (544.1101567442804,1)
[1470]: (544.0600952874491,1)
[1471]: (544.2420584022892,1)
[1472]: (545.2687275103162,1)
[1473]: (544.3363098720691,1)
[1474]: (544.0315460690813,1)
[1475]: (545.1869636083135,1)
[1476]: (545.2768645641155,1)
[1477]: (545.1985606674831,1)
[1478]: (545.1299300331098,1)
[1479]: (544.3066772124554,1)
[1480]: (544.1450215218692,1)
[1481]: (545.7821835472627,1)
[1482]: (545.0633936613008,1)
[1483]: (545.3577310557251,1)
[1484]: (545.4318289697494,1)
[1485]: (544.7821289537408,1)
[1486]: (544.0969797792782,1)
[1487]: (544.7033382818362,1)
[1488]: (544.7090827608665,1)
[1489]: (545.5070709589445,1)
[1490]: (544.3071967377164,1)
[1491]: (544.2050085267819,1)
[1492]: (544.4169517038752,1)
[1493]: (544.2983405108046,1)
[1494]: (545.007663418103,1)
[1495]: (545.0296766699123,1)
[1496]: (544.4670444719726,1)
[1497]: (544.0098900087497,1)
[1498]: (544.5418508606483,1)
[1499]: (544.6364687638031,1)
[1500]: (545.5388682173231,1)
[1501]: (545.1170821275606,1)
[1502]: (544.9182737070047,1)
[1503]: (544.1813700432529,1)
[1504]: (545.5840079423887,1)
[1505]: (544.2625155490542,1)
[1506]: (545.1226062889514,1)
[1507]: (544.3198358410043,1)
[1508]: (546.6506333294534,1)
[1509]: (544.3032361666867,1)
[1510]: (544.0919180109236,1)
[1511]: (544.4351330693803,1)
[1512]: (544.1389472210423,1)
[1513]: (544.1592759107949,1)
[1514]: (545.033170594074,1)
[1515]: (544.1622161217261,1)
[1516]: (544.1475197208554,1)
[1517]: (544.4139298754637,1)
[1518]: (544.146127908593,1)
[1519]: (544.1436463864881,1)
[1520]: (545.5189014387862,1)
[1521]: (545.385456821827,1)
[1522]: (544.2336955107686,1)
[1523]: (544.1639318291284,1)
[1524]: (544.1746417363161,1)
[1525]: (545.08147750913,1)
[1526]: (545.5995866653859,1)
[1527]: (544.3999770063242,1)
[1528]: (544.3843021389567,1)
[1529]: (545.1870217904861,1)
[1530]: (544.119496804457,1)
[1531]: (544.0427433728204,1)
[1532]: (544.0380081976016,1)
[1533]: (544.7815113542898,1)
[1534]: (544.1538256926508,1)
[1535]: (544.0016265744566,1)
[1536]: (544.7810946670495,1)
[1537]: (545.643600754243,1)
[1538]: (544.4778307597624,1)
[1539]: (544.0330122911665,1)
[1540]: (544.0771562206634,1)
[1541]: (544.0048470215546,1)
[1542]: (544.1844154477354,1)
[1543]: (544.0744692745221,1)
[1544]: (544.4375027726778,1)
[1545]: (544.0677693311221,1)
[1546]: (544.1264191302182,1)
[1547]: (544.2437286779075,1)
[1548]: (544.4442568275779,1)
[1549]: (544.2391836300006,1)
[1550]: (544.234615831105,1)
[1551]: (545.6566835888635,1)
[1552]: (545.2159537606856,1)
[1553]: (546.3691006612305,1)
[1554]: (544.2764543120734,1)
[1555]: (544.3334811014787,1)
[1556]: (544.2181873722712,1)
[1557]: (544.1181228706957,1)
[1558]: (544.2503902582249,1)
[1559]: (544.1433347145764,1)
[1560]: (544.201862716946,1)
[1561]: (545.7426018313799,1)
[1562]: (545.2309666591158,1)
[1563]: (544.1013962037706,1)
[1564]: (544.5717631082381,1)
[1565]: (544.6419645918932,1)
[1566]: (544.149159512123,1)
[1567]: (545.1432778332038,1)
[1568]: (544.2327865684053,1)
[1569]: (545.1798848379076,1)
[1570]: (544.0157243200551,1)
[1571]: (544.5189250505183,1)
[1572]: (545.5114684755121,1)
[1573]: (544.509577699894,1)
[1574]: (545.3407682818276,1)
[1575]: (544.0113025909744,1)
[1576]: (545.028831580688,1)
[1577]: (544.1310492655905,1)
[1578]: (545.2237906221984,1)
[1579]: (544.0972033281535,1)
[1580]: (544.1510388565092,1)
[1581]: (545.2534966922404,1)
[1582]: (544.0452312046593,1)
[1583]: (544.0567680554768,1)
[1584]: (545.138921272633,1)
[1585]: (544.2572428811371,1)
[1586]: (545.0963586728894,1)
[1587]: (544.7897879311471,1)
[1588]: (544.5566460561273,1)
[1589]: (544.6191934469247,1)
[1590]: (545.6418145038791,1)
[1591]: (545.0066737261538,1)
[1592]: (544.3508981881351,1)
[1593]: (544.2190411829318,1)
[1594]: (544.0556965809395,1)
[1595]: (544.5030098287504,1)
[1596]: (545.0450121091922,1)
[1597]: (544.0178350509572,1)
[1598]: (544.1872478016958,1)
[1599]: (544.0786496783525,1)
[1600]: (544.0548645969702,1)
[1601]: (544.077901245392,1)
[1602]: (544.0299360215881,1)
[1603]: (544.3531101942342,1)
[1604]: (544.2307427763731,1)
[1605]: (544.171540304557,1)
[1606]: (544.2601928711416,1)
[1607]: (545.3571621171659,1)
[1608]: (544.4468150646148,1)
[1609]: (545.2631220516976,1)
[1610]: (544.4634657859978,1)
[1611]: (544.2142728525218,1)
[1612]: (545.0473454279722,1)
[1613]: (544.161806838179,1)
[1614]: (544.3841875617155,1)
[1615]: (545.0982105420288,1)
[1616]: (544.0322646741132,1)
[1617]: (544.1141092565489,1)
[1618]: (544.5800518125967,1)
[1619]: (544.1176182914357,1)
[1620]: (544.0734467931039,1)
[1621]: (544.5337747428551,1)
[1622]: (545.0622306119824,1)
[1623]: (545.2014918363157,1)
[1624]: (544.3651577271755,1)
[1625]: (544.191060581402,1)
[1626]: (545.5328364304227,1)
[1627]: (544.4280463393179,1)
[1628]: (544.1147395649208,1)
[1629]: (544.4907969671068,1)
[1630]: (544.0197744379356,1)
[1631]: (544.473730491913,1)
[1632]: (544.1512906354709,1)
[1633]: (544.5090670140394,1)
[1634]: (544.4940033045945,1)
[1635]: (544.0081929443942,1)
[1636]: (545.4428646869496,1)
[1637]: (544.0180991016109,1)
[1638]: (544.0235274732954,1)
[1639]: (544.0507458099614,1)
[1640]: (545.3247387740637,1)
[1641]: (545.2767544719929,1)
[1642]: (544.2839397004808,1)
[1643]: (544.1826729749599,1)
[1644]: (545.307627614318,1)
[1645]: (544.1737127406396,1)
[1646]: (544.0317850402892,1)
[1647]: (544.321291972824,1)
[1648]: (544.104294592245,1)
[1649]: (544.3686051278097,1)
[1650]: (544.0646747588917,1)
[1651]: (544.0859963924653,1)
[1652]: (544.1439137194973,1)
[1653]: (544.2892659658639,1)
[1654]: (544.0505810435995,1)
[1655]: (544.6871588302675,1)
[1656]: (544.1642262863588,1)
[1657]: (544.0086616594062,1)
[1658]: (544.1570613016081,1)
[1659]: (544.0591531259919,1)
[1660]: (544.5658873512003,1)
[1661]: (544.5554419305895,1)
[1662]: (545.0424328635561,1)
[1663]: (544.1240914743294,1)
[1664]: (544.5048939927793,1)
[1665]: (544.1889427448431,1)
[1666]: (545.3688719567945,1)
[1667]: (544.0423472609222,1)
[1668]: (545.767187707918,1)
[1669]: (545.0378412898638,1)
[1670]: (544.5270204116031,1)
[1671]: (544.7542717957895,1)
[1672]: (545.5454363695934,1)
[1673]: (544.0383540630509,1)
[1674]: (545.4556873166363,1)
[1675]: (544.2968840404096,1)
[1676]: (544.9741452904728,1)
[1677]: (545.9971771976107,1)
[1678]: (544.1214827672186,1)
[1679]: (545.186181250345,1)
[1680]: (544.2271002937887,1)
[1681]: (544.0710746404025,1)
[1682]: (545.2889148840261,1)
[1683]: (546.2412189125401,1)
[1684]: (544.0799789891199,1)
[1685]: (544.2753091447239,1)
[1686]: (544.3301720736223,1)
[1687]: (544.2817889872264,1)
[1688]: (544.6900328232369,1)
[1689]: (544.3949283413244,1)
[1690]: (544.2393160899145,1)
[1691]: (544.1295777653049,1)
[1692]: (544.2582756684591,1)
[1693]: (544.7205898804837,1)
[1694]: (544.5078361853203,1)
[1695]: (544.0467696806327,1)
[1696]: (545.2817793090754,1)
[1697]: (544.3167056889459,1)
[1698]: (544.0290124193725,1)
[1699]: (544.9832158015683,1)
[1700]: (544.1880471107959,1)
[1701]: (544.0324984731878,1)
[1702]: (545.1551119842376,1)
[1703]: (544.3115058401158,1)
[1704]: (544.3119852483087,1)
[1705]: (544.3019670834233,1)
[1706]: (544.3863120253886,1)
[1707]: (544.4271028411116,1)
[1708]: (544.0691780088571,1)
[1709]: (545.0033639856025,1)
[1710]: (544.2077380064122,1)
[1711]: (545.31005598314,1)
[1712]: (544.0905619064588,1)
[1713]: (544.1815664638788,1)
[1714]: (546.073215760439,1)
[1715]: (544.3981974573463,1)
[1716]: (544.6669623933672,1)
[1717]: (544.8736337951443,1)
[1718]: (545.4946035856738,1)
[1719]: (544.039920053017,1)
[1720]: (544.286746834129,1)
[1721]: (544.3283992546741,1)
[1722]: (545.1151642433147,1)
[1723]: (544.061583532931,1)
[1724]: (544.5385390787096,1)
[1725]: (545.0132960921012,1)
[1726]: (544.7869963188705,1)
[1727]: (544.3594897292471,1)
[1728]: (544.3219396021296,1)
[1729]: (544.8139947993305,1)
[1730]: (544.3055829641769,1)
[1731]: (544.3862443361726,1)
[1732]: (544.1601013470389,1)
[1733]: (544.776501146749,1)
[1734]: (544.2343768254441,1)
[1735]: (544.0545276186215,1)
[1736]: (544.1566117913974,1)
[1737]: (544.2475052004111,1)
[1738]: (544.5453193991619,1)
[1739]: (545.2465529681064,1)
[1740]: (544.0849241737653,1)
[1741]: (544.809305417231,1)
[1742]: (546.60779079675,1)
[1743]: (544.2020895575972,1)
[1744]: (544.2983738314158,1)
[1745]: (544.8457693825894,1)
[1746]: (545.4325643601785,1)
[1747]: (545.0285855357351,1)
[1748]: (544.2331761562591,1)
[1749]: (544.0187567227819,1)
[1750]: (544.7563521006923,1)
[1751]: (545.2254777637984,1)
[1752]: (544.1849186090916,1)
[1753]: (544.0711532414801,1)
[1754]: (544.1657566531189,1)
[1755]: (544.1834228557119,1)
[1756]: (544.0907566530152,1)
[1757]: (544.1165103270826,1)
[1758]: (544.9266036040061,1)
[1759]: (545.1014413680192,1)
[1760]: (544.1821944736955,1)
[1761]: (544.2673183994074,1)
[1762]: (545.0274771572388,1)
[1763]: (544.180020258784,1)
[1764]: (545.2466470544325,1)
[1765]: (544.8494333424932,1)
[1766]: (544.0704129404763,1)
[1767]: (544.5054744987309,1)
[1768]: (544.1785126812263,1)
[1769]: (545.225237482369,1)
[1770]: (544.3398196384167,1)
[1771]: (545.0137433693096,1)
[1772]: (545.282922456717,1)
[1773]: (544.1696086475146,1)
[1774]: (544.1496913015237,1)
[1775]: (544.1400720537371,1)
[1776]: (544.4106642639717,1)
[1777]: (544.2144180208612,1)
[1778]: (545.1501735861025,1)
[1779]: (544.0822968723926,1)
[1780]: (545.2552828260358,1)
[1781]: (544.215862894374,1)
[1782]: (545.1345874911416,1)
[1783]: (544.0741816207881,1)
[1784]: (544.1835757861086,1)
[1785]: (544.1349797742714,1)
[1786]: (544.0811792596439,1)
[1787]: (544.0217867620395,1)
[1788]: (544.1680562677531,1)
[1789]: (544.3056693358903,1)
[1790]: (544.1701073803434,1)
[1791]: (544.1450130833874,1)
[1792]: (546.0599716048559,1)
[1793]: (544.0906939548141,1)
[1794]: (544.0325064648201,1)
[1795]: (545.2634710433388,1)
[1796]: (544.0754444402284,1)
[1797]: (545.4570743006171,1)
[1798]: (544.6013179335191,1)
[1799]: (545.2894572651795,1)
[1800]: (544.540330578276,1)
[1801]: (544.4924325290951,1)
[1802]: (544.1628180426291,1)
[1803]: (545.236856877773,1)
[1804]: (546.2270794601482,1)
[1805]: (544.2327043087151,1)
[1806]: (544.1724108511124,1)
[1807]: (544.2429744933766,1)
[1808]: (544.0122232955472,1)
[1809]: (544.8402774385664,1)
[1810]: (544.0803249829602,1)
[1811]: (544.1947749931833,1)
[1812]: (544.1437853231888,1)
[1813]: (545.0738818635259,1)
[1814]: (544.54956785718,1)
[1815]: (544.6632031775754,1)
[1816]: (544.7892492525899,1)
[1817]: (544.3387302700226,1)
[1818]: (545.0039209654227,1)
[1819]: (544.1197755701381,1)
[1820]: (545.0285769000421,1)
[1821]: (544.274914505567,1)
[1822]: (544.0217080403534,1)
[1823]: (545.1319558383976,1)
[1824]: (545.2587015289515,1)
[1825]: (545.7188238651389,1)
[1826]: (544.0633352982001,1)
[1827]: (544.1501323909841,1)
[1828]: (545.6566453731864,1)
[1829]: (544.0429986059901,1)
[1830]: (544.2940673938641,1)
[1831]: (545.5024370074171,1)
[1832]: (544.0939388616523,1)
[1833]: (544.3623290771873,1)
[1834]: (545.0998387334057,1)
[1835]: (545.129329672948,1)
[1836]: (544.4308797606635,1)
[1837]: (544.2091823271007,1)
[1838]: (544.2330716204356,1)
[1839]: (544.4237117637393,1)
[1840]: (544.0436906599709,1)
[1841]: (544.1221338386158,1)
[1842]: (545.3079330379628,1)
[1843]: (544.779058912247,1)
[1844]: (544.0490418754011,1)
[1845]: (544.0382431468032,1)
[1846]: (545.0656906772247,1)
[1847]: (544.8146836194609,1)
[1848]: (544.0185260655446,1)
[1849]: (544.2515134055068,1)
[1850]: (545.1114659181088,1)
[1851]: (545.1453447650376,1)
[1852]: (547.7827512698657,1)
[1853]: (544.3601410842971,1)
[1854]: (544.3615645315687,1)
[1855]: (544.0497878473451,1)
[1856]: (544.0972461344882,1)
[1857]: (545.0214377131779,1)
[1858]: (545.0426257735467,1)
[1859]: (544.1380877118819,1)
[1860]: (545.4809698522223,1)
[1861]: (545.0532407697665,1)
[1862]: (545.1191893922182,1)
[1863]: (544.1196423296706,1)
[1864]: (544.017071451109,1)
[1865]: (544.4300864817552,1)
[1866]: (544.0078917724119,1)
[1867]: (545.3499160268118,1)
[1868]: (544.561247638061,1)
[1869]: (546.7611489791771,1)
[1870]: (544.1338724189426,1)
[1871]: (544.2504143585973,1)
[1872]: (545.310499228602,1)
[1873]: (544.1722622139027,1)
[1874]: (544.1231107509843,1)
[1875]: (544.3716862812574,1)
[1876]: (544.1749984084777,1)
[1877]: (544.2975903481241,1)
[1878]: (545.2474853988351,1)
[1879]: (545.0755582406559,1)
[1880]: (544.3071559253578,1)
[1881]: (544.3356198254694,1)
[1882]: (544.3273977516092,1)
[1883]: (544.5782252609908,1)
[1884]: (544.6699180635054,1)
[1885]: (546.4553765829534,1)
[1886]: (544.3430994149965,1)
[1887]: (544.8249168711584,1)
[1888]: (544.472125972364,1)
[1889]: (544.2484703565186,1)
[1890]: (544.5352916431005,1)
[1891]: (544.2995885131567,1)
[1892]: (544.0404801768854,1)
[1893]: (544.7812418447405,1)
[1894]: (544.1217270725871,1)
[1895]: (545.1678929764817,1)
[1896]: (544.061002106537,1)
[1897]: (544.6190901046899,1)
[1898]: (544.1386711381665,1)
[1899]: (544.1183047553025,1)
[1900]: (544.0274557084174,1)
[1901]: (544.0685509546432,1)
[1902]: (544.1503236025925,1)
[1903]: (544.1183571894076,1)
[1904]: (544.0332249078388,1)
[1905]: (544.0398193165628,1)
[1906]: (544.1996574132945,1)
[1907]: (544.0541266219282,1)
[1908]: (544.1423229475114,1)
[1909]: (544.2078755943435,1)
[1910]: (544.4257398437372,1)
[1911]: (544.1958220458698,1)
[1912]: (544.4001681745907,1)
[1913]: (545.6277929052062,1)
[1914]: (544.028460031239,1)
[1915]: (544.109253651072,1)
[1916]: (544.4997568169422,1)
[1917]: (545.0870187906453,1)
[1918]: (544.1070659868944,1)
[1919]: (545.484831083141,1)
[1920]: (545.5150173584838,1)
[1921]: (544.3276940383051,1)
[1922]: (544.209138439587,1)
[1923]: (544.3423441285047,1)
[1924]: (545.3080651178133,1)
[1925]: (544.9569249331511,1)
[1926]: (545.1692675807333,1)
[1927]: (544.1011883062528,1)
[1928]: (545.0463500465099,1)
[1929]: (545.279697671907,1)
[1930]: (544.3484543264797,1)
[1931]: (545.3218843155488,1)
[1932]: (544.3302144801094,1)
[1933]: (544.0776118073217,1)
[1934]: (545.0054642691541,1)
[1935]: (544.1270166280918,1)
[1936]: (544.5102715555516,1)
[1937]: (545.4401276904096,1)
[1938]: (544.1073231006038,1)
[1939]: (545.0574061428457,1)
[1940]: (544.7355563293762,1)
[1941]: (544.1781720287991,1)
[1942]: (544.1951355876053,1)
[1943]: (544.5068727875122,1)
[1944]: (544.4964402517397,1)
[1945]: (545.6880540329686,1)
[1946]: (544.4513710793174,1)
[1947]: (545.8587806044929,1)
[1948]: (544.7749949719822,1)
[1949]: (545.0479953199474,1)
[1950]: (544.0641390705567,1)
[1951]: (545.0205159579994,1)
[1952]: (544.1873356614282,1)
[1953]: (545.0309570004393,1)
[1954]: (544.6214442466747,1)
[1955]: (544.0461103644001,1)
[1956]: (544.7411978413054,1)
[1957]: (544.1129412866823,1)
[1958]: (544.0575805800103,1)
[1959]: (544.1704546663353,1)
[1960]: (544.2885453206375,1)
[1961]: (544.0421669995276,1)
[1962]: (545.0606556828419,1)
[1963]: (544.4327839771266,1)
[1964]: (544.6927097111151,1)
[1965]: (544.0183699240579,1)
[1966]: (544.3212644404662,1)
[1967]: (545.1038907363799,1)
[1968]: (544.2371156614875,1)
[1969]: (545.0201800004218,1)
[1970]: (544.2884792246393,1)
[1971]: (544.0256085236033,1)
[1972]: (544.276877655877,1)
[1973]: (545.7990833075097,1)
[1974]: (544.0983696104583,1)
[1975]: (544.3130481278549,1)
[1976]: (544.0368139856172,1)
[1977]: (544.0371748505652,1)
[1978]: (544.8741971595024,1)
[1979]: (544.3965389273039,1)
[1980]: (545.0845793781208,1)
[1981]: (545.1251204832183,1)
[1982]: (544.2363654888607,1)
[1983]: (544.755170351277,1)
[1984]: (544.1901254849846,1)
[1985]: (544.1105654517721,1)
[1986]: (545.09907324039,1)
[1987]: (544.117311788884,1)
[1988]: (544.0948564233438,1)
[1989]: (545.765007413734,1)
[1990]: (544.0429305837692,1)
[1991]: (544.3378402732465,1)
[1992]: (545.0781814679581,1)
[1993]: (545.3337132647487,1)
[1994]: (544.8255578065933,1)
[1995]: (544.0496694433805,1)
[1996]: (544.2327953713237,1)
[1997]: (545.848755869663,1)
[1998]: (546.4194851571954,1)
[1999]: (544.8979837014897,1)
 -- States explored : 0 states
 -- CPU user time used : 2159980 ms
 -- Virtual memory used : 59959736 KiB
 -- Resident memory used : 59920288 KiB
executionTime: 13122
