core file size          (blocks, -c) unlimited
data seg size           (kbytes, -d) unlimited
scheduling priority             (-e) 0
file size               (blocks, -f) unlimited
pending signals                 (-i) 4077086
max locked memory       (kbytes, -l) 64
max memory size         (kbytes, -m) 99614720
open files                      (-n) 4096
pipe size            (512 bytes, -p) 8
POSIX message queues     (bytes, -q) 819200
real-time priority              (-r) 0
stack size              (kbytes, -s) 8192
cpu time               (seconds, -t) unlimited
max user processes              (-u) 4077086
virtual memory          (kbytes, -v) 95000000
file locks                      (-x) unlimited
Options for the verification:
  Generating some trace
  Search order is random depth first
  Using conservative space optimisation
  Seed is 1556577747
  State space representation uses minimal constraint systems
  Using HashMap + Compress integers for discrete state storage

Verifying formula 1 at ../queries/SP_300_119_3.q:1
 -- Formula is satisfied.
(9000 runs)
Learning statistics for best strategy: 
	Number of resets: 1
	Number of iterations in last reset: 3
	Number of iterations in total: 16

 -- States explored : 0 states
 -- CPU user time used : 5740770 ms
 -- Virtual memory used : 84218156 KiB
 -- Resident memory used : 84168228 KiB

Verifying formula 2 at ../queries/SP_300_119_3.q:2
 -- Formula is satisfied.
Composer.Done:
[0]: (0,0) (1041.071360142657,1)
[1]: (1038.182215302882,1)
[2]: (1038.268893123952,1)
[3]: (1038.21643186774,1)
[4]: (1038.025229146958,1)
[5]: (1040.097307955535,1)
[6]: (1035.582070382618,1)
[7]: (1037.141083858542,1)
[8]: (1048.204562941683,1)
[9]: (1040.115861711262,1)
[10]: (1035.10082226681,1)
[11]: (1037.273778871539,1)
[12]: (1039.001775734507,1)
[13]: (1037.398263342847,1)
[14]: (1036.614281111942,1)
[15]: (1036.913737293188,1)
[16]: (1036.142468989882,1)
[17]: (1040.215978675721,1)
[18]: (1041.812394171448,1)
[19]: (1035.24684330858,1)
[20]: (1046.650001679229,1)
[21]: (1037.115427425209,1)
[22]: (1038.306029031447,1)
[23]: (1038.166258355643,1)
[24]: (1036.282159385773,1)
[25]: (1039.587864465353,1)
[26]: (1038.175521378961,1)
[27]: (1040.378442020098,1)
[28]: (1039.715541029993,1)
[29]: (1038.243900747256,1)
[30]: (1038.650621447193,1)
[31]: (1039.488065743879,1)
[32]: (1037.101734367562,1)
[33]: (1038.252520509883,1)
[34]: (1040.593421140494,1)
[35]: (1040.193900538755,1)
[36]: (1043.455433531855,1)
[37]: (1048.21999837174,1)
[38]: (1037.444342264099,1)
[39]: (1040.17114283044,1)
[40]: (1037.382859684978,1)
[41]: (1036.588534019949,1)
[42]: (1045.010460590843,1)
[43]: (1038.353680912842,1)
[44]: (1035.247540586635,1)
[45]: (1038.136585420351,1)
[46]: (1041.367408683295,1)
[47]: (1038.193963313045,1)
[48]: (1036.672386246275,1)
[49]: (1039.624314162944,1)
[50]: (1039.458439905233,1)
[51]: (1038.036633824358,1)
[52]: (1048.465614314015,1)
[53]: (1039.12591075116,1)
[54]: (1049.439962911248,1)
[55]: (1045.630138413153,1)
[56]: (1047.129741020769,1)
[57]: (1045.314429758098,1)
[58]: (1036.196073097222,1)
[59]: (1041.044143116714,1)
[60]: (1036.519128254856,1)
[61]: (1040.106776131626,1)
[62]: (1035.16588737215,1)
[63]: (1042.007743757684,1)
[64]: (1044.504153427667,1)
[65]: (1036.18131644428,1)
[66]: (1039.338639714214,1)
[67]: (1042.185204401414,1)
[68]: (1039.108356552104,1)
[69]: (1041.644319954986,1)
[70]: (1037.372035972123,1)
[71]: (1040.241802230429,1)
[72]: (1043.05847471409,1)
[73]: (1038.362643027241,1)
[74]: (1036.369248644019,1)
[75]: (1043.727719391205,1)
[76]: (1035.836755780344,1)
[77]: (1039.17796821474,1)
[78]: (1041.241501949877,1)
[79]: (1037.482689007281,1)
[80]: (1041.256123268122,1)
[81]: (1041.248617539043,1)
[82]: (1037.481073932832,1)
[83]: (1036.093397756599,1)
[84]: (1037.170090589244,1)
[85]: (1042.201162958382,1)
[86]: (1041.085165480418,1)
[87]: (1038.274089157268,1)
[88]: (1037.526929606136,1)
[89]: (1036.534426367546,1)
[90]: (1037.28080511334,1)
[91]: (1037.033930266553,1)
[92]: (1041.190771255555,1)
[93]: (1037.207552074627,1)
[94]: (1040.559200357432,1)
[95]: (1037.135863989634,1)
[96]: (1039.240898804964,1)
[97]: (1036.178966171341,1)
[98]: (1039.304157178015,1)
[99]: (1037.131248179797,1)
[100]: (1037.939101616393,1)
[101]: (1037.110370385946,1)
[102]: (1043.042020995134,1)
[103]: (1036.340064064947,1)
[104]: (1040.301596463317,1)
[105]: (1041.062723800447,1)
[106]: (1044.550470387526,1)
[107]: (1037.438584403544,1)
[108]: (1036.229656846283,1)
[109]: (1039.173472400618,1)
[110]: (1041.174670435858,1)
[111]: (1038.006682844154,1)
[112]: (1050.236191982508,1)
[113]: (1036.213263633768,1)
[114]: (1035.611399723716,1)
[115]: (1039.041705584279,1)
[116]: (1046.13334538487,1)
[117]: (1038.184709422033,1)
[118]: (1040.482590955292,1)
[119]: (1036.550093634912,1)
[120]: (1037.45281203326,1)
[121]: (1041.228793482362,1)
[122]: (1035.495365531987,1)
[123]: (1041.278041413098,1)
[124]: (1037.05837511366,1)
[125]: (1039.019208085629,1)
[126]: (1039.33512231253,1)
[127]: (1037.126636485895,1)
[128]: (1040.165497299076,1)
[129]: (1038.049269828924,1)
[130]: (1043.131030683471,1)
[131]: (1037.096161343715,1)
[132]: (1037.386220432913,1)
[133]: (1043.501487641216,1)
[134]: (1036.555135808907,1)
[135]: (1042.362073287889,1)
[136]: (1044.211472844156,1)
[137]: (1035.318807499412,1)
[138]: (1044.184045218091,1)
[139]: (1037.587863299452,1)
[140]: (1037.082741995318,1)
[141]: (1038.437744714661,1)
[142]: (1051.4602578847,1)
[143]: (1037.905148866469,1)
[144]: (1038.387681439178,1)
[145]: (1036.731970740333,1)
[146]: (1038.665744290719,1)
[147]: (1041.1211043634,1)
[148]: (1040.11721033303,1)
[149]: (1041.381061368133,1)
[150]: (1037.024972020494,1)
[151]: (1038.126129692094,1)
[152]: (1037.310286414057,1)
[153]: (1036.361779741455,1)
[154]: (1037.100010418143,1)
[155]: (1036.240623053632,1)
[156]: (1045.469598030571,1)
[157]: (1041.150781322583,1)
[158]: (1039.158448701609,1)
[159]: (1038.781450497936,1)
[160]: (1037.384951404789,1)
[161]: (1043.38715356308,1)
[162]: (1038.138469915996,1)
[163]: (1041.038449143662,1)
[164]: (1036.581403412905,1)
[165]: (1040.472978151412,1)
[166]: (1038.066785188101,1)
[167]: (1037.467742766038,1)
[168]: (1038.110241813252,1)
[169]: (1039.180523611903,1)
[170]: (1037.793725135291,1)
[171]: (1040.510750875723,1)
[172]: (1036.424705285063,1)
[173]: (1044.054113199208,1)
[174]: (1036.243857663528,1)
[175]: (1041.469302305413,1)
[176]: (1039.383044401331,1)
[177]: (1035.701604735608,1)
[178]: (1042.029000971021,1)
[179]: (1038.066933342494,1)
[180]: (1037.027965535464,1)
[181]: (1043.40662283138,1)
[182]: (1049.064129842312,1)
[183]: (1042.71623012035,1)
[184]: (1036.216834277727,1)
[185]: (1037.058749004901,1)
[186]: (1038.361126500962,1)
[187]: (1038.533293034186,1)
[188]: (1035.942924715948,1)
[189]: (1040.239739528795,1)
[190]: (1038.212361393506,1)
[191]: (1036.417798059979,1)
[192]: (1044.004858655233,1)
[193]: (1040.053150212101,1)
[194]: (1041.150248286308,1)
[195]: (1037.365008092733,1)
[196]: (1036.514273643016,1)
[197]: (1036.024445519706,1)
[198]: (1041.88323690568,1)
[199]: (1049.020343710146,1)
[200]: (1038.251611242667,1)
[201]: (1040.183726126308,1)
[202]: (1039.442061999407,1)
[203]: (1039.170688696049,1)
[204]: (1037.035481177881,1)
[205]: (1039.213935841987,1)
[206]: (1045.101855078584,1)
[207]: (1047.422066393842,1)
[208]: (1038.243408920696,1)
[209]: (1037.681206095795,1)
[210]: (1038.16436446567,1)
[211]: (1037.135383597882,1)
[212]: (1037.040479629104,1)
[213]: (1039.012028320249,1)
[214]: (1040.275407900495,1)
[215]: (1036.139246389735,1)
[216]: (1037.292873640434,1)
[217]: (1038.096452528934,1)
[218]: (1039.032618054867,1)
[219]: (1037.836515036682,1)
[220]: (1038.525212831024,1)
[221]: (1041.107294845284,1)
[222]: (1039.355630717649,1)
[223]: (1039.016781376427,1)
[224]: (1040.205323819106,1)
[225]: (1039.082351126384,1)
[226]: (1036.136408035474,1)
[227]: (1036.041019863171,1)
[228]: (1037.131757053084,1)
[229]: (1035.48363940919,1)
[230]: (1035.182867507542,1)
[231]: (1041.076793793497,1)
[232]: (1036.100787160822,1)
[233]: (1038.063670571576,1)
[234]: (1038.72640101618,1)
[235]: (1039.05896887461,1)
[236]: (1037.200247813238,1)
[237]: (1042.205693287974,1)
[238]: (1037.021307235922,1)
[239]: (1040.035152497478,1)
[240]: (1036.078944878562,1)
[241]: (1038.312865688654,1)
[242]: (1037.123927510024,1)
[243]: (1037.172141721737,1)
[244]: (1038.108144238402,1)
[245]: (1037.093265721452,1)
[246]: (1036.466027802308,1)
[247]: (1040.032088477655,1)
[248]: (1035.057826280014,1)
[249]: (1046.150931515686,1)
[250]: (1039.027605927047,1)
[251]: (1038.068693303701,1)
[252]: (1038.097352066601,1)
[253]: (1046.242068618211,1)
[254]: (1039.224382012157,1)
[255]: (1040.026683428215,1)
[256]: (1043.836223989876,1)
[257]: (1041.017458212731,1)
[258]: (1039.310123911027,1)
[259]: (1035.84372508827,1)
[260]: (1041.101734337211,1)
[261]: (1039.210504202551,1)
[262]: (1039.023323613709,1)
[263]: (1040.049462925278,1)
[264]: (1039.074853446233,1)
[265]: (1041.077739933122,1)
[266]: (1037.140177392404,1)
[267]: (1040.199188465696,1)
[268]: (1037.480924838124,1)
[269]: (1040.180413309099,1)
[270]: (1038.057713133473,1)
[271]: (1036.276497044046,1)
[272]: (1038.209906282249,1)
[273]: (1038.05500510115,1)
[274]: (1043.350320675529,1)
[275]: (1037.461702704275,1)
[276]: (1038.163942370677,1)
[277]: (1048.222170326879,1)
[278]: (1037.433907534318,1)
[279]: (1046.225008655763,1)
[280]: (1045.303649830048,1)
[281]: (1036.580584370028,1)
[282]: (1045.217285370283,1)
[283]: (1039.268351162819,1)
[284]: (1036.511984741038,1)
[285]: (1036.18981074426,1)
[286]: (1036.318478026344,1)
[287]: (1043.031127371647,1)
[288]: (1037.493424805734,1)
[289]: (1040.715098517902,1)
[290]: (1043.046000583161,1)
[291]: (1037.656251177135,1)
[292]: (1039.148805771745,1)
[293]: (1044.625360991243,1)
[294]: (1039.006038001957,1)
[295]: (1037.631561169982,1)
[296]: (1043.105065908898,1)
[297]: (1038.206089162403,1)
[298]: (1042.156494836726,1)
[299]: (1039.438089047849,1)
[300]: (1039.72406334928,1)
[301]: (1038.025275775983,1)
[302]: (1039.310263002106,1)
[303]: (1038.235018341816,1)
[304]: (1043.008934168768,1)
[305]: (1038.586237408629,1)
[306]: (1039.262949242657,1)
[307]: (1038.076384515445,1)
[308]: (1036.000638031202,1)
[309]: (1037.083999443721,1)
[310]: (1040.14445405483,1)
[311]: (1036.393392306085,1)
[312]: (1037.277599135811,1)
[313]: (1036.154604746626,1)
[314]: (1042.350701655824,1)
[315]: (1044.899197560944,1)
[316]: (1041.207421780351,1)
[317]: (1039.195972541079,1)
[318]: (1038.196130089049,1)
[319]: (1038.12232741003,1)
[320]: (1037.088166252403,1)
[321]: (1040.011412599426,1)
[322]: (1038.27159617304,1)
[323]: (1041.425247878715,1)
[324]: (1038.885809348927,1)
[325]: (1037.708742325747,1)
[326]: (1036.000372487281,1)
[327]: (1044.062255132029,1)
[328]: (1039.907147237324,1)
[329]: (1037.07618267214,1)
[330]: (1038.109934954845,1)
[331]: (1038.036787090386,1)
[332]: (1040.002530040629,1)
[333]: (1037.058279664709,1)
[334]: (1043.158083516134,1)
[335]: (1037.552389931304,1)
[336]: (1041.01700881592,1)
[337]: (1035.57165561745,1)
[338]: (1039.01230684719,1)
[339]: (1042.041843599979,1)
[340]: (1040.486507240944,1)
[341]: (1040.198941697708,1)
[342]: (1039.406207802152,1)
[343]: (1040.321327394357,1)
[344]: (1037.459623132074,1)
[345]: (1038.929375199507,1)
[346]: (1039.035872623936,1)
[347]: (1036.104618692018,1)
[348]: (1040.833862217127,1)
[349]: (1038.490366986785,1)
[350]: (1037.739008577591,1)
[351]: (1037.038502068663,1)
[352]: (1039.317124719539,1)
[353]: (1037.129151738558,1)
[354]: (1035.503416883939,1)
[355]: (1037.442402590685,1)
[356]: (1035.221034035599,1)
[357]: (1035.074621476673,1)
[358]: (1039.05592847638,1)
[359]: (1036.13467513956,1)
[360]: (1041.007673033598,1)
[361]: (1039.69696124583,1)
[362]: (1039.215180604425,1)
[363]: (1038.91823525302,1)
[364]: (1042.063180055188,1)
[365]: (1038.086417635152,1)
[366]: (1036.058063440217,1)
[367]: (1039.484636068332,1)
[368]: (1040.226896080648,1)
[369]: (1036.035732632473,1)
[370]: (1036.157005189669,1)
[371]: (1038.264340916885,1)
[372]: (1038.143728805304,1)
[373]: (1037.159122593965,1)
[374]: (1039.145249301949,1)
[375]: (1038.089721228813,1)
[376]: (1038.320520789012,1)
[377]: (1042.384193036037,1)
[378]: (1035.690580241566,1)
[379]: (1038.066425562374,1)
[380]: (1041.334297695352,1)
[381]: (1046.329746630884,1)
[382]: (1040.262608221702,1)
[383]: (1044.109258764826,1)
[384]: (1048.714974542741,1)
[385]: (1042.570494266313,1)
[386]: (1037.297573583059,1)
[387]: (1038.042496690415,1)
[388]: (1038.389690400329,1)
[389]: (1038.310522971445,1)
[390]: (1039.17583700665,1)
[391]: (1039.238117945532,1)
[392]: (1038.069997078878,1)
[393]: (1039.163694448247,1)
[394]: (1038.459166962514,1)
[395]: (1037.331255825147,1)
[396]: (1042.210574562776,1)
[397]: (1037.219229302788,1)
[398]: (1043.350608999805,1)
[399]: (1036.004879218874,1)
[400]: (1038.047001047076,1)
[401]: (1036.586391778092,1)
[402]: (1037.079936561252,1)
[403]: (1037.64404050486,1)
[404]: (1041.321839281429,1)
[405]: (1040.214210773285,1)
[406]: (1038.918140376423,1)
[407]: (1039.14700949466,1)
[408]: (1036.099391970357,1)
[409]: (1038.132973654255,1)
[410]: (1038.771849521489,1)
[411]: (1051.153056965536,1)
[412]: (1037.328874195026,1)
[413]: (1039.355871871319,1)
[414]: (1040.138957560467,1)
[415]: (1037.167481936001,1)
[416]: (1039.020616223067,1)
[417]: (1038.096813186293,1)
[418]: (1037.290061282529,1)
[419]: (1038.034671339707,1)
[420]: (1040.007729591907,1)
[421]: (1039.040948011333,1)
[422]: (1038.792635233272,1)
[423]: (1038.868254174168,1)
[424]: (1040.444910097428,1)
[425]: (1035.207957822944,1)
[426]: (1041.132055400068,1)
[427]: (1046.418854792687,1)
[428]: (1043.351254951558,1)
[429]: (1039.052924063975,1)
[430]: (1037.452099300642,1)
[431]: (1039.446518512665,1)
[432]: (1037.067334824807,1)
[433]: (1035.657096555117,1)
[434]: (1040.1063448416,1)
[435]: (1039.871872374257,1)
[436]: (1036.442288114301,1)
[437]: (1036.218779143903,1)
[438]: (1036.017539546717,1)
[439]: (1042.315618309787,1)
[440]: (1039.109417837604,1)
[441]: (1041.174669723976,1)
[442]: (1038.215530422704,1)
[443]: (1039.183281478181,1)
[444]: (1036.322458534978,1)
[445]: (1039.149152605704,1)
[446]: (1037.868054482839,1)
[447]: (1036.380970254793,1)
[448]: (1044.411691351154,1)
[449]: (1047.238069568267,1)
[450]: (1039.744897522396,1)
[451]: (1049.140079960115,1)
[452]: (1037.088670987919,1)
[453]: (1050.273133295068,1)
[454]: (1037.200312769286,1)
[455]: (1042.051986523725,1)
[456]: (1039.242237035598,1)
[457]: (1042.137349619088,1)
[458]: (1037.334753884993,1)
[459]: (1039.596830399671,1)
[460]: (1042.417499833755,1)
[461]: (1038.099289770742,1)
[462]: (1047.180974341489,1)
[463]: (1042.345611915895,1)
[464]: (1044.147542181956,1)
[465]: (1036.137906669608,1)
[466]: (1036.38282875288,1)
[467]: (1040.210224747675,1)
[468]: (1046.318984226175,1)
[469]: (1040.497947451319,1)
[470]: (1037.529867577393,1)
[471]: (1038.022814018085,1)
[472]: (1036.368219566203,1)
[473]: (1045.874384326721,1)
[474]: (1040.143527619214,1)
[475]: (1041.519197747787,1)
[476]: (1037.797985262342,1)
[477]: (1039.081723043521,1)
[478]: (1039.205165665,1)
[479]: (1039.199476874997,1)
[480]: (1036.178547300104,1)
[481]: (1038.241691441855,1)
[482]: (1039.042969319978,1)
[483]: (1038.294644791159,1)
[484]: (1038.237310812891,1)
[485]: (1040.176300354424,1)
[486]: (1044.468187079261,1)
[487]: (1036.222953507543,1)
[488]: (1038.226661530825,1)
[489]: (1036.518378048193,1)
[490]: (1038.13975953253,1)
[491]: (1041.132211944772,1)
[492]: (1037.087530388885,1)
[493]: (1038.154110149524,1)
[494]: (1039.100327504533,1)
[495]: (1038.220369843518,1)
[496]: (1040.110247810547,1)
[497]: (1040.000921226338,1)
[498]: (1041.001573304672,1)
[499]: (1039.324161369952,1)
[500]: (1040.150686960077,1)
[501]: (1038.029670098557,1)
[502]: (1038.335232707997,1)
[503]: (1037.314080862702,1)
[504]: (1037.055186943781,1)
[505]: (1037.376834843637,1)
[506]: (1037.20337821538,1)
[507]: (1037.043064427783,1)
[508]: (1037.252246921915,1)
[509]: (1037.158814715002,1)
[510]: (1040.229607169825,1)
[511]: (1038.22881767452,1)
[512]: (1050.233800653551,1)
[513]: (1039.041838155221,1)
[514]: (1038.399316834707,1)
[515]: (1037.180064095827,1)
[516]: (1035.4862117067,1)
[517]: (1038.301593211168,1)
[518]: (1045.119382212592,1)
[519]: (1038.412460558221,1)
[520]: (1040.225935402293,1)
[521]: (1042.310396428842,1)
[522]: (1039.210470447741,1)
[523]: (1039.021950390146,1)
[524]: (1038.054690843826,1)
[525]: (1042.07152112419,1)
[526]: (1042.513761443689,1)
[527]: (1036.405545537425,1)
[528]: (1040.180932595249,1)
[529]: (1038.022421636892,1)
[530]: (1042.056442417382,1)
[531]: (1039.267341761837,1)
[532]: (1037.312991307731,1)
[533]: (1040.319705453783,1)
[534]: (1038.930811595471,1)
[535]: (1043.996721867623,1)
[536]: (1037.190119523065,1)
[537]: (1040.449499382612,1)
[538]: (1043.108545675595,1)
[539]: (1039.129169473438,1)
[540]: (1041.372670239423,1)
[541]: (1037.428738378609,1)
[542]: (1037.437612974344,1)
[543]: (1039.508298456624,1)
[544]: (1041.075093578301,1)
[545]: (1041.304135349681,1)
[546]: (1038.077090515331,1)
[547]: (1038.383952352662,1)
[548]: (1037.332082497141,1)
[549]: (1038.284916721765,1)
[550]: (1039.082938570695,1)
[551]: (1041.408156945088,1)
[552]: (1039.054850164382,1)
[553]: (1038.061319463812,1)
[554]: (1039.253134819226,1)
[555]: (1041.388770751474,1)
[556]: (1048.064857331966,1)
[557]: (1041.328619341511,1)
[558]: (1038.149682732095,1)
[559]: (1040.208947897311,1)
[560]: (1036.348992188889,1)
[561]: (1040.032455019011,1)
[562]: (1037.146001131541,1)
[563]: (1037.844625135778,1)
[564]: (1037.347400239339,1)
[565]: (1037.839019969825,1)
[566]: (1039.218995104449,1)
[567]: (1037.341681664471,1)
[568]: (1037.309721952304,1)
[569]: (1039.080070854921,1)
[570]: (1039.052344562956,1)
[571]: (1039.173853515307,1)
[572]: (1037.277421957886,1)
[573]: (1036.376738483801,1)
[574]: (1039.061714043436,1)
[575]: (1047.229529682274,1)
[576]: (1038.329408597817,1)
[577]: (1036.450775688933,1)
[578]: (1038.060883285336,1)
[579]: (1048.016843565478,1)
[580]: (1036.029982510458,1)
[581]: (1036.000500965938,1)
[582]: (1037.566675998879,1)
[583]: (1041.073532525155,1)
[584]: (1040.391503587422,1)
[585]: (1039.21709147329,1)
[586]: (1036.242284818309,1)
[587]: (1038.519681087721,1)
[588]: (1037.374784228909,1)
[589]: (1037.208245826328,1)
[590]: (1036.053824438506,1)
[591]: (1035.304758615105,1)
[592]: (1041.11425803045,1)
[593]: (1040.156625935749,1)
[594]: (1040.008613364054,1)
[595]: (1040.319307501482,1)
[596]: (1039.072398953774,1)
[597]: (1037.693253671042,1)
[598]: (1037.62270678488,1)
[599]: (1042.201730884129,1)
[600]: (1036.047376399538,1)
[601]: (1037.0401641756,1)
[602]: (1037.016994702218,1)
[603]: (1038.180182476146,1)
[604]: (1035.440422405162,1)
[605]: (1037.646969611228,1)
[606]: (1038.000853129761,1)
[607]: (1037.304831390591,1)
[608]: (1039.655405232995,1)
[609]: (1038.075460488301,1)
[610]: (1043.052598516944,1)
[611]: (1036.71590002692,1)
[612]: (1036.673248489878,1)
[613]: (1036.36434170495,1)
[614]: (1042.158111716138,1)
[615]: (1037.370409772764,1)
[616]: (1036.308515043933,1)
[617]: (1051.04126854465,1)
[618]: (1037.196753562748,1)
[619]: (1039.059414961936,1)
[620]: (1044.020596060855,1)
[621]: (1040.280970912752,1)
[622]: (1037.2488333749,1)
[623]: (1039.094508210446,1)
[624]: (1035.439629539411,1)
[625]: (1036.526879398035,1)
[626]: (1039.375284373438,1)
[627]: (1040.0133235109,1)
[628]: (1037.083313057705,1)
[629]: (1038.022929419052,1)
[630]: (1038.235093774889,1)
[631]: (1035.213223656466,1)
[632]: (1039.155071785031,1)
[633]: (1037.145604426297,1)
[634]: (1045.799266735744,1)
[635]: (1038.291219038829,1)
[636]: (1036.003135412319,1)
[637]: (1038.321249499957,1)
[638]: (1041.088589013691,1)
[639]: (1037.119565335789,1)
[640]: (1039.037265977837,1)
[641]: (1038.822181383848,1)
[642]: (1040.112628629589,1)
[643]: (1040.663204298128,1)
[644]: (1039.188906540197,1)
[645]: (1036.29368535768,1)
[646]: (1039.047661370401,1)
[647]: (1041.1392624255,1)
[648]: (1039.093958600423,1)
[649]: (1041.556771219408,1)
[650]: (1039.076683564219,1)
[651]: (1040.109819847161,1)
[652]: (1044.577512979527,1)
[653]: (1039.095380767059,1)
[654]: (1041.079972207831,1)
[655]: (1041.463309753039,1)
[656]: (1040.006032344384,1)
[657]: (1037.951805806649,1)
[658]: (1040.00594567441,1)
[659]: (1042.326720099019,1)
[660]: (1038.177457169397,1)
[661]: (1039.183201477517,1)
[662]: (1036.069420707593,1)
[663]: (1041.04972992175,1)
[664]: (1043.438714928568,1)
[665]: (1041.917001794796,1)
[666]: (1040.292147253246,1)
[667]: (1036.156182506115,1)
[668]: (1038.382675861884,1)
[669]: (1039.529417521566,1)
[670]: (1037.08148144313,1)
[671]: (1037.567192234932,1)
[672]: (1042.151272049689,1)
[673]: (1040.422451580863,1)
[674]: (1041.24737366009,1)
[675]: (1038.359011700874,1)
[676]: (1038.645641617829,1)
[677]: (1039.233864692434,1)
[678]: (1035.237887846714,1)
[679]: (1038.108328179671,1)
[680]: (1036.268601454603,1)
[681]: (1040.275817216678,1)
[682]: (1038.106723990739,1)
[683]: (1039.624101358185,1)
[684]: (1054.401527991051,1)
[685]: (1037.092461434275,1)
[686]: (1047.610370163151,1)
[687]: (1038.272711031601,1)
[688]: (1043.687214289404,1)
[689]: (1037.63098443229,1)
[690]: (1040.490607786158,1)
[691]: (1038.244166658875,1)
[692]: (1042.085178204782,1)
[693]: (1040.002845843324,1)
[694]: (1041.142925624893,1)
[695]: (1040.296438664967,1)
[696]: (1040.629143851141,1)
[697]: (1036.433441091669,1)
[698]: (1035.155233690405,1)
[699]: (1037.927107972814,1)
[700]: (1048.011285721896,1)
[701]: (1045.282054947552,1)
[702]: (1037.285560254587,1)
[703]: (1047.291290356932,1)
[704]: (1041.171668923672,1)
[705]: (1035.819733186147,1)
[706]: (1036.13595992701,1)
[707]: (1036.162111914654,1)
[708]: (1041.355587607466,1)
[709]: (1039.098127053771,1)
[710]: (1040.926943595181,1)
[711]: (1036.488091504391,1)
[712]: (1040.201441424544,1)
[713]: (1039.052754612063,1)
[714]: (1039.190091723045,1)
[715]: (1039.340698528172,1)
[716]: (1044.274019617071,1)
[717]: (1041.309450880828,1)
[718]: (1038.492228230234,1)
[719]: (1037.0406942396,1)
[720]: (1038.149534164157,1)
[721]: (1040.021188447535,1)
[722]: (1051.324895975662,1)
[723]: (1038.261154351391,1)
[724]: (1044.769013435564,1)
[725]: (1038.123770208058,1)
[726]: (1040.723126421193,1)
[727]: (1039.625939830158,1)
[728]: (1037.860459186166,1)
[729]: (1036.359786558124,1)
[730]: (1037.231738929351,1)
[731]: (1038.153407540278,1)
[732]: (1043.00076089558,1)
[733]: (1039.343401651947,1)
[734]: (1042.534563044324,1)
[735]: (1046.474141163507,1)
[736]: (1038.335378716781,1)
[737]: (1038.699860440929,1)
[738]: (1043.130812130541,1)
[739]: (1038.210020088981,1)
[740]: (1038.363687155147,1)
[741]: (1038.081980041733,1)
[742]: (1040.534674501963,1)
[743]: (1035.130354956875,1)
[744]: (1037.219222576167,1)
[745]: (1038.396703500821,1)
[746]: (1039.175022417415,1)
[747]: (1039.199241248352,1)
[748]: (1037.303413021105,1)
[749]: (1037.441102779611,1)
[750]: (1045.055138827766,1)
[751]: (1037.521766965055,1)
[752]: (1047.035483135157,1)
[753]: (1036.028693597658,1)
[754]: (1043.005105071478,1)
[755]: (1039.363283804659,1)
[756]: (1044.59522086129,1)
[757]: (1041.006451788269,1)
[758]: (1037.124037448075,1)
[759]: (1046.206434268694,1)
[760]: (1044.209798629387,1)
[761]: (1036.306752786402,1)
[762]: (1040.642270692145,1)
[763]: (1039.587913637798,1)
[764]: (1038.02146979994,1)
[765]: (1035.267536842466,1)
[766]: (1041.175005315965,1)
[767]: (1038.806129879047,1)
[768]: (1047.209581843164,1)
[769]: (1041.305526840676,1)
[770]: (1037.272619688067,1)
[771]: (1037.158918511575,1)
[772]: (1039.137618633653,1)
[773]: (1041.973485618419,1)
[774]: (1045.008041718288,1)
[775]: (1047.185702285285,1)
[776]: (1038.21744658415,1)
[777]: (1042.387032939843,1)
[778]: (1037.194886659178,1)
[779]: (1040.363033161274,1)
[780]: (1045.106733684961,1)
[781]: (1037.915432985287,1)
[782]: (1036.276464162142,1)
[783]: (1039.246049053349,1)
[784]: (1044.128800034114,1)
[785]: (1039.006233498836,1)
[786]: (1037.209677129154,1)
[787]: (1037.18728114572,1)
[788]: (1036.039708571225,1)
[789]: (1040.309304130409,1)
[790]: (1039.097740074373,1)
[791]: (1042.521197536777,1)
[792]: (1037.311485361659,1)
[793]: (1042.46203773382,1)
[794]: (1040.48392992608,1)
[795]: (1039.00106289797,1)
[796]: (1037.245292520022,1)
[797]: (1039.126180434152,1)
[798]: (1040.107008633413,1)
[799]: (1038.608754520598,1)
[800]: (1036.238103475501,1)
[801]: (1039.033177283986,1)
[802]: (1043.408409181564,1)
[803]: (1044.518478242727,1)
[804]: (1037.495955165798,1)
[805]: (1037.292522311403,1)
[806]: (1037.445183770514,1)
[807]: (1037.318097632915,1)
[808]: (1038.260276316068,1)
[809]: (1042.672119652489,1)
[810]: (1039.042619317094,1)
[811]: (1038.070227875723,1)
[812]: (1038.036198037855,1)
[813]: (1035.117739693843,1)
[814]: (1037.456975682717,1)
[815]: (1039.05648813348,1)
[816]: (1039.096301234576,1)
[817]: (1043.032933280271,1)
[818]: (1038.084077305961,1)
[819]: (1038.857065499268,1)
[820]: (1036.668789941988,1)
[821]: (1038.13854241887,1)
[822]: (1036.453480630215,1)
[823]: (1039.111337669676,1)
[824]: (1043.803080412079,1)
[825]: (1037.473543263875,1)
[826]: (1040.45510856764,1)
[827]: (1036.423126586108,1)
[828]: (1037.430571067733,1)
[829]: (1040.153588752595,1)
[830]: (1038.12389259681,1)
[831]: (1037.15242251114,1)
[832]: (1039.15913730421,1)
[833]: (1039.508149344899,1)
[834]: (1036.302953833412,1)
[835]: (1041.825933276806,1)
[836]: (1037.043561454761,1)
[837]: (1038.739514083158,1)
[838]: (1040.113537218931,1)
[839]: (1040.853327215401,1)
[840]: (1054.672305576936,1)
[841]: (1037.051070834143,1)
[842]: (1039.014811856468,1)
[843]: (1036.585788205003,1)
[844]: (1035.073751808289,1)
[845]: (1038.377425733858,1)
[846]: (1037.090191259757,1)
[847]: (1042.119727970112,1)
[848]: (1042.619821529293,1)
[849]: (1039.388345210192,1)
[850]: (1037.276569714243,1)
[851]: (1040.002711788199,1)
[852]: (1038.477632478677,1)
[853]: (1041.000686588185,1)
[854]: (1038.086197295547,1)
[855]: (1037.133843303724,1)
[856]: (1036.472519316411,1)
[857]: (1041.055735155292,1)
[858]: (1038.193958791524,1)
[859]: (1039.52340930412,1)
[860]: (1036.018664331404,1)
[861]: (1043.338854925472,1)
[862]: (1038.043544539901,1)
[863]: (1043.155184326765,1)
[864]: (1038.334529562903,1)
[865]: (1043.434652893435,1)
[866]: (1041.642377838663,1)
[867]: (1038.16217369875,1)
[868]: (1041.254592649755,1)
[869]: (1042.064008723015,1)
[870]: (1036.299242303635,1)
[871]: (1039.392856473228,1)
[872]: (1041.048713842245,1)
[873]: (1038.565289884211,1)
[874]: (1038.076688992304,1)
[875]: (1037.563761295303,1)
[876]: (1036.486086010372,1)
[877]: (1038.013631889025,1)
[878]: (1038.231490566799,1)
[879]: (1035.311360690335,1)
[880]: (1038.1517758421,1)
[881]: (1044.39121204935,1)
[882]: (1037.247019440042,1)
[883]: (1042.176857518405,1)
[884]: (1037.513483621184,1)
[885]: (1044.6895129222,1)
[886]: (1037.017264934092,1)
[887]: (1038.015460885522,1)
[888]: (1045.304630041604,1)
[889]: (1038.144966120048,1)
[890]: (1040.238786857106,1)
[891]: (1040.052848242689,1)
[892]: (1038.245623789266,1)
[893]: (1038.129151701168,1)
[894]: (1036.681308911695,1)
[895]: (1039.954840428807,1)
[896]: (1037.347438930479,1)
[897]: (1044.429917121629,1)
[898]: (1039.280473863701,1)
[899]: (1038.810586854715,1)
[900]: (1037.295546529622,1)
[901]: (1054.601343258382,1)
[902]: (1040.710904606263,1)
[903]: (1040.180291639705,1)
[904]: (1039.171633996789,1)
[905]: (1042.147503057683,1)
[906]: (1037.029411153007,1)
[907]: (1040.080406144772,1)
[908]: (1036.197696512609,1)
[909]: (1042.044319753856,1)
[910]: (1038.38015593591,1)
[911]: (1039.028018804493,1)
[912]: (1038.111973782641,1)
[913]: (1035.624864937587,1)
[914]: (1038.237746810782,1)
[915]: (1037.045128176143,1)
[916]: (1043.310572638952,1)
[917]: (1039.046023225079,1)
[918]: (1037.214319734614,1)
[919]: (1036.244421367616,1)
[920]: (1039.809770913965,1)
[921]: (1042.8857457337,1)
[922]: (1042.062420847129,1)
[923]: (1046.242190811625,1)
[924]: (1036.381608111566,1)
[925]: (1039.379829784527,1)
[926]: (1037.197668326128,1)
[927]: (1035.259496742449,1)
[928]: (1039.155273056906,1)
[929]: (1039.424118067165,1)
[930]: (1038.297924101379,1)
[931]: (1038.257069951934,1)
[932]: (1039.247464802667,1)
[933]: (1041.021251579323,1)
[934]: (1039.358532286446,1)
[935]: (1040.064412756841,1)
[936]: (1039.488013144202,1)
[937]: (1040.082232085108,1)
[938]: (1050.1568660356,1)
[939]: (1040.220508379056,1)
[940]: (1038.660056893116,1)
[941]: (1037.640140228925,1)
[942]: (1046.221134611133,1)
[943]: (1038.206339809775,1)
[944]: (1040.84816349057,1)
[945]: (1039.119389656142,1)
[946]: (1038.803111204085,1)
[947]: (1039.231714813435,1)
[948]: (1041.034821870577,1)
[949]: (1041.01952440095,1)
[950]: (1036.587484182214,1)
[951]: (1038.048222179058,1)
[952]: (1043.541685738927,1)
[953]: (1036.130668229097,1)
[954]: (1039.022468832872,1)
[955]: (1036.373503899319,1)
[956]: (1041.100455892739,1)
[957]: (1040.066415474911,1)
[958]: (1039.404418700321,1)
[959]: (1038.000572779203,1)
[960]: (1039.851946003326,1)
[961]: (1037.17343778468,1)
[962]: (1040.110046635377,1)
[963]: (1042.069250071954,1)
[964]: (1037.005578563891,1)
[965]: (1043.000176212888,1)
[966]: (1036.139300264512,1)
[967]: (1036.495424145373,1)
[968]: (1041.123344167149,1)
[969]: (1041.660101164753,1)
[970]: (1038.426797546584,1)
[971]: (1037.000711922703,1)
[972]: (1036.177087051497,1)
[973]: (1046.148348155926,1)
[974]: (1037.036069049751,1)
[975]: (1042.610153060519,1)
[976]: (1039.115139369376,1)
[977]: (1037.422521087804,1)
[978]: (1037.366651003057,1)
[979]: (1044.025767361905,1)
[980]: (1044.120804633817,1)
[981]: (1038.274352831964,1)
[982]: (1042.20026968663,1)
[983]: (1036.094195436886,1)
[984]: (1041.213760467754,1)
[985]: (1037.198096964448,1)
[986]: (1040.371971861462,1)
[987]: (1037.068218414413,1)
[988]: (1041.18825888583,1)
[989]: (1036.040658700749,1)
[990]: (1040.406800420472,1)
[991]: (1041.10341317042,1)
[992]: (1044.295717709404,1)
[993]: (1053.105996011796,1)
[994]: (1037.159863366978,1)
[995]: (1036.592896400424,1)
[996]: (1038.174603195804,1)
[997]: (1038.542335456369,1)
[998]: (1039.384371518272,1)
[999]: (1040.144800516796,1)
[1000]: (1036.583075111724,1)
[1001]: (1038.910440354893,1)
[1002]: (1040.204028464077,1)
[1003]: (1037.263118617164,1)
[1004]: (1040.332039647123,1)
[1005]: (1036.023422776236,1)
[1006]: (1046.199054957972,1)
[1007]: (1038.016753525808,1)
[1008]: (1040.09303195037,1)
[1009]: (1038.455343629715,1)
[1010]: (1036.482686990205,1)
[1011]: (1047.139414230673,1)
[1012]: (1042.860336968757,1)
[1013]: (1039.296798908542,1)
[1014]: (1039.017101039039,1)
[1015]: (1036.196999406744,1)
[1016]: (1039.327729631908,1)
[1017]: (1042.364175152677,1)
[1018]: (1039.087377243986,1)
[1019]: (1042.713961133092,1)
[1020]: (1040.110297417003,1)
[1021]: (1037.435068054766,1)
[1022]: (1040.609761566291,1)
[1023]: (1036.254629061655,1)
[1024]: (1043.643564627726,1)
[1025]: (1042.495640804248,1)
[1026]: (1040.267816737426,1)
[1027]: (1039.972830941898,1)
[1028]: (1037.088181288877,1)
[1029]: (1040.226385196047,1)
[1030]: (1036.582456388226,1)
[1031]: (1044.178918261902,1)
[1032]: (1050.479265181047,1)
[1033]: (1040.896299018345,1)
[1034]: (1043.413810378613,1)
[1035]: (1035.30653626319,1)
[1036]: (1046.014421955583,1)
[1037]: (1036.57126782793,1)
[1038]: (1040.403337191938,1)
[1039]: (1043.054071280591,1)
[1040]: (1036.488262545538,1)
[1041]: (1044.08537039342,1)
[1042]: (1037.128170510753,1)
[1043]: (1036.231393233643,1)
[1044]: (1039.193065102958,1)
[1045]: (1040.580650901663,1)
[1046]: (1040.751291094916,1)
[1047]: (1037.044344426942,1)
[1048]: (1036.111239240621,1)
[1049]: (1042.47328577975,1)
[1050]: (1038.100370030608,1)
[1051]: (1038.220001504794,1)
[1052]: (1038.531425056059,1)
[1053]: (1042.112089486469,1)
[1054]: (1038.18493607375,1)
[1055]: (1040.070259412743,1)
[1056]: (1046.470651221697,1)
[1057]: (1039.049943200093,1)
[1058]: (1041.105680674417,1)
[1059]: (1043.281384120437,1)
[1060]: (1040.285267846657,1)
[1061]: (1040.609391918795,1)
[1062]: (1041.056933154959,1)
[1063]: (1048.086701780942,1)
[1064]: (1036.356004837327,1)
[1065]: (1038.166170320719,1)
[1066]: (1040.382454837056,1)
[1067]: (1038.278038503285,1)
[1068]: (1041.008159105156,1)
[1069]: (1038.864080866397,1)
[1070]: (1047.214801877616,1)
[1071]: (1042.158103491404,1)
[1072]: (1040.018101110562,1)
[1073]: (1038.024064773173,1)
[1074]: (1038.07751249755,1)
[1075]: (1039.038815520599,1)
[1076]: (1037.365651805995,1)
[1077]: (1038.147748259296,1)
[1078]: (1039.546530802437,1)
[1079]: (1039.240255463833,1)
[1080]: (1043.703428770267,1)
[1081]: (1036.00851193345,1)
[1082]: (1049.193213101364,1)
[1083]: (1035.404172073899,1)
[1084]: (1038.985781989852,1)
[1085]: (1041.048482959438,1)
[1086]: (1037.671369770971,1)
[1087]: (1037.266271711254,1)
[1088]: (1044.103003233642,1)
[1089]: (1038.037140012816,1)
[1090]: (1036.061984067453,1)
[1091]: (1036.352180045587,1)
[1092]: (1035.556371206085,1)
[1093]: (1039.861974050344,1)
[1094]: (1036.074422087891,1)
[1095]: (1036.111812555011,1)
[1096]: (1042.142792127923,1)
[1097]: (1038.081904090059,1)
[1098]: (1036.158838725351,1)
[1099]: (1046.178456367854,1)
[1100]: (1044.338487740148,1)
[1101]: (1037.392591951632,1)
[1102]: (1040.149601720951,1)
[1103]: (1038.677667061639,1)
[1104]: (1038.162315986372,1)
[1105]: (1039.110309858052,1)
[1106]: (1038.39802341882,1)
[1107]: (1043.0708795601,1)
[1108]: (1038.011600796829,1)
[1109]: (1037.07993739069,1)
[1110]: (1043.342749376293,1)
[1111]: (1035.726560729042,1)
[1112]: (1037.693415578024,1)
[1113]: (1037.293414872953,1)
[1114]: (1044.013250747651,1)
[1115]: (1041.129044050736,1)
[1116]: (1041.005093433339,1)
[1117]: (1037.105063550608,1)
[1118]: (1035.318454585733,1)
[1119]: (1040.327422731086,1)
[1120]: (1039.125971593767,1)
[1121]: (1036.446655711087,1)
[1122]: (1040.460642191122,1)
[1123]: (1037.03189883955,1)
[1124]: (1035.156617971077,1)
[1125]: (1040.117421903147,1)
[1126]: (1036.083320742078,1)
[1127]: (1038.021187905966,1)
[1128]: (1042.351927791532,1)
[1129]: (1038.139897717371,1)
[1130]: (1037.275011587217,1)
[1131]: (1039.434652476411,1)
[1132]: (1042.215470816957,1)
[1133]: (1047.269355949185,1)
[1134]: (1039.109221854482,1)
[1135]: (1041.880496590796,1)
[1136]: (1039.257328432464,1)
[1137]: (1035.081793216892,1)
[1138]: (1041.072170508026,1)
[1139]: (1045.076941124733,1)
[1140]: (1035.495431913089,1)
[1141]: (1044.003077820117,1)
[1142]: (1038.080885734415,1)
[1143]: (1038.183715980643,1)
[1144]: (1045.160625114358,1)
[1145]: (1038.040660884982,1)
[1146]: (1037.593053168808,1)
[1147]: (1048.022190728014,1)
[1148]: (1039.051078166408,1)
[1149]: (1040.219995630612,1)
[1150]: (1037.280667502659,1)
[1151]: (1040.542835180596,1)
[1152]: (1037.063268933565,1)
[1153]: (1038.320436372153,1)
[1154]: (1039.371641177194,1)
[1155]: (1038.003544808867,1)
[1156]: (1039.249264205121,1)
[1157]: (1039.037091674359,1)
[1158]: (1037.28217869114,1)
[1159]: (1039.071634717551,1)
[1160]: (1037.392537637995,1)
[1161]: (1038.515859053608,1)
[1162]: (1039.260884148573,1)
[1163]: (1039.041848680476,1)
[1164]: (1037.358269773946,1)
[1165]: (1037.132749822804,1)
[1166]: (1038.147073002221,1)
[1167]: (1039.382523623311,1)
[1168]: (1041.37486221409,1)
[1169]: (1036.650520069207,1)
[1170]: (1039.560843258749,1)
[1171]: (1046.1904314216,1)
[1172]: (1040.155323362391,1)
[1173]: (1042.386803218757,1)
[1174]: (1040.066032152143,1)
[1175]: (1040.338161873586,1)
[1176]: (1037.810597348718,1)
[1177]: (1042.13580073269,1)
[1178]: (1037.292312651095,1)
[1179]: (1035.17462328347,1)
[1180]: (1040.546377890371,1)
[1181]: (1039.412663763028,1)
[1182]: (1045.452233085069,1)
[1183]: (1038.529639749151,1)
[1184]: (1038.291646277363,1)
[1185]: (1036.599001558943,1)
[1186]: (1040.17955598239,1)
[1187]: (1045.018381395329,1)
[1188]: (1036.143133859629,1)
[1189]: (1037.115546801925,1)
[1190]: (1037.857325567561,1)
[1191]: (1041.04361084799,1)
[1192]: (1041.063759309303,1)
[1193]: (1040.928383880751,1)
[1194]: (1037.204214121247,1)
[1195]: (1036.552399446086,1)
[1196]: (1036.059888497789,1)
[1197]: (1038.06030579213,1)
[1198]: (1036.362643231266,1)
[1199]: (1037.082843733319,1)
[1200]: (1044.284246665716,1)
[1201]: (1037.258825416627,1)
[1202]: (1038.106530979385,1)
[1203]: (1039.038985797548,1)
[1204]: (1041.835179999389,1)
[1205]: (1039.05778826372,1)
[1206]: (1046.162025796614,1)
[1207]: (1040.420207505099,1)
[1208]: (1043.444404446188,1)
[1209]: (1038.939093919703,1)
[1210]: (1038.041744145906,1)
[1211]: (1038.349133947796,1)
[1212]: (1040.487136172365,1)
[1213]: (1038.348077607825,1)
[1214]: (1042.119962326515,1)
[1215]: (1035.510113224283,1)
[1216]: (1038.69256738555,1)
[1217]: (1040.180911487298,1)
[1218]: (1040.087310866727,1)
[1219]: (1049.231483825378,1)
[1220]: (1037.029195050205,1)
[1221]: (1043.197681609222,1)
[1222]: (1037.256804628611,1)
[1223]: (1043.656950368666,1)
[1224]: (1037.252763791557,1)
[1225]: (1039.093552610185,1)
[1226]: (1037.297072871826,1)
[1227]: (1036.5246574612,1)
[1228]: (1046.01361092939,1)
[1229]: (1036.700100522013,1)
[1230]: (1038.058655774704,1)
[1231]: (1036.849348301351,1)
[1232]: (1038.450127714624,1)
[1233]: (1043.900883217795,1)
[1234]: (1037.89910975595,1)
[1235]: (1042.183148516383,1)
[1236]: (1043.02588821794,1)
[1237]: (1036.0587981236,1)
[1238]: (1038.007240312269,1)
[1239]: (1048.209971874058,1)
[1240]: (1038.147333919356,1)
[1241]: (1041.494421370661,1)
[1242]: (1046.241201284472,1)
[1243]: (1037.46165146248,1)
[1244]: (1039.095024062642,1)
[1245]: (1037.096456137775,1)
[1246]: (1046.04366333396,1)
[1247]: (1046.562884621484,1)
[1248]: (1040.018742616309,1)
[1249]: (1036.305823833282,1)
[1250]: (1039.421898339584,1)
[1251]: (1041.022703416688,1)
[1252]: (1045.863389277398,1)
[1253]: (1035.764299014096,1)
[1254]: (1042.727717351566,1)
[1255]: (1042.182302976894,1)
[1256]: (1038.382753585723,1)
[1257]: (1042.168037892508,1)
[1258]: (1042.473180325519,1)
[1259]: (1038.151238350069,1)
[1260]: (1039.220518589933,1)
[1261]: (1038.36678815149,1)
[1262]: (1041.139749076362,1)
[1263]: (1036.338084852254,1)
[1264]: (1036.190867780697,1)
[1265]: (1038.949591528418,1)
[1266]: (1038.038897492555,1)
[1267]: (1036.217863428491,1)
[1268]: (1040.354893687196,1)
[1269]: (1042.196820857703,1)
[1270]: (1037.761382595629,1)
[1271]: (1038.023339369986,1)
[1272]: (1038.136264635715,1)
[1273]: (1036.130184560725,1)
[1274]: (1037.323817202135,1)
[1275]: (1041.032527556978,1)
[1276]: (1036.076303303492,1)
[1277]: (1041.314258166924,1)
[1278]: (1038.330308377017,1)
[1279]: (1037.818792586181,1)
[1280]: (1038.189067332904,1)
[1281]: (1036.787788323098,1)
[1282]: (1041.116571705705,1)
[1283]: (1041.174910917263,1)
[1284]: (1043.468544533896,1)
[1285]: (1039.721002988216,1)
[1286]: (1036.737619791071,1)
[1287]: (1039.218033400238,1)
[1288]: (1041.653946053083,1)
[1289]: (1042.222939570411,1)
[1290]: (1038.017039387173,1)
[1291]: (1037.909022073594,1)
[1292]: (1040.57542228027,1)
[1293]: (1038.144981156582,1)
[1294]: (1037.504786704576,1)
[1295]: (1037.334801548074,1)
[1296]: (1042.092266868141,1)
[1297]: (1037.460333565439,1)
[1298]: (1040.772070242487,1)
[1299]: (1037.537676130909,1)
[1300]: (1038.828422830179,1)
[1301]: (1037.120111753155,1)
[1302]: (1039.615072665293,1)
[1303]: (1039.391819191236,1)
[1304]: (1040.551685209395,1)
[1305]: (1037.165980499622,1)
[1306]: (1037.052505707529,1)
[1307]: (1042.622297159742,1)
[1308]: (1041.54570014408,1)
[1309]: (1037.148729675658,1)
[1310]: (1046.023705178857,1)
[1311]: (1036.423185951322,1)
[1312]: (1038.172225538931,1)
[1313]: (1046.04566864033,1)
[1314]: (1038.061638798926,1)
[1315]: (1036.079430617729,1)
[1316]: (1036.450293292751,1)
[1317]: (1035.747173244336,1)
[1318]: (1038.018049763244,1)
[1319]: (1041.305247551032,1)
[1320]: (1036.341632992417,1)
[1321]: (1037.303283073753,1)
[1322]: (1041.045765438145,1)
[1323]: (1041.331174200371,1)
[1324]: (1036.101820748818,1)
[1325]: (1038.412901419883,1)
[1326]: (1042.266776586328,1)
[1327]: (1037.349875985164,1)
[1328]: (1038.114482503353,1)
[1329]: (1040.185827658158,1)
[1330]: (1041.277569998566,1)
[1331]: (1040.295788398412,1)
[1332]: (1038.113462916964,1)
[1333]: (1041.001269722748,1)
[1334]: (1037.225405241237,1)
[1335]: (1036.30913642476,1)
[1336]: (1037.001276726158,1)
[1337]: (1037.661103181028,1)
[1338]: (1045.779123636371,1)
[1339]: (1038.166692365275,1)
[1340]: (1038.215986626604,1)
[1341]: (1039.303317651934,1)
[1342]: (1037.095993385538,1)
[1343]: (1044.508798290795,1)
[1344]: (1039.488790181554,1)
[1345]: (1037.015993272397,1)
[1346]: (1043.055777210443,1)
[1347]: (1049.28865077466,1)
[1348]: (1040.550232406698,1)
[1349]: (1042.026590348647,1)
[1350]: (1042.694087769657,1)
[1351]: (1039.409870994777,1)
[1352]: (1042.526843005887,1)
[1353]: (1040.032068948929,1)
[1354]: (1041.398352343204,1)
[1355]: (1046.081679681824,1)
[1356]: (1043.174623904477,1)
[1357]: (1040.071115213359,1)
[1358]: (1036.232938227688,1)
[1359]: (1039.069766284443,1)
[1360]: (1037.016287832268,1)
[1361]: (1040.259991751902,1)
[1362]: (1038.251058844684,1)
[1363]: (1041.521080943491,1)
[1364]: (1035.129126610755,1)
[1365]: (1038.349002427299,1)
[1366]: (1038.33405193776,1)
[1367]: (1036.020735881545,1)
[1368]: (1036.629367730504,1)
[1369]: (1042.083044265342,1)
[1370]: (1038.407545839129,1)
[1371]: (1037.367994221909,1)
[1372]: (1037.132576001523,1)
[1373]: (1036.033457823906,1)
[1374]: (1038.735773913638,1)
[1375]: (1038.166726825717,1)
[1376]: (1039.193082153982,1)
[1377]: (1035.409373619396,1)
[1378]: (1037.896644068666,1)
[1379]: (1038.394046198653,1)
[1380]: (1036.227083229515,1)
[1381]: (1038.73065290049,1)
[1382]: (1038.669165825019,1)
[1383]: (1042.407921358687,1)
[1384]: (1041.272484626535,1)
[1385]: (1036.176985898244,1)
[1386]: (1038.198371770905,1)
[1387]: (1039.020316739477,1)
[1388]: (1037.158395708129,1)
[1389]: (1036.174704780595,1)
[1390]: (1039.239249089483,1)
[1391]: (1036.206423201962,1)
[1392]: (1040.378548784194,1)
[1393]: (1036.304800684101,1)
[1394]: (1045.060888628275,1)
[1395]: (1038.004725319293,1)
[1396]: (1036.118495752541,1)
[1397]: (1036.399173855446,1)
[1398]: (1040.052350329818,1)
[1399]: (1036.043624076395,1)
[1400]: (1044.137069478406,1)
[1401]: (1037.354648278756,1)
[1402]: (1042.193032364706,1)
[1403]: (1036.102743807467,1)
[1404]: (1048.411136606782,1)
[1405]: (1038.155754265897,1)
[1406]: (1042.206409253316,1)
[1407]: (1035.574570493696,1)
[1408]: (1038.491664979457,1)
[1409]: (1043.073943989533,1)
[1410]: (1038.037295536016,1)
[1411]: (1036.138324181755,1)
[1412]: (1039.382790190171,1)
[1413]: (1041.10549270859,1)
[1414]: (1036.162466804615,1)
[1415]: (1036.670925221265,1)
[1416]: (1040.44491652443,1)
[1417]: (1036.005945022968,1)
[1418]: (1039.066203361902,1)
[1419]: (1040.870070866879,1)
[1420]: (1039.440186959965,1)
[1421]: (1038.480972336873,1)
[1422]: (1037.001659347049,1)
[1423]: (1037.193923377521,1)
[1424]: (1039.490615598953,1)
[1425]: (1043.135371101302,1)
[1426]: (1043.357035755624,1)
[1427]: (1042.251403243405,1)
[1428]: (1036.028125866682,1)
[1429]: (1042.089199714386,1)
[1430]: (1036.233814625832,1)
[1431]: (1039.463087490622,1)
[1432]: (1038.452909829462,1)
[1433]: (1038.323654604157,1)
[1434]: (1042.18513479652,1)
[1435]: (1038.040192006022,1)
[1436]: (1041.463865475611,1)
[1437]: (1040.413356300041,1)
[1438]: (1041.119510588866,1)
[1439]: (1045.307978188582,1)
[1440]: (1039.545584157637,1)
[1441]: (1037.369925667421,1)
[1442]: (1036.077051848123,1)
[1443]: (1036.434600675092,1)
[1444]: (1040.502320322807,1)
[1445]: (1040.356886097956,1)
[1446]: (1040.959862662564,1)
[1447]: (1041.593686195383,1)
[1448]: (1038.214178786139,1)
[1449]: (1037.283719513222,1)
[1450]: (1036.553614156035,1)
[1451]: (1046.461983312693,1)
[1452]: (1038.335387911189,1)
[1453]: (1037.087209070212,1)
[1454]: (1037.636282100409,1)
[1455]: (1040.33710157669,1)
[1456]: (1053.069201664711,1)
[1457]: (1036.458207144158,1)
[1458]: (1037.530036422444,1)
[1459]: (1037.086712289909,1)
[1460]: (1041.603282697743,1)
[1461]: (1036.140342256445,1)
[1462]: (1036.236054654368,1)
[1463]: (1048.353855435164,1)
[1464]: (1040.303254604556,1)
[1465]: (1040.032586653219,1)
[1466]: (1037.732487241963,1)
[1467]: (1038.322348839201,1)
[1468]: (1040.63237453271,1)
[1469]: (1035.060879389355,1)
[1470]: (1039.252568745638,1)
[1471]: (1041.853725370253,1)
[1472]: (1039.108557278765,1)
[1473]: (1041.142684604156,1)
[1474]: (1035.804352252057,1)
[1475]: (1040.196535496563,1)
[1476]: (1047.236976632562,1)
[1477]: (1039.670649100043,1)
[1478]: (1038.31844147969,1)
[1479]: (1038.367691685425,1)
[1480]: (1035.535204931617,1)
[1481]: (1039.266606306331,1)
[1482]: (1037.895693992254,1)
[1483]: (1038.070756024088,1)
[1484]: (1040.020375151926,1)
[1485]: (1043.138723507011,1)
[1486]: (1037.06997964493,1)
[1487]: (1040.434630495184,1)
[1488]: (1039.166418771128,1)
[1489]: (1038.036527052301,1)
[1490]: (1039.536411003178,1)
[1491]: (1036.429878097373,1)
[1492]: (1039.373073334431,1)
[1493]: (1039.179964109253,1)
[1494]: (1039.117593146152,1)
[1495]: (1036.02564755646,1)
[1496]: (1042.09403350472,1)
[1497]: (1039.256192326136,1)
[1498]: (1041.687002216292,1)
[1499]: (1041.571663625945,1)
[1500]: (1037.173221840091,1)
[1501]: (1039.793730730672,1)
[1502]: (1036.230035805136,1)
[1503]: (1036.868072700277,1)
[1504]: (1046.054969063696,1)
[1505]: (1040.141219261085,1)
[1506]: (1036.609146277742,1)
[1507]: (1038.54742844337,1)
[1508]: (1038.155637159942,1)
[1509]: (1041.227189111126,1)
[1510]: (1038.581015194946,1)
[1511]: (1038.174845653065,1)
[1512]: (1039.742508296492,1)
[1513]: (1047.234568003771,1)
[1514]: (1037.74669604431,1)
[1515]: (1040.075329871861,1)
[1516]: (1039.069122952338,1)
[1517]: (1040.058337852942,1)
[1518]: (1038.025544203959,1)
[1519]: (1038.942641671943,1)
[1520]: (1037.067568341778,1)
[1521]: (1045.204655084877,1)
[1522]: (1047.012941331834,1)
[1523]: (1036.331029196745,1)
[1524]: (1043.043078456626,1)
[1525]: (1037.023554847538,1)
[1526]: (1046.050156297736,1)
[1527]: (1044.0116019958,1)
[1528]: (1038.304675806869,1)
[1529]: (1051.070664533615,1)
[1530]: (1039.352201654853,1)
[1531]: (1036.053505848598,1)
[1532]: (1039.690976164581,1)
[1533]: (1036.122759176791,1)
[1534]: (1039.106723136705,1)
[1535]: (1036.754773705565,1)
[1536]: (1036.628048456928,1)
[1537]: (1038.035618805058,1)
[1538]: (1042.148676752864,1)
[1539]: (1044.553422149936,1)
[1540]: (1039.002518020143,1)
[1541]: (1038.585678835912,1)
[1542]: (1037.012038092068,1)
[1543]: (1040.035896354969,1)
[1544]: (1037.249735067599,1)
[1545]: (1040.468406044883,1)
[1546]: (1039.169649122175,1)
[1547]: (1035.023104408439,1)
[1548]: (1039.49377724458,1)
[1549]: (1045.023379529059,1)
[1550]: (1047.053608787867,1)
[1551]: (1040.367368542712,1)
[1552]: (1040.214595101078,1)
[1553]: (1039.042207261573,1)
[1554]: (1039.003961707532,1)
[1555]: (1037.058354255576,1)
[1556]: (1040.201838468908,1)
[1557]: (1036.343173386407,1)
[1558]: (1036.433264965905,1)
[1559]: (1043.133964754052,1)
[1560]: (1038.516834673181,1)
[1561]: (1040.547428965182,1)
[1562]: (1038.3337484766,1)
[1563]: (1039.773974184315,1)
[1564]: (1037.426063825196,1)
[1565]: (1037.148504396353,1)
[1566]: (1038.188970163015,1)
[1567]: (1042.424331358355,1)
[1568]: (1046.306486786066,1)
[1569]: (1039.658543270706,1)
[1570]: (1038.698744083945,1)
[1571]: (1043.25701669608,1)
[1572]: (1036.36905355726,1)
[1573]: (1036.302015524168,1)
[1574]: (1042.604810592709,1)
[1575]: (1035.602138607485,1)
[1576]: (1041.359485583945,1)
[1577]: (1039.025440448994,1)
[1578]: (1041.229115443611,1)
[1579]: (1037.19927698834,1)
[1580]: (1043.081953338962,1)
[1581]: (1037.494158843512,1)
[1582]: (1039.132749147368,1)
[1583]: (1038.265780718275,1)
[1584]: (1038.857083611621,1)
[1585]: (1038.004638338157,1)
[1586]: (1044.219193000552,1)
[1587]: (1040.689419693912,1)
[1588]: (1044.232911005976,1)
[1589]: (1042.527922783416,1)
[1590]: (1037.930328879866,1)
[1591]: (1037.205806817679,1)
[1592]: (1037.352328716304,1)
[1593]: (1043.570405824966,1)
[1594]: (1039.648286404583,1)
[1595]: (1037.005593904777,1)
[1596]: (1039.225127458169,1)
[1597]: (1037.37122934261,1)
[1598]: (1043.362459295879,1)
[1599]: (1042.51611529717,1)
[1600]: (1050.140547741759,1)
[1601]: (1039.004995400685,1)
[1602]: (1040.077094813737,1)
[1603]: (1037.868571766838,1)
[1604]: (1044.144649206359,1)
[1605]: (1037.286853211561,1)
[1606]: (1040.436035594667,1)
[1607]: (1036.237096019538,1)
[1608]: (1039.417709757643,1)
[1609]: (1040.629525132455,1)
[1610]: (1039.220947614501,1)
[1611]: (1036.06378568634,1)
[1612]: (1037.122137597843,1)
[1613]: (1038.145758361002,1)
[1614]: (1044.104002894868,1)
[1615]: (1038.018232922212,1)
[1616]: (1036.389116488674,1)
[1617]: (1043.599685953969,1)
[1618]: (1036.390380267983,1)
[1619]: (1039.046692017308,1)
[1620]: (1044.009787471527,1)
[1621]: (1038.867787965996,1)
[1622]: (1043.216260821511,1)
[1623]: (1041.0927575563,1)
[1624]: (1037.365738497265,1)
[1625]: (1038.119108590774,1)
[1626]: (1041.340568062299,1)
[1627]: (1040.127725325673,1)
[1628]: (1048.641396429155,1)
[1629]: (1038.194694913677,1)
[1630]: (1035.673226965206,1)
[1631]: (1043.217249136931,1)
[1632]: (1040.612976925758,1)
[1633]: (1039.036228057851,1)
[1634]: (1036.545137977066,1)
[1635]: (1039.486162308066,1)
[1636]: (1039.15239874623,1)
[1637]: (1037.47900650655,1)
[1638]: (1039.239637427933,1)
[1639]: (1039.476548120235,1)
[1640]: (1037.151565026431,1)
[1641]: (1038.609920625018,1)
[1642]: (1040.227619587172,1)
[1643]: (1042.520334577956,1)
[1644]: (1046.397333083292,1)
[1645]: (1039.054333964848,1)
[1646]: (1040.022268636866,1)
[1647]: (1038.537434366337,1)
[1648]: (1038.280780143311,1)
[1649]: (1039.154013977923,1)
[1650]: (1036.450282137239,1)
[1651]: (1037.058680121533,1)
[1652]: (1037.683676676226,1)
[1653]: (1037.040559038146,1)
[1654]: (1037.408933712745,1)
[1655]: (1036.52346327836,1)
[1656]: (1039.07782886942,1)
[1657]: (1037.24475551914,1)
[1658]: (1037.848793472488,1)
[1659]: (1040.771698487628,1)
[1660]: (1036.051832251366,1)
[1661]: (1040.209637229086,1)
[1662]: (1039.084143152753,1)
[1663]: (1040.622782668916,1)
[1664]: (1038.226980091442,1)
[1665]: (1042.277535962774,1)
[1666]: (1036.399917401751,1)
[1667]: (1037.126442228312,1)
[1668]: (1041.021685299919,1)
[1669]: (1036.111227452385,1)
[1670]: (1044.122315756424,1)
[1671]: (1040.020528398946,1)
[1672]: (1037.343750117426,1)
[1673]: (1038.64449657915,1)
[1674]: (1038.292025979906,1)
[1675]: (1043.318170859255,1)
[1676]: (1038.002507358615,1)
[1677]: (1037.029109150458,1)
[1678]: (1038.022431584128,1)
[1679]: (1040.307475356275,1)
[1680]: (1036.067991963269,1)
[1681]: (1037.157177834922,1)
[1682]: (1036.692147282552,1)
[1683]: (1036.699162162711,1)
[1684]: (1038.026873267306,1)
[1685]: (1044.016776596521,1)
[1686]: (1044.220889503405,1)
[1687]: (1049.34896419713,1)
[1688]: (1036.306090578164,1)
[1689]: (1038.419881609581,1)
[1690]: (1040.043977960725,1)
[1691]: (1036.347486020992,1)
[1692]: (1038.057104677241,1)
[1693]: (1040.18748269539,1)
[1694]: (1035.815120950907,1)
[1695]: (1040.05860653546,1)
[1696]: (1036.739467217581,1)
[1697]: (1037.428944833825,1)
[1698]: (1039.493111134739,1)
[1699]: (1038.89557010681,1)
[1700]: (1048.074713828681,1)
[1701]: (1037.117332933822,1)
[1702]: (1035.378890750181,1)
[1703]: (1042.103440664926,1)
[1704]: (1036.046606787291,1)
[1705]: (1044.233206439384,1)
[1706]: (1038.023396134786,1)
[1707]: (1043.221059193416,1)
[1708]: (1036.16270188739,1)
[1709]: (1048.29250000922,1)
[1710]: (1041.113131441295,1)
[1711]: (1040.15785652109,1)
[1712]: (1039.269895955405,1)
[1713]: (1037.034960129908,1)
[1714]: (1042.070889569502,1)
[1715]: (1038.339172495839,1)
[1716]: (1037.449728468154,1)
[1717]: (1036.263910350987,1)
[1718]: (1042.757575107388,1)
[1719]: (1039.248786747367,1)
[1720]: (1038.951655088427,1)
[1721]: (1037.423811462151,1)
[1722]: (1041.241223655594,1)
[1723]: (1045.067574408398,1)
[1724]: (1038.635655483736,1)
[1725]: (1041.235401259998,1)
[1726]: (1036.040057321115,1)
[1727]: (1038.459020415805,1)
[1728]: (1038.231888171213,1)
[1729]: (1041.808882343848,1)
[1730]: (1038.507590851319,1)
[1731]: (1037.153683186753,1)
[1732]: (1039.080132633504,1)
[1733]: (1038.020715473989,1)
[1734]: (1039.178413411037,1)
[1735]: (1035.293272979409,1)
[1736]: (1040.652197504369,1)
[1737]: (1041.059851246164,1)
[1738]: (1042.736339517416,1)
[1739]: (1038.110041423676,1)
[1740]: (1036.223583132975,1)
[1741]: (1038.023661532702,1)
[1742]: (1042.096441524716,1)
[1743]: (1038.238667489909,1)
[1744]: (1041.072437796873,1)
[1745]: (1044.25649194937,1)
[1746]: (1037.195146687836,1)
[1747]: (1039.027555779694,1)
[1748]: (1041.010729265189,1)
[1749]: (1050.723256266605,1)
[1750]: (1039.102587406299,1)
[1751]: (1040.523233078543,1)
[1752]: (1039.000596967273,1)
[1753]: (1042.026320587696,1)
[1754]: (1035.573656758952,1)
[1755]: (1038.204576286013,1)
[1756]: (1037.039446635462,1)
[1757]: (1038.09887401109,1)
[1758]: (1036.445358204974,1)
[1759]: (1038.113792512473,1)
[1760]: (1042.308570397258,1)
[1761]: (1040.060276018547,1)
[1762]: (1036.109700282344,1)
[1763]: (1038.599443685,1)
[1764]: (1038.221699296032,1)
[1765]: (1035.05189057901,1)
[1766]: (1040.030411556205,1)
[1767]: (1037.041444909303,1)
[1768]: (1039.508278322216,1)
[1769]: (1042.095049611098,1)
[1770]: (1037.603446091724,1)
[1771]: (1036.656989438954,1)
[1772]: (1043.33871726249,1)
[1773]: (1040.159929163213,1)
[1774]: (1041.05920573898,1)
[1775]: (1037.029472279395,1)
[1776]: (1046.855218192737,1)
[1777]: (1047.400152609282,1)
[1778]: (1045.057306088567,1)
[1779]: (1036.055947960262,1)
[1780]: (1037.134708531957,1)
[1781]: (1038.067205301028,1)
[1782]: (1037.116667674595,1)
[1783]: (1037.047857803707,1)
[1784]: (1036.887852308401,1)
[1785]: (1039.162928886228,1)
[1786]: (1038.41242869742,1)
[1787]: (1041.456780161348,1)
[1788]: (1039.407387964517,1)
[1789]: (1039.120111180008,1)
[1790]: (1036.406069020491,1)
[1791]: (1042.385604462245,1)
[1792]: (1035.513204518623,1)
[1793]: (1039.086626966498,1)
[1794]: (1036.075546390442,1)
[1795]: (1036.313808523333,1)
[1796]: (1040.077572551838,1)
[1797]: (1036.026959040683,1)
[1798]: (1040.196137966138,1)
[1799]: (1041.850393484846,1)
[1800]: (1044.55777133865,1)
[1801]: (1036.259204406356,1)
[1802]: (1039.506603518542,1)
[1803]: (1037.095374993859,1)
[1804]: (1037.108319394835,1)
[1805]: (1042.522424705594,1)
[1806]: (1037.712228918594,1)
[1807]: (1036.401320250796,1)
[1808]: (1036.192482024801,1)
[1809]: (1045.047452393247,1)
[1810]: (1041.242302750651,1)
[1811]: (1037.306895852324,1)
[1812]: (1037.127594575719,1)
[1813]: (1037.095470345617,1)
[1814]: (1039.868722167693,1)
[1815]: (1036.165330261884,1)
[1816]: (1039.353098791604,1)
[1817]: (1036.080722514921,1)
[1818]: (1040.985707957113,1)
[1819]: (1045.167248331931,1)
[1820]: (1041.014853448587,1)
[1821]: (1036.767971498482,1)
[1822]: (1039.437599693316,1)
[1823]: (1036.236932559679,1)
[1824]: (1039.293954216782,1)
[1825]: (1045.006928828805,1)
[1826]: (1038.370886719433,1)
[1827]: (1040.206266466182,1)
[1828]: (1042.511060402004,1)
[1829]: (1042.426238606478,1)
[1830]: (1041.079318190137,1)
[1831]: (1037.390004169694,1)
[1832]: (1039.921381437887,1)
[1833]: (1038.09121552183,1)
[1834]: (1039.559778769591,1)
[1835]: (1043.032452984529,1)
[1836]: (1039.242987450687,1)
[1837]: (1042.104901103806,1)
[1838]: (1038.602623614152,1)
[1839]: (1042.298096712562,1)
[1840]: (1039.39286397029,1)
[1841]: (1040.37862453049,1)
[1842]: (1039.519143503813,1)
[1843]: (1051.776151635076,1)
[1844]: (1039.065264498047,1)
[1845]: (1039.432806927234,1)
[1846]: (1035.08547027829,1)
[1847]: (1040.34692249498,1)
[1848]: (1037.153945753719,1)
[1849]: (1039.276818134873,1)
[1850]: (1040.340576426667,1)
[1851]: (1042.007746502838,1)
[1852]: (1035.363299466075,1)
[1853]: (1046.071005769018,1)
[1854]: (1039.02136218769,1)
[1855]: (1037.043840007658,1)
[1856]: (1039.144392260429,1)
[1857]: (1039.151734748388,1)
[1858]: (1036.364295492493,1)
[1859]: (1042.183435289094,1)
[1860]: (1036.078599885755,1)
[1861]: (1040.807181765408,1)
[1862]: (1040.0540988724,1)
[1863]: (1043.24771680392,1)
[1864]: (1043.03484749809,1)
[1865]: (1036.261961468766,1)
[1866]: (1039.246264453332,1)
[1867]: (1039.63507383094,1)
[1868]: (1037.192238278812,1)
[1869]: (1043.404318086808,1)
[1870]: (1041.273922892589,1)
[1871]: (1040.316103168967,1)
[1872]: (1038.362916267952,1)
[1873]: (1042.192033825163,1)
[1874]: (1039.006498252365,1)
[1875]: (1043.085636023929,1)
[1876]: (1037.338219617819,1)
[1877]: (1037.156547201946,1)
[1878]: (1038.265637111034,1)
[1879]: (1040.345194398935,1)
[1880]: (1036.052392032377,1)
[1881]: (1036.182143982079,1)
[1882]: (1040.049237324409,1)
[1883]: (1036.192354480058,1)
[1884]: (1038.054208787775,1)
[1885]: (1041.532393508763,1)
[1886]: (1038.652994913627,1)
[1887]: (1035.487205464604,1)
[1888]: (1036.284481094693,1)
[1889]: (1046.607379047111,1)
[1890]: (1039.976967548853,1)
[1891]: (1038.367506706783,1)
[1892]: (1036.539888536287,1)
[1893]: (1041.375150137377,1)
[1894]: (1042.016910904958,1)
[1895]: (1041.949857827018,1)
[1896]: (1042.337970272085,1)
[1897]: (1036.152662186314,1)
[1898]: (1035.453515960769,1)
[1899]: (1035.131372495253,1)
[1900]: (1037.087098755128,1)
[1901]: (1040.355168525499,1)
[1902]: (1037.014655638031,1)
[1903]: (1042.001052373201,1)
[1904]: (1039.144898047766,1)
[1905]: (1038.050700833418,1)
[1906]: (1038.064919246369,1)
[1907]: (1037.708344425741,1)
[1908]: (1039.10919124188,1)
[1909]: (1036.143709273926,1)
[1910]: (1047.156102860934,1)
[1911]: (1037.104101059871,1)
[1912]: (1037.066929194234,1)
[1913]: (1038.283350332673,1)
[1914]: (1038.016726955706,1)
[1915]: (1039.425894774657,1)
[1916]: (1039.030631650536,1)
[1917]: (1042.247982963477,1)
[1918]: (1036.214566275342,1)
[1919]: (1038.137480423646,1)
[1920]: (1038.446697397783,1)
[1921]: (1041.142760752139,1)
[1922]: (1037.755570389483,1)
[1923]: (1037.041337303975,1)
[1924]: (1039.251001332992,1)
[1925]: (1038.006739707981,1)
[1926]: (1040.011019017283,1)
[1927]: (1040.543771802515,1)
[1928]: (1038.746786093989,1)
[1929]: (1039.393095796031,1)
[1930]: (1047.102604506514,1)
[1931]: (1040.520632038632,1)
[1932]: (1036.54103855026,1)
[1933]: (1041.034639449393,1)
[1934]: (1036.741956023996,1)
[1935]: (1042.558206065805,1)
[1936]: (1043.749302085002,1)
[1937]: (1036.209948657896,1)
[1938]: (1037.015090653984,1)
[1939]: (1037.0837554299,1)
[1940]: (1047.138519326513,1)
[1941]: (1036.185805887139,1)
[1942]: (1036.169984104391,1)
[1943]: (1038.210807752495,1)
[1944]: (1037.460437767093,1)
[1945]: (1038.607670837238,1)
[1946]: (1038.163840149288,1)
[1947]: (1038.308947569168,1)
[1948]: (1036.21655420731,1)
[1949]: (1041.063096732542,1)
[1950]: (1042.243697563966,1)
[1951]: (1037.004643022742,1)
[1952]: (1036.060584343616,1)
[1953]: (1037.694360301706,1)
[1954]: (1037.473448989004,1)
[1955]: (1038.325548290858,1)
[1956]: (1035.239696296653,1)
[1957]: (1038.033729489275,1)
[1958]: (1038.157441528304,1)
[1959]: (1038.251890759705,1)
[1960]: (1037.213974307304,1)
[1961]: (1039.386417922743,1)
[1962]: (1042.417209523418,1)
[1963]: (1036.366544892921,1)
[1964]: (1036.757394213615,1)
[1965]: (1041.884296506111,1)
[1966]: (1036.36415985517,1)
[1967]: (1040.326434399108,1)
[1968]: (1037.27812711192,1)
[1969]: (1039.018134899319,1)
[1970]: (1041.350671063544,1)
[1971]: (1043.269396218726,1)
[1972]: (1038.129949751807,1)
[1973]: (1039.160385586402,1)
[1974]: (1039.01178690009,1)
[1975]: (1041.313674422905,1)
[1976]: (1039.003659575773,1)
[1977]: (1039.157009998569,1)
[1978]: (1038.444611508866,1)
[1979]: (1038.009250667403,1)
[1980]: (1041.349444131963,1)
[1981]: (1039.643067637449,1)
[1982]: (1042.129402346611,1)
[1983]: (1035.217508379115,1)
[1984]: (1039.597058363449,1)
[1985]: (1038.620816108319,1)
[1986]: (1044.452420625866,1)
[1987]: (1035.377718476391,1)
[1988]: (1039.143337188978,1)
[1989]: (1036.411783451954,1)
[1990]: (1038.043860161541,1)
[1991]: (1048.264797249281,1)
[1992]: (1037.411669475064,1)
[1993]: (1037.155020438267,1)
[1994]: (1038.024591756356,1)
[1995]: (1035.188944200271,1)
[1996]: (1037.752356514654,1)
[1997]: (1037.177274826756,1)
[1998]: (1046.024023628329,1)
[1999]: (1038.884247282442,1)
 -- States explored : 0 states
 -- CPU user time used : 891870 ms
 -- Virtual memory used : 84218156 KiB
 -- Resident memory used : 84168244 KiB
executionTime: 6776
