core file size          (blocks, -c) unlimited
data seg size           (kbytes, -d) unlimited
scheduling priority             (-e) 0
file size               (blocks, -f) unlimited
pending signals                 (-i) 4077086
max locked memory       (kbytes, -l) 64
max memory size         (kbytes, -m) 133169152
open files                      (-n) 4096
pipe size            (512 bytes, -p) 8
POSIX message queues     (bytes, -q) 819200
real-time priority              (-r) 0
stack size              (kbytes, -s) 8192
cpu time               (seconds, -t) unlimited
max user processes              (-u) 4077086
virtual memory          (kbytes, -v) 127000000
file locks                      (-x) unlimited
Options for the verification:
  Generating some trace
  Search order is random depth first
  Using conservative space optimisation
  Seed is 1557172013
  State space representation uses minimal constraint systems
  Using HashMap + Compress integers for discrete state storage

Verifying formula 1 at ../queries/SP_300_52_4.q:1
 -- Formula is satisfied.
(9000 runs)
Learning statistics for best strategy: 
	Number of resets: 1
	Number of iterations in last reset: 1
	Number of iterations in total: 12

 -- States explored : 0 states
 -- CPU user time used : 10404360 ms
 -- Virtual memory used : 44699872 KiB
 -- Resident memory used : 44659928 KiB

Verifying formula 2 at ../queries/SP_300_52_4.q:2
 -- Formula is satisfied.
Composer.Done:
[0]: (0,0) (418.1310168726608,1)
[1]: (417.4764420129612,1)
[2]: (418.3476549942343,1)
[3]: (418.1372326079205,1)
[4]: (419.7283265640644,1)
[5]: (418.1947521371148,1)
[6]: (417.3947403461767,1)
[7]: (420.1400450716152,1)
[8]: (417.4864068584425,1)
[9]: (420.2475602426903,1)
[10]: (420.0353980077593,1)
[11]: (421.6558323728299,1)
[12]: (416.3137023517942,1)
[13]: (418.1002089937465,1)
[14]: (418.4611080778486,1)
[15]: (417.1742807420434,1)
[16]: (418.2773682969384,1)
[17]: (418.1134496213184,1)
[18]: (418.1155351251501,1)
[19]: (418.4094949675683,1)
[20]: (417.2218302425622,1)
[21]: (420.0724828990223,1)
[22]: (417.3455382058315,1)
[23]: (419.0287965917022,1)
[24]: (417.030348482079,1)
[25]: (420.0110153749164,1)
[26]: (417.2638060404517,1)
[27]: (419.088392770159,1)
[28]: (417.115493463942,1)
[29]: (420.445434037137,1)
[30]: (416.41824769334,1)
[31]: (422.0980739665474,1)
[32]: (418.3678841571611,1)
[33]: (418.2186741950375,1)
[34]: (417.1999201980818,1)
[35]: (418.3554884407978,1)
[36]: (417.4799693109503,1)
[37]: (418.5862571534693,1)
[38]: (420.0450623389601,1)
[39]: (419.4015124008512,1)
[40]: (418.3738058466182,1)
[41]: (418.252850573232,1)
[42]: (418.6112222850763,1)
[43]: (419.6852033748247,1)
[44]: (419.3547105694506,1)
[45]: (417.0553803063623,1)
[46]: (419.2912663431027,1)
[47]: (420.3758107433766,1)
[48]: (418.0907516539306,1)
[49]: (417.4078610307613,1)
[50]: (418.9048914679992,1)
[51]: (418.9023697695873,1)
[52]: (420.0352238286835,1)
[53]: (417.4633682957514,1)
[54]: (416.1403923710032,1)
[55]: (416.4915728841511,1)
[56]: (417.1162298010307,1)
[57]: (418.4218686598552,1)
[58]: (420.570356499471,1)
[59]: (420.0652641858989,1)
[60]: (416.8102287169816,1)
[61]: (418.2827502282302,1)
[62]: (419.9830223194623,1)
[63]: (419.8627491634158,1)
[64]: (419.137680530187,1)
[65]: (416.3101438259517,1)
[66]: (417.1706186538493,1)
[67]: (420.8800541358094,1)
[68]: (419.022086544462,1)
[69]: (419.029958997653,1)
[70]: (417.0061518783984,1)
[71]: (417.1635197394752,1)
[72]: (418.360484664595,1)
[73]: (419.880580894288,1)
[74]: (421.2818877280714,1)
[75]: (417.6933547511116,1)
[76]: (420.8723473618403,1)
[77]: (419.4053940146295,1)
[78]: (417.6987744557471,1)
[79]: (418.806922594302,1)
[80]: (418.2874044526779,1)
[81]: (418.0445781180987,1)
[82]: (420.3859177181013,1)
[83]: (420.8294943964068,1)
[84]: (421.2189725890924,1)
[85]: (419.0110603338789,1)
[86]: (421.3960869945221,1)
[87]: (418.0625925585737,1)
[88]: (418.5490216285592,1)
[89]: (418.4530213288393,1)
[90]: (418.2716935226098,1)
[91]: (417.5997493412022,1)
[92]: (421.066856718308,1)
[93]: (419.0109652447351,1)
[94]: (419.0718932739411,1)
[95]: (419.0148635289862,1)
[96]: (420.1403491556169,1)
[97]: (416.4423440611016,1)
[98]: (417.0104315007991,1)
[99]: (419.0021101716915,1)
[100]: (419.2628243311177,1)
[101]: (416.150567357295,1)
[102]: (419.1110075495577,1)
[103]: (418.4894215449044,1)
[104]: (417.2930265424822,1)
[105]: (418.2908032903655,1)
[106]: (418.0494493640816,1)
[107]: (417.1234948690832,1)
[108]: (417.2188180761503,1)
[109]: (419.1963909301204,1)
[110]: (418.4611450957783,1)
[111]: (418.0821699129213,1)
[112]: (417.4914570919054,1)
[113]: (417.1771452946708,1)
[114]: (418.1314347569158,1)
[115]: (417.0458470124343,1)
[116]: (419.1708247567208,1)
[117]: (418.1677521739507,1)
[118]: (417.381445978527,1)
[119]: (417.1306941370093,1)
[120]: (418.0483932681189,1)
[121]: (418.1343808703089,1)
[122]: (417.545076794258,1)
[123]: (422.3388390970901,1)
[124]: (418.0105309601793,1)
[125]: (417.9936404896062,1)
[126]: (419.7579925251185,1)
[127]: (416.7471518730601,1)
[128]: (417.0485832899992,1)
[129]: (418.4432573183847,1)
[130]: (421.232037438717,1)
[131]: (420.0130016863499,1)
[132]: (418.4114162626808,1)
[133]: (419.1031023279612,1)
[134]: (417.0751753924223,1)
[135]: (417.0715110121887,1)
[136]: (417.0085526394792,1)
[137]: (417.8398295575542,1)
[138]: (418.2974916994284,1)
[139]: (418.362593584314,1)
[140]: (417.0344503384766,1)
[141]: (419.1258160383326,1)
[142]: (418.8336894141059,1)
[143]: (417.5971321280435,1)
[144]: (418.0805961029514,1)
[145]: (417.1544352696557,1)
[146]: (419.0661344380203,1)
[147]: (419.1416304999545,1)
[148]: (419.3109521485693,1)
[149]: (417.4558654815989,1)
[150]: (417.1862677926458,1)
[151]: (418.1004285190206,1)
[152]: (419.2996412081831,1)
[153]: (417.8539654968316,1)
[154]: (418.3060047393887,1)
[155]: (419.480467668931,1)
[156]: (418.1148943238375,1)
[157]: (421.5225050936486,1)
[158]: (418.2509145224465,1)
[159]: (418.0685390377687,1)
[160]: (418.5183414926984,1)
[161]: (417.4857844236099,1)
[162]: (418.3690708155427,1)
[163]: (417.0313606698917,1)
[164]: (423.310112881413,1)
[165]: (417.5285941885756,1)
[166]: (418.6779046512639,1)
[167]: (417.7132436193614,1)
[168]: (419.2526354478478,1)
[169]: (420.1018092286742,1)
[170]: (420.2189819440511,1)
[171]: (417.9888101989332,1)
[172]: (419.217045075413,1)
[173]: (417.5473797097242,1)
[174]: (418.2724550370985,1)
[175]: (418.056351725256,1)
[176]: (416.2694386115951,1)
[177]: (419.6211437631039,1)
[178]: (419.0658817800713,1)
[179]: (421.6753436219037,1)
[180]: (418.0749158790097,1)
[181]: (417.0650226681038,1)
[182]: (418.0128084870481,1)
[183]: (420.2936277675738,1)
[184]: (418.6778708615973,1)
[185]: (419.0608879720351,1)
[186]: (417.642547400236,1)
[187]: (418.1520167049579,1)
[188]: (416.8820959987539,1)
[189]: (419.9692014551564,1)
[190]: (417.2189718911199,1)
[191]: (418.0751744996555,1)
[192]: (421.0863104602645,1)
[193]: (419.3153758831122,1)
[194]: (417.1936070403119,1)
[195]: (420.1108064129775,1)
[196]: (417.209950702905,1)
[197]: (416.3372347343509,1)
[198]: (420.2793108818875,1)
[199]: (419.1243653760375,1)
[200]: (418.3245218196171,1)
[201]: (417.0669324946565,1)
[202]: (417.1091051894965,1)
[203]: (419.1873029263581,1)
[204]: (417.1695275920194,1)
[205]: (418.3757433856809,1)
[206]: (418.1440531300821,1)
[207]: (417.3241548953528,1)
[208]: (419.4035027753116,1)
[209]: (417.5015227756195,1)
[210]: (419.137716014635,1)
[211]: (417.2348261745433,1)
[212]: (420.134341525534,1)
[213]: (420.1277459723002,1)
[214]: (419.3314384523516,1)
[215]: (418.4624893479114,1)
[216]: (417.165586255045,1)
[217]: (419.5279673923415,1)
[218]: (419.2681853709047,1)
[219]: (420.5673521889274,1)
[220]: (419.6933106663741,1)
[221]: (419.0485304021007,1)
[222]: (417.1653805739231,1)
[223]: (418.8878571351437,1)
[224]: (418.5654567225116,1)
[225]: (418.4197502132423,1)
[226]: (417.5037440627124,1)
[227]: (416.5493962325664,1)
[228]: (418.123335186972,1)
[229]: (420.0482035507763,1)
[230]: (416.1437143378627,1)
[231]: (418.122310866771,1)
[232]: (419.6207229178667,1)
[233]: (419.0645742924906,1)
[234]: (419.5275597390164,1)
[235]: (418.9172357312552,1)
[236]: (418.1144439874535,1)
[237]: (417.0382508188795,1)
[238]: (418.4369100072373,1)
[239]: (417.4679538800289,1)
[240]: (417.073990981495,1)
[241]: (417.0837806504391,1)
[242]: (417.3773790587652,1)
[243]: (417.1804543576647,1)
[244]: (419.3962488453712,1)
[245]: (420.118829906479,1)
[246]: (419.5766191557589,1)
[247]: (418.5073063944538,1)
[248]: (418.2170270121131,1)
[249]: (417.0603350626434,1)
[250]: (417.1091647223605,1)
[251]: (418.0303245405659,1)
[252]: (419.0366453148522,1)
[253]: (418.284509676066,1)
[254]: (419.7166459848814,1)
[255]: (418.0603894620024,1)
[256]: (418.5362123387946,1)
[257]: (416.8797331750721,1)
[258]: (420.1642833498269,1)
[259]: (419.2331746179374,1)
[260]: (420.0893331107915,1)
[261]: (419.237225387912,1)
[262]: (419.4118442144508,1)
[263]: (418.0671811766475,1)
[264]: (418.4325098204704,1)
[265]: (417.2321239127967,1)
[266]: (423.4205234188038,1)
[267]: (419.7255912960457,1)
[268]: (420.353399840375,1)
[269]: (417.3088197850624,1)
[270]: (418.4561181716766,1)
[271]: (417.5446954798213,1)
[272]: (420.4428694835956,1)
[273]: (417.1056724670358,1)
[274]: (418.6840655622901,1)
[275]: (420.1467924576131,1)
[276]: (417.0421912014119,1)
[277]: (421.1204815941838,1)
[278]: (418.1780243181959,1)
[279]: (421.2341112878665,1)
[280]: (420.2713179503434,1)
[281]: (417.0843650635124,1)
[282]: (422.4647969198631,1)
[283]: (417.0762908260404,1)
[284]: (420.1374800693113,1)
[285]: (420.105641974031,1)
[286]: (419.6455890364827,1)
[287]: (417.5873416154308,1)
[288]: (417.0932686517116,1)
[289]: (417.1160095010299,1)
[290]: (418.0496391245338,1)
[291]: (417.0396603911128,1)
[292]: (421.6980685356423,1)
[293]: (420.0580113053709,1)
[294]: (418.1442148265492,1)
[295]: (418.4062257174984,1)
[296]: (418.3631726646117,1)
[297]: (418.1032127315999,1)
[298]: (418.137996353952,1)
[299]: (417.4841797447027,1)
[300]: (421.5599884168434,1)
[301]: (420.4707538614321,1)
[302]: (417.1350406960484,1)
[303]: (417.0937549019398,1)
[304]: (416.6641487615574,1)
[305]: (417.0716793720815,1)
[306]: (417.370493177331,1)
[307]: (420.3687644324784,1)
[308]: (420.0030725591441,1)
[309]: (418.1346533562688,1)
[310]: (419.37439938036,1)
[311]: (420.7887726739682,1)
[312]: (417.3059347024404,1)
[313]: (417.7838967296606,1)
[314]: (419.0878814185629,1)
[315]: (420.3658772729435,1)
[316]: (418.2770109910057,1)
[317]: (421.1927081122409,1)
[318]: (418.0136544911708,1)
[319]: (418.3623236858377,1)
[320]: (417.3624822308345,1)
[321]: (420.0691505936733,1)
[322]: (417.4075961713278,1)
[323]: (418.0909952021725,1)
[324]: (417.0248446555622,1)
[325]: (418.1093412455457,1)
[326]: (419.9970126793308,1)
[327]: (418.1388727157558,1)
[328]: (416.2025515951534,1)
[329]: (417.1833452633424,1)
[330]: (417.3029344745745,1)
[331]: (418.3382061038315,1)
[332]: (418.0018658586047,1)
[333]: (418.2028022450259,1)
[334]: (418.8272916446928,1)
[335]: (417.0083011047537,1)
[336]: (417.0922866829864,1)
[337]: (417.4609833502239,1)
[338]: (417.3313456561725,1)
[339]: (417.728573330903,1)
[340]: (419.0374724980704,1)
[341]: (419.6712171442669,1)
[342]: (418.2033729224402,1)
[343]: (417.9097598024788,1)
[344]: (417.0930166468068,1)
[345]: (420.1149848969938,1)
[346]: (419.1530777344934,1)
[347]: (420.2680965929793,1)
[348]: (416.3299544170998,1)
[349]: (418.0389318236655,1)
[350]: (418.4758429691393,1)
[351]: (419.523882229915,1)
[352]: (417.1668491966214,1)
[353]: (421.4833907857494,1)
[354]: (422.0064199071261,1)
[355]: (417.6676684787229,1)
[356]: (418.2883683127057,1)
[357]: (418.1692671227946,1)
[358]: (420.1041934931047,1)
[359]: (417.3312869607944,1)
[360]: (418.0969970292318,1)
[361]: (418.1911800633381,1)
[362]: (419.5933057365969,1)
[363]: (417.7637193788962,1)
[364]: (417.3277464559225,1)
[365]: (419.4874432977149,1)
[366]: (418.4107120306175,1)
[367]: (416.3387286213161,1)
[368]: (416.3807659065949,1)
[369]: (416.9096898228938,1)
[370]: (419.354732902703,1)
[371]: (422.1389515897495,1)
[372]: (420.0317552470041,1)
[373]: (417.0035064661961,1)
[374]: (416.3285636605557,1)
[375]: (417.2205679108549,1)
[376]: (420.7809139447432,1)
[377]: (418.3061148211706,1)
[378]: (419.1897846523241,1)
[379]: (420.4361479159384,1)
[380]: (419.1727222256936,1)
[381]: (417.1358076773968,1)
[382]: (417.1928788320229,1)
[383]: (416.2752135378997,1)
[384]: (418.4074787553635,1)
[385]: (421.2002916902521,1)
[386]: (420.6108661606807,1)
[387]: (417.1806201525164,1)
[388]: (416.2680058407307,1)
[389]: (417.6517348736792,1)
[390]: (417.2005798795081,1)
[391]: (418.5142231130291,1)
[392]: (417.3443838996305,1)
[393]: (419.0313701510599,1)
[394]: (417.9663676107047,1)
[395]: (417.7838524363128,1)
[396]: (418.4516389048007,1)
[397]: (420.2460442040156,1)
[398]: (418.5211431832794,1)
[399]: (418.4630910332094,1)
[400]: (419.3573336877886,1)
[401]: (416.4562404806809,1)
[402]: (418.0138949766975,1)
[403]: (417.0586195873298,1)
[404]: (418.5463347299831,1)
[405]: (419.0527994879528,1)
[406]: (420.1335701371698,1)
[407]: (420.4506125812582,1)
[408]: (417.0107109722088,1)
[409]: (417.3226806969662,1)
[410]: (419.2691529456259,1)
[411]: (418.0319405224305,1)
[412]: (418.4011660033353,1)
[413]: (418.5333772235586,1)
[414]: (419.4186316435799,1)
[415]: (418.1752878485517,1)
[416]: (420.2918533037644,1)
[417]: (418.4042747279577,1)
[418]: (417.1679216726064,1)
[419]: (417.1759827243803,1)
[420]: (419.1627584455024,1)
[421]: (416.3583541962749,1)
[422]: (417.3003985885774,1)
[423]: (418.1564308807032,1)
[424]: (416.5756665374496,1)
[425]: (416.1623330671085,1)
[426]: (419.1068236179567,1)
[427]: (417.866097493013,1)
[428]: (417.9416547228402,1)
[429]: (417.5070086446196,1)
[430]: (417.241092926911,1)
[431]: (418.0056710755119,1)
[432]: (418.1738196443488,1)
[433]: (418.5331097423676,1)
[434]: (417.1470723312403,1)
[435]: (418.0451532230483,1)
[436]: (418.1619560676141,1)
[437]: (418.0336521389046,1)
[438]: (417.9164133641603,1)
[439]: (420.2250357540819,1)
[440]: (418.2408143841722,1)
[441]: (419.5982061098879,1)
[442]: (417.408602013803,1)
[443]: (417.0472678559442,1)
[444]: (418.5297197541076,1)
[445]: (420.0668198656243,1)
[446]: (417.0980632129019,1)
[447]: (416.3357287629497,1)
[448]: (421.1850190149532,1)
[449]: (418.0750298175059,1)
[450]: (418.1250997127767,1)
[451]: (419.0973733719774,1)
[452]: (418.6578258052409,1)
[453]: (420.0085767688872,1)
[454]: (418.0935266592239,1)
[455]: (418.2644067934982,1)
[456]: (419.119605505313,1)
[457]: (417.0681485247787,1)
[458]: (418.4759551147081,1)
[459]: (418.2116589822718,1)
[460]: (421.2142884515604,1)
[461]: (417.2697105031091,1)
[462]: (418.0663078539857,1)
[463]: (418.0683294813176,1)
[464]: (418.2345993383051,1)
[465]: (417.9428285048982,1)
[466]: (417.0835514565653,1)
[467]: (417.5699203980286,1)
[468]: (417.2284348373115,1)
[469]: (417.8925240448664,1)
[470]: (417.2790628803841,1)
[471]: (421.1139763063842,1)
[472]: (418.5318330997283,1)
[473]: (417.1335432927625,1)
[474]: (420.4225284938656,1)
[475]: (419.0851612156288,1)
[476]: (417.3920335445802,1)
[477]: (419.4485899840121,1)
[478]: (418.0565780057301,1)
[479]: (419.0001297952094,1)
[480]: (418.1188692593972,1)
[481]: (417.4779522669315,1)
[482]: (417.2106732715492,1)
[483]: (417.4397889864909,1)
[484]: (417.2103442652331,1)
[485]: (418.1045913018261,1)
[486]: (420.1474988862444,1)
[487]: (421.7544585582274,1)
[488]: (418.8174937118481,1)
[489]: (418.2044926533601,1)
[490]: (417.3394033130546,1)
[491]: (419.089647991813,1)
[492]: (417.0012507780706,1)
[493]: (417.0413652255147,1)
[494]: (418.5675882485801,1)
[495]: (418.7939646352775,1)
[496]: (417.2902327618355,1)
[497]: (417.667550871223,1)
[498]: (419.4312134524312,1)
[499]: (418.0353334341888,1)
[500]: (417.3631902714238,1)
[501]: (418.6025096542996,1)
[502]: (420.1340363557553,1)
[503]: (418.1525199620532,1)
[504]: (417.2479607428089,1)
[505]: (417.2729542275831,1)
[506]: (418.6514666641647,1)
[507]: (423.5987852135594,1)
[508]: (419.0165567243811,1)
[509]: (417.4768215178256,1)
[510]: (418.6244724503082,1)
[511]: (421.4127264639942,1)
[512]: (418.0424546554136,1)
[513]: (417.5508283039281,1)
[514]: (418.6981387274659,1)
[515]: (417.7029830526765,1)
[516]: (418.1516958221391,1)
[517]: (417.5897804736743,1)
[518]: (419.0477897916993,1)
[519]: (418.5705535227646,1)
[520]: (418.180540688263,1)
[521]: (421.0015858977666,1)
[522]: (419.1204149007335,1)
[523]: (417.3701339946064,1)
[524]: (418.4024619427369,1)
[525]: (416.2410508451177,1)
[526]: (420.1268154145291,1)
[527]: (418.1030886689407,1)
[528]: (419.1174548558017,1)
[529]: (419.1718788387086,1)
[530]: (420.1250849941014,1)
[531]: (418.88869528742,1)
[532]: (417.4569733428729,1)
[533]: (418.2277613750829,1)
[534]: (418.2091459602146,1)
[535]: (418.0288715039304,1)
[536]: (417.0360828947694,1)
[537]: (426.3372190150723,1)
[538]: (417.4814431994712,1)
[539]: (418.0933024155644,1)
[540]: (418.4716649948938,1)
[541]: (421.1173571730333,1)
[542]: (416.339040921391,1)
[543]: (418.0508411177635,1)
[544]: (422.0626256736537,1)
[545]: (420.2849824946274,1)
[546]: (418.4696515247597,1)
[547]: (420.1473948800135,1)
[548]: (418.5977327487579,1)
[549]: (419.0869855607027,1)
[550]: (422.181231275137,1)
[551]: (418.0486951924976,1)
[552]: (419.9935780845201,1)
[553]: (418.0102944977289,1)
[554]: (417.3174300543335,1)
[555]: (417.3724114584463,1)
[556]: (417.4089046980541,1)
[557]: (417.8344314144495,1)
[558]: (418.1096082687235,1)
[559]: (419.4991062636931,1)
[560]: (418.2179313957901,1)
[561]: (418.1149545652769,1)
[562]: (416.6458739560835,1)
[563]: (422.0951715736954,1)
[564]: (418.1316901026539,1)
[565]: (419.0447932981876,1)
[566]: (418.1842848691372,1)
[567]: (419.3668222151478,1)
[568]: (418.3563669314507,1)
[569]: (417.7142708497076,1)
[570]: (417.7561809852231,1)
[571]: (418.8668823944721,1)
[572]: (421.1864650942238,1)
[573]: (418.8279613626871,1)
[574]: (419.8201089913242,1)
[575]: (420.250634913831,1)
[576]: (417.1602883310647,1)
[577]: (420.0471539142438,1)
[578]: (417.2178757232987,1)
[579]: (419.4282337192609,1)
[580]: (419.6094471933495,1)
[581]: (420.2222792041995,1)
[582]: (417.2027173914726,1)
[583]: (417.0904267923101,1)
[584]: (417.1268270310944,1)
[585]: (416.4678508089261,1)
[586]: (417.9389695389133,1)
[587]: (419.1224418672729,1)
[588]: (418.3065806581945,1)
[589]: (417.16925545507,1)
[590]: (416.6434751492456,1)
[591]: (418.0899243095623,1)
[592]: (417.5031709594481,1)
[593]: (417.4416471152267,1)
[594]: (417.1295606853034,1)
[595]: (420.4103303277144,1)
[596]: (420.4301137279074,1)
[597]: (417.0737481496895,1)
[598]: (417.250273443674,1)
[599]: (419.4425076312743,1)
[600]: (417.5806822026197,1)
[601]: (419.155766671986,1)
[602]: (420.0767487378668,1)
[603]: (419.3494353717712,1)
[604]: (419.2951438250842,1)
[605]: (417.148827422037,1)
[606]: (416.1301280594201,1)
[607]: (419.1230188496998,1)
[608]: (417.4059780624054,1)
[609]: (418.1749316737822,1)
[610]: (418.1381972238341,1)
[611]: (417.1959123050975,1)
[612]: (417.1635718657336,1)
[613]: (418.4966146298922,1)
[614]: (419.276771334148,1)
[615]: (417.0287121103975,1)
[616]: (417.0487072447098,1)
[617]: (419.04409100282,1)
[618]: (418.3077780324184,1)
[619]: (417.1256321545219,1)
[620]: (417.3037992697986,1)
[621]: (419.6510285747777,1)
[622]: (418.1382073817463,1)
[623]: (416.5714473359236,1)
[624]: (418.0120623215225,1)
[625]: (417.6711698226314,1)
[626]: (418.5956694447125,1)
[627]: (418.3214720066426,1)
[628]: (418.4194938803335,1)
[629]: (418.3836345190078,1)
[630]: (417.2066452800877,1)
[631]: (418.1166307052546,1)
[632]: (418.4419913325506,1)
[633]: (418.3189997797481,1)
[634]: (417.6731634166035,1)
[635]: (419.2941804616396,1)
[636]: (418.1458158556974,1)
[637]: (418.6004046661462,1)
[638]: (419.0111594272515,1)
[639]: (416.6234495659693,1)
[640]: (417.2580923574312,1)
[641]: (418.3196696816284,1)
[642]: (417.0389711860806,1)
[643]: (419.1270883054888,1)
[644]: (418.3875488912839,1)
[645]: (417.3903260765957,1)
[646]: (420.3385192257144,1)
[647]: (417.4092630449272,1)
[648]: (419.2856729523866,1)
[649]: (417.1062574353466,1)
[650]: (420.5380487935276,1)
[651]: (419.1423660370097,1)
[652]: (421.5859501909336,1)
[653]: (417.2128471175527,1)
[654]: (422.096918513998,1)
[655]: (417.2134698269039,1)
[656]: (420.2636759987211,1)
[657]: (417.3039303886291,1)
[658]: (418.101501154344,1)
[659]: (417.6467687808558,1)
[660]: (418.4866785950132,1)
[661]: (420.011866634253,1)
[662]: (421.3001269906347,1)
[663]: (417.1131222563101,1)
[664]: (417.5661391377736,1)
[665]: (417.1876332352696,1)
[666]: (419.2006019636587,1)
[667]: (419.5536928750503,1)
[668]: (419.9731497009204,1)
[669]: (420.1090260660173,1)
[670]: (418.1776542122589,1)
[671]: (421.1764333030949,1)
[672]: (418.5963946276033,1)
[673]: (420.4271998644869,1)
[674]: (419.5476825323084,1)
[675]: (419.1454098060672,1)
[676]: (419.0419425619027,1)
[677]: (419.2039593042036,1)
[678]: (419.5100500147536,1)
[679]: (419.4883065889948,1)
[680]: (418.099875234901,1)
[681]: (417.1468147142116,1)
[682]: (417.4138852000169,1)
[683]: (419.0838060657363,1)
[684]: (417.5023892622737,1)
[685]: (417.0794333834066,1)
[686]: (418.1061639393328,1)
[687]: (419.0045728416487,1)
[688]: (419.2560006759619,1)
[689]: (418.0815950435748,1)
[690]: (417.2124260100333,1)
[691]: (417.0277723650784,1)
[692]: (419.385516406878,1)
[693]: (417.356143757439,1)
[694]: (419.0039571788516,1)
[695]: (417.7436223162439,1)
[696]: (418.0563649025989,1)
[697]: (418.2680032964922,1)
[698]: (419.364746962983,1)
[699]: (417.3830555114653,1)
[700]: (419.3002555869854,1)
[701]: (419.4756125202526,1)
[702]: (418.0396439351937,1)
[703]: (417.1959618810105,1)
[704]: (417.0555516629763,1)
[705]: (418.0931476976472,1)
[706]: (416.2877159948681,1)
[707]: (421.3158733397714,1)
[708]: (417.2590027364394,1)
[709]: (425.762376280072,1)
[710]: (417.2026091704286,1)
[711]: (416.358418897434,1)
[712]: (418.2440696396354,1)
[713]: (418.1448485770925,1)
[714]: (417.9760868093122,1)
[715]: (417.1066661472369,1)
[716]: (417.7523186063256,1)
[717]: (417.7970951314514,1)
[718]: (419.8197993103827,1)
[719]: (418.3463778862309,1)
[720]: (416.4561027232756,1)
[721]: (417.8941618679557,1)
[722]: (419.7773922080243,1)
[723]: (418.6194974876689,1)
[724]: (420.6178908749558,1)
[725]: (419.7683388226075,1)
[726]: (418.6366639270277,1)
[727]: (417.2072921384195,1)
[728]: (417.4471682092528,1)
[729]: (417.8361051978661,1)
[730]: (417.9802980161081,1)
[731]: (416.9703733803451,1)
[732]: (418.8128196080912,1)
[733]: (419.270634230061,1)
[734]: (417.2530908417372,1)
[735]: (417.6363908431046,1)
[736]: (416.4044201830702,1)
[737]: (420.3698175934562,1)
[738]: (418.042844503707,1)
[739]: (416.383427019824,1)
[740]: (418.4507105971733,1)
[741]: (416.3742352062655,1)
[742]: (417.2163709406568,1)
[743]: (417.2899327468018,1)
[744]: (417.4097216992623,1)
[745]: (419.208211996024,1)
[746]: (421.0721705251007,1)
[747]: (418.0238936508663,1)
[748]: (418.1195634254787,1)
[749]: (418.2838117429633,1)
[750]: (417.1978229363024,1)
[751]: (417.3794348518942,1)
[752]: (421.1369614320867,1)
[753]: (422.415880928583,1)
[754]: (418.1499080055762,1)
[755]: (418.8640952665327,1)
[756]: (422.0670034762092,1)
[757]: (417.1299625548702,1)
[758]: (418.2174519697894,1)
[759]: (420.3631060859532,1)
[760]: (418.1952390797721,1)
[761]: (418.1220726677817,1)
[762]: (420.3594398776682,1)
[763]: (418.0493501835858,1)
[764]: (421.334197965905,1)
[765]: (420.0418984014847,1)
[766]: (417.415855541102,1)
[767]: (418.2427647515285,1)
[768]: (417.5347562558096,1)
[769]: (419.4942691563037,1)
[770]: (417.4512572255165,1)
[771]: (418.1717414091602,1)
[772]: (419.3813890956667,1)
[773]: (417.9523739500592,1)
[774]: (418.6597392652822,1)
[775]: (419.6757581738177,1)
[776]: (417.020221600574,1)
[777]: (420.3482159579057,1)
[778]: (418.0724186193757,1)
[779]: (420.0824327543139,1)
[780]: (418.524295664006,1)
[781]: (416.3020504402698,1)
[782]: (417.0859945459785,1)
[783]: (420.0746862928375,1)
[784]: (417.0662845391018,1)
[785]: (417.1293846991369,1)
[786]: (417.0378549405655,1)
[787]: (417.6378909668697,1)
[788]: (419.3302065132966,1)
[789]: (421.1576122015302,1)
[790]: (419.2389217782564,1)
[791]: (419.0555873198961,1)
[792]: (420.658374544422,1)
[793]: (417.7436485845423,1)
[794]: (418.2316964797988,1)
[795]: (418.269559336355,1)
[796]: (418.0584272638836,1)
[797]: (419.0991963325969,1)
[798]: (417.1618792714461,1)
[799]: (418.2562614565369,1)
[800]: (417.1735106239536,1)
[801]: (417.2607574765117,1)
[802]: (421.2882507154491,1)
[803]: (419.404211313844,1)
[804]: (418.0568304745193,1)
[805]: (419.9050886130776,1)
[806]: (420.8389712760601,1)
[807]: (419.1368826007971,1)
[808]: (417.0207083113165,1)
[809]: (418.2927722657455,1)
[810]: (420.3981136463131,1)
[811]: (418.6314166173129,1)
[812]: (417.7490024474945,1)
[813]: (424.1428443994432,1)
[814]: (418.1991912384944,1)
[815]: (420.2607831688666,1)
[816]: (419.2304363047861,1)
[817]: (418.5463285336203,1)
[818]: (417.0670288866654,1)
[819]: (416.5866250633046,1)
[820]: (421.222259290998,1)
[821]: (419.3987049532731,1)
[822]: (420.2440832095932,1)
[823]: (417.2615987000294,1)
[824]: (418.0293877079446,1)
[825]: (419.0650257968113,1)
[826]: (418.032922086787,1)
[827]: (417.2455858047825,1)
[828]: (419.4462910539806,1)
[829]: (417.4617315335835,1)
[830]: (417.7581328581032,1)
[831]: (418.0331217832725,1)
[832]: (417.1773073098985,1)
[833]: (419.1189152219961,1)
[834]: (418.0503158126936,1)
[835]: (418.4170947655452,1)
[836]: (421.706333487727,1)
[837]: (418.1506618526932,1)
[838]: (420.3310755372216,1)
[839]: (418.7709774901804,1)
[840]: (421.1630614144099,1)
[841]: (418.4774198893065,1)
[842]: (417.1503953523771,1)
[843]: (418.0251900222852,1)
[844]: (419.2404234191122,1)
[845]: (419.1424475660098,1)
[846]: (417.12778846547,1)
[847]: (418.0453960653124,1)
[848]: (418.4531610968272,1)
[849]: (418.7372635427687,1)
[850]: (418.2283469019524,1)
[851]: (417.2090217650307,1)
[852]: (418.4974736195397,1)
[853]: (417.297882151994,1)
[854]: (417.5520801675338,1)
[855]: (418.0698740257894,1)
[856]: (417.709603760609,1)
[857]: (419.0725151594438,1)
[858]: (417.1308644570133,1)
[859]: (418.2589380088691,1)
[860]: (420.1703727732776,1)
[861]: (418.5950623787279,1)
[862]: (418.1364224100127,1)
[863]: (419.6011365631622,1)
[864]: (419.053254557274,1)
[865]: (417.0235424773484,1)
[866]: (420.0551665354779,1)
[867]: (417.383556494746,1)
[868]: (418.212160884462,1)
[869]: (418.5632026978608,1)
[870]: (420.9914283024353,1)
[871]: (417.0847057316935,1)
[872]: (419.2523765216499,1)
[873]: (417.3567280918005,1)
[874]: (418.6790242222117,1)
[875]: (418.3977070364646,1)
[876]: (419.2279946617338,1)
[877]: (419.1018083259261,1)
[878]: (419.0156739205572,1)
[879]: (417.3417322304589,1)
[880]: (418.3469352347313,1)
[881]: (416.9502642817662,1)
[882]: (419.2805206862607,1)
[883]: (419.0592455644115,1)
[884]: (418.3446498314177,1)
[885]: (416.6823607135217,1)
[886]: (418.9221128159476,1)
[887]: (417.0065928881336,1)
[888]: (418.9065884160696,1)
[889]: (419.1540009301009,1)
[890]: (416.8407647686204,1)
[891]: (418.4271837126581,1)
[892]: (420.8032029337492,1)
[893]: (420.273752659805,1)
[894]: (417.5300646340459,1)
[895]: (420.2645964300569,1)
[896]: (420.0890187918105,1)
[897]: (418.6048231561351,1)
[898]: (419.2291043299612,1)
[899]: (418.5622367754501,1)
[900]: (417.1879674826557,1)
[901]: (419.3699841876315,1)
[902]: (417.1547301699536,1)
[903]: (419.0660335885795,1)
[904]: (421.6144977639773,1)
[905]: (419.1361621157678,1)
[906]: (419.4785116397769,1)
[907]: (417.9265975849048,1)
[908]: (421.1284490896304,1)
[909]: (418.1572243834316,1)
[910]: (417.1719466607716,1)
[911]: (418.3312436328735,1)
[912]: (418.0220799832844,1)
[913]: (418.2755077160975,1)
[914]: (417.7053792854367,1)
[915]: (417.0427708442573,1)
[916]: (418.1615117952122,1)
[917]: (419.492866997062,1)
[918]: (417.0382989564598,1)
[919]: (422.548779062768,1)
[920]: (420.1392565109977,1)
[921]: (420.2269028444335,1)
[922]: (417.2368669004567,1)
[923]: (421.2039362468715,1)
[924]: (418.3595111957472,1)
[925]: (418.6619475256968,1)
[926]: (417.304218273901,1)
[927]: (418.0226738948959,1)
[928]: (419.0327645430237,1)
[929]: (423.1294315310586,1)
[930]: (419.1955585207732,1)
[931]: (420.8220368145489,1)
[932]: (417.265025326999,1)
[933]: (419.1930884325552,1)
[934]: (419.3228102717342,1)
[935]: (419.3083758497368,1)
[936]: (417.517332497025,1)
[937]: (418.6302529633392,1)
[938]: (417.7017310726509,1)
[939]: (416.7206854323708,1)
[940]: (419.0687619560063,1)
[941]: (419.1064421944026,1)
[942]: (417.0954877872304,1)
[943]: (417.1259128098476,1)
[944]: (420.0562105965514,1)
[945]: (418.9619209949694,1)
[946]: (420.3679800028012,1)
[947]: (417.2261720783339,1)
[948]: (417.0407744849459,1)
[949]: (417.1936359361962,1)
[950]: (418.6349734241779,1)
[951]: (417.9898949140006,1)
[952]: (418.0796352747126,1)
[953]: (422.0421462315337,1)
[954]: (417.1887763075584,1)
[955]: (419.3744211874077,1)
[956]: (420.5559056073216,1)
[957]: (417.0452602477015,1)
[958]: (417.0402092351951,1)
[959]: (417.9411862179032,1)
[960]: (420.0052272631765,1)
[961]: (420.1050604472759,1)
[962]: (418.4107438326663,1)
[963]: (417.1057460057909,1)
[964]: (419.5415033891408,1)
[965]: (417.2668774587925,1)
[966]: (420.0489460688272,1)
[967]: (420.0327859504742,1)
[968]: (417.8636965750454,1)
[969]: (420.1407115391091,1)
[970]: (417.6612526824962,1)
[971]: (418.0170105059884,1)
[972]: (419.3254087144888,1)
[973]: (421.1045575879036,1)
[974]: (419.0418750409066,1)
[975]: (419.0505371991628,1)
[976]: (416.9227169425066,1)
[977]: (417.2220696020403,1)
[978]: (419.2541268161954,1)
[979]: (419.2042843300852,1)
[980]: (421.5759841414829,1)
[981]: (417.6516081769544,1)
[982]: (417.1559378701831,1)
[983]: (417.0949818020956,1)
[984]: (418.2464018575753,1)
[985]: (417.6163009282749,1)
[986]: (417.1364669987007,1)
[987]: (420.1166396042992,1)
[988]: (417.7376961702112,1)
[989]: (418.8164946285811,1)
[990]: (422.0528852451152,1)
[991]: (421.4455219714014,1)
[992]: (416.9885570349069,1)
[993]: (417.9913136794813,1)
[994]: (420.6124418069813,1)
[995]: (421.1099352091161,1)
[996]: (417.3276289927759,1)
[997]: (418.003827505329,1)
[998]: (417.1703698954473,1)
[999]: (420.1012334901012,1)
[1000]: (419.2816470276238,1)
[1001]: (417.6022426907052,1)
[1002]: (419.0241304357826,1)
[1003]: (417.4432195445779,1)
[1004]: (418.4607954104899,1)
[1005]: (419.9186284811977,1)
[1006]: (419.0030074142235,1)
[1007]: (418.4367596559965,1)
[1008]: (417.3050948889,1)
[1009]: (419.5779651517799,1)
[1010]: (418.0615727930407,1)
[1011]: (417.4674932513241,1)
[1012]: (419.5732561890587,1)
[1013]: (419.6933549438271,1)
[1014]: (420.6242996143208,1)
[1015]: (417.3407340644968,1)
[1016]: (420.6202329197602,1)
[1017]: (420.2083368180564,1)
[1018]: (420.2605566722868,1)
[1019]: (418.4458722347224,1)
[1020]: (417.7965582049019,1)
[1021]: (418.0449550291672,1)
[1022]: (418.7811639215817,1)
[1023]: (418.4255262470532,1)
[1024]: (418.0704802665142,1)
[1025]: (417.2299234055171,1)
[1026]: (418.517996157817,1)
[1027]: (423.7516417212782,1)
[1028]: (418.0818055220294,1)
[1029]: (417.4626928526072,1)
[1030]: (419.5576486028993,1)
[1031]: (417.0289079972374,1)
[1032]: (420.9885864489407,1)
[1033]: (417.3398667235573,1)
[1034]: (416.5856899544945,1)
[1035]: (420.5723620600033,1)
[1036]: (418.8136600491455,1)
[1037]: (418.4848176579344,1)
[1038]: (417.6101319418771,1)
[1039]: (419.0692169494305,1)
[1040]: (420.6014670053784,1)
[1041]: (418.4774101213307,1)
[1042]: (417.6128285693053,1)
[1043]: (418.1422789537244,1)
[1044]: (419.5628316641884,1)
[1045]: (416.6012873485049,1)
[1046]: (421.1958569430574,1)
[1047]: (422.4312321589052,1)
[1048]: (417.3273379350194,1)
[1049]: (417.1531645093959,1)
[1050]: (418.1085040187621,1)
[1051]: (419.5482034725,1)
[1052]: (420.2981165314378,1)
[1053]: (420.2319251844386,1)
[1054]: (419.6006006010171,1)
[1055]: (417.5950415347552,1)
[1056]: (418.5133787945146,1)
[1057]: (417.7715389006976,1)
[1058]: (417.0077546368175,1)
[1059]: (418.338949560692,1)
[1060]: (417.361305181122,1)
[1061]: (418.2813116410317,1)
[1062]: (421.2716388184388,1)
[1063]: (419.1972184109406,1)
[1064]: (419.506782053092,1)
[1065]: (418.5860966875465,1)
[1066]: (420.7949465912,1)
[1067]: (419.648314650013,1)
[1068]: (419.2385203711893,1)
[1069]: (419.0997676571957,1)
[1070]: (421.9388166601989,1)
[1071]: (417.0549346987705,1)
[1072]: (417.9041813567989,1)
[1073]: (417.3695194083215,1)
[1074]: (418.6996131589196,1)
[1075]: (417.0636362028434,1)
[1076]: (416.706501077473,1)
[1077]: (419.4375728398692,1)
[1078]: (417.5022731008349,1)
[1079]: (419.0160534707384,1)
[1080]: (417.2257827989698,1)
[1081]: (420.1946427564052,1)
[1082]: (421.2519431588502,1)
[1083]: (417.5177383815777,1)
[1084]: (418.0488700769671,1)
[1085]: (418.5119792098865,1)
[1086]: (418.31112192456,1)
[1087]: (421.7762302326374,1)
[1088]: (422.5051787698342,1)
[1089]: (420.0856302318708,1)
[1090]: (417.5206835225242,1)
[1091]: (419.5743582146619,1)
[1092]: (423.1450993895062,1)
[1093]: (417.0445323219104,1)
[1094]: (417.4318982930936,1)
[1095]: (418.7492466822672,1)
[1096]: (420.9272566160309,1)
[1097]: (418.7988926699268,1)
[1098]: (418.2094494956637,1)
[1099]: (419.1886518938036,1)
[1100]: (417.3123032402398,1)
[1101]: (423.1718143444284,1)
[1102]: (417.678762353695,1)
[1103]: (416.5236080147344,1)
[1104]: (419.2429436598512,1)
[1105]: (418.372025430103,1)
[1106]: (420.534143255306,1)
[1107]: (420.2121747625897,1)
[1108]: (416.7829881546339,1)
[1109]: (420.9066641302517,1)
[1110]: (417.0990707875688,1)
[1111]: (418.2257588843594,1)
[1112]: (423.6947281673262,1)
[1113]: (420.0167517248797,1)
[1114]: (421.7780844937708,1)
[1115]: (416.2064993152884,1)
[1116]: (418.2266208484568,1)
[1117]: (416.6283240703395,1)
[1118]: (419.1509114801029,1)
[1119]: (417.4366088270856,1)
[1120]: (417.4355750121561,1)
[1121]: (419.1043083984297,1)
[1122]: (420.1535533255685,1)
[1123]: (417.0817741087445,1)
[1124]: (420.7809560248429,1)
[1125]: (417.0880559517361,1)
[1126]: (418.2272771212583,1)
[1127]: (417.2756408279197,1)
[1128]: (419.3691059125508,1)
[1129]: (419.0165236730629,1)
[1130]: (418.2290964777148,1)
[1131]: (420.0706038223113,1)
[1132]: (417.1282688406819,1)
[1133]: (417.3410371830018,1)
[1134]: (417.0090672441116,1)
[1135]: (420.0057342920753,1)
[1136]: (417.0517248158166,1)
[1137]: (418.2337980477759,1)
[1138]: (418.3318898076371,1)
[1139]: (416.4895884945578,1)
[1140]: (420.135193249526,1)
[1141]: (418.1563224428247,1)
[1142]: (420.1874200259684,1)
[1143]: (419.4410058223641,1)
[1144]: (419.2723403508637,1)
[1145]: (420.3539167159806,1)
[1146]: (417.3201484294518,1)
[1147]: (419.2801765198406,1)
[1148]: (419.2902253787909,1)
[1149]: (418.4456550151279,1)
[1150]: (417.2981027411911,1)
[1151]: (420.3992562346654,1)
[1152]: (418.7019186909885,1)
[1153]: (418.9061761644396,1)
[1154]: (416.1566677968619,1)
[1155]: (416.702346842416,1)
[1156]: (423.3980528054354,1)
[1157]: (418.1560215498042,1)
[1158]: (418.3839876406149,1)
[1159]: (421.4630524383832,1)
[1160]: (417.9773061350377,1)
[1161]: (418.3829499503706,1)
[1162]: (417.2879867240088,1)
[1163]: (418.0030997651992,1)
[1164]: (416.3919079689936,1)
[1165]: (418.1259231733451,1)
[1166]: (417.9137721653527,1)
[1167]: (417.1883785001495,1)
[1168]: (417.8382967813987,1)
[1169]: (417.2075625290144,1)
[1170]: (418.7552975611052,1)
[1171]: (419.1861081010677,1)
[1172]: (417.4854848254109,1)
[1173]: (418.5927796595806,1)
[1174]: (417.9560157324283,1)
[1175]: (419.1982210964944,1)
[1176]: (417.5179508364639,1)
[1177]: (418.0080899741681,1)
[1178]: (418.6190317659596,1)
[1179]: (416.1785176172341,1)
[1180]: (417.3647108646956,1)
[1181]: (418.3672167437743,1)
[1182]: (418.0680427469376,1)
[1183]: (417.535295609756,1)
[1184]: (419.1384650499164,1)
[1185]: (417.2151097643257,1)
[1186]: (419.3200356959142,1)
[1187]: (418.668929891045,1)
[1188]: (420.8995735585859,1)
[1189]: (417.3916363420301,1)
[1190]: (420.1041749263168,1)
[1191]: (422.2043999266086,1)
[1192]: (417.2136439271137,1)
[1193]: (419.1103932357783,1)
[1194]: (416.0524216223647,1)
[1195]: (420.3131928484048,1)
[1196]: (418.3535851523199,1)
[1197]: (418.4907473077267,1)
[1198]: (417.1498087109468,1)
[1199]: (417.5389057422397,1)
[1200]: (418.0582057781585,1)
[1201]: (416.2641019826398,1)
[1202]: (420.1251549397618,1)
[1203]: (420.2345742956666,1)
[1204]: (418.0038017963567,1)
[1205]: (417.2064329991773,1)
[1206]: (418.9795525065216,1)
[1207]: (418.5209307245822,1)
[1208]: (418.1313305656863,1)
[1209]: (418.0230696266171,1)
[1210]: (421.7014743241415,1)
[1211]: (418.2916758722895,1)
[1212]: (417.406091913732,1)
[1213]: (419.0243156573878,1)
[1214]: (419.2919805535078,1)
[1215]: (420.3848089327703,1)
[1216]: (416.4154219325875,1)
[1217]: (418.3330487185205,1)
[1218]: (417.6426825810058,1)
[1219]: (418.1698665046221,1)
[1220]: (419.8117287798299,1)
[1221]: (417.2861584807526,1)
[1222]: (418.7293344231683,1)
[1223]: (418.2569202367626,1)
[1224]: (416.4743319835331,1)
[1225]: (418.3560274567489,1)
[1226]: (419.0678769749968,1)
[1227]: (419.0984202559623,1)
[1228]: (418.1760900735013,1)
[1229]: (417.0408574535043,1)
[1230]: (417.5037875034997,1)
[1231]: (419.2020487500371,1)
[1232]: (418.8465474300737,1)
[1233]: (421.6789805021381,1)
[1234]: (418.5015807132431,1)
[1235]: (419.3614738497105,1)
[1236]: (420.0623174165889,1)
[1237]: (417.8435996018368,1)
[1238]: (417.6739723053227,1)
[1239]: (417.3745721806172,1)
[1240]: (419.1124762684101,1)
[1241]: (418.3085398085443,1)
[1242]: (417.2542793420246,1)
[1243]: (419.6843843926838,1)
[1244]: (418.0629165429917,1)
[1245]: (418.0652234356604,1)
[1246]: (418.574823450771,1)
[1247]: (418.2979400634595,1)
[1248]: (417.2702852530787,1)
[1249]: (418.09499472071,1)
[1250]: (417.4844051649202,1)
[1251]: (416.3328319641564,1)
[1252]: (418.5648411099564,1)
[1253]: (417.0082495216249,1)
[1254]: (418.0537945430446,1)
[1255]: (417.5102512557661,1)
[1256]: (418.4436704047553,1)
[1257]: (419.0040113580204,1)
[1258]: (419.0503537727057,1)
[1259]: (418.3824137841701,1)
[1260]: (417.0819653867198,1)
[1261]: (418.1580687731732,1)
[1262]: (417.1442352550778,1)
[1263]: (417.0059508160289,1)
[1264]: (418.029415853724,1)
[1265]: (419.1560300357241,1)
[1266]: (419.0868579523446,1)
[1267]: (418.4653417433652,1)
[1268]: (417.7044927022871,1)
[1269]: (419.3029571253853,1)
[1270]: (418.9848570768065,1)
[1271]: (418.6751573043204,1)
[1272]: (420.0363346405943,1)
[1273]: (416.6270583197133,1)
[1274]: (417.0544721308231,1)
[1275]: (416.6039967602446,1)
[1276]: (421.2783354077881,1)
[1277]: (418.6675357323439,1)
[1278]: (419.256063003644,1)
[1279]: (417.3147598022069,1)
[1280]: (420.0043501546883,1)
[1281]: (421.1576376821935,1)
[1282]: (418.19766890278,1)
[1283]: (418.2939469278363,1)
[1284]: (416.8473730973278,1)
[1285]: (419.2377306453069,1)
[1286]: (418.5678309182904,1)
[1287]: (417.8009684865476,1)
[1288]: (422.4944214923232,1)
[1289]: (418.4461692199633,1)
[1290]: (419.1612719152952,1)
[1291]: (417.916271327467,1)
[1292]: (418.3238331552641,1)
[1293]: (418.101397055108,1)
[1294]: (418.0675460899715,1)
[1295]: (417.0086881408859,1)
[1296]: (419.4402572838763,1)
[1297]: (418.5860090867777,1)
[1298]: (418.4768507867814,1)
[1299]: (417.3833490467849,1)
[1300]: (418.0737758288132,1)
[1301]: (419.8793025344669,1)
[1302]: (419.1175436175342,1)
[1303]: (419.3392415394444,1)
[1304]: (417.2866402233053,1)
[1305]: (418.1274428728501,1)
[1306]: (418.0833463115323,1)
[1307]: (417.4905035472846,1)
[1308]: (417.0439732854797,1)
[1309]: (416.5217044215664,1)
[1310]: (417.3522124428738,1)
[1311]: (417.3886697657017,1)
[1312]: (418.2360084741113,1)
[1313]: (418.0572503004656,1)
[1314]: (418.4493954411053,1)
[1315]: (416.8629536281433,1)
[1316]: (418.2436060114909,1)
[1317]: (417.0419088952833,1)
[1318]: (419.1110091804827,1)
[1319]: (419.1334952712072,1)
[1320]: (417.1052232144411,1)
[1321]: (417.2450244349653,1)
[1322]: (418.0115817109814,1)
[1323]: (417.4441847366635,1)
[1324]: (418.6365041223408,1)
[1325]: (419.4445914271723,1)
[1326]: (426.2407313137031,1)
[1327]: (420.4662704300695,1)
[1328]: (417.0067971917172,1)
[1329]: (417.0424061662917,1)
[1330]: (417.2908444984631,1)
[1331]: (418.0729938753563,1)
[1332]: (419.8597453425885,1)
[1333]: (420.0124645966105,1)
[1334]: (420.2585390216,1)
[1335]: (422.5105993805579,1)
[1336]: (417.4999099382617,1)
[1337]: (421.0408985395329,1)
[1338]: (419.1317252233132,1)
[1339]: (422.3312825242721,1)
[1340]: (424.1213356868069,1)
[1341]: (418.3802703611869,1)
[1342]: (417.3262346055979,1)
[1343]: (422.0535446838869,1)
[1344]: (417.0143047480698,1)
[1345]: (419.3900819491334,1)
[1346]: (417.0321394987183,1)
[1347]: (417.1141654220557,1)
[1348]: (422.1911416715683,1)
[1349]: (418.0303847732747,1)
[1350]: (419.5261165641307,1)
[1351]: (418.2356691392336,1)
[1352]: (419.1631659201577,1)
[1353]: (417.2065308505292,1)
[1354]: (419.3349990379149,1)
[1355]: (418.0096880346057,1)
[1356]: (420.1938714174286,1)
[1357]: (417.7140550334221,1)
[1358]: (418.5422706899301,1)
[1359]: (419.094004882975,1)
[1360]: (419.2164956917664,1)
[1361]: (419.1361746188119,1)
[1362]: (418.1833519955472,1)
[1363]: (423.0603257523609,1)
[1364]: (417.4153820285034,1)
[1365]: (418.0377019744269,1)
[1366]: (418.066814162256,1)
[1367]: (419.9036100615827,1)
[1368]: (418.6773913366435,1)
[1369]: (417.3984812577895,1)
[1370]: (417.2026433705128,1)
[1371]: (417.0218924024957,1)
[1372]: (418.0491625377327,1)
[1373]: (422.0614592876852,1)
[1374]: (419.2074078420331,1)
[1375]: (418.1794550740396,1)
[1376]: (420.3945613431279,1)
[1377]: (419.2145416579521,1)
[1378]: (419.3079267484174,1)
[1379]: (417.2072123834705,1)
[1380]: (424.6212251306503,1)
[1381]: (418.0621298988547,1)
[1382]: (418.0960161472458,1)
[1383]: (417.0154521019716,1)
[1384]: (419.2686412506986,1)
[1385]: (420.6171051692763,1)
[1386]: (419.2168994256709,1)
[1387]: (416.282833014008,1)
[1388]: (420.0432450001639,1)
[1389]: (418.0598467470768,1)
[1390]: (419.0719551561997,1)
[1391]: (418.3991748153812,1)
[1392]: (418.0873810367581,1)
[1393]: (418.9497009560798,1)
[1394]: (420.6354729699844,1)
[1395]: (418.4097017235315,1)
[1396]: (416.2681756734509,1)
[1397]: (417.0237034164463,1)
[1398]: (418.9172679877342,1)
[1399]: (419.109794194938,1)
[1400]: (417.7950350287496,1)
[1401]: (419.0452956075003,1)
[1402]: (419.4024149302501,1)
[1403]: (417.2239294460369,1)
[1404]: (417.8485508582556,1)
[1405]: (421.239185814288,1)
[1406]: (423.22310264426,1)
[1407]: (416.8647950873955,1)
[1408]: (419.2485389598422,1)
[1409]: (419.108757664735,1)
[1410]: (419.1209356062128,1)
[1411]: (416.3323156449533,1)
[1412]: (418.0267779576987,1)
[1413]: (417.0076919383588,1)
[1414]: (419.1540131468515,1)
[1415]: (420.1728210085075,1)
[1416]: (419.3468470236788,1)
[1417]: (417.1284191881349,1)
[1418]: (417.5872712756778,1)
[1419]: (417.2333521784966,1)
[1420]: (418.4641037570919,1)
[1421]: (417.8203350688594,1)
[1422]: (418.4796219240048,1)
[1423]: (418.7393973965305,1)
[1424]: (419.011182561587,1)
[1425]: (419.641082511806,1)
[1426]: (419.4952634889244,1)
[1427]: (420.4854122626871,1)
[1428]: (420.9036546739856,1)
[1429]: (416.1818549690603,1)
[1430]: (418.3891751643175,1)
[1431]: (417.2316607052345,1)
[1432]: (419.4339114977503,1)
[1433]: (417.3664140031736,1)
[1434]: (423.0045235932262,1)
[1435]: (419.2793298541487,1)
[1436]: (418.4365977039399,1)
[1437]: (417.4667053200142,1)
[1438]: (420.7406101598178,1)
[1439]: (420.7802225760734,1)
[1440]: (417.0106110112611,1)
[1441]: (417.0398715790674,1)
[1442]: (417.7124903621421,1)
[1443]: (417.2155378855737,1)
[1444]: (418.6772518487732,1)
[1445]: (418.0990386123073,1)
[1446]: (421.2720963963536,1)
[1447]: (418.2909323446135,1)
[1448]: (417.3860507140129,1)
[1449]: (422.119371845468,1)
[1450]: (420.5931876907035,1)
[1451]: (416.4314021850355,1)
[1452]: (417.263557997569,1)
[1453]: (425.1295351324779,1)
[1454]: (418.1115046303014,1)
[1455]: (420.4125824699592,1)
[1456]: (420.5758252923266,1)
[1457]: (420.4458156055002,1)
[1458]: (418.6989367531074,1)
[1459]: (417.0599720381853,1)
[1460]: (418.2701574064859,1)
[1461]: (417.2861153220076,1)
[1462]: (419.1982511675736,1)
[1463]: (417.1880858067273,1)
[1464]: (421.3643387795196,1)
[1465]: (421.9964641702154,1)
[1466]: (417.1050382857544,1)
[1467]: (418.1700322926981,1)
[1468]: (418.5940902873597,1)
[1469]: (418.0407292634664,1)
[1470]: (419.2788610239242,1)
[1471]: (418.1583524411743,1)
[1472]: (416.247549578059,1)
[1473]: (417.938761608495,1)
[1474]: (419.6571635983744,1)
[1475]: (418.4277989229339,1)
[1476]: (418.2539749080212,1)
[1477]: (417.3061562288851,1)
[1478]: (419.0679310106001,1)
[1479]: (418.4142610766395,1)
[1480]: (421.6373973094354,1)
[1481]: (418.116337203791,1)
[1482]: (419.0111583189654,1)
[1483]: (417.8321102800994,1)
[1484]: (420.0747168583549,1)
[1485]: (417.5714034936623,1)
[1486]: (419.0177432585349,1)
[1487]: (418.2610150087493,1)
[1488]: (417.3267033319353,1)
[1489]: (420.1173241380253,1)
[1490]: (418.1000515565705,1)
[1491]: (419.2160819745924,1)
[1492]: (418.1518354365446,1)
[1493]: (420.17418474423,1)
[1494]: (418.8301626352023,1)
[1495]: (418.5468398215709,1)
[1496]: (417.6721323333346,1)
[1497]: (417.2501999723521,1)
[1498]: (421.3348755460213,1)
[1499]: (417.666758999573,1)
[1500]: (418.0352771524152,1)
[1501]: (420.260228201902,1)
[1502]: (417.3138541686103,1)
[1503]: (417.2775360567938,1)
[1504]: (417.0809447396406,1)
[1505]: (420.19452440793,1)
[1506]: (421.6345267339217,1)
[1507]: (417.0182583095876,1)
[1508]: (418.2972290953986,1)
[1509]: (416.5454991945977,1)
[1510]: (416.4464776998998,1)
[1511]: (418.6236852271161,1)
[1512]: (416.4910125251783,1)
[1513]: (417.4156924904552,1)
[1514]: (421.150010782799,1)
[1515]: (419.3789978178108,1)
[1516]: (416.2861359721657,1)
[1517]: (417.0134971503844,1)
[1518]: (417.1579837813823,1)
[1519]: (417.7986508965595,1)
[1520]: (421.0032843090628,1)
[1521]: (419.0000021799506,1)
[1522]: (417.8055730044152,1)
[1523]: (417.6827785078067,1)
[1524]: (417.1851024973081,1)
[1525]: (416.2705350006649,1)
[1526]: (423.0989786785224,1)
[1527]: (418.2575417010999,1)
[1528]: (417.7511099261155,1)
[1529]: (417.5687848551969,1)
[1530]: (419.3677994214902,1)
[1531]: (418.0588493502669,1)
[1532]: (418.3452135274591,1)
[1533]: (421.1383089772245,1)
[1534]: (421.2512797674723,1)
[1535]: (418.0890582395377,1)
[1536]: (417.3071272199822,1)
[1537]: (418.5959994752453,1)
[1538]: (417.0724817064398,1)
[1539]: (421.5269381853739,1)
[1540]: (420.5527442853772,1)
[1541]: (419.3287266990569,1)
[1542]: (418.1060327032196,1)
[1543]: (420.1959969974141,1)
[1544]: (417.4490828934801,1)
[1545]: (417.0266710658558,1)
[1546]: (421.4705727962239,1)
[1547]: (418.257497724878,1)
[1548]: (417.3668793135007,1)
[1549]: (417.8211292078051,1)
[1550]: (417.49675193443,1)
[1551]: (419.3243038652465,1)
[1552]: (418.0893433145358,1)
[1553]: (417.4610486909144,1)
[1554]: (417.2633818041874,1)
[1555]: (416.326523205633,1)
[1556]: (419.1508123883973,1)
[1557]: (417.203745083021,1)
[1558]: (416.2331720634632,1)
[1559]: (416.3207928360818,1)
[1560]: (418.1067922353768,1)
[1561]: (419.1894750056831,1)
[1562]: (421.262712625702,1)
[1563]: (419.5621839345036,1)
[1564]: (419.5033489146684,1)
[1565]: (416.5904419991052,1)
[1566]: (419.306226774866,1)
[1567]: (417.0486419060441,1)
[1568]: (418.1594833649473,1)
[1569]: (421.1224048836765,1)
[1570]: (423.0561982637077,1)
[1571]: (419.9056756846138,1)
[1572]: (416.6723921667399,1)
[1573]: (418.3038722452833,1)
[1574]: (417.38216965443,1)
[1575]: (419.2438865484576,1)
[1576]: (418.8535792382791,1)
[1577]: (420.1278173658764,1)
[1578]: (417.2499513616027,1)
[1579]: (417.4565799112972,1)
[1580]: (418.1447434054901,1)
[1581]: (418.0784915846479,1)
[1582]: (418.5754745792617,1)
[1583]: (418.4297382476634,1)
[1584]: (416.1569516287414,1)
[1585]: (419.0030652304931,1)
[1586]: (417.2487793172369,1)
[1587]: (418.4766220099729,1)
[1588]: (417.3932542169484,1)
[1589]: (416.512070343886,1)
[1590]: (416.7125995805253,1)
[1591]: (417.2907723083196,1)
[1592]: (421.1377294358277,1)
[1593]: (422.6914285667432,1)
[1594]: (417.452240335089,1)
[1595]: (418.8199127374547,1)
[1596]: (418.6221697662277,1)
[1597]: (420.3238058215456,1)
[1598]: (416.5860976184692,1)
[1599]: (420.5058252042919,1)
[1600]: (418.6300627531793,1)
[1601]: (417.0924977158958,1)
[1602]: (417.5758763707191,1)
[1603]: (419.1819797297165,1)
[1604]: (418.3809929633405,1)
[1605]: (417.5022535863238,1)
[1606]: (418.3695051327983,1)
[1607]: (417.035740317125,1)
[1608]: (416.2462065458088,1)
[1609]: (417.2943634983707,1)
[1610]: (419.3756887848743,1)
[1611]: (417.3051900728263,1)
[1612]: (420.0607411584516,1)
[1613]: (418.1977120494252,1)
[1614]: (419.1348305069406,1)
[1615]: (420.1124525602836,1)
[1616]: (416.383855992442,1)
[1617]: (420.1616105320917,1)
[1618]: (416.3865823141634,1)
[1619]: (417.6750932454089,1)
[1620]: (417.5683827547924,1)
[1621]: (418.5810634533199,1)
[1622]: (418.4754384954888,1)
[1623]: (417.0515946248169,1)
[1624]: (418.440628215447,1)
[1625]: (417.0088486708647,1)
[1626]: (419.207777323856,1)
[1627]: (417.3392799573328,1)
[1628]: (418.5082526910905,1)
[1629]: (418.3170022218272,1)
[1630]: (417.1650555047044,1)
[1631]: (418.0049066462281,1)
[1632]: (418.1127411158266,1)
[1633]: (417.2409303837106,1)
[1634]: (416.6736053301259,1)
[1635]: (417.4147650645826,1)
[1636]: (419.0142454998421,1)
[1637]: (417.1035840383561,1)
[1638]: (417.3942747395309,1)
[1639]: (417.214486372682,1)
[1640]: (418.2425018023472,1)
[1641]: (418.8955433196818,1)
[1642]: (417.4789568283441,1)
[1643]: (420.660725546713,1)
[1644]: (417.1505654965579,1)
[1645]: (419.4680292379564,1)
[1646]: (418.1836185683427,1)
[1647]: (418.147253294208,1)
[1648]: (418.1612330322855,1)
[1649]: (417.3550642149555,1)
[1650]: (422.3972549627279,1)
[1651]: (420.2412049487909,1)
[1652]: (418.059663927042,1)
[1653]: (420.0589268322609,1)
[1654]: (417.2208197875631,1)
[1655]: (418.7094157981696,1)
[1656]: (417.6792476656206,1)
[1657]: (421.0569483212948,1)
[1658]: (417.2086440719714,1)
[1659]: (418.7180425360566,1)
[1660]: (417.6923363937434,1)
[1661]: (418.091032370707,1)
[1662]: (416.6268823208566,1)
[1663]: (419.7610097164141,1)
[1664]: (417.5825862167204,1)
[1665]: (418.5813311760069,1)
[1666]: (419.3488687560586,1)
[1667]: (422.3559193543653,1)
[1668]: (417.3814928017886,1)
[1669]: (419.3029304695195,1)
[1670]: (418.7468747369242,1)
[1671]: (419.0440492560832,1)
[1672]: (419.1087924781687,1)
[1673]: (421.0658161418004,1)
[1674]: (417.3174045444144,1)
[1675]: (420.8455502363858,1)
[1676]: (419.3408980103026,1)
[1677]: (418.1877115284985,1)
[1678]: (418.1487112056576,1)
[1679]: (418.183442458703,1)
[1680]: (417.4477708379316,1)
[1681]: (420.4586266186412,1)
[1682]: (419.9555249790445,1)
[1683]: (418.4159731026722,1)
[1684]: (417.5706967807485,1)
[1685]: (416.0692589161389,1)
[1686]: (419.2291585128485,1)
[1687]: (420.0411557637949,1)
[1688]: (419.1613809582611,1)
[1689]: (417.409867382446,1)
[1690]: (418.0380870010103,1)
[1691]: (418.5715089050195,1)
[1692]: (418.514909715417,1)
[1693]: (419.1546068523546,1)
[1694]: (417.0596810164401,1)
[1695]: (419.6278870682405,1)
[1696]: (417.4725534816631,1)
[1697]: (419.6215637304258,1)
[1698]: (421.1534363627347,1)
[1699]: (417.2625528798548,1)
[1700]: (420.3029226032524,1)
[1701]: (420.7478871704664,1)
[1702]: (418.0711867672011,1)
[1703]: (418.6649189097342,1)
[1704]: (416.7732030814376,1)
[1705]: (418.2309286858355,1)
[1706]: (417.1702186346872,1)
[1707]: (417.0132227032871,1)
[1708]: (417.8027983954814,1)
[1709]: (419.9966787493096,1)
[1710]: (418.231934353023,1)
[1711]: (419.5631751935059,1)
[1712]: (419.1253141449482,1)
[1713]: (418.9293587794469,1)
[1714]: (419.4579961076893,1)
[1715]: (417.6154356960838,1)
[1716]: (418.1761213102675,1)
[1717]: (417.6337420424917,1)
[1718]: (417.0545035820202,1)
[1719]: (420.0658060324569,1)
[1720]: (418.1148286037695,1)
[1721]: (418.5735226196951,1)
[1722]: (416.1248444243276,1)
[1723]: (417.0604044352752,1)
[1724]: (419.0107604369278,1)
[1725]: (418.6095709706535,1)
[1726]: (416.5536694871852,1)
[1727]: (416.636466736265,1)
[1728]: (417.0026877484713,1)
[1729]: (417.0212062294549,1)
[1730]: (417.4098042058169,1)
[1731]: (417.1704055379852,1)
[1732]: (416.1589034243108,1)
[1733]: (419.0507380886554,1)
[1734]: (419.1659154780273,1)
[1735]: (421.112353767149,1)
[1736]: (419.0166937213884,1)
[1737]: (419.0803897508892,1)
[1738]: (421.4685783056194,1)
[1739]: (416.1396431659758,1)
[1740]: (419.1234533853905,1)
[1741]: (418.5145195372045,1)
[1742]: (417.1766407858292,1)
[1743]: (417.1215937617552,1)
[1744]: (417.0430905358173,1)
[1745]: (420.0034870110753,1)
[1746]: (417.3380820334277,1)
[1747]: (417.1334438622884,1)
[1748]: (418.0043365595235,1)
[1749]: (418.3941954648964,1)
[1750]: (419.0492624805484,1)
[1751]: (417.0467040286338,1)
[1752]: (418.6183780027442,1)
[1753]: (418.4000458819394,1)
[1754]: (417.3274679964724,1)
[1755]: (419.4448403195879,1)
[1756]: (423.4557051953047,1)
[1757]: (418.1422448869117,1)
[1758]: (418.4794349838567,1)
[1759]: (419.8885643411891,1)
[1760]: (418.7091233404453,1)
[1761]: (420.5700553507279,1)
[1762]: (419.203941587926,1)
[1763]: (416.6374514146747,1)
[1764]: (417.0689314903005,1)
[1765]: (419.5405190526705,1)
[1766]: (417.4702307180747,1)
[1767]: (420.2675187616143,1)
[1768]: (417.1331023260983,1)
[1769]: (419.2232649430144,1)
[1770]: (417.368064615951,1)
[1771]: (416.7669571169906,1)
[1772]: (418.0020707209574,1)
[1773]: (420.0579644182276,1)
[1774]: (418.437063312655,1)
[1775]: (418.0599511020658,1)
[1776]: (416.4419401391581,1)
[1777]: (418.6219122426219,1)
[1778]: (417.0122413027652,1)
[1779]: (418.218026550245,1)
[1780]: (418.2016227260049,1)
[1781]: (417.7709320056424,1)
[1782]: (420.5536611898243,1)
[1783]: (420.3761261610687,1)
[1784]: (418.0861994319077,1)
[1785]: (418.3007995628773,1)
[1786]: (417.6826684698427,1)
[1787]: (417.5507040578518,1)
[1788]: (420.1739036735775,1)
[1789]: (417.0612431126622,1)
[1790]: (418.1137987151544,1)
[1791]: (417.1070330517389,1)
[1792]: (420.3996869023857,1)
[1793]: (418.4734544274405,1)
[1794]: (419.1042101389314,1)
[1795]: (418.010195459512,1)
[1796]: (416.2407768691041,1)
[1797]: (417.745410689765,1)
[1798]: (417.5851460023773,1)
[1799]: (418.1181758820133,1)
[1800]: (418.0290508333367,1)
[1801]: (417.4102766028703,1)
[1802]: (418.1398532216065,1)
[1803]: (416.8561454638225,1)
[1804]: (419.1580097409827,1)
[1805]: (419.0981545540488,1)
[1806]: (418.5821013296284,1)
[1807]: (417.153773679686,1)
[1808]: (419.6353969185247,1)
[1809]: (417.2659739306566,1)
[1810]: (418.6918879438248,1)
[1811]: (416.7305643651907,1)
[1812]: (419.0480851655818,1)
[1813]: (419.5072602457719,1)
[1814]: (418.3206970286826,1)
[1815]: (418.1106336768784,1)
[1816]: (416.2074120263155,1)
[1817]: (419.0699159182112,1)
[1818]: (417.7625826900273,1)
[1819]: (418.1701401501644,1)
[1820]: (417.4948077864385,1)
[1821]: (421.117804364996,1)
[1822]: (419.1143632070427,1)
[1823]: (419.2306946498429,1)
[1824]: (420.9065002388904,1)
[1825]: (417.1172612169087,1)
[1826]: (418.1833803341984,1)
[1827]: (417.242783830444,1)
[1828]: (417.9097434660286,1)
[1829]: (419.5733422987296,1)
[1830]: (418.4397587380325,1)
[1831]: (420.0944337253158,1)
[1832]: (417.3640721119628,1)
[1833]: (419.9627035722073,1)
[1834]: (419.1433748022786,1)
[1835]: (419.8022392587505,1)
[1836]: (417.287237339723,1)
[1837]: (417.1185331235354,1)
[1838]: (420.2239828664378,1)
[1839]: (418.005825881859,1)
[1840]: (417.4716766177798,1)
[1841]: (418.1012031624171,1)
[1842]: (418.0855789463632,1)
[1843]: (418.6338117572798,1)
[1844]: (421.8132095954074,1)
[1845]: (419.0454788049594,1)
[1846]: (420.0633323750364,1)
[1847]: (418.2811959133058,1)
[1848]: (421.6683330824389,1)
[1849]: (418.5603638333415,1)
[1850]: (418.1416657719931,1)
[1851]: (418.0313469686437,1)
[1852]: (417.6420917982491,1)
[1853]: (417.5330437679757,1)
[1854]: (422.3174118315688,1)
[1855]: (418.3408083698654,1)
[1856]: (416.2237255944016,1)
[1857]: (419.0122994206732,1)
[1858]: (416.1944993091811,1)
[1859]: (417.6676054494999,1)
[1860]: (417.6792257010474,1)
[1861]: (417.4886059596117,1)
[1862]: (418.8215842666523,1)
[1863]: (417.9735683148345,1)
[1864]: (418.0934843371646,1)
[1865]: (418.7192297402074,1)
[1866]: (420.0873620215321,1)
[1867]: (417.518271494932,1)
[1868]: (419.8238549830891,1)
[1869]: (424.5863677033432,1)
[1870]: (416.6028414437025,1)
[1871]: (417.4733557662307,1)
[1872]: (416.653077493812,1)
[1873]: (418.9692341584538,1)
[1874]: (416.2329261236811,1)
[1875]: (419.4389576674367,1)
[1876]: (419.22956215548,1)
[1877]: (419.4088006339962,1)
[1878]: (418.4649338486299,1)
[1879]: (417.0170197607695,1)
[1880]: (419.113576784759,1)
[1881]: (418.1496471665378,1)
[1882]: (417.4434193925899,1)
[1883]: (416.7810299757145,1)
[1884]: (417.5050635711975,1)
[1885]: (420.4600186296486,1)
[1886]: (417.0394013625054,1)
[1887]: (419.1831195095994,1)
[1888]: (419.3183034811781,1)
[1889]: (422.9355774118216,1)
[1890]: (418.0780446835188,1)
[1891]: (416.8129262909642,1)
[1892]: (421.5305975475822,1)
[1893]: (417.2188213305671,1)
[1894]: (421.7897332247451,1)
[1895]: (418.168009410395,1)
[1896]: (418.2081867099908,1)
[1897]: (418.4047722509521,1)
[1898]: (419.554386689721,1)
[1899]: (420.0057531846861,1)
[1900]: (417.646423781607,1)
[1901]: (416.5921310067985,1)
[1902]: (417.4419584056134,1)
[1903]: (421.0784717623896,1)
[1904]: (418.1496283915311,1)
[1905]: (417.4307302189452,1)
[1906]: (417.2145005444814,1)
[1907]: (418.0976570919031,1)
[1908]: (419.1360209662709,1)
[1909]: (417.5888933536067,1)
[1910]: (417.2820650588383,1)
[1911]: (417.2992915151736,1)
[1912]: (416.3452167155268,1)
[1913]: (418.8167478271453,1)
[1914]: (418.884931012821,1)
[1915]: (421.2834826468877,1)
[1916]: (417.5760643028289,1)
[1917]: (417.1920055181619,1)
[1918]: (419.1436687226275,1)
[1919]: (416.9019769796105,1)
[1920]: (421.6577251070984,1)
[1921]: (417.4924541290509,1)
[1922]: (421.307192017932,1)
[1923]: (418.5810526432936,1)
[1924]: (418.0773863972208,1)
[1925]: (421.5953231521684,1)
[1926]: (419.320055535755,1)
[1927]: (416.2236761521003,1)
[1928]: (418.0301218995267,1)
[1929]: (417.3340859902161,1)
[1930]: (419.6827382573875,1)
[1931]: (417.281325383138,1)
[1932]: (416.175119136904,1)
[1933]: (419.4518438111898,1)
[1934]: (418.8947102532131,1)
[1935]: (417.037868192187,1)
[1936]: (418.0749067434379,1)
[1937]: (420.2496861582522,1)
[1938]: (417.0539839513206,1)
[1939]: (417.2883509996689,1)
[1940]: (417.8505946677715,1)
[1941]: (417.061935909105,1)
[1942]: (420.9390122637852,1)
[1943]: (416.6873875894833,1)
[1944]: (418.2536143946915,1)
[1945]: (418.0402534227927,1)
[1946]: (419.4189977948699,1)
[1947]: (419.2921345076114,1)
[1948]: (418.0889542022338,1)
[1949]: (417.2956769177662,1)
[1950]: (417.1145574173847,1)
[1951]: (418.0751919891019,1)
[1952]: (418.1560570230859,1)
[1953]: (419.1386065641693,1)
[1954]: (422.1575699996794,1)
[1955]: (419.1097615415369,1)
[1956]: (416.6734884536975,1)
[1957]: (418.3526550515544,1)
[1958]: (416.3065336385243,1)
[1959]: (418.1530652972164,1)
[1960]: (418.0153202338564,1)
[1961]: (417.6004188760606,1)
[1962]: (418.114281024302,1)
[1963]: (417.0829917910814,1)
[1964]: (418.5114797647449,1)
[1965]: (417.8346239162573,1)
[1966]: (419.8990540638071,1)
[1967]: (418.0368630276132,1)
[1968]: (421.4117358401912,1)
[1969]: (417.5551260315185,1)
[1970]: (421.1480846948454,1)
[1971]: (419.1273890157897,1)
[1972]: (418.6347578359807,1)
[1973]: (416.3902655019813,1)
[1974]: (417.6204924412925,1)
[1975]: (418.6875523153647,1)
[1976]: (419.5913947874861,1)
[1977]: (418.1978855519737,1)
[1978]: (418.6210357583747,1)
[1979]: (417.8072290270325,1)
[1980]: (417.987777476854,1)
[1981]: (417.2765789060646,1)
[1982]: (417.1831302849745,1)
[1983]: (417.0166218850816,1)
[1984]: (417.7198463837824,1)
[1985]: (418.1179662852743,1)
[1986]: (418.1661134001387,1)
[1987]: (417.1330724387894,1)
[1988]: (418.2461375806153,1)
[1989]: (417.4685490740165,1)
[1990]: (418.1683928158278,1)
[1991]: (419.5229382124822,1)
[1992]: (417.914042274557,1)
[1993]: (419.2640292694433,1)
[1994]: (418.3412049417726,1)
[1995]: (418.2137355413453,1)
[1996]: (417.9029298206995,1)
[1997]: (419.0561898897409,1)
[1998]: (420.0494882055256,1)
[1999]: (421.3945745347293,1)
 -- States explored : 0 states
 -- CPU user time used : 1906600 ms
 -- Virtual memory used : 44699872 KiB
 -- Resident memory used : 44659928 KiB
executionTime: 12423
