core file size          (blocks, -c) unlimited
data seg size           (kbytes, -d) unlimited
scheduling priority             (-e) 0
file size               (blocks, -f) unlimited
pending signals                 (-i) 4077086
max locked memory       (kbytes, -l) 64
max memory size         (kbytes, -m) 133169152
open files                      (-n) 4096
pipe size            (512 bytes, -p) 8
POSIX message queues     (bytes, -q) 819200
real-time priority              (-r) 0
stack size              (kbytes, -s) 8192
cpu time               (seconds, -t) unlimited
max user processes              (-u) 4077086
virtual memory          (kbytes, -v) 127000000
file locks                      (-x) unlimited
Options for the verification:
  Generating some trace
  Search order is random depth first
  Using conservative space optimisation
  Seed is 1557156099
  State space representation uses minimal constraint systems
  Using HashMap + Compress integers for discrete state storage

Verifying formula 1 at ../queries/SP_300_9_2.q:1
 -- Formula is satisfied.
(9000 runs)
Learning statistics for best strategy: 
	Number of resets: 0
	Number of iterations in last reset: 9
	Number of iterations in total: 9

 -- States explored : 0 states
 -- CPU user time used : 3926010 ms
 -- Virtual memory used : 38567540 KiB
 -- Resident memory used : 38529180 KiB

Verifying formula 2 at ../queries/SP_300_9_2.q:2
 -- Formula is satisfied.
Composer.Done:
[0]: (0,0) (1573.049247366907,1)
[1]: (1565.289216274063,1)
[2]: (1577.012686349125,1)
[3]: (1561.046911902526,1)
[4]: (1580.53185034392,1)
[5]: (1571.017529591271,1)
[6]: (1572.00687483685,1)
[7]: (1564.063342195648,1)
[8]: (1567.120350774246,1)
[9]: (1565.160598308528,1)
[10]: (1571.134191425102,1)
[11]: (1563.014600883519,1)
[12]: (1577.107042690397,1)
[13]: (1562.67793178637,1)
[14]: (1570.139837666092,1)
[15]: (1562.192211558614,1)
[16]: (1560.201481338806,1)
[17]: (1566.451562715898,1)
[18]: (1571.430148326448,1)
[19]: (1569.153842636467,1)
[20]: (1561.075014127744,1)
[21]: (1570.268576634659,1)
[22]: (1567.305302038983,1)
[23]: (1567.137354905069,1)
[24]: (1576.259579733061,1)
[25]: (1571.402028223709,1)
[26]: (1583.0143003415,1)
[27]: (1566.105932578191,1)
[28]: (1566.121093429983,1)
[29]: (1568.286385284524,1)
[30]: (1567.119688175738,1)
[31]: (1560.194047062063,1)
[32]: (1573.139519574538,1)
[33]: (1561.973300910606,1)
[34]: (1570.068434015046,1)
[35]: (1564.170675395008,1)
[36]: (1566.398254121851,1)
[37]: (1562.329945980168,1)
[38]: (1561.409084971818,1)
[39]: (1561.21600107717,1)
[40]: (1564.085473125024,1)
[41]: (1561.781131670843,1)
[42]: (1569.078925452841,1)
[43]: (1567.53727101343,1)
[44]: (1559.665158524034,1)
[45]: (1564.18462430759,1)
[46]: (1562.806923895211,1)
[47]: (1567.127309765583,1)
[48]: (1559.74683561176,1)
[49]: (1562.114673555424,1)
[50]: (1566.00388093982,1)
[51]: (1562.219182998068,1)
[52]: (1559.056526717932,1)
[53]: (1564.244951632229,1)
[54]: (1577.000008890464,1)
[55]: (1567.116353805915,1)
[56]: (1562.183843651211,1)
[57]: (1564.257844269897,1)
[58]: (1561.121225983081,1)
[59]: (1564.673032872863,1)
[60]: (1566.355272163604,1)
[61]: (1563.364707607225,1)
[62]: (1563.266262978518,1)
[63]: (1565.042817983159,1)
[64]: (1572.896076712767,1)
[65]: (1559.409894157767,1)
[66]: (1562.222223443382,1)
[67]: (1561.220995434958,1)
[68]: (1560.251917723799,1)
[69]: (1560.264850797146,1)
[70]: (1575.110769566582,1)
[71]: (1559.196797582949,1)
[72]: (1559.293623621868,1)
[73]: (1563.108195622494,1)
[74]: (1571.347625319339,1)
[75]: (1568.138573052391,1)
[76]: (1564.191904837303,1)
[77]: (1566.20631846451,1)
[78]: (1572.289507764117,1)
[79]: (1560.821802273108,1)
[80]: (1561.715798051494,1)
[81]: (1567.138712467103,1)
[82]: (1562.214862059329,1)
[83]: (1572.135381396833,1)
[84]: (1563.067105606091,1)
[85]: (1569.098326761901,1)
[86]: (1568.626287526796,1)
[87]: (1559.060541727161,1)
[88]: (1563.205053995352,1)
[89]: (1573.355047536459,1)
[90]: (1565.417261356188,1)
[91]: (1565.137488855727,1)
[92]: (1560.017019381182,1)
[93]: (1562.340983767958,1)
[94]: (1563.129895438188,1)
[95]: (1569.025365655456,1)
[96]: (1562.292833720511,1)
[97]: (1564.212268867425,1)
[98]: (1561.427089584168,1)
[99]: (1569.968795546177,1)
[100]: (1563.951774971999,1)
[101]: (1564.025226443549,1)
[102]: (1568.071307785575,1)
[103]: (1561.04951279147,1)
[104]: (1568.166740014942,1)
[105]: (1570.030655780564,1)
[106]: (1570.654194112733,1)
[107]: (1568.268792748593,1)
[108]: (1561.341236848389,1)
[109]: (1560.038494724973,1)
[110]: (1572.024215422373,1)
[111]: (1577.513034294645,1)
[112]: (1570.585523075751,1)
[113]: (1574.538650884575,1)
[114]: (1564.948567976676,1)
[115]: (1576.309752467516,1)
[116]: (1582.25582286363,1)
[117]: (1564.376303915965,1)
[118]: (1571.395641324245,1)
[119]: (1568.305191578892,1)
[120]: (1565.020091454712,1)
[121]: (1566.2925004004,1)
[122]: (1559.64563337314,1)
[123]: (1572.44169452302,1)
[124]: (1562.04363559435,1)
[125]: (1562.263708943705,1)
[126]: (1560.180172904572,1)
[127]: (1563.096619121692,1)
[128]: (1562.299814915704,1)
[129]: (1564.308163037494,1)
[130]: (1564.216667348745,1)
[131]: (1571.528946191669,1)
[132]: (1564.269119743588,1)
[133]: (1563.13848931745,1)
[134]: (1571.247166731791,1)
[135]: (1569.214438056498,1)
[136]: (1560.281158221001,1)
[137]: (1574.236108812322,1)
[138]: (1560.00458389958,1)
[139]: (1562.441522041576,1)
[140]: (1576.144627166902,1)
[141]: (1565.32858640755,1)
[142]: (1573.15573170736,1)
[143]: (1560.149572928408,1)
[144]: (1573.055522312491,1)
[145]: (1562.049723923554,1)
[146]: (1564.119189923222,1)
[147]: (1561.318693895945,1)
[148]: (1562.06875925207,1)
[149]: (1565.175884640871,1)
[150]: (1563.420078273763,1)
[151]: (1567.485975814115,1)
[152]: (1564.226456724814,1)
[153]: (1560.165354580756,1)
[154]: (1562.699901441508,1)
[155]: (1568.400447226789,1)
[156]: (1570.213496661873,1)
[157]: (1561.247556513338,1)
[158]: (1570.082613160601,1)
[159]: (1559.146454782631,1)
[160]: (1560.026332274185,1)
[161]: (1568.233064859327,1)
[162]: (1567.326896847571,1)
[163]: (1561.365837620602,1)
[164]: (1568.12656933664,1)
[165]: (1560.798855416254,1)
[166]: (1568.040897274711,1)
[167]: (1561.074598221581,1)
[168]: (1563.864546813904,1)
[169]: (1565.002023726625,1)
[170]: (1574.484461598556,1)
[171]: (1569.241395285812,1)
[172]: (1570.311035533932,1)
[173]: (1562.096877633014,1)
[174]: (1570.012981732382,1)
[175]: (1567.255035350326,1)
[176]: (1561.385533983728,1)
[177]: (1564.15082503344,1)
[178]: (1562.182825453207,1)
[179]: (1573.241222355249,1)
[180]: (1567.688140113408,1)
[181]: (1566.274003864109,1)
[182]: (1561.04767397412,1)
[183]: (1572.244972223166,1)
[184]: (1563.555514189276,1)
[185]: (1566.129040569139,1)
[186]: (1582.459254371193,1)
[187]: (1570.56191272641,1)
[188]: (1573.167193760726,1)
[189]: (1561.291023821639,1)
[190]: (1569.190278656713,1)
[191]: (1567.129925138483,1)
[192]: (1575.750704599724,1)
[193]: (1570.13415908275,1)
[194]: (1561.166364877398,1)
[195]: (1561.151527388392,1)
[196]: (1566.046086134148,1)
[197]: (1563.520302857141,1)
[198]: (1566.514108293403,1)
[199]: (1574.14922121001,1)
[200]: (1569.123138621737,1)
[201]: (1566.154275726776,1)
[202]: (1579.345053446669,1)
[203]: (1562.342694933468,1)
[204]: (1573.099136068643,1)
[205]: (1572.555102667063,1)
[206]: (1568.05029307143,1)
[207]: (1571.202682197427,1)
[208]: (1564.493075544399,1)
[209]: (1563.35180140717,1)
[210]: (1561.075120545246,1)
[211]: (1560.2203878501,1)
[212]: (1560.04016232171,1)
[213]: (1566.10330746649,1)
[214]: (1561.235084432284,1)
[215]: (1566.431309892703,1)
[216]: (1561.124847391579,1)
[217]: (1571.103237206628,1)
[218]: (1564.176028632812,1)
[219]: (1574.013733746678,1)
[220]: (1563.570229745369,1)
[221]: (1562.098602467031,1)
[222]: (1564.059822852319,1)
[223]: (1562.070340245803,1)
[224]: (1565.447204527102,1)
[225]: (1572.353134401238,1)
[226]: (1580.1990702595,1)
[227]: (1570.095870366841,1)
[228]: (1572.240805709471,1)
[229]: (1566.265285005319,1)
[230]: (1571.19583764946,1)
[231]: (1572.126127437824,1)
[232]: (1560.480262978199,1)
[233]: (1568.08493847885,1)
[234]: (1568.339341929028,1)
[235]: (1561.033247162663,1)
[236]: (1561.348071962211,1)
[237]: (1568.070721917581,1)
[238]: (1569.418336494749,1)
[239]: (1571.30725140685,1)
[240]: (1571.567486057012,1)
[241]: (1563.108098618912,1)
[242]: (1580.825772453293,1)
[243]: (1576.239256981137,1)
[244]: (1563.288991272219,1)
[245]: (1567.152892298479,1)
[246]: (1566.046419467574,1)
[247]: (1570.013550907896,1)
[248]: (1564.134017082824,1)
[249]: (1566.749246154164,1)
[250]: (1565.011812211477,1)
[251]: (1570.792673256032,1)
[252]: (1563.10749476251,1)
[253]: (1569.609074172185,1)
[254]: (1564.738801064762,1)
[255]: (1565.17880074747,1)
[256]: (1563.389905541192,1)
[257]: (1569.696592085464,1)
[258]: (1564.311874200057,1)
[259]: (1566.026686435392,1)
[260]: (1569.191023409567,1)
[261]: (1560.702719652203,1)
[262]: (1572.156132602549,1)
[263]: (1566.080461146436,1)
[264]: (1563.087399565222,1)
[265]: (1566.247446501232,1)
[266]: (1564.140918530505,1)
[267]: (1572.569684353776,1)
[268]: (1563.031681291236,1)
[269]: (1563.08414991028,1)
[270]: (1559.120557767271,1)
[271]: (1563.134035364728,1)
[272]: (1567.112554237566,1)
[273]: (1570.312675736888,1)
[274]: (1567.276434652097,1)
[275]: (1567.138946905908,1)
[276]: (1561.25731685882,1)
[277]: (1562.65626915599,1)
[278]: (1572.036688752758,1)
[279]: (1569.550350088467,1)
[280]: (1565.460070483246,1)
[281]: (1575.619184601877,1)
[282]: (1566.359014477159,1)
[283]: (1561.293105620154,1)
[284]: (1559.513718450235,1)
[285]: (1563.442342845434,1)
[286]: (1566.142051384622,1)
[287]: (1572.316667001136,1)
[288]: (1579.756299470485,1)
[289]: (1568.798231243858,1)
[290]: (1569.164921278285,1)
[291]: (1570.012241322112,1)
[292]: (1565.02790390013,1)
[293]: (1562.007127103049,1)
[294]: (1565.607214131292,1)
[295]: (1568.801056762407,1)
[296]: (1565.307730943801,1)
[297]: (1572.412225649272,1)
[298]: (1560.924083807972,1)
[299]: (1561.01982298297,1)
[300]: (1562.03415722772,1)
[301]: (1566.158942668536,1)
[302]: (1564.198307451217,1)
[303]: (1574.05213352852,1)
[304]: (1562.273531106317,1)
[305]: (1563.54742917042,1)
[306]: (1570.563965363245,1)
[307]: (1570.913391169466,1)
[308]: (1575.520009273572,1)
[309]: (1560.20122405888,1)
[310]: (1575.462721350073,1)
[311]: (1565.687705760684,1)
[312]: (1566.503144503021,1)
[313]: (1566.104094114236,1)
[314]: (1565.082582806629,1)
[315]: (1559.001433541879,1)
[316]: (1577.245191679373,1)
[317]: (1573.019171202252,1)
[318]: (1562.169681025618,1)
[319]: (1567.251596067658,1)
[320]: (1571.642426127717,1)
[321]: (1565.028983601984,1)
[322]: (1564.351206879885,1)
[323]: (1579.110526828723,1)
[324]: (1580.321444017947,1)
[325]: (1567.258802342011,1)
[326]: (1564.309996325118,1)
[327]: (1559.008251190269,1)
[328]: (1570.01263353963,1)
[329]: (1563.210753100293,1)
[330]: (1560.003118203063,1)
[331]: (1560.109762678188,1)
[332]: (1561.509957656297,1)
[333]: (1570.457361694488,1)
[334]: (1580.544826979226,1)
[335]: (1577.02295316993,1)
[336]: (1570.338806706498,1)
[337]: (1564.675745783752,1)
[338]: (1569.090215553327,1)
[339]: (1565.107924485122,1)
[340]: (1581.591475209106,1)
[341]: (1565.15946721793,1)
[342]: (1568.152958706331,1)
[343]: (1560.298987113485,1)
[344]: (1568.056176917052,1)
[345]: (1570.253497628196,1)
[346]: (1561.343066013708,1)
[347]: (1571.129537762794,1)
[348]: (1570.107686718859,1)
[349]: (1559.321062000031,1)
[350]: (1559.160867151709,1)
[351]: (1572.218721786815,1)
[352]: (1573.106383682362,1)
[353]: (1562.2187325878,1)
[354]: (1574.039111387043,1)
[355]: (1571.957626037026,1)
[356]: (1560.167789206529,1)
[357]: (1567.049797030319,1)
[358]: (1574.165598373151,1)
[359]: (1565.427181388611,1)
[360]: (1566.372322414055,1)
[361]: (1568.359272496292,1)
[362]: (1566.186692669235,1)
[363]: (1574.120504313651,1)
[364]: (1561.254525003667,1)
[365]: (1568.259077571689,1)
[366]: (1565.231566839129,1)
[367]: (1568.006288799578,1)
[368]: (1565.059955803177,1)
[369]: (1565.394797979777,1)
[370]: (1571.000825102957,1)
[371]: (1559.256157244657,1)
[372]: (1561.434871748608,1)
[373]: (1561.250722738587,1)
[374]: (1559.747905093829,1)
[375]: (1561.530019234955,1)
[376]: (1559.130836576262,1)
[377]: (1564.471666467411,1)
[378]: (1562.208948591947,1)
[379]: (1571.228393095954,1)
[380]: (1567.464442515372,1)
[381]: (1572.110946665345,1)
[382]: (1560.96756924535,1)
[383]: (1561.441546348649,1)
[384]: (1561.134014815211,1)
[385]: (1563.435472922888,1)
[386]: (1568.272573577446,1)
[387]: (1563.396292849573,1)
[388]: (1575.021485849157,1)
[389]: (1571.372215307414,1)
[390]: (1568.137661731968,1)
[391]: (1562.113816723624,1)
[392]: (1573.226350487811,1)
[393]: (1561.364621170551,1)
[394]: (1571.222037331855,1)
[395]: (1566.29914168664,1)
[396]: (1572.023215500581,1)
[397]: (1570.826200208348,1)
[398]: (1559.167875482433,1)
[399]: (1566.054679554272,1)
[400]: (1576.04094907021,1)
[401]: (1561.85858880067,1)
[402]: (1568.439698404203,1)
[403]: (1561.091587614399,1)
[404]: (1563.161270623887,1)
[405]: (1570.479273152542,1)
[406]: (1563.217028505817,1)
[407]: (1565.341863725117,1)
[408]: (1576.377906240311,1)
[409]: (1564.344024919626,1)
[410]: (1564.340142170212,1)
[411]: (1571.354966444854,1)
[412]: (1563.245149158428,1)
[413]: (1571.153148465575,1)
[414]: (1564.116748338897,1)
[415]: (1560.309651399202,1)
[416]: (1568.881534394572,1)
[417]: (1567.270250273502,1)
[418]: (1567.190778468707,1)
[419]: (1559.081587015213,1)
[420]: (1566.939415770157,1)
[421]: (1560.082456341006,1)
[422]: (1566.619719742895,1)
[423]: (1566.007758376574,1)
[424]: (1560.225166998089,1)
[425]: (1562.281924026818,1)
[426]: (1567.25972829437,1)
[427]: (1566.534314725668,1)
[428]: (1559.676560186643,1)
[429]: (1562.679688313147,1)
[430]: (1567.384349704618,1)
[431]: (1565.529856183001,1)
[432]: (1563.129853944926,1)
[433]: (1560.542977679531,1)
[434]: (1572.074274683571,1)
[435]: (1566.715855205236,1)
[436]: (1567.387774934557,1)
[437]: (1561.555294533664,1)
[438]: (1563.374993018519,1)
[439]: (1570.337122146576,1)
[440]: (1562.897664415737,1)
[441]: (1560.664576614815,1)
[442]: (1568.118062407269,1)
[443]: (1559.007809132666,1)
[444]: (1572.069824806415,1)
[445]: (1559.796761467444,1)
[446]: (1561.990513253507,1)
[447]: (1579.12268768421,1)
[448]: (1567.279356680666,1)
[449]: (1576.105615081392,1)
[450]: (1560.173239198366,1)
[451]: (1564.386491747755,1)
[452]: (1580.351916962266,1)
[453]: (1580.399422782947,1)
[454]: (1565.7912607358,1)
[455]: (1566.317142756789,1)
[456]: (1559.465254452687,1)
[457]: (1571.050539526126,1)
[458]: (1565.577707950763,1)
[459]: (1569.18252553298,1)
[460]: (1565.957415476692,1)
[461]: (1561.015720248728,1)
[462]: (1559.335038842983,1)
[463]: (1571.335226694794,1)
[464]: (1578.973540529848,1)
[465]: (1565.371033140713,1)
[466]: (1565.00722768723,1)
[467]: (1560.329745827782,1)
[468]: (1568.009873643882,1)
[469]: (1567.342450898104,1)
[470]: (1566.771406647185,1)
[471]: (1572.634220861951,1)
[472]: (1577.590273562885,1)
[473]: (1568.114267185727,1)
[474]: (1564.032623607842,1)
[475]: (1565.564004281963,1)
[476]: (1561.237864991438,1)
[477]: (1566.2908321843,1)
[478]: (1570.078781182817,1)
[479]: (1569.066369447869,1)
[480]: (1568.217325912187,1)
[481]: (1572.26457821803,1)
[482]: (1561.187527283595,1)
[483]: (1577.131800281829,1)
[484]: (1559.047634026234,1)
[485]: (1575.159542431031,1)
[486]: (1566.387827043118,1)
[487]: (1564.348212749645,1)
[488]: (1560.320749490431,1)
[489]: (1561.688533372447,1)
[490]: (1569.281183174287,1)
[491]: (1568.254315838226,1)
[492]: (1562.099055384954,1)
[493]: (1562.049839694348,1)
[494]: (1576.091940141999,1)
[495]: (1573.07101311684,1)
[496]: (1564.411206460816,1)
[497]: (1576.196419148414,1)
[498]: (1559.723367823734,1)
[499]: (1568.100809243849,1)
[500]: (1562.35842195754,1)
[501]: (1562.040529744587,1)
[502]: (1571.004069214567,1)
[503]: (1561.383667164982,1)
[504]: (1565.09435432089,1)
[505]: (1575.587898753958,1)
[506]: (1566.720210517124,1)
[507]: (1574.164882123394,1)
[508]: (1560.533752580224,1)
[509]: (1562.103958265146,1)
[510]: (1563.208264814932,1)
[511]: (1565.087116227694,1)
[512]: (1559.031055154932,1)
[513]: (1566.432497716919,1)
[514]: (1567.010343092081,1)
[515]: (1571.537277730591,1)
[516]: (1564.041288656314,1)
[517]: (1569.37309354753,1)
[518]: (1564.03069325897,1)
[519]: (1568.280509918084,1)
[520]: (1567.339656621863,1)
[521]: (1560.385546578372,1)
[522]: (1560.28346759035,1)
[523]: (1568.502240852167,1)
[524]: (1568.019593896187,1)
[525]: (1572.248384506271,1)
[526]: (1559.06915805185,1)
[527]: (1571.529395650104,1)
[528]: (1568.226468393657,1)
[529]: (1562.262751826874,1)
[530]: (1574.444065772592,1)
[531]: (1571.345136930176,1)
[532]: (1572.324494862615,1)
[533]: (1564.180371483109,1)
[534]: (1577.107138305669,1)
[535]: (1564.188721115685,1)
[536]: (1564.024882457115,1)
[537]: (1560.599133051945,1)
[538]: (1566.425246775827,1)
[539]: (1574.11988430364,1)
[540]: (1570.213201562311,1)
[541]: (1560.021016825432,1)
[542]: (1562.214948375175,1)
[543]: (1565.219746750204,1)
[544]: (1565.074864076159,1)
[545]: (1568.046421520148,1)
[546]: (1564.126798344491,1)
[547]: (1566.794803106375,1)
[548]: (1567.237363725641,1)
[549]: (1564.123460845619,1)
[550]: (1566.525338806972,1)
[551]: (1562.01703781587,1)
[552]: (1567.58232844148,1)
[553]: (1561.087781098225,1)
[554]: (1566.130674711916,1)
[555]: (1559.177203403364,1)
[556]: (1569.31569795544,1)
[557]: (1560.322910572971,1)
[558]: (1573.133525376428,1)
[559]: (1573.052000422899,1)
[560]: (1568.600605922442,1)
[561]: (1573.834099289239,1)
[562]: (1566.120440750705,1)
[563]: (1561.002057673566,1)
[564]: (1565.028644392097,1)
[565]: (1562.040958858435,1)
[566]: (1564.249925352842,1)
[567]: (1563.428175067807,1)
[568]: (1560.203585207512,1)
[569]: (1565.004578651796,1)
[570]: (1571.27646530813,1)
[571]: (1563.396468230729,1)
[572]: (1562.036747606222,1)
[573]: (1572.764088275276,1)
[574]: (1571.98463200021,1)
[575]: (1567.539913803749,1)
[576]: (1560.059939711162,1)
[577]: (1560.914042237155,1)
[578]: (1571.14638756219,1)
[579]: (1569.077146526222,1)
[580]: (1563.126518638384,1)
[581]: (1569.221637888427,1)
[582]: (1568.35078915678,1)
[583]: (1563.390354381408,1)
[584]: (1568.103584859699,1)
[585]: (1576.181002619914,1)
[586]: (1568.380996531132,1)
[587]: (1566.137909982562,1)
[588]: (1564.388642881217,1)
[589]: (1560.360697951954,1)
[590]: (1560.48832416354,1)
[591]: (1571.105708999802,1)
[592]: (1571.080969579534,1)
[593]: (1569.005699683308,1)
[594]: (1569.079864561192,1)
[595]: (1575.12171351505,1)
[596]: (1571.043840184074,1)
[597]: (1560.141555634345,1)
[598]: (1560.21516877624,1)
[599]: (1563.145604668035,1)
[600]: (1564.911848508884,1)
[601]: (1573.345070944948,1)
[602]: (1572.126891153962,1)
[603]: (1562.0134012914,1)
[604]: (1565.001162575638,1)
[605]: (1563.051687013935,1)
[606]: (1567.055274321826,1)
[607]: (1568.024344077435,1)
[608]: (1573.050656853435,1)
[609]: (1567.833063806919,1)
[610]: (1561.212399009537,1)
[611]: (1573.056196422031,1)
[612]: (1569.487677557022,1)
[613]: (1565.065328051552,1)
[614]: (1561.11561889574,1)
[615]: (1565.02771762177,1)
[616]: (1561.355404639616,1)
[617]: (1569.256213361554,1)
[618]: (1569.197322858854,1)
[619]: (1562.077763418211,1)
[620]: (1565.602653593204,1)
[621]: (1565.105927348033,1)
[622]: (1567.238738793006,1)
[623]: (1566.798385187398,1)
[624]: (1560.69725383369,1)
[625]: (1570.032864268598,1)
[626]: (1561.412536352243,1)
[627]: (1561.114068521949,1)
[628]: (1560.142483805903,1)
[629]: (1566.43791884705,1)
[630]: (1566.383324479391,1)
[631]: (1573.024128730309,1)
[632]: (1570.193779081714,1)
[633]: (1564.122708722865,1)
[634]: (1565.272115452321,1)
[635]: (1566.365966419954,1)
[636]: (1569.184130648409,1)
[637]: (1564.150565270602,1)
[638]: (1577.748269656546,1)
[639]: (1570.326634220111,1)
[640]: (1571.73574643486,1)
[641]: (1561.378890725258,1)
[642]: (1569.308902813899,1)
[643]: (1561.127749840471,1)
[644]: (1562.418965728301,1)
[645]: (1579.331939430701,1)
[646]: (1573.007370391979,1)
[647]: (1559.940512483443,1)
[648]: (1569.004172472994,1)
[649]: (1559.410295078153,1)
[650]: (1559.126764386912,1)
[651]: (1564.028970329758,1)
[652]: (1565.047920292762,1)
[653]: (1562.347040952683,1)
[654]: (1563.755670786174,1)
[655]: (1561.195603510426,1)
[656]: (1567.030883293147,1)
[657]: (1561.177277097729,1)
[658]: (1559.603461886808,1)
[659]: (1566.357235728562,1)
[660]: (1560.424743001775,1)
[661]: (1570.03809027219,1)
[662]: (1566.202003601412,1)
[663]: (1563.773185920059,1)
[664]: (1568.400077942738,1)
[665]: (1564.114957875052,1)
[666]: (1572.408166792565,1)
[667]: (1569.054341357184,1)
[668]: (1560.195486342828,1)
[669]: (1560.261321662252,1)
[670]: (1571.026747199523,1)
[671]: (1565.339580950957,1)
[672]: (1559.874772450857,1)
[673]: (1563.203511290468,1)
[674]: (1562.990567173568,1)
[675]: (1566.97939183841,1)
[676]: (1569.623206277423,1)
[677]: (1563.587651053243,1)
[678]: (1574.506450145961,1)
[679]: (1559.456278822345,1)
[680]: (1568.005838805203,1)
[681]: (1559.719701112972,1)
[682]: (1565.009315045373,1)
[683]: (1576.253790066158,1)
[684]: (1575.690152625306,1)
[685]: (1568.004896137778,1)
[686]: (1562.042552834951,1)
[687]: (1569.2875588654,1)
[688]: (1569.228798184298,1)
[689]: (1560.6725325687,1)
[690]: (1566.28626556575,1)
[691]: (1565.097166870398,1)
[692]: (1561.301891207414,1)
[693]: (1561.086875573538,1)
[694]: (1564.589354938277,1)
[695]: (1570.36474781378,1)
[696]: (1568.463411348537,1)
[697]: (1566.008911843307,1)
[698]: (1559.767582594372,1)
[699]: (1578.060580405936,1)
[700]: (1563.094665305098,1)
[701]: (1566.591671157152,1)
[702]: (1571.446982691937,1)
[703]: (1567.518249755919,1)
[704]: (1559.006612341429,1)
[705]: (1570.185427273454,1)
[706]: (1572.053337575884,1)
[707]: (1570.621928353399,1)
[708]: (1559.372631178258,1)
[709]: (1564.19691452864,1)
[710]: (1572.057220431455,1)
[711]: (1565.132697537523,1)
[712]: (1567.197701749161,1)
[713]: (1569.081991459148,1)
[714]: (1570.28806422757,1)
[715]: (1569.042789991674,1)
[716]: (1573.001730514893,1)
[717]: (1567.457077918216,1)
[718]: (1570.424756994409,1)
[719]: (1569.017675848276,1)
[720]: (1562.050916911303,1)
[721]: (1568.345583676096,1)
[722]: (1560.469932098208,1)
[723]: (1561.399735852674,1)
[724]: (1567.036000359884,1)
[725]: (1563.192991804424,1)
[726]: (1569.592861974977,1)
[727]: (1561.582219102802,1)
[728]: (1570.034721472372,1)
[729]: (1570.165618250541,1)
[730]: (1566.109330333884,1)
[731]: (1566.183455293165,1)
[732]: (1574.419662017873,1)
[733]: (1561.093463653286,1)
[734]: (1571.341850362998,1)
[735]: (1565.226821192721,1)
[736]: (1566.782524988104,1)
[737]: (1560.320557203005,1)
[738]: (1581.224578477442,1)
[739]: (1578.017861958322,1)
[740]: (1562.374606604316,1)
[741]: (1566.245363148101,1)
[742]: (1574.058244701779,1)
[743]: (1559.042874657978,1)
[744]: (1574.529618550546,1)
[745]: (1583.295347888816,1)
[746]: (1572.501334476074,1)
[747]: (1562.120450137777,1)
[748]: (1566.353661237443,1)
[749]: (1570.248128479991,1)
[750]: (1568.693412688616,1)
[751]: (1572.038503099235,1)
[752]: (1560.044899141516,1)
[753]: (1564.211853318334,1)
[754]: (1567.099667598715,1)
[755]: (1568.371802762609,1)
[756]: (1561.227847828307,1)
[757]: (1565.000417753581,1)
[758]: (1563.8519253952,1)
[759]: (1562.331901413521,1)
[760]: (1559.324620071143,1)
[761]: (1571.098942453682,1)
[762]: (1562.060172964663,1)
[763]: (1567.453871565019,1)
[764]: (1571.67453943306,1)
[765]: (1562.041552107761,1)
[766]: (1568.370013526459,1)
[767]: (1573.256413093774,1)
[768]: (1561.366490486517,1)
[769]: (1567.053089602615,1)
[770]: (1560.315446237154,1)
[771]: (1565.584054644973,1)
[772]: (1560.087061054557,1)
[773]: (1571.014010330678,1)
[774]: (1559.095913452162,1)
[775]: (1566.077568348215,1)
[776]: (1578.12511849811,1)
[777]: (1579.269174746075,1)
[778]: (1575.221057382024,1)
[779]: (1563.005562510603,1)
[780]: (1562.503493385547,1)
[781]: (1571.095473325369,1)
[782]: (1569.212471672715,1)
[783]: (1562.032949018324,1)
[784]: (1565.014327309668,1)
[785]: (1571.279491758109,1)
[786]: (1568.229204573637,1)
[787]: (1559.675341520035,1)
[788]: (1575.093194213375,1)
[789]: (1562.348825090439,1)
[790]: (1567.252050694838,1)
[791]: (1560.073927788077,1)
[792]: (1564.032921196074,1)
[793]: (1580.171109325071,1)
[794]: (1571.146139462998,1)
[795]: (1561.302433849192,1)
[796]: (1566.829302360552,1)
[797]: (1563.277283953226,1)
[798]: (1559.393496605243,1)
[799]: (1566.464280358043,1)
[800]: (1570.119718166746,1)
[801]: (1561.038677430731,1)
[802]: (1567.385103582322,1)
[803]: (1563.163339429136,1)
[804]: (1562.586639445689,1)
[805]: (1571.126590679409,1)
[806]: (1562.940976760583,1)
[807]: (1562.254970506739,1)
[808]: (1569.423949972708,1)
[809]: (1572.407938063285,1)
[810]: (1560.204114510582,1)
[811]: (1565.115683980756,1)
[812]: (1560.101598678476,1)
[813]: (1566.044481141706,1)
[814]: (1561.285678163259,1)
[815]: (1568.091956648738,1)
[816]: (1559.022249508307,1)
[817]: (1566.007246867751,1)
[818]: (1565.116148726868,1)
[819]: (1573.015702270894,1)
[820]: (1566.415130951305,1)
[821]: (1560.29777890502,1)
[822]: (1571.015052555162,1)
[823]: (1562.21309927074,1)
[824]: (1575.643884613283,1)
[825]: (1574.026814135921,1)
[826]: (1569.133902482157,1)
[827]: (1566.22276386519,1)
[828]: (1571.063894252691,1)
[829]: (1560.379790838431,1)
[830]: (1578.121738752108,1)
[831]: (1559.32555294643,1)
[832]: (1560.029793609102,1)
[833]: (1564.494152260606,1)
[834]: (1568.142058901351,1)
[835]: (1570.416629814887,1)
[836]: (1563.069559110263,1)
[837]: (1571.328950205113,1)
[838]: (1565.643192798052,1)
[839]: (1561.599308011411,1)
[840]: (1562.48460002843,1)
[841]: (1581.345017513435,1)
[842]: (1579.048792527022,1)
[843]: (1573.35782561782,1)
[844]: (1563.814797365393,1)
[845]: (1571.539243497469,1)
[846]: (1574.482252159721,1)
[847]: (1563.168762567655,1)
[848]: (1561.056975479526,1)
[849]: (1572.082601980635,1)
[850]: (1564.026724586988,1)
[851]: (1570.07064899029,1)
[852]: (1566.266862135995,1)
[853]: (1563.076299631466,1)
[854]: (1568.585193859489,1)
[855]: (1564.274502937023,1)
[856]: (1564.29847632606,1)
[857]: (1571.2035340274,1)
[858]: (1572.321219108175,1)
[859]: (1563.518820608254,1)
[860]: (1561.097739517204,1)
[861]: (1567.000039603855,1)
[862]: (1565.134020325151,1)
[863]: (1580.133219162769,1)
[864]: (1565.203564089821,1)
[865]: (1563.61816516448,1)
[866]: (1568.034340026522,1)
[867]: (1561.017320348495,1)
[868]: (1569.332155512565,1)
[869]: (1565.595569628031,1)
[870]: (1571.305716291171,1)
[871]: (1563.103781864427,1)
[872]: (1561.09759206147,1)
[873]: (1574.135741840979,1)
[874]: (1567.489715840075,1)
[875]: (1577.29510832807,1)
[876]: (1561.215472418105,1)
[877]: (1560.111662364708,1)
[878]: (1570.517905348432,1)
[879]: (1574.202414767638,1)
[880]: (1576.070340545834,1)
[881]: (1569.258166757943,1)
[882]: (1577.146762390971,1)
[883]: (1571.071244050078,1)
[884]: (1568.345608228321,1)
[885]: (1579.028938064212,1)
[886]: (1567.55287155624,1)
[887]: (1577.38919114372,1)
[888]: (1561.098289053665,1)
[889]: (1562.187914609779,1)
[890]: (1571.289500878801,1)
[891]: (1560.391138067126,1)
[892]: (1559.220991659155,1)
[893]: (1581.191897859246,1)
[894]: (1564.067149749089,1)
[895]: (1569.292222121128,1)
[896]: (1567.802764125984,1)
[897]: (1566.490859723612,1)
[898]: (1564.038850266534,1)
[899]: (1560.400502875156,1)
[900]: (1560.16602699385,1)
[901]: (1561.447843511438,1)
[902]: (1563.593238079011,1)
[903]: (1573.429987665807,1)
[904]: (1559.131877956109,1)
[905]: (1565.012485480062,1)
[906]: (1560.750493068167,1)
[907]: (1562.239285950425,1)
[908]: (1567.302751474202,1)
[909]: (1571.039646987496,1)
[910]: (1566.037547511304,1)
[911]: (1573.127495695252,1)
[912]: (1571.775483820641,1)
[913]: (1567.493461229672,1)
[914]: (1561.211079565785,1)
[915]: (1578.028002566832,1)
[916]: (1559.175266122839,1)
[917]: (1559.107943705058,1)
[918]: (1560.044398930523,1)
[919]: (1560.506664197988,1)
[920]: (1570.092907433493,1)
[921]: (1559.201315698057,1)
[922]: (1565.149730131919,1)
[923]: (1566.922875794282,1)
[924]: (1568.538065094715,1)
[925]: (1569.517148510538,1)
[926]: (1559.597392472234,1)
[927]: (1564.387861953805,1)
[928]: (1567.052925767723,1)
[929]: (1562.320212380251,1)
[930]: (1562.071446124929,1)
[931]: (1571.123638473926,1)
[932]: (1572.586678503872,1)
[933]: (1561.194842541783,1)
[934]: (1576.464587506057,1)
[935]: (1565.779177552993,1)
[936]: (1570.526502683854,1)
[937]: (1569.14343100055,1)
[938]: (1565.238666461935,1)
[939]: (1574.165333643207,1)
[940]: (1569.366770804709,1)
[941]: (1568.082569694039,1)
[942]: (1574.195768665122,1)
[943]: (1561.387848898758,1)
[944]: (1560.041002399521,1)
[945]: (1560.118609534956,1)
[946]: (1574.625093471762,1)
[947]: (1564.016337523428,1)
[948]: (1559.425210256852,1)
[949]: (1562.209636919994,1)
[950]: (1566.111445073563,1)
[951]: (1572.28974837783,1)
[952]: (1563.030634242393,1)
[953]: (1573.050620600056,1)
[954]: (1562.19758880864,1)
[955]: (1577.171193544225,1)
[956]: (1566.186976367688,1)
[957]: (1562.146465014883,1)
[958]: (1568.015787000314,1)
[959]: (1561.084292143252,1)
[960]: (1569.14220034375,1)
[961]: (1568.220192235223,1)
[962]: (1560.304630410193,1)
[963]: (1564.029843815538,1)
[964]: (1583.091318179836,1)
[965]: (1565.022157824022,1)
[966]: (1567.419004994874,1)
[967]: (1572.082686698525,1)
[968]: (1564.468797495951,1)
[969]: (1560.153816436507,1)
[970]: (1561.684504512485,1)
[971]: (1572.056560240451,1)
[972]: (1562.26860415221,1)
[973]: (1560.319930781668,1)
[974]: (1563.394450290551,1)
[975]: (1568.359389995802,1)
[976]: (1570.56125616768,1)
[977]: (1581.078463643693,1)
[978]: (1572.5873939181,1)
[979]: (1568.548337725226,1)
[980]: (1562.211750668338,1)
[981]: (1564.39121590613,1)
[982]: (1564.664815301961,1)
[983]: (1569.021699853736,1)
[984]: (1560.514260736754,1)
[985]: (1559.083925289617,1)
[986]: (1564.436932979312,1)
[987]: (1559.322891380722,1)
[988]: (1566.014691530927,1)
[989]: (1565.148623399151,1)
[990]: (1563.022712879507,1)
[991]: (1572.349751533581,1)
[992]: (1565.136074563919,1)
[993]: (1569.088966438797,1)
[994]: (1563.004769434294,1)
[995]: (1559.077403808192,1)
[996]: (1574.119875626441,1)
[997]: (1567.148554969501,1)
[998]: (1564.337011277475,1)
[999]: (1578.815775319509,1)
[1000]: (1565.113899932364,1)
[1001]: (1568.673859694517,1)
[1002]: (1566.065509024224,1)
[1003]: (1569.352582747431,1)
[1004]: (1568.179879822081,1)
[1005]: (1561.152773834995,1)
[1006]: (1571.538584669881,1)
[1007]: (1567.786093971245,1)
[1008]: (1568.459693747851,1)
[1009]: (1571.035796489234,1)
[1010]: (1563.916540238181,1)
[1011]: (1561.275241376257,1)
[1012]: (1574.074876743374,1)
[1013]: (1565.10939830604,1)
[1014]: (1573.478386549973,1)
[1015]: (1565.236932198933,1)
[1016]: (1573.020367344301,1)
[1017]: (1563.149386029776,1)
[1018]: (1569.160258026499,1)
[1019]: (1571.016014504565,1)
[1020]: (1561.605932593805,1)
[1021]: (1562.169499833566,1)
[1022]: (1571.526602307975,1)
[1023]: (1562.249619147211,1)
[1024]: (1561.233015762718,1)
[1025]: (1563.685216790402,1)
[1026]: (1562.172947118173,1)
[1027]: (1579.069112807373,1)
[1028]: (1578.265434443963,1)
[1029]: (1573.258518784024,1)
[1030]: (1569.035995852365,1)
[1031]: (1568.932809849237,1)
[1032]: (1577.202203462714,1)
[1033]: (1564.862557743085,1)
[1034]: (1577.481768301504,1)
[1035]: (1572.298732669495,1)
[1036]: (1572.016194354143,1)
[1037]: (1562.10824753144,1)
[1038]: (1571.078093798053,1)
[1039]: (1564.141486409192,1)
[1040]: (1567.980327861475,1)
[1041]: (1572.2887079171,1)
[1042]: (1559.451293189721,1)
[1043]: (1562.082424105593,1)
[1044]: (1580.008139194337,1)
[1045]: (1574.332759900791,1)
[1046]: (1571.209990151137,1)
[1047]: (1564.043868647799,1)
[1048]: (1572.397330026696,1)
[1049]: (1560.033036513658,1)
[1050]: (1563.09867928319,1)
[1051]: (1564.724993957215,1)
[1052]: (1572.317813360744,1)
[1053]: (1570.623747106966,1)
[1054]: (1566.052329209253,1)
[1055]: (1565.931591779258,1)
[1056]: (1575.101534057474,1)
[1057]: (1563.323908444559,1)
[1058]: (1564.285383346666,1)
[1059]: (1564.133329252076,1)
[1060]: (1571.554031746966,1)
[1061]: (1564.557965680138,1)
[1062]: (1563.391397042078,1)
[1063]: (1566.131949529169,1)
[1064]: (1567.370080695955,1)
[1065]: (1565.28211128932,1)
[1066]: (1568.674248737106,1)
[1067]: (1574.329754917911,1)
[1068]: (1561.130932068895,1)
[1069]: (1567.035288794488,1)
[1070]: (1572.729216256827,1)
[1071]: (1568.406580732636,1)
[1072]: (1572.39718445056,1)
[1073]: (1563.089001147672,1)
[1074]: (1563.008400117061,1)
[1075]: (1562.570912913736,1)
[1076]: (1564.203680872901,1)
[1077]: (1561.4688993638,1)
[1078]: (1570.564212050669,1)
[1079]: (1568.265733040771,1)
[1080]: (1561.611251930921,1)
[1081]: (1565.894416874213,1)
[1082]: (1560.222146370982,1)
[1083]: (1564.064783695423,1)
[1084]: (1564.432030926626,1)
[1085]: (1568.242668591624,1)
[1086]: (1563.069443360218,1)
[1087]: (1564.064609793197,1)
[1088]: (1570.297737436507,1)
[1089]: (1576.761116360118,1)
[1090]: (1563.14962028783,1)
[1091]: (1567.291678711001,1)
[1092]: (1559.005373935467,1)
[1093]: (1564.245798595518,1)
[1094]: (1561.059931757486,1)
[1095]: (1572.146290333985,1)
[1096]: (1569.420412721133,1)
[1097]: (1570.530104202272,1)
[1098]: (1561.861992825104,1)
[1099]: (1573.023175405311,1)
[1100]: (1560.639508766692,1)
[1101]: (1572.036438886247,1)
[1102]: (1568.397336479714,1)
[1103]: (1562.023301177067,1)
[1104]: (1560.107697599351,1)
[1105]: (1561.246778475344,1)
[1106]: (1559.311362466177,1)
[1107]: (1560.072426157718,1)
[1108]: (1568.07115747164,1)
[1109]: (1563.745301755119,1)
[1110]: (1575.433832867175,1)
[1111]: (1561.204619302662,1)
[1112]: (1569.149967195115,1)
[1113]: (1560.167553239435,1)
[1114]: (1562.726417227361,1)
[1115]: (1563.63522594112,1)
[1116]: (1567.425864478024,1)
[1117]: (1569.821986149178,1)
[1118]: (1569.078714653016,1)
[1119]: (1575.13237945265,1)
[1120]: (1560.150240551657,1)
[1121]: (1567.083390919077,1)
[1122]: (1569.001930049556,1)
[1123]: (1573.074210043202,1)
[1124]: (1572.163969359943,1)
[1125]: (1568.115372403791,1)
[1126]: (1560.083807752801,1)
[1127]: (1566.729421147945,1)
[1128]: (1562.066949672607,1)
[1129]: (1569.086776951624,1)
[1130]: (1570.447616231302,1)
[1131]: (1560.887855143111,1)
[1132]: (1565.019554683104,1)
[1133]: (1562.934108499008,1)
[1134]: (1569.494464769907,1)
[1135]: (1583.101756077615,1)
[1136]: (1566.059301054006,1)
[1137]: (1562.003920556473,1)
[1138]: (1571.109368590587,1)
[1139]: (1565.069403819447,1)
[1140]: (1566.241881241386,1)
[1141]: (1563.462428157611,1)
[1142]: (1569.933976989629,1)
[1143]: (1570.997352625104,1)
[1144]: (1570.218714995109,1)
[1145]: (1569.776039654707,1)
[1146]: (1581.006628194963,1)
[1147]: (1577.433325333036,1)
[1148]: (1565.150803158168,1)
[1149]: (1562.25772944022,1)
[1150]: (1574.350002295704,1)
[1151]: (1567.068861964201,1)
[1152]: (1567.494835303096,1)
[1153]: (1562.780183684715,1)
[1154]: (1576.178990863296,1)
[1155]: (1572.570579498097,1)
[1156]: (1571.052111104018,1)
[1157]: (1561.488009460279,1)
[1158]: (1572.127492960113,1)
[1159]: (1570.41808285085,1)
[1160]: (1574.005973005958,1)
[1161]: (1569.977375036646,1)
[1162]: (1559.092157980419,1)
[1163]: (1573.123699563008,1)
[1164]: (1570.710617805269,1)
[1165]: (1560.078191648638,1)
[1166]: (1565.272378807836,1)
[1167]: (1565.212026467133,1)
[1168]: (1566.018236585197,1)
[1169]: (1576.020516420347,1)
[1170]: (1559.133130912367,1)
[1171]: (1566.40499978937,1)
[1172]: (1559.085412175993,1)
[1173]: (1561.054804515891,1)
[1174]: (1578.017400772898,1)
[1175]: (1559.03372072091,1)
[1176]: (1560.722429835346,1)
[1177]: (1563.948399664025,1)
[1178]: (1560.189784471554,1)
[1179]: (1575.065097716528,1)
[1180]: (1579.002296229413,1)
[1181]: (1569.605807400114,1)
[1182]: (1564.250035222627,1)
[1183]: (1570.302323224199,1)
[1184]: (1571.278674830753,1)
[1185]: (1567.178257599141,1)
[1186]: (1569.004466877954,1)
[1187]: (1567.199195443359,1)
[1188]: (1567.749930959568,1)
[1189]: (1559.285820651719,1)
[1190]: (1568.032665783424,1)
[1191]: (1568.055413260338,1)
[1192]: (1562.233634630081,1)
[1193]: (1572.150706329741,1)
[1194]: (1566.346802285905,1)
[1195]: (1564.133301422595,1)
[1196]: (1568.696790852029,1)
[1197]: (1561.609992653802,1)
[1198]: (1563.043330751771,1)
[1199]: (1577.041415717051,1)
[1200]: (1565.077891172203,1)
[1201]: (1572.029909654829,1)
[1202]: (1569.296941070559,1)
[1203]: (1561.306439653404,1)
[1204]: (1568.143421547554,1)
[1205]: (1568.422743302109,1)
[1206]: (1559.133241409854,1)
[1207]: (1562.025391777958,1)
[1208]: (1573.549342073101,1)
[1209]: (1560.194959415404,1)
[1210]: (1565.203773123557,1)
[1211]: (1560.416725205543,1)
[1212]: (1569.332710003004,1)
[1213]: (1569.990577151422,1)
[1214]: (1568.029707401741,1)
[1215]: (1559.277462737488,1)
[1216]: (1560.300272267662,1)
[1217]: (1562.589305477702,1)
[1218]: (1568.129838638479,1)
[1219]: (1561.484656071431,1)
[1220]: (1570.257017522723,1)
[1221]: (1568.397306763004,1)
[1222]: (1569.095622638472,1)
[1223]: (1569.261975523957,1)
[1224]: (1568.105785280374,1)
[1225]: (1560.808305935911,1)
[1226]: (1568.645577010109,1)
[1227]: (1562.351429068255,1)
[1228]: (1559.04142551486,1)
[1229]: (1562.185615259436,1)
[1230]: (1570.020438231985,1)
[1231]: (1559.35655481968,1)
[1232]: (1573.299292388336,1)
[1233]: (1563.595474339462,1)
[1234]: (1572.230499470876,1)
[1235]: (1569.5162833567,1)
[1236]: (1562.404240721402,1)
[1237]: (1567.177128436521,1)
[1238]: (1572.434688721768,1)
[1239]: (1569.0047273502,1)
[1240]: (1570.456853505443,1)
[1241]: (1566.46474398612,1)
[1242]: (1567.11651051204,1)
[1243]: (1565.375890522643,1)
[1244]: (1565.634184914308,1)
[1245]: (1571.298048931808,1)
[1246]: (1561.57043777882,1)
[1247]: (1570.44437905497,1)
[1248]: (1562.242021744195,1)
[1249]: (1571.309252258302,1)
[1250]: (1561.003838692704,1)
[1251]: (1577.602633310147,1)
[1252]: (1564.382520019933,1)
[1253]: (1566.120397712528,1)
[1254]: (1569.028312969757,1)
[1255]: (1560.013851044875,1)
[1256]: (1568.331663134429,1)
[1257]: (1561.403285680087,1)
[1258]: (1559.678305046481,1)
[1259]: (1571.546896829757,1)
[1260]: (1575.128856761989,1)
[1261]: (1569.091745762058,1)
[1262]: (1570.008097117755,1)
[1263]: (1561.353745122474,1)
[1264]: (1564.046334640954,1)
[1265]: (1563.232930248724,1)
[1266]: (1572.184420191183,1)
[1267]: (1564.017517961383,1)
[1268]: (1567.260701458932,1)
[1269]: (1559.930673468855,1)
[1270]: (1569.195040882644,1)
[1271]: (1565.036136943914,1)
[1272]: (1572.141794342175,1)
[1273]: (1569.95733028345,1)
[1274]: (1568.146170839091,1)
[1275]: (1570.08558520628,1)
[1276]: (1571.064624140675,1)
[1277]: (1561.226841502786,1)
[1278]: (1565.575403992849,1)
[1279]: (1562.45617690164,1)
[1280]: (1570.003910637688,1)
[1281]: (1574.376116491032,1)
[1282]: (1567.142010852675,1)
[1283]: (1565.039910348002,1)
[1284]: (1572.617363008583,1)
[1285]: (1568.497290659521,1)
[1286]: (1567.235896250954,1)
[1287]: (1564.154282462378,1)
[1288]: (1574.082377077089,1)
[1289]: (1575.39284655183,1)
[1290]: (1564.435822202919,1)
[1291]: (1573.124865927043,1)
[1292]: (1574.227176159245,1)
[1293]: (1570.07523702857,1)
[1294]: (1561.454169771994,1)
[1295]: (1561.330877162402,1)
[1296]: (1561.097868430981,1)
[1297]: (1560.303603970906,1)
[1298]: (1564.482191066591,1)
[1299]: (1565.022499723231,1)
[1300]: (1564.011856951463,1)
[1301]: (1561.492903365814,1)
[1302]: (1572.031458132913,1)
[1303]: (1573.348770115768,1)
[1304]: (1561.392081316501,1)
[1305]: (1562.469532564315,1)
[1306]: (1569.159814917616,1)
[1307]: (1569.420573812501,1)
[1308]: (1579.372869944186,1)
[1309]: (1561.021628344631,1)
[1310]: (1570.068782615621,1)
[1311]: (1573.645085914915,1)
[1312]: (1574.699885898305,1)
[1313]: (1564.014755204422,1)
[1314]: (1567.536412113696,1)
[1315]: (1566.183864330901,1)
[1316]: (1559.121259486501,1)
[1317]: (1562.044199517818,1)
[1318]: (1566.050238671183,1)
[1319]: (1572.341885773776,1)
[1320]: (1565.016946717813,1)
[1321]: (1563.110546155712,1)
[1322]: (1569.13243308656,1)
[1323]: (1561.20369740639,1)
[1324]: (1570.073043733805,1)
[1325]: (1563.185319330274,1)
[1326]: (1563.395787402897,1)
[1327]: (1561.1402933473,1)
[1328]: (1571.038110343635,1)
[1329]: (1566.358526871442,1)
[1330]: (1575.031386362294,1)
[1331]: (1565.134536976895,1)
[1332]: (1565.178209673873,1)
[1333]: (1573.284908812185,1)
[1334]: (1560.168245008482,1)
[1335]: (1559.405068338808,1)
[1336]: (1570.056241391288,1)
[1337]: (1563.149010775601,1)
[1338]: (1561.218978884817,1)
[1339]: (1560.275911282768,1)
[1340]: (1562.343412899423,1)
[1341]: (1563.189013410771,1)
[1342]: (1569.094905034147,1)
[1343]: (1569.060927060082,1)
[1344]: (1563.317978187605,1)
[1345]: (1576.077573978079,1)
[1346]: (1568.561295381578,1)
[1347]: (1562.47286853543,1)
[1348]: (1568.132636795923,1)
[1349]: (1560.740459505588,1)
[1350]: (1561.245482864831,1)
[1351]: (1562.062961036184,1)
[1352]: (1566.115559889247,1)
[1353]: (1563.087591726552,1)
[1354]: (1567.491577467725,1)
[1355]: (1573.393183657347,1)
[1356]: (1560.190502846863,1)
[1357]: (1569.042606698113,1)
[1358]: (1562.579021159299,1)
[1359]: (1573.33456963756,1)
[1360]: (1564.093238053882,1)
[1361]: (1566.506295897107,1)
[1362]: (1562.076091580048,1)
[1363]: (1564.572951801499,1)
[1364]: (1576.003965411842,1)
[1365]: (1561.041819373154,1)
[1366]: (1569.085163890933,1)
[1367]: (1562.073465438511,1)
[1368]: (1564.041855925762,1)
[1369]: (1567.152868118221,1)
[1370]: (1569.145569026803,1)
[1371]: (1575.017098643612,1)
[1372]: (1561.887001693756,1)
[1373]: (1579.096169519401,1)
[1374]: (1565.67052313304,1)
[1375]: (1574.117028414884,1)
[1376]: (1572.471531836333,1)
[1377]: (1576.011175295853,1)
[1378]: (1570.076983980324,1)
[1379]: (1567.005484124662,1)
[1380]: (1569.150487007152,1)
[1381]: (1568.684822635457,1)
[1382]: (1571.082551403107,1)
[1383]: (1572.180981848495,1)
[1384]: (1565.514266806129,1)
[1385]: (1560.169953423964,1)
[1386]: (1559.170818515764,1)
[1387]: (1560.067041615252,1)
[1388]: (1563.108270224133,1)
[1389]: (1559.319162463563,1)
[1390]: (1569.284353929609,1)
[1391]: (1571.131339150348,1)
[1392]: (1560.131227222251,1)
[1393]: (1567.602625654118,1)
[1394]: (1562.607599298482,1)
[1395]: (1569.125344562614,1)
[1396]: (1561.335529279256,1)
[1397]: (1561.73187625237,1)
[1398]: (1560.086418376928,1)
[1399]: (1568.016522657659,1)
[1400]: (1562.321592139906,1)
[1401]: (1568.493748123044,1)
[1402]: (1560.393942470151,1)
[1403]: (1565.063860634089,1)
[1404]: (1574.276412088007,1)
[1405]: (1573.356625841657,1)
[1406]: (1560.190258855274,1)
[1407]: (1570.443769965035,1)
[1408]: (1561.22156259552,1)
[1409]: (1568.217953897473,1)
[1410]: (1570.033129715069,1)
[1411]: (1560.042487767889,1)
[1412]: (1572.699237088122,1)
[1413]: (1559.143284129537,1)
[1414]: (1565.116239482076,1)
[1415]: (1572.249332519186,1)
[1416]: (1577.164631359732,1)
[1417]: (1570.358401790398,1)
[1418]: (1561.311811241985,1)
[1419]: (1572.038330483611,1)
[1420]: (1562.042896488725,1)
[1421]: (1561.253131350814,1)
[1422]: (1573.159489499686,1)
[1423]: (1562.148287605808,1)
[1424]: (1576.351986466503,1)
[1425]: (1568.870969417489,1)
[1426]: (1562.271910308601,1)
[1427]: (1562.422977012056,1)
[1428]: (1574.160865861134,1)
[1429]: (1565.46521542042,1)
[1430]: (1569.226040293933,1)
[1431]: (1563.474439421366,1)
[1432]: (1561.177250138518,1)
[1433]: (1561.034721423616,1)
[1434]: (1559.01116705592,1)
[1435]: (1568.292940193839,1)
[1436]: (1576.254317593798,1)
[1437]: (1568.065535882629,1)
[1438]: (1570.140336026427,1)
[1439]: (1565.082329451725,1)
[1440]: (1563.177530618013,1)
[1441]: (1568.272581304337,1)
[1442]: (1574.020135202743,1)
[1443]: (1563.11148094747,1)
[1444]: (1572.114689041891,1)
[1445]: (1560.221854022359,1)
[1446]: (1566.093737995666,1)
[1447]: (1562.084824425007,1)
[1448]: (1565.460268721842,1)
[1449]: (1560.460076689721,1)
[1450]: (1567.721191186243,1)
[1451]: (1563.10815680839,1)
[1452]: (1568.048600375133,1)
[1453]: (1563.57021554659,1)
[1454]: (1578.168850803104,1)
[1455]: (1563.050653562893,1)
[1456]: (1562.236332396398,1)
[1457]: (1563.10126204692,1)
[1458]: (1570.723364658555,1)
[1459]: (1561.145507218415,1)
[1460]: (1566.240251533701,1)
[1461]: (1559.255222323661,1)
[1462]: (1577.414354552544,1)
[1463]: (1569.396295154944,1)
[1464]: (1578.336038340696,1)
[1465]: (1569.820977403684,1)
[1466]: (1565.184063529443,1)
[1467]: (1566.02116750102,1)
[1468]: (1565.266117979695,1)
[1469]: (1572.510610674327,1)
[1470]: (1565.040071519767,1)
[1471]: (1565.582987601673,1)
[1472]: (1566.122874401162,1)
[1473]: (1575.159066967609,1)
[1474]: (1569.598938317078,1)
[1475]: (1563.139163344852,1)
[1476]: (1564.654836791606,1)
[1477]: (1570.120108261489,1)
[1478]: (1570.228033913393,1)
[1479]: (1568.126928612398,1)
[1480]: (1565.003196731087,1)
[1481]: (1564.006109788902,1)
[1482]: (1561.237400154141,1)
[1483]: (1564.212156852258,1)
[1484]: (1563.136612613718,1)
[1485]: (1578.011434278148,1)
[1486]: (1569.605844204926,1)
[1487]: (1564.302600071867,1)
[1488]: (1561.2259807936,1)
[1489]: (1563.417443964544,1)
[1490]: (1570.438228374476,1)
[1491]: (1569.176820068928,1)
[1492]: (1559.107224864872,1)
[1493]: (1580.088501497711,1)
[1494]: (1559.327794534498,1)
[1495]: (1569.456374161786,1)
[1496]: (1559.585431811381,1)
[1497]: (1559.410210139003,1)
[1498]: (1564.427582692482,1)
[1499]: (1567.262628904158,1)
[1500]: (1568.027981708829,1)
[1501]: (1565.350897794262,1)
[1502]: (1566.671001702525,1)
[1503]: (1561.176047368456,1)
[1504]: (1571.869024319401,1)
[1505]: (1578.348890733678,1)
[1506]: (1564.039209756988,1)
[1507]: (1566.272855446969,1)
[1508]: (1570.221301726622,1)
[1509]: (1562.622253918976,1)
[1510]: (1559.996692481873,1)
[1511]: (1571.180563714536,1)
[1512]: (1560.69409516596,1)
[1513]: (1575.642251096117,1)
[1514]: (1562.180362638888,1)
[1515]: (1567.059184922644,1)
[1516]: (1570.792344065044,1)
[1517]: (1565.271906775377,1)
[1518]: (1569.029877390876,1)
[1519]: (1566.049363351697,1)
[1520]: (1574.284937513379,1)
[1521]: (1576.500637070405,1)
[1522]: (1564.030595629513,1)
[1523]: (1566.245620698469,1)
[1524]: (1559.530116057675,1)
[1525]: (1570.006093412439,1)
[1526]: (1576.422550913816,1)
[1527]: (1562.423053039026,1)
[1528]: (1576.61451623796,1)
[1529]: (1569.230696701378,1)
[1530]: (1569.152800342265,1)
[1531]: (1577.506246777144,1)
[1532]: (1571.039748934444,1)
[1533]: (1576.266335690203,1)
[1534]: (1567.45653840678,1)
[1535]: (1559.609641777803,1)
[1536]: (1561.04760105418,1)
[1537]: (1560.039535043865,1)
[1538]: (1561.394913773719,1)
[1539]: (1564.172608566386,1)
[1540]: (1559.229176108648,1)
[1541]: (1561.551731061045,1)
[1542]: (1559.322878566387,1)
[1543]: (1570.358557100911,1)
[1544]: (1561.02286166358,1)
[1545]: (1561.873795368446,1)
[1546]: (1571.070744503511,1)
[1547]: (1565.38572252562,1)
[1548]: (1561.083352762653,1)
[1549]: (1568.262691870396,1)
[1550]: (1565.406261426458,1)
[1551]: (1565.08855986406,1)
[1552]: (1575.233871339208,1)
[1553]: (1564.056339829908,1)
[1554]: (1564.040047220668,1)
[1555]: (1563.098689879577,1)
[1556]: (1559.642618900816,1)
[1557]: (1561.362092256908,1)
[1558]: (1563.216218866845,1)
[1559]: (1567.92761923494,1)
[1560]: (1566.707452706959,1)
[1561]: (1569.852829356861,1)
[1562]: (1564.203194432192,1)
[1563]: (1567.117317614246,1)
[1564]: (1571.048822192215,1)
[1565]: (1561.528862702795,1)
[1566]: (1580.419550924329,1)
[1567]: (1564.09541665767,1)
[1568]: (1565.082770792636,1)
[1569]: (1568.424319253357,1)
[1570]: (1568.320911666455,1)
[1571]: (1560.080517563891,1)
[1572]: (1563.111072005995,1)
[1573]: (1562.455424408933,1)
[1574]: (1562.816851165237,1)
[1575]: (1562.682186847813,1)
[1576]: (1563.714525010214,1)
[1577]: (1575.488714796177,1)
[1578]: (1559.428674878797,1)
[1579]: (1571.025753614799,1)
[1580]: (1565.750439783371,1)
[1581]: (1570.03933681082,1)
[1582]: (1571.172702640989,1)
[1583]: (1573.634259987459,1)
[1584]: (1564.287624427579,1)
[1585]: (1564.739208621479,1)
[1586]: (1561.026232490978,1)
[1587]: (1564.396048490274,1)
[1588]: (1575.315863435524,1)
[1589]: (1564.177351122408,1)
[1590]: (1560.311037567417,1)
[1591]: (1568.022174339518,1)
[1592]: (1571.432333262127,1)
[1593]: (1567.27880052782,1)
[1594]: (1565.049941756135,1)
[1595]: (1559.082062560269,1)
[1596]: (1567.34957144747,1)
[1597]: (1584.200221256098,1)
[1598]: (1564.035359955701,1)
[1599]: (1563.222017742853,1)
[1600]: (1561.494448769911,1)
[1601]: (1570.746017554063,1)
[1602]: (1571.005069169974,1)
[1603]: (1575.305403521939,1)
[1604]: (1565.224435262304,1)
[1605]: (1576.339960786349,1)
[1606]: (1566.590553756728,1)
[1607]: (1579.301707407897,1)
[1608]: (1567.223821663849,1)
[1609]: (1560.33793618612,1)
[1610]: (1571.149461696334,1)
[1611]: (1560.228379688868,1)
[1612]: (1568.213817143177,1)
[1613]: (1564.869298010494,1)
[1614]: (1559.076557047427,1)
[1615]: (1569.206373154599,1)
[1616]: (1569.080709523665,1)
[1617]: (1566.777908830778,1)
[1618]: (1568.601438261854,1)
[1619]: (1570.02413527037,1)
[1620]: (1563.854421919853,1)
[1621]: (1560.168181484953,1)
[1622]: (1561.091784878639,1)
[1623]: (1572.736433074702,1)
[1624]: (1564.28697242936,1)
[1625]: (1581.115427565235,1)
[1626]: (1566.11352791834,1)
[1627]: (1568.135663887693,1)
[1628]: (1572.343821660411,1)
[1629]: (1574.001691287426,1)
[1630]: (1561.657914532299,1)
[1631]: (1560.030085246072,1)
[1632]: (1559.004229049557,1)
[1633]: (1570.046761762848,1)
[1634]: (1571.044096126222,1)
[1635]: (1564.194291037204,1)
[1636]: (1565.293539329953,1)
[1637]: (1572.016641581411,1)
[1638]: (1563.273160772719,1)
[1639]: (1570.060840528186,1)
[1640]: (1564.081570509114,1)
[1641]: (1566.526473461773,1)
[1642]: (1565.356529369233,1)
[1643]: (1561.20307631202,1)
[1644]: (1567.841265866316,1)
[1645]: (1574.088558899704,1)
[1646]: (1563.041520654214,1)
[1647]: (1561.230090887221,1)
[1648]: (1564.184210150794,1)
[1649]: (1559.068863482806,1)
[1650]: (1567.025711419532,1)
[1651]: (1566.252532410282,1)
[1652]: (1559.473447235488,1)
[1653]: (1562.154478938391,1)
[1654]: (1561.013348675935,1)
[1655]: (1569.67942753091,1)
[1656]: (1565.370108153802,1)
[1657]: (1581.472130396194,1)
[1658]: (1562.149260943418,1)
[1659]: (1568.256094198894,1)
[1660]: (1566.080802598693,1)
[1661]: (1569.11417334098,1)
[1662]: (1561.133979021271,1)
[1663]: (1563.839996645571,1)
[1664]: (1560.676531773715,1)
[1665]: (1566.498244460348,1)
[1666]: (1559.688968128813,1)
[1667]: (1570.433392225863,1)
[1668]: (1575.024075409192,1)
[1669]: (1572.18297330114,1)
[1670]: (1559.075985506095,1)
[1671]: (1560.095715828134,1)
[1672]: (1563.009944452951,1)
[1673]: (1561.144990021593,1)
[1674]: (1573.139026340274,1)
[1675]: (1560.246183879256,1)
[1676]: (1562.104112153152,1)
[1677]: (1559.247943580639,1)
[1678]: (1568.008776189426,1)
[1679]: (1565.404437888874,1)
[1680]: (1561.032117862521,1)
[1681]: (1572.002081502893,1)
[1682]: (1575.152597707541,1)
[1683]: (1570.122153897079,1)
[1684]: (1567.089743381006,1)
[1685]: (1565.05175966508,1)
[1686]: (1568.228031776728,1)
[1687]: (1568.353937673311,1)
[1688]: (1565.173107916097,1)
[1689]: (1574.549153183789,1)
[1690]: (1569.059916843379,1)
[1691]: (1571.156891478302,1)
[1692]: (1565.194640006199,1)
[1693]: (1565.144621897229,1)
[1694]: (1563.755620899733,1)
[1695]: (1570.189307540593,1)
[1696]: (1564.072086322688,1)
[1697]: (1564.14479780581,1)
[1698]: (1564.12042880771,1)
[1699]: (1571.047335267376,1)
[1700]: (1577.727283141817,1)
[1701]: (1561.182423974752,1)
[1702]: (1559.077438268049,1)
[1703]: (1569.180950605846,1)
[1704]: (1566.694796433698,1)
[1705]: (1579.19067579559,1)
[1706]: (1559.116568976749,1)
[1707]: (1571.247970756749,1)
[1708]: (1571.728483537516,1)
[1709]: (1564.120949595508,1)
[1710]: (1563.4385622411,1)
[1711]: (1568.815254967797,1)
[1712]: (1565.525961873377,1)
[1713]: (1564.053743070304,1)
[1714]: (1559.029735481186,1)
[1715]: (1575.226608230619,1)
[1716]: (1562.052480956096,1)
[1717]: (1564.058475549432,1)
[1718]: (1575.405715806265,1)
[1719]: (1571.104773536643,1)
[1720]: (1572.07581902418,1)
[1721]: (1561.57363411441,1)
[1722]: (1568.190322312021,1)
[1723]: (1569.039300785258,1)
[1724]: (1561.201345712448,1)
[1725]: (1577.468827248641,1)
[1726]: (1569.085511246193,1)
[1727]: (1563.390161260545,1)
[1728]: (1570.148494063855,1)
[1729]: (1571.397766890881,1)
[1730]: (1563.01846214951,1)
[1731]: (1564.424181086765,1)
[1732]: (1578.05644716068,1)
[1733]: (1561.526192026012,1)
[1734]: (1568.008837212414,1)
[1735]: (1568.061758799146,1)
[1736]: (1561.069977517257,1)
[1737]: (1560.332020956366,1)
[1738]: (1586.574322953846,1)
[1739]: (1569.387740656128,1)
[1740]: (1576.180839935654,1)
[1741]: (1562.219103468379,1)
[1742]: (1571.236342238437,1)
[1743]: (1559.667614046816,1)
[1744]: (1559.203357422756,1)
[1745]: (1560.747576950855,1)
[1746]: (1565.534907190136,1)
[1747]: (1566.313445725352,1)
[1748]: (1561.470767438267,1)
[1749]: (1561.033481847046,1)
[1750]: (1562.178338050734,1)
[1751]: (1569.601480070263,1)
[1752]: (1567.204873542614,1)
[1753]: (1560.519082268882,1)
[1754]: (1573.652833729278,1)
[1755]: (1565.073942783469,1)
[1756]: (1574.665077875838,1)
[1757]: (1561.707886618231,1)
[1758]: (1570.000709223533,1)
[1759]: (1566.579167485914,1)
[1760]: (1561.073679994289,1)
[1761]: (1570.399916568314,1)
[1762]: (1565.946676630557,1)
[1763]: (1565.206410883242,1)
[1764]: (1561.011789746764,1)
[1765]: (1565.059330596039,1)
[1766]: (1570.08082890782,1)
[1767]: (1566.035708429385,1)
[1768]: (1570.285467057692,1)
[1769]: (1568.172767076582,1)
[1770]: (1570.148886984902,1)
[1771]: (1562.147888245004,1)
[1772]: (1567.359560610706,1)
[1773]: (1576.132609302431,1)
[1774]: (1562.000925804495,1)
[1775]: (1570.321312557002,1)
[1776]: (1574.177115981097,1)
[1777]: (1568.794762223208,1)
[1778]: (1564.136141468764,1)
[1779]: (1572.301812407673,1)
[1780]: (1565.93351175535,1)
[1781]: (1565.154571910025,1)
[1782]: (1567.224646758101,1)
[1783]: (1569.204187134062,1)
[1784]: (1566.329569178811,1)
[1785]: (1560.659678841484,1)
[1786]: (1571.193557213316,1)
[1787]: (1559.33222607424,1)
[1788]: (1573.111866733045,1)
[1789]: (1566.324703061378,1)
[1790]: (1571.105339192398,1)
[1791]: (1563.243462220869,1)
[1792]: (1569.128915142615,1)
[1793]: (1565.048677572349,1)
[1794]: (1572.050288986308,1)
[1795]: (1579.758285172588,1)
[1796]: (1560.412773087979,1)
[1797]: (1571.322703100474,1)
[1798]: (1572.41498106518,1)
[1799]: (1560.224381164754,1)
[1800]: (1567.088202084692,1)
[1801]: (1569.472288003836,1)
[1802]: (1573.972153115316,1)
[1803]: (1563.903314338066,1)
[1804]: (1568.335971379991,1)
[1805]: (1564.254816034739,1)
[1806]: (1563.147593502655,1)
[1807]: (1562.476103492774,1)
[1808]: (1559.661920588116,1)
[1809]: (1564.086994069378,1)
[1810]: (1569.168058405121,1)
[1811]: (1571.27831244568,1)
[1812]: (1559.202502246211,1)
[1813]: (1560.074768779543,1)
[1814]: (1564.425228028868,1)
[1815]: (1567.042682584525,1)
[1816]: (1562.305367591681,1)
[1817]: (1568.097785404688,1)
[1818]: (1564.468125832995,1)
[1819]: (1560.107329721686,1)
[1820]: (1570.466708284583,1)
[1821]: (1573.233565433923,1)
[1822]: (1561.206843247765,1)
[1823]: (1569.215620073697,1)
[1824]: (1568.624059444705,1)
[1825]: (1567.033990395138,1)
[1826]: (1567.592381838393,1)
[1827]: (1567.287214865618,1)
[1828]: (1564.486341960873,1)
[1829]: (1571.462702651318,1)
[1830]: (1562.259063348249,1)
[1831]: (1564.474601982053,1)
[1832]: (1571.803730636815,1)
[1833]: (1566.008073860243,1)
[1834]: (1564.207508218828,1)
[1835]: (1569.24909007966,1)
[1836]: (1571.75819393511,1)
[1837]: (1574.091080365698,1)
[1838]: (1559.071887444752,1)
[1839]: (1560.279488983446,1)
[1840]: (1567.032125055363,1)
[1841]: (1566.27082108719,1)
[1842]: (1569.6972551141,1)
[1843]: (1561.410099922924,1)
[1844]: (1571.384066349416,1)
[1845]: (1570.075474830018,1)
[1846]: (1561.20245630208,1)
[1847]: (1573.726779590866,1)
[1848]: (1571.143823886964,1)
[1849]: (1569.058094695861,1)
[1850]: (1569.304639532046,1)
[1851]: (1570.034753559087,1)
[1852]: (1562.164029863697,1)
[1853]: (1568.189935067177,1)
[1854]: (1574.203249490039,1)
[1855]: (1573.040895036024,1)
[1856]: (1568.155174390071,1)
[1857]: (1562.59689655785,1)
[1858]: (1574.357080155172,1)
[1859]: (1567.090533867858,1)
[1860]: (1571.198210821782,1)
[1861]: (1564.052222352158,1)
[1862]: (1562.103301488504,1)
[1863]: (1572.015555189396,1)
[1864]: (1559.005601027271,1)
[1865]: (1578.330927526859,1)
[1866]: (1564.332490643071,1)
[1867]: (1570.45328761519,1)
[1868]: (1572.734252256032,1)
[1869]: (1560.346898959891,1)
[1870]: (1562.283318232168,1)
[1871]: (1564.055352491035,1)
[1872]: (1570.378773479433,1)
[1873]: (1563.064531762448,1)
[1874]: (1566.195590575141,1)
[1875]: (1559.528784585601,1)
[1876]: (1559.033156030474,1)
[1877]: (1572.076981401717,1)
[1878]: (1571.414570197572,1)
[1879]: (1569.430407377843,1)
[1880]: (1571.069851676118,1)
[1881]: (1569.715428507588,1)
[1882]: (1563.021629593279,1)
[1883]: (1572.004474525226,1)
[1884]: (1576.022479241507,1)
[1885]: (1567.16935687216,1)
[1886]: (1568.044803017448,1)
[1887]: (1566.383423047178,1)
[1888]: (1569.026414091655,1)
[1889]: (1563.460854327171,1)
[1890]: (1565.18909036072,1)
[1891]: (1568.217907146553,1)
[1892]: (1570.067008322504,1)
[1893]: (1564.403324755077,1)
[1894]: (1567.166943373146,1)
[1895]: (1568.826358779856,1)
[1896]: (1574.106745954517,1)
[1897]: (1572.010175666081,1)
[1898]: (1570.079974469481,1)
[1899]: (1561.12114780177,1)
[1900]: (1570.308479881804,1)
[1901]: (1560.439938300279,1)
[1902]: (1569.454248243913,1)
[1903]: (1563.498684583478,1)
[1904]: (1567.397202243554,1)
[1905]: (1573.021952060621,1)
[1906]: (1560.012800267491,1)
[1907]: (1575.237677434855,1)
[1908]: (1575.380064129407,1)
[1909]: (1562.369057674966,1)
[1910]: (1566.039426964289,1)
[1911]: (1564.339263274099,1)
[1912]: (1570.336943346819,1)
[1913]: (1574.668188690424,1)
[1914]: (1563.328618550368,1)
[1915]: (1567.332006427266,1)
[1916]: (1574.267107393639,1)
[1917]: (1578.183537392111,1)
[1918]: (1567.002206971654,1)
[1919]: (1573.000411224103,1)
[1920]: (1570.273782207511,1)
[1921]: (1561.031786680051,1)
[1922]: (1561.242165974454,1)
[1923]: (1577.401571993496,1)
[1924]: (1575.306284488717,1)
[1925]: (1562.076185627953,1)
[1926]: (1566.219698407692,1)
[1927]: (1561.502293848171,1)
[1928]: (1560.015016980396,1)
[1929]: (1561.003189924935,1)
[1930]: (1564.855002011669,1)
[1931]: (1564.039338487507,1)
[1932]: (1559.12730422544,1)
[1933]: (1563.489519016076,1)
[1934]: (1559.008790162865,1)
[1935]: (1567.813007411435,1)
[1936]: (1572.08268206093,1)
[1937]: (1576.745133047754,1)
[1938]: (1561.367673367764,1)
[1939]: (1566.048362899288,1)
[1940]: (1564.193412403513,1)
[1941]: (1568.264196056028,1)
[1942]: (1568.246951611946,1)
[1943]: (1570.00762077753,1)
[1944]: (1569.13500834066,1)
[1945]: (1567.134301170153,1)
[1946]: (1560.813565787855,1)
[1947]: (1563.306877243553,1)
[1948]: (1567.354300136395,1)
[1949]: (1566.045006938332,1)
[1950]: (1561.070251539926,1)
[1951]: (1567.022509661896,1)
[1952]: (1561.137753680339,1)
[1953]: (1562.257457566312,1)
[1954]: (1572.033195564422,1)
[1955]: (1575.110929960277,1)
[1956]: (1565.281242291243,1)
[1957]: (1572.012220122879,1)
[1958]: (1567.30671159372,1)
[1959]: (1560.370431876945,1)
[1960]: (1559.001434069451,1)
[1961]: (1560.037648728136,1)
[1962]: (1569.240056615569,1)
[1963]: (1568.232253636359,1)
[1964]: (1560.045282639765,1)
[1965]: (1578.304627206375,1)
[1966]: (1561.161479037125,1)
[1967]: (1564.069995057151,1)
[1968]: (1575.07959259904,1)
[1969]: (1563.478339208988,1)
[1970]: (1571.062260002452,1)
[1971]: (1569.022309065152,1)
[1972]: (1563.335703913041,1)
[1973]: (1566.227522696052,1)
[1974]: (1570.421480954687,1)
[1975]: (1567.280806184794,1)
[1976]: (1559.517694273192,1)
[1977]: (1566.212673993095,1)
[1978]: (1569.069356315072,1)
[1979]: (1564.105606387494,1)
[1980]: (1565.646589307305,1)
[1981]: (1563.113061871679,1)
[1982]: (1562.322951176373,1)
[1983]: (1560.04042980011,1)
[1984]: (1566.338659892806,1)
[1985]: (1574.079331431911,1)
[1986]: (1573.146541224966,1)
[1987]: (1560.257104344249,1)
[1988]: (1563.033879705458,1)
[1989]: (1567.912368578065,1)
[1990]: (1564.910655136811,1)
[1991]: (1572.007601905282,1)
[1992]: (1570.2511037516,1)
[1993]: (1561.383148063483,1)
[1994]: (1569.868383671396,1)
[1995]: (1562.45866393399,1)
[1996]: (1578.607020235344,1)
[1997]: (1577.040636945862,1)
[1998]: (1564.281249577504,1)
[1999]: (1565.077889506589,1)
 -- States explored : 0 states
 -- CPU user time used : 677160 ms
 -- Virtual memory used : 38567540 KiB
 -- Resident memory used : 38529244 KiB
executionTime: 4659
