core file size          (blocks, -c) unlimited
data seg size           (kbytes, -d) unlimited
scheduling priority             (-e) 0
file size               (blocks, -f) unlimited
pending signals                 (-i) 4077086
max locked memory       (kbytes, -l) 64
max memory size         (kbytes, -m) 166723584
open files                      (-n) 4096
pipe size            (512 bytes, -p) 8
POSIX message queues     (bytes, -q) 819200
real-time priority              (-r) 0
stack size              (kbytes, -s) 8192
cpu time               (seconds, -t) unlimited
max user processes              (-u) 4077086
virtual memory          (kbytes, -v) 159000000
file locks                      (-x) unlimited
Options for the verification:
  Generating some trace
  Search order is random depth first
  Using conservative space optimisation
  Seed is 1557395063
  State space representation uses minimal constraint systems
  Using HashMap + Compress integers for discrete state storage

Verifying formula 1 at ../queries/SP_300_7_2.q:1
 -- Formula is satisfied.
(9000 runs)
Learning statistics for best strategy: 
	Number of resets: 0
	Number of iterations in last reset: 30
	Number of iterations in total: 30

 -- States explored : 0 states
 -- CPU user time used : 5598950 ms
 -- Virtual memory used : 56542320 KiB
 -- Resident memory used : 56503692 KiB

Verifying formula 2 at ../queries/SP_300_7_2.q:2
 -- Formula is satisfied.
Composer.Done:
[0]: (0,0) (1632.003212679533,1)
[1]: (1637.35429905535,1)
[2]: (1643.595821986286,1)
[3]: (1640.260025295169,1)
[4]: (1640.042408741989,1)
[5]: (1632.265809754442,1)
[6]: (1637.097718853353,1)
[7]: (1632.181418364134,1)
[8]: (1632.142544190522,1)
[9]: (1632.396837364087,1)
[10]: (1640.27782161908,1)
[11]: (1647.1193109071,1)
[12]: (1643.037312184029,1)
[13]: (1636.741258996873,1)
[14]: (1638.023788165057,1)
[15]: (1633.485016444293,1)
[16]: (1636.026133967459,1)
[17]: (1639.130862330229,1)
[18]: (1634.047793290523,1)
[19]: (1632.15500973918,1)
[20]: (1634.074882737661,1)
[21]: (1637.12628592015,1)
[22]: (1643.065890802866,1)
[23]: (1632.044936822477,1)
[24]: (1632.79888508077,1)
[25]: (1637.463897108618,1)
[26]: (1633.257579156527,1)
[27]: (1632.070619564904,1)
[28]: (1637.355539961636,1)
[29]: (1655.247435841566,1)
[30]: (1633.016835383355,1)
[31]: (1650.410042027242,1)
[32]: (1636.080359313683,1)
[33]: (1643.259902035632,1)
[34]: (1639.496239340104,1)
[35]: (1659.541977991725,1)
[36]: (1632.074576996393,1)
[37]: (1632.886681066481,1)
[38]: (1635.261989255971,1)
[39]: (1633.538426228524,1)
[40]: (1645.035045673546,1)
[41]: (1659.167943542293,1)
[42]: (1640.81017192835,1)
[43]: (1637.4372195689,1)
[44]: (1634.149536142406,1)
[45]: (1654.104817396823,1)
[46]: (1634.094427009249,1)
[47]: (1637.301041484713,1)
[48]: (1637.108775575726,1)
[49]: (1645.290380648402,1)
[50]: (1634.18683257895,1)
[51]: (1640.438270183741,1)
[52]: (1644.119930375591,1)
[53]: (1656.083454441994,1)
[54]: (1635.190163531669,1)
[55]: (1650.626767909094,1)
[56]: (1637.428004423638,1)
[57]: (1641.075698435304,1)
[58]: (1632.126653820985,1)
[59]: (1637.040263698968,1)
[60]: (1637.116799925259,1)
[61]: (1635.32723975354,1)
[62]: (1633.021422152309,1)
[63]: (1635.126803413009,1)
[64]: (1634.200329568538,1)
[65]: (1644.179801044829,1)
[66]: (1645.401242897516,1)
[67]: (1635.059745529516,1)
[68]: (1632.162348506184,1)
[69]: (1646.542417146428,1)
[70]: (1643.031552668692,1)
[71]: (1643.351357265405,1)
[72]: (1636.463963701126,1)
[73]: (1637.172962028386,1)
[74]: (1637.374709548851,1)
[75]: (1636.358276969705,1)
[76]: (1649.693693061928,1)
[77]: (1641.300946823551,1)
[78]: (1659.038862327731,1)
[79]: (1632.971291499342,1)
[80]: (1633.394441491182,1)
[81]: (1646.901359690213,1)
[82]: (1637.284309669672,1)
[83]: (1632.02996494373,1)
[84]: (1632.177113678643,1)
[85]: (1642.493212723744,1)
[86]: (1632.02184131532,1)
[87]: (1635.327728155891,1)
[88]: (1653.294524884006,1)
[89]: (1635.234104894513,1)
[90]: (1647.502354086565,1)
[91]: (1637.678471975178,1)
[92]: (1633.319681891875,1)
[93]: (1634.028969740632,1)
[94]: (1646.188792797974,1)
[95]: (1644.370741570167,1)
[96]: (1633.271074263629,1)
[97]: (1637.079984655846,1)
[98]: (1652.038116114415,1)
[99]: (1632.088947753141,1)
[100]: (1641.692057425628,1)
[101]: (1632.205533396816,1)
[102]: (1638.059008602891,1)
[103]: (1643.438024979956,1)
[104]: (1634.498156039225,1)
[105]: (1634.292658956664,1)
[106]: (1636.983530160762,1)
[107]: (1653.14218988183,1)
[108]: (1636.030872447688,1)
[109]: (1632.566889850628,1)
[110]: (1632.120499013845,1)
[111]: (1637.002076667095,1)
[112]: (1632.27933897242,1)
[113]: (1632.72974650449,1)
[114]: (1650.030593695576,1)
[115]: (1633.414510785701,1)
[116]: (1659.718051235763,1)
[117]: (1637.562985361835,1)
[118]: (1638.227644286239,1)
[119]: (1634.061715450823,1)
[120]: (1633.357131066399,1)
[121]: (1632.091723616613,1)
[122]: (1643.671953887694,1)
[123]: (1632.0679507665,1)
[124]: (1638.153689889932,1)
[125]: (1638.012137782155,1)
[126]: (1635.206036674846,1)
[127]: (1632.046854659887,1)
[128]: (1645.011457086947,1)
[129]: (1637.002672516276,1)
[130]: (1651.471504898208,1)
[131]: (1636.697751534642,1)
[132]: (1643.65080096859,1)
[133]: (1633.317702713478,1)
[134]: (1637.69385086853,1)
[135]: (1637.807765814682,1)
[136]: (1637.875813970907,1)
[137]: (1633.310923527434,1)
[138]: (1633.12730970025,1)
[139]: (1634.259536693484,1)
[140]: (1643.00094322208,1)
[141]: (1647.019242728031,1)
[142]: (1634.118154666982,1)
[143]: (1638.316449391979,1)
[144]: (1633.267400040605,1)
[145]: (1632.245211733147,1)
[146]: (1667.339329239943,1)
[147]: (1637.032044397992,1)
[148]: (1633.152626300811,1)
[149]: (1632.356312105494,1)
[150]: (1636.079179339343,1)
[151]: (1632.174469221997,1)
[152]: (1638.919993045446,1)
[153]: (1632.029229701765,1)
[154]: (1632.450871229478,1)
[155]: (1653.342020307529,1)
[156]: (1638.038192537402,1)
[157]: (1658.097953414939,1)
[158]: (1632.265879290921,1)
[159]: (1632.074637250041,1)
[160]: (1632.282951036043,1)
[161]: (1632.002460831616,1)
[162]: (1632.029089047741,1)
[163]: (1632.090226530221,1)
[164]: (1635.046071341744,1)
[165]: (1646.054251250334,1)
[166]: (1636.378650644594,1)
[167]: (1638.063507814653,1)
[168]: (1632.624809597079,1)
[169]: (1632.714755830831,1)
[170]: (1636.061699245711,1)
[171]: (1644.005734960848,1)
[172]: (1643.252788030046,1)
[173]: (1636.105961474557,1)
[174]: (1645.008154978505,1)
[175]: (1634.291492965308,1)
[176]: (1632.549310078455,1)
[177]: (1632.056390220737,1)
[178]: (1632.051356133542,1)
[179]: (1641.482991856047,1)
[180]: (1639.176226805367,1)
[181]: (1632.053191196094,1)
[182]: (1637.033615158391,1)
[183]: (1633.538355574007,1)
[184]: (1633.00437436404,1)
[185]: (1632.051942747622,1)
[186]: (1645.125025240858,1)
[187]: (1633.099647251018,1)
[188]: (1633.544321191304,1)
[189]: (1633.123601378114,1)
[190]: (1633.383895521952,1)
[191]: (1651.141196210328,1)
[192]: (1638.07182971933,1)
[193]: (1638.005772482972,1)
[194]: (1644.284554181391,1)
[195]: (1632.381246389989,1)
[196]: (1638.154159308299,1)
[197]: (1634.009609332451,1)
[198]: (1632.82104885796,1)
[199]: (1650.551458650111,1)
[200]: (1632.09617424395,1)
[201]: (1637.059843266706,1)
[202]: (1633.557672575647,1)
[203]: (1645.337965770687,1)
[204]: (1651.504229597354,1)
[205]: (1632.134664635214,1)
[206]: (1657.065148696327,1)
[207]: (1633.619814183099,1)
[208]: (1651.580211948716,1)
[209]: (1632.207928593378,1)
[210]: (1637.608148600045,1)
[211]: (1649.133824354133,1)
[212]: (1632.508465677941,1)
[213]: (1632.433132541624,1)
[214]: (1632.016498802428,1)
[215]: (1641.037624656436,1)
[216]: (1644.276872321603,1)
[217]: (1633.070072729741,1)
[218]: (1632.287381842213,1)
[219]: (1632.504471791096,1)
[220]: (1633.333893083193,1)
[221]: (1632.083768467109,1)
[222]: (1640.266412022991,1)
[223]: (1640.132767506567,1)
[224]: (1632.6428694484,1)
[225]: (1632.469731155729,1)
[226]: (1646.106043626634,1)
[227]: (1632.893551484035,1)
[228]: (1632.070765369726,1)
[229]: (1654.012613880716,1)
[230]: (1641.183067036238,1)
[231]: (1636.265536596099,1)
[232]: (1647.517053343768,1)
[233]: (1645.176283247615,1)
[234]: (1669.346857670997,1)
[235]: (1633.772624507577,1)
[236]: (1637.79814614357,1)
[237]: (1642.203517274526,1)
[238]: (1639.263266141849,1)
[239]: (1633.691864565755,1)
[240]: (1639.242470551997,1)
[241]: (1636.253851074326,1)
[242]: (1642.043410281845,1)
[243]: (1642.284580559725,1)
[244]: (1635.701060864056,1)
[245]: (1635.888232315493,1)
[246]: (1637.315899291087,1)
[247]: (1635.58133827681,1)
[248]: (1649.074604831306,1)
[249]: (1643.783560553372,1)
[250]: (1632.136288018154,1)
[251]: (1638.011589011055,1)
[252]: (1648.122747184628,1)
[253]: (1636.000808136405,1)
[254]: (1634.009811775546,1)
[255]: (1632.283887506192,1)
[256]: (1633.050827614933,1)
[257]: (1641.58700645792,1)
[258]: (1637.594147522812,1)
[259]: (1637.182715206951,1)
[260]: (1640.062917680986,1)
[261]: (1634.351765410717,1)
[262]: (1648.571596081129,1)
[263]: (1640.00747311705,1)
[264]: (1634.23257088385,1)
[265]: (1635.766812235146,1)
[266]: (1632.466376017585,1)
[267]: (1637.151592449919,1)
[268]: (1637.244818212575,1)
[269]: (1637.229909654016,1)
[270]: (1635.114208581039,1)
[271]: (1633.177666864974,1)
[272]: (1634.666595888801,1)
[273]: (1639.114576836775,1)
[274]: (1632.21264931495,1)
[275]: (1633.357586010262,1)
[276]: (1633.442453902651,1)
[277]: (1632.177217159197,1)
[278]: (1654.302376668679,1)
[279]: (1633.045782825465,1)
[280]: (1637.058265777236,1)
[281]: (1643.963154821866,1)
[282]: (1638.48773704942,1)
[283]: (1640.489981999431,1)
[284]: (1648.566628569223,1)
[285]: (1639.485373676481,1)
[286]: (1636.075279322109,1)
[287]: (1635.405595178896,1)
[288]: (1642.188723859145,1)
[289]: (1635.112160184693,1)
[290]: (1637.019310843918,1)
[291]: (1634.199720082829,1)
[292]: (1650.002461669788,1)
[293]: (1632.130769341582,1)
[294]: (1645.351747911197,1)
[295]: (1632.126917748879,1)
[296]: (1651.120450549235,1)
[297]: (1641.261051020455,1)
[298]: (1633.254577090229,1)
[299]: (1634.105164641245,1)
[300]: (1640.309511471924,1)
[301]: (1643.304397274387,1)
[302]: (1633.002271444663,1)
[303]: (1649.040813836763,1)
[304]: (1633.617431114852,1)
[305]: (1632.157886882981,1)
[306]: (1637.010669222294,1)
[307]: (1639.831761977011,1)
[308]: (1633.472099159283,1)
[309]: (1637.298654245149,1)
[310]: (1643.088245924379,1)
[311]: (1640.041841465401,1)
[312]: (1648.03617467761,1)
[313]: (1635.198505645205,1)
[314]: (1649.439990230533,1)
[315]: (1633.705057424955,1)
[316]: (1632.253435269045,1)
[317]: (1637.212839705165,1)
[318]: (1643.850976246329,1)
[319]: (1643.43059818027,1)
[320]: (1641.586432061387,1)
[321]: (1632.503034477676,1)
[322]: (1649.334887824235,1)
[323]: (1645.057200270769,1)
[324]: (1648.436346838401,1)
[325]: (1636.086990880201,1)
[326]: (1637.175363485662,1)
[327]: (1639.973104830889,1)
[328]: (1634.358581522053,1)
[329]: (1649.603593240074,1)
[330]: (1633.325755088877,1)
[331]: (1648.031680461405,1)
[332]: (1636.078644071643,1)
[333]: (1632.056167977992,1)
[334]: (1643.063746361489,1)
[335]: (1637.198154291601,1)
[336]: (1647.035039329134,1)
[337]: (1640.17484278753,1)
[338]: (1638.016560467647,1)
[339]: (1632.26602980847,1)
[340]: (1632.068718066993,1)
[341]: (1632.808751316549,1)
[342]: (1644.054508979724,1)
[343]: (1633.484459768692,1)
[344]: (1643.207287991015,1)
[345]: (1639.048408122298,1)
[346]: (1660.300574479689,1)
[347]: (1632.266609219203,1)
[348]: (1634.06053680136,1)
[349]: (1660.003081851695,1)
[350]: (1632.159460282177,1)
[351]: (1635.689285300782,1)
[352]: (1653.035541116483,1)
[353]: (1641.140121317761,1)
[354]: (1638.310911868957,1)
[355]: (1632.172190088769,1)
[356]: (1635.201165500742,1)
[357]: (1632.967759737004,1)
[358]: (1635.473141634014,1)
[359]: (1639.402971399505,1)
[360]: (1633.033333410739,1)
[361]: (1633.228356788825,1)
[362]: (1633.053900845608,1)
[363]: (1632.419965658705,1)
[364]: (1632.036343073841,1)
[365]: (1653.139772617913,1)
[366]: (1652.303994449381,1)
[367]: (1642.072557114335,1)
[368]: (1633.380941677499,1)
[369]: (1638.074477942436,1)
[370]: (1643.132460622198,1)
[371]: (1638.589421181001,1)
[372]: (1646.206883416874,1)
[373]: (1637.420518721543,1)
[374]: (1632.391029126906,1)
[375]: (1634.857504187017,1)
[376]: (1632.583685777413,1)
[377]: (1632.048005140498,1)
[378]: (1633.421862466115,1)
[379]: (1637.021346480455,1)
[380]: (1632.568524261997,1)
[381]: (1639.176944791297,1)
[382]: (1634.214610397353,1)
[383]: (1653.51472375396,1)
[384]: (1636.180725736578,1)
[385]: (1635.457510808649,1)
[386]: (1633.060134511234,1)
[387]: (1637.281222274583,1)
[388]: (1645.078735509817,1)
[389]: (1632.520564751202,1)
[390]: (1633.127194585966,1)
[391]: (1632.140798536011,1)
[392]: (1653.699721465769,1)
[393]: (1640.170859682077,1)
[394]: (1637.234094103422,1)
[395]: (1636.126190459897,1)
[396]: (1633.135577196476,1)
[397]: (1641.181408975877,1)
[398]: (1635.126573329977,1)
[399]: (1632.002547916786,1)
[400]: (1632.272697159166,1)
[401]: (1632.014536943524,1)
[402]: (1633.233957080503,1)
[403]: (1643.44315009672,1)
[404]: (1635.119103277362,1)
[405]: (1636.253929897366,1)
[406]: (1639.295031838057,1)
[407]: (1632.482169429161,1)
[408]: (1651.314420698845,1)
[409]: (1634.143450542938,1)
[410]: (1641.240706464208,1)
[411]: (1651.079901099041,1)
[412]: (1632.534662206106,1)
[413]: (1635.053618674124,1)
[414]: (1647.031582328413,1)
[415]: (1632.261681672576,1)
[416]: (1641.289178663603,1)
[417]: (1634.339413899756,1)
[418]: (1632.105273525006,1)
[419]: (1637.977474639328,1)
[420]: (1635.031324900845,1)
[421]: (1641.391398760127,1)
[422]: (1632.524491771621,1)
[423]: (1633.085822549813,1)
[424]: (1632.26194312351,1)
[425]: (1636.000952150185,1)
[426]: (1632.705014874136,1)
[427]: (1635.411827653087,1)
[428]: (1635.826094175387,1)
[429]: (1633.320446479312,1)
[430]: (1637.570920013304,1)
[431]: (1632.591654273007,1)
[432]: (1633.487444297255,1)
[433]: (1634.248233248051,1)
[434]: (1632.106797861075,1)
[435]: (1653.057599335155,1)
[436]: (1645.021604752789,1)
[437]: (1638.286362972596,1)
[438]: (1633.101638883233,1)
[439]: (1643.222238594297,1)
[440]: (1632.255764316045,1)
[441]: (1632.167077847648,1)
[442]: (1642.157073653044,1)
[443]: (1637.170225361782,1)
[444]: (1633.038885054437,1)
[445]: (1644.321910767717,1)
[446]: (1641.367340552505,1)
[447]: (1641.304722862859,1)
[448]: (1649.134312676042,1)
[449]: (1632.915908508397,1)
[450]: (1648.162330950116,1)
[451]: (1635.65510582098,1)
[452]: (1643.701073754017,1)
[453]: (1634.604439316457,1)
[454]: (1641.06575957632,1)
[455]: (1632.727378738177,1)
[456]: (1632.20559028678,1)
[457]: (1632.149898210014,1)
[458]: (1639.127120657369,1)
[459]: (1635.175706427348,1)
[460]: (1636.231639516641,1)
[461]: (1638.033455926504,1)
[462]: (1633.219376238811,1)
[463]: (1638.064880141612,1)
[464]: (1632.3111829943,1)
[465]: (1649.130926507279,1)
[466]: (1639.317354472429,1)
[467]: (1636.036243643595,1)
[468]: (1632.424020215164,1)
[469]: (1637.235795173608,1)
[470]: (1640.567794746816,1)
[471]: (1641.935494083667,1)
[472]: (1636.349202714771,1)
[473]: (1639.70711706033,1)
[474]: (1640.016929273133,1)
[475]: (1639.346977429827,1)
[476]: (1632.707642918018,1)
[477]: (1658.643575399007,1)
[478]: (1632.01067659782,1)
[479]: (1641.007138384379,1)
[480]: (1637.076318110532,1)
[481]: (1632.038084547855,1)
[482]: (1633.379382464762,1)
[483]: (1643.419877098584,1)
[484]: (1638.860358226765,1)
[485]: (1637.458578673631,1)
[486]: (1637.330631570354,1)
[487]: (1638.291964385395,1)
[488]: (1639.242270055512,1)
[489]: (1638.019752596238,1)
[490]: (1634.239249266001,1)
[491]: (1641.293878454743,1)
[492]: (1634.319623430404,1)
[493]: (1632.388278761319,1)
[494]: (1646.393406155554,1)
[495]: (1637.019196982956,1)
[496]: (1650.885159831412,1)
[497]: (1632.920855854395,1)
[498]: (1639.120034766727,1)
[499]: (1632.20905103652,1)
[500]: (1647.648699774475,1)
[501]: (1646.22904576423,1)
[502]: (1638.115533139187,1)
[503]: (1644.003297642802,1)
[504]: (1632.190175667825,1)
[505]: (1633.017089455499,1)
[506]: (1632.446831198318,1)
[507]: (1632.202325203542,1)
[508]: (1654.048068007973,1)
[509]: (1632.264657548463,1)
[510]: (1644.627964655958,1)
[511]: (1632.392185029811,1)
[512]: (1640.427149251289,1)
[513]: (1632.045011544079,1)
[514]: (1638.826197358058,1)
[515]: (1633.136413659703,1)
[516]: (1632.087653170966,1)
[517]: (1632.318498829606,1)
[518]: (1636.323324394981,1)
[519]: (1640.188259377363,1)
[520]: (1637.135342743346,1)
[521]: (1634.606066475206,1)
[522]: (1650.626076288368,1)
[523]: (1638.355804688101,1)
[524]: (1632.041075084573,1)
[525]: (1647.267969756065,1)
[526]: (1632.12193221772,1)
[527]: (1639.522994275373,1)
[528]: (1643.258505647074,1)
[529]: (1636.133466174856,1)
[530]: (1632.27135350916,1)
[531]: (1632.209688562725,1)
[532]: (1640.469334540561,1)
[533]: (1634.091919307524,1)
[534]: (1634.62313803263,1)
[535]: (1637.334839901122,1)
[536]: (1648.104218565857,1)
[537]: (1638.723721509512,1)
[538]: (1635.029676013457,1)
[539]: (1632.325798086819,1)
[540]: (1633.218796740947,1)
[541]: (1633.003457088204,1)
[542]: (1642.355875929597,1)
[543]: (1635.807775243582,1)
[544]: (1643.514314698578,1)
[545]: (1635.545125594971,1)
[546]: (1639.137861416025,1)
[547]: (1648.321357678544,1)
[548]: (1634.294545670751,1)
[549]: (1640.56764682583,1)
[550]: (1635.316004399479,1)
[551]: (1644.467743532757,1)
[552]: (1633.089233530962,1)
[553]: (1636.128206853541,1)
[554]: (1637.04234367247,1)
[555]: (1633.979860057104,1)
[556]: (1634.083676983518,1)
[557]: (1632.161552029929,1)
[558]: (1632.592730631555,1)
[559]: (1633.175877228446,1)
[560]: (1632.593569048006,1)
[561]: (1640.225958685751,1)
[562]: (1634.971707644848,1)
[563]: (1634.122206316591,1)
[564]: (1632.35379323172,1)
[565]: (1633.21232374593,1)
[566]: (1632.120521441263,1)
[567]: (1635.333788703032,1)
[568]: (1660.09026403997,1)
[569]: (1652.323165339827,1)
[570]: (1632.56171000374,1)
[571]: (1632.273837142413,1)
[572]: (1633.486442794546,1)
[573]: (1632.099563883982,1)
[574]: (1659.38580955174,1)
[575]: (1647.118119451748,1)
[576]: (1632.112625709488,1)
[577]: (1647.447478973005,1)
[578]: (1637.570757289587,1)
[579]: (1643.020241631685,1)
[580]: (1634.244136727703,1)
[581]: (1645.089059306,1)
[582]: (1633.068749719424,1)
[583]: (1632.188590947346,1)
[584]: (1632.211917879939,1)
[585]: (1634.362400834477,1)
[586]: (1640.451785304019,1)
[587]: (1632.105853696284,1)
[588]: (1641.503955164301,1)
[589]: (1637.036728581051,1)
[590]: (1632.188877898643,1)
[591]: (1641.351989679608,1)
[592]: (1646.125499298239,1)
[593]: (1654.360249501362,1)
[594]: (1636.00164557304,1)
[595]: (1633.207019948066,1)
[596]: (1633.632253156103,1)
[597]: (1637.080598528481,1)
[598]: (1632.468488174298,1)
[599]: (1632.241092379207,1)
[600]: (1638.61452256318,1)
[601]: (1653.448180670393,1)
[602]: (1632.006438615607,1)
[603]: (1640.205159431977,1)
[604]: (1639.470072315023,1)
[605]: (1634.091880955475,1)
[606]: (1633.15575559796,1)
[607]: (1655.056412357174,1)
[608]: (1633.277306281918,1)
[609]: (1633.045307789344,1)
[610]: (1632.182769390584,1)
[611]: (1634.405252972733,1)
[612]: (1633.302996369751,1)
[613]: (1639.449673944625,1)
[614]: (1649.021317948764,1)
[615]: (1636.033580348209,1)
[616]: (1643.271862711149,1)
[617]: (1632.075099406675,1)
[618]: (1632.187064501447,1)
[619]: (1641.036072542136,1)
[620]: (1641.138981473507,1)
[621]: (1653.121560600106,1)
[622]: (1633.164986008095,1)
[623]: (1632.77718120256,1)
[624]: (1633.09453818191,1)
[625]: (1632.602086689667,1)
[626]: (1636.344603960724,1)
[627]: (1632.33803993672,1)
[628]: (1636.010186674275,1)
[629]: (1632.163406117469,1)
[630]: (1633.3621748613,1)
[631]: (1637.337379278817,1)
[632]: (1637.418801917986,1)
[633]: (1633.329704464786,1)
[634]: (1639.131961260476,1)
[635]: (1636.053833779409,1)
[636]: (1634.207164698618,1)
[637]: (1636.068676344457,1)
[638]: (1636.286723710585,1)
[639]: (1633.433636434759,1)
[640]: (1633.077321759488,1)
[641]: (1632.103834460924,1)
[642]: (1646.264146827464,1)
[643]: (1632.200955539178,1)
[644]: (1637.088127414841,1)
[645]: (1632.430447893391,1)
[646]: (1632.563013001504,1)
[647]: (1639.075641057771,1)
[648]: (1632.362248212529,1)
[649]: (1652.134632579078,1)
[650]: (1632.226230460463,1)
[651]: (1632.09057561622,1)
[652]: (1643.601744426112,1)
[653]: (1657.358751352769,1)
[654]: (1644.378127229272,1)
[655]: (1634.663524766846,1)
[656]: (1639.045239155706,1)
[657]: (1637.859033877706,1)
[658]: (1668.857018195773,1)
[659]: (1632.287206265951,1)
[660]: (1641.129902056714,1)
[661]: (1632.010552658982,1)
[662]: (1632.387095178632,1)
[663]: (1649.019381942092,1)
[664]: (1652.232121722256,1)
[665]: (1633.697412956298,1)
[666]: (1633.259776774222,1)
[667]: (1655.123926238167,1)
[668]: (1633.363017312177,1)
[669]: (1632.613125441414,1)
[670]: (1637.410789266539,1)
[671]: (1637.738434496083,1)
[672]: (1632.131630136189,1)
[673]: (1633.401554578002,1)
[674]: (1645.83855291211,1)
[675]: (1633.421272934125,1)
[676]: (1643.949244591865,1)
[677]: (1639.208021145792,1)
[678]: (1639.860791572965,1)
[679]: (1637.558644072717,1)
[680]: (1654.40756593318,1)
[681]: (1632.991253808441,1)
[682]: (1641.221707684078,1)
[683]: (1636.109221089444,1)
[684]: (1632.407993579949,1)
[685]: (1637.000818291539,1)
[686]: (1637.112898178758,1)
[687]: (1640.335389418606,1)
[688]: (1632.154547571911,1)
[689]: (1633.020621578457,1)
[690]: (1639.006943204519,1)
[691]: (1632.458301056311,1)
[692]: (1644.088888413095,1)
[693]: (1634.072706206383,1)
[694]: (1632.019807546176,1)
[695]: (1632.363764831867,1)
[696]: (1633.159727218974,1)
[697]: (1651.089224139429,1)
[698]: (1632.17282754607,1)
[699]: (1642.26527977191,1)
[700]: (1632.152499022651,1)
[701]: (1632.274082033808,1)
[702]: (1632.048910280915,1)
[703]: (1650.110819687458,1)
[704]: (1637.002508845271,1)
[705]: (1641.727994090547,1)
[706]: (1634.261623856618,1)
[707]: (1636.092803274918,1)
[708]: (1632.340053624936,1)
[709]: (1641.219424512973,1)
[710]: (1633.321504973655,1)
[711]: (1632.016173857799,1)
[712]: (1637.560020825316,1)
[713]: (1633.12562510333,1)
[714]: (1657.115222653066,1)
[715]: (1633.18870209167,1)
[716]: (1635.361295532014,1)
[717]: (1638.048319000227,1)
[718]: (1633.020522514083,1)
[719]: (1632.073429530849,1)
[720]: (1634.146670859698,1)
[721]: (1633.380910082782,1)
[722]: (1633.162922813576,1)
[723]: (1637.40859422772,1)
[724]: (1633.014808294298,1)
[725]: (1633.128068444107,1)
[726]: (1637.457457789771,1)
[727]: (1639.269311701719,1)
[728]: (1632.489263319785,1)
[729]: (1636.248278768834,1)
[730]: (1637.005221648329,1)
[731]: (1642.339192913704,1)
[732]: (1632.237316845679,1)
[733]: (1648.100315926431,1)
[734]: (1637.078351123807,1)
[735]: (1633.681727651588,1)
[736]: (1633.004821331966,1)
[737]: (1632.104567686192,1)
[738]: (1634.244773558192,1)
[739]: (1636.542853226676,1)
[740]: (1632.81375261455,1)
[741]: (1640.499296505014,1)
[742]: (1632.136895184818,1)
[743]: (1632.012956127903,1)
[744]: (1632.19585630481,1)
[745]: (1652.106849133312,1)
[746]: (1632.064575407761,1)
[747]: (1648.526761440529,1)
[748]: (1637.134566084931,1)
[749]: (1639.079130452677,1)
[750]: (1632.50493266011,1)
[751]: (1647.160250398842,1)
[752]: (1639.121199424979,1)
[753]: (1644.145691703168,1)
[754]: (1640.387337204024,1)
[755]: (1643.382078477916,1)
[756]: (1634.090855430367,1)
[757]: (1644.289016943703,1)
[758]: (1632.182572156805,1)
[759]: (1635.147866341995,1)
[760]: (1637.136706059273,1)
[761]: (1658.023634249715,1)
[762]: (1632.551057667435,1)
[763]: (1634.761664907507,1)
[764]: (1643.277773105414,1)
[765]: (1653.412551114971,1)
[766]: (1637.229168273641,1)
[767]: (1645.047270832187,1)
[768]: (1643.140523134067,1)
[769]: (1632.407778521907,1)
[770]: (1633.516037692787,1)
[771]: (1640.500109428244,1)
[772]: (1647.080435129765,1)
[773]: (1643.086287412971,1)
[774]: (1632.674155438258,1)
[775]: (1632.680192271269,1)
[776]: (1633.413143879825,1)
[777]: (1632.032014620141,1)
[778]: (1638.829469037665,1)
[779]: (1639.248615330112,1)
[780]: (1633.499324779327,1)
[781]: (1634.456543236301,1)
[782]: (1632.106363296631,1)
[783]: (1647.062618485685,1)
[784]: (1642.316701529925,1)
[785]: (1637.227229761532,1)
[786]: (1654.117544552016,1)
[787]: (1639.23282465428,1)
[788]: (1660.467059041078,1)
[789]: (1643.389046532251,1)
[790]: (1633.218587245289,1)
[791]: (1654.174930335393,1)
[792]: (1637.322881325067,1)
[793]: (1632.441881283492,1)
[794]: (1633.427839838704,1)
[795]: (1633.007793728226,1)
[796]: (1633.483907787154,1)
[797]: (1647.154409166518,1)
[798]: (1639.272502003897,1)
[799]: (1650.108500868112,1)
[800]: (1650.590148739337,1)
[801]: (1640.126137460154,1)
[802]: (1639.027618655626,1)
[803]: (1632.416466132222,1)
[804]: (1633.359223566289,1)
[805]: (1632.055604351739,1)
[806]: (1655.123906081899,1)
[807]: (1633.277982334863,1)
[808]: (1647.016289087494,1)
[809]: (1632.539879540891,1)
[810]: (1638.382470717723,1)
[811]: (1642.202791996111,1)
[812]: (1633.995342711213,1)
[813]: (1637.221327391563,1)
[814]: (1632.230192460062,1)
[815]: (1632.900286695674,1)
[816]: (1639.498847129955,1)
[817]: (1637.240940469068,1)
[818]: (1651.139210448235,1)
[819]: (1637.117768559822,1)
[820]: (1636.252318451029,1)
[821]: (1634.066329108127,1)
[822]: (1632.674792858824,1)
[823]: (1651.531002148638,1)
[824]: (1641.267658662974,1)
[825]: (1632.941301061041,1)
[826]: (1645.849767000933,1)
[827]: (1637.362731326188,1)
[828]: (1632.004007886726,1)
[829]: (1633.207385085536,1)
[830]: (1637.266906811611,1)
[831]: (1640.091146251589,1)
[832]: (1645.249570037697,1)
[833]: (1632.320186369632,1)
[834]: (1637.0535554044,1)
[835]: (1632.52635662071,1)
[836]: (1634.261772032853,1)
[837]: (1633.410167424887,1)
[838]: (1640.737718912557,1)
[839]: (1636.0476401554,1)
[840]: (1635.157734491589,1)
[841]: (1639.042596497922,1)
[842]: (1632.911780904288,1)
[843]: (1632.169553139139,1)
[844]: (1637.596855071996,1)
[845]: (1632.031847492585,1)
[846]: (1649.114949628045,1)
[847]: (1656.265666935971,1)
[848]: (1640.053078130796,1)
[849]: (1637.209393989118,1)
[850]: (1635.187666633011,1)
[851]: (1632.496386105399,1)
[852]: (1643.790288939261,1)
[853]: (1632.379581452821,1)
[854]: (1634.027341014237,1)
[855]: (1633.556788758165,1)
[856]: (1633.309418838225,1)
[857]: (1639.328103170945,1)
[858]: (1632.489809906194,1)
[859]: (1638.617919742146,1)
[860]: (1635.178515652552,1)
[861]: (1637.248652924091,1)
[862]: (1637.13095978611,1)
[863]: (1643.552195923826,1)
[864]: (1632.336330736558,1)
[865]: (1649.081903087342,1)
[866]: (1634.112996963103,1)
[867]: (1634.030465184801,1)
[868]: (1641.34098533623,1)
[869]: (1633.361442796606,1)
[870]: (1632.801891527137,1)
[871]: (1635.111770025204,1)
[872]: (1632.320399777599,1)
[873]: (1640.34621018064,1)
[874]: (1632.296263500157,1)
[875]: (1633.481797868604,1)
[876]: (1640.668219224889,1)
[877]: (1637.047789956414,1)
[878]: (1634.273234608292,1)
[879]: (1632.375275324647,1)
[880]: (1634.549906919375,1)
[881]: (1638.122695178323,1)
[882]: (1638.004240122184,1)
[883]: (1635.016494908394,1)
[884]: (1650.238912610085,1)
[885]: (1634.075624607279,1)
[886]: (1653.501059330223,1)
[887]: (1634.052722752846,1)
[888]: (1652.858789732734,1)
[889]: (1639.114664083522,1)
[890]: (1638.258602705042,1)
[891]: (1633.198519913529,1)
[892]: (1645.154456580967,1)
[893]: (1640.363361130681,1)
[894]: (1638.256131250153,1)
[895]: (1632.028100915074,1)
[896]: (1644.162568487012,1)
[897]: (1638.369275020312,1)
[898]: (1633.905124909154,1)
[899]: (1650.475060526426,1)
[900]: (1632.158255574226,1)
[901]: (1657.1923716592,1)
[902]: (1637.063691000943,1)
[903]: (1632.704735232029,1)
[904]: (1635.164408152946,1)
[905]: (1637.230306817349,1)
[906]: (1635.311043080144,1)
[907]: (1640.55095324985,1)
[908]: (1655.173264839936,1)
[909]: (1642.422771235239,1)
[910]: (1632.522921583347,1)
[911]: (1656.192580918096,1)
[912]: (1651.005326749825,1)
[913]: (1632.335118521165,1)
[914]: (1638.350839437419,1)
[915]: (1644.625405705812,1)
[916]: (1642.148167846106,1)
[917]: (1655.112212399232,1)
[918]: (1645.174939346215,1)
[919]: (1632.377820493306,1)
[920]: (1637.341764277942,1)
[921]: (1632.022908524739,1)
[922]: (1633.041557522931,1)
[923]: (1632.333965720302,1)
[924]: (1637.170326023029,1)
[925]: (1633.501812664473,1)
[926]: (1648.228835183299,1)
[927]: (1650.283703016825,1)
[928]: (1634.001397565936,1)
[929]: (1637.177508307076,1)
[930]: (1633.200434150084,1)
[931]: (1632.083777624422,1)
[932]: (1632.199632191937,1)
[933]: (1643.328274524522,1)
[934]: (1632.443866625705,1)
[935]: (1632.179677904571,1)
[936]: (1647.43405304439,1)
[937]: (1653.737180284925,1)
[938]: (1633.384213362242,1)
[939]: (1641.002109986974,1)
[940]: (1642.628495275879,1)
[941]: (1639.083359147763,1)
[942]: (1637.007261392838,1)
[943]: (1632.151085067205,1)
[944]: (1632.142958381395,1)
[945]: (1632.609886190613,1)
[946]: (1632.116363170521,1)
[947]: (1663.307210115021,1)
[948]: (1632.488022656787,1)
[949]: (1635.124346168863,1)
[950]: (1634.382153804676,1)
[951]: (1636.412286292943,1)
[952]: (1644.119343940799,1)
[953]: (1632.806081288935,1)
[954]: (1658.114571200224,1)
[955]: (1644.144023098469,1)
[956]: (1644.854670654228,1)
[957]: (1645.245364104422,1)
[958]: (1635.371074066296,1)
[959]: (1632.509040588106,1)
[960]: (1637.033888681248,1)
[961]: (1632.035490349908,1)
[962]: (1633.432046891415,1)
[963]: (1632.59850548132,1)
[964]: (1632.082938088808,1)
[965]: (1643.034184686146,1)
[966]: (1632.541318919717,1)
[967]: (1634.360169723215,1)
[968]: (1639.424576551658,1)
[969]: (1632.154952078959,1)
[970]: (1633.248199582626,1)
[971]: (1658.039184037023,1)
[972]: (1636.354169064,1)
[973]: (1637.084971326629,1)
[974]: (1633.029456371763,1)
[975]: (1632.747968394113,1)
[976]: (1640.048308151493,1)
[977]: (1635.423238570119,1)
[978]: (1638.024833857381,1)
[979]: (1634.131870336458,1)
[980]: (1637.166267256796,1)
[981]: (1632.200223027984,1)
[982]: (1637.37993785777,1)
[983]: (1637.905053732503,1)
[984]: (1633.169303325519,1)
[985]: (1649.040807477169,1)
[986]: (1632.081419912111,1)
[987]: (1636.295584373675,1)
[988]: (1644.765616817684,1)
[989]: (1633.4500507504,1)
[990]: (1633.908594081899,1)
[991]: (1632.107711867955,1)
[992]: (1637.268787138858,1)
[993]: (1643.255059512483,1)
[994]: (1654.450149680505,1)
[995]: (1632.02911048625,1)
[996]: (1638.918918883885,1)
[997]: (1633.006901011007,1)
[998]: (1632.057060635348,1)
[999]: (1644.309566284408,1)
[1000]: (1633.682624334788,1)
[1001]: (1645.070231039687,1)
[1002]: (1650.837824349121,1)
[1003]: (1651.052197702751,1)
[1004]: (1659.179638442941,1)
[1005]: (1656.185617302072,1)
[1006]: (1637.071183835739,1)
[1007]: (1632.119778474933,1)
[1008]: (1632.270142984108,1)
[1009]: (1648.749122291243,1)
[1010]: (1637.568284420066,1)
[1011]: (1633.491325839762,1)
[1012]: (1636.56609888939,1)
[1013]: (1633.070183209243,1)
[1014]: (1649.387721501029,1)
[1015]: (1633.65693415988,1)
[1016]: (1633.127183526177,1)
[1017]: (1632.167803807256,1)
[1018]: (1632.009843752842,1)
[1019]: (1645.515179417161,1)
[1020]: (1640.697779253645,1)
[1021]: (1641.78726578393,1)
[1022]: (1643.081554037065,1)
[1023]: (1640.164110351578,1)
[1024]: (1634.080138270543,1)
[1025]: (1632.496959064645,1)
[1026]: (1646.481593133389,1)
[1027]: (1632.174053647532,1)
[1028]: (1632.575986504825,1)
[1029]: (1636.078589365542,1)
[1030]: (1656.096009171102,1)
[1031]: (1638.254448875801,1)
[1032]: (1653.095390023482,1)
[1033]: (1634.05282211709,1)
[1034]: (1636.027490580582,1)
[1035]: (1642.06180361018,1)
[1036]: (1637.278577183503,1)
[1037]: (1633.086799514452,1)
[1038]: (1651.029513281924,1)
[1039]: (1640.349133202923,1)
[1040]: (1636.032033962372,1)
[1041]: (1639.661771783578,1)
[1042]: (1632.212506755615,1)
[1043]: (1638.095581386984,1)
[1044]: (1648.213276766511,1)
[1045]: (1653.280249303398,1)
[1046]: (1633.243184232696,1)
[1047]: (1632.332821232674,1)
[1048]: (1640.139073590814,1)
[1049]: (1643.621608701094,1)
[1050]: (1634.235147895543,1)
[1051]: (1632.631598099333,1)
[1052]: (1640.185977708484,1)
[1053]: (1632.597634079251,1)
[1054]: (1648.104716343313,1)
[1055]: (1632.330653695747,1)
[1056]: (1640.146692400751,1)
[1057]: (1632.431101110648,1)
[1058]: (1648.12591161973,1)
[1059]: (1638.238678817245,1)
[1060]: (1636.125423606533,1)
[1061]: (1634.124762798609,1)
[1062]: (1640.226828731084,1)
[1063]: (1635.125755969084,1)
[1064]: (1645.184479770943,1)
[1065]: (1633.612189060965,1)
[1066]: (1633.112042220196,1)
[1067]: (1639.26829386919,1)
[1068]: (1633.185714075236,1)
[1069]: (1640.098359525348,1)
[1070]: (1632.147839970818,1)
[1071]: (1650.107472731394,1)
[1072]: (1645.142965897566,1)
[1073]: (1647.202939113726,1)
[1074]: (1632.854949656753,1)
[1075]: (1633.200147086179,1)
[1076]: (1638.359626433036,1)
[1077]: (1635.471734629166,1)
[1078]: (1649.267792654329,1)
[1079]: (1657.778394482592,1)
[1080]: (1650.115980799762,1)
[1081]: (1656.083370431992,1)
[1082]: (1632.236368804873,1)
[1083]: (1639.141412811543,1)
[1084]: (1640.04790571235,1)
[1085]: (1637.888019478705,1)
[1086]: (1645.041095926276,1)
[1087]: (1644.037121397321,1)
[1088]: (1637.244618981667,1)
[1089]: (1633.213932713239,1)
[1090]: (1648.526918936008,1)
[1091]: (1636.155028114861,1)
[1092]: (1635.027420091689,1)
[1093]: (1648.104832138564,1)
[1094]: (1632.290293623469,1)
[1095]: (1640.052891923997,1)
[1096]: (1632.240238782613,1)
[1097]: (1637.384462840484,1)
[1098]: (1641.977928863911,1)
[1099]: (1637.35676394496,1)
[1100]: (1648.267997414905,1)
[1101]: (1632.226152250384,1)
[1102]: (1633.21455404502,1)
[1103]: (1632.068207822673,1)
[1104]: (1632.339756868776,1)
[1105]: (1640.122107665597,1)
[1106]: (1633.600124946137,1)
[1107]: (1633.017411803671,1)
[1108]: (1636.02973783652,1)
[1109]: (1637.285309249286,1)
[1110]: (1632.060079830448,1)
[1111]: (1632.807031455829,1)
[1112]: (1638.21885864048,1)
[1113]: (1637.260175205912,1)
[1114]: (1637.213953226462,1)
[1115]: (1637.027610369707,1)
[1116]: (1632.234717051333,1)
[1117]: (1633.439809581914,1)
[1118]: (1632.164481831526,1)
[1119]: (1632.937773881112,1)
[1120]: (1644.471682252481,1)
[1121]: (1646.15034828531,1)
[1122]: (1639.799661792258,1)
[1123]: (1632.309809490085,1)
[1124]: (1632.243430411139,1)
[1125]: (1637.100807276691,1)
[1126]: (1637.145194620906,1)
[1127]: (1633.041176995185,1)
[1128]: (1637.129607381452,1)
[1129]: (1638.030572346745,1)
[1130]: (1643.704697223817,1)
[1131]: (1648.113974959245,1)
[1132]: (1632.524474923305,1)
[1133]: (1640.179977791171,1)
[1134]: (1633.214371626432,1)
[1135]: (1632.065707815647,1)
[1136]: (1659.008925871149,1)
[1137]: (1632.18228360444,1)
[1138]: (1641.652327698639,1)
[1139]: (1633.032739974288,1)
[1140]: (1640.414503362571,1)
[1141]: (1634.069780440034,1)
[1142]: (1639.226172546809,1)
[1143]: (1632.372349469372,1)
[1144]: (1633.626136597962,1)
[1145]: (1639.141646735735,1)
[1146]: (1647.967268515245,1)
[1147]: (1654.518961363776,1)
[1148]: (1638.249064038601,1)
[1149]: (1632.135743564431,1)
[1150]: (1640.030804833529,1)
[1151]: (1632.032429236063,1)
[1152]: (1640.448565987137,1)
[1153]: (1632.054512507619,1)
[1154]: (1637.09488230674,1)
[1155]: (1632.046576846517,1)
[1156]: (1647.099142853518,1)
[1157]: (1633.019955299952,1)
[1158]: (1632.546319826316,1)
[1159]: (1632.004392604136,1)
[1160]: (1632.33656754464,1)
[1161]: (1642.385965091662,1)
[1162]: (1648.105238972908,1)
[1163]: (1634.103086266937,1)
[1164]: (1634.429404589516,1)
[1165]: (1642.003871163991,1)
[1166]: (1641.699453034786,1)
[1167]: (1632.438166954889,1)
[1168]: (1637.464183933352,1)
[1169]: (1633.014217464291,1)
[1170]: (1642.692357696412,1)
[1171]: (1633.108807357306,1)
[1172]: (1650.09184762868,1)
[1173]: (1646.147692078615,1)
[1174]: (1639.242671357099,1)
[1175]: (1644.358668276355,1)
[1176]: (1632.031727361675,1)
[1177]: (1639.091827245169,1)
[1178]: (1649.120806910152,1)
[1179]: (1661.400411028989,1)
[1180]: (1632.027238953488,1)
[1181]: (1657.055845958344,1)
[1182]: (1632.467911745203,1)
[1183]: (1637.865886483739,1)
[1184]: (1633.822916803075,1)
[1185]: (1667.131734851556,1)
[1186]: (1633.803171422355,1)
[1187]: (1632.311650212252,1)
[1188]: (1632.234775398435,1)
[1189]: (1637.482173802056,1)
[1190]: (1635.172406138637,1)
[1191]: (1633.074298925155,1)
[1192]: (1637.08471674256,1)
[1193]: (1632.377164180268,1)
[1194]: (1632.446513324921,1)
[1195]: (1637.05334477842,1)
[1196]: (1637.692674443528,1)
[1197]: (1642.023452749433,1)
[1198]: (1648.948625025923,1)
[1199]: (1642.152163838939,1)
[1200]: (1637.273952035363,1)
[1201]: (1634.657907238057,1)
[1202]: (1638.250803851297,1)
[1203]: (1633.202182785297,1)
[1204]: (1637.016142850633,1)
[1205]: (1654.205517222982,1)
[1206]: (1644.080150172119,1)
[1207]: (1632.041432548019,1)
[1208]: (1634.42249931153,1)
[1209]: (1638.328429915533,1)
[1210]: (1633.274840284422,1)
[1211]: (1660.219542239448,1)
[1212]: (1632.253471893142,1)
[1213]: (1633.223715895217,1)
[1214]: (1649.024741209675,1)
[1215]: (1632.089505383054,1)
[1216]: (1640.401374648224,1)
[1217]: (1638.038669480961,1)
[1218]: (1648.134955732069,1)
[1219]: (1637.151392649905,1)
[1220]: (1638.140108021572,1)
[1221]: (1637.013634158811,1)
[1222]: (1639.885802071762,1)
[1223]: (1634.245365770696,1)
[1224]: (1652.115905370119,1)
[1225]: (1637.121020370194,1)
[1226]: (1632.087332235646,1)
[1227]: (1641.555063949125,1)
[1228]: (1634.041220555851,1)
[1229]: (1632.09465276424,1)
[1230]: (1641.056851594765,1)
[1231]: (1632.033970504714,1)
[1232]: (1637.128313023411,1)
[1233]: (1632.050842526739,1)
[1234]: (1653.041582862925,1)
[1235]: (1632.011461539968,1)
[1236]: (1633.995664305208,1)
[1237]: (1635.592310844028,1)
[1238]: (1633.089108879652,1)
[1239]: (1633.123487456835,1)
[1240]: (1633.232664260025,1)
[1241]: (1633.141124538063,1)
[1242]: (1634.245684954194,1)
[1243]: (1645.848864364888,1)
[1244]: (1632.156923546834,1)
[1245]: (1640.283658989606,1)
[1246]: (1641.551377975737,1)
[1247]: (1638.11819849429,1)
[1248]: (1639.683966435704,1)
[1249]: (1632.040226713786,1)
[1250]: (1648.370507871617,1)
[1251]: (1632.122272437732,1)
[1252]: (1632.271871140078,1)
[1253]: (1646.365524081193,1)
[1254]: (1658.9405707401,1)
[1255]: (1637.283134823487,1)
[1256]: (1637.003902495581,1)
[1257]: (1657.96743667335,1)
[1258]: (1634.217996222723,1)
[1259]: (1646.232713086829,1)
[1260]: (1643.003635221265,1)
[1261]: (1634.660959905988,1)
[1262]: (1632.053526398057,1)
[1263]: (1634.263964569747,1)
[1264]: (1632.17613476278,1)
[1265]: (1643.183582124752,1)
[1266]: (1637.062977739088,1)
[1267]: (1634.030030846494,1)
[1268]: (1632.833378012309,1)
[1269]: (1632.062112395369,1)
[1270]: (1637.466920507949,1)
[1271]: (1634.278542115266,1)
[1272]: (1638.170495239796,1)
[1273]: (1634.359294810584,1)
[1274]: (1636.539939606028,1)
[1275]: (1632.108003201622,1)
[1276]: (1633.72353488724,1)
[1277]: (1638.232622123953,1)
[1278]: (1643.062475909706,1)
[1279]: (1644.073299659965,1)
[1280]: (1633.154213996111,1)
[1281]: (1636.166271337466,1)
[1282]: (1639.306775293939,1)
[1283]: (1642.17759775191,1)
[1284]: (1632.166629306619,1)
[1285]: (1635.476963217874,1)
[1286]: (1654.300030428726,1)
[1287]: (1637.316490446385,1)
[1288]: (1638.325955900701,1)
[1289]: (1632.1511338681,1)
[1290]: (1632.123327244314,1)
[1291]: (1637.004436225282,1)
[1292]: (1641.196461974894,1)
[1293]: (1632.555761805529,1)
[1294]: (1632.045555907776,1)
[1295]: (1632.257104473468,1)
[1296]: (1647.551237062994,1)
[1297]: (1636.276538512865,1)
[1298]: (1637.094433013516,1)
[1299]: (1640.02318649256,1)
[1300]: (1635.396997358725,1)
[1301]: (1634.019954582103,1)
[1302]: (1642.330079740198,1)
[1303]: (1634.315202717638,1)
[1304]: (1638.290285585481,1)
[1305]: (1637.13539345026,1)
[1306]: (1638.221498290811,1)
[1307]: (1645.072475330101,1)
[1308]: (1637.188942831098,1)
[1309]: (1632.107724954363,1)
[1310]: (1647.044706511728,1)
[1311]: (1643.132188814853,1)
[1312]: (1632.234543842462,1)
[1313]: (1632.034085072333,1)
[1314]: (1632.019795000838,1)
[1315]: (1638.043716907304,1)
[1316]: (1639.182749007067,1)
[1317]: (1640.272243020016,1)
[1318]: (1632.001484986961,1)
[1319]: (1640.006521505542,1)
[1320]: (1638.430723263708,1)
[1321]: (1639.261779245001,1)
[1322]: (1636.577759624427,1)
[1323]: (1632.527650135065,1)
[1324]: (1633.078069968651,1)
[1325]: (1651.299703758317,1)
[1326]: (1633.927856754506,1)
[1327]: (1654.125747238315,1)
[1328]: (1633.328812015812,1)
[1329]: (1633.450519239908,1)
[1330]: (1632.070553264519,1)
[1331]: (1639.151461613943,1)
[1332]: (1634.346837841294,1)
[1333]: (1647.278824184423,1)
[1334]: (1633.191808088667,1)
[1335]: (1635.313162725991,1)
[1336]: (1634.341151930866,1)
[1337]: (1633.553108825698,1)
[1338]: (1641.222265710123,1)
[1339]: (1658.004142156177,1)
[1340]: (1637.854500839835,1)
[1341]: (1632.476134859231,1)
[1342]: (1637.035594458392,1)
[1343]: (1632.26361166089,1)
[1344]: (1635.958951373769,1)
[1345]: (1632.28165757746,1)
[1346]: (1637.132519957847,1)
[1347]: (1633.350460256733,1)
[1348]: (1632.380166110282,1)
[1349]: (1640.181148498848,1)
[1350]: (1632.951744111543,1)
[1351]: (1633.569792100686,1)
[1352]: (1656.194235359838,1)
[1353]: (1637.141410558991,1)
[1354]: (1638.232318014466,1)
[1355]: (1658.060634727294,1)
[1356]: (1632.255675014308,1)
[1357]: (1641.572592567881,1)
[1358]: (1647.85779776261,1)
[1359]: (1632.293066611126,1)
[1360]: (1633.081209306788,1)
[1361]: (1639.01815232761,1)
[1362]: (1636.270032568445,1)
[1363]: (1637.1408112546,1)
[1364]: (1633.292663259343,1)
[1365]: (1632.211586726828,1)
[1366]: (1633.318978001925,1)
[1367]: (1637.406709925162,1)
[1368]: (1642.003457390283,1)
[1369]: (1632.519455392621,1)
[1370]: (1645.025104721665,1)
[1371]: (1632.348334067341,1)
[1372]: (1632.356837504318,1)
[1373]: (1652.027689538356,1)
[1374]: (1633.011382998747,1)
[1375]: (1634.210060065217,1)
[1376]: (1642.370183803081,1)
[1377]: (1653.576096774481,1)
[1378]: (1633.082606229237,1)
[1379]: (1644.389594977862,1)
[1380]: (1645.183031081418,1)
[1381]: (1650.148116626821,1)
[1382]: (1632.26666811038,1)
[1383]: (1633.257174940426,1)
[1384]: (1635.074283589202,1)
[1385]: (1632.033829552252,1)
[1386]: (1638.24453835701,1)
[1387]: (1632.22678261073,1)
[1388]: (1632.711342256429,1)
[1389]: (1632.320782483355,1)
[1390]: (1646.032344209594,1)
[1391]: (1633.024836856471,1)
[1392]: (1632.08659655378,1)
[1393]: (1634.503901139683,1)
[1394]: (1632.494385073388,1)
[1395]: (1638.055850897196,1)
[1396]: (1634.386615589186,1)
[1397]: (1633.04662881885,1)
[1398]: (1643.78435006044,1)
[1399]: (1633.383630623452,1)
[1400]: (1632.356516920155,1)
[1401]: (1637.012522936682,1)
[1402]: (1632.400934533698,1)
[1403]: (1632.774219158572,1)
[1404]: (1634.221580283368,1)
[1405]: (1656.334741582093,1)
[1406]: (1633.138433618934,1)
[1407]: (1632.705127201586,1)
[1408]: (1639.289278037972,1)
[1409]: (1632.069166722813,1)
[1410]: (1632.533695349314,1)
[1411]: (1632.312195345156,1)
[1412]: (1639.259960465024,1)
[1413]: (1632.413737722384,1)
[1414]: (1632.067797154311,1)
[1415]: (1639.648947437276,1)
[1416]: (1633.105648582541,1)
[1417]: (1638.074076278107,1)
[1418]: (1632.002600544603,1)
[1419]: (1635.185701289547,1)
[1420]: (1643.29767399695,1)
[1421]: (1632.18114429244,1)
[1422]: (1636.350389984258,1)
[1423]: (1632.247594727606,1)
[1424]: (1637.612670160439,1)
[1425]: (1637.478950164258,1)
[1426]: (1642.043973807449,1)
[1427]: (1632.070322097396,1)
[1428]: (1632.05004719765,1)
[1429]: (1637.130090707275,1)
[1430]: (1645.892403063497,1)
[1431]: (1633.566545545013,1)
[1432]: (1635.163354218793,1)
[1433]: (1632.863874457298,1)
[1434]: (1637.385832409861,1)
[1435]: (1633.037271119927,1)
[1436]: (1653.347096677142,1)
[1437]: (1632.236263237067,1)
[1438]: (1638.430259972621,1)
[1439]: (1648.20020755713,1)
[1440]: (1638.15363950682,1)
[1441]: (1632.053583809261,1)
[1442]: (1632.021191245266,1)
[1443]: (1632.448994530869,1)
[1444]: (1632.516397911036,1)
[1445]: (1635.398554904537,1)
[1446]: (1633.210020347525,1)
[1447]: (1634.088064772441,1)
[1448]: (1641.691517201067,1)
[1449]: (1641.314606733459,1)
[1450]: (1637.077777360718,1)
[1451]: (1632.108610890984,1)
[1452]: (1632.612802918724,1)
[1453]: (1632.111396678158,1)
[1454]: (1645.746662873407,1)
[1455]: (1640.389699987183,1)
[1456]: (1632.583609575592,1)
[1457]: (1639.063786537029,1)
[1458]: (1637.031196741903,1)
[1459]: (1636.545728251443,1)
[1460]: (1638.260569199586,1)
[1461]: (1632.833868175731,1)
[1462]: (1643.245954589035,1)
[1463]: (1659.071092568729,1)
[1464]: (1635.646328997842,1)
[1465]: (1637.358041308116,1)
[1466]: (1632.835699671662,1)
[1467]: (1632.422641784268,1)
[1468]: (1636.176609155543,1)
[1469]: (1637.512831920581,1)
[1470]: (1632.173014853897,1)
[1471]: (1632.615702924653,1)
[1472]: (1632.429989547911,1)
[1473]: (1643.183241694039,1)
[1474]: (1638.222089411855,1)
[1475]: (1647.429697890531,1)
[1476]: (1632.010135442185,1)
[1477]: (1632.423721644176,1)
[1478]: (1632.130187128692,1)
[1479]: (1632.05588660482,1)
[1480]: (1637.240059127002,1)
[1481]: (1639.018314261198,1)
[1482]: (1633.225011813604,1)
[1483]: (1650.466671994921,1)
[1484]: (1636.535894698423,1)
[1485]: (1632.029858044229,1)
[1486]: (1633.245281384771,1)
[1487]: (1655.064221010615,1)
[1488]: (1632.147751122902,1)
[1489]: (1632.519600952602,1)
[1490]: (1632.311799868804,1)
[1491]: (1636.54168371613,1)
[1492]: (1641.106875983594,1)
[1493]: (1641.546834441309,1)
[1494]: (1634.556061945955,1)
[1495]: (1632.125715162259,1)
[1496]: (1632.035121420163,1)
[1497]: (1640.02801774313,1)
[1498]: (1643.070389026234,1)
[1499]: (1649.32915969035,1)
[1500]: (1632.044415220261,1)
[1501]: (1635.557327051469,1)
[1502]: (1650.352957083545,1)
[1503]: (1634.156787311184,1)
[1504]: (1640.098496125853,1)
[1505]: (1632.609720405994,1)
[1506]: (1646.779751742108,1)
[1507]: (1632.177871229048,1)
[1508]: (1646.361240050871,1)
[1509]: (1634.236083666523,1)
[1510]: (1633.166808896574,1)
[1511]: (1632.018798505653,1)
[1512]: (1633.14030982962,1)
[1513]: (1638.231745080736,1)
[1514]: (1638.231959888684,1)
[1515]: (1643.020912099309,1)
[1516]: (1632.368769545648,1)
[1517]: (1649.490129494379,1)
[1518]: (1646.058120076363,1)
[1519]: (1635.698800674637,1)
[1520]: (1633.431062548128,1)
[1521]: (1637.820234878721,1)
[1522]: (1632.045669105665,1)
[1523]: (1637.390004312596,1)
[1524]: (1633.150438950096,1)
[1525]: (1634.145745597345,1)
[1526]: (1653.007731763148,1)
[1527]: (1637.85236374222,1)
[1528]: (1639.639474176275,1)
[1529]: (1635.015675358294,1)
[1530]: (1632.370811859845,1)
[1531]: (1635.190231498717,1)
[1532]: (1637.043332857466,1)
[1533]: (1642.842076863845,1)
[1534]: (1644.451398763199,1)
[1535]: (1643.547126726439,1)
[1536]: (1632.616622094172,1)
[1537]: (1642.224383610044,1)
[1538]: (1635.021643116641,1)
[1539]: (1643.332622002267,1)
[1540]: (1641.029238788928,1)
[1541]: (1632.653866195219,1)
[1542]: (1632.003923202706,1)
[1543]: (1641.082516343755,1)
[1544]: (1632.197958481697,1)
[1545]: (1637.894977174441,1)
[1546]: (1637.323722767913,1)
[1547]: (1633.035263170554,1)
[1548]: (1638.830227391412,1)
[1549]: (1633.099432467398,1)
[1550]: (1638.038407672486,1)
[1551]: (1632.064833798892,1)
[1552]: (1635.287946549287,1)
[1553]: (1632.092030776672,1)
[1554]: (1641.060650196583,1)
[1555]: (1638.175320012379,1)
[1556]: (1641.260924568011,1)
[1557]: (1632.108607216859,1)
[1558]: (1634.364941963613,1)
[1559]: (1642.137152556843,1)
[1560]: (1648.003840922063,1)
[1561]: (1639.040667219703,1)
[1562]: (1633.353270456696,1)
[1563]: (1638.285474423631,1)
[1564]: (1633.147692808426,1)
[1565]: (1633.103445328912,1)
[1566]: (1637.257201532525,1)
[1567]: (1639.183520008803,1)
[1568]: (1649.095918840594,1)
[1569]: (1640.314117435875,1)
[1570]: (1633.225591338416,1)
[1571]: (1632.536980489564,1)
[1572]: (1639.128930710215,1)
[1573]: (1633.572752784307,1)
[1574]: (1642.010372566922,1)
[1575]: (1635.216761846377,1)
[1576]: (1633.342084462783,1)
[1577]: (1652.157892341191,1)
[1578]: (1637.322784596277,1)
[1579]: (1635.26675927364,1)
[1580]: (1640.070859525251,1)
[1581]: (1637.364358211252,1)
[1582]: (1661.045202513158,1)
[1583]: (1633.177449496599,1)
[1584]: (1632.218696968652,1)
[1585]: (1639.411242723648,1)
[1586]: (1636.476926555331,1)
[1587]: (1638.15363731597,1)
[1588]: (1638.476814611289,1)
[1589]: (1636.33637460331,1)
[1590]: (1655.106681975708,1)
[1591]: (1637.383866783261,1)
[1592]: (1633.122487477096,1)
[1593]: (1632.173320444736,1)
[1594]: (1638.033894965061,1)
[1595]: (1633.495707847217,1)
[1596]: (1632.033855949451,1)
[1597]: (1638.017710919224,1)
[1598]: (1640.060874285974,1)
[1599]: (1632.430479025759,1)
[1600]: (1642.058071129642,1)
[1601]: (1633.017492720769,1)
[1602]: (1633.43963521819,1)
[1603]: (1652.115459036293,1)
[1604]: (1632.215472363373,1)
[1605]: (1641.048979119909,1)
[1606]: (1654.031398141426,1)
[1607]: (1637.71225818569,1)
[1608]: (1637.377164466857,1)
[1609]: (1633.371346357452,1)
[1610]: (1635.027197641578,1)
[1611]: (1638.151470545862,1)
[1612]: (1634.396212452623,1)
[1613]: (1632.038794911488,1)
[1614]: (1637.164640509439,1)
[1615]: (1636.055023429574,1)
[1616]: (1632.445083733914,1)
[1617]: (1632.143514841804,1)
[1618]: (1639.155392358002,1)
[1619]: (1632.33239653886,1)
[1620]: (1633.175207596542,1)
[1621]: (1659.213403883061,1)
[1622]: (1642.131486997479,1)
[1623]: (1637.829954932496,1)
[1624]: (1632.937453355712,1)
[1625]: (1654.529289845879,1)
[1626]: (1635.16455373603,1)
[1627]: (1636.217903740997,1)
[1628]: (1644.174349029415,1)
[1629]: (1633.055021543848,1)
[1630]: (1638.22506237572,1)
[1631]: (1633.229891625612,1)
[1632]: (1632.236025300109,1)
[1633]: (1641.029263037241,1)
[1634]: (1641.359875953345,1)
[1635]: (1634.209650642828,1)
[1636]: (1643.126064879638,1)
[1637]: (1640.401602822603,1)
[1638]: (1637.180920045646,1)
[1639]: (1635.020778072859,1)
[1640]: (1639.214803266149,1)
[1641]: (1640.001662195546,1)
[1642]: (1632.2060121363,1)
[1643]: (1632.373934519652,1)
[1644]: (1632.089073604269,1)
[1645]: (1633.384928007634,1)
[1646]: (1638.398425993119,1)
[1647]: (1643.450685153345,1)
[1648]: (1637.025283279965,1)
[1649]: (1637.120185144603,1)
[1650]: (1633.783537253971,1)
[1651]: (1643.17755043555,1)
[1652]: (1633.039904175061,1)
[1653]: (1635.22816384145,1)
[1654]: (1638.084615082204,1)
[1655]: (1636.040679592338,1)
[1656]: (1642.094681305886,1)
[1657]: (1633.403944024211,1)
[1658]: (1647.423198025493,1)
[1659]: (1641.07419848025,1)
[1660]: (1632.108150420474,1)
[1661]: (1632.718008927438,1)
[1662]: (1639.331196439726,1)
[1663]: (1632.108019881747,1)
[1664]: (1637.064876106442,1)
[1665]: (1641.49067054617,1)
[1666]: (1635.545293260991,1)
[1667]: (1635.326243862671,1)
[1668]: (1638.306044420145,1)
[1669]: (1634.641770390944,1)
[1670]: (1632.200378666468,1)
[1671]: (1632.004448933474,1)
[1672]: (1649.077660390416,1)
[1673]: (1653.767696133433,1)
[1674]: (1640.293664895883,1)
[1675]: (1640.016503061135,1)
[1676]: (1645.122998630719,1)
[1677]: (1640.304826725338,1)
[1678]: (1633.378694110831,1)
[1679]: (1636.951413059741,1)
[1680]: (1638.180849587622,1)
[1681]: (1645.577815669534,1)
[1682]: (1637.15041110686,1)
[1683]: (1643.140511908875,1)
[1684]: (1636.575617370137,1)
[1685]: (1632.090006077918,1)
[1686]: (1637.66709651483,1)
[1687]: (1637.219477089673,1)
[1688]: (1637.328891124384,1)
[1689]: (1646.311302492841,1)
[1690]: (1641.308308225064,1)
[1691]: (1634.949687551364,1)
[1692]: (1646.039208651153,1)
[1693]: (1633.100768646001,1)
[1694]: (1632.074450174809,1)
[1695]: (1636.301202690638,1)
[1696]: (1636.196153214896,1)
[1697]: (1632.278376125262,1)
[1698]: (1637.057222333386,1)
[1699]: (1632.050086885282,1)
[1700]: (1634.110154324655,1)
[1701]: (1640.000421655255,1)
[1702]: (1632.929408193728,1)
[1703]: (1633.795727176406,1)
[1704]: (1652.15924152638,1)
[1705]: (1648.001593184744,1)
[1706]: (1633.985724582866,1)
[1707]: (1633.620816004544,1)
[1708]: (1632.026874343746,1)
[1709]: (1639.047502042151,1)
[1710]: (1656.14068809961,1)
[1711]: (1633.543281795853,1)
[1712]: (1632.000258391411,1)
[1713]: (1656.378276591138,1)
[1714]: (1633.447740046839,1)
[1715]: (1639.205226197352,1)
[1716]: (1637.093405142005,1)
[1717]: (1632.12769245939,1)
[1718]: (1648.279317998671,1)
[1719]: (1642.19486729524,1)
[1720]: (1637.512412848092,1)
[1721]: (1636.321380962024,1)
[1722]: (1640.394853198605,1)
[1723]: (1651.294678992092,1)
[1724]: (1636.684228189781,1)
[1725]: (1652.695052019694,1)
[1726]: (1632.96514164116,1)
[1727]: (1640.119893169281,1)
[1728]: (1638.045415976793,1)
[1729]: (1634.118872405608,1)
[1730]: (1632.11414180773,1)
[1731]: (1632.092748267274,1)
[1732]: (1648.422031027063,1)
[1733]: (1633.410015361883,1)
[1734]: (1633.575884088166,1)
[1735]: (1651.270616311682,1)
[1736]: (1633.247597722495,1)
[1737]: (1644.042130800558,1)
[1738]: (1651.115325026973,1)
[1739]: (1640.116410073526,1)
[1740]: (1637.020820685287,1)
[1741]: (1647.040377865318,1)
[1742]: (1638.039710034224,1)
[1743]: (1642.666643657504,1)
[1744]: (1633.955333822699,1)
[1745]: (1658.819975113777,1)
[1746]: (1635.118417733036,1)
[1747]: (1643.697534780555,1)
[1748]: (1632.56778442532,1)
[1749]: (1640.232826696636,1)
[1750]: (1632.143216559362,1)
[1751]: (1642.03814543483,1)
[1752]: (1649.021617762344,1)
[1753]: (1632.007620280721,1)
[1754]: (1635.417943465092,1)
[1755]: (1632.188801014224,1)
[1756]: (1658.238855291609,1)
[1757]: (1637.220940497277,1)
[1758]: (1632.625520247357,1)
[1759]: (1633.072196057093,1)
[1760]: (1652.685396200756,1)
[1761]: (1638.221269911872,1)
[1762]: (1632.518741096416,1)
[1763]: (1637.139751911154,1)
[1764]: (1635.118240076885,1)
[1765]: (1633.029040409298,1)
[1766]: (1642.020821699936,1)
[1767]: (1634.555491695229,1)
[1768]: (1654.141244685458,1)
[1769]: (1663.405968702535,1)
[1770]: (1643.549166051981,1)
[1771]: (1644.062508079232,1)
[1772]: (1632.333425900949,1)
[1773]: (1637.159343941405,1)
[1774]: (1654.125992722687,1)
[1775]: (1643.787553165636,1)
[1776]: (1634.153376189084,1)
[1777]: (1632.110234595188,1)
[1778]: (1644.579933422524,1)
[1779]: (1640.647221231937,1)
[1780]: (1655.01951741134,1)
[1781]: (1646.521043595338,1)
[1782]: (1632.517334735794,1)
[1783]: (1632.202317201003,1)
[1784]: (1639.005580988844,1)
[1785]: (1637.549557758759,1)
[1786]: (1636.360369369909,1)
[1787]: (1648.144719849535,1)
[1788]: (1634.206596697085,1)
[1789]: (1645.091686775607,1)
[1790]: (1655.10307733483,1)
[1791]: (1637.569404946977,1)
[1792]: (1634.620340008907,1)
[1793]: (1635.067042078721,1)
[1794]: (1638.079285050605,1)
[1795]: (1658.16477698712,1)
[1796]: (1633.808575337378,1)
[1797]: (1640.438084934866,1)
[1798]: (1636.122264086612,1)
[1799]: (1635.024225016335,1)
[1800]: (1632.213837088397,1)
[1801]: (1641.085636120736,1)
[1802]: (1636.608940005739,1)
[1803]: (1640.17603199936,1)
[1804]: (1633.262692394827,1)
[1805]: (1635.506147389034,1)
[1806]: (1633.683238885434,1)
[1807]: (1638.801786957954,1)
[1808]: (1636.084780895362,1)
[1809]: (1647.070324561678,1)
[1810]: (1648.410541558323,1)
[1811]: (1632.344424158857,1)
[1812]: (1632.42291080115,1)
[1813]: (1638.625200648206,1)
[1814]: (1632.105221160748,1)
[1815]: (1645.152901294169,1)
[1816]: (1632.502343746288,1)
[1817]: (1632.143909144104,1)
[1818]: (1633.049756060834,1)
[1819]: (1632.260408847264,1)
[1820]: (1639.292456636855,1)
[1821]: (1638.027640811387,1)
[1822]: (1632.246858778565,1)
[1823]: (1646.14835845376,1)
[1824]: (1641.10187985188,1)
[1825]: (1638.53059084509,1)
[1826]: (1648.300744334821,1)
[1827]: (1643.037468382587,1)
[1828]: (1633.158186514224,1)
[1829]: (1639.360301729084,1)
[1830]: (1641.2169764441,1)
[1831]: (1651.76801471377,1)
[1832]: (1632.244156549434,1)
[1833]: (1648.297679997704,1)
[1834]: (1639.042507925765,1)
[1835]: (1640.389542624934,1)
[1836]: (1632.929507209913,1)
[1837]: (1644.415053135133,1)
[1838]: (1633.122052109564,1)
[1839]: (1645.05942286732,1)
[1840]: (1637.873762428452,1)
[1841]: (1638.305538179357,1)
[1842]: (1633.070394070308,1)
[1843]: (1657.487321368997,1)
[1844]: (1634.062716096871,1)
[1845]: (1641.12759100112,1)
[1846]: (1632.105353468154,1)
[1847]: (1632.120452691974,1)
[1848]: (1652.735397074612,1)
[1849]: (1638.681813378035,1)
[1850]: (1645.012325334626,1)
[1851]: (1648.795879545819,1)
[1852]: (1634.760221702094,1)
[1853]: (1647.135189909013,1)
[1854]: (1632.273427115591,1)
[1855]: (1651.134957391439,1)
[1856]: (1639.450874999477,1)
[1857]: (1632.423806927228,1)
[1858]: (1647.622156176096,1)
[1859]: (1634.492797544412,1)
[1860]: (1633.007802669799,1)
[1861]: (1633.041061371739,1)
[1862]: (1632.043240964988,1)
[1863]: (1632.104898501372,1)
[1864]: (1632.145073087356,1)
[1865]: (1643.111650847393,1)
[1866]: (1636.696091869857,1)
[1867]: (1635.12708021165,1)
[1868]: (1633.22377604995,1)
[1869]: (1632.497002210786,1)
[1870]: (1637.44635154298,1)
[1871]: (1635.288511516544,1)
[1872]: (1632.252485619219,1)
[1873]: (1635.843758447384,1)
[1874]: (1632.226632637808,1)
[1875]: (1639.093770916891,1)
[1876]: (1636.351895525902,1)
[1877]: (1633.380031182951,1)
[1878]: (1632.306070591344,1)
[1879]: (1664.258685508901,1)
[1880]: (1637.004214593617,1)
[1881]: (1633.069515348596,1)
[1882]: (1632.138834517073,1)
[1883]: (1655.195448912425,1)
[1884]: (1650.438709490434,1)
[1885]: (1633.467909479497,1)
[1886]: (1643.022946737533,1)
[1887]: (1638.893562651985,1)
[1888]: (1635.088092359395,1)
[1889]: (1647.222993791821,1)
[1890]: (1640.262365462463,1)
[1891]: (1640.588072292921,1)
[1892]: (1637.382856445587,1)
[1893]: (1640.608093208339,1)
[1894]: (1633.57831569872,1)
[1895]: (1638.584187512044,1)
[1896]: (1637.404344924327,1)
[1897]: (1640.305673827216,1)
[1898]: (1650.36574072692,1)
[1899]: (1638.757174014029,1)
[1900]: (1633.064784651081,1)
[1901]: (1632.145314488463,1)
[1902]: (1634.298062986279,1)
[1903]: (1637.114050956912,1)
[1904]: (1646.06606358525,1)
[1905]: (1633.030645007861,1)
[1906]: (1646.126833658005,1)
[1907]: (1635.24136146729,1)
[1908]: (1632.310814406825,1)
[1909]: (1632.267945204675,1)
[1910]: (1632.392232145981,1)
[1911]: (1632.431730089354,1)
[1912]: (1652.194072715783,1)
[1913]: (1639.004718465042,1)
[1914]: (1662.182199207541,1)
[1915]: (1645.173676971129,1)
[1916]: (1643.85665698689,1)
[1917]: (1634.526652352391,1)
[1918]: (1635.196405522592,1)
[1919]: (1648.603684438106,1)
[1920]: (1636.058430712098,1)
[1921]: (1643.867056032963,1)
[1922]: (1634.125126943484,1)
[1923]: (1632.142148939884,1)
[1924]: (1632.062696179192,1)
[1925]: (1632.046844514049,1)
[1926]: (1637.452913278897,1)
[1927]: (1641.030837017656,1)
[1928]: (1647.039451519182,1)
[1929]: (1651.783520648121,1)
[1930]: (1633.075951525852,1)
[1931]: (1637.255463088897,1)
[1932]: (1633.477996244402,1)
[1933]: (1655.038514955648,1)
[1934]: (1658.43499159632,1)
[1935]: (1632.188835461445,1)
[1936]: (1643.413439095719,1)
[1937]: (1636.264313597216,1)
[1938]: (1635.176127875876,1)
[1939]: (1641.286231907166,1)
[1940]: (1632.359427221468,1)
[1941]: (1632.217825464257,1)
[1942]: (1640.111189559731,1)
[1943]: (1633.397915418273,1)
[1944]: (1655.727943581793,1)
[1945]: (1633.132480469166,1)
[1946]: (1659.091650688134,1)
[1947]: (1644.125170355394,1)
[1948]: (1643.074660286881,1)
[1949]: (1638.371203340882,1)
[1950]: (1638.133696520385,1)
[1951]: (1633.227471893529,1)
[1952]: (1650.759183130709,1)
[1953]: (1638.205665963776,1)
[1954]: (1632.068247332016,1)
[1955]: (1640.099110519518,1)
[1956]: (1632.190941201012,1)
[1957]: (1633.043781053683,1)
[1958]: (1636.020571548078,1)
[1959]: (1632.097977391036,1)
[1960]: (1632.017326732056,1)
[1961]: (1647.521946258758,1)
[1962]: (1632.438086671056,1)
[1963]: (1657.165590071108,1)
[1964]: (1646.243428609857,1)
[1965]: (1632.000468553057,1)
[1966]: (1641.192116711323,1)
[1967]: (1651.301011024041,1)
[1968]: (1637.13709990901,1)
[1969]: (1650.143103343838,1)
[1970]: (1635.465601141215,1)
[1971]: (1658.181959803829,1)
[1972]: (1633.003233221659,1)
[1973]: (1633.403159514711,1)
[1974]: (1632.071709501887,1)
[1975]: (1632.030321918974,1)
[1976]: (1641.090929971669,1)
[1977]: (1635.137833596125,1)
[1978]: (1632.632924793333,1)
[1979]: (1640.390369890964,1)
[1980]: (1655.510719768924,1)
[1981]: (1634.477170852552,1)
[1982]: (1647.063458787746,1)
[1983]: (1643.142674210512,1)
[1984]: (1643.039337637643,1)
[1985]: (1633.028300203267,1)
[1986]: (1632.108081721327,1)
[1987]: (1632.329159510619,1)
[1988]: (1641.553966934232,1)
[1989]: (1649.951871526599,1)
[1990]: (1632.492576727197,1)
[1991]: (1632.162775917614,1)
[1992]: (1633.252291822147,1)
[1993]: (1638.024187780986,1)
[1994]: (1640.697832674311,1)
[1995]: (1639.052273878797,1)
[1996]: (1638.172006723559,1)
[1997]: (1651.153900323467,1)
[1998]: (1643.056440920338,1)
[1999]: (1646.899867744768,1)
 -- States explored : 0 states
 -- CPU user time used : 1059670 ms
 -- Virtual memory used : 56542320 KiB
 -- Resident memory used : 56503928 KiB
executionTime: 6757
