core file size          (blocks, -c) unlimited
data seg size           (kbytes, -d) unlimited
scheduling priority             (-e) 0
file size               (blocks, -f) unlimited
pending signals                 (-i) 4077086
max locked memory       (kbytes, -l) 64
max memory size         (kbytes, -m) 166723584
open files                      (-n) 4096
pipe size            (512 bytes, -p) 8
POSIX message queues     (bytes, -q) 819200
real-time priority              (-r) 0
stack size              (kbytes, -s) 8192
cpu time               (seconds, -t) unlimited
max user processes              (-u) 4077086
virtual memory          (kbytes, -v) 159000000
file locks                      (-x) unlimited
Options for the verification:
  Generating some trace
  Search order is random depth first
  Using conservative space optimisation
  Seed is 1556948176
  State space representation uses minimal constraint systems
  Using HashMap + Compress integers for discrete state storage

Verifying formula 1 at ../queries/SP_300_146_16.q:1
 -- Formula is satisfied.
(9000 runs)
Learning statistics for best strategy: 
	Number of resets: 2
	Number of iterations in last reset: 3
	Number of iterations in total: 30

 -- States explored : 0 states
 -- CPU user time used : 23256660 ms
 -- Virtual memory used : 117312460 KiB
 -- Resident memory used : 117252772 KiB

Verifying formula 2 at ../queries/SP_300_146_16.q:3
 -- Formula is satisfied.
Composer.Done:
[0]: (0,0) (311.0120736198985,1)
[1]: (311.770321623457,1)
[2]: (311.3735737054728,1)
[3]: (311.3263423038426,1)
[4]: (311.7993867103036,1)
[5]: (311.1125077011969,1)
[6]: (311.2003138134664,1)
[7]: (311.2496369429887,1)
[8]: (311.0805193532889,1)
[9]: (311.2988729674612,1)
[10]: (311.6509775164789,1)
[11]: (311.0556496975608,1)
[12]: (311.031858707103,1)
[13]: (311.3694572025391,1)
[14]: (311.1421390413475,1)
[15]: (311.1487650340115,1)
[16]: (311.8056479185771,1)
[17]: (311.3431778994467,1)
[18]: (311.9130687308755,1)
[19]: (311.1065996916961,1)
[20]: (311.4033394307658,1)
[21]: (311.5868811242029,1)
[22]: (311.7117277965125,1)
[23]: (311.7683580936178,1)
[24]: (311.5152369090121,1)
[25]: (311.1188049984887,1)
[26]: (311.0062127079932,1)
[27]: (311.0663677944026,1)
[28]: (311.348103438627,1)
[29]: (311.0150136696205,1)
[30]: (311.0835433642988,1)
[31]: (311.0392671555057,1)
[32]: (311.1878506377018,1)
[33]: (311.8246961050226,1)
[34]: (311.6817910060421,1)
[35]: (311.2595242449531,1)
[36]: (311.2207028612273,1)
[37]: (311.1239781082321,1)
[38]: (311.5180886976256,1)
[39]: (311.014903143505,1)
[40]: (312.0855308537464,1)
[41]: (312.6972538661834,1)
[42]: (311.350258606195,1)
[43]: (311.4097566624174,1)
[44]: (311.0339915804461,1)
[45]: (311.0254540779844,1)
[46]: (311.1078969634764,1)
[47]: (311.1313335866837,1)
[48]: (311.0692927835978,1)
[49]: (312.0033195421461,1)
[50]: (311.0342913072117,1)
[51]: (311.024991063264,1)
[52]: (311.4063347378874,1)
[53]: (311.3724641437099,1)
[54]: (311.5974232317642,1)
[55]: (311.0808554553141,1)
[56]: (311.2885294664994,1)
[57]: (311.2010243030782,1)
[58]: (311.1406902033671,1)
[59]: (311.03223584104,1)
[60]: (311.6865181520699,1)
[61]: (311.2806142404777,1)
[62]: (311.0639373610756,1)
[63]: (312.5841993618879,1)
[64]: (311.4687641783032,1)
[65]: (311.560438677806,1)
[66]: (311.1838872977406,1)
[67]: (311.077466940821,1)
[68]: (311.6587236249717,1)
[69]: (311.1662560426406,1)
[70]: (311.8558536418178,1)
[71]: (311.1597785776779,1)
[72]: (311.0335355459317,1)
[73]: (311.3167625907454,1)
[74]: (311.7698465301108,1)
[75]: (311.144893548616,1)
[76]: (311.3800651723198,1)
[77]: (311.2295765434,1)
[78]: (311.0379533574302,1)
[79]: (312.1510222855399,1)
[80]: (311.0751606277383,1)
[81]: (311.1132726607063,1)
[82]: (311.3125531090873,1)
[83]: (312.362258078599,1)
[84]: (311.6543911071398,1)
[85]: (311.0322664811219,1)
[86]: (311.1183887587426,1)
[87]: (311.272556257647,1)
[88]: (311.201711435489,1)
[89]: (311.0275331168828,1)
[90]: (311.1036312796522,1)
[91]: (311.0588684833636,1)
[92]: (311.3042437071358,1)
[93]: (311.2615541305626,1)
[94]: (311.1142522736884,1)
[95]: (311.0422923932111,1)
[96]: (311.3947811331657,1)
[97]: (311.2917156478301,1)
[98]: (311.7155008974786,1)
[99]: (311.2859617623558,1)
[100]: (311.368944792427,1)
[101]: (311.3544227716711,1)
[102]: (311.2586802292507,1)
[103]: (311.6046492874177,1)
[104]: (311.4813894223016,1)
[105]: (311.1683950737906,1)
[106]: (311.0203384988218,1)
[107]: (311.098098838263,1)
[108]: (311.1637041064975,1)
[109]: (311.1349988874666,1)
[110]: (311.3429162410561,1)
[111]: (311.8144461171813,1)
[112]: (311.0150886930504,1)
[113]: (311.0281427875186,1)
[114]: (311.0047770107849,1)
[115]: (311.1215422629004,1)
[116]: (311.0923552916306,1)
[117]: (311.5148193259309,1)
[118]: (311.2943710082133,1)
[119]: (311.6646830956428,1)
[120]: (312.191106466091,1)
[121]: (311.0275764401784,1)
[122]: (311.1754904189793,1)
[123]: (311.3660309083722,1)
[124]: (311.017002794794,1)
[125]: (311.4683151954167,1)
[126]: (311.0241447292902,1)
[127]: (311.2125515655607,1)
[128]: (311.2664972212139,1)
[129]: (311.2390885635099,1)
[130]: (311.0396713965401,1)
[131]: (312.0027434606542,1)
[132]: (311.0372525095402,1)
[133]: (311.2686979271016,1)
[134]: (311.2996489216842,1)
[135]: (311.5569655276834,1)
[136]: (311.3740641410229,1)
[137]: (311.0152552056101,1)
[138]: (311.1828375195135,1)
[139]: (311.0003881712564,1)
[140]: (311.4850669472311,1)
[141]: (311.3793724328249,1)
[142]: (311.6530420128865,1)
[143]: (311.0070853733468,1)
[144]: (311.0105559765226,1)
[145]: (311.4506575748898,1)
[146]: (311.0829049493872,1)
[147]: (311.0583066502438,1)
[148]: (311.0909039309076,1)
[149]: (311.0007711301143,1)
[150]: (311.0325714867603,1)
[151]: (311.4348927805173,1)
[152]: (311.6544629438665,1)
[153]: (311.2945022561197,1)
[154]: (311.2833626399515,1)
[155]: (311.4550515423588,1)
[156]: (311.0170058587439,1)
[157]: (311.0015656802118,1)
[158]: (311.0094799463532,1)
[159]: (311.3133081043416,1)
[160]: (311.0734591236911,1)
[161]: (311.5133296621345,1)
[162]: (311.2832742320587,1)
[163]: (311.1226236747353,1)
[164]: (311.0562920386416,1)
[165]: (311.1121365479402,1)
[166]: (311.0364295199927,1)
[167]: (311.0925902906027,1)
[168]: (311.2305590059262,1)
[169]: (311.3306579185263,1)
[170]: (311.0235684488196,1)
[171]: (311.0008806700051,1)
[172]: (311.3095209363542,1)
[173]: (311.5694395006159,1)
[174]: (311.7210959399164,1)
[175]: (311.4328748392402,1)
[176]: (311.0227320334421,1)
[177]: (311.0897141545946,1)
[178]: (311.5328553173508,1)
[179]: (311.017811459508,1)
[180]: (311.8610942792573,1)
[181]: (311.2416208368123,1)
[182]: (311.0872548383211,1)
[183]: (311.4527285771979,1)
[184]: (311.1319062070191,1)
[185]: (311.1573525241287,1)
[186]: (311.0509017263236,1)
[187]: (311.0561619994598,1)
[188]: (311.0527862681354,1)
[189]: (311.3966848570089,1)
[190]: (311.5425347175637,1)
[191]: (311.166639587263,1)
[192]: (311.0001291909994,1)
[193]: (311.0167723159837,1)
[194]: (311.5607015836463,1)
[195]: (311.2633999078653,1)
[196]: (311.1987704476106,1)
[197]: (311.3465023590011,1)
[198]: (311.3066220708648,1)
[199]: (312.055747985651,1)
[200]: (311.1135148998921,1)
[201]: (311.3493624144485,1)
[202]: (311.2377251462312,1)
[203]: (311.3030209185208,1)
[204]: (311.3771627635894,1)
[205]: (311.4277411730429,1)
[206]: (311.4885672106119,1)
[207]: (311.8881359848398,1)
[208]: (311.2286213126187,1)
[209]: (311.0422066661824,1)
[210]: (311.0082842566223,1)
[211]: (311.018298274634,1)
[212]: (311.3560046568276,1)
[213]: (311.775981857699,1)
[214]: (311.2431215818821,1)
[215]: (311.2764398699899,1)
[216]: (311.1000609520521,1)
[217]: (311.1607366455555,1)
[218]: (311.0827082925549,1)
[219]: (311.4216531370627,1)
[220]: (311.3859052372659,1)
[221]: (311.0394410826087,1)
[222]: (311.380793228668,1)
[223]: (311.4667963380984,1)
[224]: (311.2252405576194,1)
[225]: (311.2906127495556,1)
[226]: (311.1853025780327,1)
[227]: (311.1391662194918,1)
[228]: (311.1017629168888,1)
[229]: (311.5508364920257,1)
[230]: (311.2270793457789,1)
[231]: (311.7350328403121,1)
[232]: (311.1021604366736,1)
[233]: (311.3029488808515,1)
[234]: (311.3470149380949,1)
[235]: (311.2906797649873,1)
[236]: (311.1815169027981,1)
[237]: (312.2927459128535,1)
[238]: (311.0139758225012,1)
[239]: (311.7996369128541,1)
[240]: (311.7818546484586,1)
[241]: (311.481613133625,1)
[242]: (311.0101071632817,1)
[243]: (311.5041852252463,1)
[244]: (312.2856118851899,1)
[245]: (311.051440784588,1)
[246]: (311.4768817712342,1)
[247]: (311.3588353507764,1)
[248]: (311.6532047384199,1)
[249]: (311.3670821689673,1)
[250]: (311.2153795305242,1)
[251]: (312.0635106624235,1)
[252]: (311.4658047845806,1)
[253]: (311.3207337873682,1)
[254]: (311.7649099029422,1)
[255]: (311.1404655083104,1)
[256]: (311.7938354107869,1)
[257]: (311.9286528035641,1)
[258]: (311.41850049641,1)
[259]: (311.2239496314315,1)
[260]: (311.3201294353507,1)
[261]: (311.2871364311818,1)
[262]: (311.3991525138341,1)
[263]: (311.3299488674496,1)
[264]: (311.2429160122418,1)
[265]: (311.5663579964279,1)
[266]: (311.0626862705984,1)
[267]: (311.0041083985967,1)
[268]: (311.1624660208161,1)
[269]: (311.4522154048781,1)
[270]: (311.5606652318401,1)
[271]: (311.843113388746,1)
[272]: (312.3769234470984,1)
[273]: (311.0262971393419,1)
[274]: (311.7539741341244,1)
[275]: (311.0800969993714,1)
[276]: (311.6591240052094,1)
[277]: (312.093985278732,1)
[278]: (311.5785738729045,1)
[279]: (311.0719384210415,1)
[280]: (311.3894358651702,1)
[281]: (311.8010466660721,1)
[282]: (311.2748260031639,1)
[283]: (311.3688432676884,1)
[284]: (311.0045331264814,1)
[285]: (311.1507265581979,1)
[286]: (311.2913516872996,1)
[287]: (311.1221828688842,1)
[288]: (311.5330633998784,1)
[289]: (311.3022573265154,1)
[290]: (311.1986370584183,1)
[291]: (311.8650870694504,1)
[292]: (311.2106191476898,1)
[293]: (311.0467461570259,1)
[294]: (311.0012935079469,1)
[295]: (311.2672345162225,1)
[296]: (311.163548159418,1)
[297]: (311.643769068124,1)
[298]: (311.0010519125174,1)
[299]: (311.1687911544228,1)
[300]: (311.073785792647,1)
[301]: (311.5827997615864,1)
[302]: (311.1050641040898,1)
[303]: (311.033762481875,1)
[304]: (311.061079397526,1)
[305]: (311.8842860891734,1)
[306]: (312.9541709966103,1)
[307]: (311.1012828287274,1)
[308]: (311.3088254803335,1)
[309]: (311.067469538741,1)
[310]: (311.2338703092126,1)
[311]: (311.4684344157286,1)
[312]: (311.928068985863,1)
[313]: (311.1410428523487,1)
[314]: (311.0302961421491,1)
[315]: (311.6067104781945,1)
[316]: (311.386214863173,1)
[317]: (311.1137383478638,1)
[318]: (311.1061808912529,1)
[319]: (311.5859281087641,1)
[320]: (311.0574193598827,1)
[321]: (311.4614215787288,1)
[322]: (311.8211350281675,1)
[323]: (312.5050610037595,1)
[324]: (311.1044413443937,1)
[325]: (311.020053309541,1)
[326]: (311.0055339559953,1)
[327]: (311.2419714543988,1)
[328]: (311.1240026542152,1)
[329]: (311.1045715189538,1)
[330]: (311.3360620093848,1)
[331]: (311.1194306429946,1)
[332]: (311.1126306085245,1)
[333]: (311.4264761520515,1)
[334]: (312.0608709545525,1)
[335]: (311.1042792775784,1)
[336]: (311.1478500964083,1)
[337]: (311.0826871726914,1)
[338]: (311.6587320958085,1)
[339]: (311.5270841020902,1)
[340]: (311.3850670744754,1)
[341]: (311.0324463139846,1)
[342]: (311.4955243566212,1)
[343]: (311.1608473889109,1)
[344]: (311.4196742434887,1)
[345]: (311.2735243795917,1)
[346]: (311.4594170043824,1)
[347]: (311.068660526026,1)
[348]: (311.4288198301654,1)
[349]: (311.2419166152802,1)
[350]: (311.0133069791616,1)
[351]: (311.0821702638767,1)
[352]: (312.0323521178632,1)
[353]: (311.1067577134819,1)
[354]: (311.0356633650412,1)
[355]: (311.1715592072507,1)
[356]: (311.1965478468817,1)
[357]: (311.0191741597128,1)
[358]: (311.8521452183414,1)
[359]: (311.1592106738456,1)
[360]: (311.6449748091592,1)
[361]: (311.1069584395025,1)
[362]: (311.2481741499848,1)
[363]: (311.3728674764503,1)
[364]: (311.3488393728983,1)
[365]: (311.5973950246323,1)
[366]: (311.7348868964454,1)
[367]: (311.0523969255735,1)
[368]: (311.4196208077387,1)
[369]: (311.1280283447688,1)
[370]: (311.8132370636827,1)
[371]: (311.0699892810155,1)
[372]: (311.6262618279672,1)
[373]: (311.3704775829035,1)
[374]: (311.8910547104624,1)
[375]: (311.0180733723287,1)
[376]: (311.0832202283969,1)
[377]: (311.1457068311548,1)
[378]: (311.7085705206223,1)
[379]: (311.0465291863509,1)
[380]: (311.04424738251,1)
[381]: (311.6225828577099,1)
[382]: (311.5555478317912,1)
[383]: (311.0984561892717,1)
[384]: (311.3788413034361,1)
[385]: (311.1658088214156,1)
[386]: (311.4578467251207,1)
[387]: (311.3995499608933,1)
[388]: (311.0369808246328,1)
[389]: (311.2672828308038,1)
[390]: (311.2008165147795,1)
[391]: (312.0507271098791,1)
[392]: (311.6344566964492,1)
[393]: (311.0961505237146,1)
[394]: (311.2712499021035,1)
[395]: (311.0470070032297,1)
[396]: (311.1399961994769,1)
[397]: (311.2257778712254,1)
[398]: (311.0788698939477,1)
[399]: (311.2644060973323,1)
[400]: (311.1373818726822,1)
[401]: (311.0496522970582,1)
[402]: (311.0222132034599,1)
[403]: (311.1604948819402,1)
[404]: (311.3310789773395,1)
[405]: (311.3118630259536,1)
[406]: (311.120331257432,1)
[407]: (311.2925492183825,1)
[408]: (311.5156445444759,1)
[409]: (311.186185706448,1)
[410]: (311.3951265262655,1)
[411]: (311.2814337987152,1)
[412]: (311.0399247333937,1)
[413]: (311.2987236701466,1)
[414]: (311.0578580671458,1)
[415]: (311.073828195395,1)
[416]: (311.2441210775251,1)
[417]: (311.0319111246534,1)
[418]: (311.0950353090951,1)
[419]: (311.2920390263179,1)
[420]: (311.9151237160789,1)
[421]: (311.1576533768311,1)
[422]: (311.0066239032778,1)
[423]: (311.4812335152124,1)
[424]: (311.3715850375079,1)
[425]: (311.56622325806,1)
[426]: (311.2051597803892,1)
[427]: (311.8665410651133,1)
[428]: (311.952822601308,1)
[429]: (311.0618381173109,1)
[430]: (311.2239672880264,1)
[431]: (311.5579285538969,1)
[432]: (311.4972736598463,1)
[433]: (311.6483210080243,1)
[434]: (311.9649912136466,1)
[435]: (311.5922889961084,1)
[436]: (311.5454619709364,1)
[437]: (312.1798807316376,1)
[438]: (311.4809967876684,1)
[439]: (311.1892844435414,1)
[440]: (311.9124610320545,1)
[441]: (311.3670975774546,1)
[442]: (311.0188310254542,1)
[443]: (311.6187258920481,1)
[444]: (312.3111940044812,1)
[445]: (311.4757471461178,1)
[446]: (311.0168615558141,1)
[447]: (311.230884185336,1)
[448]: (311.0236608134306,1)
[449]: (311.5131090971146,1)
[450]: (311.8541336074071,1)
[451]: (311.2658322531193,1)
[452]: (311.5486993094814,1)
[453]: (311.4790924107098,1)
[454]: (311.0610048513331,1)
[455]: (311.0019026335319,1)
[456]: (311.1938079361572,1)
[457]: (311.018177763529,1)
[458]: (311.0023497344339,1)
[459]: (311.0390206939298,1)
[460]: (311.4901913380311,1)
[461]: (311.9167434036381,1)
[462]: (311.2799394445358,1)
[463]: (311.1439330479324,1)
[464]: (311.1658184037104,1)
[465]: (311.6362945865808,1)
[466]: (311.044470539281,1)
[467]: (312.2323470786986,1)
[468]: (311.8036945444427,1)
[469]: (311.0158873339365,1)
[470]: (311.1953446136651,1)
[471]: (311.2583131503798,1)
[472]: (311.0487831368521,1)
[473]: (311.0760420385925,1)
[474]: (311.0518182535819,1)
[475]: (311.9049844936699,1)
[476]: (311.2452026919177,1)
[477]: (311.015058722793,1)
[478]: (311.2879122659998,1)
[479]: (311.1884630565221,1)
[480]: (311.0509514405873,1)
[481]: (311.3993881526491,1)
[482]: (311.2558641738582,1)
[483]: (311.0286254913477,1)
[484]: (311.3472952901733,1)
[485]: (311.0742948643108,1)
[486]: (311.0462423372925,1)
[487]: (311.275287752423,1)
[488]: (311.2973655485739,1)
[489]: (311.260774723969,1)
[490]: (311.1392637100508,1)
[491]: (311.3404834229324,1)
[492]: (311.3410368156992,1)
[493]: (311.2520664416246,1)
[494]: (311.0704049118787,1)
[495]: (311.0461885385755,1)
[496]: (311.0955573604732,1)
[497]: (311.0782165330211,1)
[498]: (311.3033351750584,1)
[499]: (311.0845478288861,1)
[500]: (311.3282123728011,1)
[501]: (311.4088614043176,1)
[502]: (312.318021373579,1)
[503]: (311.080157848463,1)
[504]: (311.6062502974779,1)
[505]: (311.3248822244869,1)
[506]: (311.0360595107973,1)
[507]: (311.2628850882516,1)
[508]: (312.1968619084431,1)
[509]: (311.5108046739225,1)
[510]: (311.1665538040452,1)
[511]: (311.6485391627789,1)
[512]: (311.0129160378802,1)
[513]: (311.9618431200572,1)
[514]: (311.2119990181818,1)
[515]: (311.0936390643082,1)
[516]: (314.0154313161264,1)
[517]: (311.6676031724696,1)
[518]: (311.1252131989962,1)
[519]: (311.0176268716944,1)
[520]: (311.1332082660269,1)
[521]: (311.6212759406791,1)
[522]: (311.476143220963,1)
[523]: (311.2371433598141,1)
[524]: (311.0543823073942,1)
[525]: (311.2016073106736,1)
[526]: (311.3913940943527,1)
[527]: (312.099629769921,1)
[528]: (311.0335719776099,1)
[529]: (311.5222131498174,1)
[530]: (312.3750217921356,1)
[531]: (311.151622902011,1)
[532]: (311.0451332320079,1)
[533]: (311.0404060755292,1)
[534]: (311.1639394424271,1)
[535]: (311.7873999835752,1)
[536]: (311.07086528,1)
[537]: (312.0313466443372,1)
[538]: (311.1901574416022,1)
[539]: (311.0491862913901,1)
[540]: (311.0375518454745,1)
[541]: (311.2303071520075,1)
[542]: (311.2095492811497,1)
[543]: (311.1442305577409,1)
[544]: (311.2193978183075,1)
[545]: (311.0771725014112,1)
[546]: (311.7933363388977,1)
[547]: (311.4500039335128,1)
[548]: (311.1842253930688,1)
[549]: (311.3177801510179,1)
[550]: (311.4149563815751,1)
[551]: (311.0044230574913,1)
[552]: (311.3213667262013,1)
[553]: (311.4006131640895,1)
[554]: (311.7055987660866,1)
[555]: (311.3117326327863,1)
[556]: (312.1417613687473,1)
[557]: (311.7578295357296,1)
[558]: (311.4407185782408,1)
[559]: (311.3381442737353,1)
[560]: (311.3993813458066,1)
[561]: (311.1139366501517,1)
[562]: (311.5845144936528,1)
[563]: (311.2095007353627,1)
[564]: (312.3716345850501,1)
[565]: (311.5330225494177,1)
[566]: (311.4171360489511,1)
[567]: (311.1952161482574,1)
[568]: (311.7258415070639,1)
[569]: (311.1421905222381,1)
[570]: (311.556978994374,1)
[571]: (311.5829807639315,1)
[572]: (311.3130423064966,1)
[573]: (311.5879434294255,1)
[574]: (311.3292119615953,1)
[575]: (311.4544721663894,1)
[576]: (311.1973399559101,1)
[577]: (311.1979451841685,1)
[578]: (311.4226732068354,1)
[579]: (311.0752988777202,1)
[580]: (311.3023298438612,1)
[581]: (311.5139299555195,1)
[582]: (311.0318092680877,1)
[583]: (311.4520321465657,1)
[584]: (311.6144404077878,1)
[585]: (311.249050757476,1)
[586]: (311.36436221415,1)
[587]: (311.8822555637805,1)
[588]: (311.0052350517046,1)
[589]: (311.5216660423427,1)
[590]: (311.3158703671362,1)
[591]: (311.3644695710297,1)
[592]: (311.0713080769531,1)
[593]: (311.4747556782611,1)
[594]: (311.022683394022,1)
[595]: (311.1092367980628,1)
[596]: (311.2481681793631,1)
[597]: (311.5997457337013,1)
[598]: (311.0160495043184,1)
[599]: (311.1040305429443,1)
[600]: (311.0345002910931,1)
[601]: (311.3456547973277,1)
[602]: (311.286773116091,1)
[603]: (311.6750875777434,1)
[604]: (311.1776442080264,1)
[605]: (311.125309289636,1)
[606]: (311.0912881478404,1)
[607]: (311.393365627355,1)
[608]: (311.0788097150885,1)
[609]: (312.0726072291187,1)
[610]: (311.1001137138185,1)
[611]: (311.4000730429298,1)
[612]: (311.0868189835382,1)
[613]: (311.4382525961527,1)
[614]: (311.1883449182707,1)
[615]: (311.0426591346575,1)
[616]: (312.1494447091111,1)
[617]: (311.1916323659884,1)
[618]: (311.2360332602707,1)
[619]: (311.2590945454482,1)
[620]: (311.0400797742611,1)
[621]: (311.4919763724657,1)
[622]: (311.2469145311428,1)
[623]: (311.0544537376773,1)
[624]: (311.0793443974263,1)
[625]: (311.4497567700753,1)
[626]: (311.0720535036968,1)
[627]: (311.3022477905861,1)
[628]: (311.4169358666451,1)
[629]: (311.0128054899697,1)
[630]: (311.2231411420782,1)
[631]: (311.3396512391406,1)
[632]: (311.9113754421545,1)
[633]: (311.2401884373782,1)
[634]: (311.0742739264058,1)
[635]: (311.1109444226356,1)
[636]: (311.1904525200355,1)
[637]: (311.0825433575574,1)
[638]: (311.2318372790095,1)
[639]: (311.0447098948716,1)
[640]: (311.0335141388787,1)
[641]: (311.7114161855575,1)
[642]: (311.558125869303,1)
[643]: (311.7300243851993,1)
[644]: (311.7032700719752,1)
[645]: (311.0495452693779,1)
[646]: (311.7906200368856,1)
[647]: (311.3164304291057,1)
[648]: (311.0124449994777,1)
[649]: (311.4557677317503,1)
[650]: (311.027481762553,1)
[651]: (311.154990649565,1)
[652]: (311.0137454950932,1)
[653]: (311.2332264805736,1)
[654]: (312.4806639332008,1)
[655]: (311.0374856901854,1)
[656]: (311.3836445031288,1)
[657]: (311.6685317307748,1)
[658]: (311.3452510181387,1)
[659]: (311.5646253837144,1)
[660]: (311.2245563332449,1)
[661]: (311.2285233478342,1)
[662]: (311.0622229591161,1)
[663]: (311.0897460588373,1)
[664]: (311.0955753366097,1)
[665]: (311.9567866309515,1)
[666]: (311.2487118783437,1)
[667]: (311.4714507490857,1)
[668]: (311.4585840760071,1)
[669]: (311.1972503817805,1)
[670]: (311.1047328314948,1)
[671]: (311.3714489269464,1)
[672]: (311.0184424045625,1)
[673]: (311.2613083260434,1)
[674]: (311.9038825441324,1)
[675]: (311.1567225064888,1)
[676]: (312.0832404291733,1)
[677]: (311.0306095628329,1)
[678]: (311.1459895532595,1)
[679]: (312.1039594447846,1)
[680]: (311.4243775856788,1)
[681]: (311.0666338000764,1)
[682]: (311.1216664158344,1)
[683]: (311.2262005615631,1)
[684]: (311.0058936680097,1)
[685]: (311.5288965430104,1)
[686]: (311.2545961390653,1)
[687]: (311.0668181282187,1)
[688]: (311.1331619902222,1)
[689]: (311.1761053526693,1)
[690]: (311.1571751006118,1)
[691]: (311.0776424045635,1)
[692]: (311.2440832856086,1)
[693]: (311.2676723407514,1)
[694]: (311.032726950472,1)
[695]: (311.2781701194553,1)
[696]: (311.3021430176261,1)
[697]: (313.0361584802663,1)
[698]: (311.4276645512958,1)
[699]: (311.7790051628277,1)
[700]: (311.2857338982557,1)
[701]: (311.0132605341748,1)
[702]: (311.1887951876054,1)
[703]: (311.0883497452415,1)
[704]: (311.0382836077554,1)
[705]: (311.9043404702935,1)
[706]: (311.1167433789608,1)
[707]: (311.8841369397805,1)
[708]: (311.1896201656797,1)
[709]: (311.1905241527715,1)
[710]: (311.0383075855754,1)
[711]: (311.4645561660182,1)
[712]: (311.1086747794823,1)
[713]: (311.089918855467,1)
[714]: (311.0394381495306,1)
[715]: (311.064695849949,1)
[716]: (311.2024162487284,1)
[717]: (311.3589200335133,1)
[718]: (311.0279012676244,1)
[719]: (311.1770525664585,1)
[720]: (311.2281173759692,1)
[721]: (311.0056267206355,1)
[722]: (311.4682197502298,1)
[723]: (311.1667731884583,1)
[724]: (311.7005787125759,1)
[725]: (311.3775637331741,1)
[726]: (312.7272668632888,1)
[727]: (311.0786192387835,1)
[728]: (311.3466903247071,1)
[729]: (311.6062888674691,1)
[730]: (311.2200752777043,1)
[731]: (311.6352325789273,1)
[732]: (311.0575445719152,1)
[733]: (311.7992221058958,1)
[734]: (311.0099380715623,1)
[735]: (311.2317234887373,1)
[736]: (311.0968897601981,1)
[737]: (311.2978445333939,1)
[738]: (311.0667972875939,1)
[739]: (311.1693723225681,1)
[740]: (311.0321467356269,1)
[741]: (311.301725076959,1)
[742]: (312.7853960548761,1)
[743]: (311.2648674320429,1)
[744]: (311.2472091291098,1)
[745]: (311.2121189154272,1)
[746]: (311.6255377369323,1)
[747]: (311.1319246783115,1)
[748]: (311.0317184990462,1)
[749]: (311.2171777272134,1)
[750]: (311.2714704369662,1)
[751]: (311.1789253610635,1)
[752]: (311.0168116293717,1)
[753]: (311.188210299277,1)
[754]: (311.3316302726217,1)
[755]: (311.0636164436281,1)
[756]: (311.0053615850875,1)
[757]: (311.1559125686345,1)
[758]: (311.3590869836193,1)
[759]: (311.4701563860257,1)
[760]: (311.6914823145374,1)
[761]: (311.4119899885784,1)
[762]: (311.0959944781302,1)
[763]: (311.1881650150988,1)
[764]: (311.0640425988266,1)
[765]: (311.1888234328654,1)
[766]: (311.3852950139536,1)
[767]: (311.2969072624161,1)
[768]: (311.5038953970523,1)
[769]: (311.0657866647323,1)
[770]: (311.5135924561206,1)
[771]: (311.0523929861611,1)
[772]: (311.0088284017965,1)
[773]: (311.2290886853029,1)
[774]: (311.1444391741742,1)
[775]: (311.0348586091524,1)
[776]: (311.2056295456916,1)
[777]: (311.1042347204655,1)
[778]: (311.000610811286,1)
[779]: (311.6537416348371,1)
[780]: (311.0626790296906,1)
[781]: (311.5442037914245,1)
[782]: (311.4842595009546,1)
[783]: (311.0732933636646,1)
[784]: (312.3387353670806,1)
[785]: (311.8524768670743,1)
[786]: (312.0489445355676,1)
[787]: (311.0010186454942,1)
[788]: (311.2206349979076,1)
[789]: (311.9692853932441,1)
[790]: (312.124666381573,1)
[791]: (311.2149104333583,1)
[792]: (311.3640896679245,1)
[793]: (311.0131705683102,1)
[794]: (311.0509457876735,1)
[795]: (311.1423924260513,1)
[796]: (311.2775058820917,1)
[797]: (311.5276270875259,1)
[798]: (311.2379193882251,1)
[799]: (311.0397868431652,1)
[800]: (311.3265820572598,1)
[801]: (311.0139908320832,1)
[802]: (311.1029225339912,1)
[803]: (311.0527217157434,1)
[804]: (311.9569365358972,1)
[805]: (311.0170277815703,1)
[806]: (311.1386372899878,1)
[807]: (311.1279183890878,1)
[808]: (311.1323434041167,1)
[809]: (311.0649145367672,1)
[810]: (311.0990549470022,1)
[811]: (311.1327176551378,1)
[812]: (311.4286574144962,1)
[813]: (311.0754675344033,1)
[814]: (311.1240618197481,1)
[815]: (311.5954944520766,1)
[816]: (311.2986954339095,1)
[817]: (311.8803150960244,1)
[818]: (311.5531633385252,1)
[819]: (311.0107501251001,1)
[820]: (311.1318957566168,1)
[821]: (311.6453505789247,1)
[822]: (311.1535272757401,1)
[823]: (311.4090252414048,1)
[824]: (311.5508856496538,1)
[825]: (311.487969617194,1)
[826]: (312.0108471970084,1)
[827]: (311.2472897444593,1)
[828]: (311.192874217974,1)
[829]: (311.1645890787898,1)
[830]: (311.0636273425142,1)
[831]: (311.7168949528643,1)
[832]: (311.5663320826973,1)
[833]: (311.4375627660726,1)
[834]: (311.8910409265104,1)
[835]: (311.4021537058923,1)
[836]: (311.604914996506,1)
[837]: (312.3762420971624,1)
[838]: (311.3748363425003,1)
[839]: (311.0508531014049,1)
[840]: (311.1231123254288,1)
[841]: (311.4921893797791,1)
[842]: (311.1971113392786,1)
[843]: (312.1426626927813,1)
[844]: (311.0213929672718,1)
[845]: (311.4137778830313,1)
[846]: (311.1116468365021,1)
[847]: (311.5734369544178,1)
[848]: (311.5149756836325,1)
[849]: (311.2257496287688,1)
[850]: (311.0066754771383,1)
[851]: (311.2493876804591,1)
[852]: (311.1024010277835,1)
[853]: (311.014360363155,1)
[854]: (311.4674696845659,1)
[855]: (311.4832535258431,1)
[856]: (311.052106198069,1)
[857]: (312.0326066694349,1)
[858]: (311.3655816220529,1)
[859]: (311.0715471638931,1)
[860]: (311.2475821206376,1)
[861]: (311.6452793611283,1)
[862]: (311.6984441586524,1)
[863]: (311.9479075207333,1)
[864]: (311.1535321501675,1)
[865]: (311.4306953023286,1)
[866]: (311.2313587072962,1)
[867]: (311.233248554691,1)
[868]: (311.1746971250284,1)
[869]: (311.0181921651363,1)
[870]: (311.6666855654695,1)
[871]: (311.8774420299632,1)
[872]: (311.3745200778545,1)
[873]: (311.5843499174078,1)
[874]: (311.1792834639559,1)
[875]: (311.0778826902105,1)
[876]: (311.2334423093048,1)
[877]: (311.2124165397234,1)
[878]: (311.5846445580668,1)
[879]: (311.1701043391113,1)
[880]: (311.5686108842801,1)
[881]: (311.0641622045343,1)
[882]: (311.2097697490106,1)
[883]: (311.466384150864,1)
[884]: (311.1473448775741,1)
[885]: (311.9128185568703,1)
[886]: (311.0697962707627,1)
[887]: (311.421037453808,1)
[888]: (311.777092251036,1)
[889]: (311.0467880645117,1)
[890]: (311.4980120885464,1)
[891]: (311.3871664526257,1)
[892]: (311.2350147048872,1)
[893]: (311.5884706952904,1)
[894]: (311.0170179386181,1)
[895]: (312.9377041564788,1)
[896]: (311.5617200477185,1)
[897]: (311.3006166522782,1)
[898]: (311.4233091807345,1)
[899]: (311.8932395767833,1)
[900]: (311.4502624173473,1)
[901]: (311.0691339212801,1)
[902]: (311.2420588438806,1)
[903]: (311.2636940596262,1)
[904]: (311.0677377037289,1)
[905]: (312.1195909965843,1)
[906]: (311.6353036474085,1)
[907]: (312.3537347038884,1)
[908]: (311.3813140235898,1)
[909]: (311.0514927327558,1)
[910]: (311.0299834545384,1)
[911]: (311.0343068480706,1)
[912]: (311.2168887185963,1)
[913]: (311.4554889102313,1)
[914]: (311.3283183816447,1)
[915]: (311.1347439585434,1)
[916]: (311.1150387774886,1)
[917]: (311.1608721148052,1)
[918]: (311.3689781808506,1)
[919]: (311.6268953163741,1)
[920]: (311.6528528874548,1)
[921]: (311.1714011379466,1)
[922]: (311.0491732724838,1)
[923]: (311.2590206246379,1)
[924]: (311.404831591256,1)
[925]: (311.040971671097,1)
[926]: (311.0080560156184,1)
[927]: (311.7143607446419,1)
[928]: (311.1089640679779,1)
[929]: (311.2913288503547,1)
[930]: (311.059012192762,1)
[931]: (311.2506737552965,1)
[932]: (311.0335599984089,1)
[933]: (311.4380192314757,1)
[934]: (311.6647029945188,1)
[935]: (311.0679303690472,1)
[936]: (311.0031643023975,1)
[937]: (311.1818875627045,1)
[938]: (311.285371120284,1)
[939]: (311.1109875911772,1)
[940]: (311.2038258039211,1)
[941]: (311.2558268146151,1)
[942]: (311.6806726071412,1)
[943]: (311.4347444470875,1)
[944]: (311.4363487951671,1)
[945]: (311.0519045636583,1)
[946]: (311.0482759661058,1)
[947]: (311.1514764057767,1)
[948]: (311.2592062736867,1)
[949]: (311.077397964081,1)
[950]: (311.0911191192882,1)
[951]: (311.1153257746964,1)
[952]: (311.1397427570612,1)
[953]: (311.0212926260558,1)
[954]: (311.0579017208737,1)
[955]: (311.1851174236579,1)
[956]: (311.3099748326742,1)
[957]: (311.0406287745088,1)
[958]: (311.0353339074231,1)
[959]: (311.2938227102719,1)
[960]: (311.2395160363666,1)
[961]: (311.4011494492351,1)
[962]: (311.0733986240733,1)
[963]: (311.4591735149806,1)
[964]: (311.1619949852118,1)
[965]: (311.1691433193745,1)
[966]: (311.4310531892261,1)
[967]: (311.5622768546164,1)
[968]: (312.1495180988588,1)
[969]: (311.1817047579153,1)
[970]: (312.3570430449012,1)
[971]: (311.4749132147072,1)
[972]: (311.0761576035974,1)
[973]: (311.4108202130913,1)
[974]: (311.0563090867058,1)
[975]: (311.1459811701964,1)
[976]: (311.9685626887106,1)
[977]: (311.0045649635541,1)
[978]: (311.0574677849486,1)
[979]: (311.3916046436929,1)
[980]: (311.2916266535458,1)
[981]: (311.18291242847,1)
[982]: (311.1204478929506,1)
[983]: (311.0612980572198,1)
[984]: (311.0852120448465,1)
[985]: (311.5865829945184,1)
[986]: (311.7293973818871,1)
[987]: (311.2176640606515,1)
[988]: (311.2701307820815,1)
[989]: (311.8982568926394,1)
[990]: (311.1166909319903,1)
[991]: (311.2502511797254,1)
[992]: (311.1330352158524,1)
[993]: (311.6734920169578,1)
[994]: (311.1798605021354,1)
[995]: (311.0571575999916,1)
[996]: (311.6430329866269,1)
[997]: (311.317940560241,1)
[998]: (311.2378315664063,1)
[999]: (311.0066889818788,1)
[1000]: (311.4255216454322,1)
[1001]: (311.1033397037013,1)
[1002]: (311.6605122131267,1)
[1003]: (311.0371398837602,1)
[1004]: (311.1274575221432,1)
[1005]: (311.5076124707734,1)
[1006]: (312.1604675287027,1)
[1007]: (311.9468335439461,1)
[1008]: (311.2069377588179,1)
[1009]: (311.5166652659659,1)
[1010]: (311.3580056603461,1)
[1011]: (311.5088781264943,1)
[1012]: (311.009808597149,1)
[1013]: (311.8597602641801,1)
[1014]: (311.4084068322348,1)
[1015]: (311.9277113018866,1)
[1016]: (311.3132825395165,1)
[1017]: (312.1567385005104,1)
[1018]: (311.4695976576496,1)
[1019]: (311.4876988175852,1)
[1020]: (311.1374741265294,1)
[1021]: (311.0696379313247,1)
[1022]: (311.7703009153811,1)
[1023]: (311.5441218900568,1)
[1024]: (312.1105695635816,1)
[1025]: (311.0178455189615,1)
[1026]: (311.1647821318732,1)
[1027]: (311.1236038139311,1)
[1028]: (311.5849791871172,1)
[1029]: (311.4126490064608,1)
[1030]: (311.3082685012464,1)
[1031]: (311.5447039797481,1)
[1032]: (311.2833370303032,1)
[1033]: (311.0852497626275,1)
[1034]: (311.3585365115462,1)
[1035]: (311.8326435661809,1)
[1036]: (311.4102179488564,1)
[1037]: (311.101016094499,1)
[1038]: (311.7691485351031,1)
[1039]: (311.0098972448781,1)
[1040]: (311.1076516548711,1)
[1041]: (311.1368871605094,1)
[1042]: (311.2878934654467,1)
[1043]: (311.0248853988277,1)
[1044]: (311.5450763415905,1)
[1045]: (311.0031777192166,1)
[1046]: (311.1131162338438,1)
[1047]: (311.0825358601378,1)
[1048]: (311.3908618173655,1)
[1049]: (311.0116136055852,1)
[1050]: (311.712554721251,1)
[1051]: (311.4461554144865,1)
[1052]: (311.1349645827852,1)
[1053]: (311.5837960920961,1)
[1054]: (311.5441700788049,1)
[1055]: (311.4864514835438,1)
[1056]: (311.1246596187575,1)
[1057]: (311.0431165496036,1)
[1058]: (312.1950647296789,1)
[1059]: (311.6892503157616,1)
[1060]: (311.0372302490463,1)
[1061]: (311.1211951353627,1)
[1062]: (311.7965330272082,1)
[1063]: (311.1335854795023,1)
[1064]: (311.1910639029415,1)
[1065]: (311.2558167198046,1)
[1066]: (311.1266013090082,1)
[1067]: (311.1581437703638,1)
[1068]: (311.1015292149393,1)
[1069]: (311.2009926915717,1)
[1070]: (311.3388445401712,1)
[1071]: (311.0718362476328,1)
[1072]: (311.0635826665467,1)
[1073]: (311.223511081353,1)
[1074]: (311.5983877070492,1)
[1075]: (311.153683890254,1)
[1076]: (311.2907661458568,1)
[1077]: (311.6852571638623,1)
[1078]: (311.2254203782304,1)
[1079]: (311.1597271222414,1)
[1080]: (311.0860902346521,1)
[1081]: (311.1250596839132,1)
[1082]: (311.2224396414622,1)
[1083]: (311.2128760971059,1)
[1084]: (311.1855220608145,1)
[1085]: (311.0729564903426,1)
[1086]: (311.0539387149721,1)
[1087]: (312.0511660227398,1)
[1088]: (311.8864832796603,1)
[1089]: (311.6146628013378,1)
[1090]: (311.0985392211222,1)
[1091]: (311.0377131045605,1)
[1092]: (311.6640382665106,1)
[1093]: (311.3964241351796,1)
[1094]: (311.016248379892,1)
[1095]: (311.0172820745577,1)
[1096]: (311.8666482692169,1)
[1097]: (311.0495922187514,1)
[1098]: (311.1082933583291,1)
[1099]: (311.7221133750888,1)
[1100]: (311.4221031288267,1)
[1101]: (311.1805635584776,1)
[1102]: (311.0271366511777,1)
[1103]: (311.1459658791117,1)
[1104]: (311.299328008579,1)
[1105]: (311.0423705180352,1)
[1106]: (312.0634610973317,1)
[1107]: (311.3688782538649,1)
[1108]: (311.1802557401236,1)
[1109]: (311.1995513578991,1)
[1110]: (311.9876728564258,1)
[1111]: (311.0543034865449,1)
[1112]: (311.0453582434575,1)
[1113]: (311.0588957253728,1)
[1114]: (311.3490839541998,1)
[1115]: (311.3664017607196,1)
[1116]: (311.4072160580918,1)
[1117]: (311.3114946740071,1)
[1118]: (311.1876730149775,1)
[1119]: (311.4093487433911,1)
[1120]: (311.1367912094068,1)
[1121]: (311.1605714652767,1)
[1122]: (311.5306484727865,1)
[1123]: (311.0335098290591,1)
[1124]: (311.5334687289222,1)
[1125]: (311.062395825825,1)
[1126]: (311.0315771356528,1)
[1127]: (311.2723362511904,1)
[1128]: (311.7972711279601,1)
[1129]: (311.3407639654739,1)
[1130]: (311.1384723665296,1)
[1131]: (311.1181638056104,1)
[1132]: (312.3102527690033,1)
[1133]: (311.2457518115457,1)
[1134]: (311.0629014073625,1)
[1135]: (311.7490575474367,1)
[1136]: (311.0305781362156,1)
[1137]: (311.064438869307,1)
[1138]: (311.0046909283797,1)
[1139]: (311.6573262223155,1)
[1140]: (311.2695609997189,1)
[1141]: (311.1511080066941,1)
[1142]: (311.1822835252145,1)
[1143]: (311.2039125283936,1)
[1144]: (311.2965855748344,1)
[1145]: (311.0856687689572,1)
[1146]: (311.0276230838043,1)
[1147]: (312.0398223874822,1)
[1148]: (312.1462569802621,1)
[1149]: (311.061081163234,1)
[1150]: (311.0931124414287,1)
[1151]: (311.0949108707259,1)
[1152]: (311.3902135097558,1)
[1153]: (311.0994353903332,1)
[1154]: (311.0632655697172,1)
[1155]: (311.1547756149758,1)
[1156]: (311.0136773939183,1)
[1157]: (311.328825054742,1)
[1158]: (311.0484963173788,1)
[1159]: (311.8391421963311,1)
[1160]: (311.2513672511013,1)
[1161]: (311.1639393385659,1)
[1162]: (311.3567801454698,1)
[1163]: (311.2814382804127,1)
[1164]: (311.1285253926462,1)
[1165]: (311.1801562334238,1)
[1166]: (311.1299390473545,1)
[1167]: (311.0049961377518,1)
[1168]: (312.1239586439948,1)
[1169]: (311.7991190403175,1)
[1170]: (311.8700641312503,1)
[1171]: (311.5475135234611,1)
[1172]: (311.2177444851202,1)
[1173]: (311.1409431663338,1)
[1174]: (311.0411521656004,1)
[1175]: (311.0626043361688,1)
[1176]: (311.076051151652,1)
[1177]: (311.0424424608831,1)
[1178]: (311.8547314595165,1)
[1179]: (311.0512917013914,1)
[1180]: (311.0379870789349,1)
[1181]: (311.1023391179462,1)
[1182]: (311.0292148048135,1)
[1183]: (311.1322182948873,1)
[1184]: (311.4081230084815,1)
[1185]: (311.2572719111056,1)
[1186]: (311.1288756709074,1)
[1187]: (311.1078457431944,1)
[1188]: (311.4191980919224,1)
[1189]: (311.0509267403784,1)
[1190]: (311.1772473283875,1)
[1191]: (312.5176828025282,1)
[1192]: (311.3129084848549,1)
[1193]: (311.1608291424687,1)
[1194]: (311.3191175547005,1)
[1195]: (311.3445986593621,1)
[1196]: (311.075967666572,1)
[1197]: (311.6148387009223,1)
[1198]: (311.4804562812424,1)
[1199]: (312.1721765477503,1)
[1200]: (311.8382236645089,1)
[1201]: (311.6472822796226,1)
[1202]: (311.046456332066,1)
[1203]: (311.0660328956366,1)
[1204]: (311.1093510877709,1)
[1205]: (311.3399186134703,1)
[1206]: (311.9584264089817,1)
[1207]: (311.0599608142647,1)
[1208]: (311.0652694655916,1)
[1209]: (311.1339608547732,1)
[1210]: (311.0239116709272,1)
[1211]: (311.1461826008347,1)
[1212]: (311.7545910905177,1)
[1213]: (311.9195320235809,1)
[1214]: (311.070321837894,1)
[1215]: (311.1902769851855,1)
[1216]: (311.2191471405397,1)
[1217]: (311.0070062640514,1)
[1218]: (312.5678798236398,1)
[1219]: (311.5442492445123,1)
[1220]: (311.2852992177082,1)
[1221]: (311.2003221249679,1)
[1222]: (311.0981983179809,1)
[1223]: (311.0033733404339,1)
[1224]: (311.4394663451698,1)
[1225]: (311.1898008793416,1)
[1226]: (311.0026321730428,1)
[1227]: (311.3740534866108,1)
[1228]: (311.6471462434451,1)
[1229]: (311.6225999795113,1)
[1230]: (311.6864389551494,1)
[1231]: (311.644856857183,1)
[1232]: (311.363540918396,1)
[1233]: (311.2606173719105,1)
[1234]: (311.0337793280092,1)
[1235]: (312.1475293816367,1)
[1236]: (311.0197655195113,1)
[1237]: (311.0027602162764,1)
[1238]: (311.1599784626833,1)
[1239]: (311.1906557194356,1)
[1240]: (311.6869933706691,1)
[1241]: (311.5056182355733,1)
[1242]: (311.1909436950867,1)
[1243]: (311.461293200246,1)
[1244]: (311.1168363398452,1)
[1245]: (311.0819421529076,1)
[1246]: (311.371059642991,1)
[1247]: (311.5481694732748,1)
[1248]: (311.1890087299429,1)
[1249]: (311.1529610372684,1)
[1250]: (311.2256274026972,1)
[1251]: (311.7724965493198,1)
[1252]: (311.2469675349278,1)
[1253]: (311.4847253091732,1)
[1254]: (311.0738471895737,1)
[1255]: (311.7467388452286,1)
[1256]: (311.2037473165763,1)
[1257]: (311.058261125636,1)
[1258]: (311.2985735903969,1)
[1259]: (311.617230603145,1)
[1260]: (311.0148871062329,1)
[1261]: (311.461679115738,1)
[1262]: (311.1987165464358,1)
[1263]: (311.4624298962715,1)
[1264]: (311.1389510526534,1)
[1265]: (311.0942920174371,1)
[1266]: (311.953251865667,1)
[1267]: (311.1227012075332,1)
[1268]: (311.2353657932382,1)
[1269]: (311.6419578868617,1)
[1270]: (311.0484821572153,1)
[1271]: (312.0182306160535,1)
[1272]: (311.0350251984459,1)
[1273]: (311.0127217112705,1)
[1274]: (311.5178721457996,1)
[1275]: (311.0300132232804,1)
[1276]: (311.0435314002746,1)
[1277]: (311.2930055983907,1)
[1278]: (311.4432475516626,1)
[1279]: (311.0025305154849,1)
[1280]: (311.3297790160761,1)
[1281]: (311.5325851967825,1)
[1282]: (311.4409578811768,1)
[1283]: (311.0679891996946,1)
[1284]: (311.251449984841,1)
[1285]: (311.2776407265384,1)
[1286]: (312.2025116238029,1)
[1287]: (311.7299523530729,1)
[1288]: (311.156184611796,1)
[1289]: (312.181925383512,1)
[1290]: (311.0016122725808,1)
[1291]: (311.3890770326225,1)
[1292]: (312.8430539279586,1)
[1293]: (311.4466966006298,1)
[1294]: (311.8333452913631,1)
[1295]: (311.4035356068225,1)
[1296]: (311.4263530914039,1)
[1297]: (311.1465637306036,1)
[1298]: (311.8779239916801,1)
[1299]: (311.0567769575935,1)
[1300]: (311.2386781369139,1)
[1301]: (311.1606551110565,1)
[1302]: (311.7334980287385,1)
[1303]: (311.0348045095895,1)
[1304]: (311.788700352036,1)
[1305]: (311.2805751990628,1)
[1306]: (311.7623986835089,1)
[1307]: (311.0127585240547,1)
[1308]: (311.798926867991,1)
[1309]: (311.1178680378052,1)
[1310]: (311.3158305698753,1)
[1311]: (311.0399494994687,1)
[1312]: (311.3254534010879,1)
[1313]: (311.0398766404323,1)
[1314]: (311.1281654833421,1)
[1315]: (311.288457174452,1)
[1316]: (311.714428522314,1)
[1317]: (311.9593180693675,1)
[1318]: (312.0137221047976,1)
[1319]: (311.2508510831725,1)
[1320]: (311.2559908322734,1)
[1321]: (311.4202257786793,1)
[1322]: (311.2398434619158,1)
[1323]: (311.4303977243208,1)
[1324]: (311.0119463781552,1)
[1325]: (311.0064112638635,1)
[1326]: (311.508094979368,1)
[1327]: (311.3318676747487,1)
[1328]: (311.139938087721,1)
[1329]: (311.0613862561138,1)
[1330]: (311.7263514118988,1)
[1331]: (311.5405962632773,1)
[1332]: (311.0390441381786,1)
[1333]: (311.0126849318787,1)
[1334]: (311.519669078843,1)
[1335]: (311.0850639059533,1)
[1336]: (311.8180175680205,1)
[1337]: (311.1719084753125,1)
[1338]: (311.1796968375013,1)
[1339]: (311.1521023360498,1)
[1340]: (311.0860466277993,1)
[1341]: (311.1794559271196,1)
[1342]: (311.0613533788406,1)
[1343]: (311.2197204086099,1)
[1344]: (311.2563809694982,1)
[1345]: (311.2891874878572,1)
[1346]: (311.0307465511366,1)
[1347]: (311.0465408674552,1)
[1348]: (311.53019709509,1)
[1349]: (312.0587617695459,1)
[1350]: (311.2992809390217,1)
[1351]: (311.2337361283063,1)
[1352]: (311.9852155169299,1)
[1353]: (311.3103066432025,1)
[1354]: (311.6582232683023,1)
[1355]: (311.0560094932063,1)
[1356]: (311.2105715292444,1)
[1357]: (311.0653104205799,1)
[1358]: (311.2026911066217,1)
[1359]: (311.0752253526916,1)
[1360]: (311.0080714148574,1)
[1361]: (311.6479700117388,1)
[1362]: (311.2229907332207,1)
[1363]: (311.1248360167426,1)
[1364]: (311.2665580035128,1)
[1365]: (311.1445339806865,1)
[1366]: (311.1758863667841,1)
[1367]: (311.1193224708829,1)
[1368]: (311.3797857359523,1)
[1369]: (311.0846152434202,1)
[1370]: (311.1598508607671,1)
[1371]: (311.1257108196208,1)
[1372]: (311.0499071942371,1)
[1373]: (311.2665243411799,1)
[1374]: (311.382138114316,1)
[1375]: (311.105774286049,1)
[1376]: (311.1869141257583,1)
[1377]: (311.0138092761399,1)
[1378]: (311.0491010713827,1)
[1379]: (311.1297376145304,1)
[1380]: (311.2329869228344,1)
[1381]: (311.1322353947988,1)
[1382]: (311.2385027746495,1)
[1383]: (311.3813314466256,1)
[1384]: (311.742092621493,1)
[1385]: (311.3318374592517,1)
[1386]: (311.3239790520822,1)
[1387]: (311.0542675566903,1)
[1388]: (311.057047572315,1)
[1389]: (311.1236251799387,1)
[1390]: (311.1215938818272,1)
[1391]: (311.8502154551646,1)
[1392]: (312.0206155803448,1)
[1393]: (311.2298805951052,1)
[1394]: (312.9609366837886,1)
[1395]: (311.3267944259717,1)
[1396]: (312.5265301788821,1)
[1397]: (311.6103984986605,1)
[1398]: (313.0489996190705,1)
[1399]: (311.1383829111538,1)
[1400]: (311.3127355470168,1)
[1401]: (311.0252514778613,1)
[1402]: (311.1331745474945,1)
[1403]: (311.035287497092,1)
[1404]: (311.0637794025004,1)
[1405]: (311.1135746418002,1)
[1406]: (311.1156158924223,1)
[1407]: (311.9660187926701,1)
[1408]: (311.2273901774865,1)
[1409]: (311.5420843709687,1)
[1410]: (311.1082312567278,1)
[1411]: (311.0426066259101,1)
[1412]: (311.165253625762,1)
[1413]: (312.0374561483366,1)
[1414]: (311.8558813899785,1)
[1415]: (311.308012603431,1)
[1416]: (311.0030171757913,1)
[1417]: (311.6917505892694,1)
[1418]: (311.0543003380163,1)
[1419]: (311.0928054368865,1)
[1420]: (311.1157114446195,1)
[1421]: (311.1917867163933,1)
[1422]: (311.5856820909862,1)
[1423]: (311.2467876453999,1)
[1424]: (311.1100312373018,1)
[1425]: (311.883824391824,1)
[1426]: (311.1955264662522,1)
[1427]: (311.3972970578059,1)
[1428]: (311.0028954072942,1)
[1429]: (311.4676429670022,1)
[1430]: (311.5720161735818,1)
[1431]: (311.0177026852474,1)
[1432]: (311.4947735959558,1)
[1433]: (311.6123850502017,1)
[1434]: (311.3565179824542,1)
[1435]: (311.286052147912,1)
[1436]: (311.5764289358707,1)
[1437]: (311.2505110926689,1)
[1438]: (312.9746145268313,1)
[1439]: (311.1102186864954,1)
[1440]: (311.5478878128054,1)
[1441]: (311.0503697039229,1)
[1442]: (311.2953750779826,1)
[1443]: (311.5876196916325,1)
[1444]: (311.8081315639819,1)
[1445]: (311.0497703712089,1)
[1446]: (311.6916953832011,1)
[1447]: (311.1397199312498,1)
[1448]: (311.0143465963902,1)
[1449]: (311.3142621302127,1)
[1450]: (311.5594151860897,1)
[1451]: (311.1848574337707,1)
[1452]: (311.596467401035,1)
[1453]: (311.265273572248,1)
[1454]: (311.0799818186878,1)
[1455]: (311.0490820300413,1)
[1456]: (311.1839664327742,1)
[1457]: (312.4989792335509,1)
[1458]: (311.3640526976086,1)
[1459]: (311.3417701553159,1)
[1460]: (311.329365928106,1)
[1461]: (311.8679540782284,1)
[1462]: (311.0778660638485,1)
[1463]: (311.5610516706952,1)
[1464]: (311.2308233187641,1)
[1465]: (311.1845164428928,1)
[1466]: (312.1066514348688,1)
[1467]: (311.2827198954823,1)
[1468]: (311.0723312207929,1)
[1469]: (311.4333763756636,1)
[1470]: (312.3632685680537,1)
[1471]: (311.5043155357007,1)
[1472]: (311.0046656711959,1)
[1473]: (311.1114338148093,1)
[1474]: (311.1137582532895,1)
[1475]: (311.4942334897316,1)
[1476]: (311.1447337548327,1)
[1477]: (311.3308433609081,1)
[1478]: (311.2282833731746,1)
[1479]: (311.2017868738916,1)
[1480]: (311.707547394317,1)
[1481]: (311.3412903780327,1)
[1482]: (311.3452411850656,1)
[1483]: (311.0733077724572,1)
[1484]: (311.4146094820706,1)
[1485]: (311.2591798312807,1)
[1486]: (311.1731093790402,1)
[1487]: (311.2077731358375,1)
[1488]: (311.0316909640404,1)
[1489]: (311.5625540772745,1)
[1490]: (311.0579447537191,1)
[1491]: (312.2810853120992,1)
[1492]: (311.2486493247592,1)
[1493]: (311.3846688319648,1)
[1494]: (311.7875621432906,1)
[1495]: (311.9677371934291,1)
[1496]: (311.4059369302676,1)
[1497]: (311.3820495104683,1)
[1498]: (311.5148012357461,1)
[1499]: (311.536445113349,1)
[1500]: (311.4390336150449,1)
[1501]: (311.040046482661,1)
[1502]: (311.0405332147938,1)
[1503]: (311.3579528378648,1)
[1504]: (311.0268517427608,1)
[1505]: (311.0885930301635,1)
[1506]: (311.682754382111,1)
[1507]: (311.6502557131766,1)
[1508]: (311.1030316319623,1)
[1509]: (312.3571665272972,1)
[1510]: (311.1760044093,1)
[1511]: (311.2199034955659,1)
[1512]: (311.4826583066115,1)
[1513]: (311.0081648459038,1)
[1514]: (311.051587843024,1)
[1515]: (311.2072621095646,1)
[1516]: (311.670538611914,1)
[1517]: (311.0673568298872,1)
[1518]: (311.8137857053434,1)
[1519]: (311.0628745175837,1)
[1520]: (311.3504133975435,1)
[1521]: (311.0541412690371,1)
[1522]: (311.105676861328,1)
[1523]: (311.4790021712572,1)
[1524]: (311.3182987251818,1)
[1525]: (311.5015283904385,1)
[1526]: (311.705834008624,1)
[1527]: (311.5236240963927,1)
[1528]: (311.1168329977248,1)
[1529]: (311.0979354003121,1)
[1530]: (311.1566046167236,1)
[1531]: (311.303726388406,1)
[1532]: (311.081821243784,1)
[1533]: (311.1303048893932,1)
[1534]: (311.1542097184391,1)
[1535]: (311.1258913098367,1)
[1536]: (311.1352995054707,1)
[1537]: (311.6842016894783,1)
[1538]: (311.2526227746264,1)
[1539]: (311.1180053637315,1)
[1540]: (311.1149275049092,1)
[1541]: (311.0867888082183,1)
[1542]: (311.0732650459012,1)
[1543]: (311.3067486229324,1)
[1544]: (311.4074205428223,1)
[1545]: (311.0711471021772,1)
[1546]: (311.1426253248554,1)
[1547]: (311.1087399464064,1)
[1548]: (311.2568032414017,1)
[1549]: (311.0806269167107,1)
[1550]: (311.0358172100894,1)
[1551]: (311.0263474167899,1)
[1552]: (311.1095595409585,1)
[1553]: (311.7364556357277,1)
[1554]: (311.1043959161759,1)
[1555]: (311.0423856678964,1)
[1556]: (311.5508662666828,1)
[1557]: (311.0847329512388,1)
[1558]: (311.1933524209861,1)
[1559]: (311.1449339335597,1)
[1560]: (311.24153274466,1)
[1561]: (311.5470059085656,1)
[1562]: (311.4583582113677,1)
[1563]: (311.0035814064856,1)
[1564]: (311.2799959783476,1)
[1565]: (311.356361784216,1)
[1566]: (311.1161753315737,1)
[1567]: (311.7010710428551,1)
[1568]: (311.7613622285854,1)
[1569]: (311.2536998925336,1)
[1570]: (311.0608200135451,1)
[1571]: (311.3622313017951,1)
[1572]: (311.0814327609517,1)
[1573]: (311.3586222511213,1)
[1574]: (311.800317750792,1)
[1575]: (311.2273571205021,1)
[1576]: (311.1192044517707,1)
[1577]: (312.2094925800569,1)
[1578]: (311.0203567549026,1)
[1579]: (311.2023935352812,1)
[1580]: (311.409620006589,1)
[1581]: (311.3322350661694,1)
[1582]: (311.1173397469597,1)
[1583]: (311.1341326226887,1)
[1584]: (311.0757074621982,1)
[1585]: (311.2059952202724,1)
[1586]: (311.0003043471265,1)
[1587]: (311.3052666430824,1)
[1588]: (311.0101998219508,1)
[1589]: (311.2794581656056,1)
[1590]: (311.4663114357015,1)
[1591]: (311.9152160983392,1)
[1592]: (311.6151063148602,1)
[1593]: (311.0581583795189,1)
[1594]: (311.0478647391386,1)
[1595]: (311.0509766949615,1)
[1596]: (311.0591898694282,1)
[1597]: (311.1154517746994,1)
[1598]: (311.1315655591325,1)
[1599]: (311.4480132504057,1)
[1600]: (311.291374500917,1)
[1601]: (311.106468729926,1)
[1602]: (311.205317130344,1)
[1603]: (311.2846098387658,1)
[1604]: (311.7691405357008,1)
[1605]: (311.0725249826116,1)
[1606]: (311.5627698778048,1)
[1607]: (311.2231365585892,1)
[1608]: (311.7970712945693,1)
[1609]: (311.1917522959927,1)
[1610]: (311.1085120999267,1)
[1611]: (311.1660696113277,1)
[1612]: (311.3199534007968,1)
[1613]: (311.4056038510981,1)
[1614]: (311.1286822056153,1)
[1615]: (311.1685546845641,1)
[1616]: (312.1106861331641,1)
[1617]: (311.1151307916409,1)
[1618]: (311.9232289227811,1)
[1619]: (311.2465313374429,1)
[1620]: (311.0818775247348,1)
[1621]: (311.0981346278265,1)
[1622]: (312.1869725353278,1)
[1623]: (311.0103544125326,1)
[1624]: (311.1707600994575,1)
[1625]: (311.8336633809143,1)
[1626]: (311.2180167481736,1)
[1627]: (311.5571988437002,1)
[1628]: (311.2982985027721,1)
[1629]: (311.0843109814119,1)
[1630]: (311.4313782828399,1)
[1631]: (311.499495482254,1)
[1632]: (311.0685590423209,1)
[1633]: (311.0957881041438,1)
[1634]: (311.7671989609284,1)
[1635]: (311.1370912348883,1)
[1636]: (311.4477762133274,1)
[1637]: (311.3592169327852,1)
[1638]: (311.1537578829592,1)
[1639]: (311.1500597543766,1)
[1640]: (311.0096258980012,1)
[1641]: (311.0203979499943,1)
[1642]: (311.113582461364,1)
[1643]: (311.1663112776729,1)
[1644]: (311.8102305215235,1)
[1645]: (311.8796905454768,1)
[1646]: (311.3435458313948,1)
[1647]: (311.1791277368061,1)
[1648]: (311.2585279645325,1)
[1649]: (311.378024164587,1)
[1650]: (311.1400564284998,1)
[1651]: (311.0303298959498,1)
[1652]: (311.0639384769414,1)
[1653]: (311.22338709097,1)
[1654]: (311.8214349180474,1)
[1655]: (311.4085974174338,1)
[1656]: (311.1750600942953,1)
[1657]: (311.1606016101156,1)
[1658]: (311.473817246602,1)
[1659]: (311.1719009407695,1)
[1660]: (311.9723090978295,1)
[1661]: (311.2980137289356,1)
[1662]: (311.3693017986434,1)
[1663]: (311.1042568292257,1)
[1664]: (311.1294340985153,1)
[1665]: (311.8581640687113,1)
[1666]: (311.5414926558129,1)
[1667]: (312.2283694350239,1)
[1668]: (311.0778694476236,1)
[1669]: (311.6876644765397,1)
[1670]: (311.1729186911345,1)
[1671]: (311.0167057524939,1)
[1672]: (311.3270160848389,1)
[1673]: (311.1708680421846,1)
[1674]: (311.0524733414204,1)
[1675]: (311.2317599981214,1)
[1676]: (311.0805449538961,1)
[1677]: (311.7450934434234,1)
[1678]: (311.046853241994,1)
[1679]: (311.2667346924655,1)
[1680]: (311.4520772157648,1)
[1681]: (311.4934097100162,1)
[1682]: (311.0364730906912,1)
[1683]: (311.6835532914162,1)
[1684]: (311.2016406380741,1)
[1685]: (311.1895213792889,1)
[1686]: (311.3758166188087,1)
[1687]: (311.2071040540238,1)
[1688]: (311.3603538260401,1)
[1689]: (311.2959358794859,1)
[1690]: (311.0735662810613,1)
[1691]: (313.1316660341083,1)
[1692]: (311.0477085577303,1)
[1693]: (311.5703370474596,1)
[1694]: (311.0379952109262,1)
[1695]: (311.8869786964144,1)
[1696]: (311.0270222994001,1)
[1697]: (311.0323581560847,1)
[1698]: (311.1719957249784,1)
[1699]: (311.102793932156,1)
[1700]: (311.1586156737401,1)
[1701]: (311.4699799305023,1)
[1702]: (311.2473122067241,1)
[1703]: (312.024677435804,1)
[1704]: (311.199546298216,1)
[1705]: (311.3491489362297,1)
[1706]: (311.7494986248744,1)
[1707]: (311.2069614977398,1)
[1708]: (311.2576274469441,1)
[1709]: (311.3203877451431,1)
[1710]: (311.0065125300856,1)
[1711]: (311.0539947259352,1)
[1712]: (311.0460296992479,1)
[1713]: (311.0854916574783,1)
[1714]: (311.8271038164821,1)
[1715]: (311.1595414886919,1)
[1716]: (312.0460222906135,1)
[1717]: (311.0166567820154,1)
[1718]: (311.0702160168984,1)
[1719]: (311.3355091653994,1)
[1720]: (311.1245419630945,1)
[1721]: (311.2481427870968,1)
[1722]: (311.268394610942,1)
[1723]: (311.0609813201442,1)
[1724]: (311.2452832240744,1)
[1725]: (311.1718381765078,1)
[1726]: (311.0720441605156,1)
[1727]: (311.1658653186885,1)
[1728]: (311.1609895863477,1)
[1729]: (311.3019285588994,1)
[1730]: (311.3197807383868,1)
[1731]: (311.1122543482888,1)
[1732]: (311.0363732532302,1)
[1733]: (311.1823736692213,1)
[1734]: (311.451507620029,1)
[1735]: (311.2058493068551,1)
[1736]: (312.1763718224952,1)
[1737]: (311.2042879949067,1)
[1738]: (311.2416787482732,1)
[1739]: (311.7247973508881,1)
[1740]: (311.8717096865029,1)
[1741]: (311.1659196651523,1)
[1742]: (311.1216033609027,1)
[1743]: (311.1514445547214,1)
[1744]: (311.8195663573459,1)
[1745]: (311.375051568513,1)
[1746]: (311.0279538834156,1)
[1747]: (311.6052116784736,1)
[1748]: (311.0814443793394,1)
[1749]: (311.0336982392925,1)
[1750]: (311.1399903369343,1)
[1751]: (311.7813538370648,1)
[1752]: (311.0307066115633,1)
[1753]: (311.2523107264501,1)
[1754]: (311.1375621999817,1)
[1755]: (311.0895648640135,1)
[1756]: (312.0366533710569,1)
[1757]: (311.2227929610534,1)
[1758]: (311.8238864361938,1)
[1759]: (311.7523112726147,1)
[1760]: (311.8021637002577,1)
[1761]: (311.3075401314619,1)
[1762]: (311.3554094701969,1)
[1763]: (311.1174680458986,1)
[1764]: (311.0300571111924,1)
[1765]: (311.4003965373978,1)
[1766]: (311.4489532570483,1)
[1767]: (311.036509865236,1)
[1768]: (311.6378567684854,1)
[1769]: (311.8469715512718,1)
[1770]: (311.001307958946,1)
[1771]: (311.0186745766185,1)
[1772]: (311.1042421756694,1)
[1773]: (311.7525381270271,1)
[1774]: (311.3372448047747,1)
[1775]: (311.121983009889,1)
[1776]: (311.0864725208882,1)
[1777]: (311.0589612171142,1)
[1778]: (311.0039391856854,1)
[1779]: (311.2921571770295,1)
[1780]: (312.1549072721285,1)
[1781]: (311.0059638327615,1)
[1782]: (311.1688021605454,1)
[1783]: (311.378384110366,1)
[1784]: (311.1319969368993,1)
[1785]: (312.6492634081917,1)
[1786]: (311.0384554868965,1)
[1787]: (311.1671447136746,1)
[1788]: (311.5956325040456,1)
[1789]: (311.0207177752893,1)
[1790]: (311.013177460238,1)
[1791]: (311.0041540230761,1)
[1792]: (311.503579494217,1)
[1793]: (311.4564209637799,1)
[1794]: (311.12715511557,1)
[1795]: (312.2214176527449,1)
[1796]: (311.1659964924631,1)
[1797]: (311.1646592302367,1)
[1798]: (311.1609313040282,1)
[1799]: (311.3308546370668,1)
[1800]: (311.4496648555149,1)
[1801]: (311.1669503420196,1)
[1802]: (311.0217243396285,1)
[1803]: (311.4372165052901,1)
[1804]: (311.5617313077138,1)
[1805]: (311.0090615623003,1)
[1806]: (311.0593371709355,1)
[1807]: (311.3098353725911,1)
[1808]: (311.0684515223487,1)
[1809]: (311.3054512485704,1)
[1810]: (312.1217125224197,1)
[1811]: (311.2151671062419,1)
[1812]: (311.6134749132934,1)
[1813]: (311.6498092199074,1)
[1814]: (311.3444797972164,1)
[1815]: (311.5426178413139,1)
[1816]: (311.79793695797,1)
[1817]: (311.2460706661755,1)
[1818]: (311.5712859212837,1)
[1819]: (311.1317327820166,1)
[1820]: (311.2424995375586,1)
[1821]: (311.2771875908498,1)
[1822]: (311.2737610825486,1)
[1823]: (311.0744735583512,1)
[1824]: (311.0831503193154,1)
[1825]: (311.8495784728327,1)
[1826]: (311.2718999559677,1)
[1827]: (311.1184980343467,1)
[1828]: (311.4739754738522,1)
[1829]: (311.2391725329898,1)
[1830]: (311.0087477620619,1)
[1831]: (311.742853865637,1)
[1832]: (311.3676869496797,1)
[1833]: (312.0248956471394,1)
[1834]: (311.3396651524149,1)
[1835]: (311.7350569972346,1)
[1836]: (311.1133873340347,1)
[1837]: (311.3561864006665,1)
[1838]: (311.0785494554258,1)
[1839]: (311.6324657982821,1)
[1840]: (311.1339622263745,1)
[1841]: (311.0556625649942,1)
[1842]: (311.4933132904353,1)
[1843]: (311.1105094714472,1)
[1844]: (311.6096536062282,1)
[1845]: (311.5438579039841,1)
[1846]: (311.23146794826,1)
[1847]: (311.0748552579641,1)
[1848]: (311.0351200725268,1)
[1849]: (311.1891462243912,1)
[1850]: (311.0458123584281,1)
[1851]: (311.0970116352507,1)
[1852]: (311.3871709524955,1)
[1853]: (311.4905139400169,1)
[1854]: (311.0465943939043,1)
[1855]: (311.0395914713804,1)
[1856]: (311.3678613986338,1)
[1857]: (311.1762050766754,1)
[1858]: (311.0718444686693,1)
[1859]: (312.665411913886,1)
[1860]: (311.1698899497391,1)
[1861]: (311.2431095118694,1)
[1862]: (312.3258727787864,1)
[1863]: (311.2959351475519,1)
[1864]: (312.3246479447394,1)
[1865]: (311.8350709468695,1)
[1866]: (311.8134095841873,1)
[1867]: (311.2632350397586,1)
[1868]: (311.41140454862,1)
[1869]: (311.2498593032441,1)
[1870]: (311.1208230182643,1)
[1871]: (311.0497754318248,1)
[1872]: (311.0519952718657,1)
[1873]: (311.1958909799893,1)
[1874]: (311.5346192498404,1)
[1875]: (311.1816238681929,1)
[1876]: (311.3027538136352,1)
[1877]: (311.1225198059885,1)
[1878]: (311.0598159099111,1)
[1879]: (311.8895738790944,1)
[1880]: (311.10849632477,1)
[1881]: (311.3545530990839,1)
[1882]: (311.0704869178137,1)
[1883]: (311.366144770977,1)
[1884]: (311.0728088529691,1)
[1885]: (312.3194627739343,1)
[1886]: (311.2144107584929,1)
[1887]: (311.3851576295702,1)
[1888]: (311.1360149291103,1)
[1889]: (311.4046206683648,1)
[1890]: (311.2101990903802,1)
[1891]: (311.0088392039074,1)
[1892]: (311.7625487973606,1)
[1893]: (311.3587126063734,1)
[1894]: (311.9440180131446,1)
[1895]: (311.2225186733545,1)
[1896]: (311.4535612047382,1)
[1897]: (311.0523974922042,1)
[1898]: (311.2282078818508,1)
[1899]: (311.2596968193142,1)
[1900]: (311.3013488162194,1)
[1901]: (311.077195081207,1)
[1902]: (311.0254471390356,1)
[1903]: (311.0651203020315,1)
[1904]: (311.0176403675994,1)
[1905]: (311.0458399705902,1)
[1906]: (311.0136444567596,1)
[1907]: (311.2930526475039,1)
[1908]: (311.0399364113788,1)
[1909]: (312.3723702205214,1)
[1910]: (311.1544055599333,1)
[1911]: (311.7576523237594,1)
[1912]: (311.1005245942893,1)
[1913]: (311.0544988706694,1)
[1914]: (311.3949988847666,1)
[1915]: (311.2861566101492,1)
[1916]: (311.2937208389241,1)
[1917]: (311.1870856375064,1)
[1918]: (311.2135535752435,1)
[1919]: (311.011442921091,1)
[1920]: (311.3606849836694,1)
[1921]: (312.0768305714872,1)
[1922]: (311.7927757795221,1)
[1923]: (311.2478642569761,1)
[1924]: (311.4374386239537,1)
[1925]: (311.3387227517919,1)
[1926]: (311.0633023845184,1)
[1927]: (311.4594675015923,1)
[1928]: (311.5481382958804,1)
[1929]: (311.7436941584639,1)
[1930]: (311.2897005472044,1)
[1931]: (311.852478286812,1)
[1932]: (311.0311230738477,1)
[1933]: (311.873866697621,1)
[1934]: (311.0178643777126,1)
[1935]: (311.1477194599092,1)
[1936]: (311.0496972850313,1)
[1937]: (311.1166967933221,1)
[1938]: (311.6727620368977,1)
[1939]: (311.6302710343701,1)
[1940]: (311.8863893468016,1)
[1941]: (311.1306982296904,1)
[1942]: (311.1286187564186,1)
[1943]: (311.3865115837933,1)
[1944]: (311.1356594693652,1)
[1945]: (311.6670828729145,1)
[1946]: (312.181609647311,1)
[1947]: (311.0587050474365,1)
[1948]: (311.856035608368,1)
[1949]: (312.0533572216672,1)
[1950]: (311.0019211646527,1)
[1951]: (311.1261734329982,1)
[1952]: (311.3550326234763,1)
[1953]: (311.4531636602683,1)
[1954]: (311.353872233377,1)
[1955]: (311.0639875876885,1)
[1956]: (311.1660388936403,1)
[1957]: (311.23778283566,1)
[1958]: (311.3711660616204,1)
[1959]: (311.0171350044099,1)
[1960]: (311.1582336542113,1)
[1961]: (311.4492722819946,1)
[1962]: (311.3394003090762,1)
[1963]: (311.3227941587344,1)
[1964]: (311.0871327099159,1)
[1965]: (311.0924317835865,1)
[1966]: (311.2519739062135,1)
[1967]: (311.1496201119336,1)
[1968]: (311.3675382829973,1)
[1969]: (311.2620083616613,1)
[1970]: (311.0556979896301,1)
[1971]: (311.3110338995897,1)
[1972]: (311.4663269481335,1)
[1973]: (311.0644570401091,1)
[1974]: (311.0350230266887,1)
[1975]: (311.5463442466362,1)
[1976]: (311.2054632834643,1)
[1977]: (311.7215036749034,1)
[1978]: (311.2576791872209,1)
[1979]: (311.6818736132519,1)
[1980]: (311.0252409221831,1)
[1981]: (311.0212132840435,1)
[1982]: (311.6195383093263,1)
[1983]: (311.0575059645212,1)
[1984]: (311.1428994828568,1)
[1985]: (311.1671457374447,1)
[1986]: (311.2467967905267,1)
[1987]: (311.7104619458038,1)
[1988]: (311.1382176203189,1)
[1989]: (311.0918744036267,1)
[1990]: (311.0109032822321,1)
[1991]: (311.2417594768868,1)
[1992]: (311.2056240578526,1)
[1993]: (312.3773514265062,1)
[1994]: (311.3379520361493,1)
[1995]: (311.8361801009759,1)
[1996]: (311.1249757286841,1)
[1997]: (311.0315617091552,1)
[1998]: (311.0859509470608,1)
[1999]: (311.8474285817127,1)
 -- States explored : 0 states
 -- CPU user time used : 4474610 ms
 -- Virtual memory used : 117312460 KiB
 -- Resident memory used : 117254020 KiB
executionTime: 28114
