core file size          (blocks, -c) unlimited
data seg size           (kbytes, -d) unlimited
scheduling priority             (-e) 0
file size               (blocks, -f) unlimited
pending signals                 (-i) 4077086
max locked memory       (kbytes, -l) 64
max memory size         (kbytes, -m) 99614720
open files                      (-n) 4096
pipe size            (512 bytes, -p) 8
POSIX message queues     (bytes, -q) 819200
real-time priority              (-r) 0
stack size              (kbytes, -s) 8192
cpu time               (seconds, -t) unlimited
max user processes              (-u) 4077086
virtual memory          (kbytes, -v) 95000000
file locks                      (-x) unlimited
Options for the verification:
  Generating some trace
  Search order is random depth first
  Using conservative space optimisation
  Seed is 1556613021
  State space representation uses minimal constraint systems
  Using HashMap + Compress integers for discrete state storage

Verifying formula 1 at ../queries/SP_300_129_8.q:1
 -- Formula is satisfied.
(9000 runs)
Learning statistics for best strategy: 
	Number of resets: 0
	Number of iterations in last reset: 10
	Number of iterations in total: 10

 -- States explored : 0 states
 -- CPU user time used : 12849700 ms
 -- Virtual memory used : 62653260 KiB
 -- Resident memory used : 62612976 KiB

Verifying formula 2 at ../queries/SP_300_129_8.q:2
 -- Formula is satisfied.
Composer.Done:
[0]: (0,0) (735.5285330961088,1)
[1]: (735.0365143121684,1)
[2]: (738.2721439470056,1)
[3]: (736.5302009313326,1)
[4]: (740.0373516768725,1)
[5]: (736.1019873631645,1)
[6]: (736.3253446775735,1)
[7]: (739.5717992323753,1)
[8]: (737.2401014495769,1)
[9]: (737.0159019834673,1)
[10]: (735.0785618213879,1)
[11]: (736.0369153715881,1)
[12]: (735.3986567194166,1)
[13]: (737.0035611138214,1)
[14]: (737.8742692218792,1)
[15]: (737.0162600662012,1)
[16]: (736.2977482343924,1)
[17]: (736.0811488961268,1)
[18]: (737.3548046903782,1)
[19]: (737.0470231197349,1)
[20]: (736.409136591266,1)
[21]: (737.9416450787874,1)
[22]: (737.0496170972481,1)
[23]: (736.3012800560084,1)
[24]: (736.3149435847662,1)
[25]: (736.4841414788417,1)
[26]: (741.362213505043,1)
[27]: (737.0716435360309,1)
[28]: (736.0349429840542,1)
[29]: (738.4924913362696,1)
[30]: (738.0748366500044,1)
[31]: (737.0397739079849,1)
[32]: (737.8832721407725,1)
[33]: (736.1720032375707,1)
[34]: (735.0756960957436,1)
[35]: (735.0120992872224,1)
[36]: (739.1254508092305,1)
[37]: (737.0457105675558,1)
[38]: (736.39423069368,1)
[39]: (737.0775384896706,1)
[40]: (737.1313588488549,1)
[41]: (735.0390742973458,1)
[42]: (737.1926863414825,1)
[43]: (736.0820330289707,1)
[44]: (737.3400088983085,1)
[45]: (737.4896199319586,1)
[46]: (735.0947670053997,1)
[47]: (737.4662504229418,1)
[48]: (737.3772662124388,1)
[49]: (738.2528515615279,1)
[50]: (736.0963665189449,1)
[51]: (735.1465667462094,1)
[52]: (738.151899325105,1)
[53]: (739.0477456714769,1)
[54]: (735.6976461110528,1)
[55]: (736.1241493425803,1)
[56]: (735.7085718480078,1)
[57]: (740.0217560856238,1)
[58]: (735.0223952345028,1)
[59]: (736.9268866824601,1)
[60]: (737.0419798458582,1)
[61]: (738.5748266898693,1)
[62]: (735.3491753112144,1)
[63]: (738.1098285285365,1)
[64]: (737.0187369289841,1)
[65]: (736.1952883355979,1)
[66]: (739.1373350886631,1)
[67]: (738.1341943743554,1)
[68]: (737.0235464493213,1)
[69]: (735.1325037694144,1)
[70]: (736.3809751104139,1)
[71]: (738.1105298577676,1)
[72]: (738.1666888826852,1)
[73]: (736.1084694498015,1)
[74]: (737.5347734340903,1)
[75]: (737.1706453966891,1)
[76]: (738.8800887930274,1)
[77]: (737.9328100364435,1)
[78]: (735.1233033168119,1)
[79]: (742.0635077019696,1)
[80]: (737.5508178959282,1)
[81]: (738.1339144342547,1)
[82]: (737.0215617837387,1)
[83]: (739.1205179644716,1)
[84]: (737.0117877194198,1)
[85]: (736.5647134322795,1)
[86]: (737.4205495445254,1)
[87]: (738.4144696888244,1)
[88]: (737.5793732267872,1)
[89]: (738.0571663006419,1)
[90]: (736.0536699492371,1)
[91]: (739.3473003125516,1)
[92]: (736.0055730184216,1)
[93]: (737.1475663013232,1)
[94]: (741.508611724169,1)
[95]: (737.5619333200301,1)
[96]: (739.1590874853687,1)
[97]: (738.0185393839589,1)
[98]: (740.052626116124,1)
[99]: (738.1081458299793,1)
[100]: (737.1667167284942,1)
[101]: (738.0134654770742,1)
[102]: (736.9159570671964,1)
[103]: (736.1774614934574,1)
[104]: (739.0350558586453,1)
[105]: (738.6179235596724,1)
[106]: (736.0901399139528,1)
[107]: (736.006729046475,1)
[108]: (737.3595507748333,1)
[109]: (739.2285129637833,1)
[110]: (737.1086037448783,1)
[111]: (738.1179364394278,1)
[112]: (737.1418393368168,1)
[113]: (738.4635243023523,1)
[114]: (736.5840449561164,1)
[115]: (735.0498403885416,1)
[116]: (738.2932830082625,1)
[117]: (740.2938401583137,1)
[118]: (736.4342278706371,1)
[119]: (739.7050178717341,1)
[120]: (738.0060112523643,1)
[121]: (740.1371079518104,1)
[122]: (735.1170089319459,1)
[123]: (739.5428231698692,1)
[124]: (737.3400433054143,1)
[125]: (741.3919099143135,1)
[126]: (740.3541397341349,1)
[127]: (735.022028160624,1)
[128]: (735.3624351748217,1)
[129]: (736.3097963513443,1)
[130]: (738.8114044228654,1)
[131]: (737.0866762896809,1)
[132]: (736.4697340183795,1)
[133]: (740.6294060259002,1)
[134]: (738.2469242455852,1)
[135]: (739.0572617539467,1)
[136]: (740.0224221226987,1)
[137]: (737.1837550817581,1)
[138]: (740.0382113189645,1)
[139]: (740.1162458324206,1)
[140]: (737.3934304033694,1)
[141]: (736.9389499079949,1)
[142]: (735.5442285702864,1)
[143]: (736.1610384755953,1)
[144]: (737.5007824768988,1)
[145]: (736.3268276113337,1)
[146]: (738.0227033244386,1)
[147]: (738.2974498989694,1)
[148]: (736.0613183146263,1)
[149]: (737.271464416349,1)
[150]: (738.137614524008,1)
[151]: (738.0505394334075,1)
[152]: (738.1352527796384,1)
[153]: (737.0868992444628,1)
[154]: (738.3133067205448,1)
[155]: (735.0220708704899,1)
[156]: (736.2507276562542,1)
[157]: (739.0635687621741,1)
[158]: (737.2196288746906,1)
[159]: (737.1408966099224,1)
[160]: (735.1728322571144,1)
[161]: (737.455166431697,1)
[162]: (739.21013843523,1)
[163]: (736.053499491986,1)
[164]: (736.4105421473778,1)
[165]: (735.1052547944176,1)
[166]: (736.1397483277046,1)
[167]: (736.4199944696066,1)
[168]: (738.0422098454649,1)
[169]: (737.7646091394769,1)
[170]: (736.0107017247531,1)
[171]: (738.4776863915661,1)
[172]: (736.5606444975994,1)
[173]: (736.0619776777834,1)
[174]: (738.3819597760836,1)
[175]: (737.0002430486567,1)
[176]: (738.0139741750633,1)
[177]: (737.1948995968127,1)
[178]: (736.0379941446416,1)
[179]: (739.3250037627174,1)
[180]: (737.405684985272,1)
[181]: (736.0031604997291,1)
[182]: (735.250595594998,1)
[183]: (735.274411881154,1)
[184]: (738.3505172937619,1)
[185]: (739.4452455350595,1)
[186]: (737.3966945319937,1)
[187]: (737.551573248802,1)
[188]: (736.5773930671958,1)
[189]: (737.1701507478065,1)
[190]: (738.0948553925126,1)
[191]: (740.1191116325922,1)
[192]: (735.2785543013197,1)
[193]: (737.0778625093562,1)
[194]: (739.0103197572201,1)
[195]: (740.0219474289406,1)
[196]: (738.3795937747882,1)
[197]: (738.2867160585437,1)
[198]: (736.6388678855337,1)
[199]: (736.5267610388114,1)
[200]: (738.069355057964,1)
[201]: (738.1347039140736,1)
[202]: (739.4244339886911,1)
[203]: (738.0412235259366,1)
[204]: (736.979360275192,1)
[205]: (736.4650957183696,1)
[206]: (737.164452712595,1)
[207]: (736.2463301023821,1)
[208]: (736.3793871236096,1)
[209]: (737.291017558161,1)
[210]: (740.0997054205039,1)
[211]: (738.695673824408,1)
[212]: (736.6410083837575,1)
[213]: (737.1932524757933,1)
[214]: (735.2670165245013,1)
[215]: (740.1097771085651,1)
[216]: (737.0000693263281,1)
[217]: (739.1278309590788,1)
[218]: (737.6011927828876,1)
[219]: (737.3532558663926,1)
[220]: (737.301985199531,1)
[221]: (737.3880506483566,1)
[222]: (736.0546135841387,1)
[223]: (737.1929851749658,1)
[224]: (737.1676443458099,1)
[225]: (741.1293836899836,1)
[226]: (736.0257016385513,1)
[227]: (740.4932356914493,1)
[228]: (738.2685006953244,1)
[229]: (737.3436438821724,1)
[230]: (738.2230224536466,1)
[231]: (738.5430334215702,1)
[232]: (737.03630573833,1)
[233]: (737.7053002035659,1)
[234]: (738.0232523856675,1)
[235]: (736.8058734801115,1)
[236]: (736.125307782541,1)
[237]: (735.0419546076124,1)
[238]: (740.4606380961758,1)
[239]: (736.1242448703309,1)
[240]: (737.3136370570163,1)
[241]: (736.0915200162209,1)
[242]: (735.5962174479884,1)
[243]: (737.1091535888911,1)
[244]: (739.2026877118919,1)
[245]: (736.2025631047908,1)
[246]: (736.2692062580257,1)
[247]: (737.3700338592671,1)
[248]: (738.3760496331289,1)
[249]: (736.5676843789214,1)
[250]: (738.1582834423375,1)
[251]: (738.1971707049393,1)
[252]: (739.6181526436817,1)
[253]: (740.427367049844,1)
[254]: (737.0165389307706,1)
[255]: (740.0437021616422,1)
[256]: (738.2690245379355,1)
[257]: (736.6278977274666,1)
[258]: (737.0739029360967,1)
[259]: (737.1782631794608,1)
[260]: (736.6152459149592,1)
[261]: (736.2256768510694,1)
[262]: (738.4805349235156,1)
[263]: (737.7322037588486,1)
[264]: (737.0856163083034,1)
[265]: (738.1806276915067,1)
[266]: (738.0480286886897,1)
[267]: (738.3094635847937,1)
[268]: (737.2243894918788,1)
[269]: (737.2558487874719,1)
[270]: (736.0288104396911,1)
[271]: (737.038329226642,1)
[272]: (738.3908715136812,1)
[273]: (738.3727924587241,1)
[274]: (738.067652809146,1)
[275]: (739.0300730371096,1)
[276]: (735.3479988785712,1)
[277]: (735.0810550536471,1)
[278]: (737.5768445174618,1)
[279]: (737.2677823429626,1)
[280]: (739.0507406277575,1)
[281]: (737.0329525180358,1)
[282]: (736.3120729703252,1)
[283]: (736.3156958796902,1)
[284]: (738.345294121198,1)
[285]: (737.3454299741596,1)
[286]: (737.3090525787475,1)
[287]: (735.0883375192359,1)
[288]: (739.0036073923256,1)
[289]: (738.1441291223686,1)
[290]: (737.2690063763381,1)
[291]: (737.2273764018789,1)
[292]: (737.3987437933215,1)
[293]: (739.6753405289692,1)
[294]: (737.5396330554992,1)
[295]: (740.8929052044479,1)
[296]: (737.6992184687499,1)
[297]: (737.1364344614263,1)
[298]: (738.3471843669158,1)
[299]: (737.606752972259,1)
[300]: (737.3619014639105,1)
[301]: (739.1424267869062,1)
[302]: (738.4116489352695,1)
[303]: (736.0854831422378,1)
[304]: (740.0688772566205,1)
[305]: (736.3347501055125,1)
[306]: (738.2867074925207,1)
[307]: (735.420530537399,1)
[308]: (738.8414775940165,1)
[309]: (737.0554636071423,1)
[310]: (737.9669174067396,1)
[311]: (740.1177201357995,1)
[312]: (737.2628796805274,1)
[313]: (737.460690889414,1)
[314]: (737.1783299106532,1)
[315]: (738.0575291803576,1)
[316]: (735.0390652827712,1)
[317]: (736.0042145456941,1)
[318]: (737.0026314068466,1)
[319]: (741.8969664939034,1)
[320]: (738.0441059826181,1)
[321]: (735.0386104074306,1)
[322]: (737.6631396779734,1)
[323]: (737.0241520546102,1)
[324]: (735.0165083069364,1)
[325]: (736.2249517324448,1)
[326]: (738.1495965693986,1)
[327]: (737.273569814794,1)
[328]: (738.3228673540691,1)
[329]: (737.4743511794356,1)
[330]: (740.8129243632598,1)
[331]: (737.1375849029824,1)
[332]: (735.3845910173111,1)
[333]: (735.0444271473873,1)
[334]: (736.3986726431173,1)
[335]: (737.1036788057772,1)
[336]: (737.0705145293772,1)
[337]: (740.4721382896772,1)
[338]: (737.5636220697378,1)
[339]: (735.1460420892353,1)
[340]: (737.0604972805851,1)
[341]: (739.1132060273367,1)
[342]: (737.7087499466913,1)
[343]: (736.7666385800646,1)
[344]: (738.1060318692508,1)
[345]: (737.1948879864269,1)
[346]: (737.2112385013427,1)
[347]: (736.2007774122543,1)
[348]: (737.5667223131595,1)
[349]: (739.1034992415072,1)
[350]: (737.1857121098956,1)
[351]: (736.7293710643086,1)
[352]: (738.0422867280766,1)
[353]: (736.3401213387897,1)
[354]: (736.9521976910834,1)
[355]: (741.7363993737303,1)
[356]: (739.5795553867753,1)
[357]: (737.1530890767008,1)
[358]: (737.2242483606382,1)
[359]: (738.9351646567259,1)
[360]: (738.1034419350417,1)
[361]: (736.6722286289216,1)
[362]: (737.0344577351749,1)
[363]: (740.150965818306,1)
[364]: (735.4301764924097,1)
[365]: (737.1045827204709,1)
[366]: (735.0341020671277,1)
[367]: (740.287465839801,1)
[368]: (737.3435076437617,1)
[369]: (740.0677604125829,1)
[370]: (740.1588562550996,1)
[371]: (744.4421217842901,1)
[372]: (736.1834046728346,1)
[373]: (738.0739428292236,1)
[374]: (736.6968969366342,1)
[375]: (736.7712852760897,1)
[376]: (736.1168382863561,1)
[377]: (737.2444095345606,1)
[378]: (735.4491281547471,1)
[379]: (736.0839781673147,1)
[380]: (738.3850768064048,1)
[381]: (736.2343219013353,1)
[382]: (736.4146147830218,1)
[383]: (736.1421312901177,1)
[384]: (738.0275580001369,1)
[385]: (739.2271619148894,1)
[386]: (736.4672952423037,1)
[387]: (737.4931923402843,1)
[388]: (738.32253470411,1)
[389]: (739.2413325090149,1)
[390]: (738.0879906314881,1)
[391]: (740.2202807721102,1)
[392]: (735.2047084837512,1)
[393]: (736.2033600203172,1)
[394]: (735.2019125338287,1)
[395]: (735.2453158798629,1)
[396]: (737.7662059503572,1)
[397]: (736.0460337683494,1)
[398]: (739.5474221092338,1)
[399]: (735.0366137756458,1)
[400]: (738.0394862061777,1)
[401]: (740.2869505798881,1)
[402]: (735.2250297421538,1)
[403]: (737.3960690067852,1)
[404]: (739.2113774146455,1)
[405]: (736.2908337044497,1)
[406]: (735.8944369710906,1)
[407]: (739.1710147027856,1)
[408]: (738.0086221654045,1)
[409]: (736.2069360166945,1)
[410]: (737.0562084241484,1)
[411]: (736.2009150293629,1)
[412]: (736.063060308451,1)
[413]: (739.1519410394981,1)
[414]: (738.0925016100566,1)
[415]: (737.1018309681084,1)
[416]: (735.0775429877349,1)
[417]: (738.120303262177,1)
[418]: (738.748413262549,1)
[419]: (739.1494715736233,1)
[420]: (740.2176062936227,1)
[421]: (738.395536297573,1)
[422]: (737.1852452072856,1)
[423]: (736.0261152432038,1)
[424]: (737.9549145472999,1)
[425]: (737.0374361452144,1)
[426]: (736.5690188067471,1)
[427]: (737.2475127579805,1)
[428]: (740.1939291350232,1)
[429]: (736.1009979987389,1)
[430]: (736.0172453998294,1)
[431]: (738.9327417059551,1)
[432]: (737.2035217677713,1)
[433]: (738.3290200987245,1)
[434]: (737.4085437657226,1)
[435]: (737.3029409041698,1)
[436]: (735.0357158365567,1)
[437]: (737.0433330941803,1)
[438]: (738.0937225755346,1)
[439]: (740.5051663872883,1)
[440]: (735.6351626773954,1)
[441]: (739.4272154802753,1)
[442]: (740.8293370500393,1)
[443]: (736.0817605068817,1)
[444]: (736.4099276296974,1)
[445]: (738.6592666046599,1)
[446]: (735.4492261363785,1)
[447]: (736.2603589020391,1)
[448]: (737.2100278651021,1)
[449]: (736.1396298269085,1)
[450]: (739.5168768545196,1)
[451]: (737.6041204370239,1)
[452]: (739.0418259500292,1)
[453]: (741.6097978200376,1)
[454]: (736.4803257165133,1)
[455]: (735.4608030988031,1)
[456]: (736.2234674648878,1)
[457]: (736.2896650192397,1)
[458]: (737.5439371069984,1)
[459]: (736.046963178371,1)
[460]: (739.6660341717372,1)
[461]: (737.2111411301887,1)
[462]: (737.7493156288161,1)
[463]: (736.140073926658,1)
[464]: (737.1566897016113,1)
[465]: (738.1688494706239,1)
[466]: (737.0989525010624,1)
[467]: (736.1375863684783,1)
[468]: (740.2008329146005,1)
[469]: (739.010105203849,1)
[470]: (737.4784211941339,1)
[471]: (738.9394220814672,1)
[472]: (736.0534792069583,1)
[473]: (737.0617116812983,1)
[474]: (737.0482482878797,1)
[475]: (737.3946459594337,1)
[476]: (737.0446908806135,1)
[477]: (737.2075143680013,1)
[478]: (737.0677638985729,1)
[479]: (739.510396780756,1)
[480]: (738.1505546608809,1)
[481]: (737.0922874773701,1)
[482]: (739.0925475180414,1)
[483]: (736.1170876629476,1)
[484]: (735.4751922458354,1)
[485]: (736.0451126532456,1)
[486]: (738.2585541144714,1)
[487]: (737.0716060022802,1)
[488]: (739.4552545408924,1)
[489]: (736.4435034315055,1)
[490]: (736.259782021948,1)
[491]: (736.8799463115521,1)
[492]: (736.2897674424509,1)
[493]: (739.6090675670424,1)
[494]: (739.0628023517152,1)
[495]: (736.8192505102514,1)
[496]: (738.4878316965298,1)
[497]: (736.3272695470027,1)
[498]: (737.0728394725362,1)
[499]: (736.1848187739374,1)
[500]: (738.0059230779881,1)
[501]: (737.4402014713337,1)
[502]: (737.2892120739251,1)
[503]: (737.1926974018124,1)
[504]: (738.1448394000498,1)
[505]: (737.7592109321207,1)
[506]: (742.6973315106428,1)
[507]: (739.3651957898641,1)
[508]: (739.0020475454928,1)
[509]: (736.2955288889628,1)
[510]: (737.4696830693724,1)
[511]: (737.2137187979208,1)
[512]: (737.8109660173263,1)
[513]: (740.2778266784647,1)
[514]: (738.3504680912881,1)
[515]: (738.2478231526989,1)
[516]: (739.8031689137607,1)
[517]: (738.0693037804414,1)
[518]: (738.0802608825753,1)
[519]: (738.3735690297747,1)
[520]: (737.0606337463508,1)
[521]: (736.8281445653571,1)
[522]: (737.6190960690828,1)
[523]: (740.1214250756622,1)
[524]: (736.0122555493285,1)
[525]: (737.6174594663495,1)
[526]: (735.1148239946776,1)
[527]: (741.4420213644801,1)
[528]: (736.3699256159128,1)
[529]: (737.6069084569313,1)
[530]: (735.0666917543991,1)
[531]: (735.1955401704028,1)
[532]: (736.0590960801652,1)
[533]: (735.1117741545218,1)
[534]: (740.9547463537208,1)
[535]: (737.097669467027,1)
[536]: (736.558862445922,1)
[537]: (736.1277021783462,1)
[538]: (736.6742004163996,1)
[539]: (738.36889249758,1)
[540]: (738.0046076119091,1)
[541]: (737.3396524711459,1)
[542]: (736.1173386489098,1)
[543]: (738.1022637306154,1)
[544]: (739.9442782158253,1)
[545]: (738.7957294150134,1)
[546]: (737.1029843046582,1)
[547]: (735.7444911120207,1)
[548]: (739.2613087721885,1)
[549]: (735.2245068084035,1)
[550]: (739.1694547371795,1)
[551]: (735.008609715508,1)
[552]: (739.3899296284811,1)
[553]: (737.0001146966021,1)
[554]: (737.5454417454973,1)
[555]: (736.5744041870706,1)
[556]: (736.7501107928451,1)
[557]: (737.2162128516323,1)
[558]: (736.4051036307176,1)
[559]: (735.8676806697268,1)
[560]: (735.0865918985779,1)
[561]: (735.8739755337032,1)
[562]: (736.0868139885829,1)
[563]: (736.6540645755124,1)
[564]: (737.1942862597143,1)
[565]: (736.5256563291855,1)
[566]: (738.452487025906,1)
[567]: (736.1470633763157,1)
[568]: (735.2044659436285,1)
[569]: (735.7336635453196,1)
[570]: (736.3176985096669,1)
[571]: (735.0748293354517,1)
[572]: (737.0249910143632,1)
[573]: (739.0618584399488,1)
[574]: (735.1085610874472,1)
[575]: (738.4075629834251,1)
[576]: (739.2423301550814,1)
[577]: (737.115469705792,1)
[578]: (737.154052355727,1)
[579]: (737.2414390694818,1)
[580]: (737.070597059919,1)
[581]: (737.2022123590995,1)
[582]: (737.1269398967332,1)
[583]: (738.6408803742698,1)
[584]: (738.062794786927,1)
[585]: (738.3695951952434,1)
[586]: (737.1948898229479,1)
[587]: (737.0720863080978,1)
[588]: (736.1029879769108,1)
[589]: (739.339352223481,1)
[590]: (737.2732059617996,1)
[591]: (738.3942572004061,1)
[592]: (739.2267676282374,1)
[593]: (738.1709697335637,1)
[594]: (736.2192420645202,1)
[595]: (736.1759067026871,1)
[596]: (736.0014586136701,1)
[597]: (737.0559102113187,1)
[598]: (739.8872870653599,1)
[599]: (738.8936973504502,1)
[600]: (737.1087611545394,1)
[601]: (738.0458068797212,1)
[602]: (736.2212646134618,1)
[603]: (739.0575406740428,1)
[604]: (738.3227921213089,1)
[605]: (738.0210985896667,1)
[606]: (737.8496792380474,1)
[607]: (738.3288963945106,1)
[608]: (736.3250392035551,1)
[609]: (737.8886717149784,1)
[610]: (739.0434395806097,1)
[611]: (736.5692953961794,1)
[612]: (739.0136036195197,1)
[613]: (737.2588727230406,1)
[614]: (736.8747582904396,1)
[615]: (737.4994254795093,1)
[616]: (738.0343423048411,1)
[617]: (739.1957428303767,1)
[618]: (737.1949711441907,1)
[619]: (737.7020148814215,1)
[620]: (736.1023839349992,1)
[621]: (735.0432517726348,1)
[622]: (737.9638608329785,1)
[623]: (738.9190463019786,1)
[624]: (735.1643015706128,1)
[625]: (740.0818655691999,1)
[626]: (738.4187939502615,1)
[627]: (738.4658296463883,1)
[628]: (741.0497552111974,1)
[629]: (738.007002957104,1)
[630]: (737.2183961025645,1)
[631]: (736.6311102314291,1)
[632]: (735.4204032905218,1)
[633]: (736.5691399801279,1)
[634]: (739.9289092930004,1)
[635]: (737.2973104958611,1)
[636]: (737.0214083852896,1)
[637]: (737.0731409430119,1)
[638]: (737.0861944539357,1)
[639]: (737.0580513145194,1)
[640]: (736.2331237925987,1)
[641]: (737.1871250262185,1)
[642]: (737.3588821389785,1)
[643]: (739.4310796182683,1)
[644]: (736.6985063529061,1)
[645]: (738.2303127007459,1)
[646]: (735.7074013113073,1)
[647]: (738.1754646796389,1)
[648]: (737.0830336866234,1)
[649]: (736.1989024209976,1)
[650]: (735.0709176564583,1)
[651]: (736.0975434790165,1)
[652]: (738.6002689716875,1)
[653]: (735.0067399624884,1)
[654]: (735.1275962273791,1)
[655]: (738.5654665252132,1)
[656]: (738.3353350349398,1)
[657]: (739.1291450029875,1)
[658]: (739.1305596777379,1)
[659]: (735.4457715901344,1)
[660]: (737.1229929259962,1)
[661]: (737.0837407221652,1)
[662]: (735.8964788910689,1)
[663]: (737.9267089135701,1)
[664]: (738.0019003940031,1)
[665]: (736.6471569532796,1)
[666]: (737.0093936348903,1)
[667]: (737.6712557963633,1)
[668]: (736.0755260927933,1)
[669]: (737.0583782995436,1)
[670]: (736.2316655027096,1)
[671]: (736.5761452689848,1)
[672]: (737.5704778892958,1)
[673]: (737.0341370152563,1)
[674]: (736.0748311261616,1)
[675]: (737.201140886133,1)
[676]: (735.1007911129557,1)
[677]: (737.0037847113725,1)
[678]: (738.005193866849,1)
[679]: (737.4428881594389,1)
[680]: (737.0545264951783,1)
[681]: (737.1070772887731,1)
[682]: (738.2725308188423,1)
[683]: (738.4365522134358,1)
[684]: (735.1461996977733,1)
[685]: (737.1082878909181,1)
[686]: (737.7739893913397,1)
[687]: (738.6264713350258,1)
[688]: (735.6960876642191,1)
[689]: (737.178343440499,1)
[690]: (736.6228149981598,1)
[691]: (737.7909873026247,1)
[692]: (737.147095323988,1)
[693]: (735.189407404114,1)
[694]: (737.5526173626383,1)
[695]: (737.402452727739,1)
[696]: (736.5694202631339,1)
[697]: (738.0186378992685,1)
[698]: (739.0299971437257,1)
[699]: (737.0163676707547,1)
[700]: (735.3972659955763,1)
[701]: (736.6406176996175,1)
[702]: (736.4184522707724,1)
[703]: (737.1980716766028,1)
[704]: (737.3509937350608,1)
[705]: (740.1836845196747,1)
[706]: (738.0083827055261,1)
[707]: (737.1243967234959,1)
[708]: (736.7983002445535,1)
[709]: (738.1603335869349,1)
[710]: (738.4378739881782,1)
[711]: (736.0852566923273,1)
[712]: (737.0446838158438,1)
[713]: (736.9039990768712,1)
[714]: (737.1703159505231,1)
[715]: (738.0917942605261,1)
[716]: (737.0426969329578,1)
[717]: (736.1992506511602,1)
[718]: (737.0259504227038,1)
[719]: (736.2458822900109,1)
[720]: (736.0889260942641,1)
[721]: (735.0824893887363,1)
[722]: (739.7313918929127,1)
[723]: (736.3047925713045,1)
[724]: (735.0833782337237,1)
[725]: (736.1136718571379,1)
[726]: (736.0886788342539,1)
[727]: (738.3980502317893,1)
[728]: (736.7169794188612,1)
[729]: (736.12184543875,1)
[730]: (737.469167875638,1)
[731]: (740.2379785746044,1)
[732]: (735.4388844230422,1)
[733]: (736.6560675065165,1)
[734]: (737.4028343418701,1)
[735]: (736.1781873058932,1)
[736]: (737.0042131575707,1)
[737]: (735.6647542891531,1)
[738]: (735.501398564468,1)
[739]: (740.5315508474599,1)
[740]: (739.194128986367,1)
[741]: (738.4654077085357,1)
[742]: (737.536729469494,1)
[743]: (737.5708801688226,1)
[744]: (735.0207228613408,1)
[745]: (738.6312467336944,1)
[746]: (740.0806510911307,1)
[747]: (736.1195016929205,1)
[748]: (738.0098248764357,1)
[749]: (738.2030535877748,1)
[750]: (738.7039802866556,1)
[751]: (737.2088039997138,1)
[752]: (738.6355651306195,1)
[753]: (736.0332023991139,1)
[754]: (737.3355702602483,1)
[755]: (736.0327382119729,1)
[756]: (735.1242362252283,1)
[757]: (738.0369899663177,1)
[758]: (736.0442966578678,1)
[759]: (738.0033722472848,1)
[760]: (737.3208469147646,1)
[761]: (740.2486449611223,1)
[762]: (739.2547970936354,1)
[763]: (739.2992199238232,1)
[764]: (735.1348100595349,1)
[765]: (738.5446300352482,1)
[766]: (739.2239805086515,1)
[767]: (736.1773829354537,1)
[768]: (738.403414417695,1)
[769]: (736.5698654695842,1)
[770]: (736.1543687248925,1)
[771]: (736.1982383543423,1)
[772]: (737.0998316127781,1)
[773]: (739.7556386397794,1)
[774]: (735.2971085799045,1)
[775]: (737.3567130553893,1)
[776]: (738.7726202810231,1)
[777]: (736.2410926034199,1)
[778]: (737.4065371237443,1)
[779]: (738.3554330672466,1)
[780]: (737.0270008504357,1)
[781]: (737.8377832061141,1)
[782]: (736.3649977760629,1)
[783]: (741.0462972630997,1)
[784]: (740.0071157423381,1)
[785]: (738.1844612796846,1)
[786]: (737.1096712247966,1)
[787]: (737.059573634747,1)
[788]: (736.1313481022315,1)
[789]: (737.7412229357709,1)
[790]: (738.1056786302786,1)
[791]: (737.0760427088578,1)
[792]: (735.1491118348931,1)
[793]: (736.1117157664497,1)
[794]: (737.0679579336972,1)
[795]: (737.2857025579865,1)
[796]: (737.6404964174827,1)
[797]: (736.3674127465048,1)
[798]: (737.3711438097754,1)
[799]: (736.2156153996317,1)
[800]: (736.0066577941428,1)
[801]: (736.8735174067415,1)
[802]: (739.089776404688,1)
[803]: (737.544407708972,1)
[804]: (738.0964344321897,1)
[805]: (736.0238155347818,1)
[806]: (739.140192769856,1)
[807]: (737.4188715473516,1)
[808]: (737.2407601122915,1)
[809]: (738.1763085366671,1)
[810]: (736.522372894418,1)
[811]: (737.4960111356335,1)
[812]: (736.2562163030304,1)
[813]: (738.2335962038459,1)
[814]: (738.453618497253,1)
[815]: (738.7956609479235,1)
[816]: (736.0925186603494,1)
[817]: (736.4254876202397,1)
[818]: (736.119594255044,1)
[819]: (739.3317103088332,1)
[820]: (737.5025333839676,1)
[821]: (740.9250054472576,1)
[822]: (736.0453091576561,1)
[823]: (737.6082026915744,1)
[824]: (735.1370596992381,1)
[825]: (738.217166424934,1)
[826]: (738.3835735555069,1)
[827]: (738.1307615703539,1)
[828]: (740.3103026241657,1)
[829]: (738.1892733670003,1)
[830]: (736.0608569104761,1)
[831]: (737.6306810703501,1)
[832]: (740.2293853889519,1)
[833]: (737.0468947067596,1)
[834]: (738.0091499140119,1)
[835]: (739.4041596639837,1)
[836]: (738.8229401164868,1)
[837]: (737.3398151712018,1)
[838]: (739.1131489259606,1)
[839]: (736.1732219182859,1)
[840]: (736.5221812327741,1)
[841]: (736.3223861366138,1)
[842]: (740.2999642477388,1)
[843]: (739.0291266242805,1)
[844]: (737.3597642834741,1)
[845]: (737.2945903013406,1)
[846]: (737.0541017017487,1)
[847]: (736.0748559402055,1)
[848]: (738.1294855308645,1)
[849]: (739.5492308607005,1)
[850]: (741.9024400193608,1)
[851]: (735.2084982468107,1)
[852]: (736.2519228829027,1)
[853]: (737.3519532926,1)
[854]: (737.4036780399853,1)
[855]: (736.5445644098094,1)
[856]: (735.1199012127283,1)
[857]: (736.0532557999595,1)
[858]: (735.1878501105601,1)
[859]: (736.2542498091764,1)
[860]: (736.0993146287376,1)
[861]: (737.3884713081057,1)
[862]: (737.0437980725471,1)
[863]: (737.3915430492988,1)
[864]: (737.1832847106573,1)
[865]: (737.5056640755759,1)
[866]: (736.4813690742226,1)
[867]: (737.67734429413,1)
[868]: (736.0021842676997,1)
[869]: (737.5952252862029,1)
[870]: (738.1656705788607,1)
[871]: (736.358292056459,1)
[872]: (737.7241587905522,1)
[873]: (739.4224268668887,1)
[874]: (737.0968052568252,1)
[875]: (735.2999379589643,1)
[876]: (737.5167216503181,1)
[877]: (737.2958814299938,1)
[878]: (737.1366053424275,1)
[879]: (737.2230925115107,1)
[880]: (736.1350438933961,1)
[881]: (735.4500338284649,1)
[882]: (737.4910657069031,1)
[883]: (736.1453028724177,1)
[884]: (736.4241184302651,1)
[885]: (737.3086766608344,1)
[886]: (739.9027489499025,1)
[887]: (737.8450709962517,1)
[888]: (738.0810384422728,1)
[889]: (737.037316962015,1)
[890]: (738.221363022583,1)
[891]: (737.4341597323576,1)
[892]: (737.1217365579765,1)
[893]: (736.1216558034114,1)
[894]: (737.2857273272623,1)
[895]: (738.0498238220896,1)
[896]: (736.3360197024735,1)
[897]: (737.9171701234029,1)
[898]: (741.177630927074,1)
[899]: (741.4634526514471,1)
[900]: (739.3659312308546,1)
[901]: (736.2830643013231,1)
[902]: (738.8940098646583,1)
[903]: (735.4829717960363,1)
[904]: (739.805842513226,1)
[905]: (738.0635781488448,1)
[906]: (737.2369241393162,1)
[907]: (737.4218768593632,1)
[908]: (736.2656001926429,1)
[909]: (736.0528394469185,1)
[910]: (738.6805166132775,1)
[911]: (737.1795150411622,1)
[912]: (735.332753712813,1)
[913]: (740.1682572758349,1)
[914]: (737.4292075725494,1)
[915]: (736.3435569824163,1)
[916]: (738.1955037605122,1)
[917]: (735.4705366300609,1)
[918]: (737.3814730043892,1)
[919]: (737.1771729147163,1)
[920]: (738.3712941399664,1)
[921]: (740.4695130581795,1)
[922]: (736.6165915228945,1)
[923]: (736.0278686724625,1)
[924]: (736.5491913056095,1)
[925]: (738.0458161797991,1)
[926]: (739.2626501321146,1)
[927]: (739.0509622792986,1)
[928]: (737.2536295654999,1)
[929]: (736.0076498965932,1)
[930]: (739.0795507548462,1)
[931]: (738.3362436523181,1)
[932]: (738.5035262695525,1)
[933]: (738.2990145618644,1)
[934]: (737.171294467626,1)
[935]: (741.34567471231,1)
[936]: (739.2123201185259,1)
[937]: (738.9785356668259,1)
[938]: (738.8428069198541,1)
[939]: (736.0807315596904,1)
[940]: (736.0448669885377,1)
[941]: (738.2003572288304,1)
[942]: (739.1896855827572,1)
[943]: (737.0732562746945,1)
[944]: (736.5153660757682,1)
[945]: (736.26299219302,1)
[946]: (736.2549771310504,1)
[947]: (735.2138935783576,1)
[948]: (740.2405377958369,1)
[949]: (739.7092430862083,1)
[950]: (735.1178000033491,1)
[951]: (737.3138558584675,1)
[952]: (737.1065316793056,1)
[953]: (736.159145779214,1)
[954]: (737.4265628168637,1)
[955]: (737.9797746171188,1)
[956]: (737.2152595525004,1)
[957]: (737.1110338038113,1)
[958]: (737.0422527847592,1)
[959]: (736.608147832142,1)
[960]: (739.281422062189,1)
[961]: (737.5605989230506,1)
[962]: (736.0530659717498,1)
[963]: (738.1109320160789,1)
[964]: (737.8250050947352,1)
[965]: (738.6831517679653,1)
[966]: (736.828795011761,1)
[967]: (737.0825135945323,1)
[968]: (737.3174755451548,1)
[969]: (737.1558327807307,1)
[970]: (735.4791142551874,1)
[971]: (736.6385992350654,1)
[972]: (738.0534690915173,1)
[973]: (737.1022325720705,1)
[974]: (736.2328968284014,1)
[975]: (737.017273732319,1)
[976]: (738.5664015788064,1)
[977]: (736.4839049261222,1)
[978]: (737.2342682745873,1)
[979]: (737.026464722348,1)
[980]: (738.0346030005105,1)
[981]: (735.2189520559547,1)
[982]: (736.6732210898101,1)
[983]: (739.1134861611869,1)
[984]: (736.926514561184,1)
[985]: (738.6241566843764,1)
[986]: (738.5159382870859,1)
[987]: (739.7052587667232,1)
[988]: (736.1482949672119,1)
[989]: (738.0894365957737,1)
[990]: (737.0485287382866,1)
[991]: (737.0323794388694,1)
[992]: (736.1730436682645,1)
[993]: (738.2743617924605,1)
[994]: (738.1431024378955,1)
[995]: (737.1574624138777,1)
[996]: (739.2600890693546,1)
[997]: (736.5450169158289,1)
[998]: (737.0347514707476,1)
[999]: (737.0093918185386,1)
[1000]: (741.0147794737348,1)
[1001]: (735.2814960277674,1)
[1002]: (738.0231057899791,1)
[1003]: (741.5360800415458,1)
[1004]: (738.1497509858048,1)
[1005]: (737.5934821757834,1)
[1006]: (737.0371514320689,1)
[1007]: (737.0431055823999,1)
[1008]: (740.4589075411445,1)
[1009]: (736.1158564427398,1)
[1010]: (738.3095043532577,1)
[1011]: (740.7035383553585,1)
[1012]: (737.0398205784364,1)
[1013]: (735.6297156463909,1)
[1014]: (739.0958487853655,1)
[1015]: (737.3559823334821,1)
[1016]: (736.0612255579717,1)
[1017]: (737.0325564433801,1)
[1018]: (737.5178761408794,1)
[1019]: (737.3179983872872,1)
[1020]: (738.028311424294,1)
[1021]: (737.2201011324661,1)
[1022]: (736.1170811094723,1)
[1023]: (736.0560144652276,1)
[1024]: (739.1051052184124,1)
[1025]: (738.177814333008,1)
[1026]: (738.016191439913,1)
[1027]: (735.246526888579,1)
[1028]: (737.7753973745481,1)
[1029]: (739.3658753638573,1)
[1030]: (738.0038206954405,1)
[1031]: (737.3428635415621,1)
[1032]: (737.4675063232424,1)
[1033]: (736.0108415850007,1)
[1034]: (737.0420945170343,1)
[1035]: (736.0587286538737,1)
[1036]: (737.3130810194972,1)
[1037]: (735.3302487260526,1)
[1038]: (742.5122499165811,1)
[1039]: (736.5897964033737,1)
[1040]: (739.3578508224516,1)
[1041]: (737.1735173639515,1)
[1042]: (738.7833703977254,1)
[1043]: (740.0219690754928,1)
[1044]: (738.3780049663692,1)
[1045]: (738.9406094176445,1)
[1046]: (737.2133551933968,1)
[1047]: (739.1371696653838,1)
[1048]: (738.4168188567205,1)
[1049]: (736.0838608221144,1)
[1050]: (735.0650262051012,1)
[1051]: (740.0120609069295,1)
[1052]: (737.0309943447746,1)
[1053]: (736.118230951904,1)
[1054]: (737.038953134863,1)
[1055]: (738.1025960263139,1)
[1056]: (737.012525486001,1)
[1057]: (737.2978688972549,1)
[1058]: (735.0468485603803,1)
[1059]: (739.1666028379785,1)
[1060]: (736.0765576453936,1)
[1061]: (738.3785897683545,1)
[1062]: (736.224188034112,1)
[1063]: (739.1238004938344,1)
[1064]: (737.0187930043652,1)
[1065]: (737.2983135653139,1)
[1066]: (737.2678656761728,1)
[1067]: (737.0386955662533,1)
[1068]: (739.2508644990162,1)
[1069]: (738.3623194600534,1)
[1070]: (739.1484836204506,1)
[1071]: (739.3750263576562,1)
[1072]: (735.2729760189865,1)
[1073]: (736.1980525055685,1)
[1074]: (735.1086660323369,1)
[1075]: (738.3522780997728,1)
[1076]: (739.7617434712571,1)
[1077]: (737.0132241451743,1)
[1078]: (738.1536307346188,1)
[1079]: (735.1155761058895,1)
[1080]: (735.3214643035518,1)
[1081]: (736.4992500743768,1)
[1082]: (741.1993707835882,1)
[1083]: (738.2269587366748,1)
[1084]: (735.0520081286443,1)
[1085]: (737.3078471688523,1)
[1086]: (736.2040180976263,1)
[1087]: (737.3286940865243,1)
[1088]: (737.7504303507253,1)
[1089]: (738.0132240339266,1)
[1090]: (735.1787251563645,1)
[1091]: (735.0960829124491,1)
[1092]: (738.1313140112597,1)
[1093]: (737.7270352980833,1)
[1094]: (735.7098028880374,1)
[1095]: (739.4068383287757,1)
[1096]: (735.5063890401608,1)
[1097]: (738.6825057579398,1)
[1098]: (737.4946157107037,1)
[1099]: (736.5977412923489,1)
[1100]: (737.3933578116041,1)
[1101]: (740.196007441923,1)
[1102]: (737.5749904526067,1)
[1103]: (739.0629730211837,1)
[1104]: (737.222994998127,1)
[1105]: (736.7789731762635,1)
[1106]: (737.1731617849213,1)
[1107]: (737.0595028878531,1)
[1108]: (736.070627414364,1)
[1109]: (737.3784028424988,1)
[1110]: (736.3102729160765,1)
[1111]: (737.1923922711521,1)
[1112]: (736.1447630729737,1)
[1113]: (738.2714936606186,1)
[1114]: (737.10445356098,1)
[1115]: (735.1020089620697,1)
[1116]: (737.1007839207655,1)
[1117]: (738.2358448861332,1)
[1118]: (738.2554655741444,1)
[1119]: (736.2009383561091,1)
[1120]: (737.0597724227741,1)
[1121]: (736.0719081097956,1)
[1122]: (738.4315072179143,1)
[1123]: (737.3004943405653,1)
[1124]: (738.8215582703,1)
[1125]: (738.4317744583775,1)
[1126]: (736.6440060786781,1)
[1127]: (737.3033842390943,1)
[1128]: (736.4715448780362,1)
[1129]: (738.0420469716812,1)
[1130]: (739.3128601612839,1)
[1131]: (735.2533036604578,1)
[1132]: (735.0421445910126,1)
[1133]: (735.0797254324726,1)
[1134]: (737.5391718789804,1)
[1135]: (737.2889102534219,1)
[1136]: (735.2728055983974,1)
[1137]: (738.1857928977309,1)
[1138]: (741.0345729237237,1)
[1139]: (737.5422662281367,1)
[1140]: (738.1117535289703,1)
[1141]: (738.6133949202433,1)
[1142]: (737.2382052668146,1)
[1143]: (736.0962523156976,1)
[1144]: (737.332836807533,1)
[1145]: (740.2807508047046,1)
[1146]: (735.3774407249958,1)
[1147]: (739.0630019105798,1)
[1148]: (738.0583065595168,1)
[1149]: (736.1371376250183,1)
[1150]: (736.0175863059169,1)
[1151]: (737.1174003698407,1)
[1152]: (736.1852801391071,1)
[1153]: (735.0884257606527,1)
[1154]: (737.5975144009578,1)
[1155]: (739.588079182347,1)
[1156]: (736.0869994434411,1)
[1157]: (737.314900732649,1)
[1158]: (738.268216002921,1)
[1159]: (739.5009126461729,1)
[1160]: (738.0552760573352,1)
[1161]: (738.0140721986379,1)
[1162]: (736.3855317445062,1)
[1163]: (736.39449374591,1)
[1164]: (737.7801708513346,1)
[1165]: (736.7217757596586,1)
[1166]: (737.4141410848298,1)
[1167]: (737.7088790755461,1)
[1168]: (738.3771014868695,1)
[1169]: (735.5150934125927,1)
[1170]: (738.1087798513173,1)
[1171]: (736.5005583613216,1)
[1172]: (739.1095419047755,1)
[1173]: (738.2395727152235,1)
[1174]: (739.7135219730874,1)
[1175]: (738.0321611006949,1)
[1176]: (736.856199327755,1)
[1177]: (738.3702545528434,1)
[1178]: (735.2327569284017,1)
[1179]: (737.5344695991371,1)
[1180]: (739.4366878644661,1)
[1181]: (738.8303606797469,1)
[1182]: (736.0386651176952,1)
[1183]: (738.0993250509498,1)
[1184]: (736.4062727790813,1)
[1185]: (737.2131866012213,1)
[1186]: (735.0643497548509,1)
[1187]: (735.3425654213103,1)
[1188]: (736.3255695600442,1)
[1189]: (739.7779575627429,1)
[1190]: (736.5602007948969,1)
[1191]: (738.3785216430779,1)
[1192]: (735.0588591590622,1)
[1193]: (737.0279675067138,1)
[1194]: (739.5020226990464,1)
[1195]: (740.2379917029143,1)
[1196]: (735.131739586144,1)
[1197]: (735.0190979784738,1)
[1198]: (738.1647011039464,1)
[1199]: (736.2624788981416,1)
[1200]: (737.0957394888337,1)
[1201]: (738.0492369691452,1)
[1202]: (738.380201492315,1)
[1203]: (739.0867157275364,1)
[1204]: (737.2443826428008,1)
[1205]: (740.670386342332,1)
[1206]: (737.0857545598579,1)
[1207]: (738.13968226407,1)
[1208]: (739.1615030579273,1)
[1209]: (737.7437073137095,1)
[1210]: (735.0971923457341,1)
[1211]: (737.035604349314,1)
[1212]: (735.2802083585656,1)
[1213]: (736.0387048596978,1)
[1214]: (737.9964777807635,1)
[1215]: (736.5307805579235,1)
[1216]: (739.1666885855464,1)
[1217]: (737.4702261163735,1)
[1218]: (738.3076122756109,1)
[1219]: (737.0876795448936,1)
[1220]: (739.0501014820647,1)
[1221]: (739.2614067489523,1)
[1222]: (741.5105261323321,1)
[1223]: (739.1240747451393,1)
[1224]: (735.5267879251378,1)
[1225]: (737.7227647561278,1)
[1226]: (736.378121050502,1)
[1227]: (738.3341990432084,1)
[1228]: (736.2282698664372,1)
[1229]: (739.9602459264784,1)
[1230]: (737.5389983234671,1)
[1231]: (737.2022672256501,1)
[1232]: (739.387757122615,1)
[1233]: (738.1034385307198,1)
[1234]: (737.0080689296135,1)
[1235]: (736.5661703753539,1)
[1236]: (737.2043392750418,1)
[1237]: (739.3240168638666,1)
[1238]: (735.7447389584097,1)
[1239]: (737.9874460260199,1)
[1240]: (736.3144689702493,1)
[1241]: (737.0337767549007,1)
[1242]: (738.1041313313204,1)
[1243]: (737.1034806086163,1)
[1244]: (737.6207827127162,1)
[1245]: (739.0576291003108,1)
[1246]: (738.1859576945843,1)
[1247]: (737.0834317006287,1)
[1248]: (737.4062625126179,1)
[1249]: (736.4404617307184,1)
[1250]: (738.0530215125978,1)
[1251]: (737.0011933466825,1)
[1252]: (738.3715695287697,1)
[1253]: (737.305127904051,1)
[1254]: (736.0637465863671,1)
[1255]: (738.1326643583582,1)
[1256]: (735.2822920573556,1)
[1257]: (738.0237027821593,1)
[1258]: (736.0464581157755,1)
[1259]: (736.2927897579266,1)
[1260]: (735.0134000712469,1)
[1261]: (735.2956515786557,1)
[1262]: (738.0373217405638,1)
[1263]: (739.0232757766827,1)
[1264]: (738.199284896721,1)
[1265]: (737.1383574939164,1)
[1266]: (737.0614288708122,1)
[1267]: (736.620837710028,1)
[1268]: (738.0048740160734,1)
[1269]: (739.1233897491742,1)
[1270]: (735.8128907145831,1)
[1271]: (739.1159181853334,1)
[1272]: (738.0438372210991,1)
[1273]: (737.1007804152609,1)
[1274]: (740.3801683331919,1)
[1275]: (737.0512534645992,1)
[1276]: (736.1846876381575,1)
[1277]: (739.4333869602144,1)
[1278]: (737.7173451022716,1)
[1279]: (737.5480710523398,1)
[1280]: (737.5488463363157,1)
[1281]: (737.4100205189355,1)
[1282]: (737.3369569544807,1)
[1283]: (736.1622860059875,1)
[1284]: (738.7071525597703,1)
[1285]: (737.4720494332325,1)
[1286]: (738.1122084092881,1)
[1287]: (735.0936695591537,1)
[1288]: (735.1173848683829,1)
[1289]: (736.5001986438666,1)
[1290]: (737.1294714744911,1)
[1291]: (736.0339166533472,1)
[1292]: (737.4463689407162,1)
[1293]: (735.2872464446435,1)
[1294]: (738.3656334704795,1)
[1295]: (737.1318919114509,1)
[1296]: (739.00193793233,1)
[1297]: (737.8401075737125,1)
[1298]: (736.6938858402688,1)
[1299]: (738.2172701299809,1)
[1300]: (740.1758838246432,1)
[1301]: (735.570423717634,1)
[1302]: (738.1186132161471,1)
[1303]: (737.4205873734371,1)
[1304]: (737.1079756877123,1)
[1305]: (737.2890049917078,1)
[1306]: (736.6309978215603,1)
[1307]: (736.0275374394502,1)
[1308]: (735.5228625629076,1)
[1309]: (737.0006738477372,1)
[1310]: (735.1123211531267,1)
[1311]: (737.1998423381272,1)
[1312]: (736.6713972792073,1)
[1313]: (737.3913124877013,1)
[1314]: (737.0132862574607,1)
[1315]: (738.174258366138,1)
[1316]: (735.0267883103143,1)
[1317]: (738.0803192774174,1)
[1318]: (735.0293596227062,1)
[1319]: (738.9322292599521,1)
[1320]: (740.0328175659641,1)
[1321]: (736.1103674517735,1)
[1322]: (738.0155703130731,1)
[1323]: (738.3999827429416,1)
[1324]: (738.3605049571735,1)
[1325]: (739.0092237334961,1)
[1326]: (737.448160415813,1)
[1327]: (736.0057275766942,1)
[1328]: (737.0243243732325,1)
[1329]: (736.8590954300585,1)
[1330]: (738.0691441051217,1)
[1331]: (735.1614207937059,1)
[1332]: (736.7128107481675,1)
[1333]: (735.2949574808657,1)
[1334]: (737.4317375346201,1)
[1335]: (737.1036306030709,1)
[1336]: (737.7476367815832,1)
[1337]: (735.1695741346023,1)
[1338]: (738.2358112383251,1)
[1339]: (737.0079406826798,1)
[1340]: (739.9103618195523,1)
[1341]: (735.0386116148932,1)
[1342]: (737.0746631294046,1)
[1343]: (736.376988439124,1)
[1344]: (737.1992507296278,1)
[1345]: (737.1039268430468,1)
[1346]: (736.8730740063921,1)
[1347]: (739.2597547173232,1)
[1348]: (737.1195609441871,1)
[1349]: (737.020914404782,1)
[1350]: (735.2360431177401,1)
[1351]: (735.0464265173406,1)
[1352]: (735.3988961650034,1)
[1353]: (735.2825868985134,1)
[1354]: (736.3454640252128,1)
[1355]: (738.0763185958356,1)
[1356]: (738.032772364007,1)
[1357]: (736.2077219249178,1)
[1358]: (735.2745948618136,1)
[1359]: (737.08733048631,1)
[1360]: (737.1297421185826,1)
[1361]: (736.1379279631566,1)
[1362]: (737.0926812359689,1)
[1363]: (736.6701911892964,1)
[1364]: (738.5688136442895,1)
[1365]: (738.2849708346548,1)
[1366]: (738.2853928483402,1)
[1367]: (735.7197023756199,1)
[1368]: (738.3463144573575,1)
[1369]: (735.1310100758083,1)
[1370]: (735.3499087197337,1)
[1371]: (735.3676948590906,1)
[1372]: (736.1754531372384,1)
[1373]: (738.3224479723061,1)
[1374]: (738.3881194556238,1)
[1375]: (735.1294854974055,1)
[1376]: (738.7360882514482,1)
[1377]: (738.2178198190562,1)
[1378]: (735.4309514137245,1)
[1379]: (736.6435025358094,1)
[1380]: (738.4744880266742,1)
[1381]: (737.2725807276101,1)
[1382]: (735.3230934258959,1)
[1383]: (737.1386115026992,1)
[1384]: (737.2846608804251,1)
[1385]: (737.3235452413718,1)
[1386]: (738.0428729914071,1)
[1387]: (736.0379652741556,1)
[1388]: (738.0087667149119,1)
[1389]: (737.2702519872408,1)
[1390]: (737.28866283307,1)
[1391]: (735.0786263495502,1)
[1392]: (738.229260711233,1)
[1393]: (736.1848619876473,1)
[1394]: (737.3707656984425,1)
[1395]: (741.0624653996,1)
[1396]: (736.2608722040662,1)
[1397]: (738.7405387171844,1)
[1398]: (735.0319280454689,1)
[1399]: (738.0388435051052,1)
[1400]: (735.0368081210329,1)
[1401]: (738.5818039921975,1)
[1402]: (738.4080099993942,1)
[1403]: (737.3601375610461,1)
[1404]: (736.2342033527895,1)
[1405]: (738.0638919714789,1)
[1406]: (736.3003399683796,1)
[1407]: (737.3948002011633,1)
[1408]: (736.8743054620664,1)
[1409]: (738.1794824101853,1)
[1410]: (736.5020711439884,1)
[1411]: (737.8696992829872,1)
[1412]: (737.363134749804,1)
[1413]: (737.0619881743115,1)
[1414]: (736.0158437253474,1)
[1415]: (738.1094778846449,1)
[1416]: (738.3667029473431,1)
[1417]: (735.4147086500384,1)
[1418]: (737.3424052645423,1)
[1419]: (740.3216732028278,1)
[1420]: (736.2692099834672,1)
[1421]: (739.2516657533895,1)
[1422]: (737.3047785117941,1)
[1423]: (735.1577955078052,1)
[1424]: (736.0982158122689,1)
[1425]: (735.3830734153297,1)
[1426]: (736.0099427819088,1)
[1427]: (738.0193865961862,1)
[1428]: (737.2781982444602,1)
[1429]: (738.1670042542015,1)
[1430]: (737.011152387748,1)
[1431]: (736.0846687514645,1)
[1432]: (735.0555467960727,1)
[1433]: (737.1569164969119,1)
[1434]: (738.8830823596727,1)
[1435]: (738.3407309598368,1)
[1436]: (739.9218077647722,1)
[1437]: (735.2156839993305,1)
[1438]: (736.1970786731575,1)
[1439]: (740.141267651677,1)
[1440]: (738.0810702257086,1)
[1441]: (740.034502473726,1)
[1442]: (735.7961341453712,1)
[1443]: (740.0030812351433,1)
[1444]: (739.4232301252169,1)
[1445]: (737.4516253931134,1)
[1446]: (738.0129641419577,1)
[1447]: (737.0807679429474,1)
[1448]: (740.283102584296,1)
[1449]: (736.5733856349491,1)
[1450]: (737.563483734447,1)
[1451]: (736.5394057236963,1)
[1452]: (737.4313055002569,1)
[1453]: (737.0628302649785,1)
[1454]: (737.1051713135706,1)
[1455]: (737.7512084276262,1)
[1456]: (737.3322741236806,1)
[1457]: (736.0907805508692,1)
[1458]: (737.3698605960062,1)
[1459]: (736.3956470673257,1)
[1460]: (738.204433602148,1)
[1461]: (740.2783539630244,1)
[1462]: (738.0698502608443,1)
[1463]: (736.3407926030915,1)
[1464]: (735.4884661838034,1)
[1465]: (737.0324807401421,1)
[1466]: (738.101273876149,1)
[1467]: (740.2699654212979,1)
[1468]: (736.3347091752431,1)
[1469]: (737.1578927310641,1)
[1470]: (737.0490046601216,1)
[1471]: (738.3384733167284,1)
[1472]: (736.6267325080114,1)
[1473]: (739.2189922082105,1)
[1474]: (736.3858249978101,1)
[1475]: (738.2170687179917,1)
[1476]: (737.6376407204143,1)
[1477]: (736.3941995637583,1)
[1478]: (736.079012050226,1)
[1479]: (736.7812289893744,1)
[1480]: (736.4670969791666,1)
[1481]: (735.03026633319,1)
[1482]: (737.2657248402982,1)
[1483]: (738.4749097827247,1)
[1484]: (738.4815565634643,1)
[1485]: (736.1361076228179,1)
[1486]: (737.485834471362,1)
[1487]: (737.0776712878222,1)
[1488]: (736.1616208459818,1)
[1489]: (738.0335726076798,1)
[1490]: (738.0253053332739,1)
[1491]: (738.31025573438,1)
[1492]: (738.0140929018265,1)
[1493]: (736.1028777371088,1)
[1494]: (738.0174833378852,1)
[1495]: (736.0140885206284,1)
[1496]: (737.2928492975224,1)
[1497]: (739.2231248216368,1)
[1498]: (738.0106985507941,1)
[1499]: (737.1414116133906,1)
[1500]: (736.113213348303,1)
[1501]: (738.3593201301966,1)
[1502]: (737.169482679734,1)
[1503]: (736.00851909045,1)
[1504]: (738.2781961023342,1)
[1505]: (738.0095537626585,1)
[1506]: (737.2801790793072,1)
[1507]: (737.1015301617441,1)
[1508]: (737.2921983225881,1)
[1509]: (736.031220102491,1)
[1510]: (736.6386409966441,1)
[1511]: (739.6826675265144,1)
[1512]: (736.4286575441671,1)
[1513]: (740.2313766243485,1)
[1514]: (737.0401497651516,1)
[1515]: (736.0170236712509,1)
[1516]: (736.1964428302848,1)
[1517]: (736.2364888617292,1)
[1518]: (736.3196132628532,1)
[1519]: (738.0306872930601,1)
[1520]: (736.0354625029262,1)
[1521]: (737.0541415189225,1)
[1522]: (737.1854152927505,1)
[1523]: (735.3468181062966,1)
[1524]: (736.6344261175368,1)
[1525]: (737.0358535370301,1)
[1526]: (736.1936854705299,1)
[1527]: (737.7556349241528,1)
[1528]: (739.4136629335605,1)
[1529]: (737.1729151596467,1)
[1530]: (738.1161934901452,1)
[1531]: (738.0518991579103,1)
[1532]: (739.1784068885006,1)
[1533]: (739.4128931273975,1)
[1534]: (736.2368868950243,1)
[1535]: (736.2705511370058,1)
[1536]: (737.0412615643786,1)
[1537]: (735.0487505872882,1)
[1538]: (736.0523823050864,1)
[1539]: (738.2994871480627,1)
[1540]: (737.1025847698444,1)
[1541]: (735.851352625633,1)
[1542]: (737.3524990833362,1)
[1543]: (740.2552525306372,1)
[1544]: (737.4872249832936,1)
[1545]: (738.2425785804088,1)
[1546]: (736.5651722360078,1)
[1547]: (737.6048328716327,1)
[1548]: (737.0349474089909,1)
[1549]: (736.4038797662954,1)
[1550]: (737.0966814905812,1)
[1551]: (735.2010899843093,1)
[1552]: (737.3255903250512,1)
[1553]: (738.1075442847801,1)
[1554]: (738.8662252725928,1)
[1555]: (739.026520571114,1)
[1556]: (738.1999235733939,1)
[1557]: (736.4357433985592,1)
[1558]: (737.6650749449885,1)
[1559]: (735.1041778601239,1)
[1560]: (738.0408380959209,1)
[1561]: (737.7871660468152,1)
[1562]: (737.4816957974505,1)
[1563]: (737.2571011778056,1)
[1564]: (736.5431545390943,1)
[1565]: (737.5415504852826,1)
[1566]: (737.3632462212103,1)
[1567]: (736.1179780925905,1)
[1568]: (738.0504144048052,1)
[1569]: (738.1549704145599,1)
[1570]: (738.003531079046,1)
[1571]: (738.2071016207681,1)
[1572]: (738.1523802463523,1)
[1573]: (737.5294623146312,1)
[1574]: (735.1535656105253,1)
[1575]: (737.3187928050124,1)
[1576]: (735.6985245694011,1)
[1577]: (736.2359076766016,1)
[1578]: (735.5070175623594,1)
[1579]: (736.2414306934674,1)
[1580]: (738.2082919617402,1)
[1581]: (738.6239163186942,1)
[1582]: (736.247319084501,1)
[1583]: (740.0951280622004,1)
[1584]: (737.516371692095,1)
[1585]: (738.2587828064193,1)
[1586]: (736.5262722119685,1)
[1587]: (736.9883244475927,1)
[1588]: (738.2246069562028,1)
[1589]: (736.3158224749939,1)
[1590]: (737.0860542426108,1)
[1591]: (737.0220126254475,1)
[1592]: (735.1283732854002,1)
[1593]: (737.5353577624142,1)
[1594]: (739.6744771961455,1)
[1595]: (738.348449805323,1)
[1596]: (737.5355167256341,1)
[1597]: (736.2306564445395,1)
[1598]: (739.0715316302428,1)
[1599]: (738.2018894263139,1)
[1600]: (740.0589627149787,1)
[1601]: (737.1601480681926,1)
[1602]: (737.2190995645914,1)
[1603]: (735.5547002677383,1)
[1604]: (741.2408873045803,1)
[1605]: (735.2625976183427,1)
[1606]: (737.0606193226818,1)
[1607]: (737.2579746675445,1)
[1608]: (737.0410424120194,1)
[1609]: (738.1245827909195,1)
[1610]: (736.1257789418038,1)
[1611]: (739.1664744314771,1)
[1612]: (735.1139127120676,1)
[1613]: (735.0381619392924,1)
[1614]: (736.1055437407011,1)
[1615]: (737.512740029548,1)
[1616]: (738.0292576157057,1)
[1617]: (736.6426134123176,1)
[1618]: (736.1955758762524,1)
[1619]: (739.1746967289969,1)
[1620]: (737.4315084901615,1)
[1621]: (740.31258790601,1)
[1622]: (735.307534675495,1)
[1623]: (738.8446422526464,1)
[1624]: (736.1409727266723,1)
[1625]: (739.228347626319,1)
[1626]: (738.8564453598253,1)
[1627]: (737.172151314108,1)
[1628]: (738.0918045035564,1)
[1629]: (737.2389375495349,1)
[1630]: (737.7590390230919,1)
[1631]: (738.0161460871616,1)
[1632]: (736.3603728088488,1)
[1633]: (736.1398460048481,1)
[1634]: (738.7361510659389,1)
[1635]: (735.3206931593645,1)
[1636]: (736.2112531125789,1)
[1637]: (736.106331770739,1)
[1638]: (735.1449118034709,1)
[1639]: (739.2237611402662,1)
[1640]: (737.564983426244,1)
[1641]: (739.0351941752222,1)
[1642]: (736.3542063273184,1)
[1643]: (737.2592580798048,1)
[1644]: (738.0866040536805,1)
[1645]: (736.0444404320151,1)
[1646]: (736.5552346135521,1)
[1647]: (736.030184215864,1)
[1648]: (736.0200401160943,1)
[1649]: (738.103182798392,1)
[1650]: (738.118652230198,1)
[1651]: (737.0373169519978,1)
[1652]: (736.1359692526771,1)
[1653]: (735.4880760564782,1)
[1654]: (738.185541101042,1)
[1655]: (737.3483276383377,1)
[1656]: (737.609706813396,1)
[1657]: (735.8846027412274,1)
[1658]: (738.0592716702816,1)
[1659]: (737.9444299482747,1)
[1660]: (737.1570010763324,1)
[1661]: (739.4322768159076,1)
[1662]: (737.331282569279,1)
[1663]: (740.297244888516,1)
[1664]: (739.0238105995453,1)
[1665]: (737.2850453294011,1)
[1666]: (738.8141767496091,1)
[1667]: (739.3345064995885,1)
[1668]: (735.2864048589638,1)
[1669]: (739.1311176856384,1)
[1670]: (737.1958795459119,1)
[1671]: (736.695926951905,1)
[1672]: (737.0301637220529,1)
[1673]: (736.0112060671988,1)
[1674]: (738.0100660944006,1)
[1675]: (737.3228030739086,1)
[1676]: (738.5217966176781,1)
[1677]: (737.0232282425875,1)
[1678]: (737.6377050553506,1)
[1679]: (737.2455165305163,1)
[1680]: (737.0193223747616,1)
[1681]: (740.3916669067015,1)
[1682]: (736.1455552065369,1)
[1683]: (738.0595630413616,1)
[1684]: (736.0255850826959,1)
[1685]: (738.9798057006116,1)
[1686]: (737.0153325157673,1)
[1687]: (737.1258502687767,1)
[1688]: (736.1645455592113,1)
[1689]: (737.5709804137488,1)
[1690]: (740.6081971796883,1)
[1691]: (735.2388037360007,1)
[1692]: (740.3645577460054,1)
[1693]: (738.1836283118193,1)
[1694]: (738.6441744762375,1)
[1695]: (739.3322481981132,1)
[1696]: (739.8165663621758,1)
[1697]: (737.1120784248859,1)
[1698]: (737.1255623910557,1)
[1699]: (737.1990995696889,1)
[1700]: (738.8547633307926,1)
[1701]: (738.2125600987009,1)
[1702]: (736.1014835268663,1)
[1703]: (735.3627441745542,1)
[1704]: (736.6435262437655,1)
[1705]: (738.6572456989322,1)
[1706]: (736.6579488368882,1)
[1707]: (737.2288941533211,1)
[1708]: (738.1028072378921,1)
[1709]: (735.2388671482304,1)
[1710]: (738.0255651475968,1)
[1711]: (736.4334258106401,1)
[1712]: (739.2144035207253,1)
[1713]: (736.2258954173643,1)
[1714]: (736.0944520353183,1)
[1715]: (737.1111455229857,1)
[1716]: (736.9697685225568,1)
[1717]: (739.5664012880248,1)
[1718]: (738.5112304741767,1)
[1719]: (737.0539365340017,1)
[1720]: (737.6987770583424,1)
[1721]: (736.1513476226801,1)
[1722]: (739.0457181402494,1)
[1723]: (738.1906345953815,1)
[1724]: (737.7313593231904,1)
[1725]: (737.0859802693969,1)
[1726]: (737.5125837737618,1)
[1727]: (738.0196537789507,1)
[1728]: (736.3012519174721,1)
[1729]: (737.1748218360401,1)
[1730]: (735.3712484861215,1)
[1731]: (736.0387352457692,1)
[1732]: (740.2941391212412,1)
[1733]: (736.3829981513089,1)
[1734]: (737.0409937596448,1)
[1735]: (736.5552370656949,1)
[1736]: (737.4389118267443,1)
[1737]: (735.0338737029496,1)
[1738]: (739.0632178897224,1)
[1739]: (738.2926143929619,1)
[1740]: (736.0868709908564,1)
[1741]: (736.142693048556,1)
[1742]: (738.0495248451521,1)
[1743]: (736.3938044284489,1)
[1744]: (737.0862570513033,1)
[1745]: (738.1188458372441,1)
[1746]: (737.1574682228099,1)
[1747]: (737.1226080907765,1)
[1748]: (736.0977970315251,1)
[1749]: (737.2139501100075,1)
[1750]: (739.0100948057583,1)
[1751]: (737.0756123471991,1)
[1752]: (736.0820692471029,1)
[1753]: (736.1819952655137,1)
[1754]: (738.1004852267349,1)
[1755]: (737.0774624417461,1)
[1756]: (736.0612246132928,1)
[1757]: (737.2953196307112,1)
[1758]: (738.2139811361059,1)
[1759]: (736.0262146294349,1)
[1760]: (739.1813467123184,1)
[1761]: (737.0111047305188,1)
[1762]: (736.8117797426019,1)
[1763]: (738.0059871566879,1)
[1764]: (737.0614878724477,1)
[1765]: (737.3604606397973,1)
[1766]: (736.8816397085671,1)
[1767]: (736.4505905757583,1)
[1768]: (736.9629614087468,1)
[1769]: (737.977152833657,1)
[1770]: (737.0022892879052,1)
[1771]: (737.5426898807481,1)
[1772]: (737.148992560984,1)
[1773]: (736.1546247990901,1)
[1774]: (737.9424320238938,1)
[1775]: (737.2787339971253,1)
[1776]: (737.2936833880095,1)
[1777]: (737.157739452142,1)
[1778]: (738.2210136376063,1)
[1779]: (737.366675468222,1)
[1780]: (740.4383964035715,1)
[1781]: (736.2130813807332,1)
[1782]: (739.1759302882756,1)
[1783]: (736.3693803134781,1)
[1784]: (736.0931145163377,1)
[1785]: (738.3215793979625,1)
[1786]: (736.0281385862755,1)
[1787]: (739.1775779037404,1)
[1788]: (735.5598588156482,1)
[1789]: (738.2615053948463,1)
[1790]: (736.0252636557511,1)
[1791]: (736.1533995813508,1)
[1792]: (740.4517378617568,1)
[1793]: (735.002167325551,1)
[1794]: (737.5037410980542,1)
[1795]: (738.8531681085345,1)
[1796]: (736.5284396911684,1)
[1797]: (736.4699278798176,1)
[1798]: (737.1734873824076,1)
[1799]: (736.1146991348206,1)
[1800]: (736.5956128407387,1)
[1801]: (737.1408235467076,1)
[1802]: (739.049320172698,1)
[1803]: (736.2366514888855,1)
[1804]: (738.6356014132494,1)
[1805]: (738.4157644723203,1)
[1806]: (736.2116268643956,1)
[1807]: (736.0895961007645,1)
[1808]: (738.2191520773403,1)
[1809]: (738.182753176382,1)
[1810]: (738.971897820316,1)
[1811]: (735.5989754592246,1)
[1812]: (738.1905621826921,1)
[1813]: (737.0537571168318,1)
[1814]: (740.1754185406887,1)
[1815]: (738.3739971079565,1)
[1816]: (738.6924873936255,1)
[1817]: (736.2823517017979,1)
[1818]: (738.2304627965356,1)
[1819]: (737.2526124833258,1)
[1820]: (736.0149341171629,1)
[1821]: (735.1371172107428,1)
[1822]: (738.0961878966555,1)
[1823]: (738.2969977387112,1)
[1824]: (739.0647903843748,1)
[1825]: (736.1091664898294,1)
[1826]: (737.0510719488436,1)
[1827]: (737.0690541352118,1)
[1828]: (736.1217324502071,1)
[1829]: (739.0983158967962,1)
[1830]: (738.1460049746465,1)
[1831]: (737.0043154308981,1)
[1832]: (736.1225104179633,1)
[1833]: (738.4589515959889,1)
[1834]: (738.3817226077841,1)
[1835]: (735.0592302840394,1)
[1836]: (739.0018147340189,1)
[1837]: (738.3607545290162,1)
[1838]: (738.0939189675298,1)
[1839]: (739.1012046231901,1)
[1840]: (735.0948796832695,1)
[1841]: (740.2159988029011,1)
[1842]: (736.4410652859891,1)
[1843]: (739.0177148783157,1)
[1844]: (736.8834487331292,1)
[1845]: (738.240720332611,1)
[1846]: (738.0197969568256,1)
[1847]: (735.6702905496114,1)
[1848]: (736.1880740512078,1)
[1849]: (736.0970914533316,1)
[1850]: (736.4473979086979,1)
[1851]: (738.4599749725311,1)
[1852]: (738.9972105549247,1)
[1853]: (735.1223069709878,1)
[1854]: (738.1887416415046,1)
[1855]: (738.8688172297085,1)
[1856]: (738.1778704497465,1)
[1857]: (736.1087815149815,1)
[1858]: (737.0263338541481,1)
[1859]: (737.6670181191259,1)
[1860]: (741.2917596269203,1)
[1861]: (736.0227038139843,1)
[1862]: (737.1996658162446,1)
[1863]: (739.5345444673194,1)
[1864]: (736.0873339900268,1)
[1865]: (740.4572333934493,1)
[1866]: (738.167732667406,1)
[1867]: (737.0425400612492,1)
[1868]: (738.2519005223829,1)
[1869]: (738.0878720818655,1)
[1870]: (736.0922527574767,1)
[1871]: (737.653575512963,1)
[1872]: (739.0936688906828,1)
[1873]: (738.0579577065604,1)
[1874]: (736.2569285190125,1)
[1875]: (735.2447629851068,1)
[1876]: (738.7072258302542,1)
[1877]: (736.1951501512056,1)
[1878]: (735.0762581653289,1)
[1879]: (737.148064536094,1)
[1880]: (737.1429239775067,1)
[1881]: (739.2882219632882,1)
[1882]: (736.4468423301792,1)
[1883]: (737.8990987058006,1)
[1884]: (737.0482490121179,1)
[1885]: (737.0396007846356,1)
[1886]: (736.0134245958731,1)
[1887]: (739.1911577447738,1)
[1888]: (741.0452733386608,1)
[1889]: (739.046505372293,1)
[1890]: (736.9167143944394,1)
[1891]: (736.0517820049772,1)
[1892]: (736.4231946908409,1)
[1893]: (739.4234935729253,1)
[1894]: (740.1045453289983,1)
[1895]: (738.481356608289,1)
[1896]: (738.0945750358294,1)
[1897]: (737.2970220619674,1)
[1898]: (737.0502551746773,1)
[1899]: (737.0762666673216,1)
[1900]: (738.4845048588762,1)
[1901]: (737.1724447947186,1)
[1902]: (736.0697156450734,1)
[1903]: (737.0801349332409,1)
[1904]: (737.1604761677828,1)
[1905]: (737.1478651913617,1)
[1906]: (740.1246954136111,1)
[1907]: (738.0276163688517,1)
[1908]: (735.1823628505981,1)
[1909]: (738.1581894542308,1)
[1910]: (738.3548491344387,1)
[1911]: (739.0728722191196,1)
[1912]: (738.7444458103587,1)
[1913]: (738.0860067655948,1)
[1914]: (736.1474342855197,1)
[1915]: (736.0083203992621,1)
[1916]: (738.2103551152668,1)
[1917]: (737.1092774336265,1)
[1918]: (737.1772408097497,1)
[1919]: (737.057997651196,1)
[1920]: (738.2093705963812,1)
[1921]: (736.2300477546833,1)
[1922]: (736.0856467100273,1)
[1923]: (739.3065203119161,1)
[1924]: (741.3673715713708,1)
[1925]: (740.1731896482341,1)
[1926]: (736.1007179269192,1)
[1927]: (735.1758502547856,1)
[1928]: (736.2602007373484,1)
[1929]: (739.0716511622289,1)
[1930]: (736.1393292617565,1)
[1931]: (737.2364565566443,1)
[1932]: (742.5275171644892,1)
[1933]: (740.2577814629132,1)
[1934]: (736.035598469124,1)
[1935]: (737.1452087556896,1)
[1936]: (738.0468924841171,1)
[1937]: (738.0910721082404,1)
[1938]: (736.5745670528273,1)
[1939]: (736.3859763443082,1)
[1940]: (737.2314259324047,1)
[1941]: (738.5115764438938,1)
[1942]: (738.5472944827425,1)
[1943]: (737.222949695443,1)
[1944]: (737.0603281099562,1)
[1945]: (737.2831826090705,1)
[1946]: (736.0496481299698,1)
[1947]: (738.2678644310747,1)
[1948]: (737.2194264357502,1)
[1949]: (736.1339176592566,1)
[1950]: (737.1471638637423,1)
[1951]: (738.3498115035222,1)
[1952]: (739.105809216413,1)
[1953]: (739.1952587769168,1)
[1954]: (736.175566004558,1)
[1955]: (739.0427294376429,1)
[1956]: (738.0209470501907,1)
[1957]: (736.3667781327972,1)
[1958]: (737.0301525571455,1)
[1959]: (738.2663256415708,1)
[1960]: (736.0695206366888,1)
[1961]: (738.3539524435929,1)
[1962]: (737.0185817560289,1)
[1963]: (736.3814903041316,1)
[1964]: (736.2356449500859,1)
[1965]: (737.3398948241875,1)
[1966]: (739.3052003086495,1)
[1967]: (736.3217540109506,1)
[1968]: (739.7470366448167,1)
[1969]: (738.573473995231,1)
[1970]: (735.127785986121,1)
[1971]: (736.3010525113235,1)
[1972]: (735.1205355786541,1)
[1973]: (738.0708444709293,1)
[1974]: (744.356056519846,1)
[1975]: (737.2281452751166,1)
[1976]: (740.3501423394983,1)
[1977]: (735.9905971652209,1)
[1978]: (737.0449303928966,1)
[1979]: (738.1819691992539,1)
[1980]: (738.3805029363997,1)
[1981]: (737.8629776938232,1)
[1982]: (735.1795161961462,1)
[1983]: (739.1000941059298,1)
[1984]: (738.7419010384798,1)
[1985]: (736.4994151562174,1)
[1986]: (739.0479777035511,1)
[1987]: (735.0200964536189,1)
[1988]: (736.0219347460795,1)
[1989]: (738.1300478061344,1)
[1990]: (738.0263216404896,1)
[1991]: (737.0466196973846,1)
[1992]: (736.0574574965287,1)
[1993]: (737.9159269984062,1)
[1994]: (737.2510150076918,1)
[1995]: (736.1715642103582,1)
[1996]: (738.1568128622679,1)
[1997]: (738.2702132993834,1)
[1998]: (738.105909737515,1)
[1999]: (738.5926716372528,1)
 -- States explored : 0 states
 -- CPU user time used : 2726450 ms
 -- Virtual memory used : 62653260 KiB
 -- Resident memory used : 62613600 KiB
executionTime: 15694
