core file size          (blocks, -c) unlimited
data seg size           (kbytes, -d) unlimited
scheduling priority             (-e) 0
file size               (blocks, -f) unlimited
pending signals                 (-i) 4077086
max locked memory       (kbytes, -l) 64
max memory size         (kbytes, -m) 166723584
open files                      (-n) 4096
pipe size            (512 bytes, -p) 8
POSIX message queues     (bytes, -q) 819200
real-time priority              (-r) 0
stack size              (kbytes, -s) 8192
cpu time               (seconds, -t) unlimited
max user processes              (-u) 4077086
virtual memory          (kbytes, -v) 159000000
file locks                      (-x) unlimited
Options for the verification:
  Generating some trace
  Search order is random depth first
  Using conservative space optimisation
  Seed is 1557400295
  State space representation uses minimal constraint systems
  Using HashMap + Compress integers for discrete state storage

Verifying formula 1 at ../queries/SP_300_124_4.q:1
 -- Formula is satisfied.
(9000 runs)
Learning statistics for best strategy: 
	Number of resets: 0
	Number of iterations in last reset: 15
	Number of iterations in total: 15

 -- States explored : 0 states
 -- CPU user time used : 7616040 ms
 -- Virtual memory used : 124227284 KiB
 -- Resident memory used : 124182900 KiB

Verifying formula 2 at ../queries/SP_300_124_4.q:2
 -- Formula is satisfied.
Composer.Done:
[0]: (0,0) (627.3093828459997,1)
[1]: (631.2447363437416,1)
[2]: (635.5712548343676,1)
[3]: (618.424012621369,1)
[4]: (636.0686768677616,1)
[5]: (623.8191683244478,1)
[6]: (630.3070023870322,1)
[7]: (632.3588348737953,1)
[8]: (614.0256696656137,1)
[9]: (619.0747339817441,1)
[10]: (632.0669622263415,1)
[11]: (630.6783474892652,1)
[12]: (649.4079939047733,1)
[13]: (622.0958670249399,1)
[14]: (614.7218091932878,1)
[15]: (610.5879811437857,1)
[16]: (631.1926778363292,1)
[17]: (644.4629435684603,1)
[18]: (621.6104329453109,1)
[19]: (633.5764584441463,1)
[20]: (629.2274407428808,1)
[21]: (632.979441564052,1)
[22]: (618.2274239793087,1)
[23]: (628.6004006312015,1)
[24]: (624.1232841452976,1)
[25]: (634.5729251375097,1)
[26]: (637.3308299569093,1)
[27]: (619.6955429783752,1)
[28]: (623.2316939113481,1)
[29]: (634.8032430478688,1)
[30]: (631.8585219289259,1)
[31]: (620.5528285329234,1)
[32]: (630.3279403565306,1)
[33]: (618.1120128176265,1)
[34]: (640.069435932763,1)
[35]: (626.2080430250556,1)
[36]: (639.1560970327877,1)
[37]: (625.4560061213091,1)
[38]: (626.3262404298807,1)
[39]: (627.6723797037033,1)
[40]: (623.3390490994146,1)
[41]: (624.282551837139,1)
[42]: (628.8037199572811,1)
[43]: (623.5678753143734,1)
[44]: (616.6858793268857,1)
[45]: (629.2336213694401,1)
[46]: (638.1856251935809,1)
[47]: (632.2593721295615,1)
[48]: (627.5882320899084,1)
[49]: (642.665449279987,1)
[50]: (641.8103169247992,1)
[51]: (628.2437002560554,1)
[52]: (632.53109836468,1)
[53]: (631.4213097870495,1)
[54]: (633.4100723284112,1)
[55]: (631.1925855527074,1)
[56]: (634.1741723446302,1)
[57]: (630.4055348419101,1)
[58]: (620.2659301567987,1)
[59]: (629.1186206184955,1)
[60]: (626.2220522703586,1)
[61]: (620.1550769103425,1)
[62]: (633.3510439347003,1)
[63]: (635.3696138597678,1)
[64]: (621.7658511404852,1)
[65]: (630.087931138566,1)
[66]: (618.0112966285654,1)
[67]: (627.3267056532602,1)
[68]: (632.3939247362706,1)
[69]: (630.6228065733744,1)
[70]: (615.3412568322989,1)
[71]: (628.3557105264609,1)
[72]: (658.2542249691192,1)
[73]: (615.22972895368,1)
[74]: (625.0345746614466,1)
[75]: (628.3420330591846,1)
[76]: (618.2171314535672,1)
[77]: (628.4113815168156,1)
[78]: (629.1110113842499,1)
[79]: (617.1586585243512,1)
[80]: (638.4085987721334,1)
[81]: (628.0068578147726,1)
[82]: (628.4091781471095,1)
[83]: (633.4155362465955,1)
[84]: (629.1918072184502,1)
[85]: (616.6092561293323,1)
[86]: (620.1972803619659,1)
[87]: (621.374084357003,1)
[88]: (636.3130490607739,1)
[89]: (629.3805719329515,1)
[90]: (624.5700484515219,1)
[91]: (645.444176518516,1)
[92]: (630.3520473917205,1)
[93]: (634.045369231291,1)
[94]: (630.1430904681379,1)
[95]: (630.5195877381155,1)
[96]: (620.3739884297898,1)
[97]: (625.521371737634,1)
[98]: (626.2548318880982,1)
[99]: (625.7340844253337,1)
[100]: (620.4964079428767,1)
[101]: (617.6951588301091,1)
[102]: (621.2338690326452,1)
[103]: (630.5442262423438,1)
[104]: (623.5215901483174,1)
[105]: (627.2811169440058,1)
[106]: (638.5310971989084,1)
[107]: (631.3846371557015,1)
[108]: (625.2654625098119,1)
[109]: (624.2636240244707,1)
[110]: (624.181691707741,1)
[111]: (625.866446761952,1)
[112]: (623.188467117365,1)
[113]: (618.2689325324889,1)
[114]: (635.7250622308927,1)
[115]: (617.5148989598898,1)
[116]: (628.3866052790175,1)
[117]: (636.5808273819709,1)
[118]: (621.1371276694134,1)
[119]: (640.4518792793898,1)
[120]: (633.3057805407204,1)
[121]: (624.3353348831781,1)
[122]: (627.5320035387152,1)
[123]: (625.0887030241912,1)
[124]: (628.4288586655651,1)
[125]: (639.2096712561895,1)
[126]: (635.740569158905,1)
[127]: (635.1720938112949,1)
[128]: (633.0532416630216,1)
[129]: (632.4974508752388,1)
[130]: (619.917029812543,1)
[131]: (619.2911898062827,1)
[132]: (619.9679567653869,1)
[133]: (627.8025543918255,1)
[134]: (641.154673293594,1)
[135]: (631.0563782196815,1)
[136]: (640.5592936573127,1)
[137]: (628.8755271793287,1)
[138]: (621.830617526873,1)
[139]: (634.2465511964569,1)
[140]: (630.4062304946084,1)
[141]: (623.4008241516628,1)
[142]: (624.2223287135275,1)
[143]: (629.979862956339,1)
[144]: (628.6151930305247,1)
[145]: (626.0757530759005,1)
[146]: (623.1273380256749,1)
[147]: (618.1255135038607,1)
[148]: (635.3118180219248,1)
[149]: (631.2722979921343,1)
[150]: (631.5805276189058,1)
[151]: (632.7676877089161,1)
[152]: (637.2569052191615,1)
[153]: (630.2810207612085,1)
[154]: (625.3524045399485,1)
[155]: (624.0987520636195,1)
[156]: (632.4288052232067,1)
[157]: (623.4119164824632,1)
[158]: (630.4476349766877,1)
[159]: (626.1176269692578,1)
[160]: (628.0281203291013,1)
[161]: (626.1998237033381,1)
[162]: (636.2259878285001,1)
[163]: (630.3875851829223,1)
[164]: (637.1203507436912,1)
[165]: (621.8457761165024,1)
[166]: (621.5391552615852,1)
[167]: (617.530597247053,1)
[168]: (620.4505433605029,1)
[169]: (621.5692835532557,1)
[170]: (635.7560269916421,1)
[171]: (624.1710173882688,1)
[172]: (633.0798089488887,1)
[173]: (627.2604755298586,1)
[174]: (621.1251526930487,1)
[175]: (623.361071177584,1)
[176]: (627.1635227740094,1)
[177]: (621.0959294775553,1)
[178]: (623.2770099018202,1)
[179]: (628.1553229104586,1)
[180]: (634.5094814254325,1)
[181]: (618.4777104493254,1)
[182]: (630.938414704203,1)
[183]: (621.4331806505903,1)
[184]: (634.392556915716,1)
[185]: (623.3420656194345,1)
[186]: (626.0184296677479,1)
[187]: (620.1533544945166,1)
[188]: (632.2668058552656,1)
[189]: (628.0363790000114,1)
[190]: (623.3861157600952,1)
[191]: (629.5193921397733,1)
[192]: (632.1101418336151,1)
[193]: (634.2569021610793,1)
[194]: (625.148596996367,1)
[195]: (629.5917243214071,1)
[196]: (624.8371897956981,1)
[197]: (637.1547028901762,1)
[198]: (638.3472871772282,1)
[199]: (630.4047307036592,1)
[200]: (636.9522464093144,1)
[201]: (625.399680284331,1)
[202]: (614.1908802397866,1)
[203]: (633.5127360013792,1)
[204]: (620.309246055276,1)
[205]: (618.0580762578511,1)
[206]: (636.0260361256444,1)
[207]: (625.1753656832154,1)
[208]: (645.5695966921002,1)
[209]: (624.2781476104966,1)
[210]: (639.0595670290403,1)
[211]: (627.0837693434648,1)
[212]: (645.6290007664439,1)
[213]: (641.120255944354,1)
[214]: (630.9829426964542,1)
[215]: (613.7419715273776,1)
[216]: (621.2391551600409,1)
[217]: (628.1863793794681,1)
[218]: (626.3491501255385,1)
[219]: (619.4779616972132,1)
[220]: (628.1799270549353,1)
[221]: (625.4527897216074,1)
[222]: (615.2907640564939,1)
[223]: (630.1595246208858,1)
[224]: (632.8987137387475,1)
[225]: (620.4709596588866,1)
[226]: (625.5162532994476,1)
[227]: (619.1024987580969,1)
[228]: (624.3720320733911,1)
[229]: (639.220082630035,1)
[230]: (622.4233758155585,1)
[231]: (621.580791846834,1)
[232]: (610.4082890184118,1)
[233]: (627.524272455561,1)
[234]: (612.3087065621905,1)
[235]: (624.3244306271043,1)
[236]: (631.3544481650001,1)
[237]: (635.491758236234,1)
[238]: (635.1884855223318,1)
[239]: (627.3570884638044,1)
[240]: (622.3778669645832,1)
[241]: (639.4910672307711,1)
[242]: (628.4988111580508,1)
[243]: (623.493670942008,1)
[244]: (638.7238480683552,1)
[245]: (634.8894567082806,1)
[246]: (624.1873108125892,1)
[247]: (630.1552617105901,1)
[248]: (647.728680177562,1)
[249]: (630.0418076553685,1)
[250]: (624.8021058944584,1)
[251]: (634.4426532612947,1)
[252]: (619.5154029163721,1)
[253]: (623.2146170326484,1)
[254]: (630.8557791329408,1)
[255]: (625.2875384869398,1)
[256]: (621.6585409939913,1)
[257]: (623.567662622837,1)
[258]: (612.1110448259633,1)
[259]: (629.6905511661428,1)
[260]: (612.6357275013544,1)
[261]: (623.3547008858914,1)
[262]: (625.604429270322,1)
[263]: (642.601275078062,1)
[264]: (622.0935529050172,1)
[265]: (630.2984479183655,1)
[266]: (622.502098668189,1)
[267]: (633.1695577800783,1)
[268]: (618.0229333219801,1)
[269]: (638.5951099470603,1)
[270]: (630.0223909294843,1)
[271]: (628.5133909430084,1)
[272]: (626.9270510649226,1)
[273]: (631.1866226631092,1)
[274]: (645.6238730047114,1)
[275]: (634.2022298354566,1)
[276]: (620.3984564819087,1)
[277]: (626.8412565116332,1)
[278]: (634.6262583429204,1)
[279]: (619.2763095170701,1)
[280]: (626.2304947720223,1)
[281]: (624.3001841900737,1)
[282]: (629.0484708504525,1)
[283]: (641.2734899993305,1)
[284]: (625.2044606342585,1)
[285]: (636.3747997806604,1)
[286]: (618.3629971947472,1)
[287]: (627.4166626473057,1)
[288]: (625.5896193421711,1)
[289]: (632.5440277154393,1)
[290]: (623.4028173739754,1)
[291]: (619.4129329805605,1)
[292]: (627.4721536466262,1)
[293]: (632.5561885679264,1)
[294]: (617.730839771051,1)
[295]: (636.2410760159611,1)
[296]: (635.4604297225303,1)
[297]: (619.2199900887881,1)
[298]: (637.5930041414973,1)
[299]: (646.4277818819228,1)
[300]: (619.4262756787417,1)
[301]: (623.2529959691362,1)
[302]: (619.4556918429151,1)
[303]: (621.373460416856,1)
[304]: (625.4687018544309,1)
[305]: (629.0967544946258,1)
[306]: (630.4772196691281,1)
[307]: (633.034820495363,1)
[308]: (629.3051216170231,1)
[309]: (636.0095727951696,1)
[310]: (626.2608042601182,1)
[311]: (629.1239338813317,1)
[312]: (643.0699623632462,1)
[313]: (622.6473978141876,1)
[314]: (634.6287836910283,1)
[315]: (636.2038737531708,1)
[316]: (627.3886174250549,1)
[317]: (628.2418258901799,1)
[318]: (628.3799311047626,1)
[319]: (631.1044201800592,1)
[320]: (622.1765606788013,1)
[321]: (636.3994277372852,1)
[322]: (631.9297773626638,1)
[323]: (633.2546250118141,1)
[324]: (624.272089964472,1)
[325]: (622.2306518656271,1)
[326]: (629.2033313358655,1)
[327]: (627.0292977029288,1)
[328]: (631.1776186029217,1)
[329]: (628.6254948803661,1)
[330]: (627.8199925189983,1)
[331]: (633.1536552161897,1)
[332]: (624.4308618445217,1)
[333]: (625.9625807725234,1)
[334]: (632.4053442606023,1)
[335]: (640.0183016106035,1)
[336]: (639.8476331037325,1)
[337]: (632.8874433924401,1)
[338]: (618.2815849347304,1)
[339]: (621.9375641582221,1)
[340]: (628.893564135141,1)
[341]: (633.3653562549786,1)
[342]: (633.4927490382183,1)
[343]: (623.0139109371514,1)
[344]: (627.488138898246,1)
[345]: (635.571088565536,1)
[346]: (623.0769540619825,1)
[347]: (633.1288540090652,1)
[348]: (617.7163682570125,1)
[349]: (633.7119834599704,1)
[350]: (639.3487931578346,1)
[351]: (620.5427073562965,1)
[352]: (636.2941612473167,1)
[353]: (641.4035167220253,1)
[354]: (630.5170748153721,1)
[355]: (624.9099342619051,1)
[356]: (625.4445957513302,1)
[357]: (633.2732242101519,1)
[358]: (625.0554175401674,1)
[359]: (622.1417461261079,1)
[360]: (643.7890076149174,1)
[361]: (622.4308553482593,1)
[362]: (620.1683723820339,1)
[363]: (621.6634446045055,1)
[364]: (618.2471245759664,1)
[365]: (617.7790901759122,1)
[366]: (641.9035212146312,1)
[367]: (639.9661103036414,1)
[368]: (619.3419767513607,1)
[369]: (627.184940443163,1)
[370]: (641.3353177269064,1)
[371]: (626.1171680417956,1)
[372]: (631.2083648666544,1)
[373]: (623.5915277105377,1)
[374]: (645.9969698042817,1)
[375]: (632.191698050367,1)
[376]: (634.2190506460158,1)
[377]: (630.2742307942528,1)
[378]: (628.1855170443747,1)
[379]: (633.1670252700017,1)
[380]: (622.5885225831861,1)
[381]: (628.4930951135264,1)
[382]: (626.2378664342267,1)
[383]: (638.2267807217823,1)
[384]: (632.1318213665434,1)
[385]: (636.9568061113033,1)
[386]: (631.2037627819346,1)
[387]: (622.2132140874883,1)
[388]: (643.4090192802834,1)
[389]: (639.695246214407,1)
[390]: (629.3303170697942,1)
[391]: (631.2436435003189,1)
[392]: (626.5870445404025,1)
[393]: (630.3519491168585,1)
[394]: (631.1282109569388,1)
[395]: (621.1469455511777,1)
[396]: (631.5476339294535,1)
[397]: (626.256296130415,1)
[398]: (637.4593466174206,1)
[399]: (636.2309588114165,1)
[400]: (619.2968347725038,1)
[401]: (620.8820279991651,1)
[402]: (635.5883234735401,1)
[403]: (630.3081348612595,1)
[404]: (620.3469066230732,1)
[405]: (629.9479765154443,1)
[406]: (624.06562771088,1)
[407]: (627.6970434357764,1)
[408]: (622.4883210950918,1)
[409]: (627.3214096982957,1)
[410]: (632.3313191191862,1)
[411]: (623.0642264115011,1)
[412]: (636.1417820990804,1)
[413]: (630.2339016531213,1)
[414]: (632.5529974397945,1)
[415]: (625.285913720411,1)
[416]: (617.2866381464698,1)
[417]: (632.5372702726959,1)
[418]: (621.0358304363682,1)
[419]: (630.3103676858763,1)
[420]: (627.2568168253471,1)
[421]: (629.3600004978985,1)
[422]: (641.2511374732799,1)
[423]: (619.1047648731039,1)
[424]: (626.7507792520863,1)
[425]: (634.1087101103724,1)
[426]: (625.1676107982402,1)
[427]: (626.2504771013054,1)
[428]: (627.6780832609802,1)
[429]: (617.6973611986999,1)
[430]: (631.4070984162869,1)
[431]: (625.1399756615436,1)
[432]: (634.043665460596,1)
[433]: (630.569004993718,1)
[434]: (623.7140063210981,1)
[435]: (633.2295123111978,1)
[436]: (622.1887108648662,1)
[437]: (611.2073596363111,1)
[438]: (619.3733583364046,1)
[439]: (635.938211133779,1)
[440]: (626.7336014113615,1)
[441]: (628.403026843424,1)
[442]: (626.1022148308934,1)
[443]: (619.0279941581975,1)
[444]: (624.4090285261562,1)
[445]: (635.8528693854372,1)
[446]: (631.132726184331,1)
[447]: (617.1611771286638,1)
[448]: (629.1478278943772,1)
[449]: (631.9235337991302,1)
[450]: (635.2587825086321,1)
[451]: (626.3536575783867,1)
[452]: (632.6151009371048,1)
[453]: (626.5582716819987,1)
[454]: (637.5979467042638,1)
[455]: (621.4938018261229,1)
[456]: (633.1067591843466,1)
[457]: (622.1331572409923,1)
[458]: (640.014656945366,1)
[459]: (637.0963042865221,1)
[460]: (638.7752369843054,1)
[461]: (628.4902353168659,1)
[462]: (622.2906140672723,1)
[463]: (617.6348975719239,1)
[464]: (634.6579942250003,1)
[465]: (631.1193356665943,1)
[466]: (633.3049864791817,1)
[467]: (627.7514085782157,1)
[468]: (622.3247951920002,1)
[469]: (647.0744713475589,1)
[470]: (624.7557537290514,1)
[471]: (623.2351755267982,1)
[472]: (628.2095398188169,1)
[473]: (615.0980743308583,1)
[474]: (627.5837009366396,1)
[475]: (634.5894071279179,1)
[476]: (624.5443480787065,1)
[477]: (641.5020560569051,1)
[478]: (638.0833272065673,1)
[479]: (635.8473547552434,1)
[480]: (636.4453311177886,1)
[481]: (617.414719379905,1)
[482]: (622.2919968528352,1)
[483]: (630.11349714417,1)
[484]: (612.3048345120594,1)
[485]: (619.4953784278038,1)
[486]: (621.1156571956401,1)
[487]: (621.2962223322543,1)
[488]: (621.2188904689475,1)
[489]: (633.5893480257241,1)
[490]: (629.501533463326,1)
[491]: (637.4282808033663,1)
[492]: (623.1559216590492,1)
[493]: (646.456819951385,1)
[494]: (631.955833474447,1)
[495]: (632.7850385248588,1)
[496]: (613.3939988542855,1)
[497]: (632.509643927677,1)
[498]: (623.343888116952,1)
[499]: (631.3576428936626,1)
[500]: (625.7697322151189,1)
[501]: (618.3793302224017,1)
[502]: (616.0026439851883,1)
[503]: (629.4418348371513,1)
[504]: (627.6037304357884,1)
[505]: (643.9023011474354,1)
[506]: (631.763184013416,1)
[507]: (628.3087091394009,1)
[508]: (621.6654102831329,1)
[509]: (631.6375303093348,1)
[510]: (634.3485216535066,1)
[511]: (621.2394922781331,1)
[512]: (634.0844124607987,1)
[513]: (621.2148180384779,1)
[514]: (644.7775107599313,1)
[515]: (631.1799868181944,1)
[516]: (617.442575248666,1)
[517]: (628.6750321956264,1)
[518]: (627.3816809384894,1)
[519]: (627.1143847039388,1)
[520]: (616.0580610956999,1)
[521]: (629.2131828992854,1)
[522]: (638.4641869310478,1)
[523]: (626.3702097217244,1)
[524]: (623.9131479280634,1)
[525]: (618.2941863780056,1)
[526]: (633.3233113458466,1)
[527]: (627.6331518932164,1)
[528]: (641.2342197040853,1)
[529]: (616.1372037596765,1)
[530]: (627.7663261167078,1)
[531]: (645.6584478445733,1)
[532]: (623.4253174768041,1)
[533]: (620.4999209908888,1)
[534]: (631.2201117909116,1)
[535]: (637.8309470996343,1)
[536]: (623.1112482960074,1)
[537]: (626.2538723115835,1)
[538]: (637.4368096878152,1)
[539]: (623.448928974214,1)
[540]: (620.5091970040772,1)
[541]: (626.8115456170634,1)
[542]: (619.0987346079066,1)
[543]: (623.5823814970312,1)
[544]: (630.25353267771,1)
[545]: (619.1232714960277,1)
[546]: (632.2686635433846,1)
[547]: (637.6446643497811,1)
[548]: (625.1588536179577,1)
[549]: (623.2247711857841,1)
[550]: (627.275408187662,1)
[551]: (620.4488706444612,1)
[552]: (638.6349487115561,1)
[553]: (630.1334824877977,1)
[554]: (630.7560270471058,1)
[555]: (633.0287560346947,1)
[556]: (625.6977315261386,1)
[557]: (621.2872744126552,1)
[558]: (627.5378138478187,1)
[559]: (642.5089288771571,1)
[560]: (627.0102473278531,1)
[561]: (629.0883260152584,1)
[562]: (625.2799173364733,1)
[563]: (637.3854522091552,1)
[564]: (629.2986127283449,1)
[565]: (628.4728162798918,1)
[566]: (630.0233233285651,1)
[567]: (621.126435846449,1)
[568]: (633.3578527800718,1)
[569]: (634.0219933073765,1)
[570]: (624.160472524022,1)
[571]: (638.3980845556465,1)
[572]: (631.3269455469349,1)
[573]: (632.376814856015,1)
[574]: (624.4229374075842,1)
[575]: (634.3894841363261,1)
[576]: (625.1493923208952,1)
[577]: (626.4271701046662,1)
[578]: (638.1718815094362,1)
[579]: (621.4093379657066,1)
[580]: (629.4501250544683,1)
[581]: (628.3239147274587,1)
[582]: (630.0395335322675,1)
[583]: (623.0373922393741,1)
[584]: (626.2528298685947,1)
[585]: (626.1768700413694,1)
[586]: (624.5399987499817,1)
[587]: (630.3976813545879,1)
[588]: (640.4149235493605,1)
[589]: (631.4260181821753,1)
[590]: (627.2827523289659,1)
[591]: (623.6824015755404,1)
[592]: (628.4785710195023,1)
[593]: (631.5426257397702,1)
[594]: (634.3219381381354,1)
[595]: (629.1250079548969,1)
[596]: (619.6460744936128,1)
[597]: (629.5043277873848,1)
[598]: (639.8760023218166,1)
[599]: (642.2971552109406,1)
[600]: (625.0245022032401,1)
[601]: (639.7841741053841,1)
[602]: (630.224875744197,1)
[603]: (635.1651159403866,1)
[604]: (647.3515654361174,1)
[605]: (629.1426484219473,1)
[606]: (629.1465247748167,1)
[607]: (635.9136634963395,1)
[608]: (621.3197408620441,1)
[609]: (619.3425089238301,1)
[610]: (630.6308525251238,1)
[611]: (633.226133389324,1)
[612]: (633.8837591446152,1)
[613]: (637.6363181216964,1)
[614]: (635.2201308772558,1)
[615]: (633.1175579375073,1)
[616]: (634.4415188884271,1)
[617]: (628.336319489712,1)
[618]: (620.7063940277045,1)
[619]: (628.56616964998,1)
[620]: (639.5286167161182,1)
[621]: (621.6042691354471,1)
[622]: (627.2858244141047,1)
[623]: (625.7935684847504,1)
[624]: (623.3662565885876,1)
[625]: (630.4083631541398,1)
[626]: (632.479968582388,1)
[627]: (628.7740250314271,1)
[628]: (636.4167824201251,1)
[629]: (622.9643136747984,1)
[630]: (625.4099211969942,1)
[631]: (629.3819633973629,1)
[632]: (622.3472505100827,1)
[633]: (624.7451318057718,1)
[634]: (619.5917706200162,1)
[635]: (625.082370298801,1)
[636]: (634.4232274563049,1)
[637]: (635.3146153782744,1)
[638]: (637.4566336082904,1)
[639]: (626.6089967011407,1)
[640]: (623.3511006209651,1)
[641]: (621.2338417188047,1)
[642]: (620.0148913979071,1)
[643]: (641.2533532648607,1)
[644]: (631.2316205119756,1)
[645]: (638.1506896772139,1)
[646]: (623.4150419105763,1)
[647]: (634.1775287258534,1)
[648]: (619.4160121459937,1)
[649]: (634.492105748522,1)
[650]: (632.1451349494223,1)
[651]: (638.47931414048,1)
[652]: (637.1874077992784,1)
[653]: (642.5986535113921,1)
[654]: (625.3638695358753,1)
[655]: (640.0973783448468,1)
[656]: (632.1212220718577,1)
[657]: (634.4236905733222,1)
[658]: (616.0128505982693,1)
[659]: (620.5225993723734,1)
[660]: (630.1774285080207,1)
[661]: (620.7664946026019,1)
[662]: (638.2863663015966,1)
[663]: (622.1425272886996,1)
[664]: (621.190571610692,1)
[665]: (626.5769868591697,1)
[666]: (635.172463062994,1)
[667]: (621.2060712743879,1)
[668]: (629.4283135209712,1)
[669]: (626.4047057472004,1)
[670]: (629.4189441734072,1)
[671]: (619.5936651509084,1)
[672]: (613.8017892681412,1)
[673]: (634.4731037398398,1)
[674]: (638.3172661991786,1)
[675]: (623.7888426695396,1)
[676]: (625.3586831871904,1)
[677]: (629.176123129864,1)
[678]: (622.4342595851809,1)
[679]: (625.183415236447,1)
[680]: (630.3795592133986,1)
[681]: (621.711361489744,1)
[682]: (624.045387318531,1)
[683]: (620.4044230781062,1)
[684]: (626.5852882150906,1)
[685]: (631.8184893857223,1)
[686]: (631.7876630121317,1)
[687]: (635.2218823038728,1)
[688]: (627.5161521490573,1)
[689]: (631.348628692552,1)
[690]: (611.2939833871654,1)
[691]: (627.232428540716,1)
[692]: (631.7280583622768,1)
[693]: (637.2506958682633,1)
[694]: (636.3129661656297,1)
[695]: (633.3005774613343,1)
[696]: (642.2345105085026,1)
[697]: (631.5780798428792,1)
[698]: (625.3399104745961,1)
[699]: (629.2749755801246,1)
[700]: (623.1894160890452,1)
[701]: (634.3541945575425,1)
[702]: (624.1237098467828,1)
[703]: (620.820268755828,1)
[704]: (622.3422084516916,1)
[705]: (614.4780795010302,1)
[706]: (631.2784321060545,1)
[707]: (630.2978832309309,1)
[708]: (621.6430045777971,1)
[709]: (621.4596494320599,1)
[710]: (621.1575469141034,1)
[711]: (639.9556109067652,1)
[712]: (632.8243644576989,1)
[713]: (624.475077680243,1)
[714]: (628.4057638658568,1)
[715]: (627.1181417503111,1)
[716]: (625.4657013048944,1)
[717]: (623.569164959055,1)
[718]: (640.4421481806476,1)
[719]: (627.3414727817261,1)
[720]: (629.6945742647345,1)
[721]: (626.1590145273648,1)
[722]: (624.224764652343,1)
[723]: (635.2738746796197,1)
[724]: (632.1815427420685,1)
[725]: (627.0014129328181,1)
[726]: (619.1958949636419,1)
[727]: (623.3734613787689,1)
[728]: (632.1585213867434,1)
[729]: (619.4775991530811,1)
[730]: (632.5107489566951,1)
[731]: (639.5093269244719,1)
[732]: (630.6579160534801,1)
[733]: (622.1061904642366,1)
[734]: (619.1321954975447,1)
[735]: (640.2977585274184,1)
[736]: (635.2733649626535,1)
[737]: (627.4361621690007,1)
[738]: (628.675229195381,1)
[739]: (630.051527830032,1)
[740]: (626.1898972646584,1)
[741]: (622.6636466136276,1)
[742]: (625.5306990228704,1)
[743]: (634.7214795845447,1)
[744]: (627.3839294084669,1)
[745]: (630.5057630090135,1)
[746]: (640.5486876649297,1)
[747]: (626.8871526919744,1)
[748]: (627.5201788175832,1)
[749]: (620.7122780809011,1)
[750]: (622.2672351616487,1)
[751]: (641.2027219993765,1)
[752]: (621.4310791557925,1)
[753]: (618.8473674184107,1)
[754]: (632.5884343139653,1)
[755]: (622.7042674532491,1)
[756]: (621.1772910024183,1)
[757]: (633.4236950609077,1)
[758]: (635.7835820515362,1)
[759]: (626.4697541334842,1)
[760]: (614.6379088535484,1)
[761]: (628.2871912579602,1)
[762]: (627.826406219012,1)
[763]: (623.6276795552824,1)
[764]: (636.3363010589725,1)
[765]: (623.2857420764932,1)
[766]: (634.2876898611934,1)
[767]: (636.1316518611528,1)
[768]: (616.232951364782,1)
[769]: (628.6760223806608,1)
[770]: (633.7307627751086,1)
[771]: (626.3858304586562,1)
[772]: (637.9457722640451,1)
[773]: (633.3012256874503,1)
[774]: (616.5579410796738,1)
[775]: (631.5666921516232,1)
[776]: (630.3961266042885,1)
[777]: (624.1971214292256,1)
[778]: (634.3581767417969,1)
[779]: (624.3656799743376,1)
[780]: (627.719367476515,1)
[781]: (635.3674523481288,1)
[782]: (629.2916793684258,1)
[783]: (632.4434725789613,1)
[784]: (615.6214076769257,1)
[785]: (622.0094503357944,1)
[786]: (621.2114355071957,1)
[787]: (626.4477376104448,1)
[788]: (644.7677236919121,1)
[789]: (629.1232874162864,1)
[790]: (629.3050881345014,1)
[791]: (622.6852287999101,1)
[792]: (618.8088495716642,1)
[793]: (631.5918621178666,1)
[794]: (631.1743660452348,1)
[795]: (633.3556563507475,1)
[796]: (624.3063884299455,1)
[797]: (620.4654496873294,1)
[798]: (630.6580576206269,1)
[799]: (626.0679015585478,1)
[800]: (628.9150798858263,1)
[801]: (635.1337026810961,1)
[802]: (631.4108868273779,1)
[803]: (626.600155973903,1)
[804]: (634.5847937478194,1)
[805]: (642.4761968825891,1)
[806]: (624.5418319772475,1)
[807]: (635.1542408887225,1)
[808]: (625.2056271066754,1)
[809]: (633.5041614135001,1)
[810]: (627.4132069538553,1)
[811]: (633.3134180740889,1)
[812]: (632.366166111917,1)
[813]: (620.2590587279711,1)
[814]: (635.2133480679155,1)
[815]: (623.7389586743676,1)
[816]: (626.4424371397835,1)
[817]: (623.1666816921497,1)
[818]: (634.2349561829127,1)
[819]: (641.4190367368875,1)
[820]: (633.7396336708907,1)
[821]: (640.3209578092996,1)
[822]: (625.3462842991671,1)
[823]: (619.2792703262621,1)
[824]: (623.6516666865598,1)
[825]: (617.7348144091399,1)
[826]: (628.3711452712862,1)
[827]: (642.3929829117766,1)
[828]: (630.5995049343833,1)
[829]: (632.8912065384552,1)
[830]: (628.1244854095365,1)
[831]: (630.4542091274521,1)
[832]: (628.3409176674028,1)
[833]: (629.130800882548,1)
[834]: (632.4431695932318,1)
[835]: (629.2062490841981,1)
[836]: (635.330014438371,1)
[837]: (618.3548505076662,1)
[838]: (615.6080635897376,1)
[839]: (630.5750222920002,1)
[840]: (623.4013474492471,1)
[841]: (622.5881207736348,1)
[842]: (631.3051923345488,1)
[843]: (624.3467880635786,1)
[844]: (623.1728236568233,1)
[845]: (619.1125181874763,1)
[846]: (637.90097708241,1)
[847]: (628.379977126075,1)
[848]: (635.2406732681541,1)
[849]: (635.083365805412,1)
[850]: (622.3716226509986,1)
[851]: (624.4828681204561,1)
[852]: (623.1168212582543,1)
[853]: (633.374587446059,1)
[854]: (620.915381409458,1)
[855]: (625.1294003060136,1)
[856]: (623.3428827520427,1)
[857]: (629.1795449670212,1)
[858]: (627.1860443477206,1)
[859]: (618.4921614197517,1)
[860]: (629.4902928078648,1)
[861]: (623.296333690499,1)
[862]: (617.5987811967397,1)
[863]: (636.0606385996226,1)
[864]: (633.7635270288175,1)
[865]: (624.15801323962,1)
[866]: (637.3713545205868,1)
[867]: (624.0359222627204,1)
[868]: (624.15555087618,1)
[869]: (624.0587475126478,1)
[870]: (637.758004200413,1)
[871]: (627.7584600996227,1)
[872]: (625.8506687450122,1)
[873]: (617.4484794608716,1)
[874]: (634.0178797636482,1)
[875]: (631.2070950595266,1)
[876]: (621.1619655829239,1)
[877]: (626.2154563474076,1)
[878]: (627.0408552252903,1)
[879]: (626.2580450308151,1)
[880]: (636.3117879412989,1)
[881]: (635.1426169018813,1)
[882]: (627.4981185305705,1)
[883]: (623.1780067011941,1)
[884]: (629.1160098340295,1)
[885]: (631.3057236070978,1)
[886]: (634.6248269690917,1)
[887]: (632.6467231374492,1)
[888]: (614.0122491194363,1)
[889]: (629.1116470963437,1)
[890]: (634.1571570534936,1)
[891]: (633.3031098143301,1)
[892]: (624.4407963924949,1)
[893]: (623.6160245427557,1)
[894]: (656.2624877580758,1)
[895]: (620.4145818312534,1)
[896]: (625.1747230459979,1)
[897]: (634.9458871699935,1)
[898]: (629.8360929611598,1)
[899]: (633.5171763654203,1)
[900]: (629.2992269165811,1)
[901]: (620.4587691112803,1)
[902]: (628.0505443167449,1)
[903]: (635.806827092413,1)
[904]: (615.1740447063497,1)
[905]: (622.7240275853925,1)
[906]: (635.6415796197174,1)
[907]: (635.1013658624685,1)
[908]: (641.8224894295689,1)
[909]: (626.3755758324054,1)
[910]: (632.2949074669225,1)
[911]: (627.5869334570945,1)
[912]: (633.4250764613774,1)
[913]: (641.206779932382,1)
[914]: (645.2915895443142,1)
[915]: (626.4428002921276,1)
[916]: (626.2059954066892,1)
[917]: (633.2287874130686,1)
[918]: (622.2991255154186,1)
[919]: (643.1190849141569,1)
[920]: (627.5678097359323,1)
[921]: (624.2127717758939,1)
[922]: (630.4465120737299,1)
[923]: (619.0612169584715,1)
[924]: (629.6859255720144,1)
[925]: (632.5200290150518,1)
[926]: (631.158107154984,1)
[927]: (619.2171820408269,1)
[928]: (637.7680761812411,1)
[929]: (638.1889096533629,1)
[930]: (635.4968005893638,1)
[931]: (627.2497658680924,1)
[932]: (635.0540322304358,1)
[933]: (624.2394860716412,1)
[934]: (613.1494709000257,1)
[935]: (638.5942324115391,1)
[936]: (642.5294346915402,1)
[937]: (623.0439886367063,1)
[938]: (621.1488897997843,1)
[939]: (629.2153797018813,1)
[940]: (624.5003498187477,1)
[941]: (632.3885634894513,1)
[942]: (626.2215777636187,1)
[943]: (630.1747146383642,1)
[944]: (621.6461687678822,1)
[945]: (622.2896794351313,1)
[946]: (631.4405059165961,1)
[947]: (622.835161120439,1)
[948]: (619.0062448344841,1)
[949]: (637.7314353250001,1)
[950]: (628.4616791765224,1)
[951]: (621.7269245154738,1)
[952]: (628.2109160512238,1)
[953]: (636.2159425379443,1)
[954]: (622.2697168210748,1)
[955]: (625.5534008261272,1)
[956]: (626.0815923163367,1)
[957]: (626.2274795294552,1)
[958]: (638.6142549609363,1)
[959]: (626.424446930681,1)
[960]: (623.3627027661936,1)
[961]: (632.1593870969926,1)
[962]: (630.3922619890227,1)
[963]: (631.2889079287504,1)
[964]: (644.4948837080244,1)
[965]: (631.3717805708753,1)
[966]: (632.0566101709504,1)
[967]: (629.4213437275198,1)
[968]: (653.5440163148442,1)
[969]: (634.7433753815759,1)
[970]: (641.2199276316705,1)
[971]: (635.4468611078439,1)
[972]: (628.4578598799939,1)
[973]: (620.2571817899759,1)
[974]: (633.61021380464,1)
[975]: (619.5089748728573,1)
[976]: (621.1692059731781,1)
[977]: (624.5626290689333,1)
[978]: (628.3993206339118,1)
[979]: (634.2149337685794,1)
[980]: (646.9405448833065,1)
[981]: (623.4108933497995,1)
[982]: (624.6383192277528,1)
[983]: (641.2211677489299,1)
[984]: (633.5025831429058,1)
[985]: (628.690078011647,1)
[986]: (624.2577269249258,1)
[987]: (643.3424479189119,1)
[988]: (629.1713576154218,1)
[989]: (632.7355674370619,1)
[990]: (624.2115326859391,1)
[991]: (632.339471556402,1)
[992]: (630.3752239986364,1)
[993]: (643.2075135768165,1)
[994]: (639.1560989482168,1)
[995]: (615.6684792872763,1)
[996]: (619.0665422615743,1)
[997]: (623.4222147777684,1)
[998]: (639.0092813899241,1)
[999]: (626.5720656299767,1)
[1000]: (622.3400366756784,1)
[1001]: (624.3976916913284,1)
[1002]: (622.5779021695523,1)
[1003]: (625.7150349951669,1)
[1004]: (618.6648736058813,1)
[1005]: (631.5480955173958,1)
[1006]: (639.3530016779004,1)
[1007]: (625.7371323043495,1)
[1008]: (639.0575164099928,1)
[1009]: (628.5556117940262,1)
[1010]: (633.7307088514825,1)
[1011]: (627.3056179965332,1)
[1012]: (638.3608343907697,1)
[1013]: (632.2025072260403,1)
[1014]: (626.7828616473469,1)
[1015]: (620.9143057692672,1)
[1016]: (623.7075440581657,1)
[1017]: (627.440302014006,1)
[1018]: (623.8805005024332,1)
[1019]: (631.6174146524993,1)
[1020]: (642.1904498124597,1)
[1021]: (618.3445127726599,1)
[1022]: (629.2010803298737,1)
[1023]: (617.5838229255061,1)
[1024]: (624.1499640830984,1)
[1025]: (621.2819952468702,1)
[1026]: (619.3964879363793,1)
[1027]: (618.20071839735,1)
[1028]: (626.2649361091038,1)
[1029]: (632.0661473671075,1)
[1030]: (616.2649049867125,1)
[1031]: (628.1857555389873,1)
[1032]: (623.4800891249741,1)
[1033]: (634.7798659235875,1)
[1034]: (633.3175477878682,1)
[1035]: (630.299545431688,1)
[1036]: (623.6439597434077,1)
[1037]: (622.790635879642,1)
[1038]: (633.588661866193,1)
[1039]: (623.9036483072996,1)
[1040]: (631.4136692525497,1)
[1041]: (623.8897193870635,1)
[1042]: (631.5124661882513,1)
[1043]: (618.8191899315723,1)
[1044]: (624.5005635387477,1)
[1045]: (633.2417867841276,1)
[1046]: (636.1871715596143,1)
[1047]: (627.2303266391242,1)
[1048]: (625.0781248187085,1)
[1049]: (630.1287042854329,1)
[1050]: (630.1324666391713,1)
[1051]: (622.6689308550866,1)
[1052]: (628.3756862834352,1)
[1053]: (626.9343850707546,1)
[1054]: (628.0637847923942,1)
[1055]: (620.127313336828,1)
[1056]: (633.1828508341176,1)
[1057]: (628.149580154289,1)
[1058]: (627.2418356070483,1)
[1059]: (622.4040840574759,1)
[1060]: (641.4315085296583,1)
[1061]: (637.0167586526936,1)
[1062]: (648.1059089787028,1)
[1063]: (638.4720689261343,1)
[1064]: (625.6556215678066,1)
[1065]: (623.6128137929746,1)
[1066]: (621.1207158977668,1)
[1067]: (635.1678358947969,1)
[1068]: (626.2638930771093,1)
[1069]: (631.0422183282598,1)
[1070]: (633.1507421376347,1)
[1071]: (630.2092200890237,1)
[1072]: (630.4789902544527,1)
[1073]: (636.6257650111232,1)
[1074]: (634.1434954465575,1)
[1075]: (625.3162488330005,1)
[1076]: (622.2499044645913,1)
[1077]: (633.4141951082883,1)
[1078]: (629.6305530400987,1)
[1079]: (627.2830294920326,1)
[1080]: (623.129452666619,1)
[1081]: (620.619232795864,1)
[1082]: (631.1563897365514,1)
[1083]: (625.0351959614399,1)
[1084]: (630.0400938922633,1)
[1085]: (631.3545770341461,1)
[1086]: (636.6632352553621,1)
[1087]: (618.5025837132729,1)
[1088]: (639.3046459919044,1)
[1089]: (638.2696621376894,1)
[1090]: (621.634649606933,1)
[1091]: (618.4311051479779,1)
[1092]: (625.1905545145119,1)
[1093]: (623.5232164874152,1)
[1094]: (634.6543133728361,1)
[1095]: (641.0729332475054,1)
[1096]: (625.3372472748769,1)
[1097]: (618.0008371429284,1)
[1098]: (628.7163204067072,1)
[1099]: (630.4921813908942,1)
[1100]: (628.6880380715506,1)
[1101]: (620.5559571140292,1)
[1102]: (636.2757525981457,1)
[1103]: (631.1485750968246,1)
[1104]: (620.5554554844182,1)
[1105]: (627.3339919769958,1)
[1106]: (634.3852004976025,1)
[1107]: (621.7638996880244,1)
[1108]: (627.5650604439459,1)
[1109]: (634.26016023845,1)
[1110]: (622.2184679927534,1)
[1111]: (628.7182868024386,1)
[1112]: (624.3906321736182,1)
[1113]: (626.5074074722426,1)
[1114]: (627.6284651921117,1)
[1115]: (634.3527942568569,1)
[1116]: (615.2053590877814,1)
[1117]: (631.1013674630871,1)
[1118]: (631.9959366231045,1)
[1119]: (633.3618303882023,1)
[1120]: (644.0606147985914,1)
[1121]: (625.2023271551136,1)
[1122]: (630.394503317131,1)
[1123]: (623.7974314225424,1)
[1124]: (625.6274815367556,1)
[1125]: (627.5806803294284,1)
[1126]: (618.5591432146343,1)
[1127]: (644.4838125984877,1)
[1128]: (632.2890349235657,1)
[1129]: (621.4637046754657,1)
[1130]: (620.677143920034,1)
[1131]: (626.7502888254638,1)
[1132]: (630.3460289759349,1)
[1133]: (634.0974796136694,1)
[1134]: (621.2293806485924,1)
[1135]: (635.7290546407959,1)
[1136]: (656.6586294366688,1)
[1137]: (627.411260238827,1)
[1138]: (615.307783853174,1)
[1139]: (632.2830227972726,1)
[1140]: (620.138231971505,1)
[1141]: (624.0618182659839,1)
[1142]: (630.1697480644091,1)
[1143]: (640.464702820841,1)
[1144]: (623.8122819508544,1)
[1145]: (631.1987814899272,1)
[1146]: (633.0949015299366,1)
[1147]: (624.654907574529,1)
[1148]: (635.2586248847448,1)
[1149]: (617.3101767912194,1)
[1150]: (619.1826086936352,1)
[1151]: (620.1149640626094,1)
[1152]: (627.3479456106138,1)
[1153]: (622.6955744976641,1)
[1154]: (618.1645586981053,1)
[1155]: (643.706578505428,1)
[1156]: (623.8264806733855,1)
[1157]: (615.6274647187192,1)
[1158]: (626.2330568456267,1)
[1159]: (610.3934995480964,1)
[1160]: (623.5338787861328,1)
[1161]: (638.3888665062141,1)
[1162]: (634.5222183869845,1)
[1163]: (620.1859744236845,1)
[1164]: (637.2762119461024,1)
[1165]: (629.4877439947705,1)
[1166]: (623.2233605758938,1)
[1167]: (623.3379565969555,1)
[1168]: (626.4691872539763,1)
[1169]: (644.1917839334393,1)
[1170]: (633.2753976577486,1)
[1171]: (634.418504295657,1)
[1172]: (628.7075810485813,1)
[1173]: (621.7440644592291,1)
[1174]: (622.2108920427838,1)
[1175]: (638.2209381751836,1)
[1176]: (642.1110709518318,1)
[1177]: (626.530450355035,1)
[1178]: (628.3582073782103,1)
[1179]: (625.1985343827495,1)
[1180]: (624.1322187892088,1)
[1181]: (628.7989165581952,1)
[1182]: (634.3566466355195,1)
[1183]: (633.3072068369689,1)
[1184]: (634.2638896521674,1)
[1185]: (628.1618190267145,1)
[1186]: (630.3859040705324,1)
[1187]: (622.0785875197272,1)
[1188]: (621.2982973592093,1)
[1189]: (640.0687065558964,1)
[1190]: (616.3288829896995,1)
[1191]: (626.1678934098551,1)
[1192]: (622.078298860061,1)
[1193]: (622.2491874408303,1)
[1194]: (639.4801957368512,1)
[1195]: (621.2129462706727,1)
[1196]: (633.4407485308332,1)
[1197]: (638.4096366292475,1)
[1198]: (623.5721867134839,1)
[1199]: (620.2421069947711,1)
[1200]: (635.2271606086465,1)
[1201]: (634.5558515021597,1)
[1202]: (623.0800258037175,1)
[1203]: (633.1661473703534,1)
[1204]: (631.3264476913662,1)
[1205]: (632.2065567098767,1)
[1206]: (627.3885335313272,1)
[1207]: (626.3500258927201,1)
[1208]: (622.322843242184,1)
[1209]: (645.5719495892716,1)
[1210]: (626.9424842021585,1)
[1211]: (624.2044446746811,1)
[1212]: (620.308974730277,1)
[1213]: (623.261341873593,1)
[1214]: (620.3434709668165,1)
[1215]: (634.8729620362922,1)
[1216]: (633.6589498202012,1)
[1217]: (626.4327179452511,1)
[1218]: (622.3103829598897,1)
[1219]: (627.5319337892166,1)
[1220]: (630.2800853445619,1)
[1221]: (641.3211632179081,1)
[1222]: (620.3243402760218,1)
[1223]: (622.5671204819322,1)
[1224]: (644.4194513005966,1)
[1225]: (636.5462155942949,1)
[1226]: (625.0272347272779,1)
[1227]: (625.3556390617156,1)
[1228]: (623.7926887629595,1)
[1229]: (619.0520539301639,1)
[1230]: (618.0790487969118,1)
[1231]: (637.3743763560942,1)
[1232]: (638.2451298414452,1)
[1233]: (635.2173359176322,1)
[1234]: (627.1656170446809,1)
[1235]: (625.2706147535638,1)
[1236]: (640.3481370318193,1)
[1237]: (638.3286824050178,1)
[1238]: (624.6446689328779,1)
[1239]: (640.3590022671891,1)
[1240]: (634.5828202144494,1)
[1241]: (625.9839461864824,1)
[1242]: (637.4624426281262,1)
[1243]: (625.9656779055692,1)
[1244]: (617.5382795228711,1)
[1245]: (632.4672882453616,1)
[1246]: (624.1661442543999,1)
[1247]: (635.4133841996397,1)
[1248]: (647.5196402035799,1)
[1249]: (633.3320821927246,1)
[1250]: (623.8533065085933,1)
[1251]: (620.8388936168844,1)
[1252]: (628.1452420987843,1)
[1253]: (626.551192323135,1)
[1254]: (625.1410089174964,1)
[1255]: (619.4773952979382,1)
[1256]: (641.6279876297199,1)
[1257]: (630.4380874104717,1)
[1258]: (614.2334667193696,1)
[1259]: (642.6443842318997,1)
[1260]: (631.4444831909283,1)
[1261]: (634.0579675482824,1)
[1262]: (629.7826188968419,1)
[1263]: (628.0778135016867,1)
[1264]: (638.4988375995613,1)
[1265]: (633.3516696235423,1)
[1266]: (634.245960018252,1)
[1267]: (630.7085205985477,1)
[1268]: (624.5954422736157,1)
[1269]: (632.7089290181874,1)
[1270]: (616.5941282793895,1)
[1271]: (631.1900830526564,1)
[1272]: (617.3296035991244,1)
[1273]: (641.4225181900483,1)
[1274]: (638.3001487814663,1)
[1275]: (632.1029054231689,1)
[1276]: (636.3381194362067,1)
[1277]: (627.7124577872253,1)
[1278]: (641.1212067435831,1)
[1279]: (620.4449470786952,1)
[1280]: (623.2054534131304,1)
[1281]: (628.0965986864695,1)
[1282]: (638.3000156900729,1)
[1283]: (630.3356489982931,1)
[1284]: (635.3402380781864,1)
[1285]: (621.7904989232485,1)
[1286]: (639.2843681723136,1)
[1287]: (645.2182966794311,1)
[1288]: (626.714117476477,1)
[1289]: (640.1641289858544,1)
[1290]: (626.2060076194016,1)
[1291]: (630.5031727495514,1)
[1292]: (630.2168108358931,1)
[1293]: (628.069172215206,1)
[1294]: (621.111147629593,1)
[1295]: (633.0491600825781,1)
[1296]: (624.5069052687408,1)
[1297]: (622.2954398110826,1)
[1298]: (628.0739802957884,1)
[1299]: (632.6406517692513,1)
[1300]: (617.4700747781724,1)
[1301]: (642.114360043468,1)
[1302]: (628.6034003896281,1)
[1303]: (625.9089559178288,1)
[1304]: (634.3368621645978,1)
[1305]: (626.0632050395345,1)
[1306]: (632.8387329890974,1)
[1307]: (627.4017990125886,1)
[1308]: (620.3407537515426,1)
[1309]: (641.4196159225476,1)
[1310]: (624.2804144681231,1)
[1311]: (633.2308553570601,1)
[1312]: (626.8133308022776,1)
[1313]: (615.6058502518562,1)
[1314]: (621.8166966887665,1)
[1315]: (636.0280971617098,1)
[1316]: (623.3963137365065,1)
[1317]: (628.7754990280309,1)
[1318]: (621.4424941687545,1)
[1319]: (629.9200994374472,1)
[1320]: (631.7368994474933,1)
[1321]: (621.093597470307,1)
[1322]: (627.4660582628683,1)
[1323]: (618.5861594778163,1)
[1324]: (634.1604406348653,1)
[1325]: (627.3827331417662,1)
[1326]: (635.1942880878637,1)
[1327]: (632.1404512865748,1)
[1328]: (619.6435458603031,1)
[1329]: (621.8983342211619,1)
[1330]: (626.5537548833447,1)
[1331]: (618.2533429956952,1)
[1332]: (624.4603007137162,1)
[1333]: (633.6318521915251,1)
[1334]: (641.51270668967,1)
[1335]: (623.153617577698,1)
[1336]: (623.0974278306199,1)
[1337]: (631.2232391219216,1)
[1338]: (617.6176016036883,1)
[1339]: (625.8753319893848,1)
[1340]: (629.7131714098464,1)
[1341]: (630.1364845044337,1)
[1342]: (630.4031196036284,1)
[1343]: (620.5226728344763,1)
[1344]: (632.2842564208397,1)
[1345]: (643.1333851346975,1)
[1346]: (634.4220204485625,1)
[1347]: (623.2637732373361,1)
[1348]: (646.2897447394076,1)
[1349]: (637.2200308111485,1)
[1350]: (626.3892373284326,1)
[1351]: (626.4872827064994,1)
[1352]: (615.1483578098894,1)
[1353]: (624.2602526614377,1)
[1354]: (628.4858255513353,1)
[1355]: (642.8624548445043,1)
[1356]: (627.3834683461016,1)
[1357]: (621.4341643281731,1)
[1358]: (635.7923593910813,1)
[1359]: (639.2046452714264,1)
[1360]: (629.5460108625149,1)
[1361]: (633.0329218431086,1)
[1362]: (627.2201243316867,1)
[1363]: (635.1965605154526,1)
[1364]: (630.8357362879489,1)
[1365]: (647.8564906865934,1)
[1366]: (628.2901062551713,1)
[1367]: (619.0714295680207,1)
[1368]: (633.9008861432364,1)
[1369]: (613.9936258324451,1)
[1370]: (621.1345635667254,1)
[1371]: (632.2552852271773,1)
[1372]: (619.1687264339834,1)
[1373]: (635.1797280242927,1)
[1374]: (639.6845059470678,1)
[1375]: (628.4809582611174,1)
[1376]: (619.4322769332789,1)
[1377]: (623.0914281559169,1)
[1378]: (625.3896193307849,1)
[1379]: (620.6488706918433,1)
[1380]: (625.0809705541924,1)
[1381]: (633.3053548102627,1)
[1382]: (630.4545722820268,1)
[1383]: (629.631346689014,1)
[1384]: (636.0917762170998,1)
[1385]: (625.6406290912703,1)
[1386]: (621.885418832513,1)
[1387]: (631.6059965934309,1)
[1388]: (626.1308319635021,1)
[1389]: (626.5425377187463,1)
[1390]: (636.409694001754,1)
[1391]: (637.5105884522914,1)
[1392]: (622.4807861231292,1)
[1393]: (622.5610687429344,1)
[1394]: (628.2214249888078,1)
[1395]: (632.4124072180966,1)
[1396]: (619.1847725249995,1)
[1397]: (627.469505921515,1)
[1398]: (624.6090856194425,1)
[1399]: (630.1534610425789,1)
[1400]: (630.6190049945692,1)
[1401]: (633.1537571865859,1)
[1402]: (634.1600365764029,1)
[1403]: (626.1424861624542,1)
[1404]: (639.2105870724539,1)
[1405]: (629.9530334797054,1)
[1406]: (627.3501633159904,1)
[1407]: (630.2932117733232,1)
[1408]: (633.816778755432,1)
[1409]: (621.5870491113342,1)
[1410]: (638.0860765720313,1)
[1411]: (631.492328666111,1)
[1412]: (617.2388794491023,1)
[1413]: (637.0021664908196,1)
[1414]: (620.5056949315756,1)
[1415]: (620.2292858033981,1)
[1416]: (625.0599182685357,1)
[1417]: (621.3247625085734,1)
[1418]: (626.5688277423673,1)
[1419]: (632.095803876059,1)
[1420]: (626.7180788472141,1)
[1421]: (644.9027939441376,1)
[1422]: (639.1722779523368,1)
[1423]: (620.2611751047561,1)
[1424]: (630.4332772815291,1)
[1425]: (626.1854319386234,1)
[1426]: (622.586918022286,1)
[1427]: (618.137389964641,1)
[1428]: (631.0647364197669,1)
[1429]: (628.4351297429921,1)
[1430]: (621.6976251507883,1)
[1431]: (628.7082008907458,1)
[1432]: (635.0761113859347,1)
[1433]: (632.4927857588091,1)
[1434]: (631.3074663428927,1)
[1435]: (633.5682472470972,1)
[1436]: (617.4611715034822,1)
[1437]: (629.3219326382313,1)
[1438]: (637.7206702103723,1)
[1439]: (616.6598032473179,1)
[1440]: (619.8385899686128,1)
[1441]: (630.7478714087212,1)
[1442]: (634.2797992814938,1)
[1443]: (622.2350762154005,1)
[1444]: (623.6199389430336,1)
[1445]: (629.0026154968103,1)
[1446]: (630.4262243195388,1)
[1447]: (624.6495028757297,1)
[1448]: (635.1598892108352,1)
[1449]: (630.1398927190638,1)
[1450]: (642.6231975432956,1)
[1451]: (626.1734837072485,1)
[1452]: (621.1811494177506,1)
[1453]: (632.8742930475192,1)
[1454]: (629.1490292187068,1)
[1455]: (621.8794245955103,1)
[1456]: (624.5227832963274,1)
[1457]: (639.3499339432186,1)
[1458]: (632.1789475848567,1)
[1459]: (626.019877198936,1)
[1460]: (630.3118736552696,1)
[1461]: (630.1389695163078,1)
[1462]: (641.0006986127785,1)
[1463]: (625.7067377788522,1)
[1464]: (626.1928426494098,1)
[1465]: (626.9801033365926,1)
[1466]: (629.1704067724099,1)
[1467]: (629.5916748305057,1)
[1468]: (636.8484279004922,1)
[1469]: (632.2243444512112,1)
[1470]: (621.2033156566742,1)
[1471]: (632.8889394939712,1)
[1472]: (619.5075179474198,1)
[1473]: (625.4103856535107,1)
[1474]: (638.3280132773335,1)
[1475]: (615.5076276151708,1)
[1476]: (623.4086939001776,1)
[1477]: (618.1312253443939,1)
[1478]: (650.407964635343,1)
[1479]: (629.1632627605895,1)
[1480]: (622.2787669455557,1)
[1481]: (632.2433276311344,1)
[1482]: (634.1314016242787,1)
[1483]: (634.2452559779356,1)
[1484]: (626.4606384210633,1)
[1485]: (634.4147310414018,1)
[1486]: (636.2062439919961,1)
[1487]: (633.3985231144324,1)
[1488]: (619.4244666620766,1)
[1489]: (647.6673980088514,1)
[1490]: (639.7249000999242,1)
[1491]: (634.9844420089646,1)
[1492]: (636.1203817265779,1)
[1493]: (618.1003907641146,1)
[1494]: (637.1729775954483,1)
[1495]: (626.3264473340082,1)
[1496]: (619.1319665698006,1)
[1497]: (624.3618841721457,1)
[1498]: (623.5000058881224,1)
[1499]: (625.7152975665422,1)
[1500]: (632.2414177723612,1)
[1501]: (618.7930066763015,1)
[1502]: (633.4716571146841,1)
[1503]: (629.784081235763,1)
[1504]: (633.0796996346827,1)
[1505]: (632.0641705133273,1)
[1506]: (625.7492083484342,1)
[1507]: (626.1519800694596,1)
[1508]: (619.7139832490476,1)
[1509]: (642.428430203263,1)
[1510]: (625.2970908577561,1)
[1511]: (633.2579945841454,1)
[1512]: (627.3576560129046,1)
[1513]: (620.267169976952,1)
[1514]: (633.1797291423736,1)
[1515]: (649.6671081468768,1)
[1516]: (633.5395804540657,1)
[1517]: (624.5853391885393,1)
[1518]: (624.1580960883936,1)
[1519]: (628.0616613468031,1)
[1520]: (628.3945190363006,1)
[1521]: (638.1655395966529,1)
[1522]: (631.0336999878166,1)
[1523]: (634.3684018434532,1)
[1524]: (623.3166419334569,1)
[1525]: (641.6411909715133,1)
[1526]: (623.1741050861864,1)
[1527]: (622.1017985849641,1)
[1528]: (647.1728710770137,1)
[1529]: (634.472586379193,1)
[1530]: (639.0202241802644,1)
[1531]: (631.4626965029707,1)
[1532]: (621.5859535829194,1)
[1533]: (623.2977055019996,1)
[1534]: (621.3411972622819,1)
[1535]: (623.2001015406667,1)
[1536]: (629.2479016923432,1)
[1537]: (616.7522831001044,1)
[1538]: (631.0054043145366,1)
[1539]: (618.1439877776605,1)
[1540]: (612.5893723086647,1)
[1541]: (638.7051413666776,1)
[1542]: (634.2459499222591,1)
[1543]: (627.5121008521762,1)
[1544]: (617.2519212449436,1)
[1545]: (620.7255099419028,1)
[1546]: (634.5815109721955,1)
[1547]: (638.294286699067,1)
[1548]: (633.3879265272848,1)
[1549]: (625.9562942345577,1)
[1550]: (629.1354534990143,1)
[1551]: (639.6827302695701,1)
[1552]: (634.1779085374359,1)
[1553]: (629.2690951119409,1)
[1554]: (633.5273033870483,1)
[1555]: (625.0552108236951,1)
[1556]: (627.5772978251049,1)
[1557]: (628.3941576571813,1)
[1558]: (634.3145261108909,1)
[1559]: (630.4475292388271,1)
[1560]: (627.5534288449688,1)
[1561]: (622.3129718377186,1)
[1562]: (628.6657093494749,1)
[1563]: (635.703115021596,1)
[1564]: (620.5329676742488,1)
[1565]: (643.5071846226109,1)
[1566]: (627.5555011541699,1)
[1567]: (643.1484310639432,1)
[1568]: (625.4520599274351,1)
[1569]: (616.7112778725523,1)
[1570]: (619.4068924653877,1)
[1571]: (613.3841052266393,1)
[1572]: (629.0969697830193,1)
[1573]: (633.6274455270708,1)
[1574]: (631.241149452467,1)
[1575]: (624.2320265250801,1)
[1576]: (638.8221629779539,1)
[1577]: (633.5965873990248,1)
[1578]: (617.295941839781,1)
[1579]: (637.8279828075359,1)
[1580]: (624.3592698189757,1)
[1581]: (629.1627435225479,1)
[1582]: (633.8790245813026,1)
[1583]: (624.1974157246036,1)
[1584]: (623.1860012215963,1)
[1585]: (629.5068474418924,1)
[1586]: (630.2356668512235,1)
[1587]: (630.0307068656496,1)
[1588]: (622.4562811371458,1)
[1589]: (620.1699833837222,1)
[1590]: (623.4145062644923,1)
[1591]: (630.4746754018217,1)
[1592]: (637.4281311494254,1)
[1593]: (625.5509958425451,1)
[1594]: (621.7941348930511,1)
[1595]: (630.221016758325,1)
[1596]: (642.1074321706431,1)
[1597]: (642.3736161005817,1)
[1598]: (635.3263029900181,1)
[1599]: (629.032439713512,1)
[1600]: (625.2188603887238,1)
[1601]: (620.2515857913656,1)
[1602]: (627.259088257115,1)
[1603]: (618.2169462044367,1)
[1604]: (626.5950843169471,1)
[1605]: (633.5209345093131,1)
[1606]: (630.2085261401728,1)
[1607]: (635.2395988822361,1)
[1608]: (630.2729545680005,1)
[1609]: (640.1074068710959,1)
[1610]: (615.58070577897,1)
[1611]: (622.1682481447017,1)
[1612]: (623.2710677065564,1)
[1613]: (638.544444050536,1)
[1614]: (613.8846512865323,1)
[1615]: (632.9805038379852,1)
[1616]: (627.1346595948152,1)
[1617]: (626.6022085651705,1)
[1618]: (625.4122764445549,1)
[1619]: (620.224167477268,1)
[1620]: (620.9165692178773,1)
[1621]: (632.3507808444141,1)
[1622]: (634.0362031453553,1)
[1623]: (617.8417931469183,1)
[1624]: (626.5349023619398,1)
[1625]: (622.7522783746396,1)
[1626]: (625.4090706889422,1)
[1627]: (635.2604073655124,1)
[1628]: (632.1942470601388,1)
[1629]: (627.0201068168718,1)
[1630]: (637.1484497832497,1)
[1631]: (630.3952336253005,1)
[1632]: (630.1516507892206,1)
[1633]: (636.6286262367255,1)
[1634]: (639.071205837937,1)
[1635]: (632.3681787233238,1)
[1636]: (622.2306505326043,1)
[1637]: (628.5977395470884,1)
[1638]: (627.3725828699671,1)
[1639]: (644.1078683572356,1)
[1640]: (626.5409607357508,1)
[1641]: (615.4242150586497,1)
[1642]: (627.4958886038588,1)
[1643]: (619.6485029218961,1)
[1644]: (628.5876353462653,1)
[1645]: (635.0609829982384,1)
[1646]: (631.5881827292186,1)
[1647]: (616.1262458229643,1)
[1648]: (641.1499955448625,1)
[1649]: (628.2904339389801,1)
[1650]: (639.4907382424291,1)
[1651]: (629.8891813360361,1)
[1652]: (626.5709792138499,1)
[1653]: (625.1319240998588,1)
[1654]: (625.8712488130573,1)
[1655]: (634.427362946248,1)
[1656]: (628.2952737554481,1)
[1657]: (618.3338097306358,1)
[1658]: (621.0400331594616,1)
[1659]: (623.7235155629544,1)
[1660]: (622.3843956169615,1)
[1661]: (630.9303641027432,1)
[1662]: (630.3990973960305,1)
[1663]: (617.797918743246,1)
[1664]: (623.2606330183019,1)
[1665]: (616.0237443877061,1)
[1666]: (623.877863727284,1)
[1667]: (624.6730739751287,1)
[1668]: (638.3149265844908,1)
[1669]: (629.4563288855833,1)
[1670]: (632.3715785009009,1)
[1671]: (630.2799247446341,1)
[1672]: (621.2580311049207,1)
[1673]: (629.1688221808483,1)
[1674]: (641.5268698516179,1)
[1675]: (651.9001378466039,1)
[1676]: (634.4064724781866,1)
[1677]: (628.2175812658734,1)
[1678]: (616.0073355497879,1)
[1679]: (627.2543312732799,1)
[1680]: (631.001105271751,1)
[1681]: (614.3663280454672,1)
[1682]: (625.83985494817,1)
[1683]: (641.4145951829759,1)
[1684]: (637.8200276629668,1)
[1685]: (625.1002158564401,1)
[1686]: (631.8672716729121,1)
[1687]: (626.6564047692083,1)
[1688]: (622.6329663978828,1)
[1689]: (627.0297049547779,1)
[1690]: (626.5411542900138,1)
[1691]: (626.483070034439,1)
[1692]: (627.0325302939899,1)
[1693]: (635.9257023278612,1)
[1694]: (632.3441951908172,1)
[1695]: (623.2303032139638,1)
[1696]: (629.2061890627425,1)
[1697]: (627.1595173504071,1)
[1698]: (624.2279628626818,1)
[1699]: (635.0158298206034,1)
[1700]: (637.2562465465022,1)
[1701]: (618.3499493342604,1)
[1702]: (622.7041893215197,1)
[1703]: (629.284434007489,1)
[1704]: (632.1072650037431,1)
[1705]: (625.3861855362067,1)
[1706]: (635.7199818832693,1)
[1707]: (630.184504187542,1)
[1708]: (628.1050289106008,1)
[1709]: (626.4847937892044,1)
[1710]: (624.7409167559806,1)
[1711]: (638.1731491199623,1)
[1712]: (632.2788035745727,1)
[1713]: (628.7130428455574,1)
[1714]: (648.4265091252745,1)
[1715]: (622.2739319277541,1)
[1716]: (620.0698013407603,1)
[1717]: (638.474541347679,1)
[1718]: (645.0602648353039,1)
[1719]: (634.7478480810735,1)
[1720]: (637.6408149146447,1)
[1721]: (644.4770030954074,1)
[1722]: (620.777726630216,1)
[1723]: (627.1035946834155,1)
[1724]: (626.5899051049424,1)
[1725]: (652.4588073965124,1)
[1726]: (620.6745228306639,1)
[1727]: (625.3217213161985,1)
[1728]: (635.6626772136141,1)
[1729]: (631.2947286297216,1)
[1730]: (627.0795310112709,1)
[1731]: (631.6854342315555,1)
[1732]: (635.2812494959475,1)
[1733]: (637.1778436517893,1)
[1734]: (627.4063256490133,1)
[1735]: (640.2114930997917,1)
[1736]: (626.5423194041419,1)
[1737]: (628.7850435314016,1)
[1738]: (620.6976342913158,1)
[1739]: (630.0393420332988,1)
[1740]: (629.2873769618064,1)
[1741]: (631.0590773256989,1)
[1742]: (650.5895183116619,1)
[1743]: (642.2409143133666,1)
[1744]: (638.2700759115196,1)
[1745]: (618.0714230841762,1)
[1746]: (625.1444237345042,1)
[1747]: (619.1916303466743,1)
[1748]: (623.9473942788478,1)
[1749]: (618.0444765373611,1)
[1750]: (631.3906641315546,1)
[1751]: (629.491072409103,1)
[1752]: (631.4333048863452,1)
[1753]: (627.9132258680149,1)
[1754]: (632.6327821844308,1)
[1755]: (619.3549767324738,1)
[1756]: (619.1795604550913,1)
[1757]: (637.3479629885981,1)
[1758]: (631.3224881521337,1)
[1759]: (632.2347201152335,1)
[1760]: (638.4389770584343,1)
[1761]: (635.186128665511,1)
[1762]: (618.0709410761758,1)
[1763]: (626.4651940071702,1)
[1764]: (626.5343190347685,1)
[1765]: (641.3895267926515,1)
[1766]: (615.3713635144729,1)
[1767]: (622.6898432232489,1)
[1768]: (626.0785536563333,1)
[1769]: (618.0790387871647,1)
[1770]: (635.1934078752192,1)
[1771]: (619.2180678504684,1)
[1772]: (647.0290647085563,1)
[1773]: (631.0125326322484,1)
[1774]: (624.1400349782589,1)
[1775]: (632.6524951032466,1)
[1776]: (633.1948098556131,1)
[1777]: (634.1549831372871,1)
[1778]: (629.029179984605,1)
[1779]: (628.058531820493,1)
[1780]: (627.0772828918424,1)
[1781]: (618.1154693882731,1)
[1782]: (628.5660764677453,1)
[1783]: (625.6396273551145,1)
[1784]: (617.3471250997283,1)
[1785]: (640.1118970303635,1)
[1786]: (628.3869778062126,1)
[1787]: (617.61275960445,1)
[1788]: (621.7694857954091,1)
[1789]: (620.5632756570967,1)
[1790]: (632.4464386667115,1)
[1791]: (626.1838678930153,1)
[1792]: (628.3138134193599,1)
[1793]: (632.096041088811,1)
[1794]: (645.4415551518434,1)
[1795]: (623.5922899491519,1)
[1796]: (631.9508299988587,1)
[1797]: (636.7411092672105,1)
[1798]: (637.0491327105942,1)
[1799]: (621.0694942560559,1)
[1800]: (616.1386731805964,1)
[1801]: (637.2013005424819,1)
[1802]: (630.4428158220525,1)
[1803]: (615.5692989116466,1)
[1804]: (625.1795807064636,1)
[1805]: (617.3255983739325,1)
[1806]: (633.3716793591777,1)
[1807]: (622.1785161370376,1)
[1808]: (616.6480580745912,1)
[1809]: (622.6210707005258,1)
[1810]: (626.1131760991108,1)
[1811]: (619.2516759091938,1)
[1812]: (630.0773976707368,1)
[1813]: (630.1087743213982,1)
[1814]: (618.1496174307114,1)
[1815]: (618.3331365093741,1)
[1816]: (639.2611616020074,1)
[1817]: (634.0290806666675,1)
[1818]: (625.8905092983022,1)
[1819]: (644.1342326360901,1)
[1820]: (626.3804647010047,1)
[1821]: (629.7408638182852,1)
[1822]: (644.840338831905,1)
[1823]: (646.1781086645972,1)
[1824]: (615.2536987827704,1)
[1825]: (633.176118511116,1)
[1826]: (628.8985891669037,1)
[1827]: (618.5829430799889,1)
[1828]: (635.2956772181175,1)
[1829]: (635.6927581898105,1)
[1830]: (626.1296475168064,1)
[1831]: (628.2805531320706,1)
[1832]: (633.0416757808069,1)
[1833]: (627.9043094240712,1)
[1834]: (619.6624379729012,1)
[1835]: (623.6296468670675,1)
[1836]: (617.8983208996631,1)
[1837]: (629.7842094194025,1)
[1838]: (625.4978540117528,1)
[1839]: (622.6399865132888,1)
[1840]: (632.3452925709638,1)
[1841]: (630.5103300008599,1)
[1842]: (620.5964777409331,1)
[1843]: (630.1350119393991,1)
[1844]: (627.2799345260108,1)
[1845]: (629.3771093131966,1)
[1846]: (635.4245549672336,1)
[1847]: (628.0771625970689,1)
[1848]: (634.2112484942745,1)
[1849]: (640.762977013646,1)
[1850]: (616.9412910063133,1)
[1851]: (628.3223471758074,1)
[1852]: (646.665518563302,1)
[1853]: (621.9867552630949,1)
[1854]: (630.3488930077133,1)
[1855]: (635.3242941208052,1)
[1856]: (616.3471680673342,1)
[1857]: (620.1103335088791,1)
[1858]: (624.135510185068,1)
[1859]: (629.3497926807702,1)
[1860]: (631.092677582349,1)
[1861]: (623.9575552218156,1)
[1862]: (639.4744095532548,1)
[1863]: (624.6064149379876,1)
[1864]: (638.9956050404668,1)
[1865]: (632.045950177477,1)
[1866]: (629.7494649819495,1)
[1867]: (629.3698824685345,1)
[1868]: (630.1086983847401,1)
[1869]: (625.7877125568634,1)
[1870]: (624.2289242283639,1)
[1871]: (623.035419338109,1)
[1872]: (633.1934114171818,1)
[1873]: (625.4928357280891,1)
[1874]: (635.5001878683831,1)
[1875]: (633.1446040568446,1)
[1876]: (629.5674597862416,1)
[1877]: (631.4060350649299,1)
[1878]: (633.2128045624673,1)
[1879]: (642.5896358721094,1)
[1880]: (635.2414650832208,1)
[1881]: (625.0067442384037,1)
[1882]: (633.0128024327431,1)
[1883]: (636.1381936507107,1)
[1884]: (629.3487961003715,1)
[1885]: (638.2399556214247,1)
[1886]: (628.2805375458194,1)
[1887]: (632.3360220618872,1)
[1888]: (643.845972188255,1)
[1889]: (633.4546946185817,1)
[1890]: (634.3565448596822,1)
[1891]: (622.2316653981591,1)
[1892]: (625.4247218451809,1)
[1893]: (633.2160800034927,1)
[1894]: (616.4008877023493,1)
[1895]: (623.3797588142247,1)
[1896]: (637.3075266187906,1)
[1897]: (613.1203138189042,1)
[1898]: (621.9333904685652,1)
[1899]: (630.6580081908453,1)
[1900]: (637.0148384924905,1)
[1901]: (625.2436200335184,1)
[1902]: (629.7938133868352,1)
[1903]: (642.1347013498089,1)
[1904]: (617.3426089338921,1)
[1905]: (631.0526428613797,1)
[1906]: (637.4147753405094,1)
[1907]: (639.3062955393116,1)
[1908]: (633.6937997557608,1)
[1909]: (635.8040992066507,1)
[1910]: (620.3579890915448,1)
[1911]: (628.2607086159062,1)
[1912]: (638.1284765066081,1)
[1913]: (626.3342408940043,1)
[1914]: (623.0812193389006,1)
[1915]: (638.6200082463366,1)
[1916]: (626.0056609120418,1)
[1917]: (618.5668165862597,1)
[1918]: (634.5101342002195,1)
[1919]: (618.9487214065642,1)
[1920]: (631.2554624317062,1)
[1921]: (627.4927661421482,1)
[1922]: (627.2844825692807,1)
[1923]: (638.3372181584767,1)
[1924]: (622.9940390229247,1)
[1925]: (632.170393595358,1)
[1926]: (623.6791975830787,1)
[1927]: (631.5747568989648,1)
[1928]: (641.274505627306,1)
[1929]: (630.2992401225714,1)
[1930]: (636.3110799143749,1)
[1931]: (620.9137049622105,1)
[1932]: (618.2029914639876,1)
[1933]: (620.1765577643997,1)
[1934]: (623.2431480926826,1)
[1935]: (634.332390058433,1)
[1936]: (633.2770355302738,1)
[1937]: (626.1400515706029,1)
[1938]: (632.1673336075548,1)
[1939]: (631.541843136119,1)
[1940]: (642.1428534674139,1)
[1941]: (629.1158973890743,1)
[1942]: (638.2923147681877,1)
[1943]: (623.2451728309717,1)
[1944]: (619.7694514045086,1)
[1945]: (628.0792029900389,1)
[1946]: (631.6052643080126,1)
[1947]: (640.7304845946907,1)
[1948]: (626.4495121066133,1)
[1949]: (621.7553866904286,1)
[1950]: (626.2858354518776,1)
[1951]: (631.042393270868,1)
[1952]: (627.9427760937219,1)
[1953]: (626.3623094756806,1)
[1954]: (625.2295160939764,1)
[1955]: (633.6914000611075,1)
[1956]: (632.7201051536882,1)
[1957]: (625.5851106436849,1)
[1958]: (631.1391109578544,1)
[1959]: (629.5402417540256,1)
[1960]: (621.8740767893976,1)
[1961]: (630.85475467883,1)
[1962]: (629.9519134853186,1)
[1963]: (623.2912210320648,1)
[1964]: (620.4327509225758,1)
[1965]: (618.4985946963399,1)
[1966]: (621.5389084548723,1)
[1967]: (615.5155640647203,1)
[1968]: (634.2715101421314,1)
[1969]: (639.4230612592532,1)
[1970]: (630.3124011591852,1)
[1971]: (638.3450842925096,1)
[1972]: (620.1387469368561,1)
[1973]: (629.4219696741416,1)
[1974]: (634.2621582916859,1)
[1975]: (632.9230736711721,1)
[1976]: (629.1836240825186,1)
[1977]: (636.089483652872,1)
[1978]: (615.0236410474096,1)
[1979]: (623.3078611758239,1)
[1980]: (622.0893267899362,1)
[1981]: (633.3795830425366,1)
[1982]: (629.6664110336435,1)
[1983]: (627.5084814140878,1)
[1984]: (621.2355079248468,1)
[1985]: (631.8834234766198,1)
[1986]: (621.1472859568767,1)
[1987]: (636.7229165627401,1)
[1988]: (618.8285610228778,1)
[1989]: (627.2511442598685,1)
[1990]: (631.1240728280555,1)
[1991]: (627.1501858136994,1)
[1992]: (632.4028338647214,1)
[1993]: (626.242848628362,1)
[1994]: (632.0539332525408,1)
[1995]: (628.0971599996656,1)
[1996]: (628.4359479065467,1)
[1997]: (628.7705165413347,1)
[1998]: (636.4848720256276,1)
[1999]: (637.6405949237226,1)
 -- States explored : 0 states
 -- CPU user time used : 1344390 ms
 -- Virtual memory used : 124227284 KiB
 -- Resident memory used : 124187104 KiB
executionTime: 9122
