core file size          (blocks, -c) unlimited
data seg size           (kbytes, -d) unlimited
scheduling priority             (-e) 0
file size               (blocks, -f) unlimited
pending signals                 (-i) 4077086
max locked memory       (kbytes, -l) 64
max memory size         (kbytes, -m) 99614720
open files                      (-n) 4096
pipe size            (512 bytes, -p) 8
POSIX message queues     (bytes, -q) 819200
real-time priority              (-r) 0
stack size              (kbytes, -s) 8192
cpu time               (seconds, -t) unlimited
max user processes              (-u) 4077086
virtual memory          (kbytes, -v) 95000000
file locks                      (-x) unlimited
Options for the verification:
  Generating some trace
  Search order is random depth first
  Using conservative space optimisation
  Seed is 1556629774
  State space representation uses minimal constraint systems
  Using HashMap + Compress integers for discrete state storage

Verifying formula 1 at ../queries/SP_300_13_3.q:1
 -- Formula is satisfied.
(9000 runs)
Learning statistics for best strategy: 
	Number of resets: 0
	Number of iterations in last reset: 28
	Number of iterations in total: 28

 -- States explored : 0 states
 -- CPU user time used : 9315530 ms
 -- Virtual memory used : 77462696 KiB
 -- Resident memory used : 77423344 KiB

Verifying formula 2 at ../queries/SP_300_13_3.q:2
 -- Formula is satisfied.
Composer.Done:
[0]: (0,0) (707.2233144542523,1)
[1]: (705.6542895466197,1)
[2]: (707.1531937112853,1)
[3]: (702.4786347030874,1)
[4]: (717.6569816661184,1)
[5]: (704.018178931091,1)
[6]: (717.0332424042658,1)
[7]: (721.58545840185,1)
[8]: (716.0406736741668,1)
[9]: (713.1827441288989,1)
[10]: (701.3987605060283,1)
[11]: (698.6928494785237,1)
[12]: (713.1302777218792,1)
[13]: (708.1165068485238,1)
[14]: (711.0088439295369,1)
[15]: (718.0067118775837,1)
[16]: (710.0455987195872,1)
[17]: (700.0952091426578,1)
[18]: (703.0049761182938,1)
[19]: (717.036813030298,1)
[20]: (699.0343146327466,1)
[21]: (698.4151741233986,1)
[22]: (711.3772230972426,1)
[23]: (710.6970210450132,1)
[24]: (724.2669843727767,1)
[25]: (709.6998539075123,1)
[26]: (704.0780313535314,1)
[27]: (711.3205255162759,1)
[28]: (724.2011829073497,1)
[29]: (708.1513506915275,1)
[30]: (712.196880882628,1)
[31]: (711.0371889140695,1)
[32]: (721.2794040395186,1)
[33]: (720.3961787923442,1)
[34]: (716.07388804334,1)
[35]: (719.5733164406881,1)
[36]: (710.7877858417122,1)
[37]: (706.1067188389914,1)
[38]: (710.0937437058623,1)
[39]: (719.6109917731721,1)
[40]: (689.4572450537331,1)
[41]: (698.0624004120051,1)
[42]: (703.1993888170251,1)
[43]: (711.0515297986985,1)
[44]: (707.5506977259697,1)
[45]: (701.0427375287502,1)
[46]: (706.1333018283924,1)
[47]: (725.035957899517,1)
[48]: (711.9380296301092,1)
[49]: (709.1690269452309,1)
[50]: (712.277664992513,1)
[51]: (694.1164749153875,1)
[52]: (707.0261338414493,1)
[53]: (697.8502245976265,1)
[54]: (698.0123585173012,1)
[55]: (714.3664040126264,1)
[56]: (714.0767056322924,1)
[57]: (710.011326107663,1)
[58]: (703.3057308738335,1)
[59]: (712.0567976251131,1)
[60]: (714.9196050417784,1)
[61]: (707.1355756618037,1)
[62]: (704.0227081087214,1)
[63]: (707.0347413064324,1)
[64]: (707.0914160882746,1)
[65]: (708.2319875687567,1)
[66]: (705.4048326580094,1)
[67]: (715.3435561255833,1)
[68]: (714.5370508635067,1)
[69]: (700.3686695870279,1)
[70]: (707.6469897732974,1)
[71]: (699.3374993431474,1)
[72]: (723.1149066347962,1)
[73]: (707.6312493138676,1)
[74]: (718.6601827775181,1)
[75]: (714.0396429916398,1)
[76]: (728.107719988274,1)
[77]: (727.493568391335,1)
[78]: (702.4304664217514,1)
[79]: (704.1333960103921,1)
[80]: (712.2661473933676,1)
[81]: (702.3234019700627,1)
[82]: (702.4360500117181,1)
[83]: (709.4304685996849,1)
[84]: (709.8088512249359,1)
[85]: (715.7302139349807,1)
[86]: (719.0066123017604,1)
[87]: (699.6936833140035,1)
[88]: (713.0117538369019,1)
[89]: (693.4510234561235,1)
[90]: (709.0589509027978,1)
[91]: (706.4735459046509,1)
[92]: (716.0654625545145,1)
[93]: (703.1973934245638,1)
[94]: (714.1515845982568,1)
[95]: (709.4663973187229,1)
[96]: (702.0049662211298,1)
[97]: (712.5345516878581,1)
[98]: (711.0067893067765,1)
[99]: (706.5306609334111,1)
[100]: (704.3332716057711,1)
[101]: (715.3620099522216,1)
[102]: (713.0940836654621,1)
[103]: (696.1220630432493,1)
[104]: (718.2955456341016,1)
[105]: (704.2488260843397,1)
[106]: (705.0083250725374,1)
[107]: (705.1398018446612,1)
[108]: (717.0400918608524,1)
[109]: (696.2898467266509,1)
[110]: (699.1031216775593,1)
[111]: (703.100437426658,1)
[112]: (704.5679957068699,1)
[113]: (705.1585297119981,1)
[114]: (713.0569084322873,1)
[115]: (709.6978192086567,1)
[116]: (709.660596556909,1)
[117]: (710.1451759033544,1)
[118]: (702.8285368834554,1)
[119]: (729.1454837684025,1)
[120]: (697.0295159404972,1)
[121]: (708.4048754628411,1)
[122]: (708.1900825004482,1)
[123]: (703.7378241123741,1)
[124]: (714.4892466194507,1)
[125]: (701.0507451003273,1)
[126]: (711.2103044248385,1)
[127]: (723.5732055376446,1)
[128]: (708.4025258986285,1)
[129]: (703.1750747393119,1)
[130]: (707.2857978819952,1)
[131]: (720.4796793583062,1)
[132]: (721.2232204708698,1)
[133]: (696.0334755192456,1)
[134]: (726.3704043413154,1)
[135]: (707.4952582292249,1)
[136]: (707.0507410830419,1)
[137]: (708.1242188714969,1)
[138]: (718.0978634353273,1)
[139]: (722.085967985573,1)
[140]: (722.1500025945797,1)
[141]: (704.306857605044,1)
[142]: (707.0068083073644,1)
[143]: (719.0763816295802,1)
[144]: (717.5926897874555,1)
[145]: (709.0117886986621,1)
[146]: (718.204463173836,1)
[147]: (709.129898490011,1)
[148]: (724.2451862336086,1)
[149]: (709.6173186974754,1)
[150]: (703.3289117014242,1)
[151]: (705.1545568508279,1)
[152]: (710.2473222414558,1)
[153]: (723.4553800688544,1)
[154]: (719.7433963883623,1)
[155]: (704.8504579091626,1)
[156]: (713.3159321103769,1)
[157]: (718.294362727999,1)
[158]: (717.1286166700686,1)
[159]: (706.5375857477895,1)
[160]: (712.1172953408948,1)
[161]: (711.3177259945305,1)
[162]: (718.0133889117853,1)
[163]: (708.1171079884069,1)
[164]: (713.2517648624724,1)
[165]: (710.2399892679871,1)
[166]: (712.5239070015874,1)
[167]: (709.8090957371418,1)
[168]: (705.0216831376067,1)
[169]: (705.259240235929,1)
[170]: (702.6405807884777,1)
[171]: (724.2839380848725,1)
[172]: (706.0687698422289,1)
[173]: (712.101141333227,1)
[174]: (697.5860699825569,1)
[175]: (709.171795388705,1)
[176]: (704.1989913796859,1)
[177]: (702.1641622046789,1)
[178]: (694.4202770105367,1)
[179]: (717.7399900094616,1)
[180]: (705.0231979831706,1)
[181]: (707.1250914741381,1)
[182]: (695.0926626471638,1)
[183]: (721.6906570243623,1)
[184]: (698.1213804260439,1)
[185]: (704.3431909062448,1)
[186]: (713.3012042502336,1)
[187]: (705.0826252108178,1)
[188]: (712.3031694294517,1)
[189]: (702.5256910585304,1)
[190]: (694.0695082101984,1)
[191]: (707.1430023429372,1)
[192]: (711.1270872445109,1)
[193]: (724.142401852927,1)
[194]: (703.0097322038291,1)
[195]: (711.2992198275592,1)
[196]: (708.2612543701415,1)
[197]: (711.0785245927506,1)
[198]: (709.4333905432051,1)
[199]: (709.045226287483,1)
[200]: (724.7143913729285,1)
[201]: (708.035553595206,1)
[202]: (713.2727877387533,1)
[203]: (699.1860855636825,1)
[204]: (694.6703570819827,1)
[205]: (709.1756551679712,1)
[206]: (707.0642440058724,1)
[207]: (713.0221892297938,1)
[208]: (702.0071878333922,1)
[209]: (704.0259625731151,1)
[210]: (709.7433850350171,1)
[211]: (701.0061016124162,1)
[212]: (709.6823185997401,1)
[213]: (722.1037133390421,1)
[214]: (706.0419497371926,1)
[215]: (716.059520086996,1)
[216]: (723.1060146199657,1)
[217]: (720.0684781911164,1)
[218]: (722.5668532601236,1)
[219]: (704.6934230750247,1)
[220]: (701.5938479148614,1)
[221]: (704.7265492332406,1)
[222]: (709.025476032998,1)
[223]: (720.1429889041475,1)
[224]: (699.1544524516904,1)
[225]: (712.0979720410887,1)
[226]: (700.2082377620702,1)
[227]: (714.2891648405845,1)
[228]: (717.4151529392129,1)
[229]: (715.161782802739,1)
[230]: (710.2549608780175,1)
[231]: (715.2154606643077,1)
[232]: (701.089195381635,1)
[233]: (710.1166062588078,1)
[234]: (716.4686531343702,1)
[235]: (710.0449403389327,1)
[236]: (713.6880871851955,1)
[237]: (708.7159023041835,1)
[238]: (725.354752158989,1)
[239]: (717.1362185603822,1)
[240]: (704.2532192456945,1)
[241]: (707.2532115633082,1)
[242]: (706.7592155836472,1)
[243]: (708.1511276238948,1)
[244]: (692.1138764902613,1)
[245]: (704.3775105990052,1)
[246]: (731.3724511920872,1)
[247]: (708.1339712439295,1)
[248]: (711.357076404973,1)
[249]: (721.2237506658959,1)
[250]: (704.9960821830654,1)
[251]: (712.3291542127178,1)
[252]: (713.2188798794444,1)
[253]: (719.3475831175302,1)
[254]: (707.1574435546648,1)
[255]: (713.4520163043042,1)
[256]: (708.1471880095517,1)
[257]: (707.281495966909,1)
[258]: (706.0145873414066,1)
[259]: (703.0898670954024,1)
[260]: (706.0233966346585,1)
[261]: (710.5800516246256,1)
[262]: (700.2761687381354,1)
[263]: (711.0767833536281,1)
[264]: (712.7878306020903,1)
[265]: (713.3025933480574,1)
[266]: (712.3777083739564,1)
[267]: (717.0471443014512,1)
[268]: (719.4171322948521,1)
[269]: (705.229814067465,1)
[270]: (709.2969428448099,1)
[271]: (702.4479325717584,1)
[272]: (712.1476586677164,1)
[273]: (722.0298161484283,1)
[274]: (714.0688651681496,1)
[275]: (720.3233612895607,1)
[276]: (700.174001250527,1)
[277]: (707.0284475418738,1)
[278]: (716.1472074161713,1)
[279]: (696.9874503830686,1)
[280]: (711.2820769561993,1)
[281]: (699.2064916123005,1)
[282]: (715.055947178987,1)
[283]: (703.0616760932379,1)
[284]: (709.0383176617313,1)
[285]: (702.2170230062792,1)
[286]: (708.0006402184428,1)
[287]: (700.5295242278294,1)
[288]: (724.1536060425839,1)
[289]: (717.3618107160769,1)
[290]: (711.0279747659697,1)
[291]: (699.3016944171197,1)
[292]: (708.0980157641376,1)
[293]: (704.2738106314017,1)
[294]: (711.0886455249857,1)
[295]: (714.3873798015857,1)
[296]: (702.9919103348627,1)
[297]: (705.0302231173379,1)
[298]: (723.1656251819001,1)
[299]: (719.0039634631419,1)
[300]: (713.6777706151623,1)
[301]: (704.5089708241139,1)
[302]: (718.4168313543115,1)
[303]: (711.1132464278273,1)
[304]: (713.1449013424026,1)
[305]: (705.3291410769443,1)
[306]: (703.2534601787221,1)
[307]: (722.8175305334619,1)
[308]: (706.0380143292075,1)
[309]: (715.2991841882385,1)
[310]: (711.0535212320649,1)
[311]: (698.5774850024118,1)
[312]: (709.8162482487024,1)
[313]: (714.0247745132488,1)
[314]: (707.6272737760119,1)
[315]: (705.1414505067646,1)
[316]: (705.1572587587981,1)
[317]: (705.1158102024555,1)
[318]: (711.1696862623833,1)
[319]: (705.6346953692616,1)
[320]: (714.3811591464272,1)
[321]: (702.3272881497226,1)
[322]: (724.0798636300589,1)
[323]: (701.4176400976055,1)
[324]: (705.1350653293593,1)
[325]: (707.004798452021,1)
[326]: (729.2564482098484,1)
[327]: (717.6417573087487,1)
[328]: (714.0756291398004,1)
[329]: (713.2286483470242,1)
[330]: (723.5356430581385,1)
[331]: (697.3839360203004,1)
[332]: (715.4019076692351,1)
[333]: (703.2058820166581,1)
[334]: (713.3668764283294,1)
[335]: (701.0931244548066,1)
[336]: (707.3075793993736,1)
[337]: (727.6105453519838,1)
[338]: (715.1373077324529,1)
[339]: (702.4828929097993,1)
[340]: (719.1334214583345,1)
[341]: (716.655986866317,1)
[342]: (714.3098123851844,1)
[343]: (712.015984070876,1)
[344]: (708.143081389314,1)
[345]: (694.3210705003629,1)
[346]: (703.7991359041467,1)
[347]: (714.1401070943501,1)
[348]: (721.0274682810708,1)
[349]: (701.3127774069018,1)
[350]: (708.4050868615864,1)
[351]: (703.2040311652353,1)
[352]: (712.4547385699169,1)
[353]: (698.4657874136808,1)
[354]: (704.2820709006595,1)
[355]: (705.2271293681729,1)
[356]: (715.2314708695005,1)
[357]: (716.0214605799713,1)
[358]: (711.3998426954759,1)
[359]: (704.3990357614653,1)
[360]: (721.5626877422669,1)
[361]: (708.6702689872313,1)
[362]: (716.448251681971,1)
[363]: (717.0224414093061,1)
[364]: (713.0329994551067,1)
[365]: (708.2240148066199,1)
[366]: (725.4113706949897,1)
[367]: (703.0238034625114,1)
[368]: (709.4693489283381,1)
[369]: (715.1519866586129,1)
[370]: (718.0000079806561,1)
[371]: (713.1523643311795,1)
[372]: (703.5335113875533,1)
[373]: (714.6446178716166,1)
[374]: (705.0053996736069,1)
[375]: (713.0405685820506,1)
[376]: (704.0837005210029,1)
[377]: (711.0133149479298,1)
[378]: (722.1165766644574,1)
[379]: (708.0953059606941,1)
[380]: (704.3345865542223,1)
[381]: (717.4118254373457,1)
[382]: (723.0423979056549,1)
[383]: (711.1476545558048,1)
[384]: (710.1465175310702,1)
[385]: (707.0402513868632,1)
[386]: (694.3904427735512,1)
[387]: (712.0878279254719,1)
[388]: (711.321343820057,1)
[389]: (699.1951057282556,1)
[390]: (704.1985147351427,1)
[391]: (720.187821469475,1)
[392]: (712.6098309281393,1)
[393]: (707.0227602705523,1)
[394]: (716.7729548090671,1)
[395]: (708.9757095294689,1)
[396]: (707.2381786394551,1)
[397]: (699.2326050654026,1)
[398]: (698.1120772008285,1)
[399]: (715.074522694445,1)
[400]: (707.1002775082529,1)
[401]: (717.2479569416967,1)
[402]: (721.2685167793575,1)
[403]: (707.2794915124966,1)
[404]: (701.061563157461,1)
[405]: (703.8389440277003,1)
[406]: (708.8165349011618,1)
[407]: (709.3254120771627,1)
[408]: (719.1204790008337,1)
[409]: (724.7412592396852,1)
[410]: (709.0312032421812,1)
[411]: (711.0021244339267,1)
[412]: (708.425601026846,1)
[413]: (703.098845081312,1)
[414]: (704.1346483846092,1)
[415]: (710.9336033929917,1)
[416]: (704.0506455577827,1)
[417]: (705.2089400875969,1)
[418]: (712.1579733262513,1)
[419]: (695.2369760308846,1)
[420]: (710.1566165930642,1)
[421]: (699.9915970893159,1)
[422]: (701.3027148639287,1)
[423]: (708.063049475081,1)
[424]: (706.7251760873683,1)
[425]: (710.1655896098596,1)
[426]: (718.2228275518984,1)
[427]: (698.7795345741213,1)
[428]: (708.0767076808571,1)
[429]: (719.200633140693,1)
[430]: (712.1913879964656,1)
[431]: (707.0272165589308,1)
[432]: (707.1860830551474,1)
[433]: (714.7129314079036,1)
[434]: (702.5287021201473,1)
[435]: (707.0136978650353,1)
[436]: (730.0238846129662,1)
[437]: (705.1725616411188,1)
[438]: (714.1991452843137,1)
[439]: (703.4227576109182,1)
[440]: (707.4123978114994,1)
[441]: (721.5284242236477,1)
[442]: (710.191386238112,1)
[443]: (699.5850135288632,1)
[444]: (717.4597002766913,1)
[445]: (713.8463850909473,1)
[446]: (720.0823022131879,1)
[447]: (723.7232095297285,1)
[448]: (704.0773087595659,1)
[449]: (697.0500350137298,1)
[450]: (708.1844244448713,1)
[451]: (710.0617340763591,1)
[452]: (704.073824765191,1)
[453]: (704.1223118356334,1)
[454]: (698.7496045696302,1)
[455]: (713.4402006476976,1)
[456]: (721.0787796925391,1)
[457]: (702.112247229588,1)
[458]: (711.0365724380367,1)
[459]: (692.7971598527605,1)
[460]: (699.1852267293543,1)
[461]: (707.2922715571108,1)
[462]: (711.3650991975965,1)
[463]: (713.0411639293091,1)
[464]: (704.2139190007649,1)
[465]: (707.1096540223912,1)
[466]: (731.1790016827902,1)
[467]: (723.307839844722,1)
[468]: (708.0060814513666,1)
[469]: (699.6983918932229,1)
[470]: (713.2425189333433,1)
[471]: (703.6317968949851,1)
[472]: (709.1066378427713,1)
[473]: (698.2917256281104,1)
[474]: (707.254332771125,1)
[475]: (701.0530554014591,1)
[476]: (709.2130169750243,1)
[477]: (711.1446222275738,1)
[478]: (702.0674054025942,1)
[479]: (697.0402115454592,1)
[480]: (720.7960650816483,1)
[481]: (730.2035868923808,1)
[482]: (699.1125039673204,1)
[483]: (717.0835971602984,1)
[484]: (720.0850000475125,1)
[485]: (715.1201252209969,1)
[486]: (699.3490962474197,1)
[487]: (705.2039470661537,1)
[488]: (719.7005937558979,1)
[489]: (707.0024975111289,1)
[490]: (702.0102266957623,1)
[491]: (716.6305114864035,1)
[492]: (720.5638207454214,1)
[493]: (703.0438365449569,1)
[494]: (713.4363495388612,1)
[495]: (711.1353410377085,1)
[496]: (713.0235713070006,1)
[497]: (709.3914117385732,1)
[498]: (711.1390805771252,1)
[499]: (707.4575868628793,1)
[500]: (714.708638987995,1)
[501]: (700.1177070840332,1)
[502]: (708.228251670141,1)
[503]: (709.4409345525875,1)
[504]: (716.0232658076861,1)
[505]: (706.1818444881402,1)
[506]: (722.0354490083089,1)
[507]: (706.0754252457567,1)
[508]: (703.1175892368144,1)
[509]: (715.0437835017539,1)
[510]: (712.0133302611525,1)
[511]: (712.5372225677477,1)
[512]: (710.8197972106361,1)
[513]: (715.0450804195593,1)
[514]: (710.0564084072031,1)
[515]: (710.0088708901023,1)
[516]: (697.3515600125058,1)
[517]: (703.2025189954711,1)
[518]: (720.0663449778353,1)
[519]: (713.6470305485273,1)
[520]: (720.2304376018461,1)
[521]: (721.1419600725933,1)
[522]: (707.2738221817626,1)
[523]: (711.0647052072072,1)
[524]: (702.0982504253681,1)
[525]: (717.5487765667074,1)
[526]: (697.0683370897297,1)
[527]: (718.9912921650716,1)
[528]: (715.4694025442494,1)
[529]: (711.05634892888,1)
[530]: (712.1678638348025,1)
[531]: (706.5996107697596,1)
[532]: (714.092041490003,1)
[533]: (711.2688389158754,1)
[534]: (703.062870184482,1)
[535]: (709.6361428442286,1)
[536]: (707.1073052989217,1)
[537]: (717.1751348044579,1)
[538]: (703.0152721611784,1)
[539]: (710.0395640574883,1)
[540]: (700.0543884852626,1)
[541]: (715.9009826915728,1)
[542]: (711.1230148515566,1)
[543]: (714.1790668904542,1)
[544]: (707.0020643099356,1)
[545]: (723.0219656595705,1)
[546]: (705.0246434418369,1)
[547]: (706.3859820441862,1)
[548]: (711.0536248297539,1)
[549]: (708.2597684013546,1)
[550]: (717.0461606616027,1)
[551]: (703.0100081607261,1)
[552]: (711.3127734499312,1)
[553]: (710.2326974571124,1)
[554]: (718.9323738945469,1)
[555]: (727.0341115040776,1)
[556]: (715.0304997710148,1)
[557]: (709.11753856473,1)
[558]: (710.0518527957739,1)
[559]: (703.8874817486654,1)
[560]: (699.0827004262065,1)
[561]: (697.045250980126,1)
[562]: (719.4519517821483,1)
[563]: (713.06282338943,1)
[564]: (732.4137312702209,1)
[565]: (703.1017216436962,1)
[566]: (701.1707725682362,1)
[567]: (701.061177717868,1)
[568]: (698.0424188890989,1)
[569]: (706.3056749655502,1)
[570]: (708.0418409313894,1)
[571]: (703.4565826569174,1)
[572]: (698.0015762886803,1)
[573]: (700.0612619720614,1)
[574]: (704.5091578770758,1)
[575]: (717.0128398477356,1)
[576]: (714.1175449489527,1)
[577]: (717.2206955785465,1)
[578]: (712.1119117609292,1)
[579]: (706.0877945745319,1)
[580]: (722.6723631396393,1)
[581]: (714.2331953556445,1)
[582]: (708.0973463410629,1)
[583]: (708.0406081256197,1)
[584]: (713.1259631155117,1)
[585]: (716.0501726178967,1)
[586]: (723.2749971716848,1)
[587]: (713.8530589560834,1)
[588]: (708.1605615235729,1)
[589]: (720.233366008977,1)
[590]: (706.0496034753431,1)
[591]: (719.900017619133,1)
[592]: (704.1845113563614,1)
[593]: (723.0999657245728,1)
[594]: (720.0182564900942,1)
[595]: (704.2875449925843,1)
[596]: (725.2648684863342,1)
[597]: (699.0666106477097,1)
[598]: (700.5891326941215,1)
[599]: (701.0844071063322,1)
[600]: (713.2515311357856,1)
[601]: (701.0487615539106,1)
[602]: (713.5942361234793,1)
[603]: (723.2055845669407,1)
[604]: (704.1693147562617,1)
[605]: (723.1056530952051,1)
[606]: (706.1512582138325,1)
[607]: (713.9857985465397,1)
[608]: (703.088537776532,1)
[609]: (722.5802139180588,1)
[610]: (702.1460875652313,1)
[611]: (711.023451068775,1)
[612]: (719.0353100490424,1)
[613]: (716.4104550018948,1)
[614]: (716.1074943018547,1)
[615]: (714.4051058963842,1)
[616]: (713.1599390295598,1)
[617]: (720.6975537216639,1)
[618]: (711.4789503701533,1)
[619]: (705.3292701374049,1)
[620]: (705.2683800796389,1)
[621]: (708.0679053672606,1)
[622]: (726.4950282758483,1)
[623]: (720.0762233453324,1)
[624]: (690.7076602491751,1)
[625]: (704.2838103423785,1)
[626]: (698.2233811105025,1)
[627]: (708.2052296290165,1)
[628]: (710.0416487323922,1)
[629]: (718.3880493781,1)
[630]: (706.1336406324549,1)
[631]: (706.2734274924727,1)
[632]: (713.7674016729699,1)
[633]: (695.1296536432719,1)
[634]: (719.3280352416624,1)
[635]: (715.9130525925212,1)
[636]: (710.0287630806591,1)
[637]: (713.1686160217647,1)
[638]: (710.0445832351007,1)
[639]: (712.0128903988693,1)
[640]: (697.0148806733245,1)
[641]: (715.1633812631449,1)
[642]: (703.5619889449672,1)
[643]: (713.2160434709216,1)
[644]: (709.2599663871245,1)
[645]: (712.0381524680961,1)
[646]: (700.4972260873324,1)
[647]: (717.0836097569083,1)
[648]: (699.0152446172249,1)
[649]: (701.3240428037316,1)
[650]: (699.2441654701539,1)
[651]: (708.5653556367669,1)
[652]: (712.1516416333053,1)
[653]: (710.2323577726013,1)
[654]: (704.2078643181247,1)
[655]: (700.5438198977249,1)
[656]: (717.187682628027,1)
[657]: (696.3188911984184,1)
[658]: (719.0657714377986,1)
[659]: (720.2792125162358,1)
[660]: (713.2208865370003,1)
[661]: (705.0018162055267,1)
[662]: (721.1227220026506,1)
[663]: (703.0203959422329,1)
[664]: (709.1096539081447,1)
[665]: (722.0898165167126,1)
[666]: (708.1110506177964,1)
[667]: (707.4864378649531,1)
[668]: (714.3824322940812,1)
[669]: (723.2062008428708,1)
[670]: (709.6041787118456,1)
[671]: (710.708753271557,1)
[672]: (720.0487423157657,1)
[673]: (707.1677350298405,1)
[674]: (717.0089767476472,1)
[675]: (710.008148890253,1)
[676]: (702.1547221986373,1)
[677]: (719.3076455811954,1)
[678]: (718.021014534698,1)
[679]: (713.0383534093025,1)
[680]: (713.1540550066209,1)
[681]: (713.2918878846368,1)
[682]: (710.2813343663826,1)
[683]: (703.0772760855585,1)
[684]: (722.0685760040888,1)
[685]: (713.4086097356924,1)
[686]: (704.1762124476619,1)
[687]: (704.4453654849818,1)
[688]: (702.1609124377654,1)
[689]: (705.0785991951805,1)
[690]: (707.7494276778241,1)
[691]: (724.7488018427063,1)
[692]: (710.2691892465409,1)
[693]: (706.0598092304683,1)
[694]: (716.3151690271789,1)
[695]: (706.2645905312049,1)
[696]: (706.2142007909501,1)
[697]: (722.3132693217516,1)
[698]: (708.0865179460261,1)
[699]: (709.6761099582008,1)
[700]: (701.2335808623694,1)
[701]: (710.1030013744827,1)
[702]: (717.095684963988,1)
[703]: (703.0234046532707,1)
[704]: (698.5136048055317,1)
[705]: (719.5185425289429,1)
[706]: (706.1710674337839,1)
[707]: (714.7292159374072,1)
[708]: (716.8104290616109,1)
[709]: (711.0049071032865,1)
[710]: (698.0877299679332,1)
[711]: (713.1457614784235,1)
[712]: (712.7256193702815,1)
[713]: (728.0193714036578,1)
[714]: (722.0378244727067,1)
[715]: (694.0192767668946,1)
[716]: (727.1229089893375,1)
[717]: (700.2149747733924,1)
[718]: (710.0206080240456,1)
[719]: (725.0724191570595,1)
[720]: (707.1938880425043,1)
[721]: (722.0542452871915,1)
[722]: (700.5519790836175,1)
[723]: (710.2918946582612,1)
[724]: (714.4243618386841,1)
[725]: (705.1450347211148,1)
[726]: (716.3029128954453,1)
[727]: (710.1964161796046,1)
[728]: (699.1303009034805,1)
[729]: (706.2477019969299,1)
[730]: (725.1275024565483,1)
[731]: (710.4019558282333,1)
[732]: (716.0128985935958,1)
[733]: (716.3795510072887,1)
[734]: (705.0471798788839,1)
[735]: (700.0590004706605,1)
[736]: (713.400582874467,1)
[737]: (715.225839107888,1)
[738]: (706.0848896221033,1)
[739]: (721.4643706736495,1)
[740]: (711.0081116002748,1)
[741]: (715.1650002847655,1)
[742]: (708.1523058012427,1)
[743]: (709.2776885015937,1)
[744]: (709.4477609078915,1)
[745]: (707.2236152275664,1)
[746]: (722.0808089115283,1)
[747]: (691.2420658767833,1)
[748]: (718.5983392696292,1)
[749]: (715.9721497746526,1)
[750]: (708.1151313263833,1)
[751]: (724.293894333714,1)
[752]: (718.0515773175676,1)
[753]: (706.6896836277294,1)
[754]: (708.0931996263467,1)
[755]: (719.0778805056663,1)
[756]: (688.2337432012055,1)
[757]: (710.4910726350037,1)
[758]: (701.2560226368943,1)
[759]: (716.2520365855758,1)
[760]: (727.4779544360047,1)
[761]: (704.2854210720211,1)
[762]: (714.4460594872271,1)
[763]: (694.0678018008616,1)
[764]: (712.3115505361691,1)
[765]: (695.1112460131131,1)
[766]: (718.5587016588804,1)
[767]: (707.163214433047,1)
[768]: (712.3153103236372,1)
[769]: (714.0383396223241,1)
[770]: (719.9726946110194,1)
[771]: (717.1019231879629,1)
[772]: (709.2060801518858,1)
[773]: (719.1454010742558,1)
[774]: (716.7263676630837,1)
[775]: (703.4614497984919,1)
[776]: (715.1681844879411,1)
[777]: (705.0305963740299,1)
[778]: (718.9783094097822,1)
[779]: (712.659671607471,1)
[780]: (699.0066459334915,1)
[781]: (703.0542880768153,1)
[782]: (712.0961989631683,1)
[783]: (709.5885050907569,1)
[784]: (714.3805888143003,1)
[785]: (717.0519710884881,1)
[786]: (706.0681142484715,1)
[787]: (715.141408246572,1)
[788]: (714.3347404541372,1)
[789]: (713.0919324692309,1)
[790]: (718.9193228853683,1)
[791]: (713.2334502651605,1)
[792]: (704.078828101122,1)
[793]: (707.0779678186191,1)
[794]: (699.0452779059952,1)
[795]: (706.021571164413,1)
[796]: (706.1127982820997,1)
[797]: (695.0716786419772,1)
[798]: (708.0090312411186,1)
[799]: (716.0334875603832,1)
[800]: (715.3788522070927,1)
[801]: (715.0680841670276,1)
[802]: (695.5473600525258,1)
[803]: (729.1269979729038,1)
[804]: (715.4962436285638,1)
[805]: (720.3141588243374,1)
[806]: (708.441831497375,1)
[807]: (728.0165785539943,1)
[808]: (693.0303555845168,1)
[809]: (701.378916221886,1)
[810]: (700.409243436044,1)
[811]: (706.4450019455554,1)
[812]: (710.8562694992271,1)
[813]: (712.212253572703,1)
[814]: (706.6000642279949,1)
[815]: (710.1940571242327,1)
[816]: (715.2651314992046,1)
[817]: (704.2513019608552,1)
[818]: (703.1285669068351,1)
[819]: (704.7948889959808,1)
[820]: (709.9827244383272,1)
[821]: (714.4621677765222,1)
[822]: (714.2871830828879,1)
[823]: (718.0088305800249,1)
[824]: (705.2118922130041,1)
[825]: (705.3015812364982,1)
[826]: (706.2712057824683,1)
[827]: (707.0861282319725,1)
[828]: (715.1496111682345,1)
[829]: (704.0467603805272,1)
[830]: (705.4475139131282,1)
[831]: (712.1532172097648,1)
[832]: (720.6420075548423,1)
[833]: (715.2153451274304,1)
[834]: (717.1050317001782,1)
[835]: (713.1408435396989,1)
[836]: (715.1676058557757,1)
[837]: (707.3664590236882,1)
[838]: (708.0838695460745,1)
[839]: (700.1268372551928,1)
[840]: (721.4170119680371,1)
[841]: (708.0598856757418,1)
[842]: (701.0327550063812,1)
[843]: (697.3028570394986,1)
[844]: (709.0315095203364,1)
[845]: (723.2967011674265,1)
[846]: (697.0174523094636,1)
[847]: (691.1185196421195,1)
[848]: (695.2032102222302,1)
[849]: (701.194127430491,1)
[850]: (720.622257359421,1)
[851]: (696.3493611523354,1)
[852]: (720.4180499891188,1)
[853]: (715.6078996919721,1)
[854]: (709.1245708458231,1)
[855]: (717.5175323881296,1)
[856]: (705.1143670802377,1)
[857]: (710.0089006600501,1)
[858]: (707.2922630484981,1)
[859]: (710.0378331158433,1)
[860]: (711.0337453317493,1)
[861]: (716.1646311766352,1)
[862]: (701.3209378337829,1)
[863]: (702.7836318244842,1)
[864]: (704.6139054490627,1)
[865]: (719.7013359172785,1)
[866]: (701.3989099832683,1)
[867]: (709.0746124436914,1)
[868]: (712.4113410968488,1)
[869]: (711.0973244778237,1)
[870]: (717.1144728038707,1)
[871]: (705.3771381900737,1)
[872]: (699.559036184727,1)
[873]: (709.0606683245323,1)
[874]: (703.4001626668473,1)
[875]: (706.34637000126,1)
[876]: (724.0391703083915,1)
[877]: (713.4743898191989,1)
[878]: (719.1830315909128,1)
[879]: (711.5220827023718,1)
[880]: (704.0168367486086,1)
[881]: (705.4157544223452,1)
[882]: (724.0710146669405,1)
[883]: (706.0968457641372,1)
[884]: (709.1923700060477,1)
[885]: (714.2908783695189,1)
[886]: (698.0281464418034,1)
[887]: (705.1808261360621,1)
[888]: (719.1097215449691,1)
[889]: (710.4213331536646,1)
[890]: (708.2286464385224,1)
[891]: (691.6859454451333,1)
[892]: (711.1756125913297,1)
[893]: (707.8065442306955,1)
[894]: (711.0297649584448,1)
[895]: (712.1117433835678,1)
[896]: (712.0813405198228,1)
[897]: (708.4800847849209,1)
[898]: (704.2897735350253,1)
[899]: (711.2193775429528,1)
[900]: (711.257453386479,1)
[901]: (705.1655382590926,1)
[902]: (695.2079265722615,1)
[903]: (707.2665901651729,1)
[904]: (699.2161168709395,1)
[905]: (728.0381685517477,1)
[906]: (707.0417842499104,1)
[907]: (710.0455234943037,1)
[908]: (702.2722044172706,1)
[909]: (710.0856605564508,1)
[910]: (701.6403650908255,1)
[911]: (715.03147173601,1)
[912]: (716.5429005986554,1)
[913]: (709.1907647702303,1)
[914]: (710.2142289566145,1)
[915]: (704.0960994671714,1)
[916]: (709.2381724167541,1)
[917]: (705.1787569968687,1)
[918]: (713.2325155192951,1)
[919]: (706.3299012923488,1)
[920]: (695.0793425243484,1)
[921]: (726.2831096518879,1)
[922]: (702.1907288248735,1)
[923]: (720.0852314323259,1)
[924]: (715.4573234437044,1)
[925]: (723.4656480413413,1)
[926]: (716.0239556706293,1)
[927]: (724.0274035891721,1)
[928]: (720.8651794903345,1)
[929]: (708.0910695070498,1)
[930]: (719.0104057749294,1)
[931]: (699.6063371141319,1)
[932]: (713.5585622570223,1)
[933]: (707.0432954946385,1)
[934]: (695.3405611179145,1)
[935]: (710.4103314069813,1)
[936]: (728.1352339401514,1)
[937]: (715.0414219596476,1)
[938]: (705.1781257891198,1)
[939]: (730.851775646991,1)
[940]: (719.4878088463721,1)
[941]: (716.1431657518202,1)
[942]: (706.4802577410576,1)
[943]: (715.3789541601137,1)
[944]: (716.1013875539986,1)
[945]: (715.3737435309793,1)
[946]: (704.0097167167756,1)
[947]: (713.499368617923,1)
[948]: (707.256767260894,1)
[949]: (714.5197788598874,1)
[950]: (720.0460450524756,1)
[951]: (705.0205433999237,1)
[952]: (707.1796318002847,1)
[953]: (711.3614871440226,1)
[954]: (708.2248273224268,1)
[955]: (719.8409482844651,1)
[956]: (710.2010274238463,1)
[957]: (725.0676902194405,1)
[958]: (706.3473435259725,1)
[959]: (704.6351002955273,1)
[960]: (712.1428398055907,1)
[961]: (718.1321521006643,1)
[962]: (721.002084752069,1)
[963]: (709.523139685468,1)
[964]: (716.2649773416538,1)
[965]: (696.0317457797827,1)
[966]: (699.0046242310938,1)
[967]: (707.3759282279896,1)
[968]: (696.1594535350908,1)
[969]: (713.3197307767485,1)
[970]: (721.0114691385924,1)
[971]: (703.1112453917727,1)
[972]: (697.4901904897043,1)
[973]: (717.1906263513961,1)
[974]: (717.0371473069407,1)
[975]: (707.4856980468414,1)
[976]: (709.5129817915677,1)
[977]: (712.0860720436393,1)
[978]: (715.3563599999517,1)
[979]: (713.4421648797171,1)
[980]: (703.0497489247244,1)
[981]: (723.0281145873404,1)
[982]: (708.1246070063734,1)
[983]: (702.0844877646124,1)
[984]: (695.1334143679117,1)
[985]: (706.004634842932,1)
[986]: (694.0989548950871,1)
[987]: (705.2603119906407,1)
[988]: (700.1335608237699,1)
[989]: (705.4690286951985,1)
[990]: (706.6221855058448,1)
[991]: (706.312958120697,1)
[992]: (717.1858447214257,1)
[993]: (699.8682228946974,1)
[994]: (708.1501140618748,1)
[995]: (716.2245615973728,1)
[996]: (711.0147830729449,1)
[997]: (712.0774902546273,1)
[998]: (696.2334523006401,1)
[999]: (698.8099917769935,1)
[1000]: (695.4630133544975,1)
[1001]: (717.2934785691688,1)
[1002]: (708.9372877284543,1)
[1003]: (708.1246282412623,1)
[1004]: (709.2978798524119,1)
[1005]: (710.0183867947179,1)
[1006]: (689.0235472788024,1)
[1007]: (713.3833090631846,1)
[1008]: (721.3573693803022,1)
[1009]: (702.5840224273869,1)
[1010]: (703.94273430054,1)
[1011]: (709.3625274042178,1)
[1012]: (710.6359211764259,1)
[1013]: (700.6954910083501,1)
[1014]: (707.3091749968949,1)
[1015]: (695.1123454380308,1)
[1016]: (709.4110469212184,1)
[1017]: (701.320489477354,1)
[1018]: (714.0220429480219,1)
[1019]: (716.0044408710368,1)
[1020]: (725.5465114694813,1)
[1021]: (708.2664181194848,1)
[1022]: (721.1470861269427,1)
[1023]: (710.0686716561555,1)
[1024]: (694.4013899090349,1)
[1025]: (720.1802781691513,1)
[1026]: (702.4158094712699,1)
[1027]: (699.2297991672979,1)
[1028]: (719.0650998444888,1)
[1029]: (718.2829526618282,1)
[1030]: (695.2323278830174,1)
[1031]: (712.4108688952117,1)
[1032]: (708.0794122830833,1)
[1033]: (706.6061742631177,1)
[1034]: (708.0762458413128,1)
[1035]: (713.5427498257143,1)
[1036]: (708.1313753121868,1)
[1037]: (716.0323264350961,1)
[1038]: (705.0039732504654,1)
[1039]: (694.3406317424503,1)
[1040]: (694.1661105230268,1)
[1041]: (706.3174662040541,1)
[1042]: (709.2958507050649,1)
[1043]: (703.0712253131943,1)
[1044]: (715.2863872434655,1)
[1045]: (705.2250950619151,1)
[1046]: (701.0914454266772,1)
[1047]: (704.147452315448,1)
[1048]: (717.1371090648018,1)
[1049]: (706.2141011889083,1)
[1050]: (721.0660732283387,1)
[1051]: (713.4961704957745,1)
[1052]: (738.2218616347812,1)
[1053]: (705.1066877338411,1)
[1054]: (705.04816663037,1)
[1055]: (711.5468693782443,1)
[1056]: (713.0306541016421,1)
[1057]: (721.294224762702,1)
[1058]: (707.6806411427826,1)
[1059]: (710.1129581574754,1)
[1060]: (700.005378236411,1)
[1061]: (711.1070468433355,1)
[1062]: (712.5635066029172,1)
[1063]: (712.9959001884142,1)
[1064]: (716.1423611397297,1)
[1065]: (707.0825062900406,1)
[1066]: (702.1405678976215,1)
[1067]: (716.0014297123386,1)
[1068]: (705.1877946964966,1)
[1069]: (708.1295627147387,1)
[1070]: (712.4443934803319,1)
[1071]: (703.7848645851936,1)
[1072]: (703.0738988295274,1)
[1073]: (722.0332682434234,1)
[1074]: (709.0720081761908,1)
[1075]: (704.6377863271432,1)
[1076]: (718.027586686725,1)
[1077]: (722.0390406462167,1)
[1078]: (708.0029772681636,1)
[1079]: (710.3075600377599,1)
[1080]: (716.0288866088754,1)
[1081]: (715.1467318312189,1)
[1082]: (719.1556991070166,1)
[1083]: (705.0451715405264,1)
[1084]: (695.0739435232158,1)
[1085]: (707.2476771458564,1)
[1086]: (714.0445267843229,1)
[1087]: (715.309467299838,1)
[1088]: (704.1458826841673,1)
[1089]: (707.316593757414,1)
[1090]: (703.0769523128043,1)
[1091]: (713.1008960543542,1)
[1092]: (714.2438399768035,1)
[1093]: (706.0359044174647,1)
[1094]: (710.0284179689023,1)
[1095]: (706.1695618675635,1)
[1096]: (718.2066798590181,1)
[1097]: (729.1354223104272,1)
[1098]: (716.0244347628989,1)
[1099]: (714.1205608750564,1)
[1100]: (712.1615528652733,1)
[1101]: (702.048434568942,1)
[1102]: (705.8969086597078,1)
[1103]: (708.090239969133,1)
[1104]: (711.1969083026897,1)
[1105]: (712.5818340432608,1)
[1106]: (711.180203582363,1)
[1107]: (710.0803273891142,1)
[1108]: (707.7533184325862,1)
[1109]: (720.3994892082501,1)
[1110]: (708.2215765285429,1)
[1111]: (716.1652750533694,1)
[1112]: (718.0585027184528,1)
[1113]: (707.021772599766,1)
[1114]: (709.3204847169958,1)
[1115]: (710.0345832196469,1)
[1116]: (719.6225638217612,1)
[1117]: (701.0796013627727,1)
[1118]: (704.5573950606596,1)
[1119]: (702.15094323454,1)
[1120]: (710.0392529960549,1)
[1121]: (709.8562631774602,1)
[1122]: (698.8242667025081,1)
[1123]: (699.0611417216388,1)
[1124]: (710.5755756068437,1)
[1125]: (712.0297925485941,1)
[1126]: (707.1815052455257,1)
[1127]: (721.2431074635174,1)
[1128]: (704.0883354623173,1)
[1129]: (705.1298546262525,1)
[1130]: (715.1078457988727,1)
[1131]: (711.0845704496433,1)
[1132]: (721.6854144296584,1)
[1133]: (718.1565702685065,1)
[1134]: (716.1260515113898,1)
[1135]: (719.0845066327616,1)
[1136]: (700.9741316758951,1)
[1137]: (701.8664405822698,1)
[1138]: (707.2948890911637,1)
[1139]: (710.1892584538592,1)
[1140]: (703.1763183176747,1)
[1141]: (698.3921443957616,1)
[1142]: (721.2784320666176,1)
[1143]: (713.1559385530906,1)
[1144]: (700.0374907662838,1)
[1145]: (701.3395519059966,1)
[1146]: (711.2617788439786,1)
[1147]: (724.1568174497469,1)
[1148]: (712.013588584889,1)
[1149]: (698.6277709439566,1)
[1150]: (711.1344451053892,1)
[1151]: (703.5066870310355,1)
[1152]: (724.2696875426554,1)
[1153]: (719.0495407939111,1)
[1154]: (711.170295278734,1)
[1155]: (701.1978224326659,1)
[1156]: (700.0427839847707,1)
[1157]: (704.5547443644739,1)
[1158]: (713.3573842918344,1)
[1159]: (699.002220751872,1)
[1160]: (706.0825381060686,1)
[1161]: (709.5711991641673,1)
[1162]: (723.1796500881034,1)
[1163]: (718.737998465735,1)
[1164]: (713.6602490591594,1)
[1165]: (713.1688749818801,1)
[1166]: (700.8769294604792,1)
[1167]: (736.7340397471276,1)
[1168]: (724.0507822764472,1)
[1169]: (711.2513703622864,1)
[1170]: (698.5389929037809,1)
[1171]: (709.7857592272775,1)
[1172]: (710.7881892233577,1)
[1173]: (707.0345451108299,1)
[1174]: (702.6673689235471,1)
[1175]: (705.0503231121633,1)
[1176]: (712.0280486743862,1)
[1177]: (707.139971037302,1)
[1178]: (703.4951547708033,1)
[1179]: (718.1646670760332,1)
[1180]: (703.0871330765771,1)
[1181]: (709.249821248228,1)
[1182]: (708.2212077820102,1)
[1183]: (706.0897979901337,1)
[1184]: (711.0864281754681,1)
[1185]: (707.1904721454191,1)
[1186]: (714.1040862112153,1)
[1187]: (710.215547346787,1)
[1188]: (707.2010644432886,1)
[1189]: (698.2522150947674,1)
[1190]: (720.0120006926279,1)
[1191]: (722.3905123334075,1)
[1192]: (707.0442667438698,1)
[1193]: (701.2002400617973,1)
[1194]: (693.5086617198749,1)
[1195]: (710.027781956799,1)
[1196]: (714.1714997024387,1)
[1197]: (715.0689116028674,1)
[1198]: (721.1803023363706,1)
[1199]: (724.959730907399,1)
[1200]: (713.189229779668,1)
[1201]: (716.5700900132016,1)
[1202]: (723.3100590064666,1)
[1203]: (720.341108441219,1)
[1204]: (716.2031796858073,1)
[1205]: (717.1312032624257,1)
[1206]: (722.8590874299806,1)
[1207]: (700.2128362966131,1)
[1208]: (717.0543048409077,1)
[1209]: (707.1834437178047,1)
[1210]: (709.1170450422488,1)
[1211]: (710.2135596667513,1)
[1212]: (714.0594979572681,1)
[1213]: (713.9609903662741,1)
[1214]: (710.6065518887995,1)
[1215]: (697.7464562655152,1)
[1216]: (706.5931975110444,1)
[1217]: (699.157457798734,1)
[1218]: (705.1168619518206,1)
[1219]: (718.1927569829733,1)
[1220]: (714.2516873958987,1)
[1221]: (704.3672943545869,1)
[1222]: (699.0121805022176,1)
[1223]: (709.2369389360921,1)
[1224]: (714.1554058174897,1)
[1225]: (702.248849833438,1)
[1226]: (710.2833597420953,1)
[1227]: (715.0245549705397,1)
[1228]: (708.1961809220641,1)
[1229]: (705.0039131802072,1)
[1230]: (704.0013715599695,1)
[1231]: (714.1347806148303,1)
[1232]: (714.0981706788896,1)
[1233]: (725.1311533815265,1)
[1234]: (703.2411506767871,1)
[1235]: (721.7613220460012,1)
[1236]: (721.1342640874401,1)
[1237]: (705.0928981413908,1)
[1238]: (696.0794611753299,1)
[1239]: (714.2090279151506,1)
[1240]: (697.1722956334381,1)
[1241]: (716.0625653022682,1)
[1242]: (718.2184347150188,1)
[1243]: (698.1244279384498,1)
[1244]: (709.0491293757905,1)
[1245]: (703.1900127975871,1)
[1246]: (707.1977245762448,1)
[1247]: (702.4498415502749,1)
[1248]: (707.7567715574955,1)
[1249]: (717.1589516547656,1)
[1250]: (702.5594628238695,1)
[1251]: (705.109985024798,1)
[1252]: (713.5249883073773,1)
[1253]: (728.3219824583144,1)
[1254]: (707.420990571849,1)
[1255]: (711.3796965881081,1)
[1256]: (717.1129022881038,1)
[1257]: (703.4034253607532,1)
[1258]: (710.3212767347584,1)
[1259]: (720.7919278688096,1)
[1260]: (698.4593578673038,1)
[1261]: (717.3780301177591,1)
[1262]: (708.3011204707393,1)
[1263]: (707.1404948064755,1)
[1264]: (698.0034687808194,1)
[1265]: (718.7091650772262,1)
[1266]: (723.0709287041508,1)
[1267]: (729.8903826239014,1)
[1268]: (716.8012683390316,1)
[1269]: (713.9561079494332,1)
[1270]: (701.1024252218597,1)
[1271]: (713.6448915043892,1)
[1272]: (708.1203933841832,1)
[1273]: (703.0234380441067,1)
[1274]: (708.6150124062175,1)
[1275]: (722.1719350121685,1)
[1276]: (711.059534325736,1)
[1277]: (712.2373932243864,1)
[1278]: (705.8694572641014,1)
[1279]: (709.5295497312908,1)
[1280]: (722.3946212922193,1)
[1281]: (707.5723535046779,1)
[1282]: (716.5024463017273,1)
[1283]: (711.3471540660695,1)
[1284]: (702.1382649475586,1)
[1285]: (712.2702133511299,1)
[1286]: (701.104865280442,1)
[1287]: (704.0545226446034,1)
[1288]: (710.0496243676735,1)
[1289]: (707.5780650408093,1)
[1290]: (712.0316577728303,1)
[1291]: (726.5762181036079,1)
[1292]: (699.7134267218388,1)
[1293]: (706.1205945722494,1)
[1294]: (717.1597717163985,1)
[1295]: (705.162738606126,1)
[1296]: (719.3361948549395,1)
[1297]: (703.1945515464224,1)
[1298]: (722.1180960399238,1)
[1299]: (723.3756802527536,1)
[1300]: (706.1377897898429,1)
[1301]: (706.107006410528,1)
[1302]: (696.5567711210965,1)
[1303]: (720.0327033326622,1)
[1304]: (720.5362731522451,1)
[1305]: (709.0459440504143,1)
[1306]: (714.6595148836942,1)
[1307]: (714.3817425251235,1)
[1308]: (721.6919278553868,1)
[1309]: (713.1386765884179,1)
[1310]: (703.6689313661814,1)
[1311]: (716.007075533718,1)
[1312]: (693.0244780550969,1)
[1313]: (724.1528403902278,1)
[1314]: (716.0834577838168,1)
[1315]: (713.712581562917,1)
[1316]: (717.8638363439696,1)
[1317]: (715.2334894210603,1)
[1318]: (716.0523772181792,1)
[1319]: (703.225306223172,1)
[1320]: (719.2340790303964,1)
[1321]: (705.2060939389606,1)
[1322]: (711.1238787580403,1)
[1323]: (715.0837207186595,1)
[1324]: (707.8174488092915,1)
[1325]: (707.0674926695832,1)
[1326]: (709.0125599735339,1)
[1327]: (705.1374779187486,1)
[1328]: (728.1154759580165,1)
[1329]: (707.1755481380264,1)
[1330]: (710.0636741524057,1)
[1331]: (716.3170165544506,1)
[1332]: (716.2801676431268,1)
[1333]: (709.1167645762396,1)
[1334]: (719.2319867948804,1)
[1335]: (725.3966243338591,1)
[1336]: (721.2042983384802,1)
[1337]: (719.0394073996332,1)
[1338]: (721.0033218663851,1)
[1339]: (709.0923443648699,1)
[1340]: (708.1652335776627,1)
[1341]: (717.2859399754767,1)
[1342]: (721.1007026020219,1)
[1343]: (719.0718009875106,1)
[1344]: (705.204494663059,1)
[1345]: (706.1822783721958,1)
[1346]: (713.0914873174354,1)
[1347]: (705.1328508739629,1)
[1348]: (701.1140523722062,1)
[1349]: (718.0541944992358,1)
[1350]: (706.1262437540694,1)
[1351]: (692.7392157331968,1)
[1352]: (702.10443118725,1)
[1353]: (693.659173600432,1)
[1354]: (708.6254576091801,1)
[1355]: (712.1980218201088,1)
[1356]: (706.5267258243188,1)
[1357]: (701.0491850081772,1)
[1358]: (708.2084672655967,1)
[1359]: (713.0389917709018,1)
[1360]: (707.1434493202569,1)
[1361]: (720.064514114791,1)
[1362]: (716.1337221754702,1)
[1363]: (706.1451083239643,1)
[1364]: (720.8248066095331,1)
[1365]: (706.7295400287467,1)
[1366]: (708.0689921379599,1)
[1367]: (719.8712166592245,1)
[1368]: (701.0383785580244,1)
[1369]: (710.3599224070044,1)
[1370]: (718.1623752181555,1)
[1371]: (702.2032345198425,1)
[1372]: (708.0486815864174,1)
[1373]: (729.2642539607036,1)
[1374]: (695.5516056371781,1)
[1375]: (702.1064953706558,1)
[1376]: (705.1711211515969,1)
[1377]: (719.0369551370374,1)
[1378]: (702.0313013238966,1)
[1379]: (717.7999947344533,1)
[1380]: (703.0298125229342,1)
[1381]: (706.3977886284272,1)
[1382]: (718.1261144486609,1)
[1383]: (723.3669332421478,1)
[1384]: (704.1839163626613,1)
[1385]: (701.9563791295752,1)
[1386]: (709.2214420424348,1)
[1387]: (701.0422094282316,1)
[1388]: (723.3347762550281,1)
[1389]: (711.0381369085521,1)
[1390]: (708.5378275018245,1)
[1391]: (721.0597300764168,1)
[1392]: (708.4369081785687,1)
[1393]: (711.1047285671042,1)
[1394]: (717.1387893120833,1)
[1395]: (711.0052556010008,1)
[1396]: (718.3200266957167,1)
[1397]: (706.7945594605494,1)
[1398]: (709.1195920320159,1)
[1399]: (709.2292046912625,1)
[1400]: (700.6292554219166,1)
[1401]: (707.2352205485251,1)
[1402]: (709.1621569284016,1)
[1403]: (702.798452506226,1)
[1404]: (715.0774156654763,1)
[1405]: (705.4342601929551,1)
[1406]: (693.095341675802,1)
[1407]: (713.1201301195271,1)
[1408]: (703.0864155939436,1)
[1409]: (731.0413699880687,1)
[1410]: (708.3952505528998,1)
[1411]: (708.5071801907568,1)
[1412]: (707.0360060714353,1)
[1413]: (711.6458800506472,1)
[1414]: (691.3207321535413,1)
[1415]: (714.0735214715618,1)
[1416]: (716.0885323262831,1)
[1417]: (699.1301472388969,1)
[1418]: (700.0766819304074,1)
[1419]: (705.5322661950501,1)
[1420]: (722.0568344728302,1)
[1421]: (725.1935996394499,1)
[1422]: (717.0136399964352,1)
[1423]: (707.0778514329339,1)
[1424]: (710.1997722709891,1)
[1425]: (736.2998028599809,1)
[1426]: (711.1806208264203,1)
[1427]: (699.0176594016446,1)
[1428]: (703.2576237131544,1)
[1429]: (727.321496513654,1)
[1430]: (710.0805342290848,1)
[1431]: (701.0946204357859,1)
[1432]: (711.2575373424856,1)
[1433]: (710.0354722524987,1)
[1434]: (705.161775203364,1)
[1435]: (723.0823381042619,1)
[1436]: (713.2102042867633,1)
[1437]: (723.1844511148167,1)
[1438]: (718.2384806174723,1)
[1439]: (726.0435578533427,1)
[1440]: (713.022062782901,1)
[1441]: (696.6679020127171,1)
[1442]: (707.1629972515575,1)
[1443]: (701.1975062912636,1)
[1444]: (703.0908841342197,1)
[1445]: (718.1835808665807,1)
[1446]: (714.0220836959703,1)
[1447]: (699.4936230520605,1)
[1448]: (705.1315678986113,1)
[1449]: (705.6197835726703,1)
[1450]: (704.0298683011155,1)
[1451]: (711.0116458512323,1)
[1452]: (697.0138208564756,1)
[1453]: (721.1138952214749,1)
[1454]: (713.8126234567144,1)
[1455]: (699.651320053655,1)
[1456]: (714.8559296191582,1)
[1457]: (707.3887914248269,1)
[1458]: (701.4969072844722,1)
[1459]: (705.2134704768525,1)
[1460]: (701.0386909759895,1)
[1461]: (710.5680222200752,1)
[1462]: (702.8631254761636,1)
[1463]: (708.235723741117,1)
[1464]: (706.3182806828784,1)
[1465]: (720.1243462928599,1)
[1466]: (708.5045014378434,1)
[1467]: (720.6010069115972,1)
[1468]: (703.1311388903259,1)
[1469]: (706.2176519277988,1)
[1470]: (718.64693031961,1)
[1471]: (710.177544078872,1)
[1472]: (699.0833871390677,1)
[1473]: (714.6658222260513,1)
[1474]: (716.8548689578236,1)
[1475]: (711.1347732893487,1)
[1476]: (706.1972775955077,1)
[1477]: (712.4541987990004,1)
[1478]: (719.1409743395253,1)
[1479]: (709.427737731515,1)
[1480]: (704.6779862442799,1)
[1481]: (710.0375947699049,1)
[1482]: (701.1023005480196,1)
[1483]: (706.0143663654229,1)
[1484]: (707.0800692046723,1)
[1485]: (703.3048340418356,1)
[1486]: (715.7043385782503,1)
[1487]: (715.1161470899698,1)
[1488]: (712.1560202183431,1)
[1489]: (706.072193161883,1)
[1490]: (706.4202062740607,1)
[1491]: (729.0081534605305,1)
[1492]: (704.3563688289785,1)
[1493]: (706.0816763623033,1)
[1494]: (704.0385984121266,1)
[1495]: (714.5560419875555,1)
[1496]: (718.405529770289,1)
[1497]: (704.4038270706286,1)
[1498]: (710.0167966914159,1)
[1499]: (703.1300540073871,1)
[1500]: (702.14935886571,1)
[1501]: (713.0063410739748,1)
[1502]: (711.0199547665874,1)
[1503]: (697.0365967859867,1)
[1504]: (709.1413847949883,1)
[1505]: (717.5549338464307,1)
[1506]: (708.6959819417316,1)
[1507]: (703.0425291627841,1)
[1508]: (724.1209056100108,1)
[1509]: (695.5897705951627,1)
[1510]: (707.0685402751729,1)
[1511]: (698.1324098882544,1)
[1512]: (708.1453776255379,1)
[1513]: (718.0416797512996,1)
[1514]: (700.237859683948,1)
[1515]: (693.3778094474518,1)
[1516]: (715.4312756730858,1)
[1517]: (706.1534219415199,1)
[1518]: (698.438359851324,1)
[1519]: (708.0032324863568,1)
[1520]: (695.177818558464,1)
[1521]: (698.2200595359919,1)
[1522]: (708.0895165661594,1)
[1523]: (701.0342791211524,1)
[1524]: (704.5199629656122,1)
[1525]: (698.0302001012437,1)
[1526]: (711.1861628659728,1)
[1527]: (717.2903197868615,1)
[1528]: (713.1945365253821,1)
[1529]: (714.4014008201249,1)
[1530]: (700.2450702202327,1)
[1531]: (711.7986966637455,1)
[1532]: (717.5771744636194,1)
[1533]: (710.4499879120443,1)
[1534]: (713.4915574663977,1)
[1535]: (711.1921559266045,1)
[1536]: (711.1747916058422,1)
[1537]: (709.2117929547677,1)
[1538]: (718.3537025688676,1)
[1539]: (698.1606307249233,1)
[1540]: (716.0496621764431,1)
[1541]: (696.1290348844402,1)
[1542]: (706.6025649785147,1)
[1543]: (710.0483645561009,1)
[1544]: (711.7159680781413,1)
[1545]: (703.2036824011207,1)
[1546]: (700.4100996305141,1)
[1547]: (717.0118302214964,1)
[1548]: (713.1321846063581,1)
[1549]: (721.0696027346725,1)
[1550]: (694.5044292278451,1)
[1551]: (707.8287533811774,1)
[1552]: (708.0499985629019,1)
[1553]: (717.0957136634858,1)
[1554]: (722.4752216146796,1)
[1555]: (718.5126280310529,1)
[1556]: (702.9217900171261,1)
[1557]: (713.0451090376085,1)
[1558]: (714.2912259811104,1)
[1559]: (716.3250216980144,1)
[1560]: (705.5881701236216,1)
[1561]: (699.3005036978795,1)
[1562]: (694.1463392287075,1)
[1563]: (705.0834183669132,1)
[1564]: (706.1393131241592,1)
[1565]: (721.6123904303051,1)
[1566]: (721.238845488664,1)
[1567]: (698.067609435251,1)
[1568]: (705.2934315219042,1)
[1569]: (703.024717528481,1)
[1570]: (718.2414832180942,1)
[1571]: (700.0336940845956,1)
[1572]: (718.1021106727106,1)
[1573]: (705.1501643213721,1)
[1574]: (714.0636404303445,1)
[1575]: (711.0689095813667,1)
[1576]: (710.667081010315,1)
[1577]: (702.4404296167615,1)
[1578]: (721.3883910782306,1)
[1579]: (708.2863291116217,1)
[1580]: (710.17400826451,1)
[1581]: (713.1281629142713,1)
[1582]: (716.1051370653291,1)
[1583]: (708.1261439943605,1)
[1584]: (706.1489735129013,1)
[1585]: (726.442305681961,1)
[1586]: (716.142051520536,1)
[1587]: (714.0987912128949,1)
[1588]: (718.0959749981099,1)
[1589]: (700.2673509310965,1)
[1590]: (708.0626200424194,1)
[1591]: (711.1527860709448,1)
[1592]: (702.0066450994877,1)
[1593]: (716.2680611980546,1)
[1594]: (714.5189306925927,1)
[1595]: (713.2768274263116,1)
[1596]: (707.0036017983236,1)
[1597]: (700.1510038355383,1)
[1598]: (712.3065548407905,1)
[1599]: (714.1059872550985,1)
[1600]: (722.245365885455,1)
[1601]: (715.0100877772139,1)
[1602]: (701.0413644467657,1)
[1603]: (705.0273407166064,1)
[1604]: (707.2838423796555,1)
[1605]: (705.391753046783,1)
[1606]: (708.1400506343964,1)
[1607]: (715.1761121514605,1)
[1608]: (711.4529607411577,1)
[1609]: (717.8830895777927,1)
[1610]: (725.2960052416296,1)
[1611]: (700.3793236928481,1)
[1612]: (708.0486793950822,1)
[1613]: (709.7233675979757,1)
[1614]: (718.0968797153879,1)
[1615]: (713.0413189270744,1)
[1616]: (711.1245858953367,1)
[1617]: (731.7633326122049,1)
[1618]: (722.2309301934225,1)
[1619]: (710.0265501211629,1)
[1620]: (707.6311333615434,1)
[1621]: (715.0476005616833,1)
[1622]: (703.2801643947788,1)
[1623]: (708.1005141008927,1)
[1624]: (710.0518607031632,1)
[1625]: (703.0720850206853,1)
[1626]: (711.1421328071154,1)
[1627]: (714.029000275967,1)
[1628]: (713.1844286527062,1)
[1629]: (713.3927359032775,1)
[1630]: (701.5017888270598,1)
[1631]: (700.2458264871605,1)
[1632]: (706.0308313523561,1)
[1633]: (705.0952007258693,1)
[1634]: (722.3509813040871,1)
[1635]: (706.2253035162429,1)
[1636]: (698.1875810499877,1)
[1637]: (709.5771935567216,1)
[1638]: (703.023230056158,1)
[1639]: (713.2519710132348,1)
[1640]: (715.0600415784949,1)
[1641]: (708.3344978927801,1)
[1642]: (701.2638436542361,1)
[1643]: (703.2572157709778,1)
[1644]: (722.3611290615692,1)
[1645]: (713.0210430314908,1)
[1646]: (718.2367456233413,1)
[1647]: (702.2140641044689,1)
[1648]: (706.4553397285207,1)
[1649]: (703.1077186291969,1)
[1650]: (703.0614667962906,1)
[1651]: (716.1557032192918,1)
[1652]: (717.0761960948108,1)
[1653]: (726.1316127899928,1)
[1654]: (713.0497054146344,1)
[1655]: (714.0582804491611,1)
[1656]: (706.1413798854895,1)
[1657]: (712.412313150754,1)
[1658]: (703.0178913661567,1)
[1659]: (715.1270936530839,1)
[1660]: (704.1042317267821,1)
[1661]: (715.3619674471707,1)
[1662]: (723.1372814284197,1)
[1663]: (708.4995410908025,1)
[1664]: (709.0924948866661,1)
[1665]: (701.0291015573521,1)
[1666]: (715.0320185993288,1)
[1667]: (698.4820377229079,1)
[1668]: (713.0450084521477,1)
[1669]: (697.125442870989,1)
[1670]: (720.4535875338552,1)
[1671]: (715.3420291111189,1)
[1672]: (709.8732987475992,1)
[1673]: (701.0091025733781,1)
[1674]: (702.0161211831243,1)
[1675]: (715.1758814280511,1)
[1676]: (701.0009846910739,1)
[1677]: (704.0192798693533,1)
[1678]: (712.3086988030873,1)
[1679]: (700.161663043736,1)
[1680]: (715.1546226936795,1)
[1681]: (703.1008199463912,1)
[1682]: (695.6338826314467,1)
[1683]: (721.0837564384033,1)
[1684]: (711.0224005555953,1)
[1685]: (710.7727369212209,1)
[1686]: (707.2155624425611,1)
[1687]: (717.5332962141658,1)
[1688]: (709.1760233935474,1)
[1689]: (722.1777407072211,1)
[1690]: (715.8558257904176,1)
[1691]: (705.3090307693857,1)
[1692]: (709.5032851640999,1)
[1693]: (706.1574967775721,1)
[1694]: (712.7147168156804,1)
[1695]: (720.033220651645,1)
[1696]: (719.3306484055687,1)
[1697]: (707.1231331066805,1)
[1698]: (713.0342338547447,1)
[1699]: (712.2022306382885,1)
[1700]: (706.4723792444091,1)
[1701]: (705.0036749792448,1)
[1702]: (708.7465987664173,1)
[1703]: (712.4207237367912,1)
[1704]: (718.0338891251308,1)
[1705]: (720.0451515012915,1)
[1706]: (707.2118093273194,1)
[1707]: (700.1642165211886,1)
[1708]: (706.0332471274505,1)
[1709]: (708.0383307121273,1)
[1710]: (716.2913002751161,1)
[1711]: (707.2867170830451,1)
[1712]: (708.195253387967,1)
[1713]: (700.1342536286176,1)
[1714]: (701.1621196324118,1)
[1715]: (708.2887087319561,1)
[1716]: (713.3031903492414,1)
[1717]: (720.2806795145608,1)
[1718]: (714.2094944159339,1)
[1719]: (724.6288424470779,1)
[1720]: (716.0325051704314,1)
[1721]: (716.4099622982492,1)
[1722]: (710.1084545341264,1)
[1723]: (711.3969667915322,1)
[1724]: (709.1721741124016,1)
[1725]: (719.5917522691242,1)
[1726]: (713.0334733798459,1)
[1727]: (716.1154777389854,1)
[1728]: (706.6337854916424,1)
[1729]: (712.0826187981813,1)
[1730]: (702.3508572639524,1)
[1731]: (716.2603110641163,1)
[1732]: (696.7950266982211,1)
[1733]: (714.4309264883832,1)
[1734]: (711.2499427980953,1)
[1735]: (719.0197776967742,1)
[1736]: (718.1409767442631,1)
[1737]: (712.0515222702576,1)
[1738]: (704.0595241577572,1)
[1739]: (710.0743053320982,1)
[1740]: (706.2073268016261,1)
[1741]: (702.1301739454673,1)
[1742]: (720.4119129600724,1)
[1743]: (704.026004043688,1)
[1744]: (708.1514209107215,1)
[1745]: (699.0695855855901,1)
[1746]: (705.064018847215,1)
[1747]: (709.3109056135864,1)
[1748]: (705.1257680074565,1)
[1749]: (708.0520244720366,1)
[1750]: (705.4962188294189,1)
[1751]: (711.3135786501643,1)
[1752]: (706.5652586961237,1)
[1753]: (708.0581716771667,1)
[1754]: (701.5028228883569,1)
[1755]: (730.5219720634385,1)
[1756]: (716.1296137239772,1)
[1757]: (707.8072072428155,1)
[1758]: (723.1285473358843,1)
[1759]: (707.1037256154232,1)
[1760]: (703.1028093228408,1)
[1761]: (711.2066978661135,1)
[1762]: (697.1453497560307,1)
[1763]: (726.2751062123394,1)
[1764]: (703.9730155534729,1)
[1765]: (710.1307346858016,1)
[1766]: (694.243596411951,1)
[1767]: (709.0543468719233,1)
[1768]: (705.2799525192436,1)
[1769]: (704.195510585439,1)
[1770]: (715.0775134644443,1)
[1771]: (706.2921819911812,1)
[1772]: (716.2330457696681,1)
[1773]: (704.038251405855,1)
[1774]: (710.0627674876422,1)
[1775]: (714.4615151788064,1)
[1776]: (726.1287389693468,1)
[1777]: (714.1776413493709,1)
[1778]: (695.3836646754753,1)
[1779]: (711.0586326527635,1)
[1780]: (733.3662010691613,1)
[1781]: (711.0198565098236,1)
[1782]: (705.2762592781419,1)
[1783]: (704.1164163300703,1)
[1784]: (714.9132173775712,1)
[1785]: (699.2561127958004,1)
[1786]: (714.6062794658322,1)
[1787]: (703.5018163527255,1)
[1788]: (697.4564893178964,1)
[1789]: (703.2618717912665,1)
[1790]: (729.3441672791982,1)
[1791]: (713.0007738504391,1)
[1792]: (714.2319307345391,1)
[1793]: (707.0069460749335,1)
[1794]: (717.2350987949335,1)
[1795]: (715.2306039758353,1)
[1796]: (693.7115976041644,1)
[1797]: (710.2473637921237,1)
[1798]: (719.3486913402994,1)
[1799]: (713.0520233113086,1)
[1800]: (713.126172784314,1)
[1801]: (724.626770937746,1)
[1802]: (705.0361496464736,1)
[1803]: (709.3142781170341,1)
[1804]: (705.1811796388259,1)
[1805]: (702.4553879243808,1)
[1806]: (709.1863855393991,1)
[1807]: (714.1497093656822,1)
[1808]: (694.3477191674795,1)
[1809]: (710.1982553846802,1)
[1810]: (707.6525611593697,1)
[1811]: (717.3676063038173,1)
[1812]: (711.3852602676973,1)
[1813]: (712.3577895726199,1)
[1814]: (729.3308618748656,1)
[1815]: (715.191453183048,1)
[1816]: (708.0826864794352,1)
[1817]: (698.5883780911148,1)
[1818]: (698.051827993097,1)
[1819]: (717.1987586020485,1)
[1820]: (720.4743505900576,1)
[1821]: (708.5433642920198,1)
[1822]: (716.7853574273515,1)
[1823]: (713.0290648008561,1)
[1824]: (723.8206418287572,1)
[1825]: (711.2300846759699,1)
[1826]: (703.2011865061215,1)
[1827]: (701.5458628765364,1)
[1828]: (712.1776685882493,1)
[1829]: (712.0763543309719,1)
[1830]: (716.0430586572664,1)
[1831]: (721.4407645553416,1)
[1832]: (704.3240980930823,1)
[1833]: (718.0519940470926,1)
[1834]: (710.0136788975582,1)
[1835]: (703.1801066543026,1)
[1836]: (711.2701004396461,1)
[1837]: (711.1267204481566,1)
[1838]: (710.1108149309855,1)
[1839]: (712.129030545128,1)
[1840]: (710.3797081952084,1)
[1841]: (716.0068267453297,1)
[1842]: (715.077217912292,1)
[1843]: (719.0582855704931,1)
[1844]: (707.1245273073263,1)
[1845]: (701.2781643259831,1)
[1846]: (712.1177444244112,1)
[1847]: (718.5608482643016,1)
[1848]: (706.0535347077385,1)
[1849]: (703.3481540832704,1)
[1850]: (708.3213303079543,1)
[1851]: (701.0749259455763,1)
[1852]: (705.1902959563737,1)
[1853]: (708.0316544952666,1)
[1854]: (722.0267895363332,1)
[1855]: (720.1791603201898,1)
[1856]: (698.0425672231457,1)
[1857]: (708.038309559961,1)
[1858]: (698.7030113312542,1)
[1859]: (703.6809808086928,1)
[1860]: (716.1118611882489,1)
[1861]: (720.8131379729718,1)
[1862]: (710.5098484350787,1)
[1863]: (718.055915467343,1)
[1864]: (716.1556299269374,1)
[1865]: (713.0462956763186,1)
[1866]: (719.2934003779528,1)
[1867]: (717.6598219203755,1)
[1868]: (705.0793501648476,1)
[1869]: (720.330337011509,1)
[1870]: (719.0537226387291,1)
[1871]: (717.4137906814437,1)
[1872]: (720.5887381541837,1)
[1873]: (726.0491483608222,1)
[1874]: (715.2726363516956,1)
[1875]: (709.0183354183483,1)
[1876]: (696.4292568498493,1)
[1877]: (723.6268184304002,1)
[1878]: (700.0727922941644,1)
[1879]: (699.4109098375496,1)
[1880]: (721.1875981313259,1)
[1881]: (714.0062993526792,1)
[1882]: (710.0274947964034,1)
[1883]: (705.0766027421454,1)
[1884]: (709.3328627236992,1)
[1885]: (716.0338768310609,1)
[1886]: (703.0671005171943,1)
[1887]: (713.0759851967947,1)
[1888]: (718.1071767942396,1)
[1889]: (696.4021102696167,1)
[1890]: (712.0725301137089,1)
[1891]: (701.137144327244,1)
[1892]: (703.337012100308,1)
[1893]: (721.414523431481,1)
[1894]: (716.4868213021547,1)
[1895]: (700.0516541753625,1)
[1896]: (699.0313674895731,1)
[1897]: (702.0937328833656,1)
[1898]: (710.0722089875122,1)
[1899]: (687.0623184993389,1)
[1900]: (715.2604302215576,1)
[1901]: (709.24550616419,1)
[1902]: (705.2976716914068,1)
[1903]: (716.1570800837367,1)
[1904]: (697.0583396688792,1)
[1905]: (708.1168627564305,1)
[1906]: (713.0898953816572,1)
[1907]: (709.0732048442553,1)
[1908]: (709.2176638828611,1)
[1909]: (701.3468341211683,1)
[1910]: (715.1442514901609,1)
[1911]: (706.0770668838841,1)
[1912]: (710.4826782305034,1)
[1913]: (716.0088418908991,1)
[1914]: (703.5166723248053,1)
[1915]: (724.305410432452,1)
[1916]: (718.0068578408119,1)
[1917]: (709.1563492113665,1)
[1918]: (710.5111087955813,1)
[1919]: (707.1519955684801,1)
[1920]: (714.1230884952743,1)
[1921]: (702.0385618266311,1)
[1922]: (722.2753976696856,1)
[1923]: (700.2888308076829,1)
[1924]: (710.7630914667689,1)
[1925]: (698.5829927079334,1)
[1926]: (717.1954929591043,1)
[1927]: (708.0227732132688,1)
[1928]: (712.171367205509,1)
[1929]: (715.1159895487014,1)
[1930]: (701.1172852171366,1)
[1931]: (702.3405483746268,1)
[1932]: (722.7599242721775,1)
[1933]: (710.0370035796411,1)
[1934]: (699.0068737214413,1)
[1935]: (705.2458907840781,1)
[1936]: (698.2897664785079,1)
[1937]: (703.1390742210547,1)
[1938]: (698.5714527059287,1)
[1939]: (709.0490869578837,1)
[1940]: (707.1236708691589,1)
[1941]: (706.4699470508755,1)
[1942]: (718.4942866252853,1)
[1943]: (699.2786258904049,1)
[1944]: (703.4869832601436,1)
[1945]: (710.3091914039594,1)
[1946]: (712.4039419718666,1)
[1947]: (719.7600375072001,1)
[1948]: (706.0675353915229,1)
[1949]: (709.2090850678643,1)
[1950]: (713.2175124847707,1)
[1951]: (722.0662041730271,1)
[1952]: (700.7003061665409,1)
[1953]: (708.1392676645753,1)
[1954]: (713.0496325555691,1)
[1955]: (702.0672709787208,1)
[1956]: (707.2689837118966,1)
[1957]: (711.378595182015,1)
[1958]: (706.1399602840985,1)
[1959]: (710.2309218448993,1)
[1960]: (705.3335723918793,1)
[1961]: (719.1810968595169,1)
[1962]: (703.0109750952219,1)
[1963]: (693.2480424145616,1)
[1964]: (699.113587830324,1)
[1965]: (696.2797634992735,1)
[1966]: (706.1567023701951,1)
[1967]: (706.0715489545793,1)
[1968]: (702.6481764556305,1)
[1969]: (708.1492970947606,1)
[1970]: (711.5354685342591,1)
[1971]: (699.4534078577932,1)
[1972]: (707.1950495937567,1)
[1973]: (707.0585465507315,1)
[1974]: (721.1345705780044,1)
[1975]: (723.3805236759739,1)
[1976]: (708.8924004248528,1)
[1977]: (712.158609965524,1)
[1978]: (720.1473964234643,1)
[1979]: (691.2975250597711,1)
[1980]: (704.0751088128565,1)
[1981]: (705.0918568048638,1)
[1982]: (706.0069176465884,1)
[1983]: (705.7934156418361,1)
[1984]: (704.0104338435223,1)
[1985]: (708.3761421078949,1)
[1986]: (722.0560587172175,1)
[1987]: (694.2527540701117,1)
[1988]: (713.1243366180136,1)
[1989]: (708.0406432865473,1)
[1990]: (718.4056001325541,1)
[1991]: (694.1657918166428,1)
[1992]: (705.3413917889389,1)
[1993]: (714.7882423698502,1)
[1994]: (708.2885094824371,1)
[1995]: (703.109733457606,1)
[1996]: (714.1197535111744,1)
[1997]: (717.0258769130145,1)
[1998]: (709.1835793427465,1)
[1999]: (733.0208150227842,1)
 -- States explored : 0 states
 -- CPU user time used : 1904440 ms
 -- Virtual memory used : 77462696 KiB
 -- Resident memory used : 77423408 KiB
executionTime: 11381
